<?xml version="1.0" encoding="utf-8"?>
<TestRun id="315e32c7-c9ab-44a3-8d4e-6484edbb8ef9" name="@omega 2025-11-01 12:57:44" xmlns="http://microsoft.com/schemas/VisualStudio/TeamTest/2010">
  <Times creation="2025-11-01T12:57:44.4381139-04:00" queuing="2025-11-01T12:57:44.4381139-04:00" start="2025-11-01T12:57:10.8581118-04:00" finish="2025-11-01T12:57:44.4384942-04:00" />
  <TestSettings name="default" id="e15b5bce-e9eb-4d95-8bcf-a6a1fa7354bc">
    <Deployment runDeploymentRoot="_omega_2025-11-01_12_57_44" />
  </TestSettings>
  <TestLists>
    <TestList name="Results Not in a List" id="8c84fa94-04c1-424b-9868-57a2d4851a1d" />
    <TestList name="All Loaded Results" id="19431567-8539-422a-85d7-44ee4e166bda" />
  </TestLists>
  <ResultSummary outcome="Failed">
    <Counters total="0" executed="0" passed="0" failed="0" error="0" timeout="0" aborted="0" inconclusive="0" passedButRunAborted="0" notRunnable="0" notExecuted="0" disconnected="0" warning="0" completed="0" inProgress="0" pending="0" />
    <Output>
      <StdOut>Running on GdUnit4 test engine version: 5.0.0.0
Discover tests from assembly: /home/adam/Dev/omega-spiral/chapter-zero/.godot/mono/temp/bin/Debug/chapter-zero.dll
Discover:  TestSuite OmegaSpiral.Tests.UI.MenuTests with 1 TestCases found.
Discover tests done, 1 TestSuites and total 1 Tests found.
Running on GdUnit4 test engine version: 5.0.0.0
Set test session timeout to: 00:30:00
Detected IDE Unknown
Starting tests for assembly: /home/adam/Dev/omega-spiral/chapter-zero/.godot/mono/temp/bin/Debug/chapter-zero.dll
Search '.csproj' at /home/adam/Dev/omega-spiral/chapter-zero/.godot/mono/temp/bin/Debug/chapter-zero.dll
Set current working directory to: /home/adam/Dev/omega-spiral/chapter-zero
Starting GodotGdUnit4RestClient.
Working dir /home/adam/Dev/omega-spiral/chapter-zero
Rebuild Godot Project ... /home/adam/Godot_v4.6-dev2_mono_linux_x86_64/Godot_v4.6-dev2_mono_linux.x86_64 --path . -e --headless --quit-after 1000 --verbose
.. WorkerThreadPool: 6 threads, 4 max low-priority.
.. Godot Engine v4.6.dev2.mono.official.7864ac801 - https://godotengine.org
.. TextServer: Added interface "Dummy"
.. TextServer: Added interface "ICU / HarfBuzz / Graphite (Built-in)"
.. Unrecognized output string "misc2" in mapping:
.. 030000000d0f0000ab01000011010000,Horipad Steam,a:b0,b:b1,back:b10,dpdown:h0.4,dpleft:h0.8,dpright:h0.2,dpup:h0.1,guide:b12,leftshoulder:b6,leftstick:b13,lefttrigger:a5,leftx:a0,lefty:a1,misc2:b2,paddle1:b19,paddle2:b18,paddle3:b15,paddle4:b5,rightshoulder:b7,rightstick:b14,righttrigger:a4,rightx:a2,righty:a3,start:b11,x:b3,y:b4,platform:Linux,
.. Unrecognized output string "misc2" in mapping:
.. 050000000d0f00009601000091000000,Horipad Steam,a:b0,b:b1,back:b10,dpdown:h0.4,dpleft:h0.8,dpright:h0.2,dpup:h0.1,guide:b12,leftshoulder:b6,leftstick:b13,lefttrigger:a5,leftx:a0,lefty:a1,misc2:b2,paddle1:b19,paddle2:b18,paddle3:b15,paddle4:b5,rightshoulder:b7,rightstick:b14,righttrigger:a4,rightx:a2,righty:a3,start:b11,x:b3,y:b4,platform:Linux,
.. Unrecognized output string "misc2" in mapping:
.. 030000007e0500006920000011010000,Nintendo Switch 2 Pro Controller,a:b0,b:b1,back:b14,dpdown:b8,dpleft:b10,dpright:b9,dpup:b11,guide:b16,leftshoulder:b12,leftstick:b15,lefttrigger:b13,leftx:a0,lefty:a1~,misc1:b17,misc2:b20,paddle1:b18,paddle2:b19,rightshoulder:b4,rightstick:b7,righttrigger:b5,rightx:a2,righty:a3~,start:b6,x:b2,y:b3,platform:Linux,
.. SDL: Init OK!
.. Using "default" pen tablet driver...
.. Loading resource: res://addons/maaacks_game_template/base/translations/menus_translations.en.translation
.. Loading resource: res://addons/maaacks_game_template/base/translations/menus_translations.fr.translation
.. TextServer: Primary interface set to: "ICU / HarfBuzz / Graphite (Built-in)".
.. .NET: Initializing module...
.. Found hostfxr: /usr/lib/dotnet/host/fxr/10.0.0-rc.2.25502.107/libhostfxr.so
.. .NET: hostfxr initialized
.. .NET: GodotPlugins initialized
.. Loading resource: res://theme.tres
.. Loading resource: res://default_bus_layout.tres
.. CORE API HASH: 3234800178
.. EDITOR API HASH: 4055853480
.. SceneTreeFTI: traversal method DEFAULT
.. Loading resource: res://addons/dialogic/Resources/TimelineResourceLoader.gd
.. Loading resource: res://addons/dialogic/Resources/CharacterResourceLoader.gd
.. Loading resource: res://addons/dialogic/Resources/TimelineResourceSaver.gd
.. Loading resource: res://addons/dialogic/Resources/CharacterResourceSaver.gd
.. Loading resource: /home/adam/.config/godot/editor_settings-4.6.tres
.. EditorSettings: Load OK!
.. EditorTheme: Generating new theme for the config '66886095'.
.. EditorTheme: Generating new icons.
.. EditorTheme: Generating new fonts.
.. EditorTheme: Generating new styles.
.. Found .NET Sdk version '10.0.100': /usr/lib/dotnet/sdk/10.0.100-rc.2.25502.107/
.. Loading resource: /home/adam/.cache/godot/editor_doc_cache-4.6.res
.. Loaded system CA certificates
.. Failed to bind socket. Error: 3.
.. Loading resource: res://addons/maaacks_game_template/base/translations/menus_translations.en.translation
.. Loading resource: res://addons/maaacks_game_template/base/translations/menus_translations.fr.translation
.. Loading resource: res://addons/godot_xterm/themes/fonts/regular.tres
:: WARNING: res://addons/godot_xterm/themes/fonts/regular.tres:3 - ext_resource, invalid UID: uid://c51gnbjamppg - using text path instead: res://addons/godot_xterm/themes/fonts/jet_brains_mono/jet_brains_mono_nl-regular-2.304.ttf
:: at: load (scene/resources/resource_format_text.cpp:466)
.. Loading resource: res://addons/godot_xterm/themes/fonts/jet_brains_mono/jet_brains_mono_nl-regular-2.304.ttf
.. Loading resource: res://.godot/imported/jet_brains_mono_nl-regular-2.304.ttf-96fa438503371775be3cc744a4450fc2.fontdata
.. Loading resource: res://addons/godot_xterm/icons/terminal_icon.svg
.. Loading resource: res://.godot/imported/terminal_icon.svg-2a4b198a0e3aa43f04b43cec3e3f109d.ctex
.. Loading resource: res://addons/godot_xterm/shaders/background.gdshader
.. Loading resource: res://addons/godot_xterm/shaders/common.gdshaderinc
.. Loading resource: res://addons/godot_xterm/shaders/foreground.gdshader
.. [   0% ] \u001b[90m\u001b[1mfirst_scan_filesystem\u001b[22m | Started Project initialization (5 steps)\u001b[39m\u001b[0m
.. [   0% ] \u001b[90m\u001b[1mfirst_scan_filesystem\u001b[22m | Scanning file structure...\u001b[39m\u001b[0m
.. [  16% ] \u001b[90m\u001b[1mfirst_scan_filesystem\u001b[22m | Loading global class names...\u001b[39m\u001b[0m
.. [  33% ] \u001b[90m\u001b[1mfirst_scan_filesystem\u001b[22m | Verifying GDExtensions...\u001b[39m\u001b[0m
.. [  50% ] \u001b[90m\u001b[1mfirst_scan_filesystem\u001b[22m | Creating autoload scripts...\u001b[39m\u001b[0m
.. Loading resource: res://source/autoloads/level_and_state_manager.gd
:: SCRIPT ERROR: Parse Error: Class "OmegaGameManager" hides an autoload singleton.
:: at: GDScript::reload (res://source/autoloads/level_and_state_manager.gd:1)
.. Loading resource: res://addons/maaacks_game_template/base/nodes/autoloads/app_config/app_config.tscn
.. Loading resource: res://addons/maaacks_game_template/base/nodes/autoloads/app_config/app_config.gd
:: ERROR: Failed to load script "res://source/autoloads/level_and_state_manager.gd" with error "Parse error".
:: at: load (modules/gdscript/gdscript.cpp:3037)
:: ERROR: Failed to create an autoload, script 'res://source/autoloads/level_and_state_manager.gd' is not compiling.
:: at: _create_autoload (editor/settings/editor_autoload_settings.cpp:409)
.. Loading resource: res://addons/maaacks_game_template/base/nodes/autoloads/scene_loader/scene_loader.tscn
.. Loading resource: res://addons/maaacks_game_template/base/nodes/autoloads/scene_loader/scene_loader.gd
.. Loading resource: res://addons/maaacks_game_template/base/nodes/autoloads/music_controller/project_music_controller.tscn
.. Loading resource: res://addons/maaacks_game_template/base/nodes/autoloads/music_controller/music_controller.gd
.. Loading resource: res://addons/maaacks_game_template/base/nodes/autoloads/ui_sound_controller/project_ui_sound_controller.tscn
.. Loading resource: res://addons/maaacks_game_template/base/nodes/autoloads/ui_sound_controller/ui_sound_controller.gd
.. [  66% ] \u001b[90m\u001b[1mfirst_scan_filesystem\u001b[22m | Initializing plugins...\u001b[39m\u001b[0m
.. Loading resource: res://addons/dialogic/plugin.gd
.. Loading resource: res://addons/dialogic/Editor/editor_main.tscn
.. Loading resource: res://addons/dialogic/Editor/editor_main.gd
.. Loading resource: res://addons/dialogic/Editor/editors_manager.gd
:: WARNING: res://addons/dialogic/Editor/editor_main.tscn:5 - ext_resource, invalid UID: uid://dybg3l5pwetne - using text path instead: res://addons/dialogic/Editor/Images/plugin-icon.svg
:: at: load (scene/resources/resource_format_text.cpp:466)
.. Loading resource: res://addons/dialogic/Editor/Images/plugin-icon.svg
.. Loading resource: res://.godot/imported/plugin-icon.svg-aa6701e8ed73f5fe5d177dfddce3a0e3.ctex
.. Loading resource: res://addons/dialogic/Editor/Common/side_bar.tscn
:: WARNING: res://addons/dialogic/Editor/Common/side_bar.tscn:4 - ext_resource, invalid UID: uid://bff65e82555qr - using text path instead: res://addons/dialogic/Editor/Images/Pieces/close-icon.svg
:: at: load (scene/resources/resource_format_text.cpp:466)
.. Loading resource: res://addons/dialogic/Editor/Images/Pieces/close-icon.svg
.. Loading resource: res://.godot/imported/close-icon.svg-c630c93ada599b08938f4854f5376f2f.ctex
:: WARNING: res://addons/dialogic/Editor/Common/side_bar.tscn:5 - ext_resource, invalid UID: uid://dx3o2ild56i76 - using text path instead: res://addons/dialogic/Editor/Images/Pieces/closed-icon.svg
.. Loading resource: res://addons/dialogic/Editor/Images/Pieces/closed-icon.svg
.. Loading resource: res://.godot/imported/closed-icon.svg-b4f16653b91d6792313a130565319b2f.ctex
.. Loading resource: res://addons/dialogic/Editor/Common/toolbar.gd
:: at: load (scene/resources/resource_format_text.cpp:466)
:: WARNING: res://addons/dialogic/Editor/editor_main.tscn:8 - ext_resource, invalid UID: uid://bbea0efx0ybu7 - using text path instead: res://addons/dialogic/Editor/Images/Resources/character.svg
.. Loading resource: res://addons/dialogic/Editor/Images/Resources/character.svg
.. Loading resource: res://.godot/imported/character.svg-48bc1c93fa13733a935ca2c669d933a7.ctex
:: at: load (scene/resources/resource_format_text.cpp:466)
:: WARNING: res://addons/dialogic/Editor/editor_main.tscn:9 - ext_resource, invalid UID: uid://b5xwnxdb7064n - using text path instead: res://addons/dialogic/Modules/Glossary/icon.svg
:: at: load (scene/resources/resource_format_text.cpp:466)
:: WARNING: res://addons/dialogic/Editor/editor_main.tscn:10 - ext_resource, invalid UID: uid://1mccycya6eua - using text path instead: res://addons/dialogic/Modules/StyleEditor/styles_icon.svg
:: at: load (scene/resources/resource_format_text.cpp:466)
:: WARNING: res://addons/dialogic/Editor/editor_main.tscn:11 - ext_resource, invalid UID: uid://ckilxvwc34s84 - using text path instead: res://addons/dialogic/Modules/Variable/variable.svg
:: at: load (scene/resources/resource_format_text.cpp:466)
.. Loading resource: res://addons/dialogic/Modules/Glossary/icon.svg
.. Loading resource: res://.godot/imported/icon.svg-4fc0c12c53379638e37d654e7bbaea1a.ctex
.. Loading resource: res://addons/dialogic/Modules/StyleEditor/styles_icon.svg
.. Loading resource: res://.godot/imported/styles_icon.svg-c55f9f7d15c3512c8b20dbf30eed7047.ctex
.. Loading resource: res://addons/dialogic/Modules/Variable/variable.svg
.. Loading resource: res://.godot/imported/variable.svg-52aeb47fe1705a3f04d919f8dcd5d319.ctex
.. Loading resource: res://addons/dialogic/Editor/Common/reference_manager.tscn
.. Loading resource: res://addons/dialogic/Editor/Common/reference_manager.gd
.. Loading resource: res://addons/dialogic/Editor/Common/broken_reference_manager.gd
.. Loading resource: res://addons/dialogic/Editor/Common/ReferenceManager_AddReplacementPanel.gd
.. Loading resource: res://addons/dialogic/Editor/Events/Fields/field_options_dynamic.tscn
.. Loading resource: res://addons/dialogic/Editor/Events/Fields/field_options_dynamic.gd
.. Loading resource: res://addons/dialogic/Editor/Common/unique_identifiers_manager.gd
.. Loading resource: res://addons/dialogic/Editor/Common/reference_manager_window.gd
.. Loading resource: res://addons/dialogic/Editor/TimelineEditor/TextEditor/CodeCompletionHelper.gd
.. Loading resource: res://addons/dialogic/Editor/Common/update_manager.gd
.. Loading resource: res://addons/dialogic/Editor/Common/update_install_window.tscn
.. Loading resource: res://addons/dialogic/Editor/Common/update_install_window.gd
:: WARNING: res://addons/dialogic/Editor/Common/update_install_window.tscn:4 - ext_resource, invalid UID: uid://dybg3l5pwetne - using text path instead: res://addons/dialogic/Editor/Images/plugin-icon.svg
:: at: load (scene/resources/resource_format_text.cpp:466)
.. Loading resource: res://addons/dialogic/Editor/TimelineEditor/TextEditor/syntax_highlighter.gd
.. Loading resource: res://addons/dialogic/Editor/Images/dialogic-logo.svg
.. Loading resource: res://.godot/imported/dialogic-logo.svg-e43201cabc9573eeb3f78fd91ea9d909.ctex
.. Loading resource: res://addons/dialogic/Editor/HomePage/home_page.tscn
.. Loading resource: res://addons/dialogic/Editor/HomePage/home_page.gd
.. Loading resource: res://addons/dialogic/Editor/HomePage/icon_bg.png
.. Loading resource: res://.godot/imported/icon_bg.png-5937ce0a857c4a8a9d624ea9ebf09a97.ctex
:: WARNING: res://addons/dialogic/Editor/HomePage/home_page.tscn:4 - ext_resource, invalid UID: uid://cvmlp5nxb2rer - using text path instead: res://addons/dialogic/Editor/HomePage/icon_bg.png
:: at: load (scene/resources/resource_format_text.cpp:466)
:: GDScript backtrace (most recent call first):
:: [0] _add_editor (res://addons/dialogic/Editor/editors_manager.gd:73)
:: [1] _ready (res://addons/dialogic/Editor/editors_manager.gd:40)
:: [2] _enter_tree (res://addons/dialogic/plugin.gd:36)
:: WARNING: res://addons/dialogic/Editor/HomePage/home_page.tscn:5 - ext_resource, invalid UID: uid://bt87p6qlso0ya - using text path instead: res://addons/dialogic/Editor/Images/dialogic-logo.svg
:: at: load (scene/resources/resource_format_text.cpp:466)
:: GDScript backtrace (most recent call first):
:: [0] _add_editor (res://addons/dialogic/Editor/editors_manager.gd:73)
:: [1] _ready (res://addons/dialogic/Editor/editors_manager.gd:40)
:: [2] _enter_tree (res://addons/dialogic/plugin.gd:36)
.. Loading resource: res://addons/dialogic/Editor/TimelineEditor/timeline_editor.tscn
.. Loading resource: res://addons/dialogic/Editor/TimelineEditor/timeline_editor.gd
.. Loading resource: res://addons/dialogic/Editor/TimelineEditor/VisualEditor/timeline_editor_visual.tscn
.. Loading resource: res://addons/dialogic/Editor/TimelineEditor/VisualEditor/timeline_editor_visual.gd
.. Loading resource: res://addons/dialogic/Editor/Theme/MainTheme.tres
.. Loading resource: res://addons/dialogic/Editor/TimelineEditor/VisualEditor/TimelineArea.gd
.. Loading resource: res://addons/dialogic/Editor/Events/EventBlock/event_right_click_menu.gd
.. Loading resource: res://addons/dialogic/Editor/Common/hint_tooltip_icon.tscn
.. Loading resource: res://addons/dialogic/Editor/Common/hint_tooltip_icon.gd
.. Loading resource: res://addons/dialogic/Editor/TimelineEditor/TextEditor/timeline_editor_text.tscn
.. Loading resource: res://addons/dialogic/Editor/TimelineEditor/TextEditor/timeline_editor_text.gd
.. Loading resource: res://addons/dialogic/Editor/Events/EventBlock/event_block.tscn
.. Loading resource: res://addons/dialogic/Editor/Events/EventBlock/event_block.gd
.. Loading resource: res://addons/dialogic/Editor/Events/styles/unselected_stylebox.tres
:: WARNING: res://addons/dialogic/Editor/Events/EventBlock/event_block.tscn:5 - ext_resource, invalid UID: uid://dybg3l5pwetne - using text path instead: res://addons/dialogic/Editor/Images/plugin-icon.svg
:: at: load (scene/resources/resource_format_text.cpp:466)
:: GDScript backtrace (most recent call first):
:: [0] _ready (res://addons/dialogic/Editor/TimelineEditor/VisualEditor/timeline_editor_visual.gd:160)
:: [1] _add_editor (res://addons/dialogic/Editor/editors_manager.gd:74)
:: [2] _ready (res://addons/dialogic/Editor/editors_manager.gd:41)
:: [3] _enter_tree (res://addons/dialogic/plugin.gd:36)
.. Loading resource: res://addons/dialogic/Editor/CharacterEditor/character_editor.tscn
.. Loading resource: res://addons/dialogic/Editor/CharacterEditor/character_editor.gd
.. Loading resource: res://addons/dialogic/Editor/Common/hint_tooltip_icon.tscn
.. Loading resource: res://addons/dialogic/Editor/CharacterEditor/character_editor_portrait_tree.gd
:: WARNING: res://addons/dialogic/Editor/CharacterEditor/character_editor.tscn:6 - ext_resource, invalid UID: uid://babwe22dqjta - using text path instead: res://addons/dialogic/Editor/Images/Pieces/add-folder.svg
:: at: load (scene/resources/resource_format_text.cpp:466)
:: GDScript backtrace (most recent call first):
:: [0] _add_editor (res://addons/dialogic/Editor/editors_manager.gd:73)
:: [1] _ready (res://addons/dialogic/Editor/editors_manager.gd:42)
:: [2] _enter_tree (res://addons/dialogic/plugin.gd:36)
.. Loading resource: res://addons/dialogic/Editor/Images/Pieces/add-folder.svg
.. Loading resource: res://.godot/imported/add-folder.svg-41a970370f904038e63c13bddbdb6450.ctex
.. Loading resource: res://addons/dialogic/Modules/Signal/index.gd
.. Loading resource: res://addons/dialogic/Modules/Voice/index.gd
.. Loading resource: res://addons/dialogic/Modules/StyleEditor/index.gd
.. Loading resource: res://addons/dialogic/Modules/Text/index.gd
.. Loading resource: res://addons/dialogic/Modules/Jump/index.gd
.. Loading resource: res://addons/dialogic/Modules/Condition/index.gd
.. Loading resource: res://addons/dialogic/Modules/Choice/index.gd
.. Loading resource: res://addons/dialogic/Modules/History/index.gd
.. Loading resource: res://addons/dialogic/Modules/Audio/index.gd
.. Loading resource: res://addons/dialogic/Modules/LayeredPortrait/index.gd
.. Loading resource: res://addons/dialogic/Modules/Character/index.gd
.. Loading resource: res://addons/dialogic/Modules/Variable/index.gd
.. Loading resource: res://addons/dialogic/Modules/Save/index.gd
.. Loading resource: res://addons/dialogic/Modules/Glossary/index.gd
.. Loading resource: res://addons/dialogic/Modules/Comment/index.gd
.. Loading resource: res://addons/dialogic/Modules/HighlightPortrait/index.gd
.. Loading resource: res://addons/dialogic/Modules/Call/index.gd
.. Loading resource: res://addons/dialogic/Modules/Clear/index.gd
.. Loading resource: res://addons/dialogic/Modules/Core/index.gd
.. Loading resource: res://addons/dialogic/Modules/Background/index.gd
.. Loading resource: res://addons/dialogic/Modules/DefaultLayoutParts/index.gd
.. Loading resource: res://addons/dialogic/Modules/Settings/index.gd
.. Loading resource: res://addons/dialogic/Modules/TextInput/index.gd
.. Loading resource: res://addons/dialogic/Modules/WaitInput/index.gd
.. Loading resource: res://addons/dialogic/Modules/Wait/index.gd
.. Loading resource: res://addons/dialogic/Modules/Style/index.gd
.. Loading resource: res://addons/dialogic/Modules/End/index.gd
.. Loading resource: res://addons/dialogic/Modules/StyleEditor/style_editor.tscn
.. Loading resource: res://addons/dialogic/Modules/StyleEditor/style_editor.gd
.. Loading resource: res://addons/dialogic/Editor/Common/hint_tooltip_icon.tscn
.. Loading resource: res://addons/dialogic/Modules/StyleEditor/style_layer_editor.gd
.. Loading resource: res://addons/dialogic/Modules/StyleEditor/Components/style_layer_tree.gd
.. Loading resource: res://addons/dialogic/Modules/StyleEditor/Components/style_browser_window.gd
.. Loading resource: res://addons/dialogic/Modules/StyleEditor/Components/style_browser.tscn
.. Loading resource: res://addons/dialogic/Modules/StyleEditor/Components/style_browser.gd
.. Loading resource: res://addons/dialogic/Editor/Common/BrowserItem.tscn
.. Loading resource: res://addons/dialogic/Editor/Common/BrowserItem.gd
.. Loading resource: res://addons/dialogic/Modules/Variable/variables_editor/variables_editor.tscn
.. Loading resource: res://addons/dialogic/Modules/Variable/variables_editor/variables_editor.gd
.. Loading resource: res://addons/dialogic/Modules/Variable/variables_editor/variable_tree.gd
.. Loading resource: res://addons/dialogic/Modules/Glossary/glossary_editor.tscn
.. Loading resource: res://addons/dialogic/Modules/Glossary/glossary_editor.gd
:: WARNING: res://addons/dialogic/Modules/Glossary/glossary_editor.tscn:4 - ext_resource, invalid UID: uid://cenut3sc5cul0 - using text path instead: res://addons/dialogic/Modules/Glossary/add-glossary.svg
:: at: load (scene/resources/resource_format_text.cpp:466)
:: GDScript backtrace (most recent call first):
:: [0] _add_editor (res://addons/dialogic/Editor/editors_manager.gd:73)
:: [1] _ready (res://addons/dialogic/Editor/editors_manager.gd:47)
:: [2] _enter_tree (res://addons/dialogic/plugin.gd:36)
.. Loading resource: res://addons/dialogic/Modules/Glossary/add-glossary.svg
.. Loading resource: res://.godot/imported/add-glossary.svg-1cde77c043d3874d9bc84cc14d0ec9dc.ctex
.. Loading resource: res://addons/dialogic/Editor/Settings/settings_editor.tscn
.. Loading resource: res://addons/dialogic/Editor/Settings/settings_editor.gd
.. Loading resource: res://addons/dialogic/Editor/Settings/settings_general.tscn
.. Loading resource: res://addons/dialogic/Editor/Settings/settings_general.gd
.. Loading resource: res://addons/dialogic/Editor/Common/hint_tooltip_icon.tscn
.. Loading resource: res://addons/dialogic/Editor/Events/Fields/field_file.tscn
.. Loading resource: res://addons/dialogic/Editor/Events/Fields/field_file.gd
.. Loading resource: res://addons/dialogic/Editor/Settings/settings_translation.tscn
.. Loading resource: res://addons/dialogic/Editor/Settings/settings_translation.gd
.. Loading resource: res://addons/dialogic/Editor/Common/hint_tooltip_icon.tscn
.. Loading resource: res://addons/dialogic/Editor/Events/Fields/field_file.tscn
.. Loading resource: res://addons/dialogic/Editor/Settings/settings_modules.tscn
.. Loading resource: res://addons/dialogic/Editor/Settings/settings_modules.gd
.. Loading resource: res://addons/dialogic/Modules/Text/settings_text.tscn
.. Loading resource: res://addons/dialogic/Modules/Text/settings_text.gd
.. Loading resource: res://addons/dialogic/Editor/Common/hint_tooltip_icon.tscn
.. Loading resource: res://addons/dialogic/Modules/Choice/settings_choices.tscn
.. Loading resource: res://addons/dialogic/Modules/Choice/settings_choices.gd
.. Loading resource: res://addons/dialogic/Editor/Common/hint_tooltip_icon.tscn
.. Loading resource: res://addons/dialogic/Modules/History/settings_history.tscn
.. Loading resource: res://addons/dialogic/Modules/History/settings_history.gd
.. Loading resource: res://addons/dialogic/Editor/Common/hint_tooltip_icon.tscn
.. Loading resource: res://addons/dialogic/Modules/Audio/settings_audio.tscn
.. Loading resource: res://addons/dialogic/Modules/Audio/settings_audio.gd
.. Loading resource: res://addons/dialogic/Editor/Common/hint_tooltip_icon.tscn
.. Loading resource: res://addons/dialogic/Modules/Character/settings_portraits.tscn
.. Loading resource: res://addons/dialogic/Modules/Character/settings_portraits.gd
.. Loading resource: res://addons/dialogic/Editor/Common/hint_tooltip_icon.tscn
.. Loading resource: res://addons/dialogic/Editor/Events/Fields/field_file.tscn
.. Loading resource: res://addons/dialogic/Modules/Save/settings_save.tscn
.. Loading resource: res://addons/dialogic/Modules/Save/settings_save.gd
.. Loading resource: res://addons/dialogic/Editor/Common/hint_tooltip_icon.tscn
.. Loading resource: res://addons/dialogic/Editor/Events/styles/ResourceMenuPanelBackground.tres
.. Loading resource: res://addons/dialogic/Editor/Common/hint_tooltip_icon.tscn
.. Loading resource: res://addons/dialogic/Editor/Images/Toolbar/add-timeline.svg
.. Loading resource: res://.godot/imported/add-timeline.svg-86961b528ebdf01f585931a15fea1755.ctex
.. Loading resource: res://addons/dialogic/Editor/TimelineEditor/VisualEditor/AddEventButton.tscn
.. Loading resource: res://addons/dialogic/Editor/TimelineEditor/VisualEditor/AddEventButton.gd
.. Loading resource: res://addons/dialogic/Modules/Signal/event_signal.gd
.. Loading resource: res://addons/dialogic/Modules/Jump/event_return.gd
.. Loading resource: res://addons/dialogic/Modules/Condition/event_condition.gd
.. Loading resource: res://addons/dialogic/Modules/History/event_history.gd
.. Loading resource: res://addons/dialogic/Modules/Audio/event_music.gd
.. Loading resource: res://addons/dialogic/Modules/Audio/event_sound.gd
.. Loading resource: res://addons/dialogic/Modules/Variable/event_variable.gd
.. Loading resource: res://addons/dialogic/Modules/Save/event_save.gd
.. Loading resource: res://addons/dialogic/Modules/Comment/event_comment.gd
.. Loading resource: res://addons/dialogic/Modules/Call/event_call.gd
.. Loading resource: res://addons/dialogic/Modules/Clear/event_clear.gd
.. Loading resource: res://addons/dialogic/Modules/Background/event_background.gd
.. Loading resource: res://addons/dialogic/Modules/Settings/event_setting.gd
.. Loading resource: res://addons/dialogic/Modules/TextInput/event_text_input.gd
.. Loading resource: res://addons/dialogic/Modules/WaitInput/event_wait_input.gd
.. Loading resource: res://addons/dialogic/Modules/Wait/event_wait.gd
.. Loading resource: res://addons/dialogic/Modules/Style/event_style.gd
.. Loading resource: res://addons/dialogic/Modules/End/event_end.gd
.. Loading resource: res://addons/dialogic/Modules/Signal/icon.png
.. Loading resource: res://.godot/imported/icon.png-5e2e422904d471016252dff8d4bdfa96.ctex
.. Loading resource: res://addons/dialogic/Modules/Voice/icon.png
.. Loading resource: res://.godot/imported/icon.png-85989da147a1404ecd08c88eac72cda1.ctex
.. Loading resource: res://addons/dialogic/Modules/Jump/icon_jump.png
.. Loading resource: res://.godot/imported/icon_jump.png-50f6cdd715fcbdbed16b43c5beb6b851.ctex
.. Loading resource: res://addons/dialogic/Modules/Jump/icon_label.png
.. Loading resource: res://.godot/imported/icon_label.png-3923bd1131990c8869923c838ffdb9ae.ctex
.. Loading resource: res://addons/dialogic/Modules/Jump/icon_return.svg
.. Loading resource: res://.godot/imported/icon_return.svg-dc7fb704ff391638f73cbbc2b30b32fa.ctex
.. Loading resource: res://addons/dialogic/Modules/Condition/icon.svg
.. Loading resource: res://.godot/imported/icon.svg-502d45c064cc30f576b7b105a01357ce.ctex
.. Loading resource: res://addons/dialogic/Modules/Choice/icon.svg
.. Loading resource: res://.godot/imported/icon.svg-372a9bfce8bea67fff1988d7acf09a9a.ctex
.. Loading resource: res://addons/dialogic/Modules/History/icon.svg
.. Loading resource: res://.godot/imported/icon.svg-82841efe3f86e947d4f66fd24dc8f52c.ctex
.. Loading resource: res://addons/dialogic/Modules/Audio/icon_music.png
.. Loading resource: res://.godot/imported/icon_music.png-ffc971ba1265164a55f745186974be5f.ctex
.. Loading resource: res://addons/dialogic/Modules/Audio/icon_sound.png
.. Loading resource: res://.godot/imported/icon_sound.png-7a1a8a5533773d97969b6311b6a9133f.ctex
.. Loading resource: res://addons/dialogic/Modules/Character/icon.svg
.. Loading resource: res://.godot/imported/icon.svg-4f340f6efbb83004dbd5c761dd1dc448.ctex
.. Loading resource: res://addons/dialogic/Modules/Variable/icon.png
.. Loading resource: res://.godot/imported/icon.png-99064bb3920f49262c581fccbfcfc353.ctex
.. Loading resource: res://addons/dialogic/Modules/Save/icon.svg
.. Loading resource: res://.godot/imported/icon.svg-aad0408eebe298e9d92c76d6f2c79cf6.ctex
.. Loading resource: res://addons/dialogic/Modules/Comment/icon.png
.. Loading resource: res://.godot/imported/icon.png-fab76b8a5886dac0012cf73c317dbee4.ctex
.. Loading resource: res://addons/dialogic/Modules/Call/icon.png
.. Loading resource: res://.godot/imported/icon.png-12e444f0ed59397c7537943ea85b475c.ctex
.. Loading resource: res://addons/dialogic/Modules/Clear/icon.png
.. Loading resource: res://.godot/imported/icon.png-b4986c88bf1e20891dc480c8f4703ca4.ctex
.. Loading resource: res://addons/dialogic/Modules/Background/icon.png
.. Loading resource: res://.godot/imported/icon.png-cab4c78f59b171335e340ba590cf5991.ctex
.. Loading resource: res://addons/dialogic/Modules/Settings/icon.svg
.. Loading resource: res://.godot/imported/icon.svg-d4407cb145fa5c1d965de3d2bd63ce5f.ctex
.. Loading resource: res://addons/dialogic/Modules/TextInput/icon.png
.. Loading resource: res://.godot/imported/icon.png-aea103d18fdc694e2da87b3c5a56be35.ctex
.. Loading resource: res://addons/dialogic/Modules/WaitInput/icon.svg
.. Loading resource: res://.godot/imported/icon.svg-cb8e50b081a310c64183b12c6d12fcf2.ctex
.. Loading resource: res://addons/dialogic/Modules/Wait/icon.svg
.. Loading resource: res://.godot/imported/icon.svg-7e9f52b17ae6e5e1f284e12048cb8f05.ctex
.. Loading resource: res://addons/dialogic/Modules/Style/icon.png
.. Loading resource: res://.godot/imported/icon.png-ee52cc92a2b11ac2a101ff92d2eaaa7c.ctex
.. Loading resource: res://addons/dialogic/Modules/End/icon.png
.. Loading resource: res://.godot/imported/icon.png-8e345f81e023043fdbb4f75b1b0e9bb0.ctex
.. Loading resource: res://addons/dialogic/Modules/Text/icon.svg
.. Loading resource: res://.godot/imported/icon.svg-e2501ddcdef01c7f2c3538940f5abfc1.ctex
.. Loading resource: res://addons/dialogic/Editor/Images/Toolbar/add-character.svg
.. Loading resource: res://.godot/imported/add-character.svg-a658b65c1225b02657a50d5c965e0d5e.ctex
.. Loading resource: res://addons/dialogic/Editor/TimelineEditor/VisualEditor/AddEventButton.tscn
.. Loading resource: res://addons/dialogic/Editor/CharacterEditor/char_edit_section_general.tscn
.. Loading resource: res://addons/dialogic/Editor/CharacterEditor/char_edit_section_general.gd
.. Loading resource: res://addons/dialogic/Editor/Common/hint_tooltip_icon.tscn
.. Loading resource: res://addons/dialogic/Editor/CharacterEditor/char_edit_section_portraits.tscn
.. Loading resource: res://addons/dialogic/Editor/CharacterEditor/char_edit_section_portraits.gd
.. Loading resource: res://addons/dialogic/Editor/Events/Fields/field_vector2.tscn
.. Loading resource: res://addons/dialogic/Editor/Events/Fields/field_vector2.gd
.. Loading resource: res://addons/dialogic/Editor/Events/Fields/field_number.tscn
.. Loading resource: res://addons/dialogic/Editor/Images/Interactable/increment_icon.svg
.. Loading resource: res://.godot/imported/increment_icon.svg-081e6509e76349f0628c55a41e85fd65.ctex
.. Loading resource: res://addons/dialogic/Editor/Images/Interactable/decrement_icon.svg
:: WARNING: res://addons/dialogic/Editor/Events/Fields/field_number.tscn:4 - ext_resource, invalid UID: uid://dh1ycbmw8anqh - using text path instead: res://addons/dialogic/Editor/Images/Interactable/increment_icon.svg
:: at: load (scene/resources/resource_format_text.cpp:466)
:: GDScript backtrace (most recent call first):
:: [0] _ready (res://addons/dialogic/Editor/CharacterEditor/character_editor.gd:167)
:: [1] _enter_tree (res://addons/dialogic/plugin.gd:36)
:: WARNING: res://addons/dialogic/Editor/Events/Fields/field_number.tscn:5 - ext_resource, invalid UID: uid://brjikovneb63n - using text path instead: res://addons/dialogic/Editor/Images/Interactable/decrement_icon.svg
:: at: load (scene/resources/resource_format_text.cpp:466)
:: GDScript backtrace (most recent call first):
:: [0] _ready (res://addons/dialogic/Editor/CharacterEditor/character_editor.gd:167)
:: [1] _enter_tree (res://addons/dialogic/plugin.gd:36)
.. Loading resource: res://.godot/imported/decrement_icon.svg-9556cf56db91e200fb946372e010fd5e.ctex
.. Loading resource: res://addons/dialogic/Editor/Images/Resources/portrait.svg
.. Loading resource: res://.godot/imported/portrait.svg-7d29c7cfe3e086d65dce33c3d66c48cd.ctex
.. Loading resource: res://addons/dialogic/Editor/CharacterEditor/char_edit_p_section_main_exports.tscn
.. Loading resource: res://addons/dialogic/Editor/CharacterEditor/char_edit_p_section_main_exports.gd
.. Loading resource: res://addons/dialogic/Editor/CharacterEditor/char_edit_p_section_exports.tscn
.. Loading resource: res://addons/dialogic/Editor/CharacterEditor/char_edit_p_section_exports.gd
.. Loading resource: res://addons/dialogic/Editor/CharacterEditor/char_edit_p_section_main.tscn
.. Loading resource: res://addons/dialogic/Editor/CharacterEditor/char_edit_p_section_main.gd
.. Loading resource: res://addons/dialogic/Editor/Events/Fields/field_file.tscn
.. Loading resource: res://addons/dialogic/Editor/CharacterEditor/portrait_scene_browser.tscn
.. Loading resource: res://addons/dialogic/Editor/CharacterEditor/portrait_scene_browser.gd
.. Loading resource: res://addons/dialogic/Editor/Common/hint_tooltip_icon.tscn
.. Loading resource: res://addons/dialogic/Editor/CharacterEditor/char_edit_p_section_layout.tscn
.. Loading resource: res://addons/dialogic/Editor/CharacterEditor/char_edit_p_section_layout.gd
.. Loading resource: res://addons/dialogic/Editor/Events/Fields/field_vector2.tscn
.. Loading resource: res://addons/dialogic/Editor/Events/Fields/field_number.tscn
:: WARNING: res://addons/dialogic/Editor/Events/Fields/field_number.tscn:4 - ext_resource, invalid UID: uid://dh1ycbmw8anqh - using text path instead: res://addons/dialogic/Editor/Images/Interactable/increment_icon.svg
:: at: load (scene/resources/resource_format_text.cpp:466)
:: GDScript backtrace (most recent call first):
:: [0] _ready (res://addons/dialogic/Editor/CharacterEditor/character_editor.gd:173)
:: [1] _enter_tree (res://addons/dialogic/plugin.gd:36)
:: WARNING: res://addons/dialogic/Editor/Events/Fields/field_number.tscn:5 - ext_resource, invalid UID: uid://brjikovneb63n - using text path instead: res://addons/dialogic/Editor/Images/Interactable/decrement_icon.svg
:: at: load (scene/resources/resource_format_text.cpp:466)
:: GDScript backtrace (most recent call first):
:: [0] _ready (res://addons/dialogic/Editor/CharacterEditor/character_editor.gd:173)
:: [1] _enter_tree (res://addons/dialogic/plugin.gd:36)
.. Loading resource: res://addons/dialogic/Modules/Text/character_settings/character_moods_settings.tscn
.. Loading resource: res://addons/dialogic/Modules/Text/character_settings/character_moods_settings.gd
.. Loading resource: res://addons/dialogic/Editor/Events/Fields/field_file.tscn
.. Loading resource: res://addons/dialogic/Editor/Events/Fields/field_number.tscn
:: WARNING: res://addons/dialogic/Editor/Events/Fields/field_number.tscn:4 - ext_resource, invalid UID: uid://dh1ycbmw8anqh - using text path instead: res://addons/dialogic/Editor/Images/Interactable/increment_icon.svg
:: at: load (scene/resources/resource_format_text.cpp:466)
:: GDScript backtrace (most recent call first):
:: [0] _ready (res://addons/dialogic/Editor/CharacterEditor/character_editor.gd:178)
:: [1] _enter_tree (res://addons/dialogic/plugin.gd:36)
:: WARNING: res://addons/dialogic/Editor/Events/Fields/field_number.tscn:5 - ext_resource, invalid UID: uid://brjikovneb63n - using text path instead: res://addons/dialogic/Editor/Images/Interactable/decrement_icon.svg
:: at: load (scene/resources/resource_format_text.cpp:466)
:: GDScript backtrace (most recent call first):
:: [0] _ready (res://addons/dialogic/Editor/CharacterEditor/character_editor.gd:178)
:: [1] _enter_tree (res://addons/dialogic/plugin.gd:36)
.. Loading resource: res://addons/dialogic/Modules/Text/node_type_sound.gd
.. Loading resource: res://addons/dialogic/Editor/Common/hint_tooltip_icon.tscn
.. Loading resource: res://addons/dialogic/Modules/Text/character_settings/character_portrait_mood_settings.tscn
.. Loading resource: res://addons/dialogic/Modules/Text/character_settings/character_portrait_mood_settings.gd
.. Loading resource: res://addons/dialogic/Modules/Style/character_settings_style.tscn
.. Loading resource: res://addons/dialogic/Modules/Style/character_settings_style.gd
.. Loading resource: res://addons/dialogic/Editor/Common/hint_tooltip_icon.tscn
.. Loading resource: res://addons/dialogic/Editor/Inspector/inspector_plugin.gd
.. Loading resource: res://addons/gdUnit4/plugin.gd
.. \u001b[38;2;218;165;32mIt was recognized that GdUnit4 is running in a test environment, therefore the GdUnit4 plugin will not be executed!\u001b[0m
.. Loading resource: res://addons/godot_xterm/plugin.gd
.. Loading resource: res://addons/godot_xterm/editor_plugins/terminal/terminal_panel.tscn
.. Loading resource: res://addons/godot_xterm/editor_plugins/terminal/terminal_panel.gd
.. Loading resource: res://addons/godot_xterm/editor_plugins/terminal/editor_terminal.tscn
.. Loading resource: res://addons/godot_xterm/editor_plugins/terminal/editor_terminal.gd
.. Loading resource: res://addons/godot_xterm/editor_plugins/terminal/settings/default_new_terminal_shortcut.tres
.. Loading resource: res://addons/godot_xterm/editor_plugins/terminal/settings/default_kill_terminal_shortcut.tres
.. Loading resource: res://addons/godot_xterm/editor_plugins/terminal/settings/default_copy_shortcut.tres
.. Loading resource: res://addons/godot_xterm/editor_plugins/terminal/settings/default_paste_shortcut.tres
.. Loading resource: res://addons/godot_xterm/editor_plugins/terminal/settings/default_tab_right_shortcut.tres
.. Loading resource: res://addons/godot_xterm/editor_plugins/terminal/settings/default_tab_left_shortcut.tres
.. Loading resource: res://addons/maaacks_game_template/maaacks_game_template.gd
:: ERROR: Failed to create an autoload, script 'res://source/autoloads/level_and_state_manager.gd' is not compiling.
:: at: _create_autoload (editor/settings/editor_autoload_settings.cpp:409)
:: GDScript backtrace (most recent call first):
:: [0] _enter_tree (res://addons/maaacks_game_template/maaacks_game_template.gd:357)
:: ERROR: Condition "!info-&gt;node" is true. Continuing.
:: at: update_autoload (editor/settings/editor_autoload_settings.cpp:571)
:: GDScript backtrace (most recent call first):
:: [0] _enter_tree (res://addons/maaacks_game_template/maaacks_game_template.gd:357)
:: ERROR: Condition "!named_globals.has(p_name)" is true.
:: at: remove_named_global_constant (modules/gdscript/gdscript.cpp:2249)
:: GDScript backtrace (most recent call first):
:: [0] _enter_tree (res://addons/maaacks_game_template/maaacks_game_template.gd:358)
:: ERROR: Failed to create an autoload, script 'res://source/autoloads/level_and_state_manager.gd' is not compiling.
:: at: _create_autoload (editor/settings/editor_autoload_settings.cpp:409)
:: GDScript backtrace (most recent call first):
:: [0] _enter_tree (res://addons/maaacks_game_template/maaacks_game_template.gd:358)
:: ERROR: Condition "!info-&gt;node" is true. Continuing.
:: at: update_autoload (editor/settings/editor_autoload_settings.cpp:571)
:: GDScript backtrace (most recent call first):
:: [0] _enter_tree (res://addons/maaacks_game_template/maaacks_game_template.gd:358)
:: ERROR: Condition "!named_globals.has(p_name)" is true.
:: at: remove_named_global_constant (modules/gdscript/gdscript.cpp:2249)
:: GDScript backtrace (most recent call first):
:: [0] _enter_tree (res://addons/maaacks_game_template/maaacks_game_template.gd:359)
:: ERROR: Failed to create an autoload, script 'res://source/autoloads/level_and_state_manager.gd' is not compiling.
:: at: _create_autoload (editor/settings/editor_autoload_settings.cpp:409)
:: GDScript backtrace (most recent call first):
:: [0] _enter_tree (res://addons/maaacks_game_template/maaacks_game_template.gd:359)
:: ERROR: Condition "!info-&gt;node" is true. Continuing.
:: at: update_autoload (editor/settings/editor_autoload_settings.cpp:571)
:: GDScript backtrace (most recent call first):
:: [0] _enter_tree (res://addons/maaacks_game_template/maaacks_game_template.gd:359)
:: ERROR: Condition "!named_globals.has(p_name)" is true.
:: at: remove_named_global_constant (modules/gdscript/gdscript.cpp:2249)
:: GDScript backtrace (most recent call first):
:: [0] _enter_tree (res://addons/maaacks_game_template/maaacks_game_template.gd:360)
:: ERROR: Failed to create an autoload, script 'res://source/autoloads/level_and_state_manager.gd' is not compiling.
:: at: _create_autoload (editor/settings/editor_autoload_settings.cpp:409)
:: GDScript backtrace (most recent call first):
:: [0] _enter_tree (res://addons/maaacks_game_template/maaacks_game_template.gd:360)
:: ERROR: Condition "!info-&gt;node" is true. Continuing.
:: at: update_autoload (editor/settings/editor_autoload_settings.cpp:571)
:: GDScript backtrace (most recent call first):
:: [0] _enter_tree (res://addons/maaacks_game_template/maaacks_game_template.gd:360)
.. Loading resource: res://addons/maaacks_game_template/installer/check_plugin_version.tscn
.. Loading resource: res://addons/maaacks_game_template/installer/check_plugin_version.gd
.. Loading resource: res://addons/maaacks_game_template/utilities/api_client.tscn
.. Loading resource: res://addons/shadernoiselib/shadernoiselib.gd
.. Loading resource: res://addons/type_writer_label/twl_init.gd
.. Loading resource: res://addons/type_writer_label/classes/type_writer_label_icon.svg
.. Loading resource: res://.godot/imported/type_writer_label_icon.svg-4ed2f6ad1e9b0ca97691e0060c880e78.ctex
.. [  83% ] \u001b[90m\u001b[1mfirst_scan_filesystem\u001b[22m | Starting file scan...\u001b[39m\u001b[0m
.. \u001b[92m[ DONE ]\u001b[39m \u001b[1mfirst_scan_filesystem\u001b[22m
.. \u001b[0m
.. Loading resource: res://addons/maaacks_game_template/base/translations/menus_translations.en.translation
.. Loading resource: res://addons/maaacks_game_template/base/translations/menus_translations.fr.translation
.. [   0% ] \u001b[90m\u001b[1mupdate_scripts_classes\u001b[22m | Started Registering global classes... (7 steps)\u001b[39m\u001b[0m
.. [   0% ] \u001b[90m\u001b[1mupdate_scripts_classes\u001b[22m | GameState\u001b[39m\u001b[0m
.. [  12% ] \u001b[90m\u001b[1mupdate_scripts_classes\u001b[22m | OmegaGameManager\u001b[39m\u001b[0m
.. [  25% ] \u001b[90m\u001b[1mupdate_scripts_classes\u001b[22m | LevelStateExample\u001b[39m\u001b[0m
.. [  37% ] \u001b[90m\u001b[1mupdate_scripts_classes\u001b[22m | \u001b[39m\u001b[0m
.. [  50% ] \u001b[90m\u001b[1mupdate_scripts_classes\u001b[22m | \u001b[39m\u001b[0m
.. [  62% ] \u001b[90m\u001b[1mupdate_scripts_classes\u001b[22m | \u001b[39m\u001b[0m
.. [  75% ] \u001b[90m\u001b[1mupdate_scripts_classes\u001b[22m | \u001b[39m\u001b[0m
.. \u001b[92m[ DONE ]\u001b[39m \u001b[1mupdate_scripts_classes\u001b[22m
.. \u001b[0m
.. [   0% ] \u001b[90m\u001b[1mloading_editor_layout\u001b[22m | Started Loading editor (5 steps)\u001b[39m\u001b[0m
.. [   0% ] \u001b[90m\u001b[1mloading_editor_layout\u001b[22m | Loading editor layout...\u001b[39m\u001b[0m
.. [  16% ] \u001b[90m\u001b[1mloading_editor_layout\u001b[22m | Loading docks...\u001b[39m\u001b[0m
.. [  33% ] \u001b[90m\u001b[1mloading_editor_layout\u001b[22m | Reopening scenes...\u001b[39m\u001b[0m
.. Loading resource: res://source/scenes/opening/opening.tscn
.. Loading resource: res://addons/maaacks_game_template/base/nodes/opening/opening.tscn
.. Loading resource: res://addons/maaacks_game_template/base/nodes/opening/opening.gd
.. Loading resource: res://source/assets/logo/omega-spiral-logo.png
.. Loading resource: res://.godot/imported/omega-spiral-logo.png-f88959a046834c30d8b44563ccc5d86a.ctex
.. [  50% ] \u001b[90m\u001b[1mloading_editor_layout\u001b[22m | Loading central editor layout...\u001b[39m\u001b[0m
.. [  66% ] \u001b[90m\u001b[1mloading_editor_layout\u001b[22m | Loading plugin window layout...\u001b[39m\u001b[0m
:: ERROR: Couldn't open external text editor, falling back to the internal editor. Review your `text_editor/external/` editor settings.
:: at: edit (editor/script/script_editor_plugin.cpp:2613)
.. [  83% ] \u001b[90m\u001b[1mloading_editor_layout\u001b[22m | Editor layout ready.\u001b[39m\u001b[0m
.. \u001b[92m[ DONE ]\u001b[39m \u001b[1mloading_editor_layout\u001b[22m
.. \u001b[0m
.. Failed to bind socket. Error: 3.
.. thirdparty/mbedtls/library/ssl_tls13_generic.c:1552: 0x6dc90218: Perform PSA-based ECDH/FFDH computation.
.. thirdparty/mbedtls/library/ssl_tls13_generic.c:1552: 0x6dc999e8: Perform PSA-based ECDH/FFDH computation.
.. thirdparty/mbedtls/library/ssl_tls13_client.c:1950: 0x6dc90218: Switch to handshake keys for inbound traffic
.. thirdparty/mbedtls/library/ssl_tls13_generic.c:0403: 0x6dc90218: mbedtls_ssl_tls13_process_certificate_verify() returned 0 (-0x0000)
.. thirdparty/mbedtls/library/ssl_tls13_client.c:2639: 0x6dc90218: Switch to handshake traffic keys for outbound traffic
.. thirdparty/mbedtls/library/ssl_tls13_generic.c:1235: 0x6dc90218: Switch to application keys for inbound traffic
.. thirdparty/mbedtls/library/ssl_tls13_generic.c:1238: 0x6dc90218: Switch to application keys for outbound traffic
.. thirdparty/mbedtls/library/ssl_tls13_client.c:1950: 0x6dc999e8: Switch to handshake keys for inbound traffic
.. thirdparty/mbedtls/library/ssl_tls13_generic.c:0403: 0x6dc999e8: mbedtls_ssl_tls13_process_certificate_verify() returned 0 (-0x0000)
.. thirdparty/mbedtls/library/ssl_tls13_client.c:2639: 0x6dc999e8: Switch to handshake traffic keys for outbound traffic
.. thirdparty/mbedtls/library/ssl_tls13_generic.c:1235: 0x6dc999e8: Switch to application keys for inbound traffic
.. thirdparty/mbedtls/library/ssl_tls13_generic.c:1238: 0x6dc999e8: Switch to application keys for outbound traffic
.. [   0% ] \u001b[90m\u001b[1msave\u001b[22m | Started Saving Scene (4 steps)\u001b[39m\u001b[0m
.. [   0% ] \u001b[90m\u001b[1msave\u001b[22m | Analyzing\u001b[39m\u001b[0m
.. [  20% ] \u001b[90m\u001b[1msave\u001b[22m | Creating Thumbnail\u001b[39m\u001b[0m
.. [  80% ] \u001b[90m\u001b[1msave\u001b[22m | Saving Scene\u001b[39m\u001b[0m
:: ERROR: Parameter "t" is null.
:: at: texture_2d_get (servers/rendering/dummy/storage/texture_storage.h:106)
:: GDScript backtrace (most recent call first):
:: [0] &lt;anonymous lambda&gt; (res://addons/maaacks_game_template/maaacks_game_template.gd:319)
.. Loading resource: res://addons/maaacks_game_template/base/nodes/opening/opening.tscn
.. \u001b[92m[ DONE ]\u001b[39m \u001b[1msave\u001b[22m
.. \u001b[0m
.. Loading resource: res://addons/maaacks_game_template/base/translations/menus_translations.en.translation
.. Loading resource: res://addons/maaacks_game_template/base/translations/menus_translations.fr.translation
.. Unloading addon: res://addons/dialogic/plugin.cfg
.. Unloading addon: res://addons/gdUnit4/plugin.cfg
.. Unloading addon: res://addons/godot_xterm/plugin.cfg
.. Unloading addon: res://addons/maaacks_game_template/plugin.cfg
:: ERROR: Condition "!named_globals.has(p_name)" is true.
:: at: remove_named_global_constant (modules/gdscript/gdscript.cpp:2249)
:: GDScript backtrace (most recent call first):
:: [0] _exit_tree (res://addons/maaacks_game_template/maaacks_game_template.gd:369)
:: ERROR: Failed to create an autoload, script 'res://source/autoloads/level_and_state_manager.gd' is not compiling.
:: at: _create_autoload (editor/settings/editor_autoload_settings.cpp:409)
:: GDScript backtrace (most recent call first):
:: [0] _exit_tree (res://addons/maaacks_game_template/maaacks_game_template.gd:369)
:: ERROR: Condition "!info-&gt;node" is true. Continuing.
:: at: update_autoload (editor/settings/editor_autoload_settings.cpp:571)
:: GDScript backtrace (most recent call first):
:: [0] _exit_tree (res://addons/maaacks_game_template/maaacks_game_template.gd:369)
:: ERROR: Condition "!named_globals.has(p_name)" is true.
:: at: remove_named_global_constant (modules/gdscript/gdscript.cpp:2249)
:: GDScript backtrace (most recent call first):
:: [0] _exit_tree (res://addons/maaacks_game_template/maaacks_game_template.gd:370)
:: ERROR: Failed to create an autoload, script 'res://source/autoloads/level_and_state_manager.gd' is not compiling.
:: at: _create_autoload (editor/settings/editor_autoload_settings.cpp:409)
:: GDScript backtrace (most recent call first):
:: [0] _exit_tree (res://addons/maaacks_game_template/maaacks_game_template.gd:370)
:: ERROR: Condition "!info-&gt;node" is true. Continuing.
:: at: update_autoload (editor/settings/editor_autoload_settings.cpp:571)
:: GDScript backtrace (most recent call first):
:: [0] _exit_tree (res://addons/maaacks_game_template/maaacks_game_template.gd:370)
:: ERROR: Condition "!named_globals.has(p_name)" is true.
:: at: remove_named_global_constant (modules/gdscript/gdscript.cpp:2249)
:: GDScript backtrace (most recent call first):
:: [0] _exit_tree (res://addons/maaacks_game_template/maaacks_game_template.gd:371)
.. Unloading addon: res://addons/shadernoiselib/plugin.cfg
.. Unloading addon: res://addons/type_writer_label/plugin.cfg
:: ERROR: Failed to create an autoload, script 'res://source/autoloads/level_and_state_manager.gd' is not compiling.
:: at: _create_autoload (editor/settings/editor_autoload_settings.cpp:409)
:: GDScript backtrace (most recent call first):
:: [0] _exit_tree (res://addons/maaacks_game_template/maaacks_game_template.gd:371)
:: ERROR: Condition "!info-&gt;node" is true. Continuing.
:: at: update_autoload (editor/settings/editor_autoload_settings.cpp:571)
:: GDScript backtrace (most recent call first):
:: [0] _exit_tree (res://addons/maaacks_game_template/maaacks_game_template.gd:371)
:: ERROR: Condition "!named_globals.has(p_name)" is true.
:: at: remove_named_global_constant (modules/gdscript/gdscript.cpp:2249)
:: GDScript backtrace (most recent call first):
:: [0] _exit_tree (res://addons/maaacks_game_template/maaacks_game_template.gd:372)
:: ERROR: Failed to create an autoload, script 'res://source/autoloads/level_and_state_manager.gd' is not compiling.
:: at: _create_autoload (editor/settings/editor_autoload_settings.cpp:409)
:: GDScript backtrace (most recent call first):
:: [0] _exit_tree (res://addons/maaacks_game_template/maaacks_game_template.gd:372)
:: ERROR: Condition "!info-&gt;node" is true. Continuing.
:: at: update_autoload (editor/settings/editor_autoload_settings.cpp:571)
:: GDScript backtrace (most recent call first):
:: [0] _exit_tree (res://addons/maaacks_game_template/maaacks_game_template.gd:372)
.. Script docs haven't been properly loaded or regenerated, so don't save them to disk.
.. EditorSettings: Save OK!
.. Unloading: Disposing tracked instances...
.. Unloading: Finished disposing tracked instances.
.. XR: Clearing primary interface
.. XR: Removed interface "Native mobile"
.. XR: Removed interface "OpenXR"
:: WARNING: ObjectDB instances leaked at exit (run with --verbose for details).
:: at: cleanup (core/object/object.cpp:2570)
.. Leaked instance: UndoRedo:2146258997745
.. Hint: Leaked instances typically happen when nodes are removed from the scene tree (with `remove_child()`) but not freed (with `free()` or `queue_free()`).
.. Orphan StringName: RenderingDevice (static: 2, total: 4)
.. Orphan StringName: Mesh (static: 18, total: 20)
.. Orphan StringName: Tween (static: 2, total: 4)
.. Orphan StringName: Shader (static: 3, total: 5)
.. Orphan StringName: PTY (static: 0, total: 2)
.. Orphan StringName: ImageTexture (static: 5, total: 7)
.. Orphan StringName: Semaphore (static: 2, total: 4)
.. Orphan StringName: Terminal (static: 0, total: 2)
.. Orphan StringName: MainLoop (static: 3, total: 5)
.. Orphan StringName: TriangleMesh (static: 2, total: 4)
.. Orphan StringName: InputEvent (static: 18, total: 20)
.. Orphan StringName: InputEventMouse (static: 4, total: 6)
.. Orphan StringName: ThemeDB (static: 2, total: 4)
.. Orphan StringName: InputEventWithModifiers (static: 9, total: 11)
.. Orphan StringName: Control (static: 220, total: 222)
.. Orphan StringName: Shape3D (static: 11, total: 13)
.. Orphan StringName: Input (static: 2, total: 4)
.. Orphan StringName: InputEventFromWindow (static: 12, total: 14)
.. Orphan StringName: ResourceLoader (static: 2, total: 4)
.. Orphan StringName: Font (static: 5, total: 7)
.. Orphan StringName: RenderingServer (static: 2, total: 4)
.. Orphan StringName: Image (static: 2, total: 4)
.. Orphan StringName: Resource (static: 465, total: 467)
.. Orphan StringName: StyleBoxFlat (static: 5, total: 7)
.. Orphan StringName: OS (static: 2, total: 4)
.. Orphan StringName: Viewport (static: 62, total: 64)
.. Orphan StringName: MultiplayerAPI (static: 4, total: 6)
.. Orphan StringName: Timer (static: 2, total: 4)
.. Orphan StringName: DisplayServer (static: 2, total: 4)
.. Orphan StringName: Mutex (static: 2, total: 4)
.. Orphan StringName: ConcavePolygonShape3D (static: 2, total: 4)
.. Orphan StringName: Thread (static: 2, total: 4)
.. Orphan StringName: CanvasItem (static: 268, total: 270)
.. Orphan StringName: SceneTree (static: 2, total: 4)
.. Orphan StringName: InputEventMouseMotion (static: 2, total: 4)
.. Orphan StringName: InputEventMouseButton (static: 2, total: 4)
.. Orphan StringName: Texture (static: 44, total: 46)
.. Orphan StringName: CanvasLayer (static: 3, total: 5)
.. Orphan StringName: World2D (static: 2, total: 4)
.. Orphan StringName: ShaderMaterial (static: 2, total: 4)
.. Orphan StringName: Material (static: 13, total: 15)
.. Orphan StringName: Node (static: 566, total: 569)
.. Orphan StringName: ProjectSettings (static: 2, total: 4)
.. Orphan StringName: TextServer (static: 5, total: 7)
.. Orphan StringName: RefCounted (static: 789, total: 791)
.. Orphan StringName: Object (static: 1470, total: 1472)
.. Orphan StringName: Theme (static: 3, total: 5)
.. Orphan StringName: RDPipelineSpecializationConstant (static: 2, total: 4)
.. Orphan StringName: ConvexPolygonShape3D (static: 2, total: 4)
.. Orphan StringName: InputEventKey (static: 2, total: 4)
.. Orphan StringName: ResourceFormatLoader (static: 2, total: 4)
.. Orphan StringName: MultiMesh (static: 2, total: 4)
.. Orphan StringName: Texture2D (static: 20, total: 22)
.. Orphan StringName: Window (static: 65, total: 67)
.. Orphan StringName: StyleBox (static: 6, total: 8)
.. Orphan StringName: ClassDB (static: 2, total: 4)
.. StringName: 56 unclaimed string names at exit.
Rebuild Godot Project ends with exit code: 0

======== Running GdUnit4 Godot Runtime Test Runner ========
System.TimeoutException: The operation has timed out.
   at System.IO.Pipes.NamedPipeClientStream.ConnectInternal(Int32 timeout, CancellationToken cancellationToken, Int32 startTime)
   at System.Threading.ExecutionContext.RunFromThreadPoolDispatchLoop(Thread threadPoolThread, ExecutionContext executionContext, ContextCallback callback, Object state)
--- End of stack trace from previous location ---
   at System.Threading.ExecutionContext.RunFromThreadPoolDispatchLoop(Thread threadPoolThread, ExecutionContext executionContext, ContextCallback callback, Object state)
   at System.Threading.Tasks.Task.ExecuteWithThreadLocal(Task&amp; currentTaskSlot, Thread threadPoolThread)
--- End of stack trace from previous location ---
   at GdUnit4.Core.Execution.GodotRuntimeExecutor.StartAsync()
GdUnit4 Godot Runtime Test Runner is not terminated, force process kill.
Completed tests for assembly: /home/adam/Dev/omega-spiral/chapter-zero/.godot/mono/temp/bin/Debug/chapter-zero.dll
Test execution stopped.
</StdOut>
    </Output>
    <RunInfos>
      <RunInfo computerName="omega" outcome="Error" timestamp="2025-11-01T12:57:41.0413172-04:00">
        <Text>Failed to connect: Connection timeout</Text>
      </RunInfo>
      <RunInfo computerName="omega" outcome="Warning" timestamp="2025-11-01T12:57:44.2665335-04:00">
        <Text>No test is available in /home/adam/Dev/omega-spiral/chapter-zero/.godot/mono/temp/bin/Debug/chapter-zero.dll. Make sure that test discoverer &amp; executors are registered and platform &amp; framework version settings are appropriate and try again.</Text>
      </RunInfo>
    </RunInfos>
  </ResultSummary>
</TestRun>