<?xml version="1.0" encoding="utf-8"?>
<TestRun id="10565fcd-22fd-43ea-8865-a33ae23bd561" name="@omega 2025-10-26 22:27:54" xmlns="http://microsoft.com/schemas/VisualStudio/TeamTest/2010">
  <Times creation="2025-10-26T22:27:54.9206811-04:00" queuing="2025-10-26T22:27:54.9206811-04:00" start="2025-10-26T22:27:33.6654878-04:00" finish="2025-10-26T22:28:24.4295996-04:00" />
  <TestSettings name="default" id="f3e9e0d4-12cc-43f7-a47b-c2db22c3b543">
    <Deployment runDeploymentRoot="_omega_2025-10-26_22_27_54" />
  </TestSettings>
  <Results>
    <UnitTestResult executionId="d2445d4b-1bf0-4562-8e98-5816d756df20" testId="783eb0b3-1bdc-4ace-b07d-36a3100e9aa6" testName="[Before].ContentContainer_Exists" computerName="omega" startTime="2025-10-26T22:28:01.5100771-04:00" endTime="2025-10-26T22:28:01.5100781-04:00" testType="13cdc9d9-ddb5-4fa4-a97d-d965ccfc6d4b" outcome="Failed" testListId="8c84fa94-04c1-424b-9868-57a2d4851a1d" relativeResultsDirectory="d2445d4b-1bf0-4562-8e98-5816d756df20">
      <Output>
        <ErrorInfo>
          <Message>Expecting be NOT &lt;Null&gt;:</Message>
          <StackTrace>   at OmegaSpiral.Tests.Shared.OmegaUiTestHelper.ValidateBackgroundTheme(Control uiComponent, String componentName) in /home/adam/Dev/omega-spiral/chapter-zero/tests/shared/OmegaUiTestHelper.cs:line 51
   at OmegaSpiral.Tests.Integration.Ui.BaseMenuUiTests.Setup() in /home/adam/Dev/omega-spiral/chapter-zero/tests/integration/ui/BaseMenuTests.cs:line 42
   at Godot.SignalAwaiter.SignalCallback(IntPtr awaiterGCHandlePtr, godot_variant** args, Int32 argCount, godot_bool* outAwaiterIsNull) in /root/godot/modules/mono/glue/GodotSharp/GodotSharp/Core/SignalAwaiter.cs:line 65
</StackTrace>
        </ErrorInfo>
      </Output>
    </UnitTestResult>
    <UnitTestResult executionId="3daf4e5d-d4ae-4d4d-aad3-bdd1dee37aa0" testId="28204085-e96a-4fef-9cf9-19bbc3f1e806" testName="OmegaSpiral.Tests.Integration.Ui.CreditsMenuTests.CreditsMenu_PopulatesCredits" computerName="omega" duration="00:00:00.0320000" startTime="2025-10-26T22:28:01.8620321-04:00" endTime="2025-10-26T22:28:01.8623243-04:00" testType="13cdc9d9-ddb5-4fa4-a97d-d965ccfc6d4b" outcome="Failed" testListId="8c84fa94-04c1-424b-9868-57a2d4851a1d" relativeResultsDirectory="3daf4e5d-d4ae-4d4d-aad3-bdd1dee37aa0">
      <Output>
        <ErrorInfo>
          <Message>Expecting to be greater than:
    '5' but is '0'</Message>
          <StackTrace>   at OmegaSpiral.Tests.Integration.Ui.CreditsMenuTests.CreditsMenu_PopulatesCredits() in /home/adam/Dev/omega-spiral/chapter-zero/tests/integration/ui/CreditsMenuTests.cs:line 84
</StackTrace>
        </ErrorInfo>
      </Output>
    </UnitTestResult>
    <UnitTestResult executionId="ba451c5a-d876-4dc5-8082-c030f07b7234" testId="515ed10d-2a00-4f3e-ad33-09396ca84cc1" testName="OmegaSpiral.Tests.Integration.Ui.Omega.OmegaTextRendererTests.AppendTextAsync_DefaultParameters_AppendsTextCorrectly" computerName="omega" duration="00:00:00.3860000" startTime="2025-10-26T22:28:04.4148442-04:00" endTime="2025-10-26T22:28:04.4151372-04:00" testType="13cdc9d9-ddb5-4fa4-a97d-d965ccfc6d4b" outcome="Passed" testListId="8c84fa94-04c1-424b-9868-57a2d4851a1d" relativeResultsDirectory="ba451c5a-d876-4dc5-8082-c030f07b7234" />
    <UnitTestResult executionId="2b23d018-3dce-481e-a48d-7d96d3ef2b54" testId="89ca1b34-1265-46ad-8e4e-909824e6141a" testName="OmegaSpiral.Tests.Integration.Ui.Menus.MainMenuTests.MenuTitle_UsesAmberDesignColor" computerName="omega" duration="00:00:00.0220000" startTime="2025-10-26T22:28:02.3274193-04:00" endTime="2025-10-26T22:28:02.3277290-04:00" testType="13cdc9d9-ddb5-4fa4-a97d-d965ccfc6d4b" outcome="Passed" testListId="8c84fa94-04c1-424b-9868-57a2d4851a1d" relativeResultsDirectory="2b23d018-3dce-481e-a48d-7d96d3ef2b54" />
    <UnitTestResult executionId="4288e8e2-50de-4eb0-af57-a699c45f0fc1" testId="94a8cfbe-0be1-4de5-a98f-8cc26ce7f61b" testName="OmegaSpiral.Tests.Integration.Ui.Menus.MainMenuTests.MenuButtonContainer_IsCenterAligned" computerName="omega" duration="00:00:00.0210000" startTime="2025-10-26T22:28:02.4495977-04:00" endTime="2025-10-26T22:28:02.4499945-04:00" testType="13cdc9d9-ddb5-4fa4-a97d-d965ccfc6d4b" outcome="Passed" testListId="8c84fa94-04c1-424b-9868-57a2d4851a1d" relativeResultsDirectory="4288e8e2-50de-4eb0-af57-a699c45f0fc1" />
    <UnitTestResult executionId="893cd9c4-78b8-4e4e-bf43-b77839bbb5f2" testId="bf2fe4de-a164-4a10-9713-465d21169677" testName="OmegaSpiral.Tests.Integration.Ui.Omega.OmegaTextRendererTests.Constructor_WithValidTextDisplay_InitializesCorrectly" computerName="omega" duration="00:00:00.0320000" startTime="2025-10-26T22:28:04.0146904-04:00" endTime="2025-10-26T22:28:04.0149837-04:00" testType="13cdc9d9-ddb5-4fa4-a97d-d965ccfc6d4b" outcome="Passed" testListId="8c84fa94-04c1-424b-9868-57a2d4851a1d" relativeResultsDirectory="893cd9c4-78b8-4e4e-bf43-b77839bbb5f2">
      <Output>
        <StdErr>Warning:
    Detected &lt;1&gt; orphan nodes during test execution!</StdErr>
        <ErrorInfo>
          <Message>Warning:
    Detected &lt;1&gt; orphan nodes during test execution!</Message>
        </ErrorInfo>
      </Output>
    </UnitTestResult>
    <UnitTestResult executionId="a56e52fc-d0f1-4280-995b-12b905f8bdcc" testId="16f2aab2-8fd1-407a-bc03-12d7a3071355" testName="OmegaSpiral.Tests.Integration.Ui.Omega.OmegaBorderFrame_UnitTests.Anchors_FillParentBounds" computerName="omega" duration="00:00:00.0210000" startTime="2025-10-26T22:28:03.0149690-04:00" endTime="2025-10-26T22:28:03.0153121-04:00" testType="13cdc9d9-ddb5-4fa4-a97d-d965ccfc6d4b" outcome="Passed" testListId="8c84fa94-04c1-424b-9868-57a2d4851a1d" relativeResultsDirectory="a56e52fc-d0f1-4280-995b-12b905f8bdcc" />
    <UnitTestResult executionId="57185563-53f3-435f-9a07-7b9b49863f7e" testId="3380be89-5b3d-40eb-bd1e-aa9a640fd399" testName="[After].MenuButtonContainer_ExistsAndHasButtons" computerName="omega" startTime="2025-10-26T22:28:02.5748887-04:00" endTime="2025-10-26T22:28:02.5748920-04:00" testType="13cdc9d9-ddb5-4fa4-a97d-d965ccfc6d4b" outcome="Failed" testListId="8c84fa94-04c1-424b-9868-57a2d4851a1d" relativeResultsDirectory="57185563-53f3-435f-9a07-7b9b49863f7e">
      <Output>
        <StdErr>Warning:
    Detected &lt;38&gt; orphan nodes during test suite setup stage!
    Check Setup:28 and Cleanup:36 for unfreed instances!</StdErr>
        <ErrorInfo>
          <Message>Warning:
    Detected &lt;38&gt; orphan nodes during test suite setup stage!
    Check Setup:28 and Cleanup:36 for unfreed instances!</Message>
        </ErrorInfo>
      </Output>
    </UnitTestResult>
    <UnitTestResult executionId="afa4413f-cd63-4bf6-bd33-2bf303727885" testId="324e6869-4a5a-47a8-ba4a-184ef7bfd834" testName="[After].ScanlineLayer_IsVisibleWithCorrectOpacity" computerName="omega" startTime="2025-10-26T22:28:02.5934142-04:00" endTime="2025-10-26T22:28:02.5934185-04:00" testType="13cdc9d9-ddb5-4fa4-a97d-d965ccfc6d4b" outcome="Failed" testListId="8c84fa94-04c1-424b-9868-57a2d4851a1d" relativeResultsDirectory="afa4413f-cd63-4bf6-bd33-2bf303727885">
      <Output>
        <StdErr>Warning:
    Detected &lt;38&gt; orphan nodes during test suite setup stage!
    Check Setup:28 and Cleanup:36 for unfreed instances!</StdErr>
        <ErrorInfo>
          <Message>Warning:
    Detected &lt;38&gt; orphan nodes during test suite setup stage!
    Check Setup:28 and Cleanup:36 for unfreed instances!</Message>
        </ErrorInfo>
      </Output>
    </UnitTestResult>
    <UnitTestResult executionId="a90ff35d-46fc-4093-8dcb-64f895f95ab1" testId="0fe73695-f454-4371-bf3c-571ebb8602e0" testName="OmegaSpiral.Tests.Unit.Common.Omega.IOmegaShaderControllerTests.Interface_HasApplyVisualPresetAsyncMethod" computerName="omega" duration="00:00:00.0100000" startTime="2025-10-26T22:28:13.3660596-04:00" endTime="2025-10-26T22:28:13.3663613-04:00" testType="13cdc9d9-ddb5-4fa4-a97d-d965ccfc6d4b" outcome="Passed" testListId="8c84fa94-04c1-424b-9868-57a2d4851a1d" relativeResultsDirectory="a90ff35d-46fc-4093-8dcb-64f895f95ab1" />
    <UnitTestResult executionId="7624d60c-7eb9-4122-b07f-d0cfd5be4956" testId="bc5d4546-fb3d-4e23-8efc-b6098fec7d10" testName="OmegaSpiral.Tests.Unit.Common.Omega.OmegaSpiralColorsTests.ShaderLayerColors_AreWhiteWithVaryingOpacity" computerName="omega" duration="00:00:00.0130000" startTime="2025-10-26T22:28:12.9932348-04:00" endTime="2025-10-26T22:28:12.9935131-04:00" testType="13cdc9d9-ddb5-4fa4-a97d-d965ccfc6d4b" outcome="Passed" testListId="8c84fa94-04c1-424b-9868-57a2d4851a1d" relativeResultsDirectory="7624d60c-7eb9-4122-b07f-d0cfd5be4956" />
    <UnitTestResult executionId="a78f6749-fb7a-411a-bc61-1157bae17ea0" testId="686fb6bb-ecaf-483f-910a-94b304833c0c" testName="OmegaSpiral.Tests.Unit.Common.Omega.OmegaShaderControllerTests.PixelDissolveAsync_DefaultDuration_CompletesSuccessfully" computerName="omega" duration="00:00:01.0140000" startTime="2025-10-26T22:28:11.8203746-04:00" endTime="2025-10-26T22:28:11.8207191-04:00" testType="13cdc9d9-ddb5-4fa4-a97d-d965ccfc6d4b" outcome="Passed" testListId="8c84fa94-04c1-424b-9868-57a2d4851a1d" relativeResultsDirectory="a78f6749-fb7a-411a-bc61-1157bae17ea0" />
    <UnitTestResult executionId="608e143e-5ed1-4bdf-8831-30d967dbfa59" testId="c5576f40-55e7-46f8-8af2-8471dcffd157" testName="OmegaSpiral.Tests.Integration.Ui.Menus.MainMenuTests.GlitchLayer_IsVisibleWithCorrectOpacity" computerName="omega" duration="00:00:00.0200000" startTime="2025-10-26T22:28:02.5039510-04:00" endTime="2025-10-26T22:28:02.5043260-04:00" testType="13cdc9d9-ddb5-4fa4-a97d-d965ccfc6d4b" outcome="Failed" testListId="8c84fa94-04c1-424b-9868-57a2d4851a1d" relativeResultsDirectory="608e143e-5ed1-4bdf-8831-30d967dbfa59">
      <Output>
        <ErrorInfo>
          <Message>Expecting be NOT &lt;Null&gt;:</Message>
          <StackTrace>   at OmegaSpiral.Tests.Integration.Ui.Menus.MainMenuTests.GlitchLayer_IsVisibleWithCorrectOpacity() in /home/adam/Dev/omega-spiral/chapter-zero/tests/integration/ui/menus/MainMenuTests.cs:line 424
</StackTrace>
        </ErrorInfo>
      </Output>
    </UnitTestResult>
    <UnitTestResult executionId="b6ba38bb-b8f5-484c-9b28-55afb0e16c45" testId="0b952582-2742-49c0-a56b-c06b9a7bd947" testName="OmegaSpiral.Tests.Unit.Common.Omega.OmegaSpiralColorsTests.ColorTolerance_IsAppropriate" computerName="omega" duration="00:00:00.0180000" startTime="2025-10-26T22:28:12.9519362-04:00" endTime="2025-10-26T22:28:12.9525579-04:00" testType="13cdc9d9-ddb5-4fa4-a97d-d965ccfc6d4b" outcome="Passed" testListId="8c84fa94-04c1-424b-9868-57a2d4851a1d" relativeResultsDirectory="b6ba38bb-b8f5-484c-9b28-55afb0e16c45" />
    <UnitTestResult executionId="5ef1751b-fdab-4f34-9491-2c214fa2084b" testId="767ff1bf-966c-49f3-aeb4-637b261612dd" testName="OmegaSpiral.Tests.Unit.Common.Omega.OmegaSpiralColorsTests.PhosphorPulseRange_HasCorrectMinMax" computerName="omega" duration="00:00:00.0210000" startTime="2025-10-26T22:28:12.9332966-04:00" endTime="2025-10-26T22:28:12.9344691-04:00" testType="13cdc9d9-ddb5-4fa4-a97d-d965ccfc6d4b" outcome="Passed" testListId="8c84fa94-04c1-424b-9868-57a2d4851a1d" relativeResultsDirectory="5ef1751b-fdab-4f34-9491-2c214fa2084b" />
    <UnitTestResult executionId="ae5cb8d9-4191-4e9b-996f-d342c9a358ab" testId="bbbbebb1-8c74-4313-83c9-2d5d3f5c708e" testName="OmegaSpiral.Tests.Integration.Ui.Menus.MainMenuTests.MenuTitle_UsesCorrectFontSize" computerName="omega" duration="00:00:00.0200000" startTime="2025-10-26T22:28:02.3486405-04:00" endTime="2025-10-26T22:28:02.3489488-04:00" testType="13cdc9d9-ddb5-4fa4-a97d-d965ccfc6d4b" outcome="Passed" testListId="8c84fa94-04c1-424b-9868-57a2d4851a1d" relativeResultsDirectory="ae5cb8d9-4191-4e9b-996f-d342c9a358ab" />
    <UnitTestResult executionId="210344d4-0750-4996-be59-fee78d25b6c8" testId="3fc69aa8-54b3-4e86-9759-1b9390976de8" testName="OmegaSpiral.Tests.Integration.Ui.Omega.OmegaTextRendererTests.IsAnimating_WhenNotAnimating_ReturnsFalse" computerName="omega" duration="00:00:00.0100000" startTime="2025-10-26T22:28:08.1719454-04:00" endTime="2025-10-26T22:28:08.1725029-04:00" testType="13cdc9d9-ddb5-4fa4-a97d-d965ccfc6d4b" outcome="Passed" testListId="8c84fa94-04c1-424b-9868-57a2d4851a1d" relativeResultsDirectory="210344d4-0750-4996-be59-fee78d25b6c8" />
    <UnitTestResult executionId="4c477cf5-6106-4649-94f3-288876769040" testId="d9be5457-45f4-4b4a-821d-f0b88ea27b61" testName="OmegaSpiral.Tests.Unit.Common.Omega.OmegaSpiralColorsTests.DeepSpace_MatchesDesignSpec" computerName="omega" duration="00:00:00.0190000" startTime="2025-10-26T22:28:12.7876753-04:00" endTime="2025-10-26T22:28:12.7879675-04:00" testType="13cdc9d9-ddb5-4fa4-a97d-d965ccfc6d4b" outcome="Passed" testListId="8c84fa94-04c1-424b-9868-57a2d4851a1d" relativeResultsDirectory="4c477cf5-6106-4649-94f3-288876769040" />
    <UnitTestResult executionId="224afcfc-88a0-45fa-b7e9-4c0f109eaaec" testId="f6072542-a4c7-4af7-abde-932fd18dc7fa" testName="OmegaSpiral.Tests.Integration.Ui.Omega.OmegaComponentFactory_UnitTests.CreateTextRenderer_WithNullLabel_ThrowsException" computerName="omega" duration="00:00:00.0270000" startTime="2025-10-26T22:28:03.3757553-04:00" endTime="2025-10-26T22:28:03.3760716-04:00" testType="13cdc9d9-ddb5-4fa4-a97d-d965ccfc6d4b" outcome="Passed" testListId="8c84fa94-04c1-424b-9868-57a2d4851a1d" relativeResultsDirectory="224afcfc-88a0-45fa-b7e9-4c0f109eaaec">
      <Output>
        <StdErr>Warning:
    Detected &lt;1&gt; orphan nodes during test execution!</StdErr>
        <ErrorInfo>
          <Message>Warning:
    Detected &lt;1&gt; orphan nodes during test execution!</Message>
        </ErrorInfo>
      </Output>
    </UnitTestResult>
    <UnitTestResult executionId="bded5dab-aab9-44ed-8994-641dcf459006" testId="17af4cc3-b1dc-475b-a2da-51e3616cd0c3" testName="[Before].PauseMenu_HasTitle" computerName="omega" startTime="2025-10-26T22:28:09.5656477-04:00" endTime="2025-10-26T22:28:09.5656506-04:00" testType="13cdc9d9-ddb5-4fa4-a97d-d965ccfc6d4b" outcome="Failed" testListId="8c84fa94-04c1-424b-9868-57a2d4851a1d" relativeResultsDirectory="bded5dab-aab9-44ed-8994-641dcf459006">
      <Output>
        <ErrorInfo>
          <Message>Expecting be NOT &lt;Null&gt;:</Message>
          <StackTrace>   at OmegaSpiral.Tests.Shared.OmegaUiTestHelper.ValidateBackgroundTheme(Control uiComponent, String componentName) in /home/adam/Dev/omega-spiral/chapter-zero/tests/shared/OmegaUiTestHelper.cs:line 51
   at OmegaSpiral.Tests.Integration.Ui.PauseMenuTests.Setup() in /home/adam/Dev/omega-spiral/chapter-zero/tests/integration/ui/PauseMenuTests.cs:line 34
   at Godot.SignalAwaiter.SignalCallback(IntPtr awaiterGCHandlePtr, godot_variant** args, Int32 argCount, godot_bool* outAwaiterIsNull) in /root/godot/modules/mono/glue/GodotSharp/GodotSharp/Core/SignalAwaiter.cs:line 65
</StackTrace>
        </ErrorInfo>
      </Output>
    </UnitTestResult>
    <UnitTestResult executionId="8149ee0e-ae1e-463c-acae-9456bd01cb8e" testId="309bc29b-5378-40ca-b1d0-7a8cf5831ab1" testName="[Before].ButtonContainer_Exists" computerName="omega" startTime="2025-10-26T22:28:01.5098261-04:00" endTime="2025-10-26T22:28:01.5098273-04:00" testType="13cdc9d9-ddb5-4fa4-a97d-d965ccfc6d4b" outcome="Failed" testListId="8c84fa94-04c1-424b-9868-57a2d4851a1d" relativeResultsDirectory="8149ee0e-ae1e-463c-acae-9456bd01cb8e">
      <Output>
        <ErrorInfo>
          <Message>Expecting be NOT &lt;Null&gt;:</Message>
          <StackTrace>   at OmegaSpiral.Tests.Shared.OmegaUiTestHelper.ValidateBackgroundTheme(Control uiComponent, String componentName) in /home/adam/Dev/omega-spiral/chapter-zero/tests/shared/OmegaUiTestHelper.cs:line 51
   at OmegaSpiral.Tests.Integration.Ui.BaseMenuUiTests.Setup() in /home/adam/Dev/omega-spiral/chapter-zero/tests/integration/ui/BaseMenuTests.cs:line 42
   at Godot.SignalAwaiter.SignalCallback(IntPtr awaiterGCHandlePtr, godot_variant** args, Int32 argCount, godot_bool* outAwaiterIsNull) in /root/godot/modules/mono/glue/GodotSharp/GodotSharp/Core/SignalAwaiter.cs:line 65
</StackTrace>
        </ErrorInfo>
      </Output>
    </UnitTestResult>
    <UnitTestResult executionId="dc742d18-ed64-43ba-a41d-bab5c6844312" testId="7e97be42-b11f-48b9-ad12-6e82503faaa0" testName="[Before].CreditsMenu_StartsScrollingWhenShown" computerName="omega" startTime="2025-10-26T22:28:01.7796965-04:00" endTime="2025-10-26T22:28:01.7796979-04:00" testType="13cdc9d9-ddb5-4fa4-a97d-d965ccfc6d4b" outcome="Failed" testListId="8c84fa94-04c1-424b-9868-57a2d4851a1d" relativeResultsDirectory="dc742d18-ed64-43ba-a41d-bab5c6844312">
      <Output>
        <ErrorInfo>
          <Message>Expecting be NOT &lt;Null&gt;:</Message>
          <StackTrace>   at OmegaSpiral.Tests.Shared.OmegaUiTestHelper.ValidateBackgroundTheme(Control uiComponent, String componentName) in /home/adam/Dev/omega-spiral/chapter-zero/tests/shared/OmegaUiTestHelper.cs:line 51
   at OmegaSpiral.Tests.Integration.Ui.CreditsMenuTests.Setup() in /home/adam/Dev/omega-spiral/chapter-zero/tests/integration/ui/CreditsMenuTests.cs:line 33
   at Godot.SignalAwaiter.SignalCallback(IntPtr awaiterGCHandlePtr, godot_variant** args, Int32 argCount, godot_bool* outAwaiterIsNull) in /root/godot/modules/mono/glue/GodotSharp/GodotSharp/Core/SignalAwaiter.cs:line 65
</StackTrace>
        </ErrorInfo>
      </Output>
    </UnitTestResult>
    <UnitTestResult executionId="3d993759-b028-4639-ace1-244b36ac57f6" testId="5315c792-9426-4acf-98fd-2e6b1d70ef10" testName="OmegaSpiral.Tests.Unit.Common.Omega.OmegaSpiralColorsTests.ScanlineOverlay_Has12PercentOpacity" computerName="omega" duration="00:00:00.0210000" startTime="2025-10-26T22:28:12.8293753-04:00" endTime="2025-10-26T22:28:12.8298023-04:00" testType="13cdc9d9-ddb5-4fa4-a97d-d965ccfc6d4b" outcome="Passed" testListId="8c84fa94-04c1-424b-9868-57a2d4851a1d" relativeResultsDirectory="3d993759-b028-4639-ace1-244b36ac57f6" />
    <UnitTestResult executionId="d55830d6-089e-4272-8006-f619f08bc58a" testId="5be1a814-38b1-40ee-bb74-995a453933c9" testName="OmegaSpiral.Tests.Unit.Common.Omega.OmegaSpiralColorsTests.PhosphorGlow_Has18PercentOpacity" computerName="omega" duration="00:00:00.0200000" startTime="2025-10-26T22:28:12.8074300-04:00" endTime="2025-10-26T22:28:12.8077714-04:00" testType="13cdc9d9-ddb5-4fa4-a97d-d965ccfc6d4b" outcome="Passed" testListId="8c84fa94-04c1-424b-9868-57a2d4851a1d" relativeResultsDirectory="d55830d6-089e-4272-8006-f619f08bc58a" />
    <UnitTestResult executionId="871ae180-b8b7-4aa9-b091-38923867cb8f" testId="244ab1df-db65-4d2b-b278-68d19fff0283" testName="OmegaSpiral.Tests.Integration.Ui.Omega.OmegaBackground_UnitTests.ConfigureBackground_ThrowsOnNull" computerName="omega" duration="00:00:00.0130000" startTime="2025-10-26T22:28:02.8279172-04:00" endTime="2025-10-26T22:28:02.8282226-04:00" testType="13cdc9d9-ddb5-4fa4-a97d-d965ccfc6d4b" outcome="Passed" testListId="8c84fa94-04c1-424b-9868-57a2d4851a1d" relativeResultsDirectory="871ae180-b8b7-4aa9-b091-38923867cb8f" />
    <UnitTestResult executionId="9aaa9993-b628-4249-a0b4-99efd77b5652" testId="62dcf2f7-4888-4c5e-8f5b-6c16d702c9ef" testName="[After].ValidateStateForTransitionReturnsTrueForValidTransitions" computerName="omega" startTime="2025-10-26T22:28:13.1605192-04:00" endTime="2025-10-26T22:28:13.1605200-04:00" testType="13cdc9d9-ddb5-4fa4-a97d-d965ccfc6d4b" outcome="Passed" testListId="8c84fa94-04c1-424b-9868-57a2d4851a1d" relativeResultsDirectory="9aaa9993-b628-4249-a0b4-99efd77b5652">
      <Output>
        <StdErr>Warning:
    Detected &lt;1&gt; orphan nodes during test suite setup stage!
    Check Setup:21 and Cleanup:31 for unfreed instances!</StdErr>
        <ErrorInfo>
          <Message>Warning:
    Detected &lt;1&gt; orphan nodes during test suite setup stage!
    Check Setup:21 and Cleanup:31 for unfreed instances!</Message>
        </ErrorInfo>
      </Output>
    </UnitTestResult>
    <UnitTestResult executionId="88d296c8-9e2b-4a23-8316-48f7f048b866" testId="8aa2a5ee-d0f6-4e98-9f90-9cd98347ea6a" testName="OmegaSpiral.Tests.Integration.Ui.BaseMenuUiTests.MenuMode_DefaultsToStandard" computerName="omega" duration="00:00:00.0270000" startTime="2025-10-26T22:28:01.7590632-04:00" endTime="2025-10-26T22:28:01.7593916-04:00" testType="13cdc9d9-ddb5-4fa4-a97d-d965ccfc6d4b" outcome="Passed" testListId="8c84fa94-04c1-424b-9868-57a2d4851a1d" relativeResultsDirectory="88d296c8-9e2b-4a23-8316-48f7f048b866" />
    <UnitTestResult executionId="a07ca22f-b200-4f1a-8661-21acbfb7539a" testId="71085cfa-f912-4cd8-a260-efc3d44fa3c5" testName="OmegaSpiral.Tests.Unit.Common.Omega.IOmegaChoicePresenterTests.OmegaChoicePresenter_ImplementsInterface" computerName="omega" duration="00:00:00.0100000" startTime="2025-10-26T22:28:13.3535002-04:00" endTime="2025-10-26T22:28:13.3538236-04:00" testType="13cdc9d9-ddb5-4fa4-a97d-d965ccfc6d4b" outcome="Passed" testListId="8c84fa94-04c1-424b-9868-57a2d4851a1d" relativeResultsDirectory="a07ca22f-b200-4f1a-8661-21acbfb7539a" />
    <UnitTestResult executionId="11295796-4a18-4019-9e94-15afbf7b9159" testId="099f2657-7fb7-419e-ac9f-2efef16eba6f" testName="OmegaSpiral.Tests.Unit.Common.Omega.IOmegaChoicePresenterTests.Interface_HasHideChoicesMethod" computerName="omega" duration="00:00:00.0300000" startTime="2025-10-26T22:28:13.3426834-04:00" endTime="2025-10-26T22:28:13.3429827-04:00" testType="13cdc9d9-ddb5-4fa4-a97d-d965ccfc6d4b" outcome="Passed" testListId="8c84fa94-04c1-424b-9868-57a2d4851a1d" relativeResultsDirectory="11295796-4a18-4019-9e94-15afbf7b9159" />
    <UnitTestResult executionId="65ccac5f-008a-46a4-965c-5fa4b0a93762" testId="a1ca61f6-750e-42a4-8f6d-4cc381586990" testName="OmegaSpiral.Tests.Integration.Ui.Omega.OmegaContainer_UnitTests.Ready_CallsHooksInCorrectOrder" computerName="omega" duration="00:00:00.0130000" startTime="2025-10-26T22:28:03.7387188-04:00" endTime="2025-10-26T22:28:03.7390045-04:00" testType="13cdc9d9-ddb5-4fa4-a97d-d965ccfc6d4b" outcome="Passed" testListId="8c84fa94-04c1-424b-9868-57a2d4851a1d" relativeResultsDirectory="65ccac5f-008a-46a4-965c-5fa4b0a93762" />
    <UnitTestResult executionId="f63cfd1e-e41d-4572-838e-de350c48154b" testId="608bca71-b8cb-4330-902f-b2fcc09b5dea" testName="OmegaSpiral.Tests.Integration.Ui.PauseMenuTests.PauseMenu_CanShowAndHide" computerName="omega" duration="00:00:00.0200000" startTime="2025-10-26T22:28:09.6643059-04:00" endTime="2025-10-26T22:28:09.6652832-04:00" testType="13cdc9d9-ddb5-4fa4-a97d-d965ccfc6d4b" outcome="Passed" testListId="8c84fa94-04c1-424b-9868-57a2d4851a1d" relativeResultsDirectory="f63cfd1e-e41d-4572-838e-de350c48154b" />
    <UnitTestResult executionId="efc712b1-112f-479e-b65b-1c37d407c748" testId="2d49967d-d77a-4d45-ad48-8bbe79f0f297" testName="OmegaSpiral.Tests.Integration.Ui.CreditsMenuTests.CreditsMenu_HasScrollContainer" computerName="omega" duration="00:00:00.0200000" startTime="2025-10-26T22:28:01.8271837-04:00" endTime="2025-10-26T22:28:01.8274945-04:00" testType="13cdc9d9-ddb5-4fa4-a97d-d965ccfc6d4b" outcome="Failed" testListId="8c84fa94-04c1-424b-9868-57a2d4851a1d" relativeResultsDirectory="efc712b1-112f-479e-b65b-1c37d407c748">
      <Output>
        <ErrorInfo>
          <Message>Expecting be NOT &lt;Null&gt;:</Message>
          <StackTrace>   at OmegaSpiral.Tests.Integration.Ui.CreditsMenuTests.CreditsMenu_HasScrollContainer() in /home/adam/Dev/omega-spiral/chapter-zero/tests/integration/ui/CreditsMenuTests.cs:line 71
</StackTrace>
        </ErrorInfo>
      </Output>
    </UnitTestResult>
    <UnitTestResult executionId="13b7a9ba-a604-4f7b-b5d0-a12ee41008d2" testId="4759a0d7-8c78-4bdd-993a-fadcfe192869" testName="OmegaSpiral.Tests.Unit.Common.Omega.OmegaShaderPresetsTests.PhosphorPreset_HasCorrectGreenColor" computerName="omega" duration="00:00:00.0130000" startTime="2025-10-26T22:28:12.6620186-04:00" endTime="2025-10-26T22:28:12.6623112-04:00" testType="13cdc9d9-ddb5-4fa4-a97d-d965ccfc6d4b" outcome="Passed" testListId="8c84fa94-04c1-424b-9868-57a2d4851a1d" relativeResultsDirectory="13b7a9ba-a604-4f7b-b5d0-a12ee41008d2" />
    <UnitTestResult executionId="ab3a9616-aa20-4484-aa3d-f6ac95b31e85" testId="d17143e3-55b3-4f89-9a9f-5ded59d2c99d" testName="[After].AppendTextAsync__EmptyText_DoesNothing" computerName="omega" startTime="2025-10-26T22:28:09.5316749-04:00" endTime="2025-10-26T22:28:09.5316769-04:00" testType="13cdc9d9-ddb5-4fa4-a97d-d965ccfc6d4b" outcome="Passed" testListId="8c84fa94-04c1-424b-9868-57a2d4851a1d" relativeResultsDirectory="ab3a9616-aa20-4484-aa3d-f6ac95b31e85">
      <Output>
        <StdErr>Warning:
    Detected &lt;1&gt; orphan nodes during test suite setup stage!
    Check Setup:41 and Cleanup:52 for unfreed instances!</StdErr>
        <ErrorInfo>
          <Message>Warning:
    Detected &lt;1&gt; orphan nodes during test suite setup stage!
    Check Setup:41 and Cleanup:52 for unfreed instances!</Message>
        </ErrorInfo>
      </Output>
    </UnitTestResult>
    <UnitTestResult executionId="736096e5-fc4d-49b4-aab8-3009d41f0d20" testId="715fbcf5-e14d-4787-9417-39b0d67a50c8" testName="OmegaSpiral.Tests.Integration.Ui.Menus.MainMenuTests.LaunchButton_ExistsWithCorrectText" computerName="omega" duration="00:00:00.0200000" startTime="2025-10-26T22:28:02.1669701-04:00" endTime="2025-10-26T22:28:02.1672885-04:00" testType="13cdc9d9-ddb5-4fa4-a97d-d965ccfc6d4b" outcome="Passed" testListId="8c84fa94-04c1-424b-9868-57a2d4851a1d" relativeResultsDirectory="736096e5-fc4d-49b4-aab8-3009d41f0d20" />
    <UnitTestResult executionId="7234144b-35cc-4f37-995b-9524a785ca69" testId="a784ce16-3a53-44b7-b3ce-7d8684bd8cb8" testName="[Before].ContentContainer_Exists" computerName="omega" startTime="2025-10-26T22:27:54.8558318-04:00" endTime="2025-10-26T22:27:54.8558343-04:00" testType="13cdc9d9-ddb5-4fa4-a97d-d965ccfc6d4b" outcome="Failed" testListId="8c84fa94-04c1-424b-9868-57a2d4851a1d" relativeResultsDirectory="7234144b-35cc-4f37-995b-9524a785ca69">
      <Output>
        <ErrorInfo>
          <Message>Expecting be NOT &lt;Null&gt;:</Message>
          <StackTrace>   at OmegaSpiral.Tests.Shared.OmegaUiTestHelper.ValidateBackgroundTheme(Control uiComponent, String componentName) in /home/adam/Dev/omega-spiral/chapter-zero/tests/shared/OmegaUiTestHelper.cs:line 51
   at BaseMenuUiUnitTests.Setup() in /home/adam/Dev/omega-spiral/chapter-zero/tests/unit/ui/menus/BaseMenuUiUnitTests.cs:line 44
   at Godot.SignalAwaiter.SignalCallback(IntPtr awaiterGCHandlePtr, godot_variant** args, Int32 argCount, godot_bool* outAwaiterIsNull) in /root/godot/modules/mono/glue/GodotSharp/GodotSharp/Core/SignalAwaiter.cs:line 65
</StackTrace>
        </ErrorInfo>
      </Output>
    </UnitTestResult>
    <UnitTestResult executionId="97543da1-bc07-4bde-a621-49455ea227f7" testId="d941ff99-f73c-4f20-b37d-be2d65a905e1" testName="[After].GetCurrentText_WhenEmpty_ReturnsEmptyString" computerName="omega" startTime="2025-10-26T22:28:09.5356956-04:00" endTime="2025-10-26T22:28:09.5356963-04:00" testType="13cdc9d9-ddb5-4fa4-a97d-d965ccfc6d4b" outcome="Passed" testListId="8c84fa94-04c1-424b-9868-57a2d4851a1d" relativeResultsDirectory="97543da1-bc07-4bde-a621-49455ea227f7">
      <Output>
        <StdErr>Warning:
    Detected &lt;1&gt; orphan nodes during test suite setup stage!
    Check Setup:41 and Cleanup:52 for unfreed instances!</StdErr>
        <ErrorInfo>
          <Message>Warning:
    Detected &lt;1&gt; orphan nodes during test suite setup stage!
    Check Setup:41 and Cleanup:52 for unfreed instances!</Message>
        </ErrorInfo>
      </Output>
    </UnitTestResult>
    <UnitTestResult executionId="767b2c1b-d0d1-473c-8225-212e4decb44e" testId="232f6251-daac-49ea-bada-d571fa017363" testName="[After].TransitionToScenePerformsSceneTransition" computerName="omega" startTime="2025-10-26T22:28:13.1598094-04:00" endTime="2025-10-26T22:28:13.1598100-04:00" testType="13cdc9d9-ddb5-4fa4-a97d-d965ccfc6d4b" outcome="Passed" testListId="8c84fa94-04c1-424b-9868-57a2d4851a1d" relativeResultsDirectory="767b2c1b-d0d1-473c-8225-212e4decb44e">
      <Output>
        <StdErr>Warning:
    Detected &lt;1&gt; orphan nodes during test suite setup stage!
    Check Setup:21 and Cleanup:31 for unfreed instances!</StdErr>
        <ErrorInfo>
          <Message>Warning:
    Detected &lt;1&gt; orphan nodes during test suite setup stage!
    Check Setup:21 and Cleanup:31 for unfreed instances!</Message>
        </ErrorInfo>
      </Output>
    </UnitTestResult>
    <UnitTestResult executionId="dfe7f0bf-bee7-4bec-8fa9-a66e5ae8db8e" testId="a7e426cc-a157-4ab3-84ed-77794764bed7" testName="OmegaSpiral.Tests.Integration.Ui.Omega.ChoiceButtonTests.Configure_ThrowsExceptionForEmptyText" computerName="omega" duration="00:00:00.0130000" startTime="2025-10-26T22:28:02.6830537-04:00" endTime="2025-10-26T22:28:02.6833514-04:00" testType="13cdc9d9-ddb5-4fa4-a97d-d965ccfc6d4b" outcome="Passed" testListId="8c84fa94-04c1-424b-9868-57a2d4851a1d" relativeResultsDirectory="dfe7f0bf-bee7-4bec-8fa9-a66e5ae8db8e" />
    <UnitTestResult executionId="5c2a9719-c7e6-46b9-96b8-1b127d8831a9" testId="0069937b-6ec5-4dc6-8252-e8d7af151c11" testName="[After].CompositionHelpers_CanBeUsedTogether" computerName="omega" startTime="2025-10-26T22:28:03.9617267-04:00" endTime="2025-10-26T22:28:03.9617386-04:00" testType="13cdc9d9-ddb5-4fa4-a97d-d965ccfc6d4b" outcome="Failed" testListId="8c84fa94-04c1-424b-9868-57a2d4851a1d" relativeResultsDirectory="5c2a9719-c7e6-46b9-96b8-1b127d8831a9">
      <Output>
        <StdErr>Warning:
    Detected &lt;1&gt; orphan nodes during test suite setup stage!
    Check Setup:98 and Cleanup:104 for unfreed instances!</StdErr>
        <ErrorInfo>
          <Message>Warning:
    Detected &lt;1&gt; orphan nodes during test suite setup stage!
    Check Setup:98 and Cleanup:104 for unfreed instances!</Message>
        </ErrorInfo>
      </Output>
    </UnitTestResult>
    <UnitTestResult executionId="0fb846ba-0e9f-458f-9b0b-f19faa6bcc5c" testId="14e365a7-69a9-4853-ba3b-8f489030947f" testName="OmegaSpiral.Tests.Integration.Ui.Omega.OmegaContainer_UnitTests.TextRenderer_IsNullByDefault" computerName="omega" duration="00:00:00.0130000" startTime="2025-10-26T22:28:03.9322577-04:00" endTime="2025-10-26T22:28:03.9337033-04:00" testType="13cdc9d9-ddb5-4fa4-a97d-d965ccfc6d4b" outcome="Passed" testListId="8c84fa94-04c1-424b-9868-57a2d4851a1d" relativeResultsDirectory="0fb846ba-0e9f-458f-9b0b-f19faa6bcc5c" />
    <UnitTestResult executionId="c8637132-0be5-4af1-bdf2-38d1942fe500" testId="9a50ee73-4ad8-4fc4-b283-fd9578e3ce52" testName="[Before].CreditsMenu_FocusesBackButton" computerName="omega" startTime="2025-10-26T22:28:01.7784077-04:00" endTime="2025-10-26T22:28:01.7784087-04:00" testType="13cdc9d9-ddb5-4fa4-a97d-d965ccfc6d4b" outcome="Failed" testListId="8c84fa94-04c1-424b-9868-57a2d4851a1d" relativeResultsDirectory="c8637132-0be5-4af1-bdf2-38d1942fe500">
      <Output>
        <ErrorInfo>
          <Message>Expecting be NOT &lt;Null&gt;:</Message>
          <StackTrace>   at OmegaSpiral.Tests.Shared.OmegaUiTestHelper.ValidateBackgroundTheme(Control uiComponent, String componentName) in /home/adam/Dev/omega-spiral/chapter-zero/tests/shared/OmegaUiTestHelper.cs:line 51
   at OmegaSpiral.Tests.Integration.Ui.CreditsMenuTests.Setup() in /home/adam/Dev/omega-spiral/chapter-zero/tests/integration/ui/CreditsMenuTests.cs:line 33
   at Godot.SignalAwaiter.SignalCallback(IntPtr awaiterGCHandlePtr, godot_variant** args, Int32 argCount, godot_bool* outAwaiterIsNull) in /root/godot/modules/mono/glue/GodotSharp/GodotSharp/Core/SignalAwaiter.cs:line 65
</StackTrace>
        </ErrorInfo>
      </Output>
    </UnitTestResult>
    <UnitTestResult executionId="8d3d79a0-6c0b-4030-8360-534ccc6f7971" testId="608bca71-b8cb-4330-902f-b2fcc09b5dea" testName="[Before].PauseMenu_CanShowAndHide" computerName="omega" startTime="2025-10-26T22:28:09.5574524-04:00" endTime="2025-10-26T22:28:09.5574539-04:00" testType="13cdc9d9-ddb5-4fa4-a97d-d965ccfc6d4b" outcome="Failed" testListId="8c84fa94-04c1-424b-9868-57a2d4851a1d" relativeResultsDirectory="8d3d79a0-6c0b-4030-8360-534ccc6f7971">
      <Output>
        <ErrorInfo>
          <Message>Expecting be NOT &lt;Null&gt;:</Message>
          <StackTrace>   at OmegaSpiral.Tests.Shared.OmegaUiTestHelper.ValidateBackgroundTheme(Control uiComponent, String componentName) in /home/adam/Dev/omega-spiral/chapter-zero/tests/shared/OmegaUiTestHelper.cs:line 51
   at OmegaSpiral.Tests.Integration.Ui.PauseMenuTests.Setup() in /home/adam/Dev/omega-spiral/chapter-zero/tests/integration/ui/PauseMenuTests.cs:line 34
   at Godot.SignalAwaiter.SignalCallback(IntPtr awaiterGCHandlePtr, godot_variant** args, Int32 argCount, godot_bool* outAwaiterIsNull) in /root/godot/modules/mono/glue/GodotSharp/GodotSharp/Core/SignalAwaiter.cs:line 65
</StackTrace>
        </ErrorInfo>
      </Output>
    </UnitTestResult>
    <UnitTestResult executionId="a285c613-627d-4364-9a36-90f097c90ebd" testId="70e6e487-43fb-467d-b53b-649dcf6a0f4c" testName="OmegaSpiral.Tests.Integration.Ui.Omega.OmegaBackground_UnitTests.ResetToDesignSystemColor_HandlesNull" computerName="omega" duration="00:00:00.0130000" startTime="2025-10-26T22:28:02.9245978-04:00" endTime="2025-10-26T22:28:02.9248908-04:00" testType="13cdc9d9-ddb5-4fa4-a97d-d965ccfc6d4b" outcome="Passed" testListId="8c84fa94-04c1-424b-9868-57a2d4851a1d" relativeResultsDirectory="a285c613-627d-4364-9a36-90f097c90ebd" />
    <UnitTestResult executionId="51f5e454-5b62-460f-9765-2683c18deaf5" testId="ddf480fd-3b18-4eff-b69f-6a3483d173a1" testName="OmegaSpiral.Tests.Unit.Common.Omega.OmegaShaderPresetsTests.StaticPresets_AreConsistent" computerName="omega" duration="00:00:00.0130000" startTime="2025-10-26T22:28:12.6758359-04:00" endTime="2025-10-26T22:28:12.6761220-04:00" testType="13cdc9d9-ddb5-4fa4-a97d-d965ccfc6d4b" outcome="Passed" testListId="8c84fa94-04c1-424b-9868-57a2d4851a1d" relativeResultsDirectory="51f5e454-5b62-460f-9765-2683c18deaf5" />
    <UnitTestResult executionId="fa4e2257-917b-4e8f-a302-312e0943c970" testId="f2f3502b-3a82-4de5-b5c3-34f258204769" testName="OmegaSpiral.Tests.Integration.Ui.Omega.OmegaComponentFactory_UnitTests.CreateBorderFrame_HasCorrectName" computerName="omega" duration="00:00:00.0130000" startTime="2025-10-26T22:28:03.2557347-04:00" endTime="2025-10-26T22:28:03.2560330-04:00" testType="13cdc9d9-ddb5-4fa4-a97d-d965ccfc6d4b" outcome="Passed" testListId="8c84fa94-04c1-424b-9868-57a2d4851a1d" relativeResultsDirectory="fa4e2257-917b-4e8f-a302-312e0943c970" />
    <UnitTestResult executionId="cfa33d8e-9ef4-496f-ab82-a4009c4af92b" testId="9dd4531e-464b-4a63-8dd2-0aac9127634b" testName="[After].QuitButton_Exists" computerName="omega" startTime="2025-10-26T22:28:02.5827296-04:00" endTime="2025-10-26T22:28:02.5827314-04:00" testType="13cdc9d9-ddb5-4fa4-a97d-d965ccfc6d4b" outcome="Failed" testListId="8c84fa94-04c1-424b-9868-57a2d4851a1d" relativeResultsDirectory="cfa33d8e-9ef4-496f-ab82-a4009c4af92b">
      <Output>
        <StdErr>Warning:
    Detected &lt;38&gt; orphan nodes during test suite setup stage!
    Check Setup:28 and Cleanup:36 for unfreed instances!</StdErr>
        <ErrorInfo>
          <Message>Warning:
    Detected &lt;38&gt; orphan nodes during test suite setup stage!
    Check Setup:28 and Cleanup:36 for unfreed instances!</Message>
        </ErrorInfo>
      </Output>
    </UnitTestResult>
    <UnitTestResult executionId="7a9e57aa-4ab0-4192-82ec-ae8950ba64ee" testId="ab3a5a45-9dd6-493e-8c8e-9491ec7b3125" testName="[After].SetDreamweaverThreadStoresValueCorrectly" computerName="omega" startTime="2025-10-26T22:28:13.1589512-04:00" endTime="2025-10-26T22:28:13.1589529-04:00" testType="13cdc9d9-ddb5-4fa4-a97d-d965ccfc6d4b" outcome="Passed" testListId="8c84fa94-04c1-424b-9868-57a2d4851a1d" relativeResultsDirectory="7a9e57aa-4ab0-4192-82ec-ae8950ba64ee">
      <Output>
        <StdErr>Warning:
    Detected &lt;1&gt; orphan nodes during test suite setup stage!
    Check Setup:21 and Cleanup:31 for unfreed instances!</StdErr>
        <ErrorInfo>
          <Message>Warning:
    Detected &lt;1&gt; orphan nodes during test suite setup stage!
    Check Setup:21 and Cleanup:31 for unfreed instances!</Message>
        </ErrorInfo>
      </Output>
    </UnitTestResult>
    <UnitTestResult executionId="650f1107-a519-43c0-8419-4546eedc6a68" testId="d77bb639-4393-47a5-857d-3a40dfd587a3" testName="OmegaSpiral.Tests.Unit.Common.Omega.OmegaShaderControllerTests.ApplyVisualPresetAsync_InvalidPreset_ThrowsArgumentException" computerName="omega" duration="00:00:00.0200000" startTime="2025-10-26T22:28:10.8062699-04:00" endTime="2025-10-26T22:28:10.8065753-04:00" testType="13cdc9d9-ddb5-4fa4-a97d-d965ccfc6d4b" outcome="Passed" testListId="8c84fa94-04c1-424b-9868-57a2d4851a1d" relativeResultsDirectory="650f1107-a519-43c0-8419-4546eedc6a68" />
    <UnitTestResult executionId="a9cfb110-7cd0-4a9a-b214-73a9469fc553" testId="2fd13886-b7de-4b79-bd06-45724df20940" testName="OmegaSpiral.Tests.Unit.Common.Omega.OmegaChoicePresenterTests.HideChoices_AfterPresentingChoices_RemovesFromDisplay" computerName="omega" duration="00:00:00.1230000" startTime="2025-10-26T22:28:10.4817962-04:00" endTime="2025-10-26T22:28:10.4821283-04:00" testType="13cdc9d9-ddb5-4fa4-a97d-d965ccfc6d4b" outcome="Passed" testListId="8c84fa94-04c1-424b-9868-57a2d4851a1d" relativeResultsDirectory="a9cfb110-7cd0-4a9a-b214-73a9469fc553" />
    <UnitTestResult executionId="22d93d37-5d17-4b73-9229-2f06c9abf300" testId="4e0f0109-4dfd-452e-bc21-65d40c4e6b30" testName="OmegaSpiral.Tests.Integration.Ui.Menus.MainMenuTests.OptionsButton_Exists" computerName="omega" duration="00:00:00.0200000" startTime="2025-10-26T22:28:02.1878301-04:00" endTime="2025-10-26T22:28:02.1881437-04:00" testType="13cdc9d9-ddb5-4fa4-a97d-d965ccfc6d4b" outcome="Failed" testListId="8c84fa94-04c1-424b-9868-57a2d4851a1d" relativeResultsDirectory="22d93d37-5d17-4b73-9229-2f06c9abf300">
      <Output>
        <ErrorInfo>
          <Message>Expecting be NOT &lt;Null&gt;:</Message>
          <StackTrace>   at OmegaSpiral.Tests.Integration.Ui.Menus.MainMenuTests.OptionsButton_Exists() in /home/adam/Dev/omega-spiral/chapter-zero/tests/integration/ui/menus/MainMenuTests.cs:line 183
</StackTrace>
        </ErrorInfo>
      </Output>
    </UnitTestResult>
    <UnitTestResult executionId="b6476b21-c8ba-4663-9902-bb1e25d300f7" testId="7cb47656-1c71-4120-bc2f-e01d1b13efb5" testName="[Before].GetFocusedButton_ReturnsCorrectButton" computerName="omega" startTime="2025-10-26T22:27:54.8599537-04:00" endTime="2025-10-26T22:27:54.8599589-04:00" testType="13cdc9d9-ddb5-4fa4-a97d-d965ccfc6d4b" outcome="Failed" testListId="8c84fa94-04c1-424b-9868-57a2d4851a1d" relativeResultsDirectory="b6476b21-c8ba-4663-9902-bb1e25d300f7">
      <Output>
        <ErrorInfo>
          <Message>Expecting be NOT &lt;Null&gt;:</Message>
          <StackTrace>   at OmegaSpiral.Tests.Shared.OmegaUiTestHelper.ValidateBackgroundTheme(Control uiComponent, String componentName) in /home/adam/Dev/omega-spiral/chapter-zero/tests/shared/OmegaUiTestHelper.cs:line 51
   at BaseMenuUiUnitTests.Setup() in /home/adam/Dev/omega-spiral/chapter-zero/tests/unit/ui/menus/BaseMenuUiUnitTests.cs:line 44
   at Godot.SignalAwaiter.SignalCallback(IntPtr awaiterGCHandlePtr, godot_variant** args, Int32 argCount, godot_bool* outAwaiterIsNull) in /root/godot/modules/mono/glue/GodotSharp/GodotSharp/Core/SignalAwaiter.cs:line 65
</StackTrace>
        </ErrorInfo>
      </Output>
    </UnitTestResult>
    <UnitTestResult executionId="51297b9f-c7e1-4db2-92c8-f91d52f85d0f" testId="80ab21ff-f93e-4027-8d8c-c3db990673ba" testName="OmegaSpiral.Tests.Unit.Common.Omega.OmegaChoicePresenterTests.PresentChoicesAsync_WithChoiceOptions_ReturnsSelectedIndex" computerName="omega" duration="00:00:00.1310000" startTime="2025-10-26T22:28:10.3583455-04:00" endTime="2025-10-26T22:28:10.3586428-04:00" testType="13cdc9d9-ddb5-4fa4-a97d-d965ccfc6d4b" outcome="Passed" testListId="8c84fa94-04c1-424b-9868-57a2d4851a1d" relativeResultsDirectory="51297b9f-c7e1-4db2-92c8-f91d52f85d0f" />
    <UnitTestResult executionId="6b583610-0846-440a-a646-717418cc4c05" testId="a1ca61f6-750e-42a4-8f6d-4cc381586990" testName="[After].Ready_CallsHooksInCorrectOrder" computerName="omega" startTime="2025-10-26T22:28:03.9664937-04:00" endTime="2025-10-26T22:28:03.9664945-04:00" testType="13cdc9d9-ddb5-4fa4-a97d-d965ccfc6d4b" outcome="Failed" testListId="8c84fa94-04c1-424b-9868-57a2d4851a1d" relativeResultsDirectory="6b583610-0846-440a-a646-717418cc4c05">
      <Output>
        <StdErr>Warning:
    Detected &lt;1&gt; orphan nodes during test suite setup stage!
    Check Setup:98 and Cleanup:104 for unfreed instances!</StdErr>
        <ErrorInfo>
          <Message>Warning:
    Detected &lt;1&gt; orphan nodes during test suite setup stage!
    Check Setup:98 and Cleanup:104 for unfreed instances!</Message>
        </ErrorInfo>
      </Output>
    </UnitTestResult>
    <UnitTestResult executionId="fed3e796-98b7-4353-a3d8-638e1039a14c" testId="1b603e60-082f-481e-b05a-8d3afc1443b8" testName="OmegaSpiral.Tests.Unit.Common.Omega.OmegaShaderPresetsTests.GetPreset_ReturnsNullForUnknownPreset" computerName="omega" duration="00:00:00.0200000" startTime="2025-10-26T22:28:12.6005751-04:00" endTime="2025-10-26T22:28:12.6009443-04:00" testType="13cdc9d9-ddb5-4fa4-a97d-d965ccfc6d4b" outcome="Passed" testListId="8c84fa94-04c1-424b-9868-57a2d4851a1d" relativeResultsDirectory="fed3e796-98b7-4353-a3d8-638e1039a14c" />
    <UnitTestResult executionId="cfff289d-d781-46a3-8a17-a8edbbac4d56" testId="7868f722-99f0-4cf9-bb6d-ef242dec1130" testName="OmegaSpiral.Tests.Unit.Common.Omega.OmegaChoicePresenterTests.AreChoicesVisible_Initially_ReturnsFalse" computerName="omega" duration="00:00:00.0210000" startTime="2025-10-26T22:28:10.5041611-04:00" endTime="2025-10-26T22:28:10.5044956-04:00" testType="13cdc9d9-ddb5-4fa4-a97d-d965ccfc6d4b" outcome="Passed" testListId="8c84fa94-04c1-424b-9868-57a2d4851a1d" relativeResultsDirectory="cfff289d-d781-46a3-8a17-a8edbbac4d56" />
    <UnitTestResult executionId="cc1f6c1a-5745-46f3-a901-334278d4e4e9" testId="515ed10d-2a00-4f3e-ad33-09396ca84cc1" testName="[After].AppendTextAsync_DefaultParameters_AppendsTextCorrectly" computerName="omega" startTime="2025-10-26T22:28:09.5323186-04:00" endTime="2025-10-26T22:28:09.5323194-04:00" testType="13cdc9d9-ddb5-4fa4-a97d-d965ccfc6d4b" outcome="Passed" testListId="8c84fa94-04c1-424b-9868-57a2d4851a1d" relativeResultsDirectory="cc1f6c1a-5745-46f3-a901-334278d4e4e9">
      <Output>
        <StdErr>Warning:
    Detected &lt;1&gt; orphan nodes during test suite setup stage!
    Check Setup:41 and Cleanup:52 for unfreed instances!</StdErr>
        <ErrorInfo>
          <Message>Warning:
    Detected &lt;1&gt; orphan nodes during test suite setup stage!
    Check Setup:41 and Cleanup:52 for unfreed instances!</Message>
        </ErrorInfo>
      </Output>
    </UnitTestResult>
    <UnitTestResult executionId="d058ba4d-012c-40f8-931e-168fae8accdd" testId="7a1175a7-bd5c-4b69-8336-34a27995ddc3" testName="OmegaSpiral.Tests.Common.GameStateSignalTests.PlayerProgressionChangedSignal_EmittedWhenMilestoneReached_SignalReceived" computerName="omega" duration="00:00:01.0550000" startTime="2025-10-26T22:27:57.1394718-04:00" endTime="2025-10-26T22:27:57.1404310-04:00" testType="13cdc9d9-ddb5-4fa4-a97d-d965ccfc6d4b" outcome="Failed" testListId="8c84fa94-04c1-424b-9868-57a2d4851a1d" relativeResultsDirectory="d058ba4d-012c-40f8-931e-168fae8accdd">
      <Output>
        <ErrorInfo>
          <Message>Expecting do emitting signal:
    "PlayerProgressionChanged(&lt;Empty&gt;)"
 by
    &lt;OmegaSpiral.Source.Scripts.GameStateSignals&gt; (objId: 66353891069)</Message>
          <StackTrace>   at GdUnit4.Asserts.SignalAssert.ThrowTestFailureReport(String message, Int32 lineNumber)
</StackTrace>
        </ErrorInfo>
      </Output>
    </UnitTestResult>
    <UnitTestResult executionId="c5c9efb9-0dd3-41e2-87b8-a13f343f26f0" testId="715fbcf5-e14d-4787-9417-39b0d67a50c8" testName="[After].LaunchButton_ExistsWithCorrectText" computerName="omega" startTime="2025-10-26T22:28:02.5710227-04:00" endTime="2025-10-26T22:28:02.5710261-04:00" testType="13cdc9d9-ddb5-4fa4-a97d-d965ccfc6d4b" outcome="Failed" testListId="8c84fa94-04c1-424b-9868-57a2d4851a1d" relativeResultsDirectory="c5c9efb9-0dd3-41e2-87b8-a13f343f26f0">
      <Output>
        <StdErr>Warning:
    Detected &lt;38&gt; orphan nodes during test suite setup stage!
    Check Setup:28 and Cleanup:36 for unfreed instances!</StdErr>
        <ErrorInfo>
          <Message>Warning:
    Detected &lt;38&gt; orphan nodes during test suite setup stage!
    Check Setup:28 and Cleanup:36 for unfreed instances!</Message>
        </ErrorInfo>
      </Output>
    </UnitTestResult>
    <UnitTestResult executionId="597a5175-4328-4a32-b675-7d4411f8eda1" testId="0a015625-4f95-4624-b013-27ac80bfc716" testName="[After].OmegaContainer_IsGlobalClass" computerName="omega" startTime="2025-10-26T22:28:03.9656818-04:00" endTime="2025-10-26T22:28:03.9656845-04:00" testType="13cdc9d9-ddb5-4fa4-a97d-d965ccfc6d4b" outcome="Failed" testListId="8c84fa94-04c1-424b-9868-57a2d4851a1d" relativeResultsDirectory="597a5175-4328-4a32-b675-7d4411f8eda1">
      <Output>
        <StdErr>Warning:
    Detected &lt;1&gt; orphan nodes during test suite setup stage!
    Check Setup:98 and Cleanup:104 for unfreed instances!</StdErr>
        <ErrorInfo>
          <Message>Warning:
    Detected &lt;1&gt; orphan nodes during test suite setup stage!
    Check Setup:98 and Cleanup:104 for unfreed instances!</Message>
        </ErrorInfo>
      </Output>
    </UnitTestResult>
    <UnitTestResult executionId="7b851e12-8d09-43d3-ae89-963d1699fbbb" testId="693a816e-7015-4de0-acb6-1a495ae4ab87" testName="[After].MenuButtonContainer_HasCorrectSpacing" computerName="omega" startTime="2025-10-26T22:28:02.5751792-04:00" endTime="2025-10-26T22:28:02.5751807-04:00" testType="13cdc9d9-ddb5-4fa4-a97d-d965ccfc6d4b" outcome="Failed" testListId="8c84fa94-04c1-424b-9868-57a2d4851a1d" relativeResultsDirectory="7b851e12-8d09-43d3-ae89-963d1699fbbb">
      <Output>
        <StdErr>Warning:
    Detected &lt;38&gt; orphan nodes during test suite setup stage!
    Check Setup:28 and Cleanup:36 for unfreed instances!</StdErr>
        <ErrorInfo>
          <Message>Warning:
    Detected &lt;38&gt; orphan nodes during test suite setup stage!
    Check Setup:28 and Cleanup:36 for unfreed instances!</Message>
        </ErrorInfo>
      </Output>
    </UnitTestResult>
    <UnitTestResult executionId="2de44564-2e73-406f-8d6e-d496dc0ccc82" testId="fa6489ee-ec24-4fc8-9656-8bf69cce58c1" testName="BaseMenuUiUnitTests.NavigateDown_MovesFocusToNextButton" computerName="omega" duration="00:00:00.0220000" startTime="2025-10-26T22:27:54.9837738-04:00" endTime="2025-10-26T22:27:54.9841484-04:00" testType="13cdc9d9-ddb5-4fa4-a97d-d965ccfc6d4b" outcome="Failed" testListId="8c84fa94-04c1-424b-9868-57a2d4851a1d" relativeResultsDirectory="2de44564-2e73-406f-8d6e-d496dc0ccc82">
      <Output>
        <StdErr>Warning:
    Detected &lt;2&gt; orphan nodes during test execution!</StdErr>
        <ErrorInfo>
          <Message>Expecting: 'True' but is 'False'</Message>
          <StackTrace>   at BaseMenuUiUnitTests.NavigateDown_MovesFocusToNextButton() in /home/adam/Dev/omega-spiral/chapter-zero/tests/unit/ui/menus/BaseMenuUiUnitTests.cs:line 150
</StackTrace>
        </ErrorInfo>
      </Output>
    </UnitTestResult>
    <UnitTestResult executionId="9b02e8c9-f09e-4bd6-aea4-273a37e263fd" testId="dd37339b-29e0-4eba-96fd-909332a14c69" testName="[After].Background_ShouldNotBeWhite" computerName="omega" startTime="2025-10-26T22:28:02.5612407-04:00" endTime="2025-10-26T22:28:02.5612418-04:00" testType="13cdc9d9-ddb5-4fa4-a97d-d965ccfc6d4b" outcome="Failed" testListId="8c84fa94-04c1-424b-9868-57a2d4851a1d" relativeResultsDirectory="9b02e8c9-f09e-4bd6-aea4-273a37e263fd">
      <Output>
        <StdErr>Warning:
    Detected &lt;38&gt; orphan nodes during test suite setup stage!
    Check Setup:28 and Cleanup:36 for unfreed instances!</StdErr>
        <ErrorInfo>
          <Message>Warning:
    Detected &lt;38&gt; orphan nodes during test suite setup stage!
    Check Setup:28 and Cleanup:36 for unfreed instances!</Message>
        </ErrorInfo>
      </Output>
    </UnitTestResult>
    <UnitTestResult executionId="36324eb6-d904-4ece-8394-1355f5299e60" testId="8c941ede-19a1-40e4-bce3-087596414ea5" testName="OmegaSpiral.Tests.Integration.Ui.Menus.MainMenuTests.OptionsButton_HasPressedSignalHandler" computerName="omega" duration="00:00:00.0210000" startTime="2025-10-26T22:28:02.2523866-04:00" endTime="2025-10-26T22:28:02.2529093-04:00" testType="13cdc9d9-ddb5-4fa4-a97d-d965ccfc6d4b" outcome="Failed" testListId="8c84fa94-04c1-424b-9868-57a2d4851a1d" relativeResultsDirectory="36324eb6-d904-4ece-8394-1355f5299e60">
      <Output>
        <ErrorInfo>
          <Message>Sequence contains no matching element</Message>
          <StackTrace>   at System.Linq.ThrowHelper.ThrowNoMatchException()
   at System.Linq.Enumerable.First[TSource](IEnumerable`1 source, Func`2 predicate)
   at OmegaSpiral.Tests.Integration.Ui.Menus.MainMenuTests.OptionsButton_HasPressedSignalHandler() in /home/adam/Dev/omega-spiral/chapter-zero/tests/integration/ui/menus/MainMenuTests.cs:line 224
   at System.RuntimeMethodHandle.InvokeMethod(ObjectHandleOnStack target, Void** arguments, ObjectHandleOnStack sig, BOOL isConstructor, ObjectHandleOnStack result)
   at System.RuntimeMethodHandle.InvokeMethod(ObjectHandleOnStack target, Void** arguments, ObjectHandleOnStack sig, BOOL isConstructor, ObjectHandleOnStack result)
   at System.Reflection.MethodBaseInvoker.InterpretedInvoke_Method(Object obj, IntPtr* args)
   at System.Reflection.RuntimeMethodInfo.Invoke(Object obj, BindingFlags invokeAttr, Binder binder, Object[] parameters, CultureInfo culture)
</StackTrace>
        </ErrorInfo>
      </Output>
    </UnitTestResult>
    <UnitTestResult executionId="48c97848-3620-4eb1-ae81-73918cbbf5fd" testId="86119f86-181c-4ca5-b48b-05f0b5ffefea" testName="OmegaSpiral.Tests.Integration.Common.OmegaIntegrationTests.Components_InitializeWithoutConflicts" computerName="omega" duration="00:00:00.0360000" startTime="2025-10-26T22:28:00.3956186-04:00" endTime="2025-10-26T22:28:00.3959347-04:00" testType="13cdc9d9-ddb5-4fa4-a97d-d965ccfc6d4b" outcome="Passed" testListId="8c84fa94-04c1-424b-9868-57a2d4851a1d" relativeResultsDirectory="48c97848-3620-4eb1-ae81-73918cbbf5fd" />
    <UnitTestResult executionId="160e6a78-d0a1-42ec-b7a6-e5a94fb029c1" testId="d4a5631c-5fdc-42df-9123-f20e48e4ac94" testName="OmegaSpiral.Tests.Integration.Ui.Omega.OmegaBackground_UnitTests.DeepSpace_HasCorrectRGBValues" computerName="omega" duration="00:00:00.0200000" startTime="2025-10-26T22:28:02.8777726-04:00" endTime="2025-10-26T22:28:02.8780978-04:00" testType="13cdc9d9-ddb5-4fa4-a97d-d965ccfc6d4b" outcome="Passed" testListId="8c84fa94-04c1-424b-9868-57a2d4851a1d" relativeResultsDirectory="160e6a78-d0a1-42ec-b7a6-e5a94fb029c1" />
    <UnitTestResult executionId="93f85218-ea31-48b8-b4f4-b861f9a2779e" testId="c5576f40-55e7-46f8-8af2-8471dcffd157" testName="[After].GlitchLayer_IsVisibleWithCorrectOpacity" computerName="omega" startTime="2025-10-26T22:28:02.5649881-04:00" endTime="2025-10-26T22:28:02.5649903-04:00" testType="13cdc9d9-ddb5-4fa4-a97d-d965ccfc6d4b" outcome="Failed" testListId="8c84fa94-04c1-424b-9868-57a2d4851a1d" relativeResultsDirectory="93f85218-ea31-48b8-b4f4-b861f9a2779e">
      <Output>
        <StdErr>Warning:
    Detected &lt;38&gt; orphan nodes during test suite setup stage!
    Check Setup:28 and Cleanup:36 for unfreed instances!</StdErr>
        <ErrorInfo>
          <Message>Warning:
    Detected &lt;38&gt; orphan nodes during test suite setup stage!
    Check Setup:28 and Cleanup:36 for unfreed instances!</Message>
        </ErrorInfo>
      </Output>
    </UnitTestResult>
    <UnitTestResult executionId="c57cb758-c926-4c4b-bd97-9365e76426cd" testId="c22c31d0-124b-4c31-8f76-d35c42985918" testName="OmegaSpiral.Tests.Integration.Ui.Omega.OmegaContainer_UnitTests.ComposeTextRenderer_CreatesTextRenderer" computerName="omega" duration="00:00:00.0210000" startTime="2025-10-26T22:28:03.8020761-04:00" endTime="2025-10-26T22:28:03.8023600-04:00" testType="13cdc9d9-ddb5-4fa4-a97d-d965ccfc6d4b" outcome="Passed" testListId="8c84fa94-04c1-424b-9868-57a2d4851a1d" relativeResultsDirectory="c57cb758-c926-4c4b-bd97-9365e76426cd">
      <Output>
        <StdErr>Warning:
    Detected &lt;1&gt; orphan nodes during test execution!</StdErr>
        <ErrorInfo>
          <Message>Warning:
    Detected &lt;1&gt; orphan nodes during test execution!</Message>
        </ErrorInfo>
      </Output>
    </UnitTestResult>
    <UnitTestResult executionId="2a5a00a9-768b-4ac7-8ba7-5605f896e219" testId="38cbe257-6fd9-4619-a7d0-6a2321a328eb" testName="OmegaSpiral.Tests.Unit.Common.Omega.IOmegaTextRendererTests.Interface_HasSetTextColorMethod" computerName="omega" duration="00:00:00.0100000" startTime="2025-10-26T22:28:13.4318842-04:00" endTime="2025-10-26T22:28:13.4322320-04:00" testType="13cdc9d9-ddb5-4fa4-a97d-d965ccfc6d4b" outcome="Passed" testListId="8c84fa94-04c1-424b-9868-57a2d4851a1d" relativeResultsDirectory="2a5a00a9-768b-4ac7-8ba7-5605f896e219" />
    <UnitTestResult executionId="16b88b08-e679-48f8-9a1b-2e1e49c38811" testId="324e6869-4a5a-47a8-ba4a-184ef7bfd834" testName="OmegaSpiral.Tests.Integration.Ui.Menus.MainMenuTests.ScanlineLayer_IsVisibleWithCorrectOpacity" computerName="omega" duration="00:00:00.0200000" startTime="2025-10-26T22:28:02.4832931-04:00" endTime="2025-10-26T22:28:02.4836450-04:00" testType="13cdc9d9-ddb5-4fa4-a97d-d965ccfc6d4b" outcome="Failed" testListId="8c84fa94-04c1-424b-9868-57a2d4851a1d" relativeResultsDirectory="16b88b08-e679-48f8-9a1b-2e1e49c38811">
      <Output>
        <ErrorInfo>
          <Message>Expecting be NOT &lt;Null&gt;:</Message>
          <StackTrace>   at OmegaSpiral.Tests.Integration.Ui.Menus.MainMenuTests.ScanlineLayer_IsVisibleWithCorrectOpacity() in /home/adam/Dev/omega-spiral/chapter-zero/tests/integration/ui/menus/MainMenuTests.cs:line 404
</StackTrace>
        </ErrorInfo>
      </Output>
    </UnitTestResult>
    <UnitTestResult executionId="8c4f3e02-6ca8-45b8-b37f-f08533e63ed1" testId="dabbeae1-98b0-4054-898c-d2d706de363d" testName="[After].ComposeChoicePresenter_CreatesChoicePresenter" computerName="omega" startTime="2025-10-26T22:28:03.9609736-04:00" endTime="2025-10-26T22:28:03.9609744-04:00" testType="13cdc9d9-ddb5-4fa4-a97d-d965ccfc6d4b" outcome="Failed" testListId="8c84fa94-04c1-424b-9868-57a2d4851a1d" relativeResultsDirectory="8c4f3e02-6ca8-45b8-b37f-f08533e63ed1">
      <Output>
        <StdErr>Warning:
    Detected &lt;1&gt; orphan nodes during test suite setup stage!
    Check Setup:98 and Cleanup:104 for unfreed instances!</StdErr>
        <ErrorInfo>
          <Message>Warning:
    Detected &lt;1&gt; orphan nodes during test suite setup stage!
    Check Setup:98 and Cleanup:104 for unfreed instances!</Message>
        </ErrorInfo>
      </Output>
    </UnitTestResult>
    <UnitTestResult executionId="b2215916-8bf4-4498-9e2f-6405148458f0" testId="e889cac8-d415-4c96-a9f5-543cb467971c" testName="OmegaSpiral.Tests.Unit.Common.Omega.OmegaSpiralColorsTests.ColorCycleDuration_Is8Seconds" computerName="omega" duration="00:00:00.0220000" startTime="2025-10-26T22:28:12.8872380-04:00" endTime="2025-10-26T22:28:12.8875513-04:00" testType="13cdc9d9-ddb5-4fa4-a97d-d965ccfc6d4b" outcome="Passed" testListId="8c84fa94-04c1-424b-9868-57a2d4851a1d" relativeResultsDirectory="b2215916-8bf4-4498-9e2f-6405148458f0" />
    <UnitTestResult executionId="761c6e57-ce99-45a0-aa38-ef5fa90815ea" testId="0069937b-6ec5-4dc6-8252-e8d7af151c11" testName="OmegaSpiral.Tests.Integration.Ui.Omega.OmegaContainer_UnitTests.CompositionHelpers_CanBeUsedTogether" computerName="omega" duration="00:00:00.0110000" startTime="2025-10-26T22:28:03.8352929-04:00" endTime="2025-10-26T22:28:03.8355930-04:00" testType="13cdc9d9-ddb5-4fa4-a97d-d965ccfc6d4b" outcome="Passed" testListId="8c84fa94-04c1-424b-9868-57a2d4851a1d" relativeResultsDirectory="761c6e57-ce99-45a0-aa38-ef5fa90815ea">
      <Output>
        <StdErr>Warning:
    Detected &lt;1&gt; orphan nodes during test execution!</StdErr>
        <ErrorInfo>
          <Message>Warning:
    Detected &lt;1&gt; orphan nodes during test execution!</Message>
        </ErrorInfo>
      </Output>
    </UnitTestResult>
    <UnitTestResult executionId="f861dde0-be53-4d0c-95ff-e7a8e76f6e6c" testId="a1f99e48-36e8-44a0-98b0-66dca38e0e2c" testName="OmegaSpiral.Tests.Integration.Ui.PauseMenuTests.PauseMenu_HasButtons" computerName="omega" duration="00:00:00.0130000" startTime="2025-10-26T22:28:09.6138654-04:00" endTime="2025-10-26T22:28:09.6141522-04:00" testType="13cdc9d9-ddb5-4fa4-a97d-d965ccfc6d4b" outcome="Failed" testListId="8c84fa94-04c1-424b-9868-57a2d4851a1d" relativeResultsDirectory="f861dde0-be53-4d0c-95ff-e7a8e76f6e6c">
      <Output>
        <ErrorInfo>
          <Message>Expecting be NOT &lt;Null&gt;:</Message>
          <StackTrace>   at OmegaSpiral.Tests.Integration.Ui.PauseMenuTests.PauseMenu_HasButtons() in /home/adam/Dev/omega-spiral/chapter-zero/tests/integration/ui/PauseMenuTests.cs:line 70
</StackTrace>
        </ErrorInfo>
      </Output>
    </UnitTestResult>
    <UnitTestResult executionId="61c102d9-3633-4f08-a65d-5724abbcab2f" testId="783eb0b3-1bdc-4ace-b07d-36a3100e9aa6" testName="OmegaSpiral.Tests.Integration.Ui.BaseMenuUiTests.ContentContainer_Exists" computerName="omega" duration="00:00:00.0110000" startTime="2025-10-26T22:28:01.5800614-04:00" endTime="2025-10-26T22:28:01.5804449-04:00" testType="13cdc9d9-ddb5-4fa4-a97d-d965ccfc6d4b" outcome="Failed" testListId="8c84fa94-04c1-424b-9868-57a2d4851a1d" relativeResultsDirectory="61c102d9-3633-4f08-a65d-5724abbcab2f">
      <Output>
        <ErrorInfo>
          <Message>Expecting be NOT &lt;Null&gt;:</Message>
          <StackTrace>   at OmegaSpiral.Tests.Integration.Ui.BaseMenuUiTests.ContentContainer_Exists() in /home/adam/Dev/omega-spiral/chapter-zero/tests/integration/ui/BaseMenuTests.cs:line 99
</StackTrace>
        </ErrorInfo>
      </Output>
    </UnitTestResult>
    <UnitTestResult executionId="63aeda5c-b462-4e45-aefb-5f36e544aba7" testId="66a8dc8a-6913-4426-8805-29f9d048163e" testName="OmegaSpiral.Tests.Unit.Common.Omega.IOmegaShaderControllerTests.Interface_HasResetShaderEffectsMethod" computerName="omega" duration="00:00:00.0100000" startTime="2025-10-26T22:28:13.3767411-04:00" endTime="2025-10-26T22:28:13.3770459-04:00" testType="13cdc9d9-ddb5-4fa4-a97d-d965ccfc6d4b" outcome="Passed" testListId="8c84fa94-04c1-424b-9868-57a2d4851a1d" relativeResultsDirectory="63aeda5c-b462-4e45-aefb-5f36e544aba7" />
    <UnitTestResult executionId="6fd93cd5-5e5a-4b13-aca4-1311db3e37ba" testId="45fc9b55-5948-44b8-9d1f-d43080b40ffe" testName="BaseMenuUiUnitTests.FocusFirstButton_WorksCorrectly" computerName="omega" duration="00:00:00.0290000" startTime="2025-10-26T22:27:54.8991997-04:00" endTime="2025-10-26T22:27:54.9001426-04:00" testType="13cdc9d9-ddb5-4fa4-a97d-d965ccfc6d4b" outcome="Failed" testListId="8c84fa94-04c1-424b-9868-57a2d4851a1d" relativeResultsDirectory="6fd93cd5-5e5a-4b13-aca4-1311db3e37ba">
      <Output>
        <StdErr>Warning:
    Detected &lt;1&gt; orphan nodes during test execution!</StdErr>
        <ErrorInfo>
          <Message>Expecting: 'True' but is 'False'</Message>
          <StackTrace>   at BaseMenuUiUnitTests.FocusFirstButton_WorksCorrectly() in /home/adam/Dev/omega-spiral/chapter-zero/tests/unit/ui/menus/BaseMenuUiUnitTests.cs:line 73
</StackTrace>
        </ErrorInfo>
      </Output>
    </UnitTestResult>
    <UnitTestResult executionId="2f03e5f5-ae23-40b4-be6c-cd22a1d7a653" testId="9ec322e6-bf68-4540-93fa-77df77e5de22" testName="OmegaSpiral.Tests.Integration.Ui.Omega.OmegaTextRendererTests.ScrollToBottom_AfterAddingText_ScrollsCorrectly" computerName="omega" duration="00:00:02.3470000" startTime="2025-10-26T22:28:08.1608081-04:00" endTime="2025-10-26T22:28:08.1611041-04:00" testType="13cdc9d9-ddb5-4fa4-a97d-d965ccfc6d4b" outcome="Passed" testListId="8c84fa94-04c1-424b-9868-57a2d4851a1d" relativeResultsDirectory="2f03e5f5-ae23-40b4-be6c-cd22a1d7a653" />
    <UnitTestResult executionId="d5099485-d8aa-4e56-a3ea-e8545fcd4f31" testId="14e365a7-69a9-4853-ba3b-8f489030947f" testName="[After].TextRenderer_IsNullByDefault" computerName="omega" startTime="2025-10-26T22:28:03.9685574-04:00" endTime="2025-10-26T22:28:03.9685586-04:00" testType="13cdc9d9-ddb5-4fa4-a97d-d965ccfc6d4b" outcome="Failed" testListId="8c84fa94-04c1-424b-9868-57a2d4851a1d" relativeResultsDirectory="d5099485-d8aa-4e56-a3ea-e8545fcd4f31">
      <Output>
        <StdErr>Warning:
    Detected &lt;1&gt; orphan nodes during test suite setup stage!
    Check Setup:98 and Cleanup:104 for unfreed instances!</StdErr>
        <ErrorInfo>
          <Message>Warning:
    Detected &lt;1&gt; orphan nodes during test suite setup stage!
    Check Setup:98 and Cleanup:104 for unfreed instances!</Message>
        </ErrorInfo>
      </Output>
    </UnitTestResult>
    <UnitTestResult executionId="99391e42-eb5a-40e3-9322-bd7eb456a2be" testId="8dcc471a-40c9-4e29-914b-a0869fe52cad" testName="OmegaSpiral.Tests.Integration.Ui.Omega.OmegaTextRendererTests.SetTextColor_ChangesColorOfSubsequentText" computerName="omega" duration="00:00:00.2950000" startTime="2025-10-26T22:28:05.7842271-04:00" endTime="2025-10-26T22:28:05.7845128-04:00" testType="13cdc9d9-ddb5-4fa4-a97d-d965ccfc6d4b" outcome="Passed" testListId="8c84fa94-04c1-424b-9868-57a2d4851a1d" relativeResultsDirectory="99391e42-eb5a-40e3-9322-bd7eb456a2be" />
    <UnitTestResult executionId="bea7b104-9213-4d98-8d85-26083421e671" testId="d0d775ad-9a76-4eaa-8003-fe6d50b1db65" testName="OmegaSpiral.Tests.Unit.Common.Omega.OmegaSpiralColorsTests.GlitchDistortion_Has8PercentOpacity" computerName="omega" duration="00:00:00.0110000" startTime="2025-10-26T22:28:12.8421638-04:00" endTime="2025-10-26T22:28:12.8424894-04:00" testType="13cdc9d9-ddb5-4fa4-a97d-d965ccfc6d4b" outcome="Passed" testListId="8c84fa94-04c1-424b-9868-57a2d4851a1d" relativeResultsDirectory="bea7b104-9213-4d98-8d85-26083421e671" />
    <UnitTestResult executionId="55be6563-0ddf-46a4-afe3-89991b39fb7c" testId="79e55fb6-a5b9-4d63-9ed2-77a3af26d4ab" testName="OmegaSpiral.Tests.Integration.Ui.Menus.MainMenuTests.Background_UsesCorrectDarkColor" computerName="omega" duration="00:00:00.0200000" startTime="2025-10-26T22:28:02.5243831-04:00" endTime="2025-10-26T22:28:02.5246922-04:00" testType="13cdc9d9-ddb5-4fa4-a97d-d965ccfc6d4b" outcome="Failed" testListId="8c84fa94-04c1-424b-9868-57a2d4851a1d" relativeResultsDirectory="55be6563-0ddf-46a4-afe3-89991b39fb7c">
      <Output>
        <ErrorInfo>
          <Message>Expecting be NOT &lt;Null&gt;:</Message>
          <StackTrace>   at OmegaSpiral.Tests.Integration.Ui.Menus.MainMenuTests.Background_UsesCorrectDarkColor() in /home/adam/Dev/omega-spiral/chapter-zero/tests/integration/ui/menus/MainMenuTests.cs:line 444
</StackTrace>
        </ErrorInfo>
      </Output>
    </UnitTestResult>
    <UnitTestResult executionId="c9ba6a00-7cda-41b0-9be3-c0b633d93904" testId="99bc75e0-9470-4dcf-a32a-12ac0f0d85ca" testName="[After].ShaderController_IsNullByDefault" computerName="omega" startTime="2025-10-26T22:28:03.9682919-04:00" endTime="2025-10-26T22:28:03.9683020-04:00" testType="13cdc9d9-ddb5-4fa4-a97d-d965ccfc6d4b" outcome="Failed" testListId="8c84fa94-04c1-424b-9868-57a2d4851a1d" relativeResultsDirectory="c9ba6a00-7cda-41b0-9be3-c0b633d93904">
      <Output>
        <StdErr>Warning:
    Detected &lt;1&gt; orphan nodes during test suite setup stage!
    Check Setup:98 and Cleanup:104 for unfreed instances!</StdErr>
        <ErrorInfo>
          <Message>Warning:
    Detected &lt;1&gt; orphan nodes during test suite setup stage!
    Check Setup:98 and Cleanup:104 for unfreed instances!</Message>
        </ErrorInfo>
      </Output>
    </UnitTestResult>
    <UnitTestResult executionId="144a8573-11c8-4eeb-bcbe-dc62d77fe91c" testId="cb419af2-ecfc-4843-9eea-a7cc02fe1a70" testName="OmegaSpiral.Tests.Unit.Common.Omega.OmegaShaderPresetsTests.GetPreset_ReturnsScanlinesPreset" computerName="omega" duration="00:00:00.0120000" startTime="2025-10-26T22:28:12.4966631-04:00" endTime="2025-10-26T22:28:12.4972702-04:00" testType="13cdc9d9-ddb5-4fa4-a97d-d965ccfc6d4b" outcome="Passed" testListId="8c84fa94-04c1-424b-9868-57a2d4851a1d" relativeResultsDirectory="144a8573-11c8-4eeb-bcbe-dc62d77fe91c" />
    <UnitTestResult executionId="1c401415-82ac-4dca-b4f1-6d92e3e96a08" testId="848dbf0e-dea5-4c89-94b9-46e481c937b2" testName="BaseMenuUiUnitTests.ConfirmRequested_ActivatesFocusedButton" computerName="omega" duration="00:00:00.0210000" startTime="2025-10-26T22:27:54.9614614-04:00" endTime="2025-10-26T22:27:54.9618572-04:00" testType="13cdc9d9-ddb5-4fa4-a97d-d965ccfc6d4b" outcome="Failed" testListId="8c84fa94-04c1-424b-9868-57a2d4851a1d" relativeResultsDirectory="1c401415-82ac-4dca-b4f1-6d92e3e96a08">
      <Output>
        <StdErr>Warning:
    Detected &lt;1&gt; orphan nodes during test execution!</StdErr>
        <ErrorInfo>
          <Message>Expecting: 'True' but is 'False'</Message>
          <StackTrace>   at BaseMenuUiUnitTests.ConfirmRequested_ActivatesFocusedButton() in /home/adam/Dev/omega-spiral/chapter-zero/tests/unit/ui/menus/BaseMenuUiUnitTests.cs:line 129
</StackTrace>
        </ErrorInfo>
      </Output>
    </UnitTestResult>
    <UnitTestResult executionId="492b5af3-acbb-40a9-8fac-3c9b57b22cdd" testId="3fe22a86-3c41-40e4-9bc0-ff0b39530e7a" testName="OmegaSpiral.Tests.Integration.Ui.Omega.OmegaBorderFrame_UnitTests.UpdateThreadColors_ChangesAllThreads" computerName="omega" duration="00:00:00.0130000" startTime="2025-10-26T22:28:03.1662285-04:00" endTime="2025-10-26T22:28:03.1665350-04:00" testType="13cdc9d9-ddb5-4fa4-a97d-d965ccfc6d4b" outcome="Passed" testListId="8c84fa94-04c1-424b-9868-57a2d4851a1d" relativeResultsDirectory="492b5af3-acbb-40a9-8fac-3c9b57b22cdd" />
    <UnitTestResult executionId="70777624-2752-426e-914b-05843826e694" testId="9a50ee73-4ad8-4fc4-b283-fd9578e3ce52" testName="OmegaSpiral.Tests.Integration.Ui.CreditsMenuTests.CreditsMenu_FocusesBackButton" computerName="omega" duration="00:00:00.0250000" startTime="2025-10-26T22:28:01.9139291-04:00" endTime="2025-10-26T22:28:01.9142268-04:00" testType="13cdc9d9-ddb5-4fa4-a97d-d965ccfc6d4b" outcome="Failed" testListId="8c84fa94-04c1-424b-9868-57a2d4851a1d" relativeResultsDirectory="70777624-2752-426e-914b-05843826e694">
      <Output>
        <ErrorInfo>
          <Message>Expecting be NOT &lt;Null&gt;:</Message>
          <StackTrace>   at OmegaSpiral.Tests.Integration.Ui.CreditsMenuTests.CreditsMenu_FocusesBackButton() in /home/adam/Dev/omega-spiral/chapter-zero/tests/integration/ui/CreditsMenuTests.cs:line 117
</StackTrace>
        </ErrorInfo>
      </Output>
    </UnitTestResult>
    <UnitTestResult executionId="39ed9185-386d-418f-85ae-bb94e1ead6b4" testId="29a8cad6-47b2-4a11-b518-72ed1366ee04" testName="OmegaSpiral.Tests.Integration.Ui.Menus.MainMenuTests.StageButtons_HaveCorrectTextFromManifest" computerName="omega" duration="00:00:00.0330000" startTime="2025-10-26T22:28:02.1463343-04:00" endTime="2025-10-26T22:28:02.1466465-04:00" testType="13cdc9d9-ddb5-4fa4-a97d-d965ccfc6d4b" outcome="Passed" testListId="8c84fa94-04c1-424b-9868-57a2d4851a1d" relativeResultsDirectory="39ed9185-386d-418f-85ae-bb94e1ead6b4" />
    <UnitTestResult executionId="f67dd412-102c-4d84-8c54-381c031136a7" testId="99bc75e0-9470-4dcf-a32a-12ac0f0d85ca" testName="OmegaSpiral.Tests.Integration.Ui.Omega.OmegaContainer_UnitTests.ShaderController_IsNullByDefault" computerName="omega" duration="00:00:00.0260000" startTime="2025-10-26T22:28:03.9181556-04:00" endTime="2025-10-26T22:28:03.9196114-04:00" testType="13cdc9d9-ddb5-4fa4-a97d-d965ccfc6d4b" outcome="Passed" testListId="8c84fa94-04c1-424b-9868-57a2d4851a1d" relativeResultsDirectory="f67dd412-102c-4d84-8c54-381c031136a7" />
    <UnitTestResult executionId="befedcea-dfce-48d5-bf50-17060b57cc08" testId="a916170a-32c7-42f2-8a84-aa9c283c334e" testName="OmegaSpiral.Tests.Integration.Ui.Omega.OmegaBorderFrame_UnitTests.GetWaveSpeed_ReturnsCurrent" computerName="omega" duration="00:00:00.0200000" startTime="2025-10-26T22:28:03.1053714-04:00" endTime="2025-10-26T22:28:03.1056683-04:00" testType="13cdc9d9-ddb5-4fa4-a97d-d965ccfc6d4b" outcome="Passed" testListId="8c84fa94-04c1-424b-9868-57a2d4851a1d" relativeResultsDirectory="befedcea-dfce-48d5-bf50-17060b57cc08" />
    <UnitTestResult executionId="61ea27b1-c41b-4916-9037-a35a7f49743e" testId="3380be89-5b3d-40eb-bd1e-aa9a640fd399" testName="OmegaSpiral.Tests.Integration.Ui.Menus.MainMenuTests.MenuButtonContainer_ExistsAndHasButtons" computerName="omega" duration="00:00:00.0130000" startTime="2025-10-26T22:28:02.0774405-04:00" endTime="2025-10-26T22:28:02.0777539-04:00" testType="13cdc9d9-ddb5-4fa4-a97d-d965ccfc6d4b" outcome="Failed" testListId="8c84fa94-04c1-424b-9868-57a2d4851a1d" relativeResultsDirectory="61ea27b1-c41b-4916-9037-a35a7f49743e">
      <Output>
        <ErrorInfo>
          <Message>Expecting to be greater than or equal:
    '8' but is '6'</Message>
          <StackTrace>   at OmegaSpiral.Tests.Integration.Ui.Menus.MainMenuTests.MenuButtonContainer_ExistsAndHasButtons() in /home/adam/Dev/omega-spiral/chapter-zero/tests/integration/ui/menus/MainMenuTests.cs:line 80
</StackTrace>
        </ErrorInfo>
      </Output>
    </UnitTestResult>
    <UnitTestResult executionId="784de1aa-5752-41a1-9ccb-288df9a1fb57" testId="a81df727-9a94-483f-b3b1-06ea606bfd11" testName="OmegaSpiral.Tests.Integration.Ui.Omega.OmegaComponentFactory_UnitTests.CreateShaderController_WithValidDisplay_ReturnsValidInstance" computerName="omega" duration="00:00:00.0250000" startTime="2025-10-26T22:28:03.4007958-04:00" endTime="2025-10-26T22:28:03.4017961-04:00" testType="13cdc9d9-ddb5-4fa4-a97d-d965ccfc6d4b" outcome="Passed" testListId="8c84fa94-04c1-424b-9868-57a2d4851a1d" relativeResultsDirectory="784de1aa-5752-41a1-9ccb-288df9a1fb57" />
    <UnitTestResult executionId="604a1ddb-153e-4f46-8acf-fb1e555aecc9" testId="2878e7a1-cece-493d-9136-ebc5caa1303a" testName="[After].AppendTextAsync_WithDelay_DelaysBeforeStarting" computerName="omega" startTime="2025-10-26T22:28:09.5347100-04:00" endTime="2025-10-26T22:28:09.5347125-04:00" testType="13cdc9d9-ddb5-4fa4-a97d-d965ccfc6d4b" outcome="Passed" testListId="8c84fa94-04c1-424b-9868-57a2d4851a1d" relativeResultsDirectory="604a1ddb-153e-4f46-8acf-fb1e555aecc9">
      <Output>
        <StdErr>Warning:
    Detected &lt;1&gt; orphan nodes during test suite setup stage!
    Check Setup:41 and Cleanup:52 for unfreed instances!</StdErr>
        <ErrorInfo>
          <Message>Warning:
    Detected &lt;1&gt; orphan nodes during test suite setup stage!
    Check Setup:41 and Cleanup:52 for unfreed instances!</Message>
        </ErrorInfo>
      </Output>
    </UnitTestResult>
    <UnitTestResult executionId="77e405e3-5ae0-4735-b5bf-ef6f0091c165" testId="7e97be42-b11f-48b9-ad12-6e82503faaa0" testName="OmegaSpiral.Tests.Integration.Ui.CreditsMenuTests.CreditsMenu_StartsScrollingWhenShown" computerName="omega" duration="00:00:00.0130000" startTime="2025-10-26T22:28:01.9276633-04:00" endTime="2025-10-26T22:28:01.9279534-04:00" testType="13cdc9d9-ddb5-4fa4-a97d-d965ccfc6d4b" outcome="Failed" testListId="8c84fa94-04c1-424b-9868-57a2d4851a1d" relativeResultsDirectory="77e405e3-5ae0-4735-b5bf-ef6f0091c165">
      <Output>
        <ErrorInfo>
          <Message>Expecting to be greater than:
    '0' but is '0'</Message>
          <StackTrace>   at OmegaSpiral.Tests.Integration.Ui.CreditsMenuTests.CreditsMenu_StartsScrollingWhenShown() in /home/adam/Dev/omega-spiral/chapter-zero/tests/integration/ui/CreditsMenuTests.cs:line 146
</StackTrace>
        </ErrorInfo>
      </Output>
    </UnitTestResult>
    <UnitTestResult executionId="9dd632ec-207d-47f6-8830-375cc55707d1" testId="bf2fe4de-a164-4a10-9713-465d21169677" testName="[After].Constructor_WithValidTextDisplay_InitializesCorrectly" computerName="omega" startTime="2025-10-26T22:28:09.5354557-04:00" endTime="2025-10-26T22:28:09.5354564-04:00" testType="13cdc9d9-ddb5-4fa4-a97d-d965ccfc6d4b" outcome="Passed" testListId="8c84fa94-04c1-424b-9868-57a2d4851a1d" relativeResultsDirectory="9dd632ec-207d-47f6-8830-375cc55707d1">
      <Output>
        <StdErr>Warning:
    Detected &lt;1&gt; orphan nodes during test suite setup stage!
    Check Setup:41 and Cleanup:52 for unfreed instances!</StdErr>
        <ErrorInfo>
          <Message>Warning:
    Detected &lt;1&gt; orphan nodes during test suite setup stage!
    Check Setup:41 and Cleanup:52 for unfreed instances!</Message>
        </ErrorInfo>
      </Output>
    </UnitTestResult>
    <UnitTestResult executionId="13f923ad-0822-46ef-8a92-b418a44fd9e4" testId="093d53c1-38bc-407c-8289-914cdc30fb96" testName="OmegaSpiral.Tests.Integration.Ui.Omega.OmegaComponentFactory_UnitTests.CreateStyledButton_MultipleCalls_ProducesConsistentStyling" computerName="omega" duration="00:00:00.0210000" startTime="2025-10-26T22:28:03.5953071-04:00" endTime="2025-10-26T22:28:03.5961299-04:00" testType="13cdc9d9-ddb5-4fa4-a97d-d965ccfc6d4b" outcome="Passed" testListId="8c84fa94-04c1-424b-9868-57a2d4851a1d" relativeResultsDirectory="13f923ad-0822-46ef-8a92-b418a44fd9e4" />
    <UnitTestResult executionId="f8c1cc08-42da-4359-af5c-d596625ba601" testId="94708ccf-86f9-4d8d-aa92-d079f9ce725d" testName="[After].OmegaContainer_ExtendsControl" computerName="omega" startTime="2025-10-26T22:28:03.9650698-04:00" endTime="2025-10-26T22:28:03.9650733-04:00" testType="13cdc9d9-ddb5-4fa4-a97d-d965ccfc6d4b" outcome="Failed" testListId="8c84fa94-04c1-424b-9868-57a2d4851a1d" relativeResultsDirectory="f8c1cc08-42da-4359-af5c-d596625ba601">
      <Output>
        <StdErr>Warning:
    Detected &lt;1&gt; orphan nodes during test suite setup stage!
    Check Setup:98 and Cleanup:104 for unfreed instances!</StdErr>
        <ErrorInfo>
          <Message>Warning:
    Detected &lt;1&gt; orphan nodes during test suite setup stage!
    Check Setup:98 and Cleanup:104 for unfreed instances!</Message>
        </ErrorInfo>
      </Output>
    </UnitTestResult>
    <UnitTestResult executionId="edae9d6a-e3e2-456c-b415-576f1f6525f5" testId="542f6310-7d01-4f3c-98f0-324a0183fabb" testName="OmegaSpiral.Tests.Unit.Common.Omega.OmegaShaderPresetsTests.GetPreset_ReturnsCrtPreset" computerName="omega" duration="00:00:00.0200000" startTime="2025-10-26T22:28:12.5394451-04:00" endTime="2025-10-26T22:28:12.5401770-04:00" testType="13cdc9d9-ddb5-4fa4-a97d-d965ccfc6d4b" outcome="Passed" testListId="8c84fa94-04c1-424b-9868-57a2d4851a1d" relativeResultsDirectory="edae9d6a-e3e2-456c-b415-576f1f6525f5" />
    <UnitTestResult executionId="843458e9-90d4-4e11-9ed6-86d996a37314" testId="28204085-e96a-4fef-9cf9-19bbc3f1e806" testName="[Before].CreditsMenu_PopulatesCredits" computerName="omega" startTime="2025-10-26T22:28:01.7791834-04:00" endTime="2025-10-26T22:28:01.7791850-04:00" testType="13cdc9d9-ddb5-4fa4-a97d-d965ccfc6d4b" outcome="Failed" testListId="8c84fa94-04c1-424b-9868-57a2d4851a1d" relativeResultsDirectory="843458e9-90d4-4e11-9ed6-86d996a37314">
      <Output>
        <ErrorInfo>
          <Message>Expecting be NOT &lt;Null&gt;:</Message>
          <StackTrace>   at OmegaSpiral.Tests.Shared.OmegaUiTestHelper.ValidateBackgroundTheme(Control uiComponent, String componentName) in /home/adam/Dev/omega-spiral/chapter-zero/tests/shared/OmegaUiTestHelper.cs:line 51
   at OmegaSpiral.Tests.Integration.Ui.CreditsMenuTests.Setup() in /home/adam/Dev/omega-spiral/chapter-zero/tests/integration/ui/CreditsMenuTests.cs:line 33
   at Godot.SignalAwaiter.SignalCallback(IntPtr awaiterGCHandlePtr, godot_variant** args, Int32 argCount, godot_bool* outAwaiterIsNull) in /root/godot/modules/mono/glue/GodotSharp/GodotSharp/Core/SignalAwaiter.cs:line 65
</StackTrace>
        </ErrorInfo>
      </Output>
    </UnitTestResult>
    <UnitTestResult executionId="a5e00a2b-bc00-49ed-b186-14b31fe48761" testId="3bbd1da8-f76b-4c02-a414-b9b1ecbbb30b" testName="OmegaSpiral.Tests.Common.GameStateSignalTests.CharacterPartyChangedSignal_EmittedWhenPartyChanges_SignalReceived" computerName="omega" duration="00:00:01.0480000" startTime="2025-10-26T22:27:59.2434826-04:00" endTime="2025-10-26T22:27:59.2437913-04:00" testType="13cdc9d9-ddb5-4fa4-a97d-d965ccfc6d4b" outcome="Failed" testListId="8c84fa94-04c1-424b-9868-57a2d4851a1d" relativeResultsDirectory="a5e00a2b-bc00-49ed-b186-14b31fe48761">
      <Output>
        <ErrorInfo>
          <Message>Expecting do emitting signal:
    "CharacterPartyChanged(&lt;Empty&gt;)"
 by
    &lt;OmegaSpiral.Source.Scripts.GameStateSignals&gt; (objId: 66622326525)</Message>
          <StackTrace>   at GdUnit4.Asserts.SignalAssert.ThrowTestFailureReport(String message, Int32 lineNumber)
</StackTrace>
        </ErrorInfo>
      </Output>
    </UnitTestResult>
    <UnitTestResult executionId="5fa9e8d7-4848-4d2f-83cf-1d662c60247f" testId="89266541-3003-456d-aa0a-3ee049fadf07" testName="OmegaSpiral.Tests.Integration.Ui.Omega.ChoiceButtonTests.Properties_AreReadWriteAccessible" computerName="omega" duration="00:00:00.0220000" startTime="2025-10-26T22:28:02.7259720-04:00" endTime="2025-10-26T22:28:02.7262709-04:00" testType="13cdc9d9-ddb5-4fa4-a97d-d965ccfc6d4b" outcome="Passed" testListId="8c84fa94-04c1-424b-9868-57a2d4851a1d" relativeResultsDirectory="5fa9e8d7-4848-4d2f-83cf-1d662c60247f" />
    <UnitTestResult executionId="36eb6188-3168-4bc0-bc92-29e574b82d2c" testId="1c176c2f-2cae-4bf5-b3b7-2cc6436e89f6" testName="AudioManagerTests.OnUiHover_EmitsCueStarted" computerName="omega" duration="00:00:00.0880000" startTime="2025-10-26T22:27:54.3440217-04:00" endTime="2025-10-26T22:27:54.3464869-04:00" testType="13cdc9d9-ddb5-4fa4-a97d-d965ccfc6d4b" outcome="Passed" testListId="8c84fa94-04c1-424b-9868-57a2d4851a1d" relativeResultsDirectory="36eb6188-3168-4bc0-bc92-29e574b82d2c">
      <Output>
        <StdOut>AudioManager: Initialized successfully</StdOut>
      </Output>
    </UnitTestResult>
    <UnitTestResult executionId="47f078d4-a330-4720-8af3-1dd15d543eb2" testId="793cb872-1c22-4716-9277-0b126b3a53a4" testName="AudioManagerTests.OnUiConfirm_DucksAmbientAndRestores" computerName="omega" duration="00:00:00.3940000" startTime="2025-10-26T22:27:54.7274942-04:00" endTime="2025-10-26T22:27:54.7280073-04:00" testType="13cdc9d9-ddb5-4fa4-a97d-d965ccfc6d4b" outcome="Passed" testListId="8c84fa94-04c1-424b-9868-57a2d4851a1d" relativeResultsDirectory="47f078d4-a330-4720-8af3-1dd15d543eb2">
      <Output>
        <StdOut>AudioManager: Initialized successfully</StdOut>
      </Output>
    </UnitTestResult>
    <UnitTestResult executionId="5b52c70c-7e59-4694-bed5-1f36f3c310fc" testId="0c8c3a09-2d1d-4c39-8818-b87f77078ba7" testName="[Before].GetFocusedButton_ReturnsNullWhenNoFocus" computerName="omega" startTime="2025-10-26T22:27:54.8602807-04:00" endTime="2025-10-26T22:27:54.8602828-04:00" testType="13cdc9d9-ddb5-4fa4-a97d-d965ccfc6d4b" outcome="Failed" testListId="8c84fa94-04c1-424b-9868-57a2d4851a1d" relativeResultsDirectory="5b52c70c-7e59-4694-bed5-1f36f3c310fc">
      <Output>
        <ErrorInfo>
          <Message>Expecting be NOT &lt;Null&gt;:</Message>
          <StackTrace>   at OmegaSpiral.Tests.Shared.OmegaUiTestHelper.ValidateBackgroundTheme(Control uiComponent, String componentName) in /home/adam/Dev/omega-spiral/chapter-zero/tests/shared/OmegaUiTestHelper.cs:line 51
   at BaseMenuUiUnitTests.Setup() in /home/adam/Dev/omega-spiral/chapter-zero/tests/unit/ui/menus/BaseMenuUiUnitTests.cs:line 44
   at Godot.SignalAwaiter.SignalCallback(IntPtr awaiterGCHandlePtr, godot_variant** args, Int32 argCount, godot_bool* outAwaiterIsNull) in /root/godot/modules/mono/glue/GodotSharp/GodotSharp/Core/SignalAwaiter.cs:line 65
</StackTrace>
        </ErrorInfo>
      </Output>
    </UnitTestResult>
    <UnitTestResult executionId="a83bc616-9b86-485a-9c7f-37b3ba9a3d17" testId="250d611b-1f24-41c6-a46a-deacb6600526" testName="OmegaSpiral.Tests.Unit.Common.Omega.OmegaShaderPresetsTests.AvailablePresets_AllCanBeRetrieved" computerName="omega" duration="00:00:00.0130000" startTime="2025-10-26T22:28:12.6482210-04:00" endTime="2025-10-26T22:28:12.6485411-04:00" testType="13cdc9d9-ddb5-4fa4-a97d-d965ccfc6d4b" outcome="Passed" testListId="8c84fa94-04c1-424b-9868-57a2d4851a1d" relativeResultsDirectory="a83bc616-9b86-485a-9c7f-37b3ba9a3d17" />
    <UnitTestResult executionId="04243630-51b6-469d-bda7-02df91ee8507" testId="d10cde64-c263-4009-9595-b4432e377066" testName="OmegaSpiral.Tests.Integration.Ui.BaseMenuUiTests.GetFocusedButton_ReturnsCorrectButton" computerName="omega" duration="00:00:00.0240000" startTime="2025-10-26T22:28:01.7318476-04:00" endTime="2025-10-26T22:28:01.7321577-04:00" testType="13cdc9d9-ddb5-4fa4-a97d-d965ccfc6d4b" outcome="Failed" testListId="8c84fa94-04c1-424b-9868-57a2d4851a1d" relativeResultsDirectory="04243630-51b6-469d-bda7-02df91ee8507">
      <Output>
        <ErrorInfo>
          <Message>Expecting be NOT &lt;Null&gt;:</Message>
          <StackTrace>   at OmegaSpiral.Tests.Integration.Ui.BaseMenuUiTests.GetFocusedButton_ReturnsCorrectButton() in /home/adam/Dev/omega-spiral/chapter-zero/tests/integration/ui/BaseMenuTests.cs:line 201
</StackTrace>
        </ErrorInfo>
      </Output>
    </UnitTestResult>
    <UnitTestResult executionId="d57fe29f-d8ab-4af0-a6cf-24348094facb" testId="232f6251-daac-49ea-bada-d571fa017363" testName="OmegaSpiral.Tests.Unit.Common.SceneManagerTests.TransitionToScenePerformsSceneTransition" computerName="omega" duration="00:00:00.0200000" startTime="2025-10-26T22:28:13.0489906-04:00" endTime="2025-10-26T22:28:13.0492855-04:00" testType="13cdc9d9-ddb5-4fa4-a97d-d965ccfc6d4b" outcome="Passed" testListId="8c84fa94-04c1-424b-9868-57a2d4851a1d" relativeResultsDirectory="d57fe29f-d8ab-4af0-a6cf-24348094facb" />
    <UnitTestResult executionId="c360ec7e-9881-4673-a54f-5b316c80395c" testId="651b85a2-1c24-4da6-ba52-764fd0659b17" testName="OmegaSpiral.Tests.Integration.Ui.CreditsMenuTests.CreditsMenu_ExtendsMenuUi" computerName="omega" duration="00:00:00.0110000" startTime="2025-10-26T22:28:01.7892536-04:00" endTime="2025-10-26T22:28:01.7897894-04:00" testType="13cdc9d9-ddb5-4fa4-a97d-d965ccfc6d4b" outcome="Passed" testListId="8c84fa94-04c1-424b-9868-57a2d4851a1d" relativeResultsDirectory="c360ec7e-9881-4673-a54f-5b316c80395c" />
    <UnitTestResult executionId="86d58044-fcd6-445d-a0a7-170c848f1362" testId="178d095c-9669-479a-994b-bda3f26b58ae" testName="OmegaSpiral.Tests.Stages.Stage2.NethackDirectorTests.GetPlan_ReturnsNonNull" computerName="omega" duration="00:00:00.1010000" startTime="2025-10-26T22:28:09.8124348-04:00" endTime="2025-10-26T22:28:09.8128879-04:00" testType="13cdc9d9-ddb5-4fa4-a97d-d965ccfc6d4b" outcome="Passed" testListId="8c84fa94-04c1-424b-9868-57a2d4851a1d" relativeResultsDirectory="86d58044-fcd6-445d-a0a7-170c848f1362" />
    <UnitTestResult executionId="14735299-ed50-4326-9a0b-7bcc6b04b214" testId="6732e1c3-df1b-4390-87b2-e317068345f6" testName="OmegaSpiral.Tests.Common.GameStateSignalTests.AffinityScoreUpdatedSignal_EmittedWhenAffinityChanges_SignalReceived" computerName="omega" duration="00:00:01.0590000" startTime="2025-10-26T22:27:56.0835196-04:00" endTime="2025-10-26T22:27:56.0845698-04:00" testType="13cdc9d9-ddb5-4fa4-a97d-d965ccfc6d4b" outcome="Failed" testListId="8c84fa94-04c1-424b-9868-57a2d4851a1d" relativeResultsDirectory="14735299-ed50-4326-9a0b-7bcc6b04b214">
      <Output>
        <ErrorInfo>
          <Message>Expecting do emitting signal:
    "AffinityScoreUpdated(&lt;Empty&gt;)"
 by
    &lt;OmegaSpiral.Source.Scripts.GameStateSignals&gt; (objId: 66219673341)</Message>
          <StackTrace>   at GdUnit4.Asserts.SignalAssert.ThrowTestFailureReport(String message, Int32 lineNumber)
</StackTrace>
        </ErrorInfo>
      </Output>
    </UnitTestResult>
    <UnitTestResult executionId="c8620587-10f4-408f-90cd-24069029c01a" testId="ee82ad4a-b6c1-413b-8086-0ebfa4948477" testName="[After].MenuTitle_DisplaysOmegaSpiral" computerName="omega" startTime="2025-10-26T22:28:02.5779947-04:00" endTime="2025-10-26T22:28:02.5779990-04:00" testType="13cdc9d9-ddb5-4fa4-a97d-d965ccfc6d4b" outcome="Failed" testListId="8c84fa94-04c1-424b-9868-57a2d4851a1d" relativeResultsDirectory="c8620587-10f4-408f-90cd-24069029c01a">
      <Output>
        <StdErr>Warning:
    Detected &lt;38&gt; orphan nodes during test suite setup stage!
    Check Setup:28 and Cleanup:36 for unfreed instances!</StdErr>
        <ErrorInfo>
          <Message>Warning:
    Detected &lt;38&gt; orphan nodes during test suite setup stage!
    Check Setup:28 and Cleanup:36 for unfreed instances!</Message>
        </ErrorInfo>
      </Output>
    </UnitTestResult>
    <UnitTestResult executionId="e522fbd9-61f5-4a5b-9b49-ca629c3890d8" testId="2bcebe4b-4bf7-4378-b85d-8fe0e0d5c50a" testName="OmegaSpiral.Tests.Unit.Common.GameStateTests.GethighestscoringdreamweaverHandlesties" computerName="omega" duration="00:00:00.0200000" startTime="2025-10-26T22:28:09.9297751-04:00" endTime="2025-10-26T22:28:09.9301229-04:00" testType="13cdc9d9-ddb5-4fa4-a97d-d965ccfc6d4b" outcome="Passed" testListId="8c84fa94-04c1-424b-9868-57a2d4851a1d" relativeResultsDirectory="e522fbd9-61f5-4a5b-9b49-ca629c3890d8">
      <Output>
        <StdErr>Warning:
    Detected &lt;1&gt; orphan nodes during test execution!</StdErr>
        <ErrorInfo>
          <Message>Warning:
    Detected &lt;1&gt; orphan nodes during test execution!</Message>
        </ErrorInfo>
      </Output>
    </UnitTestResult>
    <UnitTestResult executionId="49a75be8-b605-4efb-bd77-856d6db2e4bb" testId="2555f957-6e88-417b-a43c-f947cc4c9c31" testName="[After].IsAnimating_DuringTextAppending_ReturnsTrue" computerName="omega" startTime="2025-10-26T22:28:09.5417308-04:00" endTime="2025-10-26T22:28:09.5417336-04:00" testType="13cdc9d9-ddb5-4fa4-a97d-d965ccfc6d4b" outcome="Passed" testListId="8c84fa94-04c1-424b-9868-57a2d4851a1d" relativeResultsDirectory="49a75be8-b605-4efb-bd77-856d6db2e4bb">
      <Output>
        <StdErr>Warning:
    Detected &lt;1&gt; orphan nodes during test suite setup stage!
    Check Setup:41 and Cleanup:52 for unfreed instances!</StdErr>
        <ErrorInfo>
          <Message>Warning:
    Detected &lt;1&gt; orphan nodes during test suite setup stage!
    Check Setup:41 and Cleanup:52 for unfreed instances!</Message>
        </ErrorInfo>
      </Output>
    </UnitTestResult>
    <UnitTestResult executionId="12016cf5-5941-4da4-9f9e-57bbca926662" testId="7cfc1941-9d04-46bd-9eb2-22522be8029e" testName="OmegaSpiral.Tests.Unit.Common.SceneManagerTests.UpdateCurrentSceneUpdatesIndexCorrectly" computerName="omega" duration="00:00:00.0130000" startTime="2025-10-26T22:28:13.1313358-04:00" endTime="2025-10-26T22:28:13.1323672-04:00" testType="13cdc9d9-ddb5-4fa4-a97d-d965ccfc6d4b" outcome="Passed" testListId="8c84fa94-04c1-424b-9868-57a2d4851a1d" relativeResultsDirectory="12016cf5-5941-4da4-9f9e-57bbca926662">
      <Output>
        <StdOut>Updated current scene to: 3</StdOut>
      </Output>
    </UnitTestResult>
    <UnitTestResult executionId="a7be588c-2c75-40c0-bcd4-43e262c11b7b" testId="ab3a5a45-9dd6-493e-8c8e-9491ec7b3125" testName="OmegaSpiral.Tests.Unit.Common.SceneManagerTests.SetDreamweaverThreadStoresValueCorrectly" computerName="omega" duration="00:00:00.0260000" startTime="2025-10-26T22:28:13.1174575-04:00" endTime="2025-10-26T22:28:13.1177520-04:00" testType="13cdc9d9-ddb5-4fa4-a97d-d965ccfc6d4b" outcome="Passed" testListId="8c84fa94-04c1-424b-9868-57a2d4851a1d" relativeResultsDirectory="a7be588c-2c75-40c0-bcd4-43e262c11b7b">
      <Output>
        <StdOut>Dreamweaver thread set to: shadow</StdOut>
      </Output>
    </UnitTestResult>
    <UnitTestResult executionId="efcadd76-82b9-4881-b86a-c3926e7c2a70" testId="8c941ede-19a1-40e4-bce3-087596414ea5" testName="[After].OptionsButton_HasPressedSignalHandler" computerName="omega" startTime="2025-10-26T22:28:02.5794216-04:00" endTime="2025-10-26T22:28:02.5794222-04:00" testType="13cdc9d9-ddb5-4fa4-a97d-d965ccfc6d4b" outcome="Failed" testListId="8c84fa94-04c1-424b-9868-57a2d4851a1d" relativeResultsDirectory="efcadd76-82b9-4881-b86a-c3926e7c2a70">
      <Output>
        <StdErr>Warning:
    Detected &lt;38&gt; orphan nodes during test suite setup stage!
    Check Setup:28 and Cleanup:36 for unfreed instances!</StdErr>
        <ErrorInfo>
          <Message>Warning:
    Detected &lt;38&gt; orphan nodes during test suite setup stage!
    Check Setup:28 and Cleanup:36 for unfreed instances!</Message>
        </ErrorInfo>
      </Output>
    </UnitTestResult>
    <UnitTestResult executionId="971eb5d7-32a6-437e-b302-b1b0993c29f0" testId="acc45000-5acf-4a7f-8054-031f8ac7a110" testName="[After].InheritsFromBaseMenuUi" computerName="omega" startTime="2025-10-26T22:28:02.5652994-04:00" endTime="2025-10-26T22:28:02.5653012-04:00" testType="13cdc9d9-ddb5-4fa4-a97d-d965ccfc6d4b" outcome="Failed" testListId="8c84fa94-04c1-424b-9868-57a2d4851a1d" relativeResultsDirectory="971eb5d7-32a6-437e-b302-b1b0993c29f0">
      <Output>
        <StdErr>Warning:
    Detected &lt;38&gt; orphan nodes during test suite setup stage!
    Check Setup:28 and Cleanup:36 for unfreed instances!</StdErr>
        <ErrorInfo>
          <Message>Warning:
    Detected &lt;38&gt; orphan nodes during test suite setup stage!
    Check Setup:28 and Cleanup:36 for unfreed instances!</Message>
        </ErrorInfo>
      </Output>
    </UnitTestResult>
    <UnitTestResult executionId="2b583aa4-6105-4e32-97b0-b0dade0e63a3" testId="6cd8b5c5-a3db-45da-8f83-bf090394f657" testName="OmegaSpiral.Tests.Unit.Common.Omega.OmegaShaderPresetsTests.GetPreset_IsCaseInsensitive" computerName="omega" duration="00:00:00.0200000" startTime="2025-10-26T22:28:12.5800611-04:00" endTime="2025-10-26T22:28:12.5804680-04:00" testType="13cdc9d9-ddb5-4fa4-a97d-d965ccfc6d4b" outcome="Passed" testListId="8c84fa94-04c1-424b-9868-57a2d4851a1d" relativeResultsDirectory="2b583aa4-6105-4e32-97b0-b0dade0e63a3" />
    <UnitTestResult executionId="a0ddfe1c-3d7c-43e8-807c-b5557434263b" testId="9ca7b2d0-cdf9-4156-a45c-47f6372be337" testName="OmegaSpiral.Tests.Unit.Common.GameStateTests.GethighestscoringdreamweaverReturnscorrectdreamweaver" computerName="omega" duration="00:00:00.0130000" startTime="2025-10-26T22:28:09.9089956-04:00" endTime="2025-10-26T22:28:09.9092903-04:00" testType="13cdc9d9-ddb5-4fa4-a97d-d965ccfc6d4b" outcome="Passed" testListId="8c84fa94-04c1-424b-9868-57a2d4851a1d" relativeResultsDirectory="a0ddfe1c-3d7c-43e8-807c-b5557434263b">
      <Output>
        <StdErr>Warning:
    Detected &lt;1&gt; orphan nodes during test execution!</StdErr>
        <ErrorInfo>
          <Message>Warning:
    Detected &lt;1&gt; orphan nodes during test execution!</Message>
        </ErrorInfo>
      </Output>
    </UnitTestResult>
    <UnitTestResult executionId="39f09c55-4206-4baf-9788-e8fb75e49fd7" testId="d17143e3-55b3-4f89-9a9f-5ded59d2c99d" testName="OmegaSpiral.Tests.Integration.Ui.Omega.OmegaTextRendererTests.AppendTextAsync__EmptyText_DoesNothing" computerName="omega" duration="00:00:00.0200000" startTime="2025-10-26T22:28:09.5258322-04:00" endTime="2025-10-26T22:28:09.5261314-04:00" testType="13cdc9d9-ddb5-4fa4-a97d-d965ccfc6d4b" outcome="Passed" testListId="8c84fa94-04c1-424b-9868-57a2d4851a1d" relativeResultsDirectory="39f09c55-4206-4baf-9788-e8fb75e49fd7" />
    <UnitTestResult executionId="dc4bac64-7d01-47bf-9fee-5386c82bf52a" testId="f3974bd1-9ba7-4310-a3c3-73db8fbc2d76" testName="BaseMenuUiUnitTests.BackRequested_HidesMenu" computerName="omega" duration="00:00:00.0200000" startTime="2025-10-26T22:27:55.0049639-04:00" endTime="2025-10-26T22:27:55.0053500-04:00" testType="13cdc9d9-ddb5-4fa4-a97d-d965ccfc6d4b" outcome="Failed" testListId="8c84fa94-04c1-424b-9868-57a2d4851a1d" relativeResultsDirectory="dc4bac64-7d01-47bf-9fee-5386c82bf52a">
      <Output>
        <ErrorInfo>
          <Message>Expecting: 'False' but is 'True'</Message>
          <StackTrace>   at BaseMenuUiUnitTests.BackRequested_HidesMenu() in /home/adam/Dev/omega-spiral/chapter-zero/tests/unit/ui/menus/BaseMenuUiUnitTests.cs:line 166
</StackTrace>
        </ErrorInfo>
      </Output>
    </UnitTestResult>
    <UnitTestResult executionId="d9d0f594-b0c6-4106-937d-b4c05fef0d5f" testId="0c48955e-faa6-4c02-ac1c-5e6a244f56ff" testName="OmegaSpiral.Tests.Common.GameStateSignalTests.DreamweaverInfluenceChangedSignal_EmittedWhenInfluenceChanges_SignalReceived" computerName="omega" duration="00:00:01.0550000" startTime="2025-10-26T22:28:00.2995682-04:00" endTime="2025-10-26T22:28:00.2999154-04:00" testType="13cdc9d9-ddb5-4fa4-a97d-d965ccfc6d4b" outcome="Failed" testListId="8c84fa94-04c1-424b-9868-57a2d4851a1d" relativeResultsDirectory="d9d0f594-b0c6-4106-937d-b4c05fef0d5f">
      <Output>
        <ErrorInfo>
          <Message>Expecting do emitting signal:
    "DreamweaverInfluenceChanged(&lt;Empty&gt;)"
 by
    &lt;OmegaSpiral.Source.Scripts.GameStateSignals&gt; (objId: 66756544253)</Message>
          <StackTrace>   at GdUnit4.Asserts.SignalAssert.ThrowTestFailureReport(String message, Int32 lineNumber)
</StackTrace>
        </ErrorInfo>
      </Output>
    </UnitTestResult>
    <UnitTestResult executionId="11b9cc51-0c89-40c1-a0e7-76803d2fa517" testId="d6673081-3354-404f-866e-ae3eb3678a17" testName="[After].QuitButton_HasPressedSignalHandler" computerName="omega" startTime="2025-10-26T22:28:02.5861702-04:00" endTime="2025-10-26T22:28:02.5861738-04:00" testType="13cdc9d9-ddb5-4fa4-a97d-d965ccfc6d4b" outcome="Failed" testListId="8c84fa94-04c1-424b-9868-57a2d4851a1d" relativeResultsDirectory="11b9cc51-0c89-40c1-a0e7-76803d2fa517">
      <Output>
        <StdErr>Warning:
    Detected &lt;38&gt; orphan nodes during test suite setup stage!
    Check Setup:28 and Cleanup:36 for unfreed instances!</StdErr>
        <ErrorInfo>
          <Message>Warning:
    Detected &lt;38&gt; orphan nodes during test suite setup stage!
    Check Setup:28 and Cleanup:36 for unfreed instances!</Message>
        </ErrorInfo>
      </Output>
    </UnitTestResult>
    <UnitTestResult executionId="7ead8f5f-50ed-4d3b-abbe-691dc1156c15" testId="af03dcde-3386-479e-b58d-420cb2d85a34" testName="[After].InitializeComponentStates_DefaultImplementation_DoesNotThrow" computerName="omega" startTime="2025-10-26T22:28:03.9622135-04:00" endTime="2025-10-26T22:28:03.9622142-04:00" testType="13cdc9d9-ddb5-4fa4-a97d-d965ccfc6d4b" outcome="Failed" testListId="8c84fa94-04c1-424b-9868-57a2d4851a1d" relativeResultsDirectory="7ead8f5f-50ed-4d3b-abbe-691dc1156c15">
      <Output>
        <StdErr>Warning:
    Detected &lt;1&gt; orphan nodes during test suite setup stage!
    Check Setup:98 and Cleanup:104 for unfreed instances!</StdErr>
        <ErrorInfo>
          <Message>Warning:
    Detected &lt;1&gt; orphan nodes during test suite setup stage!
    Check Setup:98 and Cleanup:104 for unfreed instances!</Message>
        </ErrorInfo>
      </Output>
    </UnitTestResult>
    <UnitTestResult executionId="96c1a5e5-3c4d-477f-abe9-caa1ea671896" testId="fa6489ee-ec24-4fc8-9656-8bf69cce58c1" testName="[Before].NavigateDown_MovesFocusToNextButton" computerName="omega" startTime="2025-10-26T22:27:54.8606135-04:00" endTime="2025-10-26T22:27:54.8606155-04:00" testType="13cdc9d9-ddb5-4fa4-a97d-d965ccfc6d4b" outcome="Failed" testListId="8c84fa94-04c1-424b-9868-57a2d4851a1d" relativeResultsDirectory="96c1a5e5-3c4d-477f-abe9-caa1ea671896">
      <Output>
        <ErrorInfo>
          <Message>Expecting be NOT &lt;Null&gt;:</Message>
          <StackTrace>   at OmegaSpiral.Tests.Shared.OmegaUiTestHelper.ValidateBackgroundTheme(Control uiComponent, String componentName) in /home/adam/Dev/omega-spiral/chapter-zero/tests/shared/OmegaUiTestHelper.cs:line 51
   at BaseMenuUiUnitTests.Setup() in /home/adam/Dev/omega-spiral/chapter-zero/tests/unit/ui/menus/BaseMenuUiUnitTests.cs:line 44
   at Godot.SignalAwaiter.SignalCallback(IntPtr awaiterGCHandlePtr, godot_variant** args, Int32 argCount, godot_bool* outAwaiterIsNull) in /root/godot/modules/mono/glue/GodotSharp/GodotSharp/Core/SignalAwaiter.cs:line 65
</StackTrace>
        </ErrorInfo>
      </Output>
    </UnitTestResult>
    <UnitTestResult executionId="d32e6431-f231-46de-9849-6d7523d2f424" testId="46179593-27b7-4828-8db4-8997ea5ad2d8" testName="[After].AllStageButtons_HavePressedSignalHandlers" computerName="omega" startTime="2025-10-26T22:28:02.5608676-04:00" endTime="2025-10-26T22:28:02.5608704-04:00" testType="13cdc9d9-ddb5-4fa4-a97d-d965ccfc6d4b" outcome="Failed" testListId="8c84fa94-04c1-424b-9868-57a2d4851a1d" relativeResultsDirectory="d32e6431-f231-46de-9849-6d7523d2f424">
      <Output>
        <StdErr>Warning:
    Detected &lt;38&gt; orphan nodes during test suite setup stage!
    Check Setup:28 and Cleanup:36 for unfreed instances!</StdErr>
        <ErrorInfo>
          <Message>Warning:
    Detected &lt;38&gt; orphan nodes during test suite setup stage!
    Check Setup:28 and Cleanup:36 for unfreed instances!</Message>
        </ErrorInfo>
      </Output>
    </UnitTestResult>
    <UnitTestResult executionId="8d1c2b37-0625-4798-bdf5-f832465ad4bc" testId="d3b7ac37-82b4-4700-bbcd-a1ecd2865fa6" testName="OmegaSpiral.Tests.Unit.Common.Omega.IOmegaTextRendererTests.Interface_HasIsAnimatingMethod" computerName="omega" duration="00:00:00.0100000" startTime="2025-10-26T22:28:13.4427041-04:00" endTime="2025-10-26T22:28:13.4430045-04:00" testType="13cdc9d9-ddb5-4fa4-a97d-d965ccfc6d4b" outcome="Passed" testListId="8c84fa94-04c1-424b-9868-57a2d4851a1d" relativeResultsDirectory="8d1c2b37-0625-4798-bdf5-f832465ad4bc" />
    <UnitTestResult executionId="f6b6ff20-3bc7-4310-a16e-e76b542065a7" testId="40802555-9c61-433f-8983-881a85ef0b70" testName="OmegaSpiral.Tests.Integration.Ui.Omega.ChoiceButtonTests.ChoiceButton_SupportsFocusNavigation" computerName="omega" duration="00:00:00.0310000" startTime="2025-10-26T22:28:02.7589053-04:00" endTime="2025-10-26T22:28:02.7591931-04:00" testType="13cdc9d9-ddb5-4fa4-a97d-d965ccfc6d4b" outcome="Passed" testListId="8c84fa94-04c1-424b-9868-57a2d4851a1d" relativeResultsDirectory="f6b6ff20-3bc7-4310-a16e-e76b542065a7" />
    <UnitTestResult executionId="aa659157-c1ed-442a-a011-4d48002ce9e7" testId="c2da7cfa-d0d6-40e7-bf6b-3e56bbe11f32" testName="[After].CacheRequiredNodes_DefaultImplementation_DoesNotThrow" computerName="omega" startTime="2025-10-26T22:28:03.9603368-04:00" endTime="2025-10-26T22:28:03.9603389-04:00" testType="13cdc9d9-ddb5-4fa4-a97d-d965ccfc6d4b" outcome="Failed" testListId="8c84fa94-04c1-424b-9868-57a2d4851a1d" relativeResultsDirectory="aa659157-c1ed-442a-a011-4d48002ce9e7">
      <Output>
        <StdErr>Warning:
    Detected &lt;1&gt; orphan nodes during test suite setup stage!
    Check Setup:98 and Cleanup:104 for unfreed instances!</StdErr>
        <ErrorInfo>
          <Message>Warning:
    Detected &lt;1&gt; orphan nodes during test suite setup stage!
    Check Setup:98 and Cleanup:104 for unfreed instances!</Message>
        </ErrorInfo>
      </Output>
    </UnitTestResult>
    <UnitTestResult executionId="409b7fff-8b20-4d74-909d-792acee3e9c4" testId="85b362e0-40aa-4ad9-ab9d-711c0b63c24e" testName="OmegaSpiral.Tests.Integration.Ui.Omega.OmegaContainer_UnitTests.Ready_CallsCacheRequiredNodes" computerName="omega" duration="00:00:00.0270000" startTime="2025-10-26T22:28:03.6977511-04:00" endTime="2025-10-26T22:28:03.6980520-04:00" testType="13cdc9d9-ddb5-4fa4-a97d-d965ccfc6d4b" outcome="Passed" testListId="8c84fa94-04c1-424b-9868-57a2d4851a1d" relativeResultsDirectory="409b7fff-8b20-4d74-909d-792acee3e9c4" />
    <UnitTestResult executionId="c033d4d5-8f46-4906-9271-8da551391378" testId="55365c3b-dbc1-4198-877c-e432f8f8f366" testName="OmegaSpiral.Tests.Integration.Ui.Omega.OmegaBorderFrame_UnitTests.AnimationDefaults_AreSet" computerName="omega" duration="00:00:00.0200000" startTime="2025-10-26T22:28:03.0630426-04:00" endTime="2025-10-26T22:28:03.0633440-04:00" testType="13cdc9d9-ddb5-4fa4-a97d-d965ccfc6d4b" outcome="Passed" testListId="8c84fa94-04c1-424b-9868-57a2d4851a1d" relativeResultsDirectory="c033d4d5-8f46-4906-9271-8da551391378" />
    <UnitTestResult executionId="25585a01-7810-454b-ab0d-2d2d9c1ed437" testId="26cf2d29-830f-4e58-8b6b-fda6b6a4bce1" testName="[After].ClearText_AfterAppendingText_RemovesAllContent" computerName="omega" startTime="2025-10-26T22:28:09.5349839-04:00" endTime="2025-10-26T22:28:09.5349847-04:00" testType="13cdc9d9-ddb5-4fa4-a97d-d965ccfc6d4b" outcome="Passed" testListId="8c84fa94-04c1-424b-9868-57a2d4851a1d" relativeResultsDirectory="25585a01-7810-454b-ab0d-2d2d9c1ed437">
      <Output>
        <StdErr>Warning:
    Detected &lt;1&gt; orphan nodes during test suite setup stage!
    Check Setup:41 and Cleanup:52 for unfreed instances!</StdErr>
        <ErrorInfo>
          <Message>Warning:
    Detected &lt;1&gt; orphan nodes during test suite setup stage!
    Check Setup:41 and Cleanup:52 for unfreed instances!</Message>
        </ErrorInfo>
      </Output>
    </UnitTestResult>
    <UnitTestResult executionId="dce9806c-413c-4f3d-9e01-a4b5c87c3b92" testId="7e17e2a2-0752-4843-abe1-58ed247a440a" testName="OmegaSpiral.Tests.Unit.Common.SceneManagerTests.TransitionToScenePreservesGameState" computerName="omega" duration="00:00:00.0200000" startTime="2025-10-26T22:28:13.0691875-04:00" endTime="2025-10-26T22:28:13.0694930-04:00" testType="13cdc9d9-ddb5-4fa4-a97d-d965ccfc6d4b" outcome="Passed" testListId="8c84fa94-04c1-424b-9868-57a2d4851a1d" relativeResultsDirectory="dce9806c-413c-4f3d-9e01-a4b5c87c3b92">
      <Output>
        <StdOut>Player name set to: TestPlayer
Dreamweaver thread set to: hero
Updated current scene to: 2</StdOut>
      </Output>
    </UnitTestResult>
    <UnitTestResult executionId="8d1fb965-237a-4f35-810a-baefd75ebccf" testId="ddb07c6c-51e0-491e-8c61-3cf4efad5582" testName="OmegaSpiral.Tests.Unit.Common.Omega.OmegaChoicePresenterTests.PresentChoicesAsync_NullChoices_ThrowsArgumentNullException" computerName="omega" duration="00:00:00.0330000" startTime="2025-10-26T22:28:10.5645395-04:00" endTime="2025-10-26T22:28:10.5648488-04:00" testType="13cdc9d9-ddb5-4fa4-a97d-d965ccfc6d4b" outcome="Passed" testListId="8c84fa94-04c1-424b-9868-57a2d4851a1d" relativeResultsDirectory="8d1fb965-237a-4f35-810a-baefd75ebccf" />
    <UnitTestResult executionId="361aabe4-389a-4669-8123-ba935b3302d0" testId="7d94e95e-c1d7-4e44-9497-f904dab5d5bd" testName="OmegaSpiral.Tests.Integration.Common.OmegaIntegrationTests.ShaderAndText_InteractWithoutInterference" computerName="omega" duration="00:00:00.4460000" startTime="2025-10-26T22:28:00.8448915-04:00" endTime="2025-10-26T22:28:00.8451963-04:00" testType="13cdc9d9-ddb5-4fa4-a97d-d965ccfc6d4b" outcome="Passed" testListId="8c84fa94-04c1-424b-9868-57a2d4851a1d" relativeResultsDirectory="361aabe4-389a-4669-8123-ba935b3302d0" />
    <UnitTestResult executionId="dc3f1d4b-c56c-4422-98fd-e89b9a1e1d09" testId="0720925c-eee5-445e-88ed-eec562cd5deb" testName="OmegaSpiral.Tests.Unit.Common.Omega.OmegaChoicePresenterTests.PresentChoicesAsync_SingleSelection_ReturnsSelectedIndex" computerName="omega" duration="00:00:00.1230000" startTime="2025-10-26T22:28:10.0886606-04:00" endTime="2025-10-26T22:28:10.0889597-04:00" testType="13cdc9d9-ddb5-4fa4-a97d-d965ccfc6d4b" outcome="Passed" testListId="8c84fa94-04c1-424b-9868-57a2d4851a1d" relativeResultsDirectory="dc3f1d4b-c56c-4422-98fd-e89b9a1e1d09">
      <Output>
        <StdErr>Warning:
    Detected &lt;3&gt; orphan nodes during test execution!</StdErr>
        <ErrorInfo>
          <Message>Warning:
    Detected &lt;3&gt; orphan nodes during test execution!</Message>
        </ErrorInfo>
      </Output>
    </UnitTestResult>
    <UnitTestResult executionId="b2ad09c9-7ed7-46db-bc1c-1acdccf1abf7" testId="c0a6e372-cd87-4029-b1eb-74e0aac8ae3a" testName="[Before].PauseMenu_ExtendsMenuUi" computerName="omega" startTime="2025-10-26T22:28:09.5581706-04:00" endTime="2025-10-26T22:28:09.5581730-04:00" testType="13cdc9d9-ddb5-4fa4-a97d-d965ccfc6d4b" outcome="Failed" testListId="8c84fa94-04c1-424b-9868-57a2d4851a1d" relativeResultsDirectory="b2ad09c9-7ed7-46db-bc1c-1acdccf1abf7">
      <Output>
        <ErrorInfo>
          <Message>Expecting be NOT &lt;Null&gt;:</Message>
          <StackTrace>   at OmegaSpiral.Tests.Shared.OmegaUiTestHelper.ValidateBackgroundTheme(Control uiComponent, String componentName) in /home/adam/Dev/omega-spiral/chapter-zero/tests/shared/OmegaUiTestHelper.cs:line 51
   at OmegaSpiral.Tests.Integration.Ui.PauseMenuTests.Setup() in /home/adam/Dev/omega-spiral/chapter-zero/tests/integration/ui/PauseMenuTests.cs:line 34
   at Godot.SignalAwaiter.SignalCallback(IntPtr awaiterGCHandlePtr, godot_variant** args, Int32 argCount, godot_bool* outAwaiterIsNull) in /root/godot/modules/mono/glue/GodotSharp/GodotSharp/Core/SignalAwaiter.cs:line 65
</StackTrace>
        </ErrorInfo>
      </Output>
    </UnitTestResult>
    <UnitTestResult executionId="30ed9ec1-2a69-4f52-bebe-8311a98bc4ad" testId="d02bea60-6f5b-4aea-a958-8e06908cbbd2" testName="OmegaSpiral.Tests.Unit.Common.Omega.OmegaShaderControllerTests.ApplyVisualPresetAsync_GlitchPreset_AppliesCorrectShader" computerName="omega" duration="00:00:00.0340000" startTime="2025-10-26T22:28:10.7968760-04:00" endTime="2025-10-26T22:28:10.7971842-04:00" testType="13cdc9d9-ddb5-4fa4-a97d-d965ccfc6d4b" outcome="Passed" testListId="8c84fa94-04c1-424b-9868-57a2d4851a1d" relativeResultsDirectory="30ed9ec1-2a69-4f52-bebe-8311a98bc4ad" />
    <UnitTestResult executionId="a9106887-3f98-4d15-9bd8-9652c2fc7e82" testId="d49e325f-fcba-495c-a3a0-6ff8d84729c3" testName="OmegaSpiral.Tests.Unit.Common.Omega.OmegaShaderControllerTests.ApplyVisualPresetAsync_TerminalPreset_RemovesShader" computerName="omega" duration="00:00:00.0410000" startTime="2025-10-26T22:28:12.4343582-04:00" endTime="2025-10-26T22:28:12.4346657-04:00" testType="13cdc9d9-ddb5-4fa4-a97d-d965ccfc6d4b" outcome="Passed" testListId="8c84fa94-04c1-424b-9868-57a2d4851a1d" relativeResultsDirectory="a9106887-3f98-4d15-9bd8-9652c2fc7e82" />
    <UnitTestResult executionId="b5931a86-db67-4e5e-a274-e73b7ccf991d" testId="46179593-27b7-4828-8db4-8997ea5ad2d8" testName="OmegaSpiral.Tests.Integration.Ui.Menus.MainMenuTests.AllStageButtons_HavePressedSignalHandlers" computerName="omega" duration="00:00:00.0340000" startTime="2025-10-26T22:28:02.3052328-04:00" endTime="2025-10-26T22:28:02.3055318-04:00" testType="13cdc9d9-ddb5-4fa4-a97d-d965ccfc6d4b" outcome="Passed" testListId="8c84fa94-04c1-424b-9868-57a2d4851a1d" relativeResultsDirectory="b5931a86-db67-4e5e-a274-e73b7ccf991d" />
    <UnitTestResult executionId="5f59ae1e-24bc-4503-a00f-f34ec2a01481" testId="a00fc406-cef7-43a1-a748-5dd932e36d43" testName="OmegaSpiral.Tests.Unit.Common.Omega.OmegaShaderControllerTests.ResetShaderEffects_AfterApplyingPreset_RemovesMaterial" computerName="omega" duration="00:00:00.0340000" startTime="2025-10-26T22:28:12.3722443-04:00" endTime="2025-10-26T22:28:12.3725533-04:00" testType="13cdc9d9-ddb5-4fa4-a97d-d965ccfc6d4b" outcome="Passed" testListId="8c84fa94-04c1-424b-9868-57a2d4851a1d" relativeResultsDirectory="5f59ae1e-24bc-4503-a00f-f34ec2a01481" />
    <UnitTestResult executionId="faca1b4a-b02f-4b30-a88c-9979c2587e65" testId="bbbbebb1-8c74-4313-83c9-2d5d3f5c708e" testName="[After].MenuTitle_UsesCorrectFontSize" computerName="omega" startTime="2025-10-26T22:28:02.5789346-04:00" endTime="2025-10-26T22:28:02.5789354-04:00" testType="13cdc9d9-ddb5-4fa4-a97d-d965ccfc6d4b" outcome="Failed" testListId="8c84fa94-04c1-424b-9868-57a2d4851a1d" relativeResultsDirectory="faca1b4a-b02f-4b30-a88c-9979c2587e65">
      <Output>
        <StdErr>Warning:
    Detected &lt;38&gt; orphan nodes during test suite setup stage!
    Check Setup:28 and Cleanup:36 for unfreed instances!</StdErr>
        <ErrorInfo>
          <Message>Warning:
    Detected &lt;38&gt; orphan nodes during test suite setup stage!
    Check Setup:28 and Cleanup:36 for unfreed instances!</Message>
        </ErrorInfo>
      </Output>
    </UnitTestResult>
    <UnitTestResult executionId="9a756a64-4b29-4102-94f1-07b196c469f0" testId="2555f957-6e88-417b-a43c-f947cc4c9c31" testName="OmegaSpiral.Tests.Integration.Ui.Omega.OmegaTextRendererTests.IsAnimating_DuringTextAppending_ReturnsTrue" computerName="omega" duration="00:00:01.3320000" startTime="2025-10-26T22:28:09.5048690-04:00" endTime="2025-10-26T22:28:09.5051574-04:00" testType="13cdc9d9-ddb5-4fa4-a97d-d965ccfc6d4b" outcome="Passed" testListId="8c84fa94-04c1-424b-9868-57a2d4851a1d" relativeResultsDirectory="9a756a64-4b29-4102-94f1-07b196c469f0" />
    <UnitTestResult executionId="38233591-79de-4d10-8e65-5bdb21dfcd99" testId="26cf2d29-830f-4e58-8b6b-fda6b6a4bce1" testName="OmegaSpiral.Tests.Integration.Ui.Omega.OmegaTextRendererTests.ClearText_AfterAppendingText_RemovesAllContent" computerName="omega" duration="00:00:00.3300000" startTime="2025-10-26T22:28:05.4881044-04:00" endTime="2025-10-26T22:28:05.4903041-04:00" testType="13cdc9d9-ddb5-4fa4-a97d-d965ccfc6d4b" outcome="Passed" testListId="8c84fa94-04c1-424b-9868-57a2d4851a1d" relativeResultsDirectory="38233591-79de-4d10-8e65-5bdb21dfcd99" />
    <UnitTestResult executionId="c8bb16e4-5dad-48a0-b9b9-3995000762f2" testId="7571e7d9-0151-4bdb-a7a1-b11bb3583d9c" testName="OmegaSpiral.Tests.Integration.Ui.Omega.ChoiceButtonTests.OnPressed_EmitsChoiceSelectedSignal" computerName="omega" duration="00:00:00.0200000" startTime="2025-10-26T22:28:02.7037865-04:00" endTime="2025-10-26T22:28:02.7046538-04:00" testType="13cdc9d9-ddb5-4fa4-a97d-d965ccfc6d4b" outcome="Passed" testListId="8c84fa94-04c1-424b-9868-57a2d4851a1d" relativeResultsDirectory="c8bb16e4-5dad-48a0-b9b9-3995000762f2">
      <Output>
        <StdOut>[ChoiceButton] Configured: 'Test Choice' (L:10 S:5 A:3)
[ChoiceButtonTests] Signal emission test placeholder</StdOut>
      </Output>
    </UnitTestResult>
    <UnitTestResult executionId="8af33de6-564e-4aba-a6fe-cfb9579942f3" testId="879b5277-3f77-4811-b869-579f4128af8f" testName="OmegaSpiral.Tests.Unit.Common.Omega.OmegaShaderPresetsTests.GetPreset_ReturnsTerminalPresetWithNoShader" computerName="omega" duration="00:00:00.0200000" startTime="2025-10-26T22:28:12.5594931-04:00" endTime="2025-10-26T22:28:12.5597846-04:00" testType="13cdc9d9-ddb5-4fa4-a97d-d965ccfc6d4b" outcome="Passed" testListId="8c84fa94-04c1-424b-9868-57a2d4851a1d" relativeResultsDirectory="8af33de6-564e-4aba-a6fe-cfb9579942f3" />
    <UnitTestResult executionId="736ce19d-068c-40ef-aa3d-e6632a3fceb4" testId="7d94e95e-c1d7-4e44-9497-f904dab5d5bd" testName="[After].ShaderAndText_InteractWithoutInterference" computerName="omega" startTime="2025-10-26T22:28:01.4868410-04:00" endTime="2025-10-26T22:28:01.4868462-04:00" testType="13cdc9d9-ddb5-4fa4-a97d-d965ccfc6d4b" outcome="Passed" testListId="8c84fa94-04c1-424b-9868-57a2d4851a1d" relativeResultsDirectory="736ce19d-068c-40ef-aa3d-e6632a3fceb4">
      <Output>
        <StdErr>Warning:
    Detected &lt;1&gt; orphan nodes during test suite setup stage!
    Check Setup:32 and Cleanup:57 for unfreed instances!</StdErr>
        <ErrorInfo>
          <Message>Warning:
    Detected &lt;1&gt; orphan nodes during test suite setup stage!
    Check Setup:32 and Cleanup:57 for unfreed instances!</Message>
        </ErrorInfo>
      </Output>
    </UnitTestResult>
    <UnitTestResult executionId="598ece6d-1bc4-4850-843f-f29dc12fbcca" testId="309bc29b-5378-40ca-b1d0-7a8cf5831ab1" testName="OmegaSpiral.Tests.Integration.Ui.BaseMenuUiTests.ButtonContainer_Exists" computerName="omega" duration="00:00:00.0130000" startTime="2025-10-26T22:28:01.6150917-04:00" endTime="2025-10-26T22:28:01.6154130-04:00" testType="13cdc9d9-ddb5-4fa4-a97d-d965ccfc6d4b" outcome="Failed" testListId="8c84fa94-04c1-424b-9868-57a2d4851a1d" relativeResultsDirectory="598ece6d-1bc4-4850-843f-f29dc12fbcca">
      <Output>
        <ErrorInfo>
          <Message>Expecting be NOT &lt;Null&gt;:</Message>
          <StackTrace>   at OmegaSpiral.Tests.Integration.Ui.BaseMenuUiTests.ButtonContainer_Exists() in /home/adam/Dev/omega-spiral/chapter-zero/tests/integration/ui/BaseMenuTests.cs:line 121
</StackTrace>
        </ErrorInfo>
      </Output>
    </UnitTestResult>
    <UnitTestResult executionId="e801a868-d7bc-46f6-a3af-a0741960e404" testId="343d2f4f-08e4-44a1-b4b8-15d4e83ab391" testName="OmegaSpiral.Tests.Integration.Ui.Menus.MainMenuTests.MenuActionBar_Exists" computerName="omega" duration="00:00:00.0200000" startTime="2025-10-26T22:28:02.0980343-04:00" endTime="2025-10-26T22:28:02.0983319-04:00" testType="13cdc9d9-ddb5-4fa4-a97d-d965ccfc6d4b" outcome="Passed" testListId="8c84fa94-04c1-424b-9868-57a2d4851a1d" relativeResultsDirectory="e801a868-d7bc-46f6-a3af-a0741960e404" />
    <UnitTestResult executionId="893125ff-ca2b-4e53-843d-06dad9ecb456" testId="efd45bae-2b1b-4ef6-89c1-a69e8cd2e4cc" testName="[Before].BaseMenuUi_ExposesProtectedHelpers" computerName="omega" startTime="2025-10-26T22:28:01.5067159-04:00" endTime="2025-10-26T22:28:01.5067188-04:00" testType="13cdc9d9-ddb5-4fa4-a97d-d965ccfc6d4b" outcome="Failed" testListId="8c84fa94-04c1-424b-9868-57a2d4851a1d" relativeResultsDirectory="893125ff-ca2b-4e53-843d-06dad9ecb456">
      <Output>
        <ErrorInfo>
          <Message>Expecting be NOT &lt;Null&gt;:</Message>
          <StackTrace>   at OmegaSpiral.Tests.Shared.OmegaUiTestHelper.ValidateBackgroundTheme(Control uiComponent, String componentName) in /home/adam/Dev/omega-spiral/chapter-zero/tests/shared/OmegaUiTestHelper.cs:line 51
   at OmegaSpiral.Tests.Integration.Ui.BaseMenuUiTests.Setup() in /home/adam/Dev/omega-spiral/chapter-zero/tests/integration/ui/BaseMenuTests.cs:line 42
   at Godot.SignalAwaiter.SignalCallback(IntPtr awaiterGCHandlePtr, godot_variant** args, Int32 argCount, godot_bool* outAwaiterIsNull) in /root/godot/modules/mono/glue/GodotSharp/GodotSharp/Core/SignalAwaiter.cs:line 65
</StackTrace>
        </ErrorInfo>
      </Output>
    </UnitTestResult>
    <UnitTestResult executionId="0c14de09-a901-4257-b9db-681f97730530" testId="2b635717-6f57-4a29-96e2-be12dd2b9b87" testName="[After].MenuTitle_IsHorizontallyCentered" computerName="omega" startTime="2025-10-26T22:28:02.5783928-04:00" endTime="2025-10-26T22:28:02.5783946-04:00" testType="13cdc9d9-ddb5-4fa4-a97d-d965ccfc6d4b" outcome="Failed" testListId="8c84fa94-04c1-424b-9868-57a2d4851a1d" relativeResultsDirectory="0c14de09-a901-4257-b9db-681f97730530">
      <Output>
        <StdErr>Warning:
    Detected &lt;38&gt; orphan nodes during test suite setup stage!
    Check Setup:28 and Cleanup:36 for unfreed instances!</StdErr>
        <ErrorInfo>
          <Message>Warning:
    Detected &lt;38&gt; orphan nodes during test suite setup stage!
    Check Setup:28 and Cleanup:36 for unfreed instances!</Message>
        </ErrorInfo>
      </Output>
    </UnitTestResult>
    <UnitTestResult executionId="64351403-6553-486d-a487-0d3ddce4b93d" testId="d1e868ed-f9d0-4c80-9de7-517c834f0d18" testName="OmegaSpiral.Tests.Integration.Ui.Menus.MainMenuTests.ContentContainer_HasCorrectSectionSpacing" computerName="omega" duration="00:00:00.0210000" startTime="2025-10-26T22:28:02.3941132-04:00" endTime="2025-10-26T22:28:02.3944025-04:00" testType="13cdc9d9-ddb5-4fa4-a97d-d965ccfc6d4b" outcome="Passed" testListId="8c84fa94-04c1-424b-9868-57a2d4851a1d" relativeResultsDirectory="64351403-6553-486d-a487-0d3ddce4b93d" />
    <UnitTestResult executionId="8f099af3-f76a-473c-a8be-fc6df6343b36" testId="3cc5ed63-53a8-4d6d-8a16-b38f4de55650" testName="OmegaSpiral.Tests.Integration.Ui.Omega.OmegaTextRendererTests.Constructor_WithNullTextDisplay_ThrowsArgumentNullException" computerName="omega" duration="00:00:00.0130000" startTime="2025-10-26T22:28:04.0284652-04:00" endTime="2025-10-26T22:28:04.0287713-04:00" testType="13cdc9d9-ddb5-4fa4-a97d-d965ccfc6d4b" outcome="Passed" testListId="8c84fa94-04c1-424b-9868-57a2d4851a1d" relativeResultsDirectory="8f099af3-f76a-473c-a8be-fc6df6343b36">
      <Output>
        <StdErr>Warning:
    Detected &lt;1&gt; orphan nodes during test execution!</StdErr>
        <ErrorInfo>
          <Message>Warning:
    Detected &lt;1&gt; orphan nodes during test execution!</Message>
        </ErrorInfo>
      </Output>
    </UnitTestResult>
    <UnitTestResult executionId="ee8297ac-ddc9-4738-9b98-2aced044338c" testId="878c11f1-05bd-4b46-8ce1-b74c2604a090" testName="OmegaSpiral.Tests.Integration.Ui.BaseMenuUiTests.ButtonContainer_CanAddButtons" computerName="omega" duration="00:00:00.0130000" startTime="2025-10-26T22:28:01.6491147-04:00" endTime="2025-10-26T22:28:01.6506461-04:00" testType="13cdc9d9-ddb5-4fa4-a97d-d965ccfc6d4b" outcome="Failed" testListId="8c84fa94-04c1-424b-9868-57a2d4851a1d" relativeResultsDirectory="ee8297ac-ddc9-4738-9b98-2aced044338c">
      <Output>
        <ErrorInfo>
          <Message>Expecting be NOT &lt;Null&gt;:</Message>
          <StackTrace>   at OmegaSpiral.Tests.Integration.Ui.BaseMenuUiTests.ButtonContainer_CanAddButtons() in /home/adam/Dev/omega-spiral/chapter-zero/tests/integration/ui/BaseMenuTests.cs:line 145
</StackTrace>
        </ErrorInfo>
      </Output>
    </UnitTestResult>
    <UnitTestResult executionId="483c9443-b7fd-49d5-89ff-b6cdd1f8e829" testId="6217350c-308e-430f-80b2-c7277034ee61" testName="OmegaSpiral.Tests.Unit.Common.Omega.OmegaShaderPresetsTests.GetPreset_ReturnsPhosphorPreset" computerName="omega" duration="00:00:00.0200000" startTime="2025-10-26T22:28:12.4835956-04:00" endTime="2025-10-26T22:28:12.4839012-04:00" testType="13cdc9d9-ddb5-4fa4-a97d-d965ccfc6d4b" outcome="Passed" testListId="8c84fa94-04c1-424b-9868-57a2d4851a1d" relativeResultsDirectory="483c9443-b7fd-49d5-89ff-b6cdd1f8e829" />
    <UnitTestResult executionId="fde7fb22-b3c1-4a14-bca0-087b93fb7516" testId="8233511b-de6a-41c0-9fa3-e425da9c78fd" testName="OmegaSpiral.Tests.Unit.Common.GameStateTests.UpdatedreamweaverscoreAddspointscorrectly" computerName="omega" duration="00:00:00.0130000" startTime="2025-10-26T22:28:09.8748936-04:00" endTime="2025-10-26T22:28:09.8751877-04:00" testType="13cdc9d9-ddb5-4fa4-a97d-d965ccfc6d4b" outcome="Passed" testListId="8c84fa94-04c1-424b-9868-57a2d4851a1d" relativeResultsDirectory="fde7fb22-b3c1-4a14-bca0-087b93fb7516">
      <Output>
        <StdErr>Warning:
    Detected &lt;1&gt; orphan nodes during test execution!</StdErr>
        <ErrorInfo>
          <Message>Warning:
    Detected &lt;1&gt; orphan nodes during test execution!</Message>
        </ErrorInfo>
      </Output>
    </UnitTestResult>
    <UnitTestResult executionId="14703561-3f35-4905-8537-05f84349b05d" testId="2b770a98-257d-4ffc-82b7-c88974baf4b4" testName="OmegaSpiral.Tests.Unit.Common.Omega.IOmegaChoicePresenterTests.Interface_HasPresentChoicesAsyncMethod" computerName="omega" duration="00:00:00.0150000" startTime="2025-10-26T22:28:13.3116281-04:00" endTime="2025-10-26T22:28:13.3119390-04:00" testType="13cdc9d9-ddb5-4fa4-a97d-d965ccfc6d4b" outcome="Passed" testListId="8c84fa94-04c1-424b-9868-57a2d4851a1d" relativeResultsDirectory="14703561-3f35-4905-8537-05f84349b05d" />
    <UnitTestResult executionId="fa23b4d4-a8a7-4e0b-978d-3d51d7db595b" testId="3cc5ed63-53a8-4d6d-8a16-b38f4de55650" testName="[After].Constructor_WithNullTextDisplay_ThrowsArgumentNullException" computerName="omega" startTime="2025-10-26T22:28:09.5352193-04:00" endTime="2025-10-26T22:28:09.5352201-04:00" testType="13cdc9d9-ddb5-4fa4-a97d-d965ccfc6d4b" outcome="Passed" testListId="8c84fa94-04c1-424b-9868-57a2d4851a1d" relativeResultsDirectory="fa23b4d4-a8a7-4e0b-978d-3d51d7db595b">
      <Output>
        <StdErr>Warning:
    Detected &lt;1&gt; orphan nodes during test suite setup stage!
    Check Setup:41 and Cleanup:52 for unfreed instances!</StdErr>
        <ErrorInfo>
          <Message>Warning:
    Detected &lt;1&gt; orphan nodes during test suite setup stage!
    Check Setup:41 and Cleanup:52 for unfreed instances!</Message>
        </ErrorInfo>
      </Output>
    </UnitTestResult>
    <UnitTestResult executionId="a3349984-ffb4-41ca-bdad-dc93c5758c3b" testId="eee17e2b-fa7f-4636-925f-311369b739e3" testName="OmegaSpiral.Tests.Integration.Ui.CreditsMenuTests.CreditsMenu_CanShowAndHide" computerName="omega" duration="00:00:00.0220000" startTime="2025-10-26T22:28:01.8876033-04:00" endTime="2025-10-26T22:28:01.8879140-04:00" testType="13cdc9d9-ddb5-4fa4-a97d-d965ccfc6d4b" outcome="Passed" testListId="8c84fa94-04c1-424b-9868-57a2d4851a1d" relativeResultsDirectory="a3349984-ffb4-41ca-bdad-dc93c5758c3b" />
    <UnitTestResult executionId="00dac47a-11d8-40f9-95da-de3afc07dd25" testId="1ad54dd2-fc64-4157-89f6-eef31597ad0e" testName="OmegaSpiral.Tests.Integration.Ui.Omega.OmegaBorderFrame_UnitTests.ConfigureAnimationSpeed_ClampsToValidRanges" computerName="omega" duration="00:00:00.0200000" startTime="2025-10-26T22:28:03.1391192-04:00" endTime="2025-10-26T22:28:03.1394240-04:00" testType="13cdc9d9-ddb5-4fa4-a97d-d965ccfc6d4b" outcome="Passed" testListId="8c84fa94-04c1-424b-9868-57a2d4851a1d" relativeResultsDirectory="00dac47a-11d8-40f9-95da-de3afc07dd25" />
    <UnitTestResult executionId="56f707d3-20ea-4ad8-8c51-1afe3263fb14" testId="0d00f4fc-c606-48cd-a196-65bf1f633d80" testName="[Before].MenuTitle_Exists" computerName="omega" startTime="2025-10-26T22:28:01.5133294-04:00" endTime="2025-10-26T22:28:01.5133314-04:00" testType="13cdc9d9-ddb5-4fa4-a97d-d965ccfc6d4b" outcome="Failed" testListId="8c84fa94-04c1-424b-9868-57a2d4851a1d" relativeResultsDirectory="56f707d3-20ea-4ad8-8c51-1afe3263fb14">
      <Output>
        <ErrorInfo>
          <Message>Expecting be NOT &lt;Null&gt;:</Message>
          <StackTrace>   at OmegaSpiral.Tests.Shared.OmegaUiTestHelper.ValidateBackgroundTheme(Control uiComponent, String componentName) in /home/adam/Dev/omega-spiral/chapter-zero/tests/shared/OmegaUiTestHelper.cs:line 51
   at OmegaSpiral.Tests.Integration.Ui.BaseMenuUiTests.Setup() in /home/adam/Dev/omega-spiral/chapter-zero/tests/integration/ui/BaseMenuTests.cs:line 42
   at Godot.SignalAwaiter.SignalCallback(IntPtr awaiterGCHandlePtr, godot_variant** args, Int32 argCount, godot_bool* outAwaiterIsNull) in /root/godot/modules/mono/glue/GodotSharp/GodotSharp/Core/SignalAwaiter.cs:line 65
</StackTrace>
        </ErrorInfo>
      </Output>
    </UnitTestResult>
    <UnitTestResult executionId="a9119068-7286-4315-8164-726cf886c1a5" testId="4e0f0109-4dfd-452e-bc21-65d40c4e6b30" testName="[After].OptionsButton_Exists" computerName="omega" startTime="2025-10-26T22:28:02.5791785-04:00" endTime="2025-10-26T22:28:02.5791793-04:00" testType="13cdc9d9-ddb5-4fa4-a97d-d965ccfc6d4b" outcome="Failed" testListId="8c84fa94-04c1-424b-9868-57a2d4851a1d" relativeResultsDirectory="a9119068-7286-4315-8164-726cf886c1a5">
      <Output>
        <StdErr>Warning:
    Detected &lt;38&gt; orphan nodes during test suite setup stage!
    Check Setup:28 and Cleanup:36 for unfreed instances!</StdErr>
        <ErrorInfo>
          <Message>Warning:
    Detected &lt;38&gt; orphan nodes during test suite setup stage!
    Check Setup:28 and Cleanup:36 for unfreed instances!</Message>
        </ErrorInfo>
      </Output>
    </UnitTestResult>
    <UnitTestResult executionId="a2101b56-845b-4bce-86d3-f22126220461" testId="85b362e0-40aa-4ad9-ab9d-711c0b63c24e" testName="[After].Ready_CallsCacheRequiredNodes" computerName="omega" startTime="2025-10-26T22:28:03.9660003-04:00" endTime="2025-10-26T22:28:03.9660013-04:00" testType="13cdc9d9-ddb5-4fa4-a97d-d965ccfc6d4b" outcome="Failed" testListId="8c84fa94-04c1-424b-9868-57a2d4851a1d" relativeResultsDirectory="a2101b56-845b-4bce-86d3-f22126220461">
      <Output>
        <StdErr>Warning:
    Detected &lt;1&gt; orphan nodes during test suite setup stage!
    Check Setup:98 and Cleanup:104 for unfreed instances!</StdErr>
        <ErrorInfo>
          <Message>Warning:
    Detected &lt;1&gt; orphan nodes during test suite setup stage!
    Check Setup:98 and Cleanup:104 for unfreed instances!</Message>
        </ErrorInfo>
      </Output>
    </UnitTestResult>
    <UnitTestResult executionId="73b2a772-8ac9-4084-b2f2-646e5a8ef4db" testId="62dcf2f7-4888-4c5e-8f5b-6c16d702c9ef" testName="OmegaSpiral.Tests.Unit.Common.SceneManagerTests.ValidateStateForTransitionReturnsTrueForValidTransitions" computerName="omega" duration="00:00:00.0190000" startTime="2025-10-26T22:28:13.1533717-04:00" endTime="2025-10-26T22:28:13.1536988-04:00" testType="13cdc9d9-ddb5-4fa4-a97d-d965ccfc6d4b" outcome="Passed" testListId="8c84fa94-04c1-424b-9868-57a2d4851a1d" relativeResultsDirectory="73b2a772-8ac9-4084-b2f2-646e5a8ef4db">
      <Output>
        <StdOut>Validating transition to: res://source/ui/menus/main_menu.tscn</StdOut>
      </Output>
    </UnitTestResult>
    <UnitTestResult executionId="ff6f9620-7924-4218-8761-42a747797e08" testId="b13a70ea-c59c-4eb6-bd72-a82362f8c67f" testName="OmegaSpiral.Tests.Integration.Ui.Omega.OmegaBackground_UnitTests.GetBackgroundColor_ReturnsDefaultForNull" computerName="omega" duration="00:00:00.0130000" startTime="2025-10-26T22:28:02.8554715-04:00" endTime="2025-10-26T22:28:02.8560289-04:00" testType="13cdc9d9-ddb5-4fa4-a97d-d965ccfc6d4b" outcome="Passed" testListId="8c84fa94-04c1-424b-9868-57a2d4851a1d" relativeResultsDirectory="ff6f9620-7924-4218-8761-42a747797e08" />
    <UnitTestResult executionId="b0c11421-70f1-4d6d-9f2a-55433d9a2bbb" testId="ba9ef989-06a0-416f-9e83-6e663af4c03d" testName="OmegaSpiral.Tests.Common.GameStateSignalTests.InventoryUpdatedSignal_EmittedWhenInventoryChanges_SignalReceived" computerName="omega" duration="00:00:01.0550000" startTime="2025-10-26T22:27:58.1946759-04:00" endTime="2025-10-26T22:27:58.1949809-04:00" testType="13cdc9d9-ddb5-4fa4-a97d-d965ccfc6d4b" outcome="Failed" testListId="8c84fa94-04c1-424b-9868-57a2d4851a1d" relativeResultsDirectory="b0c11421-70f1-4d6d-9f2a-55433d9a2bbb">
      <Output>
        <ErrorInfo>
          <Message>Expecting do emitting signal:
    "InventoryUpdated(&lt;Empty&gt;)"
 by
    &lt;OmegaSpiral.Source.Scripts.GameStateSignals&gt; (objId: 66488108797)</Message>
          <StackTrace>   at GdUnit4.Asserts.SignalAssert.ThrowTestFailureReport(String message, Int32 lineNumber)
</StackTrace>
        </ErrorInfo>
      </Output>
    </UnitTestResult>
    <UnitTestResult executionId="62c1460d-3ac1-402b-8148-b648f3fe0efb" testId="79e55fb6-a5b9-4d63-9ed2-77a3af26d4ab" testName="[After].Background_UsesCorrectDarkColor" computerName="omega" startTime="2025-10-26T22:28:02.5614990-04:00" endTime="2025-10-26T22:28:02.5614997-04:00" testType="13cdc9d9-ddb5-4fa4-a97d-d965ccfc6d4b" outcome="Failed" testListId="8c84fa94-04c1-424b-9868-57a2d4851a1d" relativeResultsDirectory="62c1460d-3ac1-402b-8148-b648f3fe0efb">
      <Output>
        <StdErr>Warning:
    Detected &lt;38&gt; orphan nodes during test suite setup stage!
    Check Setup:28 and Cleanup:36 for unfreed instances!</StdErr>
        <ErrorInfo>
          <Message>Warning:
    Detected &lt;38&gt; orphan nodes during test suite setup stage!
    Check Setup:28 and Cleanup:36 for unfreed instances!</Message>
        </ErrorInfo>
      </Output>
    </UnitTestResult>
    <UnitTestResult executionId="96182681-9e80-49df-953f-54e5a83c57cc" testId="93011b1a-88c5-46bd-9eee-b9bec6a42c6a" testName="OmegaSpiral.Tests.Unit.Common.Omega.OmegaSpiralColorsTests.SpiralRotationSpeed_IsPiOver4" computerName="omega" duration="00:00:00.0220000" startTime="2025-10-26T22:28:12.8642076-04:00" endTime="2025-10-26T22:28:12.8644993-04:00" testType="13cdc9d9-ddb5-4fa4-a97d-d965ccfc6d4b" outcome="Passed" testListId="8c84fa94-04c1-424b-9868-57a2d4851a1d" relativeResultsDirectory="96182681-9e80-49df-953f-54e5a83c57cc" />
    <UnitTestResult executionId="91233b65-0697-401e-9596-b2ca4fc9be54" testId="8ef6dadb-53d0-4e0a-95c4-c28e63fece4d" testName="OmegaSpiral.Tests.Unit.Common.Omega.OmegaShaderControllerTests.ApplyVisualPresetAsync_PhosphorPreset_AppliesCorrectShader" computerName="omega" duration="00:00:00.0320000" startTime="2025-10-26T22:28:10.7093869-04:00" endTime="2025-10-26T22:28:10.7096853-04:00" testType="13cdc9d9-ddb5-4fa4-a97d-d965ccfc6d4b" outcome="Passed" testListId="8c84fa94-04c1-424b-9868-57a2d4851a1d" relativeResultsDirectory="91233b65-0697-401e-9596-b2ca4fc9be54" />
    <UnitTestResult executionId="4577bf0d-9688-447c-98ba-8d460d536e3c" testId="8e2e6d60-1f1d-4f1b-83c0-660c65dad560" testName="OmegaSpiral.Tests.Integration.Ui.Omega.OmegaBorderFrame_UnitTests.ThreadColors_AppliedFromDesignSystem" computerName="omega" duration="00:00:00.0120000" startTime="2025-10-26T22:28:03.0418501-04:00" endTime="2025-10-26T22:28:03.0421511-04:00" testType="13cdc9d9-ddb5-4fa4-a97d-d965ccfc6d4b" outcome="Passed" testListId="8c84fa94-04c1-424b-9868-57a2d4851a1d" relativeResultsDirectory="4577bf0d-9688-447c-98ba-8d460d536e3c" />
    <UnitTestResult executionId="b8e38e03-87ec-48f8-9d80-90a58dce8f9b" testId="0d00f4fc-c606-48cd-a196-65bf1f633d80" testName="OmegaSpiral.Tests.Integration.Ui.BaseMenuUiTests.MenuTitle_Exists" computerName="omega" duration="00:00:00.0200000" startTime="2025-10-26T22:28:01.6007853-04:00" endTime="2025-10-26T22:28:01.6010838-04:00" testType="13cdc9d9-ddb5-4fa4-a97d-d965ccfc6d4b" outcome="Failed" testListId="8c84fa94-04c1-424b-9868-57a2d4851a1d" relativeResultsDirectory="b8e38e03-87ec-48f8-9d80-90a58dce8f9b">
      <Output>
        <ErrorInfo>
          <Message>Expecting be NOT &lt;Null&gt;:</Message>
          <StackTrace>   at OmegaSpiral.Tests.Integration.Ui.BaseMenuUiTests.MenuTitle_Exists() in /home/adam/Dev/omega-spiral/chapter-zero/tests/integration/ui/BaseMenuTests.cs:line 110
</StackTrace>
        </ErrorInfo>
      </Output>
    </UnitTestResult>
    <UnitTestResult executionId="21904160-a5dd-4529-9727-d525f857de02" testId="2ba8d42d-c297-4ebc-8e33-a327173158a9" testName="[After].TerminalInput_AcceptsSelection_ReturnsCorrectIndex" computerName="omega" startTime="2025-10-26T22:28:01.4873824-04:00" endTime="2025-10-26T22:28:01.4873860-04:00" testType="13cdc9d9-ddb5-4fa4-a97d-d965ccfc6d4b" outcome="Passed" testListId="8c84fa94-04c1-424b-9868-57a2d4851a1d" relativeResultsDirectory="21904160-a5dd-4529-9727-d525f857de02">
      <Output>
        <StdErr>Warning:
    Detected &lt;1&gt; orphan nodes during test suite setup stage!
    Check Setup:32 and Cleanup:57 for unfreed instances!</StdErr>
        <ErrorInfo>
          <Message>Warning:
    Detected &lt;1&gt; orphan nodes during test suite setup stage!
    Check Setup:32 and Cleanup:57 for unfreed instances!</Message>
        </ErrorInfo>
      </Output>
    </UnitTestResult>
    <UnitTestResult executionId="ce9f90eb-23ca-4ea7-b03f-14287a94ee17" testId="8dcc471a-40c9-4e29-914b-a0869fe52cad" testName="[After].SetTextColor_ChangesColorOfSubsequentText" computerName="omega" startTime="2025-10-26T22:28:09.5426521-04:00" endTime="2025-10-26T22:28:09.5426529-04:00" testType="13cdc9d9-ddb5-4fa4-a97d-d965ccfc6d4b" outcome="Passed" testListId="8c84fa94-04c1-424b-9868-57a2d4851a1d" relativeResultsDirectory="ce9f90eb-23ca-4ea7-b03f-14287a94ee17">
      <Output>
        <StdErr>Warning:
    Detected &lt;1&gt; orphan nodes during test suite setup stage!
    Check Setup:41 and Cleanup:52 for unfreed instances!</StdErr>
        <ErrorInfo>
          <Message>Warning:
    Detected &lt;1&gt; orphan nodes during test suite setup stage!
    Check Setup:41 and Cleanup:52 for unfreed instances!</Message>
        </ErrorInfo>
      </Output>
    </UnitTestResult>
    <UnitTestResult executionId="cd5f6757-7034-4722-bdd0-5c2087d46470" testId="2878e7a1-cece-493d-9136-ebc5caa1303a" testName="OmegaSpiral.Tests.Integration.Ui.Omega.OmegaTextRendererTests.AppendTextAsync_WithDelay_DelaysBeforeStarting" computerName="omega" duration="00:00:00.5190000" startTime="2025-10-26T22:28:05.1565074-04:00" endTime="2025-10-26T22:28:05.1568075-04:00" testType="13cdc9d9-ddb5-4fa4-a97d-d965ccfc6d4b" outcome="Passed" testListId="8c84fa94-04c1-424b-9868-57a2d4851a1d" relativeResultsDirectory="cd5f6757-7034-4722-bdd0-5c2087d46470" />
    <UnitTestResult executionId="48198918-65d8-49d9-95ef-2e06f371c0f3" testId="f574b333-cf19-4188-824b-cb63ff73ae58" testName="OmegaSpiral.Tests.Integration.Ui.Omega.OmegaComponentFactory_UnitTests.CreateBorderFrame_ReturnsValidInstance" computerName="omega" duration="00:00:00.0200000" startTime="2025-10-26T22:28:03.2422166-04:00" endTime="2025-10-26T22:28:03.2425141-04:00" testType="13cdc9d9-ddb5-4fa4-a97d-d965ccfc6d4b" outcome="Passed" testListId="8c84fa94-04c1-424b-9868-57a2d4851a1d" relativeResultsDirectory="48198918-65d8-49d9-95ef-2e06f371c0f3" />
    <UnitTestResult executionId="f42f891c-e537-4f5c-8597-8a694cf1d64e" testId="a1dde66b-1d3a-48dc-86b8-afcb5a97e07d" testName="OmegaSpiral.Tests.Unit.Common.GameStateTests.GettotalscoreReturnssumofallscores" computerName="omega" duration="00:00:00.0130000" startTime="2025-10-26T22:28:09.9434679-04:00" endTime="2025-10-26T22:28:09.9437716-04:00" testType="13cdc9d9-ddb5-4fa4-a97d-d965ccfc6d4b" outcome="Passed" testListId="8c84fa94-04c1-424b-9868-57a2d4851a1d" relativeResultsDirectory="f42f891c-e537-4f5c-8597-8a694cf1d64e">
      <Output>
        <StdErr>Warning:
    Detected &lt;1&gt; orphan nodes during test execution!</StdErr>
        <ErrorInfo>
          <Message>Warning:
    Detected &lt;1&gt; orphan nodes during test execution!</Message>
        </ErrorInfo>
      </Output>
    </UnitTestResult>
    <UnitTestResult executionId="3c1d1482-a33c-4aa1-9b5d-acea12c4e301" testId="c0a6e372-cd87-4029-b1eb-74e0aac8ae3a" testName="OmegaSpiral.Tests.Integration.Ui.PauseMenuTests.PauseMenu_ExtendsMenuUi" computerName="omega" duration="00:00:00.0210000" startTime="2025-10-26T22:28:09.5792118-04:00" endTime="2025-10-26T22:28:09.5799135-04:00" testType="13cdc9d9-ddb5-4fa4-a97d-d965ccfc6d4b" outcome="Passed" testListId="8c84fa94-04c1-424b-9868-57a2d4851a1d" relativeResultsDirectory="3c1d1482-a33c-4aa1-9b5d-acea12c4e301" />
    <UnitTestResult executionId="4b110272-2037-4da1-aa74-55d557a97889" testId="0c8c3a09-2d1d-4c39-8818-b87f77078ba7" testName="BaseMenuUiUnitTests.GetFocusedButton_ReturnsNullWhenNoFocus" computerName="omega" duration="00:00:00.0190000" startTime="2025-10-26T22:27:54.9400861-04:00" endTime="2025-10-26T22:27:54.9424457-04:00" testType="13cdc9d9-ddb5-4fa4-a97d-d965ccfc6d4b" outcome="Passed" testListId="8c84fa94-04c1-424b-9868-57a2d4851a1d" relativeResultsDirectory="4b110272-2037-4da1-aa74-55d557a97889">
      <Output>
        <StdErr>Warning:
    Detected &lt;1&gt; orphan nodes during test execution!</StdErr>
        <ErrorInfo>
          <Message>Warning:
    Detected &lt;1&gt; orphan nodes during test execution!</Message>
        </ErrorInfo>
      </Output>
    </UnitTestResult>
    <UnitTestResult executionId="2a5a66a9-afbd-4f13-935a-b35727f003b7" testId="4b196a70-9eef-4178-ab7c-884da4a2e4b9" testName="OmegaSpiral.Tests.Integration.Ui.Omega.OmegaComponentFactory_UnitTests.CreateTextRenderer_WithValidLabel_ReturnsValidInstance" computerName="omega" duration="00:00:00.0200000" startTime="2025-10-26T22:28:03.3317596-04:00" endTime="2025-10-26T22:28:03.3320466-04:00" testType="13cdc9d9-ddb5-4fa4-a97d-d965ccfc6d4b" outcome="Passed" testListId="8c84fa94-04c1-424b-9868-57a2d4851a1d" relativeResultsDirectory="2a5a66a9-afbd-4f13-935a-b35727f003b7">
      <Output>
        <StdErr>Warning:
    Detected &lt;1&gt; orphan nodes during test execution!</StdErr>
        <ErrorInfo>
          <Message>Warning:
    Detected &lt;1&gt; orphan nodes during test execution!</Message>
        </ErrorInfo>
      </Output>
    </UnitTestResult>
    <UnitTestResult executionId="5df8b23d-e7ad-4a26-884e-8e09c258acde" testId="694b45a0-c9cc-4c8c-9a51-87e2d4d3db26" testName="OmegaSpiral.Tests.Integration.Ui.Omega.OmegaContainer_UnitTests.ComposeShaderController_CreatesShaderController" computerName="omega" duration="00:00:00.0200000" startTime="2025-10-26T22:28:03.7803787-04:00" endTime="2025-10-26T22:28:03.7810200-04:00" testType="13cdc9d9-ddb5-4fa4-a97d-d965ccfc6d4b" outcome="Passed" testListId="8c84fa94-04c1-424b-9868-57a2d4851a1d" relativeResultsDirectory="5df8b23d-e7ad-4a26-884e-8e09c258acde">
      <Output>
        <StdErr>Warning:
    Detected &lt;1&gt; orphan nodes during test execution!</StdErr>
        <ErrorInfo>
          <Message>Warning:
    Detected &lt;1&gt; orphan nodes during test execution!</Message>
        </ErrorInfo>
      </Output>
    </UnitTestResult>
    <UnitTestResult executionId="9e2547d0-6cd4-4904-8b8f-40bd5b99c73c" testId="2b635717-6f57-4a29-96e2-be12dd2b9b87" testName="OmegaSpiral.Tests.Integration.Ui.Menus.MainMenuTests.MenuTitle_IsHorizontallyCentered" computerName="omega" duration="00:00:00.0330000" startTime="2025-10-26T22:28:02.4279473-04:00" endTime="2025-10-26T22:28:02.4284452-04:00" testType="13cdc9d9-ddb5-4fa4-a97d-d965ccfc6d4b" outcome="Passed" testListId="8c84fa94-04c1-424b-9868-57a2d4851a1d" relativeResultsDirectory="9e2547d0-6cd4-4904-8b8f-40bd5b99c73c" />
    <UnitTestResult executionId="6c74d99c-a840-4660-b24a-c684ee94fd97" testId="7333aad3-1f02-48a9-b8ed-ab6be4015bf3" testName="OmegaSpiral.Tests.Integration.Ui.Menus.MainMenuTests.PhosphorLayer_IsVisibleWithCorrectOpacity" computerName="omega" duration="00:00:00.0120000" startTime="2025-10-26T22:28:02.4622264-04:00" endTime="2025-10-26T22:28:02.4625254-04:00" testType="13cdc9d9-ddb5-4fa4-a97d-d965ccfc6d4b" outcome="Failed" testListId="8c84fa94-04c1-424b-9868-57a2d4851a1d" relativeResultsDirectory="6c74d99c-a840-4660-b24a-c684ee94fd97">
      <Output>
        <ErrorInfo>
          <Message>Expecting be NOT &lt;Null&gt;:</Message>
          <StackTrace>   at OmegaSpiral.Tests.Integration.Ui.Menus.MainMenuTests.PhosphorLayer_IsVisibleWithCorrectOpacity() in /home/adam/Dev/omega-spiral/chapter-zero/tests/integration/ui/menus/MainMenuTests.cs:line 383
</StackTrace>
        </ErrorInfo>
      </Output>
    </UnitTestResult>
    <UnitTestResult executionId="6931091c-bbb7-42b6-b7c5-7c1adf06bfe8" testId="eedaead1-cbd3-491b-9463-6abaab6a38ff" testName="OmegaSpiral.Tests.Integration.Common.OmegaIntegrationTests.TextDisplay_AndChoiceInput_DontInterfere" computerName="omega" duration="00:00:00.6000000" startTime="2025-10-26T22:28:01.4558329-04:00" endTime="2025-10-26T22:28:01.4563484-04:00" testType="13cdc9d9-ddb5-4fa4-a97d-d965ccfc6d4b" outcome="Passed" testListId="8c84fa94-04c1-424b-9868-57a2d4851a1d" relativeResultsDirectory="6931091c-bbb7-42b6-b7c5-7c1adf06bfe8" />
    <UnitTestResult executionId="b89e979a-d94b-4ca2-a2a8-170c08e4feca" testId="2139c676-c127-4ca8-b5cb-e911f8a3fc51" testName="OmegaSpiral.Tests.Unit.Common.Omega.OmegaSpiralColorsTests.PhosphorPulseFrequency_IsHalfHz" computerName="omega" duration="00:00:00.0230000" startTime="2025-10-26T22:28:12.9109105-04:00" endTime="2025-10-26T22:28:12.9112578-04:00" testType="13cdc9d9-ddb5-4fa4-a97d-d965ccfc6d4b" outcome="Passed" testListId="8c84fa94-04c1-424b-9868-57a2d4851a1d" relativeResultsDirectory="b89e979a-d94b-4ca2-a2a8-170c08e4feca" />
    <UnitTestResult executionId="dedf8b70-5bde-47e0-bb2c-10c87b296429" testId="efd45bae-2b1b-4ef6-89c1-a69e8cd2e4cc" testName="OmegaSpiral.Tests.Integration.Ui.BaseMenuUiTests.BaseMenuUi_ExposesProtectedHelpers" computerName="omega" duration="00:00:00.0210000" startTime="2025-10-26T22:28:01.5685423-04:00" endTime="2025-10-26T22:28:01.5698139-04:00" testType="13cdc9d9-ddb5-4fa4-a97d-d965ccfc6d4b" outcome="Passed" testListId="8c84fa94-04c1-424b-9868-57a2d4851a1d" relativeResultsDirectory="dedf8b70-5bde-47e0-bb2c-10c87b296429" />
    <UnitTestResult executionId="e3d43c4c-9194-4e44-b4c8-ebd3762dff13" testId="ce0fcb82-5a89-43ba-9d0b-f510a4ee2edf" testName="OmegaSpiral.Tests.Unit.Common.GameStateTests.UpdatedreamweaverscoreHandlesnegativechanges" computerName="omega" duration="00:00:00.0210000" startTime="2025-10-26T22:28:09.8957434-04:00" endTime="2025-10-26T22:28:09.8965384-04:00" testType="13cdc9d9-ddb5-4fa4-a97d-d965ccfc6d4b" outcome="Passed" testListId="8c84fa94-04c1-424b-9868-57a2d4851a1d" relativeResultsDirectory="e3d43c4c-9194-4e44-b4c8-ebd3762dff13">
      <Output>
        <StdErr>Warning:
    Detected &lt;1&gt; orphan nodes during test execution!</StdErr>
        <ErrorInfo>
          <Message>Warning:
    Detected &lt;1&gt; orphan nodes during test execution!</Message>
        </ErrorInfo>
      </Output>
    </UnitTestResult>
    <UnitTestResult executionId="28111161-70ab-4411-b000-8cec533dfa64" testId="94708ccf-86f9-4d8d-aa92-d079f9ce725d" testName="OmegaSpiral.Tests.Integration.Ui.Omega.OmegaContainer_UnitTests.OmegaContainer_ExtendsControl" computerName="omega" duration="00:00:00.0200000" startTime="2025-10-26T22:28:03.6445652-04:00" endTime="2025-10-26T22:28:03.6448650-04:00" testType="13cdc9d9-ddb5-4fa4-a97d-d965ccfc6d4b" outcome="Passed" testListId="8c84fa94-04c1-424b-9868-57a2d4851a1d" relativeResultsDirectory="28111161-70ab-4411-b000-8cec533dfa64" />
    <UnitTestResult executionId="33008a48-d06f-4eff-9100-4f69b64e84a4" testId="0738f821-d1bd-40d8-a3e1-df6b3f479c76" testName="OmegaSpiral.Tests.Unit.Common.Omega.OmegaShaderControllerTests.Constructor_WithValidDisplay_InitializesCorrectly" computerName="omega" duration="00:00:00.0210000" startTime="2025-10-26T22:28:10.6540732-04:00" endTime="2025-10-26T22:28:10.6543773-04:00" testType="13cdc9d9-ddb5-4fa4-a97d-d965ccfc6d4b" outcome="Passed" testListId="8c84fa94-04c1-424b-9868-57a2d4851a1d" relativeResultsDirectory="33008a48-d06f-4eff-9100-4f69b64e84a4" />
    <UnitTestResult executionId="b4c06b74-eff4-448d-bfda-2d4a77ecad5d" testId="c469e990-d611-4543-8a06-74155823e5f1" testName="OmegaSpiral.Tests.Integration.Ui.CreditsMenuTests.CreditsMenu_HasTitle" computerName="omega" duration="00:00:00.0130000" startTime="2025-10-26T22:28:01.8039263-04:00" endTime="2025-10-26T22:28:01.8042384-04:00" testType="13cdc9d9-ddb5-4fa4-a97d-d965ccfc6d4b" outcome="Passed" testListId="8c84fa94-04c1-424b-9868-57a2d4851a1d" relativeResultsDirectory="b4c06b74-eff4-448d-bfda-2d4a77ecad5d" />
    <UnitTestResult executionId="aa2850ff-6c55-4cc3-bc07-60469991d60b" testId="c2da7cfa-d0d6-40e7-bf6b-3e56bbe11f32" testName="OmegaSpiral.Tests.Integration.Ui.Omega.OmegaContainer_UnitTests.CacheRequiredNodes_DefaultImplementation_DoesNotThrow" computerName="omega" duration="00:00:00.0200000" startTime="2025-10-26T22:28:03.8560229-04:00" endTime="2025-10-26T22:28:03.8563219-04:00" testType="13cdc9d9-ddb5-4fa4-a97d-d965ccfc6d4b" outcome="Passed" testListId="8c84fa94-04c1-424b-9868-57a2d4851a1d" relativeResultsDirectory="aa2850ff-6c55-4cc3-bc07-60469991d60b" />
    <UnitTestResult executionId="bbf4ba0f-5135-453a-9190-7c6597d3da21" testId="94a8cfbe-0be1-4de5-a98f-8cc26ce7f61b" testName="[After].MenuButtonContainer_IsCenterAligned" computerName="omega" startTime="2025-10-26T22:28:02.5754348-04:00" endTime="2025-10-26T22:28:02.5754354-04:00" testType="13cdc9d9-ddb5-4fa4-a97d-d965ccfc6d4b" outcome="Failed" testListId="8c84fa94-04c1-424b-9868-57a2d4851a1d" relativeResultsDirectory="bbf4ba0f-5135-453a-9190-7c6597d3da21">
      <Output>
        <StdErr>Warning:
    Detected &lt;38&gt; orphan nodes during test suite setup stage!
    Check Setup:28 and Cleanup:36 for unfreed instances!</StdErr>
        <ErrorInfo>
          <Message>Warning:
    Detected &lt;38&gt; orphan nodes during test suite setup stage!
    Check Setup:28 and Cleanup:36 for unfreed instances!</Message>
        </ErrorInfo>
      </Output>
    </UnitTestResult>
    <UnitTestResult executionId="49c416bf-751e-4f14-b311-1ed6f97fbea7" testId="a1f99e48-36e8-44a0-98b0-66dca38e0e2c" testName="[Before].PauseMenu_HasButtons" computerName="omega" startTime="2025-10-26T22:28:09.5605764-04:00" endTime="2025-10-26T22:28:09.5605774-04:00" testType="13cdc9d9-ddb5-4fa4-a97d-d965ccfc6d4b" outcome="Failed" testListId="8c84fa94-04c1-424b-9868-57a2d4851a1d" relativeResultsDirectory="49c416bf-751e-4f14-b311-1ed6f97fbea7">
      <Output>
        <ErrorInfo>
          <Message>Expecting be NOT &lt;Null&gt;:</Message>
          <StackTrace>   at OmegaSpiral.Tests.Shared.OmegaUiTestHelper.ValidateBackgroundTheme(Control uiComponent, String componentName) in /home/adam/Dev/omega-spiral/chapter-zero/tests/shared/OmegaUiTestHelper.cs:line 51
   at OmegaSpiral.Tests.Integration.Ui.PauseMenuTests.Setup() in /home/adam/Dev/omega-spiral/chapter-zero/tests/integration/ui/PauseMenuTests.cs:line 34
   at Godot.SignalAwaiter.SignalCallback(IntPtr awaiterGCHandlePtr, godot_variant** args, Int32 argCount, godot_bool* outAwaiterIsNull) in /root/godot/modules/mono/glue/GodotSharp/GodotSharp/Core/SignalAwaiter.cs:line 65
</StackTrace>
        </ErrorInfo>
      </Output>
    </UnitTestResult>
    <UnitTestResult executionId="5f6e7001-60ba-420e-944d-3ca5758b7a20" testId="d6673081-3354-404f-866e-ae3eb3678a17" testName="OmegaSpiral.Tests.Integration.Ui.Menus.MainMenuTests.QuitButton_HasPressedSignalHandler" computerName="omega" duration="00:00:00.0100000" startTime="2025-10-26T22:28:02.2678047-04:00" endTime="2025-10-26T22:28:02.2680862-04:00" testType="13cdc9d9-ddb5-4fa4-a97d-d965ccfc6d4b" outcome="Failed" testListId="8c84fa94-04c1-424b-9868-57a2d4851a1d" relativeResultsDirectory="5f6e7001-60ba-420e-944d-3ca5758b7a20">
      <Output>
        <ErrorInfo>
          <Message>Sequence contains no matching element</Message>
          <StackTrace>   at System.Linq.ThrowHelper.ThrowNoMatchException()
   at System.Linq.Enumerable.First[TSource](IEnumerable`1 source, Func`2 predicate)
   at OmegaSpiral.Tests.Integration.Ui.Menus.MainMenuTests.QuitButton_HasPressedSignalHandler() in /home/adam/Dev/omega-spiral/chapter-zero/tests/integration/ui/menus/MainMenuTests.cs:line 238
   at System.RuntimeMethodHandle.InvokeMethod(ObjectHandleOnStack target, Void** arguments, ObjectHandleOnStack sig, BOOL isConstructor, ObjectHandleOnStack result)
   at System.RuntimeMethodHandle.InvokeMethod(ObjectHandleOnStack target, Void** arguments, ObjectHandleOnStack sig, BOOL isConstructor, ObjectHandleOnStack result)
   at System.Reflection.MethodBaseInvoker.InterpretedInvoke_Method(Object obj, IntPtr* args)
   at System.Reflection.RuntimeMethodInfo.Invoke(Object obj, BindingFlags invokeAttr, Binder binder, Object[] parameters, CultureInfo culture)
</StackTrace>
        </ErrorInfo>
      </Output>
    </UnitTestResult>
    <UnitTestResult executionId="38bf4c84-7d32-428c-9d18-e06d51173b60" testId="c88eef16-280d-4f2a-8e28-83ae0e14cf6c" testName="OmegaSpiral.Tests.Unit.Common.Omega.OmegaShaderControllerTests.ApplyVisualPresetAsync_ScanlinesPreset_AppliesCorrectShader" computerName="omega" duration="00:00:00.0410000" startTime="2025-10-26T22:28:10.7507906-04:00" endTime="2025-10-26T22:28:10.7511004-04:00" testType="13cdc9d9-ddb5-4fa4-a97d-d965ccfc6d4b" outcome="Passed" testListId="8c84fa94-04c1-424b-9868-57a2d4851a1d" relativeResultsDirectory="38bf4c84-7d32-428c-9d18-e06d51173b60" />
    <UnitTestResult executionId="7ed7311e-a210-4e46-8102-085eef864f34" testId="7cfc1941-9d04-46bd-9eb2-22522be8029e" testName="[After].UpdateCurrentSceneUpdatesIndexCorrectly" computerName="omega" startTime="2025-10-26T22:28:13.1602856-04:00" endTime="2025-10-26T22:28:13.1602862-04:00" testType="13cdc9d9-ddb5-4fa4-a97d-d965ccfc6d4b" outcome="Passed" testListId="8c84fa94-04c1-424b-9868-57a2d4851a1d" relativeResultsDirectory="7ed7311e-a210-4e46-8102-085eef864f34">
      <Output>
        <StdErr>Warning:
    Detected &lt;1&gt; orphan nodes during test suite setup stage!
    Check Setup:21 and Cleanup:31 for unfreed instances!</StdErr>
        <ErrorInfo>
          <Message>Warning:
    Detected &lt;1&gt; orphan nodes during test suite setup stage!
    Check Setup:21 and Cleanup:31 for unfreed instances!</Message>
        </ErrorInfo>
      </Output>
    </UnitTestResult>
    <UnitTestResult executionId="ce70be2f-dda0-427f-b41d-423413937131" testId="343d2f4f-08e4-44a1-b4b8-15d4e83ab391" testName="[After].MenuActionBar_Exists" computerName="omega" startTime="2025-10-26T22:28:02.5720714-04:00" endTime="2025-10-26T22:28:02.5720722-04:00" testType="13cdc9d9-ddb5-4fa4-a97d-d965ccfc6d4b" outcome="Failed" testListId="8c84fa94-04c1-424b-9868-57a2d4851a1d" relativeResultsDirectory="ce70be2f-dda0-427f-b41d-423413937131">
      <Output>
        <StdErr>Warning:
    Detected &lt;38&gt; orphan nodes during test suite setup stage!
    Check Setup:28 and Cleanup:36 for unfreed instances!</StdErr>
        <ErrorInfo>
          <Message>Warning:
    Detected &lt;38&gt; orphan nodes during test suite setup stage!
    Check Setup:28 and Cleanup:36 for unfreed instances!</Message>
        </ErrorInfo>
      </Output>
    </UnitTestResult>
    <UnitTestResult executionId="967e833d-8823-4bac-b67b-ecd6f708ad89" testId="16975034-aa39-4153-89ce-81eb1eb7426f" testName="OmegaSpiral.Tests.Unit.Common.Omega.OmegaSpiralColorsTests.PrimaryColors_HaveFullOpacity" computerName="omega" duration="00:00:00.0130000" startTime="2025-10-26T22:28:12.9796508-04:00" endTime="2025-10-26T22:28:12.9799731-04:00" testType="13cdc9d9-ddb5-4fa4-a97d-d965ccfc6d4b" outcome="Passed" testListId="8c84fa94-04c1-424b-9868-57a2d4851a1d" relativeResultsDirectory="967e833d-8823-4bac-b67b-ecd6f708ad89" />
    <UnitTestResult executionId="b03a300d-fe11-4955-a610-38d18ba94454" testId="85e4362d-bf38-427d-b727-6db18904140d" testName="[Before].Menu_IsEnabledByDefault" computerName="omega" startTime="2025-10-26T22:28:01.5125820-04:00" endTime="2025-10-26T22:28:01.5125834-04:00" testType="13cdc9d9-ddb5-4fa4-a97d-d965ccfc6d4b" outcome="Failed" testListId="8c84fa94-04c1-424b-9868-57a2d4851a1d" relativeResultsDirectory="b03a300d-fe11-4955-a610-38d18ba94454">
      <Output>
        <ErrorInfo>
          <Message>Expecting be NOT &lt;Null&gt;:</Message>
          <StackTrace>   at OmegaSpiral.Tests.Shared.OmegaUiTestHelper.ValidateBackgroundTheme(Control uiComponent, String componentName) in /home/adam/Dev/omega-spiral/chapter-zero/tests/shared/OmegaUiTestHelper.cs:line 51
   at OmegaSpiral.Tests.Integration.Ui.BaseMenuUiTests.Setup() in /home/adam/Dev/omega-spiral/chapter-zero/tests/integration/ui/BaseMenuTests.cs:line 42
   at Godot.SignalAwaiter.SignalCallback(IntPtr awaiterGCHandlePtr, godot_variant** args, Int32 argCount, godot_bool* outAwaiterIsNull) in /root/godot/modules/mono/glue/GodotSharp/GodotSharp/Core/SignalAwaiter.cs:line 65
</StackTrace>
        </ErrorInfo>
      </Output>
    </UnitTestResult>
    <UnitTestResult executionId="5d25021c-f2f4-40a1-9e8d-2ea31da285a6" testId="c76639a5-150c-4fba-ae1f-341d369385b1" testName="OmegaSpiral.Tests.Unit.Common.Omega.OmegaShaderControllerTests.PixelDissolveAsync_CustomDuration_CompletesInCorrectTime" computerName="omega" duration="00:00:00.5170000" startTime="2025-10-26T22:28:12.3379393-04:00" endTime="2025-10-26T22:28:12.3382544-04:00" testType="13cdc9d9-ddb5-4fa4-a97d-d965ccfc6d4b" outcome="Passed" testListId="8c84fa94-04c1-424b-9868-57a2d4851a1d" relativeResultsDirectory="5d25021c-f2f4-40a1-9e8d-2ea31da285a6" />
    <UnitTestResult executionId="18535aad-c407-420f-942d-9a0bd57bd31b" testId="91b11a04-6dda-46c1-9654-982d1590bf1f" testName="OmegaSpiral.Tests.Unit.Common.Omega.IOmegaTextRendererTests.Interface_HasClearTextMethod" computerName="omega" duration="00:00:00.0100000" startTime="2025-10-26T22:28:13.4210685-04:00" endTime="2025-10-26T22:28:13.4213656-04:00" testType="13cdc9d9-ddb5-4fa4-a97d-d965ccfc6d4b" outcome="Passed" testListId="8c84fa94-04c1-424b-9868-57a2d4851a1d" relativeResultsDirectory="18535aad-c407-420f-942d-9a0bd57bd31b" />
    <UnitTestResult executionId="04249d31-2c44-436d-b222-5af14ac35abd" testId="33894811-5059-4ffc-bd20-45bafe09912f" testName="[Before].PauseMenu_FocusesFirstButton" computerName="omega" startTime="2025-10-26T22:28:09.5598485-04:00" endTime="2025-10-26T22:28:09.5598512-04:00" testType="13cdc9d9-ddb5-4fa4-a97d-d965ccfc6d4b" outcome="Failed" testListId="8c84fa94-04c1-424b-9868-57a2d4851a1d" relativeResultsDirectory="04249d31-2c44-436d-b222-5af14ac35abd">
      <Output>
        <ErrorInfo>
          <Message>Expecting be NOT &lt;Null&gt;:</Message>
          <StackTrace>   at OmegaSpiral.Tests.Shared.OmegaUiTestHelper.ValidateBackgroundTheme(Control uiComponent, String componentName) in /home/adam/Dev/omega-spiral/chapter-zero/tests/shared/OmegaUiTestHelper.cs:line 51
   at OmegaSpiral.Tests.Integration.Ui.PauseMenuTests.Setup() in /home/adam/Dev/omega-spiral/chapter-zero/tests/integration/ui/PauseMenuTests.cs:line 34
   at Godot.SignalAwaiter.SignalCallback(IntPtr awaiterGCHandlePtr, godot_variant** args, Int32 argCount, godot_bool* outAwaiterIsNull) in /root/godot/modules/mono/glue/GodotSharp/GodotSharp/Core/SignalAwaiter.cs:line 65
</StackTrace>
        </ErrorInfo>
      </Output>
    </UnitTestResult>
    <UnitTestResult executionId="a40b6326-1b7e-4b57-983a-cfdbe5dd261e" testId="d941c387-6e72-4db1-8321-ed81e90b2d22" testName="OmegaSpiral.Tests.Unit.Common.Omega.IOmegaTextRendererTests.Interface_HasAppendTextAsyncMethod" computerName="omega" duration="00:00:00.0100000" startTime="2025-10-26T22:28:13.4103497-04:00" endTime="2025-10-26T22:28:13.4106478-04:00" testType="13cdc9d9-ddb5-4fa4-a97d-d965ccfc6d4b" outcome="Passed" testListId="8c84fa94-04c1-424b-9868-57a2d4851a1d" relativeResultsDirectory="a40b6326-1b7e-4b57-983a-cfdbe5dd261e" />
    <UnitTestResult executionId="bad960f4-b0b2-4fea-abee-22e6f1056aee" testId="c1ac2dee-c3b3-4c8f-9f6b-f8923a5c3981" testName="OmegaSpiral.Tests.Integration.Ui.BaseMenuUiTests.ActionBar_Exists" computerName="omega" duration="00:00:00.0200000" startTime="2025-10-26T22:28:01.6366261-04:00" endTime="2025-10-26T22:28:01.6369607-04:00" testType="13cdc9d9-ddb5-4fa4-a97d-d965ccfc6d4b" outcome="Failed" testListId="8c84fa94-04c1-424b-9868-57a2d4851a1d" relativeResultsDirectory="bad960f4-b0b2-4fea-abee-22e6f1056aee">
      <Output>
        <ErrorInfo>
          <Message>Expecting be NOT &lt;Null&gt;:</Message>
          <StackTrace>   at OmegaSpiral.Tests.Integration.Ui.BaseMenuUiTests.ActionBar_Exists() in /home/adam/Dev/omega-spiral/chapter-zero/tests/integration/ui/BaseMenuTests.cs:line 132
</StackTrace>
        </ErrorInfo>
      </Output>
    </UnitTestResult>
    <UnitTestResult executionId="c3204b11-1f6b-4a20-bcec-1b7829d4d69c" testId="9dd4531e-464b-4a63-8dd2-0aac9127634b" testName="OmegaSpiral.Tests.Integration.Ui.Menus.MainMenuTests.QuitButton_Exists" computerName="omega" duration="00:00:00.0200000" startTime="2025-10-26T22:28:02.2093090-04:00" endTime="2025-10-26T22:28:02.2096902-04:00" testType="13cdc9d9-ddb5-4fa4-a97d-d965ccfc6d4b" outcome="Failed" testListId="8c84fa94-04c1-424b-9868-57a2d4851a1d" relativeResultsDirectory="c3204b11-1f6b-4a20-bcec-1b7829d4d69c">
      <Output>
        <ErrorInfo>
          <Message>Expecting be NOT &lt;Null&gt;:</Message>
          <StackTrace>   at OmegaSpiral.Tests.Integration.Ui.Menus.MainMenuTests.QuitButton_Exists() in /home/adam/Dev/omega-spiral/chapter-zero/tests/integration/ui/menus/MainMenuTests.cs:line 197
</StackTrace>
        </ErrorInfo>
      </Output>
    </UnitTestResult>
    <UnitTestResult executionId="9b62b6e8-3b43-447b-ac23-8d37f46ff9a9" testId="2ba8d42d-c297-4ebc-8e33-a327173158a9" testName="OmegaSpiral.Tests.Integration.Common.OmegaIntegrationTests.TerminalInput_AcceptsSelection_ReturnsCorrectIndex" computerName="omega" duration="00:00:00.0100000" startTime="2025-10-26T22:28:00.8556294-04:00" endTime="2025-10-26T22:28:00.8559668-04:00" testType="13cdc9d9-ddb5-4fa4-a97d-d965ccfc6d4b" outcome="Passed" testListId="8c84fa94-04c1-424b-9868-57a2d4851a1d" relativeResultsDirectory="9b62b6e8-3b43-447b-ac23-8d37f46ff9a9">
      <Output>
        <StdErr>Warning:
    Detected &lt;2&gt; orphan nodes during test execution!</StdErr>
        <ErrorInfo>
          <Message>Warning:
    Detected &lt;2&gt; orphan nodes during test execution!</Message>
        </ErrorInfo>
      </Output>
    </UnitTestResult>
    <UnitTestResult executionId="08cd7251-ee9c-4d44-ad0c-bf7c6aaf8211" testId="7cfbf097-6cae-4346-a6c3-2e901c320b53" testName="OmegaSpiral.Tests.Integration.Ui.Omega.OmegaBorderFrame_UnitTests.ShaderMaterial_IsConfigured" computerName="omega" duration="00:00:00.0120000" startTime="2025-10-26T22:28:03.0280555-04:00" endTime="2025-10-26T22:28:03.0284103-04:00" testType="13cdc9d9-ddb5-4fa4-a97d-d965ccfc6d4b" outcome="Passed" testListId="8c84fa94-04c1-424b-9868-57a2d4851a1d" relativeResultsDirectory="08cd7251-ee9c-4d44-ad0c-bf7c6aaf8211" />
    <UnitTestResult executionId="72152dd5-4487-48b8-b1b8-b48432ac97f9" testId="7cb47656-1c71-4120-bc2f-e01d1b13efb5" testName="BaseMenuUiUnitTests.GetFocusedButton_ReturnsCorrectButton" computerName="omega" duration="00:00:00.0200000" startTime="2025-10-26T22:27:54.9199454-04:00" endTime="2025-10-26T22:27:54.9203779-04:00" testType="13cdc9d9-ddb5-4fa4-a97d-d965ccfc6d4b" outcome="Failed" testListId="8c84fa94-04c1-424b-9868-57a2d4851a1d" relativeResultsDirectory="72152dd5-4487-48b8-b1b8-b48432ac97f9">
      <Output>
        <StdErr>Warning:
    Detected &lt;2&gt; orphan nodes during test execution!</StdErr>
        <ErrorInfo>
          <Message>Expecting be equal:
    &lt;Godot.Button&gt; (objId: 65447921422) but is &lt;Null&gt;</Message>
          <StackTrace>   at BaseMenuUiUnitTests.GetFocusedButton_ReturnsCorrectButton() in /home/adam/Dev/omega-spiral/chapter-zero/tests/unit/ui/menus/BaseMenuUiUnitTests.cs:line 93
</StackTrace>
        </ErrorInfo>
      </Output>
    </UnitTestResult>
    <UnitTestResult executionId="3b2c9312-33b3-4f1e-b04e-21870106fb52" testId="9ec322e6-bf68-4540-93fa-77df77e5de22" testName="[After].ScrollToBottom_AfterAddingText_ScrollsCorrectly" computerName="omega" startTime="2025-10-26T22:28:09.5423637-04:00" endTime="2025-10-26T22:28:09.5423643-04:00" testType="13cdc9d9-ddb5-4fa4-a97d-d965ccfc6d4b" outcome="Passed" testListId="8c84fa94-04c1-424b-9868-57a2d4851a1d" relativeResultsDirectory="3b2c9312-33b3-4f1e-b04e-21870106fb52">
      <Output>
        <StdErr>Warning:
    Detected &lt;1&gt; orphan nodes during test suite setup stage!
    Check Setup:41 and Cleanup:52 for unfreed instances!</StdErr>
        <ErrorInfo>
          <Message>Warning:
    Detected &lt;1&gt; orphan nodes during test suite setup stage!
    Check Setup:41 and Cleanup:52 for unfreed instances!</Message>
        </ErrorInfo>
      </Output>
    </UnitTestResult>
    <UnitTestResult executionId="67af24ac-eb3e-44f1-8a63-765bf8eeba88" testId="c555c6d2-6994-45e0-b930-7302e503ad45" testName="OmegaSpiral.Tests.Integration.Ui.BaseMenuUiTests.BaseMenuUi_ExtendsOmegaThemedContainer" computerName="omega" duration="00:00:00.0200000" startTime="2025-10-26T22:28:01.5262201-04:00" endTime="2025-10-26T22:28:01.5266882-04:00" testType="13cdc9d9-ddb5-4fa4-a97d-d965ccfc6d4b" outcome="Passed" testListId="8c84fa94-04c1-424b-9868-57a2d4851a1d" relativeResultsDirectory="67af24ac-eb3e-44f1-8a63-765bf8eeba88" />
    <UnitTestResult executionId="c1202499-1d41-413f-ad73-44d76218cf90" testId="400a5bd2-b477-4962-968f-384a236d8013" testName="OmegaSpiral.Tests.Unit.Common.Omega.OmegaChoicePresenterTests.PresentChoicesAsync_EmptyChoices_ThrowsArgumentException" computerName="omega" duration="00:00:00.0260000" startTime="2025-10-26T22:28:10.5309489-04:00" endTime="2025-10-26T22:28:10.5315824-04:00" testType="13cdc9d9-ddb5-4fa4-a97d-d965ccfc6d4b" outcome="Passed" testListId="8c84fa94-04c1-424b-9868-57a2d4851a1d" relativeResultsDirectory="c1202499-1d41-413f-ad73-44d76218cf90" />
    <UnitTestResult executionId="3d78d996-2dfe-474e-afd3-94a87239b4dc" testId="c469e990-d611-4543-8a06-74155823e5f1" testName="[Before].CreditsMenu_HasTitle" computerName="omega" startTime="2025-10-26T22:28:01.7789278-04:00" endTime="2025-10-26T22:28:01.7789287-04:00" testType="13cdc9d9-ddb5-4fa4-a97d-d965ccfc6d4b" outcome="Failed" testListId="8c84fa94-04c1-424b-9868-57a2d4851a1d" relativeResultsDirectory="3d78d996-2dfe-474e-afd3-94a87239b4dc">
      <Output>
        <ErrorInfo>
          <Message>Expecting be NOT &lt;Null&gt;:</Message>
          <StackTrace>   at OmegaSpiral.Tests.Shared.OmegaUiTestHelper.ValidateBackgroundTheme(Control uiComponent, String componentName) in /home/adam/Dev/omega-spiral/chapter-zero/tests/shared/OmegaUiTestHelper.cs:line 51
   at OmegaSpiral.Tests.Integration.Ui.CreditsMenuTests.Setup() in /home/adam/Dev/omega-spiral/chapter-zero/tests/integration/ui/CreditsMenuTests.cs:line 33
   at Godot.SignalAwaiter.SignalCallback(IntPtr awaiterGCHandlePtr, godot_variant** args, Int32 argCount, godot_bool* outAwaiterIsNull) in /root/godot/modules/mono/glue/GodotSharp/GodotSharp/Core/SignalAwaiter.cs:line 65
</StackTrace>
        </ErrorInfo>
      </Output>
    </UnitTestResult>
    <UnitTestResult executionId="d3fed898-8cf5-4614-8e89-bd71b6ec9889" testId="af03dcde-3386-479e-b58d-420cb2d85a34" testName="OmegaSpiral.Tests.Integration.Ui.Omega.OmegaContainer_UnitTests.InitializeComponentStates_DefaultImplementation_DoesNotThrow" computerName="omega" duration="00:00:00.0130000" startTime="2025-10-26T22:28:03.8911156-04:00" endTime="2025-10-26T22:28:03.8914103-04:00" testType="13cdc9d9-ddb5-4fa4-a97d-d965ccfc6d4b" outcome="Passed" testListId="8c84fa94-04c1-424b-9868-57a2d4851a1d" relativeResultsDirectory="d3fed898-8cf5-4614-8e89-bd71b6ec9889" />
    <UnitTestResult executionId="ae5923a9-b0c8-4321-9d03-a0b2459c0495" testId="693a816e-7015-4de0-acb6-1a495ae4ab87" testName="OmegaSpiral.Tests.Integration.Ui.Menus.MainMenuTests.MenuButtonContainer_HasCorrectSpacing" computerName="omega" duration="00:00:00.0230000" startTime="2025-10-26T22:28:02.3726941-04:00" endTime="2025-10-26T22:28:02.3738665-04:00" testType="13cdc9d9-ddb5-4fa4-a97d-d965ccfc6d4b" outcome="Passed" testListId="8c84fa94-04c1-424b-9868-57a2d4851a1d" relativeResultsDirectory="ae5923a9-b0c8-4321-9d03-a0b2459c0495" />
    <UnitTestResult executionId="e76acd47-7117-4cad-a431-ba60c90785d3" testId="85e4362d-bf38-427d-b727-6db18904140d" testName="OmegaSpiral.Tests.Integration.Ui.BaseMenuUiTests.Menu_IsEnabledByDefault" computerName="omega" duration="00:00:00.0270000" startTime="2025-10-26T22:28:01.6766353-04:00" endTime="2025-10-26T22:28:01.6769486-04:00" testType="13cdc9d9-ddb5-4fa4-a97d-d965ccfc6d4b" outcome="Failed" testListId="8c84fa94-04c1-424b-9868-57a2d4851a1d" relativeResultsDirectory="e76acd47-7117-4cad-a431-ba60c90785d3">
      <Output>
        <ErrorInfo>
          <Message>Expecting be NOT &lt;Null&gt;:</Message>
          <StackTrace>   at OmegaSpiral.Tests.Integration.Ui.BaseMenuUiTests.Menu_IsEnabledByDefault() in /home/adam/Dev/omega-spiral/chapter-zero/tests/integration/ui/BaseMenuTests.cs:line 161
</StackTrace>
        </ErrorInfo>
      </Output>
    </UnitTestResult>
    <UnitTestResult executionId="5cd7d2c6-82f4-488e-8851-63afdd4be502" testId="74bd11bb-ea0d-4368-905e-844e98955caa" testName="OmegaSpiral.Tests.Unit.Common.Omega.OmegaSpiralColorsTests.WarmAmber_MatchesDesignSpec" computerName="omega" duration="00:00:00.0200000" startTime="2025-10-26T22:28:12.7316097-04:00" endTime="2025-10-26T22:28:12.7319069-04:00" testType="13cdc9d9-ddb5-4fa4-a97d-d965ccfc6d4b" outcome="Passed" testListId="8c84fa94-04c1-424b-9868-57a2d4851a1d" relativeResultsDirectory="5cd7d2c6-82f4-488e-8851-63afdd4be502" />
    <UnitTestResult executionId="698c23d3-fbfb-4997-9b50-bb8566f3e6fc" testId="5c40f923-2dab-4cd8-a6fc-ffdb2112fa5a" testName="[After].Ready_CallsCreateComponents" computerName="omega" startTime="2025-10-26T22:28:03.9662551-04:00" endTime="2025-10-26T22:28:03.9662557-04:00" testType="13cdc9d9-ddb5-4fa4-a97d-d965ccfc6d4b" outcome="Failed" testListId="8c84fa94-04c1-424b-9868-57a2d4851a1d" relativeResultsDirectory="698c23d3-fbfb-4997-9b50-bb8566f3e6fc">
      <Output>
        <StdErr>Warning:
    Detected &lt;1&gt; orphan nodes during test suite setup stage!
    Check Setup:98 and Cleanup:104 for unfreed instances!</StdErr>
        <ErrorInfo>
          <Message>Warning:
    Detected &lt;1&gt; orphan nodes during test suite setup stage!
    Check Setup:98 and Cleanup:104 for unfreed instances!</Message>
        </ErrorInfo>
      </Output>
    </UnitTestResult>
    <UnitTestResult executionId="a4564239-e451-454d-ba98-7057e94dadd2" testId="63c0e716-1fa9-4f32-9d88-2c100556169b" testName="[After].Ready_EmitsInitializationCompletedSignal" computerName="omega" startTime="2025-10-26T22:28:03.9680349-04:00" endTime="2025-10-26T22:28:03.9680360-04:00" testType="13cdc9d9-ddb5-4fa4-a97d-d965ccfc6d4b" outcome="Failed" testListId="8c84fa94-04c1-424b-9868-57a2d4851a1d" relativeResultsDirectory="a4564239-e451-454d-ba98-7057e94dadd2">
      <Output>
        <StdErr>Warning:
    Detected &lt;1&gt; orphan nodes during test suite setup stage!
    Check Setup:98 and Cleanup:104 for unfreed instances!</StdErr>
        <ErrorInfo>
          <Message>Warning:
    Detected &lt;1&gt; orphan nodes during test suite setup stage!
    Check Setup:98 and Cleanup:104 for unfreed instances!</Message>
        </ErrorInfo>
      </Output>
    </UnitTestResult>
    <UnitTestResult executionId="69454366-f077-400b-88cd-7baeb6f20c45" testId="7e17e2a2-0752-4843-abe1-58ed247a440a" testName="[After].TransitionToScenePreservesGameState" computerName="omega" startTime="2025-10-26T22:28:13.1600496-04:00" endTime="2025-10-26T22:28:13.1600503-04:00" testType="13cdc9d9-ddb5-4fa4-a97d-d965ccfc6d4b" outcome="Passed" testListId="8c84fa94-04c1-424b-9868-57a2d4851a1d" relativeResultsDirectory="69454366-f077-400b-88cd-7baeb6f20c45">
      <Output>
        <StdErr>Warning:
    Detected &lt;1&gt; orphan nodes during test suite setup stage!
    Check Setup:21 and Cleanup:31 for unfreed instances!</StdErr>
        <ErrorInfo>
          <Message>Warning:
    Detected &lt;1&gt; orphan nodes during test suite setup stage!
    Check Setup:21 and Cleanup:31 for unfreed instances!</Message>
        </ErrorInfo>
      </Output>
    </UnitTestResult>
    <UnitTestResult executionId="39458bc7-ed81-42d8-a4b3-0a79ccca7472" testId="2d5dfb6a-969c-4923-9c9c-24d34d58c7ab" testName="OmegaSpiral.Tests.Integration.Ui.Omega.OmegaComponentFactory_UnitTests.CreateChoicePresenter_WithNullContainer_ThrowsException" computerName="omega" duration="00:00:00.0130000" startTime="2025-10-26T22:28:03.4695824-04:00" endTime="2025-10-26T22:28:03.4699795-04:00" testType="13cdc9d9-ddb5-4fa4-a97d-d965ccfc6d4b" outcome="Passed" testListId="8c84fa94-04c1-424b-9868-57a2d4851a1d" relativeResultsDirectory="39458bc7-ed81-42d8-a4b3-0a79ccca7472" />
    <UnitTestResult executionId="79bc1558-d05a-4fca-bf2c-c6274757741c" testId="aa9bfa5b-968f-463d-ab37-017253c7e50d" testName="OmegaSpiral.Tests.Integration.Ui.Omega.OmegaBackground_UnitTests.ConfigureBackground_AppliesDesignSystemColor" computerName="omega" duration="00:00:00.0120000" startTime="2025-10-26T22:28:02.8143278-04:00" endTime="2025-10-26T22:28:02.8149832-04:00" testType="13cdc9d9-ddb5-4fa4-a97d-d965ccfc6d4b" outcome="Passed" testListId="8c84fa94-04c1-424b-9868-57a2d4851a1d" relativeResultsDirectory="79bc1558-d05a-4fca-bf2c-c6274757741c" />
    <UnitTestResult executionId="5adfae66-9740-4c82-bced-926b7d6b44bf" testId="8058ebc4-aa20-411a-8f15-1ff41146a073" testName="OmegaSpiral.Tests.Integration.Ui.Omega.OmegaComponentFactory_UnitTests.CreateStyledButton_WithValidText_ReturnsValidButton" computerName="omega" duration="00:00:00.0200000" startTime="2025-10-26T22:28:03.4903434-04:00" endTime="2025-10-26T22:28:03.4906507-04:00" testType="13cdc9d9-ddb5-4fa4-a97d-d965ccfc6d4b" outcome="Passed" testListId="8c84fa94-04c1-424b-9868-57a2d4851a1d" relativeResultsDirectory="5adfae66-9740-4c82-bced-926b7d6b44bf" />
    <UnitTestResult executionId="944f7471-9b14-459f-8450-1e56f43265cb" testId="c555c6d2-6994-45e0-b930-7302e503ad45" testName="[Before].BaseMenuUi_ExtendsOmegaThemedContainer" computerName="omega" startTime="2025-10-26T22:28:01.5070071-04:00" endTime="2025-10-26T22:28:01.5070087-04:00" testType="13cdc9d9-ddb5-4fa4-a97d-d965ccfc6d4b" outcome="Failed" testListId="8c84fa94-04c1-424b-9868-57a2d4851a1d" relativeResultsDirectory="944f7471-9b14-459f-8450-1e56f43265cb">
      <Output>
        <ErrorInfo>
          <Message>Expecting be NOT &lt;Null&gt;:</Message>
          <StackTrace>   at OmegaSpiral.Tests.Shared.OmegaUiTestHelper.ValidateBackgroundTheme(Control uiComponent, String componentName) in /home/adam/Dev/omega-spiral/chapter-zero/tests/shared/OmegaUiTestHelper.cs:line 51
   at OmegaSpiral.Tests.Integration.Ui.BaseMenuUiTests.Setup() in /home/adam/Dev/omega-spiral/chapter-zero/tests/integration/ui/BaseMenuTests.cs:line 42
   at Godot.SignalAwaiter.SignalCallback(IntPtr awaiterGCHandlePtr, godot_variant** args, Int32 argCount, godot_bool* outAwaiterIsNull) in /root/godot/modules/mono/glue/GodotSharp/GodotSharp/Core/SignalAwaiter.cs:line 65
</StackTrace>
        </ErrorInfo>
      </Output>
    </UnitTestResult>
    <UnitTestResult executionId="b8a06221-5acb-4427-9183-c1f6c0d64df4" testId="c1ac2dee-c3b3-4c8f-9f6b-f8923a5c3981" testName="[Before].ActionBar_Exists" computerName="omega" startTime="2025-10-26T22:28:01.5055227-04:00" endTime="2025-10-26T22:28:01.5055261-04:00" testType="13cdc9d9-ddb5-4fa4-a97d-d965ccfc6d4b" outcome="Failed" testListId="8c84fa94-04c1-424b-9868-57a2d4851a1d" relativeResultsDirectory="b8a06221-5acb-4427-9183-c1f6c0d64df4">
      <Output>
        <ErrorInfo>
          <Message>Expecting be NOT &lt;Null&gt;:</Message>
          <StackTrace>   at OmegaSpiral.Tests.Shared.OmegaUiTestHelper.ValidateBackgroundTheme(Control uiComponent, String componentName) in /home/adam/Dev/omega-spiral/chapter-zero/tests/shared/OmegaUiTestHelper.cs:line 51
   at OmegaSpiral.Tests.Integration.Ui.BaseMenuUiTests.Setup() in /home/adam/Dev/omega-spiral/chapter-zero/tests/integration/ui/BaseMenuTests.cs:line 42
   at Godot.SignalAwaiter.SignalCallback(IntPtr awaiterGCHandlePtr, godot_variant** args, Int32 argCount, godot_bool* outAwaiterIsNull) in /root/godot/modules/mono/glue/GodotSharp/GodotSharp/Core/SignalAwaiter.cs:line 65
</StackTrace>
        </ErrorInfo>
      </Output>
    </UnitTestResult>
    <UnitTestResult executionId="10953a30-576f-4d06-a7b0-ce6d6b2910eb" testId="32458f3d-b0d5-4b9e-9da5-7b065078bb6c" testName="[Before].BaseMenuUi_HasMenuModeEnum" computerName="omega" startTime="2025-10-26T22:28:01.5090582-04:00" endTime="2025-10-26T22:28:01.5090616-04:00" testType="13cdc9d9-ddb5-4fa4-a97d-d965ccfc6d4b" outcome="Failed" testListId="8c84fa94-04c1-424b-9868-57a2d4851a1d" relativeResultsDirectory="10953a30-576f-4d06-a7b0-ce6d6b2910eb">
      <Output>
        <ErrorInfo>
          <Message>Expecting be NOT &lt;Null&gt;:</Message>
          <StackTrace>   at OmegaSpiral.Tests.Shared.OmegaUiTestHelper.ValidateBackgroundTheme(Control uiComponent, String componentName) in /home/adam/Dev/omega-spiral/chapter-zero/tests/shared/OmegaUiTestHelper.cs:line 51
   at OmegaSpiral.Tests.Integration.Ui.BaseMenuUiTests.Setup() in /home/adam/Dev/omega-spiral/chapter-zero/tests/integration/ui/BaseMenuTests.cs:line 42
   at Godot.SignalAwaiter.SignalCallback(IntPtr awaiterGCHandlePtr, godot_variant** args, Int32 argCount, godot_bool* outAwaiterIsNull) in /root/godot/modules/mono/glue/GodotSharp/GodotSharp/Core/SignalAwaiter.cs:line 65
</StackTrace>
        </ErrorInfo>
      </Output>
    </UnitTestResult>
    <UnitTestResult executionId="35a8cca4-8595-4dd1-be4b-f64f1e6f04f4" testId="961200d8-0053-4ac2-be82-0ab56b498362" testName="OmegaSpiral.Tests.Integration.Ui.Omega.OmegaBorderFrame_UnitTests.Constructor_InitializesSuccessfully" computerName="omega" duration="00:00:00.0130000" startTime="2025-10-26T22:28:02.9590382-04:00" endTime="2025-10-26T22:28:02.9593290-04:00" testType="13cdc9d9-ddb5-4fa4-a97d-d965ccfc6d4b" outcome="Passed" testListId="8c84fa94-04c1-424b-9868-57a2d4851a1d" relativeResultsDirectory="35a8cca4-8595-4dd1-be4b-f64f1e6f04f4" />
    <UnitTestResult executionId="b56ec737-a6e5-4d00-b9bf-53eb61e4935b" testId="065cccd3-e133-4e33-b8f0-638e34a8b4f4" testName="OmegaSpiral.Tests.Unit.Common.Omega.OmegaChoicePresenterTests.PresentChoicesAsync_MultipleSelection_ReturnsSelectedIndices" computerName="omega" duration="00:00:00.1370000" startTime="2025-10-26T22:28:10.2266844-04:00" endTime="2025-10-26T22:28:10.2269706-04:00" testType="13cdc9d9-ddb5-4fa4-a97d-d965ccfc6d4b" outcome="Passed" testListId="8c84fa94-04c1-424b-9868-57a2d4851a1d" relativeResultsDirectory="b56ec737-a6e5-4d00-b9bf-53eb61e4935b" />
    <UnitTestResult executionId="51e30ca1-8a11-4407-a0b6-266f07953e68" testId="651b85a2-1c24-4da6-ba52-764fd0659b17" testName="[Before].CreditsMenu_ExtendsMenuUi" computerName="omega" startTime="2025-10-26T22:28:01.7781282-04:00" endTime="2025-10-26T22:28:01.7781302-04:00" testType="13cdc9d9-ddb5-4fa4-a97d-d965ccfc6d4b" outcome="Failed" testListId="8c84fa94-04c1-424b-9868-57a2d4851a1d" relativeResultsDirectory="51e30ca1-8a11-4407-a0b6-266f07953e68">
      <Output>
        <ErrorInfo>
          <Message>Expecting be NOT &lt;Null&gt;:</Message>
          <StackTrace>   at OmegaSpiral.Tests.Shared.OmegaUiTestHelper.ValidateBackgroundTheme(Control uiComponent, String componentName) in /home/adam/Dev/omega-spiral/chapter-zero/tests/shared/OmegaUiTestHelper.cs:line 51
   at OmegaSpiral.Tests.Integration.Ui.CreditsMenuTests.Setup() in /home/adam/Dev/omega-spiral/chapter-zero/tests/integration/ui/CreditsMenuTests.cs:line 33
   at Godot.SignalAwaiter.SignalCallback(IntPtr awaiterGCHandlePtr, godot_variant** args, Int32 argCount, godot_bool* outAwaiterIsNull) in /root/godot/modules/mono/glue/GodotSharp/GodotSharp/Core/SignalAwaiter.cs:line 65
</StackTrace>
        </ErrorInfo>
      </Output>
    </UnitTestResult>
    <UnitTestResult executionId="fd4408ab-e1ae-4a6c-ab90-66bb5aed7947" testId="0f21c1a2-e0be-44fa-beec-79fbf2e01bf6" testName="OmegaSpiral.Tests.Integration.Ui.Omega.OmegaContainer_UnitTests.ChoicePresenter_IsNullByDefault" computerName="omega" duration="00:00:00.0200000" startTime="2025-10-26T22:28:03.9532672-04:00" endTime="2025-10-26T22:28:03.9535766-04:00" testType="13cdc9d9-ddb5-4fa4-a97d-d965ccfc6d4b" outcome="Passed" testListId="8c84fa94-04c1-424b-9868-57a2d4851a1d" relativeResultsDirectory="fd4408ab-e1ae-4a6c-ab90-66bb5aed7947" />
    <UnitTestResult executionId="5cdb4a9a-728b-4f6a-8817-ad1e15348d1a" testId="d941ff99-f73c-4f20-b37d-be2d65a905e1" testName="OmegaSpiral.Tests.Integration.Ui.Omega.OmegaTextRendererTests.GetCurrentText_WhenEmpty_ReturnsEmptyString" computerName="omega" duration="00:00:00.0270000" startTime="2025-10-26T22:28:05.8121883-04:00" endTime="2025-10-26T22:28:05.8124884-04:00" testType="13cdc9d9-ddb5-4fa4-a97d-d965ccfc6d4b" outcome="Passed" testListId="8c84fa94-04c1-424b-9868-57a2d4851a1d" relativeResultsDirectory="5cdb4a9a-728b-4f6a-8817-ad1e15348d1a" />
    <UnitTestResult executionId="c9935186-612e-46da-90b4-650e9044bd31" testId="5c40f923-2dab-4cd8-a6fc-ffdb2112fa5a" testName="OmegaSpiral.Tests.Integration.Ui.Omega.OmegaContainer_UnitTests.Ready_CallsCreateComponents" computerName="omega" duration="00:00:00.0120000" startTime="2025-10-26T22:28:03.7111604-04:00" endTime="2025-10-26T22:28:03.7114458-04:00" testType="13cdc9d9-ddb5-4fa4-a97d-d965ccfc6d4b" outcome="Passed" testListId="8c84fa94-04c1-424b-9868-57a2d4851a1d" relativeResultsDirectory="c9935186-612e-46da-90b4-650e9044bd31" />
    <UnitTestResult executionId="3720a298-aee5-4e80-b985-57e0411cfdf9" testId="acc45000-5acf-4a7f-8054-031f8ac7a110" testName="OmegaSpiral.Tests.Integration.Ui.Menus.MainMenuTests.InheritsFromBaseMenuUi" computerName="omega" duration="00:00:00.0100000" startTime="2025-10-26T22:28:02.0422614-04:00" endTime="2025-10-26T22:28:02.0425757-04:00" testType="13cdc9d9-ddb5-4fa4-a97d-d965ccfc6d4b" outcome="Passed" testListId="8c84fa94-04c1-424b-9868-57a2d4851a1d" relativeResultsDirectory="3720a298-aee5-4e80-b985-57e0411cfdf9" />
    <UnitTestResult executionId="214b61cf-d290-46aa-a2b1-738e7f48c9f2" testId="7333aad3-1f02-48a9-b8ed-ab6be4015bf3" testName="[After].PhosphorLayer_IsVisibleWithCorrectOpacity" computerName="omega" startTime="2025-10-26T22:28:02.5823559-04:00" endTime="2025-10-26T22:28:02.5823584-04:00" testType="13cdc9d9-ddb5-4fa4-a97d-d965ccfc6d4b" outcome="Failed" testListId="8c84fa94-04c1-424b-9868-57a2d4851a1d" relativeResultsDirectory="214b61cf-d290-46aa-a2b1-738e7f48c9f2">
      <Output>
        <StdErr>Warning:
    Detected &lt;38&gt; orphan nodes during test suite setup stage!
    Check Setup:28 and Cleanup:36 for unfreed instances!</StdErr>
        <ErrorInfo>
          <Message>Warning:
    Detected &lt;38&gt; orphan nodes during test suite setup stage!
    Check Setup:28 and Cleanup:36 for unfreed instances!</Message>
        </ErrorInfo>
      </Output>
    </UnitTestResult>
    <UnitTestResult executionId="02649be5-4031-4dd9-a1fd-2f81b6ceb3a9" testId="5900e4f9-929d-4b3b-ae03-abfadb90ca9e" testName="OmegaSpiral.Tests.Integration.Ui.Omega.OmegaContainer_UnitTests.Ready_CallsInitializeComponentStates" computerName="omega" duration="00:00:00.0130000" startTime="2025-10-26T22:28:03.7249757-04:00" endTime="2025-10-26T22:28:03.7262402-04:00" testType="13cdc9d9-ddb5-4fa4-a97d-d965ccfc6d4b" outcome="Passed" testListId="8c84fa94-04c1-424b-9868-57a2d4851a1d" relativeResultsDirectory="02649be5-4031-4dd9-a1fd-2f81b6ceb3a9" />
    <UnitTestResult executionId="84b1e170-2eb4-4e93-8117-6ad944021fd1" testId="eee17e2b-fa7f-4636-925f-311369b739e3" testName="[Before].CreditsMenu_CanShowAndHide" computerName="omega" startTime="2025-10-26T22:28:01.7777076-04:00" endTime="2025-10-26T22:28:01.7777107-04:00" testType="13cdc9d9-ddb5-4fa4-a97d-d965ccfc6d4b" outcome="Failed" testListId="8c84fa94-04c1-424b-9868-57a2d4851a1d" relativeResultsDirectory="84b1e170-2eb4-4e93-8117-6ad944021fd1">
      <Output>
        <ErrorInfo>
          <Message>Expecting be NOT &lt;Null&gt;:</Message>
          <StackTrace>   at OmegaSpiral.Tests.Shared.OmegaUiTestHelper.ValidateBackgroundTheme(Control uiComponent, String componentName) in /home/adam/Dev/omega-spiral/chapter-zero/tests/shared/OmegaUiTestHelper.cs:line 51
   at OmegaSpiral.Tests.Integration.Ui.CreditsMenuTests.Setup() in /home/adam/Dev/omega-spiral/chapter-zero/tests/integration/ui/CreditsMenuTests.cs:line 33
   at Godot.SignalAwaiter.SignalCallback(IntPtr awaiterGCHandlePtr, godot_variant** args, Int32 argCount, godot_bool* outAwaiterIsNull) in /root/godot/modules/mono/glue/GodotSharp/GodotSharp/Core/SignalAwaiter.cs:line 65
</StackTrace>
        </ErrorInfo>
      </Output>
    </UnitTestResult>
    <UnitTestResult executionId="507b0a20-d153-4747-92b6-5c8a8fdb23d1" testId="57c178fe-52cf-4c58-97d8-5d23769ea02c" testName="OmegaSpiral.Tests.Integration.Ui.Omega.OmegaContainer_UnitTests.CreateComponents_DefaultImplementation_DoesNotThrow" computerName="omega" duration="00:00:00.0200000" startTime="2025-10-26T22:28:03.8770105-04:00" endTime="2025-10-26T22:28:03.8786970-04:00" testType="13cdc9d9-ddb5-4fa4-a97d-d965ccfc6d4b" outcome="Passed" testListId="8c84fa94-04c1-424b-9868-57a2d4851a1d" relativeResultsDirectory="507b0a20-d153-4747-92b6-5c8a8fdb23d1" />
    <UnitTestResult executionId="62214dae-bec1-404b-9a52-debfdd018a8a" testId="8ed0e8b5-a132-4a27-951f-b7b811eab84e" testName="OmegaSpiral.Tests.Integration.Ui.Omega.ChoiceButtonTests.Configure_SetsAllProperties" computerName="omega" duration="00:00:00.0180000" startTime="2025-10-26T22:28:02.6692037-04:00" endTime="2025-10-26T22:28:02.6695254-04:00" testType="13cdc9d9-ddb5-4fa4-a97d-d965ccfc6d4b" outcome="Passed" testListId="8c84fa94-04c1-424b-9868-57a2d4851a1d" relativeResultsDirectory="62214dae-bec1-404b-9a52-debfdd018a8a">
      <Output>
        <StdOut>[ChoiceButton] Configured: 'Test Choice' (L:10 S:5 A:3)</StdOut>
      </Output>
    </UnitTestResult>
    <UnitTestResult executionId="1cdf0fba-45a3-4af4-95f0-8c374eac4b64" testId="f0c93a9f-3f13-4bce-bacf-7678c1624c2d" testName="OmegaSpiral.Tests.Integration.Ui.Omega.OmegaComponentFactory_UnitTests.CreateStyledButton_SetsCorrectText" computerName="omega" duration="00:00:00.0200000" startTime="2025-10-26T22:28:03.5116907-04:00" endTime="2025-10-26T22:28:03.5124024-04:00" testType="13cdc9d9-ddb5-4fa4-a97d-d965ccfc6d4b" outcome="Passed" testListId="8c84fa94-04c1-424b-9868-57a2d4851a1d" relativeResultsDirectory="1cdf0fba-45a3-4af4-95f0-8c374eac4b64" />
    <UnitTestResult executionId="f0c506e4-8962-4805-9e64-5c6d944cd980" testId="0f21c1a2-e0be-44fa-beec-79fbf2e01bf6" testName="[After].ChoicePresenter_IsNullByDefault" computerName="omega" startTime="2025-10-26T22:28:03.9607184-04:00" endTime="2025-10-26T22:28:03.9607197-04:00" testType="13cdc9d9-ddb5-4fa4-a97d-d965ccfc6d4b" outcome="Failed" testListId="8c84fa94-04c1-424b-9868-57a2d4851a1d" relativeResultsDirectory="f0c506e4-8962-4805-9e64-5c6d944cd980">
      <Output>
        <StdErr>Warning:
    Detected &lt;1&gt; orphan nodes during test suite setup stage!
    Check Setup:98 and Cleanup:104 for unfreed instances!</StdErr>
        <ErrorInfo>
          <Message>Warning:
    Detected &lt;1&gt; orphan nodes during test suite setup stage!
    Check Setup:98 and Cleanup:104 for unfreed instances!</Message>
        </ErrorInfo>
      </Output>
    </UnitTestResult>
    <UnitTestResult executionId="329b3b07-68cd-4f8a-8811-504ccf6297d9" testId="848dbf0e-dea5-4c89-94b9-46e481c937b2" testName="[Before].ConfirmRequested_ActivatesFocusedButton" computerName="omega" startTime="2025-10-26T22:27:54.8554601-04:00" endTime="2025-10-26T22:27:54.8554628-04:00" testType="13cdc9d9-ddb5-4fa4-a97d-d965ccfc6d4b" outcome="Failed" testListId="8c84fa94-04c1-424b-9868-57a2d4851a1d" relativeResultsDirectory="329b3b07-68cd-4f8a-8811-504ccf6297d9">
      <Output>
        <ErrorInfo>
          <Message>Expecting be NOT &lt;Null&gt;:</Message>
          <StackTrace>   at OmegaSpiral.Tests.Shared.OmegaUiTestHelper.ValidateBackgroundTheme(Control uiComponent, String componentName) in /home/adam/Dev/omega-spiral/chapter-zero/tests/shared/OmegaUiTestHelper.cs:line 51
   at BaseMenuUiUnitTests.Setup() in /home/adam/Dev/omega-spiral/chapter-zero/tests/unit/ui/menus/BaseMenuUiUnitTests.cs:line 44
   at Godot.SignalAwaiter.SignalCallback(IntPtr awaiterGCHandlePtr, godot_variant** args, Int32 argCount, godot_bool* outAwaiterIsNull) in /root/godot/modules/mono/glue/GodotSharp/GodotSharp/Core/SignalAwaiter.cs:line 65
</StackTrace>
        </ErrorInfo>
      </Output>
    </UnitTestResult>
    <UnitTestResult executionId="6ff43fca-48a4-4a48-89e4-4e844a7bc1d3" testId="278240fb-6f1d-41fe-a5fa-071e35811e34" testName="OmegaSpiral.Tests.Unit.Common.Omega.OmegaShaderPresetsTests.GetAvailablePresets_ReturnsAllPresetNames" computerName="omega" duration="00:00:00.0330000" startTime="2025-10-26T22:28:12.6344664-04:00" endTime="2025-10-26T22:28:12.6348368-04:00" testType="13cdc9d9-ddb5-4fa4-a97d-d965ccfc6d4b" outcome="Passed" testListId="8c84fa94-04c1-424b-9868-57a2d4851a1d" relativeResultsDirectory="6ff43fca-48a4-4a48-89e4-4e844a7bc1d3" />
    <UnitTestResult executionId="3bbcfc89-3c43-4191-b9ca-19ad947cd0bd" testId="92e1fb9d-d3bc-4b4c-85ed-0de97b762a42" testName="OmegaSpiral.Tests.Integration.Ui.Omega.OmegaTextRendererTests.AppendTextAsync_CustomTypingSpeed_AppendsTextCorrectly" computerName="omega" duration="00:00:00.2210000" startTime="2025-10-26T22:28:04.6368245-04:00" endTime="2025-10-26T22:28:04.6372604-04:00" testType="13cdc9d9-ddb5-4fa4-a97d-d965ccfc6d4b" outcome="Passed" testListId="8c84fa94-04c1-424b-9868-57a2d4851a1d" relativeResultsDirectory="3bbcfc89-3c43-4191-b9ca-19ad947cd0bd" />
    <UnitTestResult executionId="68a99760-2dd3-4da0-b212-491e259d148a" testId="d10cde64-c263-4009-9595-b4432e377066" testName="[Before].GetFocusedButton_ReturnsCorrectButton" computerName="omega" startTime="2025-10-26T22:28:01.5122762-04:00" endTime="2025-10-26T22:28:01.5122781-04:00" testType="13cdc9d9-ddb5-4fa4-a97d-d965ccfc6d4b" outcome="Failed" testListId="8c84fa94-04c1-424b-9868-57a2d4851a1d" relativeResultsDirectory="68a99760-2dd3-4da0-b212-491e259d148a">
      <Output>
        <ErrorInfo>
          <Message>Expecting be NOT &lt;Null&gt;:</Message>
          <StackTrace>   at OmegaSpiral.Tests.Shared.OmegaUiTestHelper.ValidateBackgroundTheme(Control uiComponent, String componentName) in /home/adam/Dev/omega-spiral/chapter-zero/tests/shared/OmegaUiTestHelper.cs:line 51
   at OmegaSpiral.Tests.Integration.Ui.BaseMenuUiTests.Setup() in /home/adam/Dev/omega-spiral/chapter-zero/tests/integration/ui/BaseMenuTests.cs:line 42
   at Godot.SignalAwaiter.SignalCallback(IntPtr awaiterGCHandlePtr, godot_variant** args, Int32 argCount, godot_bool* outAwaiterIsNull) in /root/godot/modules/mono/glue/GodotSharp/GodotSharp/Core/SignalAwaiter.cs:line 65
</StackTrace>
        </ErrorInfo>
      </Output>
    </UnitTestResult>
    <UnitTestResult executionId="e6c12807-0934-4485-8c5a-c0d72f40e6c1" testId="57c178fe-52cf-4c58-97d8-5d23769ea02c" testName="[After].CreateComponents_DefaultImplementation_DoesNotThrow" computerName="omega" startTime="2025-10-26T22:28:03.9619788-04:00" endTime="2025-10-26T22:28:03.9619797-04:00" testType="13cdc9d9-ddb5-4fa4-a97d-d965ccfc6d4b" outcome="Failed" testListId="8c84fa94-04c1-424b-9868-57a2d4851a1d" relativeResultsDirectory="e6c12807-0934-4485-8c5a-c0d72f40e6c1">
      <Output>
        <StdErr>Warning:
    Detected &lt;1&gt; orphan nodes during test suite setup stage!
    Check Setup:98 and Cleanup:104 for unfreed instances!</StdErr>
        <ErrorInfo>
          <Message>Warning:
    Detected &lt;1&gt; orphan nodes during test suite setup stage!
    Check Setup:98 and Cleanup:104 for unfreed instances!</Message>
        </ErrorInfo>
      </Output>
    </UnitTestResult>
    <UnitTestResult executionId="1c2f5347-c89b-486e-a50a-877e12b20fa9" testId="2d49967d-d77a-4d45-ad48-8bbe79f0f297" testName="[Before].CreditsMenu_HasScrollContainer" computerName="omega" startTime="2025-10-26T22:28:01.7786772-04:00" endTime="2025-10-26T22:28:01.7786780-04:00" testType="13cdc9d9-ddb5-4fa4-a97d-d965ccfc6d4b" outcome="Failed" testListId="8c84fa94-04c1-424b-9868-57a2d4851a1d" relativeResultsDirectory="1c2f5347-c89b-486e-a50a-877e12b20fa9">
      <Output>
        <ErrorInfo>
          <Message>Expecting be NOT &lt;Null&gt;:</Message>
          <StackTrace>   at OmegaSpiral.Tests.Shared.OmegaUiTestHelper.ValidateBackgroundTheme(Control uiComponent, String componentName) in /home/adam/Dev/omega-spiral/chapter-zero/tests/shared/OmegaUiTestHelper.cs:line 51
   at OmegaSpiral.Tests.Integration.Ui.CreditsMenuTests.Setup() in /home/adam/Dev/omega-spiral/chapter-zero/tests/integration/ui/CreditsMenuTests.cs:line 33
   at Godot.SignalAwaiter.SignalCallback(IntPtr awaiterGCHandlePtr, godot_variant** args, Int32 argCount, godot_bool* outAwaiterIsNull) in /root/godot/modules/mono/glue/GodotSharp/GodotSharp/Core/SignalAwaiter.cs:line 65
</StackTrace>
        </ErrorInfo>
      </Output>
    </UnitTestResult>
    <UnitTestResult executionId="e53997e6-72ac-464a-8a21-e713b5eddab2" testId="6491b54f-2725-4719-9cbf-396a597d2146" testName="OmegaSpiral.Tests.Integration.Ui.Omega.OmegaComponentFactory_UnitTests.CreateChoicePresenter_WithValidContainer_ReturnsValidInstance" computerName="omega" duration="00:00:00.0200000" startTime="2025-10-26T22:28:03.4559224-04:00" endTime="2025-10-26T22:28:03.4562228-04:00" testType="13cdc9d9-ddb5-4fa4-a97d-d965ccfc6d4b" outcome="Passed" testListId="8c84fa94-04c1-424b-9868-57a2d4851a1d" relativeResultsDirectory="e53997e6-72ac-464a-8a21-e713b5eddab2" />
    <UnitTestResult executionId="1116c784-2ec0-4fa4-8739-2a93624563c8" testId="dd37339b-29e0-4eba-96fd-909332a14c69" testName="OmegaSpiral.Tests.Integration.Ui.Menus.MainMenuTests.Background_ShouldNotBeWhite" computerName="omega" duration="00:00:00.0270000" startTime="2025-10-26T22:28:02.5543132-04:00" endTime="2025-10-26T22:28:02.5546351-04:00" testType="13cdc9d9-ddb5-4fa4-a97d-d965ccfc6d4b" outcome="Failed" testListId="8c84fa94-04c1-424b-9868-57a2d4851a1d" relativeResultsDirectory="1116c784-2ec0-4fa4-8739-2a93624563c8">
      <Output>
        <ErrorInfo>
          <Message>Expecting be NOT &lt;Null&gt;:</Message>
          <StackTrace>   at OmegaSpiral.Tests.Integration.Ui.Menus.MainMenuTests.Background_ShouldNotBeWhite() in /home/adam/Dev/omega-spiral/chapter-zero/tests/integration/ui/menus/MainMenuTests.cs:line 466
</StackTrace>
        </ErrorInfo>
      </Output>
    </UnitTestResult>
    <UnitTestResult executionId="324f4e57-30ef-408f-9dde-9e23b376223c" testId="a00928bb-ab84-4f9f-bec7-75cd4859a61b" testName="[After].ManifestLoads_SixStages_NoDuplicateFirst" computerName="omega" startTime="2025-10-26T22:28:02.5718163-04:00" endTime="2025-10-26T22:28:02.5718171-04:00" testType="13cdc9d9-ddb5-4fa4-a97d-d965ccfc6d4b" outcome="Failed" testListId="8c84fa94-04c1-424b-9868-57a2d4851a1d" relativeResultsDirectory="324f4e57-30ef-408f-9dde-9e23b376223c">
      <Output>
        <StdErr>Warning:
    Detected &lt;38&gt; orphan nodes during test suite setup stage!
    Check Setup:28 and Cleanup:36 for unfreed instances!</StdErr>
        <ErrorInfo>
          <Message>Warning:
    Detected &lt;38&gt; orphan nodes during test suite setup stage!
    Check Setup:28 and Cleanup:36 for unfreed instances!</Message>
        </ErrorInfo>
      </Output>
    </UnitTestResult>
    <UnitTestResult executionId="17da3181-402c-4874-8238-6aff02fb7f4a" testId="5e3d89ed-1483-4f95-8001-cd694bcbc406" testName="OmegaSpiral.Tests.Unit.Common.Omega.OmegaShaderControllerTests.Constructor_WithNullDisplay_ThrowsArgumentNullException" computerName="omega" duration="00:00:00.0220000" startTime="2025-10-26T22:28:10.6770190-04:00" endTime="2025-10-26T22:28:10.6773162-04:00" testType="13cdc9d9-ddb5-4fa4-a97d-d965ccfc6d4b" outcome="Passed" testListId="8c84fa94-04c1-424b-9868-57a2d4851a1d" relativeResultsDirectory="17da3181-402c-4874-8238-6aff02fb7f4a" />
    <UnitTestResult executionId="1048dc83-83b1-4a36-a67b-aa285c278267" testId="05200f16-c355-4810-abfa-90fad15d9b0b" testName="[After].ComponentLifecycle_ManagedProperly" computerName="omega" startTime="2025-10-26T22:28:01.4849337-04:00" endTime="2025-10-26T22:28:01.4849386-04:00" testType="13cdc9d9-ddb5-4fa4-a97d-d965ccfc6d4b" outcome="Passed" testListId="8c84fa94-04c1-424b-9868-57a2d4851a1d" relativeResultsDirectory="1048dc83-83b1-4a36-a67b-aa285c278267">
      <Output>
        <StdErr>Warning:
    Detected &lt;1&gt; orphan nodes during test suite setup stage!
    Check Setup:32 and Cleanup:57 for unfreed instances!</StdErr>
        <ErrorInfo>
          <Message>Warning:
    Detected &lt;1&gt; orphan nodes during test suite setup stage!
    Check Setup:32 and Cleanup:57 for unfreed instances!</Message>
        </ErrorInfo>
      </Output>
    </UnitTestResult>
    <UnitTestResult executionId="c4bcd8f4-e740-46db-97a0-2b59c77ff78a" testId="05200f16-c355-4810-abfa-90fad15d9b0b" testName="OmegaSpiral.Tests.Integration.Common.OmegaIntegrationTests.ComponentLifecycle_ManagedProperly" computerName="omega" duration="00:00:00.0200000" startTime="2025-10-26T22:28:01.4771358-04:00" endTime="2025-10-26T22:28:01.4775124-04:00" testType="13cdc9d9-ddb5-4fa4-a97d-d965ccfc6d4b" outcome="Passed" testListId="8c84fa94-04c1-424b-9868-57a2d4851a1d" relativeResultsDirectory="c4bcd8f4-e740-46db-97a0-2b59c77ff78a">
      <Output>
        <StdOut>\u001b[92m✓ Component lifecycle managed properly\u001b[39m\u001b[0m</StdOut>
        <StdErr>Warning:
    Detected &lt;2&gt; orphan nodes during test execution!</StdErr>
        <ErrorInfo>
          <Message>Warning:
    Detected &lt;2&gt; orphan nodes during test execution!</Message>
        </ErrorInfo>
      </Output>
    </UnitTestResult>
    <UnitTestResult executionId="e43c1b71-2183-4ff3-b43d-9499c69bed00" testId="3994d094-4efe-4702-b8b0-cbb900629897" testName="OmegaSpiral.Tests.Integration.Ui.Omega.OmegaComponentFactory_UnitTests.CreateStyledButton_WithEmptyText_CreatesButton" computerName="omega" duration="00:00:00.0220000" startTime="2025-10-26T22:28:03.5348901-04:00" endTime="2025-10-26T22:28:03.5352142-04:00" testType="13cdc9d9-ddb5-4fa4-a97d-d965ccfc6d4b" outcome="Passed" testListId="8c84fa94-04c1-424b-9868-57a2d4851a1d" relativeResultsDirectory="e43c1b71-2183-4ff3-b43d-9499c69bed00" />
    <UnitTestResult executionId="ff510460-d957-4a06-8983-88a6d0f57440" testId="1cd28e21-ad37-4fd3-9308-0267ca9ba1ab" testName="[After].LaunchButton_HasPressedSignalHandler" computerName="omega" startTime="2025-10-26T22:28:02.5715261-04:00" endTime="2025-10-26T22:28:02.5715284-04:00" testType="13cdc9d9-ddb5-4fa4-a97d-d965ccfc6d4b" outcome="Failed" testListId="8c84fa94-04c1-424b-9868-57a2d4851a1d" relativeResultsDirectory="ff510460-d957-4a06-8983-88a6d0f57440">
      <Output>
        <StdErr>Warning:
    Detected &lt;38&gt; orphan nodes during test suite setup stage!
    Check Setup:28 and Cleanup:36 for unfreed instances!</StdErr>
        <ErrorInfo>
          <Message>Warning:
    Detected &lt;38&gt; orphan nodes during test suite setup stage!
    Check Setup:28 and Cleanup:36 for unfreed instances!</Message>
        </ErrorInfo>
      </Output>
    </UnitTestResult>
    <UnitTestResult executionId="ed1ddf59-49a0-4f4b-95dc-f13654540d14" testId="45fc9b55-5948-44b8-9d1f-d43080b40ffe" testName="[Before].FocusFirstButton_WorksCorrectly" computerName="omega" startTime="2025-10-26T22:27:54.8561478-04:00" endTime="2025-10-26T22:27:54.8561500-04:00" testType="13cdc9d9-ddb5-4fa4-a97d-d965ccfc6d4b" outcome="Failed" testListId="8c84fa94-04c1-424b-9868-57a2d4851a1d" relativeResultsDirectory="ed1ddf59-49a0-4f4b-95dc-f13654540d14">
      <Output>
        <ErrorInfo>
          <Message>Expecting be NOT &lt;Null&gt;:</Message>
          <StackTrace>   at OmegaSpiral.Tests.Shared.OmegaUiTestHelper.ValidateBackgroundTheme(Control uiComponent, String componentName) in /home/adam/Dev/omega-spiral/chapter-zero/tests/shared/OmegaUiTestHelper.cs:line 51
   at BaseMenuUiUnitTests.Setup() in /home/adam/Dev/omega-spiral/chapter-zero/tests/unit/ui/menus/BaseMenuUiUnitTests.cs:line 44
   at Godot.SignalAwaiter.SignalCallback(IntPtr awaiterGCHandlePtr, godot_variant** args, Int32 argCount, godot_bool* outAwaiterIsNull) in /root/godot/modules/mono/glue/GodotSharp/GodotSharp/Core/SignalAwaiter.cs:line 65
</StackTrace>
        </ErrorInfo>
      </Output>
    </UnitTestResult>
    <UnitTestResult executionId="f53534cb-bb4e-4a19-8d82-1e5a5e4a5225" testId="694b45a0-c9cc-4c8c-9a51-87e2d4d3db26" testName="[After].ComposeShaderController_CreatesShaderController" computerName="omega" startTime="2025-10-26T22:28:03.9612211-04:00" endTime="2025-10-26T22:28:03.9612226-04:00" testType="13cdc9d9-ddb5-4fa4-a97d-d965ccfc6d4b" outcome="Failed" testListId="8c84fa94-04c1-424b-9868-57a2d4851a1d" relativeResultsDirectory="f53534cb-bb4e-4a19-8d82-1e5a5e4a5225">
      <Output>
        <StdErr>Warning:
    Detected &lt;1&gt; orphan nodes during test suite setup stage!
    Check Setup:98 and Cleanup:104 for unfreed instances!</StdErr>
        <ErrorInfo>
          <Message>Warning:
    Detected &lt;1&gt; orphan nodes during test suite setup stage!
    Check Setup:98 and Cleanup:104 for unfreed instances!</Message>
        </ErrorInfo>
      </Output>
    </UnitTestResult>
    <UnitTestResult executionId="47c5f8d0-1184-465f-878a-f2c5307090b2" testId="e4a16447-e2d1-409c-8c22-7065fa72d91b" testName="OmegaSpiral.Tests.Unit.Common.Omega.OmegaShaderControllerTests.GetCurrentShaderMaterial_NoShaderApplied_ReturnsNull" computerName="omega" duration="00:00:00.0200000" startTime="2025-10-26T22:28:12.3929599-04:00" endTime="2025-10-26T22:28:12.3932413-04:00" testType="13cdc9d9-ddb5-4fa4-a97d-d965ccfc6d4b" outcome="Passed" testListId="8c84fa94-04c1-424b-9868-57a2d4851a1d" relativeResultsDirectory="47c5f8d0-1184-465f-878a-f2c5307090b2" />
    <UnitTestResult executionId="3257f7ae-096a-4b70-8a0c-ce904201ec32" testId="4327a587-6b7a-41cb-afe9-b8df474a58d9" testName="OmegaSpiral.Tests.Integration.Ui.Omega.OmegaBorderFrame_UnitTests.ConfigureAnimationSpeed_UpdatesBothParameters" computerName="omega" duration="00:00:00.0120000" startTime="2025-10-26T22:28:03.1181990-04:00" endTime="2025-10-26T22:28:03.1185131-04:00" testType="13cdc9d9-ddb5-4fa4-a97d-d965ccfc6d4b" outcome="Passed" testListId="8c84fa94-04c1-424b-9868-57a2d4851a1d" relativeResultsDirectory="3257f7ae-096a-4b70-8a0c-ce904201ec32" />
    <UnitTestResult executionId="5a9fb75d-adb2-45eb-acc6-49bbb298b13f" testId="0d873554-6ce7-4f0e-a431-8fd2b765b5df" testName="OmegaSpiral.Tests.Unit.Common.GameStateTests.ConstructorInitializeswithzeroscores" computerName="omega" duration="00:00:00.0200000" startTime="2025-10-26T22:28:09.8611648-04:00" endTime="2025-10-26T22:28:09.8614654-04:00" testType="13cdc9d9-ddb5-4fa4-a97d-d965ccfc6d4b" outcome="Passed" testListId="8c84fa94-04c1-424b-9868-57a2d4851a1d" relativeResultsDirectory="5a9fb75d-adb2-45eb-acc6-49bbb298b13f">
      <Output>
        <StdErr>Warning:
    Detected &lt;1&gt; orphan nodes during test execution!</StdErr>
        <ErrorInfo>
          <Message>Warning:
    Detected &lt;1&gt; orphan nodes during test execution!</Message>
        </ErrorInfo>
      </Output>
    </UnitTestResult>
    <UnitTestResult executionId="1c3502b8-689a-461b-9c68-236f30a3ccfd" testId="31414c66-8ad1-4535-a13f-6491ed133b76" testName="[Before].FocusFirstButton_WorksCorrectly" computerName="omega" startTime="2025-10-26T22:28:01.5119591-04:00" endTime="2025-10-26T22:28:01.5119644-04:00" testType="13cdc9d9-ddb5-4fa4-a97d-d965ccfc6d4b" outcome="Failed" testListId="8c84fa94-04c1-424b-9868-57a2d4851a1d" relativeResultsDirectory="1c3502b8-689a-461b-9c68-236f30a3ccfd">
      <Output>
        <ErrorInfo>
          <Message>Expecting be NOT &lt;Null&gt;:</Message>
          <StackTrace>   at OmegaSpiral.Tests.Shared.OmegaUiTestHelper.ValidateBackgroundTheme(Control uiComponent, String componentName) in /home/adam/Dev/omega-spiral/chapter-zero/tests/shared/OmegaUiTestHelper.cs:line 51
   at OmegaSpiral.Tests.Integration.Ui.BaseMenuUiTests.Setup() in /home/adam/Dev/omega-spiral/chapter-zero/tests/integration/ui/BaseMenuTests.cs:line 42
   at Godot.SignalAwaiter.SignalCallback(IntPtr awaiterGCHandlePtr, godot_variant** args, Int32 argCount, godot_bool* outAwaiterIsNull) in /root/godot/modules/mono/glue/GodotSharp/GodotSharp/Core/SignalAwaiter.cs:line 65
</StackTrace>
        </ErrorInfo>
      </Output>
    </UnitTestResult>
    <UnitTestResult executionId="7b8ce040-2adc-4710-88e0-9010ee5d1e28" testId="f3974bd1-9ba7-4310-a3c3-73db8fbc2d76" testName="[Before].BackRequested_HidesMenu" computerName="omega" startTime="2025-10-26T22:27:54.8547174-04:00" endTime="2025-10-26T22:27:54.8547710-04:00" testType="13cdc9d9-ddb5-4fa4-a97d-d965ccfc6d4b" outcome="Failed" testListId="8c84fa94-04c1-424b-9868-57a2d4851a1d" relativeResultsDirectory="7b8ce040-2adc-4710-88e0-9010ee5d1e28">
      <Output>
        <ErrorInfo>
          <Message>Expecting be NOT &lt;Null&gt;:</Message>
          <StackTrace>   at OmegaSpiral.Tests.Shared.OmegaUiTestHelper.ValidateBackgroundTheme(Control uiComponent, String componentName) in /home/adam/Dev/omega-spiral/chapter-zero/tests/shared/OmegaUiTestHelper.cs:line 51
   at BaseMenuUiUnitTests.Setup() in /home/adam/Dev/omega-spiral/chapter-zero/tests/unit/ui/menus/BaseMenuUiUnitTests.cs:line 44
   at Godot.SignalAwaiter.SignalCallback(IntPtr awaiterGCHandlePtr, godot_variant** args, Int32 argCount, godot_bool* outAwaiterIsNull) in /root/godot/modules/mono/glue/GodotSharp/GodotSharp/Core/SignalAwaiter.cs:line 65
</StackTrace>
        </ErrorInfo>
      </Output>
    </UnitTestResult>
    <UnitTestResult executionId="9114b137-a09c-4eea-9d1f-814fdbd33fdc" testId="d4b218e5-2ea5-4e94-b308-f66cce493817" testName="OmegaSpiral.Tests.Integration.Ui.Omega.OmegaComponentFactory_UnitTests.FactoryMethods_CanBeCalledInSequence_WithoutErrors" computerName="omega" duration="00:00:00.0130000" startTime="2025-10-26T22:28:03.5732610-04:00" endTime="2025-10-26T22:28:03.5735637-04:00" testType="13cdc9d9-ddb5-4fa4-a97d-d965ccfc6d4b" outcome="Passed" testListId="8c84fa94-04c1-424b-9868-57a2d4851a1d" relativeResultsDirectory="9114b137-a09c-4eea-9d1f-814fdbd33fdc">
      <Output>
        <StdErr>Warning:
    Detected &lt;1&gt; orphan nodes during test execution!</StdErr>
        <ErrorInfo>
          <Message>Warning:
    Detected &lt;1&gt; orphan nodes during test execution!</Message>
        </ErrorInfo>
      </Output>
    </UnitTestResult>
    <UnitTestResult executionId="a786c5db-9c37-42b5-9999-f36584a81fa7" testId="98c9be0a-6fd0-4801-a087-f54308639823" testName="OmegaSpiral.Tests.Integration.Ui.Omega.OmegaBorderFrame_UnitTests.BorderFrame_IsVisibleByDefault" computerName="omega" duration="00:00:00.0120000" startTime="2025-10-26T22:28:03.1937396-04:00" endTime="2025-10-26T22:28:03.1940272-04:00" testType="13cdc9d9-ddb5-4fa4-a97d-d965ccfc6d4b" outcome="Passed" testListId="8c84fa94-04c1-424b-9868-57a2d4851a1d" relativeResultsDirectory="a786c5db-9c37-42b5-9999-f36584a81fa7" />
    <UnitTestResult executionId="d0e22cad-99a1-417e-a847-986a23e0ffbc" testId="28f50e4e-b3b0-495d-93f6-4f5a42b3ce3f" testName="OmegaSpiral.Tests.Unit.Common.Omega.OmegaSpiralColorsTests.PureWhite_MatchesDesignSpec" computerName="omega" duration="00:00:00.0130000" startTime="2025-10-26T22:28:12.7449997-04:00" endTime="2025-10-26T22:28:12.7453013-04:00" testType="13cdc9d9-ddb5-4fa4-a97d-d965ccfc6d4b" outcome="Passed" testListId="8c84fa94-04c1-424b-9868-57a2d4851a1d" relativeResultsDirectory="d0e22cad-99a1-417e-a847-986a23e0ffbc" />
    <UnitTestResult executionId="9e837e91-eb18-43af-8e4c-aa81fd8a7c50" testId="1414be38-e42d-4b6c-af5e-9519273d3370" testName="OmegaSpiral.Tests.Integration.Ui.Omega.OmegaBorderFrame_UnitTests.UpdateThreadColors_CanRevertToDesignSystem" computerName="omega" duration="00:00:00.0130000" startTime="2025-10-26T22:28:03.1807485-04:00" endTime="2025-10-26T22:28:03.1810421-04:00" testType="13cdc9d9-ddb5-4fa4-a97d-d965ccfc6d4b" outcome="Passed" testListId="8c84fa94-04c1-424b-9868-57a2d4851a1d" relativeResultsDirectory="9e837e91-eb18-43af-8e4c-aa81fd8a7c50" />
    <UnitTestResult executionId="4a446b4f-ae7f-47f4-bca9-61386cdb13d0" testId="31414c66-8ad1-4535-a13f-6491ed133b76" testName="OmegaSpiral.Tests.Integration.Ui.BaseMenuUiTests.FocusFirstButton_WorksCorrectly" computerName="omega" duration="00:00:00.0300000" startTime="2025-10-26T22:28:01.7073536-04:00" endTime="2025-10-26T22:28:01.7076763-04:00" testType="13cdc9d9-ddb5-4fa4-a97d-d965ccfc6d4b" outcome="Failed" testListId="8c84fa94-04c1-424b-9868-57a2d4851a1d" relativeResultsDirectory="4a446b4f-ae7f-47f4-bca9-61386cdb13d0">
      <Output>
        <ErrorInfo>
          <Message>Expecting be NOT &lt;Null&gt;:</Message>
          <StackTrace>   at OmegaSpiral.Tests.Integration.Ui.BaseMenuUiTests.FocusFirstButton_WorksCorrectly() in /home/adam/Dev/omega-spiral/chapter-zero/tests/integration/ui/BaseMenuTests.cs:line 175
</StackTrace>
        </ErrorInfo>
      </Output>
    </UnitTestResult>
    <UnitTestResult executionId="e5ca6d1f-ca69-4341-b710-191d09be4327" testId="eedaead1-cbd3-491b-9463-6abaab6a38ff" testName="[After].TextDisplay_AndChoiceInput_DontInterfere" computerName="omega" startTime="2025-10-26T22:28:01.4876988-04:00" endTime="2025-10-26T22:28:01.4877022-04:00" testType="13cdc9d9-ddb5-4fa4-a97d-d965ccfc6d4b" outcome="Passed" testListId="8c84fa94-04c1-424b-9868-57a2d4851a1d" relativeResultsDirectory="e5ca6d1f-ca69-4341-b710-191d09be4327">
      <Output>
        <StdErr>Warning:
    Detected &lt;1&gt; orphan nodes during test suite setup stage!
    Check Setup:32 and Cleanup:57 for unfreed instances!</StdErr>
        <ErrorInfo>
          <Message>Warning:
    Detected &lt;1&gt; orphan nodes during test suite setup stage!
    Check Setup:32 and Cleanup:57 for unfreed instances!</Message>
        </ErrorInfo>
      </Output>
    </UnitTestResult>
    <UnitTestResult executionId="30383151-e66e-457d-a288-5462fadac9ac" testId="a00928bb-ab84-4f9f-bec7-75cd4859a61b" testName="OmegaSpiral.Tests.Integration.Ui.Menus.MainMenuTests.ManifestLoads_SixStages_NoDuplicateFirst" computerName="omega" duration="00:00:00.0140000" startTime="2025-10-26T22:28:02.1132871-04:00" endTime="2025-10-26T22:28:02.1136586-04:00" testType="13cdc9d9-ddb5-4fa4-a97d-d965ccfc6d4b" outcome="Failed" testListId="8c84fa94-04c1-424b-9868-57a2d4851a1d" relativeResultsDirectory="30383151-e66e-457d-a288-5462fadac9ac">
      <Output>
        <ErrorInfo>
          <Message>Expecting be equal:
    '8' but is '6'</Message>
          <StackTrace>   at OmegaSpiral.Tests.Integration.Ui.Menus.MainMenuTests.ManifestLoads_SixStages_NoDuplicateFirst() in /home/adam/Dev/omega-spiral/chapter-zero/tests/integration/ui/menus/MainMenuTests.cs:line 109
</StackTrace>
        </ErrorInfo>
      </Output>
    </UnitTestResult>
    <UnitTestResult executionId="c0264e9a-7582-4094-b6bc-627b8a536ef0" testId="ddd5b017-a945-43ab-99c1-6daabbfb28d0" testName="OmegaSpiral.Tests.Unit.Common.Omega.IOmegaTextRendererTests.OmegaTextRenderer_ImplementsInterface" computerName="omega" duration="00:00:00.0100000" startTime="2025-10-26T22:28:13.4534494-04:00" endTime="2025-10-26T22:28:13.4537772-04:00" testType="13cdc9d9-ddb5-4fa4-a97d-d965ccfc6d4b" outcome="Passed" testListId="8c84fa94-04c1-424b-9868-57a2d4851a1d" relativeResultsDirectory="c0264e9a-7582-4094-b6bc-627b8a536ef0" />
    <UnitTestResult executionId="02966b8a-0452-43eb-ae42-efe384c93235" testId="72f713ff-3c6b-4b4c-95cf-bb89a65a78af" testName="OmegaSpiral.Tests.Integration.Ui.Omega.OmegaComponentFactory_UnitTests.CreateBorderFrame_HasShaderMaterialConfigured" computerName="omega" duration="00:00:00.0200000" startTime="2025-10-26T22:28:03.2764117-04:00" endTime="2025-10-26T22:28:03.2768508-04:00" testType="13cdc9d9-ddb5-4fa4-a97d-d965ccfc6d4b" outcome="Passed" testListId="8c84fa94-04c1-424b-9868-57a2d4851a1d" relativeResultsDirectory="02966b8a-0452-43eb-ae42-efe384c93235" />
    <UnitTestResult executionId="05be916f-7d8e-4b9f-a6a1-84423b1052f3" testId="29a8cad6-47b2-4a11-b518-72ed1366ee04" testName="[After].StageButtons_HaveCorrectTextFromManifest" computerName="omega" startTime="2025-10-26T22:28:02.5949283-04:00" endTime="2025-10-26T22:28:02.5949318-04:00" testType="13cdc9d9-ddb5-4fa4-a97d-d965ccfc6d4b" outcome="Failed" testListId="8c84fa94-04c1-424b-9868-57a2d4851a1d" relativeResultsDirectory="05be916f-7d8e-4b9f-a6a1-84423b1052f3">
      <Output>
        <StdErr>Warning:
    Detected &lt;38&gt; orphan nodes during test suite setup stage!
    Check Setup:28 and Cleanup:36 for unfreed instances!</StdErr>
        <ErrorInfo>
          <Message>Warning:
    Detected &lt;38&gt; orphan nodes during test suite setup stage!
    Check Setup:28 and Cleanup:36 for unfreed instances!</Message>
        </ErrorInfo>
      </Output>
    </UnitTestResult>
    <UnitTestResult executionId="3b9635e8-0ec1-432d-9047-ef0610b67d3f" testId="63c0e716-1fa9-4f32-9d88-2c100556169b" testName="OmegaSpiral.Tests.Integration.Ui.Omega.OmegaContainer_UnitTests.Ready_EmitsInitializationCompletedSignal" computerName="omega" duration="00:00:00.0200000" startTime="2025-10-26T22:28:03.7595079-04:00" endTime="2025-10-26T22:28:03.7606292-04:00" testType="13cdc9d9-ddb5-4fa4-a97d-d965ccfc6d4b" outcome="Failed" testListId="8c84fa94-04c1-424b-9868-57a2d4851a1d" relativeResultsDirectory="3b9635e8-0ec1-432d-9047-ef0610b67d3f">
      <Output>
        <ErrorInfo>
          <Message>Invalid method signature found at: Ready_EmitsInitializationCompletedSignal.
 You must return a &lt;Task&gt; for an asynchronously specified method.</Message>
        </ErrorInfo>
      </Output>
    </UnitTestResult>
    <UnitTestResult executionId="88a1c029-01c0-463e-8521-5608e2bfd205" testId="92e1fb9d-d3bc-4b4c-85ed-0de97b762a42" testName="[After].AppendTextAsync_CustomTypingSpeed_AppendsTextCorrectly" computerName="omega" startTime="2025-10-26T22:28:09.5320711-04:00" endTime="2025-10-26T22:28:09.5320720-04:00" testType="13cdc9d9-ddb5-4fa4-a97d-d965ccfc6d4b" outcome="Passed" testListId="8c84fa94-04c1-424b-9868-57a2d4851a1d" relativeResultsDirectory="88a1c029-01c0-463e-8521-5608e2bfd205">
      <Output>
        <StdErr>Warning:
    Detected &lt;1&gt; orphan nodes during test suite setup stage!
    Check Setup:41 and Cleanup:52 for unfreed instances!</StdErr>
        <ErrorInfo>
          <Message>Warning:
    Detected &lt;1&gt; orphan nodes during test suite setup stage!
    Check Setup:41 and Cleanup:52 for unfreed instances!</Message>
        </ErrorInfo>
      </Output>
    </UnitTestResult>
    <UnitTestResult executionId="e66644dc-0671-4d4e-bf6e-45c81301c849" testId="c57e044c-6bdf-487d-8050-96051c95c5bd" testName="OmegaSpiral.Tests.Unit.Common.Omega.OmegaSpiralColorsTests.OpacityTolerance_IsAppropriate" computerName="omega" duration="00:00:00.0130000" startTime="2025-10-26T22:28:12.9656070-04:00" endTime="2025-10-26T22:28:12.9659100-04:00" testType="13cdc9d9-ddb5-4fa4-a97d-d965ccfc6d4b" outcome="Passed" testListId="8c84fa94-04c1-424b-9868-57a2d4851a1d" relativeResultsDirectory="e66644dc-0671-4d4e-bf6e-45c81301c849" />
    <UnitTestResult executionId="97466805-ee4d-4848-929a-a3ec4aab2729" testId="7e5149ca-dc8b-4e41-8b66-84a65494eb30" testName="OmegaSpiral.Tests.Integration.Ui.Omega.ChoiceButtonTests.ExitTree_CleansUpSignalConnections" computerName="omega" duration="00:00:00.0210000" startTime="2025-10-26T22:28:02.7813810-04:00" endTime="2025-10-26T22:28:02.7816970-04:00" testType="13cdc9d9-ddb5-4fa4-a97d-d965ccfc6d4b" outcome="Passed" testListId="8c84fa94-04c1-424b-9868-57a2d4851a1d" relativeResultsDirectory="97466805-ee4d-4848-929a-a3ec4aab2729" />
    <UnitTestResult executionId="318bc4b4-01b0-4360-8d77-a9fcc033c080" testId="33894811-5059-4ffc-bd20-45bafe09912f" testName="OmegaSpiral.Tests.Integration.Ui.PauseMenuTests.PauseMenu_FocusesFirstButton" computerName="omega" duration="00:00:00.0200000" startTime="2025-10-26T22:28:09.6850863-04:00" endTime="2025-10-26T22:28:09.6853771-04:00" testType="13cdc9d9-ddb5-4fa4-a97d-d965ccfc6d4b" outcome="Failed" testListId="8c84fa94-04c1-424b-9868-57a2d4851a1d" relativeResultsDirectory="318bc4b4-01b0-4360-8d77-a9fcc033c080">
      <Output>
        <ErrorInfo>
          <Message>Expecting be NOT &lt;Null&gt;:</Message>
          <StackTrace>   at OmegaSpiral.Tests.Integration.Ui.PauseMenuTests.PauseMenu_FocusesFirstButton() in /home/adam/Dev/omega-spiral/chapter-zero/tests/integration/ui/PauseMenuTests.cs:line 115
</StackTrace>
        </ErrorInfo>
      </Output>
    </UnitTestResult>
    <UnitTestResult executionId="b752c1e2-b471-4acd-9dd8-40f5e0f6c481" testId="b83ac0b7-d4a2-4f97-90a3-c047c230b5c6" testName="OmegaSpiral.Tests.Integration.Ui.Omega.OmegaComponentFactory_UnitTests.CreateShaderController_WithNullDisplay_ThrowsException" computerName="omega" duration="00:00:00.0340000" startTime="2025-10-26T22:28:03.4355152-04:00" endTime="2025-10-26T22:28:03.4366086-04:00" testType="13cdc9d9-ddb5-4fa4-a97d-d965ccfc6d4b" outcome="Passed" testListId="8c84fa94-04c1-424b-9868-57a2d4851a1d" relativeResultsDirectory="b752c1e2-b471-4acd-9dd8-40f5e0f6c481" />
    <UnitTestResult executionId="8fdb9332-1c7f-4e7d-8721-54d8a092e450" testId="d1e868ed-f9d0-4c80-9de7-517c834f0d18" testName="[After].ContentContainer_HasCorrectSectionSpacing" computerName="omega" startTime="2025-10-26T22:28:02.5617437-04:00" endTime="2025-10-26T22:28:02.5617444-04:00" testType="13cdc9d9-ddb5-4fa4-a97d-d965ccfc6d4b" outcome="Failed" testListId="8c84fa94-04c1-424b-9868-57a2d4851a1d" relativeResultsDirectory="8fdb9332-1c7f-4e7d-8721-54d8a092e450">
      <Output>
        <StdErr>Warning:
    Detected &lt;38&gt; orphan nodes during test suite setup stage!
    Check Setup:28 and Cleanup:36 for unfreed instances!</StdErr>
        <ErrorInfo>
          <Message>Warning:
    Detected &lt;38&gt; orphan nodes during test suite setup stage!
    Check Setup:28 and Cleanup:36 for unfreed instances!</Message>
        </ErrorInfo>
      </Output>
    </UnitTestResult>
    <UnitTestResult executionId="32d34843-1f10-4f27-9fa0-1efa353104cd" testId="3fc69aa8-54b3-4e86-9759-1b9390976de8" testName="[After].IsAnimating_WhenNotAnimating_ReturnsFalse" computerName="omega" startTime="2025-10-26T22:28:09.5421111-04:00" endTime="2025-10-26T22:28:09.5421121-04:00" testType="13cdc9d9-ddb5-4fa4-a97d-d965ccfc6d4b" outcome="Passed" testListId="8c84fa94-04c1-424b-9868-57a2d4851a1d" relativeResultsDirectory="32d34843-1f10-4f27-9fa0-1efa353104cd">
      <Output>
        <StdErr>Warning:
    Detected &lt;1&gt; orphan nodes during test suite setup stage!
    Check Setup:41 and Cleanup:52 for unfreed instances!</StdErr>
        <ErrorInfo>
          <Message>Warning:
    Detected &lt;1&gt; orphan nodes during test suite setup stage!
    Check Setup:41 and Cleanup:52 for unfreed instances!</Message>
        </ErrorInfo>
      </Output>
    </UnitTestResult>
    <UnitTestResult executionId="acf157fe-a9e2-4ce0-863e-756fc4c0fbc5" testId="6fc190e1-f1bd-4862-a628-7d2ee81e9fd3" testName="OmegaSpiral.Tests.Integration.Ui.Omega.OmegaBackground_UnitTests.ResetToDesignSystemColor_Reverts" computerName="omega" duration="00:00:00.0320000" startTime="2025-10-26T22:28:02.9106997-04:00" endTime="2025-10-26T22:28:02.9109918-04:00" testType="13cdc9d9-ddb5-4fa4-a97d-d965ccfc6d4b" outcome="Passed" testListId="8c84fa94-04c1-424b-9868-57a2d4851a1d" relativeResultsDirectory="acf157fe-a9e2-4ce0-863e-756fc4c0fbc5" />
    <UnitTestResult executionId="7f41b635-752c-4f69-b73a-abb49cb3d8b9" testId="89c9b76a-3762-4293-b792-a600d8dc19ee" testName="OmegaSpiral.Tests.Unit.Common.Omega.OmegaSpiralColorsTests.NeonMagenta_MatchesDesignSpec" computerName="omega" duration="00:00:00.0200000" startTime="2025-10-26T22:28:12.7658859-04:00" endTime="2025-10-26T22:28:12.7662459-04:00" testType="13cdc9d9-ddb5-4fa4-a97d-d965ccfc6d4b" outcome="Passed" testListId="8c84fa94-04c1-424b-9868-57a2d4851a1d" relativeResultsDirectory="7f41b635-752c-4f69-b73a-abb49cb3d8b9" />
    <UnitTestResult executionId="ef592c15-5454-4cef-952b-c4b545c472e9" testId="03cf82d0-f411-4783-a0a7-99886580ab2c" testName="OmegaSpiral.Tests.Integration.Ui.Omega.OmegaBorderFrame_UnitTests.Layout_PropertiesAreCorrect" computerName="omega" duration="00:00:00.0340000" startTime="2025-10-26T22:28:02.9935781-04:00" endTime="2025-10-26T22:28:02.9938817-04:00" testType="13cdc9d9-ddb5-4fa4-a97d-d965ccfc6d4b" outcome="Passed" testListId="8c84fa94-04c1-424b-9868-57a2d4851a1d" relativeResultsDirectory="ef592c15-5454-4cef-952b-c4b545c472e9" />
    <UnitTestResult executionId="0dc75998-5382-4117-beb2-44f345776b4d" testId="c30fc602-61cd-4d39-8365-aed8882d8543" testName="[After].SetPlayerNameStoresValueCorrectly" computerName="omega" startTime="2025-10-26T22:28:13.1595394-04:00" endTime="2025-10-26T22:28:13.1595406-04:00" testType="13cdc9d9-ddb5-4fa4-a97d-d965ccfc6d4b" outcome="Passed" testListId="8c84fa94-04c1-424b-9868-57a2d4851a1d" relativeResultsDirectory="0dc75998-5382-4117-beb2-44f345776b4d">
      <Output>
        <StdErr>Warning:
    Detected &lt;1&gt; orphan nodes during test suite setup stage!
    Check Setup:21 and Cleanup:31 for unfreed instances!</StdErr>
        <ErrorInfo>
          <Message>Warning:
    Detected &lt;1&gt; orphan nodes during test suite setup stage!
    Check Setup:21 and Cleanup:31 for unfreed instances!</Message>
        </ErrorInfo>
      </Output>
    </UnitTestResult>
    <UnitTestResult executionId="2af62625-a554-4572-9784-8f692dee23bc" testId="c22c31d0-124b-4c31-8f76-d35c42985918" testName="[After].ComposeTextRenderer_CreatesTextRenderer" computerName="omega" startTime="2025-10-26T22:28:03.9614731-04:00" endTime="2025-10-26T22:28:03.9614740-04:00" testType="13cdc9d9-ddb5-4fa4-a97d-d965ccfc6d4b" outcome="Failed" testListId="8c84fa94-04c1-424b-9868-57a2d4851a1d" relativeResultsDirectory="2af62625-a554-4572-9784-8f692dee23bc">
      <Output>
        <StdErr>Warning:
    Detected &lt;1&gt; orphan nodes during test suite setup stage!
    Check Setup:98 and Cleanup:104 for unfreed instances!</StdErr>
        <ErrorInfo>
          <Message>Warning:
    Detected &lt;1&gt; orphan nodes during test suite setup stage!
    Check Setup:98 and Cleanup:104 for unfreed instances!</Message>
        </ErrorInfo>
      </Output>
    </UnitTestResult>
    <UnitTestResult executionId="1d952e28-f22d-4571-8210-bd1277e24281" testId="c30fc602-61cd-4d39-8365-aed8882d8543" testName="OmegaSpiral.Tests.Unit.Common.SceneManagerTests.SetPlayerNameStoresValueCorrectly" computerName="omega" duration="00:00:00.0210000" startTime="2025-10-26T22:28:13.0910951-04:00" endTime="2025-10-26T22:28:13.0913837-04:00" testType="13cdc9d9-ddb5-4fa4-a97d-d965ccfc6d4b" outcome="Passed" testListId="8c84fa94-04c1-424b-9868-57a2d4851a1d" relativeResultsDirectory="1d952e28-f22d-4571-8210-bd1277e24281">
      <Output>
        <StdOut>Player name set to: NewPlayer</StdOut>
      </Output>
    </UnitTestResult>
    <UnitTestResult executionId="c43356da-8af5-4784-849b-e29ec06edd1f" testId="32458f3d-b0d5-4b9e-9da5-7b065078bb6c" testName="OmegaSpiral.Tests.Integration.Ui.BaseMenuUiTests.BaseMenuUi_HasMenuModeEnum" computerName="omega" duration="00:00:00.0200000" startTime="2025-10-26T22:28:01.5468367-04:00" endTime="2025-10-26T22:28:01.5471581-04:00" testType="13cdc9d9-ddb5-4fa4-a97d-d965ccfc6d4b" outcome="Passed" testListId="8c84fa94-04c1-424b-9868-57a2d4851a1d" relativeResultsDirectory="c43356da-8af5-4784-849b-e29ec06edd1f" />
    <UnitTestResult executionId="f7635223-d7a0-4d9e-9161-07453a80d8cd" testId="64fcc81c-0657-4219-b99e-b74bdccb1e10" testName="OmegaSpiral.Tests.Integration.Ui.Omega.OmegaComponentFactory_UnitTests.CreateTextRenderer_AppliesOmegaThemeColor" computerName="omega" duration="00:00:00.0130000" startTime="2025-10-26T22:28:03.3455837-04:00" endTime="2025-10-26T22:28:03.3458846-04:00" testType="13cdc9d9-ddb5-4fa4-a97d-d965ccfc6d4b" outcome="Passed" testListId="8c84fa94-04c1-424b-9868-57a2d4851a1d" relativeResultsDirectory="f7635223-d7a0-4d9e-9161-07453a80d8cd">
      <Output>
        <StdErr>Warning:
    Detected &lt;1&gt; orphan nodes during test execution!</StdErr>
        <ErrorInfo>
          <Message>Warning:
    Detected &lt;1&gt; orphan nodes during test execution!</Message>
        </ErrorInfo>
      </Output>
    </UnitTestResult>
    <UnitTestResult executionId="65e31427-96a6-44c1-abf8-44274fc633ee" testId="dabbeae1-98b0-4054-898c-d2d706de363d" testName="OmegaSpiral.Tests.Integration.Ui.Omega.OmegaContainer_UnitTests.ComposeChoicePresenter_CreatesChoicePresenter" computerName="omega" duration="00:00:00.0210000" startTime="2025-10-26T22:28:03.8235965-04:00" endTime="2025-10-26T22:28:03.8239050-04:00" testType="13cdc9d9-ddb5-4fa4-a97d-d965ccfc6d4b" outcome="Passed" testListId="8c84fa94-04c1-424b-9868-57a2d4851a1d" relativeResultsDirectory="65e31427-96a6-44c1-abf8-44274fc633ee">
      <Output>
        <StdErr>Warning:
    Detected &lt;1&gt; orphan nodes during test execution!</StdErr>
        <ErrorInfo>
          <Message>Warning:
    Detected &lt;1&gt; orphan nodes during test execution!</Message>
        </ErrorInfo>
      </Output>
    </UnitTestResult>
    <UnitTestResult executionId="66a0d2f0-d1b8-4bad-9d5a-7548dfcb4d9a" testId="89ca1b34-1265-46ad-8e4e-909824e6141a" testName="[After].MenuTitle_UsesAmberDesignColor" computerName="omega" startTime="2025-10-26T22:28:02.5786753-04:00" endTime="2025-10-26T22:28:02.5786761-04:00" testType="13cdc9d9-ddb5-4fa4-a97d-d965ccfc6d4b" outcome="Failed" testListId="8c84fa94-04c1-424b-9868-57a2d4851a1d" relativeResultsDirectory="66a0d2f0-d1b8-4bad-9d5a-7548dfcb4d9a">
      <Output>
        <StdErr>Warning:
    Detected &lt;38&gt; orphan nodes during test suite setup stage!
    Check Setup:28 and Cleanup:36 for unfreed instances!</StdErr>
        <ErrorInfo>
          <Message>Warning:
    Detected &lt;38&gt; orphan nodes during test suite setup stage!
    Check Setup:28 and Cleanup:36 for unfreed instances!</Message>
        </ErrorInfo>
      </Output>
    </UnitTestResult>
    <UnitTestResult executionId="3ac00f0a-284d-450c-94cd-8bb74bf875ec" testId="878c11f1-05bd-4b46-8ce1-b74c2604a090" testName="[Before].ButtonContainer_CanAddButtons" computerName="omega" startTime="2025-10-26T22:28:01.5095579-04:00" endTime="2025-10-26T22:28:01.5095601-04:00" testType="13cdc9d9-ddb5-4fa4-a97d-d965ccfc6d4b" outcome="Failed" testListId="8c84fa94-04c1-424b-9868-57a2d4851a1d" relativeResultsDirectory="3ac00f0a-284d-450c-94cd-8bb74bf875ec">
      <Output>
        <ErrorInfo>
          <Message>Expecting be NOT &lt;Null&gt;:</Message>
          <StackTrace>   at OmegaSpiral.Tests.Shared.OmegaUiTestHelper.ValidateBackgroundTheme(Control uiComponent, String componentName) in /home/adam/Dev/omega-spiral/chapter-zero/tests/shared/OmegaUiTestHelper.cs:line 51
   at OmegaSpiral.Tests.Integration.Ui.BaseMenuUiTests.Setup() in /home/adam/Dev/omega-spiral/chapter-zero/tests/integration/ui/BaseMenuTests.cs:line 42
   at Godot.SignalAwaiter.SignalCallback(IntPtr awaiterGCHandlePtr, godot_variant** args, Int32 argCount, godot_bool* outAwaiterIsNull) in /root/godot/modules/mono/glue/GodotSharp/GodotSharp/Core/SignalAwaiter.cs:line 65
</StackTrace>
        </ErrorInfo>
      </Output>
    </UnitTestResult>
    <UnitTestResult executionId="86d45e70-eb94-4a77-9388-dd7e059d3d52" testId="8aa2a5ee-d0f6-4e98-9f90-9cd98347ea6a" testName="[Before].MenuMode_DefaultsToStandard" computerName="omega" startTime="2025-10-26T22:28:01.5128670-04:00" endTime="2025-10-26T22:28:01.5128682-04:00" testType="13cdc9d9-ddb5-4fa4-a97d-d965ccfc6d4b" outcome="Failed" testListId="8c84fa94-04c1-424b-9868-57a2d4851a1d" relativeResultsDirectory="86d45e70-eb94-4a77-9388-dd7e059d3d52">
      <Output>
        <ErrorInfo>
          <Message>Expecting be NOT &lt;Null&gt;:</Message>
          <StackTrace>   at OmegaSpiral.Tests.Shared.OmegaUiTestHelper.ValidateBackgroundTheme(Control uiComponent, String componentName) in /home/adam/Dev/omega-spiral/chapter-zero/tests/shared/OmegaUiTestHelper.cs:line 51
   at OmegaSpiral.Tests.Integration.Ui.BaseMenuUiTests.Setup() in /home/adam/Dev/omega-spiral/chapter-zero/tests/integration/ui/BaseMenuTests.cs:line 42
   at Godot.SignalAwaiter.SignalCallback(IntPtr awaiterGCHandlePtr, godot_variant** args, Int32 argCount, godot_bool* outAwaiterIsNull) in /root/godot/modules/mono/glue/GodotSharp/GodotSharp/Core/SignalAwaiter.cs:line 65
</StackTrace>
        </ErrorInfo>
      </Output>
    </UnitTestResult>
    <UnitTestResult executionId="5241e660-ac47-48fa-9d16-732b1e7db9b0" testId="df9cecfe-23a6-44ca-b3c4-6883048f4187" testName="OmegaSpiral.Tests.Unit.Common.Omega.IOmegaShaderControllerTests.OmegaShaderController_ImplementsInterface" computerName="omega" duration="00:00:00.0100000" startTime="2025-10-26T22:28:13.3984273-04:00" endTime="2025-10-26T22:28:13.3987744-04:00" testType="13cdc9d9-ddb5-4fa4-a97d-d965ccfc6d4b" outcome="Passed" testListId="8c84fa94-04c1-424b-9868-57a2d4851a1d" relativeResultsDirectory="5241e660-ac47-48fa-9d16-732b1e7db9b0" />
    <UnitTestResult executionId="3f351b97-8dd5-4da5-a7e2-52c9e488c03f" testId="169a9cc6-5d12-440a-a14e-6d8ab6840ab5" testName="OmegaSpiral.Tests.Unit.Common.Omega.OmegaShaderPresetsTests.GetPreset_ReturnsGlitchPreset" computerName="omega" duration="00:00:00.0210000" startTime="2025-10-26T22:28:12.5183133-04:00" endTime="2025-10-26T22:28:12.5186139-04:00" testType="13cdc9d9-ddb5-4fa4-a97d-d965ccfc6d4b" outcome="Passed" testListId="8c84fa94-04c1-424b-9868-57a2d4851a1d" relativeResultsDirectory="3f351b97-8dd5-4da5-a7e2-52c9e488c03f" />
    <UnitTestResult executionId="bca788a2-3c8b-4079-b75e-da4f5ba5f33d" testId="acb2a318-6ef0-4f7e-a1ee-7b3107693054" testName="OmegaSpiral.Tests.Integration.Ui.Omega.OmegaBorderFrame_UnitTests.GetRotationSpeed_ReturnsCurrent" computerName="omega" duration="00:00:00.0200000" startTime="2025-10-26T22:28:03.0842938-04:00" endTime="2025-10-26T22:28:03.0845987-04:00" testType="13cdc9d9-ddb5-4fa4-a97d-d965ccfc6d4b" outcome="Passed" testListId="8c84fa94-04c1-424b-9868-57a2d4851a1d" relativeResultsDirectory="bca788a2-3c8b-4079-b75e-da4f5ba5f33d" />
    <UnitTestResult executionId="9a111d13-87de-43ae-91e9-136998256101" testId="7cb5ae68-ec08-48db-ab13-25c56356f2e4" testName="OmegaSpiral.Tests.Unit.Common.Omega.IOmegaShaderControllerTests.Interface_HasPixelDissolveAsyncMethod" computerName="omega" duration="00:00:00.0100000" startTime="2025-10-26T22:28:13.3876770-04:00" endTime="2025-10-26T22:28:13.3879743-04:00" testType="13cdc9d9-ddb5-4fa4-a97d-d965ccfc6d4b" outcome="Passed" testListId="8c84fa94-04c1-424b-9868-57a2d4851a1d" relativeResultsDirectory="9a111d13-87de-43ae-91e9-136998256101" />
    <UnitTestResult executionId="f63b125f-70a1-4414-ad49-4228000c0380" testId="d2bb6d84-5b05-4db5-bbdf-f3b494abf7a8" testName="OmegaSpiral.Tests.Integration.Ui.PauseMenuTests.PauseMenu_HasBackground" computerName="omega" duration="00:00:00.0270000" startTime="2025-10-26T22:28:09.6444656-04:00" endTime="2025-10-26T22:28:09.6447694-04:00" testType="13cdc9d9-ddb5-4fa4-a97d-d965ccfc6d4b" outcome="Failed" testListId="8c84fa94-04c1-424b-9868-57a2d4851a1d" relativeResultsDirectory="f63b125f-70a1-4414-ad49-4228000c0380">
      <Output>
        <ErrorInfo>
          <Message>Expecting be NOT &lt;Null&gt;:</Message>
          <StackTrace>   at OmegaSpiral.Tests.Integration.Ui.PauseMenuTests.PauseMenu_HasBackground() in /home/adam/Dev/omega-spiral/chapter-zero/tests/integration/ui/PauseMenuTests.cs:line 87
</StackTrace>
        </ErrorInfo>
      </Output>
    </UnitTestResult>
    <UnitTestResult executionId="eb8406f7-69e1-4d99-ad4c-f6bff880b3e0" testId="5900e4f9-929d-4b3b-ae03-abfadb90ca9e" testName="[After].Ready_CallsInitializeComponentStates" computerName="omega" startTime="2025-10-26T22:28:03.9676970-04:00" endTime="2025-10-26T22:28:03.9677002-04:00" testType="13cdc9d9-ddb5-4fa4-a97d-d965ccfc6d4b" outcome="Failed" testListId="8c84fa94-04c1-424b-9868-57a2d4851a1d" relativeResultsDirectory="eb8406f7-69e1-4d99-ad4c-f6bff880b3e0">
      <Output>
        <StdErr>Warning:
    Detected &lt;1&gt; orphan nodes during test suite setup stage!
    Check Setup:98 and Cleanup:104 for unfreed instances!</StdErr>
        <ErrorInfo>
          <Message>Warning:
    Detected &lt;1&gt; orphan nodes during test suite setup stage!
    Check Setup:98 and Cleanup:104 for unfreed instances!</Message>
        </ErrorInfo>
      </Output>
    </UnitTestResult>
    <UnitTestResult executionId="4f0de9b1-245a-4f14-8ac7-c55cb6dcb745" testId="0a015625-4f95-4624-b013-27ac80bfc716" testName="OmegaSpiral.Tests.Integration.Ui.Omega.OmegaContainer_UnitTests.OmegaContainer_IsGlobalClass" computerName="omega" duration="00:00:00.0250000" startTime="2025-10-26T22:28:03.6696560-04:00" endTime="2025-10-26T22:28:03.6699524-04:00" testType="13cdc9d9-ddb5-4fa4-a97d-d965ccfc6d4b" outcome="Passed" testListId="8c84fa94-04c1-424b-9868-57a2d4851a1d" relativeResultsDirectory="4f0de9b1-245a-4f14-8ac7-c55cb6dcb745" />
    <UnitTestResult executionId="66061ae3-c250-491b-8b39-c7b62a389bc5" testId="86119f86-181c-4ca5-b48b-05f0b5ffefea" testName="[After].Components_InitializeWithoutConflicts" computerName="omega" startTime="2025-10-26T22:28:01.4856494-04:00" endTime="2025-10-26T22:28:01.4856526-04:00" testType="13cdc9d9-ddb5-4fa4-a97d-d965ccfc6d4b" outcome="Passed" testListId="8c84fa94-04c1-424b-9868-57a2d4851a1d" relativeResultsDirectory="66061ae3-c250-491b-8b39-c7b62a389bc5">
      <Output>
        <StdErr>Warning:
    Detected &lt;1&gt; orphan nodes during test suite setup stage!
    Check Setup:32 and Cleanup:57 for unfreed instances!</StdErr>
        <ErrorInfo>
          <Message>Warning:
    Detected &lt;1&gt; orphan nodes during test suite setup stage!
    Check Setup:32 and Cleanup:57 for unfreed instances!</Message>
        </ErrorInfo>
      </Output>
    </UnitTestResult>
    <UnitTestResult executionId="4e001b71-8bb9-4568-8817-9d29b88eef07" testId="d2bb6d84-5b05-4db5-bbdf-f3b494abf7a8" testName="[Before].PauseMenu_HasBackground" computerName="omega" startTime="2025-10-26T22:28:09.5602129-04:00" endTime="2025-10-26T22:28:09.5602141-04:00" testType="13cdc9d9-ddb5-4fa4-a97d-d965ccfc6d4b" outcome="Failed" testListId="8c84fa94-04c1-424b-9868-57a2d4851a1d" relativeResultsDirectory="4e001b71-8bb9-4568-8817-9d29b88eef07">
      <Output>
        <ErrorInfo>
          <Message>Expecting be NOT &lt;Null&gt;:</Message>
          <StackTrace>   at OmegaSpiral.Tests.Shared.OmegaUiTestHelper.ValidateBackgroundTheme(Control uiComponent, String componentName) in /home/adam/Dev/omega-spiral/chapter-zero/tests/shared/OmegaUiTestHelper.cs:line 51
   at OmegaSpiral.Tests.Integration.Ui.PauseMenuTests.Setup() in /home/adam/Dev/omega-spiral/chapter-zero/tests/integration/ui/PauseMenuTests.cs:line 34
   at Godot.SignalAwaiter.SignalCallback(IntPtr awaiterGCHandlePtr, godot_variant** args, Int32 argCount, godot_bool* outAwaiterIsNull) in /root/godot/modules/mono/glue/GodotSharp/GodotSharp/Core/SignalAwaiter.cs:line 65
</StackTrace>
        </ErrorInfo>
      </Output>
    </UnitTestResult>
    <UnitTestResult executionId="c610b009-9e75-45c0-bffe-ecac01b1bc11" testId="213d42e8-2e4f-4abb-a5c2-d9bc1f4d85da" testName="OmegaSpiral.Tests.Integration.Ui.Omega.OmegaBorderFrame_UnitTests.ConfigureAnimationSpeed_AcceptsZero" computerName="omega" duration="00:00:00.0120000" startTime="2025-10-26T22:28:03.1522610-04:00" endTime="2025-10-26T22:28:03.1525594-04:00" testType="13cdc9d9-ddb5-4fa4-a97d-d965ccfc6d4b" outcome="Passed" testListId="8c84fa94-04c1-424b-9868-57a2d4851a1d" relativeResultsDirectory="c610b009-9e75-45c0-bffe-ecac01b1bc11" />
    <UnitTestResult executionId="a52e9811-2be9-416f-a6e7-34347ae60448" testId="c7877897-4aac-4f52-bdd5-59d62b1faf19" testName="OmegaSpiral.Tests.Integration.Ui.Omega.OmegaBackground_UnitTests.GetBackgroundColor_ReturnsCurrent" computerName="omega" duration="00:00:00.0140000" startTime="2025-10-26T22:28:02.8421881-04:00" endTime="2025-10-26T22:28:02.8424890-04:00" testType="13cdc9d9-ddb5-4fa4-a97d-d965ccfc6d4b" outcome="Passed" testListId="8c84fa94-04c1-424b-9868-57a2d4851a1d" relativeResultsDirectory="a52e9811-2be9-416f-a6e7-34347ae60448" />
    <UnitTestResult executionId="b5532258-21d2-4ef2-85a8-a974f2c83531" testId="a784ce16-3a53-44b7-b3ce-7d8684bd8cb8" testName="BaseMenuUiUnitTests.ContentContainer_Exists" computerName="omega" duration="00:00:00.0110000" startTime="2025-10-26T22:27:54.8800104-04:00" endTime="2025-10-26T22:27:54.8807441-04:00" testType="13cdc9d9-ddb5-4fa4-a97d-d965ccfc6d4b" outcome="Failed" testListId="8c84fa94-04c1-424b-9868-57a2d4851a1d" relativeResultsDirectory="b5532258-21d2-4ef2-85a8-a974f2c83531">
      <Output>
        <ErrorInfo>
          <Message>Expecting be NOT &lt;Null&gt;:</Message>
          <StackTrace>   at BaseMenuUiUnitTests.ContentContainer_Exists() in /home/adam/Dev/omega-spiral/chapter-zero/tests/unit/ui/menus/BaseMenuUiUnitTests.cs:line 58
</StackTrace>
        </ErrorInfo>
      </Output>
    </UnitTestResult>
    <UnitTestResult executionId="ddaadffa-9545-482d-8612-327028286d88" testId="8e9b132b-1143-41bd-b75a-67b1aefdfea2" testName="OmegaSpiral.Tests.Integration.Ui.Omega.OmegaComponentFactory_UnitTests.CreateStyledButton_AppliesOmegaThemeColors" computerName="omega" duration="00:00:00.0240000" startTime="2025-10-26T22:28:03.5592902-04:00" endTime="2025-10-26T22:28:03.5596241-04:00" testType="13cdc9d9-ddb5-4fa4-a97d-d965ccfc6d4b" outcome="Passed" testListId="8c84fa94-04c1-424b-9868-57a2d4851a1d" relativeResultsDirectory="ddaadffa-9545-482d-8612-327028286d88" />
    <UnitTestResult executionId="fc2ae8a6-be0e-40e8-a156-6a88020e43cb" testId="9aff712b-236e-495e-8636-3766892f396a" testName="OmegaSpiral.Tests.Integration.Ui.Omega.ChoiceButtonTests.ChoiceButton_InheritsFromButton" computerName="omega" duration="00:00:00.0360000" startTime="2025-10-26T22:28:02.6519314-04:00" endTime="2025-10-26T22:28:02.6522489-04:00" testType="13cdc9d9-ddb5-4fa4-a97d-d965ccfc6d4b" outcome="Passed" testListId="8c84fa94-04c1-424b-9868-57a2d4851a1d" relativeResultsDirectory="fc2ae8a6-be0e-40e8-a156-6a88020e43cb" />
    <UnitTestResult executionId="0f3c4865-99fb-418a-92fa-7c74225fe20d" testId="ee82ad4a-b6c1-413b-8086-0ebfa4948477" testName="OmegaSpiral.Tests.Integration.Ui.Menus.MainMenuTests.MenuTitle_DisplaysOmegaSpiral" computerName="omega" duration="00:00:00.0210000" startTime="2025-10-26T22:28:02.0637169-04:00" endTime="2025-10-26T22:28:02.0640462-04:00" testType="13cdc9d9-ddb5-4fa4-a97d-d965ccfc6d4b" outcome="Passed" testListId="8c84fa94-04c1-424b-9868-57a2d4851a1d" relativeResultsDirectory="0f3c4865-99fb-418a-92fa-7c74225fe20d" />
    <UnitTestResult executionId="f7c1ac40-012f-47df-a068-f276225c9178" testId="1cd28e21-ad37-4fd3-9308-0267ca9ba1ab" testName="OmegaSpiral.Tests.Integration.Ui.Menus.MainMenuTests.LaunchButton_HasPressedSignalHandler" computerName="omega" duration="00:00:00.0200000" startTime="2025-10-26T22:28:02.2304331-04:00" endTime="2025-10-26T22:28:02.2307600-04:00" testType="13cdc9d9-ddb5-4fa4-a97d-d965ccfc6d4b" outcome="Passed" testListId="8c84fa94-04c1-424b-9868-57a2d4851a1d" relativeResultsDirectory="f7c1ac40-012f-47df-a068-f276225c9178" />
    <UnitTestResult executionId="06fd7d9f-a428-431a-b80d-5252367f9d3d" testId="f7435fdc-a393-456e-9172-51e9b602df3e" testName="OmegaSpiral.Tests.Unit.Common.Omega.OmegaChoicePresenterTests.PresentChoicesAsync_NullChoiceOptions_ThrowsArgumentNullException" computerName="omega" duration="00:00:00.0340000" startTime="2025-10-26T22:28:10.5989274-04:00" endTime="2025-10-26T22:28:10.5992623-04:00" testType="13cdc9d9-ddb5-4fa4-a97d-d965ccfc6d4b" outcome="Passed" testListId="8c84fa94-04c1-424b-9868-57a2d4851a1d" relativeResultsDirectory="06fd7d9f-a428-431a-b80d-5252367f9d3d" />
    <UnitTestResult executionId="be67a537-be44-4bd2-b77c-ea8eb302dba7" testId="0896d806-180c-489b-96f2-ac8b401375a6" testName="OmegaSpiral.Tests.Integration.Ui.Omega.OmegaComponentFactory_UnitTests.CreateBorderFrame_AppliesOmegaColors" computerName="omega" duration="00:00:00.0340000" startTime="2025-10-26T22:28:03.3114050-04:00" endTime="2025-10-26T22:28:03.3117087-04:00" testType="13cdc9d9-ddb5-4fa4-a97d-d965ccfc6d4b" outcome="Passed" testListId="8c84fa94-04c1-424b-9868-57a2d4851a1d" relativeResultsDirectory="be67a537-be44-4bd2-b77c-ea8eb302dba7" />
    <UnitTestResult executionId="b5170bb0-f6f8-41a6-beda-0589d3211c2d" testId="17af4cc3-b1dc-475b-a2da-51e3616cd0c3" testName="OmegaSpiral.Tests.Integration.Ui.PauseMenuTests.PauseMenu_HasTitle" computerName="omega" duration="00:00:00.0200000" startTime="2025-10-26T22:28:09.6006445-04:00" endTime="2025-10-26T22:28:09.6009967-04:00" testType="13cdc9d9-ddb5-4fa4-a97d-d965ccfc6d4b" outcome="Failed" testListId="8c84fa94-04c1-424b-9868-57a2d4851a1d" relativeResultsDirectory="b5170bb0-f6f8-41a6-beda-0589d3211c2d">
      <Output>
        <ErrorInfo>
          <Message>Expecting be NOT &lt;Null&gt;:</Message>
          <StackTrace>   at OmegaSpiral.Tests.Integration.Ui.PauseMenuTests.PauseMenu_HasTitle() in /home/adam/Dev/omega-spiral/chapter-zero/tests/integration/ui/PauseMenuTests.cs:line 60
</StackTrace>
        </ErrorInfo>
      </Output>
    </UnitTestResult>
  </Results>
  <TestDefinitions>
    <UnitTest name="GetFocusedButton_ReturnsCorrectButton" storage="/home/adam/dev/omega-spiral/chapter-zero/.godot/mono/temp/bin/debug/chapter-zero.dll" id="d10cde64-c263-4009-9595-b4432e377066">
      <Execution id="68a99760-2dd3-4da0-b212-491e259d148a" />
      <TestMethod codeBase="/home/adam/Dev/omega-spiral/chapter-zero/.godot/mono/temp/bin/Debug/chapter-zero.dll" adapterTypeName="executor://gdunit4.testadapter/" className="OmegaSpiral.Tests.Integration.Ui.BaseMenuUiTests" name="GetFocusedButton_ReturnsCorrectButton" />
    </UnitTest>
    <UnitTest name="OnPressed_EmitsChoiceSelectedSignal" storage="/home/adam/dev/omega-spiral/chapter-zero/.godot/mono/temp/bin/debug/chapter-zero.dll" id="7571e7d9-0151-4bdb-a7a1-b11bb3583d9c">
      <Execution id="c8bb16e4-5dad-48a0-b9b9-3995000762f2" />
      <TestMethod codeBase="/home/adam/Dev/omega-spiral/chapter-zero/.godot/mono/temp/bin/Debug/chapter-zero.dll" adapterTypeName="executor://gdunit4.testadapter/" className="OmegaSpiral.Tests.Integration.Ui.Omega.ChoiceButtonTests" name="OnPressed_EmitsChoiceSelectedSignal" />
    </UnitTest>
    <UnitTest name="CreditsMenu_PopulatesCredits" storage="/home/adam/dev/omega-spiral/chapter-zero/.godot/mono/temp/bin/debug/chapter-zero.dll" id="28204085-e96a-4fef-9cf9-19bbc3f1e806">
      <Execution id="843458e9-90d4-4e11-9ed6-86d996a37314" />
      <TestMethod codeBase="/home/adam/Dev/omega-spiral/chapter-zero/.godot/mono/temp/bin/Debug/chapter-zero.dll" adapterTypeName="executor://gdunit4.testadapter/" className="OmegaSpiral.Tests.Integration.Ui.CreditsMenuTests" name="CreditsMenu_PopulatesCredits" />
    </UnitTest>
    <UnitTest name="OptionsButton_Exists" storage="/home/adam/dev/omega-spiral/chapter-zero/.godot/mono/temp/bin/debug/chapter-zero.dll" id="4e0f0109-4dfd-452e-bc21-65d40c4e6b30">
      <Execution id="22d93d37-5d17-4b73-9229-2f06c9abf300" />
      <TestMethod codeBase="/home/adam/Dev/omega-spiral/chapter-zero/.godot/mono/temp/bin/Debug/chapter-zero.dll" adapterTypeName="executor://gdunit4.testadapter/" className="OmegaSpiral.Tests.Integration.Ui.Menus.MainMenuTests" name="OptionsButton_Exists" />
    </UnitTest>
    <UnitTest name="ColorCycleDuration_Is8Seconds" storage="/home/adam/dev/omega-spiral/chapter-zero/.godot/mono/temp/bin/debug/chapter-zero.dll" id="e889cac8-d415-4c96-a9f5-543cb467971c">
      <Execution id="b2215916-8bf4-4498-9e2f-6405148458f0" />
      <TestMethod codeBase="/home/adam/Dev/omega-spiral/chapter-zero/.godot/mono/temp/bin/Debug/chapter-zero.dll" adapterTypeName="executor://gdunit4.testadapter/" className="OmegaSpiral.Tests.Unit.Common.Omega.OmegaSpiralColorsTests" name="ColorCycleDuration_Is8Seconds" />
    </UnitTest>
    <UnitTest name="GetPlan_ReturnsNonNull" storage="/home/adam/dev/omega-spiral/chapter-zero/.godot/mono/temp/bin/debug/chapter-zero.dll" id="178d095c-9669-479a-994b-bda3f26b58ae">
      <Execution id="86d58044-fcd6-445d-a0a7-170c848f1362" />
      <TestMethod codeBase="/home/adam/Dev/omega-spiral/chapter-zero/.godot/mono/temp/bin/Debug/chapter-zero.dll" adapterTypeName="executor://gdunit4.testadapter/" className="OmegaSpiral.Tests.Stages.Stage2.NethackDirectorTests" name="GetPlan_ReturnsNonNull" />
    </UnitTest>
    <UnitTest name="IsAnimating_DuringTextAppending_ReturnsTrue" storage="/home/adam/dev/omega-spiral/chapter-zero/.godot/mono/temp/bin/debug/chapter-zero.dll" id="2555f957-6e88-417b-a43c-f947cc4c9c31">
      <Execution id="9a756a64-4b29-4102-94f1-07b196c469f0" />
      <TestMethod codeBase="/home/adam/Dev/omega-spiral/chapter-zero/.godot/mono/temp/bin/Debug/chapter-zero.dll" adapterTypeName="executor://gdunit4.testadapter/" className="OmegaSpiral.Tests.Integration.Ui.Omega.OmegaTextRendererTests" name="IsAnimating_DuringTextAppending_ReturnsTrue" />
    </UnitTest>
    <UnitTest name="Constructor_WithValidDisplay_InitializesCorrectly" storage="/home/adam/dev/omega-spiral/chapter-zero/.godot/mono/temp/bin/debug/chapter-zero.dll" id="0738f821-d1bd-40d8-a3e1-df6b3f479c76">
      <Execution id="33008a48-d06f-4eff-9100-4f69b64e84a4" />
      <TestMethod codeBase="/home/adam/Dev/omega-spiral/chapter-zero/.godot/mono/temp/bin/Debug/chapter-zero.dll" adapterTypeName="executor://gdunit4.testadapter/" className="OmegaSpiral.Tests.Unit.Common.Omega.OmegaShaderControllerTests" name="Constructor_WithValidDisplay_InitializesCorrectly" />
    </UnitTest>
    <UnitTest name="Anchors_FillParentBounds" storage="/home/adam/dev/omega-spiral/chapter-zero/.godot/mono/temp/bin/debug/chapter-zero.dll" id="16f2aab2-8fd1-407a-bc03-12d7a3071355">
      <Execution id="a56e52fc-d0f1-4280-995b-12b905f8bdcc" />
      <TestMethod codeBase="/home/adam/Dev/omega-spiral/chapter-zero/.godot/mono/temp/bin/Debug/chapter-zero.dll" adapterTypeName="executor://gdunit4.testadapter/" className="OmegaSpiral.Tests.Integration.Ui.Omega.OmegaBorderFrame_UnitTests" name="Anchors_FillParentBounds" />
    </UnitTest>
    <UnitTest name="GlitchLayer_IsVisibleWithCorrectOpacity" storage="/home/adam/dev/omega-spiral/chapter-zero/.godot/mono/temp/bin/debug/chapter-zero.dll" id="c5576f40-55e7-46f8-8af2-8471dcffd157">
      <Execution id="608e143e-5ed1-4bdf-8831-30d967dbfa59" />
      <TestMethod codeBase="/home/adam/Dev/omega-spiral/chapter-zero/.godot/mono/temp/bin/Debug/chapter-zero.dll" adapterTypeName="executor://gdunit4.testadapter/" className="OmegaSpiral.Tests.Integration.Ui.Menus.MainMenuTests" name="GlitchLayer_IsVisibleWithCorrectOpacity" />
    </UnitTest>
    <UnitTest name="ActionBar_Exists" storage="/home/adam/dev/omega-spiral/chapter-zero/.godot/mono/temp/bin/debug/chapter-zero.dll" id="c1ac2dee-c3b3-4c8f-9f6b-f8923a5c3981">
      <Execution id="b8a06221-5acb-4427-9183-c1f6c0d64df4" />
      <TestMethod codeBase="/home/adam/Dev/omega-spiral/chapter-zero/.godot/mono/temp/bin/Debug/chapter-zero.dll" adapterTypeName="executor://gdunit4.testadapter/" className="OmegaSpiral.Tests.Integration.Ui.BaseMenuUiTests" name="ActionBar_Exists" />
    </UnitTest>
    <UnitTest name="PresentChoicesAsync_SingleSelection_ReturnsSelectedIndex" storage="/home/adam/dev/omega-spiral/chapter-zero/.godot/mono/temp/bin/debug/chapter-zero.dll" id="0720925c-eee5-445e-88ed-eec562cd5deb">
      <Execution id="dc3f1d4b-c56c-4422-98fd-e89b9a1e1d09" />
      <TestMethod codeBase="/home/adam/Dev/omega-spiral/chapter-zero/.godot/mono/temp/bin/Debug/chapter-zero.dll" adapterTypeName="executor://gdunit4.testadapter/" className="OmegaSpiral.Tests.Unit.Common.Omega.OmegaChoicePresenterTests" name="PresentChoicesAsync_SingleSelection_ReturnsSelectedIndex" />
    </UnitTest>
    <UnitTest name="BaseMenuUi_ExposesProtectedHelpers" storage="/home/adam/dev/omega-spiral/chapter-zero/.godot/mono/temp/bin/debug/chapter-zero.dll" id="efd45bae-2b1b-4ef6-89c1-a69e8cd2e4cc">
      <Execution id="893125ff-ca2b-4e53-843d-06dad9ecb456" />
      <TestMethod codeBase="/home/adam/Dev/omega-spiral/chapter-zero/.godot/mono/temp/bin/Debug/chapter-zero.dll" adapterTypeName="executor://gdunit4.testadapter/" className="OmegaSpiral.Tests.Integration.Ui.BaseMenuUiTests" name="BaseMenuUi_ExposesProtectedHelpers" />
    </UnitTest>
    <UnitTest name="PixelDissolveAsync_DefaultDuration_CompletesSuccessfully" storage="/home/adam/dev/omega-spiral/chapter-zero/.godot/mono/temp/bin/debug/chapter-zero.dll" id="686fb6bb-ecaf-483f-910a-94b304833c0c">
      <Execution id="a78f6749-fb7a-411a-bc61-1157bae17ea0" />
      <TestMethod codeBase="/home/adam/Dev/omega-spiral/chapter-zero/.godot/mono/temp/bin/Debug/chapter-zero.dll" adapterTypeName="executor://gdunit4.testadapter/" className="OmegaSpiral.Tests.Unit.Common.Omega.OmegaShaderControllerTests" name="PixelDissolveAsync_DefaultDuration_CompletesSuccessfully" />
    </UnitTest>
    <UnitTest name="MenuTitle_IsHorizontallyCentered" storage="/home/adam/dev/omega-spiral/chapter-zero/.godot/mono/temp/bin/debug/chapter-zero.dll" id="2b635717-6f57-4a29-96e2-be12dd2b9b87">
      <Execution id="9e2547d0-6cd4-4904-8b8f-40bd5b99c73c" />
      <TestMethod codeBase="/home/adam/Dev/omega-spiral/chapter-zero/.godot/mono/temp/bin/Debug/chapter-zero.dll" adapterTypeName="executor://gdunit4.testadapter/" className="OmegaSpiral.Tests.Integration.Ui.Menus.MainMenuTests" name="MenuTitle_IsHorizontallyCentered" />
    </UnitTest>
    <UnitTest name="AppendTextAsync_WithDelay_DelaysBeforeStarting" storage="/home/adam/dev/omega-spiral/chapter-zero/.godot/mono/temp/bin/debug/chapter-zero.dll" id="2878e7a1-cece-493d-9136-ebc5caa1303a">
      <Execution id="cd5f6757-7034-4722-bdd0-5c2087d46470" />
      <TestMethod codeBase="/home/adam/Dev/omega-spiral/chapter-zero/.godot/mono/temp/bin/Debug/chapter-zero.dll" adapterTypeName="executor://gdunit4.testadapter/" className="OmegaSpiral.Tests.Integration.Ui.Omega.OmegaTextRendererTests" name="AppendTextAsync_WithDelay_DelaysBeforeStarting" />
    </UnitTest>
    <UnitTest name="ApplyVisualPresetAsync_InvalidPreset_ThrowsArgumentException" storage="/home/adam/dev/omega-spiral/chapter-zero/.godot/mono/temp/bin/debug/chapter-zero.dll" id="d77bb639-4393-47a5-857d-3a40dfd587a3">
      <Execution id="650f1107-a519-43c0-8419-4546eedc6a68" />
      <TestMethod codeBase="/home/adam/Dev/omega-spiral/chapter-zero/.godot/mono/temp/bin/Debug/chapter-zero.dll" adapterTypeName="executor://gdunit4.testadapter/" className="OmegaSpiral.Tests.Unit.Common.Omega.OmegaShaderControllerTests" name="ApplyVisualPresetAsync_InvalidPreset_ThrowsArgumentException" />
    </UnitTest>
    <UnitTest name="NeonMagenta_MatchesDesignSpec" storage="/home/adam/dev/omega-spiral/chapter-zero/.godot/mono/temp/bin/debug/chapter-zero.dll" id="89c9b76a-3762-4293-b792-a600d8dc19ee">
      <Execution id="7f41b635-752c-4f69-b73a-abb49cb3d8b9" />
      <TestMethod codeBase="/home/adam/Dev/omega-spiral/chapter-zero/.godot/mono/temp/bin/Debug/chapter-zero.dll" adapterTypeName="executor://gdunit4.testadapter/" className="OmegaSpiral.Tests.Unit.Common.Omega.OmegaSpiralColorsTests" name="NeonMagenta_MatchesDesignSpec" />
    </UnitTest>
    <UnitTest name="PhosphorGlow_Has18PercentOpacity" storage="/home/adam/dev/omega-spiral/chapter-zero/.godot/mono/temp/bin/debug/chapter-zero.dll" id="5be1a814-38b1-40ee-bb74-995a453933c9">
      <Execution id="d55830d6-089e-4272-8006-f619f08bc58a" />
      <TestMethod codeBase="/home/adam/Dev/omega-spiral/chapter-zero/.godot/mono/temp/bin/Debug/chapter-zero.dll" adapterTypeName="executor://gdunit4.testadapter/" className="OmegaSpiral.Tests.Unit.Common.Omega.OmegaSpiralColorsTests" name="PhosphorGlow_Has18PercentOpacity" />
    </UnitTest>
    <UnitTest name="FocusFirstButton_WorksCorrectly" storage="/home/adam/dev/omega-spiral/chapter-zero/.godot/mono/temp/bin/debug/chapter-zero.dll" id="45fc9b55-5948-44b8-9d1f-d43080b40ffe">
      <Execution id="ed1ddf59-49a0-4f4b-95dc-f13654540d14" />
      <TestMethod codeBase="/home/adam/Dev/omega-spiral/chapter-zero/.godot/mono/temp/bin/Debug/chapter-zero.dll" adapterTypeName="executor://gdunit4.testadapter/" className="BaseMenuUiUnitTests" name="FocusFirstButton_WorksCorrectly" />
    </UnitTest>
    <UnitTest name="BackRequested_HidesMenu" storage="/home/adam/dev/omega-spiral/chapter-zero/.godot/mono/temp/bin/debug/chapter-zero.dll" id="f3974bd1-9ba7-4310-a3c3-73db8fbc2d76">
      <Execution id="7b8ce040-2adc-4710-88e0-9010ee5d1e28" />
      <TestMethod codeBase="/home/adam/Dev/omega-spiral/chapter-zero/.godot/mono/temp/bin/Debug/chapter-zero.dll" adapterTypeName="executor://gdunit4.testadapter/" className="BaseMenuUiUnitTests" name="BackRequested_HidesMenu" />
    </UnitTest>
    <UnitTest name="GetAvailablePresets_ReturnsAllPresetNames" storage="/home/adam/dev/omega-spiral/chapter-zero/.godot/mono/temp/bin/debug/chapter-zero.dll" id="278240fb-6f1d-41fe-a5fa-071e35811e34">
      <Execution id="6ff43fca-48a4-4a48-89e4-4e844a7bc1d3" />
      <TestMethod codeBase="/home/adam/Dev/omega-spiral/chapter-zero/.godot/mono/temp/bin/Debug/chapter-zero.dll" adapterTypeName="executor://gdunit4.testadapter/" className="OmegaSpiral.Tests.Unit.Common.Omega.OmegaShaderPresetsTests" name="GetAvailablePresets_ReturnsAllPresetNames" />
    </UnitTest>
    <UnitTest name="Ready_CallsCacheRequiredNodes" storage="/home/adam/dev/omega-spiral/chapter-zero/.godot/mono/temp/bin/debug/chapter-zero.dll" id="85b362e0-40aa-4ad9-ab9d-711c0b63c24e">
      <Execution id="409b7fff-8b20-4d74-909d-792acee3e9c4" />
      <TestMethod codeBase="/home/adam/Dev/omega-spiral/chapter-zero/.godot/mono/temp/bin/Debug/chapter-zero.dll" adapterTypeName="executor://gdunit4.testadapter/" className="OmegaSpiral.Tests.Integration.Ui.Omega.OmegaContainer_UnitTests" name="Ready_CallsCacheRequiredNodes" />
    </UnitTest>
    <UnitTest name="ScanlineLayer_IsVisibleWithCorrectOpacity" storage="/home/adam/dev/omega-spiral/chapter-zero/.godot/mono/temp/bin/debug/chapter-zero.dll" id="324e6869-4a5a-47a8-ba4a-184ef7bfd834">
      <Execution id="16b88b08-e679-48f8-9a1b-2e1e49c38811" />
      <TestMethod codeBase="/home/adam/Dev/omega-spiral/chapter-zero/.godot/mono/temp/bin/Debug/chapter-zero.dll" adapterTypeName="executor://gdunit4.testadapter/" className="OmegaSpiral.Tests.Integration.Ui.Menus.MainMenuTests" name="ScanlineLayer_IsVisibleWithCorrectOpacity" />
    </UnitTest>
    <UnitTest name="Constructor_WithNullDisplay_ThrowsArgumentNullException" storage="/home/adam/dev/omega-spiral/chapter-zero/.godot/mono/temp/bin/debug/chapter-zero.dll" id="5e3d89ed-1483-4f95-8001-cd694bcbc406">
      <Execution id="17da3181-402c-4874-8238-6aff02fb7f4a" />
      <TestMethod codeBase="/home/adam/Dev/omega-spiral/chapter-zero/.godot/mono/temp/bin/Debug/chapter-zero.dll" adapterTypeName="executor://gdunit4.testadapter/" className="OmegaSpiral.Tests.Unit.Common.Omega.OmegaShaderControllerTests" name="Constructor_WithNullDisplay_ThrowsArgumentNullException" />
    </UnitTest>
    <UnitTest name="ShaderController_IsNullByDefault" storage="/home/adam/dev/omega-spiral/chapter-zero/.godot/mono/temp/bin/debug/chapter-zero.dll" id="99bc75e0-9470-4dcf-a32a-12ac0f0d85ca">
      <Execution id="f67dd412-102c-4d84-8c54-381c031136a7" />
      <TestMethod codeBase="/home/adam/Dev/omega-spiral/chapter-zero/.godot/mono/temp/bin/Debug/chapter-zero.dll" adapterTypeName="executor://gdunit4.testadapter/" className="OmegaSpiral.Tests.Integration.Ui.Omega.OmegaContainer_UnitTests" name="ShaderController_IsNullByDefault" />
    </UnitTest>
    <UnitTest name="CompositionHelpers_CanBeUsedTogether" storage="/home/adam/dev/omega-spiral/chapter-zero/.godot/mono/temp/bin/debug/chapter-zero.dll" id="0069937b-6ec5-4dc6-8252-e8d7af151c11">
      <Execution id="761c6e57-ce99-45a0-aa38-ef5fa90815ea" />
      <TestMethod codeBase="/home/adam/Dev/omega-spiral/chapter-zero/.godot/mono/temp/bin/Debug/chapter-zero.dll" adapterTypeName="executor://gdunit4.testadapter/" className="OmegaSpiral.Tests.Integration.Ui.Omega.OmegaContainer_UnitTests" name="CompositionHelpers_CanBeUsedTogether" />
    </UnitTest>
    <UnitTest name="ApplyVisualPresetAsync_TerminalPreset_RemovesShader" storage="/home/adam/dev/omega-spiral/chapter-zero/.godot/mono/temp/bin/debug/chapter-zero.dll" id="d49e325f-fcba-495c-a3a0-6ff8d84729c3">
      <Execution id="a9106887-3f98-4d15-9bd8-9652c2fc7e82" />
      <TestMethod codeBase="/home/adam/Dev/omega-spiral/chapter-zero/.godot/mono/temp/bin/Debug/chapter-zero.dll" adapterTypeName="executor://gdunit4.testadapter/" className="OmegaSpiral.Tests.Unit.Common.Omega.OmegaShaderControllerTests" name="ApplyVisualPresetAsync_TerminalPreset_RemovesShader" />
    </UnitTest>
    <UnitTest name="ContentContainer_HasCorrectSectionSpacing" storage="/home/adam/dev/omega-spiral/chapter-zero/.godot/mono/temp/bin/debug/chapter-zero.dll" id="d1e868ed-f9d0-4c80-9de7-517c834f0d18">
      <Execution id="64351403-6553-486d-a487-0d3ddce4b93d" />
      <TestMethod codeBase="/home/adam/Dev/omega-spiral/chapter-zero/.godot/mono/temp/bin/Debug/chapter-zero.dll" adapterTypeName="executor://gdunit4.testadapter/" className="OmegaSpiral.Tests.Integration.Ui.Menus.MainMenuTests" name="ContentContainer_HasCorrectSectionSpacing" />
    </UnitTest>
    <UnitTest name="HideChoices_AfterPresentingChoices_RemovesFromDisplay" storage="/home/adam/dev/omega-spiral/chapter-zero/.godot/mono/temp/bin/debug/chapter-zero.dll" id="2fd13886-b7de-4b79-bd06-45724df20940">
      <Execution id="a9cfb110-7cd0-4a9a-b214-73a9469fc553" />
      <TestMethod codeBase="/home/adam/Dev/omega-spiral/chapter-zero/.godot/mono/temp/bin/Debug/chapter-zero.dll" adapterTypeName="executor://gdunit4.testadapter/" className="OmegaSpiral.Tests.Unit.Common.Omega.OmegaChoicePresenterTests" name="HideChoices_AfterPresentingChoices_RemovesFromDisplay" />
    </UnitTest>
    <UnitTest name="PauseMenu_HasButtons" storage="/home/adam/dev/omega-spiral/chapter-zero/.godot/mono/temp/bin/debug/chapter-zero.dll" id="a1f99e48-36e8-44a0-98b0-66dca38e0e2c">
      <Execution id="49c416bf-751e-4f14-b311-1ed6f97fbea7" />
      <TestMethod codeBase="/home/adam/Dev/omega-spiral/chapter-zero/.godot/mono/temp/bin/Debug/chapter-zero.dll" adapterTypeName="executor://gdunit4.testadapter/" className="OmegaSpiral.Tests.Integration.Ui.PauseMenuTests" name="PauseMenu_HasButtons" />
    </UnitTest>
    <UnitTest name="ResetToDesignSystemColor_Reverts" storage="/home/adam/dev/omega-spiral/chapter-zero/.godot/mono/temp/bin/debug/chapter-zero.dll" id="6fc190e1-f1bd-4862-a628-7d2ee81e9fd3">
      <Execution id="acf157fe-a9e2-4ce0-863e-756fc4c0fbc5" />
      <TestMethod codeBase="/home/adam/Dev/omega-spiral/chapter-zero/.godot/mono/temp/bin/Debug/chapter-zero.dll" adapterTypeName="executor://gdunit4.testadapter/" className="OmegaSpiral.Tests.Integration.Ui.Omega.OmegaBackground_UnitTests" name="ResetToDesignSystemColor_Reverts" />
    </UnitTest>
    <UnitTest name="Interface_HasClearTextMethod" storage="/home/adam/dev/omega-spiral/chapter-zero/.godot/mono/temp/bin/debug/chapter-zero.dll" id="91b11a04-6dda-46c1-9654-982d1590bf1f">
      <Execution id="18535aad-c407-420f-942d-9a0bd57bd31b" />
      <TestMethod codeBase="/home/adam/Dev/omega-spiral/chapter-zero/.godot/mono/temp/bin/Debug/chapter-zero.dll" adapterTypeName="executor://gdunit4.testadapter/" className="OmegaSpiral.Tests.Unit.Common.Omega.IOmegaTextRendererTests" name="Interface_HasClearTextMethod" />
    </UnitTest>
    <UnitTest name="CharacterPartyChangedSignal_EmittedWhenPartyChanges_SignalReceived" storage="/home/adam/dev/omega-spiral/chapter-zero/.godot/mono/temp/bin/debug/chapter-zero.dll" id="3bbd1da8-f76b-4c02-a414-b9b1ecbbb30b">
      <Execution id="a5e00a2b-bc00-49ed-b186-14b31fe48761" />
      <TestMethod codeBase="/home/adam/Dev/omega-spiral/chapter-zero/.godot/mono/temp/bin/Debug/chapter-zero.dll" adapterTypeName="executor://gdunit4.testadapter/" className="OmegaSpiral.Tests.Common.GameStateSignalTests" name="CharacterPartyChangedSignal_EmittedWhenPartyChanges_SignalReceived" />
    </UnitTest>
    <UnitTest name="Interface_HasHideChoicesMethod" storage="/home/adam/dev/omega-spiral/chapter-zero/.godot/mono/temp/bin/debug/chapter-zero.dll" id="099f2657-7fb7-419e-ac9f-2efef16eba6f">
      <Execution id="11295796-4a18-4019-9e94-15afbf7b9159" />
      <TestMethod codeBase="/home/adam/Dev/omega-spiral/chapter-zero/.godot/mono/temp/bin/Debug/chapter-zero.dll" adapterTypeName="executor://gdunit4.testadapter/" className="OmegaSpiral.Tests.Unit.Common.Omega.IOmegaChoicePresenterTests" name="Interface_HasHideChoicesMethod" />
    </UnitTest>
    <UnitTest name="ScanlineOverlay_Has12PercentOpacity" storage="/home/adam/dev/omega-spiral/chapter-zero/.godot/mono/temp/bin/debug/chapter-zero.dll" id="5315c792-9426-4acf-98fd-2e6b1d70ef10">
      <Execution id="3d993759-b028-4639-ace1-244b36ac57f6" />
      <TestMethod codeBase="/home/adam/Dev/omega-spiral/chapter-zero/.godot/mono/temp/bin/Debug/chapter-zero.dll" adapterTypeName="executor://gdunit4.testadapter/" className="OmegaSpiral.Tests.Unit.Common.Omega.OmegaSpiralColorsTests" name="ScanlineOverlay_Has12PercentOpacity" />
    </UnitTest>
    <UnitTest name="FocusFirstButton_WorksCorrectly" storage="/home/adam/dev/omega-spiral/chapter-zero/.godot/mono/temp/bin/debug/chapter-zero.dll" id="31414c66-8ad1-4535-a13f-6491ed133b76">
      <Execution id="1c3502b8-689a-461b-9c68-236f30a3ccfd" />
      <TestMethod codeBase="/home/adam/Dev/omega-spiral/chapter-zero/.godot/mono/temp/bin/Debug/chapter-zero.dll" adapterTypeName="executor://gdunit4.testadapter/" className="OmegaSpiral.Tests.Integration.Ui.BaseMenuUiTests" name="FocusFirstButton_WorksCorrectly" />
    </UnitTest>
    <UnitTest name="Configure_SetsAllProperties" storage="/home/adam/dev/omega-spiral/chapter-zero/.godot/mono/temp/bin/debug/chapter-zero.dll" id="8ed0e8b5-a132-4a27-951f-b7b811eab84e">
      <Execution id="62214dae-bec1-404b-9a52-debfdd018a8a" />
      <TestMethod codeBase="/home/adam/Dev/omega-spiral/chapter-zero/.godot/mono/temp/bin/Debug/chapter-zero.dll" adapterTypeName="executor://gdunit4.testadapter/" className="OmegaSpiral.Tests.Integration.Ui.Omega.ChoiceButtonTests" name="Configure_SetsAllProperties" />
    </UnitTest>
    <UnitTest name="Layout_PropertiesAreCorrect" storage="/home/adam/dev/omega-spiral/chapter-zero/.godot/mono/temp/bin/debug/chapter-zero.dll" id="03cf82d0-f411-4783-a0a7-99886580ab2c">
      <Execution id="ef592c15-5454-4cef-952b-c4b545c472e9" />
      <TestMethod codeBase="/home/adam/Dev/omega-spiral/chapter-zero/.godot/mono/temp/bin/Debug/chapter-zero.dll" adapterTypeName="executor://gdunit4.testadapter/" className="OmegaSpiral.Tests.Integration.Ui.Omega.OmegaBorderFrame_UnitTests" name="Layout_PropertiesAreCorrect" />
    </UnitTest>
    <UnitTest name="BorderFrame_IsVisibleByDefault" storage="/home/adam/dev/omega-spiral/chapter-zero/.godot/mono/temp/bin/debug/chapter-zero.dll" id="98c9be0a-6fd0-4801-a087-f54308639823">
      <Execution id="a786c5db-9c37-42b5-9999-f36584a81fa7" />
      <TestMethod codeBase="/home/adam/Dev/omega-spiral/chapter-zero/.godot/mono/temp/bin/Debug/chapter-zero.dll" adapterTypeName="executor://gdunit4.testadapter/" className="OmegaSpiral.Tests.Integration.Ui.Omega.OmegaBorderFrame_UnitTests" name="BorderFrame_IsVisibleByDefault" />
    </UnitTest>
    <UnitTest name="ValidateStateForTransitionReturnsTrueForValidTransitions" storage="/home/adam/dev/omega-spiral/chapter-zero/.godot/mono/temp/bin/debug/chapter-zero.dll" id="62dcf2f7-4888-4c5e-8f5b-6c16d702c9ef">
      <Execution id="73b2a772-8ac9-4084-b2f2-646e5a8ef4db" />
      <TestMethod codeBase="/home/adam/Dev/omega-spiral/chapter-zero/.godot/mono/temp/bin/Debug/chapter-zero.dll" adapterTypeName="executor://gdunit4.testadapter/" className="OmegaSpiral.Tests.Unit.Common.SceneManagerTests" name="ValidateStateForTransitionReturnsTrueForValidTransitions" />
    </UnitTest>
    <UnitTest name="Interface_HasSetTextColorMethod" storage="/home/adam/dev/omega-spiral/chapter-zero/.godot/mono/temp/bin/debug/chapter-zero.dll" id="38cbe257-6fd9-4619-a7d0-6a2321a328eb">
      <Execution id="2a5a00a9-768b-4ac7-8ba7-5605f896e219" />
      <TestMethod codeBase="/home/adam/Dev/omega-spiral/chapter-zero/.godot/mono/temp/bin/Debug/chapter-zero.dll" adapterTypeName="executor://gdunit4.testadapter/" className="OmegaSpiral.Tests.Unit.Common.Omega.IOmegaTextRendererTests" name="Interface_HasSetTextColorMethod" />
    </UnitTest>
    <UnitTest name="ConfirmRequested_ActivatesFocusedButton" storage="/home/adam/dev/omega-spiral/chapter-zero/.godot/mono/temp/bin/debug/chapter-zero.dll" id="848dbf0e-dea5-4c89-94b9-46e481c937b2">
      <Execution id="329b3b07-68cd-4f8a-8811-504ccf6297d9" />
      <TestMethod codeBase="/home/adam/Dev/omega-spiral/chapter-zero/.godot/mono/temp/bin/Debug/chapter-zero.dll" adapterTypeName="executor://gdunit4.testadapter/" className="BaseMenuUiUnitTests" name="ConfirmRequested_ActivatesFocusedButton" />
    </UnitTest>
    <UnitTest name="OmegaContainer_IsGlobalClass" storage="/home/adam/dev/omega-spiral/chapter-zero/.godot/mono/temp/bin/debug/chapter-zero.dll" id="0a015625-4f95-4624-b013-27ac80bfc716">
      <Execution id="4f0de9b1-245a-4f14-8ac7-c55cb6dcb745" />
      <TestMethod codeBase="/home/adam/Dev/omega-spiral/chapter-zero/.godot/mono/temp/bin/Debug/chapter-zero.dll" adapterTypeName="executor://gdunit4.testadapter/" className="OmegaSpiral.Tests.Integration.Ui.Omega.OmegaContainer_UnitTests" name="OmegaContainer_IsGlobalClass" />
    </UnitTest>
    <UnitTest name="AffinityScoreUpdatedSignal_EmittedWhenAffinityChanges_SignalReceived" storage="/home/adam/dev/omega-spiral/chapter-zero/.godot/mono/temp/bin/debug/chapter-zero.dll" id="6732e1c3-df1b-4390-87b2-e317068345f6">
      <Execution id="14735299-ed50-4326-9a0b-7bcc6b04b214" />
      <TestMethod codeBase="/home/adam/Dev/omega-spiral/chapter-zero/.godot/mono/temp/bin/Debug/chapter-zero.dll" adapterTypeName="executor://gdunit4.testadapter/" className="OmegaSpiral.Tests.Common.GameStateSignalTests" name="AffinityScoreUpdatedSignal_EmittedWhenAffinityChanges_SignalReceived" />
    </UnitTest>
    <UnitTest name="Interface_HasApplyVisualPresetAsyncMethod" storage="/home/adam/dev/omega-spiral/chapter-zero/.godot/mono/temp/bin/debug/chapter-zero.dll" id="0fe73695-f454-4371-bf3c-571ebb8602e0">
      <Execution id="a90ff35d-46fc-4093-8dcb-64f895f95ab1" />
      <TestMethod codeBase="/home/adam/Dev/omega-spiral/chapter-zero/.godot/mono/temp/bin/Debug/chapter-zero.dll" adapterTypeName="executor://gdunit4.testadapter/" className="OmegaSpiral.Tests.Unit.Common.Omega.IOmegaShaderControllerTests" name="Interface_HasApplyVisualPresetAsyncMethod" />
    </UnitTest>
    <UnitTest name="CreateStyledButton_AppliesOmegaThemeColors" storage="/home/adam/dev/omega-spiral/chapter-zero/.godot/mono/temp/bin/debug/chapter-zero.dll" id="8e9b132b-1143-41bd-b75a-67b1aefdfea2">
      <Execution id="ddaadffa-9545-482d-8612-327028286d88" />
      <TestMethod codeBase="/home/adam/Dev/omega-spiral/chapter-zero/.godot/mono/temp/bin/Debug/chapter-zero.dll" adapterTypeName="executor://gdunit4.testadapter/" className="OmegaSpiral.Tests.Integration.Ui.Omega.OmegaComponentFactory_UnitTests" name="CreateStyledButton_AppliesOmegaThemeColors" />
    </UnitTest>
    <UnitTest name="MenuTitle_DisplaysOmegaSpiral" storage="/home/adam/dev/omega-spiral/chapter-zero/.godot/mono/temp/bin/debug/chapter-zero.dll" id="ee82ad4a-b6c1-413b-8086-0ebfa4948477">
      <Execution id="0f3c4865-99fb-418a-92fa-7c74225fe20d" />
      <TestMethod codeBase="/home/adam/Dev/omega-spiral/chapter-zero/.godot/mono/temp/bin/Debug/chapter-zero.dll" adapterTypeName="executor://gdunit4.testadapter/" className="OmegaSpiral.Tests.Integration.Ui.Menus.MainMenuTests" name="MenuTitle_DisplaysOmegaSpiral" />
    </UnitTest>
    <UnitTest name="AppendTextAsync_CustomTypingSpeed_AppendsTextCorrectly" storage="/home/adam/dev/omega-spiral/chapter-zero/.godot/mono/temp/bin/debug/chapter-zero.dll" id="92e1fb9d-d3bc-4b4c-85ed-0de97b762a42">
      <Execution id="3bbcfc89-3c43-4191-b9ca-19ad947cd0bd" />
      <TestMethod codeBase="/home/adam/Dev/omega-spiral/chapter-zero/.godot/mono/temp/bin/Debug/chapter-zero.dll" adapterTypeName="executor://gdunit4.testadapter/" className="OmegaSpiral.Tests.Integration.Ui.Omega.OmegaTextRendererTests" name="AppendTextAsync_CustomTypingSpeed_AppendsTextCorrectly" />
    </UnitTest>
    <UnitTest name="StageButtons_HaveCorrectTextFromManifest" storage="/home/adam/dev/omega-spiral/chapter-zero/.godot/mono/temp/bin/debug/chapter-zero.dll" id="29a8cad6-47b2-4a11-b518-72ed1366ee04">
      <Execution id="39ed9185-386d-418f-85ae-bb94e1ead6b4" />
      <TestMethod codeBase="/home/adam/Dev/omega-spiral/chapter-zero/.godot/mono/temp/bin/Debug/chapter-zero.dll" adapterTypeName="executor://gdunit4.testadapter/" className="OmegaSpiral.Tests.Integration.Ui.Menus.MainMenuTests" name="StageButtons_HaveCorrectTextFromManifest" />
    </UnitTest>
    <UnitTest name="OmegaChoicePresenter_ImplementsInterface" storage="/home/adam/dev/omega-spiral/chapter-zero/.godot/mono/temp/bin/debug/chapter-zero.dll" id="71085cfa-f912-4cd8-a260-efc3d44fa3c5">
      <Execution id="a07ca22f-b200-4f1a-8661-21acbfb7539a" />
      <TestMethod codeBase="/home/adam/Dev/omega-spiral/chapter-zero/.godot/mono/temp/bin/Debug/chapter-zero.dll" adapterTypeName="executor://gdunit4.testadapter/" className="OmegaSpiral.Tests.Unit.Common.Omega.IOmegaChoicePresenterTests" name="OmegaChoicePresenter_ImplementsInterface" />
    </UnitTest>
    <UnitTest name="ContentContainer_Exists" storage="/home/adam/dev/omega-spiral/chapter-zero/.godot/mono/temp/bin/debug/chapter-zero.dll" id="783eb0b3-1bdc-4ace-b07d-36a3100e9aa6">
      <Execution id="d2445d4b-1bf0-4562-8e98-5816d756df20" />
      <TestMethod codeBase="/home/adam/Dev/omega-spiral/chapter-zero/.godot/mono/temp/bin/Debug/chapter-zero.dll" adapterTypeName="executor://gdunit4.testadapter/" className="OmegaSpiral.Tests.Integration.Ui.BaseMenuUiTests" name="ContentContainer_Exists" />
    </UnitTest>
    <UnitTest name="MenuButtonContainer_IsCenterAligned" storage="/home/adam/dev/omega-spiral/chapter-zero/.godot/mono/temp/bin/debug/chapter-zero.dll" id="94a8cfbe-0be1-4de5-a98f-8cc26ce7f61b">
      <Execution id="4288e8e2-50de-4eb0-af57-a699c45f0fc1" />
      <TestMethod codeBase="/home/adam/Dev/omega-spiral/chapter-zero/.godot/mono/temp/bin/Debug/chapter-zero.dll" adapterTypeName="executor://gdunit4.testadapter/" className="OmegaSpiral.Tests.Integration.Ui.Menus.MainMenuTests" name="MenuButtonContainer_IsCenterAligned" />
    </UnitTest>
    <UnitTest name="UpdatedreamweaverscoreHandlesnegativechanges" storage="/home/adam/dev/omega-spiral/chapter-zero/.godot/mono/temp/bin/debug/chapter-zero.dll" id="ce0fcb82-5a89-43ba-9d0b-f510a4ee2edf">
      <Execution id="e3d43c4c-9194-4e44-b4c8-ebd3762dff13" />
      <TestMethod codeBase="/home/adam/Dev/omega-spiral/chapter-zero/.godot/mono/temp/bin/Debug/chapter-zero.dll" adapterTypeName="executor://gdunit4.testadapter/" className="OmegaSpiral.Tests.Unit.Common.GameStateTests" name="UpdatedreamweaverscoreHandlesnegativechanges" />
    </UnitTest>
    <UnitTest name="PresentChoicesAsync_NullChoices_ThrowsArgumentNullException" storage="/home/adam/dev/omega-spiral/chapter-zero/.godot/mono/temp/bin/debug/chapter-zero.dll" id="ddb07c6c-51e0-491e-8c61-3cf4efad5582">
      <Execution id="8d1fb965-237a-4f35-810a-baefd75ebccf" />
      <TestMethod codeBase="/home/adam/Dev/omega-spiral/chapter-zero/.godot/mono/temp/bin/Debug/chapter-zero.dll" adapterTypeName="executor://gdunit4.testadapter/" className="OmegaSpiral.Tests.Unit.Common.Omega.OmegaChoicePresenterTests" name="PresentChoicesAsync_NullChoices_ThrowsArgumentNullException" />
    </UnitTest>
    <UnitTest name="ColorTolerance_IsAppropriate" storage="/home/adam/dev/omega-spiral/chapter-zero/.godot/mono/temp/bin/debug/chapter-zero.dll" id="0b952582-2742-49c0-a56b-c06b9a7bd947">
      <Execution id="b6ba38bb-b8f5-484c-9b28-55afb0e16c45" />
      <TestMethod codeBase="/home/adam/Dev/omega-spiral/chapter-zero/.godot/mono/temp/bin/Debug/chapter-zero.dll" adapterTypeName="executor://gdunit4.testadapter/" className="OmegaSpiral.Tests.Unit.Common.Omega.OmegaSpiralColorsTests" name="ColorTolerance_IsAppropriate" />
    </UnitTest>
    <UnitTest name="CreateStyledButton_MultipleCalls_ProducesConsistentStyling" storage="/home/adam/dev/omega-spiral/chapter-zero/.godot/mono/temp/bin/debug/chapter-zero.dll" id="093d53c1-38bc-407c-8289-914cdc30fb96">
      <Execution id="13f923ad-0822-46ef-8a92-b418a44fd9e4" />
      <TestMethod codeBase="/home/adam/Dev/omega-spiral/chapter-zero/.godot/mono/temp/bin/Debug/chapter-zero.dll" adapterTypeName="executor://gdunit4.testadapter/" className="OmegaSpiral.Tests.Integration.Ui.Omega.OmegaComponentFactory_UnitTests" name="CreateStyledButton_MultipleCalls_ProducesConsistentStyling" />
    </UnitTest>
    <UnitTest name="QuitButton_Exists" storage="/home/adam/dev/omega-spiral/chapter-zero/.godot/mono/temp/bin/debug/chapter-zero.dll" id="9dd4531e-464b-4a63-8dd2-0aac9127634b">
      <Execution id="c3204b11-1f6b-4a20-bcec-1b7829d4d69c" />
      <TestMethod codeBase="/home/adam/Dev/omega-spiral/chapter-zero/.godot/mono/temp/bin/Debug/chapter-zero.dll" adapterTypeName="executor://gdunit4.testadapter/" className="OmegaSpiral.Tests.Integration.Ui.Menus.MainMenuTests" name="QuitButton_Exists" />
    </UnitTest>
    <UnitTest name="TextDisplay_AndChoiceInput_DontInterfere" storage="/home/adam/dev/omega-spiral/chapter-zero/.godot/mono/temp/bin/debug/chapter-zero.dll" id="eedaead1-cbd3-491b-9463-6abaab6a38ff">
      <Execution id="6931091c-bbb7-42b6-b7c5-7c1adf06bfe8" />
      <TestMethod codeBase="/home/adam/Dev/omega-spiral/chapter-zero/.godot/mono/temp/bin/Debug/chapter-zero.dll" adapterTypeName="executor://gdunit4.testadapter/" className="OmegaSpiral.Tests.Integration.Common.OmegaIntegrationTests" name="TextDisplay_AndChoiceInput_DontInterfere" />
    </UnitTest>
    <UnitTest name="CreditsMenu_HasScrollContainer" storage="/home/adam/dev/omega-spiral/chapter-zero/.godot/mono/temp/bin/debug/chapter-zero.dll" id="2d49967d-d77a-4d45-ad48-8bbe79f0f297">
      <Execution id="1c2f5347-c89b-486e-a50a-877e12b20fa9" />
      <TestMethod codeBase="/home/adam/Dev/omega-spiral/chapter-zero/.godot/mono/temp/bin/Debug/chapter-zero.dll" adapterTypeName="executor://gdunit4.testadapter/" className="OmegaSpiral.Tests.Integration.Ui.CreditsMenuTests" name="CreditsMenu_HasScrollContainer" />
    </UnitTest>
    <UnitTest name="CreditsMenu_CanShowAndHide" storage="/home/adam/dev/omega-spiral/chapter-zero/.godot/mono/temp/bin/debug/chapter-zero.dll" id="eee17e2b-fa7f-4636-925f-311369b739e3">
      <Execution id="84b1e170-2eb4-4e93-8117-6ad944021fd1" />
      <TestMethod codeBase="/home/adam/Dev/omega-spiral/chapter-zero/.godot/mono/temp/bin/Debug/chapter-zero.dll" adapterTypeName="executor://gdunit4.testadapter/" className="OmegaSpiral.Tests.Integration.Ui.CreditsMenuTests" name="CreditsMenu_CanShowAndHide" />
    </UnitTest>
    <UnitTest name="DreamweaverInfluenceChangedSignal_EmittedWhenInfluenceChanges_SignalReceived" storage="/home/adam/dev/omega-spiral/chapter-zero/.godot/mono/temp/bin/debug/chapter-zero.dll" id="0c48955e-faa6-4c02-ac1c-5e6a244f56ff">
      <Execution id="d9d0f594-b0c6-4106-937d-b4c05fef0d5f" />
      <TestMethod codeBase="/home/adam/Dev/omega-spiral/chapter-zero/.godot/mono/temp/bin/Debug/chapter-zero.dll" adapterTypeName="executor://gdunit4.testadapter/" className="OmegaSpiral.Tests.Common.GameStateSignalTests" name="DreamweaverInfluenceChangedSignal_EmittedWhenInfluenceChanges_SignalReceived" />
    </UnitTest>
    <UnitTest name="UpdatedreamweaverscoreAddspointscorrectly" storage="/home/adam/dev/omega-spiral/chapter-zero/.godot/mono/temp/bin/debug/chapter-zero.dll" id="8233511b-de6a-41c0-9fa3-e425da9c78fd">
      <Execution id="fde7fb22-b3c1-4a14-bca0-087b93fb7516" />
      <TestMethod codeBase="/home/adam/Dev/omega-spiral/chapter-zero/.godot/mono/temp/bin/Debug/chapter-zero.dll" adapterTypeName="executor://gdunit4.testadapter/" className="OmegaSpiral.Tests.Unit.Common.GameStateTests" name="UpdatedreamweaverscoreAddspointscorrectly" />
    </UnitTest>
    <UnitTest name="SpiralRotationSpeed_IsPiOver4" storage="/home/adam/dev/omega-spiral/chapter-zero/.godot/mono/temp/bin/debug/chapter-zero.dll" id="93011b1a-88c5-46bd-9eee-b9bec6a42c6a">
      <Execution id="96182681-9e80-49df-953f-54e5a83c57cc" />
      <TestMethod codeBase="/home/adam/Dev/omega-spiral/chapter-zero/.godot/mono/temp/bin/Debug/chapter-zero.dll" adapterTypeName="executor://gdunit4.testadapter/" className="OmegaSpiral.Tests.Unit.Common.Omega.OmegaSpiralColorsTests" name="SpiralRotationSpeed_IsPiOver4" />
    </UnitTest>
    <UnitTest name="CreateBorderFrame_ReturnsValidInstance" storage="/home/adam/dev/omega-spiral/chapter-zero/.godot/mono/temp/bin/debug/chapter-zero.dll" id="f574b333-cf19-4188-824b-cb63ff73ae58">
      <Execution id="48198918-65d8-49d9-95ef-2e06f371c0f3" />
      <TestMethod codeBase="/home/adam/Dev/omega-spiral/chapter-zero/.godot/mono/temp/bin/Debug/chapter-zero.dll" adapterTypeName="executor://gdunit4.testadapter/" className="OmegaSpiral.Tests.Integration.Ui.Omega.OmegaComponentFactory_UnitTests" name="CreateBorderFrame_ReturnsValidInstance" />
    </UnitTest>
    <UnitTest name="InventoryUpdatedSignal_EmittedWhenInventoryChanges_SignalReceived" storage="/home/adam/dev/omega-spiral/chapter-zero/.godot/mono/temp/bin/debug/chapter-zero.dll" id="ba9ef989-06a0-416f-9e83-6e663af4c03d">
      <Execution id="b0c11421-70f1-4d6d-9f2a-55433d9a2bbb" />
      <TestMethod codeBase="/home/adam/Dev/omega-spiral/chapter-zero/.godot/mono/temp/bin/Debug/chapter-zero.dll" adapterTypeName="executor://gdunit4.testadapter/" className="OmegaSpiral.Tests.Common.GameStateSignalTests" name="InventoryUpdatedSignal_EmittedWhenInventoryChanges_SignalReceived" />
    </UnitTest>
    <UnitTest name="Components_InitializeWithoutConflicts" storage="/home/adam/dev/omega-spiral/chapter-zero/.godot/mono/temp/bin/debug/chapter-zero.dll" id="86119f86-181c-4ca5-b48b-05f0b5ffefea">
      <Execution id="48c97848-3620-4eb1-ae81-73918cbbf5fd" />
      <TestMethod codeBase="/home/adam/Dev/omega-spiral/chapter-zero/.godot/mono/temp/bin/Debug/chapter-zero.dll" adapterTypeName="executor://gdunit4.testadapter/" className="OmegaSpiral.Tests.Integration.Common.OmegaIntegrationTests" name="Components_InitializeWithoutConflicts" />
    </UnitTest>
    <UnitTest name="CacheRequiredNodes_DefaultImplementation_DoesNotThrow" storage="/home/adam/dev/omega-spiral/chapter-zero/.godot/mono/temp/bin/debug/chapter-zero.dll" id="c2da7cfa-d0d6-40e7-bf6b-3e56bbe11f32">
      <Execution id="aa2850ff-6c55-4cc3-bc07-60469991d60b" />
      <TestMethod codeBase="/home/adam/Dev/omega-spiral/chapter-zero/.godot/mono/temp/bin/Debug/chapter-zero.dll" adapterTypeName="executor://gdunit4.testadapter/" className="OmegaSpiral.Tests.Integration.Ui.Omega.OmegaContainer_UnitTests" name="CacheRequiredNodes_DefaultImplementation_DoesNotThrow" />
    </UnitTest>
    <UnitTest name="Ready_EmitsInitializationCompletedSignal" storage="/home/adam/dev/omega-spiral/chapter-zero/.godot/mono/temp/bin/debug/chapter-zero.dll" id="63c0e716-1fa9-4f32-9d88-2c100556169b">
      <Execution id="3b9635e8-0ec1-432d-9047-ef0610b67d3f" />
      <TestMethod codeBase="/home/adam/Dev/omega-spiral/chapter-zero/.godot/mono/temp/bin/Debug/chapter-zero.dll" adapterTypeName="executor://gdunit4.testadapter/" className="OmegaSpiral.Tests.Integration.Ui.Omega.OmegaContainer_UnitTests" name="Ready_EmitsInitializationCompletedSignal" />
    </UnitTest>
    <UnitTest name="IsAnimating_WhenNotAnimating_ReturnsFalse" storage="/home/adam/dev/omega-spiral/chapter-zero/.godot/mono/temp/bin/debug/chapter-zero.dll" id="3fc69aa8-54b3-4e86-9759-1b9390976de8">
      <Execution id="210344d4-0750-4996-be59-fee78d25b6c8" />
      <TestMethod codeBase="/home/adam/Dev/omega-spiral/chapter-zero/.godot/mono/temp/bin/Debug/chapter-zero.dll" adapterTypeName="executor://gdunit4.testadapter/" className="OmegaSpiral.Tests.Integration.Ui.Omega.OmegaTextRendererTests" name="IsAnimating_WhenNotAnimating_ReturnsFalse" />
    </UnitTest>
    <UnitTest name="OmegaShaderController_ImplementsInterface" storage="/home/adam/dev/omega-spiral/chapter-zero/.godot/mono/temp/bin/debug/chapter-zero.dll" id="df9cecfe-23a6-44ca-b3c4-6883048f4187">
      <Execution id="5241e660-ac47-48fa-9d16-732b1e7db9b0" />
      <TestMethod codeBase="/home/adam/Dev/omega-spiral/chapter-zero/.godot/mono/temp/bin/Debug/chapter-zero.dll" adapterTypeName="executor://gdunit4.testadapter/" className="OmegaSpiral.Tests.Unit.Common.Omega.IOmegaShaderControllerTests" name="OmegaShaderController_ImplementsInterface" />
    </UnitTest>
    <UnitTest name="OmegaTextRenderer_ImplementsInterface" storage="/home/adam/dev/omega-spiral/chapter-zero/.godot/mono/temp/bin/debug/chapter-zero.dll" id="ddd5b017-a945-43ab-99c1-6daabbfb28d0">
      <Execution id="c0264e9a-7582-4094-b6bc-627b8a536ef0" />
      <TestMethod codeBase="/home/adam/Dev/omega-spiral/chapter-zero/.godot/mono/temp/bin/Debug/chapter-zero.dll" adapterTypeName="executor://gdunit4.testadapter/" className="OmegaSpiral.Tests.Unit.Common.Omega.IOmegaTextRendererTests" name="OmegaTextRenderer_ImplementsInterface" />
    </UnitTest>
    <UnitTest name="Background_UsesCorrectDarkColor" storage="/home/adam/dev/omega-spiral/chapter-zero/.godot/mono/temp/bin/debug/chapter-zero.dll" id="79e55fb6-a5b9-4d63-9ed2-77a3af26d4ab">
      <Execution id="55be6563-0ddf-46a4-afe3-89991b39fb7c" />
      <TestMethod codeBase="/home/adam/Dev/omega-spiral/chapter-zero/.godot/mono/temp/bin/Debug/chapter-zero.dll" adapterTypeName="executor://gdunit4.testadapter/" className="OmegaSpiral.Tests.Integration.Ui.Menus.MainMenuTests" name="Background_UsesCorrectDarkColor" />
    </UnitTest>
    <UnitTest name="GetFocusedButton_ReturnsNullWhenNoFocus" storage="/home/adam/dev/omega-spiral/chapter-zero/.godot/mono/temp/bin/debug/chapter-zero.dll" id="0c8c3a09-2d1d-4c39-8818-b87f77078ba7">
      <Execution id="5b52c70c-7e59-4694-bed5-1f36f3c310fc" />
      <TestMethod codeBase="/home/adam/Dev/omega-spiral/chapter-zero/.godot/mono/temp/bin/Debug/chapter-zero.dll" adapterTypeName="executor://gdunit4.testadapter/" className="BaseMenuUiUnitTests" name="GetFocusedButton_ReturnsNullWhenNoFocus" />
    </UnitTest>
    <UnitTest name="LaunchButton_HasPressedSignalHandler" storage="/home/adam/dev/omega-spiral/chapter-zero/.godot/mono/temp/bin/debug/chapter-zero.dll" id="1cd28e21-ad37-4fd3-9308-0267ca9ba1ab">
      <Execution id="f7c1ac40-012f-47df-a068-f276225c9178" />
      <TestMethod codeBase="/home/adam/Dev/omega-spiral/chapter-zero/.godot/mono/temp/bin/Debug/chapter-zero.dll" adapterTypeName="executor://gdunit4.testadapter/" className="OmegaSpiral.Tests.Integration.Ui.Menus.MainMenuTests" name="LaunchButton_HasPressedSignalHandler" />
    </UnitTest>
    <UnitTest name="PresentChoicesAsync_WithChoiceOptions_ReturnsSelectedIndex" storage="/home/adam/dev/omega-spiral/chapter-zero/.godot/mono/temp/bin/debug/chapter-zero.dll" id="80ab21ff-f93e-4027-8d8c-c3db990673ba">
      <Execution id="51297b9f-c7e1-4db2-92c8-f91d52f85d0f" />
      <TestMethod codeBase="/home/adam/Dev/omega-spiral/chapter-zero/.godot/mono/temp/bin/Debug/chapter-zero.dll" adapterTypeName="executor://gdunit4.testadapter/" className="OmegaSpiral.Tests.Unit.Common.Omega.OmegaChoicePresenterTests" name="PresentChoicesAsync_WithChoiceOptions_ReturnsSelectedIndex" />
    </UnitTest>
    <UnitTest name="DeepSpace_MatchesDesignSpec" storage="/home/adam/dev/omega-spiral/chapter-zero/.godot/mono/temp/bin/debug/chapter-zero.dll" id="d9be5457-45f4-4b4a-821d-f0b88ea27b61">
      <Execution id="4c477cf5-6106-4649-94f3-288876769040" />
      <TestMethod codeBase="/home/adam/Dev/omega-spiral/chapter-zero/.godot/mono/temp/bin/Debug/chapter-zero.dll" adapterTypeName="executor://gdunit4.testadapter/" className="OmegaSpiral.Tests.Unit.Common.Omega.OmegaSpiralColorsTests" name="DeepSpace_MatchesDesignSpec" />
    </UnitTest>
    <UnitTest name="AnimationDefaults_AreSet" storage="/home/adam/dev/omega-spiral/chapter-zero/.godot/mono/temp/bin/debug/chapter-zero.dll" id="55365c3b-dbc1-4198-877c-e432f8f8f366">
      <Execution id="c033d4d5-8f46-4906-9271-8da551391378" />
      <TestMethod codeBase="/home/adam/Dev/omega-spiral/chapter-zero/.godot/mono/temp/bin/Debug/chapter-zero.dll" adapterTypeName="executor://gdunit4.testadapter/" className="OmegaSpiral.Tests.Integration.Ui.Omega.OmegaBorderFrame_UnitTests" name="AnimationDefaults_AreSet" />
    </UnitTest>
    <UnitTest name="PresentChoicesAsync_EmptyChoices_ThrowsArgumentException" storage="/home/adam/dev/omega-spiral/chapter-zero/.godot/mono/temp/bin/debug/chapter-zero.dll" id="400a5bd2-b477-4962-968f-384a236d8013">
      <Execution id="c1202499-1d41-413f-ad73-44d76218cf90" />
      <TestMethod codeBase="/home/adam/Dev/omega-spiral/chapter-zero/.godot/mono/temp/bin/Debug/chapter-zero.dll" adapterTypeName="executor://gdunit4.testadapter/" className="OmegaSpiral.Tests.Unit.Common.Omega.OmegaChoicePresenterTests" name="PresentChoicesAsync_EmptyChoices_ThrowsArgumentException" />
    </UnitTest>
    <UnitTest name="ResetToDesignSystemColor_HandlesNull" storage="/home/adam/dev/omega-spiral/chapter-zero/.godot/mono/temp/bin/debug/chapter-zero.dll" id="70e6e487-43fb-467d-b53b-649dcf6a0f4c">
      <Execution id="a285c613-627d-4364-9a36-90f097c90ebd" />
      <TestMethod codeBase="/home/adam/Dev/omega-spiral/chapter-zero/.godot/mono/temp/bin/Debug/chapter-zero.dll" adapterTypeName="executor://gdunit4.testadapter/" className="OmegaSpiral.Tests.Integration.Ui.Omega.OmegaBackground_UnitTests" name="ResetToDesignSystemColor_HandlesNull" />
    </UnitTest>
    <UnitTest name="Constructor_WithNullTextDisplay_ThrowsArgumentNullException" storage="/home/adam/dev/omega-spiral/chapter-zero/.godot/mono/temp/bin/debug/chapter-zero.dll" id="3cc5ed63-53a8-4d6d-8a16-b38f4de55650">
      <Execution id="8f099af3-f76a-473c-a8be-fc6df6343b36" />
      <TestMethod codeBase="/home/adam/Dev/omega-spiral/chapter-zero/.godot/mono/temp/bin/Debug/chapter-zero.dll" adapterTypeName="executor://gdunit4.testadapter/" className="OmegaSpiral.Tests.Integration.Ui.Omega.OmegaTextRendererTests" name="Constructor_WithNullTextDisplay_ThrowsArgumentNullException" />
    </UnitTest>
    <UnitTest name="ClearText_AfterAppendingText_RemovesAllContent" storage="/home/adam/dev/omega-spiral/chapter-zero/.godot/mono/temp/bin/debug/chapter-zero.dll" id="26cf2d29-830f-4e58-8b6b-fda6b6a4bce1">
      <Execution id="38233591-79de-4d10-8e65-5bdb21dfcd99" />
      <TestMethod codeBase="/home/adam/Dev/omega-spiral/chapter-zero/.godot/mono/temp/bin/Debug/chapter-zero.dll" adapterTypeName="executor://gdunit4.testadapter/" className="OmegaSpiral.Tests.Integration.Ui.Omega.OmegaTextRendererTests" name="ClearText_AfterAppendingText_RemovesAllContent" />
    </UnitTest>
    <UnitTest name="TransitionToScenePerformsSceneTransition" storage="/home/adam/dev/omega-spiral/chapter-zero/.godot/mono/temp/bin/debug/chapter-zero.dll" id="232f6251-daac-49ea-bada-d571fa017363">
      <Execution id="d57fe29f-d8ab-4af0-a6cf-24348094facb" />
      <TestMethod codeBase="/home/adam/Dev/omega-spiral/chapter-zero/.godot/mono/temp/bin/Debug/chapter-zero.dll" adapterTypeName="executor://gdunit4.testadapter/" className="OmegaSpiral.Tests.Unit.Common.SceneManagerTests" name="TransitionToScenePerformsSceneTransition" />
    </UnitTest>
    <UnitTest name="CreateTextRenderer_AppliesOmegaThemeColor" storage="/home/adam/dev/omega-spiral/chapter-zero/.godot/mono/temp/bin/debug/chapter-zero.dll" id="64fcc81c-0657-4219-b99e-b74bdccb1e10">
      <Execution id="f7635223-d7a0-4d9e-9161-07453a80d8cd" />
      <TestMethod codeBase="/home/adam/Dev/omega-spiral/chapter-zero/.godot/mono/temp/bin/Debug/chapter-zero.dll" adapterTypeName="executor://gdunit4.testadapter/" className="OmegaSpiral.Tests.Integration.Ui.Omega.OmegaComponentFactory_UnitTests" name="CreateTextRenderer_AppliesOmegaThemeColor" />
    </UnitTest>
    <UnitTest name="BaseMenuUi_HasMenuModeEnum" storage="/home/adam/dev/omega-spiral/chapter-zero/.godot/mono/temp/bin/debug/chapter-zero.dll" id="32458f3d-b0d5-4b9e-9da5-7b065078bb6c">
      <Execution id="10953a30-576f-4d06-a7b0-ce6d6b2910eb" />
      <TestMethod codeBase="/home/adam/Dev/omega-spiral/chapter-zero/.godot/mono/temp/bin/Debug/chapter-zero.dll" adapterTypeName="executor://gdunit4.testadapter/" className="OmegaSpiral.Tests.Integration.Ui.BaseMenuUiTests" name="BaseMenuUi_HasMenuModeEnum" />
    </UnitTest>
    <UnitTest name="ConfigureBackground_AppliesDesignSystemColor" storage="/home/adam/dev/omega-spiral/chapter-zero/.godot/mono/temp/bin/debug/chapter-zero.dll" id="aa9bfa5b-968f-463d-ab37-017253c7e50d">
      <Execution id="79bc1558-d05a-4fca-bf2c-c6274757741c" />
      <TestMethod codeBase="/home/adam/Dev/omega-spiral/chapter-zero/.godot/mono/temp/bin/Debug/chapter-zero.dll" adapterTypeName="executor://gdunit4.testadapter/" className="OmegaSpiral.Tests.Integration.Ui.Omega.OmegaBackground_UnitTests" name="ConfigureBackground_AppliesDesignSystemColor" />
    </UnitTest>
    <UnitTest name="CreateShaderController_WithValidDisplay_ReturnsValidInstance" storage="/home/adam/dev/omega-spiral/chapter-zero/.godot/mono/temp/bin/debug/chapter-zero.dll" id="a81df727-9a94-483f-b3b1-06ea606bfd11">
      <Execution id="784de1aa-5752-41a1-9ccb-288df9a1fb57" />
      <TestMethod codeBase="/home/adam/Dev/omega-spiral/chapter-zero/.godot/mono/temp/bin/Debug/chapter-zero.dll" adapterTypeName="executor://gdunit4.testadapter/" className="OmegaSpiral.Tests.Integration.Ui.Omega.OmegaComponentFactory_UnitTests" name="CreateShaderController_WithValidDisplay_ReturnsValidInstance" />
    </UnitTest>
    <UnitTest name="CreditsMenu_HasTitle" storage="/home/adam/dev/omega-spiral/chapter-zero/.godot/mono/temp/bin/debug/chapter-zero.dll" id="c469e990-d611-4543-8a06-74155823e5f1">
      <Execution id="3d78d996-2dfe-474e-afd3-94a87239b4dc" />
      <TestMethod codeBase="/home/adam/Dev/omega-spiral/chapter-zero/.godot/mono/temp/bin/Debug/chapter-zero.dll" adapterTypeName="executor://gdunit4.testadapter/" className="OmegaSpiral.Tests.Integration.Ui.CreditsMenuTests" name="CreditsMenu_HasTitle" />
    </UnitTest>
    <UnitTest name="OptionsButton_HasPressedSignalHandler" storage="/home/adam/dev/omega-spiral/chapter-zero/.godot/mono/temp/bin/debug/chapter-zero.dll" id="8c941ede-19a1-40e4-bce3-087596414ea5">
      <Execution id="36324eb6-d904-4ece-8394-1355f5299e60" />
      <TestMethod codeBase="/home/adam/Dev/omega-spiral/chapter-zero/.godot/mono/temp/bin/Debug/chapter-zero.dll" adapterTypeName="executor://gdunit4.testadapter/" className="OmegaSpiral.Tests.Integration.Ui.Menus.MainMenuTests" name="OptionsButton_HasPressedSignalHandler" />
    </UnitTest>
    <UnitTest name="ScrollToBottom_AfterAddingText_ScrollsCorrectly" storage="/home/adam/dev/omega-spiral/chapter-zero/.godot/mono/temp/bin/debug/chapter-zero.dll" id="9ec322e6-bf68-4540-93fa-77df77e5de22">
      <Execution id="2f03e5f5-ae23-40b4-be6c-cd22a1d7a653" />
      <TestMethod codeBase="/home/adam/Dev/omega-spiral/chapter-zero/.godot/mono/temp/bin/Debug/chapter-zero.dll" adapterTypeName="executor://gdunit4.testadapter/" className="OmegaSpiral.Tests.Integration.Ui.Omega.OmegaTextRendererTests" name="ScrollToBottom_AfterAddingText_ScrollsCorrectly" />
    </UnitTest>
    <UnitTest name="InheritsFromBaseMenuUi" storage="/home/adam/dev/omega-spiral/chapter-zero/.godot/mono/temp/bin/debug/chapter-zero.dll" id="acc45000-5acf-4a7f-8054-031f8ac7a110">
      <Execution id="3720a298-aee5-4e80-b985-57e0411cfdf9" />
      <TestMethod codeBase="/home/adam/Dev/omega-spiral/chapter-zero/.godot/mono/temp/bin/Debug/chapter-zero.dll" adapterTypeName="executor://gdunit4.testadapter/" className="OmegaSpiral.Tests.Integration.Ui.Menus.MainMenuTests" name="InheritsFromBaseMenuUi" />
    </UnitTest>
    <UnitTest name="ComponentLifecycle_ManagedProperly" storage="/home/adam/dev/omega-spiral/chapter-zero/.godot/mono/temp/bin/debug/chapter-zero.dll" id="05200f16-c355-4810-abfa-90fad15d9b0b">
      <Execution id="c4bcd8f4-e740-46db-97a0-2b59c77ff78a" />
      <TestMethod codeBase="/home/adam/Dev/omega-spiral/chapter-zero/.godot/mono/temp/bin/Debug/chapter-zero.dll" adapterTypeName="executor://gdunit4.testadapter/" className="OmegaSpiral.Tests.Integration.Common.OmegaIntegrationTests" name="ComponentLifecycle_ManagedProperly" />
    </UnitTest>
    <UnitTest name="GetPreset_ReturnsNullForUnknownPreset" storage="/home/adam/dev/omega-spiral/chapter-zero/.godot/mono/temp/bin/debug/chapter-zero.dll" id="1b603e60-082f-481e-b05a-8d3afc1443b8">
      <Execution id="fed3e796-98b7-4353-a3d8-638e1039a14c" />
      <TestMethod codeBase="/home/adam/Dev/omega-spiral/chapter-zero/.godot/mono/temp/bin/Debug/chapter-zero.dll" adapterTypeName="executor://gdunit4.testadapter/" className="OmegaSpiral.Tests.Unit.Common.Omega.OmegaShaderPresetsTests" name="GetPreset_ReturnsNullForUnknownPreset" />
    </UnitTest>
    <UnitTest name="GetPreset_ReturnsTerminalPresetWithNoShader" storage="/home/adam/dev/omega-spiral/chapter-zero/.godot/mono/temp/bin/debug/chapter-zero.dll" id="879b5277-3f77-4811-b869-579f4128af8f">
      <Execution id="8af33de6-564e-4aba-a6fe-cfb9579942f3" />
      <TestMethod codeBase="/home/adam/Dev/omega-spiral/chapter-zero/.godot/mono/temp/bin/Debug/chapter-zero.dll" adapterTypeName="executor://gdunit4.testadapter/" className="OmegaSpiral.Tests.Unit.Common.Omega.OmegaShaderPresetsTests" name="GetPreset_ReturnsTerminalPresetWithNoShader" />
    </UnitTest>
    <UnitTest name="ShaderAndText_InteractWithoutInterference" storage="/home/adam/dev/omega-spiral/chapter-zero/.godot/mono/temp/bin/debug/chapter-zero.dll" id="7d94e95e-c1d7-4e44-9497-f904dab5d5bd">
      <Execution id="361aabe4-389a-4669-8123-ba935b3302d0" />
      <TestMethod codeBase="/home/adam/Dev/omega-spiral/chapter-zero/.godot/mono/temp/bin/Debug/chapter-zero.dll" adapterTypeName="executor://gdunit4.testadapter/" className="OmegaSpiral.Tests.Integration.Common.OmegaIntegrationTests" name="ShaderAndText_InteractWithoutInterference" />
    </UnitTest>
    <UnitTest name="GetBackgroundColor_ReturnsCurrent" storage="/home/adam/dev/omega-spiral/chapter-zero/.godot/mono/temp/bin/debug/chapter-zero.dll" id="c7877897-4aac-4f52-bdd5-59d62b1faf19">
      <Execution id="a52e9811-2be9-416f-a6e7-34347ae60448" />
      <TestMethod codeBase="/home/adam/Dev/omega-spiral/chapter-zero/.godot/mono/temp/bin/Debug/chapter-zero.dll" adapterTypeName="executor://gdunit4.testadapter/" className="OmegaSpiral.Tests.Integration.Ui.Omega.OmegaBackground_UnitTests" name="GetBackgroundColor_ReturnsCurrent" />
    </UnitTest>
    <UnitTest name="CreateComponents_DefaultImplementation_DoesNotThrow" storage="/home/adam/dev/omega-spiral/chapter-zero/.godot/mono/temp/bin/debug/chapter-zero.dll" id="57c178fe-52cf-4c58-97d8-5d23769ea02c">
      <Execution id="507b0a20-d153-4747-92b6-5c8a8fdb23d1" />
      <TestMethod codeBase="/home/adam/Dev/omega-spiral/chapter-zero/.godot/mono/temp/bin/Debug/chapter-zero.dll" adapterTypeName="executor://gdunit4.testadapter/" className="OmegaSpiral.Tests.Integration.Ui.Omega.OmegaContainer_UnitTests" name="CreateComponents_DefaultImplementation_DoesNotThrow" />
    </UnitTest>
    <UnitTest name="CreateStyledButton_WithValidText_ReturnsValidButton" storage="/home/adam/dev/omega-spiral/chapter-zero/.godot/mono/temp/bin/debug/chapter-zero.dll" id="8058ebc4-aa20-411a-8f15-1ff41146a073">
      <Execution id="5adfae66-9740-4c82-bced-926b7d6b44bf" />
      <TestMethod codeBase="/home/adam/Dev/omega-spiral/chapter-zero/.godot/mono/temp/bin/Debug/chapter-zero.dll" adapterTypeName="executor://gdunit4.testadapter/" className="OmegaSpiral.Tests.Integration.Ui.Omega.OmegaComponentFactory_UnitTests" name="CreateStyledButton_WithValidText_ReturnsValidButton" />
    </UnitTest>
    <UnitTest name="ButtonContainer_Exists" storage="/home/adam/dev/omega-spiral/chapter-zero/.godot/mono/temp/bin/debug/chapter-zero.dll" id="309bc29b-5378-40ca-b1d0-7a8cf5831ab1">
      <Execution id="8149ee0e-ae1e-463c-acae-9456bd01cb8e" />
      <TestMethod codeBase="/home/adam/Dev/omega-spiral/chapter-zero/.godot/mono/temp/bin/Debug/chapter-zero.dll" adapterTypeName="executor://gdunit4.testadapter/" className="OmegaSpiral.Tests.Integration.Ui.BaseMenuUiTests" name="ButtonContainer_Exists" />
    </UnitTest>
    <UnitTest name="BaseMenuUi_ExtendsOmegaThemedContainer" storage="/home/adam/dev/omega-spiral/chapter-zero/.godot/mono/temp/bin/debug/chapter-zero.dll" id="c555c6d2-6994-45e0-b930-7302e503ad45">
      <Execution id="944f7471-9b14-459f-8450-1e56f43265cb" />
      <TestMethod codeBase="/home/adam/Dev/omega-spiral/chapter-zero/.godot/mono/temp/bin/Debug/chapter-zero.dll" adapterTypeName="executor://gdunit4.testadapter/" className="OmegaSpiral.Tests.Integration.Ui.BaseMenuUiTests" name="BaseMenuUi_ExtendsOmegaThemedContainer" />
    </UnitTest>
    <UnitTest name="AppendTextAsync_DefaultParameters_AppendsTextCorrectly" storage="/home/adam/dev/omega-spiral/chapter-zero/.godot/mono/temp/bin/debug/chapter-zero.dll" id="515ed10d-2a00-4f3e-ad33-09396ca84cc1">
      <Execution id="ba451c5a-d876-4dc5-8082-c030f07b7234" />
      <TestMethod codeBase="/home/adam/Dev/omega-spiral/chapter-zero/.godot/mono/temp/bin/Debug/chapter-zero.dll" adapterTypeName="executor://gdunit4.testadapter/" className="OmegaSpiral.Tests.Integration.Ui.Omega.OmegaTextRendererTests" name="AppendTextAsync_DefaultParameters_AppendsTextCorrectly" />
    </UnitTest>
    <UnitTest name="CreateTextRenderer_WithNullLabel_ThrowsException" storage="/home/adam/dev/omega-spiral/chapter-zero/.godot/mono/temp/bin/debug/chapter-zero.dll" id="f6072542-a4c7-4af7-abde-932fd18dc7fa">
      <Execution id="224afcfc-88a0-45fa-b7e9-4c0f109eaaec" />
      <TestMethod codeBase="/home/adam/Dev/omega-spiral/chapter-zero/.godot/mono/temp/bin/Debug/chapter-zero.dll" adapterTypeName="executor://gdunit4.testadapter/" className="OmegaSpiral.Tests.Integration.Ui.Omega.OmegaComponentFactory_UnitTests" name="CreateTextRenderer_WithNullLabel_ThrowsException" />
    </UnitTest>
    <UnitTest name="GethighestscoringdreamweaverReturnscorrectdreamweaver" storage="/home/adam/dev/omega-spiral/chapter-zero/.godot/mono/temp/bin/debug/chapter-zero.dll" id="9ca7b2d0-cdf9-4156-a45c-47f6372be337">
      <Execution id="a0ddfe1c-3d7c-43e8-807c-b5557434263b" />
      <TestMethod codeBase="/home/adam/Dev/omega-spiral/chapter-zero/.godot/mono/temp/bin/Debug/chapter-zero.dll" adapterTypeName="executor://gdunit4.testadapter/" className="OmegaSpiral.Tests.Unit.Common.GameStateTests" name="GethighestscoringdreamweaverReturnscorrectdreamweaver" />
    </UnitTest>
    <UnitTest name="OmegaContainer_ExtendsControl" storage="/home/adam/dev/omega-spiral/chapter-zero/.godot/mono/temp/bin/debug/chapter-zero.dll" id="94708ccf-86f9-4d8d-aa92-d079f9ce725d">
      <Execution id="28111161-70ab-4411-b000-8cec533dfa64" />
      <TestMethod codeBase="/home/adam/Dev/omega-spiral/chapter-zero/.godot/mono/temp/bin/Debug/chapter-zero.dll" adapterTypeName="executor://gdunit4.testadapter/" className="OmegaSpiral.Tests.Integration.Ui.Omega.OmegaContainer_UnitTests" name="OmegaContainer_ExtendsControl" />
    </UnitTest>
    <UnitTest name="AllStageButtons_HavePressedSignalHandlers" storage="/home/adam/dev/omega-spiral/chapter-zero/.godot/mono/temp/bin/debug/chapter-zero.dll" id="46179593-27b7-4828-8db4-8997ea5ad2d8">
      <Execution id="b5931a86-db67-4e5e-a274-e73b7ccf991d" />
      <TestMethod codeBase="/home/adam/Dev/omega-spiral/chapter-zero/.godot/mono/temp/bin/Debug/chapter-zero.dll" adapterTypeName="executor://gdunit4.testadapter/" className="OmegaSpiral.Tests.Integration.Ui.Menus.MainMenuTests" name="AllStageButtons_HavePressedSignalHandlers" />
    </UnitTest>
    <UnitTest name="PhosphorLayer_IsVisibleWithCorrectOpacity" storage="/home/adam/dev/omega-spiral/chapter-zero/.godot/mono/temp/bin/debug/chapter-zero.dll" id="7333aad3-1f02-48a9-b8ed-ab6be4015bf3">
      <Execution id="6c74d99c-a840-4660-b24a-c684ee94fd97" />
      <TestMethod codeBase="/home/adam/Dev/omega-spiral/chapter-zero/.godot/mono/temp/bin/Debug/chapter-zero.dll" adapterTypeName="executor://gdunit4.testadapter/" className="OmegaSpiral.Tests.Integration.Ui.Menus.MainMenuTests" name="PhosphorLayer_IsVisibleWithCorrectOpacity" />
    </UnitTest>
    <UnitTest name="OnUiHover_EmitsCueStarted" storage="/home/adam/dev/omega-spiral/chapter-zero/.godot/mono/temp/bin/debug/chapter-zero.dll" id="1c176c2f-2cae-4bf5-b3b7-2cc6436e89f6">
      <Execution id="36eb6188-3168-4bc0-bc92-29e574b82d2c" />
      <TestMethod codeBase="/home/adam/Dev/omega-spiral/chapter-zero/.godot/mono/temp/bin/Debug/chapter-zero.dll" adapterTypeName="executor://gdunit4.testadapter/" className="AudioManagerTests" name="OnUiHover_EmitsCueStarted" />
    </UnitTest>
    <UnitTest name="ConfigureBackground_ThrowsOnNull" storage="/home/adam/dev/omega-spiral/chapter-zero/.godot/mono/temp/bin/debug/chapter-zero.dll" id="244ab1df-db65-4d2b-b278-68d19fff0283">
      <Execution id="871ae180-b8b7-4aa9-b091-38923867cb8f" />
      <TestMethod codeBase="/home/adam/Dev/omega-spiral/chapter-zero/.godot/mono/temp/bin/Debug/chapter-zero.dll" adapterTypeName="executor://gdunit4.testadapter/" className="OmegaSpiral.Tests.Integration.Ui.Omega.OmegaBackground_UnitTests" name="ConfigureBackground_ThrowsOnNull" />
    </UnitTest>
    <UnitTest name="GetPreset_ReturnsPhosphorPreset" storage="/home/adam/dev/omega-spiral/chapter-zero/.godot/mono/temp/bin/debug/chapter-zero.dll" id="6217350c-308e-430f-80b2-c7277034ee61">
      <Execution id="483c9443-b7fd-49d5-89ff-b6cdd1f8e829" />
      <TestMethod codeBase="/home/adam/Dev/omega-spiral/chapter-zero/.godot/mono/temp/bin/Debug/chapter-zero.dll" adapterTypeName="executor://gdunit4.testadapter/" className="OmegaSpiral.Tests.Unit.Common.Omega.OmegaShaderPresetsTests" name="GetPreset_ReturnsPhosphorPreset" />
    </UnitTest>
    <UnitTest name="UpdateCurrentSceneUpdatesIndexCorrectly" storage="/home/adam/dev/omega-spiral/chapter-zero/.godot/mono/temp/bin/debug/chapter-zero.dll" id="7cfc1941-9d04-46bd-9eb2-22522be8029e">
      <Execution id="12016cf5-5941-4da4-9f9e-57bbca926662" />
      <TestMethod codeBase="/home/adam/Dev/omega-spiral/chapter-zero/.godot/mono/temp/bin/Debug/chapter-zero.dll" adapterTypeName="executor://gdunit4.testadapter/" className="OmegaSpiral.Tests.Unit.Common.SceneManagerTests" name="UpdateCurrentSceneUpdatesIndexCorrectly" />
    </UnitTest>
    <UnitTest name="Background_ShouldNotBeWhite" storage="/home/adam/dev/omega-spiral/chapter-zero/.godot/mono/temp/bin/debug/chapter-zero.dll" id="dd37339b-29e0-4eba-96fd-909332a14c69">
      <Execution id="1116c784-2ec0-4fa4-8739-2a93624563c8" />
      <TestMethod codeBase="/home/adam/Dev/omega-spiral/chapter-zero/.godot/mono/temp/bin/Debug/chapter-zero.dll" adapterTypeName="executor://gdunit4.testadapter/" className="OmegaSpiral.Tests.Integration.Ui.Menus.MainMenuTests" name="Background_ShouldNotBeWhite" />
    </UnitTest>
    <UnitTest name="NavigateDown_MovesFocusToNextButton" storage="/home/adam/dev/omega-spiral/chapter-zero/.godot/mono/temp/bin/debug/chapter-zero.dll" id="fa6489ee-ec24-4fc8-9656-8bf69cce58c1">
      <Execution id="96c1a5e5-3c4d-477f-abe9-caa1ea671896" />
      <TestMethod codeBase="/home/adam/Dev/omega-spiral/chapter-zero/.godot/mono/temp/bin/Debug/chapter-zero.dll" adapterTypeName="executor://gdunit4.testadapter/" className="BaseMenuUiUnitTests" name="NavigateDown_MovesFocusToNextButton" />
    </UnitTest>
    <UnitTest name="UpdateThreadColors_CanRevertToDesignSystem" storage="/home/adam/dev/omega-spiral/chapter-zero/.godot/mono/temp/bin/debug/chapter-zero.dll" id="1414be38-e42d-4b6c-af5e-9519273d3370">
      <Execution id="9e837e91-eb18-43af-8e4c-aa81fd8a7c50" />
      <TestMethod codeBase="/home/adam/Dev/omega-spiral/chapter-zero/.godot/mono/temp/bin/Debug/chapter-zero.dll" adapterTypeName="executor://gdunit4.testadapter/" className="OmegaSpiral.Tests.Integration.Ui.Omega.OmegaBorderFrame_UnitTests" name="UpdateThreadColors_CanRevertToDesignSystem" />
    </UnitTest>
    <UnitTest name="PresentChoicesAsync_MultipleSelection_ReturnsSelectedIndices" storage="/home/adam/dev/omega-spiral/chapter-zero/.godot/mono/temp/bin/debug/chapter-zero.dll" id="065cccd3-e133-4e33-b8f0-638e34a8b4f4">
      <Execution id="b56ec737-a6e5-4d00-b9bf-53eb61e4935b" />
      <TestMethod codeBase="/home/adam/Dev/omega-spiral/chapter-zero/.godot/mono/temp/bin/Debug/chapter-zero.dll" adapterTypeName="executor://gdunit4.testadapter/" className="OmegaSpiral.Tests.Unit.Common.Omega.OmegaChoicePresenterTests" name="PresentChoicesAsync_MultipleSelection_ReturnsSelectedIndices" />
    </UnitTest>
    <UnitTest name="DeepSpace_HasCorrectRGBValues" storage="/home/adam/dev/omega-spiral/chapter-zero/.godot/mono/temp/bin/debug/chapter-zero.dll" id="d4a5631c-5fdc-42df-9123-f20e48e4ac94">
      <Execution id="160e6a78-d0a1-42ec-b7a6-e5a94fb029c1" />
      <TestMethod codeBase="/home/adam/Dev/omega-spiral/chapter-zero/.godot/mono/temp/bin/Debug/chapter-zero.dll" adapterTypeName="executor://gdunit4.testadapter/" className="OmegaSpiral.Tests.Integration.Ui.Omega.OmegaBackground_UnitTests" name="DeepSpace_HasCorrectRGBValues" />
    </UnitTest>
    <UnitTest name="UpdateThreadColors_ChangesAllThreads" storage="/home/adam/dev/omega-spiral/chapter-zero/.godot/mono/temp/bin/debug/chapter-zero.dll" id="3fe22a86-3c41-40e4-9bc0-ff0b39530e7a">
      <Execution id="492b5af3-acbb-40a9-8fac-3c9b57b22cdd" />
      <TestMethod codeBase="/home/adam/Dev/omega-spiral/chapter-zero/.godot/mono/temp/bin/Debug/chapter-zero.dll" adapterTypeName="executor://gdunit4.testadapter/" className="OmegaSpiral.Tests.Integration.Ui.Omega.OmegaBorderFrame_UnitTests" name="UpdateThreadColors_ChangesAllThreads" />
    </UnitTest>
    <UnitTest name="GlitchDistortion_Has8PercentOpacity" storage="/home/adam/dev/omega-spiral/chapter-zero/.godot/mono/temp/bin/debug/chapter-zero.dll" id="d0d775ad-9a76-4eaa-8003-fe6d50b1db65">
      <Execution id="bea7b104-9213-4d98-8d85-26083421e671" />
      <TestMethod codeBase="/home/adam/Dev/omega-spiral/chapter-zero/.godot/mono/temp/bin/Debug/chapter-zero.dll" adapterTypeName="executor://gdunit4.testadapter/" className="OmegaSpiral.Tests.Unit.Common.Omega.OmegaSpiralColorsTests" name="GlitchDistortion_Has8PercentOpacity" />
    </UnitTest>
    <UnitTest name="ButtonContainer_CanAddButtons" storage="/home/adam/dev/omega-spiral/chapter-zero/.godot/mono/temp/bin/debug/chapter-zero.dll" id="878c11f1-05bd-4b46-8ce1-b74c2604a090">
      <Execution id="3ac00f0a-284d-450c-94cd-8bb74bf875ec" />
      <TestMethod codeBase="/home/adam/Dev/omega-spiral/chapter-zero/.godot/mono/temp/bin/Debug/chapter-zero.dll" adapterTypeName="executor://gdunit4.testadapter/" className="OmegaSpiral.Tests.Integration.Ui.BaseMenuUiTests" name="ButtonContainer_CanAddButtons" />
    </UnitTest>
    <UnitTest name="ConstructorInitializeswithzeroscores" storage="/home/adam/dev/omega-spiral/chapter-zero/.godot/mono/temp/bin/debug/chapter-zero.dll" id="0d873554-6ce7-4f0e-a431-8fd2b765b5df">
      <Execution id="5a9fb75d-adb2-45eb-acc6-49bbb298b13f" />
      <TestMethod codeBase="/home/adam/Dev/omega-spiral/chapter-zero/.godot/mono/temp/bin/Debug/chapter-zero.dll" adapterTypeName="executor://gdunit4.testadapter/" className="OmegaSpiral.Tests.Unit.Common.GameStateTests" name="ConstructorInitializeswithzeroscores" />
    </UnitTest>
    <UnitTest name="MenuActionBar_Exists" storage="/home/adam/dev/omega-spiral/chapter-zero/.godot/mono/temp/bin/debug/chapter-zero.dll" id="343d2f4f-08e4-44a1-b4b8-15d4e83ab391">
      <Execution id="e801a868-d7bc-46f6-a3af-a0741960e404" />
      <TestMethod codeBase="/home/adam/Dev/omega-spiral/chapter-zero/.godot/mono/temp/bin/Debug/chapter-zero.dll" adapterTypeName="executor://gdunit4.testadapter/" className="OmegaSpiral.Tests.Integration.Ui.Menus.MainMenuTests" name="MenuActionBar_Exists" />
    </UnitTest>
    <UnitTest name="OpacityTolerance_IsAppropriate" storage="/home/adam/dev/omega-spiral/chapter-zero/.godot/mono/temp/bin/debug/chapter-zero.dll" id="c57e044c-6bdf-487d-8050-96051c95c5bd">
      <Execution id="e66644dc-0671-4d4e-bf6e-45c81301c849" />
      <TestMethod codeBase="/home/adam/Dev/omega-spiral/chapter-zero/.godot/mono/temp/bin/Debug/chapter-zero.dll" adapterTypeName="executor://gdunit4.testadapter/" className="OmegaSpiral.Tests.Unit.Common.Omega.OmegaSpiralColorsTests" name="OpacityTolerance_IsAppropriate" />
    </UnitTest>
    <UnitTest name="OnUiConfirm_DucksAmbientAndRestores" storage="/home/adam/dev/omega-spiral/chapter-zero/.godot/mono/temp/bin/debug/chapter-zero.dll" id="793cb872-1c22-4716-9277-0b126b3a53a4">
      <Execution id="47f078d4-a330-4720-8af3-1dd15d543eb2" />
      <TestMethod codeBase="/home/adam/Dev/omega-spiral/chapter-zero/.godot/mono/temp/bin/Debug/chapter-zero.dll" adapterTypeName="executor://gdunit4.testadapter/" className="AudioManagerTests" name="OnUiConfirm_DucksAmbientAndRestores" />
    </UnitTest>
    <UnitTest name="InitializeComponentStates_DefaultImplementation_DoesNotThrow" storage="/home/adam/dev/omega-spiral/chapter-zero/.godot/mono/temp/bin/debug/chapter-zero.dll" id="af03dcde-3386-479e-b58d-420cb2d85a34">
      <Execution id="d3fed898-8cf5-4614-8e89-bd71b6ec9889" />
      <TestMethod codeBase="/home/adam/Dev/omega-spiral/chapter-zero/.godot/mono/temp/bin/Debug/chapter-zero.dll" adapterTypeName="executor://gdunit4.testadapter/" className="OmegaSpiral.Tests.Integration.Ui.Omega.OmegaContainer_UnitTests" name="InitializeComponentStates_DefaultImplementation_DoesNotThrow" />
    </UnitTest>
    <UnitTest name="ConfigureAnimationSpeed_ClampsToValidRanges" storage="/home/adam/dev/omega-spiral/chapter-zero/.godot/mono/temp/bin/debug/chapter-zero.dll" id="1ad54dd2-fc64-4157-89f6-eef31597ad0e">
      <Execution id="00dac47a-11d8-40f9-95da-de3afc07dd25" />
      <TestMethod codeBase="/home/adam/Dev/omega-spiral/chapter-zero/.godot/mono/temp/bin/Debug/chapter-zero.dll" adapterTypeName="executor://gdunit4.testadapter/" className="OmegaSpiral.Tests.Integration.Ui.Omega.OmegaBorderFrame_UnitTests" name="ConfigureAnimationSpeed_ClampsToValidRanges" />
    </UnitTest>
    <UnitTest name="ComposeShaderController_CreatesShaderController" storage="/home/adam/dev/omega-spiral/chapter-zero/.godot/mono/temp/bin/debug/chapter-zero.dll" id="694b45a0-c9cc-4c8c-9a51-87e2d4d3db26">
      <Execution id="5df8b23d-e7ad-4a26-884e-8e09c258acde" />
      <TestMethod codeBase="/home/adam/Dev/omega-spiral/chapter-zero/.godot/mono/temp/bin/Debug/chapter-zero.dll" adapterTypeName="executor://gdunit4.testadapter/" className="OmegaSpiral.Tests.Integration.Ui.Omega.OmegaContainer_UnitTests" name="ComposeShaderController_CreatesShaderController" />
    </UnitTest>
    <UnitTest name="PhosphorPreset_HasCorrectGreenColor" storage="/home/adam/dev/omega-spiral/chapter-zero/.godot/mono/temp/bin/debug/chapter-zero.dll" id="4759a0d7-8c78-4bdd-993a-fadcfe192869">
      <Execution id="13b7a9ba-a604-4f7b-b5d0-a12ee41008d2" />
      <TestMethod codeBase="/home/adam/Dev/omega-spiral/chapter-zero/.godot/mono/temp/bin/Debug/chapter-zero.dll" adapterTypeName="executor://gdunit4.testadapter/" className="OmegaSpiral.Tests.Unit.Common.Omega.OmegaShaderPresetsTests" name="PhosphorPreset_HasCorrectGreenColor" />
    </UnitTest>
    <UnitTest name="Interface_HasIsAnimatingMethod" storage="/home/adam/dev/omega-spiral/chapter-zero/.godot/mono/temp/bin/debug/chapter-zero.dll" id="d3b7ac37-82b4-4700-bbcd-a1ecd2865fa6">
      <Execution id="8d1c2b37-0625-4798-bdf5-f832465ad4bc" />
      <TestMethod codeBase="/home/adam/Dev/omega-spiral/chapter-zero/.godot/mono/temp/bin/Debug/chapter-zero.dll" adapterTypeName="executor://gdunit4.testadapter/" className="OmegaSpiral.Tests.Unit.Common.Omega.IOmegaTextRendererTests" name="Interface_HasIsAnimatingMethod" />
    </UnitTest>
    <UnitTest name="GettotalscoreReturnssumofallscores" storage="/home/adam/dev/omega-spiral/chapter-zero/.godot/mono/temp/bin/debug/chapter-zero.dll" id="a1dde66b-1d3a-48dc-86b8-afcb5a97e07d">
      <Execution id="f42f891c-e537-4f5c-8597-8a694cf1d64e" />
      <TestMethod codeBase="/home/adam/Dev/omega-spiral/chapter-zero/.godot/mono/temp/bin/Debug/chapter-zero.dll" adapterTypeName="executor://gdunit4.testadapter/" className="OmegaSpiral.Tests.Unit.Common.GameStateTests" name="GettotalscoreReturnssumofallscores" />
    </UnitTest>
    <UnitTest name="Interface_HasResetShaderEffectsMethod" storage="/home/adam/dev/omega-spiral/chapter-zero/.godot/mono/temp/bin/debug/chapter-zero.dll" id="66a8dc8a-6913-4426-8805-29f9d048163e">
      <Execution id="63aeda5c-b462-4e45-aefb-5f36e544aba7" />
      <TestMethod codeBase="/home/adam/Dev/omega-spiral/chapter-zero/.godot/mono/temp/bin/Debug/chapter-zero.dll" adapterTypeName="executor://gdunit4.testadapter/" className="OmegaSpiral.Tests.Unit.Common.Omega.IOmegaShaderControllerTests" name="Interface_HasResetShaderEffectsMethod" />
    </UnitTest>
    <UnitTest name="WarmAmber_MatchesDesignSpec" storage="/home/adam/dev/omega-spiral/chapter-zero/.godot/mono/temp/bin/debug/chapter-zero.dll" id="74bd11bb-ea0d-4368-905e-844e98955caa">
      <Execution id="5cd7d2c6-82f4-488e-8851-63afdd4be502" />
      <TestMethod codeBase="/home/adam/Dev/omega-spiral/chapter-zero/.godot/mono/temp/bin/Debug/chapter-zero.dll" adapterTypeName="executor://gdunit4.testadapter/" className="OmegaSpiral.Tests.Unit.Common.Omega.OmegaSpiralColorsTests" name="WarmAmber_MatchesDesignSpec" />
    </UnitTest>
    <UnitTest name="Ready_CallsCreateComponents" storage="/home/adam/dev/omega-spiral/chapter-zero/.godot/mono/temp/bin/debug/chapter-zero.dll" id="5c40f923-2dab-4cd8-a6fc-ffdb2112fa5a">
      <Execution id="c9935186-612e-46da-90b4-650e9044bd31" />
      <TestMethod codeBase="/home/adam/Dev/omega-spiral/chapter-zero/.godot/mono/temp/bin/Debug/chapter-zero.dll" adapterTypeName="executor://gdunit4.testadapter/" className="OmegaSpiral.Tests.Integration.Ui.Omega.OmegaContainer_UnitTests" name="Ready_CallsCreateComponents" />
    </UnitTest>
    <UnitTest name="GetPreset_IsCaseInsensitive" storage="/home/adam/dev/omega-spiral/chapter-zero/.godot/mono/temp/bin/debug/chapter-zero.dll" id="6cd8b5c5-a3db-45da-8f83-bf090394f657">
      <Execution id="2b583aa4-6105-4e32-97b0-b0dade0e63a3" />
      <TestMethod codeBase="/home/adam/Dev/omega-spiral/chapter-zero/.godot/mono/temp/bin/Debug/chapter-zero.dll" adapterTypeName="executor://gdunit4.testadapter/" className="OmegaSpiral.Tests.Unit.Common.Omega.OmegaShaderPresetsTests" name="GetPreset_IsCaseInsensitive" />
    </UnitTest>
    <UnitTest name="AreChoicesVisible_Initially_ReturnsFalse" storage="/home/adam/dev/omega-spiral/chapter-zero/.godot/mono/temp/bin/debug/chapter-zero.dll" id="7868f722-99f0-4cf9-bb6d-ef242dec1130">
      <Execution id="cfff289d-d781-46a3-8a17-a8edbbac4d56" />
      <TestMethod codeBase="/home/adam/Dev/omega-spiral/chapter-zero/.godot/mono/temp/bin/Debug/chapter-zero.dll" adapterTypeName="executor://gdunit4.testadapter/" className="OmegaSpiral.Tests.Unit.Common.Omega.OmegaChoicePresenterTests" name="AreChoicesVisible_Initially_ReturnsFalse" />
    </UnitTest>
    <UnitTest name="ChoiceButton_SupportsFocusNavigation" storage="/home/adam/dev/omega-spiral/chapter-zero/.godot/mono/temp/bin/debug/chapter-zero.dll" id="40802555-9c61-433f-8983-881a85ef0b70">
      <Execution id="f6b6ff20-3bc7-4310-a16e-e76b542065a7" />
      <TestMethod codeBase="/home/adam/Dev/omega-spiral/chapter-zero/.godot/mono/temp/bin/Debug/chapter-zero.dll" adapterTypeName="executor://gdunit4.testadapter/" className="OmegaSpiral.Tests.Integration.Ui.Omega.ChoiceButtonTests" name="ChoiceButton_SupportsFocusNavigation" />
    </UnitTest>
    <UnitTest name="CreateTextRenderer_WithValidLabel_ReturnsValidInstance" storage="/home/adam/dev/omega-spiral/chapter-zero/.godot/mono/temp/bin/debug/chapter-zero.dll" id="4b196a70-9eef-4178-ab7c-884da4a2e4b9">
      <Execution id="2a5a66a9-afbd-4f13-935a-b35727f003b7" />
      <TestMethod codeBase="/home/adam/Dev/omega-spiral/chapter-zero/.godot/mono/temp/bin/Debug/chapter-zero.dll" adapterTypeName="executor://gdunit4.testadapter/" className="OmegaSpiral.Tests.Integration.Ui.Omega.OmegaComponentFactory_UnitTests" name="CreateTextRenderer_WithValidLabel_ReturnsValidInstance" />
    </UnitTest>
    <UnitTest name="MenuMode_DefaultsToStandard" storage="/home/adam/dev/omega-spiral/chapter-zero/.godot/mono/temp/bin/debug/chapter-zero.dll" id="8aa2a5ee-d0f6-4e98-9f90-9cd98347ea6a">
      <Execution id="86d45e70-eb94-4a77-9388-dd7e059d3d52" />
      <TestMethod codeBase="/home/adam/Dev/omega-spiral/chapter-zero/.godot/mono/temp/bin/Debug/chapter-zero.dll" adapterTypeName="executor://gdunit4.testadapter/" className="OmegaSpiral.Tests.Integration.Ui.BaseMenuUiTests" name="MenuMode_DefaultsToStandard" />
    </UnitTest>
    <UnitTest name="CreateChoicePresenter_WithValidContainer_ReturnsValidInstance" storage="/home/adam/dev/omega-spiral/chapter-zero/.godot/mono/temp/bin/debug/chapter-zero.dll" id="6491b54f-2725-4719-9cbf-396a597d2146">
      <Execution id="e53997e6-72ac-464a-8a21-e713b5eddab2" />
      <TestMethod codeBase="/home/adam/Dev/omega-spiral/chapter-zero/.godot/mono/temp/bin/Debug/chapter-zero.dll" adapterTypeName="executor://gdunit4.testadapter/" className="OmegaSpiral.Tests.Integration.Ui.Omega.OmegaComponentFactory_UnitTests" name="CreateChoicePresenter_WithValidContainer_ReturnsValidInstance" />
    </UnitTest>
    <UnitTest name="ConfigureAnimationSpeed_AcceptsZero" storage="/home/adam/dev/omega-spiral/chapter-zero/.godot/mono/temp/bin/debug/chapter-zero.dll" id="213d42e8-2e4f-4abb-a5c2-d9bc1f4d85da">
      <Execution id="c610b009-9e75-45c0-bffe-ecac01b1bc11" />
      <TestMethod codeBase="/home/adam/Dev/omega-spiral/chapter-zero/.godot/mono/temp/bin/Debug/chapter-zero.dll" adapterTypeName="executor://gdunit4.testadapter/" className="OmegaSpiral.Tests.Integration.Ui.Omega.OmegaBorderFrame_UnitTests" name="ConfigureAnimationSpeed_AcceptsZero" />
    </UnitTest>
    <UnitTest name="MenuTitle_Exists" storage="/home/adam/dev/omega-spiral/chapter-zero/.godot/mono/temp/bin/debug/chapter-zero.dll" id="0d00f4fc-c606-48cd-a196-65bf1f633d80">
      <Execution id="56f707d3-20ea-4ad8-8c51-1afe3263fb14" />
      <TestMethod codeBase="/home/adam/Dev/omega-spiral/chapter-zero/.godot/mono/temp/bin/Debug/chapter-zero.dll" adapterTypeName="executor://gdunit4.testadapter/" className="OmegaSpiral.Tests.Integration.Ui.BaseMenuUiTests" name="MenuTitle_Exists" />
    </UnitTest>
    <UnitTest name="CreditsMenu_StartsScrollingWhenShown" storage="/home/adam/dev/omega-spiral/chapter-zero/.godot/mono/temp/bin/debug/chapter-zero.dll" id="7e97be42-b11f-48b9-ad12-6e82503faaa0">
      <Execution id="dc742d18-ed64-43ba-a41d-bab5c6844312" />
      <TestMethod codeBase="/home/adam/Dev/omega-spiral/chapter-zero/.godot/mono/temp/bin/Debug/chapter-zero.dll" adapterTypeName="executor://gdunit4.testadapter/" className="OmegaSpiral.Tests.Integration.Ui.CreditsMenuTests" name="CreditsMenu_StartsScrollingWhenShown" />
    </UnitTest>
    <UnitTest name="GetPreset_ReturnsCrtPreset" storage="/home/adam/dev/omega-spiral/chapter-zero/.godot/mono/temp/bin/debug/chapter-zero.dll" id="542f6310-7d01-4f3c-98f0-324a0183fabb">
      <Execution id="edae9d6a-e3e2-456c-b415-576f1f6525f5" />
      <TestMethod codeBase="/home/adam/Dev/omega-spiral/chapter-zero/.godot/mono/temp/bin/Debug/chapter-zero.dll" adapterTypeName="executor://gdunit4.testadapter/" className="OmegaSpiral.Tests.Unit.Common.Omega.OmegaShaderPresetsTests" name="GetPreset_ReturnsCrtPreset" />
    </UnitTest>
    <UnitTest name="CreateStyledButton_SetsCorrectText" storage="/home/adam/dev/omega-spiral/chapter-zero/.godot/mono/temp/bin/debug/chapter-zero.dll" id="f0c93a9f-3f13-4bce-bacf-7678c1624c2d">
      <Execution id="1cdf0fba-45a3-4af4-95f0-8c374eac4b64" />
      <TestMethod codeBase="/home/adam/Dev/omega-spiral/chapter-zero/.godot/mono/temp/bin/Debug/chapter-zero.dll" adapterTypeName="executor://gdunit4.testadapter/" className="OmegaSpiral.Tests.Integration.Ui.Omega.OmegaComponentFactory_UnitTests" name="CreateStyledButton_SetsCorrectText" />
    </UnitTest>
    <UnitTest name="CreateChoicePresenter_WithNullContainer_ThrowsException" storage="/home/adam/dev/omega-spiral/chapter-zero/.godot/mono/temp/bin/debug/chapter-zero.dll" id="2d5dfb6a-969c-4923-9c9c-24d34d58c7ab">
      <Execution id="39458bc7-ed81-42d8-a4b3-0a79ccca7472" />
      <TestMethod codeBase="/home/adam/Dev/omega-spiral/chapter-zero/.godot/mono/temp/bin/Debug/chapter-zero.dll" adapterTypeName="executor://gdunit4.testadapter/" className="OmegaSpiral.Tests.Integration.Ui.Omega.OmegaComponentFactory_UnitTests" name="CreateChoicePresenter_WithNullContainer_ThrowsException" />
    </UnitTest>
    <UnitTest name="GetCurrentShaderMaterial_NoShaderApplied_ReturnsNull" storage="/home/adam/dev/omega-spiral/chapter-zero/.godot/mono/temp/bin/debug/chapter-zero.dll" id="e4a16447-e2d1-409c-8c22-7065fa72d91b">
      <Execution id="47c5f8d0-1184-465f-878a-f2c5307090b2" />
      <TestMethod codeBase="/home/adam/Dev/omega-spiral/chapter-zero/.godot/mono/temp/bin/Debug/chapter-zero.dll" adapterTypeName="executor://gdunit4.testadapter/" className="OmegaSpiral.Tests.Unit.Common.Omega.OmegaShaderControllerTests" name="GetCurrentShaderMaterial_NoShaderApplied_ReturnsNull" />
    </UnitTest>
    <UnitTest name="Ready_CallsHooksInCorrectOrder" storage="/home/adam/dev/omega-spiral/chapter-zero/.godot/mono/temp/bin/debug/chapter-zero.dll" id="a1ca61f6-750e-42a4-8f6d-4cc381586990">
      <Execution id="65ccac5f-008a-46a4-965c-5fa4b0a93762" />
      <TestMethod codeBase="/home/adam/Dev/omega-spiral/chapter-zero/.godot/mono/temp/bin/Debug/chapter-zero.dll" adapterTypeName="executor://gdunit4.testadapter/" className="OmegaSpiral.Tests.Integration.Ui.Omega.OmegaContainer_UnitTests" name="Ready_CallsHooksInCorrectOrder" />
    </UnitTest>
    <UnitTest name="ApplyVisualPresetAsync_GlitchPreset_AppliesCorrectShader" storage="/home/adam/dev/omega-spiral/chapter-zero/.godot/mono/temp/bin/debug/chapter-zero.dll" id="d02bea60-6f5b-4aea-a958-8e06908cbbd2">
      <Execution id="30ed9ec1-2a69-4f52-bebe-8311a98bc4ad" />
      <TestMethod codeBase="/home/adam/Dev/omega-spiral/chapter-zero/.godot/mono/temp/bin/Debug/chapter-zero.dll" adapterTypeName="executor://gdunit4.testadapter/" className="OmegaSpiral.Tests.Unit.Common.Omega.OmegaShaderControllerTests" name="ApplyVisualPresetAsync_GlitchPreset_AppliesCorrectShader" />
    </UnitTest>
    <UnitTest name="GetFocusedButton_ReturnsCorrectButton" storage="/home/adam/dev/omega-spiral/chapter-zero/.godot/mono/temp/bin/debug/chapter-zero.dll" id="7cb47656-1c71-4120-bc2f-e01d1b13efb5">
      <Execution id="b6476b21-c8ba-4663-9902-bb1e25d300f7" />
      <TestMethod codeBase="/home/adam/Dev/omega-spiral/chapter-zero/.godot/mono/temp/bin/Debug/chapter-zero.dll" adapterTypeName="executor://gdunit4.testadapter/" className="BaseMenuUiUnitTests" name="GetFocusedButton_ReturnsCorrectButton" />
    </UnitTest>
    <UnitTest name="GetPreset_ReturnsGlitchPreset" storage="/home/adam/dev/omega-spiral/chapter-zero/.godot/mono/temp/bin/debug/chapter-zero.dll" id="169a9cc6-5d12-440a-a14e-6d8ab6840ab5">
      <Execution id="3f351b97-8dd5-4da5-a7e2-52c9e488c03f" />
      <TestMethod codeBase="/home/adam/Dev/omega-spiral/chapter-zero/.godot/mono/temp/bin/Debug/chapter-zero.dll" adapterTypeName="executor://gdunit4.testadapter/" className="OmegaSpiral.Tests.Unit.Common.Omega.OmegaShaderPresetsTests" name="GetPreset_ReturnsGlitchPreset" />
    </UnitTest>
    <UnitTest name="PauseMenu_ExtendsMenuUi" storage="/home/adam/dev/omega-spiral/chapter-zero/.godot/mono/temp/bin/debug/chapter-zero.dll" id="c0a6e372-cd87-4029-b1eb-74e0aac8ae3a">
      <Execution id="b2ad09c9-7ed7-46db-bc1c-1acdccf1abf7" />
      <TestMethod codeBase="/home/adam/Dev/omega-spiral/chapter-zero/.godot/mono/temp/bin/Debug/chapter-zero.dll" adapterTypeName="executor://gdunit4.testadapter/" className="OmegaSpiral.Tests.Integration.Ui.PauseMenuTests" name="PauseMenu_ExtendsMenuUi" />
    </UnitTest>
    <UnitTest name="PureWhite_MatchesDesignSpec" storage="/home/adam/dev/omega-spiral/chapter-zero/.godot/mono/temp/bin/debug/chapter-zero.dll" id="28f50e4e-b3b0-495d-93f6-4f5a42b3ce3f">
      <Execution id="d0e22cad-99a1-417e-a847-986a23e0ffbc" />
      <TestMethod codeBase="/home/adam/Dev/omega-spiral/chapter-zero/.godot/mono/temp/bin/Debug/chapter-zero.dll" adapterTypeName="executor://gdunit4.testadapter/" className="OmegaSpiral.Tests.Unit.Common.Omega.OmegaSpiralColorsTests" name="PureWhite_MatchesDesignSpec" />
    </UnitTest>
    <UnitTest name="ComposeChoicePresenter_CreatesChoicePresenter" storage="/home/adam/dev/omega-spiral/chapter-zero/.godot/mono/temp/bin/debug/chapter-zero.dll" id="dabbeae1-98b0-4054-898c-d2d706de363d">
      <Execution id="65e31427-96a6-44c1-abf8-44274fc633ee" />
      <TestMethod codeBase="/home/adam/Dev/omega-spiral/chapter-zero/.godot/mono/temp/bin/Debug/chapter-zero.dll" adapterTypeName="executor://gdunit4.testadapter/" className="OmegaSpiral.Tests.Integration.Ui.Omega.OmegaContainer_UnitTests" name="ComposeChoicePresenter_CreatesChoicePresenter" />
    </UnitTest>
    <UnitTest name="PresentChoicesAsync_NullChoiceOptions_ThrowsArgumentNullException" storage="/home/adam/dev/omega-spiral/chapter-zero/.godot/mono/temp/bin/debug/chapter-zero.dll" id="f7435fdc-a393-456e-9172-51e9b602df3e">
      <Execution id="06fd7d9f-a428-431a-b80d-5252367f9d3d" />
      <TestMethod codeBase="/home/adam/Dev/omega-spiral/chapter-zero/.godot/mono/temp/bin/Debug/chapter-zero.dll" adapterTypeName="executor://gdunit4.testadapter/" className="OmegaSpiral.Tests.Unit.Common.Omega.OmegaChoicePresenterTests" name="PresentChoicesAsync_NullChoiceOptions_ThrowsArgumentNullException" />
    </UnitTest>
    <UnitTest name="ChoicePresenter_IsNullByDefault" storage="/home/adam/dev/omega-spiral/chapter-zero/.godot/mono/temp/bin/debug/chapter-zero.dll" id="0f21c1a2-e0be-44fa-beec-79fbf2e01bf6">
      <Execution id="fd4408ab-e1ae-4a6c-ab90-66bb5aed7947" />
      <TestMethod codeBase="/home/adam/Dev/omega-spiral/chapter-zero/.godot/mono/temp/bin/Debug/chapter-zero.dll" adapterTypeName="executor://gdunit4.testadapter/" className="OmegaSpiral.Tests.Integration.Ui.Omega.OmegaContainer_UnitTests" name="ChoicePresenter_IsNullByDefault" />
    </UnitTest>
    <UnitTest name="CreateStyledButton_WithEmptyText_CreatesButton" storage="/home/adam/dev/omega-spiral/chapter-zero/.godot/mono/temp/bin/debug/chapter-zero.dll" id="3994d094-4efe-4702-b8b0-cbb900629897">
      <Execution id="e43c1b71-2183-4ff3-b43d-9499c69bed00" />
      <TestMethod codeBase="/home/adam/Dev/omega-spiral/chapter-zero/.godot/mono/temp/bin/Debug/chapter-zero.dll" adapterTypeName="executor://gdunit4.testadapter/" className="OmegaSpiral.Tests.Integration.Ui.Omega.OmegaComponentFactory_UnitTests" name="CreateStyledButton_WithEmptyText_CreatesButton" />
    </UnitTest>
    <UnitTest name="SetPlayerNameStoresValueCorrectly" storage="/home/adam/dev/omega-spiral/chapter-zero/.godot/mono/temp/bin/debug/chapter-zero.dll" id="c30fc602-61cd-4d39-8365-aed8882d8543">
      <Execution id="1d952e28-f22d-4571-8210-bd1277e24281" />
      <TestMethod codeBase="/home/adam/Dev/omega-spiral/chapter-zero/.godot/mono/temp/bin/Debug/chapter-zero.dll" adapterTypeName="executor://gdunit4.testadapter/" className="OmegaSpiral.Tests.Unit.Common.SceneManagerTests" name="SetPlayerNameStoresValueCorrectly" />
    </UnitTest>
    <UnitTest name="MenuButtonContainer_HasCorrectSpacing" storage="/home/adam/dev/omega-spiral/chapter-zero/.godot/mono/temp/bin/debug/chapter-zero.dll" id="693a816e-7015-4de0-acb6-1a495ae4ab87">
      <Execution id="ae5923a9-b0c8-4321-9d03-a0b2459c0495" />
      <TestMethod codeBase="/home/adam/Dev/omega-spiral/chapter-zero/.godot/mono/temp/bin/Debug/chapter-zero.dll" adapterTypeName="executor://gdunit4.testadapter/" className="OmegaSpiral.Tests.Integration.Ui.Menus.MainMenuTests" name="MenuButtonContainer_HasCorrectSpacing" />
    </UnitTest>
    <UnitTest name="Ready_CallsInitializeComponentStates" storage="/home/adam/dev/omega-spiral/chapter-zero/.godot/mono/temp/bin/debug/chapter-zero.dll" id="5900e4f9-929d-4b3b-ae03-abfadb90ca9e">
      <Execution id="02649be5-4031-4dd9-a1fd-2f81b6ceb3a9" />
      <TestMethod codeBase="/home/adam/Dev/omega-spiral/chapter-zero/.godot/mono/temp/bin/Debug/chapter-zero.dll" adapterTypeName="executor://gdunit4.testadapter/" className="OmegaSpiral.Tests.Integration.Ui.Omega.OmegaContainer_UnitTests" name="Ready_CallsInitializeComponentStates" />
    </UnitTest>
    <UnitTest name="PauseMenu_FocusesFirstButton" storage="/home/adam/dev/omega-spiral/chapter-zero/.godot/mono/temp/bin/debug/chapter-zero.dll" id="33894811-5059-4ffc-bd20-45bafe09912f">
      <Execution id="04249d31-2c44-436d-b222-5af14ac35abd" />
      <TestMethod codeBase="/home/adam/Dev/omega-spiral/chapter-zero/.godot/mono/temp/bin/Debug/chapter-zero.dll" adapterTypeName="executor://gdunit4.testadapter/" className="OmegaSpiral.Tests.Integration.Ui.PauseMenuTests" name="PauseMenu_FocusesFirstButton" />
    </UnitTest>
    <UnitTest name="ContentContainer_Exists" storage="/home/adam/dev/omega-spiral/chapter-zero/.godot/mono/temp/bin/debug/chapter-zero.dll" id="a784ce16-3a53-44b7-b3ce-7d8684bd8cb8">
      <Execution id="7234144b-35cc-4f37-995b-9524a785ca69" />
      <TestMethod codeBase="/home/adam/Dev/omega-spiral/chapter-zero/.godot/mono/temp/bin/Debug/chapter-zero.dll" adapterTypeName="executor://gdunit4.testadapter/" className="BaseMenuUiUnitTests" name="ContentContainer_Exists" />
    </UnitTest>
    <UnitTest name="StaticPresets_AreConsistent" storage="/home/adam/dev/omega-spiral/chapter-zero/.godot/mono/temp/bin/debug/chapter-zero.dll" id="ddf480fd-3b18-4eff-b69f-6a3483d173a1">
      <Execution id="51f5e454-5b62-460f-9765-2683c18deaf5" />
      <TestMethod codeBase="/home/adam/Dev/omega-spiral/chapter-zero/.godot/mono/temp/bin/Debug/chapter-zero.dll" adapterTypeName="executor://gdunit4.testadapter/" className="OmegaSpiral.Tests.Unit.Common.Omega.OmegaShaderPresetsTests" name="StaticPresets_AreConsistent" />
    </UnitTest>
    <UnitTest name="PixelDissolveAsync_CustomDuration_CompletesInCorrectTime" storage="/home/adam/dev/omega-spiral/chapter-zero/.godot/mono/temp/bin/debug/chapter-zero.dll" id="c76639a5-150c-4fba-ae1f-341d369385b1">
      <Execution id="5d25021c-f2f4-40a1-9e8d-2ea31da285a6" />
      <TestMethod codeBase="/home/adam/Dev/omega-spiral/chapter-zero/.godot/mono/temp/bin/Debug/chapter-zero.dll" adapterTypeName="executor://gdunit4.testadapter/" className="OmegaSpiral.Tests.Unit.Common.Omega.OmegaShaderControllerTests" name="PixelDissolveAsync_CustomDuration_CompletesInCorrectTime" />
    </UnitTest>
    <UnitTest name="GetCurrentText_WhenEmpty_ReturnsEmptyString" storage="/home/adam/dev/omega-spiral/chapter-zero/.godot/mono/temp/bin/debug/chapter-zero.dll" id="d941ff99-f73c-4f20-b37d-be2d65a905e1">
      <Execution id="5cdb4a9a-728b-4f6a-8817-ad1e15348d1a" />
      <TestMethod codeBase="/home/adam/Dev/omega-spiral/chapter-zero/.godot/mono/temp/bin/Debug/chapter-zero.dll" adapterTypeName="executor://gdunit4.testadapter/" className="OmegaSpiral.Tests.Integration.Ui.Omega.OmegaTextRendererTests" name="GetCurrentText_WhenEmpty_ReturnsEmptyString" />
    </UnitTest>
    <UnitTest name="GetBackgroundColor_ReturnsDefaultForNull" storage="/home/adam/dev/omega-spiral/chapter-zero/.godot/mono/temp/bin/debug/chapter-zero.dll" id="b13a70ea-c59c-4eb6-bd72-a82362f8c67f">
      <Execution id="ff6f9620-7924-4218-8761-42a747797e08" />
      <TestMethod codeBase="/home/adam/Dev/omega-spiral/chapter-zero/.godot/mono/temp/bin/Debug/chapter-zero.dll" adapterTypeName="executor://gdunit4.testadapter/" className="OmegaSpiral.Tests.Integration.Ui.Omega.OmegaBackground_UnitTests" name="GetBackgroundColor_ReturnsDefaultForNull" />
    </UnitTest>
    <UnitTest name="QuitButton_HasPressedSignalHandler" storage="/home/adam/dev/omega-spiral/chapter-zero/.godot/mono/temp/bin/debug/chapter-zero.dll" id="d6673081-3354-404f-866e-ae3eb3678a17">
      <Execution id="5f6e7001-60ba-420e-944d-3ca5758b7a20" />
      <TestMethod codeBase="/home/adam/Dev/omega-spiral/chapter-zero/.godot/mono/temp/bin/Debug/chapter-zero.dll" adapterTypeName="executor://gdunit4.testadapter/" className="OmegaSpiral.Tests.Integration.Ui.Menus.MainMenuTests" name="QuitButton_HasPressedSignalHandler" />
    </UnitTest>
    <UnitTest name="TextRenderer_IsNullByDefault" storage="/home/adam/dev/omega-spiral/chapter-zero/.godot/mono/temp/bin/debug/chapter-zero.dll" id="14e365a7-69a9-4853-ba3b-8f489030947f">
      <Execution id="0fb846ba-0e9f-458f-9b0b-f19faa6bcc5c" />
      <TestMethod codeBase="/home/adam/Dev/omega-spiral/chapter-zero/.godot/mono/temp/bin/Debug/chapter-zero.dll" adapterTypeName="executor://gdunit4.testadapter/" className="OmegaSpiral.Tests.Integration.Ui.Omega.OmegaContainer_UnitTests" name="TextRenderer_IsNullByDefault" />
    </UnitTest>
    <UnitTest name="ComposeTextRenderer_CreatesTextRenderer" storage="/home/adam/dev/omega-spiral/chapter-zero/.godot/mono/temp/bin/debug/chapter-zero.dll" id="c22c31d0-124b-4c31-8f76-d35c42985918">
      <Execution id="c57cb758-c926-4c4b-bd97-9365e76426cd" />
      <TestMethod codeBase="/home/adam/Dev/omega-spiral/chapter-zero/.godot/mono/temp/bin/Debug/chapter-zero.dll" adapterTypeName="executor://gdunit4.testadapter/" className="OmegaSpiral.Tests.Integration.Ui.Omega.OmegaContainer_UnitTests" name="ComposeTextRenderer_CreatesTextRenderer" />
    </UnitTest>
    <UnitTest name="TransitionToScenePreservesGameState" storage="/home/adam/dev/omega-spiral/chapter-zero/.godot/mono/temp/bin/debug/chapter-zero.dll" id="7e17e2a2-0752-4843-abe1-58ed247a440a">
      <Execution id="dce9806c-413c-4f3d-9e01-a4b5c87c3b92" />
      <TestMethod codeBase="/home/adam/Dev/omega-spiral/chapter-zero/.godot/mono/temp/bin/Debug/chapter-zero.dll" adapterTypeName="executor://gdunit4.testadapter/" className="OmegaSpiral.Tests.Unit.Common.SceneManagerTests" name="TransitionToScenePreservesGameState" />
    </UnitTest>
    <UnitTest name="AppendTextAsync__EmptyText_DoesNothing" storage="/home/adam/dev/omega-spiral/chapter-zero/.godot/mono/temp/bin/debug/chapter-zero.dll" id="d17143e3-55b3-4f89-9a9f-5ded59d2c99d">
      <Execution id="39f09c55-4206-4baf-9788-e8fb75e49fd7" />
      <TestMethod codeBase="/home/adam/Dev/omega-spiral/chapter-zero/.godot/mono/temp/bin/Debug/chapter-zero.dll" adapterTypeName="executor://gdunit4.testadapter/" className="OmegaSpiral.Tests.Integration.Ui.Omega.OmegaTextRendererTests" name="AppendTextAsync__EmptyText_DoesNothing" />
    </UnitTest>
    <UnitTest name="MenuTitle_UsesCorrectFontSize" storage="/home/adam/dev/omega-spiral/chapter-zero/.godot/mono/temp/bin/debug/chapter-zero.dll" id="bbbbebb1-8c74-4313-83c9-2d5d3f5c708e">
      <Execution id="ae5cb8d9-4191-4e9b-996f-d342c9a358ab" />
      <TestMethod codeBase="/home/adam/Dev/omega-spiral/chapter-zero/.godot/mono/temp/bin/Debug/chapter-zero.dll" adapterTypeName="executor://gdunit4.testadapter/" className="OmegaSpiral.Tests.Integration.Ui.Menus.MainMenuTests" name="MenuTitle_UsesCorrectFontSize" />
    </UnitTest>
    <UnitTest name="Interface_HasPixelDissolveAsyncMethod" storage="/home/adam/dev/omega-spiral/chapter-zero/.godot/mono/temp/bin/debug/chapter-zero.dll" id="7cb5ae68-ec08-48db-ab13-25c56356f2e4">
      <Execution id="9a111d13-87de-43ae-91e9-136998256101" />
      <TestMethod codeBase="/home/adam/Dev/omega-spiral/chapter-zero/.godot/mono/temp/bin/Debug/chapter-zero.dll" adapterTypeName="executor://gdunit4.testadapter/" className="OmegaSpiral.Tests.Unit.Common.Omega.IOmegaShaderControllerTests" name="Interface_HasPixelDissolveAsyncMethod" />
    </UnitTest>
    <UnitTest name="ShaderMaterial_IsConfigured" storage="/home/adam/dev/omega-spiral/chapter-zero/.godot/mono/temp/bin/debug/chapter-zero.dll" id="7cfbf097-6cae-4346-a6c3-2e901c320b53">
      <Execution id="08cd7251-ee9c-4d44-ad0c-bf7c6aaf8211" />
      <TestMethod codeBase="/home/adam/Dev/omega-spiral/chapter-zero/.godot/mono/temp/bin/Debug/chapter-zero.dll" adapterTypeName="executor://gdunit4.testadapter/" className="OmegaSpiral.Tests.Integration.Ui.Omega.OmegaBorderFrame_UnitTests" name="ShaderMaterial_IsConfigured" />
    </UnitTest>
    <UnitTest name="GetPreset_ReturnsScanlinesPreset" storage="/home/adam/dev/omega-spiral/chapter-zero/.godot/mono/temp/bin/debug/chapter-zero.dll" id="cb419af2-ecfc-4843-9eea-a7cc02fe1a70">
      <Execution id="144a8573-11c8-4eeb-bcbe-dc62d77fe91c" />
      <TestMethod codeBase="/home/adam/Dev/omega-spiral/chapter-zero/.godot/mono/temp/bin/Debug/chapter-zero.dll" adapterTypeName="executor://gdunit4.testadapter/" className="OmegaSpiral.Tests.Unit.Common.Omega.OmegaShaderPresetsTests" name="GetPreset_ReturnsScanlinesPreset" />
    </UnitTest>
    <UnitTest name="PauseMenu_HasTitle" storage="/home/adam/dev/omega-spiral/chapter-zero/.godot/mono/temp/bin/debug/chapter-zero.dll" id="17af4cc3-b1dc-475b-a2da-51e3616cd0c3">
      <Execution id="bded5dab-aab9-44ed-8994-641dcf459006" />
      <TestMethod codeBase="/home/adam/Dev/omega-spiral/chapter-zero/.godot/mono/temp/bin/Debug/chapter-zero.dll" adapterTypeName="executor://gdunit4.testadapter/" className="OmegaSpiral.Tests.Integration.Ui.PauseMenuTests" name="PauseMenu_HasTitle" />
    </UnitTest>
    <UnitTest name="PhosphorPulseFrequency_IsHalfHz" storage="/home/adam/dev/omega-spiral/chapter-zero/.godot/mono/temp/bin/debug/chapter-zero.dll" id="2139c676-c127-4ca8-b5cb-e911f8a3fc51">
      <Execution id="b89e979a-d94b-4ca2-a2a8-170c08e4feca" />
      <TestMethod codeBase="/home/adam/Dev/omega-spiral/chapter-zero/.godot/mono/temp/bin/Debug/chapter-zero.dll" adapterTypeName="executor://gdunit4.testadapter/" className="OmegaSpiral.Tests.Unit.Common.Omega.OmegaSpiralColorsTests" name="PhosphorPulseFrequency_IsHalfHz" />
    </UnitTest>
    <UnitTest name="PrimaryColors_HaveFullOpacity" storage="/home/adam/dev/omega-spiral/chapter-zero/.godot/mono/temp/bin/debug/chapter-zero.dll" id="16975034-aa39-4153-89ce-81eb1eb7426f">
      <Execution id="967e833d-8823-4bac-b67b-ecd6f708ad89" />
      <TestMethod codeBase="/home/adam/Dev/omega-spiral/chapter-zero/.godot/mono/temp/bin/Debug/chapter-zero.dll" adapterTypeName="executor://gdunit4.testadapter/" className="OmegaSpiral.Tests.Unit.Common.Omega.OmegaSpiralColorsTests" name="PrimaryColors_HaveFullOpacity" />
    </UnitTest>
    <UnitTest name="Constructor_WithValidTextDisplay_InitializesCorrectly" storage="/home/adam/dev/omega-spiral/chapter-zero/.godot/mono/temp/bin/debug/chapter-zero.dll" id="bf2fe4de-a164-4a10-9713-465d21169677">
      <Execution id="893cd9c4-78b8-4e4e-bf43-b77839bbb5f2" />
      <TestMethod codeBase="/home/adam/Dev/omega-spiral/chapter-zero/.godot/mono/temp/bin/Debug/chapter-zero.dll" adapterTypeName="executor://gdunit4.testadapter/" className="OmegaSpiral.Tests.Integration.Ui.Omega.OmegaTextRendererTests" name="Constructor_WithValidTextDisplay_InitializesCorrectly" />
    </UnitTest>
    <UnitTest name="Configure_ThrowsExceptionForEmptyText" storage="/home/adam/dev/omega-spiral/chapter-zero/.godot/mono/temp/bin/debug/chapter-zero.dll" id="a7e426cc-a157-4ab3-84ed-77794764bed7">
      <Execution id="dfe7f0bf-bee7-4bec-8fa9-a66e5ae8db8e" />
      <TestMethod codeBase="/home/adam/Dev/omega-spiral/chapter-zero/.godot/mono/temp/bin/Debug/chapter-zero.dll" adapterTypeName="executor://gdunit4.testadapter/" className="OmegaSpiral.Tests.Integration.Ui.Omega.ChoiceButtonTests" name="Configure_ThrowsExceptionForEmptyText" />
    </UnitTest>
    <UnitTest name="LaunchButton_ExistsWithCorrectText" storage="/home/adam/dev/omega-spiral/chapter-zero/.godot/mono/temp/bin/debug/chapter-zero.dll" id="715fbcf5-e14d-4787-9417-39b0d67a50c8">
      <Execution id="736096e5-fc4d-49b4-aab8-3009d41f0d20" />
      <TestMethod codeBase="/home/adam/Dev/omega-spiral/chapter-zero/.godot/mono/temp/bin/Debug/chapter-zero.dll" adapterTypeName="executor://gdunit4.testadapter/" className="OmegaSpiral.Tests.Integration.Ui.Menus.MainMenuTests" name="LaunchButton_ExistsWithCorrectText" />
    </UnitTest>
    <UnitTest name="CreateBorderFrame_HasShaderMaterialConfigured" storage="/home/adam/dev/omega-spiral/chapter-zero/.godot/mono/temp/bin/debug/chapter-zero.dll" id="72f713ff-3c6b-4b4c-95cf-bb89a65a78af">
      <Execution id="02966b8a-0452-43eb-ae42-efe384c93235" />
      <TestMethod codeBase="/home/adam/Dev/omega-spiral/chapter-zero/.godot/mono/temp/bin/Debug/chapter-zero.dll" adapterTypeName="executor://gdunit4.testadapter/" className="OmegaSpiral.Tests.Integration.Ui.Omega.OmegaComponentFactory_UnitTests" name="CreateBorderFrame_HasShaderMaterialConfigured" />
    </UnitTest>
    <UnitTest name="ShaderLayerColors_AreWhiteWithVaryingOpacity" storage="/home/adam/dev/omega-spiral/chapter-zero/.godot/mono/temp/bin/debug/chapter-zero.dll" id="bc5d4546-fb3d-4e23-8efc-b6098fec7d10">
      <Execution id="7624d60c-7eb9-4122-b07f-d0cfd5be4956" />
      <TestMethod codeBase="/home/adam/Dev/omega-spiral/chapter-zero/.godot/mono/temp/bin/Debug/chapter-zero.dll" adapterTypeName="executor://gdunit4.testadapter/" className="OmegaSpiral.Tests.Unit.Common.Omega.OmegaSpiralColorsTests" name="ShaderLayerColors_AreWhiteWithVaryingOpacity" />
    </UnitTest>
    <UnitTest name="ExitTree_CleansUpSignalConnections" storage="/home/adam/dev/omega-spiral/chapter-zero/.godot/mono/temp/bin/debug/chapter-zero.dll" id="7e5149ca-dc8b-4e41-8b66-84a65494eb30">
      <Execution id="97466805-ee4d-4848-929a-a3ec4aab2729" />
      <TestMethod codeBase="/home/adam/Dev/omega-spiral/chapter-zero/.godot/mono/temp/bin/Debug/chapter-zero.dll" adapterTypeName="executor://gdunit4.testadapter/" className="OmegaSpiral.Tests.Integration.Ui.Omega.ChoiceButtonTests" name="ExitTree_CleansUpSignalConnections" />
    </UnitTest>
    <UnitTest name="PauseMenu_HasBackground" storage="/home/adam/dev/omega-spiral/chapter-zero/.godot/mono/temp/bin/debug/chapter-zero.dll" id="d2bb6d84-5b05-4db5-bbdf-f3b494abf7a8">
      <Execution id="4e001b71-8bb9-4568-8817-9d29b88eef07" />
      <TestMethod codeBase="/home/adam/Dev/omega-spiral/chapter-zero/.godot/mono/temp/bin/Debug/chapter-zero.dll" adapterTypeName="executor://gdunit4.testadapter/" className="OmegaSpiral.Tests.Integration.Ui.PauseMenuTests" name="PauseMenu_HasBackground" />
    </UnitTest>
    <UnitTest name="GetRotationSpeed_ReturnsCurrent" storage="/home/adam/dev/omega-spiral/chapter-zero/.godot/mono/temp/bin/debug/chapter-zero.dll" id="acb2a318-6ef0-4f7e-a1ee-7b3107693054">
      <Execution id="bca788a2-3c8b-4079-b75e-da4f5ba5f33d" />
      <TestMethod codeBase="/home/adam/Dev/omega-spiral/chapter-zero/.godot/mono/temp/bin/Debug/chapter-zero.dll" adapterTypeName="executor://gdunit4.testadapter/" className="OmegaSpiral.Tests.Integration.Ui.Omega.OmegaBorderFrame_UnitTests" name="GetRotationSpeed_ReturnsCurrent" />
    </UnitTest>
    <UnitTest name="MenuButtonContainer_ExistsAndHasButtons" storage="/home/adam/dev/omega-spiral/chapter-zero/.godot/mono/temp/bin/debug/chapter-zero.dll" id="3380be89-5b3d-40eb-bd1e-aa9a640fd399">
      <Execution id="61ea27b1-c41b-4916-9037-a35a7f49743e" />
      <TestMethod codeBase="/home/adam/Dev/omega-spiral/chapter-zero/.godot/mono/temp/bin/Debug/chapter-zero.dll" adapterTypeName="executor://gdunit4.testadapter/" className="OmegaSpiral.Tests.Integration.Ui.Menus.MainMenuTests" name="MenuButtonContainer_ExistsAndHasButtons" />
    </UnitTest>
    <UnitTest name="CreditsMenu_ExtendsMenuUi" storage="/home/adam/dev/omega-spiral/chapter-zero/.godot/mono/temp/bin/debug/chapter-zero.dll" id="651b85a2-1c24-4da6-ba52-764fd0659b17">
      <Execution id="51e30ca1-8a11-4407-a0b6-266f07953e68" />
      <TestMethod codeBase="/home/adam/Dev/omega-spiral/chapter-zero/.godot/mono/temp/bin/Debug/chapter-zero.dll" adapterTypeName="executor://gdunit4.testadapter/" className="OmegaSpiral.Tests.Integration.Ui.CreditsMenuTests" name="CreditsMenu_ExtendsMenuUi" />
    </UnitTest>
    <UnitTest name="ManifestLoads_SixStages_NoDuplicateFirst" storage="/home/adam/dev/omega-spiral/chapter-zero/.godot/mono/temp/bin/debug/chapter-zero.dll" id="a00928bb-ab84-4f9f-bec7-75cd4859a61b">
      <Execution id="30383151-e66e-457d-a288-5462fadac9ac" />
      <TestMethod codeBase="/home/adam/Dev/omega-spiral/chapter-zero/.godot/mono/temp/bin/Debug/chapter-zero.dll" adapterTypeName="executor://gdunit4.testadapter/" className="OmegaSpiral.Tests.Integration.Ui.Menus.MainMenuTests" name="ManifestLoads_SixStages_NoDuplicateFirst" />
    </UnitTest>
    <UnitTest name="Constructor_InitializesSuccessfully" storage="/home/adam/dev/omega-spiral/chapter-zero/.godot/mono/temp/bin/debug/chapter-zero.dll" id="961200d8-0053-4ac2-be82-0ab56b498362">
      <Execution id="35a8cca4-8595-4dd1-be4b-f64f1e6f04f4" />
      <TestMethod codeBase="/home/adam/Dev/omega-spiral/chapter-zero/.godot/mono/temp/bin/Debug/chapter-zero.dll" adapterTypeName="executor://gdunit4.testadapter/" className="OmegaSpiral.Tests.Integration.Ui.Omega.OmegaBorderFrame_UnitTests" name="Constructor_InitializesSuccessfully" />
    </UnitTest>
    <UnitTest name="PauseMenu_CanShowAndHide" storage="/home/adam/dev/omega-spiral/chapter-zero/.godot/mono/temp/bin/debug/chapter-zero.dll" id="608bca71-b8cb-4330-902f-b2fcc09b5dea">
      <Execution id="8d3d79a0-6c0b-4030-8360-534ccc6f7971" />
      <TestMethod codeBase="/home/adam/Dev/omega-spiral/chapter-zero/.godot/mono/temp/bin/Debug/chapter-zero.dll" adapterTypeName="executor://gdunit4.testadapter/" className="OmegaSpiral.Tests.Integration.Ui.PauseMenuTests" name="PauseMenu_CanShowAndHide" />
    </UnitTest>
    <UnitTest name="Interface_HasAppendTextAsyncMethod" storage="/home/adam/dev/omega-spiral/chapter-zero/.godot/mono/temp/bin/debug/chapter-zero.dll" id="d941c387-6e72-4db1-8321-ed81e90b2d22">
      <Execution id="a40b6326-1b7e-4b57-983a-cfdbe5dd261e" />
      <TestMethod codeBase="/home/adam/Dev/omega-spiral/chapter-zero/.godot/mono/temp/bin/Debug/chapter-zero.dll" adapterTypeName="executor://gdunit4.testadapter/" className="OmegaSpiral.Tests.Unit.Common.Omega.IOmegaTextRendererTests" name="Interface_HasAppendTextAsyncMethod" />
    </UnitTest>
    <UnitTest name="CreateBorderFrame_HasCorrectName" storage="/home/adam/dev/omega-spiral/chapter-zero/.godot/mono/temp/bin/debug/chapter-zero.dll" id="f2f3502b-3a82-4de5-b5c3-34f258204769">
      <Execution id="fa4e2257-917b-4e8f-a302-312e0943c970" />
      <TestMethod codeBase="/home/adam/Dev/omega-spiral/chapter-zero/.godot/mono/temp/bin/Debug/chapter-zero.dll" adapterTypeName="executor://gdunit4.testadapter/" className="OmegaSpiral.Tests.Integration.Ui.Omega.OmegaComponentFactory_UnitTests" name="CreateBorderFrame_HasCorrectName" />
    </UnitTest>
    <UnitTest name="PlayerProgressionChangedSignal_EmittedWhenMilestoneReached_SignalReceived" storage="/home/adam/dev/omega-spiral/chapter-zero/.godot/mono/temp/bin/debug/chapter-zero.dll" id="7a1175a7-bd5c-4b69-8336-34a27995ddc3">
      <Execution id="d058ba4d-012c-40f8-931e-168fae8accdd" />
      <TestMethod codeBase="/home/adam/Dev/omega-spiral/chapter-zero/.godot/mono/temp/bin/Debug/chapter-zero.dll" adapterTypeName="executor://gdunit4.testadapter/" className="OmegaSpiral.Tests.Common.GameStateSignalTests" name="PlayerProgressionChangedSignal_EmittedWhenMilestoneReached_SignalReceived" />
    </UnitTest>
    <UnitTest name="GetWaveSpeed_ReturnsCurrent" storage="/home/adam/dev/omega-spiral/chapter-zero/.godot/mono/temp/bin/debug/chapter-zero.dll" id="a916170a-32c7-42f2-8a84-aa9c283c334e">
      <Execution id="befedcea-dfce-48d5-bf50-17060b57cc08" />
      <TestMethod codeBase="/home/adam/Dev/omega-spiral/chapter-zero/.godot/mono/temp/bin/Debug/chapter-zero.dll" adapterTypeName="executor://gdunit4.testadapter/" className="OmegaSpiral.Tests.Integration.Ui.Omega.OmegaBorderFrame_UnitTests" name="GetWaveSpeed_ReturnsCurrent" />
    </UnitTest>
    <UnitTest name="FactoryMethods_CanBeCalledInSequence_WithoutErrors" storage="/home/adam/dev/omega-spiral/chapter-zero/.godot/mono/temp/bin/debug/chapter-zero.dll" id="d4b218e5-2ea5-4e94-b308-f66cce493817">
      <Execution id="9114b137-a09c-4eea-9d1f-814fdbd33fdc" />
      <TestMethod codeBase="/home/adam/Dev/omega-spiral/chapter-zero/.godot/mono/temp/bin/Debug/chapter-zero.dll" adapterTypeName="executor://gdunit4.testadapter/" className="OmegaSpiral.Tests.Integration.Ui.Omega.OmegaComponentFactory_UnitTests" name="FactoryMethods_CanBeCalledInSequence_WithoutErrors" />
    </UnitTest>
    <UnitTest name="CreditsMenu_FocusesBackButton" storage="/home/adam/dev/omega-spiral/chapter-zero/.godot/mono/temp/bin/debug/chapter-zero.dll" id="9a50ee73-4ad8-4fc4-b283-fd9578e3ce52">
      <Execution id="c8637132-0be5-4af1-bdf2-38d1942fe500" />
      <TestMethod codeBase="/home/adam/Dev/omega-spiral/chapter-zero/.godot/mono/temp/bin/Debug/chapter-zero.dll" adapterTypeName="executor://gdunit4.testadapter/" className="OmegaSpiral.Tests.Integration.Ui.CreditsMenuTests" name="CreditsMenu_FocusesBackButton" />
    </UnitTest>
    <UnitTest name="ConfigureAnimationSpeed_UpdatesBothParameters" storage="/home/adam/dev/omega-spiral/chapter-zero/.godot/mono/temp/bin/debug/chapter-zero.dll" id="4327a587-6b7a-41cb-afe9-b8df474a58d9">
      <Execution id="3257f7ae-096a-4b70-8a0c-ce904201ec32" />
      <TestMethod codeBase="/home/adam/Dev/omega-spiral/chapter-zero/.godot/mono/temp/bin/Debug/chapter-zero.dll" adapterTypeName="executor://gdunit4.testadapter/" className="OmegaSpiral.Tests.Integration.Ui.Omega.OmegaBorderFrame_UnitTests" name="ConfigureAnimationSpeed_UpdatesBothParameters" />
    </UnitTest>
    <UnitTest name="AvailablePresets_AllCanBeRetrieved" storage="/home/adam/dev/omega-spiral/chapter-zero/.godot/mono/temp/bin/debug/chapter-zero.dll" id="250d611b-1f24-41c6-a46a-deacb6600526">
      <Execution id="a83bc616-9b86-485a-9c7f-37b3ba9a3d17" />
      <TestMethod codeBase="/home/adam/Dev/omega-spiral/chapter-zero/.godot/mono/temp/bin/Debug/chapter-zero.dll" adapterTypeName="executor://gdunit4.testadapter/" className="OmegaSpiral.Tests.Unit.Common.Omega.OmegaShaderPresetsTests" name="AvailablePresets_AllCanBeRetrieved" />
    </UnitTest>
    <UnitTest name="Menu_IsEnabledByDefault" storage="/home/adam/dev/omega-spiral/chapter-zero/.godot/mono/temp/bin/debug/chapter-zero.dll" id="85e4362d-bf38-427d-b727-6db18904140d">
      <Execution id="b03a300d-fe11-4955-a610-38d18ba94454" />
      <TestMethod codeBase="/home/adam/Dev/omega-spiral/chapter-zero/.godot/mono/temp/bin/Debug/chapter-zero.dll" adapterTypeName="executor://gdunit4.testadapter/" className="OmegaSpiral.Tests.Integration.Ui.BaseMenuUiTests" name="Menu_IsEnabledByDefault" />
    </UnitTest>
    <UnitTest name="ApplyVisualPresetAsync_PhosphorPreset_AppliesCorrectShader" storage="/home/adam/dev/omega-spiral/chapter-zero/.godot/mono/temp/bin/debug/chapter-zero.dll" id="8ef6dadb-53d0-4e0a-95c4-c28e63fece4d">
      <Execution id="91233b65-0697-401e-9596-b2ca4fc9be54" />
      <TestMethod codeBase="/home/adam/Dev/omega-spiral/chapter-zero/.godot/mono/temp/bin/Debug/chapter-zero.dll" adapterTypeName="executor://gdunit4.testadapter/" className="OmegaSpiral.Tests.Unit.Common.Omega.OmegaShaderControllerTests" name="ApplyVisualPresetAsync_PhosphorPreset_AppliesCorrectShader" />
    </UnitTest>
    <UnitTest name="ApplyVisualPresetAsync_ScanlinesPreset_AppliesCorrectShader" storage="/home/adam/dev/omega-spiral/chapter-zero/.godot/mono/temp/bin/debug/chapter-zero.dll" id="c88eef16-280d-4f2a-8e28-83ae0e14cf6c">
      <Execution id="38bf4c84-7d32-428c-9d18-e06d51173b60" />
      <TestMethod codeBase="/home/adam/Dev/omega-spiral/chapter-zero/.godot/mono/temp/bin/Debug/chapter-zero.dll" adapterTypeName="executor://gdunit4.testadapter/" className="OmegaSpiral.Tests.Unit.Common.Omega.OmegaShaderControllerTests" name="ApplyVisualPresetAsync_ScanlinesPreset_AppliesCorrectShader" />
    </UnitTest>
    <UnitTest name="CreateBorderFrame_AppliesOmegaColors" storage="/home/adam/dev/omega-spiral/chapter-zero/.godot/mono/temp/bin/debug/chapter-zero.dll" id="0896d806-180c-489b-96f2-ac8b401375a6">
      <Execution id="be67a537-be44-4bd2-b77c-ea8eb302dba7" />
      <TestMethod codeBase="/home/adam/Dev/omega-spiral/chapter-zero/.godot/mono/temp/bin/Debug/chapter-zero.dll" adapterTypeName="executor://gdunit4.testadapter/" className="OmegaSpiral.Tests.Integration.Ui.Omega.OmegaComponentFactory_UnitTests" name="CreateBorderFrame_AppliesOmegaColors" />
    </UnitTest>
    <UnitTest name="ThreadColors_AppliedFromDesignSystem" storage="/home/adam/dev/omega-spiral/chapter-zero/.godot/mono/temp/bin/debug/chapter-zero.dll" id="8e2e6d60-1f1d-4f1b-83c0-660c65dad560">
      <Execution id="4577bf0d-9688-447c-98ba-8d460d536e3c" />
      <TestMethod codeBase="/home/adam/Dev/omega-spiral/chapter-zero/.godot/mono/temp/bin/Debug/chapter-zero.dll" adapterTypeName="executor://gdunit4.testadapter/" className="OmegaSpiral.Tests.Integration.Ui.Omega.OmegaBorderFrame_UnitTests" name="ThreadColors_AppliedFromDesignSystem" />
    </UnitTest>
    <UnitTest name="TerminalInput_AcceptsSelection_ReturnsCorrectIndex" storage="/home/adam/dev/omega-spiral/chapter-zero/.godot/mono/temp/bin/debug/chapter-zero.dll" id="2ba8d42d-c297-4ebc-8e33-a327173158a9">
      <Execution id="9b62b6e8-3b43-447b-ac23-8d37f46ff9a9" />
      <TestMethod codeBase="/home/adam/Dev/omega-spiral/chapter-zero/.godot/mono/temp/bin/Debug/chapter-zero.dll" adapterTypeName="executor://gdunit4.testadapter/" className="OmegaSpiral.Tests.Integration.Common.OmegaIntegrationTests" name="TerminalInput_AcceptsSelection_ReturnsCorrectIndex" />
    </UnitTest>
    <UnitTest name="CreateShaderController_WithNullDisplay_ThrowsException" storage="/home/adam/dev/omega-spiral/chapter-zero/.godot/mono/temp/bin/debug/chapter-zero.dll" id="b83ac0b7-d4a2-4f97-90a3-c047c230b5c6">
      <Execution id="b752c1e2-b471-4acd-9dd8-40f5e0f6c481" />
      <TestMethod codeBase="/home/adam/Dev/omega-spiral/chapter-zero/.godot/mono/temp/bin/Debug/chapter-zero.dll" adapterTypeName="executor://gdunit4.testadapter/" className="OmegaSpiral.Tests.Integration.Ui.Omega.OmegaComponentFactory_UnitTests" name="CreateShaderController_WithNullDisplay_ThrowsException" />
    </UnitTest>
    <UnitTest name="GethighestscoringdreamweaverHandlesties" storage="/home/adam/dev/omega-spiral/chapter-zero/.godot/mono/temp/bin/debug/chapter-zero.dll" id="2bcebe4b-4bf7-4378-b85d-8fe0e0d5c50a">
      <Execution id="e522fbd9-61f5-4a5b-9b49-ca629c3890d8" />
      <TestMethod codeBase="/home/adam/Dev/omega-spiral/chapter-zero/.godot/mono/temp/bin/Debug/chapter-zero.dll" adapterTypeName="executor://gdunit4.testadapter/" className="OmegaSpiral.Tests.Unit.Common.GameStateTests" name="GethighestscoringdreamweaverHandlesties" />
    </UnitTest>
    <UnitTest name="ChoiceButton_InheritsFromButton" storage="/home/adam/dev/omega-spiral/chapter-zero/.godot/mono/temp/bin/debug/chapter-zero.dll" id="9aff712b-236e-495e-8636-3766892f396a">
      <Execution id="fc2ae8a6-be0e-40e8-a156-6a88020e43cb" />
      <TestMethod codeBase="/home/adam/Dev/omega-spiral/chapter-zero/.godot/mono/temp/bin/Debug/chapter-zero.dll" adapterTypeName="executor://gdunit4.testadapter/" className="OmegaSpiral.Tests.Integration.Ui.Omega.ChoiceButtonTests" name="ChoiceButton_InheritsFromButton" />
    </UnitTest>
    <UnitTest name="ResetShaderEffects_AfterApplyingPreset_RemovesMaterial" storage="/home/adam/dev/omega-spiral/chapter-zero/.godot/mono/temp/bin/debug/chapter-zero.dll" id="a00fc406-cef7-43a1-a748-5dd932e36d43">
      <Execution id="5f59ae1e-24bc-4503-a00f-f34ec2a01481" />
      <TestMethod codeBase="/home/adam/Dev/omega-spiral/chapter-zero/.godot/mono/temp/bin/Debug/chapter-zero.dll" adapterTypeName="executor://gdunit4.testadapter/" className="OmegaSpiral.Tests.Unit.Common.Omega.OmegaShaderControllerTests" name="ResetShaderEffects_AfterApplyingPreset_RemovesMaterial" />
    </UnitTest>
    <UnitTest name="SetDreamweaverThreadStoresValueCorrectly" storage="/home/adam/dev/omega-spiral/chapter-zero/.godot/mono/temp/bin/debug/chapter-zero.dll" id="ab3a5a45-9dd6-493e-8c8e-9491ec7b3125">
      <Execution id="a7be588c-2c75-40c0-bcd4-43e262c11b7b" />
      <TestMethod codeBase="/home/adam/Dev/omega-spiral/chapter-zero/.godot/mono/temp/bin/Debug/chapter-zero.dll" adapterTypeName="executor://gdunit4.testadapter/" className="OmegaSpiral.Tests.Unit.Common.SceneManagerTests" name="SetDreamweaverThreadStoresValueCorrectly" />
    </UnitTest>
    <UnitTest name="Properties_AreReadWriteAccessible" storage="/home/adam/dev/omega-spiral/chapter-zero/.godot/mono/temp/bin/debug/chapter-zero.dll" id="89266541-3003-456d-aa0a-3ee049fadf07">
      <Execution id="5fa9e8d7-4848-4d2f-83cf-1d662c60247f" />
      <TestMethod codeBase="/home/adam/Dev/omega-spiral/chapter-zero/.godot/mono/temp/bin/Debug/chapter-zero.dll" adapterTypeName="executor://gdunit4.testadapter/" className="OmegaSpiral.Tests.Integration.Ui.Omega.ChoiceButtonTests" name="Properties_AreReadWriteAccessible" />
    </UnitTest>
    <UnitTest name="SetTextColor_ChangesColorOfSubsequentText" storage="/home/adam/dev/omega-spiral/chapter-zero/.godot/mono/temp/bin/debug/chapter-zero.dll" id="8dcc471a-40c9-4e29-914b-a0869fe52cad">
      <Execution id="99391e42-eb5a-40e3-9322-bd7eb456a2be" />
      <TestMethod codeBase="/home/adam/Dev/omega-spiral/chapter-zero/.godot/mono/temp/bin/Debug/chapter-zero.dll" adapterTypeName="executor://gdunit4.testadapter/" className="OmegaSpiral.Tests.Integration.Ui.Omega.OmegaTextRendererTests" name="SetTextColor_ChangesColorOfSubsequentText" />
    </UnitTest>
    <UnitTest name="MenuTitle_UsesAmberDesignColor" storage="/home/adam/dev/omega-spiral/chapter-zero/.godot/mono/temp/bin/debug/chapter-zero.dll" id="89ca1b34-1265-46ad-8e4e-909824e6141a">
      <Execution id="2b23d018-3dce-481e-a48d-7d96d3ef2b54" />
      <TestMethod codeBase="/home/adam/Dev/omega-spiral/chapter-zero/.godot/mono/temp/bin/Debug/chapter-zero.dll" adapterTypeName="executor://gdunit4.testadapter/" className="OmegaSpiral.Tests.Integration.Ui.Menus.MainMenuTests" name="MenuTitle_UsesAmberDesignColor" />
    </UnitTest>
    <UnitTest name="Interface_HasPresentChoicesAsyncMethod" storage="/home/adam/dev/omega-spiral/chapter-zero/.godot/mono/temp/bin/debug/chapter-zero.dll" id="2b770a98-257d-4ffc-82b7-c88974baf4b4">
      <Execution id="14703561-3f35-4905-8537-05f84349b05d" />
      <TestMethod codeBase="/home/adam/Dev/omega-spiral/chapter-zero/.godot/mono/temp/bin/Debug/chapter-zero.dll" adapterTypeName="executor://gdunit4.testadapter/" className="OmegaSpiral.Tests.Unit.Common.Omega.IOmegaChoicePresenterTests" name="Interface_HasPresentChoicesAsyncMethod" />
    </UnitTest>
    <UnitTest name="PhosphorPulseRange_HasCorrectMinMax" storage="/home/adam/dev/omega-spiral/chapter-zero/.godot/mono/temp/bin/debug/chapter-zero.dll" id="767ff1bf-966c-49f3-aeb4-637b261612dd">
      <Execution id="5ef1751b-fdab-4f34-9491-2c214fa2084b" />
      <TestMethod codeBase="/home/adam/Dev/omega-spiral/chapter-zero/.godot/mono/temp/bin/Debug/chapter-zero.dll" adapterTypeName="executor://gdunit4.testadapter/" className="OmegaSpiral.Tests.Unit.Common.Omega.OmegaSpiralColorsTests" name="PhosphorPulseRange_HasCorrectMinMax" />
    </UnitTest>
  </TestDefinitions>
  <TestEntries>
    <TestEntry testId="783eb0b3-1bdc-4ace-b07d-36a3100e9aa6" executionId="d2445d4b-1bf0-4562-8e98-5816d756df20" testListId="8c84fa94-04c1-424b-9868-57a2d4851a1d" />
    <TestEntry testId="28204085-e96a-4fef-9cf9-19bbc3f1e806" executionId="3daf4e5d-d4ae-4d4d-aad3-bdd1dee37aa0" testListId="8c84fa94-04c1-424b-9868-57a2d4851a1d" />
    <TestEntry testId="515ed10d-2a00-4f3e-ad33-09396ca84cc1" executionId="ba451c5a-d876-4dc5-8082-c030f07b7234" testListId="8c84fa94-04c1-424b-9868-57a2d4851a1d" />
    <TestEntry testId="89ca1b34-1265-46ad-8e4e-909824e6141a" executionId="2b23d018-3dce-481e-a48d-7d96d3ef2b54" testListId="8c84fa94-04c1-424b-9868-57a2d4851a1d" />
    <TestEntry testId="94a8cfbe-0be1-4de5-a98f-8cc26ce7f61b" executionId="4288e8e2-50de-4eb0-af57-a699c45f0fc1" testListId="8c84fa94-04c1-424b-9868-57a2d4851a1d" />
    <TestEntry testId="bf2fe4de-a164-4a10-9713-465d21169677" executionId="893cd9c4-78b8-4e4e-bf43-b77839bbb5f2" testListId="8c84fa94-04c1-424b-9868-57a2d4851a1d" />
    <TestEntry testId="16f2aab2-8fd1-407a-bc03-12d7a3071355" executionId="a56e52fc-d0f1-4280-995b-12b905f8bdcc" testListId="8c84fa94-04c1-424b-9868-57a2d4851a1d" />
    <TestEntry testId="3380be89-5b3d-40eb-bd1e-aa9a640fd399" executionId="57185563-53f3-435f-9a07-7b9b49863f7e" testListId="8c84fa94-04c1-424b-9868-57a2d4851a1d" />
    <TestEntry testId="324e6869-4a5a-47a8-ba4a-184ef7bfd834" executionId="afa4413f-cd63-4bf6-bd33-2bf303727885" testListId="8c84fa94-04c1-424b-9868-57a2d4851a1d" />
    <TestEntry testId="0fe73695-f454-4371-bf3c-571ebb8602e0" executionId="a90ff35d-46fc-4093-8dcb-64f895f95ab1" testListId="8c84fa94-04c1-424b-9868-57a2d4851a1d" />
    <TestEntry testId="bc5d4546-fb3d-4e23-8efc-b6098fec7d10" executionId="7624d60c-7eb9-4122-b07f-d0cfd5be4956" testListId="8c84fa94-04c1-424b-9868-57a2d4851a1d" />
    <TestEntry testId="686fb6bb-ecaf-483f-910a-94b304833c0c" executionId="a78f6749-fb7a-411a-bc61-1157bae17ea0" testListId="8c84fa94-04c1-424b-9868-57a2d4851a1d" />
    <TestEntry testId="c5576f40-55e7-46f8-8af2-8471dcffd157" executionId="608e143e-5ed1-4bdf-8831-30d967dbfa59" testListId="8c84fa94-04c1-424b-9868-57a2d4851a1d" />
    <TestEntry testId="0b952582-2742-49c0-a56b-c06b9a7bd947" executionId="b6ba38bb-b8f5-484c-9b28-55afb0e16c45" testListId="8c84fa94-04c1-424b-9868-57a2d4851a1d" />
    <TestEntry testId="767ff1bf-966c-49f3-aeb4-637b261612dd" executionId="5ef1751b-fdab-4f34-9491-2c214fa2084b" testListId="8c84fa94-04c1-424b-9868-57a2d4851a1d" />
    <TestEntry testId="bbbbebb1-8c74-4313-83c9-2d5d3f5c708e" executionId="ae5cb8d9-4191-4e9b-996f-d342c9a358ab" testListId="8c84fa94-04c1-424b-9868-57a2d4851a1d" />
    <TestEntry testId="3fc69aa8-54b3-4e86-9759-1b9390976de8" executionId="210344d4-0750-4996-be59-fee78d25b6c8" testListId="8c84fa94-04c1-424b-9868-57a2d4851a1d" />
    <TestEntry testId="d9be5457-45f4-4b4a-821d-f0b88ea27b61" executionId="4c477cf5-6106-4649-94f3-288876769040" testListId="8c84fa94-04c1-424b-9868-57a2d4851a1d" />
    <TestEntry testId="f6072542-a4c7-4af7-abde-932fd18dc7fa" executionId="224afcfc-88a0-45fa-b7e9-4c0f109eaaec" testListId="8c84fa94-04c1-424b-9868-57a2d4851a1d" />
    <TestEntry testId="17af4cc3-b1dc-475b-a2da-51e3616cd0c3" executionId="bded5dab-aab9-44ed-8994-641dcf459006" testListId="8c84fa94-04c1-424b-9868-57a2d4851a1d" />
    <TestEntry testId="309bc29b-5378-40ca-b1d0-7a8cf5831ab1" executionId="8149ee0e-ae1e-463c-acae-9456bd01cb8e" testListId="8c84fa94-04c1-424b-9868-57a2d4851a1d" />
    <TestEntry testId="7e97be42-b11f-48b9-ad12-6e82503faaa0" executionId="dc742d18-ed64-43ba-a41d-bab5c6844312" testListId="8c84fa94-04c1-424b-9868-57a2d4851a1d" />
    <TestEntry testId="5315c792-9426-4acf-98fd-2e6b1d70ef10" executionId="3d993759-b028-4639-ace1-244b36ac57f6" testListId="8c84fa94-04c1-424b-9868-57a2d4851a1d" />
    <TestEntry testId="5be1a814-38b1-40ee-bb74-995a453933c9" executionId="d55830d6-089e-4272-8006-f619f08bc58a" testListId="8c84fa94-04c1-424b-9868-57a2d4851a1d" />
    <TestEntry testId="244ab1df-db65-4d2b-b278-68d19fff0283" executionId="871ae180-b8b7-4aa9-b091-38923867cb8f" testListId="8c84fa94-04c1-424b-9868-57a2d4851a1d" />
    <TestEntry testId="62dcf2f7-4888-4c5e-8f5b-6c16d702c9ef" executionId="9aaa9993-b628-4249-a0b4-99efd77b5652" testListId="8c84fa94-04c1-424b-9868-57a2d4851a1d" />
    <TestEntry testId="8aa2a5ee-d0f6-4e98-9f90-9cd98347ea6a" executionId="88d296c8-9e2b-4a23-8316-48f7f048b866" testListId="8c84fa94-04c1-424b-9868-57a2d4851a1d" />
    <TestEntry testId="71085cfa-f912-4cd8-a260-efc3d44fa3c5" executionId="a07ca22f-b200-4f1a-8661-21acbfb7539a" testListId="8c84fa94-04c1-424b-9868-57a2d4851a1d" />
    <TestEntry testId="099f2657-7fb7-419e-ac9f-2efef16eba6f" executionId="11295796-4a18-4019-9e94-15afbf7b9159" testListId="8c84fa94-04c1-424b-9868-57a2d4851a1d" />
    <TestEntry testId="a1ca61f6-750e-42a4-8f6d-4cc381586990" executionId="65ccac5f-008a-46a4-965c-5fa4b0a93762" testListId="8c84fa94-04c1-424b-9868-57a2d4851a1d" />
    <TestEntry testId="608bca71-b8cb-4330-902f-b2fcc09b5dea" executionId="f63cfd1e-e41d-4572-838e-de350c48154b" testListId="8c84fa94-04c1-424b-9868-57a2d4851a1d" />
    <TestEntry testId="2d49967d-d77a-4d45-ad48-8bbe79f0f297" executionId="efc712b1-112f-479e-b65b-1c37d407c748" testListId="8c84fa94-04c1-424b-9868-57a2d4851a1d" />
    <TestEntry testId="4759a0d7-8c78-4bdd-993a-fadcfe192869" executionId="13b7a9ba-a604-4f7b-b5d0-a12ee41008d2" testListId="8c84fa94-04c1-424b-9868-57a2d4851a1d" />
    <TestEntry testId="d17143e3-55b3-4f89-9a9f-5ded59d2c99d" executionId="ab3a9616-aa20-4484-aa3d-f6ac95b31e85" testListId="8c84fa94-04c1-424b-9868-57a2d4851a1d" />
    <TestEntry testId="715fbcf5-e14d-4787-9417-39b0d67a50c8" executionId="736096e5-fc4d-49b4-aab8-3009d41f0d20" testListId="8c84fa94-04c1-424b-9868-57a2d4851a1d" />
    <TestEntry testId="a784ce16-3a53-44b7-b3ce-7d8684bd8cb8" executionId="7234144b-35cc-4f37-995b-9524a785ca69" testListId="8c84fa94-04c1-424b-9868-57a2d4851a1d" />
    <TestEntry testId="d941ff99-f73c-4f20-b37d-be2d65a905e1" executionId="97543da1-bc07-4bde-a621-49455ea227f7" testListId="8c84fa94-04c1-424b-9868-57a2d4851a1d" />
    <TestEntry testId="232f6251-daac-49ea-bada-d571fa017363" executionId="767b2c1b-d0d1-473c-8225-212e4decb44e" testListId="8c84fa94-04c1-424b-9868-57a2d4851a1d" />
    <TestEntry testId="a7e426cc-a157-4ab3-84ed-77794764bed7" executionId="dfe7f0bf-bee7-4bec-8fa9-a66e5ae8db8e" testListId="8c84fa94-04c1-424b-9868-57a2d4851a1d" />
    <TestEntry testId="0069937b-6ec5-4dc6-8252-e8d7af151c11" executionId="5c2a9719-c7e6-46b9-96b8-1b127d8831a9" testListId="8c84fa94-04c1-424b-9868-57a2d4851a1d" />
    <TestEntry testId="14e365a7-69a9-4853-ba3b-8f489030947f" executionId="0fb846ba-0e9f-458f-9b0b-f19faa6bcc5c" testListId="8c84fa94-04c1-424b-9868-57a2d4851a1d" />
    <TestEntry testId="9a50ee73-4ad8-4fc4-b283-fd9578e3ce52" executionId="c8637132-0be5-4af1-bdf2-38d1942fe500" testListId="8c84fa94-04c1-424b-9868-57a2d4851a1d" />
    <TestEntry testId="608bca71-b8cb-4330-902f-b2fcc09b5dea" executionId="8d3d79a0-6c0b-4030-8360-534ccc6f7971" testListId="8c84fa94-04c1-424b-9868-57a2d4851a1d" />
    <TestEntry testId="70e6e487-43fb-467d-b53b-649dcf6a0f4c" executionId="a285c613-627d-4364-9a36-90f097c90ebd" testListId="8c84fa94-04c1-424b-9868-57a2d4851a1d" />
    <TestEntry testId="ddf480fd-3b18-4eff-b69f-6a3483d173a1" executionId="51f5e454-5b62-460f-9765-2683c18deaf5" testListId="8c84fa94-04c1-424b-9868-57a2d4851a1d" />
    <TestEntry testId="f2f3502b-3a82-4de5-b5c3-34f258204769" executionId="fa4e2257-917b-4e8f-a302-312e0943c970" testListId="8c84fa94-04c1-424b-9868-57a2d4851a1d" />
    <TestEntry testId="9dd4531e-464b-4a63-8dd2-0aac9127634b" executionId="cfa33d8e-9ef4-496f-ab82-a4009c4af92b" testListId="8c84fa94-04c1-424b-9868-57a2d4851a1d" />
    <TestEntry testId="ab3a5a45-9dd6-493e-8c8e-9491ec7b3125" executionId="7a9e57aa-4ab0-4192-82ec-ae8950ba64ee" testListId="8c84fa94-04c1-424b-9868-57a2d4851a1d" />
    <TestEntry testId="d77bb639-4393-47a5-857d-3a40dfd587a3" executionId="650f1107-a519-43c0-8419-4546eedc6a68" testListId="8c84fa94-04c1-424b-9868-57a2d4851a1d" />
    <TestEntry testId="2fd13886-b7de-4b79-bd06-45724df20940" executionId="a9cfb110-7cd0-4a9a-b214-73a9469fc553" testListId="8c84fa94-04c1-424b-9868-57a2d4851a1d" />
    <TestEntry testId="4e0f0109-4dfd-452e-bc21-65d40c4e6b30" executionId="22d93d37-5d17-4b73-9229-2f06c9abf300" testListId="8c84fa94-04c1-424b-9868-57a2d4851a1d" />
    <TestEntry testId="7cb47656-1c71-4120-bc2f-e01d1b13efb5" executionId="b6476b21-c8ba-4663-9902-bb1e25d300f7" testListId="8c84fa94-04c1-424b-9868-57a2d4851a1d" />
    <TestEntry testId="80ab21ff-f93e-4027-8d8c-c3db990673ba" executionId="51297b9f-c7e1-4db2-92c8-f91d52f85d0f" testListId="8c84fa94-04c1-424b-9868-57a2d4851a1d" />
    <TestEntry testId="a1ca61f6-750e-42a4-8f6d-4cc381586990" executionId="6b583610-0846-440a-a646-717418cc4c05" testListId="8c84fa94-04c1-424b-9868-57a2d4851a1d" />
    <TestEntry testId="1b603e60-082f-481e-b05a-8d3afc1443b8" executionId="fed3e796-98b7-4353-a3d8-638e1039a14c" testListId="8c84fa94-04c1-424b-9868-57a2d4851a1d" />
    <TestEntry testId="7868f722-99f0-4cf9-bb6d-ef242dec1130" executionId="cfff289d-d781-46a3-8a17-a8edbbac4d56" testListId="8c84fa94-04c1-424b-9868-57a2d4851a1d" />
    <TestEntry testId="515ed10d-2a00-4f3e-ad33-09396ca84cc1" executionId="cc1f6c1a-5745-46f3-a901-334278d4e4e9" testListId="8c84fa94-04c1-424b-9868-57a2d4851a1d" />
    <TestEntry testId="7a1175a7-bd5c-4b69-8336-34a27995ddc3" executionId="d058ba4d-012c-40f8-931e-168fae8accdd" testListId="8c84fa94-04c1-424b-9868-57a2d4851a1d" />
    <TestEntry testId="715fbcf5-e14d-4787-9417-39b0d67a50c8" executionId="c5c9efb9-0dd3-41e2-87b8-a13f343f26f0" testListId="8c84fa94-04c1-424b-9868-57a2d4851a1d" />
    <TestEntry testId="0a015625-4f95-4624-b013-27ac80bfc716" executionId="597a5175-4328-4a32-b675-7d4411f8eda1" testListId="8c84fa94-04c1-424b-9868-57a2d4851a1d" />
    <TestEntry testId="693a816e-7015-4de0-acb6-1a495ae4ab87" executionId="7b851e12-8d09-43d3-ae89-963d1699fbbb" testListId="8c84fa94-04c1-424b-9868-57a2d4851a1d" />
    <TestEntry testId="fa6489ee-ec24-4fc8-9656-8bf69cce58c1" executionId="2de44564-2e73-406f-8d6e-d496dc0ccc82" testListId="8c84fa94-04c1-424b-9868-57a2d4851a1d" />
    <TestEntry testId="dd37339b-29e0-4eba-96fd-909332a14c69" executionId="9b02e8c9-f09e-4bd6-aea4-273a37e263fd" testListId="8c84fa94-04c1-424b-9868-57a2d4851a1d" />
    <TestEntry testId="8c941ede-19a1-40e4-bce3-087596414ea5" executionId="36324eb6-d904-4ece-8394-1355f5299e60" testListId="8c84fa94-04c1-424b-9868-57a2d4851a1d" />
    <TestEntry testId="86119f86-181c-4ca5-b48b-05f0b5ffefea" executionId="48c97848-3620-4eb1-ae81-73918cbbf5fd" testListId="8c84fa94-04c1-424b-9868-57a2d4851a1d" />
    <TestEntry testId="d4a5631c-5fdc-42df-9123-f20e48e4ac94" executionId="160e6a78-d0a1-42ec-b7a6-e5a94fb029c1" testListId="8c84fa94-04c1-424b-9868-57a2d4851a1d" />
    <TestEntry testId="c5576f40-55e7-46f8-8af2-8471dcffd157" executionId="93f85218-ea31-48b8-b4f4-b861f9a2779e" testListId="8c84fa94-04c1-424b-9868-57a2d4851a1d" />
    <TestEntry testId="c22c31d0-124b-4c31-8f76-d35c42985918" executionId="c57cb758-c926-4c4b-bd97-9365e76426cd" testListId="8c84fa94-04c1-424b-9868-57a2d4851a1d" />
    <TestEntry testId="38cbe257-6fd9-4619-a7d0-6a2321a328eb" executionId="2a5a00a9-768b-4ac7-8ba7-5605f896e219" testListId="8c84fa94-04c1-424b-9868-57a2d4851a1d" />
    <TestEntry testId="324e6869-4a5a-47a8-ba4a-184ef7bfd834" executionId="16b88b08-e679-48f8-9a1b-2e1e49c38811" testListId="8c84fa94-04c1-424b-9868-57a2d4851a1d" />
    <TestEntry testId="dabbeae1-98b0-4054-898c-d2d706de363d" executionId="8c4f3e02-6ca8-45b8-b37f-f08533e63ed1" testListId="8c84fa94-04c1-424b-9868-57a2d4851a1d" />
    <TestEntry testId="e889cac8-d415-4c96-a9f5-543cb467971c" executionId="b2215916-8bf4-4498-9e2f-6405148458f0" testListId="8c84fa94-04c1-424b-9868-57a2d4851a1d" />
    <TestEntry testId="0069937b-6ec5-4dc6-8252-e8d7af151c11" executionId="761c6e57-ce99-45a0-aa38-ef5fa90815ea" testListId="8c84fa94-04c1-424b-9868-57a2d4851a1d" />
    <TestEntry testId="a1f99e48-36e8-44a0-98b0-66dca38e0e2c" executionId="f861dde0-be53-4d0c-95ff-e7a8e76f6e6c" testListId="8c84fa94-04c1-424b-9868-57a2d4851a1d" />
    <TestEntry testId="783eb0b3-1bdc-4ace-b07d-36a3100e9aa6" executionId="61c102d9-3633-4f08-a65d-5724abbcab2f" testListId="8c84fa94-04c1-424b-9868-57a2d4851a1d" />
    <TestEntry testId="66a8dc8a-6913-4426-8805-29f9d048163e" executionId="63aeda5c-b462-4e45-aefb-5f36e544aba7" testListId="8c84fa94-04c1-424b-9868-57a2d4851a1d" />
    <TestEntry testId="45fc9b55-5948-44b8-9d1f-d43080b40ffe" executionId="6fd93cd5-5e5a-4b13-aca4-1311db3e37ba" testListId="8c84fa94-04c1-424b-9868-57a2d4851a1d" />
    <TestEntry testId="9ec322e6-bf68-4540-93fa-77df77e5de22" executionId="2f03e5f5-ae23-40b4-be6c-cd22a1d7a653" testListId="8c84fa94-04c1-424b-9868-57a2d4851a1d" />
    <TestEntry testId="14e365a7-69a9-4853-ba3b-8f489030947f" executionId="d5099485-d8aa-4e56-a3ea-e8545fcd4f31" testListId="8c84fa94-04c1-424b-9868-57a2d4851a1d" />
    <TestEntry testId="8dcc471a-40c9-4e29-914b-a0869fe52cad" executionId="99391e42-eb5a-40e3-9322-bd7eb456a2be" testListId="8c84fa94-04c1-424b-9868-57a2d4851a1d" />
    <TestEntry testId="d0d775ad-9a76-4eaa-8003-fe6d50b1db65" executionId="bea7b104-9213-4d98-8d85-26083421e671" testListId="8c84fa94-04c1-424b-9868-57a2d4851a1d" />
    <TestEntry testId="79e55fb6-a5b9-4d63-9ed2-77a3af26d4ab" executionId="55be6563-0ddf-46a4-afe3-89991b39fb7c" testListId="8c84fa94-04c1-424b-9868-57a2d4851a1d" />
    <TestEntry testId="99bc75e0-9470-4dcf-a32a-12ac0f0d85ca" executionId="c9ba6a00-7cda-41b0-9be3-c0b633d93904" testListId="8c84fa94-04c1-424b-9868-57a2d4851a1d" />
    <TestEntry testId="cb419af2-ecfc-4843-9eea-a7cc02fe1a70" executionId="144a8573-11c8-4eeb-bcbe-dc62d77fe91c" testListId="8c84fa94-04c1-424b-9868-57a2d4851a1d" />
    <TestEntry testId="848dbf0e-dea5-4c89-94b9-46e481c937b2" executionId="1c401415-82ac-4dca-b4f1-6d92e3e96a08" testListId="8c84fa94-04c1-424b-9868-57a2d4851a1d" />
    <TestEntry testId="3fe22a86-3c41-40e4-9bc0-ff0b39530e7a" executionId="492b5af3-acbb-40a9-8fac-3c9b57b22cdd" testListId="8c84fa94-04c1-424b-9868-57a2d4851a1d" />
    <TestEntry testId="9a50ee73-4ad8-4fc4-b283-fd9578e3ce52" executionId="70777624-2752-426e-914b-05843826e694" testListId="8c84fa94-04c1-424b-9868-57a2d4851a1d" />
    <TestEntry testId="29a8cad6-47b2-4a11-b518-72ed1366ee04" executionId="39ed9185-386d-418f-85ae-bb94e1ead6b4" testListId="8c84fa94-04c1-424b-9868-57a2d4851a1d" />
    <TestEntry testId="99bc75e0-9470-4dcf-a32a-12ac0f0d85ca" executionId="f67dd412-102c-4d84-8c54-381c031136a7" testListId="8c84fa94-04c1-424b-9868-57a2d4851a1d" />
    <TestEntry testId="a916170a-32c7-42f2-8a84-aa9c283c334e" executionId="befedcea-dfce-48d5-bf50-17060b57cc08" testListId="8c84fa94-04c1-424b-9868-57a2d4851a1d" />
    <TestEntry testId="3380be89-5b3d-40eb-bd1e-aa9a640fd399" executionId="61ea27b1-c41b-4916-9037-a35a7f49743e" testListId="8c84fa94-04c1-424b-9868-57a2d4851a1d" />
    <TestEntry testId="a81df727-9a94-483f-b3b1-06ea606bfd11" executionId="784de1aa-5752-41a1-9ccb-288df9a1fb57" testListId="8c84fa94-04c1-424b-9868-57a2d4851a1d" />
    <TestEntry testId="2878e7a1-cece-493d-9136-ebc5caa1303a" executionId="604a1ddb-153e-4f46-8acf-fb1e555aecc9" testListId="8c84fa94-04c1-424b-9868-57a2d4851a1d" />
    <TestEntry testId="7e97be42-b11f-48b9-ad12-6e82503faaa0" executionId="77e405e3-5ae0-4735-b5bf-ef6f0091c165" testListId="8c84fa94-04c1-424b-9868-57a2d4851a1d" />
    <TestEntry testId="bf2fe4de-a164-4a10-9713-465d21169677" executionId="9dd632ec-207d-47f6-8830-375cc55707d1" testListId="8c84fa94-04c1-424b-9868-57a2d4851a1d" />
    <TestEntry testId="093d53c1-38bc-407c-8289-914cdc30fb96" executionId="13f923ad-0822-46ef-8a92-b418a44fd9e4" testListId="8c84fa94-04c1-424b-9868-57a2d4851a1d" />
    <TestEntry testId="94708ccf-86f9-4d8d-aa92-d079f9ce725d" executionId="f8c1cc08-42da-4359-af5c-d596625ba601" testListId="8c84fa94-04c1-424b-9868-57a2d4851a1d" />
    <TestEntry testId="542f6310-7d01-4f3c-98f0-324a0183fabb" executionId="edae9d6a-e3e2-456c-b415-576f1f6525f5" testListId="8c84fa94-04c1-424b-9868-57a2d4851a1d" />
    <TestEntry testId="28204085-e96a-4fef-9cf9-19bbc3f1e806" executionId="843458e9-90d4-4e11-9ed6-86d996a37314" testListId="8c84fa94-04c1-424b-9868-57a2d4851a1d" />
    <TestEntry testId="3bbd1da8-f76b-4c02-a414-b9b1ecbbb30b" executionId="a5e00a2b-bc00-49ed-b186-14b31fe48761" testListId="8c84fa94-04c1-424b-9868-57a2d4851a1d" />
    <TestEntry testId="89266541-3003-456d-aa0a-3ee049fadf07" executionId="5fa9e8d7-4848-4d2f-83cf-1d662c60247f" testListId="8c84fa94-04c1-424b-9868-57a2d4851a1d" />
    <TestEntry testId="1c176c2f-2cae-4bf5-b3b7-2cc6436e89f6" executionId="36eb6188-3168-4bc0-bc92-29e574b82d2c" testListId="8c84fa94-04c1-424b-9868-57a2d4851a1d" />
    <TestEntry testId="793cb872-1c22-4716-9277-0b126b3a53a4" executionId="47f078d4-a330-4720-8af3-1dd15d543eb2" testListId="8c84fa94-04c1-424b-9868-57a2d4851a1d" />
    <TestEntry testId="0c8c3a09-2d1d-4c39-8818-b87f77078ba7" executionId="5b52c70c-7e59-4694-bed5-1f36f3c310fc" testListId="8c84fa94-04c1-424b-9868-57a2d4851a1d" />
    <TestEntry testId="250d611b-1f24-41c6-a46a-deacb6600526" executionId="a83bc616-9b86-485a-9c7f-37b3ba9a3d17" testListId="8c84fa94-04c1-424b-9868-57a2d4851a1d" />
    <TestEntry testId="d10cde64-c263-4009-9595-b4432e377066" executionId="04243630-51b6-469d-bda7-02df91ee8507" testListId="8c84fa94-04c1-424b-9868-57a2d4851a1d" />
    <TestEntry testId="232f6251-daac-49ea-bada-d571fa017363" executionId="d57fe29f-d8ab-4af0-a6cf-24348094facb" testListId="8c84fa94-04c1-424b-9868-57a2d4851a1d" />
    <TestEntry testId="651b85a2-1c24-4da6-ba52-764fd0659b17" executionId="c360ec7e-9881-4673-a54f-5b316c80395c" testListId="8c84fa94-04c1-424b-9868-57a2d4851a1d" />
    <TestEntry testId="178d095c-9669-479a-994b-bda3f26b58ae" executionId="86d58044-fcd6-445d-a0a7-170c848f1362" testListId="8c84fa94-04c1-424b-9868-57a2d4851a1d" />
    <TestEntry testId="6732e1c3-df1b-4390-87b2-e317068345f6" executionId="14735299-ed50-4326-9a0b-7bcc6b04b214" testListId="8c84fa94-04c1-424b-9868-57a2d4851a1d" />
    <TestEntry testId="ee82ad4a-b6c1-413b-8086-0ebfa4948477" executionId="c8620587-10f4-408f-90cd-24069029c01a" testListId="8c84fa94-04c1-424b-9868-57a2d4851a1d" />
    <TestEntry testId="2bcebe4b-4bf7-4378-b85d-8fe0e0d5c50a" executionId="e522fbd9-61f5-4a5b-9b49-ca629c3890d8" testListId="8c84fa94-04c1-424b-9868-57a2d4851a1d" />
    <TestEntry testId="2555f957-6e88-417b-a43c-f947cc4c9c31" executionId="49a75be8-b605-4efb-bd77-856d6db2e4bb" testListId="8c84fa94-04c1-424b-9868-57a2d4851a1d" />
    <TestEntry testId="7cfc1941-9d04-46bd-9eb2-22522be8029e" executionId="12016cf5-5941-4da4-9f9e-57bbca926662" testListId="8c84fa94-04c1-424b-9868-57a2d4851a1d" />
    <TestEntry testId="ab3a5a45-9dd6-493e-8c8e-9491ec7b3125" executionId="a7be588c-2c75-40c0-bcd4-43e262c11b7b" testListId="8c84fa94-04c1-424b-9868-57a2d4851a1d" />
    <TestEntry testId="8c941ede-19a1-40e4-bce3-087596414ea5" executionId="efcadd76-82b9-4881-b86a-c3926e7c2a70" testListId="8c84fa94-04c1-424b-9868-57a2d4851a1d" />
    <TestEntry testId="acc45000-5acf-4a7f-8054-031f8ac7a110" executionId="971eb5d7-32a6-437e-b302-b1b0993c29f0" testListId="8c84fa94-04c1-424b-9868-57a2d4851a1d" />
    <TestEntry testId="6cd8b5c5-a3db-45da-8f83-bf090394f657" executionId="2b583aa4-6105-4e32-97b0-b0dade0e63a3" testListId="8c84fa94-04c1-424b-9868-57a2d4851a1d" />
    <TestEntry testId="9ca7b2d0-cdf9-4156-a45c-47f6372be337" executionId="a0ddfe1c-3d7c-43e8-807c-b5557434263b" testListId="8c84fa94-04c1-424b-9868-57a2d4851a1d" />
    <TestEntry testId="d17143e3-55b3-4f89-9a9f-5ded59d2c99d" executionId="39f09c55-4206-4baf-9788-e8fb75e49fd7" testListId="8c84fa94-04c1-424b-9868-57a2d4851a1d" />
    <TestEntry testId="f3974bd1-9ba7-4310-a3c3-73db8fbc2d76" executionId="dc4bac64-7d01-47bf-9fee-5386c82bf52a" testListId="8c84fa94-04c1-424b-9868-57a2d4851a1d" />
    <TestEntry testId="0c48955e-faa6-4c02-ac1c-5e6a244f56ff" executionId="d9d0f594-b0c6-4106-937d-b4c05fef0d5f" testListId="8c84fa94-04c1-424b-9868-57a2d4851a1d" />
    <TestEntry testId="d6673081-3354-404f-866e-ae3eb3678a17" executionId="11b9cc51-0c89-40c1-a0e7-76803d2fa517" testListId="8c84fa94-04c1-424b-9868-57a2d4851a1d" />
    <TestEntry testId="af03dcde-3386-479e-b58d-420cb2d85a34" executionId="7ead8f5f-50ed-4d3b-abbe-691dc1156c15" testListId="8c84fa94-04c1-424b-9868-57a2d4851a1d" />
    <TestEntry testId="fa6489ee-ec24-4fc8-9656-8bf69cce58c1" executionId="96c1a5e5-3c4d-477f-abe9-caa1ea671896" testListId="8c84fa94-04c1-424b-9868-57a2d4851a1d" />
    <TestEntry testId="46179593-27b7-4828-8db4-8997ea5ad2d8" executionId="d32e6431-f231-46de-9849-6d7523d2f424" testListId="8c84fa94-04c1-424b-9868-57a2d4851a1d" />
    <TestEntry testId="d3b7ac37-82b4-4700-bbcd-a1ecd2865fa6" executionId="8d1c2b37-0625-4798-bdf5-f832465ad4bc" testListId="8c84fa94-04c1-424b-9868-57a2d4851a1d" />
    <TestEntry testId="40802555-9c61-433f-8983-881a85ef0b70" executionId="f6b6ff20-3bc7-4310-a16e-e76b542065a7" testListId="8c84fa94-04c1-424b-9868-57a2d4851a1d" />
    <TestEntry testId="c2da7cfa-d0d6-40e7-bf6b-3e56bbe11f32" executionId="aa659157-c1ed-442a-a011-4d48002ce9e7" testListId="8c84fa94-04c1-424b-9868-57a2d4851a1d" />
    <TestEntry testId="85b362e0-40aa-4ad9-ab9d-711c0b63c24e" executionId="409b7fff-8b20-4d74-909d-792acee3e9c4" testListId="8c84fa94-04c1-424b-9868-57a2d4851a1d" />
    <TestEntry testId="55365c3b-dbc1-4198-877c-e432f8f8f366" executionId="c033d4d5-8f46-4906-9271-8da551391378" testListId="8c84fa94-04c1-424b-9868-57a2d4851a1d" />
    <TestEntry testId="26cf2d29-830f-4e58-8b6b-fda6b6a4bce1" executionId="25585a01-7810-454b-ab0d-2d2d9c1ed437" testListId="8c84fa94-04c1-424b-9868-57a2d4851a1d" />
    <TestEntry testId="7e17e2a2-0752-4843-abe1-58ed247a440a" executionId="dce9806c-413c-4f3d-9e01-a4b5c87c3b92" testListId="8c84fa94-04c1-424b-9868-57a2d4851a1d" />
    <TestEntry testId="ddb07c6c-51e0-491e-8c61-3cf4efad5582" executionId="8d1fb965-237a-4f35-810a-baefd75ebccf" testListId="8c84fa94-04c1-424b-9868-57a2d4851a1d" />
    <TestEntry testId="7d94e95e-c1d7-4e44-9497-f904dab5d5bd" executionId="361aabe4-389a-4669-8123-ba935b3302d0" testListId="8c84fa94-04c1-424b-9868-57a2d4851a1d" />
    <TestEntry testId="0720925c-eee5-445e-88ed-eec562cd5deb" executionId="dc3f1d4b-c56c-4422-98fd-e89b9a1e1d09" testListId="8c84fa94-04c1-424b-9868-57a2d4851a1d" />
    <TestEntry testId="c0a6e372-cd87-4029-b1eb-74e0aac8ae3a" executionId="b2ad09c9-7ed7-46db-bc1c-1acdccf1abf7" testListId="8c84fa94-04c1-424b-9868-57a2d4851a1d" />
    <TestEntry testId="d02bea60-6f5b-4aea-a958-8e06908cbbd2" executionId="30ed9ec1-2a69-4f52-bebe-8311a98bc4ad" testListId="8c84fa94-04c1-424b-9868-57a2d4851a1d" />
    <TestEntry testId="d49e325f-fcba-495c-a3a0-6ff8d84729c3" executionId="a9106887-3f98-4d15-9bd8-9652c2fc7e82" testListId="8c84fa94-04c1-424b-9868-57a2d4851a1d" />
    <TestEntry testId="46179593-27b7-4828-8db4-8997ea5ad2d8" executionId="b5931a86-db67-4e5e-a274-e73b7ccf991d" testListId="8c84fa94-04c1-424b-9868-57a2d4851a1d" />
    <TestEntry testId="a00fc406-cef7-43a1-a748-5dd932e36d43" executionId="5f59ae1e-24bc-4503-a00f-f34ec2a01481" testListId="8c84fa94-04c1-424b-9868-57a2d4851a1d" />
    <TestEntry testId="bbbbebb1-8c74-4313-83c9-2d5d3f5c708e" executionId="faca1b4a-b02f-4b30-a88c-9979c2587e65" testListId="8c84fa94-04c1-424b-9868-57a2d4851a1d" />
    <TestEntry testId="2555f957-6e88-417b-a43c-f947cc4c9c31" executionId="9a756a64-4b29-4102-94f1-07b196c469f0" testListId="8c84fa94-04c1-424b-9868-57a2d4851a1d" />
    <TestEntry testId="26cf2d29-830f-4e58-8b6b-fda6b6a4bce1" executionId="38233591-79de-4d10-8e65-5bdb21dfcd99" testListId="8c84fa94-04c1-424b-9868-57a2d4851a1d" />
    <TestEntry testId="7571e7d9-0151-4bdb-a7a1-b11bb3583d9c" executionId="c8bb16e4-5dad-48a0-b9b9-3995000762f2" testListId="8c84fa94-04c1-424b-9868-57a2d4851a1d" />
    <TestEntry testId="879b5277-3f77-4811-b869-579f4128af8f" executionId="8af33de6-564e-4aba-a6fe-cfb9579942f3" testListId="8c84fa94-04c1-424b-9868-57a2d4851a1d" />
    <TestEntry testId="7d94e95e-c1d7-4e44-9497-f904dab5d5bd" executionId="736ce19d-068c-40ef-aa3d-e6632a3fceb4" testListId="8c84fa94-04c1-424b-9868-57a2d4851a1d" />
    <TestEntry testId="309bc29b-5378-40ca-b1d0-7a8cf5831ab1" executionId="598ece6d-1bc4-4850-843f-f29dc12fbcca" testListId="8c84fa94-04c1-424b-9868-57a2d4851a1d" />
    <TestEntry testId="343d2f4f-08e4-44a1-b4b8-15d4e83ab391" executionId="e801a868-d7bc-46f6-a3af-a0741960e404" testListId="8c84fa94-04c1-424b-9868-57a2d4851a1d" />
    <TestEntry testId="efd45bae-2b1b-4ef6-89c1-a69e8cd2e4cc" executionId="893125ff-ca2b-4e53-843d-06dad9ecb456" testListId="8c84fa94-04c1-424b-9868-57a2d4851a1d" />
    <TestEntry testId="2b635717-6f57-4a29-96e2-be12dd2b9b87" executionId="0c14de09-a901-4257-b9db-681f97730530" testListId="8c84fa94-04c1-424b-9868-57a2d4851a1d" />
    <TestEntry testId="d1e868ed-f9d0-4c80-9de7-517c834f0d18" executionId="64351403-6553-486d-a487-0d3ddce4b93d" testListId="8c84fa94-04c1-424b-9868-57a2d4851a1d" />
    <TestEntry testId="3cc5ed63-53a8-4d6d-8a16-b38f4de55650" executionId="8f099af3-f76a-473c-a8be-fc6df6343b36" testListId="8c84fa94-04c1-424b-9868-57a2d4851a1d" />
    <TestEntry testId="878c11f1-05bd-4b46-8ce1-b74c2604a090" executionId="ee8297ac-ddc9-4738-9b98-2aced044338c" testListId="8c84fa94-04c1-424b-9868-57a2d4851a1d" />
    <TestEntry testId="6217350c-308e-430f-80b2-c7277034ee61" executionId="483c9443-b7fd-49d5-89ff-b6cdd1f8e829" testListId="8c84fa94-04c1-424b-9868-57a2d4851a1d" />
    <TestEntry testId="8233511b-de6a-41c0-9fa3-e425da9c78fd" executionId="fde7fb22-b3c1-4a14-bca0-087b93fb7516" testListId="8c84fa94-04c1-424b-9868-57a2d4851a1d" />
    <TestEntry testId="2b770a98-257d-4ffc-82b7-c88974baf4b4" executionId="14703561-3f35-4905-8537-05f84349b05d" testListId="8c84fa94-04c1-424b-9868-57a2d4851a1d" />
    <TestEntry testId="3cc5ed63-53a8-4d6d-8a16-b38f4de55650" executionId="fa23b4d4-a8a7-4e0b-978d-3d51d7db595b" testListId="8c84fa94-04c1-424b-9868-57a2d4851a1d" />
    <TestEntry testId="eee17e2b-fa7f-4636-925f-311369b739e3" executionId="a3349984-ffb4-41ca-bdad-dc93c5758c3b" testListId="8c84fa94-04c1-424b-9868-57a2d4851a1d" />
    <TestEntry testId="1ad54dd2-fc64-4157-89f6-eef31597ad0e" executionId="00dac47a-11d8-40f9-95da-de3afc07dd25" testListId="8c84fa94-04c1-424b-9868-57a2d4851a1d" />
    <TestEntry testId="0d00f4fc-c606-48cd-a196-65bf1f633d80" executionId="56f707d3-20ea-4ad8-8c51-1afe3263fb14" testListId="8c84fa94-04c1-424b-9868-57a2d4851a1d" />
    <TestEntry testId="4e0f0109-4dfd-452e-bc21-65d40c4e6b30" executionId="a9119068-7286-4315-8164-726cf886c1a5" testListId="8c84fa94-04c1-424b-9868-57a2d4851a1d" />
    <TestEntry testId="85b362e0-40aa-4ad9-ab9d-711c0b63c24e" executionId="a2101b56-845b-4bce-86d3-f22126220461" testListId="8c84fa94-04c1-424b-9868-57a2d4851a1d" />
    <TestEntry testId="62dcf2f7-4888-4c5e-8f5b-6c16d702c9ef" executionId="73b2a772-8ac9-4084-b2f2-646e5a8ef4db" testListId="8c84fa94-04c1-424b-9868-57a2d4851a1d" />
    <TestEntry testId="b13a70ea-c59c-4eb6-bd72-a82362f8c67f" executionId="ff6f9620-7924-4218-8761-42a747797e08" testListId="8c84fa94-04c1-424b-9868-57a2d4851a1d" />
    <TestEntry testId="ba9ef989-06a0-416f-9e83-6e663af4c03d" executionId="b0c11421-70f1-4d6d-9f2a-55433d9a2bbb" testListId="8c84fa94-04c1-424b-9868-57a2d4851a1d" />
    <TestEntry testId="79e55fb6-a5b9-4d63-9ed2-77a3af26d4ab" executionId="62c1460d-3ac1-402b-8148-b648f3fe0efb" testListId="8c84fa94-04c1-424b-9868-57a2d4851a1d" />
    <TestEntry testId="93011b1a-88c5-46bd-9eee-b9bec6a42c6a" executionId="96182681-9e80-49df-953f-54e5a83c57cc" testListId="8c84fa94-04c1-424b-9868-57a2d4851a1d" />
    <TestEntry testId="8ef6dadb-53d0-4e0a-95c4-c28e63fece4d" executionId="91233b65-0697-401e-9596-b2ca4fc9be54" testListId="8c84fa94-04c1-424b-9868-57a2d4851a1d" />
    <TestEntry testId="8e2e6d60-1f1d-4f1b-83c0-660c65dad560" executionId="4577bf0d-9688-447c-98ba-8d460d536e3c" testListId="8c84fa94-04c1-424b-9868-57a2d4851a1d" />
    <TestEntry testId="0d00f4fc-c606-48cd-a196-65bf1f633d80" executionId="b8e38e03-87ec-48f8-9d80-90a58dce8f9b" testListId="8c84fa94-04c1-424b-9868-57a2d4851a1d" />
    <TestEntry testId="2ba8d42d-c297-4ebc-8e33-a327173158a9" executionId="21904160-a5dd-4529-9727-d525f857de02" testListId="8c84fa94-04c1-424b-9868-57a2d4851a1d" />
    <TestEntry testId="8dcc471a-40c9-4e29-914b-a0869fe52cad" executionId="ce9f90eb-23ca-4ea7-b03f-14287a94ee17" testListId="8c84fa94-04c1-424b-9868-57a2d4851a1d" />
    <TestEntry testId="2878e7a1-cece-493d-9136-ebc5caa1303a" executionId="cd5f6757-7034-4722-bdd0-5c2087d46470" testListId="8c84fa94-04c1-424b-9868-57a2d4851a1d" />
    <TestEntry testId="f574b333-cf19-4188-824b-cb63ff73ae58" executionId="48198918-65d8-49d9-95ef-2e06f371c0f3" testListId="8c84fa94-04c1-424b-9868-57a2d4851a1d" />
    <TestEntry testId="a1dde66b-1d3a-48dc-86b8-afcb5a97e07d" executionId="f42f891c-e537-4f5c-8597-8a694cf1d64e" testListId="8c84fa94-04c1-424b-9868-57a2d4851a1d" />
    <TestEntry testId="c0a6e372-cd87-4029-b1eb-74e0aac8ae3a" executionId="3c1d1482-a33c-4aa1-9b5d-acea12c4e301" testListId="8c84fa94-04c1-424b-9868-57a2d4851a1d" />
    <TestEntry testId="0c8c3a09-2d1d-4c39-8818-b87f77078ba7" executionId="4b110272-2037-4da1-aa74-55d557a97889" testListId="8c84fa94-04c1-424b-9868-57a2d4851a1d" />
    <TestEntry testId="4b196a70-9eef-4178-ab7c-884da4a2e4b9" executionId="2a5a66a9-afbd-4f13-935a-b35727f003b7" testListId="8c84fa94-04c1-424b-9868-57a2d4851a1d" />
    <TestEntry testId="694b45a0-c9cc-4c8c-9a51-87e2d4d3db26" executionId="5df8b23d-e7ad-4a26-884e-8e09c258acde" testListId="8c84fa94-04c1-424b-9868-57a2d4851a1d" />
    <TestEntry testId="2b635717-6f57-4a29-96e2-be12dd2b9b87" executionId="9e2547d0-6cd4-4904-8b8f-40bd5b99c73c" testListId="8c84fa94-04c1-424b-9868-57a2d4851a1d" />
    <TestEntry testId="7333aad3-1f02-48a9-b8ed-ab6be4015bf3" executionId="6c74d99c-a840-4660-b24a-c684ee94fd97" testListId="8c84fa94-04c1-424b-9868-57a2d4851a1d" />
    <TestEntry testId="eedaead1-cbd3-491b-9463-6abaab6a38ff" executionId="6931091c-bbb7-42b6-b7c5-7c1adf06bfe8" testListId="8c84fa94-04c1-424b-9868-57a2d4851a1d" />
    <TestEntry testId="2139c676-c127-4ca8-b5cb-e911f8a3fc51" executionId="b89e979a-d94b-4ca2-a2a8-170c08e4feca" testListId="8c84fa94-04c1-424b-9868-57a2d4851a1d" />
    <TestEntry testId="efd45bae-2b1b-4ef6-89c1-a69e8cd2e4cc" executionId="dedf8b70-5bde-47e0-bb2c-10c87b296429" testListId="8c84fa94-04c1-424b-9868-57a2d4851a1d" />
    <TestEntry testId="ce0fcb82-5a89-43ba-9d0b-f510a4ee2edf" executionId="e3d43c4c-9194-4e44-b4c8-ebd3762dff13" testListId="8c84fa94-04c1-424b-9868-57a2d4851a1d" />
    <TestEntry testId="94708ccf-86f9-4d8d-aa92-d079f9ce725d" executionId="28111161-70ab-4411-b000-8cec533dfa64" testListId="8c84fa94-04c1-424b-9868-57a2d4851a1d" />
    <TestEntry testId="0738f821-d1bd-40d8-a3e1-df6b3f479c76" executionId="33008a48-d06f-4eff-9100-4f69b64e84a4" testListId="8c84fa94-04c1-424b-9868-57a2d4851a1d" />
    <TestEntry testId="c469e990-d611-4543-8a06-74155823e5f1" executionId="b4c06b74-eff4-448d-bfda-2d4a77ecad5d" testListId="8c84fa94-04c1-424b-9868-57a2d4851a1d" />
    <TestEntry testId="c2da7cfa-d0d6-40e7-bf6b-3e56bbe11f32" executionId="aa2850ff-6c55-4cc3-bc07-60469991d60b" testListId="8c84fa94-04c1-424b-9868-57a2d4851a1d" />
    <TestEntry testId="94a8cfbe-0be1-4de5-a98f-8cc26ce7f61b" executionId="bbf4ba0f-5135-453a-9190-7c6597d3da21" testListId="8c84fa94-04c1-424b-9868-57a2d4851a1d" />
    <TestEntry testId="a1f99e48-36e8-44a0-98b0-66dca38e0e2c" executionId="49c416bf-751e-4f14-b311-1ed6f97fbea7" testListId="8c84fa94-04c1-424b-9868-57a2d4851a1d" />
    <TestEntry testId="d6673081-3354-404f-866e-ae3eb3678a17" executionId="5f6e7001-60ba-420e-944d-3ca5758b7a20" testListId="8c84fa94-04c1-424b-9868-57a2d4851a1d" />
    <TestEntry testId="c88eef16-280d-4f2a-8e28-83ae0e14cf6c" executionId="38bf4c84-7d32-428c-9d18-e06d51173b60" testListId="8c84fa94-04c1-424b-9868-57a2d4851a1d" />
    <TestEntry testId="7cfc1941-9d04-46bd-9eb2-22522be8029e" executionId="7ed7311e-a210-4e46-8102-085eef864f34" testListId="8c84fa94-04c1-424b-9868-57a2d4851a1d" />
    <TestEntry testId="343d2f4f-08e4-44a1-b4b8-15d4e83ab391" executionId="ce70be2f-dda0-427f-b41d-423413937131" testListId="8c84fa94-04c1-424b-9868-57a2d4851a1d" />
    <TestEntry testId="16975034-aa39-4153-89ce-81eb1eb7426f" executionId="967e833d-8823-4bac-b67b-ecd6f708ad89" testListId="8c84fa94-04c1-424b-9868-57a2d4851a1d" />
    <TestEntry testId="85e4362d-bf38-427d-b727-6db18904140d" executionId="b03a300d-fe11-4955-a610-38d18ba94454" testListId="8c84fa94-04c1-424b-9868-57a2d4851a1d" />
    <TestEntry testId="c76639a5-150c-4fba-ae1f-341d369385b1" executionId="5d25021c-f2f4-40a1-9e8d-2ea31da285a6" testListId="8c84fa94-04c1-424b-9868-57a2d4851a1d" />
    <TestEntry testId="91b11a04-6dda-46c1-9654-982d1590bf1f" executionId="18535aad-c407-420f-942d-9a0bd57bd31b" testListId="8c84fa94-04c1-424b-9868-57a2d4851a1d" />
    <TestEntry testId="33894811-5059-4ffc-bd20-45bafe09912f" executionId="04249d31-2c44-436d-b222-5af14ac35abd" testListId="8c84fa94-04c1-424b-9868-57a2d4851a1d" />
    <TestEntry testId="d941c387-6e72-4db1-8321-ed81e90b2d22" executionId="a40b6326-1b7e-4b57-983a-cfdbe5dd261e" testListId="8c84fa94-04c1-424b-9868-57a2d4851a1d" />
    <TestEntry testId="c1ac2dee-c3b3-4c8f-9f6b-f8923a5c3981" executionId="bad960f4-b0b2-4fea-abee-22e6f1056aee" testListId="8c84fa94-04c1-424b-9868-57a2d4851a1d" />
    <TestEntry testId="9dd4531e-464b-4a63-8dd2-0aac9127634b" executionId="c3204b11-1f6b-4a20-bcec-1b7829d4d69c" testListId="8c84fa94-04c1-424b-9868-57a2d4851a1d" />
    <TestEntry testId="2ba8d42d-c297-4ebc-8e33-a327173158a9" executionId="9b62b6e8-3b43-447b-ac23-8d37f46ff9a9" testListId="8c84fa94-04c1-424b-9868-57a2d4851a1d" />
    <TestEntry testId="7cfbf097-6cae-4346-a6c3-2e901c320b53" executionId="08cd7251-ee9c-4d44-ad0c-bf7c6aaf8211" testListId="8c84fa94-04c1-424b-9868-57a2d4851a1d" />
    <TestEntry testId="7cb47656-1c71-4120-bc2f-e01d1b13efb5" executionId="72152dd5-4487-48b8-b1b8-b48432ac97f9" testListId="8c84fa94-04c1-424b-9868-57a2d4851a1d" />
    <TestEntry testId="9ec322e6-bf68-4540-93fa-77df77e5de22" executionId="3b2c9312-33b3-4f1e-b04e-21870106fb52" testListId="8c84fa94-04c1-424b-9868-57a2d4851a1d" />
    <TestEntry testId="c555c6d2-6994-45e0-b930-7302e503ad45" executionId="67af24ac-eb3e-44f1-8a63-765bf8eeba88" testListId="8c84fa94-04c1-424b-9868-57a2d4851a1d" />
    <TestEntry testId="400a5bd2-b477-4962-968f-384a236d8013" executionId="c1202499-1d41-413f-ad73-44d76218cf90" testListId="8c84fa94-04c1-424b-9868-57a2d4851a1d" />
    <TestEntry testId="c469e990-d611-4543-8a06-74155823e5f1" executionId="3d78d996-2dfe-474e-afd3-94a87239b4dc" testListId="8c84fa94-04c1-424b-9868-57a2d4851a1d" />
    <TestEntry testId="af03dcde-3386-479e-b58d-420cb2d85a34" executionId="d3fed898-8cf5-4614-8e89-bd71b6ec9889" testListId="8c84fa94-04c1-424b-9868-57a2d4851a1d" />
    <TestEntry testId="693a816e-7015-4de0-acb6-1a495ae4ab87" executionId="ae5923a9-b0c8-4321-9d03-a0b2459c0495" testListId="8c84fa94-04c1-424b-9868-57a2d4851a1d" />
    <TestEntry testId="85e4362d-bf38-427d-b727-6db18904140d" executionId="e76acd47-7117-4cad-a431-ba60c90785d3" testListId="8c84fa94-04c1-424b-9868-57a2d4851a1d" />
    <TestEntry testId="74bd11bb-ea0d-4368-905e-844e98955caa" executionId="5cd7d2c6-82f4-488e-8851-63afdd4be502" testListId="8c84fa94-04c1-424b-9868-57a2d4851a1d" />
    <TestEntry testId="5c40f923-2dab-4cd8-a6fc-ffdb2112fa5a" executionId="698c23d3-fbfb-4997-9b50-bb8566f3e6fc" testListId="8c84fa94-04c1-424b-9868-57a2d4851a1d" />
    <TestEntry testId="63c0e716-1fa9-4f32-9d88-2c100556169b" executionId="a4564239-e451-454d-ba98-7057e94dadd2" testListId="8c84fa94-04c1-424b-9868-57a2d4851a1d" />
    <TestEntry testId="7e17e2a2-0752-4843-abe1-58ed247a440a" executionId="69454366-f077-400b-88cd-7baeb6f20c45" testListId="8c84fa94-04c1-424b-9868-57a2d4851a1d" />
    <TestEntry testId="2d5dfb6a-969c-4923-9c9c-24d34d58c7ab" executionId="39458bc7-ed81-42d8-a4b3-0a79ccca7472" testListId="8c84fa94-04c1-424b-9868-57a2d4851a1d" />
    <TestEntry testId="aa9bfa5b-968f-463d-ab37-017253c7e50d" executionId="79bc1558-d05a-4fca-bf2c-c6274757741c" testListId="8c84fa94-04c1-424b-9868-57a2d4851a1d" />
    <TestEntry testId="8058ebc4-aa20-411a-8f15-1ff41146a073" executionId="5adfae66-9740-4c82-bced-926b7d6b44bf" testListId="8c84fa94-04c1-424b-9868-57a2d4851a1d" />
    <TestEntry testId="c555c6d2-6994-45e0-b930-7302e503ad45" executionId="944f7471-9b14-459f-8450-1e56f43265cb" testListId="8c84fa94-04c1-424b-9868-57a2d4851a1d" />
    <TestEntry testId="c1ac2dee-c3b3-4c8f-9f6b-f8923a5c3981" executionId="b8a06221-5acb-4427-9183-c1f6c0d64df4" testListId="8c84fa94-04c1-424b-9868-57a2d4851a1d" />
    <TestEntry testId="32458f3d-b0d5-4b9e-9da5-7b065078bb6c" executionId="10953a30-576f-4d06-a7b0-ce6d6b2910eb" testListId="8c84fa94-04c1-424b-9868-57a2d4851a1d" />
    <TestEntry testId="961200d8-0053-4ac2-be82-0ab56b498362" executionId="35a8cca4-8595-4dd1-be4b-f64f1e6f04f4" testListId="8c84fa94-04c1-424b-9868-57a2d4851a1d" />
    <TestEntry testId="065cccd3-e133-4e33-b8f0-638e34a8b4f4" executionId="b56ec737-a6e5-4d00-b9bf-53eb61e4935b" testListId="8c84fa94-04c1-424b-9868-57a2d4851a1d" />
    <TestEntry testId="651b85a2-1c24-4da6-ba52-764fd0659b17" executionId="51e30ca1-8a11-4407-a0b6-266f07953e68" testListId="8c84fa94-04c1-424b-9868-57a2d4851a1d" />
    <TestEntry testId="0f21c1a2-e0be-44fa-beec-79fbf2e01bf6" executionId="fd4408ab-e1ae-4a6c-ab90-66bb5aed7947" testListId="8c84fa94-04c1-424b-9868-57a2d4851a1d" />
    <TestEntry testId="d941ff99-f73c-4f20-b37d-be2d65a905e1" executionId="5cdb4a9a-728b-4f6a-8817-ad1e15348d1a" testListId="8c84fa94-04c1-424b-9868-57a2d4851a1d" />
    <TestEntry testId="5c40f923-2dab-4cd8-a6fc-ffdb2112fa5a" executionId="c9935186-612e-46da-90b4-650e9044bd31" testListId="8c84fa94-04c1-424b-9868-57a2d4851a1d" />
    <TestEntry testId="acc45000-5acf-4a7f-8054-031f8ac7a110" executionId="3720a298-aee5-4e80-b985-57e0411cfdf9" testListId="8c84fa94-04c1-424b-9868-57a2d4851a1d" />
    <TestEntry testId="7333aad3-1f02-48a9-b8ed-ab6be4015bf3" executionId="214b61cf-d290-46aa-a2b1-738e7f48c9f2" testListId="8c84fa94-04c1-424b-9868-57a2d4851a1d" />
    <TestEntry testId="5900e4f9-929d-4b3b-ae03-abfadb90ca9e" executionId="02649be5-4031-4dd9-a1fd-2f81b6ceb3a9" testListId="8c84fa94-04c1-424b-9868-57a2d4851a1d" />
    <TestEntry testId="eee17e2b-fa7f-4636-925f-311369b739e3" executionId="84b1e170-2eb4-4e93-8117-6ad944021fd1" testListId="8c84fa94-04c1-424b-9868-57a2d4851a1d" />
    <TestEntry testId="57c178fe-52cf-4c58-97d8-5d23769ea02c" executionId="507b0a20-d153-4747-92b6-5c8a8fdb23d1" testListId="8c84fa94-04c1-424b-9868-57a2d4851a1d" />
    <TestEntry testId="8ed0e8b5-a132-4a27-951f-b7b811eab84e" executionId="62214dae-bec1-404b-9a52-debfdd018a8a" testListId="8c84fa94-04c1-424b-9868-57a2d4851a1d" />
    <TestEntry testId="f0c93a9f-3f13-4bce-bacf-7678c1624c2d" executionId="1cdf0fba-45a3-4af4-95f0-8c374eac4b64" testListId="8c84fa94-04c1-424b-9868-57a2d4851a1d" />
    <TestEntry testId="0f21c1a2-e0be-44fa-beec-79fbf2e01bf6" executionId="f0c506e4-8962-4805-9e64-5c6d944cd980" testListId="8c84fa94-04c1-424b-9868-57a2d4851a1d" />
    <TestEntry testId="848dbf0e-dea5-4c89-94b9-46e481c937b2" executionId="329b3b07-68cd-4f8a-8811-504ccf6297d9" testListId="8c84fa94-04c1-424b-9868-57a2d4851a1d" />
    <TestEntry testId="278240fb-6f1d-41fe-a5fa-071e35811e34" executionId="6ff43fca-48a4-4a48-89e4-4e844a7bc1d3" testListId="8c84fa94-04c1-424b-9868-57a2d4851a1d" />
    <TestEntry testId="92e1fb9d-d3bc-4b4c-85ed-0de97b762a42" executionId="3bbcfc89-3c43-4191-b9ca-19ad947cd0bd" testListId="8c84fa94-04c1-424b-9868-57a2d4851a1d" />
    <TestEntry testId="d10cde64-c263-4009-9595-b4432e377066" executionId="68a99760-2dd3-4da0-b212-491e259d148a" testListId="8c84fa94-04c1-424b-9868-57a2d4851a1d" />
    <TestEntry testId="57c178fe-52cf-4c58-97d8-5d23769ea02c" executionId="e6c12807-0934-4485-8c5a-c0d72f40e6c1" testListId="8c84fa94-04c1-424b-9868-57a2d4851a1d" />
    <TestEntry testId="2d49967d-d77a-4d45-ad48-8bbe79f0f297" executionId="1c2f5347-c89b-486e-a50a-877e12b20fa9" testListId="8c84fa94-04c1-424b-9868-57a2d4851a1d" />
    <TestEntry testId="6491b54f-2725-4719-9cbf-396a597d2146" executionId="e53997e6-72ac-464a-8a21-e713b5eddab2" testListId="8c84fa94-04c1-424b-9868-57a2d4851a1d" />
    <TestEntry testId="dd37339b-29e0-4eba-96fd-909332a14c69" executionId="1116c784-2ec0-4fa4-8739-2a93624563c8" testListId="8c84fa94-04c1-424b-9868-57a2d4851a1d" />
    <TestEntry testId="a00928bb-ab84-4f9f-bec7-75cd4859a61b" executionId="324f4e57-30ef-408f-9dde-9e23b376223c" testListId="8c84fa94-04c1-424b-9868-57a2d4851a1d" />
    <TestEntry testId="5e3d89ed-1483-4f95-8001-cd694bcbc406" executionId="17da3181-402c-4874-8238-6aff02fb7f4a" testListId="8c84fa94-04c1-424b-9868-57a2d4851a1d" />
    <TestEntry testId="05200f16-c355-4810-abfa-90fad15d9b0b" executionId="1048dc83-83b1-4a36-a67b-aa285c278267" testListId="8c84fa94-04c1-424b-9868-57a2d4851a1d" />
    <TestEntry testId="05200f16-c355-4810-abfa-90fad15d9b0b" executionId="c4bcd8f4-e740-46db-97a0-2b59c77ff78a" testListId="8c84fa94-04c1-424b-9868-57a2d4851a1d" />
    <TestEntry testId="3994d094-4efe-4702-b8b0-cbb900629897" executionId="e43c1b71-2183-4ff3-b43d-9499c69bed00" testListId="8c84fa94-04c1-424b-9868-57a2d4851a1d" />
    <TestEntry testId="1cd28e21-ad37-4fd3-9308-0267ca9ba1ab" executionId="ff510460-d957-4a06-8983-88a6d0f57440" testListId="8c84fa94-04c1-424b-9868-57a2d4851a1d" />
    <TestEntry testId="45fc9b55-5948-44b8-9d1f-d43080b40ffe" executionId="ed1ddf59-49a0-4f4b-95dc-f13654540d14" testListId="8c84fa94-04c1-424b-9868-57a2d4851a1d" />
    <TestEntry testId="694b45a0-c9cc-4c8c-9a51-87e2d4d3db26" executionId="f53534cb-bb4e-4a19-8d82-1e5a5e4a5225" testListId="8c84fa94-04c1-424b-9868-57a2d4851a1d" />
    <TestEntry testId="e4a16447-e2d1-409c-8c22-7065fa72d91b" executionId="47c5f8d0-1184-465f-878a-f2c5307090b2" testListId="8c84fa94-04c1-424b-9868-57a2d4851a1d" />
    <TestEntry testId="4327a587-6b7a-41cb-afe9-b8df474a58d9" executionId="3257f7ae-096a-4b70-8a0c-ce904201ec32" testListId="8c84fa94-04c1-424b-9868-57a2d4851a1d" />
    <TestEntry testId="0d873554-6ce7-4f0e-a431-8fd2b765b5df" executionId="5a9fb75d-adb2-45eb-acc6-49bbb298b13f" testListId="8c84fa94-04c1-424b-9868-57a2d4851a1d" />
    <TestEntry testId="31414c66-8ad1-4535-a13f-6491ed133b76" executionId="1c3502b8-689a-461b-9c68-236f30a3ccfd" testListId="8c84fa94-04c1-424b-9868-57a2d4851a1d" />
    <TestEntry testId="f3974bd1-9ba7-4310-a3c3-73db8fbc2d76" executionId="7b8ce040-2adc-4710-88e0-9010ee5d1e28" testListId="8c84fa94-04c1-424b-9868-57a2d4851a1d" />
    <TestEntry testId="d4b218e5-2ea5-4e94-b308-f66cce493817" executionId="9114b137-a09c-4eea-9d1f-814fdbd33fdc" testListId="8c84fa94-04c1-424b-9868-57a2d4851a1d" />
    <TestEntry testId="98c9be0a-6fd0-4801-a087-f54308639823" executionId="a786c5db-9c37-42b5-9999-f36584a81fa7" testListId="8c84fa94-04c1-424b-9868-57a2d4851a1d" />
    <TestEntry testId="28f50e4e-b3b0-495d-93f6-4f5a42b3ce3f" executionId="d0e22cad-99a1-417e-a847-986a23e0ffbc" testListId="8c84fa94-04c1-424b-9868-57a2d4851a1d" />
    <TestEntry testId="1414be38-e42d-4b6c-af5e-9519273d3370" executionId="9e837e91-eb18-43af-8e4c-aa81fd8a7c50" testListId="8c84fa94-04c1-424b-9868-57a2d4851a1d" />
    <TestEntry testId="31414c66-8ad1-4535-a13f-6491ed133b76" executionId="4a446b4f-ae7f-47f4-bca9-61386cdb13d0" testListId="8c84fa94-04c1-424b-9868-57a2d4851a1d" />
    <TestEntry testId="eedaead1-cbd3-491b-9463-6abaab6a38ff" executionId="e5ca6d1f-ca69-4341-b710-191d09be4327" testListId="8c84fa94-04c1-424b-9868-57a2d4851a1d" />
    <TestEntry testId="a00928bb-ab84-4f9f-bec7-75cd4859a61b" executionId="30383151-e66e-457d-a288-5462fadac9ac" testListId="8c84fa94-04c1-424b-9868-57a2d4851a1d" />
    <TestEntry testId="ddd5b017-a945-43ab-99c1-6daabbfb28d0" executionId="c0264e9a-7582-4094-b6bc-627b8a536ef0" testListId="8c84fa94-04c1-424b-9868-57a2d4851a1d" />
    <TestEntry testId="72f713ff-3c6b-4b4c-95cf-bb89a65a78af" executionId="02966b8a-0452-43eb-ae42-efe384c93235" testListId="8c84fa94-04c1-424b-9868-57a2d4851a1d" />
    <TestEntry testId="29a8cad6-47b2-4a11-b518-72ed1366ee04" executionId="05be916f-7d8e-4b9f-a6a1-84423b1052f3" testListId="8c84fa94-04c1-424b-9868-57a2d4851a1d" />
    <TestEntry testId="63c0e716-1fa9-4f32-9d88-2c100556169b" executionId="3b9635e8-0ec1-432d-9047-ef0610b67d3f" testListId="8c84fa94-04c1-424b-9868-57a2d4851a1d" />
    <TestEntry testId="92e1fb9d-d3bc-4b4c-85ed-0de97b762a42" executionId="88a1c029-01c0-463e-8521-5608e2bfd205" testListId="8c84fa94-04c1-424b-9868-57a2d4851a1d" />
    <TestEntry testId="c57e044c-6bdf-487d-8050-96051c95c5bd" executionId="e66644dc-0671-4d4e-bf6e-45c81301c849" testListId="8c84fa94-04c1-424b-9868-57a2d4851a1d" />
    <TestEntry testId="7e5149ca-dc8b-4e41-8b66-84a65494eb30" executionId="97466805-ee4d-4848-929a-a3ec4aab2729" testListId="8c84fa94-04c1-424b-9868-57a2d4851a1d" />
    <TestEntry testId="33894811-5059-4ffc-bd20-45bafe09912f" executionId="318bc4b4-01b0-4360-8d77-a9fcc033c080" testListId="8c84fa94-04c1-424b-9868-57a2d4851a1d" />
    <TestEntry testId="b83ac0b7-d4a2-4f97-90a3-c047c230b5c6" executionId="b752c1e2-b471-4acd-9dd8-40f5e0f6c481" testListId="8c84fa94-04c1-424b-9868-57a2d4851a1d" />
    <TestEntry testId="d1e868ed-f9d0-4c80-9de7-517c834f0d18" executionId="8fdb9332-1c7f-4e7d-8721-54d8a092e450" testListId="8c84fa94-04c1-424b-9868-57a2d4851a1d" />
    <TestEntry testId="3fc69aa8-54b3-4e86-9759-1b9390976de8" executionId="32d34843-1f10-4f27-9fa0-1efa353104cd" testListId="8c84fa94-04c1-424b-9868-57a2d4851a1d" />
    <TestEntry testId="6fc190e1-f1bd-4862-a628-7d2ee81e9fd3" executionId="acf157fe-a9e2-4ce0-863e-756fc4c0fbc5" testListId="8c84fa94-04c1-424b-9868-57a2d4851a1d" />
    <TestEntry testId="89c9b76a-3762-4293-b792-a600d8dc19ee" executionId="7f41b635-752c-4f69-b73a-abb49cb3d8b9" testListId="8c84fa94-04c1-424b-9868-57a2d4851a1d" />
    <TestEntry testId="03cf82d0-f411-4783-a0a7-99886580ab2c" executionId="ef592c15-5454-4cef-952b-c4b545c472e9" testListId="8c84fa94-04c1-424b-9868-57a2d4851a1d" />
    <TestEntry testId="c30fc602-61cd-4d39-8365-aed8882d8543" executionId="0dc75998-5382-4117-beb2-44f345776b4d" testListId="8c84fa94-04c1-424b-9868-57a2d4851a1d" />
    <TestEntry testId="c22c31d0-124b-4c31-8f76-d35c42985918" executionId="2af62625-a554-4572-9784-8f692dee23bc" testListId="8c84fa94-04c1-424b-9868-57a2d4851a1d" />
    <TestEntry testId="c30fc602-61cd-4d39-8365-aed8882d8543" executionId="1d952e28-f22d-4571-8210-bd1277e24281" testListId="8c84fa94-04c1-424b-9868-57a2d4851a1d" />
    <TestEntry testId="32458f3d-b0d5-4b9e-9da5-7b065078bb6c" executionId="c43356da-8af5-4784-849b-e29ec06edd1f" testListId="8c84fa94-04c1-424b-9868-57a2d4851a1d" />
    <TestEntry testId="64fcc81c-0657-4219-b99e-b74bdccb1e10" executionId="f7635223-d7a0-4d9e-9161-07453a80d8cd" testListId="8c84fa94-04c1-424b-9868-57a2d4851a1d" />
    <TestEntry testId="dabbeae1-98b0-4054-898c-d2d706de363d" executionId="65e31427-96a6-44c1-abf8-44274fc633ee" testListId="8c84fa94-04c1-424b-9868-57a2d4851a1d" />
    <TestEntry testId="89ca1b34-1265-46ad-8e4e-909824e6141a" executionId="66a0d2f0-d1b8-4bad-9d5a-7548dfcb4d9a" testListId="8c84fa94-04c1-424b-9868-57a2d4851a1d" />
    <TestEntry testId="878c11f1-05bd-4b46-8ce1-b74c2604a090" executionId="3ac00f0a-284d-450c-94cd-8bb74bf875ec" testListId="8c84fa94-04c1-424b-9868-57a2d4851a1d" />
    <TestEntry testId="8aa2a5ee-d0f6-4e98-9f90-9cd98347ea6a" executionId="86d45e70-eb94-4a77-9388-dd7e059d3d52" testListId="8c84fa94-04c1-424b-9868-57a2d4851a1d" />
    <TestEntry testId="df9cecfe-23a6-44ca-b3c4-6883048f4187" executionId="5241e660-ac47-48fa-9d16-732b1e7db9b0" testListId="8c84fa94-04c1-424b-9868-57a2d4851a1d" />
    <TestEntry testId="169a9cc6-5d12-440a-a14e-6d8ab6840ab5" executionId="3f351b97-8dd5-4da5-a7e2-52c9e488c03f" testListId="8c84fa94-04c1-424b-9868-57a2d4851a1d" />
    <TestEntry testId="acb2a318-6ef0-4f7e-a1ee-7b3107693054" executionId="bca788a2-3c8b-4079-b75e-da4f5ba5f33d" testListId="8c84fa94-04c1-424b-9868-57a2d4851a1d" />
    <TestEntry testId="7cb5ae68-ec08-48db-ab13-25c56356f2e4" executionId="9a111d13-87de-43ae-91e9-136998256101" testListId="8c84fa94-04c1-424b-9868-57a2d4851a1d" />
    <TestEntry testId="d2bb6d84-5b05-4db5-bbdf-f3b494abf7a8" executionId="f63b125f-70a1-4414-ad49-4228000c0380" testListId="8c84fa94-04c1-424b-9868-57a2d4851a1d" />
    <TestEntry testId="5900e4f9-929d-4b3b-ae03-abfadb90ca9e" executionId="eb8406f7-69e1-4d99-ad4c-f6bff880b3e0" testListId="8c84fa94-04c1-424b-9868-57a2d4851a1d" />
    <TestEntry testId="0a015625-4f95-4624-b013-27ac80bfc716" executionId="4f0de9b1-245a-4f14-8ac7-c55cb6dcb745" testListId="8c84fa94-04c1-424b-9868-57a2d4851a1d" />
    <TestEntry testId="86119f86-181c-4ca5-b48b-05f0b5ffefea" executionId="66061ae3-c250-491b-8b39-c7b62a389bc5" testListId="8c84fa94-04c1-424b-9868-57a2d4851a1d" />
    <TestEntry testId="d2bb6d84-5b05-4db5-bbdf-f3b494abf7a8" executionId="4e001b71-8bb9-4568-8817-9d29b88eef07" testListId="8c84fa94-04c1-424b-9868-57a2d4851a1d" />
    <TestEntry testId="213d42e8-2e4f-4abb-a5c2-d9bc1f4d85da" executionId="c610b009-9e75-45c0-bffe-ecac01b1bc11" testListId="8c84fa94-04c1-424b-9868-57a2d4851a1d" />
    <TestEntry testId="c7877897-4aac-4f52-bdd5-59d62b1faf19" executionId="a52e9811-2be9-416f-a6e7-34347ae60448" testListId="8c84fa94-04c1-424b-9868-57a2d4851a1d" />
    <TestEntry testId="a784ce16-3a53-44b7-b3ce-7d8684bd8cb8" executionId="b5532258-21d2-4ef2-85a8-a974f2c83531" testListId="8c84fa94-04c1-424b-9868-57a2d4851a1d" />
    <TestEntry testId="8e9b132b-1143-41bd-b75a-67b1aefdfea2" executionId="ddaadffa-9545-482d-8612-327028286d88" testListId="8c84fa94-04c1-424b-9868-57a2d4851a1d" />
    <TestEntry testId="9aff712b-236e-495e-8636-3766892f396a" executionId="fc2ae8a6-be0e-40e8-a156-6a88020e43cb" testListId="8c84fa94-04c1-424b-9868-57a2d4851a1d" />
    <TestEntry testId="ee82ad4a-b6c1-413b-8086-0ebfa4948477" executionId="0f3c4865-99fb-418a-92fa-7c74225fe20d" testListId="8c84fa94-04c1-424b-9868-57a2d4851a1d" />
    <TestEntry testId="1cd28e21-ad37-4fd3-9308-0267ca9ba1ab" executionId="f7c1ac40-012f-47df-a068-f276225c9178" testListId="8c84fa94-04c1-424b-9868-57a2d4851a1d" />
    <TestEntry testId="f7435fdc-a393-456e-9172-51e9b602df3e" executionId="06fd7d9f-a428-431a-b80d-5252367f9d3d" testListId="8c84fa94-04c1-424b-9868-57a2d4851a1d" />
    <TestEntry testId="0896d806-180c-489b-96f2-ac8b401375a6" executionId="be67a537-be44-4bd2-b77c-ea8eb302dba7" testListId="8c84fa94-04c1-424b-9868-57a2d4851a1d" />
    <TestEntry testId="17af4cc3-b1dc-475b-a2da-51e3616cd0c3" executionId="b5170bb0-f6f8-41a6-beda-0589d3211c2d" testListId="8c84fa94-04c1-424b-9868-57a2d4851a1d" />
  </TestEntries>
  <TestLists>
    <TestList name="Results Not in a List" id="8c84fa94-04c1-424b-9868-57a2d4851a1d" />
    <TestList name="All Loaded Results" id="19431567-8539-422a-85d7-44ee4e166bda" />
  </TestLists>
  <ResultSummary outcome="Failed">
    <Counters total="308" executed="308" passed="196" failed="112" error="0" timeout="0" aborted="0" inconclusive="0" passedButRunAborted="0" notRunnable="0" notExecuted="0" disconnected="0" warning="0" completed="0" inProgress="0" pending="0" />
    <Output>
      <StdOut>Running on GdUnit4 test engine version: 5.0.0.0
Discover tests from assembly: /home/adam/Dev/omega-spiral/chapter-zero/.godot/mono/temp/bin/Debug/chapter-zero.dll
Discover:  TestSuite AudioManagerTests with 2 TestCases found.
Discover:  TestSuite BaseMenuUiUnitTests with 7 TestCases found.
Discover:  TestSuite OmegaSpiral.Tests.Stages.Stage2.NethackDirectorTests with 1 TestCases found.
Discover:  TestSuite OmegaSpiral.Tests.Integration.Ui.BaseMenuUiTests with 12 TestCases found.
Discover:  TestSuite OmegaSpiral.Tests.Integration.Ui.CreditsMenuTests with 7 TestCases found.
Discover:  TestSuite OmegaSpiral.Tests.Integration.Ui.PauseMenuTests with 6 TestCases found.
Discover:  TestSuite OmegaSpiral.Tests.Integration.Ui.Omega.ChoiceButtonTests with 7 TestCases found.
Discover:  TestSuite OmegaSpiral.Tests.Integration.Ui.Omega.OmegaBackground_UnitTests with 7 TestCases found.
Discover:  TestSuite OmegaSpiral.Tests.Integration.Ui.Omega.OmegaBorderFrame_UnitTests with 14 TestCases found.
Discover:  TestSuite OmegaSpiral.Tests.Integration.Ui.Omega.OmegaComponentFactory_UnitTests with 17 TestCases found.
Discover:  TestSuite OmegaSpiral.Tests.Integration.Ui.Omega.OmegaContainer_UnitTests with 17 TestCases found.
Discover:  TestSuite OmegaSpiral.Tests.Integration.Ui.Omega.OmegaTextRendererTests with 12 TestCases found.
Discover:  TestSuite OmegaSpiral.Tests.Integration.Ui.Menus.MainMenuTests with 24 TestCases found.
Discover:  TestSuite OmegaSpiral.Tests.Integration.Common.OmegaIntegrationTests with 5 TestCases found.
Discover:  TestSuite OmegaSpiral.Tests.Unit.Common.GameStateTests with 6 TestCases found.
Discover:  TestSuite OmegaSpiral.Tests.Unit.Common.SceneManagerTests with 6 TestCases found.
Discover:  TestSuite OmegaSpiral.Tests.Unit.Common.Omega.OmegaChoicePresenterTests with 8 TestCases found.
Discover:  TestSuite OmegaSpiral.Tests.Unit.Common.Omega.OmegaShaderControllerTests with 11 TestCases found.
Discover:  TestSuite OmegaSpiral.Tests.Unit.Common.Omega.IOmegaChoicePresenterTests with 3 TestCases found.
Discover:  TestSuite OmegaSpiral.Tests.Unit.Common.Omega.IOmegaShaderControllerTests with 4 TestCases found.
Discover:  TestSuite OmegaSpiral.Tests.Unit.Common.Omega.IOmegaTextRendererTests with 5 TestCases found.
Discover:  TestSuite OmegaSpiral.Tests.Unit.Common.Omega.OmegaShaderPresetsTests with 11 TestCases found.
Discover:  TestSuite OmegaSpiral.Tests.Unit.Common.Omega.OmegaSpiralColorsTests with 15 TestCases found.
Discover:  TestSuite OmegaSpiral.Tests.Common.GameStateSignalTests with 5 TestCases found.
Discover tests done, 24 TestSuites and total 212 Tests found.
Running on GdUnit4 test engine version: 5.0.0.0
Set test session timeout to: 00:30:00
Detected IDE Unknown
Starting tests for assembly: /home/adam/Dev/omega-spiral/chapter-zero/.godot/mono/temp/bin/Debug/chapter-zero.dll
Search '.csproj' at /home/adam/Dev/omega-spiral/chapter-zero/.godot/mono/temp/bin/Debug/chapter-zero.dll
Set current working directory to: /home/adam/Dev/omega-spiral/chapter-zero
Starting GodotGdUnit4RestClient.
Working dir /home/adam/Dev/omega-spiral/chapter-zero
Rebuild Godot Project ... /home/adam/Godot_v4.6-dev2_mono_linux_x86_64/Godot_v4.6-dev2_mono_linux.x86_64 --path . -e --headless --quit-after 1000 --verbose
.. WorkerThreadPool: 6 threads, 4 max low-priority.
.. Godot Engine v4.6.dev2.mono.official.7864ac801 - https://godotengine.org
.. TextServer: Added interface "Dummy"
.. TextServer: Added interface "ICU / HarfBuzz / Graphite (Built-in)"
.. Unrecognized output string "misc2" in mapping:
.. 030000000d0f0000ab01000011010000,Horipad Steam,a:b0,b:b1,back:b10,dpdown:h0.4,dpleft:h0.8,dpright:h0.2,dpup:h0.1,guide:b12,leftshoulder:b6,leftstick:b13,lefttrigger:a5,leftx:a0,lefty:a1,misc2:b2,paddle1:b19,paddle2:b18,paddle3:b15,paddle4:b5,rightshoulder:b7,rightstick:b14,righttrigger:a4,rightx:a2,righty:a3,start:b11,x:b3,y:b4,platform:Linux,
.. Unrecognized output string "misc2" in mapping:
.. 050000000d0f00009601000091000000,Horipad Steam,a:b0,b:b1,back:b10,dpdown:h0.4,dpleft:h0.8,dpright:h0.2,dpup:h0.1,guide:b12,leftshoulder:b6,leftstick:b13,lefttrigger:a5,leftx:a0,lefty:a1,misc2:b2,paddle1:b19,paddle2:b18,paddle3:b15,paddle4:b5,rightshoulder:b7,rightstick:b14,righttrigger:a4,rightx:a2,righty:a3,start:b11,x:b3,y:b4,platform:Linux,
.. Unrecognized output string "misc2" in mapping:
.. 030000007e0500006920000011010000,Nintendo Switch 2 Pro Controller,a:b0,b:b1,back:b14,dpdown:b8,dpleft:b10,dpright:b9,dpup:b11,guide:b16,leftshoulder:b12,leftstick:b15,lefttrigger:b13,leftx:a0,lefty:a1~,misc1:b17,misc2:b20,paddle1:b18,paddle2:b19,rightshoulder:b4,rightstick:b7,righttrigger:b5,rightx:a2,righty:a3~,start:b6,x:b2,y:b3,platform:Linux,
.. SDL: Init OK!
.. Using "default" pen tablet driver...
.. TextServer: Primary interface set to: "ICU / HarfBuzz / Graphite (Built-in)".
.. .NET: Initializing module...
.. Found hostfxr: /usr/lib/dotnet/host/fxr/10.0.0-rc.2.25502.107/libhostfxr.so
.. .NET: hostfxr initialized
.. .NET: GodotPlugins initialized
.. Loading resource: res://theme.tres
.. Loading resource: res://default_bus_layout.tres
.. CORE API HASH: 3234800178
.. EDITOR API HASH: 4055853480
.. SceneTreeFTI: traversal method DEFAULT
.. Loading resource: res://addons/dialogic/Resources/TimelineResourceLoader.gd
.. Loading resource: res://addons/dialogic/Resources/CharacterResourceLoader.gd
.. Loading resource: res://addons/dialogic/Resources/TimelineResourceSaver.gd
.. Loading resource: res://addons/dialogic/Resources/CharacterResourceSaver.gd
.. Loading resource: /home/adam/.config/godot/editor_settings-4.6.tres
.. EditorSettings: Load OK!
.. EditorTheme: Generating new theme for the config '66886095'.
.. EditorTheme: Generating new icons.
.. EditorTheme: Generating new fonts.
.. EditorTheme: Generating new styles.
.. Found .NET Sdk version '10.0.100': /usr/lib/dotnet/sdk/10.0.100-rc.2.25502.107/
.. Loading resource: /home/adam/.cache/godot/editor_doc_cache-4.6.res
.. Loaded system CA certificates
.. Failed to bind socket. Error: 3.
.. Loading resource: res://addons/godot_xterm/themes/fonts/regular.tres
.. Loading resource: res://addons/godot_xterm/themes/fonts/jet_brains_mono/jet_brains_mono_nl-regular-2.304.ttf
.. Loading resource: res://.godot/imported/jet_brains_mono_nl-regular-2.304.ttf-96fa438503371775be3cc744a4450fc2.fontdata
.. Loading resource: res://addons/godot_xterm/icons/terminal_icon.svg
.. Loading resource: res://.godot/imported/terminal_icon.svg-2a4b198a0e3aa43f04b43cec3e3f109d.editor.ctex
.. Loading resource: res://addons/godot_xterm/shaders/background.gdshader
.. Loading resource: res://addons/godot_xterm/shaders/common.gdshaderinc
.. Loading resource: res://addons/godot_xterm/shaders/foreground.gdshader
.. [   0% ] \u001b[90m\u001b[1mfirst_scan_filesystem\u001b[22m | Started Project initialization (5 steps)\u001b[39m\u001b[0m
.. [   0% ] \u001b[90m\u001b[1mfirst_scan_filesystem\u001b[22m | Scanning file structure...\u001b[39m\u001b[0m
.. [  16% ] \u001b[90m\u001b[1mfirst_scan_filesystem\u001b[22m | Loading global class names...\u001b[39m\u001b[0m
.. [  33% ] \u001b[90m\u001b[1mfirst_scan_filesystem\u001b[22m | Verifying GDExtensions...\u001b[39m\u001b[0m
.. [  50% ] \u001b[90m\u001b[1mfirst_scan_filesystem\u001b[22m | Creating autoload scripts...\u001b[39m\u001b[0m
.. Loading resource: res://source/infrastructure/GameManager.cs
.. Loading resource: res://source/scripts/SceneManager.cs
.. Loading resource: res://source/common/GameState.cs
.. Loading resource: res://source/field/FieldEvents.cs
.. Loading resource: res://source/field/FieldCamera.cs
.. Loading resource: res://source/field/gameboard/Gameboard.cs
.. Loading resource: res://source/field/gamepieces/GamepieceRegistry.cs
.. Loading resource: res://source/common/Player.cs
.. Loading resource: res://source/combat/CombatEvents.cs
.. Loading resource: res://source/audio/AudioManager.cs
.. [  66% ] \u001b[90m\u001b[1mfirst_scan_filesystem\u001b[22m | Initializing plugins...\u001b[39m\u001b[0m
.. Loading resource: res://addons/dialogic/plugin.gd
.. Loading resource: res://addons/dialogic/Editor/editor_main.tscn
.. Loading resource: res://addons/dialogic/Editor/editor_main.gd
.. Loading resource: res://addons/dialogic/Editor/editors_manager.gd
.. Loading resource: res://addons/dialogic/Editor/Images/plugin-icon.svg
.. Loading resource: res://.godot/imported/plugin-icon.svg-aa6701e8ed73f5fe5d177dfddce3a0e3.editor.ctex
.. Loading resource: res://addons/dialogic/Editor/Common/side_bar.tscn
.. Loading resource: res://addons/dialogic/Editor/Images/Pieces/close-icon.svg
.. Loading resource: res://.godot/imported/close-icon.svg-c630c93ada599b08938f4854f5376f2f.editor.ctex
.. Loading resource: res://addons/dialogic/Editor/Images/Pieces/closed-icon.svg
.. Loading resource: res://.godot/imported/closed-icon.svg-b4f16653b91d6792313a130565319b2f.editor.ctex
.. Loading resource: res://addons/dialogic/Editor/Common/toolbar.gd
.. Loading resource: res://addons/dialogic/Editor/Images/Resources/character.svg
.. Loading resource: res://.godot/imported/character.svg-48bc1c93fa13733a935ca2c669d933a7.editor.ctex
.. Loading resource: res://addons/dialogic/Modules/Glossary/icon.svg
.. Loading resource: res://.godot/imported/icon.svg-4fc0c12c53379638e37d654e7bbaea1a.editor.ctex
.. Loading resource: res://addons/dialogic/Modules/StyleEditor/styles_icon.svg
.. Loading resource: res://.godot/imported/styles_icon.svg-c55f9f7d15c3512c8b20dbf30eed7047.editor.ctex
.. Loading resource: res://addons/dialogic/Modules/Variable/variable.svg
.. Loading resource: res://.godot/imported/variable.svg-52aeb47fe1705a3f04d919f8dcd5d319.editor.ctex
.. Loading resource: res://addons/dialogic/Editor/Common/reference_manager.tscn
.. Loading resource: res://addons/dialogic/Editor/Common/reference_manager.gd
.. Loading resource: res://addons/dialogic/Editor/Common/broken_reference_manager.gd
.. Loading resource: res://addons/dialogic/Editor/Common/ReferenceManager_AddReplacementPanel.gd
.. Loading resource: res://addons/dialogic/Editor/Events/Fields/field_options_dynamic.tscn
.. Loading resource: res://addons/dialogic/Editor/Events/Fields/field_options_dynamic.gd
.. Loading resource: res://addons/dialogic/Editor/Common/unique_identifiers_manager.gd
.. Loading resource: res://addons/dialogic/Editor/Common/reference_manager_window.gd
.. Loading resource: res://addons/dialogic/Editor/TimelineEditor/TextEditor/CodeCompletionHelper.gd
.. Loading resource: res://addons/dialogic/Editor/Common/update_manager.gd
.. Loading resource: res://addons/dialogic/Editor/Common/update_install_window.tscn
.. Loading resource: res://addons/dialogic/Editor/Common/update_install_window.gd
.. Loading resource: res://addons/dialogic/Editor/TimelineEditor/TextEditor/syntax_highlighter.gd
.. Loading resource: res://addons/dialogic/Editor/Images/dialogic-logo.svg
.. Loading resource: res://.godot/imported/dialogic-logo.svg-e43201cabc9573eeb3f78fd91ea9d909.ctex
.. Loading resource: res://addons/dialogic/Editor/HomePage/home_page.tscn
.. Loading resource: res://addons/dialogic/Editor/HomePage/home_page.gd
.. Loading resource: res://addons/dialogic/Editor/HomePage/icon_bg.png
.. Loading resource: res://.godot/imported/icon_bg.png-5937ce0a857c4a8a9d624ea9ebf09a97.ctex
.. Loading resource: res://addons/dialogic/Editor/TimelineEditor/timeline_editor.tscn
.. Loading resource: res://addons/dialogic/Editor/TimelineEditor/timeline_editor.gd
.. Loading resource: res://addons/dialogic/Editor/TimelineEditor/VisualEditor/timeline_editor_visual.tscn
.. Loading resource: res://addons/dialogic/Editor/TimelineEditor/VisualEditor/timeline_editor_visual.gd
.. Loading resource: res://addons/dialogic/Editor/Theme/MainTheme.tres
.. Loading resource: res://addons/dialogic/Editor/TimelineEditor/VisualEditor/TimelineArea.gd
.. Loading resource: res://addons/dialogic/Editor/Events/EventBlock/event_right_click_menu.gd
.. Loading resource: res://addons/dialogic/Editor/Common/hint_tooltip_icon.tscn
.. Loading resource: res://addons/dialogic/Editor/Common/hint_tooltip_icon.gd
.. Loading resource: res://addons/dialogic/Editor/TimelineEditor/TextEditor/timeline_editor_text.tscn
.. Loading resource: res://addons/dialogic/Editor/TimelineEditor/TextEditor/timeline_editor_text.gd
.. Loading resource: res://addons/dialogic/Editor/Events/EventBlock/event_block.tscn
.. Loading resource: res://addons/dialogic/Editor/Events/EventBlock/event_block.gd
.. Loading resource: res://addons/dialogic/Editor/Events/styles/unselected_stylebox.tres
.. Loading resource: res://addons/dialogic/Editor/CharacterEditor/character_editor.tscn
.. Loading resource: res://addons/dialogic/Editor/CharacterEditor/character_editor.gd
.. Loading resource: res://addons/dialogic/Editor/Common/hint_tooltip_icon.tscn
.. Loading resource: res://addons/dialogic/Editor/CharacterEditor/character_editor_portrait_tree.gd
.. Loading resource: res://addons/dialogic/Editor/Images/Pieces/add-folder.svg
.. Loading resource: res://.godot/imported/add-folder.svg-41a970370f904038e63c13bddbdb6450.editor.ctex
.. Loading resource: res://addons/dialogic/Modules/Signal/index.gd
.. Loading resource: res://addons/dialogic/Modules/Voice/index.gd
.. Loading resource: res://addons/dialogic/Modules/StyleEditor/index.gd
.. Loading resource: res://addons/dialogic/Modules/Text/index.gd
.. Loading resource: res://addons/dialogic/Modules/Jump/index.gd
.. Loading resource: res://addons/dialogic/Modules/Condition/index.gd
.. Loading resource: res://addons/dialogic/Modules/Choice/index.gd
.. Loading resource: res://addons/dialogic/Modules/History/index.gd
.. Loading resource: res://addons/dialogic/Modules/Audio/index.gd
.. Loading resource: res://addons/dialogic/Modules/LayeredPortrait/index.gd
.. Loading resource: res://addons/dialogic/Modules/Character/index.gd
.. Loading resource: res://addons/dialogic/Modules/Variable/index.gd
.. Loading resource: res://addons/dialogic/Modules/Save/index.gd
.. Loading resource: res://addons/dialogic/Modules/Glossary/index.gd
.. Loading resource: res://addons/dialogic/Modules/Comment/index.gd
.. Loading resource: res://addons/dialogic/Modules/HighlightPortrait/index.gd
.. Loading resource: res://addons/dialogic/Modules/Call/index.gd
.. Loading resource: res://addons/dialogic/Modules/Clear/index.gd
.. Loading resource: res://addons/dialogic/Modules/Core/index.gd
.. Loading resource: res://addons/dialogic/Modules/Background/index.gd
.. Loading resource: res://addons/dialogic/Modules/DefaultLayoutParts/index.gd
.. Loading resource: res://addons/dialogic/Modules/Settings/index.gd
.. Loading resource: res://addons/dialogic/Modules/TextInput/index.gd
.. Loading resource: res://addons/dialogic/Modules/WaitInput/index.gd
.. Loading resource: res://addons/dialogic/Modules/Wait/index.gd
.. Loading resource: res://addons/dialogic/Modules/Style/index.gd
.. Loading resource: res://addons/dialogic/Modules/End/index.gd
.. Loading resource: res://addons/dialogic/Modules/StyleEditor/style_editor.tscn
.. Loading resource: res://addons/dialogic/Modules/StyleEditor/style_editor.gd
.. Loading resource: res://addons/dialogic/Editor/Common/hint_tooltip_icon.tscn
.. Loading resource: res://addons/dialogic/Modules/StyleEditor/style_layer_editor.gd
.. Loading resource: res://addons/dialogic/Modules/StyleEditor/Components/style_layer_tree.gd
.. Loading resource: res://addons/dialogic/Modules/StyleEditor/Components/style_browser_window.gd
.. Loading resource: res://addons/dialogic/Modules/StyleEditor/Components/style_browser.tscn
.. Loading resource: res://addons/dialogic/Modules/StyleEditor/Components/style_browser.gd
.. Loading resource: res://addons/dialogic/Editor/Common/BrowserItem.tscn
.. Loading resource: res://addons/dialogic/Editor/Common/BrowserItem.gd
.. Loading resource: res://addons/dialogic/Modules/Variable/variables_editor/variables_editor.tscn
.. Loading resource: res://addons/dialogic/Modules/Variable/variables_editor/variables_editor.gd
.. Loading resource: res://addons/dialogic/Modules/Variable/variables_editor/variable_tree.gd
.. Loading resource: res://addons/dialogic/Modules/Glossary/glossary_editor.tscn
.. Loading resource: res://addons/dialogic/Modules/Glossary/glossary_editor.gd
.. Loading resource: res://addons/dialogic/Modules/Glossary/add-glossary.svg
.. Loading resource: res://.godot/imported/add-glossary.svg-1cde77c043d3874d9bc84cc14d0ec9dc.editor.ctex
.. Loading resource: res://addons/dialogic/Editor/Settings/settings_editor.tscn
.. Loading resource: res://addons/dialogic/Editor/Settings/settings_editor.gd
.. Loading resource: res://addons/dialogic/Editor/Settings/settings_general.tscn
.. Loading resource: res://addons/dialogic/Editor/Settings/settings_general.gd
.. Loading resource: res://addons/dialogic/Editor/Common/hint_tooltip_icon.tscn
.. Loading resource: res://addons/dialogic/Editor/Events/Fields/field_file.tscn
.. Loading resource: res://addons/dialogic/Editor/Events/Fields/field_file.gd
.. Loading resource: res://addons/dialogic/Editor/Settings/settings_translation.tscn
.. Loading resource: res://addons/dialogic/Editor/Settings/settings_translation.gd
.. Loading resource: res://addons/dialogic/Editor/Common/hint_tooltip_icon.tscn
.. Loading resource: res://addons/dialogic/Editor/Events/Fields/field_file.tscn
.. Loading resource: res://addons/dialogic/Editor/Settings/settings_modules.tscn
.. Loading resource: res://addons/dialogic/Editor/Settings/settings_modules.gd
.. Loading resource: res://addons/dialogic/Modules/Text/settings_text.tscn
.. Loading resource: res://addons/dialogic/Modules/Text/settings_text.gd
.. Loading resource: res://addons/dialogic/Editor/Common/hint_tooltip_icon.tscn
.. Loading resource: res://addons/dialogic/Modules/Choice/settings_choices.tscn
.. Loading resource: res://addons/dialogic/Modules/Choice/settings_choices.gd
.. Loading resource: res://addons/dialogic/Editor/Common/hint_tooltip_icon.tscn
.. Loading resource: res://addons/dialogic/Modules/History/settings_history.tscn
.. Loading resource: res://addons/dialogic/Modules/History/settings_history.gd
.. Loading resource: res://addons/dialogic/Editor/Common/hint_tooltip_icon.tscn
.. Loading resource: res://addons/dialogic/Modules/Audio/settings_audio.tscn
.. Loading resource: res://addons/dialogic/Modules/Audio/settings_audio.gd
.. Loading resource: res://addons/dialogic/Editor/Common/hint_tooltip_icon.tscn
.. Loading resource: res://addons/dialogic/Modules/Character/settings_portraits.tscn
.. Loading resource: res://addons/dialogic/Modules/Character/settings_portraits.gd
.. Loading resource: res://addons/dialogic/Editor/Common/hint_tooltip_icon.tscn
.. Loading resource: res://addons/dialogic/Editor/Events/Fields/field_file.tscn
.. Loading resource: res://addons/dialogic/Modules/Save/settings_save.tscn
.. Loading resource: res://addons/dialogic/Modules/Save/settings_save.gd
.. Loading resource: res://addons/dialogic/Editor/Common/hint_tooltip_icon.tscn
.. Loading resource: res://addons/dialogic/Editor/Events/styles/ResourceMenuPanelBackground.tres
.. Loading resource: res://addons/dialogic/Editor/Common/hint_tooltip_icon.tscn
.. Loading resource: res://addons/dialogic/Editor/Images/Toolbar/add-timeline.svg
.. Loading resource: res://.godot/imported/add-timeline.svg-86961b528ebdf01f585931a15fea1755.editor.ctex
.. Loading resource: res://addons/dialogic/Editor/TimelineEditor/VisualEditor/AddEventButton.tscn
.. Loading resource: res://addons/dialogic/Editor/TimelineEditor/VisualEditor/AddEventButton.gd
.. Loading resource: res://addons/dialogic/Modules/Signal/event_signal.gd
.. Loading resource: res://addons/dialogic/Modules/Jump/event_return.gd
.. Loading resource: res://addons/dialogic/Modules/Condition/event_condition.gd
.. Loading resource: res://addons/dialogic/Modules/History/event_history.gd
.. Loading resource: res://addons/dialogic/Modules/Audio/event_music.gd
.. Loading resource: res://addons/dialogic/Modules/Audio/event_sound.gd
.. Loading resource: res://addons/dialogic/Modules/Variable/event_variable.gd
.. Loading resource: res://addons/dialogic/Modules/Save/event_save.gd
.. Loading resource: res://addons/dialogic/Modules/Comment/event_comment.gd
.. Loading resource: res://addons/dialogic/Modules/Call/event_call.gd
.. Loading resource: res://addons/dialogic/Modules/Clear/event_clear.gd
.. Loading resource: res://addons/dialogic/Modules/Background/event_background.gd
.. Loading resource: res://addons/dialogic/Modules/Settings/event_setting.gd
.. Loading resource: res://addons/dialogic/Modules/TextInput/event_text_input.gd
.. Loading resource: res://addons/dialogic/Modules/WaitInput/event_wait_input.gd
.. Loading resource: res://addons/dialogic/Modules/Wait/event_wait.gd
.. Loading resource: res://addons/dialogic/Modules/Style/event_style.gd
.. Loading resource: res://addons/dialogic/Modules/End/event_end.gd
.. Loading resource: res://addons/dialogic/Modules/Signal/icon.png
.. Loading resource: res://.godot/imported/icon.png-5e2e422904d471016252dff8d4bdfa96.ctex
.. Loading resource: res://addons/dialogic/Modules/Voice/icon.png
.. Loading resource: res://.godot/imported/icon.png-85989da147a1404ecd08c88eac72cda1.ctex
.. Loading resource: res://addons/dialogic/Modules/Jump/icon_jump.png
.. Loading resource: res://.godot/imported/icon_jump.png-50f6cdd715fcbdbed16b43c5beb6b851.ctex
.. Loading resource: res://addons/dialogic/Modules/Jump/icon_label.png
.. Loading resource: res://.godot/imported/icon_label.png-3923bd1131990c8869923c838ffdb9ae.ctex
.. Loading resource: res://addons/dialogic/Modules/Jump/icon_return.svg
.. Loading resource: res://.godot/imported/icon_return.svg-dc7fb704ff391638f73cbbc2b30b32fa.editor.ctex
.. Loading resource: res://addons/dialogic/Modules/Condition/icon.svg
.. Loading resource: res://.godot/imported/icon.svg-502d45c064cc30f576b7b105a01357ce.editor.ctex
.. Loading resource: res://addons/dialogic/Modules/Choice/icon.svg
.. Loading resource: res://.godot/imported/icon.svg-372a9bfce8bea67fff1988d7acf09a9a.editor.ctex
.. Loading resource: res://addons/dialogic/Modules/History/icon.svg
.. Loading resource: res://.godot/imported/icon.svg-82841efe3f86e947d4f66fd24dc8f52c.editor.ctex
.. Loading resource: res://addons/dialogic/Modules/Audio/icon_music.png
.. Loading resource: res://.godot/imported/icon_music.png-ffc971ba1265164a55f745186974be5f.ctex
.. Loading resource: res://addons/dialogic/Modules/Audio/icon_sound.png
.. Loading resource: res://.godot/imported/icon_sound.png-7a1a8a5533773d97969b6311b6a9133f.ctex
.. Loading resource: res://addons/dialogic/Modules/Character/icon.svg
.. Loading resource: res://.godot/imported/icon.svg-4f340f6efbb83004dbd5c761dd1dc448.editor.ctex
.. Loading resource: res://addons/dialogic/Modules/Variable/icon.png
.. Loading resource: res://.godot/imported/icon.png-99064bb3920f49262c581fccbfcfc353.ctex
.. Loading resource: res://addons/dialogic/Modules/Save/icon.svg
.. Loading resource: res://.godot/imported/icon.svg-aad0408eebe298e9d92c76d6f2c79cf6.editor.ctex
.. Loading resource: res://addons/dialogic/Modules/Comment/icon.png
.. Loading resource: res://.godot/imported/icon.png-fab76b8a5886dac0012cf73c317dbee4.ctex
.. Loading resource: res://addons/dialogic/Modules/Call/icon.png
.. Loading resource: res://.godot/imported/icon.png-12e444f0ed59397c7537943ea85b475c.ctex
.. Loading resource: res://addons/dialogic/Modules/Clear/icon.png
.. Loading resource: res://.godot/imported/icon.png-b4986c88bf1e20891dc480c8f4703ca4.ctex
.. Loading resource: res://addons/dialogic/Modules/Background/icon.png
.. Loading resource: res://.godot/imported/icon.png-cab4c78f59b171335e340ba590cf5991.ctex
.. Loading resource: res://addons/dialogic/Modules/Settings/icon.svg
.. Loading resource: res://.godot/imported/icon.svg-d4407cb145fa5c1d965de3d2bd63ce5f.editor.ctex
.. Loading resource: res://addons/dialogic/Modules/TextInput/icon.png
.. Loading resource: res://.godot/imported/icon.png-aea103d18fdc694e2da87b3c5a56be35.ctex
.. Loading resource: res://addons/dialogic/Modules/WaitInput/icon.svg
.. Loading resource: res://.godot/imported/icon.svg-cb8e50b081a310c64183b12c6d12fcf2.editor.ctex
.. Loading resource: res://addons/dialogic/Modules/Wait/icon.svg
.. Loading resource: res://.godot/imported/icon.svg-7e9f52b17ae6e5e1f284e12048cb8f05.editor.ctex
.. Loading resource: res://addons/dialogic/Modules/Style/icon.png
.. Loading resource: res://.godot/imported/icon.png-ee52cc92a2b11ac2a101ff92d2eaaa7c.ctex
.. Loading resource: res://addons/dialogic/Modules/End/icon.png
.. Loading resource: res://.godot/imported/icon.png-8e345f81e023043fdbb4f75b1b0e9bb0.ctex
.. Loading resource: res://addons/dialogic/Modules/Text/icon.svg
.. Loading resource: res://.godot/imported/icon.svg-e2501ddcdef01c7f2c3538940f5abfc1.editor.ctex
.. Loading resource: res://addons/dialogic/Editor/Images/Toolbar/add-character.svg
.. Loading resource: res://.godot/imported/add-character.svg-a658b65c1225b02657a50d5c965e0d5e.editor.ctex
.. Loading resource: res://addons/dialogic/Editor/TimelineEditor/VisualEditor/AddEventButton.tscn
.. Loading resource: res://addons/dialogic/Editor/CharacterEditor/char_edit_section_general.tscn
.. Loading resource: res://addons/dialogic/Editor/CharacterEditor/char_edit_section_general.gd
.. Loading resource: res://addons/dialogic/Editor/Common/hint_tooltip_icon.tscn
.. Loading resource: res://addons/dialogic/Editor/CharacterEditor/char_edit_section_portraits.tscn
.. Loading resource: res://addons/dialogic/Editor/CharacterEditor/char_edit_section_portraits.gd
.. Loading resource: res://addons/dialogic/Editor/Events/Fields/field_vector2.tscn
.. Loading resource: res://addons/dialogic/Editor/Events/Fields/field_vector2.gd
.. Loading resource: res://addons/dialogic/Editor/Events/Fields/field_number.tscn
.. Loading resource: res://addons/dialogic/Editor/Images/Interactable/increment_icon.svg
.. Loading resource: res://.godot/imported/increment_icon.svg-081e6509e76349f0628c55a41e85fd65.editor.ctex
.. Loading resource: res://addons/dialogic/Editor/Images/Interactable/decrement_icon.svg
.. Loading resource: res://.godot/imported/decrement_icon.svg-9556cf56db91e200fb946372e010fd5e.editor.ctex
.. Loading resource: res://addons/dialogic/Editor/Images/Resources/portrait.svg
.. Loading resource: res://.godot/imported/portrait.svg-7d29c7cfe3e086d65dce33c3d66c48cd.editor.ctex
.. Loading resource: res://addons/dialogic/Editor/CharacterEditor/char_edit_p_section_main_exports.tscn
.. Loading resource: res://addons/dialogic/Editor/CharacterEditor/char_edit_p_section_main_exports.gd
.. Loading resource: res://addons/dialogic/Editor/CharacterEditor/char_edit_p_section_exports.tscn
.. Loading resource: res://addons/dialogic/Editor/CharacterEditor/char_edit_p_section_exports.gd
.. Loading resource: res://addons/dialogic/Editor/CharacterEditor/char_edit_p_section_main.tscn
.. Loading resource: res://addons/dialogic/Editor/CharacterEditor/char_edit_p_section_main.gd
.. Loading resource: res://addons/dialogic/Editor/Events/Fields/field_file.tscn
.. Loading resource: res://addons/dialogic/Editor/CharacterEditor/portrait_scene_browser.tscn
.. Loading resource: res://addons/dialogic/Editor/CharacterEditor/portrait_scene_browser.gd
.. Loading resource: res://addons/dialogic/Editor/Common/hint_tooltip_icon.tscn
.. Loading resource: res://addons/dialogic/Editor/CharacterEditor/char_edit_p_section_layout.tscn
.. Loading resource: res://addons/dialogic/Editor/CharacterEditor/char_edit_p_section_layout.gd
.. Loading resource: res://addons/dialogic/Editor/Events/Fields/field_vector2.tscn
.. Loading resource: res://addons/dialogic/Editor/Events/Fields/field_number.tscn
.. Loading resource: res://addons/dialogic/Modules/Text/character_settings/character_moods_settings.tscn
.. Loading resource: res://addons/dialogic/Modules/Text/character_settings/character_moods_settings.gd
.. Loading resource: res://addons/dialogic/Editor/Events/Fields/field_file.tscn
.. Loading resource: res://addons/dialogic/Editor/Events/Fields/field_number.tscn
.. Loading resource: res://addons/dialogic/Modules/Text/node_type_sound.gd
.. Loading resource: res://addons/dialogic/Editor/Common/hint_tooltip_icon.tscn
.. Loading resource: res://addons/dialogic/Modules/Text/character_settings/character_portrait_mood_settings.tscn
.. Loading resource: res://addons/dialogic/Modules/Text/character_settings/character_portrait_mood_settings.gd
.. Loading resource: res://addons/dialogic/Modules/Style/character_settings_style.tscn
.. Loading resource: res://addons/dialogic/Modules/Style/character_settings_style.gd
.. Loading resource: res://addons/dialogic/Editor/Common/hint_tooltip_icon.tscn
.. Loading resource: res://addons/dialogic/Editor/Inspector/inspector_plugin.gd
.. Loading resource: res://addons/gdUnit4/plugin.gd
.. \u001b[38;2;218;165;32mIt was recognized that GdUnit4 is running in a test environment, therefore the GdUnit4 plugin will not be executed!\u001b[0m
.. Loading resource: res://addons/godot_xterm/plugin.gd
.. Loading resource: res://addons/godot_xterm/editor_plugins/terminal/terminal_panel.tscn
.. Loading resource: res://addons/godot_xterm/editor_plugins/terminal/terminal_panel.gd
.. Loading resource: res://addons/godot_xterm/editor_plugins/terminal/editor_terminal.tscn
.. Loading resource: res://addons/godot_xterm/editor_plugins/terminal/editor_terminal.gd
.. Loading resource: res://addons/godot_xterm/editor_plugins/terminal/settings/default_new_terminal_shortcut.tres
.. Loading resource: res://addons/godot_xterm/editor_plugins/terminal/settings/default_kill_terminal_shortcut.tres
.. Loading resource: res://addons/godot_xterm/editor_plugins/terminal/settings/default_copy_shortcut.tres
.. Loading resource: res://addons/godot_xterm/editor_plugins/terminal/settings/default_paste_shortcut.tres
.. Loading resource: res://addons/godot_xterm/editor_plugins/terminal/settings/default_tab_right_shortcut.tres
.. Loading resource: res://addons/godot_xterm/editor_plugins/terminal/settings/default_tab_left_shortcut.tres
.. Loading resource: res://addons/type_writer_label/twl_init.gd
.. Loading resource: res://addons/type_writer_label/classes/type_writer_label_icon.svg
.. Loading resource: res://.godot/imported/type_writer_label_icon.svg-4ed2f6ad1e9b0ca97691e0060c880e78.ctex
.. [  83% ] \u001b[90m\u001b[1mfirst_scan_filesystem\u001b[22m | Starting file scan...\u001b[39m\u001b[0m
.. \u001b[92m[ DONE ]\u001b[39m \u001b[1mfirst_scan_filesystem\u001b[22m
.. \u001b[0m
.. [   0% ] \u001b[90m\u001b[1mupdate_scripts_classes\u001b[22m | Started Registering global classes... (5 steps)\u001b[39m\u001b[0m
.. [   0% ] \u001b[90m\u001b[1mupdate_scripts_classes\u001b[22m | BaseMenuUi\u001b[39m\u001b[0m
.. [  16% ] \u001b[90m\u001b[1mupdate_scripts_classes\u001b[22m | MainMenu\u001b[39m\u001b[0m
.. [  33% ] \u001b[90m\u001b[1mupdate_scripts_classes\u001b[22m | OmegaThemedContainer\u001b[39m\u001b[0m
.. [  50% ] \u001b[90m\u001b[1mupdate_scripts_classes\u001b[22m | \u001b[39m\u001b[0m
.. [  66% ] \u001b[90m\u001b[1mupdate_scripts_classes\u001b[22m | \u001b[39m\u001b[0m
.. \u001b[92m[ DONE ]\u001b[39m \u001b[1mupdate_scripts_classes\u001b[22m
.. \u001b[0m
.. [   0% ] \u001b[90m\u001b[1mloading_editor_layout\u001b[22m | Started Loading editor (5 steps)\u001b[39m\u001b[0m
.. [   0% ] \u001b[90m\u001b[1mloading_editor_layout\u001b[22m | Loading editor layout...\u001b[39m\u001b[0m
.. [  16% ] \u001b[90m\u001b[1mloading_editor_layout\u001b[22m | Loading docks...\u001b[39m\u001b[0m
.. [  33% ] \u001b[90m\u001b[1mloading_editor_layout\u001b[22m | Reopening scenes...\u001b[39m\u001b[0m
.. Loading resource: res://source/ui/menus/main_menu.tscn
.. Loading resource: res://source/ui/menus/MainMenu.cs
.. Loading resource: res://source/ui/menus/BaseMenuUi.cs
.. Loading resource: res://source/ui/omega/OmegaThemedContainer.cs
.. Loading resource: res://source/ui/omega/OmegaContainer.cs
.. Loading resource: res://source/stages/stage_1_ghost/ghost_terminal.tscn
.. Loading resource: res://source/stages/stage_1_ghost/GhostUi.cs
.. Loading resource: res://source/narrative/NarrativeUi.cs
.. Loading resource: res://source/narrative/narrative_terminal.tscn
.. Loading resource: res://source/narrative/NarrativeTerminal.cs
:: ERROR: Cannot open file 'res://source/narrative/NarrativeTerminal.cs'.
:: at: read_all_file_utf8 (modules/mono/utils/string_utils.cpp:152)
:: ERROR: Failed to read file: 'res://source/narrative/NarrativeTerminal.cs'.
:: at: load_source_code (modules/mono/csharp_script.cpp:2772)
:: ERROR: Cannot load C# script file 'res://source/narrative/NarrativeTerminal.cs'.
:: at: load (modules/mono/csharp_script.cpp:2852)
.. Failed loading resource: res://source/narrative/NarrativeTerminal.cs
:: ERROR: Failed loading resource: res://source/narrative/NarrativeTerminal.cs.
:: at: _load (core/io/resource_loader.cpp:343)
:: ERROR: Cannot set object script. Parameter should be null or a reference to a valid script.
:: at: set_script (core/object/object.cpp:1057)
:: WARNING: Parent path 'AudioPlayers' for node 'AmbientAudio' has vanished when instantiating: 'res://source/stages/stage_1_ghost/ghost_terminal.tscn'.
:: at: instantiate (scene/resources/packed_scene.cpp:205)
:: WARNING: Node './AmbientAudio' was modified from inside an instance, but it has vanished.
:: at: instantiate (scene/resources/packed_scene.cpp:304)
:: WARNING: Parent path 'AudioPlayers' for node 'EffectsAudio' has vanished when instantiating: 'res://source/stages/stage_1_ghost/ghost_terminal.tscn'.
:: at: instantiate (scene/resources/packed_scene.cpp:205)
:: WARNING: Node './EffectsAudio' was modified from inside an instance, but it has vanished.
:: at: instantiate (scene/resources/packed_scene.cpp:304)
:: WARNING: Parent path 'AudioPlayers' for node 'UiAudio' has vanished when instantiating: 'res://source/stages/stage_1_ghost/ghost_terminal.tscn'.
:: at: instantiate (scene/resources/packed_scene.cpp:205)
:: WARNING: Node './UiAudio' was modified from inside an instance, but it has vanished.
:: at: instantiate (scene/resources/packed_scene.cpp:304)
.. Loading resource: res://source/stages/main.tscn
.. Loading resource: res://source/ui/menus/main_menu.tscn
.. Loading resource: res://source/ui/menus/credits_menu.tscn
.. Loading resource: res://source/ui/menus/CreditsMenu.cs
.. [  50% ] \u001b[90m\u001b[1mloading_editor_layout\u001b[22m | Loading central editor layout...\u001b[39m\u001b[0m
.. [  66% ] \u001b[90m\u001b[1mloading_editor_layout\u001b[22m | Loading plugin window layout...\u001b[39m\u001b[0m
.. Loading resource: res://source/ui/menus/main_menu_manifest.json
.. [  83% ] \u001b[90m\u001b[1mloading_editor_layout\u001b[22m | Editor layout ready.\u001b[39m\u001b[0m
.. \u001b[92m[ DONE ]\u001b[39m \u001b[1mloading_editor_layout\u001b[22m
.. \u001b[0m
.. Failed to bind socket. Error: 3.
.. thirdparty/mbedtls/library/ssl_tls13_generic.c:1552: 0x57dcd1d8: Perform PSA-based ECDH/FFDH computation.
.. thirdparty/mbedtls/library/ssl_tls13_client.c:1950: 0x57dcd1d8: Switch to handshake keys for inbound traffic
.. thirdparty/mbedtls/library/ssl_tls13_generic.c:0403: 0x57dcd1d8: mbedtls_ssl_tls13_process_certificate_verify() returned 0 (-0x0000)
.. thirdparty/mbedtls/library/ssl_tls13_client.c:2639: 0x57dcd1d8: Switch to handshake traffic keys for outbound traffic
.. thirdparty/mbedtls/library/ssl_tls13_generic.c:1235: 0x57dcd1d8: Switch to application keys for inbound traffic
.. thirdparty/mbedtls/library/ssl_tls13_generic.c:1238: 0x57dcd1d8: Switch to application keys for outbound traffic
.. Unloading addon: res://addons/dialogic/plugin.cfg
.. Unloading addon: res://addons/gdUnit4/plugin.cfg
.. Unloading addon: res://addons/godot_xterm/plugin.cfg
.. Unloading addon: res://addons/type_writer_label/plugin.cfg
.. Script docs haven't been properly loaded or regenerated, so don't save them to disk.
.. EditorSettings: Save OK!
.. Unloading: Disposing tracked instances...
.. Unloading: Finished disposing tracked instances.
.. XR: Clearing primary interface
.. XR: Removed interface "Native mobile"
.. XR: Removed interface "OpenXR"
:: WARNING: ObjectDB instances leaked at exit (run with --verbose for details).
:: at: cleanup (core/object/object.cpp:2570)
.. Leaked instance: UndoRedo:2140890288603
.. Hint: Leaked instances typically happen when nodes are removed from the scene tree (with `remove_child()`) but not freed (with `free()` or `queue_free()`).
.. Orphan StringName: RenderingDevice (static: 2, total: 4)
.. Orphan StringName: Mesh (static: 18, total: 22)
.. Orphan StringName: Tween (static: 2, total: 6)
.. Orphan StringName: Shader (static: 3, total: 7)
.. Orphan StringName: JSON (static: 2, total: 4)
.. Orphan StringName: PTY (static: 0, total: 2)
.. Orphan StringName: ImageTexture (static: 5, total: 7)
.. Orphan StringName: Semaphore (static: 2, total: 4)
.. Orphan StringName: Terminal (static: 0, total: 2)
.. Orphan StringName: MainLoop (static: 3, total: 7)
.. Orphan StringName: TriangleMesh (static: 2, total: 6)
.. Orphan StringName: InputEvent (static: 18, total: 22)
.. Orphan StringName: InputEventMouse (static: 4, total: 6)
.. Orphan StringName: ThemeDB (static: 2, total: 4)
.. Orphan StringName: InputEventWithModifiers (static: 9, total: 11)
.. Orphan StringName: Control (static: 234, total: 236)
.. Orphan StringName: Shape3D (static: 11, total: 15)
.. Orphan StringName: Input (static: 2, total: 4)
.. Orphan StringName: InputEventFromWindow (static: 12, total: 14)
.. Orphan StringName: ResourceLoader (static: 2, total: 6)
.. Orphan StringName: SchemaValidationResult (static: 0, total: 2)
.. Orphan StringName: Font (static: 5, total: 9)
.. Orphan StringName: RenderingServer (static: 2, total: 4)
.. Orphan StringName: Image (static: 2, total: 6)
.. Orphan StringName: Resource (static: 464, total: 468)
.. Orphan StringName: StyleBoxFlat (static: 5, total: 7)
.. Orphan StringName: Schema (static: 0, total: 2)
.. Orphan StringName: OS (static: 2, total: 4)
.. Orphan StringName: Viewport (static: 61, total: 65)
.. Orphan StringName: MultiplayerAPI (static: 4, total: 8)
.. Orphan StringName: Timer (static: 2, total: 4)
.. Orphan StringName: DisplayServer (static: 2, total: 4)
.. Orphan StringName: Marshalls (static: 2, total: 4)
.. Orphan StringName: FileAccess (static: 2, total: 4)
.. Orphan StringName: Mutex (static: 2, total: 6)
.. Orphan StringName: ConcavePolygonShape3D (static: 2, total: 6)
.. Orphan StringName: Thread (static: 2, total: 4)
.. Orphan StringName: RegExMatch (static: 2, total: 4)
.. Orphan StringName: CanvasItem (static: 282, total: 286)
.. Orphan StringName: SceneTree (static: 2, total: 6)
.. Orphan StringName: InputEventMouseMotion (static: 2, total: 4)
.. Orphan StringName: InputEventMouseButton (static: 2, total: 4)
.. Orphan StringName: WeakRef (static: 2, total: 4)
.. Orphan StringName: YAMLSecurity (static: 0, total: 2)
.. Orphan StringName: Texture (static: 44, total: 48)
.. Orphan StringName: CanvasLayer (static: 3, total: 7)
.. Orphan StringName: World2D (static: 2, total: 6)
.. Orphan StringName: ShaderMaterial (static: 2, total: 4)
.. Orphan StringName: Material (static: 13, total: 17)
.. Orphan StringName: Node (static: 578, total: 583)
.. Orphan StringName: ProjectSettings (static: 2, total: 6)
.. Orphan StringName: TextServer (static: 5, total: 9)
.. Orphan StringName: RefCounted (static: 790, total: 794)
.. Orphan StringName: Object (static: 1486, total: 1490)
.. Orphan StringName: Theme (static: 3, total: 7)
.. Orphan StringName: YAMLResult (static: 0, total: 2)
.. Orphan StringName: YAMLStyle (static: 0, total: 2)
.. Orphan StringName: RDPipelineSpecializationConstant (static: 2, total: 4)
.. Orphan StringName: ConvexPolygonShape3D (static: 2, total: 6)
.. Orphan StringName: InputEventKey (static: 2, total: 4)
.. Orphan StringName: ResourceFormatLoader (static: 2, total: 6)
.. Orphan StringName: MultiMesh (static: 2, total: 6)
.. Orphan StringName: Texture2D (static: 20, total: 24)
.. Orphan StringName: Window (static: 64, total: 68)
.. Orphan StringName: StyleBox (static: 6, total: 10)
.. Orphan StringName: ClassDB (static: 2, total: 6)
.. Orphan StringName: RegEx (static: 2, total: 4)
.. Orphan StringName: Script (static: 12, total: 14)
.. Orphan StringName: YAML (static: 0, total: 2)
.. StringName: 69 unclaimed string names at exit.
Rebuild Godot Project ends with exit code: 0

======== Running GdUnit4 Godot Runtime Test Runner ========
    AudioManager: Initialized successfully
    AudioManager: Initialized successfully
:: WARNING: [BaseMenuUi] MenuButtonContainer not found in scene at ContentContainer/MenuButtonContainer. Scene structure may be incomplete.
:: at: void OmegaSpiral.Source.Ui.Menus.BaseMenuUi.CacheRequiredNodes() (res://source/ui/menus/BaseMenuUi.cs:141)
:: C# backtrace (most recent call first):
:: [0] void Godot.GD.PushWarning(string) (/root/godot/modules/mono/glue/GodotSharp/GodotSharp/Core/GD.cs:396)
:: [1] void OmegaSpiral.Source.Ui.Menus.BaseMenuUi.CacheRequiredNodes() (/home/adam/Dev/omega-spiral/chapter-zero/source/ui/menus/BaseMenuUi.cs:141)
:: [2] void OmegaSpiral.Source.Ui.Omega.OmegaContainer._Ready() (/home/adam/Dev/omega-spiral/chapter-zero/source/ui/omega/OmegaContainer.cs:56)
:: [3] void OmegaSpiral.Source.Ui.Menus.BaseMenuUi._Ready() (/home/adam/Dev/omega-spiral/chapter-zero/source/ui/menus/BaseMenuUi.cs:103)
:: [4] bool Godot.Node.InvokeGodotClassMethod(Godot.NativeInterop.godot_string_name&amp;, Godot.NativeInterop.NativeVariantPtrArgs, Godot.NativeInterop.godot_variant&amp;) (/root/godot/modules/mono/glue/GodotSharp/GodotSharp/Generated/GodotObjects/Node.cs:2631)
:: [5] bool Godot.CanvasItem.InvokeGodotClassMethod(Godot.NativeInterop.godot_string_name&amp;, Godot.NativeInterop.NativeVariantPtrArgs, Godot.NativeInterop.godot_variant&amp;) (/root/godot/modules/mono/glue/GodotSharp/GodotSharp/Generated/GodotObjects/CanvasItem.cs:1786)
:: [6] bool Godot.Control.InvokeGodotClassMethod(Godot.NativeInterop.godot_string_name&amp;, Godot.NativeInterop.NativeVariantPtrArgs, Godot.NativeInterop.godot_variant&amp;) (/root/godot/modules/mono/glue/GodotSharp/GodotSharp/Generated/GodotObjects/Control.cs:3508)
:: [7] bool OmegaSpiral.Source.Ui.Omega.OmegaContainer.InvokeGodotClassMethod(Godot.NativeInterop.godot_string_name&amp;, Godot.NativeInterop.NativeVariantPtrArgs, Godot.NativeInterop.godot_variant&amp;) (/home/adam/Dev/omega-spiral/chapter-zero/.godot/mono/temp/obj/Debug/Godot.SourceGenerators/Godot.SourceGenerators.ScriptMethodsGenerator/OmegaSpiral.Source.Ui.Omega.OmegaContainer_ScriptMethods.generated.cs:110)
:: [8] bool OmegaSpiral.Source.Ui.Omega.OmegaThemedContainer.InvokeGodotClassMethod(Godot.NativeInterop.godot_string_name&amp;, Godot.NativeInterop.NativeVariantPtrArgs, Godot.NativeInterop.godot_variant&amp;) (/home/adam/Dev/omega-spiral/chapter-zero/.godot/mono/temp/obj/Debug/Godot.SourceGenerators/Godot.SourceGenerators.ScriptMethodsGenerator/OmegaSpiral.Source.Ui.Omega.OmegaThemedContainer_ScriptMethods.generated.cs:100)
:: [9] bool OmegaSpiral.Source.Ui.Menus.BaseMenuUi.InvokeGodotClassMethod(Godot.NativeInterop.godot_string_name&amp;, Godot.NativeInterop.NativeVariantPtrArgs, Godot.NativeInterop.godot_variant&amp;) (/home/adam/Dev/omega-spiral/chapter-zero/.godot/mono/temp/obj/Debug/Godot.SourceGenerators/Godot.SourceGenerators.ScriptMethodsGenerator/OmegaSpiral.Source.Ui.Menus.BaseMenuUi_ScriptMethods.generated.cs:410)
:: [10] Godot.NativeInterop.godot_bool Godot.Bridge.CSharpInstanceBridge.Call(nint, Godot.NativeInterop.godot_string_name*, Godot.NativeInterop.godot_variant**, int, Godot.NativeInterop.godot_variant_call_error*, Godot.NativeInterop.godot_variant*) (/root/godot/modules/mono/glue/GodotSharp/GodotSharp/Core/Bridge/CSharpInstanceBridge.cs:24)
:: [11] void Godot.NativeInterop.NativeFuncs.godotsharp_method_bind_ptrcall(nint, nint, System.Void**, System.Void*) (/root/godot/modules/mono/glue/GodotSharp/GodotSharp/Godot.SourceGenerators.Internal/Godot.SourceGenerators.Internal.UnmanagedCallbacksGenerator/Godot.NativeInterop.NativeFuncs.generated.cs:380)
:: [12] void Godot.NativeCalls.godot_icall_3_1042(nint, nint, nint, Godot.NativeInterop.godot_bool, int) (/root/godot/modules/mono/glue/GodotSharp/GodotSharp/Generated/NativeCalls.cs:9587)
:: [13] void Godot.Node.AddChild(Godot.Node, bool, Godot.Node+InternalMode) (/root/godot/modules/mono/glue/GodotSharp/GodotSharp/Generated/GodotObjects/Node.cs:821)
:: [14] void BaseMenuUiUnitTests.Setup() (/home/adam/Dev/omega-spiral/chapter-zero/tests/unit/ui/menus/BaseMenuUiUnitTests.cs:40)
:: [15] object System.Reflection.MethodBaseInvoker.InterpretedInvoke_Method(object, System.IntPtr*)
:: [16] object System.Reflection.MethodBaseInvoker.InvokeWithNoArgs(object, System.Reflection.BindingFlags)
:: [17] object System.Reflection.RuntimeMethodInfo.Invoke(object, System.Reflection.BindingFlags, System.Reflection.Binder, System.Object[], System.Globalization.CultureInfo)
:: [18] void GdUnit4.Core.Execution.ExecutionStage`1+&lt;ExecuteStage&gt;d__37.MoveNext()
:: [19] void System.Runtime.CompilerServices.AsyncMethodBuilderCore.Start&lt;TStateMachine&gt;(TStateMachine&amp;)
:: [20] System.Threading.Tasks.Task GdUnit4.Core.Execution.ExecutionStage`1.ExecuteStage(GdUnit4.Core.Execution.ExecutionContext)
:: [21] void GdUnit4.Core.Execution.ExecutionStage`1+&lt;Execute&gt;d__30.MoveNext()
:: [22] void System.Runtime.CompilerServices.AsyncMethodBuilderCore.Start&lt;TStateMachine&gt;(TStateMachine&amp;)
:: [23] System.Threading.Tasks.Task GdUnit4.Core.Execution.ExecutionStage`1.Execute(GdUnit4.Core.Execution.ExecutionContext)
:: [24] System.Threading.Tasks.Task GdUnit4.Core.Execution.BeforeExecutionStage.&lt;&gt;n__0(GdUnit4.Core.Execution.ExecutionContext)
:: [25] void GdUnit4.Core.Execution.BeforeExecutionStage+&lt;Execute&gt;d__1.MoveNext()
:: [26] void System.Runtime.CompilerServices.AsyncMethodBuilderCore.Start&lt;TStateMachine&gt;(TStateMachine&amp;)
:: [27] System.Threading.Tasks.Task GdUnit4.Core.Execution.BeforeExecutionStage.Execute(GdUnit4.Core.Execution.ExecutionContext)
:: [28] void GdUnit4.Core.Execution.TestSuiteExecutionStage+&lt;Execute&gt;d__13.MoveNext()
:: [29] void System.Runtime.CompilerServices.AsyncMethodBuilderCore.Start&lt;TStateMachine&gt;(TStateMachine&amp;)
:: [30] System.Threading.Tasks.Task GdUnit4.Core.Execution.TestSuiteExecutionStage.Execute(GdUnit4.Core.Execution.ExecutionContext)
:: [31] void GdUnit4.Core.Commands.ExecuteTestSuiteCommand+&lt;Execute&gt;d__18.MoveNext()
:: [32] void System.Runtime.CompilerServices.AsyncTaskMethodBuilder`1+AsyncStateMachineBox`1.ExecutionContextCallback(object)
:: [33] void System.Threading.ExecutionContext.RunInternal(System.Threading.ExecutionContext, System.Threading.ContextCallback, object)
:: [34] void System.Runtime.CompilerServices.AsyncTaskMethodBuilder`1+AsyncStateMachineBox`1.MoveNext(System.Threading.Thread)
:: [35] void Godot.SignalAwaiter.SignalCallback(nint, Godot.NativeInterop.godot_variant**, int, Godot.NativeInterop.godot_bool*) (/root/godot/modules/mono/glue/GodotSharp/GodotSharp/Core/SignalAwaiter.cs:65)
:: ERROR: Node not found: "ContentContainer/MenuButtonContainer" (relative to "/root/@Node@107/@Control@108").
:: at: get_node (scene/main/node.cpp:1957)
:: C# backtrace (most recent call first):
:: [0] Godot.GodotObject Godot.NativeCalls.godot_icall_1_1044(nint, nint, Godot.NativeInterop.godot_node_path) (/root/godot/modules/mono/glue/GodotSharp/GodotSharp/Generated/NativeCalls.cs:9605)
:: [1] Godot.Node Godot.Node.GetNode(Godot.NodePath) (/root/godot/modules/mono/glue/GodotSharp/GodotSharp/Generated/GodotObjects/Node.cs:934)
:: [2] T Godot.Node.GetNode&lt;T&gt;(Godot.NodePath) (/root/godot/modules/mono/glue/GodotSharp/GodotSharp/Core/Extensions/NodeExtensions.cs:47)
:: [3] void BaseMenuUiUnitTests.FocusFirstButton_WorksCorrectly() (/home/adam/Dev/omega-spiral/chapter-zero/tests/unit/ui/menus/BaseMenuUiUnitTests.cs:66)
:: [4] object System.Reflection.MethodBaseInvoker.InterpretedInvoke_Method(object, System.IntPtr*)
:: [5] object System.Reflection.MethodBaseInvoker.InvokeWithNoArgs(object, System.Reflection.BindingFlags)
:: [6] object System.Reflection.RuntimeMethodInfo.Invoke(object, System.Reflection.BindingFlags, System.Reflection.Binder, System.Object[], System.Globalization.CultureInfo)
:: [7] void GdUnit4.Core.Execution.ExecutionStage`1+&lt;ExecuteStage&gt;d__37.MoveNext()
:: [8] void System.Runtime.CompilerServices.AsyncMethodBuilderCore.Start&lt;TStateMachine&gt;(TStateMachine&amp;)
:: [9] System.Threading.Tasks.Task GdUnit4.Core.Execution.ExecutionStage`1.ExecuteStage(GdUnit4.Core.Execution.ExecutionContext)
:: [10] void GdUnit4.Core.Execution.ExecutionStage`1+&lt;Execute&gt;d__30.MoveNext()
:: [11] void System.Runtime.CompilerServices.AsyncMethodBuilderCore.Start&lt;TStateMachine&gt;(TStateMachine&amp;)
:: [12] System.Threading.Tasks.Task GdUnit4.Core.Execution.ExecutionStage`1.Execute(GdUnit4.Core.Execution.ExecutionContext)
:: [13] System.Threading.Tasks.Task GdUnit4.Core.Execution.TestCaseExecutionStage.&lt;&gt;n__0(GdUnit4.Core.Execution.ExecutionContext)
:: [14] void GdUnit4.Core.Execution.TestCaseExecutionStage+&lt;Execute&gt;d__1.MoveNext()
:: [15] void System.Runtime.CompilerServices.AsyncMethodBuilderCore.Start&lt;TStateMachine&gt;(TStateMachine&amp;)
:: [16] System.Threading.Tasks.Task GdUnit4.Core.Execution.TestCaseExecutionStage.Execute(GdUnit4.Core.Execution.ExecutionContext)
:: [17] void GdUnit4.Core.Execution.TestSuiteExecutionStage+&lt;RunTestCase&gt;d__15.MoveNext()
:: [18] void System.Threading.ExecutionContext.RunInternal(System.Threading.ExecutionContext, System.Threading.ContextCallback, object)
:: [19] void System.Runtime.CompilerServices.AsyncTaskMethodBuilder`1+AsyncStateMachineBox`1.MoveNext(System.Threading.Thread)
:: [20] void System.Threading.Tasks.AwaitTaskContinuation.RunCallback(System.Threading.ContextCallback, object, System.Threading.Tasks.Task&amp;)
:: [21] void System.Threading.Tasks.Task.RunContinuations(object)
:: [22] bool System.Threading.Tasks.Task`1.TrySetResult(TResult)
:: [23] void System.Runtime.CompilerServices.AsyncTaskMethodBuilder`1.SetExistingTaskResult(System.Threading.Tasks.Task`1[TResult], TResult)
:: [24] void GdUnit4.Core.Execution.BeforeTestExecutionStage+&lt;Execute&gt;d__1.MoveNext()
:: [25] void System.Threading.ExecutionContext.RunInternal(System.Threading.ExecutionContext, System.Threading.ContextCallback, object)
:: [26] void System.Runtime.CompilerServices.AsyncTaskMethodBuilder`1+AsyncStateMachineBox`1.MoveNext(System.Threading.Thread)
:: [27] void System.Threading.Tasks.AwaitTaskContinuation.RunCallback(System.Threading.ContextCallback, object, System.Threading.Tasks.Task&amp;)
:: [28] void System.Threading.Tasks.Task.RunContinuations(object)
:: [29] bool System.Threading.Tasks.Task`1.TrySetResult(TResult)
:: [30] void System.Runtime.CompilerServices.AsyncTaskMethodBuilder`1.SetExistingTaskResult(System.Threading.Tasks.Task`1[TResult], TResult)
:: [31] void GdUnit4.Core.Execution.ExecutionStage`1+&lt;Execute&gt;d__30.MoveNext()
:: [32] void System.Threading.ExecutionContext.RunInternal(System.Threading.ExecutionContext, System.Threading.ContextCallback, object)
:: [33] void System.Runtime.CompilerServices.AsyncTaskMethodBuilder`1+AsyncStateMachineBox`1.MoveNext(System.Threading.Thread)
:: [34] void Godot.GodotSynchronizationContext.ExecutePendingContinuations() (/root/godot/modules/mono/glue/GodotSharp/GodotSharp/Core/GodotSynchronizationContext.cs:51)
:: [35] void Godot.GodotTaskScheduler.Activate() (/root/godot/modules/mono/glue/GodotSharp/GodotSharp/Core/GodotTaskScheduler.cs:76)
:: [36] void Godot.Bridge.ScriptManagerBridge.FrameCallback() (/root/godot/modules/mono/glue/GodotSharp/GodotSharp/Core/Bridge/ScriptManagerBridge.cs:84)
:: ERROR: Node not found: "ContentContainer/MenuButtonContainer" (relative to "/root/@Node@107/@Control@108").
:: at: get_node (scene/main/node.cpp:1957)
:: C# backtrace (most recent call first):
:: [0] Godot.GodotObject Godot.NativeCalls.godot_icall_1_1044(nint, nint, Godot.NativeInterop.godot_node_path) (/root/godot/modules/mono/glue/GodotSharp/GodotSharp/Generated/NativeCalls.cs:9605)
:: [1] Godot.Node Godot.Node.GetNode(Godot.NodePath) (/root/godot/modules/mono/glue/GodotSharp/GodotSharp/Generated/GodotObjects/Node.cs:934)
:: [2] T Godot.Node.GetNode&lt;T&gt;(Godot.NodePath) (/root/godot/modules/mono/glue/GodotSharp/GodotSharp/Core/Extensions/NodeExtensions.cs:47)
:: [3] void BaseMenuUiUnitTests.GetFocusedButton_ReturnsCorrectButton() (/home/adam/Dev/omega-spiral/chapter-zero/tests/unit/ui/menus/BaseMenuUiUnitTests.cs:82)
:: [4] object System.Reflection.MethodBaseInvoker.InterpretedInvoke_Method(object, System.IntPtr*)
:: [5] object System.Reflection.MethodBaseInvoker.InvokeWithNoArgs(object, System.Reflection.BindingFlags)
:: [6] object System.Reflection.RuntimeMethodInfo.Invoke(object, System.Reflection.BindingFlags, System.Reflection.Binder, System.Object[], System.Globalization.CultureInfo)
:: [7] void GdUnit4.Core.Execution.ExecutionStage`1+&lt;ExecuteStage&gt;d__37.MoveNext()
:: [8] void System.Runtime.CompilerServices.AsyncMethodBuilderCore.Start&lt;TStateMachine&gt;(TStateMachine&amp;)
:: [9] System.Threading.Tasks.Task GdUnit4.Core.Execution.ExecutionStage`1.ExecuteStage(GdUnit4.Core.Execution.ExecutionContext)
:: [10] void GdUnit4.Core.Execution.ExecutionStage`1+&lt;Execute&gt;d__30.MoveNext()
:: [11] void System.Runtime.CompilerServices.AsyncMethodBuilderCore.Start&lt;TStateMachine&gt;(TStateMachine&amp;)
:: [12] System.Threading.Tasks.Task GdUnit4.Core.Execution.ExecutionStage`1.Execute(GdUnit4.Core.Execution.ExecutionContext)
:: [13] System.Threading.Tasks.Task GdUnit4.Core.Execution.TestCaseExecutionStage.&lt;&gt;n__0(GdUnit4.Core.Execution.ExecutionContext)
:: [14] void GdUnit4.Core.Execution.TestCaseExecutionStage+&lt;Execute&gt;d__1.MoveNext()
:: [15] void System.Runtime.CompilerServices.AsyncMethodBuilderCore.Start&lt;TStateMachine&gt;(TStateMachine&amp;)
:: [16] System.Threading.Tasks.Task GdUnit4.Core.Execution.TestCaseExecutionStage.Execute(GdUnit4.Core.Execution.ExecutionContext)
:: [17] void GdUnit4.Core.Execution.TestSuiteExecutionStage+&lt;RunTestCase&gt;d__15.MoveNext()
:: [18] void System.Runtime.CompilerServices.AsyncMethodBuilderCore.Start&lt;TStateMachine&gt;(TStateMachine&amp;)
:: [19] System.Threading.Tasks.Task GdUnit4.Core.Execution.TestSuiteExecutionStage.RunTestCase(GdUnit4.Core.Hooks.IStdOutHook, GdUnit4.Core.Execution.ExecutionContext, GdUnit4.Core.Execution.TestCase, GdUnit4.TestCaseAttribute, System.Object[])
:: [20] void GdUnit4.Core.Execution.TestSuiteExecutionStage+&lt;Execute&gt;d__13.MoveNext()
:: [21] void System.Threading.ExecutionContext.RunInternal(System.Threading.ExecutionContext, System.Threading.ContextCallback, object)
:: [22] void System.Runtime.CompilerServices.AsyncTaskMethodBuilder`1+AsyncStateMachineBox`1.MoveNext(System.Threading.Thread)
:: [23] void System.Threading.Tasks.AwaitTaskContinuation.RunCallback(System.Threading.ContextCallback, object, System.Threading.Tasks.Task&amp;)
:: [24] void System.Threading.Tasks.Task.RunContinuations(object)
:: [25] bool System.Threading.Tasks.Task`1.TrySetResult(TResult)
:: [26] void System.Runtime.CompilerServices.AsyncTaskMethodBuilder`1.SetExistingTaskResult(System.Threading.Tasks.Task`1[TResult], TResult)
:: [27] void GdUnit4.Core.Execution.TestSuiteExecutionStage+&lt;RunTestCase&gt;d__15.MoveNext()
:: [28] void System.Threading.ExecutionContext.RunInternal(System.Threading.ExecutionContext, System.Threading.ContextCallback, object)
:: [29] void System.Runtime.CompilerServices.AsyncTaskMethodBuilder`1+AsyncStateMachineBox`1.MoveNext(System.Threading.Thread)
:: [30] void System.Threading.Tasks.AwaitTaskContinuation.RunCallback(System.Threading.ContextCallback, object, System.Threading.Tasks.Task&amp;)
:: [31] void System.Threading.Tasks.Task.RunContinuations(object)
:: [32] bool System.Threading.Tasks.Task`1.TrySetResult(TResult)
:: [33] void System.Runtime.CompilerServices.AsyncTaskMethodBuilder`1.SetExistingTaskResult(System.Threading.Tasks.Task`1[TResult], TResult)
:: [34] void GdUnit4.Core.Execution.AfterTestExecutionStage+&lt;Execute&gt;d__1.MoveNext()
:: [35] void System.Threading.ExecutionContext.RunInternal(System.Threading.ExecutionContext, System.Threading.ContextCallback, object)
:: [36] void System.Runtime.CompilerServices.AsyncTaskMethodBuilder`1+AsyncStateMachineBox`1.MoveNext(System.Threading.Thread)
:: [37] void System.Threading.Tasks.AwaitTaskContinuation.RunCallback(System.Threading.ContextCallback, object, System.Threading.Tasks.Task&amp;)
:: [38] void System.Threading.Tasks.Task.RunContinuations(object)
:: [39] bool System.Threading.Tasks.Task`1.TrySetResult(TResult)
:: [40] void System.Runtime.CompilerServices.AsyncTaskMethodBuilder`1.SetExistingTaskResult(System.Threading.Tasks.Task`1[TResult], TResult)
:: [41] void GdUnit4.Core.Execution.Monitoring.MemoryPool+&lt;Gc&gt;d__14.MoveNext()
:: [42] void System.Threading.ExecutionContext.RunInternal(System.Threading.ExecutionContext, System.Threading.ContextCallback, object)
:: [43] void System.Runtime.CompilerServices.AsyncTaskMethodBuilder`1+AsyncStateMachineBox`1.MoveNext(System.Threading.Thread)
:: [44] void Godot.SignalAwaiter.SignalCallback(nint, Godot.NativeInterop.godot_variant**, int, Godot.NativeInterop.godot_bool*) (/root/godot/modules/mono/glue/GodotSharp/GodotSharp/Core/SignalAwaiter.cs:65)
:: ERROR: Condition "!is_inside_tree()" is true.
:: at: grab_focus (scene/gui/control.cpp:2350)
:: C# backtrace (most recent call first):
:: [0] void Godot.NativeCalls.godot_icall_0_26(nint, nint) (/root/godot/modules/mono/glue/GodotSharp/GodotSharp/Generated/NativeCalls.cs:228)
:: [1] void Godot.Control.GrabFocus() (/root/godot/modules/mono/glue/GodotSharp/GodotSharp/Generated/GodotObjects/Control.cs:3189)
:: [2] void BaseMenuUiUnitTests.GetFocusedButton_ReturnsCorrectButton() (/home/adam/Dev/omega-spiral/chapter-zero/tests/unit/ui/menus/BaseMenuUiUnitTests.cs:87)
:: [3] object System.Reflection.MethodBaseInvoker.InterpretedInvoke_Method(object, System.IntPtr*)
:: [4] object System.Reflection.MethodBaseInvoker.InvokeWithNoArgs(object, System.Reflection.BindingFlags)
:: [5] object System.Reflection.RuntimeMethodInfo.Invoke(object, System.Reflection.BindingFlags, System.Reflection.Binder, System.Object[], System.Globalization.CultureInfo)
:: [6] void GdUnit4.Core.Execution.ExecutionStage`1+&lt;ExecuteStage&gt;d__37.MoveNext()
:: [7] void System.Runtime.CompilerServices.AsyncMethodBuilderCore.Start&lt;TStateMachine&gt;(TStateMachine&amp;)
:: [8] System.Threading.Tasks.Task GdUnit4.Core.Execution.ExecutionStage`1.ExecuteStage(GdUnit4.Core.Execution.ExecutionContext)
:: [9] void GdUnit4.Core.Execution.ExecutionStage`1+&lt;Execute&gt;d__30.MoveNext()
:: [10] void System.Runtime.CompilerServices.AsyncMethodBuilderCore.Start&lt;TStateMachine&gt;(TStateMachine&amp;)
:: [11] System.Threading.Tasks.Task GdUnit4.Core.Execution.ExecutionStage`1.Execute(GdUnit4.Core.Execution.ExecutionContext)
:: [12] System.Threading.Tasks.Task GdUnit4.Core.Execution.TestCaseExecutionStage.&lt;&gt;n__0(GdUnit4.Core.Execution.ExecutionContext)
:: [13] void GdUnit4.Core.Execution.TestCaseExecutionStage+&lt;Execute&gt;d__1.MoveNext()
:: [14] void System.Runtime.CompilerServices.AsyncMethodBuilderCore.Start&lt;TStateMachine&gt;(TStateMachine&amp;)
:: [15] System.Threading.Tasks.Task GdUnit4.Core.Execution.TestCaseExecutionStage.Execute(GdUnit4.Core.Execution.ExecutionContext)
:: [16] void GdUnit4.Core.Execution.TestSuiteExecutionStage+&lt;RunTestCase&gt;d__15.MoveNext()
:: [17] void System.Runtime.CompilerServices.AsyncMethodBuilderCore.Start&lt;TStateMachine&gt;(TStateMachine&amp;)
:: [18] System.Threading.Tasks.Task GdUnit4.Core.Execution.TestSuiteExecutionStage.RunTestCase(GdUnit4.Core.Hooks.IStdOutHook, GdUnit4.Core.Execution.ExecutionContext, GdUnit4.Core.Execution.TestCase, GdUnit4.TestCaseAttribute, System.Object[])
:: [19] void GdUnit4.Core.Execution.TestSuiteExecutionStage+&lt;Execute&gt;d__13.MoveNext()
:: [20] void System.Threading.ExecutionContext.RunInternal(System.Threading.ExecutionContext, System.Threading.ContextCallback, object)
:: [21] void System.Runtime.CompilerServices.AsyncTaskMethodBuilder`1+AsyncStateMachineBox`1.MoveNext(System.Threading.Thread)
:: [22] void System.Threading.Tasks.AwaitTaskContinuation.RunCallback(System.Threading.ContextCallback, object, System.Threading.Tasks.Task&amp;)
:: [23] void System.Threading.Tasks.Task.RunContinuations(object)
:: [24] bool System.Threading.Tasks.Task`1.TrySetResult(TResult)
:: [25] void System.Runtime.CompilerServices.AsyncTaskMethodBuilder`1.SetExistingTaskResult(System.Threading.Tasks.Task`1[TResult], TResult)
:: [26] void GdUnit4.Core.Execution.TestSuiteExecutionStage+&lt;RunTestCase&gt;d__15.MoveNext()
:: [27] void System.Threading.ExecutionContext.RunInternal(System.Threading.ExecutionContext, System.Threading.ContextCallback, object)
:: [28] void System.Runtime.CompilerServices.AsyncTaskMethodBuilder`1+AsyncStateMachineBox`1.MoveNext(System.Threading.Thread)
:: [29] void System.Threading.Tasks.AwaitTaskContinuation.RunCallback(System.Threading.ContextCallback, object, System.Threading.Tasks.Task&amp;)
:: [30] void System.Threading.Tasks.Task.RunContinuations(object)
:: [31] bool System.Threading.Tasks.Task`1.TrySetResult(TResult)
:: [32] void System.Runtime.CompilerServices.AsyncTaskMethodBuilder`1.SetExistingTaskResult(System.Threading.Tasks.Task`1[TResult], TResult)
:: [33] void GdUnit4.Core.Execution.AfterTestExecutionStage+&lt;Execute&gt;d__1.MoveNext()
:: [34] void System.Threading.ExecutionContext.RunInternal(System.Threading.ExecutionContext, System.Threading.ContextCallback, object)
:: [35] void System.Runtime.CompilerServices.AsyncTaskMethodBuilder`1+AsyncStateMachineBox`1.MoveNext(System.Threading.Thread)
:: [36] void System.Threading.Tasks.AwaitTaskContinuation.RunCallback(System.Threading.ContextCallback, object, System.Threading.Tasks.Task&amp;)
:: [37] void System.Threading.Tasks.Task.RunContinuations(object)
:: [38] bool System.Threading.Tasks.Task`1.TrySetResult(TResult)
:: [39] void System.Runtime.CompilerServices.AsyncTaskMethodBuilder`1.SetExistingTaskResult(System.Threading.Tasks.Task`1[TResult], TResult)
:: [40] void GdUnit4.Core.Execution.Monitoring.MemoryPool+&lt;Gc&gt;d__14.MoveNext()
:: [41] void System.Threading.ExecutionContext.RunInternal(System.Threading.ExecutionContext, System.Threading.ContextCallback, object)
:: [42] void System.Runtime.CompilerServices.AsyncTaskMethodBuilder`1+AsyncStateMachineBox`1.MoveNext(System.Threading.Thread)
:: [43] void Godot.SignalAwaiter.SignalCallback(nint, Godot.NativeInterop.godot_variant**, int, Godot.NativeInterop.godot_bool*) (/root/godot/modules/mono/glue/GodotSharp/GodotSharp/Core/SignalAwaiter.cs:65)
:: ERROR: Node not found: "ContentContainer/MenuButtonContainer" (relative to "/root/@Node@107/@Control@108").
:: at: get_node (scene/main/node.cpp:1957)
:: C# backtrace (most recent call first):
:: [0] Godot.GodotObject Godot.NativeCalls.godot_icall_1_1044(nint, nint, Godot.NativeInterop.godot_node_path) (/root/godot/modules/mono/glue/GodotSharp/GodotSharp/Generated/NativeCalls.cs:9605)
:: [1] Godot.Node Godot.Node.GetNode(Godot.NodePath) (/root/godot/modules/mono/glue/GodotSharp/GodotSharp/Generated/GodotObjects/Node.cs:934)
:: [2] T Godot.Node.GetNode&lt;T&gt;(Godot.NodePath) (/root/godot/modules/mono/glue/GodotSharp/GodotSharp/Core/Extensions/NodeExtensions.cs:47)
:: [3] void BaseMenuUiUnitTests.GetFocusedButton_ReturnsNullWhenNoFocus() (/home/adam/Dev/omega-spiral/chapter-zero/tests/unit/ui/menus/BaseMenuUiUnitTests.cs:101)
:: [4] object System.Reflection.MethodBaseInvoker.InterpretedInvoke_Method(object, System.IntPtr*)
:: [5] object System.Reflection.MethodBaseInvoker.InvokeWithNoArgs(object, System.Reflection.BindingFlags)
:: [6] object System.Reflection.RuntimeMethodInfo.Invoke(object, System.Reflection.BindingFlags, System.Reflection.Binder, System.Object[], System.Globalization.CultureInfo)
:: [7] void GdUnit4.Core.Execution.ExecutionStage`1+&lt;ExecuteStage&gt;d__37.MoveNext()
:: [8] void System.Runtime.CompilerServices.AsyncMethodBuilderCore.Start&lt;TStateMachine&gt;(TStateMachine&amp;)
:: [9] System.Threading.Tasks.Task GdUnit4.Core.Execution.ExecutionStage`1.ExecuteStage(GdUnit4.Core.Execution.ExecutionContext)
:: [10] void GdUnit4.Core.Execution.ExecutionStage`1+&lt;Execute&gt;d__30.MoveNext()
:: [11] void System.Runtime.CompilerServices.AsyncMethodBuilderCore.Start&lt;TStateMachine&gt;(TStateMachine&amp;)
:: [12] System.Threading.Tasks.Task GdUnit4.Core.Execution.ExecutionStage`1.Execute(GdUnit4.Core.Execution.ExecutionContext)
:: [13] System.Threading.Tasks.Task GdUnit4.Core.Execution.TestCaseExecutionStage.&lt;&gt;n__0(GdUnit4.Core.Execution.ExecutionContext)
:: [14] void GdUnit4.Core.Execution.TestCaseExecutionStage+&lt;Execute&gt;d__1.MoveNext()
:: [15] void System.Runtime.CompilerServices.AsyncMethodBuilderCore.Start&lt;TStateMachine&gt;(TStateMachine&amp;)
:: [16] System.Threading.Tasks.Task GdUnit4.Core.Execution.TestCaseExecutionStage.Execute(GdUnit4.Core.Execution.ExecutionContext)
:: [17] void GdUnit4.Core.Execution.TestSuiteExecutionStage+&lt;RunTestCase&gt;d__15.MoveNext()
:: [18] void System.Threading.ExecutionContext.RunInternal(System.Threading.ExecutionContext, System.Threading.ContextCallback, object)
:: [19] void System.Runtime.CompilerServices.AsyncTaskMethodBuilder`1+AsyncStateMachineBox`1.MoveNext(System.Threading.Thread)
:: [20] void System.Threading.Tasks.AwaitTaskContinuation.RunCallback(System.Threading.ContextCallback, object, System.Threading.Tasks.Task&amp;)
:: [21] void System.Threading.Tasks.Task.RunContinuations(object)
:: [22] bool System.Threading.Tasks.Task`1.TrySetResult(TResult)
:: [23] void System.Runtime.CompilerServices.AsyncTaskMethodBuilder`1.SetExistingTaskResult(System.Threading.Tasks.Task`1[TResult], TResult)
:: [24] void GdUnit4.Core.Execution.BeforeTestExecutionStage+&lt;Execute&gt;d__1.MoveNext()
:: [25] void System.Threading.ExecutionContext.RunInternal(System.Threading.ExecutionContext, System.Threading.ContextCallback, object)
:: [26] void System.Runtime.CompilerServices.AsyncTaskMethodBuilder`1+AsyncStateMachineBox`1.MoveNext(System.Threading.Thread)
:: [27] void System.Threading.Tasks.AwaitTaskContinuation.RunCallback(System.Threading.ContextCallback, object, System.Threading.Tasks.Task&amp;)
:: [28] void System.Threading.Tasks.Task.RunContinuations(object)
:: [29] bool System.Threading.Tasks.Task`1.TrySetResult(TResult)
:: [30] void System.Runtime.CompilerServices.AsyncTaskMethodBuilder`1.SetExistingTaskResult(System.Threading.Tasks.Task`1[TResult], TResult)
:: [31] void GdUnit4.Core.Execution.ExecutionStage`1+&lt;Execute&gt;d__30.MoveNext()
:: [32] void System.Threading.ExecutionContext.RunInternal(System.Threading.ExecutionContext, System.Threading.ContextCallback, object)
:: [33] void System.Runtime.CompilerServices.AsyncTaskMethodBuilder`1+AsyncStateMachineBox`1.MoveNext(System.Threading.Thread)
:: [34] void Godot.GodotSynchronizationContext.ExecutePendingContinuations() (/root/godot/modules/mono/glue/GodotSharp/GodotSharp/Core/GodotSynchronizationContext.cs:51)
:: [35] void Godot.GodotTaskScheduler.Activate() (/root/godot/modules/mono/glue/GodotSharp/GodotSharp/Core/GodotTaskScheduler.cs:76)
:: [36] void Godot.Bridge.ScriptManagerBridge.FrameCallback() (/root/godot/modules/mono/glue/GodotSharp/GodotSharp/Core/Bridge/ScriptManagerBridge.cs:84)
:: ERROR: Node not found: "ContentContainer/MenuButtonContainer" (relative to "/root/@Node@107/@Control@108").
:: at: get_node (scene/main/node.cpp:1957)
:: C# backtrace (most recent call first):
:: [0] Godot.GodotObject Godot.NativeCalls.godot_icall_1_1044(nint, nint, Godot.NativeInterop.godot_node_path) (/root/godot/modules/mono/glue/GodotSharp/GodotSharp/Generated/NativeCalls.cs:9605)
:: [1] Godot.Node Godot.Node.GetNode(Godot.NodePath) (/root/godot/modules/mono/glue/GodotSharp/GodotSharp/Generated/GodotObjects/Node.cs:934)
:: [2] T Godot.Node.GetNode&lt;T&gt;(Godot.NodePath) (/root/godot/modules/mono/glue/GodotSharp/GodotSharp/Core/Extensions/NodeExtensions.cs:47)
:: [3] void BaseMenuUiUnitTests.ConfirmRequested_ActivatesFocusedButton() (/home/adam/Dev/omega-spiral/chapter-zero/tests/unit/ui/menus/BaseMenuUiUnitTests.cs:114)
:: [4] object System.Reflection.MethodBaseInvoker.InterpretedInvoke_Method(object, System.IntPtr*)
:: [5] object System.Reflection.MethodBaseInvoker.InvokeWithNoArgs(object, System.Reflection.BindingFlags)
:: [6] object System.Reflection.RuntimeMethodInfo.Invoke(object, System.Reflection.BindingFlags, System.Reflection.Binder, System.Object[], System.Globalization.CultureInfo)
:: [7] void GdUnit4.Core.Execution.ExecutionStage`1+&lt;ExecuteStage&gt;d__37.MoveNext()
:: [8] void System.Runtime.CompilerServices.AsyncMethodBuilderCore.Start&lt;TStateMachine&gt;(TStateMachine&amp;)
:: [9] System.Threading.Tasks.Task GdUnit4.Core.Execution.ExecutionStage`1.ExecuteStage(GdUnit4.Core.Execution.ExecutionContext)
:: [10] void GdUnit4.Core.Execution.ExecutionStage`1+&lt;Execute&gt;d__30.MoveNext()
:: [11] void System.Runtime.CompilerServices.AsyncMethodBuilderCore.Start&lt;TStateMachine&gt;(TStateMachine&amp;)
:: [12] System.Threading.Tasks.Task GdUnit4.Core.Execution.ExecutionStage`1.Execute(GdUnit4.Core.Execution.ExecutionContext)
:: [13] System.Threading.Tasks.Task GdUnit4.Core.Execution.TestCaseExecutionStage.&lt;&gt;n__0(GdUnit4.Core.Execution.ExecutionContext)
:: [14] void GdUnit4.Core.Execution.TestCaseExecutionStage+&lt;Execute&gt;d__1.MoveNext()
:: [15] void System.Runtime.CompilerServices.AsyncMethodBuilderCore.Start&lt;TStateMachine&gt;(TStateMachine&amp;)
:: [16] System.Threading.Tasks.Task GdUnit4.Core.Execution.TestCaseExecutionStage.Execute(GdUnit4.Core.Execution.ExecutionContext)
:: [17] void GdUnit4.Core.Execution.TestSuiteExecutionStage+&lt;RunTestCase&gt;d__15.MoveNext()
:: [18] void System.Threading.ExecutionContext.RunInternal(System.Threading.ExecutionContext, System.Threading.ContextCallback, object)
:: [19] void System.Runtime.CompilerServices.AsyncTaskMethodBuilder`1+AsyncStateMachineBox`1.MoveNext(System.Threading.Thread)
:: [20] void System.Threading.Tasks.AwaitTaskContinuation.RunCallback(System.Threading.ContextCallback, object, System.Threading.Tasks.Task&amp;)
:: [21] void System.Threading.Tasks.Task.RunContinuations(object)
:: [22] bool System.Threading.Tasks.Task`1.TrySetResult(TResult)
:: [23] void System.Runtime.CompilerServices.AsyncTaskMethodBuilder`1.SetExistingTaskResult(System.Threading.Tasks.Task`1[TResult], TResult)
:: [24] void GdUnit4.Core.Execution.BeforeTestExecutionStage+&lt;Execute&gt;d__1.MoveNext()
:: [25] void System.Threading.ExecutionContext.RunInternal(System.Threading.ExecutionContext, System.Threading.ContextCallback, object)
:: [26] void System.Runtime.CompilerServices.AsyncTaskMethodBuilder`1+AsyncStateMachineBox`1.MoveNext(System.Threading.Thread)
:: [27] void System.Threading.Tasks.AwaitTaskContinuation.RunCallback(System.Threading.ContextCallback, object, System.Threading.Tasks.Task&amp;)
:: [28] void System.Threading.Tasks.Task.RunContinuations(object)
:: [29] bool System.Threading.Tasks.Task`1.TrySetResult(TResult)
:: [30] void System.Runtime.CompilerServices.AsyncTaskMethodBuilder`1.SetExistingTaskResult(System.Threading.Tasks.Task`1[TResult], TResult)
:: [31] void GdUnit4.Core.Execution.ExecutionStage`1+&lt;Execute&gt;d__30.MoveNext()
:: [32] void System.Threading.ExecutionContext.RunInternal(System.Threading.ExecutionContext, System.Threading.ContextCallback, object)
:: [33] void System.Runtime.CompilerServices.AsyncTaskMethodBuilder`1+AsyncStateMachineBox`1.MoveNext(System.Threading.Thread)
:: [34] void Godot.GodotSynchronizationContext.ExecutePendingContinuations() (/root/godot/modules/mono/glue/GodotSharp/GodotSharp/Core/GodotSynchronizationContext.cs:51)
:: [35] void Godot.GodotTaskScheduler.Activate() (/root/godot/modules/mono/glue/GodotSharp/GodotSharp/Core/GodotTaskScheduler.cs:76)
:: [36] void Godot.Bridge.ScriptManagerBridge.FrameCallback() (/root/godot/modules/mono/glue/GodotSharp/GodotSharp/Core/Bridge/ScriptManagerBridge.cs:84)
:: ERROR: Condition "!is_inside_tree()" is true.
:: at: grab_focus (scene/gui/control.cpp:2350)
:: C# backtrace (most recent call first):
:: [0] void Godot.NativeCalls.godot_icall_0_26(nint, nint) (/root/godot/modules/mono/glue/GodotSharp/GodotSharp/Generated/NativeCalls.cs:228)
:: [1] void Godot.Control.GrabFocus() (/root/godot/modules/mono/glue/GodotSharp/GodotSharp/Generated/GodotObjects/Control.cs:3189)
:: [2] void BaseMenuUiUnitTests.ConfirmRequested_ActivatesFocusedButton() (/home/adam/Dev/omega-spiral/chapter-zero/tests/unit/ui/menus/BaseMenuUiUnitTests.cs:119)
:: [3] object System.Reflection.MethodBaseInvoker.InterpretedInvoke_Method(object, System.IntPtr*)
:: [4] object System.Reflection.MethodBaseInvoker.InvokeWithNoArgs(object, System.Reflection.BindingFlags)
:: [5] object System.Reflection.RuntimeMethodInfo.Invoke(object, System.Reflection.BindingFlags, System.Reflection.Binder, System.Object[], System.Globalization.CultureInfo)
:: [6] void GdUnit4.Core.Execution.ExecutionStage`1+&lt;ExecuteStage&gt;d__37.MoveNext()
:: [7] void System.Runtime.CompilerServices.AsyncMethodBuilderCore.Start&lt;TStateMachine&gt;(TStateMachine&amp;)
:: [8] System.Threading.Tasks.Task GdUnit4.Core.Execution.ExecutionStage`1.ExecuteStage(GdUnit4.Core.Execution.ExecutionContext)
:: [9] void GdUnit4.Core.Execution.ExecutionStage`1+&lt;Execute&gt;d__30.MoveNext()
:: [10] void System.Runtime.CompilerServices.AsyncMethodBuilderCore.Start&lt;TStateMachine&gt;(TStateMachine&amp;)
:: [11] System.Threading.Tasks.Task GdUnit4.Core.Execution.ExecutionStage`1.Execute(GdUnit4.Core.Execution.ExecutionContext)
:: [12] System.Threading.Tasks.Task GdUnit4.Core.Execution.TestCaseExecutionStage.&lt;&gt;n__0(GdUnit4.Core.Execution.ExecutionContext)
:: [13] void GdUnit4.Core.Execution.TestCaseExecutionStage+&lt;Execute&gt;d__1.MoveNext()
:: [14] void System.Runtime.CompilerServices.AsyncMethodBuilderCore.Start&lt;TStateMachine&gt;(TStateMachine&amp;)
:: [15] System.Threading.Tasks.Task GdUnit4.Core.Execution.TestCaseExecutionStage.Execute(GdUnit4.Core.Execution.ExecutionContext)
:: [16] void GdUnit4.Core.Execution.TestSuiteExecutionStage+&lt;RunTestCase&gt;d__15.MoveNext()
:: [17] void System.Threading.ExecutionContext.RunInternal(System.Threading.ExecutionContext, System.Threading.ContextCallback, object)
:: [18] void System.Runtime.CompilerServices.AsyncTaskMethodBuilder`1+AsyncStateMachineBox`1.MoveNext(System.Threading.Thread)
:: [19] void System.Threading.Tasks.AwaitTaskContinuation.RunCallback(System.Threading.ContextCallback, object, System.Threading.Tasks.Task&amp;)
:: [20] void System.Threading.Tasks.Task.RunContinuations(object)
:: [21] bool System.Threading.Tasks.Task`1.TrySetResult(TResult)
:: [22] void System.Runtime.CompilerServices.AsyncTaskMethodBuilder`1.SetExistingTaskResult(System.Threading.Tasks.Task`1[TResult], TResult)
:: [23] void GdUnit4.Core.Execution.BeforeTestExecutionStage+&lt;Execute&gt;d__1.MoveNext()
:: [24] void System.Threading.ExecutionContext.RunInternal(System.Threading.ExecutionContext, System.Threading.ContextCallback, object)
:: [25] void System.Runtime.CompilerServices.AsyncTaskMethodBuilder`1+AsyncStateMachineBox`1.MoveNext(System.Threading.Thread)
:: [26] void System.Threading.Tasks.AwaitTaskContinuation.RunCallback(System.Threading.ContextCallback, object, System.Threading.Tasks.Task&amp;)
:: [27] void System.Threading.Tasks.Task.RunContinuations(object)
:: [28] bool System.Threading.Tasks.Task`1.TrySetResult(TResult)
:: [29] void System.Runtime.CompilerServices.AsyncTaskMethodBuilder`1.SetExistingTaskResult(System.Threading.Tasks.Task`1[TResult], TResult)
:: [30] void GdUnit4.Core.Execution.ExecutionStage`1+&lt;Execute&gt;d__30.MoveNext()
:: [31] void System.Threading.ExecutionContext.RunInternal(System.Threading.ExecutionContext, System.Threading.ContextCallback, object)
:: [32] void System.Runtime.CompilerServices.AsyncTaskMethodBuilder`1+AsyncStateMachineBox`1.MoveNext(System.Threading.Thread)
:: [33] void Godot.GodotSynchronizationContext.ExecutePendingContinuations() (/root/godot/modules/mono/glue/GodotSharp/GodotSharp/Core/GodotSynchronizationContext.cs:51)
:: [34] void Godot.GodotTaskScheduler.Activate() (/root/godot/modules/mono/glue/GodotSharp/GodotSharp/Core/GodotTaskScheduler.cs:76)
:: [35] void Godot.Bridge.ScriptManagerBridge.FrameCallback() (/root/godot/modules/mono/glue/GodotSharp/GodotSharp/Core/Bridge/ScriptManagerBridge.cs:84)
:: ERROR: The InputMap action "pause" doesn't exist.
:: at: event_get_action_status (core/input/input_map.cpp:266)
:: C# backtrace (most recent call first):
:: [0] Godot.NativeInterop.godot_bool Godot.NativeCalls.godot_icall_3_1473(nint, nint, Godot.NativeInterop.godot_string_name, Godot.NativeInterop.godot_bool, Godot.NativeInterop.godot_bool) (/root/godot/modules/mono/glue/GodotSharp/GodotSharp/Generated/NativeCalls.cs:13659)
:: [1] bool Godot.InputEvent.IsActionPressed(Godot.StringName, bool, bool) (/root/godot/modules/mono/glue/GodotSharp/GodotSharp/Generated/GodotObjects/InputEvent.cs:98)
:: [2] void OmegaSpiral.Source.InputSystem.OmegaInputRouter._UnhandledInput(Godot.InputEvent) (/home/adam/Dev/omega-spiral/chapter-zero/source/input_system/OmegaInputRouter.cs:49)
:: [3] void BaseMenuUiUnitTests.ConfirmRequested_ActivatesFocusedButton() (/home/adam/Dev/omega-spiral/chapter-zero/tests/unit/ui/menus/BaseMenuUiUnitTests.cs:127)
:: [4] object System.Reflection.MethodBaseInvoker.InterpretedInvoke_Method(object, System.IntPtr*)
:: [5] object System.Reflection.MethodBaseInvoker.InvokeWithNoArgs(object, System.Reflection.BindingFlags)
:: [6] object System.Reflection.RuntimeMethodInfo.Invoke(object, System.Reflection.BindingFlags, System.Reflection.Binder, System.Object[], System.Globalization.CultureInfo)
:: [7] void GdUnit4.Core.Execution.ExecutionStage`1+&lt;ExecuteStage&gt;d__37.MoveNext()
:: [8] void System.Runtime.CompilerServices.AsyncMethodBuilderCore.Start&lt;TStateMachine&gt;(TStateMachine&amp;)
:: [9] System.Threading.Tasks.Task GdUnit4.Core.Execution.ExecutionStage`1.ExecuteStage(GdUnit4.Core.Execution.ExecutionContext)
:: [10] void GdUnit4.Core.Execution.ExecutionStage`1+&lt;Execute&gt;d__30.MoveNext()
:: [11] void System.Runtime.CompilerServices.AsyncMethodBuilderCore.Start&lt;TStateMachine&gt;(TStateMachine&amp;)
:: [12] System.Threading.Tasks.Task GdUnit4.Core.Execution.ExecutionStage`1.Execute(GdUnit4.Core.Execution.ExecutionContext)
:: [13] System.Threading.Tasks.Task GdUnit4.Core.Execution.TestCaseExecutionStage.&lt;&gt;n__0(GdUnit4.Core.Execution.ExecutionContext)
:: [14] void GdUnit4.Core.Execution.TestCaseExecutionStage+&lt;Execute&gt;d__1.MoveNext()
:: [15] void System.Runtime.CompilerServices.AsyncMethodBuilderCore.Start&lt;TStateMachine&gt;(TStateMachine&amp;)
:: [16] System.Threading.Tasks.Task GdUnit4.Core.Execution.TestCaseExecutionStage.Execute(GdUnit4.Core.Execution.ExecutionContext)
:: [17] void GdUnit4.Core.Execution.TestSuiteExecutionStage+&lt;RunTestCase&gt;d__15.MoveNext()
:: [18] void System.Threading.ExecutionContext.RunInternal(System.Threading.ExecutionContext, System.Threading.ContextCallback, object)
:: [19] void System.Runtime.CompilerServices.AsyncTaskMethodBuilder`1+AsyncStateMachineBox`1.MoveNext(System.Threading.Thread)
:: [20] void System.Threading.Tasks.AwaitTaskContinuation.RunCallback(System.Threading.ContextCallback, object, System.Threading.Tasks.Task&amp;)
:: [21] void System.Threading.Tasks.Task.RunContinuations(object)
:: [22] bool System.Threading.Tasks.Task`1.TrySetResult(TResult)
:: [23] void System.Runtime.CompilerServices.AsyncTaskMethodBuilder`1.SetExistingTaskResult(System.Threading.Tasks.Task`1[TResult], TResult)
:: [24] void GdUnit4.Core.Execution.BeforeTestExecutionStage+&lt;Execute&gt;d__1.MoveNext()
:: [25] void System.Threading.ExecutionContext.RunInternal(System.Threading.ExecutionContext, System.Threading.ContextCallback, object)
:: [26] void System.Runtime.CompilerServices.AsyncTaskMethodBuilder`1+AsyncStateMachineBox`1.MoveNext(System.Threading.Thread)
:: [27] void System.Threading.Tasks.AwaitTaskContinuation.RunCallback(System.Threading.ContextCallback, object, System.Threading.Tasks.Task&amp;)
:: [28] void System.Threading.Tasks.Task.RunContinuations(object)
:: [29] bool System.Threading.Tasks.Task`1.TrySetResult(TResult)
:: [30] void System.Runtime.CompilerServices.AsyncTaskMethodBuilder`1.SetExistingTaskResult(System.Threading.Tasks.Task`1[TResult], TResult)
:: [31] void GdUnit4.Core.Execution.ExecutionStage`1+&lt;Execute&gt;d__30.MoveNext()
:: [32] void System.Threading.ExecutionContext.RunInternal(System.Threading.ExecutionContext, System.Threading.ContextCallback, object)
:: [33] void System.Runtime.CompilerServices.AsyncTaskMethodBuilder`1+AsyncStateMachineBox`1.MoveNext(System.Threading.Thread)
:: [34] void Godot.GodotSynchronizationContext.ExecutePendingContinuations() (/root/godot/modules/mono/glue/GodotSharp/GodotSharp/Core/GodotSynchronizationContext.cs:51)
:: [35] void Godot.GodotTaskScheduler.Activate() (/root/godot/modules/mono/glue/GodotSharp/GodotSharp/Core/GodotTaskScheduler.cs:76)
:: [36] void Godot.Bridge.ScriptManagerBridge.FrameCallback() (/root/godot/modules/mono/glue/GodotSharp/GodotSharp/Core/Bridge/ScriptManagerBridge.cs:84)
:: ERROR: Node not found: "ContentContainer/MenuButtonContainer" (relative to "/root/@Node@107/@Control@108").
:: at: get_node (scene/main/node.cpp:1957)
:: C# backtrace (most recent call first):
:: [0] Godot.GodotObject Godot.NativeCalls.godot_icall_1_1044(nint, nint, Godot.NativeInterop.godot_node_path) (/root/godot/modules/mono/glue/GodotSharp/GodotSharp/Generated/NativeCalls.cs:9605)
:: [1] Godot.Node Godot.Node.GetNode(Godot.NodePath) (/root/godot/modules/mono/glue/GodotSharp/GodotSharp/Generated/GodotObjects/Node.cs:934)
:: [2] T Godot.Node.GetNode&lt;T&gt;(Godot.NodePath) (/root/godot/modules/mono/glue/GodotSharp/GodotSharp/Core/Extensions/NodeExtensions.cs:47)
:: [3] void BaseMenuUiUnitTests.NavigateDown_MovesFocusToNextButton() (/home/adam/Dev/omega-spiral/chapter-zero/tests/unit/ui/menus/BaseMenuUiUnitTests.cs:135)
:: [4] object System.Reflection.MethodBaseInvoker.InterpretedInvoke_Method(object, System.IntPtr*)
:: [5] object System.Reflection.MethodBaseInvoker.InvokeWithNoArgs(object, System.Reflection.BindingFlags)
:: [6] object System.Reflection.RuntimeMethodInfo.Invoke(object, System.Reflection.BindingFlags, System.Reflection.Binder, System.Object[], System.Globalization.CultureInfo)
:: [7] void GdUnit4.Core.Execution.ExecutionStage`1+&lt;ExecuteStage&gt;d__37.MoveNext()
:: [8] void System.Runtime.CompilerServices.AsyncMethodBuilderCore.Start&lt;TStateMachine&gt;(TStateMachine&amp;)
:: [9] System.Threading.Tasks.Task GdUnit4.Core.Execution.ExecutionStage`1.ExecuteStage(GdUnit4.Core.Execution.ExecutionContext)
:: [10] void GdUnit4.Core.Execution.ExecutionStage`1+&lt;Execute&gt;d__30.MoveNext()
:: [11] void System.Runtime.CompilerServices.AsyncMethodBuilderCore.Start&lt;TStateMachine&gt;(TStateMachine&amp;)
:: [12] System.Threading.Tasks.Task GdUnit4.Core.Execution.ExecutionStage`1.Execute(GdUnit4.Core.Execution.ExecutionContext)
:: [13] System.Threading.Tasks.Task GdUnit4.Core.Execution.TestCaseExecutionStage.&lt;&gt;n__0(GdUnit4.Core.Execution.ExecutionContext)
:: [14] void GdUnit4.Core.Execution.TestCaseExecutionStage+&lt;Execute&gt;d__1.MoveNext()
:: [15] void System.Runtime.CompilerServices.AsyncMethodBuilderCore.Start&lt;TStateMachine&gt;(TStateMachine&amp;)
:: [16] System.Threading.Tasks.Task GdUnit4.Core.Execution.TestCaseExecutionStage.Execute(GdUnit4.Core.Execution.ExecutionContext)
:: [17] void GdUnit4.Core.Execution.TestSuiteExecutionStage+&lt;RunTestCase&gt;d__15.MoveNext()
:: [18] void System.Threading.ExecutionContext.RunInternal(System.Threading.ExecutionContext, System.Threading.ContextCallback, object)
:: [19] void System.Runtime.CompilerServices.AsyncTaskMethodBuilder`1+AsyncStateMachineBox`1.MoveNext(System.Threading.Thread)
:: [20] void System.Threading.Tasks.AwaitTaskContinuation.RunCallback(System.Threading.ContextCallback, object, System.Threading.Tasks.Task&amp;)
:: [21] void System.Threading.Tasks.Task.RunContinuations(object)
:: [22] bool System.Threading.Tasks.Task`1.TrySetResult(TResult)
:: [23] void System.Runtime.CompilerServices.AsyncTaskMethodBuilder`1.SetExistingTaskResult(System.Threading.Tasks.Task`1[TResult], TResult)
:: [24] void GdUnit4.Core.Execution.BeforeTestExecutionStage+&lt;Execute&gt;d__1.MoveNext()
:: [25] void System.Threading.ExecutionContext.RunInternal(System.Threading.ExecutionContext, System.Threading.ContextCallback, object)
:: [26] void System.Runtime.CompilerServices.AsyncTaskMethodBuilder`1+AsyncStateMachineBox`1.MoveNext(System.Threading.Thread)
:: [27] void System.Threading.Tasks.AwaitTaskContinuation.RunCallback(System.Threading.ContextCallback, object, System.Threading.Tasks.Task&amp;)
:: [28] void System.Threading.Tasks.Task.RunContinuations(object)
:: [29] bool System.Threading.Tasks.Task`1.TrySetResult(TResult)
:: [30] void System.Runtime.CompilerServices.AsyncTaskMethodBuilder`1.SetExistingTaskResult(System.Threading.Tasks.Task`1[TResult], TResult)
:: [31] void GdUnit4.Core.Execution.ExecutionStage`1+&lt;Execute&gt;d__30.MoveNext()
:: [32] void System.Threading.ExecutionContext.RunInternal(System.Threading.ExecutionContext, System.Threading.ContextCallback, object)
:: [33] void System.Runtime.CompilerServices.AsyncTaskMethodBuilder`1+AsyncStateMachineBox`1.MoveNext(System.Threading.Thread)
:: [34] void Godot.GodotSynchronizationContext.ExecutePendingContinuations() (/root/godot/modules/mono/glue/GodotSharp/GodotSharp/Core/GodotSynchronizationContext.cs:51)
:: [35] void Godot.GodotTaskScheduler.Activate() (/root/godot/modules/mono/glue/GodotSharp/GodotSharp/Core/GodotTaskScheduler.cs:76)
:: [36] void Godot.Bridge.ScriptManagerBridge.FrameCallback() (/root/godot/modules/mono/glue/GodotSharp/GodotSharp/Core/Bridge/ScriptManagerBridge.cs:84)
:: ERROR: Condition "!is_inside_tree()" is true.
:: at: grab_focus (scene/gui/control.cpp:2350)
:: C# backtrace (most recent call first):
:: [0] void Godot.NativeCalls.godot_icall_0_26(nint, nint) (/root/godot/modules/mono/glue/GodotSharp/GodotSharp/Generated/NativeCalls.cs:228)
:: [1] void Godot.Control.GrabFocus() (/root/godot/modules/mono/glue/GodotSharp/GodotSharp/Generated/GodotObjects/Control.cs:3189)
:: [2] void BaseMenuUiUnitTests.NavigateDown_MovesFocusToNextButton() (/home/adam/Dev/omega-spiral/chapter-zero/tests/unit/ui/menus/BaseMenuUiUnitTests.cs:140)
:: [3] object System.Reflection.MethodBaseInvoker.InterpretedInvoke_Method(object, System.IntPtr*)
:: [4] object System.Reflection.MethodBaseInvoker.InvokeWithNoArgs(object, System.Reflection.BindingFlags)
:: [5] object System.Reflection.RuntimeMethodInfo.Invoke(object, System.Reflection.BindingFlags, System.Reflection.Binder, System.Object[], System.Globalization.CultureInfo)
:: [6] void GdUnit4.Core.Execution.ExecutionStage`1+&lt;ExecuteStage&gt;d__37.MoveNext()
:: [7] void System.Runtime.CompilerServices.AsyncMethodBuilderCore.Start&lt;TStateMachine&gt;(TStateMachine&amp;)
:: [8] System.Threading.Tasks.Task GdUnit4.Core.Execution.ExecutionStage`1.ExecuteStage(GdUnit4.Core.Execution.ExecutionContext)
:: [9] void GdUnit4.Core.Execution.ExecutionStage`1+&lt;Execute&gt;d__30.MoveNext()
:: [10] void System.Runtime.CompilerServices.AsyncMethodBuilderCore.Start&lt;TStateMachine&gt;(TStateMachine&amp;)
:: [11] System.Threading.Tasks.Task GdUnit4.Core.Execution.ExecutionStage`1.Execute(GdUnit4.Core.Execution.ExecutionContext)
:: [12] System.Threading.Tasks.Task GdUnit4.Core.Execution.TestCaseExecutionStage.&lt;&gt;n__0(GdUnit4.Core.Execution.ExecutionContext)
:: [13] void GdUnit4.Core.Execution.TestCaseExecutionStage+&lt;Execute&gt;d__1.MoveNext()
:: [14] void System.Runtime.CompilerServices.AsyncMethodBuilderCore.Start&lt;TStateMachine&gt;(TStateMachine&amp;)
:: [15] System.Threading.Tasks.Task GdUnit4.Core.Execution.TestCaseExecutionStage.Execute(GdUnit4.Core.Execution.ExecutionContext)
:: [16] void GdUnit4.Core.Execution.TestSuiteExecutionStage+&lt;RunTestCase&gt;d__15.MoveNext()
:: [17] void System.Threading.ExecutionContext.RunInternal(System.Threading.ExecutionContext, System.Threading.ContextCallback, object)
:: [18] void System.Runtime.CompilerServices.AsyncTaskMethodBuilder`1+AsyncStateMachineBox`1.MoveNext(System.Threading.Thread)
:: [19] void System.Threading.Tasks.AwaitTaskContinuation.RunCallback(System.Threading.ContextCallback, object, System.Threading.Tasks.Task&amp;)
:: [20] void System.Threading.Tasks.Task.RunContinuations(object)
:: [21] bool System.Threading.Tasks.Task`1.TrySetResult(TResult)
:: [22] void System.Runtime.CompilerServices.AsyncTaskMethodBuilder`1.SetExistingTaskResult(System.Threading.Tasks.Task`1[TResult], TResult)
:: [23] void GdUnit4.Core.Execution.BeforeTestExecutionStage+&lt;Execute&gt;d__1.MoveNext()
:: [24] void System.Threading.ExecutionContext.RunInternal(System.Threading.ExecutionContext, System.Threading.ContextCallback, object)
:: [25] void System.Runtime.CompilerServices.AsyncTaskMethodBuilder`1+AsyncStateMachineBox`1.MoveNext(System.Threading.Thread)
:: [26] void System.Threading.Tasks.AwaitTaskContinuation.RunCallback(System.Threading.ContextCallback, object, System.Threading.Tasks.Task&amp;)
:: [27] void System.Threading.Tasks.Task.RunContinuations(object)
:: [28] bool System.Threading.Tasks.Task`1.TrySetResult(TResult)
:: [29] void System.Runtime.CompilerServices.AsyncTaskMethodBuilder`1.SetExistingTaskResult(System.Threading.Tasks.Task`1[TResult], TResult)
:: [30] void GdUnit4.Core.Execution.ExecutionStage`1+&lt;Execute&gt;d__30.MoveNext()
:: [31] void System.Threading.ExecutionContext.RunInternal(System.Threading.ExecutionContext, System.Threading.ContextCallback, object)
:: [32] void System.Runtime.CompilerServices.AsyncTaskMethodBuilder`1+AsyncStateMachineBox`1.MoveNext(System.Threading.Thread)
:: [33] void Godot.GodotSynchronizationContext.ExecutePendingContinuations() (/root/godot/modules/mono/glue/GodotSharp/GodotSharp/Core/GodotSynchronizationContext.cs:51)
:: [34] void Godot.GodotTaskScheduler.Activate() (/root/godot/modules/mono/glue/GodotSharp/GodotSharp/Core/GodotTaskScheduler.cs:76)
:: [35] void Godot.Bridge.ScriptManagerBridge.FrameCallback() (/root/godot/modules/mono/glue/GodotSharp/GodotSharp/Core/Bridge/ScriptManagerBridge.cs:84)
:: ERROR: The InputMap action "pause" doesn't exist.
:: at: event_get_action_status (core/input/input_map.cpp:266)
:: C# backtrace (most recent call first):
:: [0] Godot.NativeInterop.godot_bool Godot.NativeCalls.godot_icall_3_1473(nint, nint, Godot.NativeInterop.godot_string_name, Godot.NativeInterop.godot_bool, Godot.NativeInterop.godot_bool) (/root/godot/modules/mono/glue/GodotSharp/GodotSharp/Generated/NativeCalls.cs:13659)
:: [1] bool Godot.InputEvent.IsActionPressed(Godot.StringName, bool, bool) (/root/godot/modules/mono/glue/GodotSharp/GodotSharp/Generated/GodotObjects/InputEvent.cs:98)
:: [2] void OmegaSpiral.Source.InputSystem.OmegaInputRouter._UnhandledInput(Godot.InputEvent) (/home/adam/Dev/omega-spiral/chapter-zero/source/input_system/OmegaInputRouter.cs:49)
:: [3] void BaseMenuUiUnitTests.NavigateDown_MovesFocusToNextButton() (/home/adam/Dev/omega-spiral/chapter-zero/tests/unit/ui/menus/BaseMenuUiUnitTests.cs:148)
:: [4] object System.Reflection.MethodBaseInvoker.InterpretedInvoke_Method(object, System.IntPtr*)
:: [5] object System.Reflection.MethodBaseInvoker.InvokeWithNoArgs(object, System.Reflection.BindingFlags)
:: [6] object System.Reflection.RuntimeMethodInfo.Invoke(object, System.Reflection.BindingFlags, System.Reflection.Binder, System.Object[], System.Globalization.CultureInfo)
:: [7] void GdUnit4.Core.Execution.ExecutionStage`1+&lt;ExecuteStage&gt;d__37.MoveNext()
:: [8] void System.Runtime.CompilerServices.AsyncMethodBuilderCore.Start&lt;TStateMachine&gt;(TStateMachine&amp;)
:: [9] System.Threading.Tasks.Task GdUnit4.Core.Execution.ExecutionStage`1.ExecuteStage(GdUnit4.Core.Execution.ExecutionContext)
:: [10] void GdUnit4.Core.Execution.ExecutionStage`1+&lt;Execute&gt;d__30.MoveNext()
:: [11] void System.Runtime.CompilerServices.AsyncMethodBuilderCore.Start&lt;TStateMachine&gt;(TStateMachine&amp;)
:: [12] System.Threading.Tasks.Task GdUnit4.Core.Execution.ExecutionStage`1.Execute(GdUnit4.Core.Execution.ExecutionContext)
:: [13] System.Threading.Tasks.Task GdUnit4.Core.Execution.TestCaseExecutionStage.&lt;&gt;n__0(GdUnit4.Core.Execution.ExecutionContext)
:: [14] void GdUnit4.Core.Execution.TestCaseExecutionStage+&lt;Execute&gt;d__1.MoveNext()
:: [15] void System.Runtime.CompilerServices.AsyncMethodBuilderCore.Start&lt;TStateMachine&gt;(TStateMachine&amp;)
:: [16] System.Threading.Tasks.Task GdUnit4.Core.Execution.TestCaseExecutionStage.Execute(GdUnit4.Core.Execution.ExecutionContext)
:: [17] void GdUnit4.Core.Execution.TestSuiteExecutionStage+&lt;RunTestCase&gt;d__15.MoveNext()
:: [18] void System.Threading.ExecutionContext.RunInternal(System.Threading.ExecutionContext, System.Threading.ContextCallback, object)
:: [19] void System.Runtime.CompilerServices.AsyncTaskMethodBuilder`1+AsyncStateMachineBox`1.MoveNext(System.Threading.Thread)
:: [20] void System.Threading.Tasks.AwaitTaskContinuation.RunCallback(System.Threading.ContextCallback, object, System.Threading.Tasks.Task&amp;)
:: [21] void System.Threading.Tasks.Task.RunContinuations(object)
:: [22] bool System.Threading.Tasks.Task`1.TrySetResult(TResult)
:: [23] void System.Runtime.CompilerServices.AsyncTaskMethodBuilder`1.SetExistingTaskResult(System.Threading.Tasks.Task`1[TResult], TResult)
:: [24] void GdUnit4.Core.Execution.BeforeTestExecutionStage+&lt;Execute&gt;d__1.MoveNext()
:: [25] void System.Threading.ExecutionContext.RunInternal(System.Threading.ExecutionContext, System.Threading.ContextCallback, object)
:: [26] void System.Runtime.CompilerServices.AsyncTaskMethodBuilder`1+AsyncStateMachineBox`1.MoveNext(System.Threading.Thread)
:: [27] void System.Threading.Tasks.AwaitTaskContinuation.RunCallback(System.Threading.ContextCallback, object, System.Threading.Tasks.Task&amp;)
:: [28] void System.Threading.Tasks.Task.RunContinuations(object)
:: [29] bool System.Threading.Tasks.Task`1.TrySetResult(TResult)
:: [30] void System.Runtime.CompilerServices.AsyncTaskMethodBuilder`1.SetExistingTaskResult(System.Threading.Tasks.Task`1[TResult], TResult)
:: [31] void GdUnit4.Core.Execution.ExecutionStage`1+&lt;Execute&gt;d__30.MoveNext()
:: [32] void System.Threading.ExecutionContext.RunInternal(System.Threading.ExecutionContext, System.Threading.ContextCallback, object)
:: [33] void System.Runtime.CompilerServices.AsyncTaskMethodBuilder`1+AsyncStateMachineBox`1.MoveNext(System.Threading.Thread)
:: [34] void Godot.GodotSynchronizationContext.ExecutePendingContinuations() (/root/godot/modules/mono/glue/GodotSharp/GodotSharp/Core/GodotSynchronizationContext.cs:51)
:: [35] void Godot.GodotTaskScheduler.Activate() (/root/godot/modules/mono/glue/GodotSharp/GodotSharp/Core/GodotTaskScheduler.cs:76)
:: [36] void Godot.Bridge.ScriptManagerBridge.FrameCallback() (/root/godot/modules/mono/glue/GodotSharp/GodotSharp/Core/Bridge/ScriptManagerBridge.cs:84)
:: ERROR: The InputMap action "pause" doesn't exist.
:: at: event_get_action_status (core/input/input_map.cpp:266)
:: C# backtrace (most recent call first):
:: [0] Godot.NativeInterop.godot_bool Godot.NativeCalls.godot_icall_3_1473(nint, nint, Godot.NativeInterop.godot_string_name, Godot.NativeInterop.godot_bool, Godot.NativeInterop.godot_bool) (/root/godot/modules/mono/glue/GodotSharp/GodotSharp/Generated/NativeCalls.cs:13659)
:: [1] bool Godot.InputEvent.IsActionPressed(Godot.StringName, bool, bool) (/root/godot/modules/mono/glue/GodotSharp/GodotSharp/Generated/GodotObjects/InputEvent.cs:98)
:: [2] void OmegaSpiral.Source.InputSystem.OmegaInputRouter._UnhandledInput(Godot.InputEvent) (/home/adam/Dev/omega-spiral/chapter-zero/source/input_system/OmegaInputRouter.cs:49)
:: [3] void BaseMenuUiUnitTests.BackRequested_HidesMenu() (/home/adam/Dev/omega-spiral/chapter-zero/tests/unit/ui/menus/BaseMenuUiUnitTests.cs:164)
:: [4] object System.Reflection.MethodBaseInvoker.InterpretedInvoke_Method(object, System.IntPtr*)
:: [5] object System.Reflection.MethodBaseInvoker.InvokeWithNoArgs(object, System.Reflection.BindingFlags)
:: [6] object System.Reflection.RuntimeMethodInfo.Invoke(object, System.Reflection.BindingFlags, System.Reflection.Binder, System.Object[], System.Globalization.CultureInfo)
:: [7] void GdUnit4.Core.Execution.ExecutionStage`1+&lt;ExecuteStage&gt;d__37.MoveNext()
:: [8] void System.Runtime.CompilerServices.AsyncMethodBuilderCore.Start&lt;TStateMachine&gt;(TStateMachine&amp;)
:: [9] System.Threading.Tasks.Task GdUnit4.Core.Execution.ExecutionStage`1.ExecuteStage(GdUnit4.Core.Execution.ExecutionContext)
:: [10] void GdUnit4.Core.Execution.ExecutionStage`1+&lt;Execute&gt;d__30.MoveNext()
:: [11] void System.Runtime.CompilerServices.AsyncMethodBuilderCore.Start&lt;TStateMachine&gt;(TStateMachine&amp;)
:: [12] System.Threading.Tasks.Task GdUnit4.Core.Execution.ExecutionStage`1.Execute(GdUnit4.Core.Execution.ExecutionContext)
:: [13] System.Threading.Tasks.Task GdUnit4.Core.Execution.TestCaseExecutionStage.&lt;&gt;n__0(GdUnit4.Core.Execution.ExecutionContext)
:: [14] void GdUnit4.Core.Execution.TestCaseExecutionStage+&lt;Execute&gt;d__1.MoveNext()
:: [15] void System.Runtime.CompilerServices.AsyncMethodBuilderCore.Start&lt;TStateMachine&gt;(TStateMachine&amp;)
:: [16] System.Threading.Tasks.Task GdUnit4.Core.Execution.TestCaseExecutionStage.Execute(GdUnit4.Core.Execution.ExecutionContext)
:: [17] void GdUnit4.Core.Execution.TestSuiteExecutionStage+&lt;RunTestCase&gt;d__15.MoveNext()
:: [18] void System.Threading.ExecutionContext.RunInternal(System.Threading.ExecutionContext, System.Threading.ContextCallback, object)
:: [19] void System.Runtime.CompilerServices.AsyncTaskMethodBuilder`1+AsyncStateMachineBox`1.MoveNext(System.Threading.Thread)
:: [20] void System.Threading.Tasks.AwaitTaskContinuation.RunCallback(System.Threading.ContextCallback, object, System.Threading.Tasks.Task&amp;)
:: [21] void System.Threading.Tasks.Task.RunContinuations(object)
:: [22] bool System.Threading.Tasks.Task`1.TrySetResult(TResult)
:: [23] void System.Runtime.CompilerServices.AsyncTaskMethodBuilder`1.SetExistingTaskResult(System.Threading.Tasks.Task`1[TResult], TResult)
:: [24] void GdUnit4.Core.Execution.BeforeTestExecutionStage+&lt;Execute&gt;d__1.MoveNext()
:: [25] void System.Threading.ExecutionContext.RunInternal(System.Threading.ExecutionContext, System.Threading.ContextCallback, object)
:: [26] void System.Runtime.CompilerServices.AsyncTaskMethodBuilder`1+AsyncStateMachineBox`1.MoveNext(System.Threading.Thread)
:: [27] void System.Threading.Tasks.AwaitTaskContinuation.RunCallback(System.Threading.ContextCallback, object, System.Threading.Tasks.Task&amp;)
:: [28] void System.Threading.Tasks.Task.RunContinuations(object)
:: [29] bool System.Threading.Tasks.Task`1.TrySetResult(TResult)
:: [30] void System.Runtime.CompilerServices.AsyncTaskMethodBuilder`1.SetExistingTaskResult(System.Threading.Tasks.Task`1[TResult], TResult)
:: [31] void GdUnit4.Core.Execution.ExecutionStage`1+&lt;Execute&gt;d__30.MoveNext()
:: [32] void System.Threading.ExecutionContext.RunInternal(System.Threading.ExecutionContext, System.Threading.ContextCallback, object)
:: [33] void System.Runtime.CompilerServices.AsyncTaskMethodBuilder`1+AsyncStateMachineBox`1.MoveNext(System.Threading.Thread)
:: [34] void Godot.GodotSynchronizationContext.ExecutePendingContinuations() (/root/godot/modules/mono/glue/GodotSharp/GodotSharp/Core/GodotSynchronizationContext.cs:51)
:: [35] void Godot.GodotTaskScheduler.Activate() (/root/godot/modules/mono/glue/GodotSharp/GodotSharp/Core/GodotTaskScheduler.cs:76)
:: [36] void Godot.Bridge.ScriptManagerBridge.FrameCallback() (/root/godot/modules/mono/glue/GodotSharp/GodotSharp/Core/Bridge/ScriptManagerBridge.cs:84)
    &amp;#x1B;[92m&amp;#x2713; Component lifecycle managed properly&amp;#x1B;[39m&amp;#x1B;[0m
:: WARNING: [BaseMenuUi] MenuButtonContainer not found in scene at ContentContainer/MenuButtonContainer. Scene structure may be incomplete.
:: at: void OmegaSpiral.Source.Ui.Menus.BaseMenuUi.CacheRequiredNodes() (res://source/ui/menus/BaseMenuUi.cs:141)
:: C# backtrace (most recent call first):
:: [0] void Godot.GD.PushWarning(string) (/root/godot/modules/mono/glue/GodotSharp/GodotSharp/Core/GD.cs:396)
:: [1] void OmegaSpiral.Source.Ui.Menus.BaseMenuUi.CacheRequiredNodes() (/home/adam/Dev/omega-spiral/chapter-zero/source/ui/menus/BaseMenuUi.cs:141)
:: [2] void OmegaSpiral.Source.Ui.Omega.OmegaContainer._Ready() (/home/adam/Dev/omega-spiral/chapter-zero/source/ui/omega/OmegaContainer.cs:56)
:: [3] void OmegaSpiral.Source.Ui.Menus.BaseMenuUi._Ready() (/home/adam/Dev/omega-spiral/chapter-zero/source/ui/menus/BaseMenuUi.cs:103)
:: [4] bool Godot.Node.InvokeGodotClassMethod(Godot.NativeInterop.godot_string_name&amp;, Godot.NativeInterop.NativeVariantPtrArgs, Godot.NativeInterop.godot_variant&amp;) (/root/godot/modules/mono/glue/GodotSharp/GodotSharp/Generated/GodotObjects/Node.cs:2631)
:: [5] bool Godot.CanvasItem.InvokeGodotClassMethod(Godot.NativeInterop.godot_string_name&amp;, Godot.NativeInterop.NativeVariantPtrArgs, Godot.NativeInterop.godot_variant&amp;) (/root/godot/modules/mono/glue/GodotSharp/GodotSharp/Generated/GodotObjects/CanvasItem.cs:1786)
:: [6] bool Godot.Control.InvokeGodotClassMethod(Godot.NativeInterop.godot_string_name&amp;, Godot.NativeInterop.NativeVariantPtrArgs, Godot.NativeInterop.godot_variant&amp;) (/root/godot/modules/mono/glue/GodotSharp/GodotSharp/Generated/GodotObjects/Control.cs:3508)
:: [7] bool OmegaSpiral.Source.Ui.Omega.OmegaContainer.InvokeGodotClassMethod(Godot.NativeInterop.godot_string_name&amp;, Godot.NativeInterop.NativeVariantPtrArgs, Godot.NativeInterop.godot_variant&amp;) (/home/adam/Dev/omega-spiral/chapter-zero/.godot/mono/temp/obj/Debug/Godot.SourceGenerators/Godot.SourceGenerators.ScriptMethodsGenerator/OmegaSpiral.Source.Ui.Omega.OmegaContainer_ScriptMethods.generated.cs:110)
:: [8] bool OmegaSpiral.Source.Ui.Omega.OmegaThemedContainer.InvokeGodotClassMethod(Godot.NativeInterop.godot_string_name&amp;, Godot.NativeInterop.NativeVariantPtrArgs, Godot.NativeInterop.godot_variant&amp;) (/home/adam/Dev/omega-spiral/chapter-zero/.godot/mono/temp/obj/Debug/Godot.SourceGenerators/Godot.SourceGenerators.ScriptMethodsGenerator/OmegaSpiral.Source.Ui.Omega.OmegaThemedContainer_ScriptMethods.generated.cs:100)
:: [9] bool OmegaSpiral.Source.Ui.Menus.BaseMenuUi.InvokeGodotClassMethod(Godot.NativeInterop.godot_string_name&amp;, Godot.NativeInterop.NativeVariantPtrArgs, Godot.NativeInterop.godot_variant&amp;) (/home/adam/Dev/omega-spiral/chapter-zero/.godot/mono/temp/obj/Debug/Godot.SourceGenerators/Godot.SourceGenerators.ScriptMethodsGenerator/OmegaSpiral.Source.Ui.Menus.BaseMenuUi_ScriptMethods.generated.cs:410)
:: [10] Godot.NativeInterop.godot_bool Godot.Bridge.CSharpInstanceBridge.Call(nint, Godot.NativeInterop.godot_string_name*, Godot.NativeInterop.godot_variant**, int, Godot.NativeInterop.godot_variant_call_error*, Godot.NativeInterop.godot_variant*) (/root/godot/modules/mono/glue/GodotSharp/GodotSharp/Core/Bridge/CSharpInstanceBridge.cs:24)
:: [11] void Godot.NativeInterop.NativeFuncs.godotsharp_method_bind_ptrcall(nint, nint, System.Void**, System.Void*) (/root/godot/modules/mono/glue/GodotSharp/GodotSharp/Godot.SourceGenerators.Internal/Godot.SourceGenerators.Internal.UnmanagedCallbacksGenerator/Godot.NativeInterop.NativeFuncs.generated.cs:380)
:: [12] void Godot.NativeCalls.godot_icall_3_1042(nint, nint, nint, Godot.NativeInterop.godot_bool, int) (/root/godot/modules/mono/glue/GodotSharp/GodotSharp/Generated/NativeCalls.cs:9587)
:: [13] void Godot.Node.AddChild(Godot.Node, bool, Godot.Node+InternalMode) (/root/godot/modules/mono/glue/GodotSharp/GodotSharp/Generated/GodotObjects/Node.cs:821)
:: [14] void OmegaSpiral.Tests.Integration.Ui.BaseMenuUiTests.Setup() (/home/adam/Dev/omega-spiral/chapter-zero/tests/integration/ui/BaseMenuTests.cs:38)
:: [15] void System.RuntimeMethodHandle.InvokeMethod(System.Runtime.CompilerServices.ObjectHandleOnStack, System.Void**, System.Runtime.CompilerServices.ObjectHandleOnStack, Interop+BOOL, System.Runtime.CompilerServices.ObjectHandleOnStack)
:: [16] void System.RuntimeMethodHandle.InvokeMethod(System.Runtime.CompilerServices.ObjectHandleOnStack, System.Void**, System.Runtime.CompilerServices.ObjectHandleOnStack, Interop+BOOL, System.Runtime.CompilerServices.ObjectHandleOnStack)
:: [17] object System.Reflection.MethodBaseInvoker.InterpretedInvoke_Method(object, System.IntPtr*)
:: [18] object System.Reflection.RuntimeMethodInfo.Invoke(object, System.Reflection.BindingFlags, System.Reflection.Binder, System.Object[], System.Globalization.CultureInfo)
:: [19] void GdUnit4.Core.Execution.ExecutionStage`1+&lt;ExecuteStage&gt;d__37.MoveNext()
:: [20] void System.Runtime.CompilerServices.AsyncTaskMethodBuilder.Start&lt;TStateMachine&gt;(TStateMachine&amp;)
:: [21] System.Threading.Tasks.Task GdUnit4.Core.Execution.ExecutionStage`1.ExecuteStage(GdUnit4.Core.Execution.ExecutionContext)
:: [22] void GdUnit4.Core.Execution.ExecutionStage`1+&lt;Execute&gt;d__30.MoveNext()
:: [23] void System.Runtime.CompilerServices.AsyncTaskMethodBuilder.Start&lt;TStateMachine&gt;(TStateMachine&amp;)
:: [24] System.Threading.Tasks.Task GdUnit4.Core.Execution.ExecutionStage`1.Execute(GdUnit4.Core.Execution.ExecutionContext)
:: [25] System.Threading.Tasks.Task GdUnit4.Core.Execution.BeforeExecutionStage.&lt;&gt;n__0(GdUnit4.Core.Execution.ExecutionContext)
:: [26] void GdUnit4.Core.Execution.BeforeExecutionStage+&lt;Execute&gt;d__1.MoveNext()
:: [27] void System.Runtime.CompilerServices.AsyncTaskMethodBuilder.Start&lt;TStateMachine&gt;(TStateMachine&amp;)
:: [28] System.Threading.Tasks.Task GdUnit4.Core.Execution.BeforeExecutionStage.Execute(GdUnit4.Core.Execution.ExecutionContext)
:: [29] void GdUnit4.Core.Execution.TestSuiteExecutionStage+&lt;Execute&gt;d__13.MoveNext()
:: [30] void System.Runtime.CompilerServices.AsyncTaskMethodBuilder.Start&lt;TStateMachine&gt;(TStateMachine&amp;)
:: [31] System.Threading.Tasks.Task GdUnit4.Core.Execution.TestSuiteExecutionStage.Execute(GdUnit4.Core.Execution.ExecutionContext)
:: [32] void GdUnit4.Core.Commands.ExecuteTestSuiteCommand+&lt;Execute&gt;d__18.MoveNext()
:: [33] void System.Runtime.CompilerServices.AsyncTaskMethodBuilder`1+AsyncStateMachineBox`1.ExecutionContextCallback(object)
:: [34] void System.Threading.ExecutionContext.RunInternal(System.Threading.ExecutionContext, System.Threading.ContextCallback, object)
:: [35] void System.Runtime.CompilerServices.AsyncTaskMethodBuilder`1+AsyncStateMachineBox`1.MoveNext(System.Threading.Thread)
:: [36] void Godot.SignalAwaiter.SignalCallback(nint, Godot.NativeInterop.godot_variant**, int, Godot.NativeInterop.godot_bool*) (/root/godot/modules/mono/glue/GodotSharp/GodotSharp/Core/SignalAwaiter.cs:65)
    [ChoiceButton] Configured: &amp;#x27;Test Choice&amp;#x27; (L:10 S:5 A:3)
    [ChoiceButton] Configured: &amp;#x27;Test Choice&amp;#x27; (L:10 S:5 A:3)
    [ChoiceButtonTests] Signal emission test placeholder
:: ERROR: Can't add child '@Button@124' to '', already has a parent ''.
:: at: add_child (scene/main/node.cpp:1699)
:: C# backtrace (most recent call first):
:: [0] void Godot.NativeCalls.godot_icall_3_1042(nint, nint, nint, Godot.NativeInterop.godot_bool, int) (/root/godot/modules/mono/glue/GodotSharp/GodotSharp/Generated/NativeCalls.cs:9587)
:: [1] void Godot.Node.AddChild(Godot.Node, bool, Godot.Node+InternalMode) (/root/godot/modules/mono/glue/GodotSharp/GodotSharp/Generated/GodotObjects/Node.cs:821)
:: [2] void OmegaSpiral.Tests.Integration.Ui.Omega.ChoiceButtonTests.ExitTree_CleansUpSignalConnections() (/home/adam/Dev/omega-spiral/chapter-zero/tests/integration/ui/omega/ChoiceButtonTests.cs:145)
:: [3] void System.RuntimeMethodHandle.InvokeMethod(System.Runtime.CompilerServices.ObjectHandleOnStack, System.Void**, System.Runtime.CompilerServices.ObjectHandleOnStack, Interop+BOOL, System.Runtime.CompilerServices.ObjectHandleOnStack)
:: [4] void System.RuntimeMethodHandle.InvokeMethod(System.Runtime.CompilerServices.ObjectHandleOnStack, System.Void**, System.Runtime.CompilerServices.ObjectHandleOnStack, Interop+BOOL, System.Runtime.CompilerServices.ObjectHandleOnStack)
:: [5] object System.Reflection.MethodBaseInvoker.InterpretedInvoke_Method(object, System.IntPtr*)
:: [6] object System.Reflection.RuntimeMethodInfo.Invoke(object, System.Reflection.BindingFlags, System.Reflection.Binder, System.Object[], System.Globalization.CultureInfo)
:: [7] void GdUnit4.Core.Execution.ExecutionStage`1+&lt;ExecuteStage&gt;d__37.MoveNext()
:: [8] void System.Runtime.CompilerServices.AsyncTaskMethodBuilder.Start&lt;TStateMachine&gt;(TStateMachine&amp;)
:: [9] System.Threading.Tasks.Task GdUnit4.Core.Execution.ExecutionStage`1.ExecuteStage(GdUnit4.Core.Execution.ExecutionContext)
:: [10] void GdUnit4.Core.Execution.ExecutionStage`1+&lt;Execute&gt;d__30.MoveNext()
:: [11] void System.Runtime.CompilerServices.AsyncTaskMethodBuilder.Start&lt;TStateMachine&gt;(TStateMachine&amp;)
:: [12] System.Threading.Tasks.Task GdUnit4.Core.Execution.ExecutionStage`1.Execute(GdUnit4.Core.Execution.ExecutionContext)
:: [13] System.Threading.Tasks.Task GdUnit4.Core.Execution.TestCaseExecutionStage.&lt;&gt;n__0(GdUnit4.Core.Execution.ExecutionContext)
:: [14] void GdUnit4.Core.Execution.TestCaseExecutionStage+&lt;Execute&gt;d__1.MoveNext()
:: [15] void System.Runtime.CompilerServices.AsyncTaskMethodBuilder.Start&lt;TStateMachine&gt;(TStateMachine&amp;)
:: [16] System.Threading.Tasks.Task GdUnit4.Core.Execution.TestCaseExecutionStage.Execute(GdUnit4.Core.Execution.ExecutionContext)
:: [17] void GdUnit4.Core.Execution.TestSuiteExecutionStage+&lt;RunTestCase&gt;d__15.MoveNext()
:: [18] void System.Threading.ExecutionContext.RunInternal(System.Threading.ExecutionContext, System.Threading.ContextCallback, object)
:: [19] void System.Runtime.CompilerServices.AsyncTaskMethodBuilder`1+AsyncStateMachineBox`1.MoveNext(System.Threading.Thread)
:: [20] void System.Threading.Tasks.AwaitTaskContinuation.RunCallback(System.Threading.ContextCallback, object, System.Threading.Tasks.Task&amp;)
:: [21] void System.Threading.Tasks.Task.RunContinuations(object)
:: [22] void System.Runtime.CompilerServices.AsyncTaskMethodBuilder.SetResult()
:: [23] void GdUnit4.Core.Execution.BeforeTestExecutionStage+&lt;Execute&gt;d__1.MoveNext()
:: [24] void System.Threading.ExecutionContext.RunInternal(System.Threading.ExecutionContext, System.Threading.ContextCallback, object)
:: [25] void System.Runtime.CompilerServices.AsyncTaskMethodBuilder`1+AsyncStateMachineBox`1.MoveNext(System.Threading.Thread)
:: [26] void System.Threading.Tasks.AwaitTaskContinuation.RunCallback(System.Threading.ContextCallback, object, System.Threading.Tasks.Task&amp;)
:: [27] void System.Threading.Tasks.Task.RunContinuations(object)
:: [28] void System.Runtime.CompilerServices.AsyncTaskMethodBuilder.SetResult()
:: [29] void GdUnit4.Core.Execution.ExecutionStage`1+&lt;Execute&gt;d__30.MoveNext()
:: [30] void System.Threading.ExecutionContext.RunInternal(System.Threading.ExecutionContext, System.Threading.ContextCallback, object)
:: [31] void System.Runtime.CompilerServices.AsyncTaskMethodBuilder`1+AsyncStateMachineBox`1.MoveNext(System.Threading.Thread)
:: [32] void Godot.GodotSynchronizationContext.ExecutePendingContinuations() (/root/godot/modules/mono/glue/GodotSharp/GodotSharp/Core/GodotSynchronizationContext.cs:51)
:: [33] void Godot.GodotTaskScheduler.Activate() (/root/godot/modules/mono/glue/GodotSharp/GodotSharp/Core/GodotTaskScheduler.cs:76)
:: [34] void Godot.Bridge.ScriptManagerBridge.FrameCallback() (/root/godot/modules/mono/glue/GodotSharp/GodotSharp/Core/Bridge/ScriptManagerBridge.cs:84)
:: ERROR: Can't add child '@Control@131' to 'root', already has a parent 'root'.
:: at: add_child (scene/main/node.cpp:1699)
:: C# backtrace (most recent call first):
:: [0] void Godot.NativeCalls.godot_icall_3_1042(nint, nint, nint, Godot.NativeInterop.godot_bool, int) (/root/godot/modules/mono/glue/GodotSharp/GodotSharp/Generated/NativeCalls.cs:9587)
:: [1] void Godot.Node.AddChild(Godot.Node, bool, Godot.Node+InternalMode) (/root/godot/modules/mono/glue/GodotSharp/GodotSharp/Generated/GodotObjects/Node.cs:821)
:: [2] void OmegaSpiral.Tests.Integration.Ui.Omega.OmegaContainer_UnitTests.Ready_CallsCreateComponents() (/home/adam/Dev/omega-spiral/chapter-zero/tests/integration/ui/omega/OmegaContainer_UnitTests.cs:163)
:: [3] void System.RuntimeMethodHandle.InvokeMethod(System.Runtime.CompilerServices.ObjectHandleOnStack, System.Void**, System.Runtime.CompilerServices.ObjectHandleOnStack, Interop+BOOL, System.Runtime.CompilerServices.ObjectHandleOnStack)
:: [4] void System.RuntimeMethodHandle.InvokeMethod(System.Runtime.CompilerServices.ObjectHandleOnStack, System.Void**, System.Runtime.CompilerServices.ObjectHandleOnStack, Interop+BOOL, System.Runtime.CompilerServices.ObjectHandleOnStack)
:: [5] object System.Reflection.MethodBaseInvoker.InterpretedInvoke_Method(object, System.IntPtr*)
:: [6] object System.Reflection.RuntimeMethodInfo.Invoke(object, System.Reflection.BindingFlags, System.Reflection.Binder, System.Object[], System.Globalization.CultureInfo)
:: [7] void GdUnit4.Core.Execution.ExecutionStage`1+&lt;ExecuteStage&gt;d__37.MoveNext()
:: [8] void System.Runtime.CompilerServices.AsyncTaskMethodBuilder.Start&lt;TStateMachine&gt;(TStateMachine&amp;)
:: [9] System.Threading.Tasks.Task GdUnit4.Core.Execution.ExecutionStage`1.ExecuteStage(GdUnit4.Core.Execution.ExecutionContext)
:: [10] void GdUnit4.Core.Execution.ExecutionStage`1+&lt;Execute&gt;d__30.MoveNext()
:: [11] void System.Runtime.CompilerServices.AsyncTaskMethodBuilder.Start&lt;TStateMachine&gt;(TStateMachine&amp;)
:: [12] System.Threading.Tasks.Task GdUnit4.Core.Execution.ExecutionStage`1.Execute(GdUnit4.Core.Execution.ExecutionContext)
:: [13] System.Threading.Tasks.Task GdUnit4.Core.Execution.TestCaseExecutionStage.&lt;&gt;n__0(GdUnit4.Core.Execution.ExecutionContext)
:: [14] void GdUnit4.Core.Execution.TestCaseExecutionStage+&lt;Execute&gt;d__1.MoveNext()
:: [15] void System.Runtime.CompilerServices.AsyncTaskMethodBuilder.Start&lt;TStateMachine&gt;(TStateMachine&amp;)
:: [16] System.Threading.Tasks.Task GdUnit4.Core.Execution.TestCaseExecutionStage.Execute(GdUnit4.Core.Execution.ExecutionContext)
:: [17] void GdUnit4.Core.Execution.TestSuiteExecutionStage+&lt;RunTestCase&gt;d__15.MoveNext()
:: [18] void System.Runtime.CompilerServices.AsyncTaskMethodBuilder.Start&lt;TStateMachine&gt;(TStateMachine&amp;)
:: [19] System.Threading.Tasks.Task GdUnit4.Core.Execution.TestSuiteExecutionStage.RunTestCase(GdUnit4.Core.Hooks.IStdOutHook, GdUnit4.Core.Execution.ExecutionContext, GdUnit4.Core.Execution.TestCase, GdUnit4.TestCaseAttribute, System.Object[])
:: [20] void GdUnit4.Core.Execution.TestSuiteExecutionStage+&lt;Execute&gt;d__13.MoveNext()
:: [21] void System.Threading.ExecutionContext.RunInternal(System.Threading.ExecutionContext, System.Threading.ContextCallback, object)
:: [22] void System.Runtime.CompilerServices.AsyncTaskMethodBuilder`1+AsyncStateMachineBox`1.MoveNext(System.Threading.Thread)
:: [23] void System.Threading.Tasks.AwaitTaskContinuation.RunCallback(System.Threading.ContextCallback, object, System.Threading.Tasks.Task&amp;)
:: [24] void System.Threading.Tasks.Task.RunContinuations(object)
:: [25] void System.Runtime.CompilerServices.AsyncTaskMethodBuilder.SetResult()
:: [26] void GdUnit4.Core.Execution.TestSuiteExecutionStage+&lt;RunTestCase&gt;d__15.MoveNext()
:: [27] void System.Threading.ExecutionContext.RunInternal(System.Threading.ExecutionContext, System.Threading.ContextCallback, object)
:: [28] void System.Runtime.CompilerServices.AsyncTaskMethodBuilder`1+AsyncStateMachineBox`1.MoveNext(System.Threading.Thread)
:: [29] void System.Threading.Tasks.AwaitTaskContinuation.RunCallback(System.Threading.ContextCallback, object, System.Threading.Tasks.Task&amp;)
:: [30] void System.Threading.Tasks.Task.RunContinuations(object)
:: [31] void System.Runtime.CompilerServices.AsyncTaskMethodBuilder.SetResult()
:: [32] void GdUnit4.Core.Execution.AfterTestExecutionStage+&lt;Execute&gt;d__1.MoveNext()
:: [33] void System.Threading.ExecutionContext.RunInternal(System.Threading.ExecutionContext, System.Threading.ContextCallback, object)
:: [34] void System.Runtime.CompilerServices.AsyncTaskMethodBuilder`1+AsyncStateMachineBox`1.MoveNext(System.Threading.Thread)
:: [35] void System.Threading.Tasks.AwaitTaskContinuation.RunCallback(System.Threading.ContextCallback, object, System.Threading.Tasks.Task&amp;)
:: [36] void System.Threading.Tasks.Task.RunContinuations(object)
:: [37] void System.Runtime.CompilerServices.AsyncTaskMethodBuilder.SetResult()
:: [38] void GdUnit4.Core.Execution.Monitoring.MemoryPool+&lt;Gc&gt;d__14.MoveNext()
:: [39] void System.Threading.ExecutionContext.RunInternal(System.Threading.ExecutionContext, System.Threading.ContextCallback, object)
:: [40] void System.Runtime.CompilerServices.AsyncTaskMethodBuilder`1+AsyncStateMachineBox`1.MoveNext()
:: [41] void Godot.SignalAwaiter.SignalCallback(nint, Godot.NativeInterop.godot_variant**, int, Godot.NativeInterop.godot_bool*) (/root/godot/modules/mono/glue/GodotSharp/GodotSharp/Core/SignalAwaiter.cs:65)
:: ERROR: Can't add child '@Control@131' to 'root', already has a parent 'root'.
:: at: add_child (scene/main/node.cpp:1699)
:: C# backtrace (most recent call first):
:: [0] void Godot.NativeCalls.godot_icall_3_1042(nint, nint, nint, Godot.NativeInterop.godot_bool, int) (/root/godot/modules/mono/glue/GodotSharp/GodotSharp/Generated/NativeCalls.cs:9587)
:: [1] void Godot.Node.AddChild(Godot.Node, bool, Godot.Node+InternalMode) (/root/godot/modules/mono/glue/GodotSharp/GodotSharp/Generated/GodotObjects/Node.cs:821)
:: [2] void OmegaSpiral.Tests.Integration.Ui.Omega.OmegaContainer_UnitTests.Ready_CallsInitializeComponentStates() (/home/adam/Dev/omega-spiral/chapter-zero/tests/integration/ui/omega/OmegaContainer_UnitTests.cs:181)
:: [3] void System.RuntimeMethodHandle.InvokeMethod(System.Runtime.CompilerServices.ObjectHandleOnStack, System.Void**, System.Runtime.CompilerServices.ObjectHandleOnStack, Interop+BOOL, System.Runtime.CompilerServices.ObjectHandleOnStack)
:: [4] void System.RuntimeMethodHandle.InvokeMethod(System.Runtime.CompilerServices.ObjectHandleOnStack, System.Void**, System.Runtime.CompilerServices.ObjectHandleOnStack, Interop+BOOL, System.Runtime.CompilerServices.ObjectHandleOnStack)
:: [5] object System.Reflection.MethodBaseInvoker.InterpretedInvoke_Method(object, System.IntPtr*)
:: [6] object System.Reflection.RuntimeMethodInfo.Invoke(object, System.Reflection.BindingFlags, System.Reflection.Binder, System.Object[], System.Globalization.CultureInfo)
:: [7] void GdUnit4.Core.Execution.ExecutionStage`1+&lt;ExecuteStage&gt;d__37.MoveNext()
:: [8] void System.Runtime.CompilerServices.AsyncTaskMethodBuilder.Start&lt;TStateMachine&gt;(TStateMachine&amp;)
:: [9] System.Threading.Tasks.Task GdUnit4.Core.Execution.ExecutionStage`1.ExecuteStage(GdUnit4.Core.Execution.ExecutionContext)
:: [10] void GdUnit4.Core.Execution.ExecutionStage`1+&lt;Execute&gt;d__30.MoveNext()
:: [11] void System.Runtime.CompilerServices.AsyncTaskMethodBuilder.Start&lt;TStateMachine&gt;(TStateMachine&amp;)
:: [12] System.Threading.Tasks.Task GdUnit4.Core.Execution.ExecutionStage`1.Execute(GdUnit4.Core.Execution.ExecutionContext)
:: [13] System.Threading.Tasks.Task GdUnit4.Core.Execution.TestCaseExecutionStage.&lt;&gt;n__0(GdUnit4.Core.Execution.ExecutionContext)
:: [14] void GdUnit4.Core.Execution.TestCaseExecutionStage+&lt;Execute&gt;d__1.MoveNext()
:: [15] void System.Runtime.CompilerServices.AsyncTaskMethodBuilder.Start&lt;TStateMachine&gt;(TStateMachine&amp;)
:: [16] System.Threading.Tasks.Task GdUnit4.Core.Execution.TestCaseExecutionStage.Execute(GdUnit4.Core.Execution.ExecutionContext)
:: [17] void GdUnit4.Core.Execution.TestSuiteExecutionStage+&lt;RunTestCase&gt;d__15.MoveNext()
:: [18] void System.Threading.ExecutionContext.RunInternal(System.Threading.ExecutionContext, System.Threading.ContextCallback, object)
:: [19] void System.Runtime.CompilerServices.AsyncTaskMethodBuilder`1+AsyncStateMachineBox`1.MoveNext(System.Threading.Thread)
:: [20] void System.Threading.Tasks.AwaitTaskContinuation.RunCallback(System.Threading.ContextCallback, object, System.Threading.Tasks.Task&amp;)
:: [21] void System.Threading.Tasks.Task.RunContinuations(object)
:: [22] void System.Runtime.CompilerServices.AsyncTaskMethodBuilder.SetResult()
:: [23] void GdUnit4.Core.Execution.BeforeTestExecutionStage+&lt;Execute&gt;d__1.MoveNext()
:: [24] void System.Threading.ExecutionContext.RunInternal(System.Threading.ExecutionContext, System.Threading.ContextCallback, object)
:: [25] void System.Runtime.CompilerServices.AsyncTaskMethodBuilder`1+AsyncStateMachineBox`1.MoveNext(System.Threading.Thread)
:: [26] void System.Threading.Tasks.AwaitTaskContinuation.RunCallback(System.Threading.ContextCallback, object, System.Threading.Tasks.Task&amp;)
:: [27] void System.Threading.Tasks.Task.RunContinuations(object)
:: [28] void System.Runtime.CompilerServices.AsyncTaskMethodBuilder.SetResult()
:: [29] void GdUnit4.Core.Execution.ExecutionStage`1+&lt;Execute&gt;d__30.MoveNext()
:: [30] void System.Threading.ExecutionContext.RunInternal(System.Threading.ExecutionContext, System.Threading.ContextCallback, object)
:: [31] void System.Runtime.CompilerServices.AsyncTaskMethodBuilder`1+AsyncStateMachineBox`1.MoveNext(System.Threading.Thread)
:: [32] void Godot.GodotSynchronizationContext.ExecutePendingContinuations() (/root/godot/modules/mono/glue/GodotSharp/GodotSharp/Core/GodotSynchronizationContext.cs:51)
:: [33] void Godot.GodotTaskScheduler.Activate() (/root/godot/modules/mono/glue/GodotSharp/GodotSharp/Core/GodotTaskScheduler.cs:76)
:: [34] void Godot.Bridge.ScriptManagerBridge.FrameCallback() (/root/godot/modules/mono/glue/GodotSharp/GodotSharp/Core/Bridge/ScriptManagerBridge.cs:84)
:: ERROR: Can't add child '@Control@131' to 'root', already has a parent 'root'.
:: at: add_child (scene/main/node.cpp:1699)
:: C# backtrace (most recent call first):
:: [0] void Godot.NativeCalls.godot_icall_3_1042(nint, nint, nint, Godot.NativeInterop.godot_bool, int) (/root/godot/modules/mono/glue/GodotSharp/GodotSharp/Generated/NativeCalls.cs:9587)
:: [1] void Godot.Node.AddChild(Godot.Node, bool, Godot.Node+InternalMode) (/root/godot/modules/mono/glue/GodotSharp/GodotSharp/Generated/GodotObjects/Node.cs:821)
:: [2] void OmegaSpiral.Tests.Integration.Ui.Omega.OmegaContainer_UnitTests.Ready_CallsHooksInCorrectOrder() (/home/adam/Dev/omega-spiral/chapter-zero/tests/integration/ui/omega/OmegaContainer_UnitTests.cs:199)
:: [3] void System.RuntimeMethodHandle.InvokeMethod(System.Runtime.CompilerServices.ObjectHandleOnStack, System.Void**, System.Runtime.CompilerServices.ObjectHandleOnStack, Interop+BOOL, System.Runtime.CompilerServices.ObjectHandleOnStack)
:: [4] void System.RuntimeMethodHandle.InvokeMethod(System.Runtime.CompilerServices.ObjectHandleOnStack, System.Void**, System.Runtime.CompilerServices.ObjectHandleOnStack, Interop+BOOL, System.Runtime.CompilerServices.ObjectHandleOnStack)
:: [5] object System.Reflection.MethodBaseInvoker.InterpretedInvoke_Method(object, System.IntPtr*)
:: [6] object System.Reflection.RuntimeMethodInfo.Invoke(object, System.Reflection.BindingFlags, System.Reflection.Binder, System.Object[], System.Globalization.CultureInfo)
:: [7] void GdUnit4.Core.Execution.ExecutionStage`1+&lt;ExecuteStage&gt;d__37.MoveNext()
:: [8] void System.Runtime.CompilerServices.AsyncTaskMethodBuilder.Start&lt;TStateMachine&gt;(TStateMachine&amp;)
:: [9] System.Threading.Tasks.Task GdUnit4.Core.Execution.ExecutionStage`1.ExecuteStage(GdUnit4.Core.Execution.ExecutionContext)
:: [10] void GdUnit4.Core.Execution.ExecutionStage`1+&lt;Execute&gt;d__30.MoveNext()
:: [11] void System.Runtime.CompilerServices.AsyncTaskMethodBuilder.Start&lt;TStateMachine&gt;(TStateMachine&amp;)
:: [12] System.Threading.Tasks.Task GdUnit4.Core.Execution.ExecutionStage`1.Execute(GdUnit4.Core.Execution.ExecutionContext)
:: [13] System.Threading.Tasks.Task GdUnit4.Core.Execution.TestCaseExecutionStage.&lt;&gt;n__0(GdUnit4.Core.Execution.ExecutionContext)
:: [14] void GdUnit4.Core.Execution.TestCaseExecutionStage+&lt;Execute&gt;d__1.MoveNext()
:: [15] void System.Runtime.CompilerServices.AsyncTaskMethodBuilder.Start&lt;TStateMachine&gt;(TStateMachine&amp;)
:: [16] System.Threading.Tasks.Task GdUnit4.Core.Execution.TestCaseExecutionStage.Execute(GdUnit4.Core.Execution.ExecutionContext)
:: [17] void GdUnit4.Core.Execution.TestSuiteExecutionStage+&lt;RunTestCase&gt;d__15.MoveNext()
:: [18] void System.Threading.ExecutionContext.RunInternal(System.Threading.ExecutionContext, System.Threading.ContextCallback, object)
:: [19] void System.Runtime.CompilerServices.AsyncTaskMethodBuilder`1+AsyncStateMachineBox`1.MoveNext(System.Threading.Thread)
:: [20] void System.Threading.Tasks.AwaitTaskContinuation.RunCallback(System.Threading.ContextCallback, object, System.Threading.Tasks.Task&amp;)
:: [21] void System.Threading.Tasks.Task.RunContinuations(object)
:: [22] void System.Runtime.CompilerServices.AsyncTaskMethodBuilder.SetResult()
:: [23] void GdUnit4.Core.Execution.BeforeTestExecutionStage+&lt;Execute&gt;d__1.MoveNext()
:: [24] void System.Threading.ExecutionContext.RunInternal(System.Threading.ExecutionContext, System.Threading.ContextCallback, object)
:: [25] void System.Runtime.CompilerServices.AsyncTaskMethodBuilder`1+AsyncStateMachineBox`1.MoveNext(System.Threading.Thread)
:: [26] void System.Threading.Tasks.AwaitTaskContinuation.RunCallback(System.Threading.ContextCallback, object, System.Threading.Tasks.Task&amp;)
:: [27] void System.Threading.Tasks.Task.RunContinuations(object)
:: [28] void System.Runtime.CompilerServices.AsyncTaskMethodBuilder.SetResult()
:: [29] void GdUnit4.Core.Execution.ExecutionStage`1+&lt;Execute&gt;d__30.MoveNext()
:: [30] void System.Threading.ExecutionContext.RunInternal(System.Threading.ExecutionContext, System.Threading.ContextCallback, object)
:: [31] void System.Runtime.CompilerServices.AsyncTaskMethodBuilder`1+AsyncStateMachineBox`1.MoveNext(System.Threading.Thread)
:: [32] void Godot.GodotSynchronizationContext.ExecutePendingContinuations() (/root/godot/modules/mono/glue/GodotSharp/GodotSharp/Core/GodotSynchronizationContext.cs:51)
:: [33] void Godot.GodotTaskScheduler.Activate() (/root/godot/modules/mono/glue/GodotSharp/GodotSharp/Core/GodotTaskScheduler.cs:76)
:: [34] void Godot.Bridge.ScriptManagerBridge.FrameCallback() (/root/godot/modules/mono/glue/GodotSharp/GodotSharp/Core/Bridge/ScriptManagerBridge.cs:84)
:: ERROR: Parameter "data.tree" is null.
:: at: get_tree (scene/main/node.h:546)
:: C# backtrace (most recent call first):
:: [0] Godot.GodotObject Godot.NativeCalls.godot_icall_0_41(nint, nint) (/root/godot/modules/mono/glue/GodotSharp/GodotSharp/Generated/NativeCalls.cs:375)
:: [1] Godot.SceneTree Godot.Node.GetTree() (/root/godot/modules/mono/glue/GodotSharp/GodotSharp/Generated/GodotObjects/Node.cs:1840)
:: [2] void OmegaSpiral.Source.Ui.Menus.PauseMenu.HidePauseMenu() (/home/adam/Dev/omega-spiral/chapter-zero/source/ui/menus/PauseMenu.cs:137)
:: [3] void OmegaSpiral.Tests.Integration.Ui.PauseMenuTests.PauseMenu_CanShowAndHide() (/home/adam/Dev/omega-spiral/chapter-zero/tests/integration/ui/PauseMenuTests.cs:102)
:: [4] void System.RuntimeMethodHandle.InvokeMethod(System.Runtime.CompilerServices.ObjectHandleOnStack, System.Void**, System.Runtime.CompilerServices.ObjectHandleOnStack, Interop+BOOL, System.Runtime.CompilerServices.ObjectHandleOnStack)
:: [5] void System.RuntimeMethodHandle.InvokeMethod(System.Runtime.CompilerServices.ObjectHandleOnStack, System.Void**, System.Runtime.CompilerServices.ObjectHandleOnStack, Interop+BOOL, System.Runtime.CompilerServices.ObjectHandleOnStack)
:: [6] object System.Reflection.MethodBaseInvoker.InterpretedInvoke_Method(object, System.IntPtr*)
:: [7] object System.Reflection.RuntimeMethodInfo.Invoke(object, System.Reflection.BindingFlags, System.Reflection.Binder, System.Object[], System.Globalization.CultureInfo)
:: [8] void GdUnit4.Core.Execution.ExecutionStage`1+&lt;ExecuteStage&gt;d__37.MoveNext()
:: [9] void System.Runtime.CompilerServices.AsyncTaskMethodBuilder.Start&lt;TStateMachine&gt;(TStateMachine&amp;)
:: [10] System.Threading.Tasks.Task GdUnit4.Core.Execution.ExecutionStage`1.ExecuteStage(GdUnit4.Core.Execution.ExecutionContext)
:: [11] void GdUnit4.Core.Execution.ExecutionStage`1+&lt;Execute&gt;d__30.MoveNext()
:: [12] void System.Runtime.CompilerServices.AsyncTaskMethodBuilder.Start&lt;TStateMachine&gt;(TStateMachine&amp;)
:: [13] System.Threading.Tasks.Task GdUnit4.Core.Execution.ExecutionStage`1.Execute(GdUnit4.Core.Execution.ExecutionContext)
:: [14] System.Threading.Tasks.Task GdUnit4.Core.Execution.TestCaseExecutionStage.&lt;&gt;n__0(GdUnit4.Core.Execution.ExecutionContext)
:: [15] void GdUnit4.Core.Execution.TestCaseExecutionStage+&lt;Execute&gt;d__1.MoveNext()
:: [16] void System.Runtime.CompilerServices.AsyncTaskMethodBuilder.Start&lt;TStateMachine&gt;(TStateMachine&amp;)
:: [17] System.Threading.Tasks.Task GdUnit4.Core.Execution.TestCaseExecutionStage.Execute(GdUnit4.Core.Execution.ExecutionContext)
:: [18] void GdUnit4.Core.Execution.TestSuiteExecutionStage+&lt;RunTestCase&gt;d__15.MoveNext()
:: [19] void System.Threading.ExecutionContext.RunInternal(System.Threading.ExecutionContext, System.Threading.ContextCallback, object)
:: [20] void System.Runtime.CompilerServices.AsyncTaskMethodBuilder`1+AsyncStateMachineBox`1.MoveNext(System.Threading.Thread)
:: [21] void System.Threading.Tasks.AwaitTaskContinuation.RunCallback(System.Threading.ContextCallback, object, System.Threading.Tasks.Task&amp;)
:: [22] void System.Threading.Tasks.Task.RunContinuations(object)
:: [23] void System.Runtime.CompilerServices.AsyncTaskMethodBuilder.SetResult()
:: [24] void GdUnit4.Core.Execution.BeforeTestExecutionStage+&lt;Execute&gt;d__1.MoveNext()
:: [25] void System.Threading.ExecutionContext.RunInternal(System.Threading.ExecutionContext, System.Threading.ContextCallback, object)
:: [26] void System.Runtime.CompilerServices.AsyncTaskMethodBuilder`1+AsyncStateMachineBox`1.MoveNext(System.Threading.Thread)
:: [27] void System.Threading.Tasks.AwaitTaskContinuation.RunCallback(System.Threading.ContextCallback, object, System.Threading.Tasks.Task&amp;)
:: [28] void System.Threading.Tasks.Task.RunContinuations(object)
:: [29] void System.Runtime.CompilerServices.AsyncTaskMethodBuilder.SetResult()
:: [30] void GdUnit4.Core.Execution.ExecutionStage`1+&lt;Execute&gt;d__30.MoveNext()
:: [31] void System.Threading.ExecutionContext.RunInternal(System.Threading.ExecutionContext, System.Threading.ContextCallback, object)
:: [32] void System.Runtime.CompilerServices.AsyncTaskMethodBuilder`1+AsyncStateMachineBox`1.MoveNext(System.Threading.Thread)
:: [33] void Godot.GodotSynchronizationContext.ExecutePendingContinuations() (/root/godot/modules/mono/glue/GodotSharp/GodotSharp/Core/GodotSynchronizationContext.cs:51)
:: [34] void Godot.GodotTaskScheduler.Activate() (/root/godot/modules/mono/glue/GodotSharp/GodotSharp/Core/GodotTaskScheduler.cs:76)
:: [35] void Godot.Bridge.ScriptManagerBridge.FrameCallback() (/root/godot/modules/mono/glue/GodotSharp/GodotSharp/Core/Bridge/ScriptManagerBridge.cs:84)
:: ERROR: Parameter "data.tree" is null.
:: at: get_tree (scene/main/node.h:546)
:: C# backtrace (most recent call first):
:: [0] Godot.GodotObject Godot.NativeCalls.godot_icall_0_41(nint, nint) (/root/godot/modules/mono/glue/GodotSharp/GodotSharp/Generated/NativeCalls.cs:375)
:: [1] Godot.SceneTree Godot.Node.GetTree() (/root/godot/modules/mono/glue/GodotSharp/GodotSharp/Generated/GodotObjects/Node.cs:1840)
:: [2] void OmegaSpiral.Source.Ui.Menus.PauseMenu.ShowPauseMenu() (/home/adam/Dev/omega-spiral/chapter-zero/source/ui/menus/PauseMenu.cs:123)
:: [3] void OmegaSpiral.Tests.Integration.Ui.PauseMenuTests.PauseMenu_CanShowAndHide() (/home/adam/Dev/omega-spiral/chapter-zero/tests/integration/ui/PauseMenuTests.cs:105)
:: [4] void System.RuntimeMethodHandle.InvokeMethod(System.Runtime.CompilerServices.ObjectHandleOnStack, System.Void**, System.Runtime.CompilerServices.ObjectHandleOnStack, Interop+BOOL, System.Runtime.CompilerServices.ObjectHandleOnStack)
:: [5] void System.RuntimeMethodHandle.InvokeMethod(System.Runtime.CompilerServices.ObjectHandleOnStack, System.Void**, System.Runtime.CompilerServices.ObjectHandleOnStack, Interop+BOOL, System.Runtime.CompilerServices.ObjectHandleOnStack)
:: [6] object System.Reflection.MethodBaseInvoker.InterpretedInvoke_Method(object, System.IntPtr*)
:: [7] object System.Reflection.RuntimeMethodInfo.Invoke(object, System.Reflection.BindingFlags, System.Reflection.Binder, System.Object[], System.Globalization.CultureInfo)
:: [8] void GdUnit4.Core.Execution.ExecutionStage`1+&lt;ExecuteStage&gt;d__37.MoveNext()
:: [9] void System.Runtime.CompilerServices.AsyncTaskMethodBuilder.Start&lt;TStateMachine&gt;(TStateMachine&amp;)
:: [10] System.Threading.Tasks.Task GdUnit4.Core.Execution.ExecutionStage`1.ExecuteStage(GdUnit4.Core.Execution.ExecutionContext)
:: [11] void GdUnit4.Core.Execution.ExecutionStage`1+&lt;Execute&gt;d__30.MoveNext()
:: [12] void System.Runtime.CompilerServices.AsyncTaskMethodBuilder.Start&lt;TStateMachine&gt;(TStateMachine&amp;)
:: [13] System.Threading.Tasks.Task GdUnit4.Core.Execution.ExecutionStage`1.Execute(GdUnit4.Core.Execution.ExecutionContext)
:: [14] System.Threading.Tasks.Task GdUnit4.Core.Execution.TestCaseExecutionStage.&lt;&gt;n__0(GdUnit4.Core.Execution.ExecutionContext)
:: [15] void GdUnit4.Core.Execution.TestCaseExecutionStage+&lt;Execute&gt;d__1.MoveNext()
:: [16] void System.Runtime.CompilerServices.AsyncTaskMethodBuilder.Start&lt;TStateMachine&gt;(TStateMachine&amp;)
:: [17] System.Threading.Tasks.Task GdUnit4.Core.Execution.TestCaseExecutionStage.Execute(GdUnit4.Core.Execution.ExecutionContext)
:: [18] void GdUnit4.Core.Execution.TestSuiteExecutionStage+&lt;RunTestCase&gt;d__15.MoveNext()
:: [19] void System.Threading.ExecutionContext.RunInternal(System.Threading.ExecutionContext, System.Threading.ContextCallback, object)
:: [20] void System.Runtime.CompilerServices.AsyncTaskMethodBuilder`1+AsyncStateMachineBox`1.MoveNext(System.Threading.Thread)
:: [21] void System.Threading.Tasks.AwaitTaskContinuation.RunCallback(System.Threading.ContextCallback, object, System.Threading.Tasks.Task&amp;)
:: [22] void System.Threading.Tasks.Task.RunContinuations(object)
:: [23] void System.Runtime.CompilerServices.AsyncTaskMethodBuilder.SetResult()
:: [24] void GdUnit4.Core.Execution.BeforeTestExecutionStage+&lt;Execute&gt;d__1.MoveNext()
:: [25] void System.Threading.ExecutionContext.RunInternal(System.Threading.ExecutionContext, System.Threading.ContextCallback, object)
:: [26] void System.Runtime.CompilerServices.AsyncTaskMethodBuilder`1+AsyncStateMachineBox`1.MoveNext(System.Threading.Thread)
:: [27] void System.Threading.Tasks.AwaitTaskContinuation.RunCallback(System.Threading.ContextCallback, object, System.Threading.Tasks.Task&amp;)
:: [28] void System.Threading.Tasks.Task.RunContinuations(object)
:: [29] void System.Runtime.CompilerServices.AsyncTaskMethodBuilder.SetResult()
:: [30] void GdUnit4.Core.Execution.ExecutionStage`1+&lt;Execute&gt;d__30.MoveNext()
:: [31] void System.Threading.ExecutionContext.RunInternal(System.Threading.ExecutionContext, System.Threading.ContextCallback, object)
:: [32] void System.Runtime.CompilerServices.AsyncTaskMethodBuilder`1+AsyncStateMachineBox`1.MoveNext(System.Threading.Thread)
:: [33] void Godot.GodotSynchronizationContext.ExecutePendingContinuations() (/root/godot/modules/mono/glue/GodotSharp/GodotSharp/Core/GodotSynchronizationContext.cs:51)
:: [34] void Godot.GodotTaskScheduler.Activate() (/root/godot/modules/mono/glue/GodotSharp/GodotSharp/Core/GodotTaskScheduler.cs:76)
:: [35] void Godot.Bridge.ScriptManagerBridge.FrameCallback() (/root/godot/modules/mono/glue/GodotSharp/GodotSharp/Core/Bridge/ScriptManagerBridge.cs:84)
    Player name set to: TestPlayer
    Dreamweaver thread set to: hero
    Updated current scene to: 2
    Player name set to: NewPlayer
    Dreamweaver thread set to: shadow
    Updated current scene to: 3
    Validating transition to: res://source/ui/menus/main_menu.tscn
:: WARNING: 45 RIDs of type "CanvasItem" were leaked.
:: at: _free_rids (servers/rendering/renderer_canvas_cull.cpp:2692)
:: ERROR: 1 RID allocations of type 'PN13RendererDummy14TextureStorage12DummyTextureE' were leaked at exit.
:: ERROR: 1 RID allocations of type 'N13RendererDummy15MaterialStorage13DummyMaterialE' were leaked at exit.
:: ERROR: 1 RID allocations of type 'N13RendererDummy15MaterialStorage11DummyShaderE' were leaked at exit.
:: ERROR: 74 RID allocations of type 'PN18TextServerAdvanced22ShapedTextDataAdvancedE' were leaked at exit.
:: ERROR: 1 RID allocations of type 'PN18TextServerAdvanced12FontAdvancedE' were leaked at exit.
:: WARNING: ObjectDB instances leaked at exit (run with --verbose for details).
:: at: cleanup (core/object/object.cpp:2570)
:: ERROR: 28 resources still in use at exit (run with --verbose for details).
:: at: clear (core/io/resource.cpp:801)
GdUnit4 Godot Runtime Test Runner ends with exit code: 0

======== Running GdUnit4 Default Test Runner ========
Completed tests for assembly: /home/adam/Dev/omega-spiral/chapter-zero/.godot/mono/temp/bin/Debug/chapter-zero.dll
Test execution stopped.
</StdOut>
    </Output>
    <RunInfos>
      <RunInfo computerName="omega" outcome="Error" timestamp="2025-10-26T22:27:54.8569056-04:00">
        <Text>Expecting be NOT &lt;Null&gt;:</Text>
      </RunInfo>
      <RunInfo computerName="omega" outcome="Error" timestamp="2025-10-26T22:27:54.8569263-04:00">
        <Text>Expecting be NOT &lt;Null&gt;:</Text>
      </RunInfo>
      <RunInfo computerName="omega" outcome="Error" timestamp="2025-10-26T22:27:54.8569311-04:00">
        <Text>Expecting be NOT &lt;Null&gt;:</Text>
      </RunInfo>
      <RunInfo computerName="omega" outcome="Error" timestamp="2025-10-26T22:27:54.8616954-04:00">
        <Text>Expecting be NOT &lt;Null&gt;:</Text>
      </RunInfo>
      <RunInfo computerName="omega" outcome="Error" timestamp="2025-10-26T22:27:54.8617052-04:00">
        <Text>Expecting be NOT &lt;Null&gt;:</Text>
      </RunInfo>
      <RunInfo computerName="omega" outcome="Error" timestamp="2025-10-26T22:27:54.8617107-04:00">
        <Text>Expecting be NOT &lt;Null&gt;:</Text>
      </RunInfo>
      <RunInfo computerName="omega" outcome="Error" timestamp="2025-10-26T22:27:54.8617150-04:00">
        <Text>Expecting be NOT &lt;Null&gt;:</Text>
      </RunInfo>
      <RunInfo computerName="omega" outcome="Error" timestamp="2025-10-26T22:27:54.9402308-04:00">
        <Text>Expecting be NOT &lt;Null&gt;:</Text>
      </RunInfo>
      <RunInfo computerName="omega" outcome="Warning" timestamp="2025-10-26T22:27:54.9412351-04:00">
        <Text>Warning:
    Detected &lt;1&gt; orphan nodes during test execution!</Text>
      </RunInfo>
      <RunInfo computerName="omega" outcome="Error" timestamp="2025-10-26T22:27:54.9412535-04:00">
        <Text>Expecting: 'True' but is 'False'</Text>
      </RunInfo>
      <RunInfo computerName="omega" outcome="Warning" timestamp="2025-10-26T22:27:54.9416481-04:00">
        <Text>Warning:
    Detected &lt;2&gt; orphan nodes during test execution!</Text>
      </RunInfo>
      <RunInfo computerName="omega" outcome="Error" timestamp="2025-10-26T22:27:54.9416553-04:00">
        <Text>Expecting be equal:
    &lt;Godot.Button&gt; (objId: 65447921422) but is &lt;Null&gt;</Text>
      </RunInfo>
      <RunInfo computerName="omega" outcome="Warning" timestamp="2025-10-26T22:27:54.9430056-04:00">
        <Text>Warning:
    Detected &lt;1&gt; orphan nodes during test execution!</Text>
      </RunInfo>
      <RunInfo computerName="omega" outcome="Warning" timestamp="2025-10-26T22:27:54.9628996-04:00">
        <Text>Warning:
    Detected &lt;1&gt; orphan nodes during test execution!</Text>
      </RunInfo>
      <RunInfo computerName="omega" outcome="Error" timestamp="2025-10-26T22:27:54.9629226-04:00">
        <Text>Expecting: 'True' but is 'False'</Text>
      </RunInfo>
      <RunInfo computerName="omega" outcome="Warning" timestamp="2025-10-26T22:27:54.9852263-04:00">
        <Text>Warning:
    Detected &lt;2&gt; orphan nodes during test execution!</Text>
      </RunInfo>
      <RunInfo computerName="omega" outcome="Error" timestamp="2025-10-26T22:27:54.9858370-04:00">
        <Text>Expecting: 'True' but is 'False'</Text>
      </RunInfo>
      <RunInfo computerName="omega" outcome="Error" timestamp="2025-10-26T22:27:55.0058822-04:00">
        <Text>Expecting: 'False' but is 'True'</Text>
      </RunInfo>
      <RunInfo computerName="omega" outcome="Error" timestamp="2025-10-26T22:27:56.0851520-04:00">
        <Text>Expecting do emitting signal:
    "AffinityScoreUpdated(&lt;Empty&gt;)"
 by
    &lt;OmegaSpiral.Source.Scripts.GameStateSignals&gt; (objId: 66219673341)</Text>
      </RunInfo>
      <RunInfo computerName="omega" outcome="Error" timestamp="2025-10-26T22:27:57.1417946-04:00">
        <Text>Expecting do emitting signal:
    "PlayerProgressionChanged(&lt;Empty&gt;)"
 by
    &lt;OmegaSpiral.Source.Scripts.GameStateSignals&gt; (objId: 66353891069)</Text>
      </RunInfo>
      <RunInfo computerName="omega" outcome="Error" timestamp="2025-10-26T22:27:58.1966411-04:00">
        <Text>Expecting do emitting signal:
    "InventoryUpdated(&lt;Empty&gt;)"
 by
    &lt;OmegaSpiral.Source.Scripts.GameStateSignals&gt; (objId: 66488108797)</Text>
      </RunInfo>
      <RunInfo computerName="omega" outcome="Error" timestamp="2025-10-26T22:27:59.2467855-04:00">
        <Text>Expecting do emitting signal:
    "CharacterPartyChanged(&lt;Empty&gt;)"
 by
    &lt;OmegaSpiral.Source.Scripts.GameStateSignals&gt; (objId: 66622326525)</Text>
      </RunInfo>
      <RunInfo computerName="omega" outcome="Error" timestamp="2025-10-26T22:28:00.3015690-04:00">
        <Text>Expecting do emitting signal:
    "DreamweaverInfluenceChanged(&lt;Empty&gt;)"
 by
    &lt;OmegaSpiral.Source.Scripts.GameStateSignals&gt; (objId: 66756544253)</Text>
      </RunInfo>
      <RunInfo computerName="omega" outcome="Warning" timestamp="2025-10-26T22:28:00.8589912-04:00">
        <Text>Warning:
    Detected &lt;2&gt; orphan nodes during test execution!</Text>
      </RunInfo>
      <RunInfo computerName="omega" outcome="Warning" timestamp="2025-10-26T22:28:01.4794420-04:00">
        <Text>Warning:
    Detected &lt;2&gt; orphan nodes during test execution!</Text>
      </RunInfo>
      <RunInfo computerName="omega" outcome="Warning" timestamp="2025-10-26T22:28:01.4855038-04:00">
        <Text>Warning:
    Detected &lt;1&gt; orphan nodes during test suite setup stage!
    Check Setup:32 and Cleanup:57 for unfreed instances!</Text>
      </RunInfo>
      <RunInfo computerName="omega" outcome="Warning" timestamp="2025-10-26T22:28:01.4867890-04:00">
        <Text>Warning:
    Detected &lt;1&gt; orphan nodes during test suite setup stage!
    Check Setup:32 and Cleanup:57 for unfreed instances!</Text>
      </RunInfo>
      <RunInfo computerName="omega" outcome="Warning" timestamp="2025-10-26T22:28:01.4881779-04:00">
        <Text>Warning:
    Detected &lt;1&gt; orphan nodes during test suite setup stage!
    Check Setup:32 and Cleanup:57 for unfreed instances!</Text>
      </RunInfo>
      <RunInfo computerName="omega" outcome="Warning" timestamp="2025-10-26T22:28:01.4882549-04:00">
        <Text>Warning:
    Detected &lt;1&gt; orphan nodes during test suite setup stage!
    Check Setup:32 and Cleanup:57 for unfreed instances!</Text>
      </RunInfo>
      <RunInfo computerName="omega" outcome="Warning" timestamp="2025-10-26T22:28:01.4882652-04:00">
        <Text>Warning:
    Detected &lt;1&gt; orphan nodes during test suite setup stage!
    Check Setup:32 and Cleanup:57 for unfreed instances!</Text>
      </RunInfo>
      <RunInfo computerName="omega" outcome="Error" timestamp="2025-10-26T22:28:01.5072009-04:00">
        <Text>Expecting be NOT &lt;Null&gt;:</Text>
      </RunInfo>
      <RunInfo computerName="omega" outcome="Error" timestamp="2025-10-26T22:28:01.5072087-04:00">
        <Text>Expecting be NOT &lt;Null&gt;:</Text>
      </RunInfo>
      <RunInfo computerName="omega" outcome="Error" timestamp="2025-10-26T22:28:01.5080482-04:00">
        <Text>Expecting be NOT &lt;Null&gt;:</Text>
      </RunInfo>
      <RunInfo computerName="omega" outcome="Error" timestamp="2025-10-26T22:28:01.5128118-04:00">
        <Text>Expecting be NOT &lt;Null&gt;:</Text>
      </RunInfo>
      <RunInfo computerName="omega" outcome="Error" timestamp="2025-10-26T22:28:01.5129861-04:00">
        <Text>Expecting be NOT &lt;Null&gt;:</Text>
      </RunInfo>
      <RunInfo computerName="omega" outcome="Error" timestamp="2025-10-26T22:28:01.5133360-04:00">
        <Text>Expecting be NOT &lt;Null&gt;:</Text>
      </RunInfo>
      <RunInfo computerName="omega" outcome="Error" timestamp="2025-10-26T22:28:01.5133907-04:00">
        <Text>Expecting be NOT &lt;Null&gt;:</Text>
      </RunInfo>
      <RunInfo computerName="omega" outcome="Error" timestamp="2025-10-26T22:28:01.5133996-04:00">
        <Text>Expecting be NOT &lt;Null&gt;:</Text>
      </RunInfo>
      <RunInfo computerName="omega" outcome="Error" timestamp="2025-10-26T22:28:01.5134038-04:00">
        <Text>Expecting be NOT &lt;Null&gt;:</Text>
      </RunInfo>
      <RunInfo computerName="omega" outcome="Error" timestamp="2025-10-26T22:28:01.5142331-04:00">
        <Text>Expecting be NOT &lt;Null&gt;:</Text>
      </RunInfo>
      <RunInfo computerName="omega" outcome="Error" timestamp="2025-10-26T22:28:01.5149923-04:00">
        <Text>Expecting be NOT &lt;Null&gt;:</Text>
      </RunInfo>
      <RunInfo computerName="omega" outcome="Error" timestamp="2025-10-26T22:28:01.5150172-04:00">
        <Text>Expecting be NOT &lt;Null&gt;:</Text>
      </RunInfo>
      <RunInfo computerName="omega" outcome="Error" timestamp="2025-10-26T22:28:01.5811947-04:00">
        <Text>Expecting be NOT &lt;Null&gt;:</Text>
      </RunInfo>
      <RunInfo computerName="omega" outcome="Error" timestamp="2025-10-26T22:28:01.6057185-04:00">
        <Text>Expecting be NOT &lt;Null&gt;:</Text>
      </RunInfo>
      <RunInfo computerName="omega" outcome="Error" timestamp="2025-10-26T22:28:01.6158406-04:00">
        <Text>Expecting be NOT &lt;Null&gt;:</Text>
      </RunInfo>
      <RunInfo computerName="omega" outcome="Error" timestamp="2025-10-26T22:28:01.6374700-04:00">
        <Text>Expecting be NOT &lt;Null&gt;:</Text>
      </RunInfo>
      <RunInfo computerName="omega" outcome="Error" timestamp="2025-10-26T22:28:01.6524131-04:00">
        <Text>Expecting be NOT &lt;Null&gt;:</Text>
      </RunInfo>
      <RunInfo computerName="omega" outcome="Error" timestamp="2025-10-26T22:28:01.6780242-04:00">
        <Text>Expecting be NOT &lt;Null&gt;:</Text>
      </RunInfo>
      <RunInfo computerName="omega" outcome="Error" timestamp="2025-10-26T22:28:01.7080804-04:00">
        <Text>Expecting be NOT &lt;Null&gt;:</Text>
      </RunInfo>
      <RunInfo computerName="omega" outcome="Error" timestamp="2025-10-26T22:28:01.7349119-04:00">
        <Text>Expecting be NOT &lt;Null&gt;:</Text>
      </RunInfo>
      <RunInfo computerName="omega" outcome="Error" timestamp="2025-10-26T22:28:01.7782044-04:00">
        <Text>Expecting be NOT &lt;Null&gt;:</Text>
      </RunInfo>
      <RunInfo computerName="omega" outcome="Error" timestamp="2025-10-26T22:28:01.7816141-04:00">
        <Text>Expecting be NOT &lt;Null&gt;:</Text>
      </RunInfo>
      <RunInfo computerName="omega" outcome="Error" timestamp="2025-10-26T22:28:01.7816267-04:00">
        <Text>Expecting be NOT &lt;Null&gt;:</Text>
      </RunInfo>
      <RunInfo computerName="omega" outcome="Error" timestamp="2025-10-26T22:28:01.7816310-04:00">
        <Text>Expecting be NOT &lt;Null&gt;:</Text>
      </RunInfo>
      <RunInfo computerName="omega" outcome="Error" timestamp="2025-10-26T22:28:01.7816376-04:00">
        <Text>Expecting be NOT &lt;Null&gt;:</Text>
      </RunInfo>
      <RunInfo computerName="omega" outcome="Error" timestamp="2025-10-26T22:28:01.7816422-04:00">
        <Text>Expecting be NOT &lt;Null&gt;:</Text>
      </RunInfo>
      <RunInfo computerName="omega" outcome="Error" timestamp="2025-10-26T22:28:01.7840230-04:00">
        <Text>Expecting be NOT &lt;Null&gt;:</Text>
      </RunInfo>
      <RunInfo computerName="omega" outcome="Error" timestamp="2025-10-26T22:28:01.8281952-04:00">
        <Text>Expecting be NOT &lt;Null&gt;:</Text>
      </RunInfo>
      <RunInfo computerName="omega" outcome="Error" timestamp="2025-10-26T22:28:01.8643907-04:00">
        <Text>Expecting to be greater than:
    '5' but is '0'</Text>
      </RunInfo>
      <RunInfo computerName="omega" outcome="Error" timestamp="2025-10-26T22:28:01.9145962-04:00">
        <Text>Expecting be NOT &lt;Null&gt;:</Text>
      </RunInfo>
      <RunInfo computerName="omega" outcome="Error" timestamp="2025-10-26T22:28:01.9287104-04:00">
        <Text>Expecting to be greater than:
    '0' but is '0'</Text>
      </RunInfo>
      <RunInfo computerName="omega" outcome="Error" timestamp="2025-10-26T22:28:02.0781697-04:00">
        <Text>Expecting to be greater than or equal:
    '8' but is '6'</Text>
      </RunInfo>
      <RunInfo computerName="omega" outcome="Error" timestamp="2025-10-26T22:28:02.1144161-04:00">
        <Text>Expecting be equal:
    '8' but is '6'</Text>
      </RunInfo>
      <RunInfo computerName="omega" outcome="Error" timestamp="2025-10-26T22:28:02.1886088-04:00">
        <Text>Expecting be NOT &lt;Null&gt;:</Text>
      </RunInfo>
      <RunInfo computerName="omega" outcome="Error" timestamp="2025-10-26T22:28:02.2104515-04:00">
        <Text>Expecting be NOT &lt;Null&gt;:</Text>
      </RunInfo>
      <RunInfo computerName="omega" outcome="Error" timestamp="2025-10-26T22:28:02.2538899-04:00">
        <Text>Sequence contains no matching element</Text>
      </RunInfo>
      <RunInfo computerName="omega" outcome="Error" timestamp="2025-10-26T22:28:02.2685010-04:00">
        <Text>Sequence contains no matching element</Text>
      </RunInfo>
      <RunInfo computerName="omega" outcome="Error" timestamp="2025-10-26T22:28:02.4630978-04:00">
        <Text>Expecting be NOT &lt;Null&gt;:</Text>
      </RunInfo>
      <RunInfo computerName="omega" outcome="Error" timestamp="2025-10-26T22:28:02.4840109-04:00">
        <Text>Expecting be NOT &lt;Null&gt;:</Text>
      </RunInfo>
      <RunInfo computerName="omega" outcome="Error" timestamp="2025-10-26T22:28:02.5048990-04:00">
        <Text>Expecting be NOT &lt;Null&gt;:</Text>
      </RunInfo>
      <RunInfo computerName="omega" outcome="Error" timestamp="2025-10-26T22:28:02.5251817-04:00">
        <Text>Expecting be NOT &lt;Null&gt;:</Text>
      </RunInfo>
      <RunInfo computerName="omega" outcome="Error" timestamp="2025-10-26T22:28:02.5559400-04:00">
        <Text>Expecting be NOT &lt;Null&gt;:</Text>
      </RunInfo>
      <RunInfo computerName="omega" outcome="Warning" timestamp="2025-10-26T22:28:02.5625585-04:00">
        <Text>Warning:
    Detected &lt;38&gt; orphan nodes during test suite setup stage!
    Check Setup:28 and Cleanup:36 for unfreed instances!</Text>
      </RunInfo>
      <RunInfo computerName="omega" outcome="Warning" timestamp="2025-10-26T22:28:02.5625687-04:00">
        <Text>Warning:
    Detected &lt;38&gt; orphan nodes during test suite setup stage!
    Check Setup:28 and Cleanup:36 for unfreed instances!</Text>
      </RunInfo>
      <RunInfo computerName="omega" outcome="Warning" timestamp="2025-10-26T22:28:02.5625733-04:00">
        <Text>Warning:
    Detected &lt;38&gt; orphan nodes during test suite setup stage!
    Check Setup:28 and Cleanup:36 for unfreed instances!</Text>
      </RunInfo>
      <RunInfo computerName="omega" outcome="Warning" timestamp="2025-10-26T22:28:02.5660513-04:00">
        <Text>Warning:
    Detected &lt;38&gt; orphan nodes during test suite setup stage!
    Check Setup:28 and Cleanup:36 for unfreed instances!</Text>
      </RunInfo>
      <RunInfo computerName="omega" outcome="Warning" timestamp="2025-10-26T22:28:02.5676885-04:00">
        <Text>Warning:
    Detected &lt;38&gt; orphan nodes during test suite setup stage!
    Check Setup:28 and Cleanup:36 for unfreed instances!</Text>
      </RunInfo>
      <RunInfo computerName="omega" outcome="Warning" timestamp="2025-10-26T22:28:02.5701890-04:00">
        <Text>Warning:
    Detected &lt;38&gt; orphan nodes during test suite setup stage!
    Check Setup:28 and Cleanup:36 for unfreed instances!</Text>
      </RunInfo>
      <RunInfo computerName="omega" outcome="Warning" timestamp="2025-10-26T22:28:02.5759195-04:00">
        <Text>Warning:
    Detected &lt;38&gt; orphan nodes during test suite setup stage!
    Check Setup:28 and Cleanup:36 for unfreed instances!</Text>
      </RunInfo>
      <RunInfo computerName="omega" outcome="Warning" timestamp="2025-10-26T22:28:02.5759288-04:00">
        <Text>Warning:
    Detected &lt;38&gt; orphan nodes during test suite setup stage!
    Check Setup:28 and Cleanup:36 for unfreed instances!</Text>
      </RunInfo>
      <RunInfo computerName="omega" outcome="Warning" timestamp="2025-10-26T22:28:02.5759332-04:00">
        <Text>Warning:
    Detected &lt;38&gt; orphan nodes during test suite setup stage!
    Check Setup:28 and Cleanup:36 for unfreed instances!</Text>
      </RunInfo>
      <RunInfo computerName="omega" outcome="Warning" timestamp="2025-10-26T22:28:02.5759373-04:00">
        <Text>Warning:
    Detected &lt;38&gt; orphan nodes during test suite setup stage!
    Check Setup:28 and Cleanup:36 for unfreed instances!</Text>
      </RunInfo>
      <RunInfo computerName="omega" outcome="Warning" timestamp="2025-10-26T22:28:02.5759454-04:00">
        <Text>Warning:
    Detected &lt;38&gt; orphan nodes during test suite setup stage!
    Check Setup:28 and Cleanup:36 for unfreed instances!</Text>
      </RunInfo>
      <RunInfo computerName="omega" outcome="Warning" timestamp="2025-10-26T22:28:02.5759498-04:00">
        <Text>Warning:
    Detected &lt;38&gt; orphan nodes during test suite setup stage!
    Check Setup:28 and Cleanup:36 for unfreed instances!</Text>
      </RunInfo>
      <RunInfo computerName="omega" outcome="Warning" timestamp="2025-10-26T22:28:02.5763965-04:00">
        <Text>Warning:
    Detected &lt;38&gt; orphan nodes during test suite setup stage!
    Check Setup:28 and Cleanup:36 for unfreed instances!</Text>
      </RunInfo>
      <RunInfo computerName="omega" outcome="Warning" timestamp="2025-10-26T22:28:02.5820321-04:00">
        <Text>Warning:
    Detected &lt;38&gt; orphan nodes during test suite setup stage!
    Check Setup:28 and Cleanup:36 for unfreed instances!</Text>
      </RunInfo>
      <RunInfo computerName="omega" outcome="Warning" timestamp="2025-10-26T22:28:02.5820417-04:00">
        <Text>Warning:
    Detected &lt;38&gt; orphan nodes during test suite setup stage!
    Check Setup:28 and Cleanup:36 for unfreed instances!</Text>
      </RunInfo>
      <RunInfo computerName="omega" outcome="Warning" timestamp="2025-10-26T22:28:02.5820460-04:00">
        <Text>Warning:
    Detected &lt;38&gt; orphan nodes during test suite setup stage!
    Check Setup:28 and Cleanup:36 for unfreed instances!</Text>
      </RunInfo>
      <RunInfo computerName="omega" outcome="Warning" timestamp="2025-10-26T22:28:02.5820511-04:00">
        <Text>Warning:
    Detected &lt;38&gt; orphan nodes during test suite setup stage!
    Check Setup:28 and Cleanup:36 for unfreed instances!</Text>
      </RunInfo>
      <RunInfo computerName="omega" outcome="Warning" timestamp="2025-10-26T22:28:02.5820554-04:00">
        <Text>Warning:
    Detected &lt;38&gt; orphan nodes during test suite setup stage!
    Check Setup:28 and Cleanup:36 for unfreed instances!</Text>
      </RunInfo>
      <RunInfo computerName="omega" outcome="Warning" timestamp="2025-10-26T22:28:02.5823317-04:00">
        <Text>Warning:
    Detected &lt;38&gt; orphan nodes during test suite setup stage!
    Check Setup:28 and Cleanup:36 for unfreed instances!</Text>
      </RunInfo>
      <RunInfo computerName="omega" outcome="Warning" timestamp="2025-10-26T22:28:02.5827116-04:00">
        <Text>Warning:
    Detected &lt;38&gt; orphan nodes during test suite setup stage!
    Check Setup:28 and Cleanup:36 for unfreed instances!</Text>
      </RunInfo>
      <RunInfo computerName="omega" outcome="Warning" timestamp="2025-10-26T22:28:02.5830778-04:00">
        <Text>Warning:
    Detected &lt;38&gt; orphan nodes during test suite setup stage!
    Check Setup:28 and Cleanup:36 for unfreed instances!</Text>
      </RunInfo>
      <RunInfo computerName="omega" outcome="Warning" timestamp="2025-10-26T22:28:02.5866773-04:00">
        <Text>Warning:
    Detected &lt;38&gt; orphan nodes during test suite setup stage!
    Check Setup:28 and Cleanup:36 for unfreed instances!</Text>
      </RunInfo>
      <RunInfo computerName="omega" outcome="Warning" timestamp="2025-10-26T22:28:02.5961367-04:00">
        <Text>Warning:
    Detected &lt;38&gt; orphan nodes during test suite setup stage!
    Check Setup:28 and Cleanup:36 for unfreed instances!</Text>
      </RunInfo>
      <RunInfo computerName="omega" outcome="Warning" timestamp="2025-10-26T22:28:02.5962870-04:00">
        <Text>Warning:
    Detected &lt;38&gt; orphan nodes during test suite setup stage!
    Check Setup:28 and Cleanup:36 for unfreed instances!</Text>
      </RunInfo>
      <RunInfo computerName="omega" outcome="Warning" timestamp="2025-10-26T22:28:03.3325775-04:00">
        <Text>Warning:
    Detected &lt;1&gt; orphan nodes during test execution!</Text>
      </RunInfo>
      <RunInfo computerName="omega" outcome="Warning" timestamp="2025-10-26T22:28:03.3466299-04:00">
        <Text>Warning:
    Detected &lt;1&gt; orphan nodes during test execution!</Text>
      </RunInfo>
      <RunInfo computerName="omega" outcome="Warning" timestamp="2025-10-26T22:28:03.3765920-04:00">
        <Text>Warning:
    Detected &lt;1&gt; orphan nodes during test execution!</Text>
      </RunInfo>
      <RunInfo computerName="omega" outcome="Warning" timestamp="2025-10-26T22:28:03.5745997-04:00">
        <Text>Warning:
    Detected &lt;1&gt; orphan nodes during test execution!</Text>
      </RunInfo>
      <RunInfo computerName="omega" outcome="Error" timestamp="2025-10-26T22:28:03.7610647-04:00">
        <Text>Invalid method signature found at: Ready_EmitsInitializationCompletedSignal.
 You must return a &lt;Task&gt; for an asynchronously specified method.</Text>
      </RunInfo>
      <RunInfo computerName="omega" outcome="Warning" timestamp="2025-10-26T22:28:03.7818707-04:00">
        <Text>Warning:
    Detected &lt;1&gt; orphan nodes during test execution!</Text>
      </RunInfo>
      <RunInfo computerName="omega" outcome="Warning" timestamp="2025-10-26T22:28:03.8027482-04:00">
        <Text>Warning:
    Detected &lt;1&gt; orphan nodes during test execution!</Text>
      </RunInfo>
      <RunInfo computerName="omega" outcome="Warning" timestamp="2025-10-26T22:28:03.8243062-04:00">
        <Text>Warning:
    Detected &lt;1&gt; orphan nodes during test execution!</Text>
      </RunInfo>
      <RunInfo computerName="omega" outcome="Warning" timestamp="2025-10-26T22:28:03.8360079-04:00">
        <Text>Warning:
    Detected &lt;1&gt; orphan nodes during test execution!</Text>
      </RunInfo>
      <RunInfo computerName="omega" outcome="Warning" timestamp="2025-10-26T22:28:03.9609722-04:00">
        <Text>Warning:
    Detected &lt;1&gt; orphan nodes during test suite setup stage!
    Check Setup:98 and Cleanup:104 for unfreed instances!</Text>
      </RunInfo>
      <RunInfo computerName="omega" outcome="Warning" timestamp="2025-10-26T22:28:03.9610658-04:00">
        <Text>Warning:
    Detected &lt;1&gt; orphan nodes during test suite setup stage!
    Check Setup:98 and Cleanup:104 for unfreed instances!</Text>
      </RunInfo>
      <RunInfo computerName="omega" outcome="Warning" timestamp="2025-10-26T22:28:03.9627560-04:00">
        <Text>Warning:
    Detected &lt;1&gt; orphan nodes during test suite setup stage!
    Check Setup:98 and Cleanup:104 for unfreed instances!</Text>
      </RunInfo>
      <RunInfo computerName="omega" outcome="Warning" timestamp="2025-10-26T22:28:03.9627666-04:00">
        <Text>Warning:
    Detected &lt;1&gt; orphan nodes during test suite setup stage!
    Check Setup:98 and Cleanup:104 for unfreed instances!</Text>
      </RunInfo>
      <RunInfo computerName="omega" outcome="Warning" timestamp="2025-10-26T22:28:03.9627718-04:00">
        <Text>Warning:
    Detected &lt;1&gt; orphan nodes during test suite setup stage!
    Check Setup:98 and Cleanup:104 for unfreed instances!</Text>
      </RunInfo>
      <RunInfo computerName="omega" outcome="Warning" timestamp="2025-10-26T22:28:03.9627759-04:00">
        <Text>Warning:
    Detected &lt;1&gt; orphan nodes during test suite setup stage!
    Check Setup:98 and Cleanup:104 for unfreed instances!</Text>
      </RunInfo>
      <RunInfo computerName="omega" outcome="Warning" timestamp="2025-10-26T22:28:03.9627799-04:00">
        <Text>Warning:
    Detected &lt;1&gt; orphan nodes during test suite setup stage!
    Check Setup:98 and Cleanup:104 for unfreed instances!</Text>
      </RunInfo>
      <RunInfo computerName="omega" outcome="Warning" timestamp="2025-10-26T22:28:03.9627840-04:00">
        <Text>Warning:
    Detected &lt;1&gt; orphan nodes during test suite setup stage!
    Check Setup:98 and Cleanup:104 for unfreed instances!</Text>
      </RunInfo>
      <RunInfo computerName="omega" outcome="Warning" timestamp="2025-10-26T22:28:03.9655528-04:00">
        <Text>Warning:
    Detected &lt;1&gt; orphan nodes during test suite setup stage!
    Check Setup:98 and Cleanup:104 for unfreed instances!</Text>
      </RunInfo>
      <RunInfo computerName="omega" outcome="Warning" timestamp="2025-10-26T22:28:03.9670585-04:00">
        <Text>Warning:
    Detected &lt;1&gt; orphan nodes during test suite setup stage!
    Check Setup:98 and Cleanup:104 for unfreed instances!</Text>
      </RunInfo>
      <RunInfo computerName="omega" outcome="Warning" timestamp="2025-10-26T22:28:03.9670679-04:00">
        <Text>Warning:
    Detected &lt;1&gt; orphan nodes during test suite setup stage!
    Check Setup:98 and Cleanup:104 for unfreed instances!</Text>
      </RunInfo>
      <RunInfo computerName="omega" outcome="Warning" timestamp="2025-10-26T22:28:03.9670722-04:00">
        <Text>Warning:
    Detected &lt;1&gt; orphan nodes during test suite setup stage!
    Check Setup:98 and Cleanup:104 for unfreed instances!</Text>
      </RunInfo>
      <RunInfo computerName="omega" outcome="Warning" timestamp="2025-10-26T22:28:03.9677023-04:00">
        <Text>Warning:
    Detected &lt;1&gt; orphan nodes during test suite setup stage!
    Check Setup:98 and Cleanup:104 for unfreed instances!</Text>
      </RunInfo>
      <RunInfo computerName="omega" outcome="Warning" timestamp="2025-10-26T22:28:03.9681586-04:00">
        <Text>Warning:
    Detected &lt;1&gt; orphan nodes during test suite setup stage!
    Check Setup:98 and Cleanup:104 for unfreed instances!</Text>
      </RunInfo>
      <RunInfo computerName="omega" outcome="Warning" timestamp="2025-10-26T22:28:03.9708053-04:00">
        <Text>Warning:
    Detected &lt;1&gt; orphan nodes during test suite setup stage!
    Check Setup:98 and Cleanup:104 for unfreed instances!</Text>
      </RunInfo>
      <RunInfo computerName="omega" outcome="Warning" timestamp="2025-10-26T22:28:03.9710141-04:00">
        <Text>Warning:
    Detected &lt;1&gt; orphan nodes during test suite setup stage!
    Check Setup:98 and Cleanup:104 for unfreed instances!</Text>
      </RunInfo>
      <RunInfo computerName="omega" outcome="Warning" timestamp="2025-10-26T22:28:03.9719977-04:00">
        <Text>Warning:
    Detected &lt;1&gt; orphan nodes during test suite setup stage!
    Check Setup:98 and Cleanup:104 for unfreed instances!</Text>
      </RunInfo>
      <RunInfo computerName="omega" outcome="Warning" timestamp="2025-10-26T22:28:04.0154037-04:00">
        <Text>Warning:
    Detected &lt;1&gt; orphan nodes during test execution!</Text>
      </RunInfo>
      <RunInfo computerName="omega" outcome="Warning" timestamp="2025-10-26T22:28:04.0294732-04:00">
        <Text>Warning:
    Detected &lt;1&gt; orphan nodes during test execution!</Text>
      </RunInfo>
      <RunInfo computerName="omega" outcome="Warning" timestamp="2025-10-26T22:28:09.5328359-04:00">
        <Text>Warning:
    Detected &lt;1&gt; orphan nodes during test suite setup stage!
    Check Setup:41 and Cleanup:52 for unfreed instances!</Text>
      </RunInfo>
      <RunInfo computerName="omega" outcome="Warning" timestamp="2025-10-26T22:28:09.5328496-04:00">
        <Text>Warning:
    Detected &lt;1&gt; orphan nodes during test suite setup stage!
    Check Setup:41 and Cleanup:52 for unfreed instances!</Text>
      </RunInfo>
      <RunInfo computerName="omega" outcome="Warning" timestamp="2025-10-26T22:28:09.5365915-04:00">
        <Text>Warning:
    Detected &lt;1&gt; orphan nodes during test suite setup stage!
    Check Setup:41 and Cleanup:52 for unfreed instances!</Text>
      </RunInfo>
      <RunInfo computerName="omega" outcome="Warning" timestamp="2025-10-26T22:28:09.5366030-04:00">
        <Text>Warning:
    Detected &lt;1&gt; orphan nodes during test suite setup stage!
    Check Setup:41 and Cleanup:52 for unfreed instances!</Text>
      </RunInfo>
      <RunInfo computerName="omega" outcome="Warning" timestamp="2025-10-26T22:28:09.5366106-04:00">
        <Text>Warning:
    Detected &lt;1&gt; orphan nodes during test suite setup stage!
    Check Setup:41 and Cleanup:52 for unfreed instances!</Text>
      </RunInfo>
      <RunInfo computerName="omega" outcome="Warning" timestamp="2025-10-26T22:28:09.5366162-04:00">
        <Text>Warning:
    Detected &lt;1&gt; orphan nodes during test suite setup stage!
    Check Setup:41 and Cleanup:52 for unfreed instances!</Text>
      </RunInfo>
      <RunInfo computerName="omega" outcome="Warning" timestamp="2025-10-26T22:28:09.5366203-04:00">
        <Text>Warning:
    Detected &lt;1&gt; orphan nodes during test suite setup stage!
    Check Setup:41 and Cleanup:52 for unfreed instances!</Text>
      </RunInfo>
      <RunInfo computerName="omega" outcome="Warning" timestamp="2025-10-26T22:28:09.5396228-04:00">
        <Text>Warning:
    Detected &lt;1&gt; orphan nodes during test suite setup stage!
    Check Setup:41 and Cleanup:52 for unfreed instances!</Text>
      </RunInfo>
      <RunInfo computerName="omega" outcome="Warning" timestamp="2025-10-26T22:28:09.5422932-04:00">
        <Text>Warning:
    Detected &lt;1&gt; orphan nodes during test suite setup stage!
    Check Setup:41 and Cleanup:52 for unfreed instances!</Text>
      </RunInfo>
      <RunInfo computerName="omega" outcome="Warning" timestamp="2025-10-26T22:28:09.5426025-04:00">
        <Text>Warning:
    Detected &lt;1&gt; orphan nodes during test suite setup stage!
    Check Setup:41 and Cleanup:52 for unfreed instances!</Text>
      </RunInfo>
      <RunInfo computerName="omega" outcome="Warning" timestamp="2025-10-26T22:28:09.5428450-04:00">
        <Text>Warning:
    Detected &lt;1&gt; orphan nodes during test suite setup stage!
    Check Setup:41 and Cleanup:52 for unfreed instances!</Text>
      </RunInfo>
      <RunInfo computerName="omega" outcome="Warning" timestamp="2025-10-26T22:28:09.5429440-04:00">
        <Text>Warning:
    Detected &lt;1&gt; orphan nodes during test suite setup stage!
    Check Setup:41 and Cleanup:52 for unfreed instances!</Text>
      </RunInfo>
      <RunInfo computerName="omega" outcome="Error" timestamp="2025-10-26T22:28:09.5580461-04:00">
        <Text>Expecting be NOT &lt;Null&gt;:</Text>
      </RunInfo>
      <RunInfo computerName="omega" outcome="Error" timestamp="2025-10-26T22:28:09.5591199-04:00">
        <Text>Expecting be NOT &lt;Null&gt;:</Text>
      </RunInfo>
      <RunInfo computerName="omega" outcome="Error" timestamp="2025-10-26T22:28:09.5610412-04:00">
        <Text>Expecting be NOT &lt;Null&gt;:</Text>
      </RunInfo>
      <RunInfo computerName="omega" outcome="Error" timestamp="2025-10-26T22:28:09.5610520-04:00">
        <Text>Expecting be NOT &lt;Null&gt;:</Text>
      </RunInfo>
      <RunInfo computerName="omega" outcome="Error" timestamp="2025-10-26T22:28:09.5625951-04:00">
        <Text>Expecting be NOT &lt;Null&gt;:</Text>
      </RunInfo>
      <RunInfo computerName="omega" outcome="Error" timestamp="2025-10-26T22:28:09.5701044-04:00">
        <Text>Expecting be NOT &lt;Null&gt;:</Text>
      </RunInfo>
      <RunInfo computerName="omega" outcome="Error" timestamp="2025-10-26T22:28:09.6015852-04:00">
        <Text>Expecting be NOT &lt;Null&gt;:</Text>
      </RunInfo>
      <RunInfo computerName="omega" outcome="Error" timestamp="2025-10-26T22:28:09.6165951-04:00">
        <Text>Expecting be NOT &lt;Null&gt;:</Text>
      </RunInfo>
      <RunInfo computerName="omega" outcome="Error" timestamp="2025-10-26T22:28:09.6452337-04:00">
        <Text>Expecting be NOT &lt;Null&gt;:</Text>
      </RunInfo>
      <RunInfo computerName="omega" outcome="Error" timestamp="2025-10-26T22:28:09.6860418-04:00">
        <Text>Expecting be NOT &lt;Null&gt;:</Text>
      </RunInfo>
      <RunInfo computerName="omega" outcome="Warning" timestamp="2025-10-26T22:28:09.8623938-04:00">
        <Text>Warning:
    Detected &lt;1&gt; orphan nodes during test execution!</Text>
      </RunInfo>
      <RunInfo computerName="omega" outcome="Warning" timestamp="2025-10-26T22:28:09.8755838-04:00">
        <Text>Warning:
    Detected &lt;1&gt; orphan nodes during test execution!</Text>
      </RunInfo>
      <RunInfo computerName="omega" outcome="Warning" timestamp="2025-10-26T22:28:09.8985548-04:00">
        <Text>Warning:
    Detected &lt;1&gt; orphan nodes during test execution!</Text>
      </RunInfo>
      <RunInfo computerName="omega" outcome="Warning" timestamp="2025-10-26T22:28:09.9100986-04:00">
        <Text>Warning:
    Detected &lt;1&gt; orphan nodes during test execution!</Text>
      </RunInfo>
      <RunInfo computerName="omega" outcome="Warning" timestamp="2025-10-26T22:28:09.9306110-04:00">
        <Text>Warning:
    Detected &lt;1&gt; orphan nodes during test execution!</Text>
      </RunInfo>
      <RunInfo computerName="omega" outcome="Warning" timestamp="2025-10-26T22:28:09.9441638-04:00">
        <Text>Warning:
    Detected &lt;1&gt; orphan nodes during test execution!</Text>
      </RunInfo>
      <RunInfo computerName="omega" outcome="Warning" timestamp="2025-10-26T22:28:10.0896356-04:00">
        <Text>Warning:
    Detected &lt;3&gt; orphan nodes during test execution!</Text>
      </RunInfo>
      <RunInfo computerName="omega" outcome="Warning" timestamp="2025-10-26T22:28:13.1594328-04:00">
        <Text>Warning:
    Detected &lt;1&gt; orphan nodes during test suite setup stage!
    Check Setup:21 and Cleanup:31 for unfreed instances!</Text>
      </RunInfo>
      <RunInfo computerName="omega" outcome="Warning" timestamp="2025-10-26T22:28:13.1607137-04:00">
        <Text>Warning:
    Detected &lt;1&gt; orphan nodes during test suite setup stage!
    Check Setup:21 and Cleanup:31 for unfreed instances!</Text>
      </RunInfo>
      <RunInfo computerName="omega" outcome="Warning" timestamp="2025-10-26T22:28:13.1607198-04:00">
        <Text>Warning:
    Detected &lt;1&gt; orphan nodes during test suite setup stage!
    Check Setup:21 and Cleanup:31 for unfreed instances!</Text>
      </RunInfo>
      <RunInfo computerName="omega" outcome="Warning" timestamp="2025-10-26T22:28:13.1607239-04:00">
        <Text>Warning:
    Detected &lt;1&gt; orphan nodes during test suite setup stage!
    Check Setup:21 and Cleanup:31 for unfreed instances!</Text>
      </RunInfo>
      <RunInfo computerName="omega" outcome="Warning" timestamp="2025-10-26T22:28:13.1607300-04:00">
        <Text>Warning:
    Detected &lt;1&gt; orphan nodes during test suite setup stage!
    Check Setup:21 and Cleanup:31 for unfreed instances!</Text>
      </RunInfo>
      <RunInfo computerName="omega" outcome="Warning" timestamp="2025-10-26T22:28:13.1617270-04:00">
        <Text>Warning:
    Detected &lt;1&gt; orphan nodes during test suite setup stage!
    Check Setup:21 and Cleanup:31 for unfreed instances!</Text>
      </RunInfo>
    </RunInfos>
  </ResultSummary>
</TestRun>
