<?xml version="1.0" encoding="utf-8"?>
<TestRun id="461b7958-bf37-49a6-b91b-acc957703dad" name="@omega 2025-10-22 15:18:12" xmlns="http://microsoft.com/schemas/VisualStudio/TeamTest/2010">
  <Times creation="2025-10-22T15:18:12.1946904-04:00" queuing="2025-10-22T15:18:12.1946904-04:00" start="2025-10-22T15:17:51.3634600-04:00" finish="2025-10-22T15:18:12.3726386-04:00" />
  <TestSettings name="default" id="2aa5a6bf-3e88-48e6-8f48-4e215bc13840">
    <Deployment runDeploymentRoot="_omega_2025-10-22_15_18_12" />
  </TestSettings>
  <Results>
    <UnitTestResult executionId="3953d7a8-1ffe-41bf-b02b-e1a5f8619f20" testId="429d9701-d5ff-49e7-94ae-b05e15ef8642" testName="OmegaSpiral.Tests.UI.Terminal.TerminalBorderDiagnosticsTests.Test4_CSharpRuntimeDoesNotClearBorders" computerName="omega" duration="00:00:00.0980000" startTime="2025-10-22T15:18:11.2350003-04:00" endTime="2025-10-22T15:18:11.2362697-04:00" testType="13cdc9d9-ddb5-4fa4-a97d-d965ccfc6d4b" outcome="Passed" testListId="8c84fa94-04c1-424b-9868-57a2d4851a1d" relativeResultsDirectory="3953d7a8-1ffe-41bf-b02b-e1a5f8619f20">
      <Output>
        <StdOut>Main Menu loaded and centered.
[TerminalWindow] BEFORE: Bezel offsets = L:0, T:0, R:0, B:0
[TerminalWindow] AFTER: Applied bezel constraints: viewport=(1152, 648), margins=(64, 48)
[TerminalWindow] AFTER: Bezel offsets = L:64, T:48, R:-64, B:-48</StdOut>
        <StdErr>Warning:
    Detected &lt;44&gt; orphan nodes during test execution!</StdErr>
        <ErrorInfo>
          <Message>Warning:
    Detected &lt;44&gt; orphan nodes during test execution!</Message>
        </ErrorInfo>
      </Output>
    </UnitTestResult>
    <UnitTestResult executionId="eebc7e9d-f7f9-4240-98d9-e8e68830ca75" testId="715a890d-97f7-4df2-9b30-9a1827775a0d" testName="OmegaSpiral.Tests.UI.Terminal.TerminalBorderDiagnosticsTests.Test2_StyleboxIsAssignedToCorrectNode" computerName="omega" duration="00:00:00.0860000" startTime="2025-10-22T15:18:11.0509862-04:00" endTime="2025-10-22T15:18:11.0514506-04:00" testType="13cdc9d9-ddb5-4fa4-a97d-d965ccfc6d4b" outcome="Passed" testListId="8c84fa94-04c1-424b-9868-57a2d4851a1d" relativeResultsDirectory="eebc7e9d-f7f9-4240-98d9-e8e68830ca75">
      <Output>
        <StdOut>Loading resource: res://source/ui/menus/main_menu.tscn
Loading resource: res://source/ui/menus/MainMenu.cs
Loading resource: res://source/ui/terminal/terminal_window.tscn
Loading resource: res://source/ui/terminal/TerminalWindow.cs
Loading resource: res://source/assets/gui/font/Kenney Pixel.ttf
Loading resource: res://.godot/imported/Kenney Pixel.ttf-a3745e429d416258d76bd5a39d4bc017.fontdata
Main Menu loaded and centered.
[TerminalWindow] BEFORE: Bezel offsets = L:0, T:0, R:0, B:0
[TerminalWindow] AFTER: Applied bezel constraints: viewport=(1152, 648), margins=(64, 48)
[TerminalWindow] AFTER: Bezel offsets = L:64, T:48, R:-64, B:-48</StdOut>
        <StdErr>Warning:
    Detected &lt;44&gt; orphan nodes during test execution!</StdErr>
        <ErrorInfo>
          <Message>Warning:
    Detected &lt;44&gt; orphan nodes during test execution!</Message>
        </ErrorInfo>
      </Output>
    </UnitTestResult>
    <UnitTestResult executionId="e58a6b1b-0b7f-44b1-8588-af3cd1b60339" testId="a1d21970-dfc6-4e48-816b-f7344d75fcac" testName="OmegaSpiral.Tests.UI.Terminal.TerminalBorderDiagnosticsTests.Test5_TerminalFrameSizeAllowsBorderVisibility" computerName="omega" duration="00:00:00.0830000" startTime="2025-10-22T15:18:11.3182928-04:00" endTime="2025-10-22T15:18:11.3187249-04:00" testType="13cdc9d9-ddb5-4fa4-a97d-d965ccfc6d4b" outcome="Failed" testListId="8c84fa94-04c1-424b-9868-57a2d4851a1d" relativeResultsDirectory="e58a6b1b-0b7f-44b1-8588-af3cd1b60339">
      <Output>
        <StdOut>Main Menu loaded and centered.
[TerminalWindow] BEFORE: Bezel offsets = L:0, T:0, R:0, B:0
[TerminalWindow] AFTER: Applied bezel constraints: viewport=(1152, 648), margins=(64, 48)
[TerminalWindow] AFTER: Bezel offsets = L:64, T:48, R:-64, B:-48</StdOut>
        <StdErr>Warning:
    Detected &lt;44&gt; orphan nodes during test execution!</StdErr>
        <ErrorInfo>
          <Message>Expecting to be greater than:
    '0' but is '0'</Message>
          <StackTrace>   at OmegaSpiral.Tests.UI.Terminal.TerminalBorderDiagnosticsTests.Test5_TerminalFrameSizeAllowsBorderVisibility() in /home/adam/Dev/omega-spiral/chapter-zero/tests/ui/terminal/TerminalBorderDiagnosticsTests.cs:line 150
   at Godot.SignalAwaiter.SignalCallback(IntPtr awaiterGCHandlePtr, godot_variant** args, Int32 argCount, godot_bool* outAwaiterIsNull) in /root/godot/modules/mono/glue/GodotSharp/GodotSharp/Core/SignalAwaiter.cs:line 65
</StackTrace>
        </ErrorInfo>
      </Output>
    </UnitTestResult>
    <UnitTestResult executionId="59717bd4-f61d-4215-8c34-273b2070809d" testId="7f0b13d5-eb82-400d-8626-de6d51cf8346" testName="OmegaSpiral.Tests.UI.Terminal.TerminalBorderDiagnosticsTests.Test1_BorderWidthsAreSetOnAllSides" computerName="omega" duration="00:00:00.2320000" startTime="2025-10-22T15:18:10.9673837-04:00" endTime="2025-10-22T15:18:10.9692963-04:00" testType="13cdc9d9-ddb5-4fa4-a97d-d965ccfc6d4b" outcome="Passed" testListId="8c84fa94-04c1-424b-9868-57a2d4851a1d" relativeResultsDirectory="59717bd4-f61d-4215-8c34-273b2070809d">
      <Output>
        <StdOut>Loading resource: res://source/ui/menus/main_menu.tscn
Loading resource: res://source/ui/menus/MainMenu.cs
Loading resource: res://source/ui/terminal/terminal_window.tscn
Loading resource: res://source/ui/terminal/TerminalWindow.cs
Loading resource: res://source/assets/gui/font/Kenney Pixel.ttf
Loading resource: res://.godot/imported/Kenney Pixel.ttf-a3745e429d416258d76bd5a39d4bc017.fontdata
Main Menu loaded and centered.
[TerminalWindow] BEFORE: Bezel offsets = L:0, T:0, R:0, B:0
[TerminalWindow] AFTER: Applied bezel constraints: viewport=(1152, 648), margins=(64, 48)
[TerminalWindow] AFTER: Bezel offsets = L:64, T:48, R:-64, B:-48</StdOut>
        <StdErr>Warning:
    Detected &lt;44&gt; orphan nodes during test execution!</StdErr>
        <ErrorInfo>
          <Message>Warning:
    Detected &lt;44&gt; orphan nodes during test execution!</Message>
        </ErrorInfo>
      </Output>
    </UnitTestResult>
    <UnitTestResult executionId="29964816-1051-429b-a235-60987c7d0b3a" testId="0c87c87b-b72f-45ae-94c0-11f6d6dcde0d" testName="OmegaSpiral.Tests.UI.Terminal.TerminalBorderDiagnosticsTests.Test3_BorderColorIsNotBlackOrTransparent" computerName="omega" duration="00:00:00.0820000" startTime="2025-10-22T15:18:11.1355310-04:00" endTime="2025-10-22T15:18:11.1359672-04:00" testType="13cdc9d9-ddb5-4fa4-a97d-d965ccfc6d4b" outcome="Failed" testListId="8c84fa94-04c1-424b-9868-57a2d4851a1d" relativeResultsDirectory="29964816-1051-429b-a235-60987c7d0b3a">
      <Output>
        <StdOut>Main Menu loaded and centered.
[TerminalWindow] BEFORE: Bezel offsets = L:0, T:0, R:0, B:0
[TerminalWindow] AFTER: Applied bezel constraints: viewport=(1152, 648), margins=(64, 48)
[TerminalWindow] AFTER: Bezel offsets = L:64, T:48, R:-64, B:-48</StdOut>
        <StdErr>Warning:
    Detected &lt;44&gt; orphan nodes during test execution!</StdErr>
        <ErrorInfo>
          <Message>Expecting to be greater than:
    '0.5' but is '0'</Message>
          <StackTrace>   at OmegaSpiral.Tests.UI.Terminal.TerminalBorderDiagnosticsTests.Test3_BorderColorIsNotBlackOrTransparent() in /home/adam/Dev/omega-spiral/chapter-zero/tests/ui/terminal/TerminalBorderDiagnosticsTests.cs:line 93
   at Godot.SignalAwaiter.SignalCallback(IntPtr awaiterGCHandlePtr, godot_variant** args, Int32 argCount, godot_bool* outAwaiterIsNull) in /root/godot/modules/mono/glue/GodotSharp/GodotSharp/Core/SignalAwaiter.cs:line 65
</StackTrace>
        </ErrorInfo>
      </Output>
    </UnitTestResult>
  </Results>
  <TestDefinitions>
    <UnitTest name="Test2_StyleboxIsAssignedToCorrectNode" storage="/home/adam/dev/omega-spiral/chapter-zero/.godot/mono/temp/bin/debug/chapter-zero.dll" id="715a890d-97f7-4df2-9b30-9a1827775a0d">
      <Execution id="eebc7e9d-f7f9-4240-98d9-e8e68830ca75" />
      <TestMethod codeBase="/home/adam/Dev/omega-spiral/chapter-zero/.godot/mono/temp/bin/Debug/chapter-zero.dll" adapterTypeName="executor://gdunit4.testadapter/" className="OmegaSpiral.Tests.UI.Terminal.TerminalBorderDiagnosticsTests" name="Test2_StyleboxIsAssignedToCorrectNode" />
    </UnitTest>
    <UnitTest name="Test5_TerminalFrameSizeAllowsBorderVisibility" storage="/home/adam/dev/omega-spiral/chapter-zero/.godot/mono/temp/bin/debug/chapter-zero.dll" id="a1d21970-dfc6-4e48-816b-f7344d75fcac">
      <Execution id="e58a6b1b-0b7f-44b1-8588-af3cd1b60339" />
      <TestMethod codeBase="/home/adam/Dev/omega-spiral/chapter-zero/.godot/mono/temp/bin/Debug/chapter-zero.dll" adapterTypeName="executor://gdunit4.testadapter/" className="OmegaSpiral.Tests.UI.Terminal.TerminalBorderDiagnosticsTests" name="Test5_TerminalFrameSizeAllowsBorderVisibility" />
    </UnitTest>
    <UnitTest name="Test3_BorderColorIsNotBlackOrTransparent" storage="/home/adam/dev/omega-spiral/chapter-zero/.godot/mono/temp/bin/debug/chapter-zero.dll" id="0c87c87b-b72f-45ae-94c0-11f6d6dcde0d">
      <Execution id="29964816-1051-429b-a235-60987c7d0b3a" />
      <TestMethod codeBase="/home/adam/Dev/omega-spiral/chapter-zero/.godot/mono/temp/bin/Debug/chapter-zero.dll" adapterTypeName="executor://gdunit4.testadapter/" className="OmegaSpiral.Tests.UI.Terminal.TerminalBorderDiagnosticsTests" name="Test3_BorderColorIsNotBlackOrTransparent" />
    </UnitTest>
    <UnitTest name="Test1_BorderWidthsAreSetOnAllSides" storage="/home/adam/dev/omega-spiral/chapter-zero/.godot/mono/temp/bin/debug/chapter-zero.dll" id="7f0b13d5-eb82-400d-8626-de6d51cf8346">
      <Execution id="59717bd4-f61d-4215-8c34-273b2070809d" />
      <TestMethod codeBase="/home/adam/Dev/omega-spiral/chapter-zero/.godot/mono/temp/bin/Debug/chapter-zero.dll" adapterTypeName="executor://gdunit4.testadapter/" className="OmegaSpiral.Tests.UI.Terminal.TerminalBorderDiagnosticsTests" name="Test1_BorderWidthsAreSetOnAllSides" />
    </UnitTest>
    <UnitTest name="Test4_CSharpRuntimeDoesNotClearBorders" storage="/home/adam/dev/omega-spiral/chapter-zero/.godot/mono/temp/bin/debug/chapter-zero.dll" id="429d9701-d5ff-49e7-94ae-b05e15ef8642">
      <Execution id="3953d7a8-1ffe-41bf-b02b-e1a5f8619f20" />
      <TestMethod codeBase="/home/adam/Dev/omega-spiral/chapter-zero/.godot/mono/temp/bin/Debug/chapter-zero.dll" adapterTypeName="executor://gdunit4.testadapter/" className="OmegaSpiral.Tests.UI.Terminal.TerminalBorderDiagnosticsTests" name="Test4_CSharpRuntimeDoesNotClearBorders" />
    </UnitTest>
  </TestDefinitions>
  <TestEntries>
    <TestEntry testId="429d9701-d5ff-49e7-94ae-b05e15ef8642" executionId="3953d7a8-1ffe-41bf-b02b-e1a5f8619f20" testListId="8c84fa94-04c1-424b-9868-57a2d4851a1d" />
    <TestEntry testId="715a890d-97f7-4df2-9b30-9a1827775a0d" executionId="eebc7e9d-f7f9-4240-98d9-e8e68830ca75" testListId="8c84fa94-04c1-424b-9868-57a2d4851a1d" />
    <TestEntry testId="a1d21970-dfc6-4e48-816b-f7344d75fcac" executionId="e58a6b1b-0b7f-44b1-8588-af3cd1b60339" testListId="8c84fa94-04c1-424b-9868-57a2d4851a1d" />
    <TestEntry testId="7f0b13d5-eb82-400d-8626-de6d51cf8346" executionId="59717bd4-f61d-4215-8c34-273b2070809d" testListId="8c84fa94-04c1-424b-9868-57a2d4851a1d" />
    <TestEntry testId="0c87c87b-b72f-45ae-94c0-11f6d6dcde0d" executionId="29964816-1051-429b-a235-60987c7d0b3a" testListId="8c84fa94-04c1-424b-9868-57a2d4851a1d" />
  </TestEntries>
  <TestLists>
    <TestList name="Results Not in a List" id="8c84fa94-04c1-424b-9868-57a2d4851a1d" />
    <TestList name="All Loaded Results" id="19431567-8539-422a-85d7-44ee4e166bda" />
  </TestLists>
  <ResultSummary outcome="Failed">
    <Counters total="5" executed="5" passed="3" failed="2" error="0" timeout="0" aborted="0" inconclusive="0" passedButRunAborted="0" notRunnable="0" notExecuted="0" disconnected="0" warning="0" completed="0" inProgress="0" pending="0" />
    <Output>
      <StdOut>Running on GdUnit4 test engine version: 5.0.0.0
Discover tests from assembly: /home/adam/Dev/omega-spiral/chapter-zero/.godot/mono/temp/bin/Debug/chapter-zero.dll
Discover:  TestSuite MainMenuStageSelectionTests with 2 TestCases found.
Discover:  TestSuite TerminalWindowTests with 46 TestCases found.
Discover:  TestSuite OmegaSpiral.Tests.UI.TestHarness.UITestHarnessScreenshotTests with 1 TestCases found.
Discover:  TestSuite OmegaSpiral.Tests.UI.Terminal.TerminalBorderDiagnosticsTests with 5 TestCases found.
Discover:  TestSuite OmegaSpiral.Tests.UI.Terminal.TerminalWindowFrameLayoutTests with 8 TestCases found.
Discover:  TestSuite OmegaSpiral.Tests.UI.Menus.MainMenuLayoutTests with 6 TestCases found.
Discover:  TestSuite OmegaSpiral.Tests.UI.Components.BackgroundComponentTests with 13 TestCases found.
Discover:  TestSuite OmegaSpiral.Tests.UI.Components.FrameComponentTests with 5 TestCases found.
Discover:  TestSuite OmegaSpiral.Tests.Narrative.NarrativeScriptFunctionalTests with 6 TestCases found.
Discover:  TestSuite OmegaSpiral.Tests.Functional.Narrative.ErrorHandlingTests with 7 TestCases found.
Discover:  TestSuite OmegaSpiral.Tests.Stages.Stage4.TileDungeonSignalTests with 4 TestCases found.
Discover:  TestSuite OmegaSpiral.Tests.Stages.Stage4.FieldCombatSignalTests with 4 TestCases found.
Discover:  TestSuite OmegaSpiral.Tests.Stages.Stage2.DungeonStageSignalTests with 5 TestCases found.
Discover:  TestSuite OmegaSpiral.Tests.Stages.Stage1.ContentBlockIntegrationTests with 4 TestCases found.
Discover:  TestSuite OmegaSpiral.Tests.Stages.Stage1.ContentBlockTests with 18 TestCases found.
Discover:  TestSuite OmegaSpiral.Tests.Stages.Stage1.GhostTerminalCinematicDirectorTests with 0 TestCases found.
Discover:  TestSuite OmegaSpiral.Tests.Stages.Stage1.Stage1LoadingTests with 7 TestCases found.
Discover:  TestSuite OmegaSpiral.Tests.Stages.Stage1.TerminalTextVisualTest with 0 TestCases found.
Discover:  TestSuite OmegaSpiral.Tests.Integration.SceneLoadingAndViewportTests with 5 TestCases found.
Discover:  TestSuite OmegaSpiral.Tests.Integration.System.BackgroundViewportFillTests with 1 TestCases found.
Discover:  TestSuite OmegaSpiral.Tests.Integration.Stages.Stage4.Stage4IntegrationTests with 8 TestCases found.
Discover:  TestSuite OmegaSpiral.Tests.Integration.Common.TerminalIntegrationTests with 6 TestCases found.
Discover:  TestSuite OmegaSpiral.Tests.Unit.Persistence.SaveLoadManagerTests with 7 TestCases found.
Discover:  TestSuite OmegaSpiral.Tests.Unit.Infrastructure.SceneManagerMappingTests with 17 TestCases found.
Discover:  TestSuite OmegaSpiral.Tests.Unit.Common.GameStateTests with 6 TestCases found.
Discover:  TestSuite OmegaSpiral.Tests.Unit.Common.SceneManagerTests with 6 TestCases found.
Discover:  TestSuite OmegaSpiral.Tests.Unit.Common.Terminal.TerminalChoicePresenterTests with 12 TestCases found.
Discover:  TestSuite OmegaSpiral.Tests.Unit.Common.Terminal.TerminalShaderControllerTests with 11 TestCases found.
Discover:  TestSuite OmegaSpiral.Tests.Unit.Common.Terminal.TerminalTextRendererTests with 12 TestCases found.
Discover:  TestSuite OmegaSpiral.Tests.Common.GameStateSignalTests with 5 TestCases found.
Discover tests done, 30 TestSuites and total 237 Tests found.
Running on GdUnit4 test engine version: 5.0.0.0
Set test session timeout to: 00:30:00
Detected IDE Unknown
Starting tests for assembly: /home/adam/Dev/omega-spiral/chapter-zero/.godot/mono/temp/bin/Debug/chapter-zero.dll
Search '.csproj' at /home/adam/Dev/omega-spiral/chapter-zero/.godot/mono/temp/bin/Debug/chapter-zero.dll
Set current working directory to: /home/adam/Dev/omega-spiral/chapter-zero
Starting GodotGdUnit4RestClient.
Working dir /home/adam/Dev/omega-spiral/chapter-zero
Rebuild Godot Project ... /home/adam/Godot_v4.6-dev2_mono_linux_x86_64/Godot_v4.6-dev2_mono_linux.x86_64 --path . -e --headless --quit-after 1000 --verbose
.. WorkerThreadPool: 6 threads, 4 max low-priority.
:: ERROR: Error loading GDExtension configuration file: 'res://addons/nobodywho/nobodywho.gdextension'.
:: at: parse_gdextension_file (core/extension/gdextension_library_loader.cpp:273)
:: ERROR: GDExtension dynamic library not found: 'res://addons/nobodywho/nobodywho.gdextension'.
:: at: open_library (core/extension/gdextension.cpp:738)
:: ERROR: Error loading extension: 'res://addons/nobodywho/nobodywho.gdextension'.
:: at: load_extensions (core/extension/gdextension_manager.cpp:329)
.. Godot Engine v4.6.dev2.mono.official.7864ac801 - https://godotengine.org
.. TextServer: Added interface "Dummy"
.. TextServer: Added interface "ICU / HarfBuzz / Graphite (Built-in)"
.. Unrecognized output string "misc2" in mapping:
.. 030000000d0f0000ab01000011010000,Horipad Steam,a:b0,b:b1,back:b10,dpdown:h0.4,dpleft:h0.8,dpright:h0.2,dpup:h0.1,guide:b12,leftshoulder:b6,leftstick:b13,lefttrigger:a5,leftx:a0,lefty:a1,misc2:b2,paddle1:b19,paddle2:b18,paddle3:b15,paddle4:b5,rightshoulder:b7,rightstick:b14,righttrigger:a4,rightx:a2,righty:a3,start:b11,x:b3,y:b4,platform:Linux,
.. Unrecognized output string "misc2" in mapping:
.. 050000000d0f00009601000091000000,Horipad Steam,a:b0,b:b1,back:b10,dpdown:h0.4,dpleft:h0.8,dpright:h0.2,dpup:h0.1,guide:b12,leftshoulder:b6,leftstick:b13,lefttrigger:a5,leftx:a0,lefty:a1,misc2:b2,paddle1:b19,paddle2:b18,paddle3:b15,paddle4:b5,rightshoulder:b7,rightstick:b14,righttrigger:a4,rightx:a2,righty:a3,start:b11,x:b3,y:b4,platform:Linux,
.. Unrecognized output string "misc2" in mapping:
.. 030000007e0500006920000011010000,Nintendo Switch 2 Pro Controller,a:b0,b:b1,back:b14,dpdown:b8,dpleft:b10,dpright:b9,dpup:b11,guide:b16,leftshoulder:b12,leftstick:b15,lefttrigger:b13,leftx:a0,lefty:a1~,misc1:b17,misc2:b20,paddle1:b18,paddle2:b19,rightshoulder:b4,rightstick:b7,righttrigger:b5,rightx:a2,righty:a3~,start:b6,x:b2,y:b3,platform:Linux,
.. SDL: Init OK!
.. Using "default" pen tablet driver...
.. TextServer: Primary interface set to: "ICU / HarfBuzz / Graphite (Built-in)".
.. .NET: Initializing module...
.. Found hostfxr: /usr/lib/dotnet/host/fxr/10.0.0-rc.2.25502.107/libhostfxr.so
.. .NET: hostfxr initialized
.. .NET: GodotPlugins initialized
.. Loading resource: res://theme.tres
.. Loading resource: res://default_bus_layout.tres
.. CORE API HASH: 3234800178
.. EDITOR API HASH: 4055853480
.. SceneTreeFTI: traversal method DEFAULT
.. Loading resource: /home/adam/.config/godot/editor_settings-4.6.tres
.. EditorSettings: Load OK!
.. EditorTheme: Generating new theme for the config '66886095'.
.. EditorTheme: Generating new icons.
.. EditorTheme: Generating new fonts.
.. EditorTheme: Generating new styles.
.. Found .NET Sdk version '10.0.100': /usr/lib/dotnet/sdk/10.0.100-rc.2.25502.107/
.. Loading resource: /home/adam/.cache/godot/editor_doc_cache-4.6.res
.. Loaded system CA certificates
.. Failed to bind socket. Error: 3.
.. Loading resource: res://addons/godot_xterm/themes/fonts/regular.tres
.. Loading resource: res://addons/godot_xterm/themes/fonts/jet_brains_mono/jet_brains_mono_nl-regular-2.304.ttf
.. Loading resource: res://.godot/imported/jet_brains_mono_nl-regular-2.304.ttf-96fa438503371775be3cc744a4450fc2.fontdata
.. Loading resource: res://addons/godot_xterm/icons/terminal_icon.svg
.. Loading resource: res://.godot/imported/terminal_icon.svg-2a4b198a0e3aa43f04b43cec3e3f109d.editor.ctex
.. Loading resource: res://addons/godot_xterm/shaders/background.gdshader
.. Loading resource: res://addons/godot_xterm/shaders/common.gdshaderinc
.. Loading resource: res://addons/godot_xterm/shaders/foreground.gdshader
.. [   0% ] \u001b[90m\u001b[1mfirst_scan_filesystem\u001b[22m | Started Project initialization (5 steps)\u001b[39m\u001b[0m
.. [   0% ] \u001b[90m\u001b[1mfirst_scan_filesystem\u001b[22m | Scanning file structure...\u001b[39m\u001b[0m
.. [  16% ] \u001b[90m\u001b[1mfirst_scan_filesystem\u001b[22m | Loading global class names...\u001b[39m\u001b[0m
.. [  33% ] \u001b[90m\u001b[1mfirst_scan_filesystem\u001b[22m | Verifying GDExtensions...\u001b[39m\u001b[0m
.. [  50% ] \u001b[90m\u001b[1mfirst_scan_filesystem\u001b[22m | Creating autoload scripts...\u001b[39m\u001b[0m
.. Loading resource: res://source/scripts/SceneManager.cs
.. Loading resource: res://source/scripts/common/GameState.cs
.. Loading resource: res://source/narrative/NarratorEngine.cs
.. Loading resource: res://source/narrative/DreamweaverSystem.cs
.. Loading resource: res://source/scripts/field/FieldEvents.cs
.. Loading resource: res://source/scripts/field/FieldCamera.cs
.. Loading resource: res://source/scripts/field/gameboard/Gameboard.cs
.. Loading resource: res://source/scripts/field/gamepieces/GamepieceRegistry.cs
.. Loading resource: res://source/scripts/common/Player.cs
.. Loading resource: res://source/scripts/combat/CombatEvents.cs
.. Loading resource: res://source/audio/AudioManager.cs
.. [  66% ] \u001b[90m\u001b[1mfirst_scan_filesystem\u001b[22m | Initializing plugins...\u001b[39m\u001b[0m
.. Loading resource: res://addons/gdUnit4/plugin.gd
.. \u001b[38;2;218;165;32mIt was recognized that GdUnit4 is running in a test environment, therefore the GdUnit4 plugin will not be executed!\u001b[0m
.. Loading resource: res://addons/godot_xterm/plugin.gd
.. Loading resource: res://addons/godot_xterm/editor_plugins/terminal/terminal_panel.tscn
.. Loading resource: res://addons/godot_xterm/editor_plugins/terminal/terminal_panel.gd
.. Loading resource: res://addons/godot_xterm/editor_plugins/terminal/editor_terminal.tscn
.. Loading resource: res://addons/godot_xterm/editor_plugins/terminal/editor_terminal.gd
.. Loading resource: res://addons/godot_xterm/editor_plugins/terminal/settings/default_new_terminal_shortcut.tres
.. Loading resource: res://addons/godot_xterm/editor_plugins/terminal/settings/default_kill_terminal_shortcut.tres
.. Loading resource: res://addons/godot_xterm/editor_plugins/terminal/settings/default_copy_shortcut.tres
.. Loading resource: res://addons/godot_xterm/editor_plugins/terminal/settings/default_paste_shortcut.tres
.. Loading resource: res://addons/godot_xterm/editor_plugins/terminal/settings/default_tab_right_shortcut.tres
.. Loading resource: res://addons/godot_xterm/editor_plugins/terminal/settings/default_tab_left_shortcut.tres
.. [  83% ] \u001b[90m\u001b[1mfirst_scan_filesystem\u001b[22m | Starting file scan...\u001b[39m\u001b[0m
.. \u001b[92m[ DONE ]\u001b[39m \u001b[1mfirst_scan_filesystem\u001b[22m
.. \u001b[0m
.. [   0% ] \u001b[90m\u001b[1mloading_editor_layout\u001b[22m | Started Loading editor (5 steps)\u001b[39m\u001b[0m
.. [   0% ] \u001b[90m\u001b[1mloading_editor_layout\u001b[22m | Loading editor layout...\u001b[39m\u001b[0m
.. [  16% ] \u001b[90m\u001b[1mloading_editor_layout\u001b[22m | Loading docks...\u001b[39m\u001b[0m
.. [  33% ] \u001b[90m\u001b[1mloading_editor_layout\u001b[22m | Reopening scenes...\u001b[39m\u001b[0m
.. Loading resource: res://source/ui/menus/main_menu.tscn
.. Loading resource: res://source/ui/menus/MainMenu.cs
.. Loading resource: res://source/ui/terminal/terminal_window.tscn
.. Loading resource: res://source/ui/terminal/TerminalWindow.cs
.. Loading resource: res://source/assets/gui/font/Kenney Pixel.ttf
.. Loading resource: res://.godot/imported/Kenney Pixel.ttf-a3745e429d416258d76bd5a39d4bc017.fontdata
:: WARNING: Parent path 'MenuContent' for node 'TitleMargin' has vanished when instantiating: 'res://source/ui/menus/main_menu.tscn'.
:: at: instantiate (scene/resources/packed_scene.cpp:205)
:: WARNING: Parent path 'MenuContent/TitleMargin' for node 'TitleLabel' has vanished when instantiating: 'res://source/ui/menus/main_menu.tscn'.
:: at: instantiate (scene/resources/packed_scene.cpp:205)
:: WARNING: Parent path 'MenuContent' for node 'DescriptionMargin' has vanished when instantiating: 'res://source/ui/menus/main_menu.tscn'.
:: at: instantiate (scene/resources/packed_scene.cpp:205)
:: WARNING: Parent path 'MenuContent/DescriptionMargin' for node 'DescriptionLabel' has vanished when instantiating: 'res://source/ui/menus/main_menu.tscn'.
:: at: instantiate (scene/resources/packed_scene.cpp:205)
:: WARNING: Parent path 'MenuContent' for node 'MenuButtonsMargin' has vanished when instantiating: 'res://source/ui/menus/main_menu.tscn'.
:: at: instantiate (scene/resources/packed_scene.cpp:205)
:: WARNING: Parent path 'MenuContent/MenuButtonsMargin' for node 'MenuButtonsContainer' has vanished when instantiating: 'res://source/ui/menus/main_menu.tscn'.
:: at: instantiate (scene/resources/packed_scene.cpp:205)
:: WARNING: Parent path 'MenuContent/MenuButtonsMargin/MenuButtonsContainer' for node 'MenuButtonsBoxContainer' has vanished when instantiating: 'res://source/ui/menus/main_menu.tscn'.
:: at: instantiate (scene/resources/packed_scene.cpp:205)
:: WARNING: Parent path 'MenuContent/MenuButtonsMargin/MenuButtonsContainer/MenuButtonsBoxContainer' for node 'StartButton' has vanished when instantiating: 'res://source/ui/menus/main_menu.tscn'.
:: at: instantiate (scene/resources/packed_scene.cpp:205)
:: WARNING: Parent path 'MenuContent/MenuButtonsMargin/MenuButtonsContainer/MenuButtonsBoxContainer' for node 'Stage1Button' has vanished when instantiating: 'res://source/ui/menus/main_menu.tscn'.
:: at: instantiate (scene/resources/packed_scene.cpp:205)
:: WARNING: Parent path 'MenuContent/MenuButtonsMargin/MenuButtonsContainer/MenuButtonsBoxContainer' for node 'Stage2Button' has vanished when instantiating: 'res://source/ui/menus/main_menu.tscn'.
:: at: instantiate (scene/resources/packed_scene.cpp:205)
:: WARNING: Parent path 'MenuContent/MenuButtonsMargin/MenuButtonsContainer/MenuButtonsBoxContainer' for node 'Stage3Button' has vanished when instantiating: 'res://source/ui/menus/main_menu.tscn'.
:: at: instantiate (scene/resources/packed_scene.cpp:205)
:: WARNING: Parent path 'MenuContent/MenuButtonsMargin/MenuButtonsContainer/MenuButtonsBoxContainer' for node 'Stage4Button' has vanished when instantiating: 'res://source/ui/menus/main_menu.tscn'.
:: at: instantiate (scene/resources/packed_scene.cpp:205)
:: WARNING: Parent path 'MenuContent/MenuButtonsMargin/MenuButtonsContainer/MenuButtonsBoxContainer' for node 'Stage5Button' has vanished when instantiating: 'res://source/ui/menus/main_menu.tscn'.
:: at: instantiate (scene/resources/packed_scene.cpp:205)
:: WARNING: Parent path 'MenuContent/MenuButtonsMargin/MenuButtonsContainer/MenuButtonsBoxContainer' for node 'OptionsButton' has vanished when instantiating: 'res://source/ui/menus/main_menu.tscn'.
:: at: instantiate (scene/resources/packed_scene.cpp:205)
:: WARNING: Parent path 'MenuContent/MenuButtonsMargin/MenuButtonsContainer/MenuButtonsBoxContainer' for node 'HSeparator2' has vanished when instantiating: 'res://source/ui/menus/main_menu.tscn'.
:: at: instantiate (scene/resources/packed_scene.cpp:205)
:: WARNING: Parent path 'MenuContent/MenuButtonsMargin/MenuButtonsContainer/MenuButtonsBoxContainer' for node 'QuitButton' has vanished when instantiating: 'res://source/ui/menus/main_menu.tscn'.
:: at: instantiate (scene/resources/packed_scene.cpp:205)
.. Loading resource: res://source/ui/terminal/terminal_window.tscn
.. [  50% ] \u001b[90m\u001b[1mloading_editor_layout\u001b[22m | Loading central editor layout...\u001b[39m\u001b[0m
.. [  66% ] \u001b[90m\u001b[1mloading_editor_layout\u001b[22m | Loading plugin window layout...\u001b[39m\u001b[0m
.. [  83% ] \u001b[90m\u001b[1mloading_editor_layout\u001b[22m | Editor layout ready.\u001b[39m\u001b[0m
.. \u001b[92m[ DONE ]\u001b[39m \u001b[1mloading_editor_layout\u001b[22m
.. \u001b[0m
.. Failed to bind socket. Error: 3.
.. Unloading addon: res://addons/gdUnit4/plugin.cfg
.. Unloading addon: res://addons/godot_xterm/plugin.cfg
.. Script docs haven't been properly loaded or regenerated, so don't save them to disk.
.. EditorSettings: Save OK!
.. Unloading: Disposing tracked instances...
.. Unloading: Finished disposing tracked instances.
.. XR: Clearing primary interface
.. XR: Removed interface "Native mobile"
.. XR: Removed interface "OpenXR"
.. Orphan StringName: RenderingDevice (static: 2, total: 4)
.. Orphan StringName: Mesh (static: 18, total: 22)
.. Orphan StringName: Tween (static: 2, total: 6)
.. Orphan StringName: Shader (static: 3, total: 7)
.. Orphan StringName: JSON (static: 2, total: 4)
.. Orphan StringName: PTY (static: 0, total: 2)
.. Orphan StringName: ImageTexture (static: 5, total: 7)
.. Orphan StringName: Semaphore (static: 2, total: 4)
.. Orphan StringName: Terminal (static: 0, total: 2)
.. Orphan StringName: MainLoop (static: 3, total: 7)
.. Orphan StringName: TriangleMesh (static: 2, total: 6)
.. Orphan StringName: InputEvent (static: 18, total: 22)
.. Orphan StringName: InputEventMouse (static: 4, total: 6)
.. Orphan StringName: ThemeDB (static: 2, total: 4)
.. Orphan StringName: InputEventWithModifiers (static: 9, total: 11)
.. Orphan StringName: Control (static: 218, total: 220)
.. Orphan StringName: Shape3D (static: 11, total: 15)
.. Orphan StringName: Input (static: 2, total: 4)
.. Orphan StringName: InputEventFromWindow (static: 12, total: 14)
.. Orphan StringName: ResourceLoader (static: 2, total: 6)
.. Orphan StringName: SchemaValidationResult (static: 0, total: 2)
.. Orphan StringName: Font (static: 5, total: 9)
.. Orphan StringName: RenderingServer (static: 2, total: 4)
.. Orphan StringName: Image (static: 2, total: 6)
.. Orphan StringName: Resource (static: 463, total: 467)
.. Orphan StringName: StyleBoxFlat (static: 5, total: 7)
.. Orphan StringName: Schema (static: 0, total: 2)
.. Orphan StringName: OS (static: 2, total: 4)
.. Orphan StringName: Viewport (static: 59, total: 63)
.. Orphan StringName: MultiplayerAPI (static: 4, total: 8)
.. Orphan StringName: Timer (static: 2, total: 4)
.. Orphan StringName: DisplayServer (static: 2, total: 4)
.. Orphan StringName: Marshalls (static: 2, total: 4)
.. Orphan StringName: FileAccess (static: 2, total: 4)
.. Orphan StringName: Mutex (static: 2, total: 6)
.. Orphan StringName: ConcavePolygonShape3D (static: 2, total: 6)
.. Orphan StringName: Thread (static: 2, total: 4)
.. Orphan StringName: RegExMatch (static: 2, total: 4)
.. Orphan StringName: CanvasItem (static: 266, total: 270)
.. Orphan StringName: SceneTree (static: 2, total: 6)
.. Orphan StringName: InputEventMouseMotion (static: 2, total: 4)
.. Orphan StringName: InputEventMouseButton (static: 2, total: 4)
.. Orphan StringName: WeakRef (static: 2, total: 4)
.. Orphan StringName: YAMLSecurity (static: 0, total: 2)
.. Orphan StringName: Texture (static: 44, total: 48)
.. Orphan StringName: CanvasLayer (static: 3, total: 7)
.. Orphan StringName: World2D (static: 2, total: 6)
.. Orphan StringName: ShaderMaterial (static: 2, total: 4)
.. Orphan StringName: Material (static: 13, total: 17)
.. Orphan StringName: Node (static: 558, total: 563)
.. Orphan StringName: ProjectSettings (static: 2, total: 6)
.. Orphan StringName: TextServer (static: 5, total: 9)
.. Orphan StringName: RefCounted (static: 788, total: 792)
.. Orphan StringName: Object (static: 1464, total: 1468)
.. Orphan StringName: Theme (static: 3, total: 7)
.. Orphan StringName: YAMLResult (static: 0, total: 2)
.. Orphan StringName: YAMLStyle (static: 0, total: 2)
.. Orphan StringName: RDPipelineSpecializationConstant (static: 2, total: 4)
.. Orphan StringName: ConvexPolygonShape3D (static: 2, total: 6)
.. Orphan StringName: InputEventKey (static: 2, total: 4)
.. Orphan StringName: ResourceFormatLoader (static: 2, total: 6)
.. Orphan StringName: MultiMesh (static: 2, total: 6)
.. Orphan StringName: Texture2D (static: 20, total: 24)
.. Orphan StringName: Window (static: 62, total: 66)
.. Orphan StringName: StyleBox (static: 6, total: 10)
.. Orphan StringName: ClassDB (static: 2, total: 6)
.. Orphan StringName: RegEx (static: 2, total: 4)
.. Orphan StringName: Script (static: 11, total: 13)
.. Orphan StringName: YAML (static: 0, total: 2)
.. StringName: 69 unclaimed string names at exit.
Rebuild Godot Project ends with exit code: 0

======== Running GdUnit4 Godot Runtime Test Runner ========
:: ERROR: Error loading GDExtension configuration file: 'res://addons/nobodywho/nobodywho.gdextension'.
:: at: parse_gdextension_file (core/extension/gdextension_library_loader.cpp:273)
:: ERROR: GDExtension dynamic library not found: 'res://addons/nobodywho/nobodywho.gdextension'.
:: at: open_library (core/extension/gdextension.cpp:738)
:: ERROR: Error loading extension: 'res://addons/nobodywho/nobodywho.gdextension'.
:: at: load_extensions (core/extension/gdextension_manager.cpp:329)
:: Persona config not found: res://source/data/stages/ghost-terminal/hero.json
:: Persona config not found: res://source/data/stages/ghost-terminal/shadow.json
:: Persona config not found: res://source/data/stages/ghost-terminal/ambition.json
:: WARNING: Parent path 'MenuContent' for node 'TitleMargin' has vanished when instantiating: 'res://source/ui/menus/main_menu.tscn'.
:: at: instantiate (scene/resources/packed_scene.cpp:205)
:: C# backtrace (most recent call first):
:: [0] Godot.GodotObject Godot.NativeCalls.godot_icall_1_79(nint, nint, int) (/root/godot/modules/mono/glue/GodotSharp/GodotSharp/Generated/NativeCalls.cs:703)
:: [1] Godot.Node Godot.PackedScene.Instantiate(Godot.PackedScene+GenEditState) (/root/godot/modules/mono/glue/GodotSharp/GodotSharp/Generated/GodotObjects/PackedScene.cs:130)
:: [2] Godot.Node GdUnit4.Core.SceneRunner.LoadScene(string)
:: [3] GdUnit4.Core.SceneRunner..ctor(string, bool, bool)
:: [4] GdUnit4.ISceneRunner GdUnit4.ISceneRunner.Load(string, bool, bool)
:: [5] void OmegaSpiral.Tests.UI.Terminal.TerminalBorderDiagnosticsTests+&lt;Test1_BorderWidthsAreSetOnAllSides&gt;d__1.MoveNext() (/home/adam/Dev/omega-spiral/chapter-zero/tests/ui/terminal/TerminalBorderDiagnosticsTests.cs:29)
:: [6] void System.Runtime.CompilerServices.AsyncMethodBuilderCore.Start&lt;TStateMachine&gt;(TStateMachine&amp;)
:: [7] System.Threading.Tasks.Task OmegaSpiral.Tests.UI.Terminal.TerminalBorderDiagnosticsTests.Test1_BorderWidthsAreSetOnAllSides()
:: [8] object System.Reflection.MethodBaseInvoker.InterpretedInvoke_Method(object, System.IntPtr*)
:: [9] object System.Reflection.MethodBaseInvoker.InvokeWithNoArgs(object, System.Reflection.BindingFlags)
:: [10] object System.Reflection.RuntimeMethodInfo.Invoke(object, System.Reflection.BindingFlags, System.Reflection.Binder, System.Object[], System.Globalization.CultureInfo)
:: [11] void GdUnit4.Core.Execution.ExecutionStage`1+&lt;ExecuteStage&gt;d__37.MoveNext()
:: [12] void System.Runtime.CompilerServices.AsyncMethodBuilderCore.Start&lt;TStateMachine&gt;(TStateMachine&amp;)
:: [13] System.Threading.Tasks.Task GdUnit4.Core.Execution.ExecutionStage`1.ExecuteStage(GdUnit4.Core.Execution.ExecutionContext)
:: [14] void GdUnit4.Core.Execution.ExecutionStage`1+&lt;Execute&gt;d__30.MoveNext()
:: [15] void System.Runtime.CompilerServices.AsyncMethodBuilderCore.Start&lt;TStateMachine&gt;(TStateMachine&amp;)
:: [16] System.Threading.Tasks.Task GdUnit4.Core.Execution.ExecutionStage`1.Execute(GdUnit4.Core.Execution.ExecutionContext)
:: [17] System.Threading.Tasks.Task GdUnit4.Core.Execution.TestCaseExecutionStage.&lt;&gt;n__0(GdUnit4.Core.Execution.ExecutionContext)
:: [18] void GdUnit4.Core.Execution.TestCaseExecutionStage+&lt;Execute&gt;d__1.MoveNext()
:: [19] void System.Runtime.CompilerServices.AsyncMethodBuilderCore.Start&lt;TStateMachine&gt;(TStateMachine&amp;)
:: [20] System.Threading.Tasks.Task GdUnit4.Core.Execution.TestCaseExecutionStage.Execute(GdUnit4.Core.Execution.ExecutionContext)
:: [21] void GdUnit4.Core.Execution.TestSuiteExecutionStage+&lt;RunTestCase&gt;d__15.MoveNext()
:: [22] void System.Threading.ExecutionContext.RunInternal(System.Threading.ExecutionContext, System.Threading.ContextCallback, object)
:: [23] void System.Runtime.CompilerServices.AsyncTaskMethodBuilder`1+AsyncStateMachineBox`1.MoveNext(System.Threading.Thread)
:: [24] void System.Threading.Tasks.AwaitTaskContinuation.RunCallback(System.Threading.ContextCallback, object, System.Threading.Tasks.Task&amp;)
:: [25] void System.Threading.Tasks.Task.RunContinuations(object)
:: [26] bool System.Threading.Tasks.Task`1.TrySetResult(TResult)
:: [27] void System.Runtime.CompilerServices.AsyncTaskMethodBuilder`1.SetExistingTaskResult(System.Threading.Tasks.Task`1[TResult], TResult)
:: [28] void GdUnit4.Core.Execution.BeforeTestExecutionStage+&lt;Execute&gt;d__1.MoveNext()
:: [29] void System.Threading.ExecutionContext.RunInternal(System.Threading.ExecutionContext, System.Threading.ContextCallback, object)
:: [30] void System.Runtime.CompilerServices.AsyncTaskMethodBuilder`1+AsyncStateMachineBox`1.MoveNext(System.Threading.Thread)
:: [31] void System.Threading.Tasks.AwaitTaskContinuation.RunCallback(System.Threading.ContextCallback, object, System.Threading.Tasks.Task&amp;)
:: [32] void System.Threading.Tasks.Task.RunContinuations(object)
:: [33] bool System.Threading.Tasks.Task`1.TrySetResult(TResult)
:: [34] void System.Runtime.CompilerServices.AsyncTaskMethodBuilder`1.SetExistingTaskResult(System.Threading.Tasks.Task`1[TResult], TResult)
:: [35] void GdUnit4.Core.Execution.ExecutionStage`1+&lt;Execute&gt;d__30.MoveNext()
:: [36] void System.Threading.ExecutionContext.RunInternal(System.Threading.ExecutionContext, System.Threading.ContextCallback, object)
:: [37] void System.Runtime.CompilerServices.AsyncTaskMethodBuilder`1+AsyncStateMachineBox`1.MoveNext(System.Threading.Thread)
:: [38] void Godot.GodotSynchronizationContext.ExecutePendingContinuations() (/root/godot/modules/mono/glue/GodotSharp/GodotSharp/Core/GodotSynchronizationContext.cs:51)
:: [39] void Godot.GodotTaskScheduler.Activate() (/root/godot/modules/mono/glue/GodotSharp/GodotSharp/Core/GodotTaskScheduler.cs:76)
:: [40] void Godot.Bridge.ScriptManagerBridge.FrameCallback() (/root/godot/modules/mono/glue/GodotSharp/GodotSharp/Core/Bridge/ScriptManagerBridge.cs:84)
:: WARNING: Parent path 'MenuContent/TitleMargin' for node 'TitleLabel' has vanished when instantiating: 'res://source/ui/menus/main_menu.tscn'.
:: at: instantiate (scene/resources/packed_scene.cpp:205)
:: C# backtrace (most recent call first):
:: [0] Godot.GodotObject Godot.NativeCalls.godot_icall_1_79(nint, nint, int) (/root/godot/modules/mono/glue/GodotSharp/GodotSharp/Generated/NativeCalls.cs:703)
:: [1] Godot.Node Godot.PackedScene.Instantiate(Godot.PackedScene+GenEditState) (/root/godot/modules/mono/glue/GodotSharp/GodotSharp/Generated/GodotObjects/PackedScene.cs:130)
:: [2] Godot.Node GdUnit4.Core.SceneRunner.LoadScene(string)
:: [3] GdUnit4.Core.SceneRunner..ctor(string, bool, bool)
:: [4] GdUnit4.ISceneRunner GdUnit4.ISceneRunner.Load(string, bool, bool)
:: [5] void OmegaSpiral.Tests.UI.Terminal.TerminalBorderDiagnosticsTests+&lt;Test1_BorderWidthsAreSetOnAllSides&gt;d__1.MoveNext() (/home/adam/Dev/omega-spiral/chapter-zero/tests/ui/terminal/TerminalBorderDiagnosticsTests.cs:29)
:: [6] void System.Runtime.CompilerServices.AsyncMethodBuilderCore.Start&lt;TStateMachine&gt;(TStateMachine&amp;)
:: [7] System.Threading.Tasks.Task OmegaSpiral.Tests.UI.Terminal.TerminalBorderDiagnosticsTests.Test1_BorderWidthsAreSetOnAllSides()
:: [8] object System.Reflection.MethodBaseInvoker.InterpretedInvoke_Method(object, System.IntPtr*)
:: [9] object System.Reflection.MethodBaseInvoker.InvokeWithNoArgs(object, System.Reflection.BindingFlags)
:: [10] object System.Reflection.RuntimeMethodInfo.Invoke(object, System.Reflection.BindingFlags, System.Reflection.Binder, System.Object[], System.Globalization.CultureInfo)
:: [11] void GdUnit4.Core.Execution.ExecutionStage`1+&lt;ExecuteStage&gt;d__37.MoveNext()
:: [12] void System.Runtime.CompilerServices.AsyncMethodBuilderCore.Start&lt;TStateMachine&gt;(TStateMachine&amp;)
:: [13] System.Threading.Tasks.Task GdUnit4.Core.Execution.ExecutionStage`1.ExecuteStage(GdUnit4.Core.Execution.ExecutionContext)
:: [14] void GdUnit4.Core.Execution.ExecutionStage`1+&lt;Execute&gt;d__30.MoveNext()
:: [15] void System.Runtime.CompilerServices.AsyncMethodBuilderCore.Start&lt;TStateMachine&gt;(TStateMachine&amp;)
:: [16] System.Threading.Tasks.Task GdUnit4.Core.Execution.ExecutionStage`1.Execute(GdUnit4.Core.Execution.ExecutionContext)
:: [17] System.Threading.Tasks.Task GdUnit4.Core.Execution.TestCaseExecutionStage.&lt;&gt;n__0(GdUnit4.Core.Execution.ExecutionContext)
:: [18] void GdUnit4.Core.Execution.TestCaseExecutionStage+&lt;Execute&gt;d__1.MoveNext()
:: [19] void System.Runtime.CompilerServices.AsyncMethodBuilderCore.Start&lt;TStateMachine&gt;(TStateMachine&amp;)
:: [20] System.Threading.Tasks.Task GdUnit4.Core.Execution.TestCaseExecutionStage.Execute(GdUnit4.Core.Execution.ExecutionContext)
:: [21] void GdUnit4.Core.Execution.TestSuiteExecutionStage+&lt;RunTestCase&gt;d__15.MoveNext()
:: [22] void System.Threading.ExecutionContext.RunInternal(System.Threading.ExecutionContext, System.Threading.ContextCallback, object)
:: [23] void System.Runtime.CompilerServices.AsyncTaskMethodBuilder`1+AsyncStateMachineBox`1.MoveNext(System.Threading.Thread)
:: [24] void System.Threading.Tasks.AwaitTaskContinuation.RunCallback(System.Threading.ContextCallback, object, System.Threading.Tasks.Task&amp;)
:: [25] void System.Threading.Tasks.Task.RunContinuations(object)
:: [26] bool System.Threading.Tasks.Task`1.TrySetResult(TResult)
:: [27] void System.Runtime.CompilerServices.AsyncTaskMethodBuilder`1.SetExistingTaskResult(System.Threading.Tasks.Task`1[TResult], TResult)
:: [28] void GdUnit4.Core.Execution.BeforeTestExecutionStage+&lt;Execute&gt;d__1.MoveNext()
:: [29] void System.Threading.ExecutionContext.RunInternal(System.Threading.ExecutionContext, System.Threading.ContextCallback, object)
:: [30] void System.Runtime.CompilerServices.AsyncTaskMethodBuilder`1+AsyncStateMachineBox`1.MoveNext(System.Threading.Thread)
:: [31] void System.Threading.Tasks.AwaitTaskContinuation.RunCallback(System.Threading.ContextCallback, object, System.Threading.Tasks.Task&amp;)
:: [32] void System.Threading.Tasks.Task.RunContinuations(object)
:: [33] bool System.Threading.Tasks.Task`1.TrySetResult(TResult)
:: [34] void System.Runtime.CompilerServices.AsyncTaskMethodBuilder`1.SetExistingTaskResult(System.Threading.Tasks.Task`1[TResult], TResult)
:: [35] void GdUnit4.Core.Execution.ExecutionStage`1+&lt;Execute&gt;d__30.MoveNext()
:: [36] void System.Threading.ExecutionContext.RunInternal(System.Threading.ExecutionContext, System.Threading.ContextCallback, object)
:: [37] void System.Runtime.CompilerServices.AsyncTaskMethodBuilder`1+AsyncStateMachineBox`1.MoveNext(System.Threading.Thread)
:: [38] void Godot.GodotSynchronizationContext.ExecutePendingContinuations() (/root/godot/modules/mono/glue/GodotSharp/GodotSharp/Core/GodotSynchronizationContext.cs:51)
:: [39] void Godot.GodotTaskScheduler.Activate() (/root/godot/modules/mono/glue/GodotSharp/GodotSharp/Core/GodotTaskScheduler.cs:76)
:: [40] void Godot.Bridge.ScriptManagerBridge.FrameCallback() (/root/godot/modules/mono/glue/GodotSharp/GodotSharp/Core/Bridge/ScriptManagerBridge.cs:84)
:: WARNING: Parent path 'MenuContent' for node 'DescriptionMargin' has vanished when instantiating: 'res://source/ui/menus/main_menu.tscn'.
:: at: instantiate (scene/resources/packed_scene.cpp:205)
:: C# backtrace (most recent call first):
:: [0] Godot.GodotObject Godot.NativeCalls.godot_icall_1_79(nint, nint, int) (/root/godot/modules/mono/glue/GodotSharp/GodotSharp/Generated/NativeCalls.cs:703)
:: [1] Godot.Node Godot.PackedScene.Instantiate(Godot.PackedScene+GenEditState) (/root/godot/modules/mono/glue/GodotSharp/GodotSharp/Generated/GodotObjects/PackedScene.cs:130)
:: [2] Godot.Node GdUnit4.Core.SceneRunner.LoadScene(string)
:: [3] GdUnit4.Core.SceneRunner..ctor(string, bool, bool)
:: [4] GdUnit4.ISceneRunner GdUnit4.ISceneRunner.Load(string, bool, bool)
:: [5] void OmegaSpiral.Tests.UI.Terminal.TerminalBorderDiagnosticsTests+&lt;Test1_BorderWidthsAreSetOnAllSides&gt;d__1.MoveNext() (/home/adam/Dev/omega-spiral/chapter-zero/tests/ui/terminal/TerminalBorderDiagnosticsTests.cs:29)
:: [6] void System.Runtime.CompilerServices.AsyncMethodBuilderCore.Start&lt;TStateMachine&gt;(TStateMachine&amp;)
:: [7] System.Threading.Tasks.Task OmegaSpiral.Tests.UI.Terminal.TerminalBorderDiagnosticsTests.Test1_BorderWidthsAreSetOnAllSides()
:: [8] object System.Reflection.MethodBaseInvoker.InterpretedInvoke_Method(object, System.IntPtr*)
:: [9] object System.Reflection.MethodBaseInvoker.InvokeWithNoArgs(object, System.Reflection.BindingFlags)
:: [10] object System.Reflection.RuntimeMethodInfo.Invoke(object, System.Reflection.BindingFlags, System.Reflection.Binder, System.Object[], System.Globalization.CultureInfo)
:: [11] void GdUnit4.Core.Execution.ExecutionStage`1+&lt;ExecuteStage&gt;d__37.MoveNext()
:: [12] void System.Runtime.CompilerServices.AsyncMethodBuilderCore.Start&lt;TStateMachine&gt;(TStateMachine&amp;)
:: [13] System.Threading.Tasks.Task GdUnit4.Core.Execution.ExecutionStage`1.ExecuteStage(GdUnit4.Core.Execution.ExecutionContext)
:: [14] void GdUnit4.Core.Execution.ExecutionStage`1+&lt;Execute&gt;d__30.MoveNext()
:: [15] void System.Runtime.CompilerServices.AsyncMethodBuilderCore.Start&lt;TStateMachine&gt;(TStateMachine&amp;)
:: [16] System.Threading.Tasks.Task GdUnit4.Core.Execution.ExecutionStage`1.Execute(GdUnit4.Core.Execution.ExecutionContext)
:: [17] System.Threading.Tasks.Task GdUnit4.Core.Execution.TestCaseExecutionStage.&lt;&gt;n__0(GdUnit4.Core.Execution.ExecutionContext)
:: [18] void GdUnit4.Core.Execution.TestCaseExecutionStage+&lt;Execute&gt;d__1.MoveNext()
:: [19] void System.Runtime.CompilerServices.AsyncMethodBuilderCore.Start&lt;TStateMachine&gt;(TStateMachine&amp;)
:: [20] System.Threading.Tasks.Task GdUnit4.Core.Execution.TestCaseExecutionStage.Execute(GdUnit4.Core.Execution.ExecutionContext)
:: [21] void GdUnit4.Core.Execution.TestSuiteExecutionStage+&lt;RunTestCase&gt;d__15.MoveNext()
:: [22] void System.Threading.ExecutionContext.RunInternal(System.Threading.ExecutionContext, System.Threading.ContextCallback, object)
:: [23] void System.Runtime.CompilerServices.AsyncTaskMethodBuilder`1+AsyncStateMachineBox`1.MoveNext(System.Threading.Thread)
:: [24] void System.Threading.Tasks.AwaitTaskContinuation.RunCallback(System.Threading.ContextCallback, object, System.Threading.Tasks.Task&amp;)
:: [25] void System.Threading.Tasks.Task.RunContinuations(object)
:: [26] bool System.Threading.Tasks.Task`1.TrySetResult(TResult)
:: [27] void System.Runtime.CompilerServices.AsyncTaskMethodBuilder`1.SetExistingTaskResult(System.Threading.Tasks.Task`1[TResult], TResult)
:: [28] void GdUnit4.Core.Execution.BeforeTestExecutionStage+&lt;Execute&gt;d__1.MoveNext()
:: [29] void System.Threading.ExecutionContext.RunInternal(System.Threading.ExecutionContext, System.Threading.ContextCallback, object)
:: [30] void System.Runtime.CompilerServices.AsyncTaskMethodBuilder`1+AsyncStateMachineBox`1.MoveNext(System.Threading.Thread)
:: [31] void System.Threading.Tasks.AwaitTaskContinuation.RunCallback(System.Threading.ContextCallback, object, System.Threading.Tasks.Task&amp;)
:: [32] void System.Threading.Tasks.Task.RunContinuations(object)
:: [33] bool System.Threading.Tasks.Task`1.TrySetResult(TResult)
:: [34] void System.Runtime.CompilerServices.AsyncTaskMethodBuilder`1.SetExistingTaskResult(System.Threading.Tasks.Task`1[TResult], TResult)
:: [35] void GdUnit4.Core.Execution.ExecutionStage`1+&lt;Execute&gt;d__30.MoveNext()
:: [36] void System.Threading.ExecutionContext.RunInternal(System.Threading.ExecutionContext, System.Threading.ContextCallback, object)
:: [37] void System.Runtime.CompilerServices.AsyncTaskMethodBuilder`1+AsyncStateMachineBox`1.MoveNext(System.Threading.Thread)
:: [38] void Godot.GodotSynchronizationContext.ExecutePendingContinuations() (/root/godot/modules/mono/glue/GodotSharp/GodotSharp/Core/GodotSynchronizationContext.cs:51)
:: [39] void Godot.GodotTaskScheduler.Activate() (/root/godot/modules/mono/glue/GodotSharp/GodotSharp/Core/GodotTaskScheduler.cs:76)
:: [40] void Godot.Bridge.ScriptManagerBridge.FrameCallback() (/root/godot/modules/mono/glue/GodotSharp/GodotSharp/Core/Bridge/ScriptManagerBridge.cs:84)
:: WARNING: Parent path 'MenuContent/DescriptionMargin' for node 'DescriptionLabel' has vanished when instantiating: 'res://source/ui/menus/main_menu.tscn'.
:: at: instantiate (scene/resources/packed_scene.cpp:205)
:: C# backtrace (most recent call first):
:: [0] Godot.GodotObject Godot.NativeCalls.godot_icall_1_79(nint, nint, int) (/root/godot/modules/mono/glue/GodotSharp/GodotSharp/Generated/NativeCalls.cs:703)
:: [1] Godot.Node Godot.PackedScene.Instantiate(Godot.PackedScene+GenEditState) (/root/godot/modules/mono/glue/GodotSharp/GodotSharp/Generated/GodotObjects/PackedScene.cs:130)
:: [2] Godot.Node GdUnit4.Core.SceneRunner.LoadScene(string)
:: [3] GdUnit4.Core.SceneRunner..ctor(string, bool, bool)
:: [4] GdUnit4.ISceneRunner GdUnit4.ISceneRunner.Load(string, bool, bool)
:: [5] void OmegaSpiral.Tests.UI.Terminal.TerminalBorderDiagnosticsTests+&lt;Test1_BorderWidthsAreSetOnAllSides&gt;d__1.MoveNext() (/home/adam/Dev/omega-spiral/chapter-zero/tests/ui/terminal/TerminalBorderDiagnosticsTests.cs:29)
:: [6] void System.Runtime.CompilerServices.AsyncMethodBuilderCore.Start&lt;TStateMachine&gt;(TStateMachine&amp;)
:: [7] System.Threading.Tasks.Task OmegaSpiral.Tests.UI.Terminal.TerminalBorderDiagnosticsTests.Test1_BorderWidthsAreSetOnAllSides()
:: [8] object System.Reflection.MethodBaseInvoker.InterpretedInvoke_Method(object, System.IntPtr*)
:: [9] object System.Reflection.MethodBaseInvoker.InvokeWithNoArgs(object, System.Reflection.BindingFlags)
:: [10] object System.Reflection.RuntimeMethodInfo.Invoke(object, System.Reflection.BindingFlags, System.Reflection.Binder, System.Object[], System.Globalization.CultureInfo)
:: [11] void GdUnit4.Core.Execution.ExecutionStage`1+&lt;ExecuteStage&gt;d__37.MoveNext()
:: [12] void System.Runtime.CompilerServices.AsyncMethodBuilderCore.Start&lt;TStateMachine&gt;(TStateMachine&amp;)
:: [13] System.Threading.Tasks.Task GdUnit4.Core.Execution.ExecutionStage`1.ExecuteStage(GdUnit4.Core.Execution.ExecutionContext)
:: [14] void GdUnit4.Core.Execution.ExecutionStage`1+&lt;Execute&gt;d__30.MoveNext()
:: [15] void System.Runtime.CompilerServices.AsyncMethodBuilderCore.Start&lt;TStateMachine&gt;(TStateMachine&amp;)
:: [16] System.Threading.Tasks.Task GdUnit4.Core.Execution.ExecutionStage`1.Execute(GdUnit4.Core.Execution.ExecutionContext)
:: [17] System.Threading.Tasks.Task GdUnit4.Core.Execution.TestCaseExecutionStage.&lt;&gt;n__0(GdUnit4.Core.Execution.ExecutionContext)
:: [18] void GdUnit4.Core.Execution.TestCaseExecutionStage+&lt;Execute&gt;d__1.MoveNext()
:: [19] void System.Runtime.CompilerServices.AsyncMethodBuilderCore.Start&lt;TStateMachine&gt;(TStateMachine&amp;)
:: [20] System.Threading.Tasks.Task GdUnit4.Core.Execution.TestCaseExecutionStage.Execute(GdUnit4.Core.Execution.ExecutionContext)
:: [21] void GdUnit4.Core.Execution.TestSuiteExecutionStage+&lt;RunTestCase&gt;d__15.MoveNext()
:: [22] void System.Threading.ExecutionContext.RunInternal(System.Threading.ExecutionContext, System.Threading.ContextCallback, object)
:: [23] void System.Runtime.CompilerServices.AsyncTaskMethodBuilder`1+AsyncStateMachineBox`1.MoveNext(System.Threading.Thread)
:: [24] void System.Threading.Tasks.AwaitTaskContinuation.RunCallback(System.Threading.ContextCallback, object, System.Threading.Tasks.Task&amp;)
:: [25] void System.Threading.Tasks.Task.RunContinuations(object)
:: [26] bool System.Threading.Tasks.Task`1.TrySetResult(TResult)
:: [27] void System.Runtime.CompilerServices.AsyncTaskMethodBuilder`1.SetExistingTaskResult(System.Threading.Tasks.Task`1[TResult], TResult)
:: [28] void GdUnit4.Core.Execution.BeforeTestExecutionStage+&lt;Execute&gt;d__1.MoveNext()
:: [29] void System.Threading.ExecutionContext.RunInternal(System.Threading.ExecutionContext, System.Threading.ContextCallback, object)
:: [30] void System.Runtime.CompilerServices.AsyncTaskMethodBuilder`1+AsyncStateMachineBox`1.MoveNext(System.Threading.Thread)
:: [31] void System.Threading.Tasks.AwaitTaskContinuation.RunCallback(System.Threading.ContextCallback, object, System.Threading.Tasks.Task&amp;)
:: [32] void System.Threading.Tasks.Task.RunContinuations(object)
:: [33] bool System.Threading.Tasks.Task`1.TrySetResult(TResult)
:: [34] void System.Runtime.CompilerServices.AsyncTaskMethodBuilder`1.SetExistingTaskResult(System.Threading.Tasks.Task`1[TResult], TResult)
:: [35] void GdUnit4.Core.Execution.ExecutionStage`1+&lt;Execute&gt;d__30.MoveNext()
:: [36] void System.Threading.ExecutionContext.RunInternal(System.Threading.ExecutionContext, System.Threading.ContextCallback, object)
:: [37] void System.Runtime.CompilerServices.AsyncTaskMethodBuilder`1+AsyncStateMachineBox`1.MoveNext(System.Threading.Thread)
:: [38] void Godot.GodotSynchronizationContext.ExecutePendingContinuations() (/root/godot/modules/mono/glue/GodotSharp/GodotSharp/Core/GodotSynchronizationContext.cs:51)
:: [39] void Godot.GodotTaskScheduler.Activate() (/root/godot/modules/mono/glue/GodotSharp/GodotSharp/Core/GodotTaskScheduler.cs:76)
:: [40] void Godot.Bridge.ScriptManagerBridge.FrameCallback() (/root/godot/modules/mono/glue/GodotSharp/GodotSharp/Core/Bridge/ScriptManagerBridge.cs:84)
:: WARNING: Parent path 'MenuContent' for node 'MenuButtonsMargin' has vanished when instantiating: 'res://source/ui/menus/main_menu.tscn'.
:: at: instantiate (scene/resources/packed_scene.cpp:205)
:: C# backtrace (most recent call first):
:: [0] Godot.GodotObject Godot.NativeCalls.godot_icall_1_79(nint, nint, int) (/root/godot/modules/mono/glue/GodotSharp/GodotSharp/Generated/NativeCalls.cs:703)
:: [1] Godot.Node Godot.PackedScene.Instantiate(Godot.PackedScene+GenEditState) (/root/godot/modules/mono/glue/GodotSharp/GodotSharp/Generated/GodotObjects/PackedScene.cs:130)
:: [2] Godot.Node GdUnit4.Core.SceneRunner.LoadScene(string)
:: [3] GdUnit4.Core.SceneRunner..ctor(string, bool, bool)
:: [4] GdUnit4.ISceneRunner GdUnit4.ISceneRunner.Load(string, bool, bool)
:: [5] void OmegaSpiral.Tests.UI.Terminal.TerminalBorderDiagnosticsTests+&lt;Test1_BorderWidthsAreSetOnAllSides&gt;d__1.MoveNext() (/home/adam/Dev/omega-spiral/chapter-zero/tests/ui/terminal/TerminalBorderDiagnosticsTests.cs:29)
:: [6] void System.Runtime.CompilerServices.AsyncMethodBuilderCore.Start&lt;TStateMachine&gt;(TStateMachine&amp;)
:: [7] System.Threading.Tasks.Task OmegaSpiral.Tests.UI.Terminal.TerminalBorderDiagnosticsTests.Test1_BorderWidthsAreSetOnAllSides()
:: [8] object System.Reflection.MethodBaseInvoker.InterpretedInvoke_Method(object, System.IntPtr*)
:: [9] object System.Reflection.MethodBaseInvoker.InvokeWithNoArgs(object, System.Reflection.BindingFlags)
:: [10] object System.Reflection.RuntimeMethodInfo.Invoke(object, System.Reflection.BindingFlags, System.Reflection.Binder, System.Object[], System.Globalization.CultureInfo)
:: [11] void GdUnit4.Core.Execution.ExecutionStage`1+&lt;ExecuteStage&gt;d__37.MoveNext()
:: [12] void System.Runtime.CompilerServices.AsyncMethodBuilderCore.Start&lt;TStateMachine&gt;(TStateMachine&amp;)
:: [13] System.Threading.Tasks.Task GdUnit4.Core.Execution.ExecutionStage`1.ExecuteStage(GdUnit4.Core.Execution.ExecutionContext)
:: [14] void GdUnit4.Core.Execution.ExecutionStage`1+&lt;Execute&gt;d__30.MoveNext()
:: [15] void System.Runtime.CompilerServices.AsyncMethodBuilderCore.Start&lt;TStateMachine&gt;(TStateMachine&amp;)
:: [16] System.Threading.Tasks.Task GdUnit4.Core.Execution.ExecutionStage`1.Execute(GdUnit4.Core.Execution.ExecutionContext)
:: [17] System.Threading.Tasks.Task GdUnit4.Core.Execution.TestCaseExecutionStage.&lt;&gt;n__0(GdUnit4.Core.Execution.ExecutionContext)
:: [18] void GdUnit4.Core.Execution.TestCaseExecutionStage+&lt;Execute&gt;d__1.MoveNext()
:: [19] void System.Runtime.CompilerServices.AsyncMethodBuilderCore.Start&lt;TStateMachine&gt;(TStateMachine&amp;)
:: [20] System.Threading.Tasks.Task GdUnit4.Core.Execution.TestCaseExecutionStage.Execute(GdUnit4.Core.Execution.ExecutionContext)
:: [21] void GdUnit4.Core.Execution.TestSuiteExecutionStage+&lt;RunTestCase&gt;d__15.MoveNext()
:: [22] void System.Threading.ExecutionContext.RunInternal(System.Threading.ExecutionContext, System.Threading.ContextCallback, object)
:: [23] void System.Runtime.CompilerServices.AsyncTaskMethodBuilder`1+AsyncStateMachineBox`1.MoveNext(System.Threading.Thread)
:: [24] void System.Threading.Tasks.AwaitTaskContinuation.RunCallback(System.Threading.ContextCallback, object, System.Threading.Tasks.Task&amp;)
:: [25] void System.Threading.Tasks.Task.RunContinuations(object)
:: [26] bool System.Threading.Tasks.Task`1.TrySetResult(TResult)
:: [27] void System.Runtime.CompilerServices.AsyncTaskMethodBuilder`1.SetExistingTaskResult(System.Threading.Tasks.Task`1[TResult], TResult)
:: [28] void GdUnit4.Core.Execution.BeforeTestExecutionStage+&lt;Execute&gt;d__1.MoveNext()
:: [29] void System.Threading.ExecutionContext.RunInternal(System.Threading.ExecutionContext, System.Threading.ContextCallback, object)
:: [30] void System.Runtime.CompilerServices.AsyncTaskMethodBuilder`1+AsyncStateMachineBox`1.MoveNext(System.Threading.Thread)
:: [31] void System.Threading.Tasks.AwaitTaskContinuation.RunCallback(System.Threading.ContextCallback, object, System.Threading.Tasks.Task&amp;)
:: [32] void System.Threading.Tasks.Task.RunContinuations(object)
:: [33] bool System.Threading.Tasks.Task`1.TrySetResult(TResult)
:: [34] void System.Runtime.CompilerServices.AsyncTaskMethodBuilder`1.SetExistingTaskResult(System.Threading.Tasks.Task`1[TResult], TResult)
:: [35] void GdUnit4.Core.Execution.ExecutionStage`1+&lt;Execute&gt;d__30.MoveNext()
:: [36] void System.Threading.ExecutionContext.RunInternal(System.Threading.ExecutionContext, System.Threading.ContextCallback, object)
:: [37] void System.Runtime.CompilerServices.AsyncTaskMethodBuilder`1+AsyncStateMachineBox`1.MoveNext(System.Threading.Thread)
:: [38] void Godot.GodotSynchronizationContext.ExecutePendingContinuations() (/root/godot/modules/mono/glue/GodotSharp/GodotSharp/Core/GodotSynchronizationContext.cs:51)
:: [39] void Godot.GodotTaskScheduler.Activate() (/root/godot/modules/mono/glue/GodotSharp/GodotSharp/Core/GodotTaskScheduler.cs:76)
:: [40] void Godot.Bridge.ScriptManagerBridge.FrameCallback() (/root/godot/modules/mono/glue/GodotSharp/GodotSharp/Core/Bridge/ScriptManagerBridge.cs:84)
:: WARNING: Parent path 'MenuContent/MenuButtonsMargin' for node 'MenuButtonsContainer' has vanished when instantiating: 'res://source/ui/menus/main_menu.tscn'.
:: at: instantiate (scene/resources/packed_scene.cpp:205)
:: C# backtrace (most recent call first):
:: [0] Godot.GodotObject Godot.NativeCalls.godot_icall_1_79(nint, nint, int) (/root/godot/modules/mono/glue/GodotSharp/GodotSharp/Generated/NativeCalls.cs:703)
:: [1] Godot.Node Godot.PackedScene.Instantiate(Godot.PackedScene+GenEditState) (/root/godot/modules/mono/glue/GodotSharp/GodotSharp/Generated/GodotObjects/PackedScene.cs:130)
:: [2] Godot.Node GdUnit4.Core.SceneRunner.LoadScene(string)
:: [3] GdUnit4.Core.SceneRunner..ctor(string, bool, bool)
:: [4] GdUnit4.ISceneRunner GdUnit4.ISceneRunner.Load(string, bool, bool)
:: [5] void OmegaSpiral.Tests.UI.Terminal.TerminalBorderDiagnosticsTests+&lt;Test1_BorderWidthsAreSetOnAllSides&gt;d__1.MoveNext() (/home/adam/Dev/omega-spiral/chapter-zero/tests/ui/terminal/TerminalBorderDiagnosticsTests.cs:29)
:: [6] void System.Runtime.CompilerServices.AsyncMethodBuilderCore.Start&lt;TStateMachine&gt;(TStateMachine&amp;)
:: [7] System.Threading.Tasks.Task OmegaSpiral.Tests.UI.Terminal.TerminalBorderDiagnosticsTests.Test1_BorderWidthsAreSetOnAllSides()
:: [8] object System.Reflection.MethodBaseInvoker.InterpretedInvoke_Method(object, System.IntPtr*)
:: [9] object System.Reflection.MethodBaseInvoker.InvokeWithNoArgs(object, System.Reflection.BindingFlags)
:: [10] object System.Reflection.RuntimeMethodInfo.Invoke(object, System.Reflection.BindingFlags, System.Reflection.Binder, System.Object[], System.Globalization.CultureInfo)
:: [11] void GdUnit4.Core.Execution.ExecutionStage`1+&lt;ExecuteStage&gt;d__37.MoveNext()
:: [12] void System.Runtime.CompilerServices.AsyncMethodBuilderCore.Start&lt;TStateMachine&gt;(TStateMachine&amp;)
:: [13] System.Threading.Tasks.Task GdUnit4.Core.Execution.ExecutionStage`1.ExecuteStage(GdUnit4.Core.Execution.ExecutionContext)
:: [14] void GdUnit4.Core.Execution.ExecutionStage`1+&lt;Execute&gt;d__30.MoveNext()
:: [15] void System.Runtime.CompilerServices.AsyncMethodBuilderCore.Start&lt;TStateMachine&gt;(TStateMachine&amp;)
:: [16] System.Threading.Tasks.Task GdUnit4.Core.Execution.ExecutionStage`1.Execute(GdUnit4.Core.Execution.ExecutionContext)
:: [17] System.Threading.Tasks.Task GdUnit4.Core.Execution.TestCaseExecutionStage.&lt;&gt;n__0(GdUnit4.Core.Execution.ExecutionContext)
:: [18] void GdUnit4.Core.Execution.TestCaseExecutionStage+&lt;Execute&gt;d__1.MoveNext()
:: [19] void System.Runtime.CompilerServices.AsyncMethodBuilderCore.Start&lt;TStateMachine&gt;(TStateMachine&amp;)
:: [20] System.Threading.Tasks.Task GdUnit4.Core.Execution.TestCaseExecutionStage.Execute(GdUnit4.Core.Execution.ExecutionContext)
:: [21] void GdUnit4.Core.Execution.TestSuiteExecutionStage+&lt;RunTestCase&gt;d__15.MoveNext()
:: [22] void System.Threading.ExecutionContext.RunInternal(System.Threading.ExecutionContext, System.Threading.ContextCallback, object)
:: [23] void System.Runtime.CompilerServices.AsyncTaskMethodBuilder`1+AsyncStateMachineBox`1.MoveNext(System.Threading.Thread)
:: [24] void System.Threading.Tasks.AwaitTaskContinuation.RunCallback(System.Threading.ContextCallback, object, System.Threading.Tasks.Task&amp;)
:: [25] void System.Threading.Tasks.Task.RunContinuations(object)
:: [26] bool System.Threading.Tasks.Task`1.TrySetResult(TResult)
:: [27] void System.Runtime.CompilerServices.AsyncTaskMethodBuilder`1.SetExistingTaskResult(System.Threading.Tasks.Task`1[TResult], TResult)
:: [28] void GdUnit4.Core.Execution.BeforeTestExecutionStage+&lt;Execute&gt;d__1.MoveNext()
:: [29] void System.Threading.ExecutionContext.RunInternal(System.Threading.ExecutionContext, System.Threading.ContextCallback, object)
:: [30] void System.Runtime.CompilerServices.AsyncTaskMethodBuilder`1+AsyncStateMachineBox`1.MoveNext(System.Threading.Thread)
:: [31] void System.Threading.Tasks.AwaitTaskContinuation.RunCallback(System.Threading.ContextCallback, object, System.Threading.Tasks.Task&amp;)
:: [32] void System.Threading.Tasks.Task.RunContinuations(object)
:: [33] bool System.Threading.Tasks.Task`1.TrySetResult(TResult)
:: [34] void System.Runtime.CompilerServices.AsyncTaskMethodBuilder`1.SetExistingTaskResult(System.Threading.Tasks.Task`1[TResult], TResult)
:: [35] void GdUnit4.Core.Execution.ExecutionStage`1+&lt;Execute&gt;d__30.MoveNext()
:: [36] void System.Threading.ExecutionContext.RunInternal(System.Threading.ExecutionContext, System.Threading.ContextCallback, object)
:: [37] void System.Runtime.CompilerServices.AsyncTaskMethodBuilder`1+AsyncStateMachineBox`1.MoveNext(System.Threading.Thread)
:: [38] void Godot.GodotSynchronizationContext.ExecutePendingContinuations() (/root/godot/modules/mono/glue/GodotSharp/GodotSharp/Core/GodotSynchronizationContext.cs:51)
:: [39] void Godot.GodotTaskScheduler.Activate() (/root/godot/modules/mono/glue/GodotSharp/GodotSharp/Core/GodotTaskScheduler.cs:76)
:: [40] void Godot.Bridge.ScriptManagerBridge.FrameCallback() (/root/godot/modules/mono/glue/GodotSharp/GodotSharp/Core/Bridge/ScriptManagerBridge.cs:84)
:: WARNING: Parent path 'MenuContent/MenuButtonsMargin/MenuButtonsContainer' for node 'MenuButtonsBoxContainer' has vanished when instantiating: 'res://source/ui/menus/main_menu.tscn'.
:: at: instantiate (scene/resources/packed_scene.cpp:205)
:: C# backtrace (most recent call first):
:: [0] Godot.GodotObject Godot.NativeCalls.godot_icall_1_79(nint, nint, int) (/root/godot/modules/mono/glue/GodotSharp/GodotSharp/Generated/NativeCalls.cs:703)
:: [1] Godot.Node Godot.PackedScene.Instantiate(Godot.PackedScene+GenEditState) (/root/godot/modules/mono/glue/GodotSharp/GodotSharp/Generated/GodotObjects/PackedScene.cs:130)
:: [2] Godot.Node GdUnit4.Core.SceneRunner.LoadScene(string)
:: [3] GdUnit4.Core.SceneRunner..ctor(string, bool, bool)
:: [4] GdUnit4.ISceneRunner GdUnit4.ISceneRunner.Load(string, bool, bool)
:: [5] void OmegaSpiral.Tests.UI.Terminal.TerminalBorderDiagnosticsTests+&lt;Test1_BorderWidthsAreSetOnAllSides&gt;d__1.MoveNext() (/home/adam/Dev/omega-spiral/chapter-zero/tests/ui/terminal/TerminalBorderDiagnosticsTests.cs:29)
:: [6] void System.Runtime.CompilerServices.AsyncMethodBuilderCore.Start&lt;TStateMachine&gt;(TStateMachine&amp;)
:: [7] System.Threading.Tasks.Task OmegaSpiral.Tests.UI.Terminal.TerminalBorderDiagnosticsTests.Test1_BorderWidthsAreSetOnAllSides()
:: [8] object System.Reflection.MethodBaseInvoker.InterpretedInvoke_Method(object, System.IntPtr*)
:: [9] object System.Reflection.MethodBaseInvoker.InvokeWithNoArgs(object, System.Reflection.BindingFlags)
:: [10] object System.Reflection.RuntimeMethodInfo.Invoke(object, System.Reflection.BindingFlags, System.Reflection.Binder, System.Object[], System.Globalization.CultureInfo)
:: [11] void GdUnit4.Core.Execution.ExecutionStage`1+&lt;ExecuteStage&gt;d__37.MoveNext()
:: [12] void System.Runtime.CompilerServices.AsyncMethodBuilderCore.Start&lt;TStateMachine&gt;(TStateMachine&amp;)
:: [13] System.Threading.Tasks.Task GdUnit4.Core.Execution.ExecutionStage`1.ExecuteStage(GdUnit4.Core.Execution.ExecutionContext)
:: [14] void GdUnit4.Core.Execution.ExecutionStage`1+&lt;Execute&gt;d__30.MoveNext()
:: [15] void System.Runtime.CompilerServices.AsyncMethodBuilderCore.Start&lt;TStateMachine&gt;(TStateMachine&amp;)
:: [16] System.Threading.Tasks.Task GdUnit4.Core.Execution.ExecutionStage`1.Execute(GdUnit4.Core.Execution.ExecutionContext)
:: [17] System.Threading.Tasks.Task GdUnit4.Core.Execution.TestCaseExecutionStage.&lt;&gt;n__0(GdUnit4.Core.Execution.ExecutionContext)
:: [18] void GdUnit4.Core.Execution.TestCaseExecutionStage+&lt;Execute&gt;d__1.MoveNext()
:: [19] void System.Runtime.CompilerServices.AsyncMethodBuilderCore.Start&lt;TStateMachine&gt;(TStateMachine&amp;)
:: [20] System.Threading.Tasks.Task GdUnit4.Core.Execution.TestCaseExecutionStage.Execute(GdUnit4.Core.Execution.ExecutionContext)
:: [21] void GdUnit4.Core.Execution.TestSuiteExecutionStage+&lt;RunTestCase&gt;d__15.MoveNext()
:: [22] void System.Threading.ExecutionContext.RunInternal(System.Threading.ExecutionContext, System.Threading.ContextCallback, object)
:: [23] void System.Runtime.CompilerServices.AsyncTaskMethodBuilder`1+AsyncStateMachineBox`1.MoveNext(System.Threading.Thread)
:: [24] void System.Threading.Tasks.AwaitTaskContinuation.RunCallback(System.Threading.ContextCallback, object, System.Threading.Tasks.Task&amp;)
:: [25] void System.Threading.Tasks.Task.RunContinuations(object)
:: [26] bool System.Threading.Tasks.Task`1.TrySetResult(TResult)
:: [27] void System.Runtime.CompilerServices.AsyncTaskMethodBuilder`1.SetExistingTaskResult(System.Threading.Tasks.Task`1[TResult], TResult)
:: [28] void GdUnit4.Core.Execution.BeforeTestExecutionStage+&lt;Execute&gt;d__1.MoveNext()
:: [29] void System.Threading.ExecutionContext.RunInternal(System.Threading.ExecutionContext, System.Threading.ContextCallback, object)
:: [30] void System.Runtime.CompilerServices.AsyncTaskMethodBuilder`1+AsyncStateMachineBox`1.MoveNext(System.Threading.Thread)
:: [31] void System.Threading.Tasks.AwaitTaskContinuation.RunCallback(System.Threading.ContextCallback, object, System.Threading.Tasks.Task&amp;)
:: [32] void System.Threading.Tasks.Task.RunContinuations(object)
:: [33] bool System.Threading.Tasks.Task`1.TrySetResult(TResult)
:: [34] void System.Runtime.CompilerServices.AsyncTaskMethodBuilder`1.SetExistingTaskResult(System.Threading.Tasks.Task`1[TResult], TResult)
:: [35] void GdUnit4.Core.Execution.ExecutionStage`1+&lt;Execute&gt;d__30.MoveNext()
:: [36] void System.Threading.ExecutionContext.RunInternal(System.Threading.ExecutionContext, System.Threading.ContextCallback, object)
:: [37] void System.Runtime.CompilerServices.AsyncTaskMethodBuilder`1+AsyncStateMachineBox`1.MoveNext(System.Threading.Thread)
:: [38] void Godot.GodotSynchronizationContext.ExecutePendingContinuations() (/root/godot/modules/mono/glue/GodotSharp/GodotSharp/Core/GodotSynchronizationContext.cs:51)
:: [39] void Godot.GodotTaskScheduler.Activate() (/root/godot/modules/mono/glue/GodotSharp/GodotSharp/Core/GodotTaskScheduler.cs:76)
:: [40] void Godot.Bridge.ScriptManagerBridge.FrameCallback() (/root/godot/modules/mono/glue/GodotSharp/GodotSharp/Core/Bridge/ScriptManagerBridge.cs:84)
:: WARNING: Parent path 'MenuContent/MenuButtonsMargin/MenuButtonsContainer/MenuButtonsBoxContainer' for node 'StartButton' has vanished when instantiating: 'res://source/ui/menus/main_menu.tscn'.
:: at: instantiate (scene/resources/packed_scene.cpp:205)
:: C# backtrace (most recent call first):
:: [0] Godot.GodotObject Godot.NativeCalls.godot_icall_1_79(nint, nint, int) (/root/godot/modules/mono/glue/GodotSharp/GodotSharp/Generated/NativeCalls.cs:703)
:: [1] Godot.Node Godot.PackedScene.Instantiate(Godot.PackedScene+GenEditState) (/root/godot/modules/mono/glue/GodotSharp/GodotSharp/Generated/GodotObjects/PackedScene.cs:130)
:: [2] Godot.Node GdUnit4.Core.SceneRunner.LoadScene(string)
:: [3] GdUnit4.Core.SceneRunner..ctor(string, bool, bool)
:: [4] GdUnit4.ISceneRunner GdUnit4.ISceneRunner.Load(string, bool, bool)
:: [5] void OmegaSpiral.Tests.UI.Terminal.TerminalBorderDiagnosticsTests+&lt;Test1_BorderWidthsAreSetOnAllSides&gt;d__1.MoveNext() (/home/adam/Dev/omega-spiral/chapter-zero/tests/ui/terminal/TerminalBorderDiagnosticsTests.cs:29)
:: [6] void System.Runtime.CompilerServices.AsyncMethodBuilderCore.Start&lt;TStateMachine&gt;(TStateMachine&amp;)
:: [7] System.Threading.Tasks.Task OmegaSpiral.Tests.UI.Terminal.TerminalBorderDiagnosticsTests.Test1_BorderWidthsAreSetOnAllSides()
:: [8] object System.Reflection.MethodBaseInvoker.InterpretedInvoke_Method(object, System.IntPtr*)
:: [9] object System.Reflection.MethodBaseInvoker.InvokeWithNoArgs(object, System.Reflection.BindingFlags)
:: [10] object System.Reflection.RuntimeMethodInfo.Invoke(object, System.Reflection.BindingFlags, System.Reflection.Binder, System.Object[], System.Globalization.CultureInfo)
:: [11] void GdUnit4.Core.Execution.ExecutionStage`1+&lt;ExecuteStage&gt;d__37.MoveNext()
:: [12] void System.Runtime.CompilerServices.AsyncMethodBuilderCore.Start&lt;TStateMachine&gt;(TStateMachine&amp;)
:: [13] System.Threading.Tasks.Task GdUnit4.Core.Execution.ExecutionStage`1.ExecuteStage(GdUnit4.Core.Execution.ExecutionContext)
:: [14] void GdUnit4.Core.Execution.ExecutionStage`1+&lt;Execute&gt;d__30.MoveNext()
:: [15] void System.Runtime.CompilerServices.AsyncMethodBuilderCore.Start&lt;TStateMachine&gt;(TStateMachine&amp;)
:: [16] System.Threading.Tasks.Task GdUnit4.Core.Execution.ExecutionStage`1.Execute(GdUnit4.Core.Execution.ExecutionContext)
:: [17] System.Threading.Tasks.Task GdUnit4.Core.Execution.TestCaseExecutionStage.&lt;&gt;n__0(GdUnit4.Core.Execution.ExecutionContext)
:: [18] void GdUnit4.Core.Execution.TestCaseExecutionStage+&lt;Execute&gt;d__1.MoveNext()
:: [19] void System.Runtime.CompilerServices.AsyncMethodBuilderCore.Start&lt;TStateMachine&gt;(TStateMachine&amp;)
:: [20] System.Threading.Tasks.Task GdUnit4.Core.Execution.TestCaseExecutionStage.Execute(GdUnit4.Core.Execution.ExecutionContext)
:: [21] void GdUnit4.Core.Execution.TestSuiteExecutionStage+&lt;RunTestCase&gt;d__15.MoveNext()
:: [22] void System.Threading.ExecutionContext.RunInternal(System.Threading.ExecutionContext, System.Threading.ContextCallback, object)
:: [23] void System.Runtime.CompilerServices.AsyncTaskMethodBuilder`1+AsyncStateMachineBox`1.MoveNext(System.Threading.Thread)
:: [24] void System.Threading.Tasks.AwaitTaskContinuation.RunCallback(System.Threading.ContextCallback, object, System.Threading.Tasks.Task&amp;)
:: [25] void System.Threading.Tasks.Task.RunContinuations(object)
:: [26] bool System.Threading.Tasks.Task`1.TrySetResult(TResult)
:: [27] void System.Runtime.CompilerServices.AsyncTaskMethodBuilder`1.SetExistingTaskResult(System.Threading.Tasks.Task`1[TResult], TResult)
:: [28] void GdUnit4.Core.Execution.BeforeTestExecutionStage+&lt;Execute&gt;d__1.MoveNext()
:: [29] void System.Threading.ExecutionContext.RunInternal(System.Threading.ExecutionContext, System.Threading.ContextCallback, object)
:: [30] void System.Runtime.CompilerServices.AsyncTaskMethodBuilder`1+AsyncStateMachineBox`1.MoveNext(System.Threading.Thread)
:: [31] void System.Threading.Tasks.AwaitTaskContinuation.RunCallback(System.Threading.ContextCallback, object, System.Threading.Tasks.Task&amp;)
:: [32] void System.Threading.Tasks.Task.RunContinuations(object)
:: [33] bool System.Threading.Tasks.Task`1.TrySetResult(TResult)
:: [34] void System.Runtime.CompilerServices.AsyncTaskMethodBuilder`1.SetExistingTaskResult(System.Threading.Tasks.Task`1[TResult], TResult)
:: [35] void GdUnit4.Core.Execution.ExecutionStage`1+&lt;Execute&gt;d__30.MoveNext()
:: [36] void System.Threading.ExecutionContext.RunInternal(System.Threading.ExecutionContext, System.Threading.ContextCallback, object)
:: [37] void System.Runtime.CompilerServices.AsyncTaskMethodBuilder`1+AsyncStateMachineBox`1.MoveNext(System.Threading.Thread)
:: [38] void Godot.GodotSynchronizationContext.ExecutePendingContinuations() (/root/godot/modules/mono/glue/GodotSharp/GodotSharp/Core/GodotSynchronizationContext.cs:51)
:: [39] void Godot.GodotTaskScheduler.Activate() (/root/godot/modules/mono/glue/GodotSharp/GodotSharp/Core/GodotTaskScheduler.cs:76)
:: [40] void Godot.Bridge.ScriptManagerBridge.FrameCallback() (/root/godot/modules/mono/glue/GodotSharp/GodotSharp/Core/Bridge/ScriptManagerBridge.cs:84)
:: WARNING: Parent path 'MenuContent/MenuButtonsMargin/MenuButtonsContainer/MenuButtonsBoxContainer' for node 'Stage1Button' has vanished when instantiating: 'res://source/ui/menus/main_menu.tscn'.
:: at: instantiate (scene/resources/packed_scene.cpp:205)
:: C# backtrace (most recent call first):
:: [0] Godot.GodotObject Godot.NativeCalls.godot_icall_1_79(nint, nint, int) (/root/godot/modules/mono/glue/GodotSharp/GodotSharp/Generated/NativeCalls.cs:703)
:: [1] Godot.Node Godot.PackedScene.Instantiate(Godot.PackedScene+GenEditState) (/root/godot/modules/mono/glue/GodotSharp/GodotSharp/Generated/GodotObjects/PackedScene.cs:130)
:: [2] Godot.Node GdUnit4.Core.SceneRunner.LoadScene(string)
:: [3] GdUnit4.Core.SceneRunner..ctor(string, bool, bool)
:: [4] GdUnit4.ISceneRunner GdUnit4.ISceneRunner.Load(string, bool, bool)
:: [5] void OmegaSpiral.Tests.UI.Terminal.TerminalBorderDiagnosticsTests+&lt;Test1_BorderWidthsAreSetOnAllSides&gt;d__1.MoveNext() (/home/adam/Dev/omega-spiral/chapter-zero/tests/ui/terminal/TerminalBorderDiagnosticsTests.cs:29)
:: [6] void System.Runtime.CompilerServices.AsyncMethodBuilderCore.Start&lt;TStateMachine&gt;(TStateMachine&amp;)
:: [7] System.Threading.Tasks.Task OmegaSpiral.Tests.UI.Terminal.TerminalBorderDiagnosticsTests.Test1_BorderWidthsAreSetOnAllSides()
:: [8] object System.Reflection.MethodBaseInvoker.InterpretedInvoke_Method(object, System.IntPtr*)
:: [9] object System.Reflection.MethodBaseInvoker.InvokeWithNoArgs(object, System.Reflection.BindingFlags)
:: [10] object System.Reflection.RuntimeMethodInfo.Invoke(object, System.Reflection.BindingFlags, System.Reflection.Binder, System.Object[], System.Globalization.CultureInfo)
:: [11] void GdUnit4.Core.Execution.ExecutionStage`1+&lt;ExecuteStage&gt;d__37.MoveNext()
:: [12] void System.Runtime.CompilerServices.AsyncMethodBuilderCore.Start&lt;TStateMachine&gt;(TStateMachine&amp;)
:: [13] System.Threading.Tasks.Task GdUnit4.Core.Execution.ExecutionStage`1.ExecuteStage(GdUnit4.Core.Execution.ExecutionContext)
:: [14] void GdUnit4.Core.Execution.ExecutionStage`1+&lt;Execute&gt;d__30.MoveNext()
:: [15] void System.Runtime.CompilerServices.AsyncMethodBuilderCore.Start&lt;TStateMachine&gt;(TStateMachine&amp;)
:: [16] System.Threading.Tasks.Task GdUnit4.Core.Execution.ExecutionStage`1.Execute(GdUnit4.Core.Execution.ExecutionContext)
:: [17] System.Threading.Tasks.Task GdUnit4.Core.Execution.TestCaseExecutionStage.&lt;&gt;n__0(GdUnit4.Core.Execution.ExecutionContext)
:: [18] void GdUnit4.Core.Execution.TestCaseExecutionStage+&lt;Execute&gt;d__1.MoveNext()
:: [19] void System.Runtime.CompilerServices.AsyncMethodBuilderCore.Start&lt;TStateMachine&gt;(TStateMachine&amp;)
:: [20] System.Threading.Tasks.Task GdUnit4.Core.Execution.TestCaseExecutionStage.Execute(GdUnit4.Core.Execution.ExecutionContext)
:: [21] void GdUnit4.Core.Execution.TestSuiteExecutionStage+&lt;RunTestCase&gt;d__15.MoveNext()
:: [22] void System.Threading.ExecutionContext.RunInternal(System.Threading.ExecutionContext, System.Threading.ContextCallback, object)
:: [23] void System.Runtime.CompilerServices.AsyncTaskMethodBuilder`1+AsyncStateMachineBox`1.MoveNext(System.Threading.Thread)
:: [24] void System.Threading.Tasks.AwaitTaskContinuation.RunCallback(System.Threading.ContextCallback, object, System.Threading.Tasks.Task&amp;)
:: [25] void System.Threading.Tasks.Task.RunContinuations(object)
:: [26] bool System.Threading.Tasks.Task`1.TrySetResult(TResult)
:: [27] void System.Runtime.CompilerServices.AsyncTaskMethodBuilder`1.SetExistingTaskResult(System.Threading.Tasks.Task`1[TResult], TResult)
:: [28] void GdUnit4.Core.Execution.BeforeTestExecutionStage+&lt;Execute&gt;d__1.MoveNext()
:: [29] void System.Threading.ExecutionContext.RunInternal(System.Threading.ExecutionContext, System.Threading.ContextCallback, object)
:: [30] void System.Runtime.CompilerServices.AsyncTaskMethodBuilder`1+AsyncStateMachineBox`1.MoveNext(System.Threading.Thread)
:: [31] void System.Threading.Tasks.AwaitTaskContinuation.RunCallback(System.Threading.ContextCallback, object, System.Threading.Tasks.Task&amp;)
:: [32] void System.Threading.Tasks.Task.RunContinuations(object)
:: [33] bool System.Threading.Tasks.Task`1.TrySetResult(TResult)
:: [34] void System.Runtime.CompilerServices.AsyncTaskMethodBuilder`1.SetExistingTaskResult(System.Threading.Tasks.Task`1[TResult], TResult)
:: [35] void GdUnit4.Core.Execution.ExecutionStage`1+&lt;Execute&gt;d__30.MoveNext()
:: [36] void System.Threading.ExecutionContext.RunInternal(System.Threading.ExecutionContext, System.Threading.ContextCallback, object)
:: [37] void System.Runtime.CompilerServices.AsyncTaskMethodBuilder`1+AsyncStateMachineBox`1.MoveNext(System.Threading.Thread)
:: [38] void Godot.GodotSynchronizationContext.ExecutePendingContinuations() (/root/godot/modules/mono/glue/GodotSharp/GodotSharp/Core/GodotSynchronizationContext.cs:51)
:: [39] void Godot.GodotTaskScheduler.Activate() (/root/godot/modules/mono/glue/GodotSharp/GodotSharp/Core/GodotTaskScheduler.cs:76)
:: [40] void Godot.Bridge.ScriptManagerBridge.FrameCallback() (/root/godot/modules/mono/glue/GodotSharp/GodotSharp/Core/Bridge/ScriptManagerBridge.cs:84)
:: WARNING: Parent path 'MenuContent/MenuButtonsMargin/MenuButtonsContainer/MenuButtonsBoxContainer' for node 'Stage2Button' has vanished when instantiating: 'res://source/ui/menus/main_menu.tscn'.
:: at: instantiate (scene/resources/packed_scene.cpp:205)
:: C# backtrace (most recent call first):
:: [0] Godot.GodotObject Godot.NativeCalls.godot_icall_1_79(nint, nint, int) (/root/godot/modules/mono/glue/GodotSharp/GodotSharp/Generated/NativeCalls.cs:703)
:: [1] Godot.Node Godot.PackedScene.Instantiate(Godot.PackedScene+GenEditState) (/root/godot/modules/mono/glue/GodotSharp/GodotSharp/Generated/GodotObjects/PackedScene.cs:130)
:: [2] Godot.Node GdUnit4.Core.SceneRunner.LoadScene(string)
:: [3] GdUnit4.Core.SceneRunner..ctor(string, bool, bool)
:: [4] GdUnit4.ISceneRunner GdUnit4.ISceneRunner.Load(string, bool, bool)
:: [5] void OmegaSpiral.Tests.UI.Terminal.TerminalBorderDiagnosticsTests+&lt;Test1_BorderWidthsAreSetOnAllSides&gt;d__1.MoveNext() (/home/adam/Dev/omega-spiral/chapter-zero/tests/ui/terminal/TerminalBorderDiagnosticsTests.cs:29)
:: [6] void System.Runtime.CompilerServices.AsyncMethodBuilderCore.Start&lt;TStateMachine&gt;(TStateMachine&amp;)
:: [7] System.Threading.Tasks.Task OmegaSpiral.Tests.UI.Terminal.TerminalBorderDiagnosticsTests.Test1_BorderWidthsAreSetOnAllSides()
:: [8] object System.Reflection.MethodBaseInvoker.InterpretedInvoke_Method(object, System.IntPtr*)
:: [9] object System.Reflection.MethodBaseInvoker.InvokeWithNoArgs(object, System.Reflection.BindingFlags)
:: [10] object System.Reflection.RuntimeMethodInfo.Invoke(object, System.Reflection.BindingFlags, System.Reflection.Binder, System.Object[], System.Globalization.CultureInfo)
:: [11] void GdUnit4.Core.Execution.ExecutionStage`1+&lt;ExecuteStage&gt;d__37.MoveNext()
:: [12] void System.Runtime.CompilerServices.AsyncMethodBuilderCore.Start&lt;TStateMachine&gt;(TStateMachine&amp;)
:: [13] System.Threading.Tasks.Task GdUnit4.Core.Execution.ExecutionStage`1.ExecuteStage(GdUnit4.Core.Execution.ExecutionContext)
:: [14] void GdUnit4.Core.Execution.ExecutionStage`1+&lt;Execute&gt;d__30.MoveNext()
:: [15] void System.Runtime.CompilerServices.AsyncMethodBuilderCore.Start&lt;TStateMachine&gt;(TStateMachine&amp;)
:: [16] System.Threading.Tasks.Task GdUnit4.Core.Execution.ExecutionStage`1.Execute(GdUnit4.Core.Execution.ExecutionContext)
:: [17] System.Threading.Tasks.Task GdUnit4.Core.Execution.TestCaseExecutionStage.&lt;&gt;n__0(GdUnit4.Core.Execution.ExecutionContext)
:: [18] void GdUnit4.Core.Execution.TestCaseExecutionStage+&lt;Execute&gt;d__1.MoveNext()
:: [19] void System.Runtime.CompilerServices.AsyncMethodBuilderCore.Start&lt;TStateMachine&gt;(TStateMachine&amp;)
:: [20] System.Threading.Tasks.Task GdUnit4.Core.Execution.TestCaseExecutionStage.Execute(GdUnit4.Core.Execution.ExecutionContext)
:: [21] void GdUnit4.Core.Execution.TestSuiteExecutionStage+&lt;RunTestCase&gt;d__15.MoveNext()
:: [22] void System.Threading.ExecutionContext.RunInternal(System.Threading.ExecutionContext, System.Threading.ContextCallback, object)
:: [23] void System.Runtime.CompilerServices.AsyncTaskMethodBuilder`1+AsyncStateMachineBox`1.MoveNext(System.Threading.Thread)
:: [24] void System.Threading.Tasks.AwaitTaskContinuation.RunCallback(System.Threading.ContextCallback, object, System.Threading.Tasks.Task&amp;)
:: [25] void System.Threading.Tasks.Task.RunContinuations(object)
:: [26] bool System.Threading.Tasks.Task`1.TrySetResult(TResult)
:: [27] void System.Runtime.CompilerServices.AsyncTaskMethodBuilder`1.SetExistingTaskResult(System.Threading.Tasks.Task`1[TResult], TResult)
:: [28] void GdUnit4.Core.Execution.BeforeTestExecutionStage+&lt;Execute&gt;d__1.MoveNext()
:: [29] void System.Threading.ExecutionContext.RunInternal(System.Threading.ExecutionContext, System.Threading.ContextCallback, object)
:: [30] void System.Runtime.CompilerServices.AsyncTaskMethodBuilder`1+AsyncStateMachineBox`1.MoveNext(System.Threading.Thread)
:: [31] void System.Threading.Tasks.AwaitTaskContinuation.RunCallback(System.Threading.ContextCallback, object, System.Threading.Tasks.Task&amp;)
:: [32] void System.Threading.Tasks.Task.RunContinuations(object)
:: [33] bool System.Threading.Tasks.Task`1.TrySetResult(TResult)
:: [34] void System.Runtime.CompilerServices.AsyncTaskMethodBuilder`1.SetExistingTaskResult(System.Threading.Tasks.Task`1[TResult], TResult)
:: [35] void GdUnit4.Core.Execution.ExecutionStage`1+&lt;Execute&gt;d__30.MoveNext()
:: [36] void System.Threading.ExecutionContext.RunInternal(System.Threading.ExecutionContext, System.Threading.ContextCallback, object)
:: [37] void System.Runtime.CompilerServices.AsyncTaskMethodBuilder`1+AsyncStateMachineBox`1.MoveNext(System.Threading.Thread)
:: [38] void Godot.GodotSynchronizationContext.ExecutePendingContinuations() (/root/godot/modules/mono/glue/GodotSharp/GodotSharp/Core/GodotSynchronizationContext.cs:51)
:: [39] void Godot.GodotTaskScheduler.Activate() (/root/godot/modules/mono/glue/GodotSharp/GodotSharp/Core/GodotTaskScheduler.cs:76)
:: [40] void Godot.Bridge.ScriptManagerBridge.FrameCallback() (/root/godot/modules/mono/glue/GodotSharp/GodotSharp/Core/Bridge/ScriptManagerBridge.cs:84)
:: WARNING: Parent path 'MenuContent/MenuButtonsMargin/MenuButtonsContainer/MenuButtonsBoxContainer' for node 'Stage3Button' has vanished when instantiating: 'res://source/ui/menus/main_menu.tscn'.
:: at: instantiate (scene/resources/packed_scene.cpp:205)
:: C# backtrace (most recent call first):
:: [0] Godot.GodotObject Godot.NativeCalls.godot_icall_1_79(nint, nint, int) (/root/godot/modules/mono/glue/GodotSharp/GodotSharp/Generated/NativeCalls.cs:703)
:: [1] Godot.Node Godot.PackedScene.Instantiate(Godot.PackedScene+GenEditState) (/root/godot/modules/mono/glue/GodotSharp/GodotSharp/Generated/GodotObjects/PackedScene.cs:130)
:: [2] Godot.Node GdUnit4.Core.SceneRunner.LoadScene(string)
:: [3] GdUnit4.Core.SceneRunner..ctor(string, bool, bool)
:: [4] GdUnit4.ISceneRunner GdUnit4.ISceneRunner.Load(string, bool, bool)
:: [5] void OmegaSpiral.Tests.UI.Terminal.TerminalBorderDiagnosticsTests+&lt;Test1_BorderWidthsAreSetOnAllSides&gt;d__1.MoveNext() (/home/adam/Dev/omega-spiral/chapter-zero/tests/ui/terminal/TerminalBorderDiagnosticsTests.cs:29)
:: [6] void System.Runtime.CompilerServices.AsyncMethodBuilderCore.Start&lt;TStateMachine&gt;(TStateMachine&amp;)
:: [7] System.Threading.Tasks.Task OmegaSpiral.Tests.UI.Terminal.TerminalBorderDiagnosticsTests.Test1_BorderWidthsAreSetOnAllSides()
:: [8] object System.Reflection.MethodBaseInvoker.InterpretedInvoke_Method(object, System.IntPtr*)
:: [9] object System.Reflection.MethodBaseInvoker.InvokeWithNoArgs(object, System.Reflection.BindingFlags)
:: [10] object System.Reflection.RuntimeMethodInfo.Invoke(object, System.Reflection.BindingFlags, System.Reflection.Binder, System.Object[], System.Globalization.CultureInfo)
:: [11] void GdUnit4.Core.Execution.ExecutionStage`1+&lt;ExecuteStage&gt;d__37.MoveNext()
:: [12] void System.Runtime.CompilerServices.AsyncMethodBuilderCore.Start&lt;TStateMachine&gt;(TStateMachine&amp;)
:: [13] System.Threading.Tasks.Task GdUnit4.Core.Execution.ExecutionStage`1.ExecuteStage(GdUnit4.Core.Execution.ExecutionContext)
:: [14] void GdUnit4.Core.Execution.ExecutionStage`1+&lt;Execute&gt;d__30.MoveNext()
:: [15] void System.Runtime.CompilerServices.AsyncMethodBuilderCore.Start&lt;TStateMachine&gt;(TStateMachine&amp;)
:: [16] System.Threading.Tasks.Task GdUnit4.Core.Execution.ExecutionStage`1.Execute(GdUnit4.Core.Execution.ExecutionContext)
:: [17] System.Threading.Tasks.Task GdUnit4.Core.Execution.TestCaseExecutionStage.&lt;&gt;n__0(GdUnit4.Core.Execution.ExecutionContext)
:: [18] void GdUnit4.Core.Execution.TestCaseExecutionStage+&lt;Execute&gt;d__1.MoveNext()
:: [19] void System.Runtime.CompilerServices.AsyncMethodBuilderCore.Start&lt;TStateMachine&gt;(TStateMachine&amp;)
:: [20] System.Threading.Tasks.Task GdUnit4.Core.Execution.TestCaseExecutionStage.Execute(GdUnit4.Core.Execution.ExecutionContext)
:: [21] void GdUnit4.Core.Execution.TestSuiteExecutionStage+&lt;RunTestCase&gt;d__15.MoveNext()
:: [22] void System.Threading.ExecutionContext.RunInternal(System.Threading.ExecutionContext, System.Threading.ContextCallback, object)
:: [23] void System.Runtime.CompilerServices.AsyncTaskMethodBuilder`1+AsyncStateMachineBox`1.MoveNext(System.Threading.Thread)
:: [24] void System.Threading.Tasks.AwaitTaskContinuation.RunCallback(System.Threading.ContextCallback, object, System.Threading.Tasks.Task&amp;)
:: [25] void System.Threading.Tasks.Task.RunContinuations(object)
:: [26] bool System.Threading.Tasks.Task`1.TrySetResult(TResult)
:: [27] void System.Runtime.CompilerServices.AsyncTaskMethodBuilder`1.SetExistingTaskResult(System.Threading.Tasks.Task`1[TResult], TResult)
:: [28] void GdUnit4.Core.Execution.BeforeTestExecutionStage+&lt;Execute&gt;d__1.MoveNext()
:: [29] void System.Threading.ExecutionContext.RunInternal(System.Threading.ExecutionContext, System.Threading.ContextCallback, object)
:: [30] void System.Runtime.CompilerServices.AsyncTaskMethodBuilder`1+AsyncStateMachineBox`1.MoveNext(System.Threading.Thread)
:: [31] void System.Threading.Tasks.AwaitTaskContinuation.RunCallback(System.Threading.ContextCallback, object, System.Threading.Tasks.Task&amp;)
:: [32] void System.Threading.Tasks.Task.RunContinuations(object)
:: [33] bool System.Threading.Tasks.Task`1.TrySetResult(TResult)
:: [34] void System.Runtime.CompilerServices.AsyncTaskMethodBuilder`1.SetExistingTaskResult(System.Threading.Tasks.Task`1[TResult], TResult)
:: [35] void GdUnit4.Core.Execution.ExecutionStage`1+&lt;Execute&gt;d__30.MoveNext()
:: [36] void System.Threading.ExecutionContext.RunInternal(System.Threading.ExecutionContext, System.Threading.ContextCallback, object)
:: [37] void System.Runtime.CompilerServices.AsyncTaskMethodBuilder`1+AsyncStateMachineBox`1.MoveNext(System.Threading.Thread)
:: [38] void Godot.GodotSynchronizationContext.ExecutePendingContinuations() (/root/godot/modules/mono/glue/GodotSharp/GodotSharp/Core/GodotSynchronizationContext.cs:51)
:: [39] void Godot.GodotTaskScheduler.Activate() (/root/godot/modules/mono/glue/GodotSharp/GodotSharp/Core/GodotTaskScheduler.cs:76)
:: [40] void Godot.Bridge.ScriptManagerBridge.FrameCallback() (/root/godot/modules/mono/glue/GodotSharp/GodotSharp/Core/Bridge/ScriptManagerBridge.cs:84)
:: WARNING: Parent path 'MenuContent/MenuButtonsMargin/MenuButtonsContainer/MenuButtonsBoxContainer' for node 'Stage4Button' has vanished when instantiating: 'res://source/ui/menus/main_menu.tscn'.
:: at: instantiate (scene/resources/packed_scene.cpp:205)
:: C# backtrace (most recent call first):
:: [0] Godot.GodotObject Godot.NativeCalls.godot_icall_1_79(nint, nint, int) (/root/godot/modules/mono/glue/GodotSharp/GodotSharp/Generated/NativeCalls.cs:703)
:: [1] Godot.Node Godot.PackedScene.Instantiate(Godot.PackedScene+GenEditState) (/root/godot/modules/mono/glue/GodotSharp/GodotSharp/Generated/GodotObjects/PackedScene.cs:130)
:: [2] Godot.Node GdUnit4.Core.SceneRunner.LoadScene(string)
:: [3] GdUnit4.Core.SceneRunner..ctor(string, bool, bool)
:: [4] GdUnit4.ISceneRunner GdUnit4.ISceneRunner.Load(string, bool, bool)
:: [5] void OmegaSpiral.Tests.UI.Terminal.TerminalBorderDiagnosticsTests+&lt;Test1_BorderWidthsAreSetOnAllSides&gt;d__1.MoveNext() (/home/adam/Dev/omega-spiral/chapter-zero/tests/ui/terminal/TerminalBorderDiagnosticsTests.cs:29)
:: [6] void System.Runtime.CompilerServices.AsyncMethodBuilderCore.Start&lt;TStateMachine&gt;(TStateMachine&amp;)
:: [7] System.Threading.Tasks.Task OmegaSpiral.Tests.UI.Terminal.TerminalBorderDiagnosticsTests.Test1_BorderWidthsAreSetOnAllSides()
:: [8] object System.Reflection.MethodBaseInvoker.InterpretedInvoke_Method(object, System.IntPtr*)
:: [9] object System.Reflection.MethodBaseInvoker.InvokeWithNoArgs(object, System.Reflection.BindingFlags)
:: [10] object System.Reflection.RuntimeMethodInfo.Invoke(object, System.Reflection.BindingFlags, System.Reflection.Binder, System.Object[], System.Globalization.CultureInfo)
:: [11] void GdUnit4.Core.Execution.ExecutionStage`1+&lt;ExecuteStage&gt;d__37.MoveNext()
:: [12] void System.Runtime.CompilerServices.AsyncMethodBuilderCore.Start&lt;TStateMachine&gt;(TStateMachine&amp;)
:: [13] System.Threading.Tasks.Task GdUnit4.Core.Execution.ExecutionStage`1.ExecuteStage(GdUnit4.Core.Execution.ExecutionContext)
:: [14] void GdUnit4.Core.Execution.ExecutionStage`1+&lt;Execute&gt;d__30.MoveNext()
:: [15] void System.Runtime.CompilerServices.AsyncMethodBuilderCore.Start&lt;TStateMachine&gt;(TStateMachine&amp;)
:: [16] System.Threading.Tasks.Task GdUnit4.Core.Execution.ExecutionStage`1.Execute(GdUnit4.Core.Execution.ExecutionContext)
:: [17] System.Threading.Tasks.Task GdUnit4.Core.Execution.TestCaseExecutionStage.&lt;&gt;n__0(GdUnit4.Core.Execution.ExecutionContext)
:: [18] void GdUnit4.Core.Execution.TestCaseExecutionStage+&lt;Execute&gt;d__1.MoveNext()
:: [19] void System.Runtime.CompilerServices.AsyncMethodBuilderCore.Start&lt;TStateMachine&gt;(TStateMachine&amp;)
:: [20] System.Threading.Tasks.Task GdUnit4.Core.Execution.TestCaseExecutionStage.Execute(GdUnit4.Core.Execution.ExecutionContext)
:: [21] void GdUnit4.Core.Execution.TestSuiteExecutionStage+&lt;RunTestCase&gt;d__15.MoveNext()
:: [22] void System.Threading.ExecutionContext.RunInternal(System.Threading.ExecutionContext, System.Threading.ContextCallback, object)
:: [23] void System.Runtime.CompilerServices.AsyncTaskMethodBuilder`1+AsyncStateMachineBox`1.MoveNext(System.Threading.Thread)
:: [24] void System.Threading.Tasks.AwaitTaskContinuation.RunCallback(System.Threading.ContextCallback, object, System.Threading.Tasks.Task&amp;)
:: [25] void System.Threading.Tasks.Task.RunContinuations(object)
:: [26] bool System.Threading.Tasks.Task`1.TrySetResult(TResult)
:: [27] void System.Runtime.CompilerServices.AsyncTaskMethodBuilder`1.SetExistingTaskResult(System.Threading.Tasks.Task`1[TResult], TResult)
:: [28] void GdUnit4.Core.Execution.BeforeTestExecutionStage+&lt;Execute&gt;d__1.MoveNext()
:: [29] void System.Threading.ExecutionContext.RunInternal(System.Threading.ExecutionContext, System.Threading.ContextCallback, object)
:: [30] void System.Runtime.CompilerServices.AsyncTaskMethodBuilder`1+AsyncStateMachineBox`1.MoveNext(System.Threading.Thread)
:: [31] void System.Threading.Tasks.AwaitTaskContinuation.RunCallback(System.Threading.ContextCallback, object, System.Threading.Tasks.Task&amp;)
:: [32] void System.Threading.Tasks.Task.RunContinuations(object)
:: [33] bool System.Threading.Tasks.Task`1.TrySetResult(TResult)
:: [34] void System.Runtime.CompilerServices.AsyncTaskMethodBuilder`1.SetExistingTaskResult(System.Threading.Tasks.Task`1[TResult], TResult)
:: [35] void GdUnit4.Core.Execution.ExecutionStage`1+&lt;Execute&gt;d__30.MoveNext()
:: [36] void System.Threading.ExecutionContext.RunInternal(System.Threading.ExecutionContext, System.Threading.ContextCallback, object)
:: [37] void System.Runtime.CompilerServices.AsyncTaskMethodBuilder`1+AsyncStateMachineBox`1.MoveNext(System.Threading.Thread)
:: [38] void Godot.GodotSynchronizationContext.ExecutePendingContinuations() (/root/godot/modules/mono/glue/GodotSharp/GodotSharp/Core/GodotSynchronizationContext.cs:51)
:: [39] void Godot.GodotTaskScheduler.Activate() (/root/godot/modules/mono/glue/GodotSharp/GodotSharp/Core/GodotTaskScheduler.cs:76)
:: [40] void Godot.Bridge.ScriptManagerBridge.FrameCallback() (/root/godot/modules/mono/glue/GodotSharp/GodotSharp/Core/Bridge/ScriptManagerBridge.cs:84)
:: WARNING: Parent path 'MenuContent/MenuButtonsMargin/MenuButtonsContainer/MenuButtonsBoxContainer' for node 'Stage5Button' has vanished when instantiating: 'res://source/ui/menus/main_menu.tscn'.
:: at: instantiate (scene/resources/packed_scene.cpp:205)
:: C# backtrace (most recent call first):
:: [0] Godot.GodotObject Godot.NativeCalls.godot_icall_1_79(nint, nint, int) (/root/godot/modules/mono/glue/GodotSharp/GodotSharp/Generated/NativeCalls.cs:703)
:: [1] Godot.Node Godot.PackedScene.Instantiate(Godot.PackedScene+GenEditState) (/root/godot/modules/mono/glue/GodotSharp/GodotSharp/Generated/GodotObjects/PackedScene.cs:130)
:: [2] Godot.Node GdUnit4.Core.SceneRunner.LoadScene(string)
:: [3] GdUnit4.Core.SceneRunner..ctor(string, bool, bool)
:: [4] GdUnit4.ISceneRunner GdUnit4.ISceneRunner.Load(string, bool, bool)
:: [5] void OmegaSpiral.Tests.UI.Terminal.TerminalBorderDiagnosticsTests+&lt;Test1_BorderWidthsAreSetOnAllSides&gt;d__1.MoveNext() (/home/adam/Dev/omega-spiral/chapter-zero/tests/ui/terminal/TerminalBorderDiagnosticsTests.cs:29)
:: [6] void System.Runtime.CompilerServices.AsyncMethodBuilderCore.Start&lt;TStateMachine&gt;(TStateMachine&amp;)
:: [7] System.Threading.Tasks.Task OmegaSpiral.Tests.UI.Terminal.TerminalBorderDiagnosticsTests.Test1_BorderWidthsAreSetOnAllSides()
:: [8] object System.Reflection.MethodBaseInvoker.InterpretedInvoke_Method(object, System.IntPtr*)
:: [9] object System.Reflection.MethodBaseInvoker.InvokeWithNoArgs(object, System.Reflection.BindingFlags)
:: [10] object System.Reflection.RuntimeMethodInfo.Invoke(object, System.Reflection.BindingFlags, System.Reflection.Binder, System.Object[], System.Globalization.CultureInfo)
:: [11] void GdUnit4.Core.Execution.ExecutionStage`1+&lt;ExecuteStage&gt;d__37.MoveNext()
:: [12] void System.Runtime.CompilerServices.AsyncMethodBuilderCore.Start&lt;TStateMachine&gt;(TStateMachine&amp;)
:: [13] System.Threading.Tasks.Task GdUnit4.Core.Execution.ExecutionStage`1.ExecuteStage(GdUnit4.Core.Execution.ExecutionContext)
:: [14] void GdUnit4.Core.Execution.ExecutionStage`1+&lt;Execute&gt;d__30.MoveNext()
:: [15] void System.Runtime.CompilerServices.AsyncMethodBuilderCore.Start&lt;TStateMachine&gt;(TStateMachine&amp;)
:: [16] System.Threading.Tasks.Task GdUnit4.Core.Execution.ExecutionStage`1.Execute(GdUnit4.Core.Execution.ExecutionContext)
:: [17] System.Threading.Tasks.Task GdUnit4.Core.Execution.TestCaseExecutionStage.&lt;&gt;n__0(GdUnit4.Core.Execution.ExecutionContext)
:: [18] void GdUnit4.Core.Execution.TestCaseExecutionStage+&lt;Execute&gt;d__1.MoveNext()
:: [19] void System.Runtime.CompilerServices.AsyncMethodBuilderCore.Start&lt;TStateMachine&gt;(TStateMachine&amp;)
:: [20] System.Threading.Tasks.Task GdUnit4.Core.Execution.TestCaseExecutionStage.Execute(GdUnit4.Core.Execution.ExecutionContext)
:: [21] void GdUnit4.Core.Execution.TestSuiteExecutionStage+&lt;RunTestCase&gt;d__15.MoveNext()
:: [22] void System.Threading.ExecutionContext.RunInternal(System.Threading.ExecutionContext, System.Threading.ContextCallback, object)
:: [23] void System.Runtime.CompilerServices.AsyncTaskMethodBuilder`1+AsyncStateMachineBox`1.MoveNext(System.Threading.Thread)
:: [24] void System.Threading.Tasks.AwaitTaskContinuation.RunCallback(System.Threading.ContextCallback, object, System.Threading.Tasks.Task&amp;)
:: [25] void System.Threading.Tasks.Task.RunContinuations(object)
:: [26] bool System.Threading.Tasks.Task`1.TrySetResult(TResult)
:: [27] void System.Runtime.CompilerServices.AsyncTaskMethodBuilder`1.SetExistingTaskResult(System.Threading.Tasks.Task`1[TResult], TResult)
:: [28] void GdUnit4.Core.Execution.BeforeTestExecutionStage+&lt;Execute&gt;d__1.MoveNext()
:: [29] void System.Threading.ExecutionContext.RunInternal(System.Threading.ExecutionContext, System.Threading.ContextCallback, object)
:: [30] void System.Runtime.CompilerServices.AsyncTaskMethodBuilder`1+AsyncStateMachineBox`1.MoveNext(System.Threading.Thread)
:: [31] void System.Threading.Tasks.AwaitTaskContinuation.RunCallback(System.Threading.ContextCallback, object, System.Threading.Tasks.Task&amp;)
:: [32] void System.Threading.Tasks.Task.RunContinuations(object)
:: [33] bool System.Threading.Tasks.Task`1.TrySetResult(TResult)
:: [34] void System.Runtime.CompilerServices.AsyncTaskMethodBuilder`1.SetExistingTaskResult(System.Threading.Tasks.Task`1[TResult], TResult)
:: [35] void GdUnit4.Core.Execution.ExecutionStage`1+&lt;Execute&gt;d__30.MoveNext()
:: [36] void System.Threading.ExecutionContext.RunInternal(System.Threading.ExecutionContext, System.Threading.ContextCallback, object)
:: [37] void System.Runtime.CompilerServices.AsyncTaskMethodBuilder`1+AsyncStateMachineBox`1.MoveNext(System.Threading.Thread)
:: [38] void Godot.GodotSynchronizationContext.ExecutePendingContinuations() (/root/godot/modules/mono/glue/GodotSharp/GodotSharp/Core/GodotSynchronizationContext.cs:51)
:: [39] void Godot.GodotTaskScheduler.Activate() (/root/godot/modules/mono/glue/GodotSharp/GodotSharp/Core/GodotTaskScheduler.cs:76)
:: [40] void Godot.Bridge.ScriptManagerBridge.FrameCallback() (/root/godot/modules/mono/glue/GodotSharp/GodotSharp/Core/Bridge/ScriptManagerBridge.cs:84)
:: WARNING: Parent path 'MenuContent/MenuButtonsMargin/MenuButtonsContainer/MenuButtonsBoxContainer' for node 'OptionsButton' has vanished when instantiating: 'res://source/ui/menus/main_menu.tscn'.
:: at: instantiate (scene/resources/packed_scene.cpp:205)
:: C# backtrace (most recent call first):
:: [0] Godot.GodotObject Godot.NativeCalls.godot_icall_1_79(nint, nint, int) (/root/godot/modules/mono/glue/GodotSharp/GodotSharp/Generated/NativeCalls.cs:703)
:: [1] Godot.Node Godot.PackedScene.Instantiate(Godot.PackedScene+GenEditState) (/root/godot/modules/mono/glue/GodotSharp/GodotSharp/Generated/GodotObjects/PackedScene.cs:130)
:: [2] Godot.Node GdUnit4.Core.SceneRunner.LoadScene(string)
:: [3] GdUnit4.Core.SceneRunner..ctor(string, bool, bool)
:: [4] GdUnit4.ISceneRunner GdUnit4.ISceneRunner.Load(string, bool, bool)
:: [5] void OmegaSpiral.Tests.UI.Terminal.TerminalBorderDiagnosticsTests+&lt;Test1_BorderWidthsAreSetOnAllSides&gt;d__1.MoveNext() (/home/adam/Dev/omega-spiral/chapter-zero/tests/ui/terminal/TerminalBorderDiagnosticsTests.cs:29)
:: [6] void System.Runtime.CompilerServices.AsyncMethodBuilderCore.Start&lt;TStateMachine&gt;(TStateMachine&amp;)
:: [7] System.Threading.Tasks.Task OmegaSpiral.Tests.UI.Terminal.TerminalBorderDiagnosticsTests.Test1_BorderWidthsAreSetOnAllSides()
:: [8] object System.Reflection.MethodBaseInvoker.InterpretedInvoke_Method(object, System.IntPtr*)
:: [9] object System.Reflection.MethodBaseInvoker.InvokeWithNoArgs(object, System.Reflection.BindingFlags)
:: [10] object System.Reflection.RuntimeMethodInfo.Invoke(object, System.Reflection.BindingFlags, System.Reflection.Binder, System.Object[], System.Globalization.CultureInfo)
:: [11] void GdUnit4.Core.Execution.ExecutionStage`1+&lt;ExecuteStage&gt;d__37.MoveNext()
:: [12] void System.Runtime.CompilerServices.AsyncMethodBuilderCore.Start&lt;TStateMachine&gt;(TStateMachine&amp;)
:: [13] System.Threading.Tasks.Task GdUnit4.Core.Execution.ExecutionStage`1.ExecuteStage(GdUnit4.Core.Execution.ExecutionContext)
:: [14] void GdUnit4.Core.Execution.ExecutionStage`1+&lt;Execute&gt;d__30.MoveNext()
:: [15] void System.Runtime.CompilerServices.AsyncMethodBuilderCore.Start&lt;TStateMachine&gt;(TStateMachine&amp;)
:: [16] System.Threading.Tasks.Task GdUnit4.Core.Execution.ExecutionStage`1.Execute(GdUnit4.Core.Execution.ExecutionContext)
:: [17] System.Threading.Tasks.Task GdUnit4.Core.Execution.TestCaseExecutionStage.&lt;&gt;n__0(GdUnit4.Core.Execution.ExecutionContext)
:: [18] void GdUnit4.Core.Execution.TestCaseExecutionStage+&lt;Execute&gt;d__1.MoveNext()
:: [19] void System.Runtime.CompilerServices.AsyncMethodBuilderCore.Start&lt;TStateMachine&gt;(TStateMachine&amp;)
:: [20] System.Threading.Tasks.Task GdUnit4.Core.Execution.TestCaseExecutionStage.Execute(GdUnit4.Core.Execution.ExecutionContext)
:: [21] void GdUnit4.Core.Execution.TestSuiteExecutionStage+&lt;RunTestCase&gt;d__15.MoveNext()
:: [22] void System.Threading.ExecutionContext.RunInternal(System.Threading.ExecutionContext, System.Threading.ContextCallback, object)
:: [23] void System.Runtime.CompilerServices.AsyncTaskMethodBuilder`1+AsyncStateMachineBox`1.MoveNext(System.Threading.Thread)
:: [24] void System.Threading.Tasks.AwaitTaskContinuation.RunCallback(System.Threading.ContextCallback, object, System.Threading.Tasks.Task&amp;)
:: [25] void System.Threading.Tasks.Task.RunContinuations(object)
:: [26] bool System.Threading.Tasks.Task`1.TrySetResult(TResult)
:: [27] void System.Runtime.CompilerServices.AsyncTaskMethodBuilder`1.SetExistingTaskResult(System.Threading.Tasks.Task`1[TResult], TResult)
:: [28] void GdUnit4.Core.Execution.BeforeTestExecutionStage+&lt;Execute&gt;d__1.MoveNext()
:: [29] void System.Threading.ExecutionContext.RunInternal(System.Threading.ExecutionContext, System.Threading.ContextCallback, object)
:: [30] void System.Runtime.CompilerServices.AsyncTaskMethodBuilder`1+AsyncStateMachineBox`1.MoveNext(System.Threading.Thread)
:: [31] void System.Threading.Tasks.AwaitTaskContinuation.RunCallback(System.Threading.ContextCallback, object, System.Threading.Tasks.Task&amp;)
:: [32] void System.Threading.Tasks.Task.RunContinuations(object)
:: [33] bool System.Threading.Tasks.Task`1.TrySetResult(TResult)
:: [34] void System.Runtime.CompilerServices.AsyncTaskMethodBuilder`1.SetExistingTaskResult(System.Threading.Tasks.Task`1[TResult], TResult)
:: [35] void GdUnit4.Core.Execution.ExecutionStage`1+&lt;Execute&gt;d__30.MoveNext()
:: [36] void System.Threading.ExecutionContext.RunInternal(System.Threading.ExecutionContext, System.Threading.ContextCallback, object)
:: [37] void System.Runtime.CompilerServices.AsyncTaskMethodBuilder`1+AsyncStateMachineBox`1.MoveNext(System.Threading.Thread)
:: [38] void Godot.GodotSynchronizationContext.ExecutePendingContinuations() (/root/godot/modules/mono/glue/GodotSharp/GodotSharp/Core/GodotSynchronizationContext.cs:51)
:: [39] void Godot.GodotTaskScheduler.Activate() (/root/godot/modules/mono/glue/GodotSharp/GodotSharp/Core/GodotTaskScheduler.cs:76)
:: [40] void Godot.Bridge.ScriptManagerBridge.FrameCallback() (/root/godot/modules/mono/glue/GodotSharp/GodotSharp/Core/Bridge/ScriptManagerBridge.cs:84)
:: WARNING: Parent path 'MenuContent/MenuButtonsMargin/MenuButtonsContainer/MenuButtonsBoxContainer' for node 'HSeparator2' has vanished when instantiating: 'res://source/ui/menus/main_menu.tscn'.
:: at: instantiate (scene/resources/packed_scene.cpp:205)
:: C# backtrace (most recent call first):
:: [0] Godot.GodotObject Godot.NativeCalls.godot_icall_1_79(nint, nint, int) (/root/godot/modules/mono/glue/GodotSharp/GodotSharp/Generated/NativeCalls.cs:703)
:: [1] Godot.Node Godot.PackedScene.Instantiate(Godot.PackedScene+GenEditState) (/root/godot/modules/mono/glue/GodotSharp/GodotSharp/Generated/GodotObjects/PackedScene.cs:130)
:: [2] Godot.Node GdUnit4.Core.SceneRunner.LoadScene(string)
:: [3] GdUnit4.Core.SceneRunner..ctor(string, bool, bool)
:: [4] GdUnit4.ISceneRunner GdUnit4.ISceneRunner.Load(string, bool, bool)
:: [5] void OmegaSpiral.Tests.UI.Terminal.TerminalBorderDiagnosticsTests+&lt;Test1_BorderWidthsAreSetOnAllSides&gt;d__1.MoveNext() (/home/adam/Dev/omega-spiral/chapter-zero/tests/ui/terminal/TerminalBorderDiagnosticsTests.cs:29)
:: [6] void System.Runtime.CompilerServices.AsyncMethodBuilderCore.Start&lt;TStateMachine&gt;(TStateMachine&amp;)
:: [7] System.Threading.Tasks.Task OmegaSpiral.Tests.UI.Terminal.TerminalBorderDiagnosticsTests.Test1_BorderWidthsAreSetOnAllSides()
:: [8] object System.Reflection.MethodBaseInvoker.InterpretedInvoke_Method(object, System.IntPtr*)
:: [9] object System.Reflection.MethodBaseInvoker.InvokeWithNoArgs(object, System.Reflection.BindingFlags)
:: [10] object System.Reflection.RuntimeMethodInfo.Invoke(object, System.Reflection.BindingFlags, System.Reflection.Binder, System.Object[], System.Globalization.CultureInfo)
:: [11] void GdUnit4.Core.Execution.ExecutionStage`1+&lt;ExecuteStage&gt;d__37.MoveNext()
:: [12] void System.Runtime.CompilerServices.AsyncMethodBuilderCore.Start&lt;TStateMachine&gt;(TStateMachine&amp;)
:: [13] System.Threading.Tasks.Task GdUnit4.Core.Execution.ExecutionStage`1.ExecuteStage(GdUnit4.Core.Execution.ExecutionContext)
:: [14] void GdUnit4.Core.Execution.ExecutionStage`1+&lt;Execute&gt;d__30.MoveNext()
:: [15] void System.Runtime.CompilerServices.AsyncMethodBuilderCore.Start&lt;TStateMachine&gt;(TStateMachine&amp;)
:: [16] System.Threading.Tasks.Task GdUnit4.Core.Execution.ExecutionStage`1.Execute(GdUnit4.Core.Execution.ExecutionContext)
:: [17] System.Threading.Tasks.Task GdUnit4.Core.Execution.TestCaseExecutionStage.&lt;&gt;n__0(GdUnit4.Core.Execution.ExecutionContext)
:: [18] void GdUnit4.Core.Execution.TestCaseExecutionStage+&lt;Execute&gt;d__1.MoveNext()
:: [19] void System.Runtime.CompilerServices.AsyncMethodBuilderCore.Start&lt;TStateMachine&gt;(TStateMachine&amp;)
:: [20] System.Threading.Tasks.Task GdUnit4.Core.Execution.TestCaseExecutionStage.Execute(GdUnit4.Core.Execution.ExecutionContext)
:: [21] void GdUnit4.Core.Execution.TestSuiteExecutionStage+&lt;RunTestCase&gt;d__15.MoveNext()
:: [22] void System.Threading.ExecutionContext.RunInternal(System.Threading.ExecutionContext, System.Threading.ContextCallback, object)
:: [23] void System.Runtime.CompilerServices.AsyncTaskMethodBuilder`1+AsyncStateMachineBox`1.MoveNext(System.Threading.Thread)
:: [24] void System.Threading.Tasks.AwaitTaskContinuation.RunCallback(System.Threading.ContextCallback, object, System.Threading.Tasks.Task&amp;)
:: [25] void System.Threading.Tasks.Task.RunContinuations(object)
:: [26] bool System.Threading.Tasks.Task`1.TrySetResult(TResult)
:: [27] void System.Runtime.CompilerServices.AsyncTaskMethodBuilder`1.SetExistingTaskResult(System.Threading.Tasks.Task`1[TResult], TResult)
:: [28] void GdUnit4.Core.Execution.BeforeTestExecutionStage+&lt;Execute&gt;d__1.MoveNext()
:: [29] void System.Threading.ExecutionContext.RunInternal(System.Threading.ExecutionContext, System.Threading.ContextCallback, object)
:: [30] void System.Runtime.CompilerServices.AsyncTaskMethodBuilder`1+AsyncStateMachineBox`1.MoveNext(System.Threading.Thread)
:: [31] void System.Threading.Tasks.AwaitTaskContinuation.RunCallback(System.Threading.ContextCallback, object, System.Threading.Tasks.Task&amp;)
:: [32] void System.Threading.Tasks.Task.RunContinuations(object)
:: [33] bool System.Threading.Tasks.Task`1.TrySetResult(TResult)
:: [34] void System.Runtime.CompilerServices.AsyncTaskMethodBuilder`1.SetExistingTaskResult(System.Threading.Tasks.Task`1[TResult], TResult)
:: [35] void GdUnit4.Core.Execution.ExecutionStage`1+&lt;Execute&gt;d__30.MoveNext()
:: [36] void System.Threading.ExecutionContext.RunInternal(System.Threading.ExecutionContext, System.Threading.ContextCallback, object)
:: [37] void System.Runtime.CompilerServices.AsyncTaskMethodBuilder`1+AsyncStateMachineBox`1.MoveNext(System.Threading.Thread)
:: [38] void Godot.GodotSynchronizationContext.ExecutePendingContinuations() (/root/godot/modules/mono/glue/GodotSharp/GodotSharp/Core/GodotSynchronizationContext.cs:51)
:: [39] void Godot.GodotTaskScheduler.Activate() (/root/godot/modules/mono/glue/GodotSharp/GodotSharp/Core/GodotTaskScheduler.cs:76)
:: [40] void Godot.Bridge.ScriptManagerBridge.FrameCallback() (/root/godot/modules/mono/glue/GodotSharp/GodotSharp/Core/Bridge/ScriptManagerBridge.cs:84)
:: WARNING: Parent path 'MenuContent/MenuButtonsMargin/MenuButtonsContainer/MenuButtonsBoxContainer' for node 'QuitButton' has vanished when instantiating: 'res://source/ui/menus/main_menu.tscn'.
:: at: instantiate (scene/resources/packed_scene.cpp:205)
:: C# backtrace (most recent call first):
:: [0] Godot.GodotObject Godot.NativeCalls.godot_icall_1_79(nint, nint, int) (/root/godot/modules/mono/glue/GodotSharp/GodotSharp/Generated/NativeCalls.cs:703)
:: [1] Godot.Node Godot.PackedScene.Instantiate(Godot.PackedScene+GenEditState) (/root/godot/modules/mono/glue/GodotSharp/GodotSharp/Generated/GodotObjects/PackedScene.cs:130)
:: [2] Godot.Node GdUnit4.Core.SceneRunner.LoadScene(string)
:: [3] GdUnit4.Core.SceneRunner..ctor(string, bool, bool)
:: [4] GdUnit4.ISceneRunner GdUnit4.ISceneRunner.Load(string, bool, bool)
:: [5] void OmegaSpiral.Tests.UI.Terminal.TerminalBorderDiagnosticsTests+&lt;Test1_BorderWidthsAreSetOnAllSides&gt;d__1.MoveNext() (/home/adam/Dev/omega-spiral/chapter-zero/tests/ui/terminal/TerminalBorderDiagnosticsTests.cs:29)
:: [6] void System.Runtime.CompilerServices.AsyncMethodBuilderCore.Start&lt;TStateMachine&gt;(TStateMachine&amp;)
:: [7] System.Threading.Tasks.Task OmegaSpiral.Tests.UI.Terminal.TerminalBorderDiagnosticsTests.Test1_BorderWidthsAreSetOnAllSides()
:: [8] object System.Reflection.MethodBaseInvoker.InterpretedInvoke_Method(object, System.IntPtr*)
:: [9] object System.Reflection.MethodBaseInvoker.InvokeWithNoArgs(object, System.Reflection.BindingFlags)
:: [10] object System.Reflection.RuntimeMethodInfo.Invoke(object, System.Reflection.BindingFlags, System.Reflection.Binder, System.Object[], System.Globalization.CultureInfo)
:: [11] void GdUnit4.Core.Execution.ExecutionStage`1+&lt;ExecuteStage&gt;d__37.MoveNext()
:: [12] void System.Runtime.CompilerServices.AsyncMethodBuilderCore.Start&lt;TStateMachine&gt;(TStateMachine&amp;)
:: [13] System.Threading.Tasks.Task GdUnit4.Core.Execution.ExecutionStage`1.ExecuteStage(GdUnit4.Core.Execution.ExecutionContext)
:: [14] void GdUnit4.Core.Execution.ExecutionStage`1+&lt;Execute&gt;d__30.MoveNext()
:: [15] void System.Runtime.CompilerServices.AsyncMethodBuilderCore.Start&lt;TStateMachine&gt;(TStateMachine&amp;)
:: [16] System.Threading.Tasks.Task GdUnit4.Core.Execution.ExecutionStage`1.Execute(GdUnit4.Core.Execution.ExecutionContext)
:: [17] System.Threading.Tasks.Task GdUnit4.Core.Execution.TestCaseExecutionStage.&lt;&gt;n__0(GdUnit4.Core.Execution.ExecutionContext)
:: [18] void GdUnit4.Core.Execution.TestCaseExecutionStage+&lt;Execute&gt;d__1.MoveNext()
:: [19] void System.Runtime.CompilerServices.AsyncMethodBuilderCore.Start&lt;TStateMachine&gt;(TStateMachine&amp;)
:: [20] System.Threading.Tasks.Task GdUnit4.Core.Execution.TestCaseExecutionStage.Execute(GdUnit4.Core.Execution.ExecutionContext)
:: [21] void GdUnit4.Core.Execution.TestSuiteExecutionStage+&lt;RunTestCase&gt;d__15.MoveNext()
:: [22] void System.Threading.ExecutionContext.RunInternal(System.Threading.ExecutionContext, System.Threading.ContextCallback, object)
:: [23] void System.Runtime.CompilerServices.AsyncTaskMethodBuilder`1+AsyncStateMachineBox`1.MoveNext(System.Threading.Thread)
:: [24] void System.Threading.Tasks.AwaitTaskContinuation.RunCallback(System.Threading.ContextCallback, object, System.Threading.Tasks.Task&amp;)
:: [25] void System.Threading.Tasks.Task.RunContinuations(object)
:: [26] bool System.Threading.Tasks.Task`1.TrySetResult(TResult)
:: [27] void System.Runtime.CompilerServices.AsyncTaskMethodBuilder`1.SetExistingTaskResult(System.Threading.Tasks.Task`1[TResult], TResult)
:: [28] void GdUnit4.Core.Execution.BeforeTestExecutionStage+&lt;Execute&gt;d__1.MoveNext()
:: [29] void System.Threading.ExecutionContext.RunInternal(System.Threading.ExecutionContext, System.Threading.ContextCallback, object)
:: [30] void System.Runtime.CompilerServices.AsyncTaskMethodBuilder`1+AsyncStateMachineBox`1.MoveNext(System.Threading.Thread)
:: [31] void System.Threading.Tasks.AwaitTaskContinuation.RunCallback(System.Threading.ContextCallback, object, System.Threading.Tasks.Task&amp;)
:: [32] void System.Threading.Tasks.Task.RunContinuations(object)
:: [33] bool System.Threading.Tasks.Task`1.TrySetResult(TResult)
:: [34] void System.Runtime.CompilerServices.AsyncTaskMethodBuilder`1.SetExistingTaskResult(System.Threading.Tasks.Task`1[TResult], TResult)
:: [35] void GdUnit4.Core.Execution.ExecutionStage`1+&lt;Execute&gt;d__30.MoveNext()
:: [36] void System.Threading.ExecutionContext.RunInternal(System.Threading.ExecutionContext, System.Threading.ContextCallback, object)
:: [37] void System.Runtime.CompilerServices.AsyncTaskMethodBuilder`1+AsyncStateMachineBox`1.MoveNext(System.Threading.Thread)
:: [38] void Godot.GodotSynchronizationContext.ExecutePendingContinuations() (/root/godot/modules/mono/glue/GodotSharp/GodotSharp/Core/GodotSynchronizationContext.cs:51)
:: [39] void Godot.GodotTaskScheduler.Activate() (/root/godot/modules/mono/glue/GodotSharp/GodotSharp/Core/GodotTaskScheduler.cs:76)
:: [40] void Godot.Bridge.ScriptManagerBridge.FrameCallback() (/root/godot/modules/mono/glue/GodotSharp/GodotSharp/Core/Bridge/ScriptManagerBridge.cs:84)
:: WARNING: Parent path 'MenuContent' for node 'TitleMargin' has vanished when instantiating: 'res://source/ui/menus/main_menu.tscn'.
:: at: instantiate (scene/resources/packed_scene.cpp:205)
:: C# backtrace (most recent call first):
:: [0] Godot.GodotObject Godot.NativeCalls.godot_icall_1_79(nint, nint, int) (/root/godot/modules/mono/glue/GodotSharp/GodotSharp/Generated/NativeCalls.cs:703)
:: [1] Godot.Node Godot.PackedScene.Instantiate(Godot.PackedScene+GenEditState) (/root/godot/modules/mono/glue/GodotSharp/GodotSharp/Generated/GodotObjects/PackedScene.cs:130)
:: [2] Godot.Node GdUnit4.Core.SceneRunner.LoadScene(string)
:: [3] GdUnit4.Core.SceneRunner..ctor(string, bool, bool)
:: [4] GdUnit4.ISceneRunner GdUnit4.ISceneRunner.Load(string, bool, bool)
:: [5] void OmegaSpiral.Tests.UI.Terminal.TerminalBorderDiagnosticsTests+&lt;Test2_StyleboxIsAssignedToCorrectNode&gt;d__2.MoveNext() (/home/adam/Dev/omega-spiral/chapter-zero/tests/ui/terminal/TerminalBorderDiagnosticsTests.cs:56)
:: [6] void System.Runtime.CompilerServices.AsyncMethodBuilderCore.Start&lt;TStateMachine&gt;(TStateMachine&amp;)
:: [7] System.Threading.Tasks.Task OmegaSpiral.Tests.UI.Terminal.TerminalBorderDiagnosticsTests.Test2_StyleboxIsAssignedToCorrectNode()
:: [8] object System.Reflection.MethodBaseInvoker.InterpretedInvoke_Method(object, System.IntPtr*)
:: [9] object System.Reflection.MethodBaseInvoker.InvokeWithNoArgs(object, System.Reflection.BindingFlags)
:: [10] object System.Reflection.RuntimeMethodInfo.Invoke(object, System.Reflection.BindingFlags, System.Reflection.Binder, System.Object[], System.Globalization.CultureInfo)
:: [11] void GdUnit4.Core.Execution.ExecutionStage`1+&lt;ExecuteStage&gt;d__37.MoveNext()
:: [12] void System.Runtime.CompilerServices.AsyncMethodBuilderCore.Start&lt;TStateMachine&gt;(TStateMachine&amp;)
:: [13] System.Threading.Tasks.Task GdUnit4.Core.Execution.ExecutionStage`1.ExecuteStage(GdUnit4.Core.Execution.ExecutionContext)
:: [14] void GdUnit4.Core.Execution.ExecutionStage`1+&lt;Execute&gt;d__30.MoveNext()
:: [15] void System.Runtime.CompilerServices.AsyncMethodBuilderCore.Start&lt;TStateMachine&gt;(TStateMachine&amp;)
:: [16] System.Threading.Tasks.Task GdUnit4.Core.Execution.ExecutionStage`1.Execute(GdUnit4.Core.Execution.ExecutionContext)
:: [17] System.Threading.Tasks.Task GdUnit4.Core.Execution.TestCaseExecutionStage.&lt;&gt;n__0(GdUnit4.Core.Execution.ExecutionContext)
:: [18] void GdUnit4.Core.Execution.TestCaseExecutionStage+&lt;Execute&gt;d__1.MoveNext()
:: [19] void System.Runtime.CompilerServices.AsyncMethodBuilderCore.Start&lt;TStateMachine&gt;(TStateMachine&amp;)
:: [20] System.Threading.Tasks.Task GdUnit4.Core.Execution.TestCaseExecutionStage.Execute(GdUnit4.Core.Execution.ExecutionContext)
:: [21] void GdUnit4.Core.Execution.TestSuiteExecutionStage+&lt;RunTestCase&gt;d__15.MoveNext()
:: [22] void System.Runtime.CompilerServices.AsyncMethodBuilderCore.Start&lt;TStateMachine&gt;(TStateMachine&amp;)
:: [23] System.Threading.Tasks.Task GdUnit4.Core.Execution.TestSuiteExecutionStage.RunTestCase(GdUnit4.Core.Hooks.IStdOutHook, GdUnit4.Core.Execution.ExecutionContext, GdUnit4.Core.Execution.TestCase, GdUnit4.TestCaseAttribute, System.Object[])
:: [24] void GdUnit4.Core.Execution.TestSuiteExecutionStage+&lt;Execute&gt;d__13.MoveNext()
:: [25] void System.Threading.ExecutionContext.RunInternal(System.Threading.ExecutionContext, System.Threading.ContextCallback, object)
:: [26] void System.Runtime.CompilerServices.AsyncTaskMethodBuilder`1+AsyncStateMachineBox`1.MoveNext(System.Threading.Thread)
:: [27] void System.Threading.Tasks.AwaitTaskContinuation.RunCallback(System.Threading.ContextCallback, object, System.Threading.Tasks.Task&amp;)
:: [28] void System.Threading.Tasks.Task.RunContinuations(object)
:: [29] bool System.Threading.Tasks.Task`1.TrySetResult(TResult)
:: [30] void System.Runtime.CompilerServices.AsyncTaskMethodBuilder`1.SetExistingTaskResult(System.Threading.Tasks.Task`1[TResult], TResult)
:: [31] void GdUnit4.Core.Execution.TestSuiteExecutionStage+&lt;RunTestCase&gt;d__15.MoveNext()
:: [32] void System.Threading.ExecutionContext.RunInternal(System.Threading.ExecutionContext, System.Threading.ContextCallback, object)
:: [33] void System.Runtime.CompilerServices.AsyncTaskMethodBuilder`1+AsyncStateMachineBox`1.MoveNext(System.Threading.Thread)
:: [34] void System.Threading.Tasks.AwaitTaskContinuation.RunCallback(System.Threading.ContextCallback, object, System.Threading.Tasks.Task&amp;)
:: [35] void System.Threading.Tasks.Task.RunContinuations(object)
:: [36] bool System.Threading.Tasks.Task`1.TrySetResult(TResult)
:: [37] void System.Runtime.CompilerServices.AsyncTaskMethodBuilder`1.SetExistingTaskResult(System.Threading.Tasks.Task`1[TResult], TResult)
:: [38] void GdUnit4.Core.Execution.AfterTestExecutionStage+&lt;Execute&gt;d__1.MoveNext()
:: [39] void System.Threading.ExecutionContext.RunInternal(System.Threading.ExecutionContext, System.Threading.ContextCallback, object)
:: [40] void System.Runtime.CompilerServices.AsyncTaskMethodBuilder`1+AsyncStateMachineBox`1.MoveNext(System.Threading.Thread)
:: [41] void System.Threading.Tasks.AwaitTaskContinuation.RunCallback(System.Threading.ContextCallback, object, System.Threading.Tasks.Task&amp;)
:: [42] void System.Threading.Tasks.Task.RunContinuations(object)
:: [43] bool System.Threading.Tasks.Task`1.TrySetResult(TResult)
:: [44] void System.Runtime.CompilerServices.AsyncTaskMethodBuilder`1.SetExistingTaskResult(System.Threading.Tasks.Task`1[TResult], TResult)
:: [45] void GdUnit4.Core.Execution.Monitoring.MemoryPool+&lt;Gc&gt;d__14.MoveNext()
:: [46] void System.Threading.ExecutionContext.RunInternal(System.Threading.ExecutionContext, System.Threading.ContextCallback, object)
:: [47] void System.Runtime.CompilerServices.AsyncTaskMethodBuilder`1+AsyncStateMachineBox`1.MoveNext(System.Threading.Thread)
:: [48] void Godot.SignalAwaiter.SignalCallback(nint, Godot.NativeInterop.godot_variant**, int, Godot.NativeInterop.godot_bool*) (/root/godot/modules/mono/glue/GodotSharp/GodotSharp/Core/SignalAwaiter.cs:65)
:: WARNING: Parent path 'MenuContent/TitleMargin' for node 'TitleLabel' has vanished when instantiating: 'res://source/ui/menus/main_menu.tscn'.
:: at: instantiate (scene/resources/packed_scene.cpp:205)
:: C# backtrace (most recent call first):
:: [0] Godot.GodotObject Godot.NativeCalls.godot_icall_1_79(nint, nint, int) (/root/godot/modules/mono/glue/GodotSharp/GodotSharp/Generated/NativeCalls.cs:703)
:: [1] Godot.Node Godot.PackedScene.Instantiate(Godot.PackedScene+GenEditState) (/root/godot/modules/mono/glue/GodotSharp/GodotSharp/Generated/GodotObjects/PackedScene.cs:130)
:: [2] Godot.Node GdUnit4.Core.SceneRunner.LoadScene(string)
:: [3] GdUnit4.Core.SceneRunner..ctor(string, bool, bool)
:: [4] GdUnit4.ISceneRunner GdUnit4.ISceneRunner.Load(string, bool, bool)
:: [5] void OmegaSpiral.Tests.UI.Terminal.TerminalBorderDiagnosticsTests+&lt;Test2_StyleboxIsAssignedToCorrectNode&gt;d__2.MoveNext() (/home/adam/Dev/omega-spiral/chapter-zero/tests/ui/terminal/TerminalBorderDiagnosticsTests.cs:56)
:: [6] void System.Runtime.CompilerServices.AsyncMethodBuilderCore.Start&lt;TStateMachine&gt;(TStateMachine&amp;)
:: [7] System.Threading.Tasks.Task OmegaSpiral.Tests.UI.Terminal.TerminalBorderDiagnosticsTests.Test2_StyleboxIsAssignedToCorrectNode()
:: [8] object System.Reflection.MethodBaseInvoker.InterpretedInvoke_Method(object, System.IntPtr*)
:: [9] object System.Reflection.MethodBaseInvoker.InvokeWithNoArgs(object, System.Reflection.BindingFlags)
:: [10] object System.Reflection.RuntimeMethodInfo.Invoke(object, System.Reflection.BindingFlags, System.Reflection.Binder, System.Object[], System.Globalization.CultureInfo)
:: [11] void GdUnit4.Core.Execution.ExecutionStage`1+&lt;ExecuteStage&gt;d__37.MoveNext()
:: [12] void System.Runtime.CompilerServices.AsyncMethodBuilderCore.Start&lt;TStateMachine&gt;(TStateMachine&amp;)
:: [13] System.Threading.Tasks.Task GdUnit4.Core.Execution.ExecutionStage`1.ExecuteStage(GdUnit4.Core.Execution.ExecutionContext)
:: [14] void GdUnit4.Core.Execution.ExecutionStage`1+&lt;Execute&gt;d__30.MoveNext()
:: [15] void System.Runtime.CompilerServices.AsyncMethodBuilderCore.Start&lt;TStateMachine&gt;(TStateMachine&amp;)
:: [16] System.Threading.Tasks.Task GdUnit4.Core.Execution.ExecutionStage`1.Execute(GdUnit4.Core.Execution.ExecutionContext)
:: [17] System.Threading.Tasks.Task GdUnit4.Core.Execution.TestCaseExecutionStage.&lt;&gt;n__0(GdUnit4.Core.Execution.ExecutionContext)
:: [18] void GdUnit4.Core.Execution.TestCaseExecutionStage+&lt;Execute&gt;d__1.MoveNext()
:: [19] void System.Runtime.CompilerServices.AsyncMethodBuilderCore.Start&lt;TStateMachine&gt;(TStateMachine&amp;)
:: [20] System.Threading.Tasks.Task GdUnit4.Core.Execution.TestCaseExecutionStage.Execute(GdUnit4.Core.Execution.ExecutionContext)
:: [21] void GdUnit4.Core.Execution.TestSuiteExecutionStage+&lt;RunTestCase&gt;d__15.MoveNext()
:: [22] void System.Runtime.CompilerServices.AsyncMethodBuilderCore.Start&lt;TStateMachine&gt;(TStateMachine&amp;)
:: [23] System.Threading.Tasks.Task GdUnit4.Core.Execution.TestSuiteExecutionStage.RunTestCase(GdUnit4.Core.Hooks.IStdOutHook, GdUnit4.Core.Execution.ExecutionContext, GdUnit4.Core.Execution.TestCase, GdUnit4.TestCaseAttribute, System.Object[])
:: [24] void GdUnit4.Core.Execution.TestSuiteExecutionStage+&lt;Execute&gt;d__13.MoveNext()
:: [25] void System.Threading.ExecutionContext.RunInternal(System.Threading.ExecutionContext, System.Threading.ContextCallback, object)
:: [26] void System.Runtime.CompilerServices.AsyncTaskMethodBuilder`1+AsyncStateMachineBox`1.MoveNext(System.Threading.Thread)
:: [27] void System.Threading.Tasks.AwaitTaskContinuation.RunCallback(System.Threading.ContextCallback, object, System.Threading.Tasks.Task&amp;)
:: [28] void System.Threading.Tasks.Task.RunContinuations(object)
:: [29] bool System.Threading.Tasks.Task`1.TrySetResult(TResult)
:: [30] void System.Runtime.CompilerServices.AsyncTaskMethodBuilder`1.SetExistingTaskResult(System.Threading.Tasks.Task`1[TResult], TResult)
:: [31] void GdUnit4.Core.Execution.TestSuiteExecutionStage+&lt;RunTestCase&gt;d__15.MoveNext()
:: [32] void System.Threading.ExecutionContext.RunInternal(System.Threading.ExecutionContext, System.Threading.ContextCallback, object)
:: [33] void System.Runtime.CompilerServices.AsyncTaskMethodBuilder`1+AsyncStateMachineBox`1.MoveNext(System.Threading.Thread)
:: [34] void System.Threading.Tasks.AwaitTaskContinuation.RunCallback(System.Threading.ContextCallback, object, System.Threading.Tasks.Task&amp;)
:: [35] void System.Threading.Tasks.Task.RunContinuations(object)
:: [36] bool System.Threading.Tasks.Task`1.TrySetResult(TResult)
:: [37] void System.Runtime.CompilerServices.AsyncTaskMethodBuilder`1.SetExistingTaskResult(System.Threading.Tasks.Task`1[TResult], TResult)
:: [38] void GdUnit4.Core.Execution.AfterTestExecutionStage+&lt;Execute&gt;d__1.MoveNext()
:: [39] void System.Threading.ExecutionContext.RunInternal(System.Threading.ExecutionContext, System.Threading.ContextCallback, object)
:: [40] void System.Runtime.CompilerServices.AsyncTaskMethodBuilder`1+AsyncStateMachineBox`1.MoveNext(System.Threading.Thread)
:: [41] void System.Threading.Tasks.AwaitTaskContinuation.RunCallback(System.Threading.ContextCallback, object, System.Threading.Tasks.Task&amp;)
:: [42] void System.Threading.Tasks.Task.RunContinuations(object)
:: [43] bool System.Threading.Tasks.Task`1.TrySetResult(TResult)
:: [44] void System.Runtime.CompilerServices.AsyncTaskMethodBuilder`1.SetExistingTaskResult(System.Threading.Tasks.Task`1[TResult], TResult)
:: [45] void GdUnit4.Core.Execution.Monitoring.MemoryPool+&lt;Gc&gt;d__14.MoveNext()
:: [46] void System.Threading.ExecutionContext.RunInternal(System.Threading.ExecutionContext, System.Threading.ContextCallback, object)
:: [47] void System.Runtime.CompilerServices.AsyncTaskMethodBuilder`1+AsyncStateMachineBox`1.MoveNext(System.Threading.Thread)
:: [48] void Godot.SignalAwaiter.SignalCallback(nint, Godot.NativeInterop.godot_variant**, int, Godot.NativeInterop.godot_bool*) (/root/godot/modules/mono/glue/GodotSharp/GodotSharp/Core/SignalAwaiter.cs:65)
:: WARNING: Parent path 'MenuContent' for node 'DescriptionMargin' has vanished when instantiating: 'res://source/ui/menus/main_menu.tscn'.
:: at: instantiate (scene/resources/packed_scene.cpp:205)
:: C# backtrace (most recent call first):
:: [0] Godot.GodotObject Godot.NativeCalls.godot_icall_1_79(nint, nint, int) (/root/godot/modules/mono/glue/GodotSharp/GodotSharp/Generated/NativeCalls.cs:703)
:: [1] Godot.Node Godot.PackedScene.Instantiate(Godot.PackedScene+GenEditState) (/root/godot/modules/mono/glue/GodotSharp/GodotSharp/Generated/GodotObjects/PackedScene.cs:130)
:: [2] Godot.Node GdUnit4.Core.SceneRunner.LoadScene(string)
:: [3] GdUnit4.Core.SceneRunner..ctor(string, bool, bool)
:: [4] GdUnit4.ISceneRunner GdUnit4.ISceneRunner.Load(string, bool, bool)
:: [5] void OmegaSpiral.Tests.UI.Terminal.TerminalBorderDiagnosticsTests+&lt;Test2_StyleboxIsAssignedToCorrectNode&gt;d__2.MoveNext() (/home/adam/Dev/omega-spiral/chapter-zero/tests/ui/terminal/TerminalBorderDiagnosticsTests.cs:56)
:: [6] void System.Runtime.CompilerServices.AsyncMethodBuilderCore.Start&lt;TStateMachine&gt;(TStateMachine&amp;)
:: [7] System.Threading.Tasks.Task OmegaSpiral.Tests.UI.Terminal.TerminalBorderDiagnosticsTests.Test2_StyleboxIsAssignedToCorrectNode()
:: [8] object System.Reflection.MethodBaseInvoker.InterpretedInvoke_Method(object, System.IntPtr*)
:: [9] object System.Reflection.MethodBaseInvoker.InvokeWithNoArgs(object, System.Reflection.BindingFlags)
:: [10] object System.Reflection.RuntimeMethodInfo.Invoke(object, System.Reflection.BindingFlags, System.Reflection.Binder, System.Object[], System.Globalization.CultureInfo)
:: [11] void GdUnit4.Core.Execution.ExecutionStage`1+&lt;ExecuteStage&gt;d__37.MoveNext()
:: [12] void System.Runtime.CompilerServices.AsyncMethodBuilderCore.Start&lt;TStateMachine&gt;(TStateMachine&amp;)
:: [13] System.Threading.Tasks.Task GdUnit4.Core.Execution.ExecutionStage`1.ExecuteStage(GdUnit4.Core.Execution.ExecutionContext)
:: [14] void GdUnit4.Core.Execution.ExecutionStage`1+&lt;Execute&gt;d__30.MoveNext()
:: [15] void System.Runtime.CompilerServices.AsyncMethodBuilderCore.Start&lt;TStateMachine&gt;(TStateMachine&amp;)
:: [16] System.Threading.Tasks.Task GdUnit4.Core.Execution.ExecutionStage`1.Execute(GdUnit4.Core.Execution.ExecutionContext)
:: [17] System.Threading.Tasks.Task GdUnit4.Core.Execution.TestCaseExecutionStage.&lt;&gt;n__0(GdUnit4.Core.Execution.ExecutionContext)
:: [18] void GdUnit4.Core.Execution.TestCaseExecutionStage+&lt;Execute&gt;d__1.MoveNext()
:: [19] void System.Runtime.CompilerServices.AsyncMethodBuilderCore.Start&lt;TStateMachine&gt;(TStateMachine&amp;)
:: [20] System.Threading.Tasks.Task GdUnit4.Core.Execution.TestCaseExecutionStage.Execute(GdUnit4.Core.Execution.ExecutionContext)
:: [21] void GdUnit4.Core.Execution.TestSuiteExecutionStage+&lt;RunTestCase&gt;d__15.MoveNext()
:: [22] void System.Runtime.CompilerServices.AsyncMethodBuilderCore.Start&lt;TStateMachine&gt;(TStateMachine&amp;)
:: [23] System.Threading.Tasks.Task GdUnit4.Core.Execution.TestSuiteExecutionStage.RunTestCase(GdUnit4.Core.Hooks.IStdOutHook, GdUnit4.Core.Execution.ExecutionContext, GdUnit4.Core.Execution.TestCase, GdUnit4.TestCaseAttribute, System.Object[])
:: [24] void GdUnit4.Core.Execution.TestSuiteExecutionStage+&lt;Execute&gt;d__13.MoveNext()
:: [25] void System.Threading.ExecutionContext.RunInternal(System.Threading.ExecutionContext, System.Threading.ContextCallback, object)
:: [26] void System.Runtime.CompilerServices.AsyncTaskMethodBuilder`1+AsyncStateMachineBox`1.MoveNext(System.Threading.Thread)
:: [27] void System.Threading.Tasks.AwaitTaskContinuation.RunCallback(System.Threading.ContextCallback, object, System.Threading.Tasks.Task&amp;)
:: [28] void System.Threading.Tasks.Task.RunContinuations(object)
:: [29] bool System.Threading.Tasks.Task`1.TrySetResult(TResult)
:: [30] void System.Runtime.CompilerServices.AsyncTaskMethodBuilder`1.SetExistingTaskResult(System.Threading.Tasks.Task`1[TResult], TResult)
:: [31] void GdUnit4.Core.Execution.TestSuiteExecutionStage+&lt;RunTestCase&gt;d__15.MoveNext()
:: [32] void System.Threading.ExecutionContext.RunInternal(System.Threading.ExecutionContext, System.Threading.ContextCallback, object)
:: [33] void System.Runtime.CompilerServices.AsyncTaskMethodBuilder`1+AsyncStateMachineBox`1.MoveNext(System.Threading.Thread)
:: [34] void System.Threading.Tasks.AwaitTaskContinuation.RunCallback(System.Threading.ContextCallback, object, System.Threading.Tasks.Task&amp;)
:: [35] void System.Threading.Tasks.Task.RunContinuations(object)
:: [36] bool System.Threading.Tasks.Task`1.TrySetResult(TResult)
:: [37] void System.Runtime.CompilerServices.AsyncTaskMethodBuilder`1.SetExistingTaskResult(System.Threading.Tasks.Task`1[TResult], TResult)
:: [38] void GdUnit4.Core.Execution.AfterTestExecutionStage+&lt;Execute&gt;d__1.MoveNext()
:: [39] void System.Threading.ExecutionContext.RunInternal(System.Threading.ExecutionContext, System.Threading.ContextCallback, object)
:: [40] void System.Runtime.CompilerServices.AsyncTaskMethodBuilder`1+AsyncStateMachineBox`1.MoveNext(System.Threading.Thread)
:: [41] void System.Threading.Tasks.AwaitTaskContinuation.RunCallback(System.Threading.ContextCallback, object, System.Threading.Tasks.Task&amp;)
:: [42] void System.Threading.Tasks.Task.RunContinuations(object)
:: [43] bool System.Threading.Tasks.Task`1.TrySetResult(TResult)
:: [44] void System.Runtime.CompilerServices.AsyncTaskMethodBuilder`1.SetExistingTaskResult(System.Threading.Tasks.Task`1[TResult], TResult)
:: [45] void GdUnit4.Core.Execution.Monitoring.MemoryPool+&lt;Gc&gt;d__14.MoveNext()
:: [46] void System.Threading.ExecutionContext.RunInternal(System.Threading.ExecutionContext, System.Threading.ContextCallback, object)
:: [47] void System.Runtime.CompilerServices.AsyncTaskMethodBuilder`1+AsyncStateMachineBox`1.MoveNext(System.Threading.Thread)
:: [48] void Godot.SignalAwaiter.SignalCallback(nint, Godot.NativeInterop.godot_variant**, int, Godot.NativeInterop.godot_bool*) (/root/godot/modules/mono/glue/GodotSharp/GodotSharp/Core/SignalAwaiter.cs:65)
:: WARNING: Parent path 'MenuContent/DescriptionMargin' for node 'DescriptionLabel' has vanished when instantiating: 'res://source/ui/menus/main_menu.tscn'.
:: at: instantiate (scene/resources/packed_scene.cpp:205)
:: C# backtrace (most recent call first):
:: [0] Godot.GodotObject Godot.NativeCalls.godot_icall_1_79(nint, nint, int) (/root/godot/modules/mono/glue/GodotSharp/GodotSharp/Generated/NativeCalls.cs:703)
:: [1] Godot.Node Godot.PackedScene.Instantiate(Godot.PackedScene+GenEditState) (/root/godot/modules/mono/glue/GodotSharp/GodotSharp/Generated/GodotObjects/PackedScene.cs:130)
:: [2] Godot.Node GdUnit4.Core.SceneRunner.LoadScene(string)
:: [3] GdUnit4.Core.SceneRunner..ctor(string, bool, bool)
:: [4] GdUnit4.ISceneRunner GdUnit4.ISceneRunner.Load(string, bool, bool)
:: [5] void OmegaSpiral.Tests.UI.Terminal.TerminalBorderDiagnosticsTests+&lt;Test2_StyleboxIsAssignedToCorrectNode&gt;d__2.MoveNext() (/home/adam/Dev/omega-spiral/chapter-zero/tests/ui/terminal/TerminalBorderDiagnosticsTests.cs:56)
:: [6] void System.Runtime.CompilerServices.AsyncMethodBuilderCore.Start&lt;TStateMachine&gt;(TStateMachine&amp;)
:: [7] System.Threading.Tasks.Task OmegaSpiral.Tests.UI.Terminal.TerminalBorderDiagnosticsTests.Test2_StyleboxIsAssignedToCorrectNode()
:: [8] object System.Reflection.MethodBaseInvoker.InterpretedInvoke_Method(object, System.IntPtr*)
:: [9] object System.Reflection.MethodBaseInvoker.InvokeWithNoArgs(object, System.Reflection.BindingFlags)
:: [10] object System.Reflection.RuntimeMethodInfo.Invoke(object, System.Reflection.BindingFlags, System.Reflection.Binder, System.Object[], System.Globalization.CultureInfo)
:: [11] void GdUnit4.Core.Execution.ExecutionStage`1+&lt;ExecuteStage&gt;d__37.MoveNext()
:: [12] void System.Runtime.CompilerServices.AsyncMethodBuilderCore.Start&lt;TStateMachine&gt;(TStateMachine&amp;)
:: [13] System.Threading.Tasks.Task GdUnit4.Core.Execution.ExecutionStage`1.ExecuteStage(GdUnit4.Core.Execution.ExecutionContext)
:: [14] void GdUnit4.Core.Execution.ExecutionStage`1+&lt;Execute&gt;d__30.MoveNext()
:: [15] void System.Runtime.CompilerServices.AsyncMethodBuilderCore.Start&lt;TStateMachine&gt;(TStateMachine&amp;)
:: [16] System.Threading.Tasks.Task GdUnit4.Core.Execution.ExecutionStage`1.Execute(GdUnit4.Core.Execution.ExecutionContext)
:: [17] System.Threading.Tasks.Task GdUnit4.Core.Execution.TestCaseExecutionStage.&lt;&gt;n__0(GdUnit4.Core.Execution.ExecutionContext)
:: [18] void GdUnit4.Core.Execution.TestCaseExecutionStage+&lt;Execute&gt;d__1.MoveNext()
:: [19] void System.Runtime.CompilerServices.AsyncMethodBuilderCore.Start&lt;TStateMachine&gt;(TStateMachine&amp;)
:: [20] System.Threading.Tasks.Task GdUnit4.Core.Execution.TestCaseExecutionStage.Execute(GdUnit4.Core.Execution.ExecutionContext)
:: [21] void GdUnit4.Core.Execution.TestSuiteExecutionStage+&lt;RunTestCase&gt;d__15.MoveNext()
:: [22] void System.Runtime.CompilerServices.AsyncMethodBuilderCore.Start&lt;TStateMachine&gt;(TStateMachine&amp;)
:: [23] System.Threading.Tasks.Task GdUnit4.Core.Execution.TestSuiteExecutionStage.RunTestCase(GdUnit4.Core.Hooks.IStdOutHook, GdUnit4.Core.Execution.ExecutionContext, GdUnit4.Core.Execution.TestCase, GdUnit4.TestCaseAttribute, System.Object[])
:: [24] void GdUnit4.Core.Execution.TestSuiteExecutionStage+&lt;Execute&gt;d__13.MoveNext()
:: [25] void System.Threading.ExecutionContext.RunInternal(System.Threading.ExecutionContext, System.Threading.ContextCallback, object)
:: [26] void System.Runtime.CompilerServices.AsyncTaskMethodBuilder`1+AsyncStateMachineBox`1.MoveNext(System.Threading.Thread)
:: [27] void System.Threading.Tasks.AwaitTaskContinuation.RunCallback(System.Threading.ContextCallback, object, System.Threading.Tasks.Task&amp;)
:: [28] void System.Threading.Tasks.Task.RunContinuations(object)
:: [29] bool System.Threading.Tasks.Task`1.TrySetResult(TResult)
:: [30] void System.Runtime.CompilerServices.AsyncTaskMethodBuilder`1.SetExistingTaskResult(System.Threading.Tasks.Task`1[TResult], TResult)
:: [31] void GdUnit4.Core.Execution.TestSuiteExecutionStage+&lt;RunTestCase&gt;d__15.MoveNext()
:: [32] void System.Threading.ExecutionContext.RunInternal(System.Threading.ExecutionContext, System.Threading.ContextCallback, object)
:: [33] void System.Runtime.CompilerServices.AsyncTaskMethodBuilder`1+AsyncStateMachineBox`1.MoveNext(System.Threading.Thread)
:: [34] void System.Threading.Tasks.AwaitTaskContinuation.RunCallback(System.Threading.ContextCallback, object, System.Threading.Tasks.Task&amp;)
:: [35] void System.Threading.Tasks.Task.RunContinuations(object)
:: [36] bool System.Threading.Tasks.Task`1.TrySetResult(TResult)
:: [37] void System.Runtime.CompilerServices.AsyncTaskMethodBuilder`1.SetExistingTaskResult(System.Threading.Tasks.Task`1[TResult], TResult)
:: [38] void GdUnit4.Core.Execution.AfterTestExecutionStage+&lt;Execute&gt;d__1.MoveNext()
:: [39] void System.Threading.ExecutionContext.RunInternal(System.Threading.ExecutionContext, System.Threading.ContextCallback, object)
:: [40] void System.Runtime.CompilerServices.AsyncTaskMethodBuilder`1+AsyncStateMachineBox`1.MoveNext(System.Threading.Thread)
:: [41] void System.Threading.Tasks.AwaitTaskContinuation.RunCallback(System.Threading.ContextCallback, object, System.Threading.Tasks.Task&amp;)
:: [42] void System.Threading.Tasks.Task.RunContinuations(object)
:: [43] bool System.Threading.Tasks.Task`1.TrySetResult(TResult)
:: [44] void System.Runtime.CompilerServices.AsyncTaskMethodBuilder`1.SetExistingTaskResult(System.Threading.Tasks.Task`1[TResult], TResult)
:: [45] void GdUnit4.Core.Execution.Monitoring.MemoryPool+&lt;Gc&gt;d__14.MoveNext()
:: [46] void System.Threading.ExecutionContext.RunInternal(System.Threading.ExecutionContext, System.Threading.ContextCallback, object)
:: [47] void System.Runtime.CompilerServices.AsyncTaskMethodBuilder`1+AsyncStateMachineBox`1.MoveNext(System.Threading.Thread)
:: [48] void Godot.SignalAwaiter.SignalCallback(nint, Godot.NativeInterop.godot_variant**, int, Godot.NativeInterop.godot_bool*) (/root/godot/modules/mono/glue/GodotSharp/GodotSharp/Core/SignalAwaiter.cs:65)
:: WARNING: Parent path 'MenuContent' for node 'MenuButtonsMargin' has vanished when instantiating: 'res://source/ui/menus/main_menu.tscn'.
:: at: instantiate (scene/resources/packed_scene.cpp:205)
:: C# backtrace (most recent call first):
:: [0] Godot.GodotObject Godot.NativeCalls.godot_icall_1_79(nint, nint, int) (/root/godot/modules/mono/glue/GodotSharp/GodotSharp/Generated/NativeCalls.cs:703)
:: [1] Godot.Node Godot.PackedScene.Instantiate(Godot.PackedScene+GenEditState) (/root/godot/modules/mono/glue/GodotSharp/GodotSharp/Generated/GodotObjects/PackedScene.cs:130)
:: [2] Godot.Node GdUnit4.Core.SceneRunner.LoadScene(string)
:: [3] GdUnit4.Core.SceneRunner..ctor(string, bool, bool)
:: [4] GdUnit4.ISceneRunner GdUnit4.ISceneRunner.Load(string, bool, bool)
:: [5] void OmegaSpiral.Tests.UI.Terminal.TerminalBorderDiagnosticsTests+&lt;Test2_StyleboxIsAssignedToCorrectNode&gt;d__2.MoveNext() (/home/adam/Dev/omega-spiral/chapter-zero/tests/ui/terminal/TerminalBorderDiagnosticsTests.cs:56)
:: [6] void System.Runtime.CompilerServices.AsyncMethodBuilderCore.Start&lt;TStateMachine&gt;(TStateMachine&amp;)
:: [7] System.Threading.Tasks.Task OmegaSpiral.Tests.UI.Terminal.TerminalBorderDiagnosticsTests.Test2_StyleboxIsAssignedToCorrectNode()
:: [8] object System.Reflection.MethodBaseInvoker.InterpretedInvoke_Method(object, System.IntPtr*)
:: [9] object System.Reflection.MethodBaseInvoker.InvokeWithNoArgs(object, System.Reflection.BindingFlags)
:: [10] object System.Reflection.RuntimeMethodInfo.Invoke(object, System.Reflection.BindingFlags, System.Reflection.Binder, System.Object[], System.Globalization.CultureInfo)
:: [11] void GdUnit4.Core.Execution.ExecutionStage`1+&lt;ExecuteStage&gt;d__37.MoveNext()
:: [12] void System.Runtime.CompilerServices.AsyncMethodBuilderCore.Start&lt;TStateMachine&gt;(TStateMachine&amp;)
:: [13] System.Threading.Tasks.Task GdUnit4.Core.Execution.ExecutionStage`1.ExecuteStage(GdUnit4.Core.Execution.ExecutionContext)
:: [14] void GdUnit4.Core.Execution.ExecutionStage`1+&lt;Execute&gt;d__30.MoveNext()
:: [15] void System.Runtime.CompilerServices.AsyncMethodBuilderCore.Start&lt;TStateMachine&gt;(TStateMachine&amp;)
:: [16] System.Threading.Tasks.Task GdUnit4.Core.Execution.ExecutionStage`1.Execute(GdUnit4.Core.Execution.ExecutionContext)
:: [17] System.Threading.Tasks.Task GdUnit4.Core.Execution.TestCaseExecutionStage.&lt;&gt;n__0(GdUnit4.Core.Execution.ExecutionContext)
:: [18] void GdUnit4.Core.Execution.TestCaseExecutionStage+&lt;Execute&gt;d__1.MoveNext()
:: [19] void System.Runtime.CompilerServices.AsyncMethodBuilderCore.Start&lt;TStateMachine&gt;(TStateMachine&amp;)
:: [20] System.Threading.Tasks.Task GdUnit4.Core.Execution.TestCaseExecutionStage.Execute(GdUnit4.Core.Execution.ExecutionContext)
:: [21] void GdUnit4.Core.Execution.TestSuiteExecutionStage+&lt;RunTestCase&gt;d__15.MoveNext()
:: [22] void System.Runtime.CompilerServices.AsyncMethodBuilderCore.Start&lt;TStateMachine&gt;(TStateMachine&amp;)
:: [23] System.Threading.Tasks.Task GdUnit4.Core.Execution.TestSuiteExecutionStage.RunTestCase(GdUnit4.Core.Hooks.IStdOutHook, GdUnit4.Core.Execution.ExecutionContext, GdUnit4.Core.Execution.TestCase, GdUnit4.TestCaseAttribute, System.Object[])
:: [24] void GdUnit4.Core.Execution.TestSuiteExecutionStage+&lt;Execute&gt;d__13.MoveNext()
:: [25] void System.Threading.ExecutionContext.RunInternal(System.Threading.ExecutionContext, System.Threading.ContextCallback, object)
:: [26] void System.Runtime.CompilerServices.AsyncTaskMethodBuilder`1+AsyncStateMachineBox`1.MoveNext(System.Threading.Thread)
:: [27] void System.Threading.Tasks.AwaitTaskContinuation.RunCallback(System.Threading.ContextCallback, object, System.Threading.Tasks.Task&amp;)
:: [28] void System.Threading.Tasks.Task.RunContinuations(object)
:: [29] bool System.Threading.Tasks.Task`1.TrySetResult(TResult)
:: [30] void System.Runtime.CompilerServices.AsyncTaskMethodBuilder`1.SetExistingTaskResult(System.Threading.Tasks.Task`1[TResult], TResult)
:: [31] void GdUnit4.Core.Execution.TestSuiteExecutionStage+&lt;RunTestCase&gt;d__15.MoveNext()
:: [32] void System.Threading.ExecutionContext.RunInternal(System.Threading.ExecutionContext, System.Threading.ContextCallback, object)
:: [33] void System.Runtime.CompilerServices.AsyncTaskMethodBuilder`1+AsyncStateMachineBox`1.MoveNext(System.Threading.Thread)
:: [34] void System.Threading.Tasks.AwaitTaskContinuation.RunCallback(System.Threading.ContextCallback, object, System.Threading.Tasks.Task&amp;)
:: [35] void System.Threading.Tasks.Task.RunContinuations(object)
:: [36] bool System.Threading.Tasks.Task`1.TrySetResult(TResult)
:: [37] void System.Runtime.CompilerServices.AsyncTaskMethodBuilder`1.SetExistingTaskResult(System.Threading.Tasks.Task`1[TResult], TResult)
:: [38] void GdUnit4.Core.Execution.AfterTestExecutionStage+&lt;Execute&gt;d__1.MoveNext()
:: [39] void System.Threading.ExecutionContext.RunInternal(System.Threading.ExecutionContext, System.Threading.ContextCallback, object)
:: [40] void System.Runtime.CompilerServices.AsyncTaskMethodBuilder`1+AsyncStateMachineBox`1.MoveNext(System.Threading.Thread)
:: [41] void System.Threading.Tasks.AwaitTaskContinuation.RunCallback(System.Threading.ContextCallback, object, System.Threading.Tasks.Task&amp;)
:: [42] void System.Threading.Tasks.Task.RunContinuations(object)
:: [43] bool System.Threading.Tasks.Task`1.TrySetResult(TResult)
:: [44] void System.Runtime.CompilerServices.AsyncTaskMethodBuilder`1.SetExistingTaskResult(System.Threading.Tasks.Task`1[TResult], TResult)
:: [45] void GdUnit4.Core.Execution.Monitoring.MemoryPool+&lt;Gc&gt;d__14.MoveNext()
:: [46] void System.Threading.ExecutionContext.RunInternal(System.Threading.ExecutionContext, System.Threading.ContextCallback, object)
:: [47] void System.Runtime.CompilerServices.AsyncTaskMethodBuilder`1+AsyncStateMachineBox`1.MoveNext(System.Threading.Thread)
:: [48] void Godot.SignalAwaiter.SignalCallback(nint, Godot.NativeInterop.godot_variant**, int, Godot.NativeInterop.godot_bool*) (/root/godot/modules/mono/glue/GodotSharp/GodotSharp/Core/SignalAwaiter.cs:65)
:: WARNING: Parent path 'MenuContent/MenuButtonsMargin' for node 'MenuButtonsContainer' has vanished when instantiating: 'res://source/ui/menus/main_menu.tscn'.
:: at: instantiate (scene/resources/packed_scene.cpp:205)
:: C# backtrace (most recent call first):
:: [0] Godot.GodotObject Godot.NativeCalls.godot_icall_1_79(nint, nint, int) (/root/godot/modules/mono/glue/GodotSharp/GodotSharp/Generated/NativeCalls.cs:703)
:: [1] Godot.Node Godot.PackedScene.Instantiate(Godot.PackedScene+GenEditState) (/root/godot/modules/mono/glue/GodotSharp/GodotSharp/Generated/GodotObjects/PackedScene.cs:130)
:: [2] Godot.Node GdUnit4.Core.SceneRunner.LoadScene(string)
:: [3] GdUnit4.Core.SceneRunner..ctor(string, bool, bool)
:: [4] GdUnit4.ISceneRunner GdUnit4.ISceneRunner.Load(string, bool, bool)
:: [5] void OmegaSpiral.Tests.UI.Terminal.TerminalBorderDiagnosticsTests+&lt;Test2_StyleboxIsAssignedToCorrectNode&gt;d__2.MoveNext() (/home/adam/Dev/omega-spiral/chapter-zero/tests/ui/terminal/TerminalBorderDiagnosticsTests.cs:56)
:: [6] void System.Runtime.CompilerServices.AsyncMethodBuilderCore.Start&lt;TStateMachine&gt;(TStateMachine&amp;)
:: [7] System.Threading.Tasks.Task OmegaSpiral.Tests.UI.Terminal.TerminalBorderDiagnosticsTests.Test2_StyleboxIsAssignedToCorrectNode()
:: [8] object System.Reflection.MethodBaseInvoker.InterpretedInvoke_Method(object, System.IntPtr*)
:: [9] object System.Reflection.MethodBaseInvoker.InvokeWithNoArgs(object, System.Reflection.BindingFlags)
:: [10] object System.Reflection.RuntimeMethodInfo.Invoke(object, System.Reflection.BindingFlags, System.Reflection.Binder, System.Object[], System.Globalization.CultureInfo)
:: [11] void GdUnit4.Core.Execution.ExecutionStage`1+&lt;ExecuteStage&gt;d__37.MoveNext()
:: [12] void System.Runtime.CompilerServices.AsyncMethodBuilderCore.Start&lt;TStateMachine&gt;(TStateMachine&amp;)
:: [13] System.Threading.Tasks.Task GdUnit4.Core.Execution.ExecutionStage`1.ExecuteStage(GdUnit4.Core.Execution.ExecutionContext)
:: [14] void GdUnit4.Core.Execution.ExecutionStage`1+&lt;Execute&gt;d__30.MoveNext()
:: [15] void System.Runtime.CompilerServices.AsyncMethodBuilderCore.Start&lt;TStateMachine&gt;(TStateMachine&amp;)
:: [16] System.Threading.Tasks.Task GdUnit4.Core.Execution.ExecutionStage`1.Execute(GdUnit4.Core.Execution.ExecutionContext)
:: [17] System.Threading.Tasks.Task GdUnit4.Core.Execution.TestCaseExecutionStage.&lt;&gt;n__0(GdUnit4.Core.Execution.ExecutionContext)
:: [18] void GdUnit4.Core.Execution.TestCaseExecutionStage+&lt;Execute&gt;d__1.MoveNext()
:: [19] void System.Runtime.CompilerServices.AsyncMethodBuilderCore.Start&lt;TStateMachine&gt;(TStateMachine&amp;)
:: [20] System.Threading.Tasks.Task GdUnit4.Core.Execution.TestCaseExecutionStage.Execute(GdUnit4.Core.Execution.ExecutionContext)
:: [21] void GdUnit4.Core.Execution.TestSuiteExecutionStage+&lt;RunTestCase&gt;d__15.MoveNext()
:: [22] void System.Runtime.CompilerServices.AsyncMethodBuilderCore.Start&lt;TStateMachine&gt;(TStateMachine&amp;)
:: [23] System.Threading.Tasks.Task GdUnit4.Core.Execution.TestSuiteExecutionStage.RunTestCase(GdUnit4.Core.Hooks.IStdOutHook, GdUnit4.Core.Execution.ExecutionContext, GdUnit4.Core.Execution.TestCase, GdUnit4.TestCaseAttribute, System.Object[])
:: [24] void GdUnit4.Core.Execution.TestSuiteExecutionStage+&lt;Execute&gt;d__13.MoveNext()
:: [25] void System.Threading.ExecutionContext.RunInternal(System.Threading.ExecutionContext, System.Threading.ContextCallback, object)
:: [26] void System.Runtime.CompilerServices.AsyncTaskMethodBuilder`1+AsyncStateMachineBox`1.MoveNext(System.Threading.Thread)
:: [27] void System.Threading.Tasks.AwaitTaskContinuation.RunCallback(System.Threading.ContextCallback, object, System.Threading.Tasks.Task&amp;)
:: [28] void System.Threading.Tasks.Task.RunContinuations(object)
:: [29] bool System.Threading.Tasks.Task`1.TrySetResult(TResult)
:: [30] void System.Runtime.CompilerServices.AsyncTaskMethodBuilder`1.SetExistingTaskResult(System.Threading.Tasks.Task`1[TResult], TResult)
:: [31] void GdUnit4.Core.Execution.TestSuiteExecutionStage+&lt;RunTestCase&gt;d__15.MoveNext()
:: [32] void System.Threading.ExecutionContext.RunInternal(System.Threading.ExecutionContext, System.Threading.ContextCallback, object)
:: [33] void System.Runtime.CompilerServices.AsyncTaskMethodBuilder`1+AsyncStateMachineBox`1.MoveNext(System.Threading.Thread)
:: [34] void System.Threading.Tasks.AwaitTaskContinuation.RunCallback(System.Threading.ContextCallback, object, System.Threading.Tasks.Task&amp;)
:: [35] void System.Threading.Tasks.Task.RunContinuations(object)
:: [36] bool System.Threading.Tasks.Task`1.TrySetResult(TResult)
:: [37] void System.Runtime.CompilerServices.AsyncTaskMethodBuilder`1.SetExistingTaskResult(System.Threading.Tasks.Task`1[TResult], TResult)
:: [38] void GdUnit4.Core.Execution.AfterTestExecutionStage+&lt;Execute&gt;d__1.MoveNext()
:: [39] void System.Threading.ExecutionContext.RunInternal(System.Threading.ExecutionContext, System.Threading.ContextCallback, object)
:: [40] void System.Runtime.CompilerServices.AsyncTaskMethodBuilder`1+AsyncStateMachineBox`1.MoveNext(System.Threading.Thread)
:: [41] void System.Threading.Tasks.AwaitTaskContinuation.RunCallback(System.Threading.ContextCallback, object, System.Threading.Tasks.Task&amp;)
:: [42] void System.Threading.Tasks.Task.RunContinuations(object)
:: [43] bool System.Threading.Tasks.Task`1.TrySetResult(TResult)
:: [44] void System.Runtime.CompilerServices.AsyncTaskMethodBuilder`1.SetExistingTaskResult(System.Threading.Tasks.Task`1[TResult], TResult)
:: [45] void GdUnit4.Core.Execution.Monitoring.MemoryPool+&lt;Gc&gt;d__14.MoveNext()
:: [46] void System.Threading.ExecutionContext.RunInternal(System.Threading.ExecutionContext, System.Threading.ContextCallback, object)
:: [47] void System.Runtime.CompilerServices.AsyncTaskMethodBuilder`1+AsyncStateMachineBox`1.MoveNext(System.Threading.Thread)
:: [48] void Godot.SignalAwaiter.SignalCallback(nint, Godot.NativeInterop.godot_variant**, int, Godot.NativeInterop.godot_bool*) (/root/godot/modules/mono/glue/GodotSharp/GodotSharp/Core/SignalAwaiter.cs:65)
:: WARNING: Parent path 'MenuContent/MenuButtonsMargin/MenuButtonsContainer' for node 'MenuButtonsBoxContainer' has vanished when instantiating: 'res://source/ui/menus/main_menu.tscn'.
:: at: instantiate (scene/resources/packed_scene.cpp:205)
:: C# backtrace (most recent call first):
:: [0] Godot.GodotObject Godot.NativeCalls.godot_icall_1_79(nint, nint, int) (/root/godot/modules/mono/glue/GodotSharp/GodotSharp/Generated/NativeCalls.cs:703)
:: [1] Godot.Node Godot.PackedScene.Instantiate(Godot.PackedScene+GenEditState) (/root/godot/modules/mono/glue/GodotSharp/GodotSharp/Generated/GodotObjects/PackedScene.cs:130)
:: [2] Godot.Node GdUnit4.Core.SceneRunner.LoadScene(string)
:: [3] GdUnit4.Core.SceneRunner..ctor(string, bool, bool)
:: [4] GdUnit4.ISceneRunner GdUnit4.ISceneRunner.Load(string, bool, bool)
:: [5] void OmegaSpiral.Tests.UI.Terminal.TerminalBorderDiagnosticsTests+&lt;Test2_StyleboxIsAssignedToCorrectNode&gt;d__2.MoveNext() (/home/adam/Dev/omega-spiral/chapter-zero/tests/ui/terminal/TerminalBorderDiagnosticsTests.cs:56)
:: [6] void System.Runtime.CompilerServices.AsyncMethodBuilderCore.Start&lt;TStateMachine&gt;(TStateMachine&amp;)
:: [7] System.Threading.Tasks.Task OmegaSpiral.Tests.UI.Terminal.TerminalBorderDiagnosticsTests.Test2_StyleboxIsAssignedToCorrectNode()
:: [8] object System.Reflection.MethodBaseInvoker.InterpretedInvoke_Method(object, System.IntPtr*)
:: [9] object System.Reflection.MethodBaseInvoker.InvokeWithNoArgs(object, System.Reflection.BindingFlags)
:: [10] object System.Reflection.RuntimeMethodInfo.Invoke(object, System.Reflection.BindingFlags, System.Reflection.Binder, System.Object[], System.Globalization.CultureInfo)
:: [11] void GdUnit4.Core.Execution.ExecutionStage`1+&lt;ExecuteStage&gt;d__37.MoveNext()
:: [12] void System.Runtime.CompilerServices.AsyncMethodBuilderCore.Start&lt;TStateMachine&gt;(TStateMachine&amp;)
:: [13] System.Threading.Tasks.Task GdUnit4.Core.Execution.ExecutionStage`1.ExecuteStage(GdUnit4.Core.Execution.ExecutionContext)
:: [14] void GdUnit4.Core.Execution.ExecutionStage`1+&lt;Execute&gt;d__30.MoveNext()
:: [15] void System.Runtime.CompilerServices.AsyncMethodBuilderCore.Start&lt;TStateMachine&gt;(TStateMachine&amp;)
:: [16] System.Threading.Tasks.Task GdUnit4.Core.Execution.ExecutionStage`1.Execute(GdUnit4.Core.Execution.ExecutionContext)
:: [17] System.Threading.Tasks.Task GdUnit4.Core.Execution.TestCaseExecutionStage.&lt;&gt;n__0(GdUnit4.Core.Execution.ExecutionContext)
:: [18] void GdUnit4.Core.Execution.TestCaseExecutionStage+&lt;Execute&gt;d__1.MoveNext()
:: [19] void System.Runtime.CompilerServices.AsyncMethodBuilderCore.Start&lt;TStateMachine&gt;(TStateMachine&amp;)
:: [20] System.Threading.Tasks.Task GdUnit4.Core.Execution.TestCaseExecutionStage.Execute(GdUnit4.Core.Execution.ExecutionContext)
:: [21] void GdUnit4.Core.Execution.TestSuiteExecutionStage+&lt;RunTestCase&gt;d__15.MoveNext()
:: [22] void System.Runtime.CompilerServices.AsyncMethodBuilderCore.Start&lt;TStateMachine&gt;(TStateMachine&amp;)
:: [23] System.Threading.Tasks.Task GdUnit4.Core.Execution.TestSuiteExecutionStage.RunTestCase(GdUnit4.Core.Hooks.IStdOutHook, GdUnit4.Core.Execution.ExecutionContext, GdUnit4.Core.Execution.TestCase, GdUnit4.TestCaseAttribute, System.Object[])
:: [24] void GdUnit4.Core.Execution.TestSuiteExecutionStage+&lt;Execute&gt;d__13.MoveNext()
:: [25] void System.Threading.ExecutionContext.RunInternal(System.Threading.ExecutionContext, System.Threading.ContextCallback, object)
:: [26] void System.Runtime.CompilerServices.AsyncTaskMethodBuilder`1+AsyncStateMachineBox`1.MoveNext(System.Threading.Thread)
:: [27] void System.Threading.Tasks.AwaitTaskContinuation.RunCallback(System.Threading.ContextCallback, object, System.Threading.Tasks.Task&amp;)
:: [28] void System.Threading.Tasks.Task.RunContinuations(object)
:: [29] bool System.Threading.Tasks.Task`1.TrySetResult(TResult)
:: [30] void System.Runtime.CompilerServices.AsyncTaskMethodBuilder`1.SetExistingTaskResult(System.Threading.Tasks.Task`1[TResult], TResult)
:: [31] void GdUnit4.Core.Execution.TestSuiteExecutionStage+&lt;RunTestCase&gt;d__15.MoveNext()
:: [32] void System.Threading.ExecutionContext.RunInternal(System.Threading.ExecutionContext, System.Threading.ContextCallback, object)
:: [33] void System.Runtime.CompilerServices.AsyncTaskMethodBuilder`1+AsyncStateMachineBox`1.MoveNext(System.Threading.Thread)
:: [34] void System.Threading.Tasks.AwaitTaskContinuation.RunCallback(System.Threading.ContextCallback, object, System.Threading.Tasks.Task&amp;)
:: [35] void System.Threading.Tasks.Task.RunContinuations(object)
:: [36] bool System.Threading.Tasks.Task`1.TrySetResult(TResult)
:: [37] void System.Runtime.CompilerServices.AsyncTaskMethodBuilder`1.SetExistingTaskResult(System.Threading.Tasks.Task`1[TResult], TResult)
:: [38] void GdUnit4.Core.Execution.AfterTestExecutionStage+&lt;Execute&gt;d__1.MoveNext()
:: [39] void System.Threading.ExecutionContext.RunInternal(System.Threading.ExecutionContext, System.Threading.ContextCallback, object)
:: [40] void System.Runtime.CompilerServices.AsyncTaskMethodBuilder`1+AsyncStateMachineBox`1.MoveNext(System.Threading.Thread)
:: [41] void System.Threading.Tasks.AwaitTaskContinuation.RunCallback(System.Threading.ContextCallback, object, System.Threading.Tasks.Task&amp;)
:: [42] void System.Threading.Tasks.Task.RunContinuations(object)
:: [43] bool System.Threading.Tasks.Task`1.TrySetResult(TResult)
:: [44] void System.Runtime.CompilerServices.AsyncTaskMethodBuilder`1.SetExistingTaskResult(System.Threading.Tasks.Task`1[TResult], TResult)
:: [45] void GdUnit4.Core.Execution.Monitoring.MemoryPool+&lt;Gc&gt;d__14.MoveNext()
:: [46] void System.Threading.ExecutionContext.RunInternal(System.Threading.ExecutionContext, System.Threading.ContextCallback, object)
:: [47] void System.Runtime.CompilerServices.AsyncTaskMethodBuilder`1+AsyncStateMachineBox`1.MoveNext(System.Threading.Thread)
:: [48] void Godot.SignalAwaiter.SignalCallback(nint, Godot.NativeInterop.godot_variant**, int, Godot.NativeInterop.godot_bool*) (/root/godot/modules/mono/glue/GodotSharp/GodotSharp/Core/SignalAwaiter.cs:65)
:: WARNING: Parent path 'MenuContent/MenuButtonsMargin/MenuButtonsContainer/MenuButtonsBoxContainer' for node 'StartButton' has vanished when instantiating: 'res://source/ui/menus/main_menu.tscn'.
:: at: instantiate (scene/resources/packed_scene.cpp:205)
:: C# backtrace (most recent call first):
:: [0] Godot.GodotObject Godot.NativeCalls.godot_icall_1_79(nint, nint, int) (/root/godot/modules/mono/glue/GodotSharp/GodotSharp/Generated/NativeCalls.cs:703)
:: [1] Godot.Node Godot.PackedScene.Instantiate(Godot.PackedScene+GenEditState) (/root/godot/modules/mono/glue/GodotSharp/GodotSharp/Generated/GodotObjects/PackedScene.cs:130)
:: [2] Godot.Node GdUnit4.Core.SceneRunner.LoadScene(string)
:: [3] GdUnit4.Core.SceneRunner..ctor(string, bool, bool)
:: [4] GdUnit4.ISceneRunner GdUnit4.ISceneRunner.Load(string, bool, bool)
:: [5] void OmegaSpiral.Tests.UI.Terminal.TerminalBorderDiagnosticsTests+&lt;Test2_StyleboxIsAssignedToCorrectNode&gt;d__2.MoveNext() (/home/adam/Dev/omega-spiral/chapter-zero/tests/ui/terminal/TerminalBorderDiagnosticsTests.cs:56)
:: [6] void System.Runtime.CompilerServices.AsyncMethodBuilderCore.Start&lt;TStateMachine&gt;(TStateMachine&amp;)
:: [7] System.Threading.Tasks.Task OmegaSpiral.Tests.UI.Terminal.TerminalBorderDiagnosticsTests.Test2_StyleboxIsAssignedToCorrectNode()
:: [8] object System.Reflection.MethodBaseInvoker.InterpretedInvoke_Method(object, System.IntPtr*)
:: [9] object System.Reflection.MethodBaseInvoker.InvokeWithNoArgs(object, System.Reflection.BindingFlags)
:: [10] object System.Reflection.RuntimeMethodInfo.Invoke(object, System.Reflection.BindingFlags, System.Reflection.Binder, System.Object[], System.Globalization.CultureInfo)
:: [11] void GdUnit4.Core.Execution.ExecutionStage`1+&lt;ExecuteStage&gt;d__37.MoveNext()
:: [12] void System.Runtime.CompilerServices.AsyncMethodBuilderCore.Start&lt;TStateMachine&gt;(TStateMachine&amp;)
:: [13] System.Threading.Tasks.Task GdUnit4.Core.Execution.ExecutionStage`1.ExecuteStage(GdUnit4.Core.Execution.ExecutionContext)
:: [14] void GdUnit4.Core.Execution.ExecutionStage`1+&lt;Execute&gt;d__30.MoveNext()
:: [15] void System.Runtime.CompilerServices.AsyncMethodBuilderCore.Start&lt;TStateMachine&gt;(TStateMachine&amp;)
:: [16] System.Threading.Tasks.Task GdUnit4.Core.Execution.ExecutionStage`1.Execute(GdUnit4.Core.Execution.ExecutionContext)
:: [17] System.Threading.Tasks.Task GdUnit4.Core.Execution.TestCaseExecutionStage.&lt;&gt;n__0(GdUnit4.Core.Execution.ExecutionContext)
:: [18] void GdUnit4.Core.Execution.TestCaseExecutionStage+&lt;Execute&gt;d__1.MoveNext()
:: [19] void System.Runtime.CompilerServices.AsyncMethodBuilderCore.Start&lt;TStateMachine&gt;(TStateMachine&amp;)
:: [20] System.Threading.Tasks.Task GdUnit4.Core.Execution.TestCaseExecutionStage.Execute(GdUnit4.Core.Execution.ExecutionContext)
:: [21] void GdUnit4.Core.Execution.TestSuiteExecutionStage+&lt;RunTestCase&gt;d__15.MoveNext()
:: [22] void System.Runtime.CompilerServices.AsyncMethodBuilderCore.Start&lt;TStateMachine&gt;(TStateMachine&amp;)
:: [23] System.Threading.Tasks.Task GdUnit4.Core.Execution.TestSuiteExecutionStage.RunTestCase(GdUnit4.Core.Hooks.IStdOutHook, GdUnit4.Core.Execution.ExecutionContext, GdUnit4.Core.Execution.TestCase, GdUnit4.TestCaseAttribute, System.Object[])
:: [24] void GdUnit4.Core.Execution.TestSuiteExecutionStage+&lt;Execute&gt;d__13.MoveNext()
:: [25] void System.Threading.ExecutionContext.RunInternal(System.Threading.ExecutionContext, System.Threading.ContextCallback, object)
:: [26] void System.Runtime.CompilerServices.AsyncTaskMethodBuilder`1+AsyncStateMachineBox`1.MoveNext(System.Threading.Thread)
:: [27] void System.Threading.Tasks.AwaitTaskContinuation.RunCallback(System.Threading.ContextCallback, object, System.Threading.Tasks.Task&amp;)
:: [28] void System.Threading.Tasks.Task.RunContinuations(object)
:: [29] bool System.Threading.Tasks.Task`1.TrySetResult(TResult)
:: [30] void System.Runtime.CompilerServices.AsyncTaskMethodBuilder`1.SetExistingTaskResult(System.Threading.Tasks.Task`1[TResult], TResult)
:: [31] void GdUnit4.Core.Execution.TestSuiteExecutionStage+&lt;RunTestCase&gt;d__15.MoveNext()
:: [32] void System.Threading.ExecutionContext.RunInternal(System.Threading.ExecutionContext, System.Threading.ContextCallback, object)
:: [33] void System.Runtime.CompilerServices.AsyncTaskMethodBuilder`1+AsyncStateMachineBox`1.MoveNext(System.Threading.Thread)
:: [34] void System.Threading.Tasks.AwaitTaskContinuation.RunCallback(System.Threading.ContextCallback, object, System.Threading.Tasks.Task&amp;)
:: [35] void System.Threading.Tasks.Task.RunContinuations(object)
:: [36] bool System.Threading.Tasks.Task`1.TrySetResult(TResult)
:: [37] void System.Runtime.CompilerServices.AsyncTaskMethodBuilder`1.SetExistingTaskResult(System.Threading.Tasks.Task`1[TResult], TResult)
:: [38] void GdUnit4.Core.Execution.AfterTestExecutionStage+&lt;Execute&gt;d__1.MoveNext()
:: [39] void System.Threading.ExecutionContext.RunInternal(System.Threading.ExecutionContext, System.Threading.ContextCallback, object)
:: [40] void System.Runtime.CompilerServices.AsyncTaskMethodBuilder`1+AsyncStateMachineBox`1.MoveNext(System.Threading.Thread)
:: [41] void System.Threading.Tasks.AwaitTaskContinuation.RunCallback(System.Threading.ContextCallback, object, System.Threading.Tasks.Task&amp;)
:: [42] void System.Threading.Tasks.Task.RunContinuations(object)
:: [43] bool System.Threading.Tasks.Task`1.TrySetResult(TResult)
:: [44] void System.Runtime.CompilerServices.AsyncTaskMethodBuilder`1.SetExistingTaskResult(System.Threading.Tasks.Task`1[TResult], TResult)
:: [45] void GdUnit4.Core.Execution.Monitoring.MemoryPool+&lt;Gc&gt;d__14.MoveNext()
:: [46] void System.Threading.ExecutionContext.RunInternal(System.Threading.ExecutionContext, System.Threading.ContextCallback, object)
:: [47] void System.Runtime.CompilerServices.AsyncTaskMethodBuilder`1+AsyncStateMachineBox`1.MoveNext(System.Threading.Thread)
:: [48] void Godot.SignalAwaiter.SignalCallback(nint, Godot.NativeInterop.godot_variant**, int, Godot.NativeInterop.godot_bool*) (/root/godot/modules/mono/glue/GodotSharp/GodotSharp/Core/SignalAwaiter.cs:65)
:: WARNING: Parent path 'MenuContent/MenuButtonsMargin/MenuButtonsContainer/MenuButtonsBoxContainer' for node 'Stage1Button' has vanished when instantiating: 'res://source/ui/menus/main_menu.tscn'.
:: at: instantiate (scene/resources/packed_scene.cpp:205)
:: C# backtrace (most recent call first):
:: [0] Godot.GodotObject Godot.NativeCalls.godot_icall_1_79(nint, nint, int) (/root/godot/modules/mono/glue/GodotSharp/GodotSharp/Generated/NativeCalls.cs:703)
:: [1] Godot.Node Godot.PackedScene.Instantiate(Godot.PackedScene+GenEditState) (/root/godot/modules/mono/glue/GodotSharp/GodotSharp/Generated/GodotObjects/PackedScene.cs:130)
:: [2] Godot.Node GdUnit4.Core.SceneRunner.LoadScene(string)
:: [3] GdUnit4.Core.SceneRunner..ctor(string, bool, bool)
:: [4] GdUnit4.ISceneRunner GdUnit4.ISceneRunner.Load(string, bool, bool)
:: [5] void OmegaSpiral.Tests.UI.Terminal.TerminalBorderDiagnosticsTests+&lt;Test2_StyleboxIsAssignedToCorrectNode&gt;d__2.MoveNext() (/home/adam/Dev/omega-spiral/chapter-zero/tests/ui/terminal/TerminalBorderDiagnosticsTests.cs:56)
:: [6] void System.Runtime.CompilerServices.AsyncMethodBuilderCore.Start&lt;TStateMachine&gt;(TStateMachine&amp;)
:: [7] System.Threading.Tasks.Task OmegaSpiral.Tests.UI.Terminal.TerminalBorderDiagnosticsTests.Test2_StyleboxIsAssignedToCorrectNode()
:: [8] object System.Reflection.MethodBaseInvoker.InterpretedInvoke_Method(object, System.IntPtr*)
:: [9] object System.Reflection.MethodBaseInvoker.InvokeWithNoArgs(object, System.Reflection.BindingFlags)
:: [10] object System.Reflection.RuntimeMethodInfo.Invoke(object, System.Reflection.BindingFlags, System.Reflection.Binder, System.Object[], System.Globalization.CultureInfo)
:: [11] void GdUnit4.Core.Execution.ExecutionStage`1+&lt;ExecuteStage&gt;d__37.MoveNext()
:: [12] void System.Runtime.CompilerServices.AsyncMethodBuilderCore.Start&lt;TStateMachine&gt;(TStateMachine&amp;)
:: [13] System.Threading.Tasks.Task GdUnit4.Core.Execution.ExecutionStage`1.ExecuteStage(GdUnit4.Core.Execution.ExecutionContext)
:: [14] void GdUnit4.Core.Execution.ExecutionStage`1+&lt;Execute&gt;d__30.MoveNext()
:: [15] void System.Runtime.CompilerServices.AsyncMethodBuilderCore.Start&lt;TStateMachine&gt;(TStateMachine&amp;)
:: [16] System.Threading.Tasks.Task GdUnit4.Core.Execution.ExecutionStage`1.Execute(GdUnit4.Core.Execution.ExecutionContext)
:: [17] System.Threading.Tasks.Task GdUnit4.Core.Execution.TestCaseExecutionStage.&lt;&gt;n__0(GdUnit4.Core.Execution.ExecutionContext)
:: [18] void GdUnit4.Core.Execution.TestCaseExecutionStage+&lt;Execute&gt;d__1.MoveNext()
:: [19] void System.Runtime.CompilerServices.AsyncMethodBuilderCore.Start&lt;TStateMachine&gt;(TStateMachine&amp;)
:: [20] System.Threading.Tasks.Task GdUnit4.Core.Execution.TestCaseExecutionStage.Execute(GdUnit4.Core.Execution.ExecutionContext)
:: [21] void GdUnit4.Core.Execution.TestSuiteExecutionStage+&lt;RunTestCase&gt;d__15.MoveNext()
:: [22] void System.Runtime.CompilerServices.AsyncMethodBuilderCore.Start&lt;TStateMachine&gt;(TStateMachine&amp;)
:: [23] System.Threading.Tasks.Task GdUnit4.Core.Execution.TestSuiteExecutionStage.RunTestCase(GdUnit4.Core.Hooks.IStdOutHook, GdUnit4.Core.Execution.ExecutionContext, GdUnit4.Core.Execution.TestCase, GdUnit4.TestCaseAttribute, System.Object[])
:: [24] void GdUnit4.Core.Execution.TestSuiteExecutionStage+&lt;Execute&gt;d__13.MoveNext()
:: [25] void System.Threading.ExecutionContext.RunInternal(System.Threading.ExecutionContext, System.Threading.ContextCallback, object)
:: [26] void System.Runtime.CompilerServices.AsyncTaskMethodBuilder`1+AsyncStateMachineBox`1.MoveNext(System.Threading.Thread)
:: [27] void System.Threading.Tasks.AwaitTaskContinuation.RunCallback(System.Threading.ContextCallback, object, System.Threading.Tasks.Task&amp;)
:: [28] void System.Threading.Tasks.Task.RunContinuations(object)
:: [29] bool System.Threading.Tasks.Task`1.TrySetResult(TResult)
:: [30] void System.Runtime.CompilerServices.AsyncTaskMethodBuilder`1.SetExistingTaskResult(System.Threading.Tasks.Task`1[TResult], TResult)
:: [31] void GdUnit4.Core.Execution.TestSuiteExecutionStage+&lt;RunTestCase&gt;d__15.MoveNext()
:: [32] void System.Threading.ExecutionContext.RunInternal(System.Threading.ExecutionContext, System.Threading.ContextCallback, object)
:: [33] void System.Runtime.CompilerServices.AsyncTaskMethodBuilder`1+AsyncStateMachineBox`1.MoveNext(System.Threading.Thread)
:: [34] void System.Threading.Tasks.AwaitTaskContinuation.RunCallback(System.Threading.ContextCallback, object, System.Threading.Tasks.Task&amp;)
:: [35] void System.Threading.Tasks.Task.RunContinuations(object)
:: [36] bool System.Threading.Tasks.Task`1.TrySetResult(TResult)
:: [37] void System.Runtime.CompilerServices.AsyncTaskMethodBuilder`1.SetExistingTaskResult(System.Threading.Tasks.Task`1[TResult], TResult)
:: [38] void GdUnit4.Core.Execution.AfterTestExecutionStage+&lt;Execute&gt;d__1.MoveNext()
:: [39] void System.Threading.ExecutionContext.RunInternal(System.Threading.ExecutionContext, System.Threading.ContextCallback, object)
:: [40] void System.Runtime.CompilerServices.AsyncTaskMethodBuilder`1+AsyncStateMachineBox`1.MoveNext(System.Threading.Thread)
:: [41] void System.Threading.Tasks.AwaitTaskContinuation.RunCallback(System.Threading.ContextCallback, object, System.Threading.Tasks.Task&amp;)
:: [42] void System.Threading.Tasks.Task.RunContinuations(object)
:: [43] bool System.Threading.Tasks.Task`1.TrySetResult(TResult)
:: [44] void System.Runtime.CompilerServices.AsyncTaskMethodBuilder`1.SetExistingTaskResult(System.Threading.Tasks.Task`1[TResult], TResult)
:: [45] void GdUnit4.Core.Execution.Monitoring.MemoryPool+&lt;Gc&gt;d__14.MoveNext()
:: [46] void System.Threading.ExecutionContext.RunInternal(System.Threading.ExecutionContext, System.Threading.ContextCallback, object)
:: [47] void System.Runtime.CompilerServices.AsyncTaskMethodBuilder`1+AsyncStateMachineBox`1.MoveNext(System.Threading.Thread)
:: [48] void Godot.SignalAwaiter.SignalCallback(nint, Godot.NativeInterop.godot_variant**, int, Godot.NativeInterop.godot_bool*) (/root/godot/modules/mono/glue/GodotSharp/GodotSharp/Core/SignalAwaiter.cs:65)
:: WARNING: Parent path 'MenuContent/MenuButtonsMargin/MenuButtonsContainer/MenuButtonsBoxContainer' for node 'Stage2Button' has vanished when instantiating: 'res://source/ui/menus/main_menu.tscn'.
:: at: instantiate (scene/resources/packed_scene.cpp:205)
:: C# backtrace (most recent call first):
:: [0] Godot.GodotObject Godot.NativeCalls.godot_icall_1_79(nint, nint, int) (/root/godot/modules/mono/glue/GodotSharp/GodotSharp/Generated/NativeCalls.cs:703)
:: [1] Godot.Node Godot.PackedScene.Instantiate(Godot.PackedScene+GenEditState) (/root/godot/modules/mono/glue/GodotSharp/GodotSharp/Generated/GodotObjects/PackedScene.cs:130)
:: [2] Godot.Node GdUnit4.Core.SceneRunner.LoadScene(string)
:: [3] GdUnit4.Core.SceneRunner..ctor(string, bool, bool)
:: [4] GdUnit4.ISceneRunner GdUnit4.ISceneRunner.Load(string, bool, bool)
:: [5] void OmegaSpiral.Tests.UI.Terminal.TerminalBorderDiagnosticsTests+&lt;Test2_StyleboxIsAssignedToCorrectNode&gt;d__2.MoveNext() (/home/adam/Dev/omega-spiral/chapter-zero/tests/ui/terminal/TerminalBorderDiagnosticsTests.cs:56)
:: [6] void System.Runtime.CompilerServices.AsyncMethodBuilderCore.Start&lt;TStateMachine&gt;(TStateMachine&amp;)
:: [7] System.Threading.Tasks.Task OmegaSpiral.Tests.UI.Terminal.TerminalBorderDiagnosticsTests.Test2_StyleboxIsAssignedToCorrectNode()
:: [8] object System.Reflection.MethodBaseInvoker.InterpretedInvoke_Method(object, System.IntPtr*)
:: [9] object System.Reflection.MethodBaseInvoker.InvokeWithNoArgs(object, System.Reflection.BindingFlags)
:: [10] object System.Reflection.RuntimeMethodInfo.Invoke(object, System.Reflection.BindingFlags, System.Reflection.Binder, System.Object[], System.Globalization.CultureInfo)
:: [11] void GdUnit4.Core.Execution.ExecutionStage`1+&lt;ExecuteStage&gt;d__37.MoveNext()
:: [12] void System.Runtime.CompilerServices.AsyncMethodBuilderCore.Start&lt;TStateMachine&gt;(TStateMachine&amp;)
:: [13] System.Threading.Tasks.Task GdUnit4.Core.Execution.ExecutionStage`1.ExecuteStage(GdUnit4.Core.Execution.ExecutionContext)
:: [14] void GdUnit4.Core.Execution.ExecutionStage`1+&lt;Execute&gt;d__30.MoveNext()
:: [15] void System.Runtime.CompilerServices.AsyncMethodBuilderCore.Start&lt;TStateMachine&gt;(TStateMachine&amp;)
:: [16] System.Threading.Tasks.Task GdUnit4.Core.Execution.ExecutionStage`1.Execute(GdUnit4.Core.Execution.ExecutionContext)
:: [17] System.Threading.Tasks.Task GdUnit4.Core.Execution.TestCaseExecutionStage.&lt;&gt;n__0(GdUnit4.Core.Execution.ExecutionContext)
:: [18] void GdUnit4.Core.Execution.TestCaseExecutionStage+&lt;Execute&gt;d__1.MoveNext()
:: [19] void System.Runtime.CompilerServices.AsyncMethodBuilderCore.Start&lt;TStateMachine&gt;(TStateMachine&amp;)
:: [20] System.Threading.Tasks.Task GdUnit4.Core.Execution.TestCaseExecutionStage.Execute(GdUnit4.Core.Execution.ExecutionContext)
:: [21] void GdUnit4.Core.Execution.TestSuiteExecutionStage+&lt;RunTestCase&gt;d__15.MoveNext()
:: [22] void System.Runtime.CompilerServices.AsyncMethodBuilderCore.Start&lt;TStateMachine&gt;(TStateMachine&amp;)
:: [23] System.Threading.Tasks.Task GdUnit4.Core.Execution.TestSuiteExecutionStage.RunTestCase(GdUnit4.Core.Hooks.IStdOutHook, GdUnit4.Core.Execution.ExecutionContext, GdUnit4.Core.Execution.TestCase, GdUnit4.TestCaseAttribute, System.Object[])
:: [24] void GdUnit4.Core.Execution.TestSuiteExecutionStage+&lt;Execute&gt;d__13.MoveNext()
:: [25] void System.Threading.ExecutionContext.RunInternal(System.Threading.ExecutionContext, System.Threading.ContextCallback, object)
:: [26] void System.Runtime.CompilerServices.AsyncTaskMethodBuilder`1+AsyncStateMachineBox`1.MoveNext(System.Threading.Thread)
:: [27] void System.Threading.Tasks.AwaitTaskContinuation.RunCallback(System.Threading.ContextCallback, object, System.Threading.Tasks.Task&amp;)
:: [28] void System.Threading.Tasks.Task.RunContinuations(object)
:: [29] bool System.Threading.Tasks.Task`1.TrySetResult(TResult)
:: [30] void System.Runtime.CompilerServices.AsyncTaskMethodBuilder`1.SetExistingTaskResult(System.Threading.Tasks.Task`1[TResult], TResult)
:: [31] void GdUnit4.Core.Execution.TestSuiteExecutionStage+&lt;RunTestCase&gt;d__15.MoveNext()
:: [32] void System.Threading.ExecutionContext.RunInternal(System.Threading.ExecutionContext, System.Threading.ContextCallback, object)
:: [33] void System.Runtime.CompilerServices.AsyncTaskMethodBuilder`1+AsyncStateMachineBox`1.MoveNext(System.Threading.Thread)
:: [34] void System.Threading.Tasks.AwaitTaskContinuation.RunCallback(System.Threading.ContextCallback, object, System.Threading.Tasks.Task&amp;)
:: [35] void System.Threading.Tasks.Task.RunContinuations(object)
:: [36] bool System.Threading.Tasks.Task`1.TrySetResult(TResult)
:: [37] void System.Runtime.CompilerServices.AsyncTaskMethodBuilder`1.SetExistingTaskResult(System.Threading.Tasks.Task`1[TResult], TResult)
:: [38] void GdUnit4.Core.Execution.AfterTestExecutionStage+&lt;Execute&gt;d__1.MoveNext()
:: [39] void System.Threading.ExecutionContext.RunInternal(System.Threading.ExecutionContext, System.Threading.ContextCallback, object)
:: [40] void System.Runtime.CompilerServices.AsyncTaskMethodBuilder`1+AsyncStateMachineBox`1.MoveNext(System.Threading.Thread)
:: [41] void System.Threading.Tasks.AwaitTaskContinuation.RunCallback(System.Threading.ContextCallback, object, System.Threading.Tasks.Task&amp;)
:: [42] void System.Threading.Tasks.Task.RunContinuations(object)
:: [43] bool System.Threading.Tasks.Task`1.TrySetResult(TResult)
:: [44] void System.Runtime.CompilerServices.AsyncTaskMethodBuilder`1.SetExistingTaskResult(System.Threading.Tasks.Task`1[TResult], TResult)
:: [45] void GdUnit4.Core.Execution.Monitoring.MemoryPool+&lt;Gc&gt;d__14.MoveNext()
:: [46] void System.Threading.ExecutionContext.RunInternal(System.Threading.ExecutionContext, System.Threading.ContextCallback, object)
:: [47] void System.Runtime.CompilerServices.AsyncTaskMethodBuilder`1+AsyncStateMachineBox`1.MoveNext(System.Threading.Thread)
:: [48] void Godot.SignalAwaiter.SignalCallback(nint, Godot.NativeInterop.godot_variant**, int, Godot.NativeInterop.godot_bool*) (/root/godot/modules/mono/glue/GodotSharp/GodotSharp/Core/SignalAwaiter.cs:65)
:: WARNING: Parent path 'MenuContent/MenuButtonsMargin/MenuButtonsContainer/MenuButtonsBoxContainer' for node 'Stage3Button' has vanished when instantiating: 'res://source/ui/menus/main_menu.tscn'.
:: at: instantiate (scene/resources/packed_scene.cpp:205)
:: C# backtrace (most recent call first):
:: [0] Godot.GodotObject Godot.NativeCalls.godot_icall_1_79(nint, nint, int) (/root/godot/modules/mono/glue/GodotSharp/GodotSharp/Generated/NativeCalls.cs:703)
:: [1] Godot.Node Godot.PackedScene.Instantiate(Godot.PackedScene+GenEditState) (/root/godot/modules/mono/glue/GodotSharp/GodotSharp/Generated/GodotObjects/PackedScene.cs:130)
:: [2] Godot.Node GdUnit4.Core.SceneRunner.LoadScene(string)
:: [3] GdUnit4.Core.SceneRunner..ctor(string, bool, bool)
:: [4] GdUnit4.ISceneRunner GdUnit4.ISceneRunner.Load(string, bool, bool)
:: [5] void OmegaSpiral.Tests.UI.Terminal.TerminalBorderDiagnosticsTests+&lt;Test2_StyleboxIsAssignedToCorrectNode&gt;d__2.MoveNext() (/home/adam/Dev/omega-spiral/chapter-zero/tests/ui/terminal/TerminalBorderDiagnosticsTests.cs:56)
:: [6] void System.Runtime.CompilerServices.AsyncMethodBuilderCore.Start&lt;TStateMachine&gt;(TStateMachine&amp;)
:: [7] System.Threading.Tasks.Task OmegaSpiral.Tests.UI.Terminal.TerminalBorderDiagnosticsTests.Test2_StyleboxIsAssignedToCorrectNode()
:: [8] object System.Reflection.MethodBaseInvoker.InterpretedInvoke_Method(object, System.IntPtr*)
:: [9] object System.Reflection.MethodBaseInvoker.InvokeWithNoArgs(object, System.Reflection.BindingFlags)
:: [10] object System.Reflection.RuntimeMethodInfo.Invoke(object, System.Reflection.BindingFlags, System.Reflection.Binder, System.Object[], System.Globalization.CultureInfo)
:: [11] void GdUnit4.Core.Execution.ExecutionStage`1+&lt;ExecuteStage&gt;d__37.MoveNext()
:: [12] void System.Runtime.CompilerServices.AsyncMethodBuilderCore.Start&lt;TStateMachine&gt;(TStateMachine&amp;)
:: [13] System.Threading.Tasks.Task GdUnit4.Core.Execution.ExecutionStage`1.ExecuteStage(GdUnit4.Core.Execution.ExecutionContext)
:: [14] void GdUnit4.Core.Execution.ExecutionStage`1+&lt;Execute&gt;d__30.MoveNext()
:: [15] void System.Runtime.CompilerServices.AsyncMethodBuilderCore.Start&lt;TStateMachine&gt;(TStateMachine&amp;)
:: [16] System.Threading.Tasks.Task GdUnit4.Core.Execution.ExecutionStage`1.Execute(GdUnit4.Core.Execution.ExecutionContext)
:: [17] System.Threading.Tasks.Task GdUnit4.Core.Execution.TestCaseExecutionStage.&lt;&gt;n__0(GdUnit4.Core.Execution.ExecutionContext)
:: [18] void GdUnit4.Core.Execution.TestCaseExecutionStage+&lt;Execute&gt;d__1.MoveNext()
:: [19] void System.Runtime.CompilerServices.AsyncMethodBuilderCore.Start&lt;TStateMachine&gt;(TStateMachine&amp;)
:: [20] System.Threading.Tasks.Task GdUnit4.Core.Execution.TestCaseExecutionStage.Execute(GdUnit4.Core.Execution.ExecutionContext)
:: [21] void GdUnit4.Core.Execution.TestSuiteExecutionStage+&lt;RunTestCase&gt;d__15.MoveNext()
:: [22] void System.Runtime.CompilerServices.AsyncMethodBuilderCore.Start&lt;TStateMachine&gt;(TStateMachine&amp;)
:: [23] System.Threading.Tasks.Task GdUnit4.Core.Execution.TestSuiteExecutionStage.RunTestCase(GdUnit4.Core.Hooks.IStdOutHook, GdUnit4.Core.Execution.ExecutionContext, GdUnit4.Core.Execution.TestCase, GdUnit4.TestCaseAttribute, System.Object[])
:: [24] void GdUnit4.Core.Execution.TestSuiteExecutionStage+&lt;Execute&gt;d__13.MoveNext()
:: [25] void System.Threading.ExecutionContext.RunInternal(System.Threading.ExecutionContext, System.Threading.ContextCallback, object)
:: [26] void System.Runtime.CompilerServices.AsyncTaskMethodBuilder`1+AsyncStateMachineBox`1.MoveNext(System.Threading.Thread)
:: [27] void System.Threading.Tasks.AwaitTaskContinuation.RunCallback(System.Threading.ContextCallback, object, System.Threading.Tasks.Task&amp;)
:: [28] void System.Threading.Tasks.Task.RunContinuations(object)
:: [29] bool System.Threading.Tasks.Task`1.TrySetResult(TResult)
:: [30] void System.Runtime.CompilerServices.AsyncTaskMethodBuilder`1.SetExistingTaskResult(System.Threading.Tasks.Task`1[TResult], TResult)
:: [31] void GdUnit4.Core.Execution.TestSuiteExecutionStage+&lt;RunTestCase&gt;d__15.MoveNext()
:: [32] void System.Threading.ExecutionContext.RunInternal(System.Threading.ExecutionContext, System.Threading.ContextCallback, object)
:: [33] void System.Runtime.CompilerServices.AsyncTaskMethodBuilder`1+AsyncStateMachineBox`1.MoveNext(System.Threading.Thread)
:: [34] void System.Threading.Tasks.AwaitTaskContinuation.RunCallback(System.Threading.ContextCallback, object, System.Threading.Tasks.Task&amp;)
:: [35] void System.Threading.Tasks.Task.RunContinuations(object)
:: [36] bool System.Threading.Tasks.Task`1.TrySetResult(TResult)
:: [37] void System.Runtime.CompilerServices.AsyncTaskMethodBuilder`1.SetExistingTaskResult(System.Threading.Tasks.Task`1[TResult], TResult)
:: [38] void GdUnit4.Core.Execution.AfterTestExecutionStage+&lt;Execute&gt;d__1.MoveNext()
:: [39] void System.Threading.ExecutionContext.RunInternal(System.Threading.ExecutionContext, System.Threading.ContextCallback, object)
:: [40] void System.Runtime.CompilerServices.AsyncTaskMethodBuilder`1+AsyncStateMachineBox`1.MoveNext(System.Threading.Thread)
:: [41] void System.Threading.Tasks.AwaitTaskContinuation.RunCallback(System.Threading.ContextCallback, object, System.Threading.Tasks.Task&amp;)
:: [42] void System.Threading.Tasks.Task.RunContinuations(object)
:: [43] bool System.Threading.Tasks.Task`1.TrySetResult(TResult)
:: [44] void System.Runtime.CompilerServices.AsyncTaskMethodBuilder`1.SetExistingTaskResult(System.Threading.Tasks.Task`1[TResult], TResult)
:: [45] void GdUnit4.Core.Execution.Monitoring.MemoryPool+&lt;Gc&gt;d__14.MoveNext()
:: [46] void System.Threading.ExecutionContext.RunInternal(System.Threading.ExecutionContext, System.Threading.ContextCallback, object)
:: [47] void System.Runtime.CompilerServices.AsyncTaskMethodBuilder`1+AsyncStateMachineBox`1.MoveNext(System.Threading.Thread)
:: [48] void Godot.SignalAwaiter.SignalCallback(nint, Godot.NativeInterop.godot_variant**, int, Godot.NativeInterop.godot_bool*) (/root/godot/modules/mono/glue/GodotSharp/GodotSharp/Core/SignalAwaiter.cs:65)
:: WARNING: Parent path 'MenuContent/MenuButtonsMargin/MenuButtonsContainer/MenuButtonsBoxContainer' for node 'Stage4Button' has vanished when instantiating: 'res://source/ui/menus/main_menu.tscn'.
:: at: instantiate (scene/resources/packed_scene.cpp:205)
:: C# backtrace (most recent call first):
:: [0] Godot.GodotObject Godot.NativeCalls.godot_icall_1_79(nint, nint, int) (/root/godot/modules/mono/glue/GodotSharp/GodotSharp/Generated/NativeCalls.cs:703)
:: [1] Godot.Node Godot.PackedScene.Instantiate(Godot.PackedScene+GenEditState) (/root/godot/modules/mono/glue/GodotSharp/GodotSharp/Generated/GodotObjects/PackedScene.cs:130)
:: [2] Godot.Node GdUnit4.Core.SceneRunner.LoadScene(string)
:: [3] GdUnit4.Core.SceneRunner..ctor(string, bool, bool)
:: [4] GdUnit4.ISceneRunner GdUnit4.ISceneRunner.Load(string, bool, bool)
:: [5] void OmegaSpiral.Tests.UI.Terminal.TerminalBorderDiagnosticsTests+&lt;Test2_StyleboxIsAssignedToCorrectNode&gt;d__2.MoveNext() (/home/adam/Dev/omega-spiral/chapter-zero/tests/ui/terminal/TerminalBorderDiagnosticsTests.cs:56)
:: [6] void System.Runtime.CompilerServices.AsyncMethodBuilderCore.Start&lt;TStateMachine&gt;(TStateMachine&amp;)
:: [7] System.Threading.Tasks.Task OmegaSpiral.Tests.UI.Terminal.TerminalBorderDiagnosticsTests.Test2_StyleboxIsAssignedToCorrectNode()
:: [8] object System.Reflection.MethodBaseInvoker.InterpretedInvoke_Method(object, System.IntPtr*)
:: [9] object System.Reflection.MethodBaseInvoker.InvokeWithNoArgs(object, System.Reflection.BindingFlags)
:: [10] object System.Reflection.RuntimeMethodInfo.Invoke(object, System.Reflection.BindingFlags, System.Reflection.Binder, System.Object[], System.Globalization.CultureInfo)
:: [11] void GdUnit4.Core.Execution.ExecutionStage`1+&lt;ExecuteStage&gt;d__37.MoveNext()
:: [12] void System.Runtime.CompilerServices.AsyncMethodBuilderCore.Start&lt;TStateMachine&gt;(TStateMachine&amp;)
:: [13] System.Threading.Tasks.Task GdUnit4.Core.Execution.ExecutionStage`1.ExecuteStage(GdUnit4.Core.Execution.ExecutionContext)
:: [14] void GdUnit4.Core.Execution.ExecutionStage`1+&lt;Execute&gt;d__30.MoveNext()
:: [15] void System.Runtime.CompilerServices.AsyncMethodBuilderCore.Start&lt;TStateMachine&gt;(TStateMachine&amp;)
:: [16] System.Threading.Tasks.Task GdUnit4.Core.Execution.ExecutionStage`1.Execute(GdUnit4.Core.Execution.ExecutionContext)
:: [17] System.Threading.Tasks.Task GdUnit4.Core.Execution.TestCaseExecutionStage.&lt;&gt;n__0(GdUnit4.Core.Execution.ExecutionContext)
:: [18] void GdUnit4.Core.Execution.TestCaseExecutionStage+&lt;Execute&gt;d__1.MoveNext()
:: [19] void System.Runtime.CompilerServices.AsyncMethodBuilderCore.Start&lt;TStateMachine&gt;(TStateMachine&amp;)
:: [20] System.Threading.Tasks.Task GdUnit4.Core.Execution.TestCaseExecutionStage.Execute(GdUnit4.Core.Execution.ExecutionContext)
:: [21] void GdUnit4.Core.Execution.TestSuiteExecutionStage+&lt;RunTestCase&gt;d__15.MoveNext()
:: [22] void System.Runtime.CompilerServices.AsyncMethodBuilderCore.Start&lt;TStateMachine&gt;(TStateMachine&amp;)
:: [23] System.Threading.Tasks.Task GdUnit4.Core.Execution.TestSuiteExecutionStage.RunTestCase(GdUnit4.Core.Hooks.IStdOutHook, GdUnit4.Core.Execution.ExecutionContext, GdUnit4.Core.Execution.TestCase, GdUnit4.TestCaseAttribute, System.Object[])
:: [24] void GdUnit4.Core.Execution.TestSuiteExecutionStage+&lt;Execute&gt;d__13.MoveNext()
:: [25] void System.Threading.ExecutionContext.RunInternal(System.Threading.ExecutionContext, System.Threading.ContextCallback, object)
:: [26] void System.Runtime.CompilerServices.AsyncTaskMethodBuilder`1+AsyncStateMachineBox`1.MoveNext(System.Threading.Thread)
:: [27] void System.Threading.Tasks.AwaitTaskContinuation.RunCallback(System.Threading.ContextCallback, object, System.Threading.Tasks.Task&amp;)
:: [28] void System.Threading.Tasks.Task.RunContinuations(object)
:: [29] bool System.Threading.Tasks.Task`1.TrySetResult(TResult)
:: [30] void System.Runtime.CompilerServices.AsyncTaskMethodBuilder`1.SetExistingTaskResult(System.Threading.Tasks.Task`1[TResult], TResult)
:: [31] void GdUnit4.Core.Execution.TestSuiteExecutionStage+&lt;RunTestCase&gt;d__15.MoveNext()
:: [32] void System.Threading.ExecutionContext.RunInternal(System.Threading.ExecutionContext, System.Threading.ContextCallback, object)
:: [33] void System.Runtime.CompilerServices.AsyncTaskMethodBuilder`1+AsyncStateMachineBox`1.MoveNext(System.Threading.Thread)
:: [34] void System.Threading.Tasks.AwaitTaskContinuation.RunCallback(System.Threading.ContextCallback, object, System.Threading.Tasks.Task&amp;)
:: [35] void System.Threading.Tasks.Task.RunContinuations(object)
:: [36] bool System.Threading.Tasks.Task`1.TrySetResult(TResult)
:: [37] void System.Runtime.CompilerServices.AsyncTaskMethodBuilder`1.SetExistingTaskResult(System.Threading.Tasks.Task`1[TResult], TResult)
:: [38] void GdUnit4.Core.Execution.AfterTestExecutionStage+&lt;Execute&gt;d__1.MoveNext()
:: [39] void System.Threading.ExecutionContext.RunInternal(System.Threading.ExecutionContext, System.Threading.ContextCallback, object)
:: [40] void System.Runtime.CompilerServices.AsyncTaskMethodBuilder`1+AsyncStateMachineBox`1.MoveNext(System.Threading.Thread)
:: [41] void System.Threading.Tasks.AwaitTaskContinuation.RunCallback(System.Threading.ContextCallback, object, System.Threading.Tasks.Task&amp;)
:: [42] void System.Threading.Tasks.Task.RunContinuations(object)
:: [43] bool System.Threading.Tasks.Task`1.TrySetResult(TResult)
:: [44] void System.Runtime.CompilerServices.AsyncTaskMethodBuilder`1.SetExistingTaskResult(System.Threading.Tasks.Task`1[TResult], TResult)
:: [45] void GdUnit4.Core.Execution.Monitoring.MemoryPool+&lt;Gc&gt;d__14.MoveNext()
:: [46] void System.Threading.ExecutionContext.RunInternal(System.Threading.ExecutionContext, System.Threading.ContextCallback, object)
:: [47] void System.Runtime.CompilerServices.AsyncTaskMethodBuilder`1+AsyncStateMachineBox`1.MoveNext(System.Threading.Thread)
:: [48] void Godot.SignalAwaiter.SignalCallback(nint, Godot.NativeInterop.godot_variant**, int, Godot.NativeInterop.godot_bool*) (/root/godot/modules/mono/glue/GodotSharp/GodotSharp/Core/SignalAwaiter.cs:65)
:: WARNING: Parent path 'MenuContent/MenuButtonsMargin/MenuButtonsContainer/MenuButtonsBoxContainer' for node 'Stage5Button' has vanished when instantiating: 'res://source/ui/menus/main_menu.tscn'.
:: at: instantiate (scene/resources/packed_scene.cpp:205)
:: C# backtrace (most recent call first):
:: [0] Godot.GodotObject Godot.NativeCalls.godot_icall_1_79(nint, nint, int) (/root/godot/modules/mono/glue/GodotSharp/GodotSharp/Generated/NativeCalls.cs:703)
:: [1] Godot.Node Godot.PackedScene.Instantiate(Godot.PackedScene+GenEditState) (/root/godot/modules/mono/glue/GodotSharp/GodotSharp/Generated/GodotObjects/PackedScene.cs:130)
:: [2] Godot.Node GdUnit4.Core.SceneRunner.LoadScene(string)
:: [3] GdUnit4.Core.SceneRunner..ctor(string, bool, bool)
:: [4] GdUnit4.ISceneRunner GdUnit4.ISceneRunner.Load(string, bool, bool)
:: [5] void OmegaSpiral.Tests.UI.Terminal.TerminalBorderDiagnosticsTests+&lt;Test2_StyleboxIsAssignedToCorrectNode&gt;d__2.MoveNext() (/home/adam/Dev/omega-spiral/chapter-zero/tests/ui/terminal/TerminalBorderDiagnosticsTests.cs:56)
:: [6] void System.Runtime.CompilerServices.AsyncMethodBuilderCore.Start&lt;TStateMachine&gt;(TStateMachine&amp;)
:: [7] System.Threading.Tasks.Task OmegaSpiral.Tests.UI.Terminal.TerminalBorderDiagnosticsTests.Test2_StyleboxIsAssignedToCorrectNode()
:: [8] object System.Reflection.MethodBaseInvoker.InterpretedInvoke_Method(object, System.IntPtr*)
:: [9] object System.Reflection.MethodBaseInvoker.InvokeWithNoArgs(object, System.Reflection.BindingFlags)
:: [10] object System.Reflection.RuntimeMethodInfo.Invoke(object, System.Reflection.BindingFlags, System.Reflection.Binder, System.Object[], System.Globalization.CultureInfo)
:: [11] void GdUnit4.Core.Execution.ExecutionStage`1+&lt;ExecuteStage&gt;d__37.MoveNext()
:: [12] void System.Runtime.CompilerServices.AsyncMethodBuilderCore.Start&lt;TStateMachine&gt;(TStateMachine&amp;)
:: [13] System.Threading.Tasks.Task GdUnit4.Core.Execution.ExecutionStage`1.ExecuteStage(GdUnit4.Core.Execution.ExecutionContext)
:: [14] void GdUnit4.Core.Execution.ExecutionStage`1+&lt;Execute&gt;d__30.MoveNext()
:: [15] void System.Runtime.CompilerServices.AsyncMethodBuilderCore.Start&lt;TStateMachine&gt;(TStateMachine&amp;)
:: [16] System.Threading.Tasks.Task GdUnit4.Core.Execution.ExecutionStage`1.Execute(GdUnit4.Core.Execution.ExecutionContext)
:: [17] System.Threading.Tasks.Task GdUnit4.Core.Execution.TestCaseExecutionStage.&lt;&gt;n__0(GdUnit4.Core.Execution.ExecutionContext)
:: [18] void GdUnit4.Core.Execution.TestCaseExecutionStage+&lt;Execute&gt;d__1.MoveNext()
:: [19] void System.Runtime.CompilerServices.AsyncMethodBuilderCore.Start&lt;TStateMachine&gt;(TStateMachine&amp;)
:: [20] System.Threading.Tasks.Task GdUnit4.Core.Execution.TestCaseExecutionStage.Execute(GdUnit4.Core.Execution.ExecutionContext)
:: [21] void GdUnit4.Core.Execution.TestSuiteExecutionStage+&lt;RunTestCase&gt;d__15.MoveNext()
:: [22] void System.Runtime.CompilerServices.AsyncMethodBuilderCore.Start&lt;TStateMachine&gt;(TStateMachine&amp;)
:: [23] System.Threading.Tasks.Task GdUnit4.Core.Execution.TestSuiteExecutionStage.RunTestCase(GdUnit4.Core.Hooks.IStdOutHook, GdUnit4.Core.Execution.ExecutionContext, GdUnit4.Core.Execution.TestCase, GdUnit4.TestCaseAttribute, System.Object[])
:: [24] void GdUnit4.Core.Execution.TestSuiteExecutionStage+&lt;Execute&gt;d__13.MoveNext()
:: [25] void System.Threading.ExecutionContext.RunInternal(System.Threading.ExecutionContext, System.Threading.ContextCallback, object)
:: [26] void System.Runtime.CompilerServices.AsyncTaskMethodBuilder`1+AsyncStateMachineBox`1.MoveNext(System.Threading.Thread)
:: [27] void System.Threading.Tasks.AwaitTaskContinuation.RunCallback(System.Threading.ContextCallback, object, System.Threading.Tasks.Task&amp;)
:: [28] void System.Threading.Tasks.Task.RunContinuations(object)
:: [29] bool System.Threading.Tasks.Task`1.TrySetResult(TResult)
:: [30] void System.Runtime.CompilerServices.AsyncTaskMethodBuilder`1.SetExistingTaskResult(System.Threading.Tasks.Task`1[TResult], TResult)
:: [31] void GdUnit4.Core.Execution.TestSuiteExecutionStage+&lt;RunTestCase&gt;d__15.MoveNext()
:: [32] void System.Threading.ExecutionContext.RunInternal(System.Threading.ExecutionContext, System.Threading.ContextCallback, object)
:: [33] void System.Runtime.CompilerServices.AsyncTaskMethodBuilder`1+AsyncStateMachineBox`1.MoveNext(System.Threading.Thread)
:: [34] void System.Threading.Tasks.AwaitTaskContinuation.RunCallback(System.Threading.ContextCallback, object, System.Threading.Tasks.Task&amp;)
:: [35] void System.Threading.Tasks.Task.RunContinuations(object)
:: [36] bool System.Threading.Tasks.Task`1.TrySetResult(TResult)
:: [37] void System.Runtime.CompilerServices.AsyncTaskMethodBuilder`1.SetExistingTaskResult(System.Threading.Tasks.Task`1[TResult], TResult)
:: [38] void GdUnit4.Core.Execution.AfterTestExecutionStage+&lt;Execute&gt;d__1.MoveNext()
:: [39] void System.Threading.ExecutionContext.RunInternal(System.Threading.ExecutionContext, System.Threading.ContextCallback, object)
:: [40] void System.Runtime.CompilerServices.AsyncTaskMethodBuilder`1+AsyncStateMachineBox`1.MoveNext(System.Threading.Thread)
:: [41] void System.Threading.Tasks.AwaitTaskContinuation.RunCallback(System.Threading.ContextCallback, object, System.Threading.Tasks.Task&amp;)
:: [42] void System.Threading.Tasks.Task.RunContinuations(object)
:: [43] bool System.Threading.Tasks.Task`1.TrySetResult(TResult)
:: [44] void System.Runtime.CompilerServices.AsyncTaskMethodBuilder`1.SetExistingTaskResult(System.Threading.Tasks.Task`1[TResult], TResult)
:: [45] void GdUnit4.Core.Execution.Monitoring.MemoryPool+&lt;Gc&gt;d__14.MoveNext()
:: [46] void System.Threading.ExecutionContext.RunInternal(System.Threading.ExecutionContext, System.Threading.ContextCallback, object)
:: [47] void System.Runtime.CompilerServices.AsyncTaskMethodBuilder`1+AsyncStateMachineBox`1.MoveNext(System.Threading.Thread)
:: [48] void Godot.SignalAwaiter.SignalCallback(nint, Godot.NativeInterop.godot_variant**, int, Godot.NativeInterop.godot_bool*) (/root/godot/modules/mono/glue/GodotSharp/GodotSharp/Core/SignalAwaiter.cs:65)
:: WARNING: Parent path 'MenuContent/MenuButtonsMargin/MenuButtonsContainer/MenuButtonsBoxContainer' for node 'OptionsButton' has vanished when instantiating: 'res://source/ui/menus/main_menu.tscn'.
:: at: instantiate (scene/resources/packed_scene.cpp:205)
:: C# backtrace (most recent call first):
:: [0] Godot.GodotObject Godot.NativeCalls.godot_icall_1_79(nint, nint, int) (/root/godot/modules/mono/glue/GodotSharp/GodotSharp/Generated/NativeCalls.cs:703)
:: [1] Godot.Node Godot.PackedScene.Instantiate(Godot.PackedScene+GenEditState) (/root/godot/modules/mono/glue/GodotSharp/GodotSharp/Generated/GodotObjects/PackedScene.cs:130)
:: [2] Godot.Node GdUnit4.Core.SceneRunner.LoadScene(string)
:: [3] GdUnit4.Core.SceneRunner..ctor(string, bool, bool)
:: [4] GdUnit4.ISceneRunner GdUnit4.ISceneRunner.Load(string, bool, bool)
:: [5] void OmegaSpiral.Tests.UI.Terminal.TerminalBorderDiagnosticsTests+&lt;Test2_StyleboxIsAssignedToCorrectNode&gt;d__2.MoveNext() (/home/adam/Dev/omega-spiral/chapter-zero/tests/ui/terminal/TerminalBorderDiagnosticsTests.cs:56)
:: [6] void System.Runtime.CompilerServices.AsyncMethodBuilderCore.Start&lt;TStateMachine&gt;(TStateMachine&amp;)
:: [7] System.Threading.Tasks.Task OmegaSpiral.Tests.UI.Terminal.TerminalBorderDiagnosticsTests.Test2_StyleboxIsAssignedToCorrectNode()
:: [8] object System.Reflection.MethodBaseInvoker.InterpretedInvoke_Method(object, System.IntPtr*)
:: [9] object System.Reflection.MethodBaseInvoker.InvokeWithNoArgs(object, System.Reflection.BindingFlags)
:: [10] object System.Reflection.RuntimeMethodInfo.Invoke(object, System.Reflection.BindingFlags, System.Reflection.Binder, System.Object[], System.Globalization.CultureInfo)
:: [11] void GdUnit4.Core.Execution.ExecutionStage`1+&lt;ExecuteStage&gt;d__37.MoveNext()
:: [12] void System.Runtime.CompilerServices.AsyncMethodBuilderCore.Start&lt;TStateMachine&gt;(TStateMachine&amp;)
:: [13] System.Threading.Tasks.Task GdUnit4.Core.Execution.ExecutionStage`1.ExecuteStage(GdUnit4.Core.Execution.ExecutionContext)
:: [14] void GdUnit4.Core.Execution.ExecutionStage`1+&lt;Execute&gt;d__30.MoveNext()
:: [15] void System.Runtime.CompilerServices.AsyncMethodBuilderCore.Start&lt;TStateMachine&gt;(TStateMachine&amp;)
:: [16] System.Threading.Tasks.Task GdUnit4.Core.Execution.ExecutionStage`1.Execute(GdUnit4.Core.Execution.ExecutionContext)
:: [17] System.Threading.Tasks.Task GdUnit4.Core.Execution.TestCaseExecutionStage.&lt;&gt;n__0(GdUnit4.Core.Execution.ExecutionContext)
:: [18] void GdUnit4.Core.Execution.TestCaseExecutionStage+&lt;Execute&gt;d__1.MoveNext()
:: [19] void System.Runtime.CompilerServices.AsyncMethodBuilderCore.Start&lt;TStateMachine&gt;(TStateMachine&amp;)
:: [20] System.Threading.Tasks.Task GdUnit4.Core.Execution.TestCaseExecutionStage.Execute(GdUnit4.Core.Execution.ExecutionContext)
:: [21] void GdUnit4.Core.Execution.TestSuiteExecutionStage+&lt;RunTestCase&gt;d__15.MoveNext()
:: [22] void System.Runtime.CompilerServices.AsyncMethodBuilderCore.Start&lt;TStateMachine&gt;(TStateMachine&amp;)
:: [23] System.Threading.Tasks.Task GdUnit4.Core.Execution.TestSuiteExecutionStage.RunTestCase(GdUnit4.Core.Hooks.IStdOutHook, GdUnit4.Core.Execution.ExecutionContext, GdUnit4.Core.Execution.TestCase, GdUnit4.TestCaseAttribute, System.Object[])
:: [24] void GdUnit4.Core.Execution.TestSuiteExecutionStage+&lt;Execute&gt;d__13.MoveNext()
:: [25] void System.Threading.ExecutionContext.RunInternal(System.Threading.ExecutionContext, System.Threading.ContextCallback, object)
:: [26] void System.Runtime.CompilerServices.AsyncTaskMethodBuilder`1+AsyncStateMachineBox`1.MoveNext(System.Threading.Thread)
:: [27] void System.Threading.Tasks.AwaitTaskContinuation.RunCallback(System.Threading.ContextCallback, object, System.Threading.Tasks.Task&amp;)
:: [28] void System.Threading.Tasks.Task.RunContinuations(object)
:: [29] bool System.Threading.Tasks.Task`1.TrySetResult(TResult)
:: [30] void System.Runtime.CompilerServices.AsyncTaskMethodBuilder`1.SetExistingTaskResult(System.Threading.Tasks.Task`1[TResult], TResult)
:: [31] void GdUnit4.Core.Execution.TestSuiteExecutionStage+&lt;RunTestCase&gt;d__15.MoveNext()
:: [32] void System.Threading.ExecutionContext.RunInternal(System.Threading.ExecutionContext, System.Threading.ContextCallback, object)
:: [33] void System.Runtime.CompilerServices.AsyncTaskMethodBuilder`1+AsyncStateMachineBox`1.MoveNext(System.Threading.Thread)
:: [34] void System.Threading.Tasks.AwaitTaskContinuation.RunCallback(System.Threading.ContextCallback, object, System.Threading.Tasks.Task&amp;)
:: [35] void System.Threading.Tasks.Task.RunContinuations(object)
:: [36] bool System.Threading.Tasks.Task`1.TrySetResult(TResult)
:: [37] void System.Runtime.CompilerServices.AsyncTaskMethodBuilder`1.SetExistingTaskResult(System.Threading.Tasks.Task`1[TResult], TResult)
:: [38] void GdUnit4.Core.Execution.AfterTestExecutionStage+&lt;Execute&gt;d__1.MoveNext()
:: [39] void System.Threading.ExecutionContext.RunInternal(System.Threading.ExecutionContext, System.Threading.ContextCallback, object)
:: [40] void System.Runtime.CompilerServices.AsyncTaskMethodBuilder`1+AsyncStateMachineBox`1.MoveNext(System.Threading.Thread)
:: [41] void System.Threading.Tasks.AwaitTaskContinuation.RunCallback(System.Threading.ContextCallback, object, System.Threading.Tasks.Task&amp;)
:: [42] void System.Threading.Tasks.Task.RunContinuations(object)
:: [43] bool System.Threading.Tasks.Task`1.TrySetResult(TResult)
:: [44] void System.Runtime.CompilerServices.AsyncTaskMethodBuilder`1.SetExistingTaskResult(System.Threading.Tasks.Task`1[TResult], TResult)
:: [45] void GdUnit4.Core.Execution.Monitoring.MemoryPool+&lt;Gc&gt;d__14.MoveNext()
:: [46] void System.Threading.ExecutionContext.RunInternal(System.Threading.ExecutionContext, System.Threading.ContextCallback, object)
:: [47] void System.Runtime.CompilerServices.AsyncTaskMethodBuilder`1+AsyncStateMachineBox`1.MoveNext(System.Threading.Thread)
:: [48] void Godot.SignalAwaiter.SignalCallback(nint, Godot.NativeInterop.godot_variant**, int, Godot.NativeInterop.godot_bool*) (/root/godot/modules/mono/glue/GodotSharp/GodotSharp/Core/SignalAwaiter.cs:65)
:: WARNING: Parent path 'MenuContent/MenuButtonsMargin/MenuButtonsContainer/MenuButtonsBoxContainer' for node 'HSeparator2' has vanished when instantiating: 'res://source/ui/menus/main_menu.tscn'.
:: at: instantiate (scene/resources/packed_scene.cpp:205)
:: C# backtrace (most recent call first):
:: [0] Godot.GodotObject Godot.NativeCalls.godot_icall_1_79(nint, nint, int) (/root/godot/modules/mono/glue/GodotSharp/GodotSharp/Generated/NativeCalls.cs:703)
:: [1] Godot.Node Godot.PackedScene.Instantiate(Godot.PackedScene+GenEditState) (/root/godot/modules/mono/glue/GodotSharp/GodotSharp/Generated/GodotObjects/PackedScene.cs:130)
:: [2] Godot.Node GdUnit4.Core.SceneRunner.LoadScene(string)
:: [3] GdUnit4.Core.SceneRunner..ctor(string, bool, bool)
:: [4] GdUnit4.ISceneRunner GdUnit4.ISceneRunner.Load(string, bool, bool)
:: [5] void OmegaSpiral.Tests.UI.Terminal.TerminalBorderDiagnosticsTests+&lt;Test2_StyleboxIsAssignedToCorrectNode&gt;d__2.MoveNext() (/home/adam/Dev/omega-spiral/chapter-zero/tests/ui/terminal/TerminalBorderDiagnosticsTests.cs:56)
:: [6] void System.Runtime.CompilerServices.AsyncMethodBuilderCore.Start&lt;TStateMachine&gt;(TStateMachine&amp;)
:: [7] System.Threading.Tasks.Task OmegaSpiral.Tests.UI.Terminal.TerminalBorderDiagnosticsTests.Test2_StyleboxIsAssignedToCorrectNode()
:: [8] object System.Reflection.MethodBaseInvoker.InterpretedInvoke_Method(object, System.IntPtr*)
:: [9] object System.Reflection.MethodBaseInvoker.InvokeWithNoArgs(object, System.Reflection.BindingFlags)
:: [10] object System.Reflection.RuntimeMethodInfo.Invoke(object, System.Reflection.BindingFlags, System.Reflection.Binder, System.Object[], System.Globalization.CultureInfo)
:: [11] void GdUnit4.Core.Execution.ExecutionStage`1+&lt;ExecuteStage&gt;d__37.MoveNext()
:: [12] void System.Runtime.CompilerServices.AsyncMethodBuilderCore.Start&lt;TStateMachine&gt;(TStateMachine&amp;)
:: [13] System.Threading.Tasks.Task GdUnit4.Core.Execution.ExecutionStage`1.ExecuteStage(GdUnit4.Core.Execution.ExecutionContext)
:: [14] void GdUnit4.Core.Execution.ExecutionStage`1+&lt;Execute&gt;d__30.MoveNext()
:: [15] void System.Runtime.CompilerServices.AsyncMethodBuilderCore.Start&lt;TStateMachine&gt;(TStateMachine&amp;)
:: [16] System.Threading.Tasks.Task GdUnit4.Core.Execution.ExecutionStage`1.Execute(GdUnit4.Core.Execution.ExecutionContext)
:: [17] System.Threading.Tasks.Task GdUnit4.Core.Execution.TestCaseExecutionStage.&lt;&gt;n__0(GdUnit4.Core.Execution.ExecutionContext)
:: [18] void GdUnit4.Core.Execution.TestCaseExecutionStage+&lt;Execute&gt;d__1.MoveNext()
:: [19] void System.Runtime.CompilerServices.AsyncMethodBuilderCore.Start&lt;TStateMachine&gt;(TStateMachine&amp;)
:: [20] System.Threading.Tasks.Task GdUnit4.Core.Execution.TestCaseExecutionStage.Execute(GdUnit4.Core.Execution.ExecutionContext)
:: [21] void GdUnit4.Core.Execution.TestSuiteExecutionStage+&lt;RunTestCase&gt;d__15.MoveNext()
:: [22] void System.Runtime.CompilerServices.AsyncMethodBuilderCore.Start&lt;TStateMachine&gt;(TStateMachine&amp;)
:: [23] System.Threading.Tasks.Task GdUnit4.Core.Execution.TestSuiteExecutionStage.RunTestCase(GdUnit4.Core.Hooks.IStdOutHook, GdUnit4.Core.Execution.ExecutionContext, GdUnit4.Core.Execution.TestCase, GdUnit4.TestCaseAttribute, System.Object[])
:: [24] void GdUnit4.Core.Execution.TestSuiteExecutionStage+&lt;Execute&gt;d__13.MoveNext()
:: [25] void System.Threading.ExecutionContext.RunInternal(System.Threading.ExecutionContext, System.Threading.ContextCallback, object)
:: [26] void System.Runtime.CompilerServices.AsyncTaskMethodBuilder`1+AsyncStateMachineBox`1.MoveNext(System.Threading.Thread)
:: [27] void System.Threading.Tasks.AwaitTaskContinuation.RunCallback(System.Threading.ContextCallback, object, System.Threading.Tasks.Task&amp;)
:: [28] void System.Threading.Tasks.Task.RunContinuations(object)
:: [29] bool System.Threading.Tasks.Task`1.TrySetResult(TResult)
:: [30] void System.Runtime.CompilerServices.AsyncTaskMethodBuilder`1.SetExistingTaskResult(System.Threading.Tasks.Task`1[TResult], TResult)
:: [31] void GdUnit4.Core.Execution.TestSuiteExecutionStage+&lt;RunTestCase&gt;d__15.MoveNext()
:: [32] void System.Threading.ExecutionContext.RunInternal(System.Threading.ExecutionContext, System.Threading.ContextCallback, object)
:: [33] void System.Runtime.CompilerServices.AsyncTaskMethodBuilder`1+AsyncStateMachineBox`1.MoveNext(System.Threading.Thread)
:: [34] void System.Threading.Tasks.AwaitTaskContinuation.RunCallback(System.Threading.ContextCallback, object, System.Threading.Tasks.Task&amp;)
:: [35] void System.Threading.Tasks.Task.RunContinuations(object)
:: [36] bool System.Threading.Tasks.Task`1.TrySetResult(TResult)
:: [37] void System.Runtime.CompilerServices.AsyncTaskMethodBuilder`1.SetExistingTaskResult(System.Threading.Tasks.Task`1[TResult], TResult)
:: [38] void GdUnit4.Core.Execution.AfterTestExecutionStage+&lt;Execute&gt;d__1.MoveNext()
:: [39] void System.Threading.ExecutionContext.RunInternal(System.Threading.ExecutionContext, System.Threading.ContextCallback, object)
:: [40] void System.Runtime.CompilerServices.AsyncTaskMethodBuilder`1+AsyncStateMachineBox`1.MoveNext(System.Threading.Thread)
:: [41] void System.Threading.Tasks.AwaitTaskContinuation.RunCallback(System.Threading.ContextCallback, object, System.Threading.Tasks.Task&amp;)
:: [42] void System.Threading.Tasks.Task.RunContinuations(object)
:: [43] bool System.Threading.Tasks.Task`1.TrySetResult(TResult)
:: [44] void System.Runtime.CompilerServices.AsyncTaskMethodBuilder`1.SetExistingTaskResult(System.Threading.Tasks.Task`1[TResult], TResult)
:: [45] void GdUnit4.Core.Execution.Monitoring.MemoryPool+&lt;Gc&gt;d__14.MoveNext()
:: [46] void System.Threading.ExecutionContext.RunInternal(System.Threading.ExecutionContext, System.Threading.ContextCallback, object)
:: [47] void System.Runtime.CompilerServices.AsyncTaskMethodBuilder`1+AsyncStateMachineBox`1.MoveNext(System.Threading.Thread)
:: [48] void Godot.SignalAwaiter.SignalCallback(nint, Godot.NativeInterop.godot_variant**, int, Godot.NativeInterop.godot_bool*) (/root/godot/modules/mono/glue/GodotSharp/GodotSharp/Core/SignalAwaiter.cs:65)
:: WARNING: Parent path 'MenuContent/MenuButtonsMargin/MenuButtonsContainer/MenuButtonsBoxContainer' for node 'QuitButton' has vanished when instantiating: 'res://source/ui/menus/main_menu.tscn'.
:: at: instantiate (scene/resources/packed_scene.cpp:205)
:: C# backtrace (most recent call first):
:: [0] Godot.GodotObject Godot.NativeCalls.godot_icall_1_79(nint, nint, int) (/root/godot/modules/mono/glue/GodotSharp/GodotSharp/Generated/NativeCalls.cs:703)
:: [1] Godot.Node Godot.PackedScene.Instantiate(Godot.PackedScene+GenEditState) (/root/godot/modules/mono/glue/GodotSharp/GodotSharp/Generated/GodotObjects/PackedScene.cs:130)
:: [2] Godot.Node GdUnit4.Core.SceneRunner.LoadScene(string)
:: [3] GdUnit4.Core.SceneRunner..ctor(string, bool, bool)
:: [4] GdUnit4.ISceneRunner GdUnit4.ISceneRunner.Load(string, bool, bool)
:: [5] void OmegaSpiral.Tests.UI.Terminal.TerminalBorderDiagnosticsTests+&lt;Test2_StyleboxIsAssignedToCorrectNode&gt;d__2.MoveNext() (/home/adam/Dev/omega-spiral/chapter-zero/tests/ui/terminal/TerminalBorderDiagnosticsTests.cs:56)
:: [6] void System.Runtime.CompilerServices.AsyncMethodBuilderCore.Start&lt;TStateMachine&gt;(TStateMachine&amp;)
:: [7] System.Threading.Tasks.Task OmegaSpiral.Tests.UI.Terminal.TerminalBorderDiagnosticsTests.Test2_StyleboxIsAssignedToCorrectNode()
:: [8] object System.Reflection.MethodBaseInvoker.InterpretedInvoke_Method(object, System.IntPtr*)
:: [9] object System.Reflection.MethodBaseInvoker.InvokeWithNoArgs(object, System.Reflection.BindingFlags)
:: [10] object System.Reflection.RuntimeMethodInfo.Invoke(object, System.Reflection.BindingFlags, System.Reflection.Binder, System.Object[], System.Globalization.CultureInfo)
:: [11] void GdUnit4.Core.Execution.ExecutionStage`1+&lt;ExecuteStage&gt;d__37.MoveNext()
:: [12] void System.Runtime.CompilerServices.AsyncMethodBuilderCore.Start&lt;TStateMachine&gt;(TStateMachine&amp;)
:: [13] System.Threading.Tasks.Task GdUnit4.Core.Execution.ExecutionStage`1.ExecuteStage(GdUnit4.Core.Execution.ExecutionContext)
:: [14] void GdUnit4.Core.Execution.ExecutionStage`1+&lt;Execute&gt;d__30.MoveNext()
:: [15] void System.Runtime.CompilerServices.AsyncMethodBuilderCore.Start&lt;TStateMachine&gt;(TStateMachine&amp;)
:: [16] System.Threading.Tasks.Task GdUnit4.Core.Execution.ExecutionStage`1.Execute(GdUnit4.Core.Execution.ExecutionContext)
:: [17] System.Threading.Tasks.Task GdUnit4.Core.Execution.TestCaseExecutionStage.&lt;&gt;n__0(GdUnit4.Core.Execution.ExecutionContext)
:: [18] void GdUnit4.Core.Execution.TestCaseExecutionStage+&lt;Execute&gt;d__1.MoveNext()
:: [19] void System.Runtime.CompilerServices.AsyncMethodBuilderCore.Start&lt;TStateMachine&gt;(TStateMachine&amp;)
:: [20] System.Threading.Tasks.Task GdUnit4.Core.Execution.TestCaseExecutionStage.Execute(GdUnit4.Core.Execution.ExecutionContext)
:: [21] void GdUnit4.Core.Execution.TestSuiteExecutionStage+&lt;RunTestCase&gt;d__15.MoveNext()
:: [22] void System.Runtime.CompilerServices.AsyncMethodBuilderCore.Start&lt;TStateMachine&gt;(TStateMachine&amp;)
:: [23] System.Threading.Tasks.Task GdUnit4.Core.Execution.TestSuiteExecutionStage.RunTestCase(GdUnit4.Core.Hooks.IStdOutHook, GdUnit4.Core.Execution.ExecutionContext, GdUnit4.Core.Execution.TestCase, GdUnit4.TestCaseAttribute, System.Object[])
:: [24] void GdUnit4.Core.Execution.TestSuiteExecutionStage+&lt;Execute&gt;d__13.MoveNext()
:: [25] void System.Threading.ExecutionContext.RunInternal(System.Threading.ExecutionContext, System.Threading.ContextCallback, object)
:: [26] void System.Runtime.CompilerServices.AsyncTaskMethodBuilder`1+AsyncStateMachineBox`1.MoveNext(System.Threading.Thread)
:: [27] void System.Threading.Tasks.AwaitTaskContinuation.RunCallback(System.Threading.ContextCallback, object, System.Threading.Tasks.Task&amp;)
:: [28] void System.Threading.Tasks.Task.RunContinuations(object)
:: [29] bool System.Threading.Tasks.Task`1.TrySetResult(TResult)
:: [30] void System.Runtime.CompilerServices.AsyncTaskMethodBuilder`1.SetExistingTaskResult(System.Threading.Tasks.Task`1[TResult], TResult)
:: [31] void GdUnit4.Core.Execution.TestSuiteExecutionStage+&lt;RunTestCase&gt;d__15.MoveNext()
:: [32] void System.Threading.ExecutionContext.RunInternal(System.Threading.ExecutionContext, System.Threading.ContextCallback, object)
:: [33] void System.Runtime.CompilerServices.AsyncTaskMethodBuilder`1+AsyncStateMachineBox`1.MoveNext(System.Threading.Thread)
:: [34] void System.Threading.Tasks.AwaitTaskContinuation.RunCallback(System.Threading.ContextCallback, object, System.Threading.Tasks.Task&amp;)
:: [35] void System.Threading.Tasks.Task.RunContinuations(object)
:: [36] bool System.Threading.Tasks.Task`1.TrySetResult(TResult)
:: [37] void System.Runtime.CompilerServices.AsyncTaskMethodBuilder`1.SetExistingTaskResult(System.Threading.Tasks.Task`1[TResult], TResult)
:: [38] void GdUnit4.Core.Execution.AfterTestExecutionStage+&lt;Execute&gt;d__1.MoveNext()
:: [39] void System.Threading.ExecutionContext.RunInternal(System.Threading.ExecutionContext, System.Threading.ContextCallback, object)
:: [40] void System.Runtime.CompilerServices.AsyncTaskMethodBuilder`1+AsyncStateMachineBox`1.MoveNext(System.Threading.Thread)
:: [41] void System.Threading.Tasks.AwaitTaskContinuation.RunCallback(System.Threading.ContextCallback, object, System.Threading.Tasks.Task&amp;)
:: [42] void System.Threading.Tasks.Task.RunContinuations(object)
:: [43] bool System.Threading.Tasks.Task`1.TrySetResult(TResult)
:: [44] void System.Runtime.CompilerServices.AsyncTaskMethodBuilder`1.SetExistingTaskResult(System.Threading.Tasks.Task`1[TResult], TResult)
:: [45] void GdUnit4.Core.Execution.Monitoring.MemoryPool+&lt;Gc&gt;d__14.MoveNext()
:: [46] void System.Threading.ExecutionContext.RunInternal(System.Threading.ExecutionContext, System.Threading.ContextCallback, object)
:: [47] void System.Runtime.CompilerServices.AsyncTaskMethodBuilder`1+AsyncStateMachineBox`1.MoveNext(System.Threading.Thread)
:: [48] void Godot.SignalAwaiter.SignalCallback(nint, Godot.NativeInterop.godot_variant**, int, Godot.NativeInterop.godot_bool*) (/root/godot/modules/mono/glue/GodotSharp/GodotSharp/Core/SignalAwaiter.cs:65)
    Loading resource: res://source/ui/menus/main_menu.tscn
    Loading resource: res://source/ui/menus/MainMenu.cs
    Loading resource: res://source/ui/terminal/terminal_window.tscn
    Loading resource: res://source/ui/terminal/TerminalWindow.cs
    Loading resource: res://source/assets/gui/font/Kenney Pixel.ttf
    Loading resource: res://.godot/imported/Kenney Pixel.ttf-a3745e429d416258d76bd5a39d4bc017.fontdata
    Main Menu loaded and centered.
    [TerminalWindow] BEFORE: Bezel offsets = L:0, T:0, R:0, B:0
    [TerminalWindow] AFTER: Applied bezel constraints: viewport=(1152, 648), margins=(64, 48)
    [TerminalWindow] AFTER: Bezel offsets = L:64, T:48, R:-64, B:-48
    Loading resource: res://source/ui/menus/main_menu.tscn
    Loading resource: res://source/ui/menus/MainMenu.cs
    Loading resource: res://source/ui/terminal/terminal_window.tscn
    Loading resource: res://source/ui/terminal/TerminalWindow.cs
    Loading resource: res://source/assets/gui/font/Kenney Pixel.ttf
    Loading resource: res://.godot/imported/Kenney Pixel.ttf-a3745e429d416258d76bd5a39d4bc017.fontdata
    Main Menu loaded and centered.
    [TerminalWindow] BEFORE: Bezel offsets = L:0, T:0, R:0, B:0
    [TerminalWindow] AFTER: Applied bezel constraints: viewport=(1152, 648), margins=(64, 48)
    [TerminalWindow] AFTER: Bezel offsets = L:64, T:48, R:-64, B:-48
:: WARNING: Parent path 'MenuContent' for node 'TitleMargin' has vanished when instantiating: 'res://source/ui/menus/main_menu.tscn'.
:: at: instantiate (scene/resources/packed_scene.cpp:205)
:: C# backtrace (most recent call first):
:: [0] Godot.GodotObject Godot.NativeCalls.godot_icall_1_79(nint, nint, int) (/root/godot/modules/mono/glue/GodotSharp/GodotSharp/Generated/NativeCalls.cs:703)
:: [1] Godot.Node Godot.PackedScene.Instantiate(Godot.PackedScene+GenEditState) (/root/godot/modules/mono/glue/GodotSharp/GodotSharp/Generated/GodotObjects/PackedScene.cs:130)
:: [2] Godot.Node GdUnit4.Core.SceneRunner.LoadScene(string)
:: [3] GdUnit4.Core.SceneRunner..ctor(string, bool, bool)
:: [4] GdUnit4.ISceneRunner GdUnit4.ISceneRunner.Load(string, bool, bool)
:: [5] void OmegaSpiral.Tests.UI.Terminal.TerminalBorderDiagnosticsTests+&lt;Test3_BorderColorIsNotBlackOrTransparent&gt;d__3.MoveNext() (/home/adam/Dev/omega-spiral/chapter-zero/tests/ui/terminal/TerminalBorderDiagnosticsTests.cs:79)
:: [6] void System.Runtime.CompilerServices.AsyncMethodBuilderCore.Start&lt;TStateMachine&gt;(TStateMachine&amp;)
:: [7] System.Threading.Tasks.Task OmegaSpiral.Tests.UI.Terminal.TerminalBorderDiagnosticsTests.Test3_BorderColorIsNotBlackOrTransparent()
:: [8] object System.Reflection.MethodBaseInvoker.InterpretedInvoke_Method(object, System.IntPtr*)
:: [9] object System.Reflection.MethodBaseInvoker.InvokeWithNoArgs(object, System.Reflection.BindingFlags)
:: [10] object System.Reflection.RuntimeMethodInfo.Invoke(object, System.Reflection.BindingFlags, System.Reflection.Binder, System.Object[], System.Globalization.CultureInfo)
:: [11] void GdUnit4.Core.Execution.ExecutionStage`1+&lt;ExecuteStage&gt;d__37.MoveNext()
:: [12] void System.Runtime.CompilerServices.AsyncMethodBuilderCore.Start&lt;TStateMachine&gt;(TStateMachine&amp;)
:: [13] System.Threading.Tasks.Task GdUnit4.Core.Execution.ExecutionStage`1.ExecuteStage(GdUnit4.Core.Execution.ExecutionContext)
:: [14] void GdUnit4.Core.Execution.ExecutionStage`1+&lt;Execute&gt;d__30.MoveNext()
:: [15] void System.Runtime.CompilerServices.AsyncMethodBuilderCore.Start&lt;TStateMachine&gt;(TStateMachine&amp;)
:: [16] System.Threading.Tasks.Task GdUnit4.Core.Execution.ExecutionStage`1.Execute(GdUnit4.Core.Execution.ExecutionContext)
:: [17] System.Threading.Tasks.Task GdUnit4.Core.Execution.TestCaseExecutionStage.&lt;&gt;n__0(GdUnit4.Core.Execution.ExecutionContext)
:: [18] void GdUnit4.Core.Execution.TestCaseExecutionStage+&lt;Execute&gt;d__1.MoveNext()
:: [19] void System.Runtime.CompilerServices.AsyncMethodBuilderCore.Start&lt;TStateMachine&gt;(TStateMachine&amp;)
:: [20] System.Threading.Tasks.Task GdUnit4.Core.Execution.TestCaseExecutionStage.Execute(GdUnit4.Core.Execution.ExecutionContext)
:: [21] void GdUnit4.Core.Execution.TestSuiteExecutionStage+&lt;RunTestCase&gt;d__15.MoveNext()
:: [22] void System.Threading.ExecutionContext.RunInternal(System.Threading.ExecutionContext, System.Threading.ContextCallback, object)
:: [23] void System.Runtime.CompilerServices.AsyncTaskMethodBuilder`1+AsyncStateMachineBox`1.MoveNext(System.Threading.Thread)
:: [24] void System.Threading.Tasks.AwaitTaskContinuation.RunCallback(System.Threading.ContextCallback, object, System.Threading.Tasks.Task&amp;)
:: [25] void System.Threading.Tasks.Task.RunContinuations(object)
:: [26] bool System.Threading.Tasks.Task`1.TrySetResult(TResult)
:: [27] void System.Runtime.CompilerServices.AsyncTaskMethodBuilder`1.SetExistingTaskResult(System.Threading.Tasks.Task`1[TResult], TResult)
:: [28] void GdUnit4.Core.Execution.BeforeTestExecutionStage+&lt;Execute&gt;d__1.MoveNext()
:: [29] void System.Threading.ExecutionContext.RunInternal(System.Threading.ExecutionContext, System.Threading.ContextCallback, object)
:: [30] void System.Runtime.CompilerServices.AsyncTaskMethodBuilder`1+AsyncStateMachineBox`1.MoveNext(System.Threading.Thread)
:: [31] void System.Threading.Tasks.AwaitTaskContinuation.RunCallback(System.Threading.ContextCallback, object, System.Threading.Tasks.Task&amp;)
:: [32] void System.Threading.Tasks.Task.RunContinuations(object)
:: [33] bool System.Threading.Tasks.Task`1.TrySetResult(TResult)
:: [34] void System.Runtime.CompilerServices.AsyncTaskMethodBuilder`1.SetExistingTaskResult(System.Threading.Tasks.Task`1[TResult], TResult)
:: [35] void GdUnit4.Core.Execution.ExecutionStage`1+&lt;Execute&gt;d__30.MoveNext()
:: [36] void System.Threading.ExecutionContext.RunInternal(System.Threading.ExecutionContext, System.Threading.ContextCallback, object)
:: [37] void System.Runtime.CompilerServices.AsyncTaskMethodBuilder`1+AsyncStateMachineBox`1.MoveNext(System.Threading.Thread)
:: [38] void Godot.GodotSynchronizationContext.ExecutePendingContinuations() (/root/godot/modules/mono/glue/GodotSharp/GodotSharp/Core/GodotSynchronizationContext.cs:51)
:: [39] void Godot.GodotTaskScheduler.Activate() (/root/godot/modules/mono/glue/GodotSharp/GodotSharp/Core/GodotTaskScheduler.cs:76)
:: [40] void Godot.Bridge.ScriptManagerBridge.FrameCallback() (/root/godot/modules/mono/glue/GodotSharp/GodotSharp/Core/Bridge/ScriptManagerBridge.cs:84)
:: WARNING: Parent path 'MenuContent/TitleMargin' for node 'TitleLabel' has vanished when instantiating: 'res://source/ui/menus/main_menu.tscn'.
:: at: instantiate (scene/resources/packed_scene.cpp:205)
:: C# backtrace (most recent call first):
:: [0] Godot.GodotObject Godot.NativeCalls.godot_icall_1_79(nint, nint, int) (/root/godot/modules/mono/glue/GodotSharp/GodotSharp/Generated/NativeCalls.cs:703)
:: [1] Godot.Node Godot.PackedScene.Instantiate(Godot.PackedScene+GenEditState) (/root/godot/modules/mono/glue/GodotSharp/GodotSharp/Generated/GodotObjects/PackedScene.cs:130)
:: [2] Godot.Node GdUnit4.Core.SceneRunner.LoadScene(string)
:: [3] GdUnit4.Core.SceneRunner..ctor(string, bool, bool)
:: [4] GdUnit4.ISceneRunner GdUnit4.ISceneRunner.Load(string, bool, bool)
:: [5] void OmegaSpiral.Tests.UI.Terminal.TerminalBorderDiagnosticsTests+&lt;Test3_BorderColorIsNotBlackOrTransparent&gt;d__3.MoveNext() (/home/adam/Dev/omega-spiral/chapter-zero/tests/ui/terminal/TerminalBorderDiagnosticsTests.cs:79)
:: [6] void System.Runtime.CompilerServices.AsyncMethodBuilderCore.Start&lt;TStateMachine&gt;(TStateMachine&amp;)
:: [7] System.Threading.Tasks.Task OmegaSpiral.Tests.UI.Terminal.TerminalBorderDiagnosticsTests.Test3_BorderColorIsNotBlackOrTransparent()
:: [8] object System.Reflection.MethodBaseInvoker.InterpretedInvoke_Method(object, System.IntPtr*)
:: [9] object System.Reflection.MethodBaseInvoker.InvokeWithNoArgs(object, System.Reflection.BindingFlags)
:: [10] object System.Reflection.RuntimeMethodInfo.Invoke(object, System.Reflection.BindingFlags, System.Reflection.Binder, System.Object[], System.Globalization.CultureInfo)
:: [11] void GdUnit4.Core.Execution.ExecutionStage`1+&lt;ExecuteStage&gt;d__37.MoveNext()
:: [12] void System.Runtime.CompilerServices.AsyncMethodBuilderCore.Start&lt;TStateMachine&gt;(TStateMachine&amp;)
:: [13] System.Threading.Tasks.Task GdUnit4.Core.Execution.ExecutionStage`1.ExecuteStage(GdUnit4.Core.Execution.ExecutionContext)
:: [14] void GdUnit4.Core.Execution.ExecutionStage`1+&lt;Execute&gt;d__30.MoveNext()
:: [15] void System.Runtime.CompilerServices.AsyncMethodBuilderCore.Start&lt;TStateMachine&gt;(TStateMachine&amp;)
:: [16] System.Threading.Tasks.Task GdUnit4.Core.Execution.ExecutionStage`1.Execute(GdUnit4.Core.Execution.ExecutionContext)
:: [17] System.Threading.Tasks.Task GdUnit4.Core.Execution.TestCaseExecutionStage.&lt;&gt;n__0(GdUnit4.Core.Execution.ExecutionContext)
:: [18] void GdUnit4.Core.Execution.TestCaseExecutionStage+&lt;Execute&gt;d__1.MoveNext()
:: [19] void System.Runtime.CompilerServices.AsyncMethodBuilderCore.Start&lt;TStateMachine&gt;(TStateMachine&amp;)
:: [20] System.Threading.Tasks.Task GdUnit4.Core.Execution.TestCaseExecutionStage.Execute(GdUnit4.Core.Execution.ExecutionContext)
:: [21] void GdUnit4.Core.Execution.TestSuiteExecutionStage+&lt;RunTestCase&gt;d__15.MoveNext()
:: [22] void System.Threading.ExecutionContext.RunInternal(System.Threading.ExecutionContext, System.Threading.ContextCallback, object)
:: [23] void System.Runtime.CompilerServices.AsyncTaskMethodBuilder`1+AsyncStateMachineBox`1.MoveNext(System.Threading.Thread)
:: [24] void System.Threading.Tasks.AwaitTaskContinuation.RunCallback(System.Threading.ContextCallback, object, System.Threading.Tasks.Task&amp;)
:: [25] void System.Threading.Tasks.Task.RunContinuations(object)
:: [26] bool System.Threading.Tasks.Task`1.TrySetResult(TResult)
:: [27] void System.Runtime.CompilerServices.AsyncTaskMethodBuilder`1.SetExistingTaskResult(System.Threading.Tasks.Task`1[TResult], TResult)
:: [28] void GdUnit4.Core.Execution.BeforeTestExecutionStage+&lt;Execute&gt;d__1.MoveNext()
:: [29] void System.Threading.ExecutionContext.RunInternal(System.Threading.ExecutionContext, System.Threading.ContextCallback, object)
:: [30] void System.Runtime.CompilerServices.AsyncTaskMethodBuilder`1+AsyncStateMachineBox`1.MoveNext(System.Threading.Thread)
:: [31] void System.Threading.Tasks.AwaitTaskContinuation.RunCallback(System.Threading.ContextCallback, object, System.Threading.Tasks.Task&amp;)
:: [32] void System.Threading.Tasks.Task.RunContinuations(object)
:: [33] bool System.Threading.Tasks.Task`1.TrySetResult(TResult)
:: [34] void System.Runtime.CompilerServices.AsyncTaskMethodBuilder`1.SetExistingTaskResult(System.Threading.Tasks.Task`1[TResult], TResult)
:: [35] void GdUnit4.Core.Execution.ExecutionStage`1+&lt;Execute&gt;d__30.MoveNext()
:: [36] void System.Threading.ExecutionContext.RunInternal(System.Threading.ExecutionContext, System.Threading.ContextCallback, object)
:: [37] void System.Runtime.CompilerServices.AsyncTaskMethodBuilder`1+AsyncStateMachineBox`1.MoveNext(System.Threading.Thread)
:: [38] void Godot.GodotSynchronizationContext.ExecutePendingContinuations() (/root/godot/modules/mono/glue/GodotSharp/GodotSharp/Core/GodotSynchronizationContext.cs:51)
:: [39] void Godot.GodotTaskScheduler.Activate() (/root/godot/modules/mono/glue/GodotSharp/GodotSharp/Core/GodotTaskScheduler.cs:76)
:: [40] void Godot.Bridge.ScriptManagerBridge.FrameCallback() (/root/godot/modules/mono/glue/GodotSharp/GodotSharp/Core/Bridge/ScriptManagerBridge.cs:84)
:: WARNING: Parent path 'MenuContent' for node 'DescriptionMargin' has vanished when instantiating: 'res://source/ui/menus/main_menu.tscn'.
:: at: instantiate (scene/resources/packed_scene.cpp:205)
:: C# backtrace (most recent call first):
:: [0] Godot.GodotObject Godot.NativeCalls.godot_icall_1_79(nint, nint, int) (/root/godot/modules/mono/glue/GodotSharp/GodotSharp/Generated/NativeCalls.cs:703)
:: [1] Godot.Node Godot.PackedScene.Instantiate(Godot.PackedScene+GenEditState) (/root/godot/modules/mono/glue/GodotSharp/GodotSharp/Generated/GodotObjects/PackedScene.cs:130)
:: [2] Godot.Node GdUnit4.Core.SceneRunner.LoadScene(string)
:: [3] GdUnit4.Core.SceneRunner..ctor(string, bool, bool)
:: [4] GdUnit4.ISceneRunner GdUnit4.ISceneRunner.Load(string, bool, bool)
:: [5] void OmegaSpiral.Tests.UI.Terminal.TerminalBorderDiagnosticsTests+&lt;Test3_BorderColorIsNotBlackOrTransparent&gt;d__3.MoveNext() (/home/adam/Dev/omega-spiral/chapter-zero/tests/ui/terminal/TerminalBorderDiagnosticsTests.cs:79)
:: [6] void System.Runtime.CompilerServices.AsyncMethodBuilderCore.Start&lt;TStateMachine&gt;(TStateMachine&amp;)
:: [7] System.Threading.Tasks.Task OmegaSpiral.Tests.UI.Terminal.TerminalBorderDiagnosticsTests.Test3_BorderColorIsNotBlackOrTransparent()
:: [8] object System.Reflection.MethodBaseInvoker.InterpretedInvoke_Method(object, System.IntPtr*)
:: [9] object System.Reflection.MethodBaseInvoker.InvokeWithNoArgs(object, System.Reflection.BindingFlags)
:: [10] object System.Reflection.RuntimeMethodInfo.Invoke(object, System.Reflection.BindingFlags, System.Reflection.Binder, System.Object[], System.Globalization.CultureInfo)
:: [11] void GdUnit4.Core.Execution.ExecutionStage`1+&lt;ExecuteStage&gt;d__37.MoveNext()
:: [12] void System.Runtime.CompilerServices.AsyncMethodBuilderCore.Start&lt;TStateMachine&gt;(TStateMachine&amp;)
:: [13] System.Threading.Tasks.Task GdUnit4.Core.Execution.ExecutionStage`1.ExecuteStage(GdUnit4.Core.Execution.ExecutionContext)
:: [14] void GdUnit4.Core.Execution.ExecutionStage`1+&lt;Execute&gt;d__30.MoveNext()
:: [15] void System.Runtime.CompilerServices.AsyncMethodBuilderCore.Start&lt;TStateMachine&gt;(TStateMachine&amp;)
:: [16] System.Threading.Tasks.Task GdUnit4.Core.Execution.ExecutionStage`1.Execute(GdUnit4.Core.Execution.ExecutionContext)
:: [17] System.Threading.Tasks.Task GdUnit4.Core.Execution.TestCaseExecutionStage.&lt;&gt;n__0(GdUnit4.Core.Execution.ExecutionContext)
:: [18] void GdUnit4.Core.Execution.TestCaseExecutionStage+&lt;Execute&gt;d__1.MoveNext()
:: [19] void System.Runtime.CompilerServices.AsyncMethodBuilderCore.Start&lt;TStateMachine&gt;(TStateMachine&amp;)
:: [20] System.Threading.Tasks.Task GdUnit4.Core.Execution.TestCaseExecutionStage.Execute(GdUnit4.Core.Execution.ExecutionContext)
:: [21] void GdUnit4.Core.Execution.TestSuiteExecutionStage+&lt;RunTestCase&gt;d__15.MoveNext()
:: [22] void System.Threading.ExecutionContext.RunInternal(System.Threading.ExecutionContext, System.Threading.ContextCallback, object)
:: [23] void System.Runtime.CompilerServices.AsyncTaskMethodBuilder`1+AsyncStateMachineBox`1.MoveNext(System.Threading.Thread)
:: [24] void System.Threading.Tasks.AwaitTaskContinuation.RunCallback(System.Threading.ContextCallback, object, System.Threading.Tasks.Task&amp;)
:: [25] void System.Threading.Tasks.Task.RunContinuations(object)
:: [26] bool System.Threading.Tasks.Task`1.TrySetResult(TResult)
:: [27] void System.Runtime.CompilerServices.AsyncTaskMethodBuilder`1.SetExistingTaskResult(System.Threading.Tasks.Task`1[TResult], TResult)
:: [28] void GdUnit4.Core.Execution.BeforeTestExecutionStage+&lt;Execute&gt;d__1.MoveNext()
:: [29] void System.Threading.ExecutionContext.RunInternal(System.Threading.ExecutionContext, System.Threading.ContextCallback, object)
:: [30] void System.Runtime.CompilerServices.AsyncTaskMethodBuilder`1+AsyncStateMachineBox`1.MoveNext(System.Threading.Thread)
:: [31] void System.Threading.Tasks.AwaitTaskContinuation.RunCallback(System.Threading.ContextCallback, object, System.Threading.Tasks.Task&amp;)
:: [32] void System.Threading.Tasks.Task.RunContinuations(object)
:: [33] bool System.Threading.Tasks.Task`1.TrySetResult(TResult)
:: [34] void System.Runtime.CompilerServices.AsyncTaskMethodBuilder`1.SetExistingTaskResult(System.Threading.Tasks.Task`1[TResult], TResult)
:: [35] void GdUnit4.Core.Execution.ExecutionStage`1+&lt;Execute&gt;d__30.MoveNext()
:: [36] void System.Threading.ExecutionContext.RunInternal(System.Threading.ExecutionContext, System.Threading.ContextCallback, object)
:: [37] void System.Runtime.CompilerServices.AsyncTaskMethodBuilder`1+AsyncStateMachineBox`1.MoveNext(System.Threading.Thread)
:: [38] void Godot.GodotSynchronizationContext.ExecutePendingContinuations() (/root/godot/modules/mono/glue/GodotSharp/GodotSharp/Core/GodotSynchronizationContext.cs:51)
:: [39] void Godot.GodotTaskScheduler.Activate() (/root/godot/modules/mono/glue/GodotSharp/GodotSharp/Core/GodotTaskScheduler.cs:76)
:: [40] void Godot.Bridge.ScriptManagerBridge.FrameCallback() (/root/godot/modules/mono/glue/GodotSharp/GodotSharp/Core/Bridge/ScriptManagerBridge.cs:84)
:: WARNING: Parent path 'MenuContent/DescriptionMargin' for node 'DescriptionLabel' has vanished when instantiating: 'res://source/ui/menus/main_menu.tscn'.
:: at: instantiate (scene/resources/packed_scene.cpp:205)
:: C# backtrace (most recent call first):
:: [0] Godot.GodotObject Godot.NativeCalls.godot_icall_1_79(nint, nint, int) (/root/godot/modules/mono/glue/GodotSharp/GodotSharp/Generated/NativeCalls.cs:703)
:: [1] Godot.Node Godot.PackedScene.Instantiate(Godot.PackedScene+GenEditState) (/root/godot/modules/mono/glue/GodotSharp/GodotSharp/Generated/GodotObjects/PackedScene.cs:130)
:: [2] Godot.Node GdUnit4.Core.SceneRunner.LoadScene(string)
:: [3] GdUnit4.Core.SceneRunner..ctor(string, bool, bool)
:: [4] GdUnit4.ISceneRunner GdUnit4.ISceneRunner.Load(string, bool, bool)
:: [5] void OmegaSpiral.Tests.UI.Terminal.TerminalBorderDiagnosticsTests+&lt;Test3_BorderColorIsNotBlackOrTransparent&gt;d__3.MoveNext() (/home/adam/Dev/omega-spiral/chapter-zero/tests/ui/terminal/TerminalBorderDiagnosticsTests.cs:79)
:: [6] void System.Runtime.CompilerServices.AsyncMethodBuilderCore.Start&lt;TStateMachine&gt;(TStateMachine&amp;)
:: [7] System.Threading.Tasks.Task OmegaSpiral.Tests.UI.Terminal.TerminalBorderDiagnosticsTests.Test3_BorderColorIsNotBlackOrTransparent()
:: [8] object System.Reflection.MethodBaseInvoker.InterpretedInvoke_Method(object, System.IntPtr*)
:: [9] object System.Reflection.MethodBaseInvoker.InvokeWithNoArgs(object, System.Reflection.BindingFlags)
:: [10] object System.Reflection.RuntimeMethodInfo.Invoke(object, System.Reflection.BindingFlags, System.Reflection.Binder, System.Object[], System.Globalization.CultureInfo)
:: [11] void GdUnit4.Core.Execution.ExecutionStage`1+&lt;ExecuteStage&gt;d__37.MoveNext()
:: [12] void System.Runtime.CompilerServices.AsyncMethodBuilderCore.Start&lt;TStateMachine&gt;(TStateMachine&amp;)
:: [13] System.Threading.Tasks.Task GdUnit4.Core.Execution.ExecutionStage`1.ExecuteStage(GdUnit4.Core.Execution.ExecutionContext)
:: [14] void GdUnit4.Core.Execution.ExecutionStage`1+&lt;Execute&gt;d__30.MoveNext()
:: [15] void System.Runtime.CompilerServices.AsyncMethodBuilderCore.Start&lt;TStateMachine&gt;(TStateMachine&amp;)
:: [16] System.Threading.Tasks.Task GdUnit4.Core.Execution.ExecutionStage`1.Execute(GdUnit4.Core.Execution.ExecutionContext)
:: [17] System.Threading.Tasks.Task GdUnit4.Core.Execution.TestCaseExecutionStage.&lt;&gt;n__0(GdUnit4.Core.Execution.ExecutionContext)
:: [18] void GdUnit4.Core.Execution.TestCaseExecutionStage+&lt;Execute&gt;d__1.MoveNext()
:: [19] void System.Runtime.CompilerServices.AsyncMethodBuilderCore.Start&lt;TStateMachine&gt;(TStateMachine&amp;)
:: [20] System.Threading.Tasks.Task GdUnit4.Core.Execution.TestCaseExecutionStage.Execute(GdUnit4.Core.Execution.ExecutionContext)
:: [21] void GdUnit4.Core.Execution.TestSuiteExecutionStage+&lt;RunTestCase&gt;d__15.MoveNext()
:: [22] void System.Threading.ExecutionContext.RunInternal(System.Threading.ExecutionContext, System.Threading.ContextCallback, object)
:: [23] void System.Runtime.CompilerServices.AsyncTaskMethodBuilder`1+AsyncStateMachineBox`1.MoveNext(System.Threading.Thread)
:: [24] void System.Threading.Tasks.AwaitTaskContinuation.RunCallback(System.Threading.ContextCallback, object, System.Threading.Tasks.Task&amp;)
:: [25] void System.Threading.Tasks.Task.RunContinuations(object)
:: [26] bool System.Threading.Tasks.Task`1.TrySetResult(TResult)
:: [27] void System.Runtime.CompilerServices.AsyncTaskMethodBuilder`1.SetExistingTaskResult(System.Threading.Tasks.Task`1[TResult], TResult)
:: [28] void GdUnit4.Core.Execution.BeforeTestExecutionStage+&lt;Execute&gt;d__1.MoveNext()
:: [29] void System.Threading.ExecutionContext.RunInternal(System.Threading.ExecutionContext, System.Threading.ContextCallback, object)
:: [30] void System.Runtime.CompilerServices.AsyncTaskMethodBuilder`1+AsyncStateMachineBox`1.MoveNext(System.Threading.Thread)
:: [31] void System.Threading.Tasks.AwaitTaskContinuation.RunCallback(System.Threading.ContextCallback, object, System.Threading.Tasks.Task&amp;)
:: [32] void System.Threading.Tasks.Task.RunContinuations(object)
:: [33] bool System.Threading.Tasks.Task`1.TrySetResult(TResult)
:: [34] void System.Runtime.CompilerServices.AsyncTaskMethodBuilder`1.SetExistingTaskResult(System.Threading.Tasks.Task`1[TResult], TResult)
:: [35] void GdUnit4.Core.Execution.ExecutionStage`1+&lt;Execute&gt;d__30.MoveNext()
:: [36] void System.Threading.ExecutionContext.RunInternal(System.Threading.ExecutionContext, System.Threading.ContextCallback, object)
:: [37] void System.Runtime.CompilerServices.AsyncTaskMethodBuilder`1+AsyncStateMachineBox`1.MoveNext(System.Threading.Thread)
:: [38] void Godot.GodotSynchronizationContext.ExecutePendingContinuations() (/root/godot/modules/mono/glue/GodotSharp/GodotSharp/Core/GodotSynchronizationContext.cs:51)
:: [39] void Godot.GodotTaskScheduler.Activate() (/root/godot/modules/mono/glue/GodotSharp/GodotSharp/Core/GodotTaskScheduler.cs:76)
:: [40] void Godot.Bridge.ScriptManagerBridge.FrameCallback() (/root/godot/modules/mono/glue/GodotSharp/GodotSharp/Core/Bridge/ScriptManagerBridge.cs:84)
:: WARNING: Parent path 'MenuContent' for node 'MenuButtonsMargin' has vanished when instantiating: 'res://source/ui/menus/main_menu.tscn'.
:: at: instantiate (scene/resources/packed_scene.cpp:205)
:: C# backtrace (most recent call first):
:: [0] Godot.GodotObject Godot.NativeCalls.godot_icall_1_79(nint, nint, int) (/root/godot/modules/mono/glue/GodotSharp/GodotSharp/Generated/NativeCalls.cs:703)
:: [1] Godot.Node Godot.PackedScene.Instantiate(Godot.PackedScene+GenEditState) (/root/godot/modules/mono/glue/GodotSharp/GodotSharp/Generated/GodotObjects/PackedScene.cs:130)
:: [2] Godot.Node GdUnit4.Core.SceneRunner.LoadScene(string)
:: [3] GdUnit4.Core.SceneRunner..ctor(string, bool, bool)
:: [4] GdUnit4.ISceneRunner GdUnit4.ISceneRunner.Load(string, bool, bool)
:: [5] void OmegaSpiral.Tests.UI.Terminal.TerminalBorderDiagnosticsTests+&lt;Test3_BorderColorIsNotBlackOrTransparent&gt;d__3.MoveNext() (/home/adam/Dev/omega-spiral/chapter-zero/tests/ui/terminal/TerminalBorderDiagnosticsTests.cs:79)
:: [6] void System.Runtime.CompilerServices.AsyncMethodBuilderCore.Start&lt;TStateMachine&gt;(TStateMachine&amp;)
:: [7] System.Threading.Tasks.Task OmegaSpiral.Tests.UI.Terminal.TerminalBorderDiagnosticsTests.Test3_BorderColorIsNotBlackOrTransparent()
:: [8] object System.Reflection.MethodBaseInvoker.InterpretedInvoke_Method(object, System.IntPtr*)
:: [9] object System.Reflection.MethodBaseInvoker.InvokeWithNoArgs(object, System.Reflection.BindingFlags)
:: [10] object System.Reflection.RuntimeMethodInfo.Invoke(object, System.Reflection.BindingFlags, System.Reflection.Binder, System.Object[], System.Globalization.CultureInfo)
:: [11] void GdUnit4.Core.Execution.ExecutionStage`1+&lt;ExecuteStage&gt;d__37.MoveNext()
:: [12] void System.Runtime.CompilerServices.AsyncMethodBuilderCore.Start&lt;TStateMachine&gt;(TStateMachine&amp;)
:: [13] System.Threading.Tasks.Task GdUnit4.Core.Execution.ExecutionStage`1.ExecuteStage(GdUnit4.Core.Execution.ExecutionContext)
:: [14] void GdUnit4.Core.Execution.ExecutionStage`1+&lt;Execute&gt;d__30.MoveNext()
:: [15] void System.Runtime.CompilerServices.AsyncMethodBuilderCore.Start&lt;TStateMachine&gt;(TStateMachine&amp;)
:: [16] System.Threading.Tasks.Task GdUnit4.Core.Execution.ExecutionStage`1.Execute(GdUnit4.Core.Execution.ExecutionContext)
:: [17] System.Threading.Tasks.Task GdUnit4.Core.Execution.TestCaseExecutionStage.&lt;&gt;n__0(GdUnit4.Core.Execution.ExecutionContext)
:: [18] void GdUnit4.Core.Execution.TestCaseExecutionStage+&lt;Execute&gt;d__1.MoveNext()
:: [19] void System.Runtime.CompilerServices.AsyncMethodBuilderCore.Start&lt;TStateMachine&gt;(TStateMachine&amp;)
:: [20] System.Threading.Tasks.Task GdUnit4.Core.Execution.TestCaseExecutionStage.Execute(GdUnit4.Core.Execution.ExecutionContext)
:: [21] void GdUnit4.Core.Execution.TestSuiteExecutionStage+&lt;RunTestCase&gt;d__15.MoveNext()
:: [22] void System.Threading.ExecutionContext.RunInternal(System.Threading.ExecutionContext, System.Threading.ContextCallback, object)
:: [23] void System.Runtime.CompilerServices.AsyncTaskMethodBuilder`1+AsyncStateMachineBox`1.MoveNext(System.Threading.Thread)
:: [24] void System.Threading.Tasks.AwaitTaskContinuation.RunCallback(System.Threading.ContextCallback, object, System.Threading.Tasks.Task&amp;)
:: [25] void System.Threading.Tasks.Task.RunContinuations(object)
:: [26] bool System.Threading.Tasks.Task`1.TrySetResult(TResult)
:: [27] void System.Runtime.CompilerServices.AsyncTaskMethodBuilder`1.SetExistingTaskResult(System.Threading.Tasks.Task`1[TResult], TResult)
:: [28] void GdUnit4.Core.Execution.BeforeTestExecutionStage+&lt;Execute&gt;d__1.MoveNext()
:: [29] void System.Threading.ExecutionContext.RunInternal(System.Threading.ExecutionContext, System.Threading.ContextCallback, object)
:: [30] void System.Runtime.CompilerServices.AsyncTaskMethodBuilder`1+AsyncStateMachineBox`1.MoveNext(System.Threading.Thread)
:: [31] void System.Threading.Tasks.AwaitTaskContinuation.RunCallback(System.Threading.ContextCallback, object, System.Threading.Tasks.Task&amp;)
:: [32] void System.Threading.Tasks.Task.RunContinuations(object)
:: [33] bool System.Threading.Tasks.Task`1.TrySetResult(TResult)
:: [34] void System.Runtime.CompilerServices.AsyncTaskMethodBuilder`1.SetExistingTaskResult(System.Threading.Tasks.Task`1[TResult], TResult)
:: [35] void GdUnit4.Core.Execution.ExecutionStage`1+&lt;Execute&gt;d__30.MoveNext()
:: [36] void System.Threading.ExecutionContext.RunInternal(System.Threading.ExecutionContext, System.Threading.ContextCallback, object)
:: [37] void System.Runtime.CompilerServices.AsyncTaskMethodBuilder`1+AsyncStateMachineBox`1.MoveNext(System.Threading.Thread)
:: [38] void Godot.GodotSynchronizationContext.ExecutePendingContinuations() (/root/godot/modules/mono/glue/GodotSharp/GodotSharp/Core/GodotSynchronizationContext.cs:51)
:: [39] void Godot.GodotTaskScheduler.Activate() (/root/godot/modules/mono/glue/GodotSharp/GodotSharp/Core/GodotTaskScheduler.cs:76)
:: [40] void Godot.Bridge.ScriptManagerBridge.FrameCallback() (/root/godot/modules/mono/glue/GodotSharp/GodotSharp/Core/Bridge/ScriptManagerBridge.cs:84)
:: WARNING: Parent path 'MenuContent/MenuButtonsMargin' for node 'MenuButtonsContainer' has vanished when instantiating: 'res://source/ui/menus/main_menu.tscn'.
:: at: instantiate (scene/resources/packed_scene.cpp:205)
:: C# backtrace (most recent call first):
:: [0] Godot.GodotObject Godot.NativeCalls.godot_icall_1_79(nint, nint, int) (/root/godot/modules/mono/glue/GodotSharp/GodotSharp/Generated/NativeCalls.cs:703)
:: [1] Godot.Node Godot.PackedScene.Instantiate(Godot.PackedScene+GenEditState) (/root/godot/modules/mono/glue/GodotSharp/GodotSharp/Generated/GodotObjects/PackedScene.cs:130)
:: [2] Godot.Node GdUnit4.Core.SceneRunner.LoadScene(string)
:: [3] GdUnit4.Core.SceneRunner..ctor(string, bool, bool)
:: [4] GdUnit4.ISceneRunner GdUnit4.ISceneRunner.Load(string, bool, bool)
:: [5] void OmegaSpiral.Tests.UI.Terminal.TerminalBorderDiagnosticsTests+&lt;Test3_BorderColorIsNotBlackOrTransparent&gt;d__3.MoveNext() (/home/adam/Dev/omega-spiral/chapter-zero/tests/ui/terminal/TerminalBorderDiagnosticsTests.cs:79)
:: [6] void System.Runtime.CompilerServices.AsyncMethodBuilderCore.Start&lt;TStateMachine&gt;(TStateMachine&amp;)
:: [7] System.Threading.Tasks.Task OmegaSpiral.Tests.UI.Terminal.TerminalBorderDiagnosticsTests.Test3_BorderColorIsNotBlackOrTransparent()
:: [8] object System.Reflection.MethodBaseInvoker.InterpretedInvoke_Method(object, System.IntPtr*)
:: [9] object System.Reflection.MethodBaseInvoker.InvokeWithNoArgs(object, System.Reflection.BindingFlags)
:: [10] object System.Reflection.RuntimeMethodInfo.Invoke(object, System.Reflection.BindingFlags, System.Reflection.Binder, System.Object[], System.Globalization.CultureInfo)
:: [11] void GdUnit4.Core.Execution.ExecutionStage`1+&lt;ExecuteStage&gt;d__37.MoveNext()
:: [12] void System.Runtime.CompilerServices.AsyncMethodBuilderCore.Start&lt;TStateMachine&gt;(TStateMachine&amp;)
:: [13] System.Threading.Tasks.Task GdUnit4.Core.Execution.ExecutionStage`1.ExecuteStage(GdUnit4.Core.Execution.ExecutionContext)
:: [14] void GdUnit4.Core.Execution.ExecutionStage`1+&lt;Execute&gt;d__30.MoveNext()
:: [15] void System.Runtime.CompilerServices.AsyncMethodBuilderCore.Start&lt;TStateMachine&gt;(TStateMachine&amp;)
:: [16] System.Threading.Tasks.Task GdUnit4.Core.Execution.ExecutionStage`1.Execute(GdUnit4.Core.Execution.ExecutionContext)
:: [17] System.Threading.Tasks.Task GdUnit4.Core.Execution.TestCaseExecutionStage.&lt;&gt;n__0(GdUnit4.Core.Execution.ExecutionContext)
:: [18] void GdUnit4.Core.Execution.TestCaseExecutionStage+&lt;Execute&gt;d__1.MoveNext()
:: [19] void System.Runtime.CompilerServices.AsyncMethodBuilderCore.Start&lt;TStateMachine&gt;(TStateMachine&amp;)
:: [20] System.Threading.Tasks.Task GdUnit4.Core.Execution.TestCaseExecutionStage.Execute(GdUnit4.Core.Execution.ExecutionContext)
:: [21] void GdUnit4.Core.Execution.TestSuiteExecutionStage+&lt;RunTestCase&gt;d__15.MoveNext()
:: [22] void System.Threading.ExecutionContext.RunInternal(System.Threading.ExecutionContext, System.Threading.ContextCallback, object)
:: [23] void System.Runtime.CompilerServices.AsyncTaskMethodBuilder`1+AsyncStateMachineBox`1.MoveNext(System.Threading.Thread)
:: [24] void System.Threading.Tasks.AwaitTaskContinuation.RunCallback(System.Threading.ContextCallback, object, System.Threading.Tasks.Task&amp;)
:: [25] void System.Threading.Tasks.Task.RunContinuations(object)
:: [26] bool System.Threading.Tasks.Task`1.TrySetResult(TResult)
:: [27] void System.Runtime.CompilerServices.AsyncTaskMethodBuilder`1.SetExistingTaskResult(System.Threading.Tasks.Task`1[TResult], TResult)
:: [28] void GdUnit4.Core.Execution.BeforeTestExecutionStage+&lt;Execute&gt;d__1.MoveNext()
:: [29] void System.Threading.ExecutionContext.RunInternal(System.Threading.ExecutionContext, System.Threading.ContextCallback, object)
:: [30] void System.Runtime.CompilerServices.AsyncTaskMethodBuilder`1+AsyncStateMachineBox`1.MoveNext(System.Threading.Thread)
:: [31] void System.Threading.Tasks.AwaitTaskContinuation.RunCallback(System.Threading.ContextCallback, object, System.Threading.Tasks.Task&amp;)
:: [32] void System.Threading.Tasks.Task.RunContinuations(object)
:: [33] bool System.Threading.Tasks.Task`1.TrySetResult(TResult)
:: [34] void System.Runtime.CompilerServices.AsyncTaskMethodBuilder`1.SetExistingTaskResult(System.Threading.Tasks.Task`1[TResult], TResult)
:: [35] void GdUnit4.Core.Execution.ExecutionStage`1+&lt;Execute&gt;d__30.MoveNext()
:: [36] void System.Threading.ExecutionContext.RunInternal(System.Threading.ExecutionContext, System.Threading.ContextCallback, object)
:: [37] void System.Runtime.CompilerServices.AsyncTaskMethodBuilder`1+AsyncStateMachineBox`1.MoveNext(System.Threading.Thread)
:: [38] void Godot.GodotSynchronizationContext.ExecutePendingContinuations() (/root/godot/modules/mono/glue/GodotSharp/GodotSharp/Core/GodotSynchronizationContext.cs:51)
:: [39] void Godot.GodotTaskScheduler.Activate() (/root/godot/modules/mono/glue/GodotSharp/GodotSharp/Core/GodotTaskScheduler.cs:76)
:: [40] void Godot.Bridge.ScriptManagerBridge.FrameCallback() (/root/godot/modules/mono/glue/GodotSharp/GodotSharp/Core/Bridge/ScriptManagerBridge.cs:84)
:: WARNING: Parent path 'MenuContent/MenuButtonsMargin/MenuButtonsContainer' for node 'MenuButtonsBoxContainer' has vanished when instantiating: 'res://source/ui/menus/main_menu.tscn'.
:: at: instantiate (scene/resources/packed_scene.cpp:205)
:: C# backtrace (most recent call first):
:: [0] Godot.GodotObject Godot.NativeCalls.godot_icall_1_79(nint, nint, int) (/root/godot/modules/mono/glue/GodotSharp/GodotSharp/Generated/NativeCalls.cs:703)
:: [1] Godot.Node Godot.PackedScene.Instantiate(Godot.PackedScene+GenEditState) (/root/godot/modules/mono/glue/GodotSharp/GodotSharp/Generated/GodotObjects/PackedScene.cs:130)
:: [2] Godot.Node GdUnit4.Core.SceneRunner.LoadScene(string)
:: [3] GdUnit4.Core.SceneRunner..ctor(string, bool, bool)
:: [4] GdUnit4.ISceneRunner GdUnit4.ISceneRunner.Load(string, bool, bool)
:: [5] void OmegaSpiral.Tests.UI.Terminal.TerminalBorderDiagnosticsTests+&lt;Test3_BorderColorIsNotBlackOrTransparent&gt;d__3.MoveNext() (/home/adam/Dev/omega-spiral/chapter-zero/tests/ui/terminal/TerminalBorderDiagnosticsTests.cs:79)
:: [6] void System.Runtime.CompilerServices.AsyncMethodBuilderCore.Start&lt;TStateMachine&gt;(TStateMachine&amp;)
:: [7] System.Threading.Tasks.Task OmegaSpiral.Tests.UI.Terminal.TerminalBorderDiagnosticsTests.Test3_BorderColorIsNotBlackOrTransparent()
:: [8] object System.Reflection.MethodBaseInvoker.InterpretedInvoke_Method(object, System.IntPtr*)
:: [9] object System.Reflection.MethodBaseInvoker.InvokeWithNoArgs(object, System.Reflection.BindingFlags)
:: [10] object System.Reflection.RuntimeMethodInfo.Invoke(object, System.Reflection.BindingFlags, System.Reflection.Binder, System.Object[], System.Globalization.CultureInfo)
:: [11] void GdUnit4.Core.Execution.ExecutionStage`1+&lt;ExecuteStage&gt;d__37.MoveNext()
:: [12] void System.Runtime.CompilerServices.AsyncMethodBuilderCore.Start&lt;TStateMachine&gt;(TStateMachine&amp;)
:: [13] System.Threading.Tasks.Task GdUnit4.Core.Execution.ExecutionStage`1.ExecuteStage(GdUnit4.Core.Execution.ExecutionContext)
:: [14] void GdUnit4.Core.Execution.ExecutionStage`1+&lt;Execute&gt;d__30.MoveNext()
:: [15] void System.Runtime.CompilerServices.AsyncMethodBuilderCore.Start&lt;TStateMachine&gt;(TStateMachine&amp;)
:: [16] System.Threading.Tasks.Task GdUnit4.Core.Execution.ExecutionStage`1.Execute(GdUnit4.Core.Execution.ExecutionContext)
:: [17] System.Threading.Tasks.Task GdUnit4.Core.Execution.TestCaseExecutionStage.&lt;&gt;n__0(GdUnit4.Core.Execution.ExecutionContext)
:: [18] void GdUnit4.Core.Execution.TestCaseExecutionStage+&lt;Execute&gt;d__1.MoveNext()
:: [19] void System.Runtime.CompilerServices.AsyncMethodBuilderCore.Start&lt;TStateMachine&gt;(TStateMachine&amp;)
:: [20] System.Threading.Tasks.Task GdUnit4.Core.Execution.TestCaseExecutionStage.Execute(GdUnit4.Core.Execution.ExecutionContext)
:: [21] void GdUnit4.Core.Execution.TestSuiteExecutionStage+&lt;RunTestCase&gt;d__15.MoveNext()
:: [22] void System.Threading.ExecutionContext.RunInternal(System.Threading.ExecutionContext, System.Threading.ContextCallback, object)
:: [23] void System.Runtime.CompilerServices.AsyncTaskMethodBuilder`1+AsyncStateMachineBox`1.MoveNext(System.Threading.Thread)
:: [24] void System.Threading.Tasks.AwaitTaskContinuation.RunCallback(System.Threading.ContextCallback, object, System.Threading.Tasks.Task&amp;)
:: [25] void System.Threading.Tasks.Task.RunContinuations(object)
:: [26] bool System.Threading.Tasks.Task`1.TrySetResult(TResult)
:: [27] void System.Runtime.CompilerServices.AsyncTaskMethodBuilder`1.SetExistingTaskResult(System.Threading.Tasks.Task`1[TResult], TResult)
:: [28] void GdUnit4.Core.Execution.BeforeTestExecutionStage+&lt;Execute&gt;d__1.MoveNext()
:: [29] void System.Threading.ExecutionContext.RunInternal(System.Threading.ExecutionContext, System.Threading.ContextCallback, object)
:: [30] void System.Runtime.CompilerServices.AsyncTaskMethodBuilder`1+AsyncStateMachineBox`1.MoveNext(System.Threading.Thread)
:: [31] void System.Threading.Tasks.AwaitTaskContinuation.RunCallback(System.Threading.ContextCallback, object, System.Threading.Tasks.Task&amp;)
:: [32] void System.Threading.Tasks.Task.RunContinuations(object)
:: [33] bool System.Threading.Tasks.Task`1.TrySetResult(TResult)
:: [34] void System.Runtime.CompilerServices.AsyncTaskMethodBuilder`1.SetExistingTaskResult(System.Threading.Tasks.Task`1[TResult], TResult)
:: [35] void GdUnit4.Core.Execution.ExecutionStage`1+&lt;Execute&gt;d__30.MoveNext()
:: [36] void System.Threading.ExecutionContext.RunInternal(System.Threading.ExecutionContext, System.Threading.ContextCallback, object)
:: [37] void System.Runtime.CompilerServices.AsyncTaskMethodBuilder`1+AsyncStateMachineBox`1.MoveNext(System.Threading.Thread)
:: [38] void Godot.GodotSynchronizationContext.ExecutePendingContinuations() (/root/godot/modules/mono/glue/GodotSharp/GodotSharp/Core/GodotSynchronizationContext.cs:51)
:: [39] void Godot.GodotTaskScheduler.Activate() (/root/godot/modules/mono/glue/GodotSharp/GodotSharp/Core/GodotTaskScheduler.cs:76)
:: [40] void Godot.Bridge.ScriptManagerBridge.FrameCallback() (/root/godot/modules/mono/glue/GodotSharp/GodotSharp/Core/Bridge/ScriptManagerBridge.cs:84)
:: WARNING: Parent path 'MenuContent/MenuButtonsMargin/MenuButtonsContainer/MenuButtonsBoxContainer' for node 'StartButton' has vanished when instantiating: 'res://source/ui/menus/main_menu.tscn'.
:: at: instantiate (scene/resources/packed_scene.cpp:205)
:: C# backtrace (most recent call first):
:: [0] Godot.GodotObject Godot.NativeCalls.godot_icall_1_79(nint, nint, int) (/root/godot/modules/mono/glue/GodotSharp/GodotSharp/Generated/NativeCalls.cs:703)
:: [1] Godot.Node Godot.PackedScene.Instantiate(Godot.PackedScene+GenEditState) (/root/godot/modules/mono/glue/GodotSharp/GodotSharp/Generated/GodotObjects/PackedScene.cs:130)
:: [2] Godot.Node GdUnit4.Core.SceneRunner.LoadScene(string)
:: [3] GdUnit4.Core.SceneRunner..ctor(string, bool, bool)
:: [4] GdUnit4.ISceneRunner GdUnit4.ISceneRunner.Load(string, bool, bool)
:: [5] void OmegaSpiral.Tests.UI.Terminal.TerminalBorderDiagnosticsTests+&lt;Test3_BorderColorIsNotBlackOrTransparent&gt;d__3.MoveNext() (/home/adam/Dev/omega-spiral/chapter-zero/tests/ui/terminal/TerminalBorderDiagnosticsTests.cs:79)
:: [6] void System.Runtime.CompilerServices.AsyncMethodBuilderCore.Start&lt;TStateMachine&gt;(TStateMachine&amp;)
:: [7] System.Threading.Tasks.Task OmegaSpiral.Tests.UI.Terminal.TerminalBorderDiagnosticsTests.Test3_BorderColorIsNotBlackOrTransparent()
:: [8] object System.Reflection.MethodBaseInvoker.InterpretedInvoke_Method(object, System.IntPtr*)
:: [9] object System.Reflection.MethodBaseInvoker.InvokeWithNoArgs(object, System.Reflection.BindingFlags)
:: [10] object System.Reflection.RuntimeMethodInfo.Invoke(object, System.Reflection.BindingFlags, System.Reflection.Binder, System.Object[], System.Globalization.CultureInfo)
:: [11] void GdUnit4.Core.Execution.ExecutionStage`1+&lt;ExecuteStage&gt;d__37.MoveNext()
:: [12] void System.Runtime.CompilerServices.AsyncMethodBuilderCore.Start&lt;TStateMachine&gt;(TStateMachine&amp;)
:: [13] System.Threading.Tasks.Task GdUnit4.Core.Execution.ExecutionStage`1.ExecuteStage(GdUnit4.Core.Execution.ExecutionContext)
:: [14] void GdUnit4.Core.Execution.ExecutionStage`1+&lt;Execute&gt;d__30.MoveNext()
:: [15] void System.Runtime.CompilerServices.AsyncMethodBuilderCore.Start&lt;TStateMachine&gt;(TStateMachine&amp;)
:: [16] System.Threading.Tasks.Task GdUnit4.Core.Execution.ExecutionStage`1.Execute(GdUnit4.Core.Execution.ExecutionContext)
:: [17] System.Threading.Tasks.Task GdUnit4.Core.Execution.TestCaseExecutionStage.&lt;&gt;n__0(GdUnit4.Core.Execution.ExecutionContext)
:: [18] void GdUnit4.Core.Execution.TestCaseExecutionStage+&lt;Execute&gt;d__1.MoveNext()
:: [19] void System.Runtime.CompilerServices.AsyncMethodBuilderCore.Start&lt;TStateMachine&gt;(TStateMachine&amp;)
:: [20] System.Threading.Tasks.Task GdUnit4.Core.Execution.TestCaseExecutionStage.Execute(GdUnit4.Core.Execution.ExecutionContext)
:: [21] void GdUnit4.Core.Execution.TestSuiteExecutionStage+&lt;RunTestCase&gt;d__15.MoveNext()
:: [22] void System.Threading.ExecutionContext.RunInternal(System.Threading.ExecutionContext, System.Threading.ContextCallback, object)
:: [23] void System.Runtime.CompilerServices.AsyncTaskMethodBuilder`1+AsyncStateMachineBox`1.MoveNext(System.Threading.Thread)
:: [24] void System.Threading.Tasks.AwaitTaskContinuation.RunCallback(System.Threading.ContextCallback, object, System.Threading.Tasks.Task&amp;)
:: [25] void System.Threading.Tasks.Task.RunContinuations(object)
:: [26] bool System.Threading.Tasks.Task`1.TrySetResult(TResult)
:: [27] void System.Runtime.CompilerServices.AsyncTaskMethodBuilder`1.SetExistingTaskResult(System.Threading.Tasks.Task`1[TResult], TResult)
:: [28] void GdUnit4.Core.Execution.BeforeTestExecutionStage+&lt;Execute&gt;d__1.MoveNext()
:: [29] void System.Threading.ExecutionContext.RunInternal(System.Threading.ExecutionContext, System.Threading.ContextCallback, object)
:: [30] void System.Runtime.CompilerServices.AsyncTaskMethodBuilder`1+AsyncStateMachineBox`1.MoveNext(System.Threading.Thread)
:: [31] void System.Threading.Tasks.AwaitTaskContinuation.RunCallback(System.Threading.ContextCallback, object, System.Threading.Tasks.Task&amp;)
:: [32] void System.Threading.Tasks.Task.RunContinuations(object)
:: [33] bool System.Threading.Tasks.Task`1.TrySetResult(TResult)
:: [34] void System.Runtime.CompilerServices.AsyncTaskMethodBuilder`1.SetExistingTaskResult(System.Threading.Tasks.Task`1[TResult], TResult)
:: [35] void GdUnit4.Core.Execution.ExecutionStage`1+&lt;Execute&gt;d__30.MoveNext()
:: [36] void System.Threading.ExecutionContext.RunInternal(System.Threading.ExecutionContext, System.Threading.ContextCallback, object)
:: [37] void System.Runtime.CompilerServices.AsyncTaskMethodBuilder`1+AsyncStateMachineBox`1.MoveNext(System.Threading.Thread)
:: [38] void Godot.GodotSynchronizationContext.ExecutePendingContinuations() (/root/godot/modules/mono/glue/GodotSharp/GodotSharp/Core/GodotSynchronizationContext.cs:51)
:: [39] void Godot.GodotTaskScheduler.Activate() (/root/godot/modules/mono/glue/GodotSharp/GodotSharp/Core/GodotTaskScheduler.cs:76)
:: [40] void Godot.Bridge.ScriptManagerBridge.FrameCallback() (/root/godot/modules/mono/glue/GodotSharp/GodotSharp/Core/Bridge/ScriptManagerBridge.cs:84)
:: WARNING: Parent path 'MenuContent/MenuButtonsMargin/MenuButtonsContainer/MenuButtonsBoxContainer' for node 'Stage1Button' has vanished when instantiating: 'res://source/ui/menus/main_menu.tscn'.
:: at: instantiate (scene/resources/packed_scene.cpp:205)
:: C# backtrace (most recent call first):
:: [0] Godot.GodotObject Godot.NativeCalls.godot_icall_1_79(nint, nint, int) (/root/godot/modules/mono/glue/GodotSharp/GodotSharp/Generated/NativeCalls.cs:703)
:: [1] Godot.Node Godot.PackedScene.Instantiate(Godot.PackedScene+GenEditState) (/root/godot/modules/mono/glue/GodotSharp/GodotSharp/Generated/GodotObjects/PackedScene.cs:130)
:: [2] Godot.Node GdUnit4.Core.SceneRunner.LoadScene(string)
:: [3] GdUnit4.Core.SceneRunner..ctor(string, bool, bool)
:: [4] GdUnit4.ISceneRunner GdUnit4.ISceneRunner.Load(string, bool, bool)
:: [5] void OmegaSpiral.Tests.UI.Terminal.TerminalBorderDiagnosticsTests+&lt;Test3_BorderColorIsNotBlackOrTransparent&gt;d__3.MoveNext() (/home/adam/Dev/omega-spiral/chapter-zero/tests/ui/terminal/TerminalBorderDiagnosticsTests.cs:79)
:: [6] void System.Runtime.CompilerServices.AsyncMethodBuilderCore.Start&lt;TStateMachine&gt;(TStateMachine&amp;)
:: [7] System.Threading.Tasks.Task OmegaSpiral.Tests.UI.Terminal.TerminalBorderDiagnosticsTests.Test3_BorderColorIsNotBlackOrTransparent()
:: [8] object System.Reflection.MethodBaseInvoker.InterpretedInvoke_Method(object, System.IntPtr*)
:: [9] object System.Reflection.MethodBaseInvoker.InvokeWithNoArgs(object, System.Reflection.BindingFlags)
:: [10] object System.Reflection.RuntimeMethodInfo.Invoke(object, System.Reflection.BindingFlags, System.Reflection.Binder, System.Object[], System.Globalization.CultureInfo)
:: [11] void GdUnit4.Core.Execution.ExecutionStage`1+&lt;ExecuteStage&gt;d__37.MoveNext()
:: [12] void System.Runtime.CompilerServices.AsyncMethodBuilderCore.Start&lt;TStateMachine&gt;(TStateMachine&amp;)
:: [13] System.Threading.Tasks.Task GdUnit4.Core.Execution.ExecutionStage`1.ExecuteStage(GdUnit4.Core.Execution.ExecutionContext)
:: [14] void GdUnit4.Core.Execution.ExecutionStage`1+&lt;Execute&gt;d__30.MoveNext()
:: [15] void System.Runtime.CompilerServices.AsyncMethodBuilderCore.Start&lt;TStateMachine&gt;(TStateMachine&amp;)
:: [16] System.Threading.Tasks.Task GdUnit4.Core.Execution.ExecutionStage`1.Execute(GdUnit4.Core.Execution.ExecutionContext)
:: [17] System.Threading.Tasks.Task GdUnit4.Core.Execution.TestCaseExecutionStage.&lt;&gt;n__0(GdUnit4.Core.Execution.ExecutionContext)
:: [18] void GdUnit4.Core.Execution.TestCaseExecutionStage+&lt;Execute&gt;d__1.MoveNext()
:: [19] void System.Runtime.CompilerServices.AsyncMethodBuilderCore.Start&lt;TStateMachine&gt;(TStateMachine&amp;)
:: [20] System.Threading.Tasks.Task GdUnit4.Core.Execution.TestCaseExecutionStage.Execute(GdUnit4.Core.Execution.ExecutionContext)
:: [21] void GdUnit4.Core.Execution.TestSuiteExecutionStage+&lt;RunTestCase&gt;d__15.MoveNext()
:: [22] void System.Threading.ExecutionContext.RunInternal(System.Threading.ExecutionContext, System.Threading.ContextCallback, object)
:: [23] void System.Runtime.CompilerServices.AsyncTaskMethodBuilder`1+AsyncStateMachineBox`1.MoveNext(System.Threading.Thread)
:: [24] void System.Threading.Tasks.AwaitTaskContinuation.RunCallback(System.Threading.ContextCallback, object, System.Threading.Tasks.Task&amp;)
:: [25] void System.Threading.Tasks.Task.RunContinuations(object)
:: [26] bool System.Threading.Tasks.Task`1.TrySetResult(TResult)
:: [27] void System.Runtime.CompilerServices.AsyncTaskMethodBuilder`1.SetExistingTaskResult(System.Threading.Tasks.Task`1[TResult], TResult)
:: [28] void GdUnit4.Core.Execution.BeforeTestExecutionStage+&lt;Execute&gt;d__1.MoveNext()
:: [29] void System.Threading.ExecutionContext.RunInternal(System.Threading.ExecutionContext, System.Threading.ContextCallback, object)
:: [30] void System.Runtime.CompilerServices.AsyncTaskMethodBuilder`1+AsyncStateMachineBox`1.MoveNext(System.Threading.Thread)
:: [31] void System.Threading.Tasks.AwaitTaskContinuation.RunCallback(System.Threading.ContextCallback, object, System.Threading.Tasks.Task&amp;)
:: [32] void System.Threading.Tasks.Task.RunContinuations(object)
:: [33] bool System.Threading.Tasks.Task`1.TrySetResult(TResult)
:: [34] void System.Runtime.CompilerServices.AsyncTaskMethodBuilder`1.SetExistingTaskResult(System.Threading.Tasks.Task`1[TResult], TResult)
:: [35] void GdUnit4.Core.Execution.ExecutionStage`1+&lt;Execute&gt;d__30.MoveNext()
:: [36] void System.Threading.ExecutionContext.RunInternal(System.Threading.ExecutionContext, System.Threading.ContextCallback, object)
:: [37] void System.Runtime.CompilerServices.AsyncTaskMethodBuilder`1+AsyncStateMachineBox`1.MoveNext(System.Threading.Thread)
:: [38] void Godot.GodotSynchronizationContext.ExecutePendingContinuations() (/root/godot/modules/mono/glue/GodotSharp/GodotSharp/Core/GodotSynchronizationContext.cs:51)
:: [39] void Godot.GodotTaskScheduler.Activate() (/root/godot/modules/mono/glue/GodotSharp/GodotSharp/Core/GodotTaskScheduler.cs:76)
:: [40] void Godot.Bridge.ScriptManagerBridge.FrameCallback() (/root/godot/modules/mono/glue/GodotSharp/GodotSharp/Core/Bridge/ScriptManagerBridge.cs:84)
:: WARNING: Parent path 'MenuContent/MenuButtonsMargin/MenuButtonsContainer/MenuButtonsBoxContainer' for node 'Stage2Button' has vanished when instantiating: 'res://source/ui/menus/main_menu.tscn'.
:: at: instantiate (scene/resources/packed_scene.cpp:205)
:: C# backtrace (most recent call first):
:: [0] Godot.GodotObject Godot.NativeCalls.godot_icall_1_79(nint, nint, int) (/root/godot/modules/mono/glue/GodotSharp/GodotSharp/Generated/NativeCalls.cs:703)
:: [1] Godot.Node Godot.PackedScene.Instantiate(Godot.PackedScene+GenEditState) (/root/godot/modules/mono/glue/GodotSharp/GodotSharp/Generated/GodotObjects/PackedScene.cs:130)
:: [2] Godot.Node GdUnit4.Core.SceneRunner.LoadScene(string)
:: [3] GdUnit4.Core.SceneRunner..ctor(string, bool, bool)
:: [4] GdUnit4.ISceneRunner GdUnit4.ISceneRunner.Load(string, bool, bool)
:: [5] void OmegaSpiral.Tests.UI.Terminal.TerminalBorderDiagnosticsTests+&lt;Test3_BorderColorIsNotBlackOrTransparent&gt;d__3.MoveNext() (/home/adam/Dev/omega-spiral/chapter-zero/tests/ui/terminal/TerminalBorderDiagnosticsTests.cs:79)
:: [6] void System.Runtime.CompilerServices.AsyncMethodBuilderCore.Start&lt;TStateMachine&gt;(TStateMachine&amp;)
:: [7] System.Threading.Tasks.Task OmegaSpiral.Tests.UI.Terminal.TerminalBorderDiagnosticsTests.Test3_BorderColorIsNotBlackOrTransparent()
:: [8] object System.Reflection.MethodBaseInvoker.InterpretedInvoke_Method(object, System.IntPtr*)
:: [9] object System.Reflection.MethodBaseInvoker.InvokeWithNoArgs(object, System.Reflection.BindingFlags)
:: [10] object System.Reflection.RuntimeMethodInfo.Invoke(object, System.Reflection.BindingFlags, System.Reflection.Binder, System.Object[], System.Globalization.CultureInfo)
:: [11] void GdUnit4.Core.Execution.ExecutionStage`1+&lt;ExecuteStage&gt;d__37.MoveNext()
:: [12] void System.Runtime.CompilerServices.AsyncMethodBuilderCore.Start&lt;TStateMachine&gt;(TStateMachine&amp;)
:: [13] System.Threading.Tasks.Task GdUnit4.Core.Execution.ExecutionStage`1.ExecuteStage(GdUnit4.Core.Execution.ExecutionContext)
:: [14] void GdUnit4.Core.Execution.ExecutionStage`1+&lt;Execute&gt;d__30.MoveNext()
:: [15] void System.Runtime.CompilerServices.AsyncMethodBuilderCore.Start&lt;TStateMachine&gt;(TStateMachine&amp;)
:: [16] System.Threading.Tasks.Task GdUnit4.Core.Execution.ExecutionStage`1.Execute(GdUnit4.Core.Execution.ExecutionContext)
:: [17] System.Threading.Tasks.Task GdUnit4.Core.Execution.TestCaseExecutionStage.&lt;&gt;n__0(GdUnit4.Core.Execution.ExecutionContext)
:: [18] void GdUnit4.Core.Execution.TestCaseExecutionStage+&lt;Execute&gt;d__1.MoveNext()
:: [19] void System.Runtime.CompilerServices.AsyncMethodBuilderCore.Start&lt;TStateMachine&gt;(TStateMachine&amp;)
:: [20] System.Threading.Tasks.Task GdUnit4.Core.Execution.TestCaseExecutionStage.Execute(GdUnit4.Core.Execution.ExecutionContext)
:: [21] void GdUnit4.Core.Execution.TestSuiteExecutionStage+&lt;RunTestCase&gt;d__15.MoveNext()
:: [22] void System.Threading.ExecutionContext.RunInternal(System.Threading.ExecutionContext, System.Threading.ContextCallback, object)
:: [23] void System.Runtime.CompilerServices.AsyncTaskMethodBuilder`1+AsyncStateMachineBox`1.MoveNext(System.Threading.Thread)
:: [24] void System.Threading.Tasks.AwaitTaskContinuation.RunCallback(System.Threading.ContextCallback, object, System.Threading.Tasks.Task&amp;)
:: [25] void System.Threading.Tasks.Task.RunContinuations(object)
:: [26] bool System.Threading.Tasks.Task`1.TrySetResult(TResult)
:: [27] void System.Runtime.CompilerServices.AsyncTaskMethodBuilder`1.SetExistingTaskResult(System.Threading.Tasks.Task`1[TResult], TResult)
:: [28] void GdUnit4.Core.Execution.BeforeTestExecutionStage+&lt;Execute&gt;d__1.MoveNext()
:: [29] void System.Threading.ExecutionContext.RunInternal(System.Threading.ExecutionContext, System.Threading.ContextCallback, object)
:: [30] void System.Runtime.CompilerServices.AsyncTaskMethodBuilder`1+AsyncStateMachineBox`1.MoveNext(System.Threading.Thread)
:: [31] void System.Threading.Tasks.AwaitTaskContinuation.RunCallback(System.Threading.ContextCallback, object, System.Threading.Tasks.Task&amp;)
:: [32] void System.Threading.Tasks.Task.RunContinuations(object)
:: [33] bool System.Threading.Tasks.Task`1.TrySetResult(TResult)
:: [34] void System.Runtime.CompilerServices.AsyncTaskMethodBuilder`1.SetExistingTaskResult(System.Threading.Tasks.Task`1[TResult], TResult)
:: [35] void GdUnit4.Core.Execution.ExecutionStage`1+&lt;Execute&gt;d__30.MoveNext()
:: [36] void System.Threading.ExecutionContext.RunInternal(System.Threading.ExecutionContext, System.Threading.ContextCallback, object)
:: [37] void System.Runtime.CompilerServices.AsyncTaskMethodBuilder`1+AsyncStateMachineBox`1.MoveNext(System.Threading.Thread)
:: [38] void Godot.GodotSynchronizationContext.ExecutePendingContinuations() (/root/godot/modules/mono/glue/GodotSharp/GodotSharp/Core/GodotSynchronizationContext.cs:51)
:: [39] void Godot.GodotTaskScheduler.Activate() (/root/godot/modules/mono/glue/GodotSharp/GodotSharp/Core/GodotTaskScheduler.cs:76)
:: [40] void Godot.Bridge.ScriptManagerBridge.FrameCallback() (/root/godot/modules/mono/glue/GodotSharp/GodotSharp/Core/Bridge/ScriptManagerBridge.cs:84)
:: WARNING: Parent path 'MenuContent/MenuButtonsMargin/MenuButtonsContainer/MenuButtonsBoxContainer' for node 'Stage3Button' has vanished when instantiating: 'res://source/ui/menus/main_menu.tscn'.
:: at: instantiate (scene/resources/packed_scene.cpp:205)
:: C# backtrace (most recent call first):
:: [0] Godot.GodotObject Godot.NativeCalls.godot_icall_1_79(nint, nint, int) (/root/godot/modules/mono/glue/GodotSharp/GodotSharp/Generated/NativeCalls.cs:703)
:: [1] Godot.Node Godot.PackedScene.Instantiate(Godot.PackedScene+GenEditState) (/root/godot/modules/mono/glue/GodotSharp/GodotSharp/Generated/GodotObjects/PackedScene.cs:130)
:: [2] Godot.Node GdUnit4.Core.SceneRunner.LoadScene(string)
:: [3] GdUnit4.Core.SceneRunner..ctor(string, bool, bool)
:: [4] GdUnit4.ISceneRunner GdUnit4.ISceneRunner.Load(string, bool, bool)
:: [5] void OmegaSpiral.Tests.UI.Terminal.TerminalBorderDiagnosticsTests+&lt;Test3_BorderColorIsNotBlackOrTransparent&gt;d__3.MoveNext() (/home/adam/Dev/omega-spiral/chapter-zero/tests/ui/terminal/TerminalBorderDiagnosticsTests.cs:79)
:: [6] void System.Runtime.CompilerServices.AsyncMethodBuilderCore.Start&lt;TStateMachine&gt;(TStateMachine&amp;)
:: [7] System.Threading.Tasks.Task OmegaSpiral.Tests.UI.Terminal.TerminalBorderDiagnosticsTests.Test3_BorderColorIsNotBlackOrTransparent()
:: [8] object System.Reflection.MethodBaseInvoker.InterpretedInvoke_Method(object, System.IntPtr*)
:: [9] object System.Reflection.MethodBaseInvoker.InvokeWithNoArgs(object, System.Reflection.BindingFlags)
:: [10] object System.Reflection.RuntimeMethodInfo.Invoke(object, System.Reflection.BindingFlags, System.Reflection.Binder, System.Object[], System.Globalization.CultureInfo)
:: [11] void GdUnit4.Core.Execution.ExecutionStage`1+&lt;ExecuteStage&gt;d__37.MoveNext()
:: [12] void System.Runtime.CompilerServices.AsyncMethodBuilderCore.Start&lt;TStateMachine&gt;(TStateMachine&amp;)
:: [13] System.Threading.Tasks.Task GdUnit4.Core.Execution.ExecutionStage`1.ExecuteStage(GdUnit4.Core.Execution.ExecutionContext)
:: [14] void GdUnit4.Core.Execution.ExecutionStage`1+&lt;Execute&gt;d__30.MoveNext()
:: [15] void System.Runtime.CompilerServices.AsyncMethodBuilderCore.Start&lt;TStateMachine&gt;(TStateMachine&amp;)
:: [16] System.Threading.Tasks.Task GdUnit4.Core.Execution.ExecutionStage`1.Execute(GdUnit4.Core.Execution.ExecutionContext)
:: [17] System.Threading.Tasks.Task GdUnit4.Core.Execution.TestCaseExecutionStage.&lt;&gt;n__0(GdUnit4.Core.Execution.ExecutionContext)
:: [18] void GdUnit4.Core.Execution.TestCaseExecutionStage+&lt;Execute&gt;d__1.MoveNext()
:: [19] void System.Runtime.CompilerServices.AsyncMethodBuilderCore.Start&lt;TStateMachine&gt;(TStateMachine&amp;)
:: [20] System.Threading.Tasks.Task GdUnit4.Core.Execution.TestCaseExecutionStage.Execute(GdUnit4.Core.Execution.ExecutionContext)
:: [21] void GdUnit4.Core.Execution.TestSuiteExecutionStage+&lt;RunTestCase&gt;d__15.MoveNext()
:: [22] void System.Threading.ExecutionContext.RunInternal(System.Threading.ExecutionContext, System.Threading.ContextCallback, object)
:: [23] void System.Runtime.CompilerServices.AsyncTaskMethodBuilder`1+AsyncStateMachineBox`1.MoveNext(System.Threading.Thread)
:: [24] void System.Threading.Tasks.AwaitTaskContinuation.RunCallback(System.Threading.ContextCallback, object, System.Threading.Tasks.Task&amp;)
:: [25] void System.Threading.Tasks.Task.RunContinuations(object)
:: [26] bool System.Threading.Tasks.Task`1.TrySetResult(TResult)
:: [27] void System.Runtime.CompilerServices.AsyncTaskMethodBuilder`1.SetExistingTaskResult(System.Threading.Tasks.Task`1[TResult], TResult)
:: [28] void GdUnit4.Core.Execution.BeforeTestExecutionStage+&lt;Execute&gt;d__1.MoveNext()
:: [29] void System.Threading.ExecutionContext.RunInternal(System.Threading.ExecutionContext, System.Threading.ContextCallback, object)
:: [30] void System.Runtime.CompilerServices.AsyncTaskMethodBuilder`1+AsyncStateMachineBox`1.MoveNext(System.Threading.Thread)
:: [31] void System.Threading.Tasks.AwaitTaskContinuation.RunCallback(System.Threading.ContextCallback, object, System.Threading.Tasks.Task&amp;)
:: [32] void System.Threading.Tasks.Task.RunContinuations(object)
:: [33] bool System.Threading.Tasks.Task`1.TrySetResult(TResult)
:: [34] void System.Runtime.CompilerServices.AsyncTaskMethodBuilder`1.SetExistingTaskResult(System.Threading.Tasks.Task`1[TResult], TResult)
:: [35] void GdUnit4.Core.Execution.ExecutionStage`1+&lt;Execute&gt;d__30.MoveNext()
:: [36] void System.Threading.ExecutionContext.RunInternal(System.Threading.ExecutionContext, System.Threading.ContextCallback, object)
:: [37] void System.Runtime.CompilerServices.AsyncTaskMethodBuilder`1+AsyncStateMachineBox`1.MoveNext(System.Threading.Thread)
:: [38] void Godot.GodotSynchronizationContext.ExecutePendingContinuations() (/root/godot/modules/mono/glue/GodotSharp/GodotSharp/Core/GodotSynchronizationContext.cs:51)
:: [39] void Godot.GodotTaskScheduler.Activate() (/root/godot/modules/mono/glue/GodotSharp/GodotSharp/Core/GodotTaskScheduler.cs:76)
:: [40] void Godot.Bridge.ScriptManagerBridge.FrameCallback() (/root/godot/modules/mono/glue/GodotSharp/GodotSharp/Core/Bridge/ScriptManagerBridge.cs:84)
:: WARNING: Parent path 'MenuContent/MenuButtonsMargin/MenuButtonsContainer/MenuButtonsBoxContainer' for node 'Stage4Button' has vanished when instantiating: 'res://source/ui/menus/main_menu.tscn'.
:: at: instantiate (scene/resources/packed_scene.cpp:205)
:: C# backtrace (most recent call first):
:: [0] Godot.GodotObject Godot.NativeCalls.godot_icall_1_79(nint, nint, int) (/root/godot/modules/mono/glue/GodotSharp/GodotSharp/Generated/NativeCalls.cs:703)
:: [1] Godot.Node Godot.PackedScene.Instantiate(Godot.PackedScene+GenEditState) (/root/godot/modules/mono/glue/GodotSharp/GodotSharp/Generated/GodotObjects/PackedScene.cs:130)
:: [2] Godot.Node GdUnit4.Core.SceneRunner.LoadScene(string)
:: [3] GdUnit4.Core.SceneRunner..ctor(string, bool, bool)
:: [4] GdUnit4.ISceneRunner GdUnit4.ISceneRunner.Load(string, bool, bool)
:: [5] void OmegaSpiral.Tests.UI.Terminal.TerminalBorderDiagnosticsTests+&lt;Test3_BorderColorIsNotBlackOrTransparent&gt;d__3.MoveNext() (/home/adam/Dev/omega-spiral/chapter-zero/tests/ui/terminal/TerminalBorderDiagnosticsTests.cs:79)
:: [6] void System.Runtime.CompilerServices.AsyncMethodBuilderCore.Start&lt;TStateMachine&gt;(TStateMachine&amp;)
:: [7] System.Threading.Tasks.Task OmegaSpiral.Tests.UI.Terminal.TerminalBorderDiagnosticsTests.Test3_BorderColorIsNotBlackOrTransparent()
:: [8] object System.Reflection.MethodBaseInvoker.InterpretedInvoke_Method(object, System.IntPtr*)
:: [9] object System.Reflection.MethodBaseInvoker.InvokeWithNoArgs(object, System.Reflection.BindingFlags)
:: [10] object System.Reflection.RuntimeMethodInfo.Invoke(object, System.Reflection.BindingFlags, System.Reflection.Binder, System.Object[], System.Globalization.CultureInfo)
:: [11] void GdUnit4.Core.Execution.ExecutionStage`1+&lt;ExecuteStage&gt;d__37.MoveNext()
:: [12] void System.Runtime.CompilerServices.AsyncMethodBuilderCore.Start&lt;TStateMachine&gt;(TStateMachine&amp;)
:: [13] System.Threading.Tasks.Task GdUnit4.Core.Execution.ExecutionStage`1.ExecuteStage(GdUnit4.Core.Execution.ExecutionContext)
:: [14] void GdUnit4.Core.Execution.ExecutionStage`1+&lt;Execute&gt;d__30.MoveNext()
:: [15] void System.Runtime.CompilerServices.AsyncMethodBuilderCore.Start&lt;TStateMachine&gt;(TStateMachine&amp;)
:: [16] System.Threading.Tasks.Task GdUnit4.Core.Execution.ExecutionStage`1.Execute(GdUnit4.Core.Execution.ExecutionContext)
:: [17] System.Threading.Tasks.Task GdUnit4.Core.Execution.TestCaseExecutionStage.&lt;&gt;n__0(GdUnit4.Core.Execution.ExecutionContext)
:: [18] void GdUnit4.Core.Execution.TestCaseExecutionStage+&lt;Execute&gt;d__1.MoveNext()
:: [19] void System.Runtime.CompilerServices.AsyncMethodBuilderCore.Start&lt;TStateMachine&gt;(TStateMachine&amp;)
:: [20] System.Threading.Tasks.Task GdUnit4.Core.Execution.TestCaseExecutionStage.Execute(GdUnit4.Core.Execution.ExecutionContext)
:: [21] void GdUnit4.Core.Execution.TestSuiteExecutionStage+&lt;RunTestCase&gt;d__15.MoveNext()
:: [22] void System.Threading.ExecutionContext.RunInternal(System.Threading.ExecutionContext, System.Threading.ContextCallback, object)
:: [23] void System.Runtime.CompilerServices.AsyncTaskMethodBuilder`1+AsyncStateMachineBox`1.MoveNext(System.Threading.Thread)
:: [24] void System.Threading.Tasks.AwaitTaskContinuation.RunCallback(System.Threading.ContextCallback, object, System.Threading.Tasks.Task&amp;)
:: [25] void System.Threading.Tasks.Task.RunContinuations(object)
:: [26] bool System.Threading.Tasks.Task`1.TrySetResult(TResult)
:: [27] void System.Runtime.CompilerServices.AsyncTaskMethodBuilder`1.SetExistingTaskResult(System.Threading.Tasks.Task`1[TResult], TResult)
:: [28] void GdUnit4.Core.Execution.BeforeTestExecutionStage+&lt;Execute&gt;d__1.MoveNext()
:: [29] void System.Threading.ExecutionContext.RunInternal(System.Threading.ExecutionContext, System.Threading.ContextCallback, object)
:: [30] void System.Runtime.CompilerServices.AsyncTaskMethodBuilder`1+AsyncStateMachineBox`1.MoveNext(System.Threading.Thread)
:: [31] void System.Threading.Tasks.AwaitTaskContinuation.RunCallback(System.Threading.ContextCallback, object, System.Threading.Tasks.Task&amp;)
:: [32] void System.Threading.Tasks.Task.RunContinuations(object)
:: [33] bool System.Threading.Tasks.Task`1.TrySetResult(TResult)
:: [34] void System.Runtime.CompilerServices.AsyncTaskMethodBuilder`1.SetExistingTaskResult(System.Threading.Tasks.Task`1[TResult], TResult)
:: [35] void GdUnit4.Core.Execution.ExecutionStage`1+&lt;Execute&gt;d__30.MoveNext()
:: [36] void System.Threading.ExecutionContext.RunInternal(System.Threading.ExecutionContext, System.Threading.ContextCallback, object)
:: [37] void System.Runtime.CompilerServices.AsyncTaskMethodBuilder`1+AsyncStateMachineBox`1.MoveNext(System.Threading.Thread)
:: [38] void Godot.GodotSynchronizationContext.ExecutePendingContinuations() (/root/godot/modules/mono/glue/GodotSharp/GodotSharp/Core/GodotSynchronizationContext.cs:51)
:: [39] void Godot.GodotTaskScheduler.Activate() (/root/godot/modules/mono/glue/GodotSharp/GodotSharp/Core/GodotTaskScheduler.cs:76)
:: [40] void Godot.Bridge.ScriptManagerBridge.FrameCallback() (/root/godot/modules/mono/glue/GodotSharp/GodotSharp/Core/Bridge/ScriptManagerBridge.cs:84)
:: WARNING: Parent path 'MenuContent/MenuButtonsMargin/MenuButtonsContainer/MenuButtonsBoxContainer' for node 'Stage5Button' has vanished when instantiating: 'res://source/ui/menus/main_menu.tscn'.
:: at: instantiate (scene/resources/packed_scene.cpp:205)
:: C# backtrace (most recent call first):
:: [0] Godot.GodotObject Godot.NativeCalls.godot_icall_1_79(nint, nint, int) (/root/godot/modules/mono/glue/GodotSharp/GodotSharp/Generated/NativeCalls.cs:703)
:: [1] Godot.Node Godot.PackedScene.Instantiate(Godot.PackedScene+GenEditState) (/root/godot/modules/mono/glue/GodotSharp/GodotSharp/Generated/GodotObjects/PackedScene.cs:130)
:: [2] Godot.Node GdUnit4.Core.SceneRunner.LoadScene(string)
:: [3] GdUnit4.Core.SceneRunner..ctor(string, bool, bool)
:: [4] GdUnit4.ISceneRunner GdUnit4.ISceneRunner.Load(string, bool, bool)
:: [5] void OmegaSpiral.Tests.UI.Terminal.TerminalBorderDiagnosticsTests+&lt;Test3_BorderColorIsNotBlackOrTransparent&gt;d__3.MoveNext() (/home/adam/Dev/omega-spiral/chapter-zero/tests/ui/terminal/TerminalBorderDiagnosticsTests.cs:79)
:: [6] void System.Runtime.CompilerServices.AsyncMethodBuilderCore.Start&lt;TStateMachine&gt;(TStateMachine&amp;)
:: [7] System.Threading.Tasks.Task OmegaSpiral.Tests.UI.Terminal.TerminalBorderDiagnosticsTests.Test3_BorderColorIsNotBlackOrTransparent()
:: [8] object System.Reflection.MethodBaseInvoker.InterpretedInvoke_Method(object, System.IntPtr*)
:: [9] object System.Reflection.MethodBaseInvoker.InvokeWithNoArgs(object, System.Reflection.BindingFlags)
:: [10] object System.Reflection.RuntimeMethodInfo.Invoke(object, System.Reflection.BindingFlags, System.Reflection.Binder, System.Object[], System.Globalization.CultureInfo)
:: [11] void GdUnit4.Core.Execution.ExecutionStage`1+&lt;ExecuteStage&gt;d__37.MoveNext()
:: [12] void System.Runtime.CompilerServices.AsyncMethodBuilderCore.Start&lt;TStateMachine&gt;(TStateMachine&amp;)
:: [13] System.Threading.Tasks.Task GdUnit4.Core.Execution.ExecutionStage`1.ExecuteStage(GdUnit4.Core.Execution.ExecutionContext)
:: [14] void GdUnit4.Core.Execution.ExecutionStage`1+&lt;Execute&gt;d__30.MoveNext()
:: [15] void System.Runtime.CompilerServices.AsyncMethodBuilderCore.Start&lt;TStateMachine&gt;(TStateMachine&amp;)
:: [16] System.Threading.Tasks.Task GdUnit4.Core.Execution.ExecutionStage`1.Execute(GdUnit4.Core.Execution.ExecutionContext)
:: [17] System.Threading.Tasks.Task GdUnit4.Core.Execution.TestCaseExecutionStage.&lt;&gt;n__0(GdUnit4.Core.Execution.ExecutionContext)
:: [18] void GdUnit4.Core.Execution.TestCaseExecutionStage+&lt;Execute&gt;d__1.MoveNext()
:: [19] void System.Runtime.CompilerServices.AsyncMethodBuilderCore.Start&lt;TStateMachine&gt;(TStateMachine&amp;)
:: [20] System.Threading.Tasks.Task GdUnit4.Core.Execution.TestCaseExecutionStage.Execute(GdUnit4.Core.Execution.ExecutionContext)
:: [21] void GdUnit4.Core.Execution.TestSuiteExecutionStage+&lt;RunTestCase&gt;d__15.MoveNext()
:: [22] void System.Threading.ExecutionContext.RunInternal(System.Threading.ExecutionContext, System.Threading.ContextCallback, object)
:: [23] void System.Runtime.CompilerServices.AsyncTaskMethodBuilder`1+AsyncStateMachineBox`1.MoveNext(System.Threading.Thread)
:: [24] void System.Threading.Tasks.AwaitTaskContinuation.RunCallback(System.Threading.ContextCallback, object, System.Threading.Tasks.Task&amp;)
:: [25] void System.Threading.Tasks.Task.RunContinuations(object)
:: [26] bool System.Threading.Tasks.Task`1.TrySetResult(TResult)
:: [27] void System.Runtime.CompilerServices.AsyncTaskMethodBuilder`1.SetExistingTaskResult(System.Threading.Tasks.Task`1[TResult], TResult)
:: [28] void GdUnit4.Core.Execution.BeforeTestExecutionStage+&lt;Execute&gt;d__1.MoveNext()
:: [29] void System.Threading.ExecutionContext.RunInternal(System.Threading.ExecutionContext, System.Threading.ContextCallback, object)
:: [30] void System.Runtime.CompilerServices.AsyncTaskMethodBuilder`1+AsyncStateMachineBox`1.MoveNext(System.Threading.Thread)
:: [31] void System.Threading.Tasks.AwaitTaskContinuation.RunCallback(System.Threading.ContextCallback, object, System.Threading.Tasks.Task&amp;)
:: [32] void System.Threading.Tasks.Task.RunContinuations(object)
:: [33] bool System.Threading.Tasks.Task`1.TrySetResult(TResult)
:: [34] void System.Runtime.CompilerServices.AsyncTaskMethodBuilder`1.SetExistingTaskResult(System.Threading.Tasks.Task`1[TResult], TResult)
:: [35] void GdUnit4.Core.Execution.ExecutionStage`1+&lt;Execute&gt;d__30.MoveNext()
:: [36] void System.Threading.ExecutionContext.RunInternal(System.Threading.ExecutionContext, System.Threading.ContextCallback, object)
:: [37] void System.Runtime.CompilerServices.AsyncTaskMethodBuilder`1+AsyncStateMachineBox`1.MoveNext(System.Threading.Thread)
:: [38] void Godot.GodotSynchronizationContext.ExecutePendingContinuations() (/root/godot/modules/mono/glue/GodotSharp/GodotSharp/Core/GodotSynchronizationContext.cs:51)
:: [39] void Godot.GodotTaskScheduler.Activate() (/root/godot/modules/mono/glue/GodotSharp/GodotSharp/Core/GodotTaskScheduler.cs:76)
:: [40] void Godot.Bridge.ScriptManagerBridge.FrameCallback() (/root/godot/modules/mono/glue/GodotSharp/GodotSharp/Core/Bridge/ScriptManagerBridge.cs:84)
:: WARNING: Parent path 'MenuContent/MenuButtonsMargin/MenuButtonsContainer/MenuButtonsBoxContainer' for node 'OptionsButton' has vanished when instantiating: 'res://source/ui/menus/main_menu.tscn'.
:: at: instantiate (scene/resources/packed_scene.cpp:205)
:: C# backtrace (most recent call first):
:: [0] Godot.GodotObject Godot.NativeCalls.godot_icall_1_79(nint, nint, int) (/root/godot/modules/mono/glue/GodotSharp/GodotSharp/Generated/NativeCalls.cs:703)
:: [1] Godot.Node Godot.PackedScene.Instantiate(Godot.PackedScene+GenEditState) (/root/godot/modules/mono/glue/GodotSharp/GodotSharp/Generated/GodotObjects/PackedScene.cs:130)
:: [2] Godot.Node GdUnit4.Core.SceneRunner.LoadScene(string)
:: [3] GdUnit4.Core.SceneRunner..ctor(string, bool, bool)
:: [4] GdUnit4.ISceneRunner GdUnit4.ISceneRunner.Load(string, bool, bool)
:: [5] void OmegaSpiral.Tests.UI.Terminal.TerminalBorderDiagnosticsTests+&lt;Test3_BorderColorIsNotBlackOrTransparent&gt;d__3.MoveNext() (/home/adam/Dev/omega-spiral/chapter-zero/tests/ui/terminal/TerminalBorderDiagnosticsTests.cs:79)
:: [6] void System.Runtime.CompilerServices.AsyncMethodBuilderCore.Start&lt;TStateMachine&gt;(TStateMachine&amp;)
:: [7] System.Threading.Tasks.Task OmegaSpiral.Tests.UI.Terminal.TerminalBorderDiagnosticsTests.Test3_BorderColorIsNotBlackOrTransparent()
:: [8] object System.Reflection.MethodBaseInvoker.InterpretedInvoke_Method(object, System.IntPtr*)
:: [9] object System.Reflection.MethodBaseInvoker.InvokeWithNoArgs(object, System.Reflection.BindingFlags)
:: [10] object System.Reflection.RuntimeMethodInfo.Invoke(object, System.Reflection.BindingFlags, System.Reflection.Binder, System.Object[], System.Globalization.CultureInfo)
:: [11] void GdUnit4.Core.Execution.ExecutionStage`1+&lt;ExecuteStage&gt;d__37.MoveNext()
:: [12] void System.Runtime.CompilerServices.AsyncMethodBuilderCore.Start&lt;TStateMachine&gt;(TStateMachine&amp;)
:: [13] System.Threading.Tasks.Task GdUnit4.Core.Execution.ExecutionStage`1.ExecuteStage(GdUnit4.Core.Execution.ExecutionContext)
:: [14] void GdUnit4.Core.Execution.ExecutionStage`1+&lt;Execute&gt;d__30.MoveNext()
:: [15] void System.Runtime.CompilerServices.AsyncMethodBuilderCore.Start&lt;TStateMachine&gt;(TStateMachine&amp;)
:: [16] System.Threading.Tasks.Task GdUnit4.Core.Execution.ExecutionStage`1.Execute(GdUnit4.Core.Execution.ExecutionContext)
:: [17] System.Threading.Tasks.Task GdUnit4.Core.Execution.TestCaseExecutionStage.&lt;&gt;n__0(GdUnit4.Core.Execution.ExecutionContext)
:: [18] void GdUnit4.Core.Execution.TestCaseExecutionStage+&lt;Execute&gt;d__1.MoveNext()
:: [19] void System.Runtime.CompilerServices.AsyncMethodBuilderCore.Start&lt;TStateMachine&gt;(TStateMachine&amp;)
:: [20] System.Threading.Tasks.Task GdUnit4.Core.Execution.TestCaseExecutionStage.Execute(GdUnit4.Core.Execution.ExecutionContext)
:: [21] void GdUnit4.Core.Execution.TestSuiteExecutionStage+&lt;RunTestCase&gt;d__15.MoveNext()
:: [22] void System.Threading.ExecutionContext.RunInternal(System.Threading.ExecutionContext, System.Threading.ContextCallback, object)
:: [23] void System.Runtime.CompilerServices.AsyncTaskMethodBuilder`1+AsyncStateMachineBox`1.MoveNext(System.Threading.Thread)
:: [24] void System.Threading.Tasks.AwaitTaskContinuation.RunCallback(System.Threading.ContextCallback, object, System.Threading.Tasks.Task&amp;)
:: [25] void System.Threading.Tasks.Task.RunContinuations(object)
:: [26] bool System.Threading.Tasks.Task`1.TrySetResult(TResult)
:: [27] void System.Runtime.CompilerServices.AsyncTaskMethodBuilder`1.SetExistingTaskResult(System.Threading.Tasks.Task`1[TResult], TResult)
:: [28] void GdUnit4.Core.Execution.BeforeTestExecutionStage+&lt;Execute&gt;d__1.MoveNext()
:: [29] void System.Threading.ExecutionContext.RunInternal(System.Threading.ExecutionContext, System.Threading.ContextCallback, object)
:: [30] void System.Runtime.CompilerServices.AsyncTaskMethodBuilder`1+AsyncStateMachineBox`1.MoveNext(System.Threading.Thread)
:: [31] void System.Threading.Tasks.AwaitTaskContinuation.RunCallback(System.Threading.ContextCallback, object, System.Threading.Tasks.Task&amp;)
:: [32] void System.Threading.Tasks.Task.RunContinuations(object)
:: [33] bool System.Threading.Tasks.Task`1.TrySetResult(TResult)
:: [34] void System.Runtime.CompilerServices.AsyncTaskMethodBuilder`1.SetExistingTaskResult(System.Threading.Tasks.Task`1[TResult], TResult)
:: [35] void GdUnit4.Core.Execution.ExecutionStage`1+&lt;Execute&gt;d__30.MoveNext()
:: [36] void System.Threading.ExecutionContext.RunInternal(System.Threading.ExecutionContext, System.Threading.ContextCallback, object)
:: [37] void System.Runtime.CompilerServices.AsyncTaskMethodBuilder`1+AsyncStateMachineBox`1.MoveNext(System.Threading.Thread)
:: [38] void Godot.GodotSynchronizationContext.ExecutePendingContinuations() (/root/godot/modules/mono/glue/GodotSharp/GodotSharp/Core/GodotSynchronizationContext.cs:51)
:: [39] void Godot.GodotTaskScheduler.Activate() (/root/godot/modules/mono/glue/GodotSharp/GodotSharp/Core/GodotTaskScheduler.cs:76)
:: [40] void Godot.Bridge.ScriptManagerBridge.FrameCallback() (/root/godot/modules/mono/glue/GodotSharp/GodotSharp/Core/Bridge/ScriptManagerBridge.cs:84)
:: WARNING: Parent path 'MenuContent/MenuButtonsMargin/MenuButtonsContainer/MenuButtonsBoxContainer' for node 'HSeparator2' has vanished when instantiating: 'res://source/ui/menus/main_menu.tscn'.
:: at: instantiate (scene/resources/packed_scene.cpp:205)
:: C# backtrace (most recent call first):
:: [0] Godot.GodotObject Godot.NativeCalls.godot_icall_1_79(nint, nint, int) (/root/godot/modules/mono/glue/GodotSharp/GodotSharp/Generated/NativeCalls.cs:703)
:: [1] Godot.Node Godot.PackedScene.Instantiate(Godot.PackedScene+GenEditState) (/root/godot/modules/mono/glue/GodotSharp/GodotSharp/Generated/GodotObjects/PackedScene.cs:130)
:: [2] Godot.Node GdUnit4.Core.SceneRunner.LoadScene(string)
:: [3] GdUnit4.Core.SceneRunner..ctor(string, bool, bool)
:: [4] GdUnit4.ISceneRunner GdUnit4.ISceneRunner.Load(string, bool, bool)
:: [5] void OmegaSpiral.Tests.UI.Terminal.TerminalBorderDiagnosticsTests+&lt;Test3_BorderColorIsNotBlackOrTransparent&gt;d__3.MoveNext() (/home/adam/Dev/omega-spiral/chapter-zero/tests/ui/terminal/TerminalBorderDiagnosticsTests.cs:79)
:: [6] void System.Runtime.CompilerServices.AsyncMethodBuilderCore.Start&lt;TStateMachine&gt;(TStateMachine&amp;)
:: [7] System.Threading.Tasks.Task OmegaSpiral.Tests.UI.Terminal.TerminalBorderDiagnosticsTests.Test3_BorderColorIsNotBlackOrTransparent()
:: [8] object System.Reflection.MethodBaseInvoker.InterpretedInvoke_Method(object, System.IntPtr*)
:: [9] object System.Reflection.MethodBaseInvoker.InvokeWithNoArgs(object, System.Reflection.BindingFlags)
:: [10] object System.Reflection.RuntimeMethodInfo.Invoke(object, System.Reflection.BindingFlags, System.Reflection.Binder, System.Object[], System.Globalization.CultureInfo)
:: [11] void GdUnit4.Core.Execution.ExecutionStage`1+&lt;ExecuteStage&gt;d__37.MoveNext()
:: [12] void System.Runtime.CompilerServices.AsyncMethodBuilderCore.Start&lt;TStateMachine&gt;(TStateMachine&amp;)
:: [13] System.Threading.Tasks.Task GdUnit4.Core.Execution.ExecutionStage`1.ExecuteStage(GdUnit4.Core.Execution.ExecutionContext)
:: [14] void GdUnit4.Core.Execution.ExecutionStage`1+&lt;Execute&gt;d__30.MoveNext()
:: [15] void System.Runtime.CompilerServices.AsyncMethodBuilderCore.Start&lt;TStateMachine&gt;(TStateMachine&amp;)
:: [16] System.Threading.Tasks.Task GdUnit4.Core.Execution.ExecutionStage`1.Execute(GdUnit4.Core.Execution.ExecutionContext)
:: [17] System.Threading.Tasks.Task GdUnit4.Core.Execution.TestCaseExecutionStage.&lt;&gt;n__0(GdUnit4.Core.Execution.ExecutionContext)
:: [18] void GdUnit4.Core.Execution.TestCaseExecutionStage+&lt;Execute&gt;d__1.MoveNext()
:: [19] void System.Runtime.CompilerServices.AsyncMethodBuilderCore.Start&lt;TStateMachine&gt;(TStateMachine&amp;)
:: [20] System.Threading.Tasks.Task GdUnit4.Core.Execution.TestCaseExecutionStage.Execute(GdUnit4.Core.Execution.ExecutionContext)
:: [21] void GdUnit4.Core.Execution.TestSuiteExecutionStage+&lt;RunTestCase&gt;d__15.MoveNext()
:: [22] void System.Threading.ExecutionContext.RunInternal(System.Threading.ExecutionContext, System.Threading.ContextCallback, object)
:: [23] void System.Runtime.CompilerServices.AsyncTaskMethodBuilder`1+AsyncStateMachineBox`1.MoveNext(System.Threading.Thread)
:: [24] void System.Threading.Tasks.AwaitTaskContinuation.RunCallback(System.Threading.ContextCallback, object, System.Threading.Tasks.Task&amp;)
:: [25] void System.Threading.Tasks.Task.RunContinuations(object)
:: [26] bool System.Threading.Tasks.Task`1.TrySetResult(TResult)
:: [27] void System.Runtime.CompilerServices.AsyncTaskMethodBuilder`1.SetExistingTaskResult(System.Threading.Tasks.Task`1[TResult], TResult)
:: [28] void GdUnit4.Core.Execution.BeforeTestExecutionStage+&lt;Execute&gt;d__1.MoveNext()
:: [29] void System.Threading.ExecutionContext.RunInternal(System.Threading.ExecutionContext, System.Threading.ContextCallback, object)
:: [30] void System.Runtime.CompilerServices.AsyncTaskMethodBuilder`1+AsyncStateMachineBox`1.MoveNext(System.Threading.Thread)
:: [31] void System.Threading.Tasks.AwaitTaskContinuation.RunCallback(System.Threading.ContextCallback, object, System.Threading.Tasks.Task&amp;)
:: [32] void System.Threading.Tasks.Task.RunContinuations(object)
:: [33] bool System.Threading.Tasks.Task`1.TrySetResult(TResult)
:: [34] void System.Runtime.CompilerServices.AsyncTaskMethodBuilder`1.SetExistingTaskResult(System.Threading.Tasks.Task`1[TResult], TResult)
:: [35] void GdUnit4.Core.Execution.ExecutionStage`1+&lt;Execute&gt;d__30.MoveNext()
:: [36] void System.Threading.ExecutionContext.RunInternal(System.Threading.ExecutionContext, System.Threading.ContextCallback, object)
:: [37] void System.Runtime.CompilerServices.AsyncTaskMethodBuilder`1+AsyncStateMachineBox`1.MoveNext(System.Threading.Thread)
:: [38] void Godot.GodotSynchronizationContext.ExecutePendingContinuations() (/root/godot/modules/mono/glue/GodotSharp/GodotSharp/Core/GodotSynchronizationContext.cs:51)
:: [39] void Godot.GodotTaskScheduler.Activate() (/root/godot/modules/mono/glue/GodotSharp/GodotSharp/Core/GodotTaskScheduler.cs:76)
:: [40] void Godot.Bridge.ScriptManagerBridge.FrameCallback() (/root/godot/modules/mono/glue/GodotSharp/GodotSharp/Core/Bridge/ScriptManagerBridge.cs:84)
:: WARNING: Parent path 'MenuContent/MenuButtonsMargin/MenuButtonsContainer/MenuButtonsBoxContainer' for node 'QuitButton' has vanished when instantiating: 'res://source/ui/menus/main_menu.tscn'.
:: at: instantiate (scene/resources/packed_scene.cpp:205)
:: C# backtrace (most recent call first):
:: [0] Godot.GodotObject Godot.NativeCalls.godot_icall_1_79(nint, nint, int) (/root/godot/modules/mono/glue/GodotSharp/GodotSharp/Generated/NativeCalls.cs:703)
:: [1] Godot.Node Godot.PackedScene.Instantiate(Godot.PackedScene+GenEditState) (/root/godot/modules/mono/glue/GodotSharp/GodotSharp/Generated/GodotObjects/PackedScene.cs:130)
:: [2] Godot.Node GdUnit4.Core.SceneRunner.LoadScene(string)
:: [3] GdUnit4.Core.SceneRunner..ctor(string, bool, bool)
:: [4] GdUnit4.ISceneRunner GdUnit4.ISceneRunner.Load(string, bool, bool)
:: [5] void OmegaSpiral.Tests.UI.Terminal.TerminalBorderDiagnosticsTests+&lt;Test3_BorderColorIsNotBlackOrTransparent&gt;d__3.MoveNext() (/home/adam/Dev/omega-spiral/chapter-zero/tests/ui/terminal/TerminalBorderDiagnosticsTests.cs:79)
:: [6] void System.Runtime.CompilerServices.AsyncMethodBuilderCore.Start&lt;TStateMachine&gt;(TStateMachine&amp;)
:: [7] System.Threading.Tasks.Task OmegaSpiral.Tests.UI.Terminal.TerminalBorderDiagnosticsTests.Test3_BorderColorIsNotBlackOrTransparent()
:: [8] object System.Reflection.MethodBaseInvoker.InterpretedInvoke_Method(object, System.IntPtr*)
:: [9] object System.Reflection.MethodBaseInvoker.InvokeWithNoArgs(object, System.Reflection.BindingFlags)
:: [10] object System.Reflection.RuntimeMethodInfo.Invoke(object, System.Reflection.BindingFlags, System.Reflection.Binder, System.Object[], System.Globalization.CultureInfo)
:: [11] void GdUnit4.Core.Execution.ExecutionStage`1+&lt;ExecuteStage&gt;d__37.MoveNext()
:: [12] void System.Runtime.CompilerServices.AsyncMethodBuilderCore.Start&lt;TStateMachine&gt;(TStateMachine&amp;)
:: [13] System.Threading.Tasks.Task GdUnit4.Core.Execution.ExecutionStage`1.ExecuteStage(GdUnit4.Core.Execution.ExecutionContext)
:: [14] void GdUnit4.Core.Execution.ExecutionStage`1+&lt;Execute&gt;d__30.MoveNext()
:: [15] void System.Runtime.CompilerServices.AsyncMethodBuilderCore.Start&lt;TStateMachine&gt;(TStateMachine&amp;)
:: [16] System.Threading.Tasks.Task GdUnit4.Core.Execution.ExecutionStage`1.Execute(GdUnit4.Core.Execution.ExecutionContext)
:: [17] System.Threading.Tasks.Task GdUnit4.Core.Execution.TestCaseExecutionStage.&lt;&gt;n__0(GdUnit4.Core.Execution.ExecutionContext)
:: [18] void GdUnit4.Core.Execution.TestCaseExecutionStage+&lt;Execute&gt;d__1.MoveNext()
:: [19] void System.Runtime.CompilerServices.AsyncMethodBuilderCore.Start&lt;TStateMachine&gt;(TStateMachine&amp;)
:: [20] System.Threading.Tasks.Task GdUnit4.Core.Execution.TestCaseExecutionStage.Execute(GdUnit4.Core.Execution.ExecutionContext)
:: [21] void GdUnit4.Core.Execution.TestSuiteExecutionStage+&lt;RunTestCase&gt;d__15.MoveNext()
:: [22] void System.Threading.ExecutionContext.RunInternal(System.Threading.ExecutionContext, System.Threading.ContextCallback, object)
:: [23] void System.Runtime.CompilerServices.AsyncTaskMethodBuilder`1+AsyncStateMachineBox`1.MoveNext(System.Threading.Thread)
:: [24] void System.Threading.Tasks.AwaitTaskContinuation.RunCallback(System.Threading.ContextCallback, object, System.Threading.Tasks.Task&amp;)
:: [25] void System.Threading.Tasks.Task.RunContinuations(object)
:: [26] bool System.Threading.Tasks.Task`1.TrySetResult(TResult)
:: [27] void System.Runtime.CompilerServices.AsyncTaskMethodBuilder`1.SetExistingTaskResult(System.Threading.Tasks.Task`1[TResult], TResult)
:: [28] void GdUnit4.Core.Execution.BeforeTestExecutionStage+&lt;Execute&gt;d__1.MoveNext()
:: [29] void System.Threading.ExecutionContext.RunInternal(System.Threading.ExecutionContext, System.Threading.ContextCallback, object)
:: [30] void System.Runtime.CompilerServices.AsyncTaskMethodBuilder`1+AsyncStateMachineBox`1.MoveNext(System.Threading.Thread)
:: [31] void System.Threading.Tasks.AwaitTaskContinuation.RunCallback(System.Threading.ContextCallback, object, System.Threading.Tasks.Task&amp;)
:: [32] void System.Threading.Tasks.Task.RunContinuations(object)
:: [33] bool System.Threading.Tasks.Task`1.TrySetResult(TResult)
:: [34] void System.Runtime.CompilerServices.AsyncTaskMethodBuilder`1.SetExistingTaskResult(System.Threading.Tasks.Task`1[TResult], TResult)
:: [35] void GdUnit4.Core.Execution.ExecutionStage`1+&lt;Execute&gt;d__30.MoveNext()
:: [36] void System.Threading.ExecutionContext.RunInternal(System.Threading.ExecutionContext, System.Threading.ContextCallback, object)
:: [37] void System.Runtime.CompilerServices.AsyncTaskMethodBuilder`1+AsyncStateMachineBox`1.MoveNext(System.Threading.Thread)
:: [38] void Godot.GodotSynchronizationContext.ExecutePendingContinuations() (/root/godot/modules/mono/glue/GodotSharp/GodotSharp/Core/GodotSynchronizationContext.cs:51)
:: [39] void Godot.GodotTaskScheduler.Activate() (/root/godot/modules/mono/glue/GodotSharp/GodotSharp/Core/GodotTaskScheduler.cs:76)
:: [40] void Godot.Bridge.ScriptManagerBridge.FrameCallback() (/root/godot/modules/mono/glue/GodotSharp/GodotSharp/Core/Bridge/ScriptManagerBridge.cs:84)
    Main Menu loaded and centered.
    [TerminalWindow] BEFORE: Bezel offsets = L:0, T:0, R:0, B:0
    [TerminalWindow] AFTER: Applied bezel constraints: viewport=(1152, 648), margins=(64, 48)
    [TerminalWindow] AFTER: Bezel offsets = L:64, T:48, R:-64, B:-48
:: WARNING: Parent path 'MenuContent' for node 'TitleMargin' has vanished when instantiating: 'res://source/ui/menus/main_menu.tscn'.
:: at: instantiate (scene/resources/packed_scene.cpp:205)
:: C# backtrace (most recent call first):
:: [0] Godot.GodotObject Godot.NativeCalls.godot_icall_1_79(nint, nint, int) (/root/godot/modules/mono/glue/GodotSharp/GodotSharp/Generated/NativeCalls.cs:703)
:: [1] Godot.Node Godot.PackedScene.Instantiate(Godot.PackedScene+GenEditState) (/root/godot/modules/mono/glue/GodotSharp/GodotSharp/Generated/GodotObjects/PackedScene.cs:130)
:: [2] Godot.Node GdUnit4.Core.SceneRunner.LoadScene(string)
:: [3] GdUnit4.Core.SceneRunner..ctor(string, bool, bool)
:: [4] GdUnit4.ISceneRunner GdUnit4.ISceneRunner.Load(string, bool, bool)
:: [5] void OmegaSpiral.Tests.UI.Terminal.TerminalBorderDiagnosticsTests+&lt;Test4_CSharpRuntimeDoesNotClearBorders&gt;d__4.MoveNext() (/home/adam/Dev/omega-spiral/chapter-zero/tests/ui/terminal/TerminalBorderDiagnosticsTests.cs:109)
:: [6] void System.Runtime.CompilerServices.AsyncMethodBuilderCore.Start&lt;TStateMachine&gt;(TStateMachine&amp;)
:: [7] System.Threading.Tasks.Task OmegaSpiral.Tests.UI.Terminal.TerminalBorderDiagnosticsTests.Test4_CSharpRuntimeDoesNotClearBorders()
:: [8] object System.Reflection.MethodBaseInvoker.InterpretedInvoke_Method(object, System.IntPtr*)
:: [9] object System.Reflection.MethodBaseInvoker.InvokeWithNoArgs(object, System.Reflection.BindingFlags)
:: [10] object System.Reflection.RuntimeMethodInfo.Invoke(object, System.Reflection.BindingFlags, System.Reflection.Binder, System.Object[], System.Globalization.CultureInfo)
:: [11] void GdUnit4.Core.Execution.ExecutionStage`1+&lt;ExecuteStage&gt;d__37.MoveNext()
:: [12] void System.Runtime.CompilerServices.AsyncMethodBuilderCore.Start&lt;TStateMachine&gt;(TStateMachine&amp;)
:: [13] System.Threading.Tasks.Task GdUnit4.Core.Execution.ExecutionStage`1.ExecuteStage(GdUnit4.Core.Execution.ExecutionContext)
:: [14] void GdUnit4.Core.Execution.ExecutionStage`1+&lt;Execute&gt;d__30.MoveNext()
:: [15] void System.Runtime.CompilerServices.AsyncMethodBuilderCore.Start&lt;TStateMachine&gt;(TStateMachine&amp;)
:: [16] System.Threading.Tasks.Task GdUnit4.Core.Execution.ExecutionStage`1.Execute(GdUnit4.Core.Execution.ExecutionContext)
:: [17] System.Threading.Tasks.Task GdUnit4.Core.Execution.TestCaseExecutionStage.&lt;&gt;n__0(GdUnit4.Core.Execution.ExecutionContext)
:: [18] void GdUnit4.Core.Execution.TestCaseExecutionStage+&lt;Execute&gt;d__1.MoveNext()
:: [19] void System.Runtime.CompilerServices.AsyncMethodBuilderCore.Start&lt;TStateMachine&gt;(TStateMachine&amp;)
:: [20] System.Threading.Tasks.Task GdUnit4.Core.Execution.TestCaseExecutionStage.Execute(GdUnit4.Core.Execution.ExecutionContext)
:: [21] void GdUnit4.Core.Execution.TestSuiteExecutionStage+&lt;RunTestCase&gt;d__15.MoveNext()
:: [22] void System.Threading.ExecutionContext.RunInternal(System.Threading.ExecutionContext, System.Threading.ContextCallback, object)
:: [23] void System.Runtime.CompilerServices.AsyncTaskMethodBuilder`1+AsyncStateMachineBox`1.MoveNext(System.Threading.Thread)
:: [24] void System.Threading.Tasks.AwaitTaskContinuation.RunCallback(System.Threading.ContextCallback, object, System.Threading.Tasks.Task&amp;)
:: [25] void System.Threading.Tasks.Task.RunContinuations(object)
:: [26] bool System.Threading.Tasks.Task`1.TrySetResult(TResult)
:: [27] void System.Runtime.CompilerServices.AsyncTaskMethodBuilder`1.SetExistingTaskResult(System.Threading.Tasks.Task`1[TResult], TResult)
:: [28] void GdUnit4.Core.Execution.BeforeTestExecutionStage+&lt;Execute&gt;d__1.MoveNext()
:: [29] void System.Threading.ExecutionContext.RunInternal(System.Threading.ExecutionContext, System.Threading.ContextCallback, object)
:: [30] void System.Runtime.CompilerServices.AsyncTaskMethodBuilder`1+AsyncStateMachineBox`1.MoveNext(System.Threading.Thread)
:: [31] void System.Threading.Tasks.AwaitTaskContinuation.RunCallback(System.Threading.ContextCallback, object, System.Threading.Tasks.Task&amp;)
:: [32] void System.Threading.Tasks.Task.RunContinuations(object)
:: [33] bool System.Threading.Tasks.Task`1.TrySetResult(TResult)
:: [34] void System.Runtime.CompilerServices.AsyncTaskMethodBuilder`1.SetExistingTaskResult(System.Threading.Tasks.Task`1[TResult], TResult)
:: [35] void GdUnit4.Core.Execution.ExecutionStage`1+&lt;Execute&gt;d__30.MoveNext()
:: [36] void System.Threading.ExecutionContext.RunInternal(System.Threading.ExecutionContext, System.Threading.ContextCallback, object)
:: [37] void System.Runtime.CompilerServices.AsyncTaskMethodBuilder`1+AsyncStateMachineBox`1.MoveNext(System.Threading.Thread)
:: [38] void Godot.GodotSynchronizationContext.ExecutePendingContinuations() (/root/godot/modules/mono/glue/GodotSharp/GodotSharp/Core/GodotSynchronizationContext.cs:51)
:: [39] void Godot.GodotTaskScheduler.Activate() (/root/godot/modules/mono/glue/GodotSharp/GodotSharp/Core/GodotTaskScheduler.cs:76)
:: [40] void Godot.Bridge.ScriptManagerBridge.FrameCallback() (/root/godot/modules/mono/glue/GodotSharp/GodotSharp/Core/Bridge/ScriptManagerBridge.cs:84)
:: WARNING: Parent path 'MenuContent/TitleMargin' for node 'TitleLabel' has vanished when instantiating: 'res://source/ui/menus/main_menu.tscn'.
:: at: instantiate (scene/resources/packed_scene.cpp:205)
:: C# backtrace (most recent call first):
:: [0] Godot.GodotObject Godot.NativeCalls.godot_icall_1_79(nint, nint, int) (/root/godot/modules/mono/glue/GodotSharp/GodotSharp/Generated/NativeCalls.cs:703)
:: [1] Godot.Node Godot.PackedScene.Instantiate(Godot.PackedScene+GenEditState) (/root/godot/modules/mono/glue/GodotSharp/GodotSharp/Generated/GodotObjects/PackedScene.cs:130)
:: [2] Godot.Node GdUnit4.Core.SceneRunner.LoadScene(string)
:: [3] GdUnit4.Core.SceneRunner..ctor(string, bool, bool)
:: [4] GdUnit4.ISceneRunner GdUnit4.ISceneRunner.Load(string, bool, bool)
:: [5] void OmegaSpiral.Tests.UI.Terminal.TerminalBorderDiagnosticsTests+&lt;Test4_CSharpRuntimeDoesNotClearBorders&gt;d__4.MoveNext() (/home/adam/Dev/omega-spiral/chapter-zero/tests/ui/terminal/TerminalBorderDiagnosticsTests.cs:109)
:: [6] void System.Runtime.CompilerServices.AsyncMethodBuilderCore.Start&lt;TStateMachine&gt;(TStateMachine&amp;)
:: [7] System.Threading.Tasks.Task OmegaSpiral.Tests.UI.Terminal.TerminalBorderDiagnosticsTests.Test4_CSharpRuntimeDoesNotClearBorders()
:: [8] object System.Reflection.MethodBaseInvoker.InterpretedInvoke_Method(object, System.IntPtr*)
:: [9] object System.Reflection.MethodBaseInvoker.InvokeWithNoArgs(object, System.Reflection.BindingFlags)
:: [10] object System.Reflection.RuntimeMethodInfo.Invoke(object, System.Reflection.BindingFlags, System.Reflection.Binder, System.Object[], System.Globalization.CultureInfo)
:: [11] void GdUnit4.Core.Execution.ExecutionStage`1+&lt;ExecuteStage&gt;d__37.MoveNext()
:: [12] void System.Runtime.CompilerServices.AsyncMethodBuilderCore.Start&lt;TStateMachine&gt;(TStateMachine&amp;)
:: [13] System.Threading.Tasks.Task GdUnit4.Core.Execution.ExecutionStage`1.ExecuteStage(GdUnit4.Core.Execution.ExecutionContext)
:: [14] void GdUnit4.Core.Execution.ExecutionStage`1+&lt;Execute&gt;d__30.MoveNext()
:: [15] void System.Runtime.CompilerServices.AsyncMethodBuilderCore.Start&lt;TStateMachine&gt;(TStateMachine&amp;)
:: [16] System.Threading.Tasks.Task GdUnit4.Core.Execution.ExecutionStage`1.Execute(GdUnit4.Core.Execution.ExecutionContext)
:: [17] System.Threading.Tasks.Task GdUnit4.Core.Execution.TestCaseExecutionStage.&lt;&gt;n__0(GdUnit4.Core.Execution.ExecutionContext)
:: [18] void GdUnit4.Core.Execution.TestCaseExecutionStage+&lt;Execute&gt;d__1.MoveNext()
:: [19] void System.Runtime.CompilerServices.AsyncMethodBuilderCore.Start&lt;TStateMachine&gt;(TStateMachine&amp;)
:: [20] System.Threading.Tasks.Task GdUnit4.Core.Execution.TestCaseExecutionStage.Execute(GdUnit4.Core.Execution.ExecutionContext)
:: [21] void GdUnit4.Core.Execution.TestSuiteExecutionStage+&lt;RunTestCase&gt;d__15.MoveNext()
:: [22] void System.Threading.ExecutionContext.RunInternal(System.Threading.ExecutionContext, System.Threading.ContextCallback, object)
:: [23] void System.Runtime.CompilerServices.AsyncTaskMethodBuilder`1+AsyncStateMachineBox`1.MoveNext(System.Threading.Thread)
:: [24] void System.Threading.Tasks.AwaitTaskContinuation.RunCallback(System.Threading.ContextCallback, object, System.Threading.Tasks.Task&amp;)
:: [25] void System.Threading.Tasks.Task.RunContinuations(object)
:: [26] bool System.Threading.Tasks.Task`1.TrySetResult(TResult)
:: [27] void System.Runtime.CompilerServices.AsyncTaskMethodBuilder`1.SetExistingTaskResult(System.Threading.Tasks.Task`1[TResult], TResult)
:: [28] void GdUnit4.Core.Execution.BeforeTestExecutionStage+&lt;Execute&gt;d__1.MoveNext()
:: [29] void System.Threading.ExecutionContext.RunInternal(System.Threading.ExecutionContext, System.Threading.ContextCallback, object)
:: [30] void System.Runtime.CompilerServices.AsyncTaskMethodBuilder`1+AsyncStateMachineBox`1.MoveNext(System.Threading.Thread)
:: [31] void System.Threading.Tasks.AwaitTaskContinuation.RunCallback(System.Threading.ContextCallback, object, System.Threading.Tasks.Task&amp;)
:: [32] void System.Threading.Tasks.Task.RunContinuations(object)
:: [33] bool System.Threading.Tasks.Task`1.TrySetResult(TResult)
:: [34] void System.Runtime.CompilerServices.AsyncTaskMethodBuilder`1.SetExistingTaskResult(System.Threading.Tasks.Task`1[TResult], TResult)
:: [35] void GdUnit4.Core.Execution.ExecutionStage`1+&lt;Execute&gt;d__30.MoveNext()
:: [36] void System.Threading.ExecutionContext.RunInternal(System.Threading.ExecutionContext, System.Threading.ContextCallback, object)
:: [37] void System.Runtime.CompilerServices.AsyncTaskMethodBuilder`1+AsyncStateMachineBox`1.MoveNext(System.Threading.Thread)
:: [38] void Godot.GodotSynchronizationContext.ExecutePendingContinuations() (/root/godot/modules/mono/glue/GodotSharp/GodotSharp/Core/GodotSynchronizationContext.cs:51)
:: [39] void Godot.GodotTaskScheduler.Activate() (/root/godot/modules/mono/glue/GodotSharp/GodotSharp/Core/GodotTaskScheduler.cs:76)
:: [40] void Godot.Bridge.ScriptManagerBridge.FrameCallback() (/root/godot/modules/mono/glue/GodotSharp/GodotSharp/Core/Bridge/ScriptManagerBridge.cs:84)
:: WARNING: Parent path 'MenuContent' for node 'DescriptionMargin' has vanished when instantiating: 'res://source/ui/menus/main_menu.tscn'.
:: at: instantiate (scene/resources/packed_scene.cpp:205)
:: C# backtrace (most recent call first):
:: [0] Godot.GodotObject Godot.NativeCalls.godot_icall_1_79(nint, nint, int) (/root/godot/modules/mono/glue/GodotSharp/GodotSharp/Generated/NativeCalls.cs:703)
:: [1] Godot.Node Godot.PackedScene.Instantiate(Godot.PackedScene+GenEditState) (/root/godot/modules/mono/glue/GodotSharp/GodotSharp/Generated/GodotObjects/PackedScene.cs:130)
:: [2] Godot.Node GdUnit4.Core.SceneRunner.LoadScene(string)
:: [3] GdUnit4.Core.SceneRunner..ctor(string, bool, bool)
:: [4] GdUnit4.ISceneRunner GdUnit4.ISceneRunner.Load(string, bool, bool)
:: [5] void OmegaSpiral.Tests.UI.Terminal.TerminalBorderDiagnosticsTests+&lt;Test4_CSharpRuntimeDoesNotClearBorders&gt;d__4.MoveNext() (/home/adam/Dev/omega-spiral/chapter-zero/tests/ui/terminal/TerminalBorderDiagnosticsTests.cs:109)
:: [6] void System.Runtime.CompilerServices.AsyncMethodBuilderCore.Start&lt;TStateMachine&gt;(TStateMachine&amp;)
:: [7] System.Threading.Tasks.Task OmegaSpiral.Tests.UI.Terminal.TerminalBorderDiagnosticsTests.Test4_CSharpRuntimeDoesNotClearBorders()
:: [8] object System.Reflection.MethodBaseInvoker.InterpretedInvoke_Method(object, System.IntPtr*)
:: [9] object System.Reflection.MethodBaseInvoker.InvokeWithNoArgs(object, System.Reflection.BindingFlags)
:: [10] object System.Reflection.RuntimeMethodInfo.Invoke(object, System.Reflection.BindingFlags, System.Reflection.Binder, System.Object[], System.Globalization.CultureInfo)
:: [11] void GdUnit4.Core.Execution.ExecutionStage`1+&lt;ExecuteStage&gt;d__37.MoveNext()
:: [12] void System.Runtime.CompilerServices.AsyncMethodBuilderCore.Start&lt;TStateMachine&gt;(TStateMachine&amp;)
:: [13] System.Threading.Tasks.Task GdUnit4.Core.Execution.ExecutionStage`1.ExecuteStage(GdUnit4.Core.Execution.ExecutionContext)
:: [14] void GdUnit4.Core.Execution.ExecutionStage`1+&lt;Execute&gt;d__30.MoveNext()
:: [15] void System.Runtime.CompilerServices.AsyncMethodBuilderCore.Start&lt;TStateMachine&gt;(TStateMachine&amp;)
:: [16] System.Threading.Tasks.Task GdUnit4.Core.Execution.ExecutionStage`1.Execute(GdUnit4.Core.Execution.ExecutionContext)
:: [17] System.Threading.Tasks.Task GdUnit4.Core.Execution.TestCaseExecutionStage.&lt;&gt;n__0(GdUnit4.Core.Execution.ExecutionContext)
:: [18] void GdUnit4.Core.Execution.TestCaseExecutionStage+&lt;Execute&gt;d__1.MoveNext()
:: [19] void System.Runtime.CompilerServices.AsyncMethodBuilderCore.Start&lt;TStateMachine&gt;(TStateMachine&amp;)
:: [20] System.Threading.Tasks.Task GdUnit4.Core.Execution.TestCaseExecutionStage.Execute(GdUnit4.Core.Execution.ExecutionContext)
:: [21] void GdUnit4.Core.Execution.TestSuiteExecutionStage+&lt;RunTestCase&gt;d__15.MoveNext()
:: [22] void System.Threading.ExecutionContext.RunInternal(System.Threading.ExecutionContext, System.Threading.ContextCallback, object)
:: [23] void System.Runtime.CompilerServices.AsyncTaskMethodBuilder`1+AsyncStateMachineBox`1.MoveNext(System.Threading.Thread)
:: [24] void System.Threading.Tasks.AwaitTaskContinuation.RunCallback(System.Threading.ContextCallback, object, System.Threading.Tasks.Task&amp;)
:: [25] void System.Threading.Tasks.Task.RunContinuations(object)
:: [26] bool System.Threading.Tasks.Task`1.TrySetResult(TResult)
:: [27] void System.Runtime.CompilerServices.AsyncTaskMethodBuilder`1.SetExistingTaskResult(System.Threading.Tasks.Task`1[TResult], TResult)
:: [28] void GdUnit4.Core.Execution.BeforeTestExecutionStage+&lt;Execute&gt;d__1.MoveNext()
:: [29] void System.Threading.ExecutionContext.RunInternal(System.Threading.ExecutionContext, System.Threading.ContextCallback, object)
:: [30] void System.Runtime.CompilerServices.AsyncTaskMethodBuilder`1+AsyncStateMachineBox`1.MoveNext(System.Threading.Thread)
:: [31] void System.Threading.Tasks.AwaitTaskContinuation.RunCallback(System.Threading.ContextCallback, object, System.Threading.Tasks.Task&amp;)
:: [32] void System.Threading.Tasks.Task.RunContinuations(object)
:: [33] bool System.Threading.Tasks.Task`1.TrySetResult(TResult)
:: [34] void System.Runtime.CompilerServices.AsyncTaskMethodBuilder`1.SetExistingTaskResult(System.Threading.Tasks.Task`1[TResult], TResult)
:: [35] void GdUnit4.Core.Execution.ExecutionStage`1+&lt;Execute&gt;d__30.MoveNext()
:: [36] void System.Threading.ExecutionContext.RunInternal(System.Threading.ExecutionContext, System.Threading.ContextCallback, object)
:: [37] void System.Runtime.CompilerServices.AsyncTaskMethodBuilder`1+AsyncStateMachineBox`1.MoveNext(System.Threading.Thread)
:: [38] void Godot.GodotSynchronizationContext.ExecutePendingContinuations() (/root/godot/modules/mono/glue/GodotSharp/GodotSharp/Core/GodotSynchronizationContext.cs:51)
:: [39] void Godot.GodotTaskScheduler.Activate() (/root/godot/modules/mono/glue/GodotSharp/GodotSharp/Core/GodotTaskScheduler.cs:76)
:: [40] void Godot.Bridge.ScriptManagerBridge.FrameCallback() (/root/godot/modules/mono/glue/GodotSharp/GodotSharp/Core/Bridge/ScriptManagerBridge.cs:84)
:: WARNING: Parent path 'MenuContent/DescriptionMargin' for node 'DescriptionLabel' has vanished when instantiating: 'res://source/ui/menus/main_menu.tscn'.
:: at: instantiate (scene/resources/packed_scene.cpp:205)
:: C# backtrace (most recent call first):
:: [0] Godot.GodotObject Godot.NativeCalls.godot_icall_1_79(nint, nint, int) (/root/godot/modules/mono/glue/GodotSharp/GodotSharp/Generated/NativeCalls.cs:703)
:: [1] Godot.Node Godot.PackedScene.Instantiate(Godot.PackedScene+GenEditState) (/root/godot/modules/mono/glue/GodotSharp/GodotSharp/Generated/GodotObjects/PackedScene.cs:130)
:: [2] Godot.Node GdUnit4.Core.SceneRunner.LoadScene(string)
:: [3] GdUnit4.Core.SceneRunner..ctor(string, bool, bool)
:: [4] GdUnit4.ISceneRunner GdUnit4.ISceneRunner.Load(string, bool, bool)
:: [5] void OmegaSpiral.Tests.UI.Terminal.TerminalBorderDiagnosticsTests+&lt;Test4_CSharpRuntimeDoesNotClearBorders&gt;d__4.MoveNext() (/home/adam/Dev/omega-spiral/chapter-zero/tests/ui/terminal/TerminalBorderDiagnosticsTests.cs:109)
:: [6] void System.Runtime.CompilerServices.AsyncMethodBuilderCore.Start&lt;TStateMachine&gt;(TStateMachine&amp;)
:: [7] System.Threading.Tasks.Task OmegaSpiral.Tests.UI.Terminal.TerminalBorderDiagnosticsTests.Test4_CSharpRuntimeDoesNotClearBorders()
:: [8] object System.Reflection.MethodBaseInvoker.InterpretedInvoke_Method(object, System.IntPtr*)
:: [9] object System.Reflection.MethodBaseInvoker.InvokeWithNoArgs(object, System.Reflection.BindingFlags)
:: [10] object System.Reflection.RuntimeMethodInfo.Invoke(object, System.Reflection.BindingFlags, System.Reflection.Binder, System.Object[], System.Globalization.CultureInfo)
:: [11] void GdUnit4.Core.Execution.ExecutionStage`1+&lt;ExecuteStage&gt;d__37.MoveNext()
:: [12] void System.Runtime.CompilerServices.AsyncMethodBuilderCore.Start&lt;TStateMachine&gt;(TStateMachine&amp;)
:: [13] System.Threading.Tasks.Task GdUnit4.Core.Execution.ExecutionStage`1.ExecuteStage(GdUnit4.Core.Execution.ExecutionContext)
:: [14] void GdUnit4.Core.Execution.ExecutionStage`1+&lt;Execute&gt;d__30.MoveNext()
:: [15] void System.Runtime.CompilerServices.AsyncMethodBuilderCore.Start&lt;TStateMachine&gt;(TStateMachine&amp;)
:: [16] System.Threading.Tasks.Task GdUnit4.Core.Execution.ExecutionStage`1.Execute(GdUnit4.Core.Execution.ExecutionContext)
:: [17] System.Threading.Tasks.Task GdUnit4.Core.Execution.TestCaseExecutionStage.&lt;&gt;n__0(GdUnit4.Core.Execution.ExecutionContext)
:: [18] void GdUnit4.Core.Execution.TestCaseExecutionStage+&lt;Execute&gt;d__1.MoveNext()
:: [19] void System.Runtime.CompilerServices.AsyncMethodBuilderCore.Start&lt;TStateMachine&gt;(TStateMachine&amp;)
:: [20] System.Threading.Tasks.Task GdUnit4.Core.Execution.TestCaseExecutionStage.Execute(GdUnit4.Core.Execution.ExecutionContext)
:: [21] void GdUnit4.Core.Execution.TestSuiteExecutionStage+&lt;RunTestCase&gt;d__15.MoveNext()
:: [22] void System.Threading.ExecutionContext.RunInternal(System.Threading.ExecutionContext, System.Threading.ContextCallback, object)
:: [23] void System.Runtime.CompilerServices.AsyncTaskMethodBuilder`1+AsyncStateMachineBox`1.MoveNext(System.Threading.Thread)
:: [24] void System.Threading.Tasks.AwaitTaskContinuation.RunCallback(System.Threading.ContextCallback, object, System.Threading.Tasks.Task&amp;)
:: [25] void System.Threading.Tasks.Task.RunContinuations(object)
:: [26] bool System.Threading.Tasks.Task`1.TrySetResult(TResult)
:: [27] void System.Runtime.CompilerServices.AsyncTaskMethodBuilder`1.SetExistingTaskResult(System.Threading.Tasks.Task`1[TResult], TResult)
:: [28] void GdUnit4.Core.Execution.BeforeTestExecutionStage+&lt;Execute&gt;d__1.MoveNext()
:: [29] void System.Threading.ExecutionContext.RunInternal(System.Threading.ExecutionContext, System.Threading.ContextCallback, object)
:: [30] void System.Runtime.CompilerServices.AsyncTaskMethodBuilder`1+AsyncStateMachineBox`1.MoveNext(System.Threading.Thread)
:: [31] void System.Threading.Tasks.AwaitTaskContinuation.RunCallback(System.Threading.ContextCallback, object, System.Threading.Tasks.Task&amp;)
:: [32] void System.Threading.Tasks.Task.RunContinuations(object)
:: [33] bool System.Threading.Tasks.Task`1.TrySetResult(TResult)
:: [34] void System.Runtime.CompilerServices.AsyncTaskMethodBuilder`1.SetExistingTaskResult(System.Threading.Tasks.Task`1[TResult], TResult)
:: [35] void GdUnit4.Core.Execution.ExecutionStage`1+&lt;Execute&gt;d__30.MoveNext()
:: [36] void System.Threading.ExecutionContext.RunInternal(System.Threading.ExecutionContext, System.Threading.ContextCallback, object)
:: [37] void System.Runtime.CompilerServices.AsyncTaskMethodBuilder`1+AsyncStateMachineBox`1.MoveNext(System.Threading.Thread)
:: [38] void Godot.GodotSynchronizationContext.ExecutePendingContinuations() (/root/godot/modules/mono/glue/GodotSharp/GodotSharp/Core/GodotSynchronizationContext.cs:51)
:: [39] void Godot.GodotTaskScheduler.Activate() (/root/godot/modules/mono/glue/GodotSharp/GodotSharp/Core/GodotTaskScheduler.cs:76)
:: [40] void Godot.Bridge.ScriptManagerBridge.FrameCallback() (/root/godot/modules/mono/glue/GodotSharp/GodotSharp/Core/Bridge/ScriptManagerBridge.cs:84)
:: WARNING: Parent path 'MenuContent' for node 'MenuButtonsMargin' has vanished when instantiating: 'res://source/ui/menus/main_menu.tscn'.
:: at: instantiate (scene/resources/packed_scene.cpp:205)
:: C# backtrace (most recent call first):
:: [0] Godot.GodotObject Godot.NativeCalls.godot_icall_1_79(nint, nint, int) (/root/godot/modules/mono/glue/GodotSharp/GodotSharp/Generated/NativeCalls.cs:703)
:: [1] Godot.Node Godot.PackedScene.Instantiate(Godot.PackedScene+GenEditState) (/root/godot/modules/mono/glue/GodotSharp/GodotSharp/Generated/GodotObjects/PackedScene.cs:130)
:: [2] Godot.Node GdUnit4.Core.SceneRunner.LoadScene(string)
:: [3] GdUnit4.Core.SceneRunner..ctor(string, bool, bool)
:: [4] GdUnit4.ISceneRunner GdUnit4.ISceneRunner.Load(string, bool, bool)
:: [5] void OmegaSpiral.Tests.UI.Terminal.TerminalBorderDiagnosticsTests+&lt;Test4_CSharpRuntimeDoesNotClearBorders&gt;d__4.MoveNext() (/home/adam/Dev/omega-spiral/chapter-zero/tests/ui/terminal/TerminalBorderDiagnosticsTests.cs:109)
:: [6] void System.Runtime.CompilerServices.AsyncMethodBuilderCore.Start&lt;TStateMachine&gt;(TStateMachine&amp;)
:: [7] System.Threading.Tasks.Task OmegaSpiral.Tests.UI.Terminal.TerminalBorderDiagnosticsTests.Test4_CSharpRuntimeDoesNotClearBorders()
:: [8] object System.Reflection.MethodBaseInvoker.InterpretedInvoke_Method(object, System.IntPtr*)
:: [9] object System.Reflection.MethodBaseInvoker.InvokeWithNoArgs(object, System.Reflection.BindingFlags)
:: [10] object System.Reflection.RuntimeMethodInfo.Invoke(object, System.Reflection.BindingFlags, System.Reflection.Binder, System.Object[], System.Globalization.CultureInfo)
:: [11] void GdUnit4.Core.Execution.ExecutionStage`1+&lt;ExecuteStage&gt;d__37.MoveNext()
:: [12] void System.Runtime.CompilerServices.AsyncMethodBuilderCore.Start&lt;TStateMachine&gt;(TStateMachine&amp;)
:: [13] System.Threading.Tasks.Task GdUnit4.Core.Execution.ExecutionStage`1.ExecuteStage(GdUnit4.Core.Execution.ExecutionContext)
:: [14] void GdUnit4.Core.Execution.ExecutionStage`1+&lt;Execute&gt;d__30.MoveNext()
:: [15] void System.Runtime.CompilerServices.AsyncMethodBuilderCore.Start&lt;TStateMachine&gt;(TStateMachine&amp;)
:: [16] System.Threading.Tasks.Task GdUnit4.Core.Execution.ExecutionStage`1.Execute(GdUnit4.Core.Execution.ExecutionContext)
:: [17] System.Threading.Tasks.Task GdUnit4.Core.Execution.TestCaseExecutionStage.&lt;&gt;n__0(GdUnit4.Core.Execution.ExecutionContext)
:: [18] void GdUnit4.Core.Execution.TestCaseExecutionStage+&lt;Execute&gt;d__1.MoveNext()
:: [19] void System.Runtime.CompilerServices.AsyncMethodBuilderCore.Start&lt;TStateMachine&gt;(TStateMachine&amp;)
:: [20] System.Threading.Tasks.Task GdUnit4.Core.Execution.TestCaseExecutionStage.Execute(GdUnit4.Core.Execution.ExecutionContext)
:: [21] void GdUnit4.Core.Execution.TestSuiteExecutionStage+&lt;RunTestCase&gt;d__15.MoveNext()
:: [22] void System.Threading.ExecutionContext.RunInternal(System.Threading.ExecutionContext, System.Threading.ContextCallback, object)
:: [23] void System.Runtime.CompilerServices.AsyncTaskMethodBuilder`1+AsyncStateMachineBox`1.MoveNext(System.Threading.Thread)
:: [24] void System.Threading.Tasks.AwaitTaskContinuation.RunCallback(System.Threading.ContextCallback, object, System.Threading.Tasks.Task&amp;)
:: [25] void System.Threading.Tasks.Task.RunContinuations(object)
:: [26] bool System.Threading.Tasks.Task`1.TrySetResult(TResult)
:: [27] void System.Runtime.CompilerServices.AsyncTaskMethodBuilder`1.SetExistingTaskResult(System.Threading.Tasks.Task`1[TResult], TResult)
:: [28] void GdUnit4.Core.Execution.BeforeTestExecutionStage+&lt;Execute&gt;d__1.MoveNext()
:: [29] void System.Threading.ExecutionContext.RunInternal(System.Threading.ExecutionContext, System.Threading.ContextCallback, object)
:: [30] void System.Runtime.CompilerServices.AsyncTaskMethodBuilder`1+AsyncStateMachineBox`1.MoveNext(System.Threading.Thread)
:: [31] void System.Threading.Tasks.AwaitTaskContinuation.RunCallback(System.Threading.ContextCallback, object, System.Threading.Tasks.Task&amp;)
:: [32] void System.Threading.Tasks.Task.RunContinuations(object)
:: [33] bool System.Threading.Tasks.Task`1.TrySetResult(TResult)
:: [34] void System.Runtime.CompilerServices.AsyncTaskMethodBuilder`1.SetExistingTaskResult(System.Threading.Tasks.Task`1[TResult], TResult)
:: [35] void GdUnit4.Core.Execution.ExecutionStage`1+&lt;Execute&gt;d__30.MoveNext()
:: [36] void System.Threading.ExecutionContext.RunInternal(System.Threading.ExecutionContext, System.Threading.ContextCallback, object)
:: [37] void System.Runtime.CompilerServices.AsyncTaskMethodBuilder`1+AsyncStateMachineBox`1.MoveNext(System.Threading.Thread)
:: [38] void Godot.GodotSynchronizationContext.ExecutePendingContinuations() (/root/godot/modules/mono/glue/GodotSharp/GodotSharp/Core/GodotSynchronizationContext.cs:51)
:: [39] void Godot.GodotTaskScheduler.Activate() (/root/godot/modules/mono/glue/GodotSharp/GodotSharp/Core/GodotTaskScheduler.cs:76)
:: [40] void Godot.Bridge.ScriptManagerBridge.FrameCallback() (/root/godot/modules/mono/glue/GodotSharp/GodotSharp/Core/Bridge/ScriptManagerBridge.cs:84)
:: WARNING: Parent path 'MenuContent/MenuButtonsMargin' for node 'MenuButtonsContainer' has vanished when instantiating: 'res://source/ui/menus/main_menu.tscn'.
:: at: instantiate (scene/resources/packed_scene.cpp:205)
:: C# backtrace (most recent call first):
:: [0] Godot.GodotObject Godot.NativeCalls.godot_icall_1_79(nint, nint, int) (/root/godot/modules/mono/glue/GodotSharp/GodotSharp/Generated/NativeCalls.cs:703)
:: [1] Godot.Node Godot.PackedScene.Instantiate(Godot.PackedScene+GenEditState) (/root/godot/modules/mono/glue/GodotSharp/GodotSharp/Generated/GodotObjects/PackedScene.cs:130)
:: [2] Godot.Node GdUnit4.Core.SceneRunner.LoadScene(string)
:: [3] GdUnit4.Core.SceneRunner..ctor(string, bool, bool)
:: [4] GdUnit4.ISceneRunner GdUnit4.ISceneRunner.Load(string, bool, bool)
:: [5] void OmegaSpiral.Tests.UI.Terminal.TerminalBorderDiagnosticsTests+&lt;Test4_CSharpRuntimeDoesNotClearBorders&gt;d__4.MoveNext() (/home/adam/Dev/omega-spiral/chapter-zero/tests/ui/terminal/TerminalBorderDiagnosticsTests.cs:109)
:: [6] void System.Runtime.CompilerServices.AsyncMethodBuilderCore.Start&lt;TStateMachine&gt;(TStateMachine&amp;)
:: [7] System.Threading.Tasks.Task OmegaSpiral.Tests.UI.Terminal.TerminalBorderDiagnosticsTests.Test4_CSharpRuntimeDoesNotClearBorders()
:: [8] object System.Reflection.MethodBaseInvoker.InterpretedInvoke_Method(object, System.IntPtr*)
:: [9] object System.Reflection.MethodBaseInvoker.InvokeWithNoArgs(object, System.Reflection.BindingFlags)
:: [10] object System.Reflection.RuntimeMethodInfo.Invoke(object, System.Reflection.BindingFlags, System.Reflection.Binder, System.Object[], System.Globalization.CultureInfo)
:: [11] void GdUnit4.Core.Execution.ExecutionStage`1+&lt;ExecuteStage&gt;d__37.MoveNext()
:: [12] void System.Runtime.CompilerServices.AsyncMethodBuilderCore.Start&lt;TStateMachine&gt;(TStateMachine&amp;)
:: [13] System.Threading.Tasks.Task GdUnit4.Core.Execution.ExecutionStage`1.ExecuteStage(GdUnit4.Core.Execution.ExecutionContext)
:: [14] void GdUnit4.Core.Execution.ExecutionStage`1+&lt;Execute&gt;d__30.MoveNext()
:: [15] void System.Runtime.CompilerServices.AsyncMethodBuilderCore.Start&lt;TStateMachine&gt;(TStateMachine&amp;)
:: [16] System.Threading.Tasks.Task GdUnit4.Core.Execution.ExecutionStage`1.Execute(GdUnit4.Core.Execution.ExecutionContext)
:: [17] System.Threading.Tasks.Task GdUnit4.Core.Execution.TestCaseExecutionStage.&lt;&gt;n__0(GdUnit4.Core.Execution.ExecutionContext)
:: [18] void GdUnit4.Core.Execution.TestCaseExecutionStage+&lt;Execute&gt;d__1.MoveNext()
:: [19] void System.Runtime.CompilerServices.AsyncMethodBuilderCore.Start&lt;TStateMachine&gt;(TStateMachine&amp;)
:: [20] System.Threading.Tasks.Task GdUnit4.Core.Execution.TestCaseExecutionStage.Execute(GdUnit4.Core.Execution.ExecutionContext)
:: [21] void GdUnit4.Core.Execution.TestSuiteExecutionStage+&lt;RunTestCase&gt;d__15.MoveNext()
:: [22] void System.Threading.ExecutionContext.RunInternal(System.Threading.ExecutionContext, System.Threading.ContextCallback, object)
:: [23] void System.Runtime.CompilerServices.AsyncTaskMethodBuilder`1+AsyncStateMachineBox`1.MoveNext(System.Threading.Thread)
:: [24] void System.Threading.Tasks.AwaitTaskContinuation.RunCallback(System.Threading.ContextCallback, object, System.Threading.Tasks.Task&amp;)
:: [25] void System.Threading.Tasks.Task.RunContinuations(object)
:: [26] bool System.Threading.Tasks.Task`1.TrySetResult(TResult)
:: [27] void System.Runtime.CompilerServices.AsyncTaskMethodBuilder`1.SetExistingTaskResult(System.Threading.Tasks.Task`1[TResult], TResult)
:: [28] void GdUnit4.Core.Execution.BeforeTestExecutionStage+&lt;Execute&gt;d__1.MoveNext()
:: [29] void System.Threading.ExecutionContext.RunInternal(System.Threading.ExecutionContext, System.Threading.ContextCallback, object)
:: [30] void System.Runtime.CompilerServices.AsyncTaskMethodBuilder`1+AsyncStateMachineBox`1.MoveNext(System.Threading.Thread)
:: [31] void System.Threading.Tasks.AwaitTaskContinuation.RunCallback(System.Threading.ContextCallback, object, System.Threading.Tasks.Task&amp;)
:: [32] void System.Threading.Tasks.Task.RunContinuations(object)
:: [33] bool System.Threading.Tasks.Task`1.TrySetResult(TResult)
:: [34] void System.Runtime.CompilerServices.AsyncTaskMethodBuilder`1.SetExistingTaskResult(System.Threading.Tasks.Task`1[TResult], TResult)
:: [35] void GdUnit4.Core.Execution.ExecutionStage`1+&lt;Execute&gt;d__30.MoveNext()
:: [36] void System.Threading.ExecutionContext.RunInternal(System.Threading.ExecutionContext, System.Threading.ContextCallback, object)
:: [37] void System.Runtime.CompilerServices.AsyncTaskMethodBuilder`1+AsyncStateMachineBox`1.MoveNext(System.Threading.Thread)
:: [38] void Godot.GodotSynchronizationContext.ExecutePendingContinuations() (/root/godot/modules/mono/glue/GodotSharp/GodotSharp/Core/GodotSynchronizationContext.cs:51)
:: [39] void Godot.GodotTaskScheduler.Activate() (/root/godot/modules/mono/glue/GodotSharp/GodotSharp/Core/GodotTaskScheduler.cs:76)
:: [40] void Godot.Bridge.ScriptManagerBridge.FrameCallback() (/root/godot/modules/mono/glue/GodotSharp/GodotSharp/Core/Bridge/ScriptManagerBridge.cs:84)
:: WARNING: Parent path 'MenuContent/MenuButtonsMargin/MenuButtonsContainer' for node 'MenuButtonsBoxContainer' has vanished when instantiating: 'res://source/ui/menus/main_menu.tscn'.
:: at: instantiate (scene/resources/packed_scene.cpp:205)
:: C# backtrace (most recent call first):
:: [0] Godot.GodotObject Godot.NativeCalls.godot_icall_1_79(nint, nint, int) (/root/godot/modules/mono/glue/GodotSharp/GodotSharp/Generated/NativeCalls.cs:703)
:: [1] Godot.Node Godot.PackedScene.Instantiate(Godot.PackedScene+GenEditState) (/root/godot/modules/mono/glue/GodotSharp/GodotSharp/Generated/GodotObjects/PackedScene.cs:130)
:: [2] Godot.Node GdUnit4.Core.SceneRunner.LoadScene(string)
:: [3] GdUnit4.Core.SceneRunner..ctor(string, bool, bool)
:: [4] GdUnit4.ISceneRunner GdUnit4.ISceneRunner.Load(string, bool, bool)
:: [5] void OmegaSpiral.Tests.UI.Terminal.TerminalBorderDiagnosticsTests+&lt;Test4_CSharpRuntimeDoesNotClearBorders&gt;d__4.MoveNext() (/home/adam/Dev/omega-spiral/chapter-zero/tests/ui/terminal/TerminalBorderDiagnosticsTests.cs:109)
:: [6] void System.Runtime.CompilerServices.AsyncMethodBuilderCore.Start&lt;TStateMachine&gt;(TStateMachine&amp;)
:: [7] System.Threading.Tasks.Task OmegaSpiral.Tests.UI.Terminal.TerminalBorderDiagnosticsTests.Test4_CSharpRuntimeDoesNotClearBorders()
:: [8] object System.Reflection.MethodBaseInvoker.InterpretedInvoke_Method(object, System.IntPtr*)
:: [9] object System.Reflection.MethodBaseInvoker.InvokeWithNoArgs(object, System.Reflection.BindingFlags)
:: [10] object System.Reflection.RuntimeMethodInfo.Invoke(object, System.Reflection.BindingFlags, System.Reflection.Binder, System.Object[], System.Globalization.CultureInfo)
:: [11] void GdUnit4.Core.Execution.ExecutionStage`1+&lt;ExecuteStage&gt;d__37.MoveNext()
:: [12] void System.Runtime.CompilerServices.AsyncMethodBuilderCore.Start&lt;TStateMachine&gt;(TStateMachine&amp;)
:: [13] System.Threading.Tasks.Task GdUnit4.Core.Execution.ExecutionStage`1.ExecuteStage(GdUnit4.Core.Execution.ExecutionContext)
:: [14] void GdUnit4.Core.Execution.ExecutionStage`1+&lt;Execute&gt;d__30.MoveNext()
:: [15] void System.Runtime.CompilerServices.AsyncMethodBuilderCore.Start&lt;TStateMachine&gt;(TStateMachine&amp;)
:: [16] System.Threading.Tasks.Task GdUnit4.Core.Execution.ExecutionStage`1.Execute(GdUnit4.Core.Execution.ExecutionContext)
:: [17] System.Threading.Tasks.Task GdUnit4.Core.Execution.TestCaseExecutionStage.&lt;&gt;n__0(GdUnit4.Core.Execution.ExecutionContext)
:: [18] void GdUnit4.Core.Execution.TestCaseExecutionStage+&lt;Execute&gt;d__1.MoveNext()
:: [19] void System.Runtime.CompilerServices.AsyncMethodBuilderCore.Start&lt;TStateMachine&gt;(TStateMachine&amp;)
:: [20] System.Threading.Tasks.Task GdUnit4.Core.Execution.TestCaseExecutionStage.Execute(GdUnit4.Core.Execution.ExecutionContext)
:: [21] void GdUnit4.Core.Execution.TestSuiteExecutionStage+&lt;RunTestCase&gt;d__15.MoveNext()
:: [22] void System.Threading.ExecutionContext.RunInternal(System.Threading.ExecutionContext, System.Threading.ContextCallback, object)
:: [23] void System.Runtime.CompilerServices.AsyncTaskMethodBuilder`1+AsyncStateMachineBox`1.MoveNext(System.Threading.Thread)
:: [24] void System.Threading.Tasks.AwaitTaskContinuation.RunCallback(System.Threading.ContextCallback, object, System.Threading.Tasks.Task&amp;)
:: [25] void System.Threading.Tasks.Task.RunContinuations(object)
:: [26] bool System.Threading.Tasks.Task`1.TrySetResult(TResult)
:: [27] void System.Runtime.CompilerServices.AsyncTaskMethodBuilder`1.SetExistingTaskResult(System.Threading.Tasks.Task`1[TResult], TResult)
:: [28] void GdUnit4.Core.Execution.BeforeTestExecutionStage+&lt;Execute&gt;d__1.MoveNext()
:: [29] void System.Threading.ExecutionContext.RunInternal(System.Threading.ExecutionContext, System.Threading.ContextCallback, object)
:: [30] void System.Runtime.CompilerServices.AsyncTaskMethodBuilder`1+AsyncStateMachineBox`1.MoveNext(System.Threading.Thread)
:: [31] void System.Threading.Tasks.AwaitTaskContinuation.RunCallback(System.Threading.ContextCallback, object, System.Threading.Tasks.Task&amp;)
:: [32] void System.Threading.Tasks.Task.RunContinuations(object)
:: [33] bool System.Threading.Tasks.Task`1.TrySetResult(TResult)
:: [34] void System.Runtime.CompilerServices.AsyncTaskMethodBuilder`1.SetExistingTaskResult(System.Threading.Tasks.Task`1[TResult], TResult)
:: [35] void GdUnit4.Core.Execution.ExecutionStage`1+&lt;Execute&gt;d__30.MoveNext()
:: [36] void System.Threading.ExecutionContext.RunInternal(System.Threading.ExecutionContext, System.Threading.ContextCallback, object)
:: [37] void System.Runtime.CompilerServices.AsyncTaskMethodBuilder`1+AsyncStateMachineBox`1.MoveNext(System.Threading.Thread)
:: [38] void Godot.GodotSynchronizationContext.ExecutePendingContinuations() (/root/godot/modules/mono/glue/GodotSharp/GodotSharp/Core/GodotSynchronizationContext.cs:51)
:: [39] void Godot.GodotTaskScheduler.Activate() (/root/godot/modules/mono/glue/GodotSharp/GodotSharp/Core/GodotTaskScheduler.cs:76)
:: [40] void Godot.Bridge.ScriptManagerBridge.FrameCallback() (/root/godot/modules/mono/glue/GodotSharp/GodotSharp/Core/Bridge/ScriptManagerBridge.cs:84)
:: WARNING: Parent path 'MenuContent/MenuButtonsMargin/MenuButtonsContainer/MenuButtonsBoxContainer' for node 'StartButton' has vanished when instantiating: 'res://source/ui/menus/main_menu.tscn'.
:: at: instantiate (scene/resources/packed_scene.cpp:205)
:: C# backtrace (most recent call first):
:: [0] Godot.GodotObject Godot.NativeCalls.godot_icall_1_79(nint, nint, int) (/root/godot/modules/mono/glue/GodotSharp/GodotSharp/Generated/NativeCalls.cs:703)
:: [1] Godot.Node Godot.PackedScene.Instantiate(Godot.PackedScene+GenEditState) (/root/godot/modules/mono/glue/GodotSharp/GodotSharp/Generated/GodotObjects/PackedScene.cs:130)
:: [2] Godot.Node GdUnit4.Core.SceneRunner.LoadScene(string)
:: [3] GdUnit4.Core.SceneRunner..ctor(string, bool, bool)
:: [4] GdUnit4.ISceneRunner GdUnit4.ISceneRunner.Load(string, bool, bool)
:: [5] void OmegaSpiral.Tests.UI.Terminal.TerminalBorderDiagnosticsTests+&lt;Test4_CSharpRuntimeDoesNotClearBorders&gt;d__4.MoveNext() (/home/adam/Dev/omega-spiral/chapter-zero/tests/ui/terminal/TerminalBorderDiagnosticsTests.cs:109)
:: [6] void System.Runtime.CompilerServices.AsyncMethodBuilderCore.Start&lt;TStateMachine&gt;(TStateMachine&amp;)
:: [7] System.Threading.Tasks.Task OmegaSpiral.Tests.UI.Terminal.TerminalBorderDiagnosticsTests.Test4_CSharpRuntimeDoesNotClearBorders()
:: [8] object System.Reflection.MethodBaseInvoker.InterpretedInvoke_Method(object, System.IntPtr*)
:: [9] object System.Reflection.MethodBaseInvoker.InvokeWithNoArgs(object, System.Reflection.BindingFlags)
:: [10] object System.Reflection.RuntimeMethodInfo.Invoke(object, System.Reflection.BindingFlags, System.Reflection.Binder, System.Object[], System.Globalization.CultureInfo)
:: [11] void GdUnit4.Core.Execution.ExecutionStage`1+&lt;ExecuteStage&gt;d__37.MoveNext()
:: [12] void System.Runtime.CompilerServices.AsyncMethodBuilderCore.Start&lt;TStateMachine&gt;(TStateMachine&amp;)
:: [13] System.Threading.Tasks.Task GdUnit4.Core.Execution.ExecutionStage`1.ExecuteStage(GdUnit4.Core.Execution.ExecutionContext)
:: [14] void GdUnit4.Core.Execution.ExecutionStage`1+&lt;Execute&gt;d__30.MoveNext()
:: [15] void System.Runtime.CompilerServices.AsyncMethodBuilderCore.Start&lt;TStateMachine&gt;(TStateMachine&amp;)
:: [16] System.Threading.Tasks.Task GdUnit4.Core.Execution.ExecutionStage`1.Execute(GdUnit4.Core.Execution.ExecutionContext)
:: [17] System.Threading.Tasks.Task GdUnit4.Core.Execution.TestCaseExecutionStage.&lt;&gt;n__0(GdUnit4.Core.Execution.ExecutionContext)
:: [18] void GdUnit4.Core.Execution.TestCaseExecutionStage+&lt;Execute&gt;d__1.MoveNext()
:: [19] void System.Runtime.CompilerServices.AsyncMethodBuilderCore.Start&lt;TStateMachine&gt;(TStateMachine&amp;)
:: [20] System.Threading.Tasks.Task GdUnit4.Core.Execution.TestCaseExecutionStage.Execute(GdUnit4.Core.Execution.ExecutionContext)
:: [21] void GdUnit4.Core.Execution.TestSuiteExecutionStage+&lt;RunTestCase&gt;d__15.MoveNext()
:: [22] void System.Threading.ExecutionContext.RunInternal(System.Threading.ExecutionContext, System.Threading.ContextCallback, object)
:: [23] void System.Runtime.CompilerServices.AsyncTaskMethodBuilder`1+AsyncStateMachineBox`1.MoveNext(System.Threading.Thread)
:: [24] void System.Threading.Tasks.AwaitTaskContinuation.RunCallback(System.Threading.ContextCallback, object, System.Threading.Tasks.Task&amp;)
:: [25] void System.Threading.Tasks.Task.RunContinuations(object)
:: [26] bool System.Threading.Tasks.Task`1.TrySetResult(TResult)
:: [27] void System.Runtime.CompilerServices.AsyncTaskMethodBuilder`1.SetExistingTaskResult(System.Threading.Tasks.Task`1[TResult], TResult)
:: [28] void GdUnit4.Core.Execution.BeforeTestExecutionStage+&lt;Execute&gt;d__1.MoveNext()
:: [29] void System.Threading.ExecutionContext.RunInternal(System.Threading.ExecutionContext, System.Threading.ContextCallback, object)
:: [30] void System.Runtime.CompilerServices.AsyncTaskMethodBuilder`1+AsyncStateMachineBox`1.MoveNext(System.Threading.Thread)
:: [31] void System.Threading.Tasks.AwaitTaskContinuation.RunCallback(System.Threading.ContextCallback, object, System.Threading.Tasks.Task&amp;)
:: [32] void System.Threading.Tasks.Task.RunContinuations(object)
:: [33] bool System.Threading.Tasks.Task`1.TrySetResult(TResult)
:: [34] void System.Runtime.CompilerServices.AsyncTaskMethodBuilder`1.SetExistingTaskResult(System.Threading.Tasks.Task`1[TResult], TResult)
:: [35] void GdUnit4.Core.Execution.ExecutionStage`1+&lt;Execute&gt;d__30.MoveNext()
:: [36] void System.Threading.ExecutionContext.RunInternal(System.Threading.ExecutionContext, System.Threading.ContextCallback, object)
:: [37] void System.Runtime.CompilerServices.AsyncTaskMethodBuilder`1+AsyncStateMachineBox`1.MoveNext(System.Threading.Thread)
:: [38] void Godot.GodotSynchronizationContext.ExecutePendingContinuations() (/root/godot/modules/mono/glue/GodotSharp/GodotSharp/Core/GodotSynchronizationContext.cs:51)
:: [39] void Godot.GodotTaskScheduler.Activate() (/root/godot/modules/mono/glue/GodotSharp/GodotSharp/Core/GodotTaskScheduler.cs:76)
:: [40] void Godot.Bridge.ScriptManagerBridge.FrameCallback() (/root/godot/modules/mono/glue/GodotSharp/GodotSharp/Core/Bridge/ScriptManagerBridge.cs:84)
:: WARNING: Parent path 'MenuContent/MenuButtonsMargin/MenuButtonsContainer/MenuButtonsBoxContainer' for node 'Stage1Button' has vanished when instantiating: 'res://source/ui/menus/main_menu.tscn'.
:: at: instantiate (scene/resources/packed_scene.cpp:205)
:: C# backtrace (most recent call first):
:: [0] Godot.GodotObject Godot.NativeCalls.godot_icall_1_79(nint, nint, int) (/root/godot/modules/mono/glue/GodotSharp/GodotSharp/Generated/NativeCalls.cs:703)
:: [1] Godot.Node Godot.PackedScene.Instantiate(Godot.PackedScene+GenEditState) (/root/godot/modules/mono/glue/GodotSharp/GodotSharp/Generated/GodotObjects/PackedScene.cs:130)
:: [2] Godot.Node GdUnit4.Core.SceneRunner.LoadScene(string)
:: [3] GdUnit4.Core.SceneRunner..ctor(string, bool, bool)
:: [4] GdUnit4.ISceneRunner GdUnit4.ISceneRunner.Load(string, bool, bool)
:: [5] void OmegaSpiral.Tests.UI.Terminal.TerminalBorderDiagnosticsTests+&lt;Test4_CSharpRuntimeDoesNotClearBorders&gt;d__4.MoveNext() (/home/adam/Dev/omega-spiral/chapter-zero/tests/ui/terminal/TerminalBorderDiagnosticsTests.cs:109)
:: [6] void System.Runtime.CompilerServices.AsyncMethodBuilderCore.Start&lt;TStateMachine&gt;(TStateMachine&amp;)
:: [7] System.Threading.Tasks.Task OmegaSpiral.Tests.UI.Terminal.TerminalBorderDiagnosticsTests.Test4_CSharpRuntimeDoesNotClearBorders()
:: [8] object System.Reflection.MethodBaseInvoker.InterpretedInvoke_Method(object, System.IntPtr*)
:: [9] object System.Reflection.MethodBaseInvoker.InvokeWithNoArgs(object, System.Reflection.BindingFlags)
:: [10] object System.Reflection.RuntimeMethodInfo.Invoke(object, System.Reflection.BindingFlags, System.Reflection.Binder, System.Object[], System.Globalization.CultureInfo)
:: [11] void GdUnit4.Core.Execution.ExecutionStage`1+&lt;ExecuteStage&gt;d__37.MoveNext()
:: [12] void System.Runtime.CompilerServices.AsyncMethodBuilderCore.Start&lt;TStateMachine&gt;(TStateMachine&amp;)
:: [13] System.Threading.Tasks.Task GdUnit4.Core.Execution.ExecutionStage`1.ExecuteStage(GdUnit4.Core.Execution.ExecutionContext)
:: [14] void GdUnit4.Core.Execution.ExecutionStage`1+&lt;Execute&gt;d__30.MoveNext()
:: [15] void System.Runtime.CompilerServices.AsyncMethodBuilderCore.Start&lt;TStateMachine&gt;(TStateMachine&amp;)
:: [16] System.Threading.Tasks.Task GdUnit4.Core.Execution.ExecutionStage`1.Execute(GdUnit4.Core.Execution.ExecutionContext)
:: [17] System.Threading.Tasks.Task GdUnit4.Core.Execution.TestCaseExecutionStage.&lt;&gt;n__0(GdUnit4.Core.Execution.ExecutionContext)
:: [18] void GdUnit4.Core.Execution.TestCaseExecutionStage+&lt;Execute&gt;d__1.MoveNext()
:: [19] void System.Runtime.CompilerServices.AsyncMethodBuilderCore.Start&lt;TStateMachine&gt;(TStateMachine&amp;)
:: [20] System.Threading.Tasks.Task GdUnit4.Core.Execution.TestCaseExecutionStage.Execute(GdUnit4.Core.Execution.ExecutionContext)
:: [21] void GdUnit4.Core.Execution.TestSuiteExecutionStage+&lt;RunTestCase&gt;d__15.MoveNext()
:: [22] void System.Threading.ExecutionContext.RunInternal(System.Threading.ExecutionContext, System.Threading.ContextCallback, object)
:: [23] void System.Runtime.CompilerServices.AsyncTaskMethodBuilder`1+AsyncStateMachineBox`1.MoveNext(System.Threading.Thread)
:: [24] void System.Threading.Tasks.AwaitTaskContinuation.RunCallback(System.Threading.ContextCallback, object, System.Threading.Tasks.Task&amp;)
:: [25] void System.Threading.Tasks.Task.RunContinuations(object)
:: [26] bool System.Threading.Tasks.Task`1.TrySetResult(TResult)
:: [27] void System.Runtime.CompilerServices.AsyncTaskMethodBuilder`1.SetExistingTaskResult(System.Threading.Tasks.Task`1[TResult], TResult)
:: [28] void GdUnit4.Core.Execution.BeforeTestExecutionStage+&lt;Execute&gt;d__1.MoveNext()
:: [29] void System.Threading.ExecutionContext.RunInternal(System.Threading.ExecutionContext, System.Threading.ContextCallback, object)
:: [30] void System.Runtime.CompilerServices.AsyncTaskMethodBuilder`1+AsyncStateMachineBox`1.MoveNext(System.Threading.Thread)
:: [31] void System.Threading.Tasks.AwaitTaskContinuation.RunCallback(System.Threading.ContextCallback, object, System.Threading.Tasks.Task&amp;)
:: [32] void System.Threading.Tasks.Task.RunContinuations(object)
:: [33] bool System.Threading.Tasks.Task`1.TrySetResult(TResult)
:: [34] void System.Runtime.CompilerServices.AsyncTaskMethodBuilder`1.SetExistingTaskResult(System.Threading.Tasks.Task`1[TResult], TResult)
:: [35] void GdUnit4.Core.Execution.ExecutionStage`1+&lt;Execute&gt;d__30.MoveNext()
:: [36] void System.Threading.ExecutionContext.RunInternal(System.Threading.ExecutionContext, System.Threading.ContextCallback, object)
:: [37] void System.Runtime.CompilerServices.AsyncTaskMethodBuilder`1+AsyncStateMachineBox`1.MoveNext(System.Threading.Thread)
:: [38] void Godot.GodotSynchronizationContext.ExecutePendingContinuations() (/root/godot/modules/mono/glue/GodotSharp/GodotSharp/Core/GodotSynchronizationContext.cs:51)
:: [39] void Godot.GodotTaskScheduler.Activate() (/root/godot/modules/mono/glue/GodotSharp/GodotSharp/Core/GodotTaskScheduler.cs:76)
:: [40] void Godot.Bridge.ScriptManagerBridge.FrameCallback() (/root/godot/modules/mono/glue/GodotSharp/GodotSharp/Core/Bridge/ScriptManagerBridge.cs:84)
:: WARNING: Parent path 'MenuContent/MenuButtonsMargin/MenuButtonsContainer/MenuButtonsBoxContainer' for node 'Stage2Button' has vanished when instantiating: 'res://source/ui/menus/main_menu.tscn'.
:: at: instantiate (scene/resources/packed_scene.cpp:205)
:: C# backtrace (most recent call first):
:: [0] Godot.GodotObject Godot.NativeCalls.godot_icall_1_79(nint, nint, int) (/root/godot/modules/mono/glue/GodotSharp/GodotSharp/Generated/NativeCalls.cs:703)
:: [1] Godot.Node Godot.PackedScene.Instantiate(Godot.PackedScene+GenEditState) (/root/godot/modules/mono/glue/GodotSharp/GodotSharp/Generated/GodotObjects/PackedScene.cs:130)
:: [2] Godot.Node GdUnit4.Core.SceneRunner.LoadScene(string)
:: [3] GdUnit4.Core.SceneRunner..ctor(string, bool, bool)
:: [4] GdUnit4.ISceneRunner GdUnit4.ISceneRunner.Load(string, bool, bool)
:: [5] void OmegaSpiral.Tests.UI.Terminal.TerminalBorderDiagnosticsTests+&lt;Test4_CSharpRuntimeDoesNotClearBorders&gt;d__4.MoveNext() (/home/adam/Dev/omega-spiral/chapter-zero/tests/ui/terminal/TerminalBorderDiagnosticsTests.cs:109)
:: [6] void System.Runtime.CompilerServices.AsyncMethodBuilderCore.Start&lt;TStateMachine&gt;(TStateMachine&amp;)
:: [7] System.Threading.Tasks.Task OmegaSpiral.Tests.UI.Terminal.TerminalBorderDiagnosticsTests.Test4_CSharpRuntimeDoesNotClearBorders()
:: [8] object System.Reflection.MethodBaseInvoker.InterpretedInvoke_Method(object, System.IntPtr*)
:: [9] object System.Reflection.MethodBaseInvoker.InvokeWithNoArgs(object, System.Reflection.BindingFlags)
:: [10] object System.Reflection.RuntimeMethodInfo.Invoke(object, System.Reflection.BindingFlags, System.Reflection.Binder, System.Object[], System.Globalization.CultureInfo)
:: [11] void GdUnit4.Core.Execution.ExecutionStage`1+&lt;ExecuteStage&gt;d__37.MoveNext()
:: [12] void System.Runtime.CompilerServices.AsyncMethodBuilderCore.Start&lt;TStateMachine&gt;(TStateMachine&amp;)
:: [13] System.Threading.Tasks.Task GdUnit4.Core.Execution.ExecutionStage`1.ExecuteStage(GdUnit4.Core.Execution.ExecutionContext)
:: [14] void GdUnit4.Core.Execution.ExecutionStage`1+&lt;Execute&gt;d__30.MoveNext()
:: [15] void System.Runtime.CompilerServices.AsyncMethodBuilderCore.Start&lt;TStateMachine&gt;(TStateMachine&amp;)
:: [16] System.Threading.Tasks.Task GdUnit4.Core.Execution.ExecutionStage`1.Execute(GdUnit4.Core.Execution.ExecutionContext)
:: [17] System.Threading.Tasks.Task GdUnit4.Core.Execution.TestCaseExecutionStage.&lt;&gt;n__0(GdUnit4.Core.Execution.ExecutionContext)
:: [18] void GdUnit4.Core.Execution.TestCaseExecutionStage+&lt;Execute&gt;d__1.MoveNext()
:: [19] void System.Runtime.CompilerServices.AsyncMethodBuilderCore.Start&lt;TStateMachine&gt;(TStateMachine&amp;)
:: [20] System.Threading.Tasks.Task GdUnit4.Core.Execution.TestCaseExecutionStage.Execute(GdUnit4.Core.Execution.ExecutionContext)
:: [21] void GdUnit4.Core.Execution.TestSuiteExecutionStage+&lt;RunTestCase&gt;d__15.MoveNext()
:: [22] void System.Threading.ExecutionContext.RunInternal(System.Threading.ExecutionContext, System.Threading.ContextCallback, object)
:: [23] void System.Runtime.CompilerServices.AsyncTaskMethodBuilder`1+AsyncStateMachineBox`1.MoveNext(System.Threading.Thread)
:: [24] void System.Threading.Tasks.AwaitTaskContinuation.RunCallback(System.Threading.ContextCallback, object, System.Threading.Tasks.Task&amp;)
:: [25] void System.Threading.Tasks.Task.RunContinuations(object)
:: [26] bool System.Threading.Tasks.Task`1.TrySetResult(TResult)
:: [27] void System.Runtime.CompilerServices.AsyncTaskMethodBuilder`1.SetExistingTaskResult(System.Threading.Tasks.Task`1[TResult], TResult)
:: [28] void GdUnit4.Core.Execution.BeforeTestExecutionStage+&lt;Execute&gt;d__1.MoveNext()
:: [29] void System.Threading.ExecutionContext.RunInternal(System.Threading.ExecutionContext, System.Threading.ContextCallback, object)
:: [30] void System.Runtime.CompilerServices.AsyncTaskMethodBuilder`1+AsyncStateMachineBox`1.MoveNext(System.Threading.Thread)
:: [31] void System.Threading.Tasks.AwaitTaskContinuation.RunCallback(System.Threading.ContextCallback, object, System.Threading.Tasks.Task&amp;)
:: [32] void System.Threading.Tasks.Task.RunContinuations(object)
:: [33] bool System.Threading.Tasks.Task`1.TrySetResult(TResult)
:: [34] void System.Runtime.CompilerServices.AsyncTaskMethodBuilder`1.SetExistingTaskResult(System.Threading.Tasks.Task`1[TResult], TResult)
:: [35] void GdUnit4.Core.Execution.ExecutionStage`1+&lt;Execute&gt;d__30.MoveNext()
:: [36] void System.Threading.ExecutionContext.RunInternal(System.Threading.ExecutionContext, System.Threading.ContextCallback, object)
:: [37] void System.Runtime.CompilerServices.AsyncTaskMethodBuilder`1+AsyncStateMachineBox`1.MoveNext(System.Threading.Thread)
:: [38] void Godot.GodotSynchronizationContext.ExecutePendingContinuations() (/root/godot/modules/mono/glue/GodotSharp/GodotSharp/Core/GodotSynchronizationContext.cs:51)
:: [39] void Godot.GodotTaskScheduler.Activate() (/root/godot/modules/mono/glue/GodotSharp/GodotSharp/Core/GodotTaskScheduler.cs:76)
:: [40] void Godot.Bridge.ScriptManagerBridge.FrameCallback() (/root/godot/modules/mono/glue/GodotSharp/GodotSharp/Core/Bridge/ScriptManagerBridge.cs:84)
:: WARNING: Parent path 'MenuContent/MenuButtonsMargin/MenuButtonsContainer/MenuButtonsBoxContainer' for node 'Stage3Button' has vanished when instantiating: 'res://source/ui/menus/main_menu.tscn'.
:: at: instantiate (scene/resources/packed_scene.cpp:205)
:: C# backtrace (most recent call first):
:: [0] Godot.GodotObject Godot.NativeCalls.godot_icall_1_79(nint, nint, int) (/root/godot/modules/mono/glue/GodotSharp/GodotSharp/Generated/NativeCalls.cs:703)
:: [1] Godot.Node Godot.PackedScene.Instantiate(Godot.PackedScene+GenEditState) (/root/godot/modules/mono/glue/GodotSharp/GodotSharp/Generated/GodotObjects/PackedScene.cs:130)
:: [2] Godot.Node GdUnit4.Core.SceneRunner.LoadScene(string)
:: [3] GdUnit4.Core.SceneRunner..ctor(string, bool, bool)
:: [4] GdUnit4.ISceneRunner GdUnit4.ISceneRunner.Load(string, bool, bool)
:: [5] void OmegaSpiral.Tests.UI.Terminal.TerminalBorderDiagnosticsTests+&lt;Test4_CSharpRuntimeDoesNotClearBorders&gt;d__4.MoveNext() (/home/adam/Dev/omega-spiral/chapter-zero/tests/ui/terminal/TerminalBorderDiagnosticsTests.cs:109)
:: [6] void System.Runtime.CompilerServices.AsyncMethodBuilderCore.Start&lt;TStateMachine&gt;(TStateMachine&amp;)
:: [7] System.Threading.Tasks.Task OmegaSpiral.Tests.UI.Terminal.TerminalBorderDiagnosticsTests.Test4_CSharpRuntimeDoesNotClearBorders()
:: [8] object System.Reflection.MethodBaseInvoker.InterpretedInvoke_Method(object, System.IntPtr*)
:: [9] object System.Reflection.MethodBaseInvoker.InvokeWithNoArgs(object, System.Reflection.BindingFlags)
:: [10] object System.Reflection.RuntimeMethodInfo.Invoke(object, System.Reflection.BindingFlags, System.Reflection.Binder, System.Object[], System.Globalization.CultureInfo)
:: [11] void GdUnit4.Core.Execution.ExecutionStage`1+&lt;ExecuteStage&gt;d__37.MoveNext()
:: [12] void System.Runtime.CompilerServices.AsyncMethodBuilderCore.Start&lt;TStateMachine&gt;(TStateMachine&amp;)
:: [13] System.Threading.Tasks.Task GdUnit4.Core.Execution.ExecutionStage`1.ExecuteStage(GdUnit4.Core.Execution.ExecutionContext)
:: [14] void GdUnit4.Core.Execution.ExecutionStage`1+&lt;Execute&gt;d__30.MoveNext()
:: [15] void System.Runtime.CompilerServices.AsyncMethodBuilderCore.Start&lt;TStateMachine&gt;(TStateMachine&amp;)
:: [16] System.Threading.Tasks.Task GdUnit4.Core.Execution.ExecutionStage`1.Execute(GdUnit4.Core.Execution.ExecutionContext)
:: [17] System.Threading.Tasks.Task GdUnit4.Core.Execution.TestCaseExecutionStage.&lt;&gt;n__0(GdUnit4.Core.Execution.ExecutionContext)
:: [18] void GdUnit4.Core.Execution.TestCaseExecutionStage+&lt;Execute&gt;d__1.MoveNext()
:: [19] void System.Runtime.CompilerServices.AsyncMethodBuilderCore.Start&lt;TStateMachine&gt;(TStateMachine&amp;)
:: [20] System.Threading.Tasks.Task GdUnit4.Core.Execution.TestCaseExecutionStage.Execute(GdUnit4.Core.Execution.ExecutionContext)
:: [21] void GdUnit4.Core.Execution.TestSuiteExecutionStage+&lt;RunTestCase&gt;d__15.MoveNext()
:: [22] void System.Threading.ExecutionContext.RunInternal(System.Threading.ExecutionContext, System.Threading.ContextCallback, object)
:: [23] void System.Runtime.CompilerServices.AsyncTaskMethodBuilder`1+AsyncStateMachineBox`1.MoveNext(System.Threading.Thread)
:: [24] void System.Threading.Tasks.AwaitTaskContinuation.RunCallback(System.Threading.ContextCallback, object, System.Threading.Tasks.Task&amp;)
:: [25] void System.Threading.Tasks.Task.RunContinuations(object)
:: [26] bool System.Threading.Tasks.Task`1.TrySetResult(TResult)
:: [27] void System.Runtime.CompilerServices.AsyncTaskMethodBuilder`1.SetExistingTaskResult(System.Threading.Tasks.Task`1[TResult], TResult)
:: [28] void GdUnit4.Core.Execution.BeforeTestExecutionStage+&lt;Execute&gt;d__1.MoveNext()
:: [29] void System.Threading.ExecutionContext.RunInternal(System.Threading.ExecutionContext, System.Threading.ContextCallback, object)
:: [30] void System.Runtime.CompilerServices.AsyncTaskMethodBuilder`1+AsyncStateMachineBox`1.MoveNext(System.Threading.Thread)
:: [31] void System.Threading.Tasks.AwaitTaskContinuation.RunCallback(System.Threading.ContextCallback, object, System.Threading.Tasks.Task&amp;)
:: [32] void System.Threading.Tasks.Task.RunContinuations(object)
:: [33] bool System.Threading.Tasks.Task`1.TrySetResult(TResult)
:: [34] void System.Runtime.CompilerServices.AsyncTaskMethodBuilder`1.SetExistingTaskResult(System.Threading.Tasks.Task`1[TResult], TResult)
:: [35] void GdUnit4.Core.Execution.ExecutionStage`1+&lt;Execute&gt;d__30.MoveNext()
:: [36] void System.Threading.ExecutionContext.RunInternal(System.Threading.ExecutionContext, System.Threading.ContextCallback, object)
:: [37] void System.Runtime.CompilerServices.AsyncTaskMethodBuilder`1+AsyncStateMachineBox`1.MoveNext(System.Threading.Thread)
:: [38] void Godot.GodotSynchronizationContext.ExecutePendingContinuations() (/root/godot/modules/mono/glue/GodotSharp/GodotSharp/Core/GodotSynchronizationContext.cs:51)
:: [39] void Godot.GodotTaskScheduler.Activate() (/root/godot/modules/mono/glue/GodotSharp/GodotSharp/Core/GodotTaskScheduler.cs:76)
:: [40] void Godot.Bridge.ScriptManagerBridge.FrameCallback() (/root/godot/modules/mono/glue/GodotSharp/GodotSharp/Core/Bridge/ScriptManagerBridge.cs:84)
:: WARNING: Parent path 'MenuContent/MenuButtonsMargin/MenuButtonsContainer/MenuButtonsBoxContainer' for node 'Stage4Button' has vanished when instantiating: 'res://source/ui/menus/main_menu.tscn'.
:: at: instantiate (scene/resources/packed_scene.cpp:205)
:: C# backtrace (most recent call first):
:: [0] Godot.GodotObject Godot.NativeCalls.godot_icall_1_79(nint, nint, int) (/root/godot/modules/mono/glue/GodotSharp/GodotSharp/Generated/NativeCalls.cs:703)
:: [1] Godot.Node Godot.PackedScene.Instantiate(Godot.PackedScene+GenEditState) (/root/godot/modules/mono/glue/GodotSharp/GodotSharp/Generated/GodotObjects/PackedScene.cs:130)
:: [2] Godot.Node GdUnit4.Core.SceneRunner.LoadScene(string)
:: [3] GdUnit4.Core.SceneRunner..ctor(string, bool, bool)
:: [4] GdUnit4.ISceneRunner GdUnit4.ISceneRunner.Load(string, bool, bool)
:: [5] void OmegaSpiral.Tests.UI.Terminal.TerminalBorderDiagnosticsTests+&lt;Test4_CSharpRuntimeDoesNotClearBorders&gt;d__4.MoveNext() (/home/adam/Dev/omega-spiral/chapter-zero/tests/ui/terminal/TerminalBorderDiagnosticsTests.cs:109)
:: [6] void System.Runtime.CompilerServices.AsyncMethodBuilderCore.Start&lt;TStateMachine&gt;(TStateMachine&amp;)
:: [7] System.Threading.Tasks.Task OmegaSpiral.Tests.UI.Terminal.TerminalBorderDiagnosticsTests.Test4_CSharpRuntimeDoesNotClearBorders()
:: [8] object System.Reflection.MethodBaseInvoker.InterpretedInvoke_Method(object, System.IntPtr*)
:: [9] object System.Reflection.MethodBaseInvoker.InvokeWithNoArgs(object, System.Reflection.BindingFlags)
:: [10] object System.Reflection.RuntimeMethodInfo.Invoke(object, System.Reflection.BindingFlags, System.Reflection.Binder, System.Object[], System.Globalization.CultureInfo)
:: [11] void GdUnit4.Core.Execution.ExecutionStage`1+&lt;ExecuteStage&gt;d__37.MoveNext()
:: [12] void System.Runtime.CompilerServices.AsyncMethodBuilderCore.Start&lt;TStateMachine&gt;(TStateMachine&amp;)
:: [13] System.Threading.Tasks.Task GdUnit4.Core.Execution.ExecutionStage`1.ExecuteStage(GdUnit4.Core.Execution.ExecutionContext)
:: [14] void GdUnit4.Core.Execution.ExecutionStage`1+&lt;Execute&gt;d__30.MoveNext()
:: [15] void System.Runtime.CompilerServices.AsyncMethodBuilderCore.Start&lt;TStateMachine&gt;(TStateMachine&amp;)
:: [16] System.Threading.Tasks.Task GdUnit4.Core.Execution.ExecutionStage`1.Execute(GdUnit4.Core.Execution.ExecutionContext)
:: [17] System.Threading.Tasks.Task GdUnit4.Core.Execution.TestCaseExecutionStage.&lt;&gt;n__0(GdUnit4.Core.Execution.ExecutionContext)
:: [18] void GdUnit4.Core.Execution.TestCaseExecutionStage+&lt;Execute&gt;d__1.MoveNext()
:: [19] void System.Runtime.CompilerServices.AsyncMethodBuilderCore.Start&lt;TStateMachine&gt;(TStateMachine&amp;)
:: [20] System.Threading.Tasks.Task GdUnit4.Core.Execution.TestCaseExecutionStage.Execute(GdUnit4.Core.Execution.ExecutionContext)
:: [21] void GdUnit4.Core.Execution.TestSuiteExecutionStage+&lt;RunTestCase&gt;d__15.MoveNext()
:: [22] void System.Threading.ExecutionContext.RunInternal(System.Threading.ExecutionContext, System.Threading.ContextCallback, object)
:: [23] void System.Runtime.CompilerServices.AsyncTaskMethodBuilder`1+AsyncStateMachineBox`1.MoveNext(System.Threading.Thread)
:: [24] void System.Threading.Tasks.AwaitTaskContinuation.RunCallback(System.Threading.ContextCallback, object, System.Threading.Tasks.Task&amp;)
:: [25] void System.Threading.Tasks.Task.RunContinuations(object)
:: [26] bool System.Threading.Tasks.Task`1.TrySetResult(TResult)
:: [27] void System.Runtime.CompilerServices.AsyncTaskMethodBuilder`1.SetExistingTaskResult(System.Threading.Tasks.Task`1[TResult], TResult)
:: [28] void GdUnit4.Core.Execution.BeforeTestExecutionStage+&lt;Execute&gt;d__1.MoveNext()
:: [29] void System.Threading.ExecutionContext.RunInternal(System.Threading.ExecutionContext, System.Threading.ContextCallback, object)
:: [30] void System.Runtime.CompilerServices.AsyncTaskMethodBuilder`1+AsyncStateMachineBox`1.MoveNext(System.Threading.Thread)
:: [31] void System.Threading.Tasks.AwaitTaskContinuation.RunCallback(System.Threading.ContextCallback, object, System.Threading.Tasks.Task&amp;)
:: [32] void System.Threading.Tasks.Task.RunContinuations(object)
:: [33] bool System.Threading.Tasks.Task`1.TrySetResult(TResult)
:: [34] void System.Runtime.CompilerServices.AsyncTaskMethodBuilder`1.SetExistingTaskResult(System.Threading.Tasks.Task`1[TResult], TResult)
:: [35] void GdUnit4.Core.Execution.ExecutionStage`1+&lt;Execute&gt;d__30.MoveNext()
:: [36] void System.Threading.ExecutionContext.RunInternal(System.Threading.ExecutionContext, System.Threading.ContextCallback, object)
:: [37] void System.Runtime.CompilerServices.AsyncTaskMethodBuilder`1+AsyncStateMachineBox`1.MoveNext(System.Threading.Thread)
:: [38] void Godot.GodotSynchronizationContext.ExecutePendingContinuations() (/root/godot/modules/mono/glue/GodotSharp/GodotSharp/Core/GodotSynchronizationContext.cs:51)
:: [39] void Godot.GodotTaskScheduler.Activate() (/root/godot/modules/mono/glue/GodotSharp/GodotSharp/Core/GodotTaskScheduler.cs:76)
:: [40] void Godot.Bridge.ScriptManagerBridge.FrameCallback() (/root/godot/modules/mono/glue/GodotSharp/GodotSharp/Core/Bridge/ScriptManagerBridge.cs:84)
:: WARNING: Parent path 'MenuContent/MenuButtonsMargin/MenuButtonsContainer/MenuButtonsBoxContainer' for node 'Stage5Button' has vanished when instantiating: 'res://source/ui/menus/main_menu.tscn'.
:: at: instantiate (scene/resources/packed_scene.cpp:205)
:: C# backtrace (most recent call first):
:: [0] Godot.GodotObject Godot.NativeCalls.godot_icall_1_79(nint, nint, int) (/root/godot/modules/mono/glue/GodotSharp/GodotSharp/Generated/NativeCalls.cs:703)
:: [1] Godot.Node Godot.PackedScene.Instantiate(Godot.PackedScene+GenEditState) (/root/godot/modules/mono/glue/GodotSharp/GodotSharp/Generated/GodotObjects/PackedScene.cs:130)
:: [2] Godot.Node GdUnit4.Core.SceneRunner.LoadScene(string)
:: [3] GdUnit4.Core.SceneRunner..ctor(string, bool, bool)
:: [4] GdUnit4.ISceneRunner GdUnit4.ISceneRunner.Load(string, bool, bool)
:: [5] void OmegaSpiral.Tests.UI.Terminal.TerminalBorderDiagnosticsTests+&lt;Test4_CSharpRuntimeDoesNotClearBorders&gt;d__4.MoveNext() (/home/adam/Dev/omega-spiral/chapter-zero/tests/ui/terminal/TerminalBorderDiagnosticsTests.cs:109)
:: [6] void System.Runtime.CompilerServices.AsyncMethodBuilderCore.Start&lt;TStateMachine&gt;(TStateMachine&amp;)
:: [7] System.Threading.Tasks.Task OmegaSpiral.Tests.UI.Terminal.TerminalBorderDiagnosticsTests.Test4_CSharpRuntimeDoesNotClearBorders()
:: [8] object System.Reflection.MethodBaseInvoker.InterpretedInvoke_Method(object, System.IntPtr*)
:: [9] object System.Reflection.MethodBaseInvoker.InvokeWithNoArgs(object, System.Reflection.BindingFlags)
:: [10] object System.Reflection.RuntimeMethodInfo.Invoke(object, System.Reflection.BindingFlags, System.Reflection.Binder, System.Object[], System.Globalization.CultureInfo)
:: [11] void GdUnit4.Core.Execution.ExecutionStage`1+&lt;ExecuteStage&gt;d__37.MoveNext()
:: [12] void System.Runtime.CompilerServices.AsyncMethodBuilderCore.Start&lt;TStateMachine&gt;(TStateMachine&amp;)
:: [13] System.Threading.Tasks.Task GdUnit4.Core.Execution.ExecutionStage`1.ExecuteStage(GdUnit4.Core.Execution.ExecutionContext)
:: [14] void GdUnit4.Core.Execution.ExecutionStage`1+&lt;Execute&gt;d__30.MoveNext()
:: [15] void System.Runtime.CompilerServices.AsyncMethodBuilderCore.Start&lt;TStateMachine&gt;(TStateMachine&amp;)
:: [16] System.Threading.Tasks.Task GdUnit4.Core.Execution.ExecutionStage`1.Execute(GdUnit4.Core.Execution.ExecutionContext)
:: [17] System.Threading.Tasks.Task GdUnit4.Core.Execution.TestCaseExecutionStage.&lt;&gt;n__0(GdUnit4.Core.Execution.ExecutionContext)
:: [18] void GdUnit4.Core.Execution.TestCaseExecutionStage+&lt;Execute&gt;d__1.MoveNext()
:: [19] void System.Runtime.CompilerServices.AsyncMethodBuilderCore.Start&lt;TStateMachine&gt;(TStateMachine&amp;)
:: [20] System.Threading.Tasks.Task GdUnit4.Core.Execution.TestCaseExecutionStage.Execute(GdUnit4.Core.Execution.ExecutionContext)
:: [21] void GdUnit4.Core.Execution.TestSuiteExecutionStage+&lt;RunTestCase&gt;d__15.MoveNext()
:: [22] void System.Threading.ExecutionContext.RunInternal(System.Threading.ExecutionContext, System.Threading.ContextCallback, object)
:: [23] void System.Runtime.CompilerServices.AsyncTaskMethodBuilder`1+AsyncStateMachineBox`1.MoveNext(System.Threading.Thread)
:: [24] void System.Threading.Tasks.AwaitTaskContinuation.RunCallback(System.Threading.ContextCallback, object, System.Threading.Tasks.Task&amp;)
:: [25] void System.Threading.Tasks.Task.RunContinuations(object)
:: [26] bool System.Threading.Tasks.Task`1.TrySetResult(TResult)
:: [27] void System.Runtime.CompilerServices.AsyncTaskMethodBuilder`1.SetExistingTaskResult(System.Threading.Tasks.Task`1[TResult], TResult)
:: [28] void GdUnit4.Core.Execution.BeforeTestExecutionStage+&lt;Execute&gt;d__1.MoveNext()
:: [29] void System.Threading.ExecutionContext.RunInternal(System.Threading.ExecutionContext, System.Threading.ContextCallback, object)
:: [30] void System.Runtime.CompilerServices.AsyncTaskMethodBuilder`1+AsyncStateMachineBox`1.MoveNext(System.Threading.Thread)
:: [31] void System.Threading.Tasks.AwaitTaskContinuation.RunCallback(System.Threading.ContextCallback, object, System.Threading.Tasks.Task&amp;)
:: [32] void System.Threading.Tasks.Task.RunContinuations(object)
:: [33] bool System.Threading.Tasks.Task`1.TrySetResult(TResult)
:: [34] void System.Runtime.CompilerServices.AsyncTaskMethodBuilder`1.SetExistingTaskResult(System.Threading.Tasks.Task`1[TResult], TResult)
:: [35] void GdUnit4.Core.Execution.ExecutionStage`1+&lt;Execute&gt;d__30.MoveNext()
:: [36] void System.Threading.ExecutionContext.RunInternal(System.Threading.ExecutionContext, System.Threading.ContextCallback, object)
:: [37] void System.Runtime.CompilerServices.AsyncTaskMethodBuilder`1+AsyncStateMachineBox`1.MoveNext(System.Threading.Thread)
:: [38] void Godot.GodotSynchronizationContext.ExecutePendingContinuations() (/root/godot/modules/mono/glue/GodotSharp/GodotSharp/Core/GodotSynchronizationContext.cs:51)
:: [39] void Godot.GodotTaskScheduler.Activate() (/root/godot/modules/mono/glue/GodotSharp/GodotSharp/Core/GodotTaskScheduler.cs:76)
:: [40] void Godot.Bridge.ScriptManagerBridge.FrameCallback() (/root/godot/modules/mono/glue/GodotSharp/GodotSharp/Core/Bridge/ScriptManagerBridge.cs:84)
:: WARNING: Parent path 'MenuContent/MenuButtonsMargin/MenuButtonsContainer/MenuButtonsBoxContainer' for node 'OptionsButton' has vanished when instantiating: 'res://source/ui/menus/main_menu.tscn'.
:: at: instantiate (scene/resources/packed_scene.cpp:205)
:: C# backtrace (most recent call first):
:: [0] Godot.GodotObject Godot.NativeCalls.godot_icall_1_79(nint, nint, int) (/root/godot/modules/mono/glue/GodotSharp/GodotSharp/Generated/NativeCalls.cs:703)
:: [1] Godot.Node Godot.PackedScene.Instantiate(Godot.PackedScene+GenEditState) (/root/godot/modules/mono/glue/GodotSharp/GodotSharp/Generated/GodotObjects/PackedScene.cs:130)
:: [2] Godot.Node GdUnit4.Core.SceneRunner.LoadScene(string)
:: [3] GdUnit4.Core.SceneRunner..ctor(string, bool, bool)
:: [4] GdUnit4.ISceneRunner GdUnit4.ISceneRunner.Load(string, bool, bool)
:: [5] void OmegaSpiral.Tests.UI.Terminal.TerminalBorderDiagnosticsTests+&lt;Test4_CSharpRuntimeDoesNotClearBorders&gt;d__4.MoveNext() (/home/adam/Dev/omega-spiral/chapter-zero/tests/ui/terminal/TerminalBorderDiagnosticsTests.cs:109)
:: [6] void System.Runtime.CompilerServices.AsyncMethodBuilderCore.Start&lt;TStateMachine&gt;(TStateMachine&amp;)
:: [7] System.Threading.Tasks.Task OmegaSpiral.Tests.UI.Terminal.TerminalBorderDiagnosticsTests.Test4_CSharpRuntimeDoesNotClearBorders()
:: [8] object System.Reflection.MethodBaseInvoker.InterpretedInvoke_Method(object, System.IntPtr*)
:: [9] object System.Reflection.MethodBaseInvoker.InvokeWithNoArgs(object, System.Reflection.BindingFlags)
:: [10] object System.Reflection.RuntimeMethodInfo.Invoke(object, System.Reflection.BindingFlags, System.Reflection.Binder, System.Object[], System.Globalization.CultureInfo)
:: [11] void GdUnit4.Core.Execution.ExecutionStage`1+&lt;ExecuteStage&gt;d__37.MoveNext()
:: [12] void System.Runtime.CompilerServices.AsyncMethodBuilderCore.Start&lt;TStateMachine&gt;(TStateMachine&amp;)
:: [13] System.Threading.Tasks.Task GdUnit4.Core.Execution.ExecutionStage`1.ExecuteStage(GdUnit4.Core.Execution.ExecutionContext)
:: [14] void GdUnit4.Core.Execution.ExecutionStage`1+&lt;Execute&gt;d__30.MoveNext()
:: [15] void System.Runtime.CompilerServices.AsyncMethodBuilderCore.Start&lt;TStateMachine&gt;(TStateMachine&amp;)
:: [16] System.Threading.Tasks.Task GdUnit4.Core.Execution.ExecutionStage`1.Execute(GdUnit4.Core.Execution.ExecutionContext)
:: [17] System.Threading.Tasks.Task GdUnit4.Core.Execution.TestCaseExecutionStage.&lt;&gt;n__0(GdUnit4.Core.Execution.ExecutionContext)
:: [18] void GdUnit4.Core.Execution.TestCaseExecutionStage+&lt;Execute&gt;d__1.MoveNext()
:: [19] void System.Runtime.CompilerServices.AsyncMethodBuilderCore.Start&lt;TStateMachine&gt;(TStateMachine&amp;)
:: [20] System.Threading.Tasks.Task GdUnit4.Core.Execution.TestCaseExecutionStage.Execute(GdUnit4.Core.Execution.ExecutionContext)
:: [21] void GdUnit4.Core.Execution.TestSuiteExecutionStage+&lt;RunTestCase&gt;d__15.MoveNext()
:: [22] void System.Threading.ExecutionContext.RunInternal(System.Threading.ExecutionContext, System.Threading.ContextCallback, object)
:: [23] void System.Runtime.CompilerServices.AsyncTaskMethodBuilder`1+AsyncStateMachineBox`1.MoveNext(System.Threading.Thread)
:: [24] void System.Threading.Tasks.AwaitTaskContinuation.RunCallback(System.Threading.ContextCallback, object, System.Threading.Tasks.Task&amp;)
:: [25] void System.Threading.Tasks.Task.RunContinuations(object)
:: [26] bool System.Threading.Tasks.Task`1.TrySetResult(TResult)
:: [27] void System.Runtime.CompilerServices.AsyncTaskMethodBuilder`1.SetExistingTaskResult(System.Threading.Tasks.Task`1[TResult], TResult)
:: [28] void GdUnit4.Core.Execution.BeforeTestExecutionStage+&lt;Execute&gt;d__1.MoveNext()
:: [29] void System.Threading.ExecutionContext.RunInternal(System.Threading.ExecutionContext, System.Threading.ContextCallback, object)
:: [30] void System.Runtime.CompilerServices.AsyncTaskMethodBuilder`1+AsyncStateMachineBox`1.MoveNext(System.Threading.Thread)
:: [31] void System.Threading.Tasks.AwaitTaskContinuation.RunCallback(System.Threading.ContextCallback, object, System.Threading.Tasks.Task&amp;)
:: [32] void System.Threading.Tasks.Task.RunContinuations(object)
:: [33] bool System.Threading.Tasks.Task`1.TrySetResult(TResult)
:: [34] void System.Runtime.CompilerServices.AsyncTaskMethodBuilder`1.SetExistingTaskResult(System.Threading.Tasks.Task`1[TResult], TResult)
:: [35] void GdUnit4.Core.Execution.ExecutionStage`1+&lt;Execute&gt;d__30.MoveNext()
:: [36] void System.Threading.ExecutionContext.RunInternal(System.Threading.ExecutionContext, System.Threading.ContextCallback, object)
:: [37] void System.Runtime.CompilerServices.AsyncTaskMethodBuilder`1+AsyncStateMachineBox`1.MoveNext(System.Threading.Thread)
:: [38] void Godot.GodotSynchronizationContext.ExecutePendingContinuations() (/root/godot/modules/mono/glue/GodotSharp/GodotSharp/Core/GodotSynchronizationContext.cs:51)
:: [39] void Godot.GodotTaskScheduler.Activate() (/root/godot/modules/mono/glue/GodotSharp/GodotSharp/Core/GodotTaskScheduler.cs:76)
:: [40] void Godot.Bridge.ScriptManagerBridge.FrameCallback() (/root/godot/modules/mono/glue/GodotSharp/GodotSharp/Core/Bridge/ScriptManagerBridge.cs:84)
:: WARNING: Parent path 'MenuContent/MenuButtonsMargin/MenuButtonsContainer/MenuButtonsBoxContainer' for node 'HSeparator2' has vanished when instantiating: 'res://source/ui/menus/main_menu.tscn'.
:: at: instantiate (scene/resources/packed_scene.cpp:205)
:: C# backtrace (most recent call first):
:: [0] Godot.GodotObject Godot.NativeCalls.godot_icall_1_79(nint, nint, int) (/root/godot/modules/mono/glue/GodotSharp/GodotSharp/Generated/NativeCalls.cs:703)
:: [1] Godot.Node Godot.PackedScene.Instantiate(Godot.PackedScene+GenEditState) (/root/godot/modules/mono/glue/GodotSharp/GodotSharp/Generated/GodotObjects/PackedScene.cs:130)
:: [2] Godot.Node GdUnit4.Core.SceneRunner.LoadScene(string)
:: [3] GdUnit4.Core.SceneRunner..ctor(string, bool, bool)
:: [4] GdUnit4.ISceneRunner GdUnit4.ISceneRunner.Load(string, bool, bool)
:: [5] void OmegaSpiral.Tests.UI.Terminal.TerminalBorderDiagnosticsTests+&lt;Test4_CSharpRuntimeDoesNotClearBorders&gt;d__4.MoveNext() (/home/adam/Dev/omega-spiral/chapter-zero/tests/ui/terminal/TerminalBorderDiagnosticsTests.cs:109)
:: [6] void System.Runtime.CompilerServices.AsyncMethodBuilderCore.Start&lt;TStateMachine&gt;(TStateMachine&amp;)
:: [7] System.Threading.Tasks.Task OmegaSpiral.Tests.UI.Terminal.TerminalBorderDiagnosticsTests.Test4_CSharpRuntimeDoesNotClearBorders()
:: [8] object System.Reflection.MethodBaseInvoker.InterpretedInvoke_Method(object, System.IntPtr*)
:: [9] object System.Reflection.MethodBaseInvoker.InvokeWithNoArgs(object, System.Reflection.BindingFlags)
:: [10] object System.Reflection.RuntimeMethodInfo.Invoke(object, System.Reflection.BindingFlags, System.Reflection.Binder, System.Object[], System.Globalization.CultureInfo)
:: [11] void GdUnit4.Core.Execution.ExecutionStage`1+&lt;ExecuteStage&gt;d__37.MoveNext()
:: [12] void System.Runtime.CompilerServices.AsyncMethodBuilderCore.Start&lt;TStateMachine&gt;(TStateMachine&amp;)
:: [13] System.Threading.Tasks.Task GdUnit4.Core.Execution.ExecutionStage`1.ExecuteStage(GdUnit4.Core.Execution.ExecutionContext)
:: [14] void GdUnit4.Core.Execution.ExecutionStage`1+&lt;Execute&gt;d__30.MoveNext()
:: [15] void System.Runtime.CompilerServices.AsyncMethodBuilderCore.Start&lt;TStateMachine&gt;(TStateMachine&amp;)
:: [16] System.Threading.Tasks.Task GdUnit4.Core.Execution.ExecutionStage`1.Execute(GdUnit4.Core.Execution.ExecutionContext)
:: [17] System.Threading.Tasks.Task GdUnit4.Core.Execution.TestCaseExecutionStage.&lt;&gt;n__0(GdUnit4.Core.Execution.ExecutionContext)
:: [18] void GdUnit4.Core.Execution.TestCaseExecutionStage+&lt;Execute&gt;d__1.MoveNext()
:: [19] void System.Runtime.CompilerServices.AsyncMethodBuilderCore.Start&lt;TStateMachine&gt;(TStateMachine&amp;)
:: [20] System.Threading.Tasks.Task GdUnit4.Core.Execution.TestCaseExecutionStage.Execute(GdUnit4.Core.Execution.ExecutionContext)
:: [21] void GdUnit4.Core.Execution.TestSuiteExecutionStage+&lt;RunTestCase&gt;d__15.MoveNext()
:: [22] void System.Threading.ExecutionContext.RunInternal(System.Threading.ExecutionContext, System.Threading.ContextCallback, object)
:: [23] void System.Runtime.CompilerServices.AsyncTaskMethodBuilder`1+AsyncStateMachineBox`1.MoveNext(System.Threading.Thread)
:: [24] void System.Threading.Tasks.AwaitTaskContinuation.RunCallback(System.Threading.ContextCallback, object, System.Threading.Tasks.Task&amp;)
:: [25] void System.Threading.Tasks.Task.RunContinuations(object)
:: [26] bool System.Threading.Tasks.Task`1.TrySetResult(TResult)
:: [27] void System.Runtime.CompilerServices.AsyncTaskMethodBuilder`1.SetExistingTaskResult(System.Threading.Tasks.Task`1[TResult], TResult)
:: [28] void GdUnit4.Core.Execution.BeforeTestExecutionStage+&lt;Execute&gt;d__1.MoveNext()
:: [29] void System.Threading.ExecutionContext.RunInternal(System.Threading.ExecutionContext, System.Threading.ContextCallback, object)
:: [30] void System.Runtime.CompilerServices.AsyncTaskMethodBuilder`1+AsyncStateMachineBox`1.MoveNext(System.Threading.Thread)
:: [31] void System.Threading.Tasks.AwaitTaskContinuation.RunCallback(System.Threading.ContextCallback, object, System.Threading.Tasks.Task&amp;)
:: [32] void System.Threading.Tasks.Task.RunContinuations(object)
:: [33] bool System.Threading.Tasks.Task`1.TrySetResult(TResult)
:: [34] void System.Runtime.CompilerServices.AsyncTaskMethodBuilder`1.SetExistingTaskResult(System.Threading.Tasks.Task`1[TResult], TResult)
:: [35] void GdUnit4.Core.Execution.ExecutionStage`1+&lt;Execute&gt;d__30.MoveNext()
:: [36] void System.Threading.ExecutionContext.RunInternal(System.Threading.ExecutionContext, System.Threading.ContextCallback, object)
:: [37] void System.Runtime.CompilerServices.AsyncTaskMethodBuilder`1+AsyncStateMachineBox`1.MoveNext(System.Threading.Thread)
:: [38] void Godot.GodotSynchronizationContext.ExecutePendingContinuations() (/root/godot/modules/mono/glue/GodotSharp/GodotSharp/Core/GodotSynchronizationContext.cs:51)
:: [39] void Godot.GodotTaskScheduler.Activate() (/root/godot/modules/mono/glue/GodotSharp/GodotSharp/Core/GodotTaskScheduler.cs:76)
:: [40] void Godot.Bridge.ScriptManagerBridge.FrameCallback() (/root/godot/modules/mono/glue/GodotSharp/GodotSharp/Core/Bridge/ScriptManagerBridge.cs:84)
:: WARNING: Parent path 'MenuContent/MenuButtonsMargin/MenuButtonsContainer/MenuButtonsBoxContainer' for node 'QuitButton' has vanished when instantiating: 'res://source/ui/menus/main_menu.tscn'.
:: at: instantiate (scene/resources/packed_scene.cpp:205)
:: C# backtrace (most recent call first):
:: [0] Godot.GodotObject Godot.NativeCalls.godot_icall_1_79(nint, nint, int) (/root/godot/modules/mono/glue/GodotSharp/GodotSharp/Generated/NativeCalls.cs:703)
:: [1] Godot.Node Godot.PackedScene.Instantiate(Godot.PackedScene+GenEditState) (/root/godot/modules/mono/glue/GodotSharp/GodotSharp/Generated/GodotObjects/PackedScene.cs:130)
:: [2] Godot.Node GdUnit4.Core.SceneRunner.LoadScene(string)
:: [3] GdUnit4.Core.SceneRunner..ctor(string, bool, bool)
:: [4] GdUnit4.ISceneRunner GdUnit4.ISceneRunner.Load(string, bool, bool)
:: [5] void OmegaSpiral.Tests.UI.Terminal.TerminalBorderDiagnosticsTests+&lt;Test4_CSharpRuntimeDoesNotClearBorders&gt;d__4.MoveNext() (/home/adam/Dev/omega-spiral/chapter-zero/tests/ui/terminal/TerminalBorderDiagnosticsTests.cs:109)
:: [6] void System.Runtime.CompilerServices.AsyncMethodBuilderCore.Start&lt;TStateMachine&gt;(TStateMachine&amp;)
:: [7] System.Threading.Tasks.Task OmegaSpiral.Tests.UI.Terminal.TerminalBorderDiagnosticsTests.Test4_CSharpRuntimeDoesNotClearBorders()
:: [8] object System.Reflection.MethodBaseInvoker.InterpretedInvoke_Method(object, System.IntPtr*)
:: [9] object System.Reflection.MethodBaseInvoker.InvokeWithNoArgs(object, System.Reflection.BindingFlags)
:: [10] object System.Reflection.RuntimeMethodInfo.Invoke(object, System.Reflection.BindingFlags, System.Reflection.Binder, System.Object[], System.Globalization.CultureInfo)
:: [11] void GdUnit4.Core.Execution.ExecutionStage`1+&lt;ExecuteStage&gt;d__37.MoveNext()
:: [12] void System.Runtime.CompilerServices.AsyncMethodBuilderCore.Start&lt;TStateMachine&gt;(TStateMachine&amp;)
:: [13] System.Threading.Tasks.Task GdUnit4.Core.Execution.ExecutionStage`1.ExecuteStage(GdUnit4.Core.Execution.ExecutionContext)
:: [14] void GdUnit4.Core.Execution.ExecutionStage`1+&lt;Execute&gt;d__30.MoveNext()
:: [15] void System.Runtime.CompilerServices.AsyncMethodBuilderCore.Start&lt;TStateMachine&gt;(TStateMachine&amp;)
:: [16] System.Threading.Tasks.Task GdUnit4.Core.Execution.ExecutionStage`1.Execute(GdUnit4.Core.Execution.ExecutionContext)
:: [17] System.Threading.Tasks.Task GdUnit4.Core.Execution.TestCaseExecutionStage.&lt;&gt;n__0(GdUnit4.Core.Execution.ExecutionContext)
:: [18] void GdUnit4.Core.Execution.TestCaseExecutionStage+&lt;Execute&gt;d__1.MoveNext()
:: [19] void System.Runtime.CompilerServices.AsyncMethodBuilderCore.Start&lt;TStateMachine&gt;(TStateMachine&amp;)
:: [20] System.Threading.Tasks.Task GdUnit4.Core.Execution.TestCaseExecutionStage.Execute(GdUnit4.Core.Execution.ExecutionContext)
:: [21] void GdUnit4.Core.Execution.TestSuiteExecutionStage+&lt;RunTestCase&gt;d__15.MoveNext()
:: [22] void System.Threading.ExecutionContext.RunInternal(System.Threading.ExecutionContext, System.Threading.ContextCallback, object)
:: [23] void System.Runtime.CompilerServices.AsyncTaskMethodBuilder`1+AsyncStateMachineBox`1.MoveNext(System.Threading.Thread)
:: [24] void System.Threading.Tasks.AwaitTaskContinuation.RunCallback(System.Threading.ContextCallback, object, System.Threading.Tasks.Task&amp;)
:: [25] void System.Threading.Tasks.Task.RunContinuations(object)
:: [26] bool System.Threading.Tasks.Task`1.TrySetResult(TResult)
:: [27] void System.Runtime.CompilerServices.AsyncTaskMethodBuilder`1.SetExistingTaskResult(System.Threading.Tasks.Task`1[TResult], TResult)
:: [28] void GdUnit4.Core.Execution.BeforeTestExecutionStage+&lt;Execute&gt;d__1.MoveNext()
:: [29] void System.Threading.ExecutionContext.RunInternal(System.Threading.ExecutionContext, System.Threading.ContextCallback, object)
:: [30] void System.Runtime.CompilerServices.AsyncTaskMethodBuilder`1+AsyncStateMachineBox`1.MoveNext(System.Threading.Thread)
:: [31] void System.Threading.Tasks.AwaitTaskContinuation.RunCallback(System.Threading.ContextCallback, object, System.Threading.Tasks.Task&amp;)
:: [32] void System.Threading.Tasks.Task.RunContinuations(object)
:: [33] bool System.Threading.Tasks.Task`1.TrySetResult(TResult)
:: [34] void System.Runtime.CompilerServices.AsyncTaskMethodBuilder`1.SetExistingTaskResult(System.Threading.Tasks.Task`1[TResult], TResult)
:: [35] void GdUnit4.Core.Execution.ExecutionStage`1+&lt;Execute&gt;d__30.MoveNext()
:: [36] void System.Threading.ExecutionContext.RunInternal(System.Threading.ExecutionContext, System.Threading.ContextCallback, object)
:: [37] void System.Runtime.CompilerServices.AsyncTaskMethodBuilder`1+AsyncStateMachineBox`1.MoveNext(System.Threading.Thread)
:: [38] void Godot.GodotSynchronizationContext.ExecutePendingContinuations() (/root/godot/modules/mono/glue/GodotSharp/GodotSharp/Core/GodotSynchronizationContext.cs:51)
:: [39] void Godot.GodotTaskScheduler.Activate() (/root/godot/modules/mono/glue/GodotSharp/GodotSharp/Core/GodotTaskScheduler.cs:76)
:: [40] void Godot.Bridge.ScriptManagerBridge.FrameCallback() (/root/godot/modules/mono/glue/GodotSharp/GodotSharp/Core/Bridge/ScriptManagerBridge.cs:84)
    Main Menu loaded and centered.
    [TerminalWindow] BEFORE: Bezel offsets = L:0, T:0, R:0, B:0
    [TerminalWindow] AFTER: Applied bezel constraints: viewport=(1152, 648), margins=(64, 48)
    [TerminalWindow] AFTER: Bezel offsets = L:64, T:48, R:-64, B:-48
:: WARNING: Parent path 'MenuContent' for node 'TitleMargin' has vanished when instantiating: 'res://source/ui/menus/main_menu.tscn'.
:: at: instantiate (scene/resources/packed_scene.cpp:205)
:: C# backtrace (most recent call first):
:: [0] Godot.GodotObject Godot.NativeCalls.godot_icall_1_79(nint, nint, int) (/root/godot/modules/mono/glue/GodotSharp/GodotSharp/Generated/NativeCalls.cs:703)
:: [1] Godot.Node Godot.PackedScene.Instantiate(Godot.PackedScene+GenEditState) (/root/godot/modules/mono/glue/GodotSharp/GodotSharp/Generated/GodotObjects/PackedScene.cs:130)
:: [2] Godot.Node GdUnit4.Core.SceneRunner.LoadScene(string)
:: [3] GdUnit4.Core.SceneRunner..ctor(string, bool, bool)
:: [4] GdUnit4.ISceneRunner GdUnit4.ISceneRunner.Load(string, bool, bool)
:: [5] void OmegaSpiral.Tests.UI.Terminal.TerminalBorderDiagnosticsTests+&lt;Test5_TerminalFrameSizeAllowsBorderVisibility&gt;d__5.MoveNext() (/home/adam/Dev/omega-spiral/chapter-zero/tests/ui/terminal/TerminalBorderDiagnosticsTests.cs:136)
:: [6] void System.Runtime.CompilerServices.AsyncMethodBuilderCore.Start&lt;TStateMachine&gt;(TStateMachine&amp;)
:: [7] System.Threading.Tasks.Task OmegaSpiral.Tests.UI.Terminal.TerminalBorderDiagnosticsTests.Test5_TerminalFrameSizeAllowsBorderVisibility()
:: [8] object System.Reflection.MethodBaseInvoker.InterpretedInvoke_Method(object, System.IntPtr*)
:: [9] object System.Reflection.MethodBaseInvoker.InvokeWithNoArgs(object, System.Reflection.BindingFlags)
:: [10] object System.Reflection.RuntimeMethodInfo.Invoke(object, System.Reflection.BindingFlags, System.Reflection.Binder, System.Object[], System.Globalization.CultureInfo)
:: [11] void GdUnit4.Core.Execution.ExecutionStage`1+&lt;ExecuteStage&gt;d__37.MoveNext()
:: [12] void System.Runtime.CompilerServices.AsyncMethodBuilderCore.Start&lt;TStateMachine&gt;(TStateMachine&amp;)
:: [13] System.Threading.Tasks.Task GdUnit4.Core.Execution.ExecutionStage`1.ExecuteStage(GdUnit4.Core.Execution.ExecutionContext)
:: [14] void GdUnit4.Core.Execution.ExecutionStage`1+&lt;Execute&gt;d__30.MoveNext()
:: [15] void System.Runtime.CompilerServices.AsyncMethodBuilderCore.Start&lt;TStateMachine&gt;(TStateMachine&amp;)
:: [16] System.Threading.Tasks.Task GdUnit4.Core.Execution.ExecutionStage`1.Execute(GdUnit4.Core.Execution.ExecutionContext)
:: [17] System.Threading.Tasks.Task GdUnit4.Core.Execution.TestCaseExecutionStage.&lt;&gt;n__0(GdUnit4.Core.Execution.ExecutionContext)
:: [18] void GdUnit4.Core.Execution.TestCaseExecutionStage+&lt;Execute&gt;d__1.MoveNext()
:: [19] void System.Runtime.CompilerServices.AsyncMethodBuilderCore.Start&lt;TStateMachine&gt;(TStateMachine&amp;)
:: [20] System.Threading.Tasks.Task GdUnit4.Core.Execution.TestCaseExecutionStage.Execute(GdUnit4.Core.Execution.ExecutionContext)
:: [21] void GdUnit4.Core.Execution.TestSuiteExecutionStage+&lt;RunTestCase&gt;d__15.MoveNext()
:: [22] void System.Threading.ExecutionContext.RunInternal(System.Threading.ExecutionContext, System.Threading.ContextCallback, object)
:: [23] void System.Runtime.CompilerServices.AsyncTaskMethodBuilder`1+AsyncStateMachineBox`1.MoveNext(System.Threading.Thread)
:: [24] void System.Threading.Tasks.AwaitTaskContinuation.RunCallback(System.Threading.ContextCallback, object, System.Threading.Tasks.Task&amp;)
:: [25] void System.Threading.Tasks.Task.RunContinuations(object)
:: [26] bool System.Threading.Tasks.Task`1.TrySetResult(TResult)
:: [27] void System.Runtime.CompilerServices.AsyncTaskMethodBuilder`1.SetExistingTaskResult(System.Threading.Tasks.Task`1[TResult], TResult)
:: [28] void GdUnit4.Core.Execution.BeforeTestExecutionStage+&lt;Execute&gt;d__1.MoveNext()
:: [29] void System.Threading.ExecutionContext.RunInternal(System.Threading.ExecutionContext, System.Threading.ContextCallback, object)
:: [30] void System.Runtime.CompilerServices.AsyncTaskMethodBuilder`1+AsyncStateMachineBox`1.MoveNext(System.Threading.Thread)
:: [31] void System.Threading.Tasks.AwaitTaskContinuation.RunCallback(System.Threading.ContextCallback, object, System.Threading.Tasks.Task&amp;)
:: [32] void System.Threading.Tasks.Task.RunContinuations(object)
:: [33] bool System.Threading.Tasks.Task`1.TrySetResult(TResult)
:: [34] void System.Runtime.CompilerServices.AsyncTaskMethodBuilder`1.SetExistingTaskResult(System.Threading.Tasks.Task`1[TResult], TResult)
:: [35] void GdUnit4.Core.Execution.ExecutionStage`1+&lt;Execute&gt;d__30.MoveNext()
:: [36] void System.Threading.ExecutionContext.RunInternal(System.Threading.ExecutionContext, System.Threading.ContextCallback, object)
:: [37] void System.Runtime.CompilerServices.AsyncTaskMethodBuilder`1+AsyncStateMachineBox`1.MoveNext(System.Threading.Thread)
:: [38] void Godot.GodotSynchronizationContext.ExecutePendingContinuations() (/root/godot/modules/mono/glue/GodotSharp/GodotSharp/Core/GodotSynchronizationContext.cs:51)
:: [39] void Godot.GodotTaskScheduler.Activate() (/root/godot/modules/mono/glue/GodotSharp/GodotSharp/Core/GodotTaskScheduler.cs:76)
:: [40] void Godot.Bridge.ScriptManagerBridge.FrameCallback() (/root/godot/modules/mono/glue/GodotSharp/GodotSharp/Core/Bridge/ScriptManagerBridge.cs:84)
:: WARNING: Parent path 'MenuContent/TitleMargin' for node 'TitleLabel' has vanished when instantiating: 'res://source/ui/menus/main_menu.tscn'.
:: at: instantiate (scene/resources/packed_scene.cpp:205)
:: C# backtrace (most recent call first):
:: [0] Godot.GodotObject Godot.NativeCalls.godot_icall_1_79(nint, nint, int) (/root/godot/modules/mono/glue/GodotSharp/GodotSharp/Generated/NativeCalls.cs:703)
:: [1] Godot.Node Godot.PackedScene.Instantiate(Godot.PackedScene+GenEditState) (/root/godot/modules/mono/glue/GodotSharp/GodotSharp/Generated/GodotObjects/PackedScene.cs:130)
:: [2] Godot.Node GdUnit4.Core.SceneRunner.LoadScene(string)
:: [3] GdUnit4.Core.SceneRunner..ctor(string, bool, bool)
:: [4] GdUnit4.ISceneRunner GdUnit4.ISceneRunner.Load(string, bool, bool)
:: [5] void OmegaSpiral.Tests.UI.Terminal.TerminalBorderDiagnosticsTests+&lt;Test5_TerminalFrameSizeAllowsBorderVisibility&gt;d__5.MoveNext() (/home/adam/Dev/omega-spiral/chapter-zero/tests/ui/terminal/TerminalBorderDiagnosticsTests.cs:136)
:: [6] void System.Runtime.CompilerServices.AsyncMethodBuilderCore.Start&lt;TStateMachine&gt;(TStateMachine&amp;)
:: [7] System.Threading.Tasks.Task OmegaSpiral.Tests.UI.Terminal.TerminalBorderDiagnosticsTests.Test5_TerminalFrameSizeAllowsBorderVisibility()
:: [8] object System.Reflection.MethodBaseInvoker.InterpretedInvoke_Method(object, System.IntPtr*)
:: [9] object System.Reflection.MethodBaseInvoker.InvokeWithNoArgs(object, System.Reflection.BindingFlags)
:: [10] object System.Reflection.RuntimeMethodInfo.Invoke(object, System.Reflection.BindingFlags, System.Reflection.Binder, System.Object[], System.Globalization.CultureInfo)
:: [11] void GdUnit4.Core.Execution.ExecutionStage`1+&lt;ExecuteStage&gt;d__37.MoveNext()
:: [12] void System.Runtime.CompilerServices.AsyncMethodBuilderCore.Start&lt;TStateMachine&gt;(TStateMachine&amp;)
:: [13] System.Threading.Tasks.Task GdUnit4.Core.Execution.ExecutionStage`1.ExecuteStage(GdUnit4.Core.Execution.ExecutionContext)
:: [14] void GdUnit4.Core.Execution.ExecutionStage`1+&lt;Execute&gt;d__30.MoveNext()
:: [15] void System.Runtime.CompilerServices.AsyncMethodBuilderCore.Start&lt;TStateMachine&gt;(TStateMachine&amp;)
:: [16] System.Threading.Tasks.Task GdUnit4.Core.Execution.ExecutionStage`1.Execute(GdUnit4.Core.Execution.ExecutionContext)
:: [17] System.Threading.Tasks.Task GdUnit4.Core.Execution.TestCaseExecutionStage.&lt;&gt;n__0(GdUnit4.Core.Execution.ExecutionContext)
:: [18] void GdUnit4.Core.Execution.TestCaseExecutionStage+&lt;Execute&gt;d__1.MoveNext()
:: [19] void System.Runtime.CompilerServices.AsyncMethodBuilderCore.Start&lt;TStateMachine&gt;(TStateMachine&amp;)
:: [20] System.Threading.Tasks.Task GdUnit4.Core.Execution.TestCaseExecutionStage.Execute(GdUnit4.Core.Execution.ExecutionContext)
:: [21] void GdUnit4.Core.Execution.TestSuiteExecutionStage+&lt;RunTestCase&gt;d__15.MoveNext()
:: [22] void System.Threading.ExecutionContext.RunInternal(System.Threading.ExecutionContext, System.Threading.ContextCallback, object)
:: [23] void System.Runtime.CompilerServices.AsyncTaskMethodBuilder`1+AsyncStateMachineBox`1.MoveNext(System.Threading.Thread)
:: [24] void System.Threading.Tasks.AwaitTaskContinuation.RunCallback(System.Threading.ContextCallback, object, System.Threading.Tasks.Task&amp;)
:: [25] void System.Threading.Tasks.Task.RunContinuations(object)
:: [26] bool System.Threading.Tasks.Task`1.TrySetResult(TResult)
:: [27] void System.Runtime.CompilerServices.AsyncTaskMethodBuilder`1.SetExistingTaskResult(System.Threading.Tasks.Task`1[TResult], TResult)
:: [28] void GdUnit4.Core.Execution.BeforeTestExecutionStage+&lt;Execute&gt;d__1.MoveNext()
:: [29] void System.Threading.ExecutionContext.RunInternal(System.Threading.ExecutionContext, System.Threading.ContextCallback, object)
:: [30] void System.Runtime.CompilerServices.AsyncTaskMethodBuilder`1+AsyncStateMachineBox`1.MoveNext(System.Threading.Thread)
:: [31] void System.Threading.Tasks.AwaitTaskContinuation.RunCallback(System.Threading.ContextCallback, object, System.Threading.Tasks.Task&amp;)
:: [32] void System.Threading.Tasks.Task.RunContinuations(object)
:: [33] bool System.Threading.Tasks.Task`1.TrySetResult(TResult)
:: [34] void System.Runtime.CompilerServices.AsyncTaskMethodBuilder`1.SetExistingTaskResult(System.Threading.Tasks.Task`1[TResult], TResult)
:: [35] void GdUnit4.Core.Execution.ExecutionStage`1+&lt;Execute&gt;d__30.MoveNext()
:: [36] void System.Threading.ExecutionContext.RunInternal(System.Threading.ExecutionContext, System.Threading.ContextCallback, object)
:: [37] void System.Runtime.CompilerServices.AsyncTaskMethodBuilder`1+AsyncStateMachineBox`1.MoveNext(System.Threading.Thread)
:: [38] void Godot.GodotSynchronizationContext.ExecutePendingContinuations() (/root/godot/modules/mono/glue/GodotSharp/GodotSharp/Core/GodotSynchronizationContext.cs:51)
:: [39] void Godot.GodotTaskScheduler.Activate() (/root/godot/modules/mono/glue/GodotSharp/GodotSharp/Core/GodotTaskScheduler.cs:76)
:: [40] void Godot.Bridge.ScriptManagerBridge.FrameCallback() (/root/godot/modules/mono/glue/GodotSharp/GodotSharp/Core/Bridge/ScriptManagerBridge.cs:84)
:: WARNING: Parent path 'MenuContent' for node 'DescriptionMargin' has vanished when instantiating: 'res://source/ui/menus/main_menu.tscn'.
:: at: instantiate (scene/resources/packed_scene.cpp:205)
:: C# backtrace (most recent call first):
:: [0] Godot.GodotObject Godot.NativeCalls.godot_icall_1_79(nint, nint, int) (/root/godot/modules/mono/glue/GodotSharp/GodotSharp/Generated/NativeCalls.cs:703)
:: [1] Godot.Node Godot.PackedScene.Instantiate(Godot.PackedScene+GenEditState) (/root/godot/modules/mono/glue/GodotSharp/GodotSharp/Generated/GodotObjects/PackedScene.cs:130)
:: [2] Godot.Node GdUnit4.Core.SceneRunner.LoadScene(string)
:: [3] GdUnit4.Core.SceneRunner..ctor(string, bool, bool)
:: [4] GdUnit4.ISceneRunner GdUnit4.ISceneRunner.Load(string, bool, bool)
:: [5] void OmegaSpiral.Tests.UI.Terminal.TerminalBorderDiagnosticsTests+&lt;Test5_TerminalFrameSizeAllowsBorderVisibility&gt;d__5.MoveNext() (/home/adam/Dev/omega-spiral/chapter-zero/tests/ui/terminal/TerminalBorderDiagnosticsTests.cs:136)
:: [6] void System.Runtime.CompilerServices.AsyncMethodBuilderCore.Start&lt;TStateMachine&gt;(TStateMachine&amp;)
:: [7] System.Threading.Tasks.Task OmegaSpiral.Tests.UI.Terminal.TerminalBorderDiagnosticsTests.Test5_TerminalFrameSizeAllowsBorderVisibility()
:: [8] object System.Reflection.MethodBaseInvoker.InterpretedInvoke_Method(object, System.IntPtr*)
:: [9] object System.Reflection.MethodBaseInvoker.InvokeWithNoArgs(object, System.Reflection.BindingFlags)
:: [10] object System.Reflection.RuntimeMethodInfo.Invoke(object, System.Reflection.BindingFlags, System.Reflection.Binder, System.Object[], System.Globalization.CultureInfo)
:: [11] void GdUnit4.Core.Execution.ExecutionStage`1+&lt;ExecuteStage&gt;d__37.MoveNext()
:: [12] void System.Runtime.CompilerServices.AsyncMethodBuilderCore.Start&lt;TStateMachine&gt;(TStateMachine&amp;)
:: [13] System.Threading.Tasks.Task GdUnit4.Core.Execution.ExecutionStage`1.ExecuteStage(GdUnit4.Core.Execution.ExecutionContext)
:: [14] void GdUnit4.Core.Execution.ExecutionStage`1+&lt;Execute&gt;d__30.MoveNext()
:: [15] void System.Runtime.CompilerServices.AsyncMethodBuilderCore.Start&lt;TStateMachine&gt;(TStateMachine&amp;)
:: [16] System.Threading.Tasks.Task GdUnit4.Core.Execution.ExecutionStage`1.Execute(GdUnit4.Core.Execution.ExecutionContext)
:: [17] System.Threading.Tasks.Task GdUnit4.Core.Execution.TestCaseExecutionStage.&lt;&gt;n__0(GdUnit4.Core.Execution.ExecutionContext)
:: [18] void GdUnit4.Core.Execution.TestCaseExecutionStage+&lt;Execute&gt;d__1.MoveNext()
:: [19] void System.Runtime.CompilerServices.AsyncMethodBuilderCore.Start&lt;TStateMachine&gt;(TStateMachine&amp;)
:: [20] System.Threading.Tasks.Task GdUnit4.Core.Execution.TestCaseExecutionStage.Execute(GdUnit4.Core.Execution.ExecutionContext)
:: [21] void GdUnit4.Core.Execution.TestSuiteExecutionStage+&lt;RunTestCase&gt;d__15.MoveNext()
:: [22] void System.Threading.ExecutionContext.RunInternal(System.Threading.ExecutionContext, System.Threading.ContextCallback, object)
:: [23] void System.Runtime.CompilerServices.AsyncTaskMethodBuilder`1+AsyncStateMachineBox`1.MoveNext(System.Threading.Thread)
:: [24] void System.Threading.Tasks.AwaitTaskContinuation.RunCallback(System.Threading.ContextCallback, object, System.Threading.Tasks.Task&amp;)
:: [25] void System.Threading.Tasks.Task.RunContinuations(object)
:: [26] bool System.Threading.Tasks.Task`1.TrySetResult(TResult)
:: [27] void System.Runtime.CompilerServices.AsyncTaskMethodBuilder`1.SetExistingTaskResult(System.Threading.Tasks.Task`1[TResult], TResult)
:: [28] void GdUnit4.Core.Execution.BeforeTestExecutionStage+&lt;Execute&gt;d__1.MoveNext()
:: [29] void System.Threading.ExecutionContext.RunInternal(System.Threading.ExecutionContext, System.Threading.ContextCallback, object)
:: [30] void System.Runtime.CompilerServices.AsyncTaskMethodBuilder`1+AsyncStateMachineBox`1.MoveNext(System.Threading.Thread)
:: [31] void System.Threading.Tasks.AwaitTaskContinuation.RunCallback(System.Threading.ContextCallback, object, System.Threading.Tasks.Task&amp;)
:: [32] void System.Threading.Tasks.Task.RunContinuations(object)
:: [33] bool System.Threading.Tasks.Task`1.TrySetResult(TResult)
:: [34] void System.Runtime.CompilerServices.AsyncTaskMethodBuilder`1.SetExistingTaskResult(System.Threading.Tasks.Task`1[TResult], TResult)
:: [35] void GdUnit4.Core.Execution.ExecutionStage`1+&lt;Execute&gt;d__30.MoveNext()
:: [36] void System.Threading.ExecutionContext.RunInternal(System.Threading.ExecutionContext, System.Threading.ContextCallback, object)
:: [37] void System.Runtime.CompilerServices.AsyncTaskMethodBuilder`1+AsyncStateMachineBox`1.MoveNext(System.Threading.Thread)
:: [38] void Godot.GodotSynchronizationContext.ExecutePendingContinuations() (/root/godot/modules/mono/glue/GodotSharp/GodotSharp/Core/GodotSynchronizationContext.cs:51)
:: [39] void Godot.GodotTaskScheduler.Activate() (/root/godot/modules/mono/glue/GodotSharp/GodotSharp/Core/GodotTaskScheduler.cs:76)
:: [40] void Godot.Bridge.ScriptManagerBridge.FrameCallback() (/root/godot/modules/mono/glue/GodotSharp/GodotSharp/Core/Bridge/ScriptManagerBridge.cs:84)
:: WARNING: Parent path 'MenuContent/DescriptionMargin' for node 'DescriptionLabel' has vanished when instantiating: 'res://source/ui/menus/main_menu.tscn'.
:: at: instantiate (scene/resources/packed_scene.cpp:205)
:: C# backtrace (most recent call first):
:: [0] Godot.GodotObject Godot.NativeCalls.godot_icall_1_79(nint, nint, int) (/root/godot/modules/mono/glue/GodotSharp/GodotSharp/Generated/NativeCalls.cs:703)
:: [1] Godot.Node Godot.PackedScene.Instantiate(Godot.PackedScene+GenEditState) (/root/godot/modules/mono/glue/GodotSharp/GodotSharp/Generated/GodotObjects/PackedScene.cs:130)
:: [2] Godot.Node GdUnit4.Core.SceneRunner.LoadScene(string)
:: [3] GdUnit4.Core.SceneRunner..ctor(string, bool, bool)
:: [4] GdUnit4.ISceneRunner GdUnit4.ISceneRunner.Load(string, bool, bool)
:: [5] void OmegaSpiral.Tests.UI.Terminal.TerminalBorderDiagnosticsTests+&lt;Test5_TerminalFrameSizeAllowsBorderVisibility&gt;d__5.MoveNext() (/home/adam/Dev/omega-spiral/chapter-zero/tests/ui/terminal/TerminalBorderDiagnosticsTests.cs:136)
:: [6] void System.Runtime.CompilerServices.AsyncMethodBuilderCore.Start&lt;TStateMachine&gt;(TStateMachine&amp;)
:: [7] System.Threading.Tasks.Task OmegaSpiral.Tests.UI.Terminal.TerminalBorderDiagnosticsTests.Test5_TerminalFrameSizeAllowsBorderVisibility()
:: [8] object System.Reflection.MethodBaseInvoker.InterpretedInvoke_Method(object, System.IntPtr*)
:: [9] object System.Reflection.MethodBaseInvoker.InvokeWithNoArgs(object, System.Reflection.BindingFlags)
:: [10] object System.Reflection.RuntimeMethodInfo.Invoke(object, System.Reflection.BindingFlags, System.Reflection.Binder, System.Object[], System.Globalization.CultureInfo)
:: [11] void GdUnit4.Core.Execution.ExecutionStage`1+&lt;ExecuteStage&gt;d__37.MoveNext()
:: [12] void System.Runtime.CompilerServices.AsyncMethodBuilderCore.Start&lt;TStateMachine&gt;(TStateMachine&amp;)
:: [13] System.Threading.Tasks.Task GdUnit4.Core.Execution.ExecutionStage`1.ExecuteStage(GdUnit4.Core.Execution.ExecutionContext)
:: [14] void GdUnit4.Core.Execution.ExecutionStage`1+&lt;Execute&gt;d__30.MoveNext()
:: [15] void System.Runtime.CompilerServices.AsyncMethodBuilderCore.Start&lt;TStateMachine&gt;(TStateMachine&amp;)
:: [16] System.Threading.Tasks.Task GdUnit4.Core.Execution.ExecutionStage`1.Execute(GdUnit4.Core.Execution.ExecutionContext)
:: [17] System.Threading.Tasks.Task GdUnit4.Core.Execution.TestCaseExecutionStage.&lt;&gt;n__0(GdUnit4.Core.Execution.ExecutionContext)
:: [18] void GdUnit4.Core.Execution.TestCaseExecutionStage+&lt;Execute&gt;d__1.MoveNext()
:: [19] void System.Runtime.CompilerServices.AsyncMethodBuilderCore.Start&lt;TStateMachine&gt;(TStateMachine&amp;)
:: [20] System.Threading.Tasks.Task GdUnit4.Core.Execution.TestCaseExecutionStage.Execute(GdUnit4.Core.Execution.ExecutionContext)
:: [21] void GdUnit4.Core.Execution.TestSuiteExecutionStage+&lt;RunTestCase&gt;d__15.MoveNext()
:: [22] void System.Threading.ExecutionContext.RunInternal(System.Threading.ExecutionContext, System.Threading.ContextCallback, object)
:: [23] void System.Runtime.CompilerServices.AsyncTaskMethodBuilder`1+AsyncStateMachineBox`1.MoveNext(System.Threading.Thread)
:: [24] void System.Threading.Tasks.AwaitTaskContinuation.RunCallback(System.Threading.ContextCallback, object, System.Threading.Tasks.Task&amp;)
:: [25] void System.Threading.Tasks.Task.RunContinuations(object)
:: [26] bool System.Threading.Tasks.Task`1.TrySetResult(TResult)
:: [27] void System.Runtime.CompilerServices.AsyncTaskMethodBuilder`1.SetExistingTaskResult(System.Threading.Tasks.Task`1[TResult], TResult)
:: [28] void GdUnit4.Core.Execution.BeforeTestExecutionStage+&lt;Execute&gt;d__1.MoveNext()
:: [29] void System.Threading.ExecutionContext.RunInternal(System.Threading.ExecutionContext, System.Threading.ContextCallback, object)
:: [30] void System.Runtime.CompilerServices.AsyncTaskMethodBuilder`1+AsyncStateMachineBox`1.MoveNext(System.Threading.Thread)
:: [31] void System.Threading.Tasks.AwaitTaskContinuation.RunCallback(System.Threading.ContextCallback, object, System.Threading.Tasks.Task&amp;)
:: [32] void System.Threading.Tasks.Task.RunContinuations(object)
:: [33] bool System.Threading.Tasks.Task`1.TrySetResult(TResult)
:: [34] void System.Runtime.CompilerServices.AsyncTaskMethodBuilder`1.SetExistingTaskResult(System.Threading.Tasks.Task`1[TResult], TResult)
:: [35] void GdUnit4.Core.Execution.ExecutionStage`1+&lt;Execute&gt;d__30.MoveNext()
:: [36] void System.Threading.ExecutionContext.RunInternal(System.Threading.ExecutionContext, System.Threading.ContextCallback, object)
:: [37] void System.Runtime.CompilerServices.AsyncTaskMethodBuilder`1+AsyncStateMachineBox`1.MoveNext(System.Threading.Thread)
:: [38] void Godot.GodotSynchronizationContext.ExecutePendingContinuations() (/root/godot/modules/mono/glue/GodotSharp/GodotSharp/Core/GodotSynchronizationContext.cs:51)
:: [39] void Godot.GodotTaskScheduler.Activate() (/root/godot/modules/mono/glue/GodotSharp/GodotSharp/Core/GodotTaskScheduler.cs:76)
:: [40] void Godot.Bridge.ScriptManagerBridge.FrameCallback() (/root/godot/modules/mono/glue/GodotSharp/GodotSharp/Core/Bridge/ScriptManagerBridge.cs:84)
:: WARNING: Parent path 'MenuContent' for node 'MenuButtonsMargin' has vanished when instantiating: 'res://source/ui/menus/main_menu.tscn'.
:: at: instantiate (scene/resources/packed_scene.cpp:205)
:: C# backtrace (most recent call first):
:: [0] Godot.GodotObject Godot.NativeCalls.godot_icall_1_79(nint, nint, int) (/root/godot/modules/mono/glue/GodotSharp/GodotSharp/Generated/NativeCalls.cs:703)
:: [1] Godot.Node Godot.PackedScene.Instantiate(Godot.PackedScene+GenEditState) (/root/godot/modules/mono/glue/GodotSharp/GodotSharp/Generated/GodotObjects/PackedScene.cs:130)
:: [2] Godot.Node GdUnit4.Core.SceneRunner.LoadScene(string)
:: [3] GdUnit4.Core.SceneRunner..ctor(string, bool, bool)
:: [4] GdUnit4.ISceneRunner GdUnit4.ISceneRunner.Load(string, bool, bool)
:: [5] void OmegaSpiral.Tests.UI.Terminal.TerminalBorderDiagnosticsTests+&lt;Test5_TerminalFrameSizeAllowsBorderVisibility&gt;d__5.MoveNext() (/home/adam/Dev/omega-spiral/chapter-zero/tests/ui/terminal/TerminalBorderDiagnosticsTests.cs:136)
:: [6] void System.Runtime.CompilerServices.AsyncMethodBuilderCore.Start&lt;TStateMachine&gt;(TStateMachine&amp;)
:: [7] System.Threading.Tasks.Task OmegaSpiral.Tests.UI.Terminal.TerminalBorderDiagnosticsTests.Test5_TerminalFrameSizeAllowsBorderVisibility()
:: [8] object System.Reflection.MethodBaseInvoker.InterpretedInvoke_Method(object, System.IntPtr*)
:: [9] object System.Reflection.MethodBaseInvoker.InvokeWithNoArgs(object, System.Reflection.BindingFlags)
:: [10] object System.Reflection.RuntimeMethodInfo.Invoke(object, System.Reflection.BindingFlags, System.Reflection.Binder, System.Object[], System.Globalization.CultureInfo)
:: [11] void GdUnit4.Core.Execution.ExecutionStage`1+&lt;ExecuteStage&gt;d__37.MoveNext()
:: [12] void System.Runtime.CompilerServices.AsyncMethodBuilderCore.Start&lt;TStateMachine&gt;(TStateMachine&amp;)
:: [13] System.Threading.Tasks.Task GdUnit4.Core.Execution.ExecutionStage`1.ExecuteStage(GdUnit4.Core.Execution.ExecutionContext)
:: [14] void GdUnit4.Core.Execution.ExecutionStage`1+&lt;Execute&gt;d__30.MoveNext()
:: [15] void System.Runtime.CompilerServices.AsyncMethodBuilderCore.Start&lt;TStateMachine&gt;(TStateMachine&amp;)
:: [16] System.Threading.Tasks.Task GdUnit4.Core.Execution.ExecutionStage`1.Execute(GdUnit4.Core.Execution.ExecutionContext)
:: [17] System.Threading.Tasks.Task GdUnit4.Core.Execution.TestCaseExecutionStage.&lt;&gt;n__0(GdUnit4.Core.Execution.ExecutionContext)
:: [18] void GdUnit4.Core.Execution.TestCaseExecutionStage+&lt;Execute&gt;d__1.MoveNext()
:: [19] void System.Runtime.CompilerServices.AsyncMethodBuilderCore.Start&lt;TStateMachine&gt;(TStateMachine&amp;)
:: [20] System.Threading.Tasks.Task GdUnit4.Core.Execution.TestCaseExecutionStage.Execute(GdUnit4.Core.Execution.ExecutionContext)
:: [21] void GdUnit4.Core.Execution.TestSuiteExecutionStage+&lt;RunTestCase&gt;d__15.MoveNext()
:: [22] void System.Threading.ExecutionContext.RunInternal(System.Threading.ExecutionContext, System.Threading.ContextCallback, object)
:: [23] void System.Runtime.CompilerServices.AsyncTaskMethodBuilder`1+AsyncStateMachineBox`1.MoveNext(System.Threading.Thread)
:: [24] void System.Threading.Tasks.AwaitTaskContinuation.RunCallback(System.Threading.ContextCallback, object, System.Threading.Tasks.Task&amp;)
:: [25] void System.Threading.Tasks.Task.RunContinuations(object)
:: [26] bool System.Threading.Tasks.Task`1.TrySetResult(TResult)
:: [27] void System.Runtime.CompilerServices.AsyncTaskMethodBuilder`1.SetExistingTaskResult(System.Threading.Tasks.Task`1[TResult], TResult)
:: [28] void GdUnit4.Core.Execution.BeforeTestExecutionStage+&lt;Execute&gt;d__1.MoveNext()
:: [29] void System.Threading.ExecutionContext.RunInternal(System.Threading.ExecutionContext, System.Threading.ContextCallback, object)
:: [30] void System.Runtime.CompilerServices.AsyncTaskMethodBuilder`1+AsyncStateMachineBox`1.MoveNext(System.Threading.Thread)
:: [31] void System.Threading.Tasks.AwaitTaskContinuation.RunCallback(System.Threading.ContextCallback, object, System.Threading.Tasks.Task&amp;)
:: [32] void System.Threading.Tasks.Task.RunContinuations(object)
:: [33] bool System.Threading.Tasks.Task`1.TrySetResult(TResult)
:: [34] void System.Runtime.CompilerServices.AsyncTaskMethodBuilder`1.SetExistingTaskResult(System.Threading.Tasks.Task`1[TResult], TResult)
:: [35] void GdUnit4.Core.Execution.ExecutionStage`1+&lt;Execute&gt;d__30.MoveNext()
:: [36] void System.Threading.ExecutionContext.RunInternal(System.Threading.ExecutionContext, System.Threading.ContextCallback, object)
:: [37] void System.Runtime.CompilerServices.AsyncTaskMethodBuilder`1+AsyncStateMachineBox`1.MoveNext(System.Threading.Thread)
:: [38] void Godot.GodotSynchronizationContext.ExecutePendingContinuations() (/root/godot/modules/mono/glue/GodotSharp/GodotSharp/Core/GodotSynchronizationContext.cs:51)
:: [39] void Godot.GodotTaskScheduler.Activate() (/root/godot/modules/mono/glue/GodotSharp/GodotSharp/Core/GodotTaskScheduler.cs:76)
:: [40] void Godot.Bridge.ScriptManagerBridge.FrameCallback() (/root/godot/modules/mono/glue/GodotSharp/GodotSharp/Core/Bridge/ScriptManagerBridge.cs:84)
:: WARNING: Parent path 'MenuContent/MenuButtonsMargin' for node 'MenuButtonsContainer' has vanished when instantiating: 'res://source/ui/menus/main_menu.tscn'.
:: at: instantiate (scene/resources/packed_scene.cpp:205)
:: C# backtrace (most recent call first):
:: [0] Godot.GodotObject Godot.NativeCalls.godot_icall_1_79(nint, nint, int) (/root/godot/modules/mono/glue/GodotSharp/GodotSharp/Generated/NativeCalls.cs:703)
:: [1] Godot.Node Godot.PackedScene.Instantiate(Godot.PackedScene+GenEditState) (/root/godot/modules/mono/glue/GodotSharp/GodotSharp/Generated/GodotObjects/PackedScene.cs:130)
:: [2] Godot.Node GdUnit4.Core.SceneRunner.LoadScene(string)
:: [3] GdUnit4.Core.SceneRunner..ctor(string, bool, bool)
:: [4] GdUnit4.ISceneRunner GdUnit4.ISceneRunner.Load(string, bool, bool)
:: [5] void OmegaSpiral.Tests.UI.Terminal.TerminalBorderDiagnosticsTests+&lt;Test5_TerminalFrameSizeAllowsBorderVisibility&gt;d__5.MoveNext() (/home/adam/Dev/omega-spiral/chapter-zero/tests/ui/terminal/TerminalBorderDiagnosticsTests.cs:136)
:: [6] void System.Runtime.CompilerServices.AsyncMethodBuilderCore.Start&lt;TStateMachine&gt;(TStateMachine&amp;)
:: [7] System.Threading.Tasks.Task OmegaSpiral.Tests.UI.Terminal.TerminalBorderDiagnosticsTests.Test5_TerminalFrameSizeAllowsBorderVisibility()
:: [8] object System.Reflection.MethodBaseInvoker.InterpretedInvoke_Method(object, System.IntPtr*)
:: [9] object System.Reflection.MethodBaseInvoker.InvokeWithNoArgs(object, System.Reflection.BindingFlags)
:: [10] object System.Reflection.RuntimeMethodInfo.Invoke(object, System.Reflection.BindingFlags, System.Reflection.Binder, System.Object[], System.Globalization.CultureInfo)
:: [11] void GdUnit4.Core.Execution.ExecutionStage`1+&lt;ExecuteStage&gt;d__37.MoveNext()
:: [12] void System.Runtime.CompilerServices.AsyncMethodBuilderCore.Start&lt;TStateMachine&gt;(TStateMachine&amp;)
:: [13] System.Threading.Tasks.Task GdUnit4.Core.Execution.ExecutionStage`1.ExecuteStage(GdUnit4.Core.Execution.ExecutionContext)
:: [14] void GdUnit4.Core.Execution.ExecutionStage`1+&lt;Execute&gt;d__30.MoveNext()
:: [15] void System.Runtime.CompilerServices.AsyncMethodBuilderCore.Start&lt;TStateMachine&gt;(TStateMachine&amp;)
:: [16] System.Threading.Tasks.Task GdUnit4.Core.Execution.ExecutionStage`1.Execute(GdUnit4.Core.Execution.ExecutionContext)
:: [17] System.Threading.Tasks.Task GdUnit4.Core.Execution.TestCaseExecutionStage.&lt;&gt;n__0(GdUnit4.Core.Execution.ExecutionContext)
:: [18] void GdUnit4.Core.Execution.TestCaseExecutionStage+&lt;Execute&gt;d__1.MoveNext()
:: [19] void System.Runtime.CompilerServices.AsyncMethodBuilderCore.Start&lt;TStateMachine&gt;(TStateMachine&amp;)
:: [20] System.Threading.Tasks.Task GdUnit4.Core.Execution.TestCaseExecutionStage.Execute(GdUnit4.Core.Execution.ExecutionContext)
:: [21] void GdUnit4.Core.Execution.TestSuiteExecutionStage+&lt;RunTestCase&gt;d__15.MoveNext()
:: [22] void System.Threading.ExecutionContext.RunInternal(System.Threading.ExecutionContext, System.Threading.ContextCallback, object)
:: [23] void System.Runtime.CompilerServices.AsyncTaskMethodBuilder`1+AsyncStateMachineBox`1.MoveNext(System.Threading.Thread)
:: [24] void System.Threading.Tasks.AwaitTaskContinuation.RunCallback(System.Threading.ContextCallback, object, System.Threading.Tasks.Task&amp;)
:: [25] void System.Threading.Tasks.Task.RunContinuations(object)
:: [26] bool System.Threading.Tasks.Task`1.TrySetResult(TResult)
:: [27] void System.Runtime.CompilerServices.AsyncTaskMethodBuilder`1.SetExistingTaskResult(System.Threading.Tasks.Task`1[TResult], TResult)
:: [28] void GdUnit4.Core.Execution.BeforeTestExecutionStage+&lt;Execute&gt;d__1.MoveNext()
:: [29] void System.Threading.ExecutionContext.RunInternal(System.Threading.ExecutionContext, System.Threading.ContextCallback, object)
:: [30] void System.Runtime.CompilerServices.AsyncTaskMethodBuilder`1+AsyncStateMachineBox`1.MoveNext(System.Threading.Thread)
:: [31] void System.Threading.Tasks.AwaitTaskContinuation.RunCallback(System.Threading.ContextCallback, object, System.Threading.Tasks.Task&amp;)
:: [32] void System.Threading.Tasks.Task.RunContinuations(object)
:: [33] bool System.Threading.Tasks.Task`1.TrySetResult(TResult)
:: [34] void System.Runtime.CompilerServices.AsyncTaskMethodBuilder`1.SetExistingTaskResult(System.Threading.Tasks.Task`1[TResult], TResult)
:: [35] void GdUnit4.Core.Execution.ExecutionStage`1+&lt;Execute&gt;d__30.MoveNext()
:: [36] void System.Threading.ExecutionContext.RunInternal(System.Threading.ExecutionContext, System.Threading.ContextCallback, object)
:: [37] void System.Runtime.CompilerServices.AsyncTaskMethodBuilder`1+AsyncStateMachineBox`1.MoveNext(System.Threading.Thread)
:: [38] void Godot.GodotSynchronizationContext.ExecutePendingContinuations() (/root/godot/modules/mono/glue/GodotSharp/GodotSharp/Core/GodotSynchronizationContext.cs:51)
:: [39] void Godot.GodotTaskScheduler.Activate() (/root/godot/modules/mono/glue/GodotSharp/GodotSharp/Core/GodotTaskScheduler.cs:76)
:: [40] void Godot.Bridge.ScriptManagerBridge.FrameCallback() (/root/godot/modules/mono/glue/GodotSharp/GodotSharp/Core/Bridge/ScriptManagerBridge.cs:84)
:: WARNING: Parent path 'MenuContent/MenuButtonsMargin/MenuButtonsContainer' for node 'MenuButtonsBoxContainer' has vanished when instantiating: 'res://source/ui/menus/main_menu.tscn'.
:: at: instantiate (scene/resources/packed_scene.cpp:205)
:: C# backtrace (most recent call first):
:: [0] Godot.GodotObject Godot.NativeCalls.godot_icall_1_79(nint, nint, int) (/root/godot/modules/mono/glue/GodotSharp/GodotSharp/Generated/NativeCalls.cs:703)
:: [1] Godot.Node Godot.PackedScene.Instantiate(Godot.PackedScene+GenEditState) (/root/godot/modules/mono/glue/GodotSharp/GodotSharp/Generated/GodotObjects/PackedScene.cs:130)
:: [2] Godot.Node GdUnit4.Core.SceneRunner.LoadScene(string)
:: [3] GdUnit4.Core.SceneRunner..ctor(string, bool, bool)
:: [4] GdUnit4.ISceneRunner GdUnit4.ISceneRunner.Load(string, bool, bool)
:: [5] void OmegaSpiral.Tests.UI.Terminal.TerminalBorderDiagnosticsTests+&lt;Test5_TerminalFrameSizeAllowsBorderVisibility&gt;d__5.MoveNext() (/home/adam/Dev/omega-spiral/chapter-zero/tests/ui/terminal/TerminalBorderDiagnosticsTests.cs:136)
:: [6] void System.Runtime.CompilerServices.AsyncMethodBuilderCore.Start&lt;TStateMachine&gt;(TStateMachine&amp;)
:: [7] System.Threading.Tasks.Task OmegaSpiral.Tests.UI.Terminal.TerminalBorderDiagnosticsTests.Test5_TerminalFrameSizeAllowsBorderVisibility()
:: [8] object System.Reflection.MethodBaseInvoker.InterpretedInvoke_Method(object, System.IntPtr*)
:: [9] object System.Reflection.MethodBaseInvoker.InvokeWithNoArgs(object, System.Reflection.BindingFlags)
:: [10] object System.Reflection.RuntimeMethodInfo.Invoke(object, System.Reflection.BindingFlags, System.Reflection.Binder, System.Object[], System.Globalization.CultureInfo)
:: [11] void GdUnit4.Core.Execution.ExecutionStage`1+&lt;ExecuteStage&gt;d__37.MoveNext()
:: [12] void System.Runtime.CompilerServices.AsyncMethodBuilderCore.Start&lt;TStateMachine&gt;(TStateMachine&amp;)
:: [13] System.Threading.Tasks.Task GdUnit4.Core.Execution.ExecutionStage`1.ExecuteStage(GdUnit4.Core.Execution.ExecutionContext)
:: [14] void GdUnit4.Core.Execution.ExecutionStage`1+&lt;Execute&gt;d__30.MoveNext()
:: [15] void System.Runtime.CompilerServices.AsyncMethodBuilderCore.Start&lt;TStateMachine&gt;(TStateMachine&amp;)
:: [16] System.Threading.Tasks.Task GdUnit4.Core.Execution.ExecutionStage`1.Execute(GdUnit4.Core.Execution.ExecutionContext)
:: [17] System.Threading.Tasks.Task GdUnit4.Core.Execution.TestCaseExecutionStage.&lt;&gt;n__0(GdUnit4.Core.Execution.ExecutionContext)
:: [18] void GdUnit4.Core.Execution.TestCaseExecutionStage+&lt;Execute&gt;d__1.MoveNext()
:: [19] void System.Runtime.CompilerServices.AsyncMethodBuilderCore.Start&lt;TStateMachine&gt;(TStateMachine&amp;)
:: [20] System.Threading.Tasks.Task GdUnit4.Core.Execution.TestCaseExecutionStage.Execute(GdUnit4.Core.Execution.ExecutionContext)
:: [21] void GdUnit4.Core.Execution.TestSuiteExecutionStage+&lt;RunTestCase&gt;d__15.MoveNext()
:: [22] void System.Threading.ExecutionContext.RunInternal(System.Threading.ExecutionContext, System.Threading.ContextCallback, object)
:: [23] void System.Runtime.CompilerServices.AsyncTaskMethodBuilder`1+AsyncStateMachineBox`1.MoveNext(System.Threading.Thread)
:: [24] void System.Threading.Tasks.AwaitTaskContinuation.RunCallback(System.Threading.ContextCallback, object, System.Threading.Tasks.Task&amp;)
:: [25] void System.Threading.Tasks.Task.RunContinuations(object)
:: [26] bool System.Threading.Tasks.Task`1.TrySetResult(TResult)
:: [27] void System.Runtime.CompilerServices.AsyncTaskMethodBuilder`1.SetExistingTaskResult(System.Threading.Tasks.Task`1[TResult], TResult)
:: [28] void GdUnit4.Core.Execution.BeforeTestExecutionStage+&lt;Execute&gt;d__1.MoveNext()
:: [29] void System.Threading.ExecutionContext.RunInternal(System.Threading.ExecutionContext, System.Threading.ContextCallback, object)
:: [30] void System.Runtime.CompilerServices.AsyncTaskMethodBuilder`1+AsyncStateMachineBox`1.MoveNext(System.Threading.Thread)
:: [31] void System.Threading.Tasks.AwaitTaskContinuation.RunCallback(System.Threading.ContextCallback, object, System.Threading.Tasks.Task&amp;)
:: [32] void System.Threading.Tasks.Task.RunContinuations(object)
:: [33] bool System.Threading.Tasks.Task`1.TrySetResult(TResult)
:: [34] void System.Runtime.CompilerServices.AsyncTaskMethodBuilder`1.SetExistingTaskResult(System.Threading.Tasks.Task`1[TResult], TResult)
:: [35] void GdUnit4.Core.Execution.ExecutionStage`1+&lt;Execute&gt;d__30.MoveNext()
:: [36] void System.Threading.ExecutionContext.RunInternal(System.Threading.ExecutionContext, System.Threading.ContextCallback, object)
:: [37] void System.Runtime.CompilerServices.AsyncTaskMethodBuilder`1+AsyncStateMachineBox`1.MoveNext(System.Threading.Thread)
:: [38] void Godot.GodotSynchronizationContext.ExecutePendingContinuations() (/root/godot/modules/mono/glue/GodotSharp/GodotSharp/Core/GodotSynchronizationContext.cs:51)
:: [39] void Godot.GodotTaskScheduler.Activate() (/root/godot/modules/mono/glue/GodotSharp/GodotSharp/Core/GodotTaskScheduler.cs:76)
:: [40] void Godot.Bridge.ScriptManagerBridge.FrameCallback() (/root/godot/modules/mono/glue/GodotSharp/GodotSharp/Core/Bridge/ScriptManagerBridge.cs:84)
:: WARNING: Parent path 'MenuContent/MenuButtonsMargin/MenuButtonsContainer/MenuButtonsBoxContainer' for node 'StartButton' has vanished when instantiating: 'res://source/ui/menus/main_menu.tscn'.
:: at: instantiate (scene/resources/packed_scene.cpp:205)
:: C# backtrace (most recent call first):
:: [0] Godot.GodotObject Godot.NativeCalls.godot_icall_1_79(nint, nint, int) (/root/godot/modules/mono/glue/GodotSharp/GodotSharp/Generated/NativeCalls.cs:703)
:: [1] Godot.Node Godot.PackedScene.Instantiate(Godot.PackedScene+GenEditState) (/root/godot/modules/mono/glue/GodotSharp/GodotSharp/Generated/GodotObjects/PackedScene.cs:130)
:: [2] Godot.Node GdUnit4.Core.SceneRunner.LoadScene(string)
:: [3] GdUnit4.Core.SceneRunner..ctor(string, bool, bool)
:: [4] GdUnit4.ISceneRunner GdUnit4.ISceneRunner.Load(string, bool, bool)
:: [5] void OmegaSpiral.Tests.UI.Terminal.TerminalBorderDiagnosticsTests+&lt;Test5_TerminalFrameSizeAllowsBorderVisibility&gt;d__5.MoveNext() (/home/adam/Dev/omega-spiral/chapter-zero/tests/ui/terminal/TerminalBorderDiagnosticsTests.cs:136)
:: [6] void System.Runtime.CompilerServices.AsyncMethodBuilderCore.Start&lt;TStateMachine&gt;(TStateMachine&amp;)
:: [7] System.Threading.Tasks.Task OmegaSpiral.Tests.UI.Terminal.TerminalBorderDiagnosticsTests.Test5_TerminalFrameSizeAllowsBorderVisibility()
:: [8] object System.Reflection.MethodBaseInvoker.InterpretedInvoke_Method(object, System.IntPtr*)
:: [9] object System.Reflection.MethodBaseInvoker.InvokeWithNoArgs(object, System.Reflection.BindingFlags)
:: [10] object System.Reflection.RuntimeMethodInfo.Invoke(object, System.Reflection.BindingFlags, System.Reflection.Binder, System.Object[], System.Globalization.CultureInfo)
:: [11] void GdUnit4.Core.Execution.ExecutionStage`1+&lt;ExecuteStage&gt;d__37.MoveNext()
:: [12] void System.Runtime.CompilerServices.AsyncMethodBuilderCore.Start&lt;TStateMachine&gt;(TStateMachine&amp;)
:: [13] System.Threading.Tasks.Task GdUnit4.Core.Execution.ExecutionStage`1.ExecuteStage(GdUnit4.Core.Execution.ExecutionContext)
:: [14] void GdUnit4.Core.Execution.ExecutionStage`1+&lt;Execute&gt;d__30.MoveNext()
:: [15] void System.Runtime.CompilerServices.AsyncMethodBuilderCore.Start&lt;TStateMachine&gt;(TStateMachine&amp;)
:: [16] System.Threading.Tasks.Task GdUnit4.Core.Execution.ExecutionStage`1.Execute(GdUnit4.Core.Execution.ExecutionContext)
:: [17] System.Threading.Tasks.Task GdUnit4.Core.Execution.TestCaseExecutionStage.&lt;&gt;n__0(GdUnit4.Core.Execution.ExecutionContext)
:: [18] void GdUnit4.Core.Execution.TestCaseExecutionStage+&lt;Execute&gt;d__1.MoveNext()
:: [19] void System.Runtime.CompilerServices.AsyncMethodBuilderCore.Start&lt;TStateMachine&gt;(TStateMachine&amp;)
:: [20] System.Threading.Tasks.Task GdUnit4.Core.Execution.TestCaseExecutionStage.Execute(GdUnit4.Core.Execution.ExecutionContext)
:: [21] void GdUnit4.Core.Execution.TestSuiteExecutionStage+&lt;RunTestCase&gt;d__15.MoveNext()
:: [22] void System.Threading.ExecutionContext.RunInternal(System.Threading.ExecutionContext, System.Threading.ContextCallback, object)
:: [23] void System.Runtime.CompilerServices.AsyncTaskMethodBuilder`1+AsyncStateMachineBox`1.MoveNext(System.Threading.Thread)
:: [24] void System.Threading.Tasks.AwaitTaskContinuation.RunCallback(System.Threading.ContextCallback, object, System.Threading.Tasks.Task&amp;)
:: [25] void System.Threading.Tasks.Task.RunContinuations(object)
:: [26] bool System.Threading.Tasks.Task`1.TrySetResult(TResult)
:: [27] void System.Runtime.CompilerServices.AsyncTaskMethodBuilder`1.SetExistingTaskResult(System.Threading.Tasks.Task`1[TResult], TResult)
:: [28] void GdUnit4.Core.Execution.BeforeTestExecutionStage+&lt;Execute&gt;d__1.MoveNext()
:: [29] void System.Threading.ExecutionContext.RunInternal(System.Threading.ExecutionContext, System.Threading.ContextCallback, object)
:: [30] void System.Runtime.CompilerServices.AsyncTaskMethodBuilder`1+AsyncStateMachineBox`1.MoveNext(System.Threading.Thread)
:: [31] void System.Threading.Tasks.AwaitTaskContinuation.RunCallback(System.Threading.ContextCallback, object, System.Threading.Tasks.Task&amp;)
:: [32] void System.Threading.Tasks.Task.RunContinuations(object)
:: [33] bool System.Threading.Tasks.Task`1.TrySetResult(TResult)
:: [34] void System.Runtime.CompilerServices.AsyncTaskMethodBuilder`1.SetExistingTaskResult(System.Threading.Tasks.Task`1[TResult], TResult)
:: [35] void GdUnit4.Core.Execution.ExecutionStage`1+&lt;Execute&gt;d__30.MoveNext()
:: [36] void System.Threading.ExecutionContext.RunInternal(System.Threading.ExecutionContext, System.Threading.ContextCallback, object)
:: [37] void System.Runtime.CompilerServices.AsyncTaskMethodBuilder`1+AsyncStateMachineBox`1.MoveNext(System.Threading.Thread)
:: [38] void Godot.GodotSynchronizationContext.ExecutePendingContinuations() (/root/godot/modules/mono/glue/GodotSharp/GodotSharp/Core/GodotSynchronizationContext.cs:51)
:: [39] void Godot.GodotTaskScheduler.Activate() (/root/godot/modules/mono/glue/GodotSharp/GodotSharp/Core/GodotTaskScheduler.cs:76)
:: [40] void Godot.Bridge.ScriptManagerBridge.FrameCallback() (/root/godot/modules/mono/glue/GodotSharp/GodotSharp/Core/Bridge/ScriptManagerBridge.cs:84)
:: WARNING: Parent path 'MenuContent/MenuButtonsMargin/MenuButtonsContainer/MenuButtonsBoxContainer' for node 'Stage1Button' has vanished when instantiating: 'res://source/ui/menus/main_menu.tscn'.
:: at: instantiate (scene/resources/packed_scene.cpp:205)
:: C# backtrace (most recent call first):
:: [0] Godot.GodotObject Godot.NativeCalls.godot_icall_1_79(nint, nint, int) (/root/godot/modules/mono/glue/GodotSharp/GodotSharp/Generated/NativeCalls.cs:703)
:: [1] Godot.Node Godot.PackedScene.Instantiate(Godot.PackedScene+GenEditState) (/root/godot/modules/mono/glue/GodotSharp/GodotSharp/Generated/GodotObjects/PackedScene.cs:130)
:: [2] Godot.Node GdUnit4.Core.SceneRunner.LoadScene(string)
:: [3] GdUnit4.Core.SceneRunner..ctor(string, bool, bool)
:: [4] GdUnit4.ISceneRunner GdUnit4.ISceneRunner.Load(string, bool, bool)
:: [5] void OmegaSpiral.Tests.UI.Terminal.TerminalBorderDiagnosticsTests+&lt;Test5_TerminalFrameSizeAllowsBorderVisibility&gt;d__5.MoveNext() (/home/adam/Dev/omega-spiral/chapter-zero/tests/ui/terminal/TerminalBorderDiagnosticsTests.cs:136)
:: [6] void System.Runtime.CompilerServices.AsyncMethodBuilderCore.Start&lt;TStateMachine&gt;(TStateMachine&amp;)
:: [7] System.Threading.Tasks.Task OmegaSpiral.Tests.UI.Terminal.TerminalBorderDiagnosticsTests.Test5_TerminalFrameSizeAllowsBorderVisibility()
:: [8] object System.Reflection.MethodBaseInvoker.InterpretedInvoke_Method(object, System.IntPtr*)
:: [9] object System.Reflection.MethodBaseInvoker.InvokeWithNoArgs(object, System.Reflection.BindingFlags)
:: [10] object System.Reflection.RuntimeMethodInfo.Invoke(object, System.Reflection.BindingFlags, System.Reflection.Binder, System.Object[], System.Globalization.CultureInfo)
:: [11] void GdUnit4.Core.Execution.ExecutionStage`1+&lt;ExecuteStage&gt;d__37.MoveNext()
:: [12] void System.Runtime.CompilerServices.AsyncMethodBuilderCore.Start&lt;TStateMachine&gt;(TStateMachine&amp;)
:: [13] System.Threading.Tasks.Task GdUnit4.Core.Execution.ExecutionStage`1.ExecuteStage(GdUnit4.Core.Execution.ExecutionContext)
:: [14] void GdUnit4.Core.Execution.ExecutionStage`1+&lt;Execute&gt;d__30.MoveNext()
:: [15] void System.Runtime.CompilerServices.AsyncMethodBuilderCore.Start&lt;TStateMachine&gt;(TStateMachine&amp;)
:: [16] System.Threading.Tasks.Task GdUnit4.Core.Execution.ExecutionStage`1.Execute(GdUnit4.Core.Execution.ExecutionContext)
:: [17] System.Threading.Tasks.Task GdUnit4.Core.Execution.TestCaseExecutionStage.&lt;&gt;n__0(GdUnit4.Core.Execution.ExecutionContext)
:: [18] void GdUnit4.Core.Execution.TestCaseExecutionStage+&lt;Execute&gt;d__1.MoveNext()
:: [19] void System.Runtime.CompilerServices.AsyncMethodBuilderCore.Start&lt;TStateMachine&gt;(TStateMachine&amp;)
:: [20] System.Threading.Tasks.Task GdUnit4.Core.Execution.TestCaseExecutionStage.Execute(GdUnit4.Core.Execution.ExecutionContext)
:: [21] void GdUnit4.Core.Execution.TestSuiteExecutionStage+&lt;RunTestCase&gt;d__15.MoveNext()
:: [22] void System.Threading.ExecutionContext.RunInternal(System.Threading.ExecutionContext, System.Threading.ContextCallback, object)
:: [23] void System.Runtime.CompilerServices.AsyncTaskMethodBuilder`1+AsyncStateMachineBox`1.MoveNext(System.Threading.Thread)
:: [24] void System.Threading.Tasks.AwaitTaskContinuation.RunCallback(System.Threading.ContextCallback, object, System.Threading.Tasks.Task&amp;)
:: [25] void System.Threading.Tasks.Task.RunContinuations(object)
:: [26] bool System.Threading.Tasks.Task`1.TrySetResult(TResult)
:: [27] void System.Runtime.CompilerServices.AsyncTaskMethodBuilder`1.SetExistingTaskResult(System.Threading.Tasks.Task`1[TResult], TResult)
:: [28] void GdUnit4.Core.Execution.BeforeTestExecutionStage+&lt;Execute&gt;d__1.MoveNext()
:: [29] void System.Threading.ExecutionContext.RunInternal(System.Threading.ExecutionContext, System.Threading.ContextCallback, object)
:: [30] void System.Runtime.CompilerServices.AsyncTaskMethodBuilder`1+AsyncStateMachineBox`1.MoveNext(System.Threading.Thread)
:: [31] void System.Threading.Tasks.AwaitTaskContinuation.RunCallback(System.Threading.ContextCallback, object, System.Threading.Tasks.Task&amp;)
:: [32] void System.Threading.Tasks.Task.RunContinuations(object)
:: [33] bool System.Threading.Tasks.Task`1.TrySetResult(TResult)
:: [34] void System.Runtime.CompilerServices.AsyncTaskMethodBuilder`1.SetExistingTaskResult(System.Threading.Tasks.Task`1[TResult], TResult)
:: [35] void GdUnit4.Core.Execution.ExecutionStage`1+&lt;Execute&gt;d__30.MoveNext()
:: [36] void System.Threading.ExecutionContext.RunInternal(System.Threading.ExecutionContext, System.Threading.ContextCallback, object)
:: [37] void System.Runtime.CompilerServices.AsyncTaskMethodBuilder`1+AsyncStateMachineBox`1.MoveNext(System.Threading.Thread)
:: [38] void Godot.GodotSynchronizationContext.ExecutePendingContinuations() (/root/godot/modules/mono/glue/GodotSharp/GodotSharp/Core/GodotSynchronizationContext.cs:51)
:: [39] void Godot.GodotTaskScheduler.Activate() (/root/godot/modules/mono/glue/GodotSharp/GodotSharp/Core/GodotTaskScheduler.cs:76)
:: [40] void Godot.Bridge.ScriptManagerBridge.FrameCallback() (/root/godot/modules/mono/glue/GodotSharp/GodotSharp/Core/Bridge/ScriptManagerBridge.cs:84)
:: WARNING: Parent path 'MenuContent/MenuButtonsMargin/MenuButtonsContainer/MenuButtonsBoxContainer' for node 'Stage2Button' has vanished when instantiating: 'res://source/ui/menus/main_menu.tscn'.
:: at: instantiate (scene/resources/packed_scene.cpp:205)
:: C# backtrace (most recent call first):
:: [0] Godot.GodotObject Godot.NativeCalls.godot_icall_1_79(nint, nint, int) (/root/godot/modules/mono/glue/GodotSharp/GodotSharp/Generated/NativeCalls.cs:703)
:: [1] Godot.Node Godot.PackedScene.Instantiate(Godot.PackedScene+GenEditState) (/root/godot/modules/mono/glue/GodotSharp/GodotSharp/Generated/GodotObjects/PackedScene.cs:130)
:: [2] Godot.Node GdUnit4.Core.SceneRunner.LoadScene(string)
:: [3] GdUnit4.Core.SceneRunner..ctor(string, bool, bool)
:: [4] GdUnit4.ISceneRunner GdUnit4.ISceneRunner.Load(string, bool, bool)
:: [5] void OmegaSpiral.Tests.UI.Terminal.TerminalBorderDiagnosticsTests+&lt;Test5_TerminalFrameSizeAllowsBorderVisibility&gt;d__5.MoveNext() (/home/adam/Dev/omega-spiral/chapter-zero/tests/ui/terminal/TerminalBorderDiagnosticsTests.cs:136)
:: [6] void System.Runtime.CompilerServices.AsyncMethodBuilderCore.Start&lt;TStateMachine&gt;(TStateMachine&amp;)
:: [7] System.Threading.Tasks.Task OmegaSpiral.Tests.UI.Terminal.TerminalBorderDiagnosticsTests.Test5_TerminalFrameSizeAllowsBorderVisibility()
:: [8] object System.Reflection.MethodBaseInvoker.InterpretedInvoke_Method(object, System.IntPtr*)
:: [9] object System.Reflection.MethodBaseInvoker.InvokeWithNoArgs(object, System.Reflection.BindingFlags)
:: [10] object System.Reflection.RuntimeMethodInfo.Invoke(object, System.Reflection.BindingFlags, System.Reflection.Binder, System.Object[], System.Globalization.CultureInfo)
:: [11] void GdUnit4.Core.Execution.ExecutionStage`1+&lt;ExecuteStage&gt;d__37.MoveNext()
:: [12] void System.Runtime.CompilerServices.AsyncMethodBuilderCore.Start&lt;TStateMachine&gt;(TStateMachine&amp;)
:: [13] System.Threading.Tasks.Task GdUnit4.Core.Execution.ExecutionStage`1.ExecuteStage(GdUnit4.Core.Execution.ExecutionContext)
:: [14] void GdUnit4.Core.Execution.ExecutionStage`1+&lt;Execute&gt;d__30.MoveNext()
:: [15] void System.Runtime.CompilerServices.AsyncMethodBuilderCore.Start&lt;TStateMachine&gt;(TStateMachine&amp;)
:: [16] System.Threading.Tasks.Task GdUnit4.Core.Execution.ExecutionStage`1.Execute(GdUnit4.Core.Execution.ExecutionContext)
:: [17] System.Threading.Tasks.Task GdUnit4.Core.Execution.TestCaseExecutionStage.&lt;&gt;n__0(GdUnit4.Core.Execution.ExecutionContext)
:: [18] void GdUnit4.Core.Execution.TestCaseExecutionStage+&lt;Execute&gt;d__1.MoveNext()
:: [19] void System.Runtime.CompilerServices.AsyncMethodBuilderCore.Start&lt;TStateMachine&gt;(TStateMachine&amp;)
:: [20] System.Threading.Tasks.Task GdUnit4.Core.Execution.TestCaseExecutionStage.Execute(GdUnit4.Core.Execution.ExecutionContext)
:: [21] void GdUnit4.Core.Execution.TestSuiteExecutionStage+&lt;RunTestCase&gt;d__15.MoveNext()
:: [22] void System.Threading.ExecutionContext.RunInternal(System.Threading.ExecutionContext, System.Threading.ContextCallback, object)
:: [23] void System.Runtime.CompilerServices.AsyncTaskMethodBuilder`1+AsyncStateMachineBox`1.MoveNext(System.Threading.Thread)
:: [24] void System.Threading.Tasks.AwaitTaskContinuation.RunCallback(System.Threading.ContextCallback, object, System.Threading.Tasks.Task&amp;)
:: [25] void System.Threading.Tasks.Task.RunContinuations(object)
:: [26] bool System.Threading.Tasks.Task`1.TrySetResult(TResult)
:: [27] void System.Runtime.CompilerServices.AsyncTaskMethodBuilder`1.SetExistingTaskResult(System.Threading.Tasks.Task`1[TResult], TResult)
:: [28] void GdUnit4.Core.Execution.BeforeTestExecutionStage+&lt;Execute&gt;d__1.MoveNext()
:: [29] void System.Threading.ExecutionContext.RunInternal(System.Threading.ExecutionContext, System.Threading.ContextCallback, object)
:: [30] void System.Runtime.CompilerServices.AsyncTaskMethodBuilder`1+AsyncStateMachineBox`1.MoveNext(System.Threading.Thread)
:: [31] void System.Threading.Tasks.AwaitTaskContinuation.RunCallback(System.Threading.ContextCallback, object, System.Threading.Tasks.Task&amp;)
:: [32] void System.Threading.Tasks.Task.RunContinuations(object)
:: [33] bool System.Threading.Tasks.Task`1.TrySetResult(TResult)
:: [34] void System.Runtime.CompilerServices.AsyncTaskMethodBuilder`1.SetExistingTaskResult(System.Threading.Tasks.Task`1[TResult], TResult)
:: [35] void GdUnit4.Core.Execution.ExecutionStage`1+&lt;Execute&gt;d__30.MoveNext()
:: [36] void System.Threading.ExecutionContext.RunInternal(System.Threading.ExecutionContext, System.Threading.ContextCallback, object)
:: [37] void System.Runtime.CompilerServices.AsyncTaskMethodBuilder`1+AsyncStateMachineBox`1.MoveNext(System.Threading.Thread)
:: [38] void Godot.GodotSynchronizationContext.ExecutePendingContinuations() (/root/godot/modules/mono/glue/GodotSharp/GodotSharp/Core/GodotSynchronizationContext.cs:51)
:: [39] void Godot.GodotTaskScheduler.Activate() (/root/godot/modules/mono/glue/GodotSharp/GodotSharp/Core/GodotTaskScheduler.cs:76)
:: [40] void Godot.Bridge.ScriptManagerBridge.FrameCallback() (/root/godot/modules/mono/glue/GodotSharp/GodotSharp/Core/Bridge/ScriptManagerBridge.cs:84)
:: WARNING: Parent path 'MenuContent/MenuButtonsMargin/MenuButtonsContainer/MenuButtonsBoxContainer' for node 'Stage3Button' has vanished when instantiating: 'res://source/ui/menus/main_menu.tscn'.
:: at: instantiate (scene/resources/packed_scene.cpp:205)
:: C# backtrace (most recent call first):
:: [0] Godot.GodotObject Godot.NativeCalls.godot_icall_1_79(nint, nint, int) (/root/godot/modules/mono/glue/GodotSharp/GodotSharp/Generated/NativeCalls.cs:703)
:: [1] Godot.Node Godot.PackedScene.Instantiate(Godot.PackedScene+GenEditState) (/root/godot/modules/mono/glue/GodotSharp/GodotSharp/Generated/GodotObjects/PackedScene.cs:130)
:: [2] Godot.Node GdUnit4.Core.SceneRunner.LoadScene(string)
:: [3] GdUnit4.Core.SceneRunner..ctor(string, bool, bool)
:: [4] GdUnit4.ISceneRunner GdUnit4.ISceneRunner.Load(string, bool, bool)
:: [5] void OmegaSpiral.Tests.UI.Terminal.TerminalBorderDiagnosticsTests+&lt;Test5_TerminalFrameSizeAllowsBorderVisibility&gt;d__5.MoveNext() (/home/adam/Dev/omega-spiral/chapter-zero/tests/ui/terminal/TerminalBorderDiagnosticsTests.cs:136)
:: [6] void System.Runtime.CompilerServices.AsyncMethodBuilderCore.Start&lt;TStateMachine&gt;(TStateMachine&amp;)
:: [7] System.Threading.Tasks.Task OmegaSpiral.Tests.UI.Terminal.TerminalBorderDiagnosticsTests.Test5_TerminalFrameSizeAllowsBorderVisibility()
:: [8] object System.Reflection.MethodBaseInvoker.InterpretedInvoke_Method(object, System.IntPtr*)
:: [9] object System.Reflection.MethodBaseInvoker.InvokeWithNoArgs(object, System.Reflection.BindingFlags)
:: [10] object System.Reflection.RuntimeMethodInfo.Invoke(object, System.Reflection.BindingFlags, System.Reflection.Binder, System.Object[], System.Globalization.CultureInfo)
:: [11] void GdUnit4.Core.Execution.ExecutionStage`1+&lt;ExecuteStage&gt;d__37.MoveNext()
:: [12] void System.Runtime.CompilerServices.AsyncMethodBuilderCore.Start&lt;TStateMachine&gt;(TStateMachine&amp;)
:: [13] System.Threading.Tasks.Task GdUnit4.Core.Execution.ExecutionStage`1.ExecuteStage(GdUnit4.Core.Execution.ExecutionContext)
:: [14] void GdUnit4.Core.Execution.ExecutionStage`1+&lt;Execute&gt;d__30.MoveNext()
:: [15] void System.Runtime.CompilerServices.AsyncMethodBuilderCore.Start&lt;TStateMachine&gt;(TStateMachine&amp;)
:: [16] System.Threading.Tasks.Task GdUnit4.Core.Execution.ExecutionStage`1.Execute(GdUnit4.Core.Execution.ExecutionContext)
:: [17] System.Threading.Tasks.Task GdUnit4.Core.Execution.TestCaseExecutionStage.&lt;&gt;n__0(GdUnit4.Core.Execution.ExecutionContext)
:: [18] void GdUnit4.Core.Execution.TestCaseExecutionStage+&lt;Execute&gt;d__1.MoveNext()
:: [19] void System.Runtime.CompilerServices.AsyncMethodBuilderCore.Start&lt;TStateMachine&gt;(TStateMachine&amp;)
:: [20] System.Threading.Tasks.Task GdUnit4.Core.Execution.TestCaseExecutionStage.Execute(GdUnit4.Core.Execution.ExecutionContext)
:: [21] void GdUnit4.Core.Execution.TestSuiteExecutionStage+&lt;RunTestCase&gt;d__15.MoveNext()
:: [22] void System.Threading.ExecutionContext.RunInternal(System.Threading.ExecutionContext, System.Threading.ContextCallback, object)
:: [23] void System.Runtime.CompilerServices.AsyncTaskMethodBuilder`1+AsyncStateMachineBox`1.MoveNext(System.Threading.Thread)
:: [24] void System.Threading.Tasks.AwaitTaskContinuation.RunCallback(System.Threading.ContextCallback, object, System.Threading.Tasks.Task&amp;)
:: [25] void System.Threading.Tasks.Task.RunContinuations(object)
:: [26] bool System.Threading.Tasks.Task`1.TrySetResult(TResult)
:: [27] void System.Runtime.CompilerServices.AsyncTaskMethodBuilder`1.SetExistingTaskResult(System.Threading.Tasks.Task`1[TResult], TResult)
:: [28] void GdUnit4.Core.Execution.BeforeTestExecutionStage+&lt;Execute&gt;d__1.MoveNext()
:: [29] void System.Threading.ExecutionContext.RunInternal(System.Threading.ExecutionContext, System.Threading.ContextCallback, object)
:: [30] void System.Runtime.CompilerServices.AsyncTaskMethodBuilder`1+AsyncStateMachineBox`1.MoveNext(System.Threading.Thread)
:: [31] void System.Threading.Tasks.AwaitTaskContinuation.RunCallback(System.Threading.ContextCallback, object, System.Threading.Tasks.Task&amp;)
:: [32] void System.Threading.Tasks.Task.RunContinuations(object)
:: [33] bool System.Threading.Tasks.Task`1.TrySetResult(TResult)
:: [34] void System.Runtime.CompilerServices.AsyncTaskMethodBuilder`1.SetExistingTaskResult(System.Threading.Tasks.Task`1[TResult], TResult)
:: [35] void GdUnit4.Core.Execution.ExecutionStage`1+&lt;Execute&gt;d__30.MoveNext()
:: [36] void System.Threading.ExecutionContext.RunInternal(System.Threading.ExecutionContext, System.Threading.ContextCallback, object)
:: [37] void System.Runtime.CompilerServices.AsyncTaskMethodBuilder`1+AsyncStateMachineBox`1.MoveNext(System.Threading.Thread)
:: [38] void Godot.GodotSynchronizationContext.ExecutePendingContinuations() (/root/godot/modules/mono/glue/GodotSharp/GodotSharp/Core/GodotSynchronizationContext.cs:51)
:: [39] void Godot.GodotTaskScheduler.Activate() (/root/godot/modules/mono/glue/GodotSharp/GodotSharp/Core/GodotTaskScheduler.cs:76)
:: [40] void Godot.Bridge.ScriptManagerBridge.FrameCallback() (/root/godot/modules/mono/glue/GodotSharp/GodotSharp/Core/Bridge/ScriptManagerBridge.cs:84)
:: WARNING: Parent path 'MenuContent/MenuButtonsMargin/MenuButtonsContainer/MenuButtonsBoxContainer' for node 'Stage4Button' has vanished when instantiating: 'res://source/ui/menus/main_menu.tscn'.
:: at: instantiate (scene/resources/packed_scene.cpp:205)
:: C# backtrace (most recent call first):
:: [0] Godot.GodotObject Godot.NativeCalls.godot_icall_1_79(nint, nint, int) (/root/godot/modules/mono/glue/GodotSharp/GodotSharp/Generated/NativeCalls.cs:703)
:: [1] Godot.Node Godot.PackedScene.Instantiate(Godot.PackedScene+GenEditState) (/root/godot/modules/mono/glue/GodotSharp/GodotSharp/Generated/GodotObjects/PackedScene.cs:130)
:: [2] Godot.Node GdUnit4.Core.SceneRunner.LoadScene(string)
:: [3] GdUnit4.Core.SceneRunner..ctor(string, bool, bool)
:: [4] GdUnit4.ISceneRunner GdUnit4.ISceneRunner.Load(string, bool, bool)
:: [5] void OmegaSpiral.Tests.UI.Terminal.TerminalBorderDiagnosticsTests+&lt;Test5_TerminalFrameSizeAllowsBorderVisibility&gt;d__5.MoveNext() (/home/adam/Dev/omega-spiral/chapter-zero/tests/ui/terminal/TerminalBorderDiagnosticsTests.cs:136)
:: [6] void System.Runtime.CompilerServices.AsyncMethodBuilderCore.Start&lt;TStateMachine&gt;(TStateMachine&amp;)
:: [7] System.Threading.Tasks.Task OmegaSpiral.Tests.UI.Terminal.TerminalBorderDiagnosticsTests.Test5_TerminalFrameSizeAllowsBorderVisibility()
:: [8] object System.Reflection.MethodBaseInvoker.InterpretedInvoke_Method(object, System.IntPtr*)
:: [9] object System.Reflection.MethodBaseInvoker.InvokeWithNoArgs(object, System.Reflection.BindingFlags)
:: [10] object System.Reflection.RuntimeMethodInfo.Invoke(object, System.Reflection.BindingFlags, System.Reflection.Binder, System.Object[], System.Globalization.CultureInfo)
:: [11] void GdUnit4.Core.Execution.ExecutionStage`1+&lt;ExecuteStage&gt;d__37.MoveNext()
:: [12] void System.Runtime.CompilerServices.AsyncMethodBuilderCore.Start&lt;TStateMachine&gt;(TStateMachine&amp;)
:: [13] System.Threading.Tasks.Task GdUnit4.Core.Execution.ExecutionStage`1.ExecuteStage(GdUnit4.Core.Execution.ExecutionContext)
:: [14] void GdUnit4.Core.Execution.ExecutionStage`1+&lt;Execute&gt;d__30.MoveNext()
:: [15] void System.Runtime.CompilerServices.AsyncMethodBuilderCore.Start&lt;TStateMachine&gt;(TStateMachine&amp;)
:: [16] System.Threading.Tasks.Task GdUnit4.Core.Execution.ExecutionStage`1.Execute(GdUnit4.Core.Execution.ExecutionContext)
:: [17] System.Threading.Tasks.Task GdUnit4.Core.Execution.TestCaseExecutionStage.&lt;&gt;n__0(GdUnit4.Core.Execution.ExecutionContext)
:: [18] void GdUnit4.Core.Execution.TestCaseExecutionStage+&lt;Execute&gt;d__1.MoveNext()
:: [19] void System.Runtime.CompilerServices.AsyncMethodBuilderCore.Start&lt;TStateMachine&gt;(TStateMachine&amp;)
:: [20] System.Threading.Tasks.Task GdUnit4.Core.Execution.TestCaseExecutionStage.Execute(GdUnit4.Core.Execution.ExecutionContext)
:: [21] void GdUnit4.Core.Execution.TestSuiteExecutionStage+&lt;RunTestCase&gt;d__15.MoveNext()
:: [22] void System.Threading.ExecutionContext.RunInternal(System.Threading.ExecutionContext, System.Threading.ContextCallback, object)
:: [23] void System.Runtime.CompilerServices.AsyncTaskMethodBuilder`1+AsyncStateMachineBox`1.MoveNext(System.Threading.Thread)
:: [24] void System.Threading.Tasks.AwaitTaskContinuation.RunCallback(System.Threading.ContextCallback, object, System.Threading.Tasks.Task&amp;)
:: [25] void System.Threading.Tasks.Task.RunContinuations(object)
:: [26] bool System.Threading.Tasks.Task`1.TrySetResult(TResult)
:: [27] void System.Runtime.CompilerServices.AsyncTaskMethodBuilder`1.SetExistingTaskResult(System.Threading.Tasks.Task`1[TResult], TResult)
:: [28] void GdUnit4.Core.Execution.BeforeTestExecutionStage+&lt;Execute&gt;d__1.MoveNext()
:: [29] void System.Threading.ExecutionContext.RunInternal(System.Threading.ExecutionContext, System.Threading.ContextCallback, object)
:: [30] void System.Runtime.CompilerServices.AsyncTaskMethodBuilder`1+AsyncStateMachineBox`1.MoveNext(System.Threading.Thread)
:: [31] void System.Threading.Tasks.AwaitTaskContinuation.RunCallback(System.Threading.ContextCallback, object, System.Threading.Tasks.Task&amp;)
:: [32] void System.Threading.Tasks.Task.RunContinuations(object)
:: [33] bool System.Threading.Tasks.Task`1.TrySetResult(TResult)
:: [34] void System.Runtime.CompilerServices.AsyncTaskMethodBuilder`1.SetExistingTaskResult(System.Threading.Tasks.Task`1[TResult], TResult)
:: [35] void GdUnit4.Core.Execution.ExecutionStage`1+&lt;Execute&gt;d__30.MoveNext()
:: [36] void System.Threading.ExecutionContext.RunInternal(System.Threading.ExecutionContext, System.Threading.ContextCallback, object)
:: [37] void System.Runtime.CompilerServices.AsyncTaskMethodBuilder`1+AsyncStateMachineBox`1.MoveNext(System.Threading.Thread)
:: [38] void Godot.GodotSynchronizationContext.ExecutePendingContinuations() (/root/godot/modules/mono/glue/GodotSharp/GodotSharp/Core/GodotSynchronizationContext.cs:51)
:: [39] void Godot.GodotTaskScheduler.Activate() (/root/godot/modules/mono/glue/GodotSharp/GodotSharp/Core/GodotTaskScheduler.cs:76)
:: [40] void Godot.Bridge.ScriptManagerBridge.FrameCallback() (/root/godot/modules/mono/glue/GodotSharp/GodotSharp/Core/Bridge/ScriptManagerBridge.cs:84)
:: WARNING: Parent path 'MenuContent/MenuButtonsMargin/MenuButtonsContainer/MenuButtonsBoxContainer' for node 'Stage5Button' has vanished when instantiating: 'res://source/ui/menus/main_menu.tscn'.
:: at: instantiate (scene/resources/packed_scene.cpp:205)
:: C# backtrace (most recent call first):
:: [0] Godot.GodotObject Godot.NativeCalls.godot_icall_1_79(nint, nint, int) (/root/godot/modules/mono/glue/GodotSharp/GodotSharp/Generated/NativeCalls.cs:703)
:: [1] Godot.Node Godot.PackedScene.Instantiate(Godot.PackedScene+GenEditState) (/root/godot/modules/mono/glue/GodotSharp/GodotSharp/Generated/GodotObjects/PackedScene.cs:130)
:: [2] Godot.Node GdUnit4.Core.SceneRunner.LoadScene(string)
:: [3] GdUnit4.Core.SceneRunner..ctor(string, bool, bool)
:: [4] GdUnit4.ISceneRunner GdUnit4.ISceneRunner.Load(string, bool, bool)
:: [5] void OmegaSpiral.Tests.UI.Terminal.TerminalBorderDiagnosticsTests+&lt;Test5_TerminalFrameSizeAllowsBorderVisibility&gt;d__5.MoveNext() (/home/adam/Dev/omega-spiral/chapter-zero/tests/ui/terminal/TerminalBorderDiagnosticsTests.cs:136)
:: [6] void System.Runtime.CompilerServices.AsyncMethodBuilderCore.Start&lt;TStateMachine&gt;(TStateMachine&amp;)
:: [7] System.Threading.Tasks.Task OmegaSpiral.Tests.UI.Terminal.TerminalBorderDiagnosticsTests.Test5_TerminalFrameSizeAllowsBorderVisibility()
:: [8] object System.Reflection.MethodBaseInvoker.InterpretedInvoke_Method(object, System.IntPtr*)
:: [9] object System.Reflection.MethodBaseInvoker.InvokeWithNoArgs(object, System.Reflection.BindingFlags)
:: [10] object System.Reflection.RuntimeMethodInfo.Invoke(object, System.Reflection.BindingFlags, System.Reflection.Binder, System.Object[], System.Globalization.CultureInfo)
:: [11] void GdUnit4.Core.Execution.ExecutionStage`1+&lt;ExecuteStage&gt;d__37.MoveNext()
:: [12] void System.Runtime.CompilerServices.AsyncMethodBuilderCore.Start&lt;TStateMachine&gt;(TStateMachine&amp;)
:: [13] System.Threading.Tasks.Task GdUnit4.Core.Execution.ExecutionStage`1.ExecuteStage(GdUnit4.Core.Execution.ExecutionContext)
:: [14] void GdUnit4.Core.Execution.ExecutionStage`1+&lt;Execute&gt;d__30.MoveNext()
:: [15] void System.Runtime.CompilerServices.AsyncMethodBuilderCore.Start&lt;TStateMachine&gt;(TStateMachine&amp;)
:: [16] System.Threading.Tasks.Task GdUnit4.Core.Execution.ExecutionStage`1.Execute(GdUnit4.Core.Execution.ExecutionContext)
:: [17] System.Threading.Tasks.Task GdUnit4.Core.Execution.TestCaseExecutionStage.&lt;&gt;n__0(GdUnit4.Core.Execution.ExecutionContext)
:: [18] void GdUnit4.Core.Execution.TestCaseExecutionStage+&lt;Execute&gt;d__1.MoveNext()
:: [19] void System.Runtime.CompilerServices.AsyncMethodBuilderCore.Start&lt;TStateMachine&gt;(TStateMachine&amp;)
:: [20] System.Threading.Tasks.Task GdUnit4.Core.Execution.TestCaseExecutionStage.Execute(GdUnit4.Core.Execution.ExecutionContext)
:: [21] void GdUnit4.Core.Execution.TestSuiteExecutionStage+&lt;RunTestCase&gt;d__15.MoveNext()
:: [22] void System.Threading.ExecutionContext.RunInternal(System.Threading.ExecutionContext, System.Threading.ContextCallback, object)
:: [23] void System.Runtime.CompilerServices.AsyncTaskMethodBuilder`1+AsyncStateMachineBox`1.MoveNext(System.Threading.Thread)
:: [24] void System.Threading.Tasks.AwaitTaskContinuation.RunCallback(System.Threading.ContextCallback, object, System.Threading.Tasks.Task&amp;)
:: [25] void System.Threading.Tasks.Task.RunContinuations(object)
:: [26] bool System.Threading.Tasks.Task`1.TrySetResult(TResult)
:: [27] void System.Runtime.CompilerServices.AsyncTaskMethodBuilder`1.SetExistingTaskResult(System.Threading.Tasks.Task`1[TResult], TResult)
:: [28] void GdUnit4.Core.Execution.BeforeTestExecutionStage+&lt;Execute&gt;d__1.MoveNext()
:: [29] void System.Threading.ExecutionContext.RunInternal(System.Threading.ExecutionContext, System.Threading.ContextCallback, object)
:: [30] void System.Runtime.CompilerServices.AsyncTaskMethodBuilder`1+AsyncStateMachineBox`1.MoveNext(System.Threading.Thread)
:: [31] void System.Threading.Tasks.AwaitTaskContinuation.RunCallback(System.Threading.ContextCallback, object, System.Threading.Tasks.Task&amp;)
:: [32] void System.Threading.Tasks.Task.RunContinuations(object)
:: [33] bool System.Threading.Tasks.Task`1.TrySetResult(TResult)
:: [34] void System.Runtime.CompilerServices.AsyncTaskMethodBuilder`1.SetExistingTaskResult(System.Threading.Tasks.Task`1[TResult], TResult)
:: [35] void GdUnit4.Core.Execution.ExecutionStage`1+&lt;Execute&gt;d__30.MoveNext()
:: [36] void System.Threading.ExecutionContext.RunInternal(System.Threading.ExecutionContext, System.Threading.ContextCallback, object)
:: [37] void System.Runtime.CompilerServices.AsyncTaskMethodBuilder`1+AsyncStateMachineBox`1.MoveNext(System.Threading.Thread)
:: [38] void Godot.GodotSynchronizationContext.ExecutePendingContinuations() (/root/godot/modules/mono/glue/GodotSharp/GodotSharp/Core/GodotSynchronizationContext.cs:51)
:: [39] void Godot.GodotTaskScheduler.Activate() (/root/godot/modules/mono/glue/GodotSharp/GodotSharp/Core/GodotTaskScheduler.cs:76)
:: [40] void Godot.Bridge.ScriptManagerBridge.FrameCallback() (/root/godot/modules/mono/glue/GodotSharp/GodotSharp/Core/Bridge/ScriptManagerBridge.cs:84)
:: WARNING: Parent path 'MenuContent/MenuButtonsMargin/MenuButtonsContainer/MenuButtonsBoxContainer' for node 'OptionsButton' has vanished when instantiating: 'res://source/ui/menus/main_menu.tscn'.
:: at: instantiate (scene/resources/packed_scene.cpp:205)
:: C# backtrace (most recent call first):
:: [0] Godot.GodotObject Godot.NativeCalls.godot_icall_1_79(nint, nint, int) (/root/godot/modules/mono/glue/GodotSharp/GodotSharp/Generated/NativeCalls.cs:703)
:: [1] Godot.Node Godot.PackedScene.Instantiate(Godot.PackedScene+GenEditState) (/root/godot/modules/mono/glue/GodotSharp/GodotSharp/Generated/GodotObjects/PackedScene.cs:130)
:: [2] Godot.Node GdUnit4.Core.SceneRunner.LoadScene(string)
:: [3] GdUnit4.Core.SceneRunner..ctor(string, bool, bool)
:: [4] GdUnit4.ISceneRunner GdUnit4.ISceneRunner.Load(string, bool, bool)
:: [5] void OmegaSpiral.Tests.UI.Terminal.TerminalBorderDiagnosticsTests+&lt;Test5_TerminalFrameSizeAllowsBorderVisibility&gt;d__5.MoveNext() (/home/adam/Dev/omega-spiral/chapter-zero/tests/ui/terminal/TerminalBorderDiagnosticsTests.cs:136)
:: [6] void System.Runtime.CompilerServices.AsyncMethodBuilderCore.Start&lt;TStateMachine&gt;(TStateMachine&amp;)
:: [7] System.Threading.Tasks.Task OmegaSpiral.Tests.UI.Terminal.TerminalBorderDiagnosticsTests.Test5_TerminalFrameSizeAllowsBorderVisibility()
:: [8] object System.Reflection.MethodBaseInvoker.InterpretedInvoke_Method(object, System.IntPtr*)
:: [9] object System.Reflection.MethodBaseInvoker.InvokeWithNoArgs(object, System.Reflection.BindingFlags)
:: [10] object System.Reflection.RuntimeMethodInfo.Invoke(object, System.Reflection.BindingFlags, System.Reflection.Binder, System.Object[], System.Globalization.CultureInfo)
:: [11] void GdUnit4.Core.Execution.ExecutionStage`1+&lt;ExecuteStage&gt;d__37.MoveNext()
:: [12] void System.Runtime.CompilerServices.AsyncMethodBuilderCore.Start&lt;TStateMachine&gt;(TStateMachine&amp;)
:: [13] System.Threading.Tasks.Task GdUnit4.Core.Execution.ExecutionStage`1.ExecuteStage(GdUnit4.Core.Execution.ExecutionContext)
:: [14] void GdUnit4.Core.Execution.ExecutionStage`1+&lt;Execute&gt;d__30.MoveNext()
:: [15] void System.Runtime.CompilerServices.AsyncMethodBuilderCore.Start&lt;TStateMachine&gt;(TStateMachine&amp;)
:: [16] System.Threading.Tasks.Task GdUnit4.Core.Execution.ExecutionStage`1.Execute(GdUnit4.Core.Execution.ExecutionContext)
:: [17] System.Threading.Tasks.Task GdUnit4.Core.Execution.TestCaseExecutionStage.&lt;&gt;n__0(GdUnit4.Core.Execution.ExecutionContext)
:: [18] void GdUnit4.Core.Execution.TestCaseExecutionStage+&lt;Execute&gt;d__1.MoveNext()
:: [19] void System.Runtime.CompilerServices.AsyncMethodBuilderCore.Start&lt;TStateMachine&gt;(TStateMachine&amp;)
:: [20] System.Threading.Tasks.Task GdUnit4.Core.Execution.TestCaseExecutionStage.Execute(GdUnit4.Core.Execution.ExecutionContext)
:: [21] void GdUnit4.Core.Execution.TestSuiteExecutionStage+&lt;RunTestCase&gt;d__15.MoveNext()
:: [22] void System.Threading.ExecutionContext.RunInternal(System.Threading.ExecutionContext, System.Threading.ContextCallback, object)
:: [23] void System.Runtime.CompilerServices.AsyncTaskMethodBuilder`1+AsyncStateMachineBox`1.MoveNext(System.Threading.Thread)
:: [24] void System.Threading.Tasks.AwaitTaskContinuation.RunCallback(System.Threading.ContextCallback, object, System.Threading.Tasks.Task&amp;)
:: [25] void System.Threading.Tasks.Task.RunContinuations(object)
:: [26] bool System.Threading.Tasks.Task`1.TrySetResult(TResult)
:: [27] void System.Runtime.CompilerServices.AsyncTaskMethodBuilder`1.SetExistingTaskResult(System.Threading.Tasks.Task`1[TResult], TResult)
:: [28] void GdUnit4.Core.Execution.BeforeTestExecutionStage+&lt;Execute&gt;d__1.MoveNext()
:: [29] void System.Threading.ExecutionContext.RunInternal(System.Threading.ExecutionContext, System.Threading.ContextCallback, object)
:: [30] void System.Runtime.CompilerServices.AsyncTaskMethodBuilder`1+AsyncStateMachineBox`1.MoveNext(System.Threading.Thread)
:: [31] void System.Threading.Tasks.AwaitTaskContinuation.RunCallback(System.Threading.ContextCallback, object, System.Threading.Tasks.Task&amp;)
:: [32] void System.Threading.Tasks.Task.RunContinuations(object)
:: [33] bool System.Threading.Tasks.Task`1.TrySetResult(TResult)
:: [34] void System.Runtime.CompilerServices.AsyncTaskMethodBuilder`1.SetExistingTaskResult(System.Threading.Tasks.Task`1[TResult], TResult)
:: [35] void GdUnit4.Core.Execution.ExecutionStage`1+&lt;Execute&gt;d__30.MoveNext()
:: [36] void System.Threading.ExecutionContext.RunInternal(System.Threading.ExecutionContext, System.Threading.ContextCallback, object)
:: [37] void System.Runtime.CompilerServices.AsyncTaskMethodBuilder`1+AsyncStateMachineBox`1.MoveNext(System.Threading.Thread)
:: [38] void Godot.GodotSynchronizationContext.ExecutePendingContinuations() (/root/godot/modules/mono/glue/GodotSharp/GodotSharp/Core/GodotSynchronizationContext.cs:51)
:: [39] void Godot.GodotTaskScheduler.Activate() (/root/godot/modules/mono/glue/GodotSharp/GodotSharp/Core/GodotTaskScheduler.cs:76)
:: [40] void Godot.Bridge.ScriptManagerBridge.FrameCallback() (/root/godot/modules/mono/glue/GodotSharp/GodotSharp/Core/Bridge/ScriptManagerBridge.cs:84)
:: WARNING: Parent path 'MenuContent/MenuButtonsMargin/MenuButtonsContainer/MenuButtonsBoxContainer' for node 'HSeparator2' has vanished when instantiating: 'res://source/ui/menus/main_menu.tscn'.
:: at: instantiate (scene/resources/packed_scene.cpp:205)
:: C# backtrace (most recent call first):
:: [0] Godot.GodotObject Godot.NativeCalls.godot_icall_1_79(nint, nint, int) (/root/godot/modules/mono/glue/GodotSharp/GodotSharp/Generated/NativeCalls.cs:703)
:: [1] Godot.Node Godot.PackedScene.Instantiate(Godot.PackedScene+GenEditState) (/root/godot/modules/mono/glue/GodotSharp/GodotSharp/Generated/GodotObjects/PackedScene.cs:130)
:: [2] Godot.Node GdUnit4.Core.SceneRunner.LoadScene(string)
:: [3] GdUnit4.Core.SceneRunner..ctor(string, bool, bool)
:: [4] GdUnit4.ISceneRunner GdUnit4.ISceneRunner.Load(string, bool, bool)
:: [5] void OmegaSpiral.Tests.UI.Terminal.TerminalBorderDiagnosticsTests+&lt;Test5_TerminalFrameSizeAllowsBorderVisibility&gt;d__5.MoveNext() (/home/adam/Dev/omega-spiral/chapter-zero/tests/ui/terminal/TerminalBorderDiagnosticsTests.cs:136)
:: [6] void System.Runtime.CompilerServices.AsyncMethodBuilderCore.Start&lt;TStateMachine&gt;(TStateMachine&amp;)
:: [7] System.Threading.Tasks.Task OmegaSpiral.Tests.UI.Terminal.TerminalBorderDiagnosticsTests.Test5_TerminalFrameSizeAllowsBorderVisibility()
:: [8] object System.Reflection.MethodBaseInvoker.InterpretedInvoke_Method(object, System.IntPtr*)
:: [9] object System.Reflection.MethodBaseInvoker.InvokeWithNoArgs(object, System.Reflection.BindingFlags)
:: [10] object System.Reflection.RuntimeMethodInfo.Invoke(object, System.Reflection.BindingFlags, System.Reflection.Binder, System.Object[], System.Globalization.CultureInfo)
:: [11] void GdUnit4.Core.Execution.ExecutionStage`1+&lt;ExecuteStage&gt;d__37.MoveNext()
:: [12] void System.Runtime.CompilerServices.AsyncMethodBuilderCore.Start&lt;TStateMachine&gt;(TStateMachine&amp;)
:: [13] System.Threading.Tasks.Task GdUnit4.Core.Execution.ExecutionStage`1.ExecuteStage(GdUnit4.Core.Execution.ExecutionContext)
:: [14] void GdUnit4.Core.Execution.ExecutionStage`1+&lt;Execute&gt;d__30.MoveNext()
:: [15] void System.Runtime.CompilerServices.AsyncMethodBuilderCore.Start&lt;TStateMachine&gt;(TStateMachine&amp;)
:: [16] System.Threading.Tasks.Task GdUnit4.Core.Execution.ExecutionStage`1.Execute(GdUnit4.Core.Execution.ExecutionContext)
:: [17] System.Threading.Tasks.Task GdUnit4.Core.Execution.TestCaseExecutionStage.&lt;&gt;n__0(GdUnit4.Core.Execution.ExecutionContext)
:: [18] void GdUnit4.Core.Execution.TestCaseExecutionStage+&lt;Execute&gt;d__1.MoveNext()
:: [19] void System.Runtime.CompilerServices.AsyncMethodBuilderCore.Start&lt;TStateMachine&gt;(TStateMachine&amp;)
:: [20] System.Threading.Tasks.Task GdUnit4.Core.Execution.TestCaseExecutionStage.Execute(GdUnit4.Core.Execution.ExecutionContext)
:: [21] void GdUnit4.Core.Execution.TestSuiteExecutionStage+&lt;RunTestCase&gt;d__15.MoveNext()
:: [22] void System.Threading.ExecutionContext.RunInternal(System.Threading.ExecutionContext, System.Threading.ContextCallback, object)
:: [23] void System.Runtime.CompilerServices.AsyncTaskMethodBuilder`1+AsyncStateMachineBox`1.MoveNext(System.Threading.Thread)
:: [24] void System.Threading.Tasks.AwaitTaskContinuation.RunCallback(System.Threading.ContextCallback, object, System.Threading.Tasks.Task&amp;)
:: [25] void System.Threading.Tasks.Task.RunContinuations(object)
:: [26] bool System.Threading.Tasks.Task`1.TrySetResult(TResult)
:: [27] void System.Runtime.CompilerServices.AsyncTaskMethodBuilder`1.SetExistingTaskResult(System.Threading.Tasks.Task`1[TResult], TResult)
:: [28] void GdUnit4.Core.Execution.BeforeTestExecutionStage+&lt;Execute&gt;d__1.MoveNext()
:: [29] void System.Threading.ExecutionContext.RunInternal(System.Threading.ExecutionContext, System.Threading.ContextCallback, object)
:: [30] void System.Runtime.CompilerServices.AsyncTaskMethodBuilder`1+AsyncStateMachineBox`1.MoveNext(System.Threading.Thread)
:: [31] void System.Threading.Tasks.AwaitTaskContinuation.RunCallback(System.Threading.ContextCallback, object, System.Threading.Tasks.Task&amp;)
:: [32] void System.Threading.Tasks.Task.RunContinuations(object)
:: [33] bool System.Threading.Tasks.Task`1.TrySetResult(TResult)
:: [34] void System.Runtime.CompilerServices.AsyncTaskMethodBuilder`1.SetExistingTaskResult(System.Threading.Tasks.Task`1[TResult], TResult)
:: [35] void GdUnit4.Core.Execution.ExecutionStage`1+&lt;Execute&gt;d__30.MoveNext()
:: [36] void System.Threading.ExecutionContext.RunInternal(System.Threading.ExecutionContext, System.Threading.ContextCallback, object)
:: [37] void System.Runtime.CompilerServices.AsyncTaskMethodBuilder`1+AsyncStateMachineBox`1.MoveNext(System.Threading.Thread)
:: [38] void Godot.GodotSynchronizationContext.ExecutePendingContinuations() (/root/godot/modules/mono/glue/GodotSharp/GodotSharp/Core/GodotSynchronizationContext.cs:51)
:: [39] void Godot.GodotTaskScheduler.Activate() (/root/godot/modules/mono/glue/GodotSharp/GodotSharp/Core/GodotTaskScheduler.cs:76)
:: [40] void Godot.Bridge.ScriptManagerBridge.FrameCallback() (/root/godot/modules/mono/glue/GodotSharp/GodotSharp/Core/Bridge/ScriptManagerBridge.cs:84)
:: WARNING: Parent path 'MenuContent/MenuButtonsMargin/MenuButtonsContainer/MenuButtonsBoxContainer' for node 'QuitButton' has vanished when instantiating: 'res://source/ui/menus/main_menu.tscn'.
:: at: instantiate (scene/resources/packed_scene.cpp:205)
:: C# backtrace (most recent call first):
:: [0] Godot.GodotObject Godot.NativeCalls.godot_icall_1_79(nint, nint, int) (/root/godot/modules/mono/glue/GodotSharp/GodotSharp/Generated/NativeCalls.cs:703)
:: [1] Godot.Node Godot.PackedScene.Instantiate(Godot.PackedScene+GenEditState) (/root/godot/modules/mono/glue/GodotSharp/GodotSharp/Generated/GodotObjects/PackedScene.cs:130)
:: [2] Godot.Node GdUnit4.Core.SceneRunner.LoadScene(string)
:: [3] GdUnit4.Core.SceneRunner..ctor(string, bool, bool)
:: [4] GdUnit4.ISceneRunner GdUnit4.ISceneRunner.Load(string, bool, bool)
:: [5] void OmegaSpiral.Tests.UI.Terminal.TerminalBorderDiagnosticsTests+&lt;Test5_TerminalFrameSizeAllowsBorderVisibility&gt;d__5.MoveNext() (/home/adam/Dev/omega-spiral/chapter-zero/tests/ui/terminal/TerminalBorderDiagnosticsTests.cs:136)
:: [6] void System.Runtime.CompilerServices.AsyncMethodBuilderCore.Start&lt;TStateMachine&gt;(TStateMachine&amp;)
:: [7] System.Threading.Tasks.Task OmegaSpiral.Tests.UI.Terminal.TerminalBorderDiagnosticsTests.Test5_TerminalFrameSizeAllowsBorderVisibility()
:: [8] object System.Reflection.MethodBaseInvoker.InterpretedInvoke_Method(object, System.IntPtr*)
:: [9] object System.Reflection.MethodBaseInvoker.InvokeWithNoArgs(object, System.Reflection.BindingFlags)
:: [10] object System.Reflection.RuntimeMethodInfo.Invoke(object, System.Reflection.BindingFlags, System.Reflection.Binder, System.Object[], System.Globalization.CultureInfo)
:: [11] void GdUnit4.Core.Execution.ExecutionStage`1+&lt;ExecuteStage&gt;d__37.MoveNext()
:: [12] void System.Runtime.CompilerServices.AsyncMethodBuilderCore.Start&lt;TStateMachine&gt;(TStateMachine&amp;)
:: [13] System.Threading.Tasks.Task GdUnit4.Core.Execution.ExecutionStage`1.ExecuteStage(GdUnit4.Core.Execution.ExecutionContext)
:: [14] void GdUnit4.Core.Execution.ExecutionStage`1+&lt;Execute&gt;d__30.MoveNext()
:: [15] void System.Runtime.CompilerServices.AsyncMethodBuilderCore.Start&lt;TStateMachine&gt;(TStateMachine&amp;)
:: [16] System.Threading.Tasks.Task GdUnit4.Core.Execution.ExecutionStage`1.Execute(GdUnit4.Core.Execution.ExecutionContext)
:: [17] System.Threading.Tasks.Task GdUnit4.Core.Execution.TestCaseExecutionStage.&lt;&gt;n__0(GdUnit4.Core.Execution.ExecutionContext)
:: [18] void GdUnit4.Core.Execution.TestCaseExecutionStage+&lt;Execute&gt;d__1.MoveNext()
:: [19] void System.Runtime.CompilerServices.AsyncMethodBuilderCore.Start&lt;TStateMachine&gt;(TStateMachine&amp;)
:: [20] System.Threading.Tasks.Task GdUnit4.Core.Execution.TestCaseExecutionStage.Execute(GdUnit4.Core.Execution.ExecutionContext)
:: [21] void GdUnit4.Core.Execution.TestSuiteExecutionStage+&lt;RunTestCase&gt;d__15.MoveNext()
:: [22] void System.Threading.ExecutionContext.RunInternal(System.Threading.ExecutionContext, System.Threading.ContextCallback, object)
:: [23] void System.Runtime.CompilerServices.AsyncTaskMethodBuilder`1+AsyncStateMachineBox`1.MoveNext(System.Threading.Thread)
:: [24] void System.Threading.Tasks.AwaitTaskContinuation.RunCallback(System.Threading.ContextCallback, object, System.Threading.Tasks.Task&amp;)
:: [25] void System.Threading.Tasks.Task.RunContinuations(object)
:: [26] bool System.Threading.Tasks.Task`1.TrySetResult(TResult)
:: [27] void System.Runtime.CompilerServices.AsyncTaskMethodBuilder`1.SetExistingTaskResult(System.Threading.Tasks.Task`1[TResult], TResult)
:: [28] void GdUnit4.Core.Execution.BeforeTestExecutionStage+&lt;Execute&gt;d__1.MoveNext()
:: [29] void System.Threading.ExecutionContext.RunInternal(System.Threading.ExecutionContext, System.Threading.ContextCallback, object)
:: [30] void System.Runtime.CompilerServices.AsyncTaskMethodBuilder`1+AsyncStateMachineBox`1.MoveNext(System.Threading.Thread)
:: [31] void System.Threading.Tasks.AwaitTaskContinuation.RunCallback(System.Threading.ContextCallback, object, System.Threading.Tasks.Task&amp;)
:: [32] void System.Threading.Tasks.Task.RunContinuations(object)
:: [33] bool System.Threading.Tasks.Task`1.TrySetResult(TResult)
:: [34] void System.Runtime.CompilerServices.AsyncTaskMethodBuilder`1.SetExistingTaskResult(System.Threading.Tasks.Task`1[TResult], TResult)
:: [35] void GdUnit4.Core.Execution.ExecutionStage`1+&lt;Execute&gt;d__30.MoveNext()
:: [36] void System.Threading.ExecutionContext.RunInternal(System.Threading.ExecutionContext, System.Threading.ContextCallback, object)
:: [37] void System.Runtime.CompilerServices.AsyncTaskMethodBuilder`1+AsyncStateMachineBox`1.MoveNext(System.Threading.Thread)
:: [38] void Godot.GodotSynchronizationContext.ExecutePendingContinuations() (/root/godot/modules/mono/glue/GodotSharp/GodotSharp/Core/GodotSynchronizationContext.cs:51)
:: [39] void Godot.GodotTaskScheduler.Activate() (/root/godot/modules/mono/glue/GodotSharp/GodotSharp/Core/GodotTaskScheduler.cs:76)
:: [40] void Godot.Bridge.ScriptManagerBridge.FrameCallback() (/root/godot/modules/mono/glue/GodotSharp/GodotSharp/Core/Bridge/ScriptManagerBridge.cs:84)
    Main Menu loaded and centered.
    [TerminalWindow] BEFORE: Bezel offsets = L:0, T:0, R:0, B:0
    [TerminalWindow] AFTER: Applied bezel constraints: viewport=(1152, 648), margins=(64, 48)
    [TerminalWindow] AFTER: Bezel offsets = L:64, T:48, R:-64, B:-48
:: WARNING: 86 RIDs of type "CanvasItem" were leaked.
:: at: _free_rids (servers/rendering/renderer_canvas_cull.cpp:2692)
:: ERROR: 7 RID allocations of type 'N10RendererRD14TextureStorage7TextureE' were leaked at exit.
:: WARNING: 8 RIDs of type "Texture" were leaked.
:: at: finalize (servers/rendering/rendering_device.cpp:7123)
:: ERROR: 78 RID allocations of type 'PN18TextServerAdvanced22ShapedTextDataAdvancedE' were leaked at exit.
:: ERROR: 2 RID allocations of type 'PN18TextServerAdvanced12FontAdvancedE' were leaked at exit.
:: WARNING: ObjectDB instances leaked at exit (run with --verbose for details).
:: at: cleanup (core/object/object.cpp:2570)
:: ERROR: Cannot get path of node as it is not in a scene tree.
:: at: get_path (scene/main/node.cpp:2432)
:: ERROR: Cannot get path of node as it is not in a scene tree.
:: at: get_path (scene/main/node.cpp:2432)
:: ERROR: Cannot get path of node as it is not in a scene tree.
:: at: get_path (scene/main/node.cpp:2432)
:: ERROR: Cannot get path of node as it is not in a scene tree.
:: at: get_path (scene/main/node.cpp:2432)
:: ERROR: Cannot get path of node as it is not in a scene tree.
:: at: get_path (scene/main/node.cpp:2432)
:: ERROR: Cannot get path of node as it is not in a scene tree.
:: at: get_path (scene/main/node.cpp:2432)
:: ERROR: Cannot get path of node as it is not in a scene tree.
:: at: get_path (scene/main/node.cpp:2432)
:: ERROR: Cannot get path of node as it is not in a scene tree.
:: at: get_path (scene/main/node.cpp:2432)
:: ERROR: Cannot get path of node as it is not in a scene tree.
:: at: get_path (scene/main/node.cpp:2432)
:: ERROR: Cannot get path of node as it is not in a scene tree.
:: at: get_path (scene/main/node.cpp:2432)
:: ERROR: Cannot get path of node as it is not in a scene tree.
:: at: get_path (scene/main/node.cpp:2432)
:: ERROR: Cannot get path of node as it is not in a scene tree.
:: at: get_path (scene/main/node.cpp:2432)
:: ERROR: Cannot get path of node as it is not in a scene tree.
:: at: get_path (scene/main/node.cpp:2432)
:: ERROR: Cannot get path of node as it is not in a scene tree.
:: at: get_path (scene/main/node.cpp:2432)
:: ERROR: Cannot get path of node as it is not in a scene tree.
:: at: get_path (scene/main/node.cpp:2432)
:: ERROR: Cannot get path of node as it is not in a scene tree.
:: at: get_path (scene/main/node.cpp:2432)
:: ERROR: Cannot get path of node as it is not in a scene tree.
:: at: get_path (scene/main/node.cpp:2432)
:: ERROR: Cannot get path of node as it is not in a scene tree.
:: at: get_path (scene/main/node.cpp:2432)
:: ERROR: Cannot get path of node as it is not in a scene tree.
:: at: get_path (scene/main/node.cpp:2432)
:: ERROR: Cannot get path of node as it is not in a scene tree.
:: at: get_path (scene/main/node.cpp:2432)
:: ERROR: Cannot get path of node as it is not in a scene tree.
:: at: get_path (scene/main/node.cpp:2432)
:: ERROR: Cannot get path of node as it is not in a scene tree.
:: at: get_path (scene/main/node.cpp:2432)
:: ERROR: Cannot get path of node as it is not in a scene tree.
:: at: get_path (scene/main/node.cpp:2432)
:: ERROR: Cannot get path of node as it is not in a scene tree.
:: at: get_path (scene/main/node.cpp:2432)
:: ERROR: Cannot get path of node as it is not in a scene tree.
:: at: get_path (scene/main/node.cpp:2432)
:: ERROR: Cannot get path of node as it is not in a scene tree.
:: at: get_path (scene/main/node.cpp:2432)
:: ERROR: Cannot get path of node as it is not in a scene tree.
:: at: get_path (scene/main/node.cpp:2432)
:: ERROR: Cannot get path of node as it is not in a scene tree.
:: at: get_path (scene/main/node.cpp:2432)
:: ERROR: Cannot get path of node as it is not in a scene tree.
:: at: get_path (scene/main/node.cpp:2432)
:: ERROR: Cannot get path of node as it is not in a scene tree.
:: at: get_path (scene/main/node.cpp:2432)
:: ERROR: Cannot get path of node as it is not in a scene tree.
:: at: get_path (scene/main/node.cpp:2432)
:: ERROR: Cannot get path of node as it is not in a scene tree.
:: at: get_path (scene/main/node.cpp:2432)
:: ERROR: Cannot get path of node as it is not in a scene tree.
:: at: get_path (scene/main/node.cpp:2432)
:: ERROR: Cannot get path of node as it is not in a scene tree.
:: at: get_path (scene/main/node.cpp:2432)
:: ERROR: Cannot get path of node as it is not in a scene tree.
:: at: get_path (scene/main/node.cpp:2432)
:: ERROR: Cannot get path of node as it is not in a scene tree.
:: at: get_path (scene/main/node.cpp:2432)
:: ERROR: Cannot get path of node as it is not in a scene tree.
:: at: get_path (scene/main/node.cpp:2432)
:: ERROR: Cannot get path of node as it is not in a scene tree.
:: at: get_path (scene/main/node.cpp:2432)
:: ERROR: Cannot get path of node as it is not in a scene tree.
:: at: get_path (scene/main/node.cpp:2432)
:: ERROR: Cannot get path of node as it is not in a scene tree.
:: at: get_path (scene/main/node.cpp:2432)
:: ERROR: Cannot get path of node as it is not in a scene tree.
:: at: get_path (scene/main/node.cpp:2432)
:: ERROR: Cannot get path of node as it is not in a scene tree.
:: at: get_path (scene/main/node.cpp:2432)
:: ERROR: Cannot get path of node as it is not in a scene tree.
:: at: get_path (scene/main/node.cpp:2432)
:: ERROR: Cannot get path of node as it is not in a scene tree.
:: at: get_path (scene/main/node.cpp:2432)
:: ERROR: Cannot get path of node as it is not in a scene tree.
:: at: get_path (scene/main/node.cpp:2432)
:: ERROR: Cannot get path of node as it is not in a scene tree.
:: at: get_path (scene/main/node.cpp:2432)
:: ERROR: Cannot get path of node as it is not in a scene tree.
:: at: get_path (scene/main/node.cpp:2432)
:: ERROR: Cannot get path of node as it is not in a scene tree.
:: at: get_path (scene/main/node.cpp:2432)
:: ERROR: Cannot get path of node as it is not in a scene tree.
:: at: get_path (scene/main/node.cpp:2432)
:: ERROR: Cannot get path of node as it is not in a scene tree.
:: at: get_path (scene/main/node.cpp:2432)
:: ERROR: Cannot get path of node as it is not in a scene tree.
:: at: get_path (scene/main/node.cpp:2432)
:: ERROR: Cannot get path of node as it is not in a scene tree.
:: at: get_path (scene/main/node.cpp:2432)
:: ERROR: Cannot get path of node as it is not in a scene tree.
:: at: get_path (scene/main/node.cpp:2432)
:: ERROR: Cannot get path of node as it is not in a scene tree.
:: at: get_path (scene/main/node.cpp:2432)
:: ERROR: Cannot get path of node as it is not in a scene tree.
:: at: get_path (scene/main/node.cpp:2432)
:: ERROR: Cannot get path of node as it is not in a scene tree.
:: at: get_path (scene/main/node.cpp:2432)
:: ERROR: Cannot get path of node as it is not in a scene tree.
:: at: get_path (scene/main/node.cpp:2432)
:: ERROR: Cannot get path of node as it is not in a scene tree.
:: at: get_path (scene/main/node.cpp:2432)
:: ERROR: Cannot get path of node as it is not in a scene tree.
:: at: get_path (scene/main/node.cpp:2432)
:: ERROR: Cannot get path of node as it is not in a scene tree.
:: at: get_path (scene/main/node.cpp:2432)
:: ERROR: Cannot get path of node as it is not in a scene tree.
:: at: get_path (scene/main/node.cpp:2432)
:: ERROR: Cannot get path of node as it is not in a scene tree.
:: at: get_path (scene/main/node.cpp:2432)
:: ERROR: Cannot get path of node as it is not in a scene tree.
:: at: get_path (scene/main/node.cpp:2432)
:: ERROR: Cannot get path of node as it is not in a scene tree.
:: at: get_path (scene/main/node.cpp:2432)
:: ERROR: Cannot get path of node as it is not in a scene tree.
:: at: get_path (scene/main/node.cpp:2432)
:: ERROR: Cannot get path of node as it is not in a scene tree.
:: at: get_path (scene/main/node.cpp:2432)
:: ERROR: Cannot get path of node as it is not in a scene tree.
:: at: get_path (scene/main/node.cpp:2432)
:: ERROR: Cannot get path of node as it is not in a scene tree.
:: at: get_path (scene/main/node.cpp:2432)
:: ERROR: Cannot get path of node as it is not in a scene tree.
:: at: get_path (scene/main/node.cpp:2432)
:: ERROR: Cannot get path of node as it is not in a scene tree.
:: at: get_path (scene/main/node.cpp:2432)
:: ERROR: Cannot get path of node as it is not in a scene tree.
:: at: get_path (scene/main/node.cpp:2432)
:: ERROR: Cannot get path of node as it is not in a scene tree.
:: at: get_path (scene/main/node.cpp:2432)
:: ERROR: Cannot get path of node as it is not in a scene tree.
:: at: get_path (scene/main/node.cpp:2432)
:: ERROR: Cannot get path of node as it is not in a scene tree.
:: at: get_path (scene/main/node.cpp:2432)
:: ERROR: Cannot get path of node as it is not in a scene tree.
:: at: get_path (scene/main/node.cpp:2432)
:: ERROR: Cannot get path of node as it is not in a scene tree.
:: at: get_path (scene/main/node.cpp:2432)
:: ERROR: Cannot get path of node as it is not in a scene tree.
:: at: get_path (scene/main/node.cpp:2432)
:: ERROR: Cannot get path of node as it is not in a scene tree.
:: at: get_path (scene/main/node.cpp:2432)
:: ERROR: Cannot get path of node as it is not in a scene tree.
:: at: get_path (scene/main/node.cpp:2432)
:: ERROR: Cannot get path of node as it is not in a scene tree.
:: at: get_path (scene/main/node.cpp:2432)
:: ERROR: Cannot get path of node as it is not in a scene tree.
:: at: get_path (scene/main/node.cpp:2432)
:: ERROR: Cannot get path of node as it is not in a scene tree.
:: at: get_path (scene/main/node.cpp:2432)
:: ERROR: Cannot get path of node as it is not in a scene tree.
:: at: get_path (scene/main/node.cpp:2432)
:: ERROR: Cannot get path of node as it is not in a scene tree.
:: at: get_path (scene/main/node.cpp:2432)
:: ERROR: Cannot get path of node as it is not in a scene tree.
:: at: get_path (scene/main/node.cpp:2432)
:: ERROR: Cannot get path of node as it is not in a scene tree.
:: at: get_path (scene/main/node.cpp:2432)
:: ERROR: Cannot get path of node as it is not in a scene tree.
:: at: get_path (scene/main/node.cpp:2432)
:: ERROR: Cannot get path of node as it is not in a scene tree.
:: at: get_path (scene/main/node.cpp:2432)
:: ERROR: Cannot get path of node as it is not in a scene tree.
:: at: get_path (scene/main/node.cpp:2432)
:: ERROR: 4 resources still in use at exit.
:: at: clear (core/io/resource.cpp:796)
GdUnit4 Godot Runtime Test Runner ends with exit code: 0

Completed tests for assembly: /home/adam/Dev/omega-spiral/chapter-zero/.godot/mono/temp/bin/Debug/chapter-zero.dll
Test execution stopped.
</StdOut>
    </Output>
    <RunInfos>
      <RunInfo computerName="omega" outcome="Warning" timestamp="2025-10-22T15:18:10.9909515-04:00">
        <Text>Warning:
    Detected &lt;44&gt; orphan nodes during test execution!</Text>
      </RunInfo>
      <RunInfo computerName="omega" outcome="Warning" timestamp="2025-10-22T15:18:11.0533973-04:00">
        <Text>Warning:
    Detected &lt;44&gt; orphan nodes during test execution!</Text>
      </RunInfo>
      <RunInfo computerName="omega" outcome="Warning" timestamp="2025-10-22T15:18:11.1374466-04:00">
        <Text>Warning:
    Detected &lt;44&gt; orphan nodes during test execution!</Text>
      </RunInfo>
      <RunInfo computerName="omega" outcome="Error" timestamp="2025-10-22T15:18:11.1378919-04:00">
        <Text>Expecting to be greater than:
    '0.5' but is '0'</Text>
      </RunInfo>
      <RunInfo computerName="omega" outcome="Warning" timestamp="2025-10-22T15:18:11.2376827-04:00">
        <Text>Warning:
    Detected &lt;44&gt; orphan nodes during test execution!</Text>
      </RunInfo>
      <RunInfo computerName="omega" outcome="Warning" timestamp="2025-10-22T15:18:11.3297985-04:00">
        <Text>Warning:
    Detected &lt;44&gt; orphan nodes during test execution!</Text>
      </RunInfo>
      <RunInfo computerName="omega" outcome="Error" timestamp="2025-10-22T15:18:11.3298278-04:00">
        <Text>Expecting to be greater than:
    '0' but is '0'</Text>
      </RunInfo>
    </RunInfos>
  </ResultSummary>
</TestRun>