<?xml version="1.0" encoding="utf-8"?>
<TestRun id="24616828-a5a5-4081-9d02-ad94eeb21121" name="@omega 2025-10-26 08:24:28" xmlns="http://microsoft.com/schemas/VisualStudio/TeamTest/2010">
  <Times creation="2025-10-26T08:24:28.9221588-04:00" queuing="2025-10-26T08:24:28.9221589-04:00" start="2025-10-26T08:24:06.4747671-04:00" finish="2025-10-26T08:54:06.5374032-04:00" />
  <TestSettings name="default" id="7f30a44c-0a3e-4967-b5f7-a76440c7e35b">
    <Deployment runDeploymentRoot="_omega_2025-10-26_08_24_28" />
  </TestSettings>
  <Results>
    <UnitTestResult executionId="313e4cee-5f2a-4f6d-81ad-49aca1e4adec" testId="28f42ed7-2533-4e39-ab4f-fbfd3c3616cf" testName="OmegaSpiral.Tests.Common.GameStateSignalTests.CharacterPartyChangedSignal_EmittedWhenPartyChanges_SignalReceived" computerName="omega" duration="00:00:01.0650000" startTime="2025-10-26T08:24:31.6412284-04:00" endTime="2025-10-26T08:24:31.6416443-04:00" testType="13cdc9d9-ddb5-4fa4-a97d-d965ccfc6d4b" outcome="Failed" testListId="8c84fa94-04c1-424b-9868-57a2d4851a1d" relativeResultsDirectory="313e4cee-5f2a-4f6d-81ad-49aca1e4adec">
      <Output>
        <ErrorInfo>
          <Message>Expecting do emitting signal:
    "CharacterPartyChanged(&lt;Empty&gt;)"
 by
    &lt;OmegaSpiral.Source.Scripts.GameStateSignals&gt; (objId: 62646126328)</Message>
          <StackTrace>   at GdUnit4.Asserts.SignalAssert.ThrowTestFailureReport(String message, Int32 lineNumber)
</StackTrace>
        </ErrorInfo>
      </Output>
    </UnitTestResult>
    <UnitTestResult executionId="ecc2d799-f5b8-4c37-a73f-15c4d17b373b" testId="f0e29149-04ab-47ac-b23a-7f27a0fdecc5" testName="[After].MenuActionBar_Exists" computerName="omega" startTime="2025-10-26T08:24:34.9948070-04:00" endTime="2025-10-26T08:24:34.9948081-04:00" testType="13cdc9d9-ddb5-4fa4-a97d-d965ccfc6d4b" outcome="Passed" testListId="8c84fa94-04c1-424b-9868-57a2d4851a1d" relativeResultsDirectory="ecc2d799-f5b8-4c37-a73f-15c4d17b373b">
      <Output>
        <StdErr>Warning:
    Detected &lt;42&gt; orphan nodes during test suite setup stage!
    Check Setup:28 and Cleanup:36 for unfreed instances!</StdErr>
        <ErrorInfo>
          <Message>Warning:
    Detected &lt;42&gt; orphan nodes during test suite setup stage!
    Check Setup:28 and Cleanup:36 for unfreed instances!</Message>
        </ErrorInfo>
      </Output>
    </UnitTestResult>
    <UnitTestResult executionId="d8284a0f-32bb-4308-84db-da3119f51f55" testId="1dc6b274-9489-42d7-b845-8a0d10c6b6ad" testName="OmegaSpiral.Tests.Integration.Ui.MenuUiTests.ButtonContainer_Exists" computerName="omega" duration="00:00:00.0200000" startTime="2025-10-26T08:24:35.1269973-04:00" endTime="2025-10-26T08:24:35.1273029-04:00" testType="13cdc9d9-ddb5-4fa4-a97d-d965ccfc6d4b" outcome="Passed" testListId="8c84fa94-04c1-424b-9868-57a2d4851a1d" relativeResultsDirectory="d8284a0f-32bb-4308-84db-da3119f51f55" />
    <UnitTestResult executionId="d57fd1f5-05e7-4067-b402-9a2f96f602bd" testId="f5886413-6a4b-4196-874a-1846e037dece" testName="OmegaSpiral.Tests.Integration.Ui.MenuUiTests.Menu_IsEnabledByDefault" computerName="omega" duration="00:00:00.0130000" startTime="2025-10-26T08:24:35.1754057-04:00" endTime="2025-10-26T08:24:35.1773982-04:00" testType="13cdc9d9-ddb5-4fa4-a97d-d965ccfc6d4b" outcome="Passed" testListId="8c84fa94-04c1-424b-9868-57a2d4851a1d" relativeResultsDirectory="d57fd1f5-05e7-4067-b402-9a2f96f602bd" />
    <UnitTestResult executionId="30d41011-0ffc-4403-8302-6325ac1a8d90" testId="0276e118-3959-43be-9dec-76feeb3d760c" testName="OmegaSpiral.Tests.Integration.Ui.OmegaUi_IntegrationTests.ComponentCreation_CreatesTextRendererAndShaderController" computerName="omega" duration="00:00:00.0260000" startTime="2025-10-26T08:24:41.1644025-04:00" endTime="2025-10-26T08:24:41.1648596-04:00" testType="13cdc9d9-ddb5-4fa4-a97d-d965ccfc6d4b" outcome="Passed" testListId="8c84fa94-04c1-424b-9868-57a2d4851a1d" relativeResultsDirectory="30d41011-0ffc-4403-8302-6325ac1a8d90">
      <Output>
        <StdOut>=== [OmegaUi] Starting initialization ===
[OmegaUi] Phase 1: Caching required nodes
[OmegaUi] Caching required nodes...
[OmegaUi] Node cache results: TextDisplay=True, Phosphor=True, Scanline=True, Glitch=True
[OmegaUi] PhosphorLayer color set to (1, 1, 1, 0.18)
[OmegaUi] ScanlineLayer color set to (1, 1, 1, 0.12)
[OmegaUi] GlitchLayer color set to (1, 1, 1, 0.08)
[OmegaUi] Node caching complete
[OmegaUi] Phase 1 complete: NodesCached
[OmegaUi] Phase 2: Creating BorderFrame
[OmegaUi] Phase 2: CreateBorderFrame starting
[OmegaUi] Creating BorderFrame programmatically
[OmegaUi] BorderFrame created successfully
[OmegaUi] Phase 2 complete: BorderFrameCreated
[OmegaUi] Phase 3: Creating components
[OmegaUi] Phase 3 complete: ComponentsCreated
[OmegaUi] Phase 4: Initializing component states
[OmegaUi] Phase 4 complete: Initialized
=== [OmegaUi] Initialization SUCCESS ===</StdOut>
      </Output>
    </UnitTestResult>
    <UnitTestResult executionId="1441fa60-e9cd-4d0d-80d3-6b4ec9da50fe" testId="91093c09-f018-4e00-a1be-577479bd9e27" testName="OmegaSpiral.Tests.Integration.Ui.Omega.OmegaTextRendererTests.IsAnimating_WhenNotAnimating_ReturnsFalse" computerName="omega" duration="00:00:00.0130000" startTime="2025-10-26T08:24:39.7016862-04:00" endTime="2025-10-26T08:24:39.7023581-04:00" testType="13cdc9d9-ddb5-4fa4-a97d-d965ccfc6d4b" outcome="Passed" testListId="8c84fa94-04c1-424b-9868-57a2d4851a1d" relativeResultsDirectory="1441fa60-e9cd-4d0d-80d3-6b4ec9da50fe" />
    <UnitTestResult executionId="c120892c-c119-4c4d-b81a-3c6be0541e35" testId="1878ac0b-d59e-4947-8256-25f7255933cd" testName="[After].LaunchButton_ExistsWithCorrectText" computerName="omega" startTime="2025-10-26T08:24:34.9937560-04:00" endTime="2025-10-26T08:24:34.9937569-04:00" testType="13cdc9d9-ddb5-4fa4-a97d-d965ccfc6d4b" outcome="Passed" testListId="8c84fa94-04c1-424b-9868-57a2d4851a1d" relativeResultsDirectory="c120892c-c119-4c4d-b81a-3c6be0541e35">
      <Output>
        <StdErr>Warning:
    Detected &lt;42&gt; orphan nodes during test suite setup stage!
    Check Setup:28 and Cleanup:36 for unfreed instances!</StdErr>
        <ErrorInfo>
          <Message>Warning:
    Detected &lt;42&gt; orphan nodes during test suite setup stage!
    Check Setup:28 and Cleanup:36 for unfreed instances!</Message>
        </ErrorInfo>
      </Output>
    </UnitTestResult>
    <UnitTestResult executionId="78158617-6bbb-4d1d-8c6d-fe38f9aee180" testId="9a2cb50c-b5c3-4f69-9dc5-f12faa4c7623" testName="OmegaSpiral.Tests.Integration.Ui.MenuUiTests.FocusFirstButton_WorksCorrectly" computerName="omega" duration="00:00:00.0130000" startTime="2025-10-26T08:24:35.1891613-04:00" endTime="2025-10-26T08:24:35.1894588-04:00" testType="13cdc9d9-ddb5-4fa4-a97d-d965ccfc6d4b" outcome="Failed" testListId="8c84fa94-04c1-424b-9868-57a2d4851a1d" relativeResultsDirectory="78158617-6bbb-4d1d-8c6d-fe38f9aee180">
      <Output>
        <ErrorInfo>
          <Message>Object reference not set to an instance of an object.</Message>
          <StackTrace>   at OmegaSpiral.Tests.Integration.Ui.MenuUiTests.FocusFirstButton_WorksCorrectly() in /home/adam/Dev/omega-spiral/chapter-zero/tests/integration/ui/BaseMenuTests.cs:line 184
   at System.RuntimeMethodHandle.InvokeMethod(ObjectHandleOnStack target, Void** arguments, ObjectHandleOnStack sig, BOOL isConstructor, ObjectHandleOnStack result)
   at System.RuntimeMethodHandle.InvokeMethod(ObjectHandleOnStack target, Void** arguments, ObjectHandleOnStack sig, BOOL isConstructor, ObjectHandleOnStack result)
   at System.Reflection.MethodBaseInvoker.InterpretedInvoke_Method(Object obj, IntPtr* args)
   at System.Reflection.RuntimeMethodInfo.Invoke(Object obj, BindingFlags invokeAttr, Binder binder, Object[] parameters, CultureInfo culture)
</StackTrace>
        </ErrorInfo>
      </Output>
    </UnitTestResult>
    <UnitTestResult executionId="c3619f69-c113-4e3d-b345-cb72bb35751c" testId="c0419335-f733-40ed-9d0a-137c351f39bd" testName="OmegaSpiral.Tests.Integration.Ui.Menus.MainMenuTests.MenuButtonContainer_ExistsAndHasButtons" computerName="omega" duration="00:00:00.0200000" startTime="2025-10-26T08:24:34.4794756-04:00" endTime="2025-10-26T08:24:34.4797862-04:00" testType="13cdc9d9-ddb5-4fa4-a97d-d965ccfc6d4b" outcome="Passed" testListId="8c84fa94-04c1-424b-9868-57a2d4851a1d" relativeResultsDirectory="c3619f69-c113-4e3d-b345-cb72bb35751c" />
    <UnitTestResult executionId="c3f5f2c0-91e5-47c3-b4c7-6fa496ac4996" testId="23800064-efba-4805-950d-171ca545a0ff" testName="[After].Background_UsesCorrectDarkColor" computerName="omega" startTime="2025-10-26T08:24:34.9913187-04:00" endTime="2025-10-26T08:24:34.9913218-04:00" testType="13cdc9d9-ddb5-4fa4-a97d-d965ccfc6d4b" outcome="Passed" testListId="8c84fa94-04c1-424b-9868-57a2d4851a1d" relativeResultsDirectory="c3f5f2c0-91e5-47c3-b4c7-6fa496ac4996">
      <Output>
        <StdErr>Warning:
    Detected &lt;42&gt; orphan nodes during test suite setup stage!
    Check Setup:28 and Cleanup:36 for unfreed instances!</StdErr>
        <ErrorInfo>
          <Message>Warning:
    Detected &lt;42&gt; orphan nodes during test suite setup stage!
    Check Setup:28 and Cleanup:36 for unfreed instances!</Message>
        </ErrorInfo>
      </Output>
    </UnitTestResult>
    <UnitTestResult executionId="2c991c23-91dc-492a-a1fc-10d88a22e5e9" testId="0ff6b570-0ad8-43bb-8495-fa7ad2091ac3" testName="OmegaSpiral.Tests.Integration.Ui.MenuUiTests.MenuUi_ExtendsOmegaUi" computerName="omega" duration="00:00:00.0110000" startTime="2025-10-26T08:24:35.0304329-04:00" endTime="2025-10-26T08:24:35.0307261-04:00" testType="13cdc9d9-ddb5-4fa4-a97d-d965ccfc6d4b" outcome="Passed" testListId="8c84fa94-04c1-424b-9868-57a2d4851a1d" relativeResultsDirectory="2c991c23-91dc-492a-a1fc-10d88a22e5e9" />
    <UnitTestResult executionId="fbb5115e-7061-4274-bbc5-0e6f4b560268" testId="57c88a08-d47e-40f7-ad0d-1901600d7cf7" testName="OmegaSpiral.Tests.Integration.Ui.Menus.MainMenuTests.ManifestLoads_SixStages_NoDuplicateFirst" computerName="omega" duration="00:00:00.0120000" startTime="2025-10-26T08:24:34.5130616-04:00" endTime="2025-10-26T08:24:34.5133658-04:00" testType="13cdc9d9-ddb5-4fa4-a97d-d965ccfc6d4b" outcome="Passed" testListId="8c84fa94-04c1-424b-9868-57a2d4851a1d" relativeResultsDirectory="fbb5115e-7061-4274-bbc5-0e6f4b560268" />
    <UnitTestResult executionId="6444d722-3fa6-407e-827c-9d9a189ba5b6" testId="1a5dd430-fbe5-490f-b94c-8afa0ba59013" testName="OmegaSpiral.Tests.Integration.Ui.Omega.OmegaTextRendererTests.ScrollToBottom_AfterAddingText_ScrollsCorrectly" computerName="omega" duration="00:00:02.4330000" startTime="2025-10-26T08:24:39.6877911-04:00" endTime="2025-10-26T08:24:39.6880742-04:00" testType="13cdc9d9-ddb5-4fa4-a97d-d965ccfc6d4b" outcome="Passed" testListId="8c84fa94-04c1-424b-9868-57a2d4851a1d" relativeResultsDirectory="6444d722-3fa6-407e-827c-9d9a189ba5b6" />
    <UnitTestResult executionId="35d6e536-9501-4198-b066-f63be1de39ff" testId="57c88a08-d47e-40f7-ad0d-1901600d7cf7" testName="[After].ManifestLoads_SixStages_NoDuplicateFirst" computerName="omega" startTime="2025-10-26T08:24:34.9945180-04:00" endTime="2025-10-26T08:24:34.9945197-04:00" testType="13cdc9d9-ddb5-4fa4-a97d-d965ccfc6d4b" outcome="Passed" testListId="8c84fa94-04c1-424b-9868-57a2d4851a1d" relativeResultsDirectory="35d6e536-9501-4198-b066-f63be1de39ff">
      <Output>
        <StdErr>Warning:
    Detected &lt;42&gt; orphan nodes during test suite setup stage!
    Check Setup:28 and Cleanup:36 for unfreed instances!</StdErr>
        <ErrorInfo>
          <Message>Warning:
    Detected &lt;42&gt; orphan nodes during test suite setup stage!
    Check Setup:28 and Cleanup:36 for unfreed instances!</Message>
        </ErrorInfo>
      </Output>
    </UnitTestResult>
    <UnitTestResult executionId="498a836b-6272-469b-b1c4-ee627d698f99" testId="b89ccb6c-cd87-4ebe-8226-f4d0eef6259e" testName="OmegaSpiral.Tests.Integration.Ui.Menus.MainMenuTests.LaunchButton_HasPressedSignalHandler" computerName="omega" duration="00:00:00.0190000" startTime="2025-10-26T08:24:34.6097158-04:00" endTime="2025-10-26T08:24:34.6100356-04:00" testType="13cdc9d9-ddb5-4fa4-a97d-d965ccfc6d4b" outcome="Passed" testListId="8c84fa94-04c1-424b-9868-57a2d4851a1d" relativeResultsDirectory="498a836b-6272-469b-b1c4-ee627d698f99" />
    <UnitTestResult executionId="415493d7-3611-4262-b241-7642e0c3e1a3" testId="cac2a579-529b-4a10-91d9-b849fa7140d6" testName="OmegaSpiral.Tests.Integration.Ui.Omega.OmegaTextRendererTests.Constructor_WithValidTextDisplay_InitializesCorrectly" computerName="omega" duration="00:00:00.0200000" startTime="2025-10-26T08:24:35.4253924-04:00" endTime="2025-10-26T08:24:35.4257108-04:00" testType="13cdc9d9-ddb5-4fa4-a97d-d965ccfc6d4b" outcome="Passed" testListId="8c84fa94-04c1-424b-9868-57a2d4851a1d" relativeResultsDirectory="415493d7-3611-4262-b241-7642e0c3e1a3" />
    <UnitTestResult executionId="ccce7c98-51ff-43f6-a69a-b2b13f67d0cd" testId="7f733717-a210-463d-ad45-c33f7b40a3b4" testName="[After].GlitchLayer_IsVisibleWithCorrectOpacity" computerName="omega" startTime="2025-10-26T08:24:34.9932615-04:00" endTime="2025-10-26T08:24:34.9932625-04:00" testType="13cdc9d9-ddb5-4fa4-a97d-d965ccfc6d4b" outcome="Passed" testListId="8c84fa94-04c1-424b-9868-57a2d4851a1d" relativeResultsDirectory="ccce7c98-51ff-43f6-a69a-b2b13f67d0cd">
      <Output>
        <StdErr>Warning:
    Detected &lt;42&gt; orphan nodes during test suite setup stage!
    Check Setup:28 and Cleanup:36 for unfreed instances!</StdErr>
        <ErrorInfo>
          <Message>Warning:
    Detected &lt;42&gt; orphan nodes during test suite setup stage!
    Check Setup:28 and Cleanup:36 for unfreed instances!</Message>
        </ErrorInfo>
      </Output>
    </UnitTestResult>
    <UnitTestResult executionId="46bc6b68-149d-42e0-8a86-07cc7308ddce" testId="74c970a2-6188-4493-836a-954bc386dc5e" testName="OmegaSpiral.Tests.Integration.Ui.MenuUiTests.ContentContainer_Exists" computerName="omega" duration="00:00:00.0130000" startTime="2025-10-26T08:24:35.0856586-04:00" endTime="2025-10-26T08:24:35.0859518-04:00" testType="13cdc9d9-ddb5-4fa4-a97d-d965ccfc6d4b" outcome="Failed" testListId="8c84fa94-04c1-424b-9868-57a2d4851a1d" relativeResultsDirectory="46bc6b68-149d-42e0-8a86-07cc7308ddce">
      <Output>
        <ErrorInfo>
          <Message>Expecting be NOT &lt;Null&gt;:</Message>
          <StackTrace>   at OmegaSpiral.Tests.Integration.Ui.MenuUiTests.ContentContainer_Exists() in /home/adam/Dev/omega-spiral/chapter-zero/tests/integration/ui/BaseMenuTests.cs:line 83
</StackTrace>
        </ErrorInfo>
      </Output>
    </UnitTestResult>
    <UnitTestResult executionId="6383e899-a76b-4b7a-b194-efd2e7829f33" testId="d55e5927-3fa1-4778-b2c1-a0cf089bebe3" testName="OmegaSpiral.Tests.Integration.Ui.CreditsMenuTests.CreditsMenu_HasScrollContainer" computerName="omega" duration="00:00:00.0340000" startTime="2025-10-26T08:24:34.2450240-04:00" endTime="2025-10-26T08:24:34.2453450-04:00" testType="13cdc9d9-ddb5-4fa4-a97d-d965ccfc6d4b" outcome="Failed" testListId="8c84fa94-04c1-424b-9868-57a2d4851a1d" relativeResultsDirectory="6383e899-a76b-4b7a-b194-efd2e7829f33">
      <Output>
        <ErrorInfo>
          <Message>Expecting be NOT &lt;Null&gt;:</Message>
          <StackTrace>   at OmegaSpiral.Tests.Integration.Ui.CreditsMenuTests.CreditsMenu_HasScrollContainer() in /home/adam/Dev/omega-spiral/chapter-zero/tests/integration/ui/CreditsMenuTests.cs:line 63
</StackTrace>
        </ErrorInfo>
      </Output>
    </UnitTestResult>
    <UnitTestResult executionId="35683e19-5458-4400-a62c-b04986720406" testId="932cbe29-5e89-4083-a6bb-bbf6d631d7f3" testName="OmegaSpiral.Tests.Integration.Ui.CreditsMenuTests.CreditsMenu_HasTitle" computerName="omega" duration="00:00:00.0340000" startTime="2025-10-26T08:24:34.2098558-04:00" endTime="2025-10-26T08:24:34.2102217-04:00" testType="13cdc9d9-ddb5-4fa4-a97d-d965ccfc6d4b" outcome="Failed" testListId="8c84fa94-04c1-424b-9868-57a2d4851a1d" relativeResultsDirectory="35683e19-5458-4400-a62c-b04986720406">
      <Output>
        <ErrorInfo>
          <Message>Expecting be NOT &lt;Null&gt;:</Message>
          <StackTrace>   at OmegaSpiral.Tests.Integration.Ui.CreditsMenuTests.CreditsMenu_HasTitle() in /home/adam/Dev/omega-spiral/chapter-zero/tests/integration/ui/CreditsMenuTests.cs:line 49
</StackTrace>
        </ErrorInfo>
      </Output>
    </UnitTestResult>
    <UnitTestResult executionId="9e36d3a0-ef0b-4787-8f7f-12a8ae712e1e" testId="bda11715-c893-4557-91c5-757eb2c4a525" testName="[After].BorderFrame_AnimationSpeedCorrect" computerName="omega" startTime="2025-10-26T08:24:34.9917247-04:00" endTime="2025-10-26T08:24:34.9917264-04:00" testType="13cdc9d9-ddb5-4fa4-a97d-d965ccfc6d4b" outcome="Passed" testListId="8c84fa94-04c1-424b-9868-57a2d4851a1d" relativeResultsDirectory="9e36d3a0-ef0b-4787-8f7f-12a8ae712e1e">
      <Output>
        <StdErr>Warning:
    Detected &lt;42&gt; orphan nodes during test suite setup stage!
    Check Setup:28 and Cleanup:36 for unfreed instances!</StdErr>
        <ErrorInfo>
          <Message>Warning:
    Detected &lt;42&gt; orphan nodes during test suite setup stage!
    Check Setup:28 and Cleanup:36 for unfreed instances!</Message>
        </ErrorInfo>
      </Output>
    </UnitTestResult>
    <UnitTestResult executionId="796537ed-df19-47a9-aa4f-3822a3c4d86b" testId="70e01f07-09a0-4144-a92f-bcad5b82fa86" testName="OmegaSpiral.Tests.Integration.Ui.Menus.MainMenuTests.QuitButton_Exists" computerName="omega" duration="00:00:00.0200000" startTime="2025-10-26T08:24:34.5897760-04:00" endTime="2025-10-26T08:24:34.5904132-04:00" testType="13cdc9d9-ddb5-4fa4-a97d-d965ccfc6d4b" outcome="Passed" testListId="8c84fa94-04c1-424b-9868-57a2d4851a1d" relativeResultsDirectory="796537ed-df19-47a9-aa4f-3822a3c4d86b" />
    <UnitTestResult executionId="1a1507dc-f31f-4400-89dd-de0d2d52aac0" testId="299e2207-e042-47ef-9898-5a936255d0c2" testName="OmegaSpiral.Tests.Integration.Ui.Omega.OmegaTextRendererTests.GetCurrentText_WhenEmpty_ReturnsEmptyString" computerName="omega" duration="00:00:00.0200000" startTime="2025-10-26T08:24:37.2544828-04:00" endTime="2025-10-26T08:24:37.2548025-04:00" testType="13cdc9d9-ddb5-4fa4-a97d-d965ccfc6d4b" outcome="Passed" testListId="8c84fa94-04c1-424b-9868-57a2d4851a1d" relativeResultsDirectory="1a1507dc-f31f-4400-89dd-de0d2d52aac0" />
    <UnitTestResult executionId="6944400b-ef43-46ab-bdc2-75929dd285cc" testId="dbfe42f0-2598-4dcf-a801-f91734b48e3d" testName="[After].MenuTitle_UsesCorrectFontSize" computerName="omega" startTime="2025-10-26T08:24:34.9970045-04:00" endTime="2025-10-26T08:24:34.9970057-04:00" testType="13cdc9d9-ddb5-4fa4-a97d-d965ccfc6d4b" outcome="Passed" testListId="8c84fa94-04c1-424b-9868-57a2d4851a1d" relativeResultsDirectory="6944400b-ef43-46ab-bdc2-75929dd285cc">
      <Output>
        <StdErr>Warning:
    Detected &lt;42&gt; orphan nodes during test suite setup stage!
    Check Setup:28 and Cleanup:36 for unfreed instances!</StdErr>
        <ErrorInfo>
          <Message>Warning:
    Detected &lt;42&gt; orphan nodes during test suite setup stage!
    Check Setup:28 and Cleanup:36 for unfreed instances!</Message>
        </ErrorInfo>
      </Output>
    </UnitTestResult>
    <UnitTestResult executionId="ca019bab-8877-4735-8511-c9c7ed1017e3" testId="b5b47936-edcd-4ee4-a6ec-50f71ab8d099" testName="[After].PhosphorLayer_IsVisibleWithCorrectOpacity" computerName="omega" startTime="2025-10-26T08:24:34.9985893-04:00" endTime="2025-10-26T08:24:34.9985933-04:00" testType="13cdc9d9-ddb5-4fa4-a97d-d965ccfc6d4b" outcome="Passed" testListId="8c84fa94-04c1-424b-9868-57a2d4851a1d" relativeResultsDirectory="ca019bab-8877-4735-8511-c9c7ed1017e3">
      <Output>
        <StdErr>Warning:
    Detected &lt;42&gt; orphan nodes during test suite setup stage!
    Check Setup:28 and Cleanup:36 for unfreed instances!</StdErr>
        <ErrorInfo>
          <Message>Warning:
    Detected &lt;42&gt; orphan nodes during test suite setup stage!
    Check Setup:28 and Cleanup:36 for unfreed instances!</Message>
        </ErrorInfo>
      </Output>
    </UnitTestResult>
    <UnitTestResult executionId="f3b51974-43ab-4d11-a2ef-e14f39e89e42" testId="5eef127e-d9c6-4586-98d3-d4eebd5918fb" testName="OmegaSpiral.Tests.Integration.Ui.Menus.MainMenuTests.MenuButtonContainer_HasCorrectSpacing" computerName="omega" duration="00:00:00.0200000" startTime="2025-10-26T08:24:34.7549925-04:00" endTime="2025-10-26T08:24:34.7553450-04:00" testType="13cdc9d9-ddb5-4fa4-a97d-d965ccfc6d4b" outcome="Passed" testListId="8c84fa94-04c1-424b-9868-57a2d4851a1d" relativeResultsDirectory="f3b51974-43ab-4d11-a2ef-e14f39e89e42" />
    <UnitTestResult executionId="4f6c6ff3-40f6-478a-bf07-cc37aae9dbdb" testId="309e18b7-cd82-4a96-ad41-1b505b3abe09" testName="OmegaSpiral.Tests.Integration.SceneLoadingAndViewportTests.MenuFixture_NeverRendersOffscreen" computerName="omega" duration="00:00:00.0200000" startTime="2025-10-26T08:24:34.0066462-04:00" endTime="2025-10-26T08:24:34.0070129-04:00" testType="13cdc9d9-ddb5-4fa4-a97d-d965ccfc6d4b" outcome="Failed" testListId="8c84fa94-04c1-424b-9868-57a2d4851a1d" relativeResultsDirectory="4f6c6ff3-40f6-478a-bf07-cc37aae9dbdb">
      <Output>
        <ErrorInfo>
          <Message>Object reference not set to an instance of an object.</Message>
          <StackTrace>   at OmegaSpiral.Tests.Integration.SceneLoadingAndViewportTests.MenuFixture_NeverRendersOffscreen() in /home/adam/Dev/omega-spiral/chapter-zero/tests/integration/SceneLoadingAndViewportTests.cs:line 77
   at System.RuntimeMethodHandle.InvokeMethod(ObjectHandleOnStack target, Void** arguments, ObjectHandleOnStack sig, BOOL isConstructor, ObjectHandleOnStack result)
   at System.RuntimeMethodHandle.InvokeMethod(ObjectHandleOnStack target, Void** arguments, ObjectHandleOnStack sig, BOOL isConstructor, ObjectHandleOnStack result)
   at System.Reflection.MethodBaseInvoker.InterpretedInvoke_Method(Object obj, IntPtr* args)
   at System.Reflection.RuntimeMethodInfo.Invoke(Object obj, BindingFlags invokeAttr, Binder binder, Object[] parameters, CultureInfo culture)
</StackTrace>
        </ErrorInfo>
      </Output>
    </UnitTestResult>
    <UnitTestResult executionId="38d9cd6a-fe36-414c-8381-a379c663609a" testId="08c26cf7-6bbb-43c2-b5a6-a62518fc3559" testName="OmegaSpiral.Tests.Integration.Ui.CreditsMenuTests.CreditsMenu_StartsScrollingWhenShown" computerName="omega" duration="00:00:00.0120000" startTime="2025-10-26T08:24:34.2998552-04:00" endTime="2025-10-26T08:24:34.3001884-04:00" testType="13cdc9d9-ddb5-4fa4-a97d-d965ccfc6d4b" outcome="Failed" testListId="8c84fa94-04c1-424b-9868-57a2d4851a1d" relativeResultsDirectory="38d9cd6a-fe36-414c-8381-a379c663609a">
      <Output>
        <ErrorInfo>
          <Message>Expecting be NOT &lt;Null&gt;:</Message>
          <StackTrace>   at OmegaSpiral.Tests.Integration.Ui.CreditsMenuTests.CreditsMenu_StartsScrollingWhenShown() in /home/adam/Dev/omega-spiral/chapter-zero/tests/integration/ui/CreditsMenuTests.cs:line 126
</StackTrace>
        </ErrorInfo>
      </Output>
    </UnitTestResult>
    <UnitTestResult executionId="80c46d56-4608-4986-b0f1-57d565f24a9d" testId="0dfd4f2a-8b63-47f9-9a7b-036221ce8841" testName="OmegaSpiral.Tests.Integration.Ui.Omega.ChoiceButtonTests.ChoiceButton_SupportsFocusNavigation" computerName="omega" duration="00:00:00.0340000" startTime="2025-10-26T08:24:35.3616744-04:00" endTime="2025-10-26T08:24:35.3619647-04:00" testType="13cdc9d9-ddb5-4fa4-a97d-d965ccfc6d4b" outcome="Passed" testListId="8c84fa94-04c1-424b-9868-57a2d4851a1d" relativeResultsDirectory="80c46d56-4608-4986-b0f1-57d565f24a9d" />
    <UnitTestResult executionId="cd7827da-fe40-4755-9f43-72c79044bcfb" testId="dcc7fa40-5381-4a01-8991-e027bf40da74" testName="OmegaSpiral.Tests.Integration.Ui.Omega.OmegaTextRendererTests.Constructor_WithNullTextDisplay_ThrowsArgumentNullException" computerName="omega" duration="00:00:00.0110000" startTime="2025-10-26T08:24:35.4374734-04:00" endTime="2025-10-26T08:24:35.4377701-04:00" testType="13cdc9d9-ddb5-4fa4-a97d-d965ccfc6d4b" outcome="Passed" testListId="8c84fa94-04c1-424b-9868-57a2d4851a1d" relativeResultsDirectory="cd7827da-fe40-4755-9f43-72c79044bcfb" />
    <UnitTestResult executionId="7e6fd371-64c8-44aa-8bb9-9e1114dbbc8b" testId="523c7a5b-15f0-4cc8-8737-89b4ef370996" testName="OmegaSpiral.Tests.Common.GameStateSignalTests.DreamweaverInfluenceChangedSignal_EmittedWhenInfluenceChanges_SignalReceived" computerName="omega" duration="00:00:01.0530000" startTime="2025-10-26T08:24:32.6909011-04:00" endTime="2025-10-26T08:24:32.6912671-04:00" testType="13cdc9d9-ddb5-4fa4-a97d-d965ccfc6d4b" outcome="Failed" testListId="8c84fa94-04c1-424b-9868-57a2d4851a1d" relativeResultsDirectory="7e6fd371-64c8-44aa-8bb9-9e1114dbbc8b">
      <Output>
        <ErrorInfo>
          <Message>Expecting do emitting signal:
    "DreamweaverInfluenceChanged(&lt;Empty&gt;)"
 by
    &lt;OmegaSpiral.Source.Scripts.GameStateSignals&gt; (objId: 62780344056)</Message>
          <StackTrace>   at GdUnit4.Asserts.SignalAssert.ThrowTestFailureReport(String message, Int32 lineNumber)
</StackTrace>
        </ErrorInfo>
      </Output>
    </UnitTestResult>
    <UnitTestResult executionId="735fb018-17a9-4442-a134-baeaac2eec5e" testId="ee5b4a0f-8dd2-4391-bf91-e0f530e5060d" testName="OmegaSpiral.Tests.Integration.Ui.MenuUiTests.GetFocusedButton_ReturnsCorrectButton" computerName="omega" duration="00:00:00.0200000" startTime="2025-10-26T08:24:35.2097983-04:00" endTime="2025-10-26T08:24:35.2100880-04:00" testType="13cdc9d9-ddb5-4fa4-a97d-d965ccfc6d4b" outcome="Failed" testListId="8c84fa94-04c1-424b-9868-57a2d4851a1d" relativeResultsDirectory="735fb018-17a9-4442-a134-baeaac2eec5e">
      <Output>
        <ErrorInfo>
          <Message>Expecting be equal:
    &lt;Godot.Button&gt; (objId: 69659002760) but is &lt;Null&gt;</Message>
          <StackTrace>   at OmegaSpiral.Tests.Integration.Ui.MenuUiTests.GetFocusedButton_ReturnsCorrectButton() in /home/adam/Dev/omega-spiral/chapter-zero/tests/integration/ui/BaseMenuTests.cs:line 211
</StackTrace>
        </ErrorInfo>
      </Output>
    </UnitTestResult>
    <UnitTestResult executionId="fa7c41ce-c069-4e28-a4b9-dc1213a09b45" testId="0a07851e-23b9-4a70-a54d-0d10c27e66dd" testName="OmegaSpiral.Tests.Integration.Common.OmegaIntegrationTests.ComponentLifecycle_ManagedProperly" computerName="omega" duration="00:00:00.0260000" startTime="2025-10-26T08:24:33.9303358-04:00" endTime="2025-10-26T08:24:33.9306823-04:00" testType="13cdc9d9-ddb5-4fa4-a97d-d965ccfc6d4b" outcome="Passed" testListId="8c84fa94-04c1-424b-9868-57a2d4851a1d" relativeResultsDirectory="fa7c41ce-c069-4e28-a4b9-dc1213a09b45">
      <Output>
        <StdOut>\u001b[92m✓ Component lifecycle managed properly\u001b[39m\u001b[0m</StdOut>
      </Output>
    </UnitTestResult>
    <UnitTestResult executionId="3c124401-f6a4-427f-9acf-1fd27f98f507" testId="82633951-18f9-4e51-90ca-53b6c92fe639" testName="OmegaSpiral.Tests.Integration.Ui.Omega.ChoiceButtonTests.ExitTree_CleansUpSignalConnections" computerName="omega" duration="00:00:00.0200000" startTime="2025-10-26T08:24:35.3829311-04:00" endTime="2025-10-26T08:24:35.3832764-04:00" testType="13cdc9d9-ddb5-4fa4-a97d-d965ccfc6d4b" outcome="Passed" testListId="8c84fa94-04c1-424b-9868-57a2d4851a1d" relativeResultsDirectory="3c124401-f6a4-427f-9acf-1fd27f98f507" />
    <UnitTestResult executionId="358240c1-8e74-4b06-a972-db566ab6ab2e" testId="7bbbf755-18be-4e96-bb31-291845e93831" testName="OmegaSpiral.Tests.Integration.Ui.Menus.MainMenuTests.QuitButton_HasPressedSignalHandler" computerName="omega" duration="00:00:00.0260000" startTime="2025-10-26T08:24:34.6580315-04:00" endTime="2025-10-26T08:24:34.6583434-04:00" testType="13cdc9d9-ddb5-4fa4-a97d-d965ccfc6d4b" outcome="Passed" testListId="8c84fa94-04c1-424b-9868-57a2d4851a1d" relativeResultsDirectory="358240c1-8e74-4b06-a972-db566ab6ab2e" />
    <UnitTestResult executionId="ec5e829a-1d7e-437e-85f9-9d399c520945" testId="b09da5e8-5a83-4c08-8ce2-aecd92a5f60c" testName="[After].AllStageButtons_HavePressedSignalHandlers" computerName="omega" startTime="2025-10-26T08:24:34.9906951-04:00" endTime="2025-10-26T08:24:34.9907463-04:00" testType="13cdc9d9-ddb5-4fa4-a97d-d965ccfc6d4b" outcome="Passed" testListId="8c84fa94-04c1-424b-9868-57a2d4851a1d" relativeResultsDirectory="ec5e829a-1d7e-437e-85f9-9d399c520945">
      <Output>
        <StdErr>Warning:
    Detected &lt;42&gt; orphan nodes during test suite setup stage!
    Check Setup:28 and Cleanup:36 for unfreed instances!</StdErr>
        <ErrorInfo>
          <Message>Warning:
    Detected &lt;42&gt; orphan nodes during test suite setup stage!
    Check Setup:28 and Cleanup:36 for unfreed instances!</Message>
        </ErrorInfo>
      </Output>
    </UnitTestResult>
    <UnitTestResult executionId="6c9dc952-faf7-4704-a3d6-3146794b28f2" testId="3713bf5f-2f68-4283-a50e-a579dc7ebb41" testName="OmegaSpiral.Tests.Integration.Ui.Omega.OmegaTextRendererTests.AppendTextAsync_CustomTypingSpeed_AppendsTextCorrectly" computerName="omega" duration="00:00:00.2080000" startTime="2025-10-26T08:24:36.0585047-04:00" endTime="2025-10-26T08:24:36.0588019-04:00" testType="13cdc9d9-ddb5-4fa4-a97d-d965ccfc6d4b" outcome="Passed" testListId="8c84fa94-04c1-424b-9868-57a2d4851a1d" relativeResultsDirectory="6c9dc952-faf7-4704-a3d6-3146794b28f2" />
    <UnitTestResult executionId="8f5e63f2-1df8-4966-a7da-239a9f460681" testId="14a93e36-a7ca-4bd3-a5ac-ad9c364d7ad7" testName="[After].InheritsFromMenuUi" computerName="omega" startTime="2025-10-26T08:24:34.9935061-04:00" endTime="2025-10-26T08:24:34.9935069-04:00" testType="13cdc9d9-ddb5-4fa4-a97d-d965ccfc6d4b" outcome="Passed" testListId="8c84fa94-04c1-424b-9868-57a2d4851a1d" relativeResultsDirectory="8f5e63f2-1df8-4966-a7da-239a9f460681">
      <Output>
        <StdErr>Warning:
    Detected &lt;42&gt; orphan nodes during test suite setup stage!
    Check Setup:28 and Cleanup:36 for unfreed instances!</StdErr>
        <ErrorInfo>
          <Message>Warning:
    Detected &lt;42&gt; orphan nodes during test suite setup stage!
    Check Setup:28 and Cleanup:36 for unfreed instances!</Message>
        </ErrorInfo>
      </Output>
    </UnitTestResult>
    <UnitTestResult executionId="98397a7c-836f-4984-af2b-082f1fc9bca6" testId="173a0e97-2e86-4708-a5ef-ddecb0d4fa54" testName="OmegaSpiral.Tests.Integration.Ui.Menus.MainMenuTests.ScanlineLayer_IsVisibleWithCorrectOpacity" computerName="omega" duration="00:00:00.0200000" startTime="2025-10-26T08:24:34.8511957-04:00" endTime="2025-10-26T08:24:34.8514925-04:00" testType="13cdc9d9-ddb5-4fa4-a97d-d965ccfc6d4b" outcome="Passed" testListId="8c84fa94-04c1-424b-9868-57a2d4851a1d" relativeResultsDirectory="98397a7c-836f-4984-af2b-082f1fc9bca6" />
    <UnitTestResult executionId="812dcb8f-28b5-407a-9896-aa8afda86ec3" testId="4eee028e-636c-488f-9a6f-5234ec3c4808" testName="[After].OptionsButton_HasPressedSignalHandler" computerName="omega" startTime="2025-10-26T08:24:34.9976451-04:00" endTime="2025-10-26T08:24:34.9976469-04:00" testType="13cdc9d9-ddb5-4fa4-a97d-d965ccfc6d4b" outcome="Passed" testListId="8c84fa94-04c1-424b-9868-57a2d4851a1d" relativeResultsDirectory="812dcb8f-28b5-407a-9896-aa8afda86ec3">
      <Output>
        <StdErr>Warning:
    Detected &lt;42&gt; orphan nodes during test suite setup stage!
    Check Setup:28 and Cleanup:36 for unfreed instances!</StdErr>
        <ErrorInfo>
          <Message>Warning:
    Detected &lt;42&gt; orphan nodes during test suite setup stage!
    Check Setup:28 and Cleanup:36 for unfreed instances!</Message>
        </ErrorInfo>
      </Output>
    </UnitTestResult>
    <UnitTestResult executionId="c082eca1-142f-48db-9b2a-c052718e8f4c" testId="b8cf75a4-890d-4d10-bba1-5c5226b69db0" testName="OmegaSpiral.Tests.Integration.Ui.Omega.OmegaTextRendererTests.IsAnimating_DuringTextAppending_ReturnsTrue" computerName="omega" duration="00:00:01.3590000" startTime="2025-10-26T08:24:41.0610387-04:00" endTime="2025-10-26T08:24:41.0613460-04:00" testType="13cdc9d9-ddb5-4fa4-a97d-d965ccfc6d4b" outcome="Passed" testListId="8c84fa94-04c1-424b-9868-57a2d4851a1d" relativeResultsDirectory="c082eca1-142f-48db-9b2a-c052718e8f4c" />
    <UnitTestResult executionId="763ace72-6600-4e0b-aac2-ba6ae6e76f68" testId="d4f76a18-6ae0-41db-8382-874c881799fe" testName="OmegaSpiral.Tests.Integration.Ui.MenuUiTests.ButtonContainer_CanAddButtons" computerName="omega" duration="00:00:00.0200000" startTime="2025-10-26T08:24:35.1616310-04:00" endTime="2025-10-26T08:24:35.1619145-04:00" testType="13cdc9d9-ddb5-4fa4-a97d-d965ccfc6d4b" outcome="Passed" testListId="8c84fa94-04c1-424b-9868-57a2d4851a1d" relativeResultsDirectory="763ace72-6600-4e0b-aac2-ba6ae6e76f68" />
    <UnitTestResult executionId="39b7113a-83ea-45cf-aaa7-f45abc167c10" testId="7370a782-eac3-407c-a6fe-37ca964e10ec" testName="OmegaSpiral.Tests.Integration.Ui.OmegaUi_IntegrationTests.SceneInitialization_EmitsInitializationCompletedSignal" computerName="omega" duration="00:00:00.0350000" startTime="2025-10-26T08:24:41.1382269-04:00" endTime="2025-10-26T08:24:41.1385159-04:00" testType="13cdc9d9-ddb5-4fa4-a97d-d965ccfc6d4b" outcome="Passed" testListId="8c84fa94-04c1-424b-9868-57a2d4851a1d" relativeResultsDirectory="39b7113a-83ea-45cf-aaa7-f45abc167c10">
      <Output>
        <StdOut>=== [OmegaUi] Starting initialization ===
[OmegaUi] Phase 1: Caching required nodes
[OmegaUi] Caching required nodes...
[OmegaUi] Node cache results: TextDisplay=True, Phosphor=True, Scanline=True, Glitch=True
[OmegaUi] PhosphorLayer color set to (1, 1, 1, 0.18)
[OmegaUi] ScanlineLayer color set to (1, 1, 1, 0.12)
[OmegaUi] GlitchLayer color set to (1, 1, 1, 0.08)
[OmegaUi] Node caching complete
[OmegaUi] Phase 1 complete: NodesCached
[OmegaUi] Phase 2: Creating BorderFrame
[OmegaUi] Phase 2: CreateBorderFrame starting
[OmegaUi] Creating BorderFrame programmatically
[OmegaUi] BorderFrame created successfully
[OmegaUi] Phase 2 complete: BorderFrameCreated
[OmegaUi] Phase 3: Creating components
[OmegaUi] Phase 3 complete: ComponentsCreated
[OmegaUi] Phase 4: Initializing component states
[OmegaUi] Phase 4 complete: Initialized
=== [OmegaUi] Initialization SUCCESS ===</StdOut>
      </Output>
    </UnitTestResult>
    <UnitTestResult executionId="034ff69b-fea4-4a63-8be1-cae92048a5f5" testId="7209a9d0-8738-43c9-8dcc-a9106d166bbf" testName="OmegaSpiral.Tests.Integration.Ui.CreditsMenuTests.CreditsMenu_CanShowAndHide" computerName="omega" duration="00:00:00.0130000" startTime="2025-10-26T08:24:34.2758702-04:00" endTime="2025-10-26T08:24:34.2761934-04:00" testType="13cdc9d9-ddb5-4fa4-a97d-d965ccfc6d4b" outcome="Passed" testListId="8c84fa94-04c1-424b-9868-57a2d4851a1d" relativeResultsDirectory="034ff69b-fea4-4a63-8be1-cae92048a5f5" />
    <UnitTestResult executionId="8713b620-9997-47a7-8936-f80cc6a7da1a" testId="3de93fa8-d0a9-4550-8d42-f99271b163d2" testName="OmegaSpiral.Tests.Integration.Ui.CreditsMenuTests.CreditsMenu_FocusesBackButton" computerName="omega" duration="00:00:00.0100000" startTime="2025-10-26T08:24:34.2867059-04:00" endTime="2025-10-26T08:24:34.2870797-04:00" testType="13cdc9d9-ddb5-4fa4-a97d-d965ccfc6d4b" outcome="Failed" testListId="8c84fa94-04c1-424b-9868-57a2d4851a1d" relativeResultsDirectory="8713b620-9997-47a7-8936-f80cc6a7da1a">
      <Output>
        <ErrorInfo>
          <Message>Expecting be NOT &lt;Null&gt;:</Message>
          <StackTrace>   at OmegaSpiral.Tests.Integration.Ui.CreditsMenuTests.CreditsMenu_FocusesBackButton() in /home/adam/Dev/omega-spiral/chapter-zero/tests/integration/ui/CreditsMenuTests.cs:line 111
</StackTrace>
        </ErrorInfo>
      </Output>
    </UnitTestResult>
    <UnitTestResult executionId="c380fe58-868d-4d53-8853-cfae92524ad4" testId="c0419335-f733-40ed-9d0a-137c351f39bd" testName="[After].MenuButtonContainer_ExistsAndHasButtons" computerName="omega" startTime="2025-10-26T08:24:34.9950588-04:00" endTime="2025-10-26T08:24:34.9950597-04:00" testType="13cdc9d9-ddb5-4fa4-a97d-d965ccfc6d4b" outcome="Passed" testListId="8c84fa94-04c1-424b-9868-57a2d4851a1d" relativeResultsDirectory="c380fe58-868d-4d53-8853-cfae92524ad4">
      <Output>
        <StdErr>Warning:
    Detected &lt;42&gt; orphan nodes during test suite setup stage!
    Check Setup:28 and Cleanup:36 for unfreed instances!</StdErr>
        <ErrorInfo>
          <Message>Warning:
    Detected &lt;42&gt; orphan nodes during test suite setup stage!
    Check Setup:28 and Cleanup:36 for unfreed instances!</Message>
        </ErrorInfo>
      </Output>
    </UnitTestResult>
    <UnitTestResult executionId="208ac301-f3eb-4337-a85c-15e77258975b" testId="50130acd-9111-4ad5-a32c-946173b37118" testName="OmegaSpiral.Tests.Integration.Ui.Menus.MainMenuTests.ContentContainer_HasCorrectSectionSpacing" computerName="omega" duration="00:00:00.0200000" startTime="2025-10-26T08:24:34.7759191-04:00" endTime="2025-10-26T08:24:34.7762263-04:00" testType="13cdc9d9-ddb5-4fa4-a97d-d965ccfc6d4b" outcome="Passed" testListId="8c84fa94-04c1-424b-9868-57a2d4851a1d" relativeResultsDirectory="208ac301-f3eb-4337-a85c-15e77258975b" />
    <UnitTestResult executionId="7ad70171-813d-4293-9172-fb44ff8ccbb4" testId="668f537e-fc77-4c89-bc2f-77cec4afc6f2" testName="OmegaSpiral.Tests.Common.GameStateSignalTests.InventoryUpdatedSignal_EmittedWhenInventoryChanges_SignalReceived" computerName="omega" duration="00:00:01.0900000" startTime="2025-10-26T08:24:30.5687706-04:00" endTime="2025-10-26T08:24:30.5696196-04:00" testType="13cdc9d9-ddb5-4fa4-a97d-d965ccfc6d4b" outcome="Failed" testListId="8c84fa94-04c1-424b-9868-57a2d4851a1d" relativeResultsDirectory="7ad70171-813d-4293-9172-fb44ff8ccbb4">
      <Output>
        <ErrorInfo>
          <Message>Expecting do emitting signal:
    "InventoryUpdated(&lt;Empty&gt;)"
 by
    &lt;OmegaSpiral.Source.Scripts.GameStateSignals&gt; (objId: 62511908600)</Message>
          <StackTrace>   at GdUnit4.Asserts.SignalAssert.ThrowTestFailureReport(String message, Int32 lineNumber)
</StackTrace>
        </ErrorInfo>
      </Output>
    </UnitTestResult>
    <UnitTestResult executionId="13cb29bf-7994-4c34-8bfd-7a2785268492" testId="20d8ccf9-2cd1-4b8b-a3cf-720ad0db87b8" testName="OmegaSpiral.Tests.Integration.Ui.MenuUiTests.MenuMode_DefaultsToStandard" computerName="omega" duration="00:00:00.0130000" startTime="2025-10-26T08:24:35.2236497-04:00" endTime="2025-10-26T08:24:35.2239428-04:00" testType="13cdc9d9-ddb5-4fa4-a97d-d965ccfc6d4b" outcome="Passed" testListId="8c84fa94-04c1-424b-9868-57a2d4851a1d" relativeResultsDirectory="13cb29bf-7994-4c34-8bfd-7a2785268492" />
    <UnitTestResult executionId="ae3d48be-b82e-4deb-9c09-0e1e9e34318e" testId="d601deb5-b897-4efd-a522-6baa94be82eb" testName="[After].BorderFrame_UsesThreeThreadColors" computerName="omega" startTime="2025-10-26T08:24:34.9927431-04:00" endTime="2025-10-26T08:24:34.9927443-04:00" testType="13cdc9d9-ddb5-4fa4-a97d-d965ccfc6d4b" outcome="Passed" testListId="8c84fa94-04c1-424b-9868-57a2d4851a1d" relativeResultsDirectory="ae3d48be-b82e-4deb-9c09-0e1e9e34318e">
      <Output>
        <StdErr>Warning:
    Detected &lt;42&gt; orphan nodes during test suite setup stage!
    Check Setup:28 and Cleanup:36 for unfreed instances!</StdErr>
        <ErrorInfo>
          <Message>Warning:
    Detected &lt;42&gt; orphan nodes during test suite setup stage!
    Check Setup:28 and Cleanup:36 for unfreed instances!</Message>
        </ErrorInfo>
      </Output>
    </UnitTestResult>
    <UnitTestResult executionId="920f0878-08b2-4a42-92a0-1a845bc4e467" testId="2aa1c120-b805-49ac-908d-05c81f996298" testName="OmegaSpiral.Tests.Integration.Ui.Menus.MainMenuTests.MenuTitle_DisplaysOmegaSpiral" computerName="omega" duration="00:00:00.0210000" startTime="2025-10-26T08:24:34.4580941-04:00" endTime="2025-10-26T08:24:34.4584163-04:00" testType="13cdc9d9-ddb5-4fa4-a97d-d965ccfc6d4b" outcome="Passed" testListId="8c84fa94-04c1-424b-9868-57a2d4851a1d" relativeResultsDirectory="920f0878-08b2-4a42-92a0-1a845bc4e467" />
    <UnitTestResult executionId="071479a9-c751-48ee-9a44-7df00d185316" testId="8ab93f7e-c808-4ba9-b6c2-e54347fba3ad" testName="OmegaSpiral.Tests.Integration.Ui.Omega.ChoiceButtonTests.ChoiceButton_InheritsFromButton" computerName="omega" duration="00:00:00.0100000" startTime="2025-10-26T08:24:35.2660660-04:00" endTime="2025-10-26T08:24:35.2663471-04:00" testType="13cdc9d9-ddb5-4fa4-a97d-d965ccfc6d4b" outcome="Passed" testListId="8c84fa94-04c1-424b-9868-57a2d4851a1d" relativeResultsDirectory="071479a9-c751-48ee-9a44-7df00d185316" />
    <UnitTestResult executionId="3588add8-91c2-44cb-ad09-b575c59beac5" testId="dbfe42f0-2598-4dcf-a801-f91734b48e3d" testName="OmegaSpiral.Tests.Integration.Ui.Menus.MainMenuTests.MenuTitle_UsesCorrectFontSize" computerName="omega" duration="00:00:00.0200000" startTime="2025-10-26T08:24:34.7349961-04:00" endTime="2025-10-26T08:24:34.7352891-04:00" testType="13cdc9d9-ddb5-4fa4-a97d-d965ccfc6d4b" outcome="Passed" testListId="8c84fa94-04c1-424b-9868-57a2d4851a1d" relativeResultsDirectory="3588add8-91c2-44cb-ad09-b575c59beac5" />
    <UnitTestResult executionId="b592e4a2-c2b5-4847-902e-87e036dcf1ea" testId="09e749fc-9674-4b3b-9667-0c7c3dac792b" testName="[After].OptionsButton_Exists" computerName="omega" startTime="2025-10-26T08:24:34.9972518-04:00" endTime="2025-10-26T08:24:34.9972527-04:00" testType="13cdc9d9-ddb5-4fa4-a97d-d965ccfc6d4b" outcome="Passed" testListId="8c84fa94-04c1-424b-9868-57a2d4851a1d" relativeResultsDirectory="b592e4a2-c2b5-4847-902e-87e036dcf1ea">
      <Output>
        <StdErr>Warning:
    Detected &lt;42&gt; orphan nodes during test suite setup stage!
    Check Setup:28 and Cleanup:36 for unfreed instances!</StdErr>
        <ErrorInfo>
          <Message>Warning:
    Detected &lt;42&gt; orphan nodes during test suite setup stage!
    Check Setup:28 and Cleanup:36 for unfreed instances!</Message>
        </ErrorInfo>
      </Output>
    </UnitTestResult>
    <UnitTestResult executionId="9655627c-1ec4-447c-ad91-ddc60cef0dc5" testId="e12ff942-826a-4291-941e-8aaf4570a87f" testName="OmegaSpiral.Tests.Integration.Ui.OmegaUi_IntegrationTests.AppendTextAsync_WorksWithInitializedRenderer" computerName="omega" duration="00:00:00.2900000" startTime="2025-10-26T08:24:41.4550554-04:00" endTime="2025-10-26T08:24:41.4553383-04:00" testType="13cdc9d9-ddb5-4fa4-a97d-d965ccfc6d4b" outcome="Passed" testListId="8c84fa94-04c1-424b-9868-57a2d4851a1d" relativeResultsDirectory="9655627c-1ec4-447c-ad91-ddc60cef0dc5">
      <Output>
        <StdOut>=== [OmegaUi] Starting initialization ===
[OmegaUi] Phase 1: Caching required nodes
[OmegaUi] Caching required nodes...
[OmegaUi] Node cache results: TextDisplay=True, Phosphor=True, Scanline=True, Glitch=True
[OmegaUi] PhosphorLayer color set to (1, 1, 1, 0.18)
[OmegaUi] ScanlineLayer color set to (1, 1, 1, 0.12)
[OmegaUi] GlitchLayer color set to (1, 1, 1, 0.08)
[OmegaUi] Node caching complete
[OmegaUi] Phase 1 complete: NodesCached
[OmegaUi] Phase 2: Creating BorderFrame
[OmegaUi] Phase 2: CreateBorderFrame starting
[OmegaUi] Creating BorderFrame programmatically
[OmegaUi] BorderFrame created successfully
[OmegaUi] Phase 2 complete: BorderFrameCreated
[OmegaUi] Phase 3: Creating components
[OmegaUi] Phase 3 complete: ComponentsCreated
[OmegaUi] Phase 4: Initializing component states
[OmegaUi] Phase 4 complete: Initialized
=== [OmegaUi] Initialization SUCCESS ===</StdOut>
      </Output>
    </UnitTestResult>
    <UnitTestResult executionId="01714a4e-6a4d-4d3d-965a-5ef09b4b682b" testId="6895d9c6-8206-4cf7-b242-0fb781491cba" testName="[After].BorderFrame_HasSpiralShader" computerName="omega" startTime="2025-10-26T08:24:34.9922615-04:00" endTime="2025-10-26T08:24:34.9922625-04:00" testType="13cdc9d9-ddb5-4fa4-a97d-d965ccfc6d4b" outcome="Passed" testListId="8c84fa94-04c1-424b-9868-57a2d4851a1d" relativeResultsDirectory="01714a4e-6a4d-4d3d-965a-5ef09b4b682b">
      <Output>
        <StdErr>Warning:
    Detected &lt;42&gt; orphan nodes during test suite setup stage!
    Check Setup:28 and Cleanup:36 for unfreed instances!</StdErr>
        <ErrorInfo>
          <Message>Warning:
    Detected &lt;42&gt; orphan nodes during test suite setup stage!
    Check Setup:28 and Cleanup:36 for unfreed instances!</Message>
        </ErrorInfo>
      </Output>
    </UnitTestResult>
    <UnitTestResult executionId="9fbe16f3-fdda-4287-8d41-52b5ad0209d1" testId="23800064-efba-4805-950d-171ca545a0ff" testName="OmegaSpiral.Tests.Integration.Ui.Menus.MainMenuTests.Background_UsesCorrectDarkColor" computerName="omega" duration="00:00:00.0200000" startTime="2025-10-26T08:24:34.8856463-04:00" endTime="2025-10-26T08:24:34.8859563-04:00" testType="13cdc9d9-ddb5-4fa4-a97d-d965ccfc6d4b" outcome="Passed" testListId="8c84fa94-04c1-424b-9868-57a2d4851a1d" relativeResultsDirectory="9fbe16f3-fdda-4287-8d41-52b5ad0209d1" />
    <UnitTestResult executionId="859de434-38ff-4d71-9c07-fa6fd2bb8149" testId="e81a8cca-e484-42d1-b262-c995e3f75b06" testName="OmegaSpiral.Tests.Integration.Ui.Menus.MainMenuTests.StageButtons_HaveCorrectTextFromManifest" computerName="omega" duration="00:00:00.0210000" startTime="2025-10-26T08:24:34.5342627-04:00" endTime="2025-10-26T08:24:34.5346406-04:00" testType="13cdc9d9-ddb5-4fa4-a97d-d965ccfc6d4b" outcome="Passed" testListId="8c84fa94-04c1-424b-9868-57a2d4851a1d" relativeResultsDirectory="859de434-38ff-4d71-9c07-fa6fd2bb8149" />
    <UnitTestResult executionId="f067c73f-24c6-4885-8282-bdaf9377abef" testId="5169ad70-4be9-4715-b4ea-6f2fa5f66077" testName="OmegaSpiral.Tests.Integration.Common.OmegaIntegrationTests.Components_InitializeWithoutConflicts" computerName="omega" duration="00:00:00.0270000" startTime="2025-10-26T08:24:32.7571577-04:00" endTime="2025-10-26T08:24:32.7582611-04:00" testType="13cdc9d9-ddb5-4fa4-a97d-d965ccfc6d4b" outcome="Passed" testListId="8c84fa94-04c1-424b-9868-57a2d4851a1d" relativeResultsDirectory="f067c73f-24c6-4885-8282-bdaf9377abef" />
    <UnitTestResult executionId="839c3486-932c-488c-8825-f29937fdfb44" testId="a20aafee-b524-4354-9a4f-00892d315f1a" testName="OmegaSpiral.Tests.Integration.Ui.Menus.MainMenuTests.MenuTitle_UsesAmberDesignColor" computerName="omega" duration="00:00:00.0200000" startTime="2025-10-26T08:24:34.7132776-04:00" endTime="2025-10-26T08:24:34.7135787-04:00" testType="13cdc9d9-ddb5-4fa4-a97d-d965ccfc6d4b" outcome="Passed" testListId="8c84fa94-04c1-424b-9868-57a2d4851a1d" relativeResultsDirectory="839c3486-932c-488c-8825-f29937fdfb44" />
    <UnitTestResult executionId="7d072ac5-ea27-4d93-8532-aca49975e233" testId="b09da5e8-5a83-4c08-8ce2-aecd92a5f60c" testName="OmegaSpiral.Tests.Integration.Ui.Menus.MainMenuTests.AllStageButtons_HavePressedSignalHandlers" computerName="omega" duration="00:00:00.0340000" startTime="2025-10-26T08:24:34.6923992-04:00" endTime="2025-10-26T08:24:34.6933200-04:00" testType="13cdc9d9-ddb5-4fa4-a97d-d965ccfc6d4b" outcome="Passed" testListId="8c84fa94-04c1-424b-9868-57a2d4851a1d" relativeResultsDirectory="7d072ac5-ea27-4d93-8532-aca49975e233" />
    <UnitTestResult executionId="a9f50b52-93e5-49c1-b743-ae693bac7f00" testId="4eee028e-636c-488f-9a6f-5234ec3c4808" testName="OmegaSpiral.Tests.Integration.Ui.Menus.MainMenuTests.OptionsButton_HasPressedSignalHandler" computerName="omega" duration="00:00:00.0200000" startTime="2025-10-26T08:24:34.6338956-04:00" endTime="2025-10-26T08:24:34.6341923-04:00" testType="13cdc9d9-ddb5-4fa4-a97d-d965ccfc6d4b" outcome="Passed" testListId="8c84fa94-04c1-424b-9868-57a2d4851a1d" relativeResultsDirectory="a9f50b52-93e5-49c1-b743-ae693bac7f00" />
    <UnitTestResult executionId="b9fa356a-a9c0-475a-a817-2c59ac9a5829" testId="f0e29149-04ab-47ac-b23a-7f27a0fdecc5" testName="OmegaSpiral.Tests.Integration.Ui.Menus.MainMenuTests.MenuActionBar_Exists" computerName="omega" duration="00:00:00.0200000" startTime="2025-10-26T08:24:34.5005397-04:00" endTime="2025-10-26T08:24:34.5008491-04:00" testType="13cdc9d9-ddb5-4fa4-a97d-d965ccfc6d4b" outcome="Passed" testListId="8c84fa94-04c1-424b-9868-57a2d4851a1d" relativeResultsDirectory="b9fa356a-a9c0-475a-a817-2c59ac9a5829" />
    <UnitTestResult executionId="872ee9fc-11eb-45f2-87db-aa4dd3b57701" testId="a20aafee-b524-4354-9a4f-00892d315f1a" testName="[After].MenuTitle_UsesAmberDesignColor" computerName="omega" startTime="2025-10-26T08:24:34.9967463-04:00" endTime="2025-10-26T08:24:34.9967479-04:00" testType="13cdc9d9-ddb5-4fa4-a97d-d965ccfc6d4b" outcome="Passed" testListId="8c84fa94-04c1-424b-9868-57a2d4851a1d" relativeResultsDirectory="872ee9fc-11eb-45f2-87db-aa4dd3b57701">
      <Output>
        <StdErr>Warning:
    Detected &lt;42&gt; orphan nodes during test suite setup stage!
    Check Setup:28 and Cleanup:36 for unfreed instances!</StdErr>
        <ErrorInfo>
          <Message>Warning:
    Detected &lt;42&gt; orphan nodes during test suite setup stage!
    Check Setup:28 and Cleanup:36 for unfreed instances!</Message>
        </ErrorInfo>
      </Output>
    </UnitTestResult>
    <UnitTestResult executionId="6203c938-7a97-493b-a425-fb808ee5035b" testId="89ba4a10-8e24-4f8b-8da5-b134dae0c56b" testName="OmegaSpiral.Tests.Integration.Ui.Omega.ChoiceButtonTests.Configure_SetsAllProperties" computerName="omega" duration="00:00:00.0120000" startTime="2025-10-26T08:24:35.2788081-04:00" endTime="2025-10-26T08:24:35.2790961-04:00" testType="13cdc9d9-ddb5-4fa4-a97d-d965ccfc6d4b" outcome="Passed" testListId="8c84fa94-04c1-424b-9868-57a2d4851a1d" relativeResultsDirectory="6203c938-7a97-493b-a425-fb808ee5035b">
      <Output>
        <StdOut>[ChoiceButton] Configured: 'Test Choice' (L:10 S:5 A:3)</StdOut>
      </Output>
    </UnitTestResult>
    <UnitTestResult executionId="bd566c70-70cd-470f-bab8-af2531446c10" testId="d6ef0b36-b754-4f1c-b3a0-ca17944de66e" testName="OmegaSpiral.Tests.Integration.Ui.Omega.ChoiceButtonTests.Properties_AreReadWriteAccessible" computerName="omega" duration="00:00:00.0200000" startTime="2025-10-26T08:24:35.3273445-04:00" endTime="2025-10-26T08:24:35.3276407-04:00" testType="13cdc9d9-ddb5-4fa4-a97d-d965ccfc6d4b" outcome="Passed" testListId="8c84fa94-04c1-424b-9868-57a2d4851a1d" relativeResultsDirectory="bd566c70-70cd-470f-bab8-af2531446c10" />
    <UnitTestResult executionId="8f73f896-ec5c-4e11-b203-040cb1fec046" testId="b5b47936-edcd-4ee4-a6ec-50f71ab8d099" testName="OmegaSpiral.Tests.Integration.Ui.Menus.MainMenuTests.PhosphorLayer_IsVisibleWithCorrectOpacity" computerName="omega" duration="00:00:00.0200000" startTime="2025-10-26T08:24:34.8309288-04:00" endTime="2025-10-26T08:24:34.8324521-04:00" testType="13cdc9d9-ddb5-4fa4-a97d-d965ccfc6d4b" outcome="Passed" testListId="8c84fa94-04c1-424b-9868-57a2d4851a1d" relativeResultsDirectory="8f73f896-ec5c-4e11-b203-040cb1fec046" />
    <UnitTestResult executionId="b9879301-0f1f-4309-9a80-70321fc051c3" testId="4600fa35-f429-4eac-9f1b-d49c57460ee0" testName="OmegaSpiral.Tests.Integration.Ui.Omega.OmegaTextRendererTests.ClearText_AfterAppendingText_RemovesAllContent" computerName="omega" duration="00:00:00.3240000" startTime="2025-10-26T08:24:36.9415879-04:00" endTime="2025-10-26T08:24:36.9418712-04:00" testType="13cdc9d9-ddb5-4fa4-a97d-d965ccfc6d4b" outcome="Passed" testListId="8c84fa94-04c1-424b-9868-57a2d4851a1d" relativeResultsDirectory="b9879301-0f1f-4309-9a80-70321fc051c3" />
    <UnitTestResult executionId="e808d550-e442-4a0c-9531-ccc14680dc63" testId="eb27d519-38db-4671-947f-1af5214f3971" testName="OmegaSpiral.Tests.Integration.Ui.Menus.MainMenuTests.MenuTitle_IsHorizontallyCentered" computerName="omega" duration="00:00:00.0200000" startTime="2025-10-26T08:24:34.7967652-04:00" endTime="2025-10-26T08:24:34.7980425-04:00" testType="13cdc9d9-ddb5-4fa4-a97d-d965ccfc6d4b" outcome="Passed" testListId="8c84fa94-04c1-424b-9868-57a2d4851a1d" relativeResultsDirectory="e808d550-e442-4a0c-9531-ccc14680dc63" />
    <UnitTestResult executionId="9ac81beb-d8d0-4a03-bdf8-5939865126ac" testId="d601deb5-b897-4efd-a522-6baa94be82eb" testName="OmegaSpiral.Tests.Integration.Ui.Menus.MainMenuTests.BorderFrame_UsesThreeThreadColors" computerName="omega" duration="00:00:00.0340000" startTime="2025-10-26T08:24:34.9615113-04:00" endTime="2025-10-26T08:24:34.9618881-04:00" testType="13cdc9d9-ddb5-4fa4-a97d-d965ccfc6d4b" outcome="Passed" testListId="8c84fa94-04c1-424b-9868-57a2d4851a1d" relativeResultsDirectory="9ac81beb-d8d0-4a03-bdf8-5939865126ac" />
    <UnitTestResult executionId="372b421f-79a3-4375-b4ec-34605b41f136" testId="bf72d620-1c3f-4546-bc0b-467be81f050e" testName="OmegaSpiral.Tests.Integration.Ui.MenuUiTests.MenuUi_HasMenuModeEnum" computerName="omega" duration="00:00:00.0200000" startTime="2025-10-26T08:24:35.0510997-04:00" endTime="2025-10-26T08:24:35.0513794-04:00" testType="13cdc9d9-ddb5-4fa4-a97d-d965ccfc6d4b" outcome="Passed" testListId="8c84fa94-04c1-424b-9868-57a2d4851a1d" relativeResultsDirectory="372b421f-79a3-4375-b4ec-34605b41f136" />
    <UnitTestResult executionId="3838352e-daa0-4ecd-ab20-4a3a0d9191e5" testId="70e01f07-09a0-4144-a92f-bcad5b82fa86" testName="[After].QuitButton_Exists" computerName="omega" startTime="2025-10-26T08:24:35.0012044-04:00" endTime="2025-10-26T08:24:35.0012080-04:00" testType="13cdc9d9-ddb5-4fa4-a97d-d965ccfc6d4b" outcome="Passed" testListId="8c84fa94-04c1-424b-9868-57a2d4851a1d" relativeResultsDirectory="3838352e-daa0-4ecd-ab20-4a3a0d9191e5">
      <Output>
        <StdErr>Warning:
    Detected &lt;42&gt; orphan nodes during test suite setup stage!
    Check Setup:28 and Cleanup:36 for unfreed instances!</StdErr>
        <ErrorInfo>
          <Message>Warning:
    Detected &lt;42&gt; orphan nodes during test suite setup stage!
    Check Setup:28 and Cleanup:36 for unfreed instances!</Message>
        </ErrorInfo>
      </Output>
    </UnitTestResult>
    <UnitTestResult executionId="797a9bb9-914d-4e1e-bb73-a1f1bc31f510" testId="b89ccb6c-cd87-4ebe-8226-f4d0eef6259e" testName="[After].LaunchButton_HasPressedSignalHandler" computerName="omega" startTime="2025-10-26T08:24:34.9941610-04:00" endTime="2025-10-26T08:24:34.9941632-04:00" testType="13cdc9d9-ddb5-4fa4-a97d-d965ccfc6d4b" outcome="Passed" testListId="8c84fa94-04c1-424b-9868-57a2d4851a1d" relativeResultsDirectory="797a9bb9-914d-4e1e-bb73-a1f1bc31f510">
      <Output>
        <StdErr>Warning:
    Detected &lt;42&gt; orphan nodes during test suite setup stage!
    Check Setup:28 and Cleanup:36 for unfreed instances!</StdErr>
        <ErrorInfo>
          <Message>Warning:
    Detected &lt;42&gt; orphan nodes during test suite setup stage!
    Check Setup:28 and Cleanup:36 for unfreed instances!</Message>
        </ErrorInfo>
      </Output>
    </UnitTestResult>
    <UnitTestResult executionId="f0692dcd-150f-456d-a766-886aeeaa19b1" testId="ff41516f-68ab-44ac-9e63-00a9aff45ecd" testName="OmegaSpiral.Tests.Integration.SceneLoadingAndViewportTests.Scene_LoadsConsistentlyAcrossMultipleInstances" computerName="omega" duration="00:00:00.0210000" startTime="2025-10-26T08:24:34.0517492-04:00" endTime="2025-10-26T08:24:34.0520985-04:00" testType="13cdc9d9-ddb5-4fa4-a97d-d965ccfc6d4b" outcome="Failed" testListId="8c84fa94-04c1-424b-9868-57a2d4851a1d" relativeResultsDirectory="f0692dcd-150f-456d-a766-886aeeaa19b1">
      <Output>
        <ErrorInfo>
          <Message>Object reference not set to an instance of an object.</Message>
          <StackTrace>   at OmegaSpiral.Tests.Integration.SceneLoadingAndViewportTests.Scene_LoadsConsistentlyAcrossMultipleInstances() in /home/adam/Dev/omega-spiral/chapter-zero/tests/integration/SceneLoadingAndViewportTests.cs:line 155
   at System.RuntimeMethodHandle.InvokeMethod(ObjectHandleOnStack target, Void** arguments, ObjectHandleOnStack sig, BOOL isConstructor, ObjectHandleOnStack result)
   at System.RuntimeMethodHandle.InvokeMethod(ObjectHandleOnStack target, Void** arguments, ObjectHandleOnStack sig, BOOL isConstructor, ObjectHandleOnStack result)
   at System.Reflection.MethodBaseInvoker.InterpretedInvoke_Method(Object obj, IntPtr* args)
   at System.Reflection.RuntimeMethodInfo.Invoke(Object obj, BindingFlags invokeAttr, Binder binder, Object[] parameters, CultureInfo culture)
</StackTrace>
        </ErrorInfo>
      </Output>
    </UnitTestResult>
    <UnitTestResult executionId="1a4ea6d8-4dbe-4448-97e3-50924e2cbfc3" testId="c3da7387-1872-4a19-a569-d76e1428824f" testName="OmegaSpiral.Tests.Integration.SceneLoadingAndViewportTests.CreateCenteredXControl" computerName="omega" duration="00:00:00.0280000" startTime="2025-10-26T08:24:33.9859331-04:00" endTime="2025-10-26T08:24:33.9862621-04:00" testType="13cdc9d9-ddb5-4fa4-a97d-d965ccfc6d4b" outcome="Passed" testListId="8c84fa94-04c1-424b-9868-57a2d4851a1d" relativeResultsDirectory="1a4ea6d8-4dbe-4448-97e3-50924e2cbfc3">
      <Output>
        <StdOut>Expected viewport center: (960, 540)
Expected label rect: (935, 515), (50, 50)</StdOut>
        <StdErr>Warning:
    Detected &lt;1&gt; orphan nodes during test execution!</StdErr>
        <ErrorInfo>
          <Message>Warning:
    Detected &lt;1&gt; orphan nodes during test execution!</Message>
        </ErrorInfo>
      </Output>
    </UnitTestResult>
    <UnitTestResult executionId="47bcb0ca-1cc6-49c8-8656-fb263c895471" testId="14a93e36-a7ca-4bd3-a5ac-ad9c364d7ad7" testName="OmegaSpiral.Tests.Integration.Ui.Menus.MainMenuTests.InheritsFromMenuUi" computerName="omega" duration="00:00:00.0100000" startTime="2025-10-26T08:24:34.4363749-04:00" endTime="2025-10-26T08:24:34.4367221-04:00" testType="13cdc9d9-ddb5-4fa4-a97d-d965ccfc6d4b" outcome="Passed" testListId="8c84fa94-04c1-424b-9868-57a2d4851a1d" relativeResultsDirectory="47bcb0ca-1cc6-49c8-8656-fb263c895471" />
    <UnitTestResult executionId="bb56518d-989a-4a90-a81c-b002d0e2f706" testId="05677250-de8b-49ef-a132-cf7d2c047cd0" testName="OmegaSpiral.Tests.Integration.Common.OmegaIntegrationTests.ShaderAndText_InteractWithoutInterference" computerName="omega" duration="00:00:00.4810000" startTime="2025-10-26T08:24:33.2388853-04:00" endTime="2025-10-26T08:24:33.2392552-04:00" testType="13cdc9d9-ddb5-4fa4-a97d-d965ccfc6d4b" outcome="Passed" testListId="8c84fa94-04c1-424b-9868-57a2d4851a1d" relativeResultsDirectory="bb56518d-989a-4a90-a81c-b002d0e2f706" />
    <UnitTestResult executionId="41484577-bcea-4b66-94b9-2832262208c1" testId="50130acd-9111-4ad5-a32c-946173b37118" testName="[After].ContentContainer_HasCorrectSectionSpacing" computerName="omega" startTime="2025-10-26T08:24:34.9930170-04:00" endTime="2025-10-26T08:24:34.9930181-04:00" testType="13cdc9d9-ddb5-4fa4-a97d-d965ccfc6d4b" outcome="Passed" testListId="8c84fa94-04c1-424b-9868-57a2d4851a1d" relativeResultsDirectory="41484577-bcea-4b66-94b9-2832262208c1">
      <Output>
        <StdErr>Warning:
    Detected &lt;42&gt; orphan nodes during test suite setup stage!
    Check Setup:28 and Cleanup:36 for unfreed instances!</StdErr>
        <ErrorInfo>
          <Message>Warning:
    Detected &lt;42&gt; orphan nodes during test suite setup stage!
    Check Setup:28 and Cleanup:36 for unfreed instances!</Message>
        </ErrorInfo>
      </Output>
    </UnitTestResult>
    <UnitTestResult executionId="64bd5111-04a1-4760-8e50-fc80b474e902" testId="8de98919-b46c-4f6a-b095-38a3bfea3dbe" testName="[After].BorderFrame_Exists" computerName="omega" startTime="2025-10-26T08:24:34.9920137-04:00" endTime="2025-10-26T08:24:34.9920152-04:00" testType="13cdc9d9-ddb5-4fa4-a97d-d965ccfc6d4b" outcome="Passed" testListId="8c84fa94-04c1-424b-9868-57a2d4851a1d" relativeResultsDirectory="64bd5111-04a1-4760-8e50-fc80b474e902">
      <Output>
        <StdErr>Warning:
    Detected &lt;42&gt; orphan nodes during test suite setup stage!
    Check Setup:28 and Cleanup:36 for unfreed instances!</StdErr>
        <ErrorInfo>
          <Message>Warning:
    Detected &lt;42&gt; orphan nodes during test suite setup stage!
    Check Setup:28 and Cleanup:36 for unfreed instances!</Message>
        </ErrorInfo>
      </Output>
    </UnitTestResult>
    <UnitTestResult executionId="26a2c6b7-9d8f-40ec-9e39-3d620488baa1" testId="64c1202c-b04f-431c-b233-035cdcb94e16" testName="OmegaSpiral.Tests.Integration.Ui.Omega.OmegaTextRendererTests.AppendTextAsync__EmptyText_DoesNothing" computerName="omega" duration="00:00:00.0130000" startTime="2025-10-26T08:24:41.0745257-04:00" endTime="2025-10-26T08:24:41.0748220-04:00" testType="13cdc9d9-ddb5-4fa4-a97d-d965ccfc6d4b" outcome="Passed" testListId="8c84fa94-04c1-424b-9868-57a2d4851a1d" relativeResultsDirectory="26a2c6b7-9d8f-40ec-9e39-3d620488baa1" />
    <UnitTestResult executionId="d55e74e7-109a-4ba4-919a-a3f964157840" testId="9be26948-d8b0-47d3-b453-ca8bb4d63b8e" testName="OmegaSpiral.Tests.Integration.Ui.MenuUiTests.ActionBar_Exists" computerName="omega" duration="00:00:00.0130000" startTime="2025-10-26T08:24:35.1407764-04:00" endTime="2025-10-26T08:24:35.1410765-04:00" testType="13cdc9d9-ddb5-4fa4-a97d-d965ccfc6d4b" outcome="Passed" testListId="8c84fa94-04c1-424b-9868-57a2d4851a1d" relativeResultsDirectory="d55e74e7-109a-4ba4-919a-a3f964157840" />
    <UnitTestResult executionId="8dc364e3-1202-4a44-a5fa-3de7d2dacdfa" testId="44affc58-200b-4f9e-b0f1-ce359a4bfe24" testName="OmegaSpiral.Tests.Integration.Common.OmegaIntegrationTests.TextDisplay_AndChoiceInput_DontInterfere" computerName="omega" duration="00:00:00.6270000" startTime="2025-10-26T08:24:33.9020903-04:00" endTime="2025-10-26T08:24:33.9027391-04:00" testType="13cdc9d9-ddb5-4fa4-a97d-d965ccfc6d4b" outcome="Passed" testListId="8c84fa94-04c1-424b-9868-57a2d4851a1d" relativeResultsDirectory="8dc364e3-1202-4a44-a5fa-3de7d2dacdfa" />
    <UnitTestResult executionId="afdc5c6f-979f-43dd-b78d-ec1cebdd108e" testId="6895d9c6-8206-4cf7-b242-0fb781491cba" testName="OmegaSpiral.Tests.Integration.Ui.Menus.MainMenuTests.BorderFrame_HasSpiralShader" computerName="omega" duration="00:00:00.0200000" startTime="2025-10-26T08:24:34.9268890-04:00" endTime="2025-10-26T08:24:34.9271867-04:00" testType="13cdc9d9-ddb5-4fa4-a97d-d965ccfc6d4b" outcome="Passed" testListId="8c84fa94-04c1-424b-9868-57a2d4851a1d" relativeResultsDirectory="afdc5c6f-979f-43dd-b78d-ec1cebdd108e" />
    <UnitTestResult executionId="18d3fa1f-a7f3-4a07-8164-de626951eb9e" testId="1bc4107c-aff2-459d-a83e-65d208b12b1f" testName="OmegaSpiral.Tests.Integration.Ui.Omega.OmegaTextRendererTests.AppendTextAsync_DefaultParameters_AppendsTextCorrectly" computerName="omega" duration="00:00:00.4070000" startTime="2025-10-26T08:24:35.8502532-04:00" endTime="2025-10-26T08:24:35.8520288-04:00" testType="13cdc9d9-ddb5-4fa4-a97d-d965ccfc6d4b" outcome="Passed" testListId="8c84fa94-04c1-424b-9868-57a2d4851a1d" relativeResultsDirectory="18d3fa1f-a7f3-4a07-8164-de626951eb9e" />
    <UnitTestResult executionId="ca7db5b2-40c3-47e3-b9ee-a34222e4ad47" testId="7f733717-a210-463d-ad45-c33f7b40a3b4" testName="OmegaSpiral.Tests.Integration.Ui.Menus.MainMenuTests.GlitchLayer_IsVisibleWithCorrectOpacity" computerName="omega" duration="00:00:00.0130000" startTime="2025-10-26T08:24:34.8659886-04:00" endTime="2025-10-26T08:24:34.8663077-04:00" testType="13cdc9d9-ddb5-4fa4-a97d-d965ccfc6d4b" outcome="Passed" testListId="8c84fa94-04c1-424b-9868-57a2d4851a1d" relativeResultsDirectory="ca7db5b2-40c3-47e3-b9ee-a34222e4ad47" />
    <UnitTestResult executionId="6b4dda90-9fdf-459f-9d21-ec52f7deceb3" testId="173a0e97-2e86-4708-a5ef-ddecb0d4fa54" testName="[After].ScanlineLayer_IsVisibleWithCorrectOpacity" computerName="omega" startTime="2025-10-26T08:24:35.0019099-04:00" endTime="2025-10-26T08:24:35.0019110-04:00" testType="13cdc9d9-ddb5-4fa4-a97d-d965ccfc6d4b" outcome="Passed" testListId="8c84fa94-04c1-424b-9868-57a2d4851a1d" relativeResultsDirectory="6b4dda90-9fdf-459f-9d21-ec52f7deceb3">
      <Output>
        <StdErr>Warning:
    Detected &lt;42&gt; orphan nodes during test suite setup stage!
    Check Setup:28 and Cleanup:36 for unfreed instances!</StdErr>
        <ErrorInfo>
          <Message>Warning:
    Detected &lt;42&gt; orphan nodes during test suite setup stage!
    Check Setup:28 and Cleanup:36 for unfreed instances!</Message>
        </ErrorInfo>
      </Output>
    </UnitTestResult>
    <UnitTestResult executionId="e3ba3221-20f2-4c8d-b5de-5b556194c2fd" testId="2aa1c120-b805-49ac-908d-05c81f996298" testName="[After].MenuTitle_DisplaysOmegaSpiral" computerName="omega" startTime="2025-10-26T08:24:34.9961123-04:00" endTime="2025-10-26T08:24:34.9961139-04:00" testType="13cdc9d9-ddb5-4fa4-a97d-d965ccfc6d4b" outcome="Passed" testListId="8c84fa94-04c1-424b-9868-57a2d4851a1d" relativeResultsDirectory="e3ba3221-20f2-4c8d-b5de-5b556194c2fd">
      <Output>
        <StdErr>Warning:
    Detected &lt;42&gt; orphan nodes during test suite setup stage!
    Check Setup:28 and Cleanup:36 for unfreed instances!</StdErr>
        <ErrorInfo>
          <Message>Warning:
    Detected &lt;42&gt; orphan nodes during test suite setup stage!
    Check Setup:28 and Cleanup:36 for unfreed instances!</Message>
        </ErrorInfo>
      </Output>
    </UnitTestResult>
    <UnitTestResult executionId="af7aa3ba-9da3-49fc-a0ac-43f43d5499a9" testId="eb27d519-38db-4671-947f-1af5214f3971" testName="[After].MenuTitle_IsHorizontallyCentered" computerName="omega" startTime="2025-10-26T08:24:34.9963620-04:00" endTime="2025-10-26T08:24:34.9963630-04:00" testType="13cdc9d9-ddb5-4fa4-a97d-d965ccfc6d4b" outcome="Passed" testListId="8c84fa94-04c1-424b-9868-57a2d4851a1d" relativeResultsDirectory="af7aa3ba-9da3-49fc-a0ac-43f43d5499a9">
      <Output>
        <StdErr>Warning:
    Detected &lt;42&gt; orphan nodes during test suite setup stage!
    Check Setup:28 and Cleanup:36 for unfreed instances!</StdErr>
        <ErrorInfo>
          <Message>Warning:
    Detected &lt;42&gt; orphan nodes during test suite setup stage!
    Check Setup:28 and Cleanup:36 for unfreed instances!</Message>
        </ErrorInfo>
      </Output>
    </UnitTestResult>
    <UnitTestResult executionId="fa6df907-12fb-42ae-9f6e-68e2d839c68c" testId="1878ac0b-d59e-4947-8256-25f7255933cd" testName="OmegaSpiral.Tests.Integration.Ui.Menus.MainMenuTests.LaunchButton_ExistsWithCorrectText" computerName="omega" duration="00:00:00.0200000" startTime="2025-10-26T08:24:34.5558040-04:00" endTime="2025-10-26T08:24:34.5563977-04:00" testType="13cdc9d9-ddb5-4fa4-a97d-d965ccfc6d4b" outcome="Passed" testListId="8c84fa94-04c1-424b-9868-57a2d4851a1d" relativeResultsDirectory="fa6df907-12fb-42ae-9f6e-68e2d839c68c" />
    <UnitTestResult executionId="3b6c675b-c8d8-4427-a48f-03f01eb2025c" testId="d05cc5f7-76d7-46f0-a37c-f5b8399b5ca8" testName="OmegaSpiral.Tests.Integration.Ui.Omega.ChoiceButtonTests.Configure_ThrowsExceptionForEmptyText" computerName="omega" duration="00:00:00.0130000" startTime="2025-10-26T08:24:35.2927134-04:00" endTime="2025-10-26T08:24:35.2930169-04:00" testType="13cdc9d9-ddb5-4fa4-a97d-d965ccfc6d4b" outcome="Passed" testListId="8c84fa94-04c1-424b-9868-57a2d4851a1d" relativeResultsDirectory="3b6c675b-c8d8-4427-a48f-03f01eb2025c" />
    <UnitTestResult executionId="2508291b-9933-41de-8700-7c4ec6ff6583" testId="93e692ca-74fe-4b81-b935-78c2da227d26" testName="OmegaSpiral.Tests.Integration.Ui.Omega.OmegaTextRendererTests.SetTextColor_ChangesColorOfSubsequentText" computerName="omega" duration="00:00:00.2920000" startTime="2025-10-26T08:24:37.2339356-04:00" endTime="2025-10-26T08:24:37.2342454-04:00" testType="13cdc9d9-ddb5-4fa4-a97d-d965ccfc6d4b" outcome="Passed" testListId="8c84fa94-04c1-424b-9868-57a2d4851a1d" relativeResultsDirectory="2508291b-9933-41de-8700-7c4ec6ff6583" />
    <UnitTestResult executionId="f5ae2b3a-9ae9-4874-8e5c-af03c795cad2" testId="8186a2cb-0bf5-4ac8-9b54-9deb8b9fc288" testName="OmegaSpiral.Tests.Integration.Ui.Menus.MainMenuTests.MenuButtonContainer_IsCenterAligned" computerName="omega" duration="00:00:00.0120000" startTime="2025-10-26T08:24:34.8098866-04:00" endTime="2025-10-26T08:24:34.8101931-04:00" testType="13cdc9d9-ddb5-4fa4-a97d-d965ccfc6d4b" outcome="Passed" testListId="8c84fa94-04c1-424b-9868-57a2d4851a1d" relativeResultsDirectory="f5ae2b3a-9ae9-4874-8e5c-af03c795cad2" />
    <UnitTestResult executionId="8cabd7ae-fa6d-4ea3-b7f3-ee4534bcac92" testId="dc57c1e7-1de5-4e7f-be0c-6e8aaccfe031" testName="OmegaSpiral.Tests.Common.GameStateSignalTests.PlayerProgressionChangedSignal_EmittedWhenMilestoneReached_SignalReceived" computerName="omega" duration="00:00:01.0600000" startTime="2025-10-26T08:24:29.4808525-04:00" endTime="2025-10-26T08:24:29.4814021-04:00" testType="13cdc9d9-ddb5-4fa4-a97d-d965ccfc6d4b" outcome="Failed" testListId="8c84fa94-04c1-424b-9868-57a2d4851a1d" relativeResultsDirectory="8cabd7ae-fa6d-4ea3-b7f3-ee4534bcac92">
      <Output>
        <ErrorInfo>
          <Message>Expecting do emitting signal:
    "PlayerProgressionChanged(&lt;Empty&gt;)"
 by
    &lt;OmegaSpiral.Source.Scripts.GameStateSignals&gt; (objId: 62377690872)</Message>
          <StackTrace>   at GdUnit4.Asserts.SignalAssert.ThrowTestFailureReport(String message, Int32 lineNumber)
</StackTrace>
        </ErrorInfo>
      </Output>
    </UnitTestResult>
    <UnitTestResult executionId="5ad18eaa-3302-4c62-a37b-556950928975" testId="d34d4600-34d2-402d-aef4-d5b15cde4454" testName="OmegaSpiral.Tests.Integration.Ui.MenuUiTests.MenuUi_ExposesProtectedHelpers" computerName="omega" duration="00:00:00.0200000" startTime="2025-10-26T08:24:35.0716596-04:00" endTime="2025-10-26T08:24:35.0719495-04:00" testType="13cdc9d9-ddb5-4fa4-a97d-d965ccfc6d4b" outcome="Passed" testListId="8c84fa94-04c1-424b-9868-57a2d4851a1d" relativeResultsDirectory="5ad18eaa-3302-4c62-a37b-556950928975" />
    <UnitTestResult executionId="9d95fc0d-95f9-497f-8779-e70d9b6651c1" testId="751ada92-aed5-450f-9287-cad0190e8284" testName="OmegaSpiral.Tests.Integration.Ui.Omega.ChoiceButtonTests.OnPressed_EmitsChoiceSelectedSignal" computerName="omega" duration="00:00:00.0130000" startTime="2025-10-26T08:24:35.3067425-04:00" endTime="2025-10-26T08:24:35.3071930-04:00" testType="13cdc9d9-ddb5-4fa4-a97d-d965ccfc6d4b" outcome="Passed" testListId="8c84fa94-04c1-424b-9868-57a2d4851a1d" relativeResultsDirectory="9d95fc0d-95f9-497f-8779-e70d9b6651c1">
      <Output>
        <StdOut>[ChoiceButton] Configured: 'Test Choice' (L:10 S:5 A:3)
[ChoiceButtonTests] Signal emission test placeholder</StdOut>
      </Output>
    </UnitTestResult>
    <UnitTestResult executionId="2d2433b6-6c1d-4255-a838-ad6242925937" testId="09e749fc-9674-4b3b-9667-0c7c3dac792b" testName="OmegaSpiral.Tests.Integration.Ui.Menus.MainMenuTests.OptionsButton_Exists" computerName="omega" duration="00:00:00.0110000" startTime="2025-10-26T08:24:34.5681445-04:00" endTime="2025-10-26T08:24:34.5685177-04:00" testType="13cdc9d9-ddb5-4fa4-a97d-d965ccfc6d4b" outcome="Passed" testListId="8c84fa94-04c1-424b-9868-57a2d4851a1d" relativeResultsDirectory="2d2433b6-6c1d-4255-a838-ad6242925937" />
    <UnitTestResult executionId="3d83d442-7dc0-4be9-8f47-8191327a9c5e" testId="df58c15d-5835-4843-bf8a-e8212516defa" testName="OmegaSpiral.Tests.Integration.Common.OmegaIntegrationTests.TerminalInput_AcceptsSelection_ReturnsCorrectIndex" computerName="omega" duration="00:00:00.0340000" startTime="2025-10-26T08:24:33.2747330-04:00" endTime="2025-10-26T08:24:33.2751310-04:00" testType="13cdc9d9-ddb5-4fa4-a97d-d965ccfc6d4b" outcome="Passed" testListId="8c84fa94-04c1-424b-9868-57a2d4851a1d" relativeResultsDirectory="3d83d442-7dc0-4be9-8f47-8191327a9c5e">
      <Output>
        <StdErr>Warning:
    Detected &lt;2&gt; orphan nodes during test execution!</StdErr>
        <ErrorInfo>
          <Message>Warning:
    Detected &lt;2&gt; orphan nodes during test execution!</Message>
        </ErrorInfo>
      </Output>
    </UnitTestResult>
    <UnitTestResult executionId="76deddf3-8547-4bce-ab7f-6500fa61407f" testId="5eef127e-d9c6-4586-98d3-d4eebd5918fb" testName="[After].MenuButtonContainer_HasCorrectSpacing" computerName="omega" startTime="2025-10-26T08:24:34.9955312-04:00" endTime="2025-10-26T08:24:34.9955354-04:00" testType="13cdc9d9-ddb5-4fa4-a97d-d965ccfc6d4b" outcome="Passed" testListId="8c84fa94-04c1-424b-9868-57a2d4851a1d" relativeResultsDirectory="76deddf3-8547-4bce-ab7f-6500fa61407f">
      <Output>
        <StdErr>Warning:
    Detected &lt;42&gt; orphan nodes during test suite setup stage!
    Check Setup:28 and Cleanup:36 for unfreed instances!</StdErr>
        <ErrorInfo>
          <Message>Warning:
    Detected &lt;42&gt; orphan nodes during test suite setup stage!
    Check Setup:28 and Cleanup:36 for unfreed instances!</Message>
        </ErrorInfo>
      </Output>
    </UnitTestResult>
    <UnitTestResult executionId="9e76d3b7-c186-4b2a-8b8e-90a632308618" testId="ced72154-9182-4a6d-be31-e76cd38a56ec" testName="OmegaSpiral.Tests.Integration.Ui.CreditsMenuTests.CreditsMenu_PopulatesCredits" computerName="omega" duration="00:00:00.0120000" startTime="2025-10-26T08:24:34.2584971-04:00" endTime="2025-10-26T08:24:34.2588303-04:00" testType="13cdc9d9-ddb5-4fa4-a97d-d965ccfc6d4b" outcome="Failed" testListId="8c84fa94-04c1-424b-9868-57a2d4851a1d" relativeResultsDirectory="9e76d3b7-c186-4b2a-8b8e-90a632308618">
      <Output>
        <ErrorInfo>
          <Message>Expecting be NOT &lt;Null&gt;:</Message>
          <StackTrace>   at OmegaSpiral.Tests.Integration.Ui.CreditsMenuTests.CreditsMenu_PopulatesCredits() in /home/adam/Dev/omega-spiral/chapter-zero/tests/integration/ui/CreditsMenuTests.cs:line 75
</StackTrace>
        </ErrorInfo>
      </Output>
    </UnitTestResult>
    <UnitTestResult executionId="46e836d8-b695-4c7b-ae44-7a7e7b2cd461" testId="8186a2cb-0bf5-4ac8-9b54-9deb8b9fc288" testName="[After].MenuButtonContainer_IsCenterAligned" computerName="omega" startTime="2025-10-26T08:24:34.9958467-04:00" endTime="2025-10-26T08:24:34.9958480-04:00" testType="13cdc9d9-ddb5-4fa4-a97d-d965ccfc6d4b" outcome="Passed" testListId="8c84fa94-04c1-424b-9868-57a2d4851a1d" relativeResultsDirectory="46e836d8-b695-4c7b-ae44-7a7e7b2cd461">
      <Output>
        <StdErr>Warning:
    Detected &lt;42&gt; orphan nodes during test suite setup stage!
    Check Setup:28 and Cleanup:36 for unfreed instances!</StdErr>
        <ErrorInfo>
          <Message>Warning:
    Detected &lt;42&gt; orphan nodes during test suite setup stage!
    Check Setup:28 and Cleanup:36 for unfreed instances!</Message>
        </ErrorInfo>
      </Output>
    </UnitTestResult>
    <UnitTestResult executionId="7efd8bdc-e985-4283-90b6-4e1e1d9fa14b" testId="e81a8cca-e484-42d1-b262-c995e3f75b06" testName="[After].StageButtons_HaveCorrectTextFromManifest" computerName="omega" startTime="2025-10-26T08:24:35.0022511-04:00" endTime="2025-10-26T08:24:35.0022530-04:00" testType="13cdc9d9-ddb5-4fa4-a97d-d965ccfc6d4b" outcome="Passed" testListId="8c84fa94-04c1-424b-9868-57a2d4851a1d" relativeResultsDirectory="7efd8bdc-e985-4283-90b6-4e1e1d9fa14b">
      <Output>
        <StdErr>Warning:
    Detected &lt;42&gt; orphan nodes during test suite setup stage!
    Check Setup:28 and Cleanup:36 for unfreed instances!</StdErr>
        <ErrorInfo>
          <Message>Warning:
    Detected &lt;42&gt; orphan nodes during test suite setup stage!
    Check Setup:28 and Cleanup:36 for unfreed instances!</Message>
        </ErrorInfo>
      </Output>
    </UnitTestResult>
    <UnitTestResult executionId="9f11883d-357d-4d3d-b5bd-618bc608f95d" testId="8de98919-b46c-4f6a-b095-38a3bfea3dbe" testName="OmegaSpiral.Tests.Integration.Ui.Menus.MainMenuTests.BorderFrame_Exists" computerName="omega" duration="00:00:00.0200000" startTime="2025-10-26T08:24:34.9061933-04:00" endTime="2025-10-26T08:24:34.9070546-04:00" testType="13cdc9d9-ddb5-4fa4-a97d-d965ccfc6d4b" outcome="Passed" testListId="8c84fa94-04c1-424b-9868-57a2d4851a1d" relativeResultsDirectory="9f11883d-357d-4d3d-b5bd-618bc608f95d" />
    <UnitTestResult executionId="cfae8ad8-0cad-42c6-974c-f0022ed39598" testId="760f7632-055a-43e0-af96-c007be3696f3" testName="OmegaSpiral.Tests.Integration.Ui.MenuUiTests.MenuTitle_Exists" computerName="omega" duration="00:00:00.0200000" startTime="2025-10-26T08:24:35.1062342-04:00" endTime="2025-10-26T08:24:35.1065387-04:00" testType="13cdc9d9-ddb5-4fa4-a97d-d965ccfc6d4b" outcome="Passed" testListId="8c84fa94-04c1-424b-9868-57a2d4851a1d" relativeResultsDirectory="cfae8ad8-0cad-42c6-974c-f0022ed39598" />
    <UnitTestResult executionId="c787af69-af00-402f-9ea9-abf4765bb5e3" testId="e7484fb2-ea49-4e4b-a1a1-276797b84827" testName="OmegaSpiral.Tests.Integration.Ui.CreditsMenuTests.CreditsMenu_ExtendsMenuUi" computerName="omega" duration="00:00:00.0290000" startTime="2025-10-26T08:24:34.1752200-04:00" endTime="2025-10-26T08:24:34.1755829-04:00" testType="13cdc9d9-ddb5-4fa4-a97d-d965ccfc6d4b" outcome="Passed" testListId="8c84fa94-04c1-424b-9868-57a2d4851a1d" relativeResultsDirectory="c787af69-af00-402f-9ea9-abf4765bb5e3" />
    <UnitTestResult executionId="dc0a73f9-550b-49bc-9c54-965f8418aa38" testId="a997258d-5e43-490c-b3cd-da38fdb21bfc" testName="OmegaSpiral.Tests.Integration.Ui.Omega.OmegaTextRendererTests.AppendTextAsync_WithDelay_DelaysBeforeStarting" computerName="omega" duration="00:00:00.5580000" startTime="2025-10-26T08:24:36.6174199-04:00" endTime="2025-10-26T08:24:36.6177530-04:00" testType="13cdc9d9-ddb5-4fa4-a97d-d965ccfc6d4b" outcome="Passed" testListId="8c84fa94-04c1-424b-9868-57a2d4851a1d" relativeResultsDirectory="dc0a73f9-550b-49bc-9c54-965f8418aa38" />
    <UnitTestResult executionId="7543fcd8-4385-4e7a-bec8-a9e61989c5eb" testId="7bbbf755-18be-4e96-bb31-291845e93831" testName="[After].QuitButton_HasPressedSignalHandler" computerName="omega" startTime="2025-10-26T08:24:35.0016263-04:00" endTime="2025-10-26T08:24:35.0016279-04:00" testType="13cdc9d9-ddb5-4fa4-a97d-d965ccfc6d4b" outcome="Passed" testListId="8c84fa94-04c1-424b-9868-57a2d4851a1d" relativeResultsDirectory="7543fcd8-4385-4e7a-bec8-a9e61989c5eb">
      <Output>
        <StdErr>Warning:
    Detected &lt;42&gt; orphan nodes during test suite setup stage!
    Check Setup:28 and Cleanup:36 for unfreed instances!</StdErr>
        <ErrorInfo>
          <Message>Warning:
    Detected &lt;42&gt; orphan nodes during test suite setup stage!
    Check Setup:28 and Cleanup:36 for unfreed instances!</Message>
        </ErrorInfo>
      </Output>
    </UnitTestResult>
    <UnitTestResult executionId="2e1ba74f-1898-43aa-b17f-ea705764295e" testId="5a657236-a32b-480e-ba18-24f691b76e90" testName="OmegaSpiral.Tests.Integration.SceneLoadingAndViewportTests.Scene_HasValidDimensions" computerName="omega" duration="00:00:00.0260000" startTime="2025-10-26T08:24:34.0757330-04:00" endTime="2025-10-26T08:24:34.0762107-04:00" testType="13cdc9d9-ddb5-4fa4-a97d-d965ccfc6d4b" outcome="Failed" testListId="8c84fa94-04c1-424b-9868-57a2d4851a1d" relativeResultsDirectory="2e1ba74f-1898-43aa-b17f-ea705764295e">
      <Output>
        <ErrorInfo>
          <Message>Object reference not set to an instance of an object.</Message>
          <StackTrace>   at OmegaSpiral.Tests.Integration.SceneLoadingAndViewportTests.Scene_HasValidDimensions() in /home/adam/Dev/omega-spiral/chapter-zero/tests/integration/SceneLoadingAndViewportTests.cs:line 183
   at System.RuntimeMethodHandle.InvokeMethod(ObjectHandleOnStack target, Void** arguments, ObjectHandleOnStack sig, BOOL isConstructor, ObjectHandleOnStack result)
   at System.RuntimeMethodHandle.InvokeMethod(ObjectHandleOnStack target, Void** arguments, ObjectHandleOnStack sig, BOOL isConstructor, ObjectHandleOnStack result)
   at System.Reflection.MethodBaseInvoker.InterpretedInvoke_Method(Object obj, IntPtr* args)
   at System.Reflection.RuntimeMethodInfo.Invoke(Object obj, BindingFlags invokeAttr, Binder binder, Object[] parameters, CultureInfo culture)
</StackTrace>
        </ErrorInfo>
      </Output>
    </UnitTestResult>
    <UnitTestResult executionId="16e02d74-c1eb-4068-a827-f37ad745ccad" testId="a292fd31-311e-4f76-b73f-a17fafd3d578" testName="OmegaSpiral.Tests.Common.GameStateSignalTests.AffinityScoreUpdatedSignal_EmittedWhenAffinityChanges_SignalReceived" computerName="omega" duration="00:00:01.0850000" startTime="2025-10-26T08:24:28.4187636-04:00" endTime="2025-10-26T08:24:28.4205707-04:00" testType="13cdc9d9-ddb5-4fa4-a97d-d965ccfc6d4b" outcome="Failed" testListId="8c84fa94-04c1-424b-9868-57a2d4851a1d" relativeResultsDirectory="16e02d74-c1eb-4068-a827-f37ad745ccad">
      <Output>
        <ErrorInfo>
          <Message>Expecting do emitting signal:
    "AffinityScoreUpdated(&lt;Empty&gt;)"
 by
    &lt;OmegaSpiral.Source.Scripts.GameStateSignals&gt; (objId: 62209918712)</Message>
          <StackTrace>   at GdUnit4.Asserts.SignalAssert.ThrowTestFailureReport(String message, Int32 lineNumber)
</StackTrace>
        </ErrorInfo>
      </Output>
    </UnitTestResult>
    <UnitTestResult executionId="2fd3f04a-656c-4a25-ba22-2acd2b293b7b" testId="a8a8168f-bd1d-4b6b-9a8e-af711d419a01" testName="OmegaSpiral.Tests.Integration.SceneLoadingAndViewportTests.AnyScene_LoadsWithinViewportBounds" computerName="omega" duration="00:00:00.0200000" startTime="2025-10-26T08:24:34.0274648-04:00" endTime="2025-10-26T08:24:34.0278178-04:00" testType="13cdc9d9-ddb5-4fa4-a97d-d965ccfc6d4b" outcome="Failed" testListId="8c84fa94-04c1-424b-9868-57a2d4851a1d" relativeResultsDirectory="2fd3f04a-656c-4a25-ba22-2acd2b293b7b">
      <Output>
        <ErrorInfo>
          <Message>Expecting be NOT &lt;Null&gt;:</Message>
          <StackTrace>   at OmegaSpiral.Tests.Integration.SceneLoadingAndViewportTests.AnyScene_LoadsWithinViewportBounds() in /home/adam/Dev/omega-spiral/chapter-zero/tests/integration/SceneLoadingAndViewportTests.cs:line 108
</StackTrace>
        </ErrorInfo>
      </Output>
    </UnitTestResult>
    <UnitTestResult executionId="aa4ff2cd-c06b-4d61-8e74-23d901a31b20" testId="bda11715-c893-4557-91c5-757eb2c4a525" testName="OmegaSpiral.Tests.Integration.Ui.Menus.MainMenuTests.BorderFrame_AnimationSpeedCorrect" computerName="omega" duration="00:00:00.0200000" startTime="2025-10-26T08:24:34.9822167-04:00" endTime="2025-10-26T08:24:34.9825292-04:00" testType="13cdc9d9-ddb5-4fa4-a97d-d965ccfc6d4b" outcome="Passed" testListId="8c84fa94-04c1-424b-9868-57a2d4851a1d" relativeResultsDirectory="aa4ff2cd-c06b-4d61-8e74-23d901a31b20" />
  </Results>
  <TestDefinitions>
    <UnitTest name="IsAnimating_DuringTextAppending_ReturnsTrue" storage="/home/adam/dev/omega-spiral/chapter-zero/.godot/mono/temp/bin/debug/chapter-zero.dll" id="b8cf75a4-890d-4d10-bba1-5c5226b69db0">
      <Execution id="c082eca1-142f-48db-9b2a-c052718e8f4c" />
      <TestMethod codeBase="/home/adam/Dev/omega-spiral/chapter-zero/.godot/mono/temp/bin/Debug/chapter-zero.dll" adapterTypeName="executor://gdunit4.testadapter/" className="OmegaSpiral.Tests.Integration.Ui.Omega.OmegaTextRendererTests" name="IsAnimating_DuringTextAppending_ReturnsTrue" />
    </UnitTest>
    <UnitTest name="MenuTitle_UsesAmberDesignColor" storage="/home/adam/dev/omega-spiral/chapter-zero/.godot/mono/temp/bin/debug/chapter-zero.dll" id="a20aafee-b524-4354-9a4f-00892d315f1a">
      <Execution id="839c3486-932c-488c-8825-f29937fdfb44" />
      <TestMethod codeBase="/home/adam/Dev/omega-spiral/chapter-zero/.godot/mono/temp/bin/Debug/chapter-zero.dll" adapterTypeName="executor://gdunit4.testadapter/" className="OmegaSpiral.Tests.Integration.Ui.Menus.MainMenuTests" name="MenuTitle_UsesAmberDesignColor" />
    </UnitTest>
    <UnitTest name="ShaderAndText_InteractWithoutInterference" storage="/home/adam/dev/omega-spiral/chapter-zero/.godot/mono/temp/bin/debug/chapter-zero.dll" id="05677250-de8b-49ef-a132-cf7d2c047cd0">
      <Execution id="bb56518d-989a-4a90-a81c-b002d0e2f706" />
      <TestMethod codeBase="/home/adam/Dev/omega-spiral/chapter-zero/.godot/mono/temp/bin/Debug/chapter-zero.dll" adapterTypeName="executor://gdunit4.testadapter/" className="OmegaSpiral.Tests.Integration.Common.OmegaIntegrationTests" name="ShaderAndText_InteractWithoutInterference" />
    </UnitTest>
    <UnitTest name="BorderFrame_Exists" storage="/home/adam/dev/omega-spiral/chapter-zero/.godot/mono/temp/bin/debug/chapter-zero.dll" id="8de98919-b46c-4f6a-b095-38a3bfea3dbe">
      <Execution id="9f11883d-357d-4d3d-b5bd-618bc608f95d" />
      <TestMethod codeBase="/home/adam/Dev/omega-spiral/chapter-zero/.godot/mono/temp/bin/Debug/chapter-zero.dll" adapterTypeName="executor://gdunit4.testadapter/" className="OmegaSpiral.Tests.Integration.Ui.Menus.MainMenuTests" name="BorderFrame_Exists" />
    </UnitTest>
    <UnitTest name="MenuTitle_IsHorizontallyCentered" storage="/home/adam/dev/omega-spiral/chapter-zero/.godot/mono/temp/bin/debug/chapter-zero.dll" id="eb27d519-38db-4671-947f-1af5214f3971">
      <Execution id="e808d550-e442-4a0c-9531-ccc14680dc63" />
      <TestMethod codeBase="/home/adam/Dev/omega-spiral/chapter-zero/.godot/mono/temp/bin/Debug/chapter-zero.dll" adapterTypeName="executor://gdunit4.testadapter/" className="OmegaSpiral.Tests.Integration.Ui.Menus.MainMenuTests" name="MenuTitle_IsHorizontallyCentered" />
    </UnitTest>
    <UnitTest name="Constructor_WithNullTextDisplay_ThrowsArgumentNullException" storage="/home/adam/dev/omega-spiral/chapter-zero/.godot/mono/temp/bin/debug/chapter-zero.dll" id="dcc7fa40-5381-4a01-8991-e027bf40da74">
      <Execution id="cd7827da-fe40-4755-9f43-72c79044bcfb" />
      <TestMethod codeBase="/home/adam/Dev/omega-spiral/chapter-zero/.godot/mono/temp/bin/Debug/chapter-zero.dll" adapterTypeName="executor://gdunit4.testadapter/" className="OmegaSpiral.Tests.Integration.Ui.Omega.OmegaTextRendererTests" name="Constructor_WithNullTextDisplay_ThrowsArgumentNullException" />
    </UnitTest>
    <UnitTest name="ChoiceButton_InheritsFromButton" storage="/home/adam/dev/omega-spiral/chapter-zero/.godot/mono/temp/bin/debug/chapter-zero.dll" id="8ab93f7e-c808-4ba9-b6c2-e54347fba3ad">
      <Execution id="071479a9-c751-48ee-9a44-7df00d185316" />
      <TestMethod codeBase="/home/adam/Dev/omega-spiral/chapter-zero/.godot/mono/temp/bin/Debug/chapter-zero.dll" adapterTypeName="executor://gdunit4.testadapter/" className="OmegaSpiral.Tests.Integration.Ui.Omega.ChoiceButtonTests" name="ChoiceButton_InheritsFromButton" />
    </UnitTest>
    <UnitTest name="OptionsButton_HasPressedSignalHandler" storage="/home/adam/dev/omega-spiral/chapter-zero/.godot/mono/temp/bin/debug/chapter-zero.dll" id="4eee028e-636c-488f-9a6f-5234ec3c4808">
      <Execution id="a9f50b52-93e5-49c1-b743-ae693bac7f00" />
      <TestMethod codeBase="/home/adam/Dev/omega-spiral/chapter-zero/.godot/mono/temp/bin/Debug/chapter-zero.dll" adapterTypeName="executor://gdunit4.testadapter/" className="OmegaSpiral.Tests.Integration.Ui.Menus.MainMenuTests" name="OptionsButton_HasPressedSignalHandler" />
    </UnitTest>
    <UnitTest name="AffinityScoreUpdatedSignal_EmittedWhenAffinityChanges_SignalReceived" storage="/home/adam/dev/omega-spiral/chapter-zero/.godot/mono/temp/bin/debug/chapter-zero.dll" id="a292fd31-311e-4f76-b73f-a17fafd3d578">
      <Execution id="16e02d74-c1eb-4068-a827-f37ad745ccad" />
      <TestMethod codeBase="/home/adam/Dev/omega-spiral/chapter-zero/.godot/mono/temp/bin/Debug/chapter-zero.dll" adapterTypeName="executor://gdunit4.testadapter/" className="OmegaSpiral.Tests.Common.GameStateSignalTests" name="AffinityScoreUpdatedSignal_EmittedWhenAffinityChanges_SignalReceived" />
    </UnitTest>
    <UnitTest name="InheritsFromMenuUi" storage="/home/adam/dev/omega-spiral/chapter-zero/.godot/mono/temp/bin/debug/chapter-zero.dll" id="14a93e36-a7ca-4bd3-a5ac-ad9c364d7ad7">
      <Execution id="47bcb0ca-1cc6-49c8-8656-fb263c895471" />
      <TestMethod codeBase="/home/adam/Dev/omega-spiral/chapter-zero/.godot/mono/temp/bin/Debug/chapter-zero.dll" adapterTypeName="executor://gdunit4.testadapter/" className="OmegaSpiral.Tests.Integration.Ui.Menus.MainMenuTests" name="InheritsFromMenuUi" />
    </UnitTest>
    <UnitTest name="ExitTree_CleansUpSignalConnections" storage="/home/adam/dev/omega-spiral/chapter-zero/.godot/mono/temp/bin/debug/chapter-zero.dll" id="82633951-18f9-4e51-90ca-53b6c92fe639">
      <Execution id="3c124401-f6a4-427f-9acf-1fd27f98f507" />
      <TestMethod codeBase="/home/adam/Dev/omega-spiral/chapter-zero/.godot/mono/temp/bin/Debug/chapter-zero.dll" adapterTypeName="executor://gdunit4.testadapter/" className="OmegaSpiral.Tests.Integration.Ui.Omega.ChoiceButtonTests" name="ExitTree_CleansUpSignalConnections" />
    </UnitTest>
    <UnitTest name="LaunchButton_ExistsWithCorrectText" storage="/home/adam/dev/omega-spiral/chapter-zero/.godot/mono/temp/bin/debug/chapter-zero.dll" id="1878ac0b-d59e-4947-8256-25f7255933cd">
      <Execution id="fa6df907-12fb-42ae-9f6e-68e2d839c68c" />
      <TestMethod codeBase="/home/adam/Dev/omega-spiral/chapter-zero/.godot/mono/temp/bin/Debug/chapter-zero.dll" adapterTypeName="executor://gdunit4.testadapter/" className="OmegaSpiral.Tests.Integration.Ui.Menus.MainMenuTests" name="LaunchButton_ExistsWithCorrectText" />
    </UnitTest>
    <UnitTest name="ActionBar_Exists" storage="/home/adam/dev/omega-spiral/chapter-zero/.godot/mono/temp/bin/debug/chapter-zero.dll" id="9be26948-d8b0-47d3-b453-ca8bb4d63b8e">
      <Execution id="d55e74e7-109a-4ba4-919a-a3f964157840" />
      <TestMethod codeBase="/home/adam/Dev/omega-spiral/chapter-zero/.godot/mono/temp/bin/Debug/chapter-zero.dll" adapterTypeName="executor://gdunit4.testadapter/" className="OmegaSpiral.Tests.Integration.Ui.MenuUiTests" name="ActionBar_Exists" />
    </UnitTest>
    <UnitTest name="ButtonContainer_CanAddButtons" storage="/home/adam/dev/omega-spiral/chapter-zero/.godot/mono/temp/bin/debug/chapter-zero.dll" id="d4f76a18-6ae0-41db-8382-874c881799fe">
      <Execution id="763ace72-6600-4e0b-aac2-ba6ae6e76f68" />
      <TestMethod codeBase="/home/adam/Dev/omega-spiral/chapter-zero/.godot/mono/temp/bin/Debug/chapter-zero.dll" adapterTypeName="executor://gdunit4.testadapter/" className="OmegaSpiral.Tests.Integration.Ui.MenuUiTests" name="ButtonContainer_CanAddButtons" />
    </UnitTest>
    <UnitTest name="Scene_LoadsConsistentlyAcrossMultipleInstances" storage="/home/adam/dev/omega-spiral/chapter-zero/.godot/mono/temp/bin/debug/chapter-zero.dll" id="ff41516f-68ab-44ac-9e63-00a9aff45ecd">
      <Execution id="f0692dcd-150f-456d-a766-886aeeaa19b1" />
      <TestMethod codeBase="/home/adam/Dev/omega-spiral/chapter-zero/.godot/mono/temp/bin/Debug/chapter-zero.dll" adapterTypeName="executor://gdunit4.testadapter/" className="OmegaSpiral.Tests.Integration.SceneLoadingAndViewportTests" name="Scene_LoadsConsistentlyAcrossMultipleInstances" />
    </UnitTest>
    <UnitTest name="MenuButtonContainer_ExistsAndHasButtons" storage="/home/adam/dev/omega-spiral/chapter-zero/.godot/mono/temp/bin/debug/chapter-zero.dll" id="c0419335-f733-40ed-9d0a-137c351f39bd">
      <Execution id="c3619f69-c113-4e3d-b345-cb72bb35751c" />
      <TestMethod codeBase="/home/adam/Dev/omega-spiral/chapter-zero/.godot/mono/temp/bin/Debug/chapter-zero.dll" adapterTypeName="executor://gdunit4.testadapter/" className="OmegaSpiral.Tests.Integration.Ui.Menus.MainMenuTests" name="MenuButtonContainer_ExistsAndHasButtons" />
    </UnitTest>
    <UnitTest name="MenuActionBar_Exists" storage="/home/adam/dev/omega-spiral/chapter-zero/.godot/mono/temp/bin/debug/chapter-zero.dll" id="f0e29149-04ab-47ac-b23a-7f27a0fdecc5">
      <Execution id="b9fa356a-a9c0-475a-a817-2c59ac9a5829" />
      <TestMethod codeBase="/home/adam/Dev/omega-spiral/chapter-zero/.godot/mono/temp/bin/Debug/chapter-zero.dll" adapterTypeName="executor://gdunit4.testadapter/" className="OmegaSpiral.Tests.Integration.Ui.Menus.MainMenuTests" name="MenuActionBar_Exists" />
    </UnitTest>
    <UnitTest name="Components_InitializeWithoutConflicts" storage="/home/adam/dev/omega-spiral/chapter-zero/.godot/mono/temp/bin/debug/chapter-zero.dll" id="5169ad70-4be9-4715-b4ea-6f2fa5f66077">
      <Execution id="f067c73f-24c6-4885-8282-bdaf9377abef" />
      <TestMethod codeBase="/home/adam/Dev/omega-spiral/chapter-zero/.godot/mono/temp/bin/Debug/chapter-zero.dll" adapterTypeName="executor://gdunit4.testadapter/" className="OmegaSpiral.Tests.Integration.Common.OmegaIntegrationTests" name="Components_InitializeWithoutConflicts" />
    </UnitTest>
    <UnitTest name="ScrollToBottom_AfterAddingText_ScrollsCorrectly" storage="/home/adam/dev/omega-spiral/chapter-zero/.godot/mono/temp/bin/debug/chapter-zero.dll" id="1a5dd430-fbe5-490f-b94c-8afa0ba59013">
      <Execution id="6444d722-3fa6-407e-827c-9d9a189ba5b6" />
      <TestMethod codeBase="/home/adam/Dev/omega-spiral/chapter-zero/.godot/mono/temp/bin/Debug/chapter-zero.dll" adapterTypeName="executor://gdunit4.testadapter/" className="OmegaSpiral.Tests.Integration.Ui.Omega.OmegaTextRendererTests" name="ScrollToBottom_AfterAddingText_ScrollsCorrectly" />
    </UnitTest>
    <UnitTest name="Background_UsesCorrectDarkColor" storage="/home/adam/dev/omega-spiral/chapter-zero/.godot/mono/temp/bin/debug/chapter-zero.dll" id="23800064-efba-4805-950d-171ca545a0ff">
      <Execution id="9fbe16f3-fdda-4287-8d41-52b5ad0209d1" />
      <TestMethod codeBase="/home/adam/Dev/omega-spiral/chapter-zero/.godot/mono/temp/bin/Debug/chapter-zero.dll" adapterTypeName="executor://gdunit4.testadapter/" className="OmegaSpiral.Tests.Integration.Ui.Menus.MainMenuTests" name="Background_UsesCorrectDarkColor" />
    </UnitTest>
    <UnitTest name="GetCurrentText_WhenEmpty_ReturnsEmptyString" storage="/home/adam/dev/omega-spiral/chapter-zero/.godot/mono/temp/bin/debug/chapter-zero.dll" id="299e2207-e042-47ef-9898-5a936255d0c2">
      <Execution id="1a1507dc-f31f-4400-89dd-de0d2d52aac0" />
      <TestMethod codeBase="/home/adam/Dev/omega-spiral/chapter-zero/.godot/mono/temp/bin/Debug/chapter-zero.dll" adapterTypeName="executor://gdunit4.testadapter/" className="OmegaSpiral.Tests.Integration.Ui.Omega.OmegaTextRendererTests" name="GetCurrentText_WhenEmpty_ReturnsEmptyString" />
    </UnitTest>
    <UnitTest name="AnyScene_LoadsWithinViewportBounds" storage="/home/adam/dev/omega-spiral/chapter-zero/.godot/mono/temp/bin/debug/chapter-zero.dll" id="a8a8168f-bd1d-4b6b-9a8e-af711d419a01">
      <Execution id="2fd3f04a-656c-4a25-ba22-2acd2b293b7b" />
      <TestMethod codeBase="/home/adam/Dev/omega-spiral/chapter-zero/.godot/mono/temp/bin/Debug/chapter-zero.dll" adapterTypeName="executor://gdunit4.testadapter/" className="OmegaSpiral.Tests.Integration.SceneLoadingAndViewportTests" name="AnyScene_LoadsWithinViewportBounds" />
    </UnitTest>
    <UnitTest name="MenuTitle_UsesCorrectFontSize" storage="/home/adam/dev/omega-spiral/chapter-zero/.godot/mono/temp/bin/debug/chapter-zero.dll" id="dbfe42f0-2598-4dcf-a801-f91734b48e3d">
      <Execution id="3588add8-91c2-44cb-ad09-b575c59beac5" />
      <TestMethod codeBase="/home/adam/Dev/omega-spiral/chapter-zero/.godot/mono/temp/bin/Debug/chapter-zero.dll" adapterTypeName="executor://gdunit4.testadapter/" className="OmegaSpiral.Tests.Integration.Ui.Menus.MainMenuTests" name="MenuTitle_UsesCorrectFontSize" />
    </UnitTest>
    <UnitTest name="SetTextColor_ChangesColorOfSubsequentText" storage="/home/adam/dev/omega-spiral/chapter-zero/.godot/mono/temp/bin/debug/chapter-zero.dll" id="93e692ca-74fe-4b81-b935-78c2da227d26">
      <Execution id="2508291b-9933-41de-8700-7c4ec6ff6583" />
      <TestMethod codeBase="/home/adam/Dev/omega-spiral/chapter-zero/.godot/mono/temp/bin/Debug/chapter-zero.dll" adapterTypeName="executor://gdunit4.testadapter/" className="OmegaSpiral.Tests.Integration.Ui.Omega.OmegaTextRendererTests" name="SetTextColor_ChangesColorOfSubsequentText" />
    </UnitTest>
    <UnitTest name="MenuUi_ExtendsOmegaUi" storage="/home/adam/dev/omega-spiral/chapter-zero/.godot/mono/temp/bin/debug/chapter-zero.dll" id="0ff6b570-0ad8-43bb-8495-fa7ad2091ac3">
      <Execution id="2c991c23-91dc-492a-a1fc-10d88a22e5e9" />
      <TestMethod codeBase="/home/adam/Dev/omega-spiral/chapter-zero/.godot/mono/temp/bin/Debug/chapter-zero.dll" adapterTypeName="executor://gdunit4.testadapter/" className="OmegaSpiral.Tests.Integration.Ui.MenuUiTests" name="MenuUi_ExtendsOmegaUi" />
    </UnitTest>
    <UnitTest name="IsAnimating_WhenNotAnimating_ReturnsFalse" storage="/home/adam/dev/omega-spiral/chapter-zero/.godot/mono/temp/bin/debug/chapter-zero.dll" id="91093c09-f018-4e00-a1be-577479bd9e27">
      <Execution id="1441fa60-e9cd-4d0d-80d3-6b4ec9da50fe" />
      <TestMethod codeBase="/home/adam/Dev/omega-spiral/chapter-zero/.godot/mono/temp/bin/Debug/chapter-zero.dll" adapterTypeName="executor://gdunit4.testadapter/" className="OmegaSpiral.Tests.Integration.Ui.Omega.OmegaTextRendererTests" name="IsAnimating_WhenNotAnimating_ReturnsFalse" />
    </UnitTest>
    <UnitTest name="MenuButtonContainer_HasCorrectSpacing" storage="/home/adam/dev/omega-spiral/chapter-zero/.godot/mono/temp/bin/debug/chapter-zero.dll" id="5eef127e-d9c6-4586-98d3-d4eebd5918fb">
      <Execution id="f3b51974-43ab-4d11-a2ef-e14f39e89e42" />
      <TestMethod codeBase="/home/adam/Dev/omega-spiral/chapter-zero/.godot/mono/temp/bin/Debug/chapter-zero.dll" adapterTypeName="executor://gdunit4.testadapter/" className="OmegaSpiral.Tests.Integration.Ui.Menus.MainMenuTests" name="MenuButtonContainer_HasCorrectSpacing" />
    </UnitTest>
    <UnitTest name="ManifestLoads_SixStages_NoDuplicateFirst" storage="/home/adam/dev/omega-spiral/chapter-zero/.godot/mono/temp/bin/debug/chapter-zero.dll" id="57c88a08-d47e-40f7-ad0d-1901600d7cf7">
      <Execution id="fbb5115e-7061-4274-bbc5-0e6f4b560268" />
      <TestMethod codeBase="/home/adam/Dev/omega-spiral/chapter-zero/.godot/mono/temp/bin/Debug/chapter-zero.dll" adapterTypeName="executor://gdunit4.testadapter/" className="OmegaSpiral.Tests.Integration.Ui.Menus.MainMenuTests" name="ManifestLoads_SixStages_NoDuplicateFirst" />
    </UnitTest>
    <UnitTest name="AppendTextAsync_WithDelay_DelaysBeforeStarting" storage="/home/adam/dev/omega-spiral/chapter-zero/.godot/mono/temp/bin/debug/chapter-zero.dll" id="a997258d-5e43-490c-b3cd-da38fdb21bfc">
      <Execution id="dc0a73f9-550b-49bc-9c54-965f8418aa38" />
      <TestMethod codeBase="/home/adam/Dev/omega-spiral/chapter-zero/.godot/mono/temp/bin/Debug/chapter-zero.dll" adapterTypeName="executor://gdunit4.testadapter/" className="OmegaSpiral.Tests.Integration.Ui.Omega.OmegaTextRendererTests" name="AppendTextAsync_WithDelay_DelaysBeforeStarting" />
    </UnitTest>
    <UnitTest name="SceneInitialization_EmitsInitializationCompletedSignal" storage="/home/adam/dev/omega-spiral/chapter-zero/.godot/mono/temp/bin/debug/chapter-zero.dll" id="7370a782-eac3-407c-a6fe-37ca964e10ec">
      <Execution id="39b7113a-83ea-45cf-aaa7-f45abc167c10" />
      <TestMethod codeBase="/home/adam/Dev/omega-spiral/chapter-zero/.godot/mono/temp/bin/Debug/chapter-zero.dll" adapterTypeName="executor://gdunit4.testadapter/" className="OmegaSpiral.Tests.Integration.Ui.OmegaUi_IntegrationTests" name="SceneInitialization_EmitsInitializationCompletedSignal" />
    </UnitTest>
    <UnitTest name="AppendTextAsync_DefaultParameters_AppendsTextCorrectly" storage="/home/adam/dev/omega-spiral/chapter-zero/.godot/mono/temp/bin/debug/chapter-zero.dll" id="1bc4107c-aff2-459d-a83e-65d208b12b1f">
      <Execution id="18d3fa1f-a7f3-4a07-8164-de626951eb9e" />
      <TestMethod codeBase="/home/adam/Dev/omega-spiral/chapter-zero/.godot/mono/temp/bin/Debug/chapter-zero.dll" adapterTypeName="executor://gdunit4.testadapter/" className="OmegaSpiral.Tests.Integration.Ui.Omega.OmegaTextRendererTests" name="AppendTextAsync_DefaultParameters_AppendsTextCorrectly" />
    </UnitTest>
    <UnitTest name="AppendTextAsync_WorksWithInitializedRenderer" storage="/home/adam/dev/omega-spiral/chapter-zero/.godot/mono/temp/bin/debug/chapter-zero.dll" id="e12ff942-826a-4291-941e-8aaf4570a87f">
      <Execution id="9655627c-1ec4-447c-ad91-ddc60cef0dc5" />
      <TestMethod codeBase="/home/adam/Dev/omega-spiral/chapter-zero/.godot/mono/temp/bin/Debug/chapter-zero.dll" adapterTypeName="executor://gdunit4.testadapter/" className="OmegaSpiral.Tests.Integration.Ui.OmegaUi_IntegrationTests" name="AppendTextAsync_WorksWithInitializedRenderer" />
    </UnitTest>
    <UnitTest name="TerminalInput_AcceptsSelection_ReturnsCorrectIndex" storage="/home/adam/dev/omega-spiral/chapter-zero/.godot/mono/temp/bin/debug/chapter-zero.dll" id="df58c15d-5835-4843-bf8a-e8212516defa">
      <Execution id="3d83d442-7dc0-4be9-8f47-8191327a9c5e" />
      <TestMethod codeBase="/home/adam/Dev/omega-spiral/chapter-zero/.godot/mono/temp/bin/Debug/chapter-zero.dll" adapterTypeName="executor://gdunit4.testadapter/" className="OmegaSpiral.Tests.Integration.Common.OmegaIntegrationTests" name="TerminalInput_AcceptsSelection_ReturnsCorrectIndex" />
    </UnitTest>
    <UnitTest name="ComponentCreation_CreatesTextRendererAndShaderController" storage="/home/adam/dev/omega-spiral/chapter-zero/.godot/mono/temp/bin/debug/chapter-zero.dll" id="0276e118-3959-43be-9dec-76feeb3d760c">
      <Execution id="30d41011-0ffc-4403-8302-6325ac1a8d90" />
      <TestMethod codeBase="/home/adam/Dev/omega-spiral/chapter-zero/.godot/mono/temp/bin/Debug/chapter-zero.dll" adapterTypeName="executor://gdunit4.testadapter/" className="OmegaSpiral.Tests.Integration.Ui.OmegaUi_IntegrationTests" name="ComponentCreation_CreatesTextRendererAndShaderController" />
    </UnitTest>
    <UnitTest name="Properties_AreReadWriteAccessible" storage="/home/adam/dev/omega-spiral/chapter-zero/.godot/mono/temp/bin/debug/chapter-zero.dll" id="d6ef0b36-b754-4f1c-b3a0-ca17944de66e">
      <Execution id="bd566c70-70cd-470f-bab8-af2531446c10" />
      <TestMethod codeBase="/home/adam/Dev/omega-spiral/chapter-zero/.godot/mono/temp/bin/Debug/chapter-zero.dll" adapterTypeName="executor://gdunit4.testadapter/" className="OmegaSpiral.Tests.Integration.Ui.Omega.ChoiceButtonTests" name="Properties_AreReadWriteAccessible" />
    </UnitTest>
    <UnitTest name="OnPressed_EmitsChoiceSelectedSignal" storage="/home/adam/dev/omega-spiral/chapter-zero/.godot/mono/temp/bin/debug/chapter-zero.dll" id="751ada92-aed5-450f-9287-cad0190e8284">
      <Execution id="9d95fc0d-95f9-497f-8779-e70d9b6651c1" />
      <TestMethod codeBase="/home/adam/Dev/omega-spiral/chapter-zero/.godot/mono/temp/bin/Debug/chapter-zero.dll" adapterTypeName="executor://gdunit4.testadapter/" className="OmegaSpiral.Tests.Integration.Ui.Omega.ChoiceButtonTests" name="OnPressed_EmitsChoiceSelectedSignal" />
    </UnitTest>
    <UnitTest name="MenuMode_DefaultsToStandard" storage="/home/adam/dev/omega-spiral/chapter-zero/.godot/mono/temp/bin/debug/chapter-zero.dll" id="20d8ccf9-2cd1-4b8b-a3cf-720ad0db87b8">
      <Execution id="13cb29bf-7994-4c34-8bfd-7a2785268492" />
      <TestMethod codeBase="/home/adam/Dev/omega-spiral/chapter-zero/.godot/mono/temp/bin/Debug/chapter-zero.dll" adapterTypeName="executor://gdunit4.testadapter/" className="OmegaSpiral.Tests.Integration.Ui.MenuUiTests" name="MenuMode_DefaultsToStandard" />
    </UnitTest>
    <UnitTest name="AppendTextAsync__EmptyText_DoesNothing" storage="/home/adam/dev/omega-spiral/chapter-zero/.godot/mono/temp/bin/debug/chapter-zero.dll" id="64c1202c-b04f-431c-b233-035cdcb94e16">
      <Execution id="26a2c6b7-9d8f-40ec-9e39-3d620488baa1" />
      <TestMethod codeBase="/home/adam/Dev/omega-spiral/chapter-zero/.godot/mono/temp/bin/Debug/chapter-zero.dll" adapterTypeName="executor://gdunit4.testadapter/" className="OmegaSpiral.Tests.Integration.Ui.Omega.OmegaTextRendererTests" name="AppendTextAsync__EmptyText_DoesNothing" />
    </UnitTest>
    <UnitTest name="PlayerProgressionChangedSignal_EmittedWhenMilestoneReached_SignalReceived" storage="/home/adam/dev/omega-spiral/chapter-zero/.godot/mono/temp/bin/debug/chapter-zero.dll" id="dc57c1e7-1de5-4e7f-be0c-6e8aaccfe031">
      <Execution id="8cabd7ae-fa6d-4ea3-b7f3-ee4534bcac92" />
      <TestMethod codeBase="/home/adam/Dev/omega-spiral/chapter-zero/.godot/mono/temp/bin/Debug/chapter-zero.dll" adapterTypeName="executor://gdunit4.testadapter/" className="OmegaSpiral.Tests.Common.GameStateSignalTests" name="PlayerProgressionChangedSignal_EmittedWhenMilestoneReached_SignalReceived" />
    </UnitTest>
    <UnitTest name="Menu_IsEnabledByDefault" storage="/home/adam/dev/omega-spiral/chapter-zero/.godot/mono/temp/bin/debug/chapter-zero.dll" id="f5886413-6a4b-4196-874a-1846e037dece">
      <Execution id="d57fd1f5-05e7-4067-b402-9a2f96f602bd" />
      <TestMethod codeBase="/home/adam/Dev/omega-spiral/chapter-zero/.godot/mono/temp/bin/Debug/chapter-zero.dll" adapterTypeName="executor://gdunit4.testadapter/" className="OmegaSpiral.Tests.Integration.Ui.MenuUiTests" name="Menu_IsEnabledByDefault" />
    </UnitTest>
    <UnitTest name="ContentContainer_HasCorrectSectionSpacing" storage="/home/adam/dev/omega-spiral/chapter-zero/.godot/mono/temp/bin/debug/chapter-zero.dll" id="50130acd-9111-4ad5-a32c-946173b37118">
      <Execution id="208ac301-f3eb-4337-a85c-15e77258975b" />
      <TestMethod codeBase="/home/adam/Dev/omega-spiral/chapter-zero/.godot/mono/temp/bin/Debug/chapter-zero.dll" adapterTypeName="executor://gdunit4.testadapter/" className="OmegaSpiral.Tests.Integration.Ui.Menus.MainMenuTests" name="ContentContainer_HasCorrectSectionSpacing" />
    </UnitTest>
    <UnitTest name="ComponentLifecycle_ManagedProperly" storage="/home/adam/dev/omega-spiral/chapter-zero/.godot/mono/temp/bin/debug/chapter-zero.dll" id="0a07851e-23b9-4a70-a54d-0d10c27e66dd">
      <Execution id="fa7c41ce-c069-4e28-a4b9-dc1213a09b45" />
      <TestMethod codeBase="/home/adam/Dev/omega-spiral/chapter-zero/.godot/mono/temp/bin/Debug/chapter-zero.dll" adapterTypeName="executor://gdunit4.testadapter/" className="OmegaSpiral.Tests.Integration.Common.OmegaIntegrationTests" name="ComponentLifecycle_ManagedProperly" />
    </UnitTest>
    <UnitTest name="MenuButtonContainer_IsCenterAligned" storage="/home/adam/dev/omega-spiral/chapter-zero/.godot/mono/temp/bin/debug/chapter-zero.dll" id="8186a2cb-0bf5-4ac8-9b54-9deb8b9fc288">
      <Execution id="f5ae2b3a-9ae9-4874-8e5c-af03c795cad2" />
      <TestMethod codeBase="/home/adam/Dev/omega-spiral/chapter-zero/.godot/mono/temp/bin/Debug/chapter-zero.dll" adapterTypeName="executor://gdunit4.testadapter/" className="OmegaSpiral.Tests.Integration.Ui.Menus.MainMenuTests" name="MenuButtonContainer_IsCenterAligned" />
    </UnitTest>
    <UnitTest name="CreditsMenu_HasTitle" storage="/home/adam/dev/omega-spiral/chapter-zero/.godot/mono/temp/bin/debug/chapter-zero.dll" id="932cbe29-5e89-4083-a6bb-bbf6d631d7f3">
      <Execution id="35683e19-5458-4400-a62c-b04986720406" />
      <TestMethod codeBase="/home/adam/Dev/omega-spiral/chapter-zero/.godot/mono/temp/bin/Debug/chapter-zero.dll" adapterTypeName="executor://gdunit4.testadapter/" className="OmegaSpiral.Tests.Integration.Ui.CreditsMenuTests" name="CreditsMenu_HasTitle" />
    </UnitTest>
    <UnitTest name="AllStageButtons_HavePressedSignalHandlers" storage="/home/adam/dev/omega-spiral/chapter-zero/.godot/mono/temp/bin/debug/chapter-zero.dll" id="b09da5e8-5a83-4c08-8ce2-aecd92a5f60c">
      <Execution id="7d072ac5-ea27-4d93-8532-aca49975e233" />
      <TestMethod codeBase="/home/adam/Dev/omega-spiral/chapter-zero/.godot/mono/temp/bin/Debug/chapter-zero.dll" adapterTypeName="executor://gdunit4.testadapter/" className="OmegaSpiral.Tests.Integration.Ui.Menus.MainMenuTests" name="AllStageButtons_HavePressedSignalHandlers" />
    </UnitTest>
    <UnitTest name="CreditsMenu_HasScrollContainer" storage="/home/adam/dev/omega-spiral/chapter-zero/.godot/mono/temp/bin/debug/chapter-zero.dll" id="d55e5927-3fa1-4778-b2c1-a0cf089bebe3">
      <Execution id="6383e899-a76b-4b7a-b194-efd2e7829f33" />
      <TestMethod codeBase="/home/adam/Dev/omega-spiral/chapter-zero/.godot/mono/temp/bin/Debug/chapter-zero.dll" adapterTypeName="executor://gdunit4.testadapter/" className="OmegaSpiral.Tests.Integration.Ui.CreditsMenuTests" name="CreditsMenu_HasScrollContainer" />
    </UnitTest>
    <UnitTest name="OptionsButton_Exists" storage="/home/adam/dev/omega-spiral/chapter-zero/.godot/mono/temp/bin/debug/chapter-zero.dll" id="09e749fc-9674-4b3b-9667-0c7c3dac792b">
      <Execution id="2d2433b6-6c1d-4255-a838-ad6242925937" />
      <TestMethod codeBase="/home/adam/Dev/omega-spiral/chapter-zero/.godot/mono/temp/bin/Debug/chapter-zero.dll" adapterTypeName="executor://gdunit4.testadapter/" className="OmegaSpiral.Tests.Integration.Ui.Menus.MainMenuTests" name="OptionsButton_Exists" />
    </UnitTest>
    <UnitTest name="MenuTitle_Exists" storage="/home/adam/dev/omega-spiral/chapter-zero/.godot/mono/temp/bin/debug/chapter-zero.dll" id="760f7632-055a-43e0-af96-c007be3696f3">
      <Execution id="cfae8ad8-0cad-42c6-974c-f0022ed39598" />
      <TestMethod codeBase="/home/adam/Dev/omega-spiral/chapter-zero/.godot/mono/temp/bin/Debug/chapter-zero.dll" adapterTypeName="executor://gdunit4.testadapter/" className="OmegaSpiral.Tests.Integration.Ui.MenuUiTests" name="MenuTitle_Exists" />
    </UnitTest>
    <UnitTest name="PhosphorLayer_IsVisibleWithCorrectOpacity" storage="/home/adam/dev/omega-spiral/chapter-zero/.godot/mono/temp/bin/debug/chapter-zero.dll" id="b5b47936-edcd-4ee4-a6ec-50f71ab8d099">
      <Execution id="8f73f896-ec5c-4e11-b203-040cb1fec046" />
      <TestMethod codeBase="/home/adam/Dev/omega-spiral/chapter-zero/.godot/mono/temp/bin/Debug/chapter-zero.dll" adapterTypeName="executor://gdunit4.testadapter/" className="OmegaSpiral.Tests.Integration.Ui.Menus.MainMenuTests" name="PhosphorLayer_IsVisibleWithCorrectOpacity" />
    </UnitTest>
    <UnitTest name="BorderFrame_AnimationSpeedCorrect" storage="/home/adam/dev/omega-spiral/chapter-zero/.godot/mono/temp/bin/debug/chapter-zero.dll" id="bda11715-c893-4557-91c5-757eb2c4a525">
      <Execution id="aa4ff2cd-c06b-4d61-8e74-23d901a31b20" />
      <TestMethod codeBase="/home/adam/Dev/omega-spiral/chapter-zero/.godot/mono/temp/bin/Debug/chapter-zero.dll" adapterTypeName="executor://gdunit4.testadapter/" className="OmegaSpiral.Tests.Integration.Ui.Menus.MainMenuTests" name="BorderFrame_AnimationSpeedCorrect" />
    </UnitTest>
    <UnitTest name="AppendTextAsync_CustomTypingSpeed_AppendsTextCorrectly" storage="/home/adam/dev/omega-spiral/chapter-zero/.godot/mono/temp/bin/debug/chapter-zero.dll" id="3713bf5f-2f68-4283-a50e-a579dc7ebb41">
      <Execution id="6c9dc952-faf7-4704-a3d6-3146794b28f2" />
      <TestMethod codeBase="/home/adam/Dev/omega-spiral/chapter-zero/.godot/mono/temp/bin/Debug/chapter-zero.dll" adapterTypeName="executor://gdunit4.testadapter/" className="OmegaSpiral.Tests.Integration.Ui.Omega.OmegaTextRendererTests" name="AppendTextAsync_CustomTypingSpeed_AppendsTextCorrectly" />
    </UnitTest>
    <UnitTest name="CreditsMenu_CanShowAndHide" storage="/home/adam/dev/omega-spiral/chapter-zero/.godot/mono/temp/bin/debug/chapter-zero.dll" id="7209a9d0-8738-43c9-8dcc-a9106d166bbf">
      <Execution id="034ff69b-fea4-4a63-8be1-cae92048a5f5" />
      <TestMethod codeBase="/home/adam/Dev/omega-spiral/chapter-zero/.godot/mono/temp/bin/Debug/chapter-zero.dll" adapterTypeName="executor://gdunit4.testadapter/" className="OmegaSpiral.Tests.Integration.Ui.CreditsMenuTests" name="CreditsMenu_CanShowAndHide" />
    </UnitTest>
    <UnitTest name="LaunchButton_HasPressedSignalHandler" storage="/home/adam/dev/omega-spiral/chapter-zero/.godot/mono/temp/bin/debug/chapter-zero.dll" id="b89ccb6c-cd87-4ebe-8226-f4d0eef6259e">
      <Execution id="498a836b-6272-469b-b1c4-ee627d698f99" />
      <TestMethod codeBase="/home/adam/Dev/omega-spiral/chapter-zero/.godot/mono/temp/bin/Debug/chapter-zero.dll" adapterTypeName="executor://gdunit4.testadapter/" className="OmegaSpiral.Tests.Integration.Ui.Menus.MainMenuTests" name="LaunchButton_HasPressedSignalHandler" />
    </UnitTest>
    <UnitTest name="MenuFixture_NeverRendersOffscreen" storage="/home/adam/dev/omega-spiral/chapter-zero/.godot/mono/temp/bin/debug/chapter-zero.dll" id="309e18b7-cd82-4a96-ad41-1b505b3abe09">
      <Execution id="4f6c6ff3-40f6-478a-bf07-cc37aae9dbdb" />
      <TestMethod codeBase="/home/adam/Dev/omega-spiral/chapter-zero/.godot/mono/temp/bin/Debug/chapter-zero.dll" adapterTypeName="executor://gdunit4.testadapter/" className="OmegaSpiral.Tests.Integration.SceneLoadingAndViewportTests" name="MenuFixture_NeverRendersOffscreen" />
    </UnitTest>
    <UnitTest name="TextDisplay_AndChoiceInput_DontInterfere" storage="/home/adam/dev/omega-spiral/chapter-zero/.godot/mono/temp/bin/debug/chapter-zero.dll" id="44affc58-200b-4f9e-b0f1-ce359a4bfe24">
      <Execution id="8dc364e3-1202-4a44-a5fa-3de7d2dacdfa" />
      <TestMethod codeBase="/home/adam/Dev/omega-spiral/chapter-zero/.godot/mono/temp/bin/Debug/chapter-zero.dll" adapterTypeName="executor://gdunit4.testadapter/" className="OmegaSpiral.Tests.Integration.Common.OmegaIntegrationTests" name="TextDisplay_AndChoiceInput_DontInterfere" />
    </UnitTest>
    <UnitTest name="BorderFrame_UsesThreeThreadColors" storage="/home/adam/dev/omega-spiral/chapter-zero/.godot/mono/temp/bin/debug/chapter-zero.dll" id="d601deb5-b897-4efd-a522-6baa94be82eb">
      <Execution id="9ac81beb-d8d0-4a03-bdf8-5939865126ac" />
      <TestMethod codeBase="/home/adam/Dev/omega-spiral/chapter-zero/.godot/mono/temp/bin/Debug/chapter-zero.dll" adapterTypeName="executor://gdunit4.testadapter/" className="OmegaSpiral.Tests.Integration.Ui.Menus.MainMenuTests" name="BorderFrame_UsesThreeThreadColors" />
    </UnitTest>
    <UnitTest name="QuitButton_HasPressedSignalHandler" storage="/home/adam/dev/omega-spiral/chapter-zero/.godot/mono/temp/bin/debug/chapter-zero.dll" id="7bbbf755-18be-4e96-bb31-291845e93831">
      <Execution id="358240c1-8e74-4b06-a972-db566ab6ab2e" />
      <TestMethod codeBase="/home/adam/Dev/omega-spiral/chapter-zero/.godot/mono/temp/bin/Debug/chapter-zero.dll" adapterTypeName="executor://gdunit4.testadapter/" className="OmegaSpiral.Tests.Integration.Ui.Menus.MainMenuTests" name="QuitButton_HasPressedSignalHandler" />
    </UnitTest>
    <UnitTest name="MenuTitle_DisplaysOmegaSpiral" storage="/home/adam/dev/omega-spiral/chapter-zero/.godot/mono/temp/bin/debug/chapter-zero.dll" id="2aa1c120-b805-49ac-908d-05c81f996298">
      <Execution id="920f0878-08b2-4a42-92a0-1a845bc4e467" />
      <TestMethod codeBase="/home/adam/Dev/omega-spiral/chapter-zero/.godot/mono/temp/bin/Debug/chapter-zero.dll" adapterTypeName="executor://gdunit4.testadapter/" className="OmegaSpiral.Tests.Integration.Ui.Menus.MainMenuTests" name="MenuTitle_DisplaysOmegaSpiral" />
    </UnitTest>
    <UnitTest name="QuitButton_Exists" storage="/home/adam/dev/omega-spiral/chapter-zero/.godot/mono/temp/bin/debug/chapter-zero.dll" id="70e01f07-09a0-4144-a92f-bcad5b82fa86">
      <Execution id="796537ed-df19-47a9-aa4f-3822a3c4d86b" />
      <TestMethod codeBase="/home/adam/Dev/omega-spiral/chapter-zero/.godot/mono/temp/bin/Debug/chapter-zero.dll" adapterTypeName="executor://gdunit4.testadapter/" className="OmegaSpiral.Tests.Integration.Ui.Menus.MainMenuTests" name="QuitButton_Exists" />
    </UnitTest>
    <UnitTest name="CreditsMenu_PopulatesCredits" storage="/home/adam/dev/omega-spiral/chapter-zero/.godot/mono/temp/bin/debug/chapter-zero.dll" id="ced72154-9182-4a6d-be31-e76cd38a56ec">
      <Execution id="9e76d3b7-c186-4b2a-8b8e-90a632308618" />
      <TestMethod codeBase="/home/adam/Dev/omega-spiral/chapter-zero/.godot/mono/temp/bin/Debug/chapter-zero.dll" adapterTypeName="executor://gdunit4.testadapter/" className="OmegaSpiral.Tests.Integration.Ui.CreditsMenuTests" name="CreditsMenu_PopulatesCredits" />
    </UnitTest>
    <UnitTest name="ContentContainer_Exists" storage="/home/adam/dev/omega-spiral/chapter-zero/.godot/mono/temp/bin/debug/chapter-zero.dll" id="74c970a2-6188-4493-836a-954bc386dc5e">
      <Execution id="46bc6b68-149d-42e0-8a86-07cc7308ddce" />
      <TestMethod codeBase="/home/adam/Dev/omega-spiral/chapter-zero/.godot/mono/temp/bin/Debug/chapter-zero.dll" adapterTypeName="executor://gdunit4.testadapter/" className="OmegaSpiral.Tests.Integration.Ui.MenuUiTests" name="ContentContainer_Exists" />
    </UnitTest>
    <UnitTest name="BorderFrame_HasSpiralShader" storage="/home/adam/dev/omega-spiral/chapter-zero/.godot/mono/temp/bin/debug/chapter-zero.dll" id="6895d9c6-8206-4cf7-b242-0fb781491cba">
      <Execution id="afdc5c6f-979f-43dd-b78d-ec1cebdd108e" />
      <TestMethod codeBase="/home/adam/Dev/omega-spiral/chapter-zero/.godot/mono/temp/bin/Debug/chapter-zero.dll" adapterTypeName="executor://gdunit4.testadapter/" className="OmegaSpiral.Tests.Integration.Ui.Menus.MainMenuTests" name="BorderFrame_HasSpiralShader" />
    </UnitTest>
    <UnitTest name="CreditsMenu_StartsScrollingWhenShown" storage="/home/adam/dev/omega-spiral/chapter-zero/.godot/mono/temp/bin/debug/chapter-zero.dll" id="08c26cf7-6bbb-43c2-b5a6-a62518fc3559">
      <Execution id="38d9cd6a-fe36-414c-8381-a379c663609a" />
      <TestMethod codeBase="/home/adam/Dev/omega-spiral/chapter-zero/.godot/mono/temp/bin/Debug/chapter-zero.dll" adapterTypeName="executor://gdunit4.testadapter/" className="OmegaSpiral.Tests.Integration.Ui.CreditsMenuTests" name="CreditsMenu_StartsScrollingWhenShown" />
    </UnitTest>
    <UnitTest name="Constructor_WithValidTextDisplay_InitializesCorrectly" storage="/home/adam/dev/omega-spiral/chapter-zero/.godot/mono/temp/bin/debug/chapter-zero.dll" id="cac2a579-529b-4a10-91d9-b849fa7140d6">
      <Execution id="415493d7-3611-4262-b241-7642e0c3e1a3" />
      <TestMethod codeBase="/home/adam/Dev/omega-spiral/chapter-zero/.godot/mono/temp/bin/Debug/chapter-zero.dll" adapterTypeName="executor://gdunit4.testadapter/" className="OmegaSpiral.Tests.Integration.Ui.Omega.OmegaTextRendererTests" name="Constructor_WithValidTextDisplay_InitializesCorrectly" />
    </UnitTest>
    <UnitTest name="GetFocusedButton_ReturnsCorrectButton" storage="/home/adam/dev/omega-spiral/chapter-zero/.godot/mono/temp/bin/debug/chapter-zero.dll" id="ee5b4a0f-8dd2-4391-bf91-e0f530e5060d">
      <Execution id="735fb018-17a9-4442-a134-baeaac2eec5e" />
      <TestMethod codeBase="/home/adam/Dev/omega-spiral/chapter-zero/.godot/mono/temp/bin/Debug/chapter-zero.dll" adapterTypeName="executor://gdunit4.testadapter/" className="OmegaSpiral.Tests.Integration.Ui.MenuUiTests" name="GetFocusedButton_ReturnsCorrectButton" />
    </UnitTest>
    <UnitTest name="MenuUi_HasMenuModeEnum" storage="/home/adam/dev/omega-spiral/chapter-zero/.godot/mono/temp/bin/debug/chapter-zero.dll" id="bf72d620-1c3f-4546-bc0b-467be81f050e">
      <Execution id="372b421f-79a3-4375-b4ec-34605b41f136" />
      <TestMethod codeBase="/home/adam/Dev/omega-spiral/chapter-zero/.godot/mono/temp/bin/Debug/chapter-zero.dll" adapterTypeName="executor://gdunit4.testadapter/" className="OmegaSpiral.Tests.Integration.Ui.MenuUiTests" name="MenuUi_HasMenuModeEnum" />
    </UnitTest>
    <UnitTest name="ClearText_AfterAppendingText_RemovesAllContent" storage="/home/adam/dev/omega-spiral/chapter-zero/.godot/mono/temp/bin/debug/chapter-zero.dll" id="4600fa35-f429-4eac-9f1b-d49c57460ee0">
      <Execution id="b9879301-0f1f-4309-9a80-70321fc051c3" />
      <TestMethod codeBase="/home/adam/Dev/omega-spiral/chapter-zero/.godot/mono/temp/bin/Debug/chapter-zero.dll" adapterTypeName="executor://gdunit4.testadapter/" className="OmegaSpiral.Tests.Integration.Ui.Omega.OmegaTextRendererTests" name="ClearText_AfterAppendingText_RemovesAllContent" />
    </UnitTest>
    <UnitTest name="ScanlineLayer_IsVisibleWithCorrectOpacity" storage="/home/adam/dev/omega-spiral/chapter-zero/.godot/mono/temp/bin/debug/chapter-zero.dll" id="173a0e97-2e86-4708-a5ef-ddecb0d4fa54">
      <Execution id="98397a7c-836f-4984-af2b-082f1fc9bca6" />
      <TestMethod codeBase="/home/adam/Dev/omega-spiral/chapter-zero/.godot/mono/temp/bin/Debug/chapter-zero.dll" adapterTypeName="executor://gdunit4.testadapter/" className="OmegaSpiral.Tests.Integration.Ui.Menus.MainMenuTests" name="ScanlineLayer_IsVisibleWithCorrectOpacity" />
    </UnitTest>
    <UnitTest name="ChoiceButton_SupportsFocusNavigation" storage="/home/adam/dev/omega-spiral/chapter-zero/.godot/mono/temp/bin/debug/chapter-zero.dll" id="0dfd4f2a-8b63-47f9-9a7b-036221ce8841">
      <Execution id="80c46d56-4608-4986-b0f1-57d565f24a9d" />
      <TestMethod codeBase="/home/adam/Dev/omega-spiral/chapter-zero/.godot/mono/temp/bin/Debug/chapter-zero.dll" adapterTypeName="executor://gdunit4.testadapter/" className="OmegaSpiral.Tests.Integration.Ui.Omega.ChoiceButtonTests" name="ChoiceButton_SupportsFocusNavigation" />
    </UnitTest>
    <UnitTest name="Configure_ThrowsExceptionForEmptyText" storage="/home/adam/dev/omega-spiral/chapter-zero/.godot/mono/temp/bin/debug/chapter-zero.dll" id="d05cc5f7-76d7-46f0-a37c-f5b8399b5ca8">
      <Execution id="3b6c675b-c8d8-4427-a48f-03f01eb2025c" />
      <TestMethod codeBase="/home/adam/Dev/omega-spiral/chapter-zero/.godot/mono/temp/bin/Debug/chapter-zero.dll" adapterTypeName="executor://gdunit4.testadapter/" className="OmegaSpiral.Tests.Integration.Ui.Omega.ChoiceButtonTests" name="Configure_ThrowsExceptionForEmptyText" />
    </UnitTest>
    <UnitTest name="GlitchLayer_IsVisibleWithCorrectOpacity" storage="/home/adam/dev/omega-spiral/chapter-zero/.godot/mono/temp/bin/debug/chapter-zero.dll" id="7f733717-a210-463d-ad45-c33f7b40a3b4">
      <Execution id="ca7db5b2-40c3-47e3-b9ee-a34222e4ad47" />
      <TestMethod codeBase="/home/adam/Dev/omega-spiral/chapter-zero/.godot/mono/temp/bin/Debug/chapter-zero.dll" adapterTypeName="executor://gdunit4.testadapter/" className="OmegaSpiral.Tests.Integration.Ui.Menus.MainMenuTests" name="GlitchLayer_IsVisibleWithCorrectOpacity" />
    </UnitTest>
    <UnitTest name="MenuUi_ExposesProtectedHelpers" storage="/home/adam/dev/omega-spiral/chapter-zero/.godot/mono/temp/bin/debug/chapter-zero.dll" id="d34d4600-34d2-402d-aef4-d5b15cde4454">
      <Execution id="5ad18eaa-3302-4c62-a37b-556950928975" />
      <TestMethod codeBase="/home/adam/Dev/omega-spiral/chapter-zero/.godot/mono/temp/bin/Debug/chapter-zero.dll" adapterTypeName="executor://gdunit4.testadapter/" className="OmegaSpiral.Tests.Integration.Ui.MenuUiTests" name="MenuUi_ExposesProtectedHelpers" />
    </UnitTest>
    <UnitTest name="CreditsMenu_ExtendsMenuUi" storage="/home/adam/dev/omega-spiral/chapter-zero/.godot/mono/temp/bin/debug/chapter-zero.dll" id="e7484fb2-ea49-4e4b-a1a1-276797b84827">
      <Execution id="c787af69-af00-402f-9ea9-abf4765bb5e3" />
      <TestMethod codeBase="/home/adam/Dev/omega-spiral/chapter-zero/.godot/mono/temp/bin/Debug/chapter-zero.dll" adapterTypeName="executor://gdunit4.testadapter/" className="OmegaSpiral.Tests.Integration.Ui.CreditsMenuTests" name="CreditsMenu_ExtendsMenuUi" />
    </UnitTest>
    <UnitTest name="ButtonContainer_Exists" storage="/home/adam/dev/omega-spiral/chapter-zero/.godot/mono/temp/bin/debug/chapter-zero.dll" id="1dc6b274-9489-42d7-b845-8a0d10c6b6ad">
      <Execution id="d8284a0f-32bb-4308-84db-da3119f51f55" />
      <TestMethod codeBase="/home/adam/Dev/omega-spiral/chapter-zero/.godot/mono/temp/bin/Debug/chapter-zero.dll" adapterTypeName="executor://gdunit4.testadapter/" className="OmegaSpiral.Tests.Integration.Ui.MenuUiTests" name="ButtonContainer_Exists" />
    </UnitTest>
    <UnitTest name="Configure_SetsAllProperties" storage="/home/adam/dev/omega-spiral/chapter-zero/.godot/mono/temp/bin/debug/chapter-zero.dll" id="89ba4a10-8e24-4f8b-8da5-b134dae0c56b">
      <Execution id="6203c938-7a97-493b-a425-fb808ee5035b" />
      <TestMethod codeBase="/home/adam/Dev/omega-spiral/chapter-zero/.godot/mono/temp/bin/Debug/chapter-zero.dll" adapterTypeName="executor://gdunit4.testadapter/" className="OmegaSpiral.Tests.Integration.Ui.Omega.ChoiceButtonTests" name="Configure_SetsAllProperties" />
    </UnitTest>
    <UnitTest name="FocusFirstButton_WorksCorrectly" storage="/home/adam/dev/omega-spiral/chapter-zero/.godot/mono/temp/bin/debug/chapter-zero.dll" id="9a2cb50c-b5c3-4f69-9dc5-f12faa4c7623">
      <Execution id="78158617-6bbb-4d1d-8c6d-fe38f9aee180" />
      <TestMethod codeBase="/home/adam/Dev/omega-spiral/chapter-zero/.godot/mono/temp/bin/Debug/chapter-zero.dll" adapterTypeName="executor://gdunit4.testadapter/" className="OmegaSpiral.Tests.Integration.Ui.MenuUiTests" name="FocusFirstButton_WorksCorrectly" />
    </UnitTest>
    <UnitTest name="DreamweaverInfluenceChangedSignal_EmittedWhenInfluenceChanges_SignalReceived" storage="/home/adam/dev/omega-spiral/chapter-zero/.godot/mono/temp/bin/debug/chapter-zero.dll" id="523c7a5b-15f0-4cc8-8737-89b4ef370996">
      <Execution id="7e6fd371-64c8-44aa-8bb9-9e1114dbbc8b" />
      <TestMethod codeBase="/home/adam/Dev/omega-spiral/chapter-zero/.godot/mono/temp/bin/Debug/chapter-zero.dll" adapterTypeName="executor://gdunit4.testadapter/" className="OmegaSpiral.Tests.Common.GameStateSignalTests" name="DreamweaverInfluenceChangedSignal_EmittedWhenInfluenceChanges_SignalReceived" />
    </UnitTest>
    <UnitTest name="CharacterPartyChangedSignal_EmittedWhenPartyChanges_SignalReceived" storage="/home/adam/dev/omega-spiral/chapter-zero/.godot/mono/temp/bin/debug/chapter-zero.dll" id="28f42ed7-2533-4e39-ab4f-fbfd3c3616cf">
      <Execution id="313e4cee-5f2a-4f6d-81ad-49aca1e4adec" />
      <TestMethod codeBase="/home/adam/Dev/omega-spiral/chapter-zero/.godot/mono/temp/bin/Debug/chapter-zero.dll" adapterTypeName="executor://gdunit4.testadapter/" className="OmegaSpiral.Tests.Common.GameStateSignalTests" name="CharacterPartyChangedSignal_EmittedWhenPartyChanges_SignalReceived" />
    </UnitTest>
    <UnitTest name="StageButtons_HaveCorrectTextFromManifest" storage="/home/adam/dev/omega-spiral/chapter-zero/.godot/mono/temp/bin/debug/chapter-zero.dll" id="e81a8cca-e484-42d1-b262-c995e3f75b06">
      <Execution id="859de434-38ff-4d71-9c07-fa6fd2bb8149" />
      <TestMethod codeBase="/home/adam/Dev/omega-spiral/chapter-zero/.godot/mono/temp/bin/Debug/chapter-zero.dll" adapterTypeName="executor://gdunit4.testadapter/" className="OmegaSpiral.Tests.Integration.Ui.Menus.MainMenuTests" name="StageButtons_HaveCorrectTextFromManifest" />
    </UnitTest>
    <UnitTest name="Scene_HasValidDimensions" storage="/home/adam/dev/omega-spiral/chapter-zero/.godot/mono/temp/bin/debug/chapter-zero.dll" id="5a657236-a32b-480e-ba18-24f691b76e90">
      <Execution id="2e1ba74f-1898-43aa-b17f-ea705764295e" />
      <TestMethod codeBase="/home/adam/Dev/omega-spiral/chapter-zero/.godot/mono/temp/bin/Debug/chapter-zero.dll" adapterTypeName="executor://gdunit4.testadapter/" className="OmegaSpiral.Tests.Integration.SceneLoadingAndViewportTests" name="Scene_HasValidDimensions" />
    </UnitTest>
    <UnitTest name="CreditsMenu_FocusesBackButton" storage="/home/adam/dev/omega-spiral/chapter-zero/.godot/mono/temp/bin/debug/chapter-zero.dll" id="3de93fa8-d0a9-4550-8d42-f99271b163d2">
      <Execution id="8713b620-9997-47a7-8936-f80cc6a7da1a" />
      <TestMethod codeBase="/home/adam/Dev/omega-spiral/chapter-zero/.godot/mono/temp/bin/Debug/chapter-zero.dll" adapterTypeName="executor://gdunit4.testadapter/" className="OmegaSpiral.Tests.Integration.Ui.CreditsMenuTests" name="CreditsMenu_FocusesBackButton" />
    </UnitTest>
    <UnitTest name="CreateCenteredXControl" storage="/home/adam/dev/omega-spiral/chapter-zero/.godot/mono/temp/bin/debug/chapter-zero.dll" id="c3da7387-1872-4a19-a569-d76e1428824f">
      <Execution id="1a4ea6d8-4dbe-4448-97e3-50924e2cbfc3" />
      <TestMethod codeBase="/home/adam/Dev/omega-spiral/chapter-zero/.godot/mono/temp/bin/Debug/chapter-zero.dll" adapterTypeName="executor://gdunit4.testadapter/" className="OmegaSpiral.Tests.Integration.SceneLoadingAndViewportTests" name="CreateCenteredXControl" />
    </UnitTest>
    <UnitTest name="InventoryUpdatedSignal_EmittedWhenInventoryChanges_SignalReceived" storage="/home/adam/dev/omega-spiral/chapter-zero/.godot/mono/temp/bin/debug/chapter-zero.dll" id="668f537e-fc77-4c89-bc2f-77cec4afc6f2">
      <Execution id="7ad70171-813d-4293-9172-fb44ff8ccbb4" />
      <TestMethod codeBase="/home/adam/Dev/omega-spiral/chapter-zero/.godot/mono/temp/bin/Debug/chapter-zero.dll" adapterTypeName="executor://gdunit4.testadapter/" className="OmegaSpiral.Tests.Common.GameStateSignalTests" name="InventoryUpdatedSignal_EmittedWhenInventoryChanges_SignalReceived" />
    </UnitTest>
  </TestDefinitions>
  <TestEntries>
    <TestEntry testId="28f42ed7-2533-4e39-ab4f-fbfd3c3616cf" executionId="313e4cee-5f2a-4f6d-81ad-49aca1e4adec" testListId="8c84fa94-04c1-424b-9868-57a2d4851a1d" />
    <TestEntry testId="f0e29149-04ab-47ac-b23a-7f27a0fdecc5" executionId="ecc2d799-f5b8-4c37-a73f-15c4d17b373b" testListId="8c84fa94-04c1-424b-9868-57a2d4851a1d" />
    <TestEntry testId="1dc6b274-9489-42d7-b845-8a0d10c6b6ad" executionId="d8284a0f-32bb-4308-84db-da3119f51f55" testListId="8c84fa94-04c1-424b-9868-57a2d4851a1d" />
    <TestEntry testId="f5886413-6a4b-4196-874a-1846e037dece" executionId="d57fd1f5-05e7-4067-b402-9a2f96f602bd" testListId="8c84fa94-04c1-424b-9868-57a2d4851a1d" />
    <TestEntry testId="0276e118-3959-43be-9dec-76feeb3d760c" executionId="30d41011-0ffc-4403-8302-6325ac1a8d90" testListId="8c84fa94-04c1-424b-9868-57a2d4851a1d" />
    <TestEntry testId="91093c09-f018-4e00-a1be-577479bd9e27" executionId="1441fa60-e9cd-4d0d-80d3-6b4ec9da50fe" testListId="8c84fa94-04c1-424b-9868-57a2d4851a1d" />
    <TestEntry testId="1878ac0b-d59e-4947-8256-25f7255933cd" executionId="c120892c-c119-4c4d-b81a-3c6be0541e35" testListId="8c84fa94-04c1-424b-9868-57a2d4851a1d" />
    <TestEntry testId="9a2cb50c-b5c3-4f69-9dc5-f12faa4c7623" executionId="78158617-6bbb-4d1d-8c6d-fe38f9aee180" testListId="8c84fa94-04c1-424b-9868-57a2d4851a1d" />
    <TestEntry testId="c0419335-f733-40ed-9d0a-137c351f39bd" executionId="c3619f69-c113-4e3d-b345-cb72bb35751c" testListId="8c84fa94-04c1-424b-9868-57a2d4851a1d" />
    <TestEntry testId="23800064-efba-4805-950d-171ca545a0ff" executionId="c3f5f2c0-91e5-47c3-b4c7-6fa496ac4996" testListId="8c84fa94-04c1-424b-9868-57a2d4851a1d" />
    <TestEntry testId="0ff6b570-0ad8-43bb-8495-fa7ad2091ac3" executionId="2c991c23-91dc-492a-a1fc-10d88a22e5e9" testListId="8c84fa94-04c1-424b-9868-57a2d4851a1d" />
    <TestEntry testId="57c88a08-d47e-40f7-ad0d-1901600d7cf7" executionId="fbb5115e-7061-4274-bbc5-0e6f4b560268" testListId="8c84fa94-04c1-424b-9868-57a2d4851a1d" />
    <TestEntry testId="1a5dd430-fbe5-490f-b94c-8afa0ba59013" executionId="6444d722-3fa6-407e-827c-9d9a189ba5b6" testListId="8c84fa94-04c1-424b-9868-57a2d4851a1d" />
    <TestEntry testId="57c88a08-d47e-40f7-ad0d-1901600d7cf7" executionId="35d6e536-9501-4198-b066-f63be1de39ff" testListId="8c84fa94-04c1-424b-9868-57a2d4851a1d" />
    <TestEntry testId="b89ccb6c-cd87-4ebe-8226-f4d0eef6259e" executionId="498a836b-6272-469b-b1c4-ee627d698f99" testListId="8c84fa94-04c1-424b-9868-57a2d4851a1d" />
    <TestEntry testId="cac2a579-529b-4a10-91d9-b849fa7140d6" executionId="415493d7-3611-4262-b241-7642e0c3e1a3" testListId="8c84fa94-04c1-424b-9868-57a2d4851a1d" />
    <TestEntry testId="7f733717-a210-463d-ad45-c33f7b40a3b4" executionId="ccce7c98-51ff-43f6-a69a-b2b13f67d0cd" testListId="8c84fa94-04c1-424b-9868-57a2d4851a1d" />
    <TestEntry testId="74c970a2-6188-4493-836a-954bc386dc5e" executionId="46bc6b68-149d-42e0-8a86-07cc7308ddce" testListId="8c84fa94-04c1-424b-9868-57a2d4851a1d" />
    <TestEntry testId="d55e5927-3fa1-4778-b2c1-a0cf089bebe3" executionId="6383e899-a76b-4b7a-b194-efd2e7829f33" testListId="8c84fa94-04c1-424b-9868-57a2d4851a1d" />
    <TestEntry testId="932cbe29-5e89-4083-a6bb-bbf6d631d7f3" executionId="35683e19-5458-4400-a62c-b04986720406" testListId="8c84fa94-04c1-424b-9868-57a2d4851a1d" />
    <TestEntry testId="bda11715-c893-4557-91c5-757eb2c4a525" executionId="9e36d3a0-ef0b-4787-8f7f-12a8ae712e1e" testListId="8c84fa94-04c1-424b-9868-57a2d4851a1d" />
    <TestEntry testId="70e01f07-09a0-4144-a92f-bcad5b82fa86" executionId="796537ed-df19-47a9-aa4f-3822a3c4d86b" testListId="8c84fa94-04c1-424b-9868-57a2d4851a1d" />
    <TestEntry testId="299e2207-e042-47ef-9898-5a936255d0c2" executionId="1a1507dc-f31f-4400-89dd-de0d2d52aac0" testListId="8c84fa94-04c1-424b-9868-57a2d4851a1d" />
    <TestEntry testId="dbfe42f0-2598-4dcf-a801-f91734b48e3d" executionId="6944400b-ef43-46ab-bdc2-75929dd285cc" testListId="8c84fa94-04c1-424b-9868-57a2d4851a1d" />
    <TestEntry testId="b5b47936-edcd-4ee4-a6ec-50f71ab8d099" executionId="ca019bab-8877-4735-8511-c9c7ed1017e3" testListId="8c84fa94-04c1-424b-9868-57a2d4851a1d" />
    <TestEntry testId="5eef127e-d9c6-4586-98d3-d4eebd5918fb" executionId="f3b51974-43ab-4d11-a2ef-e14f39e89e42" testListId="8c84fa94-04c1-424b-9868-57a2d4851a1d" />
    <TestEntry testId="309e18b7-cd82-4a96-ad41-1b505b3abe09" executionId="4f6c6ff3-40f6-478a-bf07-cc37aae9dbdb" testListId="8c84fa94-04c1-424b-9868-57a2d4851a1d" />
    <TestEntry testId="08c26cf7-6bbb-43c2-b5a6-a62518fc3559" executionId="38d9cd6a-fe36-414c-8381-a379c663609a" testListId="8c84fa94-04c1-424b-9868-57a2d4851a1d" />
    <TestEntry testId="0dfd4f2a-8b63-47f9-9a7b-036221ce8841" executionId="80c46d56-4608-4986-b0f1-57d565f24a9d" testListId="8c84fa94-04c1-424b-9868-57a2d4851a1d" />
    <TestEntry testId="dcc7fa40-5381-4a01-8991-e027bf40da74" executionId="cd7827da-fe40-4755-9f43-72c79044bcfb" testListId="8c84fa94-04c1-424b-9868-57a2d4851a1d" />
    <TestEntry testId="523c7a5b-15f0-4cc8-8737-89b4ef370996" executionId="7e6fd371-64c8-44aa-8bb9-9e1114dbbc8b" testListId="8c84fa94-04c1-424b-9868-57a2d4851a1d" />
    <TestEntry testId="ee5b4a0f-8dd2-4391-bf91-e0f530e5060d" executionId="735fb018-17a9-4442-a134-baeaac2eec5e" testListId="8c84fa94-04c1-424b-9868-57a2d4851a1d" />
    <TestEntry testId="0a07851e-23b9-4a70-a54d-0d10c27e66dd" executionId="fa7c41ce-c069-4e28-a4b9-dc1213a09b45" testListId="8c84fa94-04c1-424b-9868-57a2d4851a1d" />
    <TestEntry testId="82633951-18f9-4e51-90ca-53b6c92fe639" executionId="3c124401-f6a4-427f-9acf-1fd27f98f507" testListId="8c84fa94-04c1-424b-9868-57a2d4851a1d" />
    <TestEntry testId="7bbbf755-18be-4e96-bb31-291845e93831" executionId="358240c1-8e74-4b06-a972-db566ab6ab2e" testListId="8c84fa94-04c1-424b-9868-57a2d4851a1d" />
    <TestEntry testId="b09da5e8-5a83-4c08-8ce2-aecd92a5f60c" executionId="ec5e829a-1d7e-437e-85f9-9d399c520945" testListId="8c84fa94-04c1-424b-9868-57a2d4851a1d" />
    <TestEntry testId="3713bf5f-2f68-4283-a50e-a579dc7ebb41" executionId="6c9dc952-faf7-4704-a3d6-3146794b28f2" testListId="8c84fa94-04c1-424b-9868-57a2d4851a1d" />
    <TestEntry testId="14a93e36-a7ca-4bd3-a5ac-ad9c364d7ad7" executionId="8f5e63f2-1df8-4966-a7da-239a9f460681" testListId="8c84fa94-04c1-424b-9868-57a2d4851a1d" />
    <TestEntry testId="173a0e97-2e86-4708-a5ef-ddecb0d4fa54" executionId="98397a7c-836f-4984-af2b-082f1fc9bca6" testListId="8c84fa94-04c1-424b-9868-57a2d4851a1d" />
    <TestEntry testId="4eee028e-636c-488f-9a6f-5234ec3c4808" executionId="812dcb8f-28b5-407a-9896-aa8afda86ec3" testListId="8c84fa94-04c1-424b-9868-57a2d4851a1d" />
    <TestEntry testId="b8cf75a4-890d-4d10-bba1-5c5226b69db0" executionId="c082eca1-142f-48db-9b2a-c052718e8f4c" testListId="8c84fa94-04c1-424b-9868-57a2d4851a1d" />
    <TestEntry testId="d4f76a18-6ae0-41db-8382-874c881799fe" executionId="763ace72-6600-4e0b-aac2-ba6ae6e76f68" testListId="8c84fa94-04c1-424b-9868-57a2d4851a1d" />
    <TestEntry testId="7370a782-eac3-407c-a6fe-37ca964e10ec" executionId="39b7113a-83ea-45cf-aaa7-f45abc167c10" testListId="8c84fa94-04c1-424b-9868-57a2d4851a1d" />
    <TestEntry testId="7209a9d0-8738-43c9-8dcc-a9106d166bbf" executionId="034ff69b-fea4-4a63-8be1-cae92048a5f5" testListId="8c84fa94-04c1-424b-9868-57a2d4851a1d" />
    <TestEntry testId="3de93fa8-d0a9-4550-8d42-f99271b163d2" executionId="8713b620-9997-47a7-8936-f80cc6a7da1a" testListId="8c84fa94-04c1-424b-9868-57a2d4851a1d" />
    <TestEntry testId="c0419335-f733-40ed-9d0a-137c351f39bd" executionId="c380fe58-868d-4d53-8853-cfae92524ad4" testListId="8c84fa94-04c1-424b-9868-57a2d4851a1d" />
    <TestEntry testId="50130acd-9111-4ad5-a32c-946173b37118" executionId="208ac301-f3eb-4337-a85c-15e77258975b" testListId="8c84fa94-04c1-424b-9868-57a2d4851a1d" />
    <TestEntry testId="668f537e-fc77-4c89-bc2f-77cec4afc6f2" executionId="7ad70171-813d-4293-9172-fb44ff8ccbb4" testListId="8c84fa94-04c1-424b-9868-57a2d4851a1d" />
    <TestEntry testId="20d8ccf9-2cd1-4b8b-a3cf-720ad0db87b8" executionId="13cb29bf-7994-4c34-8bfd-7a2785268492" testListId="8c84fa94-04c1-424b-9868-57a2d4851a1d" />
    <TestEntry testId="d601deb5-b897-4efd-a522-6baa94be82eb" executionId="ae3d48be-b82e-4deb-9c09-0e1e9e34318e" testListId="8c84fa94-04c1-424b-9868-57a2d4851a1d" />
    <TestEntry testId="2aa1c120-b805-49ac-908d-05c81f996298" executionId="920f0878-08b2-4a42-92a0-1a845bc4e467" testListId="8c84fa94-04c1-424b-9868-57a2d4851a1d" />
    <TestEntry testId="8ab93f7e-c808-4ba9-b6c2-e54347fba3ad" executionId="071479a9-c751-48ee-9a44-7df00d185316" testListId="8c84fa94-04c1-424b-9868-57a2d4851a1d" />
    <TestEntry testId="dbfe42f0-2598-4dcf-a801-f91734b48e3d" executionId="3588add8-91c2-44cb-ad09-b575c59beac5" testListId="8c84fa94-04c1-424b-9868-57a2d4851a1d" />
    <TestEntry testId="09e749fc-9674-4b3b-9667-0c7c3dac792b" executionId="b592e4a2-c2b5-4847-902e-87e036dcf1ea" testListId="8c84fa94-04c1-424b-9868-57a2d4851a1d" />
    <TestEntry testId="e12ff942-826a-4291-941e-8aaf4570a87f" executionId="9655627c-1ec4-447c-ad91-ddc60cef0dc5" testListId="8c84fa94-04c1-424b-9868-57a2d4851a1d" />
    <TestEntry testId="6895d9c6-8206-4cf7-b242-0fb781491cba" executionId="01714a4e-6a4d-4d3d-965a-5ef09b4b682b" testListId="8c84fa94-04c1-424b-9868-57a2d4851a1d" />
    <TestEntry testId="23800064-efba-4805-950d-171ca545a0ff" executionId="9fbe16f3-fdda-4287-8d41-52b5ad0209d1" testListId="8c84fa94-04c1-424b-9868-57a2d4851a1d" />
    <TestEntry testId="e81a8cca-e484-42d1-b262-c995e3f75b06" executionId="859de434-38ff-4d71-9c07-fa6fd2bb8149" testListId="8c84fa94-04c1-424b-9868-57a2d4851a1d" />
    <TestEntry testId="5169ad70-4be9-4715-b4ea-6f2fa5f66077" executionId="f067c73f-24c6-4885-8282-bdaf9377abef" testListId="8c84fa94-04c1-424b-9868-57a2d4851a1d" />
    <TestEntry testId="a20aafee-b524-4354-9a4f-00892d315f1a" executionId="839c3486-932c-488c-8825-f29937fdfb44" testListId="8c84fa94-04c1-424b-9868-57a2d4851a1d" />
    <TestEntry testId="b09da5e8-5a83-4c08-8ce2-aecd92a5f60c" executionId="7d072ac5-ea27-4d93-8532-aca49975e233" testListId="8c84fa94-04c1-424b-9868-57a2d4851a1d" />
    <TestEntry testId="4eee028e-636c-488f-9a6f-5234ec3c4808" executionId="a9f50b52-93e5-49c1-b743-ae693bac7f00" testListId="8c84fa94-04c1-424b-9868-57a2d4851a1d" />
    <TestEntry testId="f0e29149-04ab-47ac-b23a-7f27a0fdecc5" executionId="b9fa356a-a9c0-475a-a817-2c59ac9a5829" testListId="8c84fa94-04c1-424b-9868-57a2d4851a1d" />
    <TestEntry testId="a20aafee-b524-4354-9a4f-00892d315f1a" executionId="872ee9fc-11eb-45f2-87db-aa4dd3b57701" testListId="8c84fa94-04c1-424b-9868-57a2d4851a1d" />
    <TestEntry testId="89ba4a10-8e24-4f8b-8da5-b134dae0c56b" executionId="6203c938-7a97-493b-a425-fb808ee5035b" testListId="8c84fa94-04c1-424b-9868-57a2d4851a1d" />
    <TestEntry testId="d6ef0b36-b754-4f1c-b3a0-ca17944de66e" executionId="bd566c70-70cd-470f-bab8-af2531446c10" testListId="8c84fa94-04c1-424b-9868-57a2d4851a1d" />
    <TestEntry testId="b5b47936-edcd-4ee4-a6ec-50f71ab8d099" executionId="8f73f896-ec5c-4e11-b203-040cb1fec046" testListId="8c84fa94-04c1-424b-9868-57a2d4851a1d" />
    <TestEntry testId="4600fa35-f429-4eac-9f1b-d49c57460ee0" executionId="b9879301-0f1f-4309-9a80-70321fc051c3" testListId="8c84fa94-04c1-424b-9868-57a2d4851a1d" />
    <TestEntry testId="eb27d519-38db-4671-947f-1af5214f3971" executionId="e808d550-e442-4a0c-9531-ccc14680dc63" testListId="8c84fa94-04c1-424b-9868-57a2d4851a1d" />
    <TestEntry testId="d601deb5-b897-4efd-a522-6baa94be82eb" executionId="9ac81beb-d8d0-4a03-bdf8-5939865126ac" testListId="8c84fa94-04c1-424b-9868-57a2d4851a1d" />
    <TestEntry testId="bf72d620-1c3f-4546-bc0b-467be81f050e" executionId="372b421f-79a3-4375-b4ec-34605b41f136" testListId="8c84fa94-04c1-424b-9868-57a2d4851a1d" />
    <TestEntry testId="70e01f07-09a0-4144-a92f-bcad5b82fa86" executionId="3838352e-daa0-4ecd-ab20-4a3a0d9191e5" testListId="8c84fa94-04c1-424b-9868-57a2d4851a1d" />
    <TestEntry testId="b89ccb6c-cd87-4ebe-8226-f4d0eef6259e" executionId="797a9bb9-914d-4e1e-bb73-a1f1bc31f510" testListId="8c84fa94-04c1-424b-9868-57a2d4851a1d" />
    <TestEntry testId="ff41516f-68ab-44ac-9e63-00a9aff45ecd" executionId="f0692dcd-150f-456d-a766-886aeeaa19b1" testListId="8c84fa94-04c1-424b-9868-57a2d4851a1d" />
    <TestEntry testId="c3da7387-1872-4a19-a569-d76e1428824f" executionId="1a4ea6d8-4dbe-4448-97e3-50924e2cbfc3" testListId="8c84fa94-04c1-424b-9868-57a2d4851a1d" />
    <TestEntry testId="14a93e36-a7ca-4bd3-a5ac-ad9c364d7ad7" executionId="47bcb0ca-1cc6-49c8-8656-fb263c895471" testListId="8c84fa94-04c1-424b-9868-57a2d4851a1d" />
    <TestEntry testId="05677250-de8b-49ef-a132-cf7d2c047cd0" executionId="bb56518d-989a-4a90-a81c-b002d0e2f706" testListId="8c84fa94-04c1-424b-9868-57a2d4851a1d" />
    <TestEntry testId="50130acd-9111-4ad5-a32c-946173b37118" executionId="41484577-bcea-4b66-94b9-2832262208c1" testListId="8c84fa94-04c1-424b-9868-57a2d4851a1d" />
    <TestEntry testId="8de98919-b46c-4f6a-b095-38a3bfea3dbe" executionId="64bd5111-04a1-4760-8e50-fc80b474e902" testListId="8c84fa94-04c1-424b-9868-57a2d4851a1d" />
    <TestEntry testId="64c1202c-b04f-431c-b233-035cdcb94e16" executionId="26a2c6b7-9d8f-40ec-9e39-3d620488baa1" testListId="8c84fa94-04c1-424b-9868-57a2d4851a1d" />
    <TestEntry testId="9be26948-d8b0-47d3-b453-ca8bb4d63b8e" executionId="d55e74e7-109a-4ba4-919a-a3f964157840" testListId="8c84fa94-04c1-424b-9868-57a2d4851a1d" />
    <TestEntry testId="44affc58-200b-4f9e-b0f1-ce359a4bfe24" executionId="8dc364e3-1202-4a44-a5fa-3de7d2dacdfa" testListId="8c84fa94-04c1-424b-9868-57a2d4851a1d" />
    <TestEntry testId="6895d9c6-8206-4cf7-b242-0fb781491cba" executionId="afdc5c6f-979f-43dd-b78d-ec1cebdd108e" testListId="8c84fa94-04c1-424b-9868-57a2d4851a1d" />
    <TestEntry testId="1bc4107c-aff2-459d-a83e-65d208b12b1f" executionId="18d3fa1f-a7f3-4a07-8164-de626951eb9e" testListId="8c84fa94-04c1-424b-9868-57a2d4851a1d" />
    <TestEntry testId="7f733717-a210-463d-ad45-c33f7b40a3b4" executionId="ca7db5b2-40c3-47e3-b9ee-a34222e4ad47" testListId="8c84fa94-04c1-424b-9868-57a2d4851a1d" />
    <TestEntry testId="173a0e97-2e86-4708-a5ef-ddecb0d4fa54" executionId="6b4dda90-9fdf-459f-9d21-ec52f7deceb3" testListId="8c84fa94-04c1-424b-9868-57a2d4851a1d" />
    <TestEntry testId="2aa1c120-b805-49ac-908d-05c81f996298" executionId="e3ba3221-20f2-4c8d-b5de-5b556194c2fd" testListId="8c84fa94-04c1-424b-9868-57a2d4851a1d" />
    <TestEntry testId="eb27d519-38db-4671-947f-1af5214f3971" executionId="af7aa3ba-9da3-49fc-a0ac-43f43d5499a9" testListId="8c84fa94-04c1-424b-9868-57a2d4851a1d" />
    <TestEntry testId="1878ac0b-d59e-4947-8256-25f7255933cd" executionId="fa6df907-12fb-42ae-9f6e-68e2d839c68c" testListId="8c84fa94-04c1-424b-9868-57a2d4851a1d" />
    <TestEntry testId="d05cc5f7-76d7-46f0-a37c-f5b8399b5ca8" executionId="3b6c675b-c8d8-4427-a48f-03f01eb2025c" testListId="8c84fa94-04c1-424b-9868-57a2d4851a1d" />
    <TestEntry testId="93e692ca-74fe-4b81-b935-78c2da227d26" executionId="2508291b-9933-41de-8700-7c4ec6ff6583" testListId="8c84fa94-04c1-424b-9868-57a2d4851a1d" />
    <TestEntry testId="8186a2cb-0bf5-4ac8-9b54-9deb8b9fc288" executionId="f5ae2b3a-9ae9-4874-8e5c-af03c795cad2" testListId="8c84fa94-04c1-424b-9868-57a2d4851a1d" />
    <TestEntry testId="dc57c1e7-1de5-4e7f-be0c-6e8aaccfe031" executionId="8cabd7ae-fa6d-4ea3-b7f3-ee4534bcac92" testListId="8c84fa94-04c1-424b-9868-57a2d4851a1d" />
    <TestEntry testId="d34d4600-34d2-402d-aef4-d5b15cde4454" executionId="5ad18eaa-3302-4c62-a37b-556950928975" testListId="8c84fa94-04c1-424b-9868-57a2d4851a1d" />
    <TestEntry testId="751ada92-aed5-450f-9287-cad0190e8284" executionId="9d95fc0d-95f9-497f-8779-e70d9b6651c1" testListId="8c84fa94-04c1-424b-9868-57a2d4851a1d" />
    <TestEntry testId="09e749fc-9674-4b3b-9667-0c7c3dac792b" executionId="2d2433b6-6c1d-4255-a838-ad6242925937" testListId="8c84fa94-04c1-424b-9868-57a2d4851a1d" />
    <TestEntry testId="df58c15d-5835-4843-bf8a-e8212516defa" executionId="3d83d442-7dc0-4be9-8f47-8191327a9c5e" testListId="8c84fa94-04c1-424b-9868-57a2d4851a1d" />
    <TestEntry testId="5eef127e-d9c6-4586-98d3-d4eebd5918fb" executionId="76deddf3-8547-4bce-ab7f-6500fa61407f" testListId="8c84fa94-04c1-424b-9868-57a2d4851a1d" />
    <TestEntry testId="ced72154-9182-4a6d-be31-e76cd38a56ec" executionId="9e76d3b7-c186-4b2a-8b8e-90a632308618" testListId="8c84fa94-04c1-424b-9868-57a2d4851a1d" />
    <TestEntry testId="8186a2cb-0bf5-4ac8-9b54-9deb8b9fc288" executionId="46e836d8-b695-4c7b-ae44-7a7e7b2cd461" testListId="8c84fa94-04c1-424b-9868-57a2d4851a1d" />
    <TestEntry testId="e81a8cca-e484-42d1-b262-c995e3f75b06" executionId="7efd8bdc-e985-4283-90b6-4e1e1d9fa14b" testListId="8c84fa94-04c1-424b-9868-57a2d4851a1d" />
    <TestEntry testId="8de98919-b46c-4f6a-b095-38a3bfea3dbe" executionId="9f11883d-357d-4d3d-b5bd-618bc608f95d" testListId="8c84fa94-04c1-424b-9868-57a2d4851a1d" />
    <TestEntry testId="760f7632-055a-43e0-af96-c007be3696f3" executionId="cfae8ad8-0cad-42c6-974c-f0022ed39598" testListId="8c84fa94-04c1-424b-9868-57a2d4851a1d" />
    <TestEntry testId="e7484fb2-ea49-4e4b-a1a1-276797b84827" executionId="c787af69-af00-402f-9ea9-abf4765bb5e3" testListId="8c84fa94-04c1-424b-9868-57a2d4851a1d" />
    <TestEntry testId="a997258d-5e43-490c-b3cd-da38fdb21bfc" executionId="dc0a73f9-550b-49bc-9c54-965f8418aa38" testListId="8c84fa94-04c1-424b-9868-57a2d4851a1d" />
    <TestEntry testId="7bbbf755-18be-4e96-bb31-291845e93831" executionId="7543fcd8-4385-4e7a-bec8-a9e61989c5eb" testListId="8c84fa94-04c1-424b-9868-57a2d4851a1d" />
    <TestEntry testId="5a657236-a32b-480e-ba18-24f691b76e90" executionId="2e1ba74f-1898-43aa-b17f-ea705764295e" testListId="8c84fa94-04c1-424b-9868-57a2d4851a1d" />
    <TestEntry testId="a292fd31-311e-4f76-b73f-a17fafd3d578" executionId="16e02d74-c1eb-4068-a827-f37ad745ccad" testListId="8c84fa94-04c1-424b-9868-57a2d4851a1d" />
    <TestEntry testId="a8a8168f-bd1d-4b6b-9a8e-af711d419a01" executionId="2fd3f04a-656c-4a25-ba22-2acd2b293b7b" testListId="8c84fa94-04c1-424b-9868-57a2d4851a1d" />
    <TestEntry testId="bda11715-c893-4557-91c5-757eb2c4a525" executionId="aa4ff2cd-c06b-4d61-8e74-23d901a31b20" testListId="8c84fa94-04c1-424b-9868-57a2d4851a1d" />
  </TestEntries>
  <TestLists>
    <TestList name="Results Not in a List" id="8c84fa94-04c1-424b-9868-57a2d4851a1d" />
    <TestList name="All Loaded Results" id="19431567-8539-422a-85d7-44ee4e166bda" />
  </TestLists>
  <ResultSummary outcome="Failed">
    <Counters total="110" executed="110" passed="93" failed="17" error="0" timeout="0" aborted="0" inconclusive="0" passedButRunAborted="0" notRunnable="0" notExecuted="0" disconnected="0" warning="0" completed="0" inProgress="0" pending="0" />
    <Output>
      <StdOut>Running on GdUnit4 test engine version: 5.0.0.0
Discover tests from assembly: /home/adam/Dev/omega-spiral/chapter-zero/.godot/mono/temp/bin/Debug/chapter-zero.dll
Discover:  TestSuite OmegaSpiral.Tests.Stages.Stage2.NethackDirectorTests with 1 TestCases found.
Discover:  TestSuite OmegaSpiral.Tests.Integration.SceneLoadingAndViewportTests with 5 TestCases found.
Discover:  TestSuite OmegaSpiral.Tests.Integration.Ui.MenuUiTests with 12 TestCases found.
Discover:  TestSuite OmegaSpiral.Tests.Integration.Ui.CreditsMenuTests with 7 TestCases found.
Discover:  TestSuite OmegaSpiral.Tests.Integration.Ui.OmegaUiTests with 20 TestCases found.
Discover:  TestSuite OmegaSpiral.Tests.Integration.Ui.PauseMenuTests with 6 TestCases found.
Discover:  TestSuite OmegaSpiral.Tests.Integration.Ui.OmegaUi_IntegrationTests with 8 TestCases found.
Discover:  TestSuite OmegaSpiral.Tests.Integration.Ui.Omega.ChoiceButtonTests with 7 TestCases found.
Discover:  TestSuite OmegaSpiral.Tests.Integration.Ui.Omega.OmegaTextRendererTests with 12 TestCases found.
Discover:  TestSuite OmegaSpiral.Tests.Integration.Ui.Menus.MainMenuTests with 27 TestCases found.
Discover:  TestSuite OmegaSpiral.Tests.Integration.Common.OmegaIntegrationTests with 5 TestCases found.
Discover:  TestSuite OmegaSpiral.Tests.Unit.Common.GameStateTests with 6 TestCases found.
Discover:  TestSuite OmegaSpiral.Tests.Unit.Common.SceneManagerTests with 6 TestCases found.
Discover:  TestSuite OmegaSpiral.Tests.Unit.Common.Omega.OmegaChoicePresenterTests with 8 TestCases found.
Discover:  TestSuite OmegaSpiral.Tests.Unit.Common.Omega.OmegaShaderControllerTests with 11 TestCases found.
Discover:  TestSuite OmegaSpiral.Tests.Unit.Common.Omega.IOmegaChoicePresenterTests with 3 TestCases found.
Discover:  TestSuite OmegaSpiral.Tests.Unit.Common.Omega.IOmegaShaderControllerTests with 4 TestCases found.
Discover:  TestSuite OmegaSpiral.Tests.Unit.Common.Omega.IOmegaTextRendererTests with 5 TestCases found.
Discover:  TestSuite OmegaSpiral.Tests.Unit.Common.Omega.OmegaShaderPresetsTests with 11 TestCases found.
Discover:  TestSuite OmegaSpiral.Tests.Unit.Common.Omega.OmegaSpiralColorsTests with 15 TestCases found.
Discover:  TestSuite OmegaSpiral.Tests.Common.GameStateSignalTests with 5 TestCases found.
Discover tests done, 21 TestSuites and total 184 Tests found.
Running on GdUnit4 test engine version: 5.0.0.0
Set test session timeout to: 00:30:00
Detected IDE Unknown
Starting tests for assembly: /home/adam/Dev/omega-spiral/chapter-zero/.godot/mono/temp/bin/Debug/chapter-zero.dll
Search '.csproj' at /home/adam/Dev/omega-spiral/chapter-zero/.godot/mono/temp/bin/Debug/chapter-zero.dll
Set current working directory to: /home/adam/Dev/omega-spiral/chapter-zero
Starting GodotGdUnit4RestClient.
Working dir /home/adam/Dev/omega-spiral/chapter-zero
Rebuild Godot Project ... /home/adam/Godot_v4.6-dev2_mono_linux_x86_64/Godot_v4.6-dev2_mono_linux.x86_64 --path . -e --headless --quit-after 1000 --verbose
.. WorkerThreadPool: 6 threads, 4 max low-priority.
.. Godot Engine v4.6.dev2.mono.official.7864ac801 - https://godotengine.org
.. TextServer: Added interface "Dummy"
.. TextServer: Added interface "ICU / HarfBuzz / Graphite (Built-in)"
.. Unrecognized output string "misc2" in mapping:
.. 030000000d0f0000ab01000011010000,Horipad Steam,a:b0,b:b1,back:b10,dpdown:h0.4,dpleft:h0.8,dpright:h0.2,dpup:h0.1,guide:b12,leftshoulder:b6,leftstick:b13,lefttrigger:a5,leftx:a0,lefty:a1,misc2:b2,paddle1:b19,paddle2:b18,paddle3:b15,paddle4:b5,rightshoulder:b7,rightstick:b14,righttrigger:a4,rightx:a2,righty:a3,start:b11,x:b3,y:b4,platform:Linux,
.. Unrecognized output string "misc2" in mapping:
.. 050000000d0f00009601000091000000,Horipad Steam,a:b0,b:b1,back:b10,dpdown:h0.4,dpleft:h0.8,dpright:h0.2,dpup:h0.1,guide:b12,leftshoulder:b6,leftstick:b13,lefttrigger:a5,leftx:a0,lefty:a1,misc2:b2,paddle1:b19,paddle2:b18,paddle3:b15,paddle4:b5,rightshoulder:b7,rightstick:b14,righttrigger:a4,rightx:a2,righty:a3,start:b11,x:b3,y:b4,platform:Linux,
.. Unrecognized output string "misc2" in mapping:
.. 030000007e0500006920000011010000,Nintendo Switch 2 Pro Controller,a:b0,b:b1,back:b14,dpdown:b8,dpleft:b10,dpright:b9,dpup:b11,guide:b16,leftshoulder:b12,leftstick:b15,lefttrigger:b13,leftx:a0,lefty:a1~,misc1:b17,misc2:b20,paddle1:b18,paddle2:b19,rightshoulder:b4,rightstick:b7,righttrigger:b5,rightx:a2,righty:a3~,start:b6,x:b2,y:b3,platform:Linux,
.. SDL: Init OK!
.. Using "default" pen tablet driver...
.. TextServer: Primary interface set to: "ICU / HarfBuzz / Graphite (Built-in)".
.. .NET: Initializing module...
.. Found hostfxr: /usr/lib/dotnet/host/fxr/10.0.0-rc.2.25502.107/libhostfxr.so
.. .NET: hostfxr initialized
.. .NET: GodotPlugins initialized
.. Loading resource: res://theme.tres
.. Loading resource: res://default_bus_layout.tres
.. CORE API HASH: 3234800178
.. EDITOR API HASH: 4055853480
.. SceneTreeFTI: traversal method DEFAULT
.. Loading resource: res://addons/dialogic/Resources/TimelineResourceLoader.gd
.. Loading resource: res://addons/dialogic/Resources/CharacterResourceLoader.gd
.. Loading resource: res://addons/dialogic/Resources/TimelineResourceSaver.gd
.. Loading resource: res://addons/dialogic/Resources/CharacterResourceSaver.gd
.. Loading resource: /home/adam/.config/godot/editor_settings-4.6.tres
.. EditorSettings: Load OK!
.. EditorTheme: Generating new theme for the config '66886095'.
.. EditorTheme: Generating new icons.
.. EditorTheme: Generating new fonts.
.. EditorTheme: Generating new styles.
.. Found .NET Sdk version '10.0.100': /usr/lib/dotnet/sdk/10.0.100-rc.2.25502.107/
.. Loading resource: /home/adam/.cache/godot/editor_doc_cache-4.6.res
.. Loaded system CA certificates
.. Failed to bind socket. Error: 3.
.. Loading resource: res://addons/godot_xterm/themes/fonts/regular.tres
.. Loading resource: res://addons/godot_xterm/themes/fonts/jet_brains_mono/jet_brains_mono_nl-regular-2.304.ttf
.. Loading resource: res://.godot/imported/jet_brains_mono_nl-regular-2.304.ttf-96fa438503371775be3cc744a4450fc2.fontdata
.. Loading resource: res://addons/godot_xterm/icons/terminal_icon.svg
.. Loading resource: res://.godot/imported/terminal_icon.svg-2a4b198a0e3aa43f04b43cec3e3f109d.editor.ctex
.. Loading resource: res://addons/godot_xterm/shaders/background.gdshader
.. Loading resource: res://addons/godot_xterm/shaders/common.gdshaderinc
.. Loading resource: res://addons/godot_xterm/shaders/foreground.gdshader
.. [   0% ] \u001b[90m\u001b[1mfirst_scan_filesystem\u001b[22m | Started Project initialization (5 steps)\u001b[39m\u001b[0m
.. [   0% ] \u001b[90m\u001b[1mfirst_scan_filesystem\u001b[22m | Scanning file structure...\u001b[39m\u001b[0m
.. [  16% ] \u001b[90m\u001b[1mfirst_scan_filesystem\u001b[22m | Loading global class names...\u001b[39m\u001b[0m
.. [  33% ] \u001b[90m\u001b[1mfirst_scan_filesystem\u001b[22m | Verifying GDExtensions...\u001b[39m\u001b[0m
.. [  50% ] \u001b[90m\u001b[1mfirst_scan_filesystem\u001b[22m | Creating autoload scripts...\u001b[39m\u001b[0m
.. Loading resource: res://source/infrastructure/GameManager.cs
.. Loading resource: res://source/scripts/SceneManager.cs
.. Loading resource: res://source/common/GameState.cs
.. Loading resource: res://source/field/FieldEvents.cs
.. Loading resource: res://source/field/FieldCamera.cs
.. Loading resource: res://source/field/gameboard/Gameboard.cs
.. Loading resource: res://source/field/gamepieces/GamepieceRegistry.cs
.. Loading resource: res://source/common/Player.cs
.. Loading resource: res://source/combat/CombatEvents.cs
.. Loading resource: res://source/audio/AudioManager.cs
.. [  66% ] \u001b[90m\u001b[1mfirst_scan_filesystem\u001b[22m | Initializing plugins...\u001b[39m\u001b[0m
.. Loading resource: res://addons/dialogic/plugin.gd
.. Loading resource: res://addons/dialogic/Editor/editor_main.tscn
.. Loading resource: res://addons/dialogic/Editor/editor_main.gd
.. Loading resource: res://addons/dialogic/Editor/editors_manager.gd
.. Loading resource: res://addons/dialogic/Editor/Images/plugin-icon.svg
.. Loading resource: res://.godot/imported/plugin-icon.svg-aa6701e8ed73f5fe5d177dfddce3a0e3.editor.ctex
.. Loading resource: res://addons/dialogic/Editor/Common/side_bar.tscn
.. Loading resource: res://addons/dialogic/Editor/Images/Pieces/close-icon.svg
.. Loading resource: res://.godot/imported/close-icon.svg-c630c93ada599b08938f4854f5376f2f.editor.ctex
.. Loading resource: res://addons/dialogic/Editor/Images/Pieces/closed-icon.svg
.. Loading resource: res://.godot/imported/closed-icon.svg-b4f16653b91d6792313a130565319b2f.editor.ctex
.. Loading resource: res://addons/dialogic/Editor/Common/toolbar.gd
.. Loading resource: res://addons/dialogic/Editor/Images/Resources/character.svg
.. Loading resource: res://.godot/imported/character.svg-48bc1c93fa13733a935ca2c669d933a7.editor.ctex
.. Loading resource: res://addons/dialogic/Modules/Glossary/icon.svg
.. Loading resource: res://.godot/imported/icon.svg-4fc0c12c53379638e37d654e7bbaea1a.editor.ctex
.. Loading resource: res://addons/dialogic/Modules/StyleEditor/styles_icon.svg
.. Loading resource: res://.godot/imported/styles_icon.svg-c55f9f7d15c3512c8b20dbf30eed7047.editor.ctex
.. Loading resource: res://addons/dialogic/Modules/Variable/variable.svg
.. Loading resource: res://.godot/imported/variable.svg-52aeb47fe1705a3f04d919f8dcd5d319.editor.ctex
.. Loading resource: res://addons/dialogic/Editor/Common/reference_manager.tscn
.. Loading resource: res://addons/dialogic/Editor/Common/reference_manager.gd
.. Loading resource: res://addons/dialogic/Editor/Common/broken_reference_manager.gd
.. Loading resource: res://addons/dialogic/Editor/Common/ReferenceManager_AddReplacementPanel.gd
.. Loading resource: res://addons/dialogic/Editor/Events/Fields/field_options_dynamic.tscn
.. Loading resource: res://addons/dialogic/Editor/Events/Fields/field_options_dynamic.gd
.. Loading resource: res://addons/dialogic/Editor/Common/unique_identifiers_manager.gd
.. Loading resource: res://addons/dialogic/Editor/Common/reference_manager_window.gd
.. Loading resource: res://addons/dialogic/Editor/TimelineEditor/TextEditor/CodeCompletionHelper.gd
.. Loading resource: res://addons/dialogic/Editor/Common/update_manager.gd
.. Loading resource: res://addons/dialogic/Editor/Common/update_install_window.tscn
.. Loading resource: res://addons/dialogic/Editor/Common/update_install_window.gd
.. Loading resource: res://addons/dialogic/Editor/TimelineEditor/TextEditor/syntax_highlighter.gd
.. Loading resource: res://addons/dialogic/Editor/Images/dialogic-logo.svg
.. Loading resource: res://.godot/imported/dialogic-logo.svg-e43201cabc9573eeb3f78fd91ea9d909.ctex
.. Loading resource: res://addons/dialogic/Editor/HomePage/home_page.tscn
.. Loading resource: res://addons/dialogic/Editor/HomePage/home_page.gd
.. Loading resource: res://addons/dialogic/Editor/HomePage/icon_bg.png
.. Loading resource: res://.godot/imported/icon_bg.png-5937ce0a857c4a8a9d624ea9ebf09a97.ctex
.. Loading resource: res://addons/dialogic/Editor/TimelineEditor/timeline_editor.tscn
.. Loading resource: res://addons/dialogic/Editor/TimelineEditor/timeline_editor.gd
.. Loading resource: res://addons/dialogic/Editor/TimelineEditor/VisualEditor/timeline_editor_visual.tscn
.. Loading resource: res://addons/dialogic/Editor/TimelineEditor/VisualEditor/timeline_editor_visual.gd
.. Loading resource: res://addons/dialogic/Editor/Theme/MainTheme.tres
.. Loading resource: res://addons/dialogic/Editor/TimelineEditor/VisualEditor/TimelineArea.gd
.. Loading resource: res://addons/dialogic/Editor/Events/EventBlock/event_right_click_menu.gd
.. Loading resource: res://addons/dialogic/Editor/Common/hint_tooltip_icon.tscn
.. Loading resource: res://addons/dialogic/Editor/Common/hint_tooltip_icon.gd
.. Loading resource: res://addons/dialogic/Editor/TimelineEditor/TextEditor/timeline_editor_text.tscn
.. Loading resource: res://addons/dialogic/Editor/TimelineEditor/TextEditor/timeline_editor_text.gd
.. Loading resource: res://addons/dialogic/Editor/Events/EventBlock/event_block.tscn
.. Loading resource: res://addons/dialogic/Editor/Events/EventBlock/event_block.gd
.. Loading resource: res://addons/dialogic/Editor/Events/styles/unselected_stylebox.tres
.. Loading resource: res://addons/dialogic/Editor/CharacterEditor/character_editor.tscn
.. Loading resource: res://addons/dialogic/Editor/CharacterEditor/character_editor.gd
.. Loading resource: res://addons/dialogic/Editor/Common/hint_tooltip_icon.tscn
.. Loading resource: res://addons/dialogic/Editor/CharacterEditor/character_editor_portrait_tree.gd
.. Loading resource: res://addons/dialogic/Editor/Images/Pieces/add-folder.svg
.. Loading resource: res://.godot/imported/add-folder.svg-41a970370f904038e63c13bddbdb6450.editor.ctex
.. Loading resource: res://addons/dialogic/Modules/Signal/index.gd
.. Loading resource: res://addons/dialogic/Modules/Voice/index.gd
.. Loading resource: res://addons/dialogic/Modules/StyleEditor/index.gd
.. Loading resource: res://addons/dialogic/Modules/Text/index.gd
.. Loading resource: res://addons/dialogic/Modules/Jump/index.gd
.. Loading resource: res://addons/dialogic/Modules/Condition/index.gd
.. Loading resource: res://addons/dialogic/Modules/Choice/index.gd
.. Loading resource: res://addons/dialogic/Modules/History/index.gd
.. Loading resource: res://addons/dialogic/Modules/Audio/index.gd
.. Loading resource: res://addons/dialogic/Modules/LayeredPortrait/index.gd
.. Loading resource: res://addons/dialogic/Modules/Character/index.gd
.. Loading resource: res://addons/dialogic/Modules/Variable/index.gd
.. Loading resource: res://addons/dialogic/Modules/Save/index.gd
.. Loading resource: res://addons/dialogic/Modules/Glossary/index.gd
.. Loading resource: res://addons/dialogic/Modules/Comment/index.gd
.. Loading resource: res://addons/dialogic/Modules/HighlightPortrait/index.gd
.. Loading resource: res://addons/dialogic/Modules/Call/index.gd
.. Loading resource: res://addons/dialogic/Modules/Clear/index.gd
.. Loading resource: res://addons/dialogic/Modules/Core/index.gd
.. Loading resource: res://addons/dialogic/Modules/Background/index.gd
.. Loading resource: res://addons/dialogic/Modules/DefaultLayoutParts/index.gd
.. Loading resource: res://addons/dialogic/Modules/Settings/index.gd
.. Loading resource: res://addons/dialogic/Modules/TextInput/index.gd
.. Loading resource: res://addons/dialogic/Modules/WaitInput/index.gd
.. Loading resource: res://addons/dialogic/Modules/Wait/index.gd
.. Loading resource: res://addons/dialogic/Modules/Style/index.gd
.. Loading resource: res://addons/dialogic/Modules/End/index.gd
.. Loading resource: res://addons/dialogic/Modules/StyleEditor/style_editor.tscn
.. Loading resource: res://addons/dialogic/Modules/StyleEditor/style_editor.gd
.. Loading resource: res://addons/dialogic/Editor/Common/hint_tooltip_icon.tscn
.. Loading resource: res://addons/dialogic/Modules/StyleEditor/style_layer_editor.gd
.. Loading resource: res://addons/dialogic/Modules/StyleEditor/Components/style_layer_tree.gd
.. Loading resource: res://addons/dialogic/Modules/StyleEditor/Components/style_browser_window.gd
.. Loading resource: res://addons/dialogic/Modules/StyleEditor/Components/style_browser.tscn
.. Loading resource: res://addons/dialogic/Modules/StyleEditor/Components/style_browser.gd
.. Loading resource: res://addons/dialogic/Editor/Common/BrowserItem.tscn
.. Loading resource: res://addons/dialogic/Editor/Common/BrowserItem.gd
.. Loading resource: res://addons/dialogic/Modules/Variable/variables_editor/variables_editor.tscn
.. Loading resource: res://addons/dialogic/Modules/Variable/variables_editor/variables_editor.gd
.. Loading resource: res://addons/dialogic/Modules/Variable/variables_editor/variable_tree.gd
.. Loading resource: res://addons/dialogic/Modules/Glossary/glossary_editor.tscn
.. Loading resource: res://addons/dialogic/Modules/Glossary/glossary_editor.gd
.. Loading resource: res://addons/dialogic/Modules/Glossary/add-glossary.svg
.. Loading resource: res://.godot/imported/add-glossary.svg-1cde77c043d3874d9bc84cc14d0ec9dc.editor.ctex
.. Loading resource: res://addons/dialogic/Editor/Settings/settings_editor.tscn
.. Loading resource: res://addons/dialogic/Editor/Settings/settings_editor.gd
.. Loading resource: res://addons/dialogic/Editor/Settings/settings_general.tscn
.. Loading resource: res://addons/dialogic/Editor/Settings/settings_general.gd
.. Loading resource: res://addons/dialogic/Editor/Common/hint_tooltip_icon.tscn
.. Loading resource: res://addons/dialogic/Editor/Events/Fields/field_file.tscn
.. Loading resource: res://addons/dialogic/Editor/Events/Fields/field_file.gd
.. Loading resource: res://addons/dialogic/Editor/Settings/settings_translation.tscn
.. Loading resource: res://addons/dialogic/Editor/Settings/settings_translation.gd
.. Loading resource: res://addons/dialogic/Editor/Common/hint_tooltip_icon.tscn
.. Loading resource: res://addons/dialogic/Editor/Events/Fields/field_file.tscn
.. Loading resource: res://addons/dialogic/Editor/Settings/settings_modules.tscn
.. Loading resource: res://addons/dialogic/Editor/Settings/settings_modules.gd
.. Loading resource: res://addons/dialogic/Modules/Text/settings_text.tscn
.. Loading resource: res://addons/dialogic/Modules/Text/settings_text.gd
.. Loading resource: res://addons/dialogic/Editor/Common/hint_tooltip_icon.tscn
.. Loading resource: res://addons/dialogic/Modules/Choice/settings_choices.tscn
.. Loading resource: res://addons/dialogic/Modules/Choice/settings_choices.gd
.. Loading resource: res://addons/dialogic/Editor/Common/hint_tooltip_icon.tscn
.. Loading resource: res://addons/dialogic/Modules/History/settings_history.tscn
.. Loading resource: res://addons/dialogic/Modules/History/settings_history.gd
.. Loading resource: res://addons/dialogic/Editor/Common/hint_tooltip_icon.tscn
.. Loading resource: res://addons/dialogic/Modules/Audio/settings_audio.tscn
.. Loading resource: res://addons/dialogic/Modules/Audio/settings_audio.gd
.. Loading resource: res://addons/dialogic/Editor/Common/hint_tooltip_icon.tscn
.. Loading resource: res://addons/dialogic/Modules/Character/settings_portraits.tscn
.. Loading resource: res://addons/dialogic/Modules/Character/settings_portraits.gd
.. Loading resource: res://addons/dialogic/Editor/Common/hint_tooltip_icon.tscn
.. Loading resource: res://addons/dialogic/Editor/Events/Fields/field_file.tscn
.. Loading resource: res://addons/dialogic/Modules/Save/settings_save.tscn
.. Loading resource: res://addons/dialogic/Modules/Save/settings_save.gd
.. Loading resource: res://addons/dialogic/Editor/Common/hint_tooltip_icon.tscn
.. Loading resource: res://addons/dialogic/Editor/Events/styles/ResourceMenuPanelBackground.tres
.. Loading resource: res://addons/dialogic/Editor/Common/hint_tooltip_icon.tscn
.. Loading resource: res://addons/dialogic/Editor/Images/Toolbar/add-timeline.svg
.. Loading resource: res://.godot/imported/add-timeline.svg-86961b528ebdf01f585931a15fea1755.editor.ctex
.. Loading resource: res://addons/dialogic/Editor/TimelineEditor/VisualEditor/AddEventButton.tscn
.. Loading resource: res://addons/dialogic/Editor/TimelineEditor/VisualEditor/AddEventButton.gd
.. Loading resource: res://addons/dialogic/Modules/Signal/event_signal.gd
.. Loading resource: res://addons/dialogic/Modules/Jump/event_return.gd
.. Loading resource: res://addons/dialogic/Modules/Condition/event_condition.gd
.. Loading resource: res://addons/dialogic/Modules/History/event_history.gd
.. Loading resource: res://addons/dialogic/Modules/Audio/event_music.gd
.. Loading resource: res://addons/dialogic/Modules/Audio/event_sound.gd
.. Loading resource: res://addons/dialogic/Modules/Variable/event_variable.gd
.. Loading resource: res://addons/dialogic/Modules/Save/event_save.gd
.. Loading resource: res://addons/dialogic/Modules/Comment/event_comment.gd
.. Loading resource: res://addons/dialogic/Modules/Call/event_call.gd
.. Loading resource: res://addons/dialogic/Modules/Clear/event_clear.gd
.. Loading resource: res://addons/dialogic/Modules/Background/event_background.gd
.. Loading resource: res://addons/dialogic/Modules/Settings/event_setting.gd
.. Loading resource: res://addons/dialogic/Modules/TextInput/event_text_input.gd
.. Loading resource: res://addons/dialogic/Modules/WaitInput/event_wait_input.gd
.. Loading resource: res://addons/dialogic/Modules/Wait/event_wait.gd
.. Loading resource: res://addons/dialogic/Modules/Style/event_style.gd
.. Loading resource: res://addons/dialogic/Modules/End/event_end.gd
.. Loading resource: res://addons/dialogic/Modules/Signal/icon.png
.. Loading resource: res://.godot/imported/icon.png-5e2e422904d471016252dff8d4bdfa96.ctex
.. Loading resource: res://addons/dialogic/Modules/Voice/icon.png
.. Loading resource: res://.godot/imported/icon.png-85989da147a1404ecd08c88eac72cda1.ctex
.. Loading resource: res://addons/dialogic/Modules/Jump/icon_jump.png
.. Loading resource: res://.godot/imported/icon_jump.png-50f6cdd715fcbdbed16b43c5beb6b851.ctex
.. Loading resource: res://addons/dialogic/Modules/Jump/icon_label.png
.. Loading resource: res://.godot/imported/icon_label.png-3923bd1131990c8869923c838ffdb9ae.ctex
.. Loading resource: res://addons/dialogic/Modules/Jump/icon_return.svg
.. Loading resource: res://.godot/imported/icon_return.svg-dc7fb704ff391638f73cbbc2b30b32fa.editor.ctex
.. Loading resource: res://addons/dialogic/Modules/Condition/icon.svg
.. Loading resource: res://.godot/imported/icon.svg-502d45c064cc30f576b7b105a01357ce.editor.ctex
.. Loading resource: res://addons/dialogic/Modules/Choice/icon.svg
.. Loading resource: res://.godot/imported/icon.svg-372a9bfce8bea67fff1988d7acf09a9a.editor.ctex
.. Loading resource: res://addons/dialogic/Modules/History/icon.svg
.. Loading resource: res://.godot/imported/icon.svg-82841efe3f86e947d4f66fd24dc8f52c.editor.ctex
.. Loading resource: res://addons/dialogic/Modules/Audio/icon_music.png
.. Loading resource: res://.godot/imported/icon_music.png-ffc971ba1265164a55f745186974be5f.ctex
.. Loading resource: res://addons/dialogic/Modules/Audio/icon_sound.png
.. Loading resource: res://.godot/imported/icon_sound.png-7a1a8a5533773d97969b6311b6a9133f.ctex
.. Loading resource: res://addons/dialogic/Modules/Character/icon.svg
.. Loading resource: res://.godot/imported/icon.svg-4f340f6efbb83004dbd5c761dd1dc448.editor.ctex
.. Loading resource: res://addons/dialogic/Modules/Variable/icon.png
.. Loading resource: res://.godot/imported/icon.png-99064bb3920f49262c581fccbfcfc353.ctex
.. Loading resource: res://addons/dialogic/Modules/Save/icon.svg
.. Loading resource: res://.godot/imported/icon.svg-aad0408eebe298e9d92c76d6f2c79cf6.editor.ctex
.. Loading resource: res://addons/dialogic/Modules/Comment/icon.png
.. Loading resource: res://.godot/imported/icon.png-fab76b8a5886dac0012cf73c317dbee4.ctex
.. Loading resource: res://addons/dialogic/Modules/Call/icon.png
.. Loading resource: res://.godot/imported/icon.png-12e444f0ed59397c7537943ea85b475c.ctex
.. Loading resource: res://addons/dialogic/Modules/Clear/icon.png
.. Loading resource: res://.godot/imported/icon.png-b4986c88bf1e20891dc480c8f4703ca4.ctex
.. Loading resource: res://addons/dialogic/Modules/Background/icon.png
.. Loading resource: res://.godot/imported/icon.png-cab4c78f59b171335e340ba590cf5991.ctex
.. Loading resource: res://addons/dialogic/Modules/Settings/icon.svg
.. Loading resource: res://.godot/imported/icon.svg-d4407cb145fa5c1d965de3d2bd63ce5f.editor.ctex
.. Loading resource: res://addons/dialogic/Modules/TextInput/icon.png
.. Loading resource: res://.godot/imported/icon.png-aea103d18fdc694e2da87b3c5a56be35.ctex
.. Loading resource: res://addons/dialogic/Modules/WaitInput/icon.svg
.. Loading resource: res://.godot/imported/icon.svg-cb8e50b081a310c64183b12c6d12fcf2.editor.ctex
.. Loading resource: res://addons/dialogic/Modules/Wait/icon.svg
.. Loading resource: res://.godot/imported/icon.svg-7e9f52b17ae6e5e1f284e12048cb8f05.editor.ctex
.. Loading resource: res://addons/dialogic/Modules/Style/icon.png
.. Loading resource: res://.godot/imported/icon.png-ee52cc92a2b11ac2a101ff92d2eaaa7c.ctex
.. Loading resource: res://addons/dialogic/Modules/End/icon.png
.. Loading resource: res://.godot/imported/icon.png-8e345f81e023043fdbb4f75b1b0e9bb0.ctex
.. Loading resource: res://addons/dialogic/Modules/Text/icon.svg
.. Loading resource: res://.godot/imported/icon.svg-e2501ddcdef01c7f2c3538940f5abfc1.editor.ctex
.. Loading resource: res://addons/dialogic/Editor/Images/Toolbar/add-character.svg
.. Loading resource: res://.godot/imported/add-character.svg-a658b65c1225b02657a50d5c965e0d5e.editor.ctex
.. Loading resource: res://addons/dialogic/Editor/TimelineEditor/VisualEditor/AddEventButton.tscn
.. Loading resource: res://addons/dialogic/Editor/CharacterEditor/char_edit_section_general.tscn
.. Loading resource: res://addons/dialogic/Editor/CharacterEditor/char_edit_section_general.gd
.. Loading resource: res://addons/dialogic/Editor/Common/hint_tooltip_icon.tscn
.. Loading resource: res://addons/dialogic/Editor/CharacterEditor/char_edit_section_portraits.tscn
.. Loading resource: res://addons/dialogic/Editor/CharacterEditor/char_edit_section_portraits.gd
.. Loading resource: res://addons/dialogic/Editor/Events/Fields/field_vector2.tscn
.. Loading resource: res://addons/dialogic/Editor/Events/Fields/field_vector2.gd
.. Loading resource: res://addons/dialogic/Editor/Events/Fields/field_number.tscn
.. Loading resource: res://addons/dialogic/Editor/Images/Interactable/increment_icon.svg
.. Loading resource: res://.godot/imported/increment_icon.svg-081e6509e76349f0628c55a41e85fd65.editor.ctex
.. Loading resource: res://addons/dialogic/Editor/Images/Interactable/decrement_icon.svg
.. Loading resource: res://.godot/imported/decrement_icon.svg-9556cf56db91e200fb946372e010fd5e.editor.ctex
.. Loading resource: res://addons/dialogic/Editor/Images/Resources/portrait.svg
.. Loading resource: res://.godot/imported/portrait.svg-7d29c7cfe3e086d65dce33c3d66c48cd.editor.ctex
.. Loading resource: res://addons/dialogic/Editor/CharacterEditor/char_edit_p_section_main_exports.tscn
.. Loading resource: res://addons/dialogic/Editor/CharacterEditor/char_edit_p_section_main_exports.gd
.. Loading resource: res://addons/dialogic/Editor/CharacterEditor/char_edit_p_section_exports.tscn
.. Loading resource: res://addons/dialogic/Editor/CharacterEditor/char_edit_p_section_exports.gd
.. Loading resource: res://addons/dialogic/Editor/CharacterEditor/char_edit_p_section_main.tscn
.. Loading resource: res://addons/dialogic/Editor/CharacterEditor/char_edit_p_section_main.gd
.. Loading resource: res://addons/dialogic/Editor/Events/Fields/field_file.tscn
.. Loading resource: res://addons/dialogic/Editor/CharacterEditor/portrait_scene_browser.tscn
.. Loading resource: res://addons/dialogic/Editor/CharacterEditor/portrait_scene_browser.gd
.. Loading resource: res://addons/dialogic/Editor/Common/hint_tooltip_icon.tscn
.. Loading resource: res://addons/dialogic/Editor/CharacterEditor/char_edit_p_section_layout.tscn
.. Loading resource: res://addons/dialogic/Editor/CharacterEditor/char_edit_p_section_layout.gd
.. Loading resource: res://addons/dialogic/Editor/Events/Fields/field_vector2.tscn
.. Loading resource: res://addons/dialogic/Editor/Events/Fields/field_number.tscn
.. Loading resource: res://addons/dialogic/Modules/Text/character_settings/character_moods_settings.tscn
.. Loading resource: res://addons/dialogic/Modules/Text/character_settings/character_moods_settings.gd
.. Loading resource: res://addons/dialogic/Editor/Events/Fields/field_file.tscn
.. Loading resource: res://addons/dialogic/Editor/Events/Fields/field_number.tscn
.. Loading resource: res://addons/dialogic/Modules/Text/node_type_sound.gd
.. Loading resource: res://addons/dialogic/Editor/Common/hint_tooltip_icon.tscn
.. Loading resource: res://addons/dialogic/Modules/Text/character_settings/character_portrait_mood_settings.tscn
.. Loading resource: res://addons/dialogic/Modules/Text/character_settings/character_portrait_mood_settings.gd
.. Loading resource: res://addons/dialogic/Modules/Style/character_settings_style.tscn
.. Loading resource: res://addons/dialogic/Modules/Style/character_settings_style.gd
.. Loading resource: res://addons/dialogic/Editor/Common/hint_tooltip_icon.tscn
.. Loading resource: res://addons/dialogic/Editor/Inspector/inspector_plugin.gd
.. Loading resource: res://addons/fuku/fuku.gd
.. Loading resource: res://addons/fuku/control.tscn
.. Loading resource: res://addons/fuku/control.gd
.. Loading resource: res://addons/fuku/JetBrainsMono-Medium.ttf
.. Loading resource: res://.godot/imported/JetBrainsMono-Medium.ttf-73d5538132d4c3677152115b43368fec.fontdata
.. Loading resource: res://addons/fuku/JetBrainsMono-ExtraBold.ttf
.. Loading resource: res://.godot/imported/JetBrainsMono-ExtraBold.ttf-924649c1cb7e0fb1c1793bd53f941716.fontdata
.. Loading resource: res://addons/fuku/fuku.png
.. Loading resource: res://.godot/imported/fuku.png-400f2ee485d6a2332e8c6e01d6c4d42e.ctex
.. No .env file found at: res://addons/fuku/.env
.. Loading resource: res://addons/gdUnit4/plugin.gd
.. \u001b[38;2;218;165;32mIt was recognized that GdUnit4 is running in a test environment, therefore the GdUnit4 plugin will not be executed!\u001b[0m
.. Loading resource: res://addons/godot_xterm/plugin.gd
.. Loading resource: res://addons/godot_xterm/editor_plugins/terminal/terminal_panel.tscn
.. Loading resource: res://addons/godot_xterm/editor_plugins/terminal/terminal_panel.gd
.. Loading resource: res://addons/godot_xterm/editor_plugins/terminal/editor_terminal.tscn
.. Loading resource: res://addons/godot_xterm/editor_plugins/terminal/editor_terminal.gd
.. Loading resource: res://addons/godot_xterm/editor_plugins/terminal/settings/default_new_terminal_shortcut.tres
.. Loading resource: res://addons/godot_xterm/editor_plugins/terminal/settings/default_kill_terminal_shortcut.tres
.. Loading resource: res://addons/godot_xterm/editor_plugins/terminal/settings/default_copy_shortcut.tres
.. Loading resource: res://addons/godot_xterm/editor_plugins/terminal/settings/default_paste_shortcut.tres
.. Loading resource: res://addons/godot_xterm/editor_plugins/terminal/settings/default_tab_right_shortcut.tres
.. Loading resource: res://addons/godot_xterm/editor_plugins/terminal/settings/default_tab_left_shortcut.tres
.. Loading resource: res://addons/type_writer_label/twl_init.gd
.. Loading resource: res://addons/type_writer_label/classes/type_writer_label_icon.svg
.. Loading resource: res://.godot/imported/type_writer_label_icon.svg-4ed2f6ad1e9b0ca97691e0060c880e78.ctex
.. [  83% ] \u001b[90m\u001b[1mfirst_scan_filesystem\u001b[22m | Starting file scan...\u001b[39m\u001b[0m
.. \u001b[92m[ DONE ]\u001b[39m \u001b[1mfirst_scan_filesystem\u001b[22m
.. \u001b[0m
.. [   0% ] \u001b[90m\u001b[1mloading_editor_layout\u001b[22m | Started Loading editor (5 steps)\u001b[39m\u001b[0m
.. [   0% ] \u001b[90m\u001b[1mloading_editor_layout\u001b[22m | Loading editor layout...\u001b[39m\u001b[0m
.. [  16% ] \u001b[90m\u001b[1mloading_editor_layout\u001b[22m | Loading docks...\u001b[39m\u001b[0m
.. [  33% ] \u001b[90m\u001b[1mloading_editor_layout\u001b[22m | Reopening scenes...\u001b[39m\u001b[0m
.. Loading resource: res://source/ui/menus/main_menu.tscn
.. Loading resource: res://source/ui/menus/MainMenu.cs
.. Loading resource: res://source/ui/menus/MenuUi.cs
.. Loading resource: res://source/ui/omega/OmegaUi.cs
.. Loading resource: res://source/shaders/pulsing_background.tres
.. Loading resource: res://source/shaders/pulsing_background.gdshader
.. Loading resource: res://source/shaders/crt_phosphor.tres
.. Loading resource: res://source/shaders/crt_phosphor.gdshader
.. Loading resource: res://source/shaders/crt_scanlines.tres
.. Loading resource: res://source/shaders/crt_scanlines.gdshader
.. Loading resource: res://source/shaders/crt_glitch.tres
.. Loading resource: res://source/shaders/crt_glitch.gdshader
.. [  50% ] \u001b[90m\u001b[1mloading_editor_layout\u001b[22m | Loading central editor layout...\u001b[39m\u001b[0m
.. [  66% ] \u001b[90m\u001b[1mloading_editor_layout\u001b[22m | Loading plugin window layout...\u001b[39m\u001b[0m
.. [  83% ] \u001b[90m\u001b[1mloading_editor_layout\u001b[22m | Editor layout ready.\u001b[39m\u001b[0m
.. \u001b[92m[ DONE ]\u001b[39m \u001b[1mloading_editor_layout\u001b[22m
.. \u001b[0m
.. Failed to bind socket. Error: 3.
.. thirdparty/mbedtls/library/ssl_tls13_generic.c:1552: 0x45b1ebc8: Perform PSA-based ECDH/FFDH computation.
.. thirdparty/mbedtls/library/ssl_tls13_client.c:1950: 0x45b1ebc8: Switch to handshake keys for inbound traffic
.. thirdparty/mbedtls/library/ssl_tls13_generic.c:0403: 0x45b1ebc8: mbedtls_ssl_tls13_process_certificate_verify() returned 0 (-0x0000)
.. thirdparty/mbedtls/library/ssl_tls13_client.c:2639: 0x45b1ebc8: Switch to handshake traffic keys for outbound traffic
.. thirdparty/mbedtls/library/ssl_tls13_generic.c:1235: 0x45b1ebc8: Switch to application keys for inbound traffic
.. thirdparty/mbedtls/library/ssl_tls13_generic.c:1238: 0x45b1ebc8: Switch to application keys for outbound traffic
.. Unloading addon: res://addons/dialogic/plugin.cfg
.. Unloading addon: res://addons/fuku/plugin.cfg
.. Unloading addon: res://addons/gdUnit4/plugin.cfg
.. Unloading addon: res://addons/godot_xterm/plugin.cfg
.. Unloading addon: res://addons/type_writer_label/plugin.cfg
.. Script docs haven't been properly loaded or regenerated, so don't save them to disk.
.. EditorSettings: Save OK!
.. Unloading: Disposing tracked instances...
.. Unloading: Finished disposing tracked instances.
.. XR: Clearing primary interface
.. XR: Removed interface "Native mobile"
.. XR: Removed interface "OpenXR"
:: WARNING: ObjectDB instances leaked at exit (run with --verbose for details).
:: at: cleanup (core/object/object.cpp:2570)
.. Leaked instance: UndoRedo:2134481391902
.. Hint: Leaked instances typically happen when nodes are removed from the scene tree (with `remove_child()`) but not freed (with `free()` or `queue_free()`).
.. Orphan StringName: RenderingDevice (static: 2, total: 4)
.. Orphan StringName: Mesh (static: 18, total: 22)
.. Orphan StringName: Tween (static: 2, total: 6)
.. Orphan StringName: Shader (static: 3, total: 7)
.. Orphan StringName: JSON (static: 2, total: 4)
.. Orphan StringName: PTY (static: 0, total: 2)
.. Orphan StringName: ImageTexture (static: 5, total: 7)
.. Orphan StringName: Semaphore (static: 2, total: 4)
.. Orphan StringName: Terminal (static: 0, total: 2)
.. Orphan StringName: MainLoop (static: 3, total: 7)
.. Orphan StringName: TriangleMesh (static: 2, total: 6)
.. Orphan StringName: InputEvent (static: 18, total: 22)
.. Orphan StringName: InputEventMouse (static: 4, total: 6)
.. Orphan StringName: ThemeDB (static: 2, total: 4)
.. Orphan StringName: InputEventWithModifiers (static: 9, total: 11)
.. Orphan StringName: Control (static: 218, total: 220)
.. Orphan StringName: Shape3D (static: 11, total: 15)
.. Orphan StringName: Input (static: 2, total: 4)
.. Orphan StringName: InputEventFromWindow (static: 12, total: 14)
.. Orphan StringName: ResourceLoader (static: 2, total: 6)
.. Orphan StringName: SchemaValidationResult (static: 0, total: 2)
.. Orphan StringName: Font (static: 5, total: 9)
.. Orphan StringName: RenderingServer (static: 2, total: 4)
.. Orphan StringName: Image (static: 2, total: 6)
.. Orphan StringName: Resource (static: 463, total: 467)
.. Orphan StringName: StyleBoxFlat (static: 5, total: 7)
.. Orphan StringName: Schema (static: 0, total: 2)
.. Orphan StringName: OS (static: 2, total: 4)
.. Orphan StringName: Viewport (static: 59, total: 63)
.. Orphan StringName: MultiplayerAPI (static: 4, total: 8)
.. Orphan StringName: Timer (static: 2, total: 4)
.. Orphan StringName: DisplayServer (static: 2, total: 4)
.. Orphan StringName: Marshalls (static: 2, total: 4)
.. Orphan StringName: FileAccess (static: 2, total: 4)
.. Orphan StringName: Mutex (static: 2, total: 6)
.. Orphan StringName: ConcavePolygonShape3D (static: 2, total: 6)
.. Orphan StringName: Thread (static: 2, total: 4)
.. Orphan StringName: RegExMatch (static: 2, total: 4)
.. Orphan StringName: CanvasItem (static: 266, total: 270)
.. Orphan StringName: SceneTree (static: 2, total: 6)
.. Orphan StringName: InputEventMouseMotion (static: 2, total: 4)
.. Orphan StringName: InputEventMouseButton (static: 2, total: 4)
.. Orphan StringName: WeakRef (static: 2, total: 4)
.. Orphan StringName: YAMLSecurity (static: 0, total: 2)
.. Orphan StringName: Texture (static: 44, total: 48)
.. Orphan StringName: CanvasLayer (static: 3, total: 7)
.. Orphan StringName: World2D (static: 2, total: 6)
.. Orphan StringName: ShaderMaterial (static: 2, total: 4)
.. Orphan StringName: Material (static: 13, total: 17)
.. Orphan StringName: Node (static: 560, total: 565)
.. Orphan StringName: ProjectSettings (static: 2, total: 6)
.. Orphan StringName: TextServer (static: 5, total: 9)
.. Orphan StringName: RefCounted (static: 788, total: 792)
.. Orphan StringName: Object (static: 1464, total: 1468)
.. Orphan StringName: Theme (static: 3, total: 7)
.. Orphan StringName: YAMLResult (static: 0, total: 2)
.. Orphan StringName: YAMLStyle (static: 0, total: 2)
.. Orphan StringName: RDPipelineSpecializationConstant (static: 2, total: 4)
.. Orphan StringName: ConvexPolygonShape3D (static: 2, total: 6)
.. Orphan StringName: InputEventKey (static: 2, total: 4)
.. Orphan StringName: ResourceFormatLoader (static: 2, total: 6)
.. Orphan StringName: MultiMesh (static: 2, total: 6)
.. Orphan StringName: Texture2D (static: 20, total: 24)
.. Orphan StringName: Window (static: 62, total: 66)
.. Orphan StringName: StyleBox (static: 6, total: 10)
.. Orphan StringName: ClassDB (static: 2, total: 6)
.. Orphan StringName: RegEx (static: 2, total: 4)
.. Orphan StringName: Script (static: 12, total: 14)
.. Orphan StringName: YAML (static: 0, total: 2)
.. StringName: 69 unclaimed string names at exit.
Rebuild Godot Project ends with exit code: 0

======== Running GdUnit4 Godot Runtime Test Runner ========
    &amp;#x1B;[92m&amp;#x2713; Component lifecycle managed properly&amp;#x1B;[39m&amp;#x1B;[0m
    Expected viewport center: (960, 540)
    Expected label rect: (935, 515), (50, 50)
:: ERROR: Cannot open file 'res://tests/fixtures/menu_ui_test_fixture.tscn'.
:: at: load (scene/resources/resource_format_text.cpp:1409)
:: C# backtrace (most recent call first):
:: [0] Godot.GodotObject Godot.NativeCalls.godot_icall_3_761(nint, nint, string, string, int) (/root/godot/modules/mono/glue/GodotSharp/GodotSharp/Generated/NativeCalls.cs:6854)
:: [1] Godot.Resource Godot.ResourceLoader.Load(string, string, Godot.ResourceLoader+CacheMode) (/root/godot/modules/mono/glue/GodotSharp/GodotSharp/Generated/GodotObjects/ResourceLoader.cs:120)
:: [2] T Godot.ResourceLoader.Load&lt;T&gt;(string, string, Godot.ResourceLoader+CacheMode) (/root/godot/modules/mono/glue/GodotSharp/GodotSharp/Core/Extensions/ResourceLoaderExtensions.cs:27)
:: [3] T Godot.GD.Load&lt;T&gt;(string) (/root/godot/modules/mono/glue/GodotSharp/GodotSharp/Core/GD.cs:129)
:: [4] void OmegaSpiral.Tests.Integration.SceneLoadingAndViewportTests.MenuFixture_NeverRendersOffscreen() (/home/adam/Dev/omega-spiral/chapter-zero/tests/integration/SceneLoadingAndViewportTests.cs:76)
:: [5] void System.RuntimeMethodHandle.InvokeMethod(System.Runtime.CompilerServices.ObjectHandleOnStack, System.Void**, System.Runtime.CompilerServices.ObjectHandleOnStack, Interop+BOOL, System.Runtime.CompilerServices.ObjectHandleOnStack)
:: [6] void System.RuntimeMethodHandle.InvokeMethod(System.Runtime.CompilerServices.ObjectHandleOnStack, System.Void**, System.Runtime.CompilerServices.ObjectHandleOnStack, Interop+BOOL, System.Runtime.CompilerServices.ObjectHandleOnStack)
:: [7] object System.Reflection.MethodBaseInvoker.InterpretedInvoke_Method(object, System.IntPtr*)
:: [8] object System.Reflection.RuntimeMethodInfo.Invoke(object, System.Reflection.BindingFlags, System.Reflection.Binder, System.Object[], System.Globalization.CultureInfo)
:: [9] void GdUnit4.Core.Execution.ExecutionStage`1+&lt;ExecuteStage&gt;d__37.MoveNext()
:: [10] void System.Runtime.CompilerServices.AsyncTaskMethodBuilder.Start&lt;TStateMachine&gt;(TStateMachine&amp;)
:: [11] System.Threading.Tasks.Task GdUnit4.Core.Execution.ExecutionStage`1.ExecuteStage(GdUnit4.Core.Execution.ExecutionContext)
:: [12] void GdUnit4.Core.Execution.ExecutionStage`1+&lt;Execute&gt;d__30.MoveNext()
:: [13] void System.Runtime.CompilerServices.AsyncTaskMethodBuilder.Start&lt;TStateMachine&gt;(TStateMachine&amp;)
:: [14] System.Threading.Tasks.Task GdUnit4.Core.Execution.ExecutionStage`1.Execute(GdUnit4.Core.Execution.ExecutionContext)
:: [15] System.Threading.Tasks.Task GdUnit4.Core.Execution.TestCaseExecutionStage.&lt;&gt;n__0(GdUnit4.Core.Execution.ExecutionContext)
:: [16] void GdUnit4.Core.Execution.TestCaseExecutionStage+&lt;Execute&gt;d__1.MoveNext()
:: [17] void System.Runtime.CompilerServices.AsyncTaskMethodBuilder.Start&lt;TStateMachine&gt;(TStateMachine&amp;)
:: [18] System.Threading.Tasks.Task GdUnit4.Core.Execution.TestCaseExecutionStage.Execute(GdUnit4.Core.Execution.ExecutionContext)
:: [19] void GdUnit4.Core.Execution.TestSuiteExecutionStage+&lt;RunTestCase&gt;d__15.MoveNext()
:: [20] void System.Threading.ExecutionContext.RunInternal(System.Threading.ExecutionContext, System.Threading.ContextCallback, object)
:: [21] void System.Runtime.CompilerServices.AsyncTaskMethodBuilder`1+AsyncStateMachineBox`1.MoveNext(System.Threading.Thread)
:: [22] void System.Threading.Tasks.AwaitTaskContinuation.RunCallback(System.Threading.ContextCallback, object, System.Threading.Tasks.Task&amp;)
:: [23] void System.Threading.Tasks.Task.RunContinuations(object)
:: [24] void System.Runtime.CompilerServices.AsyncTaskMethodBuilder.SetResult()
:: [25] void GdUnit4.Core.Execution.BeforeTestExecutionStage+&lt;Execute&gt;d__1.MoveNext()
:: [26] void System.Threading.ExecutionContext.RunInternal(System.Threading.ExecutionContext, System.Threading.ContextCallback, object)
:: [27] void System.Runtime.CompilerServices.AsyncTaskMethodBuilder`1+AsyncStateMachineBox`1.MoveNext(System.Threading.Thread)
:: [28] void System.Threading.Tasks.AwaitTaskContinuation.RunCallback(System.Threading.ContextCallback, object, System.Threading.Tasks.Task&amp;)
:: [29] void System.Threading.Tasks.Task.RunContinuations(object)
:: [30] void System.Runtime.CompilerServices.AsyncTaskMethodBuilder.SetResult()
:: [31] void GdUnit4.Core.Execution.ExecutionStage`1+&lt;Execute&gt;d__30.MoveNext()
:: [32] void System.Threading.ExecutionContext.RunInternal(System.Threading.ExecutionContext, System.Threading.ContextCallback, object)
:: [33] void System.Runtime.CompilerServices.AsyncTaskMethodBuilder`1+AsyncStateMachineBox`1.MoveNext(System.Threading.Thread)
:: [34] void Godot.GodotSynchronizationContext.ExecutePendingContinuations() (/root/godot/modules/mono/glue/GodotSharp/GodotSharp/Core/GodotSynchronizationContext.cs:51)
:: [35] void Godot.GodotTaskScheduler.Activate() (/root/godot/modules/mono/glue/GodotSharp/GodotSharp/Core/GodotTaskScheduler.cs:76)
:: [36] void Godot.Bridge.ScriptManagerBridge.FrameCallback() (/root/godot/modules/mono/glue/GodotSharp/GodotSharp/Core/Bridge/ScriptManagerBridge.cs:84)
:: ERROR: Failed loading resource: res://tests/fixtures/menu_ui_test_fixture.tscn.
:: at: _load (core/io/resource_loader.cpp:343)
:: C# backtrace (most recent call first):
:: [0] Godot.GodotObject Godot.NativeCalls.godot_icall_3_761(nint, nint, string, string, int) (/root/godot/modules/mono/glue/GodotSharp/GodotSharp/Generated/NativeCalls.cs:6854)
:: [1] Godot.Resource Godot.ResourceLoader.Load(string, string, Godot.ResourceLoader+CacheMode) (/root/godot/modules/mono/glue/GodotSharp/GodotSharp/Generated/GodotObjects/ResourceLoader.cs:120)
:: [2] T Godot.ResourceLoader.Load&lt;T&gt;(string, string, Godot.ResourceLoader+CacheMode) (/root/godot/modules/mono/glue/GodotSharp/GodotSharp/Core/Extensions/ResourceLoaderExtensions.cs:27)
:: [3] T Godot.GD.Load&lt;T&gt;(string) (/root/godot/modules/mono/glue/GodotSharp/GodotSharp/Core/GD.cs:129)
:: [4] void OmegaSpiral.Tests.Integration.SceneLoadingAndViewportTests.MenuFixture_NeverRendersOffscreen() (/home/adam/Dev/omega-spiral/chapter-zero/tests/integration/SceneLoadingAndViewportTests.cs:76)
:: [5] void System.RuntimeMethodHandle.InvokeMethod(System.Runtime.CompilerServices.ObjectHandleOnStack, System.Void**, System.Runtime.CompilerServices.ObjectHandleOnStack, Interop+BOOL, System.Runtime.CompilerServices.ObjectHandleOnStack)
:: [6] void System.RuntimeMethodHandle.InvokeMethod(System.Runtime.CompilerServices.ObjectHandleOnStack, System.Void**, System.Runtime.CompilerServices.ObjectHandleOnStack, Interop+BOOL, System.Runtime.CompilerServices.ObjectHandleOnStack)
:: [7] object System.Reflection.MethodBaseInvoker.InterpretedInvoke_Method(object, System.IntPtr*)
:: [8] object System.Reflection.RuntimeMethodInfo.Invoke(object, System.Reflection.BindingFlags, System.Reflection.Binder, System.Object[], System.Globalization.CultureInfo)
:: [9] void GdUnit4.Core.Execution.ExecutionStage`1+&lt;ExecuteStage&gt;d__37.MoveNext()
:: [10] void System.Runtime.CompilerServices.AsyncTaskMethodBuilder.Start&lt;TStateMachine&gt;(TStateMachine&amp;)
:: [11] System.Threading.Tasks.Task GdUnit4.Core.Execution.ExecutionStage`1.ExecuteStage(GdUnit4.Core.Execution.ExecutionContext)
:: [12] void GdUnit4.Core.Execution.ExecutionStage`1+&lt;Execute&gt;d__30.MoveNext()
:: [13] void System.Runtime.CompilerServices.AsyncTaskMethodBuilder.Start&lt;TStateMachine&gt;(TStateMachine&amp;)
:: [14] System.Threading.Tasks.Task GdUnit4.Core.Execution.ExecutionStage`1.Execute(GdUnit4.Core.Execution.ExecutionContext)
:: [15] System.Threading.Tasks.Task GdUnit4.Core.Execution.TestCaseExecutionStage.&lt;&gt;n__0(GdUnit4.Core.Execution.ExecutionContext)
:: [16] void GdUnit4.Core.Execution.TestCaseExecutionStage+&lt;Execute&gt;d__1.MoveNext()
:: [17] void System.Runtime.CompilerServices.AsyncTaskMethodBuilder.Start&lt;TStateMachine&gt;(TStateMachine&amp;)
:: [18] System.Threading.Tasks.Task GdUnit4.Core.Execution.TestCaseExecutionStage.Execute(GdUnit4.Core.Execution.ExecutionContext)
:: [19] void GdUnit4.Core.Execution.TestSuiteExecutionStage+&lt;RunTestCase&gt;d__15.MoveNext()
:: [20] void System.Threading.ExecutionContext.RunInternal(System.Threading.ExecutionContext, System.Threading.ContextCallback, object)
:: [21] void System.Runtime.CompilerServices.AsyncTaskMethodBuilder`1+AsyncStateMachineBox`1.MoveNext(System.Threading.Thread)
:: [22] void System.Threading.Tasks.AwaitTaskContinuation.RunCallback(System.Threading.ContextCallback, object, System.Threading.Tasks.Task&amp;)
:: [23] void System.Threading.Tasks.Task.RunContinuations(object)
:: [24] void System.Runtime.CompilerServices.AsyncTaskMethodBuilder.SetResult()
:: [25] void GdUnit4.Core.Execution.BeforeTestExecutionStage+&lt;Execute&gt;d__1.MoveNext()
:: [26] void System.Threading.ExecutionContext.RunInternal(System.Threading.ExecutionContext, System.Threading.ContextCallback, object)
:: [27] void System.Runtime.CompilerServices.AsyncTaskMethodBuilder`1+AsyncStateMachineBox`1.MoveNext(System.Threading.Thread)
:: [28] void System.Threading.Tasks.AwaitTaskContinuation.RunCallback(System.Threading.ContextCallback, object, System.Threading.Tasks.Task&amp;)
:: [29] void System.Threading.Tasks.Task.RunContinuations(object)
:: [30] void System.Runtime.CompilerServices.AsyncTaskMethodBuilder.SetResult()
:: [31] void GdUnit4.Core.Execution.ExecutionStage`1+&lt;Execute&gt;d__30.MoveNext()
:: [32] void System.Threading.ExecutionContext.RunInternal(System.Threading.ExecutionContext, System.Threading.ContextCallback, object)
:: [33] void System.Runtime.CompilerServices.AsyncTaskMethodBuilder`1+AsyncStateMachineBox`1.MoveNext(System.Threading.Thread)
:: [34] void Godot.GodotSynchronizationContext.ExecutePendingContinuations() (/root/godot/modules/mono/glue/GodotSharp/GodotSharp/Core/GodotSynchronizationContext.cs:51)
:: [35] void Godot.GodotTaskScheduler.Activate() (/root/godot/modules/mono/glue/GodotSharp/GodotSharp/Core/GodotTaskScheduler.cs:76)
:: [36] void Godot.Bridge.ScriptManagerBridge.FrameCallback() (/root/godot/modules/mono/glue/GodotSharp/GodotSharp/Core/Bridge/ScriptManagerBridge.cs:84)
:: ERROR: Error loading resource: 'res://tests/fixtures/menu_ui_test_fixture.tscn'.
:: at: load (core/core_bind.cpp:76)
:: C# backtrace (most recent call first):
:: [0] Godot.GodotObject Godot.NativeCalls.godot_icall_3_761(nint, nint, string, string, int) (/root/godot/modules/mono/glue/GodotSharp/GodotSharp/Generated/NativeCalls.cs:6854)
:: [1] Godot.Resource Godot.ResourceLoader.Load(string, string, Godot.ResourceLoader+CacheMode) (/root/godot/modules/mono/glue/GodotSharp/GodotSharp/Generated/GodotObjects/ResourceLoader.cs:120)
:: [2] T Godot.ResourceLoader.Load&lt;T&gt;(string, string, Godot.ResourceLoader+CacheMode) (/root/godot/modules/mono/glue/GodotSharp/GodotSharp/Core/Extensions/ResourceLoaderExtensions.cs:27)
:: [3] T Godot.GD.Load&lt;T&gt;(string) (/root/godot/modules/mono/glue/GodotSharp/GodotSharp/Core/GD.cs:129)
:: [4] void OmegaSpiral.Tests.Integration.SceneLoadingAndViewportTests.MenuFixture_NeverRendersOffscreen() (/home/adam/Dev/omega-spiral/chapter-zero/tests/integration/SceneLoadingAndViewportTests.cs:76)
:: [5] void System.RuntimeMethodHandle.InvokeMethod(System.Runtime.CompilerServices.ObjectHandleOnStack, System.Void**, System.Runtime.CompilerServices.ObjectHandleOnStack, Interop+BOOL, System.Runtime.CompilerServices.ObjectHandleOnStack)
:: [6] void System.RuntimeMethodHandle.InvokeMethod(System.Runtime.CompilerServices.ObjectHandleOnStack, System.Void**, System.Runtime.CompilerServices.ObjectHandleOnStack, Interop+BOOL, System.Runtime.CompilerServices.ObjectHandleOnStack)
:: [7] object System.Reflection.MethodBaseInvoker.InterpretedInvoke_Method(object, System.IntPtr*)
:: [8] object System.Reflection.RuntimeMethodInfo.Invoke(object, System.Reflection.BindingFlags, System.Reflection.Binder, System.Object[], System.Globalization.CultureInfo)
:: [9] void GdUnit4.Core.Execution.ExecutionStage`1+&lt;ExecuteStage&gt;d__37.MoveNext()
:: [10] void System.Runtime.CompilerServices.AsyncTaskMethodBuilder.Start&lt;TStateMachine&gt;(TStateMachine&amp;)
:: [11] System.Threading.Tasks.Task GdUnit4.Core.Execution.ExecutionStage`1.ExecuteStage(GdUnit4.Core.Execution.ExecutionContext)
:: [12] void GdUnit4.Core.Execution.ExecutionStage`1+&lt;Execute&gt;d__30.MoveNext()
:: [13] void System.Runtime.CompilerServices.AsyncTaskMethodBuilder.Start&lt;TStateMachine&gt;(TStateMachine&amp;)
:: [14] System.Threading.Tasks.Task GdUnit4.Core.Execution.ExecutionStage`1.Execute(GdUnit4.Core.Execution.ExecutionContext)
:: [15] System.Threading.Tasks.Task GdUnit4.Core.Execution.TestCaseExecutionStage.&lt;&gt;n__0(GdUnit4.Core.Execution.ExecutionContext)
:: [16] void GdUnit4.Core.Execution.TestCaseExecutionStage+&lt;Execute&gt;d__1.MoveNext()
:: [17] void System.Runtime.CompilerServices.AsyncTaskMethodBuilder.Start&lt;TStateMachine&gt;(TStateMachine&amp;)
:: [18] System.Threading.Tasks.Task GdUnit4.Core.Execution.TestCaseExecutionStage.Execute(GdUnit4.Core.Execution.ExecutionContext)
:: [19] void GdUnit4.Core.Execution.TestSuiteExecutionStage+&lt;RunTestCase&gt;d__15.MoveNext()
:: [20] void System.Threading.ExecutionContext.RunInternal(System.Threading.ExecutionContext, System.Threading.ContextCallback, object)
:: [21] void System.Runtime.CompilerServices.AsyncTaskMethodBuilder`1+AsyncStateMachineBox`1.MoveNext(System.Threading.Thread)
:: [22] void System.Threading.Tasks.AwaitTaskContinuation.RunCallback(System.Threading.ContextCallback, object, System.Threading.Tasks.Task&amp;)
:: [23] void System.Threading.Tasks.Task.RunContinuations(object)
:: [24] void System.Runtime.CompilerServices.AsyncTaskMethodBuilder.SetResult()
:: [25] void GdUnit4.Core.Execution.BeforeTestExecutionStage+&lt;Execute&gt;d__1.MoveNext()
:: [26] void System.Threading.ExecutionContext.RunInternal(System.Threading.ExecutionContext, System.Threading.ContextCallback, object)
:: [27] void System.Runtime.CompilerServices.AsyncTaskMethodBuilder`1+AsyncStateMachineBox`1.MoveNext(System.Threading.Thread)
:: [28] void System.Threading.Tasks.AwaitTaskContinuation.RunCallback(System.Threading.ContextCallback, object, System.Threading.Tasks.Task&amp;)
:: [29] void System.Threading.Tasks.Task.RunContinuations(object)
:: [30] void System.Runtime.CompilerServices.AsyncTaskMethodBuilder.SetResult()
:: [31] void GdUnit4.Core.Execution.ExecutionStage`1+&lt;Execute&gt;d__30.MoveNext()
:: [32] void System.Threading.ExecutionContext.RunInternal(System.Threading.ExecutionContext, System.Threading.ContextCallback, object)
:: [33] void System.Runtime.CompilerServices.AsyncTaskMethodBuilder`1+AsyncStateMachineBox`1.MoveNext(System.Threading.Thread)
:: [34] void Godot.GodotSynchronizationContext.ExecutePendingContinuations() (/root/godot/modules/mono/glue/GodotSharp/GodotSharp/Core/GodotSynchronizationContext.cs:51)
:: [35] void Godot.GodotTaskScheduler.Activate() (/root/godot/modules/mono/glue/GodotSharp/GodotSharp/Core/GodotTaskScheduler.cs:76)
:: [36] void Godot.Bridge.ScriptManagerBridge.FrameCallback() (/root/godot/modules/mono/glue/GodotSharp/GodotSharp/Core/Bridge/ScriptManagerBridge.cs:84)
:: ERROR: Cannot open file 'res://source/stages/stage_0_start/main_menu.tscn'.
:: at: load (scene/resources/resource_format_text.cpp:1409)
:: C# backtrace (most recent call first):
:: [0] Godot.GodotObject Godot.NativeCalls.godot_icall_3_761(nint, nint, string, string, int) (/root/godot/modules/mono/glue/GodotSharp/GodotSharp/Generated/NativeCalls.cs:6854)
:: [1] Godot.Resource Godot.ResourceLoader.Load(string, string, Godot.ResourceLoader+CacheMode) (/root/godot/modules/mono/glue/GodotSharp/GodotSharp/Generated/GodotObjects/ResourceLoader.cs:120)
:: [2] T Godot.ResourceLoader.Load&lt;T&gt;(string, string, Godot.ResourceLoader+CacheMode) (/root/godot/modules/mono/glue/GodotSharp/GodotSharp/Core/Extensions/ResourceLoaderExtensions.cs:27)
:: [3] T Godot.GD.Load&lt;T&gt;(string) (/root/godot/modules/mono/glue/GodotSharp/GodotSharp/Core/GD.cs:129)
:: [4] void OmegaSpiral.Tests.Integration.SceneLoadingAndViewportTests.AnyScene_LoadsWithinViewportBounds() (/home/adam/Dev/omega-spiral/chapter-zero/tests/integration/SceneLoadingAndViewportTests.cs:107)
:: [5] void System.RuntimeMethodHandle.InvokeMethod(System.Runtime.CompilerServices.ObjectHandleOnStack, System.Void**, System.Runtime.CompilerServices.ObjectHandleOnStack, Interop+BOOL, System.Runtime.CompilerServices.ObjectHandleOnStack)
:: [6] void System.RuntimeMethodHandle.InvokeMethod(System.Runtime.CompilerServices.ObjectHandleOnStack, System.Void**, System.Runtime.CompilerServices.ObjectHandleOnStack, Interop+BOOL, System.Runtime.CompilerServices.ObjectHandleOnStack)
:: [7] object System.Reflection.MethodBaseInvoker.InterpretedInvoke_Method(object, System.IntPtr*)
:: [8] object System.Reflection.RuntimeMethodInfo.Invoke(object, System.Reflection.BindingFlags, System.Reflection.Binder, System.Object[], System.Globalization.CultureInfo)
:: [9] void GdUnit4.Core.Execution.ExecutionStage`1+&lt;ExecuteStage&gt;d__37.MoveNext()
:: [10] void System.Runtime.CompilerServices.AsyncTaskMethodBuilder.Start&lt;TStateMachine&gt;(TStateMachine&amp;)
:: [11] System.Threading.Tasks.Task GdUnit4.Core.Execution.ExecutionStage`1.ExecuteStage(GdUnit4.Core.Execution.ExecutionContext)
:: [12] void GdUnit4.Core.Execution.ExecutionStage`1+&lt;Execute&gt;d__30.MoveNext()
:: [13] void System.Runtime.CompilerServices.AsyncTaskMethodBuilder.Start&lt;TStateMachine&gt;(TStateMachine&amp;)
:: [14] System.Threading.Tasks.Task GdUnit4.Core.Execution.ExecutionStage`1.Execute(GdUnit4.Core.Execution.ExecutionContext)
:: [15] System.Threading.Tasks.Task GdUnit4.Core.Execution.TestCaseExecutionStage.&lt;&gt;n__0(GdUnit4.Core.Execution.ExecutionContext)
:: [16] void GdUnit4.Core.Execution.TestCaseExecutionStage+&lt;Execute&gt;d__1.MoveNext()
:: [17] void System.Runtime.CompilerServices.AsyncTaskMethodBuilder.Start&lt;TStateMachine&gt;(TStateMachine&amp;)
:: [18] System.Threading.Tasks.Task GdUnit4.Core.Execution.TestCaseExecutionStage.Execute(GdUnit4.Core.Execution.ExecutionContext)
:: [19] void GdUnit4.Core.Execution.TestSuiteExecutionStage+&lt;RunTestCase&gt;d__15.MoveNext()
:: [20] void System.Threading.ExecutionContext.RunInternal(System.Threading.ExecutionContext, System.Threading.ContextCallback, object)
:: [21] void System.Runtime.CompilerServices.AsyncTaskMethodBuilder`1+AsyncStateMachineBox`1.MoveNext(System.Threading.Thread)
:: [22] void System.Threading.Tasks.AwaitTaskContinuation.RunCallback(System.Threading.ContextCallback, object, System.Threading.Tasks.Task&amp;)
:: [23] void System.Threading.Tasks.Task.RunContinuations(object)
:: [24] void System.Runtime.CompilerServices.AsyncTaskMethodBuilder.SetResult()
:: [25] void GdUnit4.Core.Execution.BeforeTestExecutionStage+&lt;Execute&gt;d__1.MoveNext()
:: [26] void System.Threading.ExecutionContext.RunInternal(System.Threading.ExecutionContext, System.Threading.ContextCallback, object)
:: [27] void System.Runtime.CompilerServices.AsyncTaskMethodBuilder`1+AsyncStateMachineBox`1.MoveNext(System.Threading.Thread)
:: [28] void System.Threading.Tasks.AwaitTaskContinuation.RunCallback(System.Threading.ContextCallback, object, System.Threading.Tasks.Task&amp;)
:: [29] void System.Threading.Tasks.Task.RunContinuations(object)
:: [30] void System.Runtime.CompilerServices.AsyncTaskMethodBuilder.SetResult()
:: [31] void GdUnit4.Core.Execution.ExecutionStage`1+&lt;Execute&gt;d__30.MoveNext()
:: [32] void System.Threading.ExecutionContext.RunInternal(System.Threading.ExecutionContext, System.Threading.ContextCallback, object)
:: [33] void System.Runtime.CompilerServices.AsyncTaskMethodBuilder`1+AsyncStateMachineBox`1.MoveNext(System.Threading.Thread)
:: [34] void Godot.GodotSynchronizationContext.ExecutePendingContinuations() (/root/godot/modules/mono/glue/GodotSharp/GodotSharp/Core/GodotSynchronizationContext.cs:51)
:: [35] void Godot.GodotTaskScheduler.Activate() (/root/godot/modules/mono/glue/GodotSharp/GodotSharp/Core/GodotTaskScheduler.cs:76)
:: [36] void Godot.Bridge.ScriptManagerBridge.FrameCallback() (/root/godot/modules/mono/glue/GodotSharp/GodotSharp/Core/Bridge/ScriptManagerBridge.cs:84)
:: ERROR: Failed loading resource: res://source/stages/stage_0_start/main_menu.tscn.
:: at: _load (core/io/resource_loader.cpp:343)
:: C# backtrace (most recent call first):
:: [0] Godot.GodotObject Godot.NativeCalls.godot_icall_3_761(nint, nint, string, string, int) (/root/godot/modules/mono/glue/GodotSharp/GodotSharp/Generated/NativeCalls.cs:6854)
:: [1] Godot.Resource Godot.ResourceLoader.Load(string, string, Godot.ResourceLoader+CacheMode) (/root/godot/modules/mono/glue/GodotSharp/GodotSharp/Generated/GodotObjects/ResourceLoader.cs:120)
:: [2] T Godot.ResourceLoader.Load&lt;T&gt;(string, string, Godot.ResourceLoader+CacheMode) (/root/godot/modules/mono/glue/GodotSharp/GodotSharp/Core/Extensions/ResourceLoaderExtensions.cs:27)
:: [3] T Godot.GD.Load&lt;T&gt;(string) (/root/godot/modules/mono/glue/GodotSharp/GodotSharp/Core/GD.cs:129)
:: [4] void OmegaSpiral.Tests.Integration.SceneLoadingAndViewportTests.AnyScene_LoadsWithinViewportBounds() (/home/adam/Dev/omega-spiral/chapter-zero/tests/integration/SceneLoadingAndViewportTests.cs:107)
:: [5] void System.RuntimeMethodHandle.InvokeMethod(System.Runtime.CompilerServices.ObjectHandleOnStack, System.Void**, System.Runtime.CompilerServices.ObjectHandleOnStack, Interop+BOOL, System.Runtime.CompilerServices.ObjectHandleOnStack)
:: [6] void System.RuntimeMethodHandle.InvokeMethod(System.Runtime.CompilerServices.ObjectHandleOnStack, System.Void**, System.Runtime.CompilerServices.ObjectHandleOnStack, Interop+BOOL, System.Runtime.CompilerServices.ObjectHandleOnStack)
:: [7] object System.Reflection.MethodBaseInvoker.InterpretedInvoke_Method(object, System.IntPtr*)
:: [8] object System.Reflection.RuntimeMethodInfo.Invoke(object, System.Reflection.BindingFlags, System.Reflection.Binder, System.Object[], System.Globalization.CultureInfo)
:: [9] void GdUnit4.Core.Execution.ExecutionStage`1+&lt;ExecuteStage&gt;d__37.MoveNext()
:: [10] void System.Runtime.CompilerServices.AsyncTaskMethodBuilder.Start&lt;TStateMachine&gt;(TStateMachine&amp;)
:: [11] System.Threading.Tasks.Task GdUnit4.Core.Execution.ExecutionStage`1.ExecuteStage(GdUnit4.Core.Execution.ExecutionContext)
:: [12] void GdUnit4.Core.Execution.ExecutionStage`1+&lt;Execute&gt;d__30.MoveNext()
:: [13] void System.Runtime.CompilerServices.AsyncTaskMethodBuilder.Start&lt;TStateMachine&gt;(TStateMachine&amp;)
:: [14] System.Threading.Tasks.Task GdUnit4.Core.Execution.ExecutionStage`1.Execute(GdUnit4.Core.Execution.ExecutionContext)
:: [15] System.Threading.Tasks.Task GdUnit4.Core.Execution.TestCaseExecutionStage.&lt;&gt;n__0(GdUnit4.Core.Execution.ExecutionContext)
:: [16] void GdUnit4.Core.Execution.TestCaseExecutionStage+&lt;Execute&gt;d__1.MoveNext()
:: [17] void System.Runtime.CompilerServices.AsyncTaskMethodBuilder.Start&lt;TStateMachine&gt;(TStateMachine&amp;)
:: [18] System.Threading.Tasks.Task GdUnit4.Core.Execution.TestCaseExecutionStage.Execute(GdUnit4.Core.Execution.ExecutionContext)
:: [19] void GdUnit4.Core.Execution.TestSuiteExecutionStage+&lt;RunTestCase&gt;d__15.MoveNext()
:: [20] void System.Threading.ExecutionContext.RunInternal(System.Threading.ExecutionContext, System.Threading.ContextCallback, object)
:: [21] void System.Runtime.CompilerServices.AsyncTaskMethodBuilder`1+AsyncStateMachineBox`1.MoveNext(System.Threading.Thread)
:: [22] void System.Threading.Tasks.AwaitTaskContinuation.RunCallback(System.Threading.ContextCallback, object, System.Threading.Tasks.Task&amp;)
:: [23] void System.Threading.Tasks.Task.RunContinuations(object)
:: [24] void System.Runtime.CompilerServices.AsyncTaskMethodBuilder.SetResult()
:: [25] void GdUnit4.Core.Execution.BeforeTestExecutionStage+&lt;Execute&gt;d__1.MoveNext()
:: [26] void System.Threading.ExecutionContext.RunInternal(System.Threading.ExecutionContext, System.Threading.ContextCallback, object)
:: [27] void System.Runtime.CompilerServices.AsyncTaskMethodBuilder`1+AsyncStateMachineBox`1.MoveNext(System.Threading.Thread)
:: [28] void System.Threading.Tasks.AwaitTaskContinuation.RunCallback(System.Threading.ContextCallback, object, System.Threading.Tasks.Task&amp;)
:: [29] void System.Threading.Tasks.Task.RunContinuations(object)
:: [30] void System.Runtime.CompilerServices.AsyncTaskMethodBuilder.SetResult()
:: [31] void GdUnit4.Core.Execution.ExecutionStage`1+&lt;Execute&gt;d__30.MoveNext()
:: [32] void System.Threading.ExecutionContext.RunInternal(System.Threading.ExecutionContext, System.Threading.ContextCallback, object)
:: [33] void System.Runtime.CompilerServices.AsyncTaskMethodBuilder`1+AsyncStateMachineBox`1.MoveNext(System.Threading.Thread)
:: [34] void Godot.GodotSynchronizationContext.ExecutePendingContinuations() (/root/godot/modules/mono/glue/GodotSharp/GodotSharp/Core/GodotSynchronizationContext.cs:51)
:: [35] void Godot.GodotTaskScheduler.Activate() (/root/godot/modules/mono/glue/GodotSharp/GodotSharp/Core/GodotTaskScheduler.cs:76)
:: [36] void Godot.Bridge.ScriptManagerBridge.FrameCallback() (/root/godot/modules/mono/glue/GodotSharp/GodotSharp/Core/Bridge/ScriptManagerBridge.cs:84)
:: ERROR: Error loading resource: 'res://source/stages/stage_0_start/main_menu.tscn'.
:: at: load (core/core_bind.cpp:76)
:: C# backtrace (most recent call first):
:: [0] Godot.GodotObject Godot.NativeCalls.godot_icall_3_761(nint, nint, string, string, int) (/root/godot/modules/mono/glue/GodotSharp/GodotSharp/Generated/NativeCalls.cs:6854)
:: [1] Godot.Resource Godot.ResourceLoader.Load(string, string, Godot.ResourceLoader+CacheMode) (/root/godot/modules/mono/glue/GodotSharp/GodotSharp/Generated/GodotObjects/ResourceLoader.cs:120)
:: [2] T Godot.ResourceLoader.Load&lt;T&gt;(string, string, Godot.ResourceLoader+CacheMode) (/root/godot/modules/mono/glue/GodotSharp/GodotSharp/Core/Extensions/ResourceLoaderExtensions.cs:27)
:: [3] T Godot.GD.Load&lt;T&gt;(string) (/root/godot/modules/mono/glue/GodotSharp/GodotSharp/Core/GD.cs:129)
:: [4] void OmegaSpiral.Tests.Integration.SceneLoadingAndViewportTests.AnyScene_LoadsWithinViewportBounds() (/home/adam/Dev/omega-spiral/chapter-zero/tests/integration/SceneLoadingAndViewportTests.cs:107)
:: [5] void System.RuntimeMethodHandle.InvokeMethod(System.Runtime.CompilerServices.ObjectHandleOnStack, System.Void**, System.Runtime.CompilerServices.ObjectHandleOnStack, Interop+BOOL, System.Runtime.CompilerServices.ObjectHandleOnStack)
:: [6] void System.RuntimeMethodHandle.InvokeMethod(System.Runtime.CompilerServices.ObjectHandleOnStack, System.Void**, System.Runtime.CompilerServices.ObjectHandleOnStack, Interop+BOOL, System.Runtime.CompilerServices.ObjectHandleOnStack)
:: [7] object System.Reflection.MethodBaseInvoker.InterpretedInvoke_Method(object, System.IntPtr*)
:: [8] object System.Reflection.RuntimeMethodInfo.Invoke(object, System.Reflection.BindingFlags, System.Reflection.Binder, System.Object[], System.Globalization.CultureInfo)
:: [9] void GdUnit4.Core.Execution.ExecutionStage`1+&lt;ExecuteStage&gt;d__37.MoveNext()
:: [10] void System.Runtime.CompilerServices.AsyncTaskMethodBuilder.Start&lt;TStateMachine&gt;(TStateMachine&amp;)
:: [11] System.Threading.Tasks.Task GdUnit4.Core.Execution.ExecutionStage`1.ExecuteStage(GdUnit4.Core.Execution.ExecutionContext)
:: [12] void GdUnit4.Core.Execution.ExecutionStage`1+&lt;Execute&gt;d__30.MoveNext()
:: [13] void System.Runtime.CompilerServices.AsyncTaskMethodBuilder.Start&lt;TStateMachine&gt;(TStateMachine&amp;)
:: [14] System.Threading.Tasks.Task GdUnit4.Core.Execution.ExecutionStage`1.Execute(GdUnit4.Core.Execution.ExecutionContext)
:: [15] System.Threading.Tasks.Task GdUnit4.Core.Execution.TestCaseExecutionStage.&lt;&gt;n__0(GdUnit4.Core.Execution.ExecutionContext)
:: [16] void GdUnit4.Core.Execution.TestCaseExecutionStage+&lt;Execute&gt;d__1.MoveNext()
:: [17] void System.Runtime.CompilerServices.AsyncTaskMethodBuilder.Start&lt;TStateMachine&gt;(TStateMachine&amp;)
:: [18] System.Threading.Tasks.Task GdUnit4.Core.Execution.TestCaseExecutionStage.Execute(GdUnit4.Core.Execution.ExecutionContext)
:: [19] void GdUnit4.Core.Execution.TestSuiteExecutionStage+&lt;RunTestCase&gt;d__15.MoveNext()
:: [20] void System.Threading.ExecutionContext.RunInternal(System.Threading.ExecutionContext, System.Threading.ContextCallback, object)
:: [21] void System.Runtime.CompilerServices.AsyncTaskMethodBuilder`1+AsyncStateMachineBox`1.MoveNext(System.Threading.Thread)
:: [22] void System.Threading.Tasks.AwaitTaskContinuation.RunCallback(System.Threading.ContextCallback, object, System.Threading.Tasks.Task&amp;)
:: [23] void System.Threading.Tasks.Task.RunContinuations(object)
:: [24] void System.Runtime.CompilerServices.AsyncTaskMethodBuilder.SetResult()
:: [25] void GdUnit4.Core.Execution.BeforeTestExecutionStage+&lt;Execute&gt;d__1.MoveNext()
:: [26] void System.Threading.ExecutionContext.RunInternal(System.Threading.ExecutionContext, System.Threading.ContextCallback, object)
:: [27] void System.Runtime.CompilerServices.AsyncTaskMethodBuilder`1+AsyncStateMachineBox`1.MoveNext(System.Threading.Thread)
:: [28] void System.Threading.Tasks.AwaitTaskContinuation.RunCallback(System.Threading.ContextCallback, object, System.Threading.Tasks.Task&amp;)
:: [29] void System.Threading.Tasks.Task.RunContinuations(object)
:: [30] void System.Runtime.CompilerServices.AsyncTaskMethodBuilder.SetResult()
:: [31] void GdUnit4.Core.Execution.ExecutionStage`1+&lt;Execute&gt;d__30.MoveNext()
:: [32] void System.Threading.ExecutionContext.RunInternal(System.Threading.ExecutionContext, System.Threading.ContextCallback, object)
:: [33] void System.Runtime.CompilerServices.AsyncTaskMethodBuilder`1+AsyncStateMachineBox`1.MoveNext(System.Threading.Thread)
:: [34] void Godot.GodotSynchronizationContext.ExecutePendingContinuations() (/root/godot/modules/mono/glue/GodotSharp/GodotSharp/Core/GodotSynchronizationContext.cs:51)
:: [35] void Godot.GodotTaskScheduler.Activate() (/root/godot/modules/mono/glue/GodotSharp/GodotSharp/Core/GodotTaskScheduler.cs:76)
:: [36] void Godot.Bridge.ScriptManagerBridge.FrameCallback() (/root/godot/modules/mono/glue/GodotSharp/GodotSharp/Core/Bridge/ScriptManagerBridge.cs:84)
:: ERROR: Cannot open file 'res://source/stages/stage_0_start/main_menu.tscn'.
:: at: load (scene/resources/resource_format_text.cpp:1409)
:: C# backtrace (most recent call first):
:: [0] Godot.GodotObject Godot.NativeCalls.godot_icall_3_761(nint, nint, string, string, int) (/root/godot/modules/mono/glue/GodotSharp/GodotSharp/Generated/NativeCalls.cs:6854)
:: [1] Godot.Resource Godot.ResourceLoader.Load(string, string, Godot.ResourceLoader+CacheMode) (/root/godot/modules/mono/glue/GodotSharp/GodotSharp/Generated/GodotObjects/ResourceLoader.cs:120)
:: [2] T Godot.ResourceLoader.Load&lt;T&gt;(string, string, Godot.ResourceLoader+CacheMode) (/root/godot/modules/mono/glue/GodotSharp/GodotSharp/Core/Extensions/ResourceLoaderExtensions.cs:27)
:: [3] T Godot.GD.Load&lt;T&gt;(string) (/root/godot/modules/mono/glue/GodotSharp/GodotSharp/Core/GD.cs:129)
:: [4] void OmegaSpiral.Tests.Integration.SceneLoadingAndViewportTests.Scene_LoadsConsistentlyAcrossMultipleInstances() (/home/adam/Dev/omega-spiral/chapter-zero/tests/integration/SceneLoadingAndViewportTests.cs:154)
:: [5] void System.RuntimeMethodHandle.InvokeMethod(System.Runtime.CompilerServices.ObjectHandleOnStack, System.Void**, System.Runtime.CompilerServices.ObjectHandleOnStack, Interop+BOOL, System.Runtime.CompilerServices.ObjectHandleOnStack)
:: [6] void System.RuntimeMethodHandle.InvokeMethod(System.Runtime.CompilerServices.ObjectHandleOnStack, System.Void**, System.Runtime.CompilerServices.ObjectHandleOnStack, Interop+BOOL, System.Runtime.CompilerServices.ObjectHandleOnStack)
:: [7] object System.Reflection.MethodBaseInvoker.InterpretedInvoke_Method(object, System.IntPtr*)
:: [8] object System.Reflection.RuntimeMethodInfo.Invoke(object, System.Reflection.BindingFlags, System.Reflection.Binder, System.Object[], System.Globalization.CultureInfo)
:: [9] void GdUnit4.Core.Execution.ExecutionStage`1+&lt;ExecuteStage&gt;d__37.MoveNext()
:: [10] void System.Runtime.CompilerServices.AsyncTaskMethodBuilder.Start&lt;TStateMachine&gt;(TStateMachine&amp;)
:: [11] System.Threading.Tasks.Task GdUnit4.Core.Execution.ExecutionStage`1.ExecuteStage(GdUnit4.Core.Execution.ExecutionContext)
:: [12] void GdUnit4.Core.Execution.ExecutionStage`1+&lt;Execute&gt;d__30.MoveNext()
:: [13] void System.Runtime.CompilerServices.AsyncTaskMethodBuilder.Start&lt;TStateMachine&gt;(TStateMachine&amp;)
:: [14] System.Threading.Tasks.Task GdUnit4.Core.Execution.ExecutionStage`1.Execute(GdUnit4.Core.Execution.ExecutionContext)
:: [15] System.Threading.Tasks.Task GdUnit4.Core.Execution.TestCaseExecutionStage.&lt;&gt;n__0(GdUnit4.Core.Execution.ExecutionContext)
:: [16] void GdUnit4.Core.Execution.TestCaseExecutionStage+&lt;Execute&gt;d__1.MoveNext()
:: [17] void System.Runtime.CompilerServices.AsyncTaskMethodBuilder.Start&lt;TStateMachine&gt;(TStateMachine&amp;)
:: [18] System.Threading.Tasks.Task GdUnit4.Core.Execution.TestCaseExecutionStage.Execute(GdUnit4.Core.Execution.ExecutionContext)
:: [19] void GdUnit4.Core.Execution.TestSuiteExecutionStage+&lt;RunTestCase&gt;d__15.MoveNext()
:: [20] void System.Threading.ExecutionContext.RunInternal(System.Threading.ExecutionContext, System.Threading.ContextCallback, object)
:: [21] void System.Runtime.CompilerServices.AsyncTaskMethodBuilder`1+AsyncStateMachineBox`1.MoveNext(System.Threading.Thread)
:: [22] void System.Threading.Tasks.AwaitTaskContinuation.RunCallback(System.Threading.ContextCallback, object, System.Threading.Tasks.Task&amp;)
:: [23] void System.Threading.Tasks.Task.RunContinuations(object)
:: [24] void System.Runtime.CompilerServices.AsyncTaskMethodBuilder.SetResult()
:: [25] void GdUnit4.Core.Execution.BeforeTestExecutionStage+&lt;Execute&gt;d__1.MoveNext()
:: [26] void System.Threading.ExecutionContext.RunInternal(System.Threading.ExecutionContext, System.Threading.ContextCallback, object)
:: [27] void System.Runtime.CompilerServices.AsyncTaskMethodBuilder`1+AsyncStateMachineBox`1.MoveNext(System.Threading.Thread)
:: [28] void System.Threading.Tasks.AwaitTaskContinuation.RunCallback(System.Threading.ContextCallback, object, System.Threading.Tasks.Task&amp;)
:: [29] void System.Threading.Tasks.Task.RunContinuations(object)
:: [30] void System.Runtime.CompilerServices.AsyncTaskMethodBuilder.SetResult()
:: [31] void GdUnit4.Core.Execution.ExecutionStage`1+&lt;Execute&gt;d__30.MoveNext()
:: [32] void System.Threading.ExecutionContext.RunInternal(System.Threading.ExecutionContext, System.Threading.ContextCallback, object)
:: [33] void System.Runtime.CompilerServices.AsyncTaskMethodBuilder`1+AsyncStateMachineBox`1.MoveNext(System.Threading.Thread)
:: [34] void Godot.GodotSynchronizationContext.ExecutePendingContinuations() (/root/godot/modules/mono/glue/GodotSharp/GodotSharp/Core/GodotSynchronizationContext.cs:51)
:: [35] void Godot.GodotTaskScheduler.Activate() (/root/godot/modules/mono/glue/GodotSharp/GodotSharp/Core/GodotTaskScheduler.cs:76)
:: [36] void Godot.Bridge.ScriptManagerBridge.FrameCallback() (/root/godot/modules/mono/glue/GodotSharp/GodotSharp/Core/Bridge/ScriptManagerBridge.cs:84)
:: ERROR: Failed loading resource: res://source/stages/stage_0_start/main_menu.tscn.
:: at: _load (core/io/resource_loader.cpp:343)
:: C# backtrace (most recent call first):
:: [0] Godot.GodotObject Godot.NativeCalls.godot_icall_3_761(nint, nint, string, string, int) (/root/godot/modules/mono/glue/GodotSharp/GodotSharp/Generated/NativeCalls.cs:6854)
:: [1] Godot.Resource Godot.ResourceLoader.Load(string, string, Godot.ResourceLoader+CacheMode) (/root/godot/modules/mono/glue/GodotSharp/GodotSharp/Generated/GodotObjects/ResourceLoader.cs:120)
:: [2] T Godot.ResourceLoader.Load&lt;T&gt;(string, string, Godot.ResourceLoader+CacheMode) (/root/godot/modules/mono/glue/GodotSharp/GodotSharp/Core/Extensions/ResourceLoaderExtensions.cs:27)
:: [3] T Godot.GD.Load&lt;T&gt;(string) (/root/godot/modules/mono/glue/GodotSharp/GodotSharp/Core/GD.cs:129)
:: [4] void OmegaSpiral.Tests.Integration.SceneLoadingAndViewportTests.Scene_LoadsConsistentlyAcrossMultipleInstances() (/home/adam/Dev/omega-spiral/chapter-zero/tests/integration/SceneLoadingAndViewportTests.cs:154)
:: [5] void System.RuntimeMethodHandle.InvokeMethod(System.Runtime.CompilerServices.ObjectHandleOnStack, System.Void**, System.Runtime.CompilerServices.ObjectHandleOnStack, Interop+BOOL, System.Runtime.CompilerServices.ObjectHandleOnStack)
:: [6] void System.RuntimeMethodHandle.InvokeMethod(System.Runtime.CompilerServices.ObjectHandleOnStack, System.Void**, System.Runtime.CompilerServices.ObjectHandleOnStack, Interop+BOOL, System.Runtime.CompilerServices.ObjectHandleOnStack)
:: [7] object System.Reflection.MethodBaseInvoker.InterpretedInvoke_Method(object, System.IntPtr*)
:: [8] object System.Reflection.RuntimeMethodInfo.Invoke(object, System.Reflection.BindingFlags, System.Reflection.Binder, System.Object[], System.Globalization.CultureInfo)
:: [9] void GdUnit4.Core.Execution.ExecutionStage`1+&lt;ExecuteStage&gt;d__37.MoveNext()
:: [10] void System.Runtime.CompilerServices.AsyncTaskMethodBuilder.Start&lt;TStateMachine&gt;(TStateMachine&amp;)
:: [11] System.Threading.Tasks.Task GdUnit4.Core.Execution.ExecutionStage`1.ExecuteStage(GdUnit4.Core.Execution.ExecutionContext)
:: [12] void GdUnit4.Core.Execution.ExecutionStage`1+&lt;Execute&gt;d__30.MoveNext()
:: [13] void System.Runtime.CompilerServices.AsyncTaskMethodBuilder.Start&lt;TStateMachine&gt;(TStateMachine&amp;)
:: [14] System.Threading.Tasks.Task GdUnit4.Core.Execution.ExecutionStage`1.Execute(GdUnit4.Core.Execution.ExecutionContext)
:: [15] System.Threading.Tasks.Task GdUnit4.Core.Execution.TestCaseExecutionStage.&lt;&gt;n__0(GdUnit4.Core.Execution.ExecutionContext)
:: [16] void GdUnit4.Core.Execution.TestCaseExecutionStage+&lt;Execute&gt;d__1.MoveNext()
:: [17] void System.Runtime.CompilerServices.AsyncTaskMethodBuilder.Start&lt;TStateMachine&gt;(TStateMachine&amp;)
:: [18] System.Threading.Tasks.Task GdUnit4.Core.Execution.TestCaseExecutionStage.Execute(GdUnit4.Core.Execution.ExecutionContext)
:: [19] void GdUnit4.Core.Execution.TestSuiteExecutionStage+&lt;RunTestCase&gt;d__15.MoveNext()
:: [20] void System.Threading.ExecutionContext.RunInternal(System.Threading.ExecutionContext, System.Threading.ContextCallback, object)
:: [21] void System.Runtime.CompilerServices.AsyncTaskMethodBuilder`1+AsyncStateMachineBox`1.MoveNext(System.Threading.Thread)
:: [22] void System.Threading.Tasks.AwaitTaskContinuation.RunCallback(System.Threading.ContextCallback, object, System.Threading.Tasks.Task&amp;)
:: [23] void System.Threading.Tasks.Task.RunContinuations(object)
:: [24] void System.Runtime.CompilerServices.AsyncTaskMethodBuilder.SetResult()
:: [25] void GdUnit4.Core.Execution.BeforeTestExecutionStage+&lt;Execute&gt;d__1.MoveNext()
:: [26] void System.Threading.ExecutionContext.RunInternal(System.Threading.ExecutionContext, System.Threading.ContextCallback, object)
:: [27] void System.Runtime.CompilerServices.AsyncTaskMethodBuilder`1+AsyncStateMachineBox`1.MoveNext(System.Threading.Thread)
:: [28] void System.Threading.Tasks.AwaitTaskContinuation.RunCallback(System.Threading.ContextCallback, object, System.Threading.Tasks.Task&amp;)
:: [29] void System.Threading.Tasks.Task.RunContinuations(object)
:: [30] void System.Runtime.CompilerServices.AsyncTaskMethodBuilder.SetResult()
:: [31] void GdUnit4.Core.Execution.ExecutionStage`1+&lt;Execute&gt;d__30.MoveNext()
:: [32] void System.Threading.ExecutionContext.RunInternal(System.Threading.ExecutionContext, System.Threading.ContextCallback, object)
:: [33] void System.Runtime.CompilerServices.AsyncTaskMethodBuilder`1+AsyncStateMachineBox`1.MoveNext(System.Threading.Thread)
:: [34] void Godot.GodotSynchronizationContext.ExecutePendingContinuations() (/root/godot/modules/mono/glue/GodotSharp/GodotSharp/Core/GodotSynchronizationContext.cs:51)
:: [35] void Godot.GodotTaskScheduler.Activate() (/root/godot/modules/mono/glue/GodotSharp/GodotSharp/Core/GodotTaskScheduler.cs:76)
:: [36] void Godot.Bridge.ScriptManagerBridge.FrameCallback() (/root/godot/modules/mono/glue/GodotSharp/GodotSharp/Core/Bridge/ScriptManagerBridge.cs:84)
:: ERROR: Error loading resource: 'res://source/stages/stage_0_start/main_menu.tscn'.
:: at: load (core/core_bind.cpp:76)
:: C# backtrace (most recent call first):
:: [0] Godot.GodotObject Godot.NativeCalls.godot_icall_3_761(nint, nint, string, string, int) (/root/godot/modules/mono/glue/GodotSharp/GodotSharp/Generated/NativeCalls.cs:6854)
:: [1] Godot.Resource Godot.ResourceLoader.Load(string, string, Godot.ResourceLoader+CacheMode) (/root/godot/modules/mono/glue/GodotSharp/GodotSharp/Generated/GodotObjects/ResourceLoader.cs:120)
:: [2] T Godot.ResourceLoader.Load&lt;T&gt;(string, string, Godot.ResourceLoader+CacheMode) (/root/godot/modules/mono/glue/GodotSharp/GodotSharp/Core/Extensions/ResourceLoaderExtensions.cs:27)
:: [3] T Godot.GD.Load&lt;T&gt;(string) (/root/godot/modules/mono/glue/GodotSharp/GodotSharp/Core/GD.cs:129)
:: [4] void OmegaSpiral.Tests.Integration.SceneLoadingAndViewportTests.Scene_LoadsConsistentlyAcrossMultipleInstances() (/home/adam/Dev/omega-spiral/chapter-zero/tests/integration/SceneLoadingAndViewportTests.cs:154)
:: [5] void System.RuntimeMethodHandle.InvokeMethod(System.Runtime.CompilerServices.ObjectHandleOnStack, System.Void**, System.Runtime.CompilerServices.ObjectHandleOnStack, Interop+BOOL, System.Runtime.CompilerServices.ObjectHandleOnStack)
:: [6] void System.RuntimeMethodHandle.InvokeMethod(System.Runtime.CompilerServices.ObjectHandleOnStack, System.Void**, System.Runtime.CompilerServices.ObjectHandleOnStack, Interop+BOOL, System.Runtime.CompilerServices.ObjectHandleOnStack)
:: [7] object System.Reflection.MethodBaseInvoker.InterpretedInvoke_Method(object, System.IntPtr*)
:: [8] object System.Reflection.RuntimeMethodInfo.Invoke(object, System.Reflection.BindingFlags, System.Reflection.Binder, System.Object[], System.Globalization.CultureInfo)
:: [9] void GdUnit4.Core.Execution.ExecutionStage`1+&lt;ExecuteStage&gt;d__37.MoveNext()
:: [10] void System.Runtime.CompilerServices.AsyncTaskMethodBuilder.Start&lt;TStateMachine&gt;(TStateMachine&amp;)
:: [11] System.Threading.Tasks.Task GdUnit4.Core.Execution.ExecutionStage`1.ExecuteStage(GdUnit4.Core.Execution.ExecutionContext)
:: [12] void GdUnit4.Core.Execution.ExecutionStage`1+&lt;Execute&gt;d__30.MoveNext()
:: [13] void System.Runtime.CompilerServices.AsyncTaskMethodBuilder.Start&lt;TStateMachine&gt;(TStateMachine&amp;)
:: [14] System.Threading.Tasks.Task GdUnit4.Core.Execution.ExecutionStage`1.Execute(GdUnit4.Core.Execution.ExecutionContext)
:: [15] System.Threading.Tasks.Task GdUnit4.Core.Execution.TestCaseExecutionStage.&lt;&gt;n__0(GdUnit4.Core.Execution.ExecutionContext)
:: [16] void GdUnit4.Core.Execution.TestCaseExecutionStage+&lt;Execute&gt;d__1.MoveNext()
:: [17] void System.Runtime.CompilerServices.AsyncTaskMethodBuilder.Start&lt;TStateMachine&gt;(TStateMachine&amp;)
:: [18] System.Threading.Tasks.Task GdUnit4.Core.Execution.TestCaseExecutionStage.Execute(GdUnit4.Core.Execution.ExecutionContext)
:: [19] void GdUnit4.Core.Execution.TestSuiteExecutionStage+&lt;RunTestCase&gt;d__15.MoveNext()
:: [20] void System.Threading.ExecutionContext.RunInternal(System.Threading.ExecutionContext, System.Threading.ContextCallback, object)
:: [21] void System.Runtime.CompilerServices.AsyncTaskMethodBuilder`1+AsyncStateMachineBox`1.MoveNext(System.Threading.Thread)
:: [22] void System.Threading.Tasks.AwaitTaskContinuation.RunCallback(System.Threading.ContextCallback, object, System.Threading.Tasks.Task&amp;)
:: [23] void System.Threading.Tasks.Task.RunContinuations(object)
:: [24] void System.Runtime.CompilerServices.AsyncTaskMethodBuilder.SetResult()
:: [25] void GdUnit4.Core.Execution.BeforeTestExecutionStage+&lt;Execute&gt;d__1.MoveNext()
:: [26] void System.Threading.ExecutionContext.RunInternal(System.Threading.ExecutionContext, System.Threading.ContextCallback, object)
:: [27] void System.Runtime.CompilerServices.AsyncTaskMethodBuilder`1+AsyncStateMachineBox`1.MoveNext(System.Threading.Thread)
:: [28] void System.Threading.Tasks.AwaitTaskContinuation.RunCallback(System.Threading.ContextCallback, object, System.Threading.Tasks.Task&amp;)
:: [29] void System.Threading.Tasks.Task.RunContinuations(object)
:: [30] void System.Runtime.CompilerServices.AsyncTaskMethodBuilder.SetResult()
:: [31] void GdUnit4.Core.Execution.ExecutionStage`1+&lt;Execute&gt;d__30.MoveNext()
:: [32] void System.Threading.ExecutionContext.RunInternal(System.Threading.ExecutionContext, System.Threading.ContextCallback, object)
:: [33] void System.Runtime.CompilerServices.AsyncTaskMethodBuilder`1+AsyncStateMachineBox`1.MoveNext(System.Threading.Thread)
:: [34] void Godot.GodotSynchronizationContext.ExecutePendingContinuations() (/root/godot/modules/mono/glue/GodotSharp/GodotSharp/Core/GodotSynchronizationContext.cs:51)
:: [35] void Godot.GodotTaskScheduler.Activate() (/root/godot/modules/mono/glue/GodotSharp/GodotSharp/Core/GodotTaskScheduler.cs:76)
:: [36] void Godot.Bridge.ScriptManagerBridge.FrameCallback() (/root/godot/modules/mono/glue/GodotSharp/GodotSharp/Core/Bridge/ScriptManagerBridge.cs:84)
:: ERROR: Cannot open file 'res://source/ui/menus/stage_select_menu.tscn'.
:: at: load (scene/resources/resource_format_text.cpp:1409)
:: C# backtrace (most recent call first):
:: [0] Godot.GodotObject Godot.NativeCalls.godot_icall_3_761(nint, nint, string, string, int) (/root/godot/modules/mono/glue/GodotSharp/GodotSharp/Generated/NativeCalls.cs:6854)
:: [1] Godot.Resource Godot.ResourceLoader.Load(string, string, Godot.ResourceLoader+CacheMode) (/root/godot/modules/mono/glue/GodotSharp/GodotSharp/Generated/GodotObjects/ResourceLoader.cs:120)
:: [2] T Godot.ResourceLoader.Load&lt;T&gt;(string, string, Godot.ResourceLoader+CacheMode) (/root/godot/modules/mono/glue/GodotSharp/GodotSharp/Core/Extensions/ResourceLoaderExtensions.cs:27)
:: [3] T Godot.GD.Load&lt;T&gt;(string) (/root/godot/modules/mono/glue/GodotSharp/GodotSharp/Core/GD.cs:129)
:: [4] void OmegaSpiral.Tests.Integration.SceneLoadingAndViewportTests.Scene_HasValidDimensions() (/home/adam/Dev/omega-spiral/chapter-zero/tests/integration/SceneLoadingAndViewportTests.cs:182)
:: [5] void System.RuntimeMethodHandle.InvokeMethod(System.Runtime.CompilerServices.ObjectHandleOnStack, System.Void**, System.Runtime.CompilerServices.ObjectHandleOnStack, Interop+BOOL, System.Runtime.CompilerServices.ObjectHandleOnStack)
:: [6] void System.RuntimeMethodHandle.InvokeMethod(System.Runtime.CompilerServices.ObjectHandleOnStack, System.Void**, System.Runtime.CompilerServices.ObjectHandleOnStack, Interop+BOOL, System.Runtime.CompilerServices.ObjectHandleOnStack)
:: [7] object System.Reflection.MethodBaseInvoker.InterpretedInvoke_Method(object, System.IntPtr*)
:: [8] object System.Reflection.RuntimeMethodInfo.Invoke(object, System.Reflection.BindingFlags, System.Reflection.Binder, System.Object[], System.Globalization.CultureInfo)
:: [9] void GdUnit4.Core.Execution.ExecutionStage`1+&lt;ExecuteStage&gt;d__37.MoveNext()
:: [10] void System.Runtime.CompilerServices.AsyncTaskMethodBuilder.Start&lt;TStateMachine&gt;(TStateMachine&amp;)
:: [11] System.Threading.Tasks.Task GdUnit4.Core.Execution.ExecutionStage`1.ExecuteStage(GdUnit4.Core.Execution.ExecutionContext)
:: [12] void GdUnit4.Core.Execution.ExecutionStage`1+&lt;Execute&gt;d__30.MoveNext()
:: [13] void System.Runtime.CompilerServices.AsyncTaskMethodBuilder.Start&lt;TStateMachine&gt;(TStateMachine&amp;)
:: [14] System.Threading.Tasks.Task GdUnit4.Core.Execution.ExecutionStage`1.Execute(GdUnit4.Core.Execution.ExecutionContext)
:: [15] System.Threading.Tasks.Task GdUnit4.Core.Execution.TestCaseExecutionStage.&lt;&gt;n__0(GdUnit4.Core.Execution.ExecutionContext)
:: [16] void GdUnit4.Core.Execution.TestCaseExecutionStage+&lt;Execute&gt;d__1.MoveNext()
:: [17] void System.Runtime.CompilerServices.AsyncTaskMethodBuilder.Start&lt;TStateMachine&gt;(TStateMachine&amp;)
:: [18] System.Threading.Tasks.Task GdUnit4.Core.Execution.TestCaseExecutionStage.Execute(GdUnit4.Core.Execution.ExecutionContext)
:: [19] void GdUnit4.Core.Execution.TestSuiteExecutionStage+&lt;RunTestCase&gt;d__15.MoveNext()
:: [20] void System.Threading.ExecutionContext.RunInternal(System.Threading.ExecutionContext, System.Threading.ContextCallback, object)
:: [21] void System.Runtime.CompilerServices.AsyncTaskMethodBuilder`1+AsyncStateMachineBox`1.MoveNext(System.Threading.Thread)
:: [22] void System.Threading.Tasks.AwaitTaskContinuation.RunCallback(System.Threading.ContextCallback, object, System.Threading.Tasks.Task&amp;)
:: [23] void System.Threading.Tasks.Task.RunContinuations(object)
:: [24] void System.Runtime.CompilerServices.AsyncTaskMethodBuilder.SetResult()
:: [25] void GdUnit4.Core.Execution.BeforeTestExecutionStage+&lt;Execute&gt;d__1.MoveNext()
:: [26] void System.Threading.ExecutionContext.RunInternal(System.Threading.ExecutionContext, System.Threading.ContextCallback, object)
:: [27] void System.Runtime.CompilerServices.AsyncTaskMethodBuilder`1+AsyncStateMachineBox`1.MoveNext(System.Threading.Thread)
:: [28] void System.Threading.Tasks.AwaitTaskContinuation.RunCallback(System.Threading.ContextCallback, object, System.Threading.Tasks.Task&amp;)
:: [29] void System.Threading.Tasks.Task.RunContinuations(object)
:: [30] void System.Runtime.CompilerServices.AsyncTaskMethodBuilder.SetResult()
:: [31] void GdUnit4.Core.Execution.ExecutionStage`1+&lt;Execute&gt;d__30.MoveNext()
:: [32] void System.Threading.ExecutionContext.RunInternal(System.Threading.ExecutionContext, System.Threading.ContextCallback, object)
:: [33] void System.Runtime.CompilerServices.AsyncTaskMethodBuilder`1+AsyncStateMachineBox`1.MoveNext(System.Threading.Thread)
:: [34] void Godot.GodotSynchronizationContext.ExecutePendingContinuations() (/root/godot/modules/mono/glue/GodotSharp/GodotSharp/Core/GodotSynchronizationContext.cs:51)
:: [35] void Godot.GodotTaskScheduler.Activate() (/root/godot/modules/mono/glue/GodotSharp/GodotSharp/Core/GodotTaskScheduler.cs:76)
:: [36] void Godot.Bridge.ScriptManagerBridge.FrameCallback() (/root/godot/modules/mono/glue/GodotSharp/GodotSharp/Core/Bridge/ScriptManagerBridge.cs:84)
:: ERROR: Failed loading resource: res://source/ui/menus/stage_select_menu.tscn.
:: at: _load (core/io/resource_loader.cpp:343)
:: C# backtrace (most recent call first):
:: [0] Godot.GodotObject Godot.NativeCalls.godot_icall_3_761(nint, nint, string, string, int) (/root/godot/modules/mono/glue/GodotSharp/GodotSharp/Generated/NativeCalls.cs:6854)
:: [1] Godot.Resource Godot.ResourceLoader.Load(string, string, Godot.ResourceLoader+CacheMode) (/root/godot/modules/mono/glue/GodotSharp/GodotSharp/Generated/GodotObjects/ResourceLoader.cs:120)
:: [2] T Godot.ResourceLoader.Load&lt;T&gt;(string, string, Godot.ResourceLoader+CacheMode) (/root/godot/modules/mono/glue/GodotSharp/GodotSharp/Core/Extensions/ResourceLoaderExtensions.cs:27)
:: [3] T Godot.GD.Load&lt;T&gt;(string) (/root/godot/modules/mono/glue/GodotSharp/GodotSharp/Core/GD.cs:129)
:: [4] void OmegaSpiral.Tests.Integration.SceneLoadingAndViewportTests.Scene_HasValidDimensions() (/home/adam/Dev/omega-spiral/chapter-zero/tests/integration/SceneLoadingAndViewportTests.cs:182)
:: [5] void System.RuntimeMethodHandle.InvokeMethod(System.Runtime.CompilerServices.ObjectHandleOnStack, System.Void**, System.Runtime.CompilerServices.ObjectHandleOnStack, Interop+BOOL, System.Runtime.CompilerServices.ObjectHandleOnStack)
:: [6] void System.RuntimeMethodHandle.InvokeMethod(System.Runtime.CompilerServices.ObjectHandleOnStack, System.Void**, System.Runtime.CompilerServices.ObjectHandleOnStack, Interop+BOOL, System.Runtime.CompilerServices.ObjectHandleOnStack)
:: [7] object System.Reflection.MethodBaseInvoker.InterpretedInvoke_Method(object, System.IntPtr*)
:: [8] object System.Reflection.RuntimeMethodInfo.Invoke(object, System.Reflection.BindingFlags, System.Reflection.Binder, System.Object[], System.Globalization.CultureInfo)
:: [9] void GdUnit4.Core.Execution.ExecutionStage`1+&lt;ExecuteStage&gt;d__37.MoveNext()
:: [10] void System.Runtime.CompilerServices.AsyncTaskMethodBuilder.Start&lt;TStateMachine&gt;(TStateMachine&amp;)
:: [11] System.Threading.Tasks.Task GdUnit4.Core.Execution.ExecutionStage`1.ExecuteStage(GdUnit4.Core.Execution.ExecutionContext)
:: [12] void GdUnit4.Core.Execution.ExecutionStage`1+&lt;Execute&gt;d__30.MoveNext()
:: [13] void System.Runtime.CompilerServices.AsyncTaskMethodBuilder.Start&lt;TStateMachine&gt;(TStateMachine&amp;)
:: [14] System.Threading.Tasks.Task GdUnit4.Core.Execution.ExecutionStage`1.Execute(GdUnit4.Core.Execution.ExecutionContext)
:: [15] System.Threading.Tasks.Task GdUnit4.Core.Execution.TestCaseExecutionStage.&lt;&gt;n__0(GdUnit4.Core.Execution.ExecutionContext)
:: [16] void GdUnit4.Core.Execution.TestCaseExecutionStage+&lt;Execute&gt;d__1.MoveNext()
:: [17] void System.Runtime.CompilerServices.AsyncTaskMethodBuilder.Start&lt;TStateMachine&gt;(TStateMachine&amp;)
:: [18] System.Threading.Tasks.Task GdUnit4.Core.Execution.TestCaseExecutionStage.Execute(GdUnit4.Core.Execution.ExecutionContext)
:: [19] void GdUnit4.Core.Execution.TestSuiteExecutionStage+&lt;RunTestCase&gt;d__15.MoveNext()
:: [20] void System.Threading.ExecutionContext.RunInternal(System.Threading.ExecutionContext, System.Threading.ContextCallback, object)
:: [21] void System.Runtime.CompilerServices.AsyncTaskMethodBuilder`1+AsyncStateMachineBox`1.MoveNext(System.Threading.Thread)
:: [22] void System.Threading.Tasks.AwaitTaskContinuation.RunCallback(System.Threading.ContextCallback, object, System.Threading.Tasks.Task&amp;)
:: [23] void System.Threading.Tasks.Task.RunContinuations(object)
:: [24] void System.Runtime.CompilerServices.AsyncTaskMethodBuilder.SetResult()
:: [25] void GdUnit4.Core.Execution.BeforeTestExecutionStage+&lt;Execute&gt;d__1.MoveNext()
:: [26] void System.Threading.ExecutionContext.RunInternal(System.Threading.ExecutionContext, System.Threading.ContextCallback, object)
:: [27] void System.Runtime.CompilerServices.AsyncTaskMethodBuilder`1+AsyncStateMachineBox`1.MoveNext(System.Threading.Thread)
:: [28] void System.Threading.Tasks.AwaitTaskContinuation.RunCallback(System.Threading.ContextCallback, object, System.Threading.Tasks.Task&amp;)
:: [29] void System.Threading.Tasks.Task.RunContinuations(object)
:: [30] void System.Runtime.CompilerServices.AsyncTaskMethodBuilder.SetResult()
:: [31] void GdUnit4.Core.Execution.ExecutionStage`1+&lt;Execute&gt;d__30.MoveNext()
:: [32] void System.Threading.ExecutionContext.RunInternal(System.Threading.ExecutionContext, System.Threading.ContextCallback, object)
:: [33] void System.Runtime.CompilerServices.AsyncTaskMethodBuilder`1+AsyncStateMachineBox`1.MoveNext(System.Threading.Thread)
:: [34] void Godot.GodotSynchronizationContext.ExecutePendingContinuations() (/root/godot/modules/mono/glue/GodotSharp/GodotSharp/Core/GodotSynchronizationContext.cs:51)
:: [35] void Godot.GodotTaskScheduler.Activate() (/root/godot/modules/mono/glue/GodotSharp/GodotSharp/Core/GodotTaskScheduler.cs:76)
:: [36] void Godot.Bridge.ScriptManagerBridge.FrameCallback() (/root/godot/modules/mono/glue/GodotSharp/GodotSharp/Core/Bridge/ScriptManagerBridge.cs:84)
:: ERROR: Error loading resource: 'res://source/ui/menus/stage_select_menu.tscn'.
:: at: load (core/core_bind.cpp:76)
:: C# backtrace (most recent call first):
:: [0] Godot.GodotObject Godot.NativeCalls.godot_icall_3_761(nint, nint, string, string, int) (/root/godot/modules/mono/glue/GodotSharp/GodotSharp/Generated/NativeCalls.cs:6854)
:: [1] Godot.Resource Godot.ResourceLoader.Load(string, string, Godot.ResourceLoader+CacheMode) (/root/godot/modules/mono/glue/GodotSharp/GodotSharp/Generated/GodotObjects/ResourceLoader.cs:120)
:: [2] T Godot.ResourceLoader.Load&lt;T&gt;(string, string, Godot.ResourceLoader+CacheMode) (/root/godot/modules/mono/glue/GodotSharp/GodotSharp/Core/Extensions/ResourceLoaderExtensions.cs:27)
:: [3] T Godot.GD.Load&lt;T&gt;(string) (/root/godot/modules/mono/glue/GodotSharp/GodotSharp/Core/GD.cs:129)
:: [4] void OmegaSpiral.Tests.Integration.SceneLoadingAndViewportTests.Scene_HasValidDimensions() (/home/adam/Dev/omega-spiral/chapter-zero/tests/integration/SceneLoadingAndViewportTests.cs:182)
:: [5] void System.RuntimeMethodHandle.InvokeMethod(System.Runtime.CompilerServices.ObjectHandleOnStack, System.Void**, System.Runtime.CompilerServices.ObjectHandleOnStack, Interop+BOOL, System.Runtime.CompilerServices.ObjectHandleOnStack)
:: [6] void System.RuntimeMethodHandle.InvokeMethod(System.Runtime.CompilerServices.ObjectHandleOnStack, System.Void**, System.Runtime.CompilerServices.ObjectHandleOnStack, Interop+BOOL, System.Runtime.CompilerServices.ObjectHandleOnStack)
:: [7] object System.Reflection.MethodBaseInvoker.InterpretedInvoke_Method(object, System.IntPtr*)
:: [8] object System.Reflection.RuntimeMethodInfo.Invoke(object, System.Reflection.BindingFlags, System.Reflection.Binder, System.Object[], System.Globalization.CultureInfo)
:: [9] void GdUnit4.Core.Execution.ExecutionStage`1+&lt;ExecuteStage&gt;d__37.MoveNext()
:: [10] void System.Runtime.CompilerServices.AsyncTaskMethodBuilder.Start&lt;TStateMachine&gt;(TStateMachine&amp;)
:: [11] System.Threading.Tasks.Task GdUnit4.Core.Execution.ExecutionStage`1.ExecuteStage(GdUnit4.Core.Execution.ExecutionContext)
:: [12] void GdUnit4.Core.Execution.ExecutionStage`1+&lt;Execute&gt;d__30.MoveNext()
:: [13] void System.Runtime.CompilerServices.AsyncTaskMethodBuilder.Start&lt;TStateMachine&gt;(TStateMachine&amp;)
:: [14] System.Threading.Tasks.Task GdUnit4.Core.Execution.ExecutionStage`1.Execute(GdUnit4.Core.Execution.ExecutionContext)
:: [15] System.Threading.Tasks.Task GdUnit4.Core.Execution.TestCaseExecutionStage.&lt;&gt;n__0(GdUnit4.Core.Execution.ExecutionContext)
:: [16] void GdUnit4.Core.Execution.TestCaseExecutionStage+&lt;Execute&gt;d__1.MoveNext()
:: [17] void System.Runtime.CompilerServices.AsyncTaskMethodBuilder.Start&lt;TStateMachine&gt;(TStateMachine&amp;)
:: [18] System.Threading.Tasks.Task GdUnit4.Core.Execution.TestCaseExecutionStage.Execute(GdUnit4.Core.Execution.ExecutionContext)
:: [19] void GdUnit4.Core.Execution.TestSuiteExecutionStage+&lt;RunTestCase&gt;d__15.MoveNext()
:: [20] void System.Threading.ExecutionContext.RunInternal(System.Threading.ExecutionContext, System.Threading.ContextCallback, object)
:: [21] void System.Runtime.CompilerServices.AsyncTaskMethodBuilder`1+AsyncStateMachineBox`1.MoveNext(System.Threading.Thread)
:: [22] void System.Threading.Tasks.AwaitTaskContinuation.RunCallback(System.Threading.ContextCallback, object, System.Threading.Tasks.Task&amp;)
:: [23] void System.Threading.Tasks.Task.RunContinuations(object)
:: [24] void System.Runtime.CompilerServices.AsyncTaskMethodBuilder.SetResult()
:: [25] void GdUnit4.Core.Execution.BeforeTestExecutionStage+&lt;Execute&gt;d__1.MoveNext()
:: [26] void System.Threading.ExecutionContext.RunInternal(System.Threading.ExecutionContext, System.Threading.ContextCallback, object)
:: [27] void System.Runtime.CompilerServices.AsyncTaskMethodBuilder`1+AsyncStateMachineBox`1.MoveNext(System.Threading.Thread)
:: [28] void System.Threading.Tasks.AwaitTaskContinuation.RunCallback(System.Threading.ContextCallback, object, System.Threading.Tasks.Task&amp;)
:: [29] void System.Threading.Tasks.Task.RunContinuations(object)
:: [30] void System.Runtime.CompilerServices.AsyncTaskMethodBuilder.SetResult()
:: [31] void GdUnit4.Core.Execution.ExecutionStage`1+&lt;Execute&gt;d__30.MoveNext()
:: [32] void System.Threading.ExecutionContext.RunInternal(System.Threading.ExecutionContext, System.Threading.ContextCallback, object)
:: [33] void System.Runtime.CompilerServices.AsyncTaskMethodBuilder`1+AsyncStateMachineBox`1.MoveNext(System.Threading.Thread)
:: [34] void Godot.GodotSynchronizationContext.ExecutePendingContinuations() (/root/godot/modules/mono/glue/GodotSharp/GodotSharp/Core/GodotSynchronizationContext.cs:51)
:: [35] void Godot.GodotTaskScheduler.Activate() (/root/godot/modules/mono/glue/GodotSharp/GodotSharp/Core/GodotTaskScheduler.cs:76)
:: [36] void Godot.Bridge.ScriptManagerBridge.FrameCallback() (/root/godot/modules/mono/glue/GodotSharp/GodotSharp/Core/Bridge/ScriptManagerBridge.cs:84)
:: SHADER ERROR: Using 'return' in the 'fragment' processor function is incorrect.
:: at: (null) (:33)
:: C# backtrace (most recent call first):
:: [0] void Godot.NativeCalls.godot_icall_1_8(nint, nint, nint) (/root/godot/modules/mono/glue/GodotSharp/GodotSharp/Generated/NativeCalls.cs:83)
:: [1] void Godot.ShaderMaterial.SetShader(Godot.Shader) (/root/godot/modules/mono/glue/GodotSharp/GodotSharp/Generated/GodotObjects/ShaderMaterial.cs:63)
:: [2] void Godot.ShaderMaterial.set_Shader(Godot.Shader) (/root/godot/modules/mono/glue/GodotSharp/GodotSharp/Generated/GodotObjects/ShaderMaterial.cs:27)
:: [3] void OmegaSpiral.Source.Ui.Omega.OmegaUi.CreateBorderFrame() (/home/adam/Dev/omega-spiral/chapter-zero/source/ui/omega/OmegaUi.cs:436)
:: [4] void OmegaSpiral.Source.Ui.Omega.OmegaUi.Initialize() (/home/adam/Dev/omega-spiral/chapter-zero/source/ui/omega/OmegaUi.cs:129)
:: [5] void OmegaSpiral.Source.Ui.Omega.OmegaUi+&lt;InitializeAsync&gt;d__14.MoveNext() (/home/adam/Dev/omega-spiral/chapter-zero/source/ui/omega/OmegaUi.cs:176)
:: [6] void System.Runtime.CompilerServices.AsyncTaskMethodBuilder.Start&lt;TStateMachine&gt;(TStateMachine&amp;)
:: [7] System.Threading.Tasks.Task OmegaSpiral.Source.Ui.Omega.OmegaUi.InitializeAsync()
:: [8] void OmegaSpiral.Source.Ui.Omega.OmegaUi._Ready() (/home/adam/Dev/omega-spiral/chapter-zero/source/ui/omega/OmegaUi.cs:100)
:: [9] void OmegaSpiral.Source.Ui.Menus.MenuUi._Ready() (/home/adam/Dev/omega-spiral/chapter-zero/source/ui/menus/MenuUi.cs:76)
:: [10] void OmegaSpiral.Source.Stages.Stage0Start.MainMenu._Ready() (/home/adam/Dev/omega-spiral/chapter-zero/source/ui/menus/MainMenu.cs:54)
:: [11] bool Godot.Node.InvokeGodotClassMethod(Godot.NativeInterop.godot_string_name&amp;, Godot.NativeInterop.NativeVariantPtrArgs, Godot.NativeInterop.godot_variant&amp;) (/root/godot/modules/mono/glue/GodotSharp/GodotSharp/Generated/GodotObjects/Node.cs:2631)
:: [12] bool Godot.CanvasItem.InvokeGodotClassMethod(Godot.NativeInterop.godot_string_name&amp;, Godot.NativeInterop.NativeVariantPtrArgs, Godot.NativeInterop.godot_variant&amp;) (/root/godot/modules/mono/glue/GodotSharp/GodotSharp/Generated/GodotObjects/CanvasItem.cs:1786)
:: [13] bool Godot.Control.InvokeGodotClassMethod(Godot.NativeInterop.godot_string_name&amp;, Godot.NativeInterop.NativeVariantPtrArgs, Godot.NativeInterop.godot_variant&amp;) (/root/godot/modules/mono/glue/GodotSharp/GodotSharp/Generated/GodotObjects/Control.cs:3508)
:: [14] bool OmegaSpiral.Source.Ui.Omega.OmegaUi.InvokeGodotClassMethod(Godot.NativeInterop.godot_string_name&amp;, Godot.NativeInterop.NativeVariantPtrArgs, Godot.NativeInterop.godot_variant&amp;) (/home/adam/Dev/omega-spiral/chapter-zero/.godot/mono/temp/obj/Debug/Godot.SourceGenerators/Godot.SourceGenerators.ScriptMethodsGenerator/OmegaSpiral.Source.Ui.Omega.OmegaUi_ScriptMethods.generated.cs:180)
:: [15] bool OmegaSpiral.Source.Ui.Menus.MenuUi.InvokeGodotClassMethod(Godot.NativeInterop.godot_string_name&amp;, Godot.NativeInterop.NativeVariantPtrArgs, Godot.NativeInterop.godot_variant&amp;) (/home/adam/Dev/omega-spiral/chapter-zero/.godot/mono/temp/obj/Debug/Godot.SourceGenerators/Godot.SourceGenerators.ScriptMethodsGenerator/OmegaSpiral.Source.Ui.Menus.MenuUi_ScriptMethods.generated.cs:180)
:: [16] bool OmegaSpiral.Source.Stages.Stage0Start.MainMenu.InvokeGodotClassMethod(Godot.NativeInterop.godot_string_name&amp;, Godot.NativeInterop.NativeVariantPtrArgs, Godot.NativeInterop.godot_variant&amp;) (/home/adam/Dev/omega-spiral/chapter-zero/.godot/mono/temp/obj/Debug/Godot.SourceGenerators/Godot.SourceGenerators.ScriptMethodsGenerator/OmegaSpiral.Source.Stages.Stage0Start.MainMenu_ScriptMethods.generated.cs:100)
:: [17] Godot.NativeInterop.godot_bool Godot.Bridge.CSharpInstanceBridge.Call(nint, Godot.NativeInterop.godot_string_name*, Godot.NativeInterop.godot_variant**, int, Godot.NativeInterop.godot_variant_call_error*, Godot.NativeInterop.godot_variant*) (/root/godot/modules/mono/glue/GodotSharp/GodotSharp/Core/Bridge/CSharpInstanceBridge.cs:24)
:: [18] void Godot.NativeInterop.NativeFuncs.godotsharp_method_bind_ptrcall(nint, nint, System.Void**, System.Void*) (/root/godot/modules/mono/glue/GodotSharp/GodotSharp/Godot.SourceGenerators.Internal/Godot.SourceGenerators.Internal.UnmanagedCallbacksGenerator/Godot.NativeInterop.NativeFuncs.generated.cs:380)
:: [19] void Godot.NativeCalls.godot_icall_3_1042(nint, nint, nint, Godot.NativeInterop.godot_bool, int) (/root/godot/modules/mono/glue/GodotSharp/GodotSharp/Generated/NativeCalls.cs:9587)
:: [20] void Godot.Node.AddChild(Godot.Node, bool, Godot.Node+InternalMode) (/root/godot/modules/mono/glue/GodotSharp/GodotSharp/Generated/GodotObjects/Node.cs:821)
:: [21] GdUnit4.Core.SceneRunner..ctor(Godot.Node, bool, bool)
:: [22] GdUnit4.Core.SceneRunner..ctor(string, bool, bool)
:: [23] GdUnit4.ISceneRunner GdUnit4.ISceneRunner.Load(string, bool, bool)
:: [24] void OmegaSpiral.Tests.Integration.Ui.Menus.MainMenuTests.Setup() (/home/adam/Dev/omega-spiral/chapter-zero/tests/integration/ui/menus/MainMenuTests.cs:31)
:: [25] void System.RuntimeMethodHandle.InvokeMethod(System.Runtime.CompilerServices.ObjectHandleOnStack, System.Void**, System.Runtime.CompilerServices.ObjectHandleOnStack, Interop+BOOL, System.Runtime.CompilerServices.ObjectHandleOnStack)
:: [26] void System.RuntimeMethodHandle.InvokeMethod(System.Runtime.CompilerServices.ObjectHandleOnStack, System.Void**, System.Runtime.CompilerServices.ObjectHandleOnStack, Interop+BOOL, System.Runtime.CompilerServices.ObjectHandleOnStack)
:: [27] object System.Reflection.MethodBaseInvoker.InterpretedInvoke_Method(object, System.IntPtr*)
:: [28] object System.Reflection.RuntimeMethodInfo.Invoke(object, System.Reflection.BindingFlags, System.Reflection.Binder, System.Object[], System.Globalization.CultureInfo)
:: [29] void GdUnit4.Core.Execution.ExecutionStage`1+&lt;ExecuteStage&gt;d__37.MoveNext()
:: [30] void System.Runtime.CompilerServices.AsyncTaskMethodBuilder.Start&lt;TStateMachine&gt;(TStateMachine&amp;)
:: [31] System.Threading.Tasks.Task GdUnit4.Core.Execution.ExecutionStage`1.ExecuteStage(GdUnit4.Core.Execution.ExecutionContext)
:: [32] void GdUnit4.Core.Execution.ExecutionStage`1+&lt;Execute&gt;d__30.MoveNext()
:: [33] void System.Runtime.CompilerServices.AsyncTaskMethodBuilder.Start&lt;TStateMachine&gt;(TStateMachine&amp;)
:: [34] System.Threading.Tasks.Task GdUnit4.Core.Execution.ExecutionStage`1.Execute(GdUnit4.Core.Execution.ExecutionContext)
:: [35] System.Threading.Tasks.Task GdUnit4.Core.Execution.BeforeExecutionStage.&lt;&gt;n__0(GdUnit4.Core.Execution.ExecutionContext)
:: [36] void GdUnit4.Core.Execution.BeforeExecutionStage+&lt;Execute&gt;d__1.MoveNext()
:: [37] void System.Runtime.CompilerServices.AsyncTaskMethodBuilder.Start&lt;TStateMachine&gt;(TStateMachine&amp;)
:: [38] System.Threading.Tasks.Task GdUnit4.Core.Execution.BeforeExecutionStage.Execute(GdUnit4.Core.Execution.ExecutionContext)
:: [39] void GdUnit4.Core.Execution.TestSuiteExecutionStage+&lt;Execute&gt;d__13.MoveNext()
:: [40] void System.Runtime.CompilerServices.AsyncTaskMethodBuilder.Start&lt;TStateMachine&gt;(TStateMachine&amp;)
:: [41] System.Threading.Tasks.Task GdUnit4.Core.Execution.TestSuiteExecutionStage.Execute(GdUnit4.Core.Execution.ExecutionContext)
:: [42] void GdUnit4.Core.Commands.ExecuteTestSuiteCommand+&lt;Execute&gt;d__18.MoveNext()
:: [43] void System.Runtime.CompilerServices.AsyncTaskMethodBuilder`1+AsyncStateMachineBox`1.ExecutionContextCallback(object)
:: [44] void System.Threading.ExecutionContext.RunInternal(System.Threading.ExecutionContext, System.Threading.ContextCallback, object)
:: [45] void System.Runtime.CompilerServices.AsyncTaskMethodBuilder`1+AsyncStateMachineBox`1.MoveNext(System.Threading.Thread)
:: [46] void Godot.SignalAwaiter.SignalCallback(nint, Godot.NativeInterop.godot_variant**, int, Godot.NativeInterop.godot_bool*) (/root/godot/modules/mono/glue/GodotSharp/GodotSharp/Core/SignalAwaiter.cs:65)
:: ERROR: Shader compilation failed.
:: at: shader_set_code (servers/rendering/dummy/storage/material_storage.cpp:190)
:: C# backtrace (most recent call first):
:: [0] void Godot.NativeCalls.godot_icall_1_8(nint, nint, nint) (/root/godot/modules/mono/glue/GodotSharp/GodotSharp/Generated/NativeCalls.cs:83)
:: [1] void Godot.ShaderMaterial.SetShader(Godot.Shader) (/root/godot/modules/mono/glue/GodotSharp/GodotSharp/Generated/GodotObjects/ShaderMaterial.cs:63)
:: [2] void Godot.ShaderMaterial.set_Shader(Godot.Shader) (/root/godot/modules/mono/glue/GodotSharp/GodotSharp/Generated/GodotObjects/ShaderMaterial.cs:27)
:: [3] void OmegaSpiral.Source.Ui.Omega.OmegaUi.CreateBorderFrame() (/home/adam/Dev/omega-spiral/chapter-zero/source/ui/omega/OmegaUi.cs:436)
:: [4] void OmegaSpiral.Source.Ui.Omega.OmegaUi.Initialize() (/home/adam/Dev/omega-spiral/chapter-zero/source/ui/omega/OmegaUi.cs:129)
:: [5] void OmegaSpiral.Source.Ui.Omega.OmegaUi+&lt;InitializeAsync&gt;d__14.MoveNext() (/home/adam/Dev/omega-spiral/chapter-zero/source/ui/omega/OmegaUi.cs:176)
:: [6] void System.Runtime.CompilerServices.AsyncTaskMethodBuilder.Start&lt;TStateMachine&gt;(TStateMachine&amp;)
:: [7] System.Threading.Tasks.Task OmegaSpiral.Source.Ui.Omega.OmegaUi.InitializeAsync()
:: [8] void OmegaSpiral.Source.Ui.Omega.OmegaUi._Ready() (/home/adam/Dev/omega-spiral/chapter-zero/source/ui/omega/OmegaUi.cs:100)
:: [9] void OmegaSpiral.Source.Ui.Menus.MenuUi._Ready() (/home/adam/Dev/omega-spiral/chapter-zero/source/ui/menus/MenuUi.cs:76)
:: [10] void OmegaSpiral.Source.Stages.Stage0Start.MainMenu._Ready() (/home/adam/Dev/omega-spiral/chapter-zero/source/ui/menus/MainMenu.cs:54)
:: [11] bool Godot.Node.InvokeGodotClassMethod(Godot.NativeInterop.godot_string_name&amp;, Godot.NativeInterop.NativeVariantPtrArgs, Godot.NativeInterop.godot_variant&amp;) (/root/godot/modules/mono/glue/GodotSharp/GodotSharp/Generated/GodotObjects/Node.cs:2631)
:: [12] bool Godot.CanvasItem.InvokeGodotClassMethod(Godot.NativeInterop.godot_string_name&amp;, Godot.NativeInterop.NativeVariantPtrArgs, Godot.NativeInterop.godot_variant&amp;) (/root/godot/modules/mono/glue/GodotSharp/GodotSharp/Generated/GodotObjects/CanvasItem.cs:1786)
:: [13] bool Godot.Control.InvokeGodotClassMethod(Godot.NativeInterop.godot_string_name&amp;, Godot.NativeInterop.NativeVariantPtrArgs, Godot.NativeInterop.godot_variant&amp;) (/root/godot/modules/mono/glue/GodotSharp/GodotSharp/Generated/GodotObjects/Control.cs:3508)
:: [14] bool OmegaSpiral.Source.Ui.Omega.OmegaUi.InvokeGodotClassMethod(Godot.NativeInterop.godot_string_name&amp;, Godot.NativeInterop.NativeVariantPtrArgs, Godot.NativeInterop.godot_variant&amp;) (/home/adam/Dev/omega-spiral/chapter-zero/.godot/mono/temp/obj/Debug/Godot.SourceGenerators/Godot.SourceGenerators.ScriptMethodsGenerator/OmegaSpiral.Source.Ui.Omega.OmegaUi_ScriptMethods.generated.cs:180)
:: [15] bool OmegaSpiral.Source.Ui.Menus.MenuUi.InvokeGodotClassMethod(Godot.NativeInterop.godot_string_name&amp;, Godot.NativeInterop.NativeVariantPtrArgs, Godot.NativeInterop.godot_variant&amp;) (/home/adam/Dev/omega-spiral/chapter-zero/.godot/mono/temp/obj/Debug/Godot.SourceGenerators/Godot.SourceGenerators.ScriptMethodsGenerator/OmegaSpiral.Source.Ui.Menus.MenuUi_ScriptMethods.generated.cs:180)
:: [16] bool OmegaSpiral.Source.Stages.Stage0Start.MainMenu.InvokeGodotClassMethod(Godot.NativeInterop.godot_string_name&amp;, Godot.NativeInterop.NativeVariantPtrArgs, Godot.NativeInterop.godot_variant&amp;) (/home/adam/Dev/omega-spiral/chapter-zero/.godot/mono/temp/obj/Debug/Godot.SourceGenerators/Godot.SourceGenerators.ScriptMethodsGenerator/OmegaSpiral.Source.Stages.Stage0Start.MainMenu_ScriptMethods.generated.cs:100)
:: [17] Godot.NativeInterop.godot_bool Godot.Bridge.CSharpInstanceBridge.Call(nint, Godot.NativeInterop.godot_string_name*, Godot.NativeInterop.godot_variant**, int, Godot.NativeInterop.godot_variant_call_error*, Godot.NativeInterop.godot_variant*) (/root/godot/modules/mono/glue/GodotSharp/GodotSharp/Core/Bridge/CSharpInstanceBridge.cs:24)
:: [18] void Godot.NativeInterop.NativeFuncs.godotsharp_method_bind_ptrcall(nint, nint, System.Void**, System.Void*) (/root/godot/modules/mono/glue/GodotSharp/GodotSharp/Godot.SourceGenerators.Internal/Godot.SourceGenerators.Internal.UnmanagedCallbacksGenerator/Godot.NativeInterop.NativeFuncs.generated.cs:380)
:: [19] void Godot.NativeCalls.godot_icall_3_1042(nint, nint, nint, Godot.NativeInterop.godot_bool, int) (/root/godot/modules/mono/glue/GodotSharp/GodotSharp/Generated/NativeCalls.cs:9587)
:: [20] void Godot.Node.AddChild(Godot.Node, bool, Godot.Node+InternalMode) (/root/godot/modules/mono/glue/GodotSharp/GodotSharp/Generated/GodotObjects/Node.cs:821)
:: [21] GdUnit4.Core.SceneRunner..ctor(Godot.Node, bool, bool)
:: [22] GdUnit4.Core.SceneRunner..ctor(string, bool, bool)
:: [23] GdUnit4.ISceneRunner GdUnit4.ISceneRunner.Load(string, bool, bool)
:: [24] void OmegaSpiral.Tests.Integration.Ui.Menus.MainMenuTests.Setup() (/home/adam/Dev/omega-spiral/chapter-zero/tests/integration/ui/menus/MainMenuTests.cs:31)
:: [25] void System.RuntimeMethodHandle.InvokeMethod(System.Runtime.CompilerServices.ObjectHandleOnStack, System.Void**, System.Runtime.CompilerServices.ObjectHandleOnStack, Interop+BOOL, System.Runtime.CompilerServices.ObjectHandleOnStack)
:: [26] void System.RuntimeMethodHandle.InvokeMethod(System.Runtime.CompilerServices.ObjectHandleOnStack, System.Void**, System.Runtime.CompilerServices.ObjectHandleOnStack, Interop+BOOL, System.Runtime.CompilerServices.ObjectHandleOnStack)
:: [27] object System.Reflection.MethodBaseInvoker.InterpretedInvoke_Method(object, System.IntPtr*)
:: [28] object System.Reflection.RuntimeMethodInfo.Invoke(object, System.Reflection.BindingFlags, System.Reflection.Binder, System.Object[], System.Globalization.CultureInfo)
:: [29] void GdUnit4.Core.Execution.ExecutionStage`1+&lt;ExecuteStage&gt;d__37.MoveNext()
:: [30] void System.Runtime.CompilerServices.AsyncTaskMethodBuilder.Start&lt;TStateMachine&gt;(TStateMachine&amp;)
:: [31] System.Threading.Tasks.Task GdUnit4.Core.Execution.ExecutionStage`1.ExecuteStage(GdUnit4.Core.Execution.ExecutionContext)
:: [32] void GdUnit4.Core.Execution.ExecutionStage`1+&lt;Execute&gt;d__30.MoveNext()
:: [33] void System.Runtime.CompilerServices.AsyncTaskMethodBuilder.Start&lt;TStateMachine&gt;(TStateMachine&amp;)
:: [34] System.Threading.Tasks.Task GdUnit4.Core.Execution.ExecutionStage`1.Execute(GdUnit4.Core.Execution.ExecutionContext)
:: [35] System.Threading.Tasks.Task GdUnit4.Core.Execution.BeforeExecutionStage.&lt;&gt;n__0(GdUnit4.Core.Execution.ExecutionContext)
:: [36] void GdUnit4.Core.Execution.BeforeExecutionStage+&lt;Execute&gt;d__1.MoveNext()
:: [37] void System.Runtime.CompilerServices.AsyncTaskMethodBuilder.Start&lt;TStateMachine&gt;(TStateMachine&amp;)
:: [38] System.Threading.Tasks.Task GdUnit4.Core.Execution.BeforeExecutionStage.Execute(GdUnit4.Core.Execution.ExecutionContext)
:: [39] void GdUnit4.Core.Execution.TestSuiteExecutionStage+&lt;Execute&gt;d__13.MoveNext()
:: [40] void System.Runtime.CompilerServices.AsyncTaskMethodBuilder.Start&lt;TStateMachine&gt;(TStateMachine&amp;)
:: [41] System.Threading.Tasks.Task GdUnit4.Core.Execution.TestSuiteExecutionStage.Execute(GdUnit4.Core.Execution.ExecutionContext)
:: [42] void GdUnit4.Core.Commands.ExecuteTestSuiteCommand+&lt;Execute&gt;d__18.MoveNext()
:: [43] void System.Runtime.CompilerServices.AsyncTaskMethodBuilder`1+AsyncStateMachineBox`1.ExecutionContextCallback(object)
:: [44] void System.Threading.ExecutionContext.RunInternal(System.Threading.ExecutionContext, System.Threading.ContextCallback, object)
:: [45] void System.Runtime.CompilerServices.AsyncTaskMethodBuilder`1+AsyncStateMachineBox`1.MoveNext(System.Threading.Thread)
:: [46] void Godot.SignalAwaiter.SignalCallback(nint, Godot.NativeInterop.godot_variant**, int, Godot.NativeInterop.godot_bool*) (/root/godot/modules/mono/glue/GodotSharp/GodotSharp/Core/SignalAwaiter.cs:65)
:: ERROR: res://source/ui/omega/omega_ui.theme.tres:5 - Parse Error: Extra tag found when parsing main resource file.
:: at: _printerr (scene/resources/resource_format_text.cpp:40)
:: C# backtrace (most recent call first):
:: [0] Godot.GodotObject Godot.NativeCalls.godot_icall_3_761(nint, nint, string, string, int) (/root/godot/modules/mono/glue/GodotSharp/GodotSharp/Generated/NativeCalls.cs:6854)
:: [1] Godot.Resource Godot.ResourceLoader.Load(string, string, Godot.ResourceLoader+CacheMode) (/root/godot/modules/mono/glue/GodotSharp/GodotSharp/Generated/GodotObjects/ResourceLoader.cs:120)
:: [2] T Godot.ResourceLoader.Load&lt;T&gt;(string, string, Godot.ResourceLoader+CacheMode) (/root/godot/modules/mono/glue/GodotSharp/GodotSharp/Core/Extensions/ResourceLoaderExtensions.cs:27)
:: [3] T Godot.GD.Load&lt;T&gt;(string) (/root/godot/modules/mono/glue/GodotSharp/GodotSharp/Core/GD.cs:129)
:: [4] void OmegaSpiral.Source.Stages.Stage0Start.MainMenu.PopulateStageList() (/home/adam/Dev/omega-spiral/chapter-zero/source/ui/menus/MainMenu.cs:92)
:: [5] void OmegaSpiral.Source.Stages.Stage0Start.MainMenu.PopulateMenuButtons() (/home/adam/Dev/omega-spiral/chapter-zero/source/ui/menus/MainMenu.cs:73)
:: [6] void OmegaSpiral.Source.Ui.Menus.MenuUi._Ready() (/home/adam/Dev/omega-spiral/chapter-zero/source/ui/menus/MenuUi.cs:79)
:: [7] void OmegaSpiral.Source.Stages.Stage0Start.MainMenu._Ready() (/home/adam/Dev/omega-spiral/chapter-zero/source/ui/menus/MainMenu.cs:54)
:: [8] bool Godot.Node.InvokeGodotClassMethod(Godot.NativeInterop.godot_string_name&amp;, Godot.NativeInterop.NativeVariantPtrArgs, Godot.NativeInterop.godot_variant&amp;) (/root/godot/modules/mono/glue/GodotSharp/GodotSharp/Generated/GodotObjects/Node.cs:2631)
:: [9] bool Godot.CanvasItem.InvokeGodotClassMethod(Godot.NativeInterop.godot_string_name&amp;, Godot.NativeInterop.NativeVariantPtrArgs, Godot.NativeInterop.godot_variant&amp;) (/root/godot/modules/mono/glue/GodotSharp/GodotSharp/Generated/GodotObjects/CanvasItem.cs:1786)
:: [10] bool Godot.Control.InvokeGodotClassMethod(Godot.NativeInterop.godot_string_name&amp;, Godot.NativeInterop.NativeVariantPtrArgs, Godot.NativeInterop.godot_variant&amp;) (/root/godot/modules/mono/glue/GodotSharp/GodotSharp/Generated/GodotObjects/Control.cs:3508)
:: [11] bool OmegaSpiral.Source.Ui.Omega.OmegaUi.InvokeGodotClassMethod(Godot.NativeInterop.godot_string_name&amp;, Godot.NativeInterop.NativeVariantPtrArgs, Godot.NativeInterop.godot_variant&amp;) (/home/adam/Dev/omega-spiral/chapter-zero/.godot/mono/temp/obj/Debug/Godot.SourceGenerators/Godot.SourceGenerators.ScriptMethodsGenerator/OmegaSpiral.Source.Ui.Omega.OmegaUi_ScriptMethods.generated.cs:180)
:: [12] bool OmegaSpiral.Source.Ui.Menus.MenuUi.InvokeGodotClassMethod(Godot.NativeInterop.godot_string_name&amp;, Godot.NativeInterop.NativeVariantPtrArgs, Godot.NativeInterop.godot_variant&amp;) (/home/adam/Dev/omega-spiral/chapter-zero/.godot/mono/temp/obj/Debug/Godot.SourceGenerators/Godot.SourceGenerators.ScriptMethodsGenerator/OmegaSpiral.Source.Ui.Menus.MenuUi_ScriptMethods.generated.cs:180)
:: [13] bool OmegaSpiral.Source.Stages.Stage0Start.MainMenu.InvokeGodotClassMethod(Godot.NativeInterop.godot_string_name&amp;, Godot.NativeInterop.NativeVariantPtrArgs, Godot.NativeInterop.godot_variant&amp;) (/home/adam/Dev/omega-spiral/chapter-zero/.godot/mono/temp/obj/Debug/Godot.SourceGenerators/Godot.SourceGenerators.ScriptMethodsGenerator/OmegaSpiral.Source.Stages.Stage0Start.MainMenu_ScriptMethods.generated.cs:100)
:: [14] Godot.NativeInterop.godot_bool Godot.Bridge.CSharpInstanceBridge.Call(nint, Godot.NativeInterop.godot_string_name*, Godot.NativeInterop.godot_variant**, int, Godot.NativeInterop.godot_variant_call_error*, Godot.NativeInterop.godot_variant*) (/root/godot/modules/mono/glue/GodotSharp/GodotSharp/Core/Bridge/CSharpInstanceBridge.cs:24)
:: [15] void Godot.NativeInterop.NativeFuncs.godotsharp_method_bind_ptrcall(nint, nint, System.Void**, System.Void*) (/root/godot/modules/mono/glue/GodotSharp/GodotSharp/Godot.SourceGenerators.Internal/Godot.SourceGenerators.Internal.UnmanagedCallbacksGenerator/Godot.NativeInterop.NativeFuncs.generated.cs:380)
:: [16] void Godot.NativeCalls.godot_icall_3_1042(nint, nint, nint, Godot.NativeInterop.godot_bool, int) (/root/godot/modules/mono/glue/GodotSharp/GodotSharp/Generated/NativeCalls.cs:9587)
:: [17] void Godot.Node.AddChild(Godot.Node, bool, Godot.Node+InternalMode) (/root/godot/modules/mono/glue/GodotSharp/GodotSharp/Generated/GodotObjects/Node.cs:821)
:: [18] GdUnit4.Core.SceneRunner..ctor(Godot.Node, bool, bool)
:: [19] GdUnit4.Core.SceneRunner..ctor(string, bool, bool)
:: [20] GdUnit4.ISceneRunner GdUnit4.ISceneRunner.Load(string, bool, bool)
:: [21] void OmegaSpiral.Tests.Integration.Ui.Menus.MainMenuTests.Setup() (/home/adam/Dev/omega-spiral/chapter-zero/tests/integration/ui/menus/MainMenuTests.cs:31)
:: [22] void System.RuntimeMethodHandle.InvokeMethod(System.Runtime.CompilerServices.ObjectHandleOnStack, System.Void**, System.Runtime.CompilerServices.ObjectHandleOnStack, Interop+BOOL, System.Runtime.CompilerServices.ObjectHandleOnStack)
:: [23] void System.RuntimeMethodHandle.InvokeMethod(System.Runtime.CompilerServices.ObjectHandleOnStack, System.Void**, System.Runtime.CompilerServices.ObjectHandleOnStack, Interop+BOOL, System.Runtime.CompilerServices.ObjectHandleOnStack)
:: [24] object System.Reflection.MethodBaseInvoker.InterpretedInvoke_Method(object, System.IntPtr*)
:: [25] object System.Reflection.RuntimeMethodInfo.Invoke(object, System.Reflection.BindingFlags, System.Reflection.Binder, System.Object[], System.Globalization.CultureInfo)
:: [26] void GdUnit4.Core.Execution.ExecutionStage`1+&lt;ExecuteStage&gt;d__37.MoveNext()
:: [27] void System.Runtime.CompilerServices.AsyncTaskMethodBuilder.Start&lt;TStateMachine&gt;(TStateMachine&amp;)
:: [28] System.Threading.Tasks.Task GdUnit4.Core.Execution.ExecutionStage`1.ExecuteStage(GdUnit4.Core.Execution.ExecutionContext)
:: [29] void GdUnit4.Core.Execution.ExecutionStage`1+&lt;Execute&gt;d__30.MoveNext()
:: [30] void System.Runtime.CompilerServices.AsyncTaskMethodBuilder.Start&lt;TStateMachine&gt;(TStateMachine&amp;)
:: [31] System.Threading.Tasks.Task GdUnit4.Core.Execution.ExecutionStage`1.Execute(GdUnit4.Core.Execution.ExecutionContext)
:: [32] System.Threading.Tasks.Task GdUnit4.Core.Execution.BeforeExecutionStage.&lt;&gt;n__0(GdUnit4.Core.Execution.ExecutionContext)
:: [33] void GdUnit4.Core.Execution.BeforeExecutionStage+&lt;Execute&gt;d__1.MoveNext()
:: [34] void System.Runtime.CompilerServices.AsyncTaskMethodBuilder.Start&lt;TStateMachine&gt;(TStateMachine&amp;)
:: [35] System.Threading.Tasks.Task GdUnit4.Core.Execution.BeforeExecutionStage.Execute(GdUnit4.Core.Execution.ExecutionContext)
:: [36] void GdUnit4.Core.Execution.TestSuiteExecutionStage+&lt;Execute&gt;d__13.MoveNext()
:: [37] void System.Runtime.CompilerServices.AsyncTaskMethodBuilder.Start&lt;TStateMachine&gt;(TStateMachine&amp;)
:: [38] System.Threading.Tasks.Task GdUnit4.Core.Execution.TestSuiteExecutionStage.Execute(GdUnit4.Core.Execution.ExecutionContext)
:: [39] void GdUnit4.Core.Commands.ExecuteTestSuiteCommand+&lt;Execute&gt;d__18.MoveNext()
:: [40] void System.Runtime.CompilerServices.AsyncTaskMethodBuilder`1+AsyncStateMachineBox`1.ExecutionContextCallback(object)
:: [41] void System.Threading.ExecutionContext.RunInternal(System.Threading.ExecutionContext, System.Threading.ContextCallback, object)
:: [42] void System.Runtime.CompilerServices.AsyncTaskMethodBuilder`1+AsyncStateMachineBox`1.MoveNext(System.Threading.Thread)
:: [43] void Godot.SignalAwaiter.SignalCallback(nint, Godot.NativeInterop.godot_variant**, int, Godot.NativeInterop.godot_bool*) (/root/godot/modules/mono/glue/GodotSharp/GodotSharp/Core/SignalAwaiter.cs:65)
:: ERROR: Failed loading resource: res://source/ui/omega/omega_ui.theme.tres.
:: at: _load (core/io/resource_loader.cpp:343)
:: C# backtrace (most recent call first):
:: [0] Godot.GodotObject Godot.NativeCalls.godot_icall_3_761(nint, nint, string, string, int) (/root/godot/modules/mono/glue/GodotSharp/GodotSharp/Generated/NativeCalls.cs:6854)
:: [1] Godot.Resource Godot.ResourceLoader.Load(string, string, Godot.ResourceLoader+CacheMode) (/root/godot/modules/mono/glue/GodotSharp/GodotSharp/Generated/GodotObjects/ResourceLoader.cs:120)
:: [2] T Godot.ResourceLoader.Load&lt;T&gt;(string, string, Godot.ResourceLoader+CacheMode) (/root/godot/modules/mono/glue/GodotSharp/GodotSharp/Core/Extensions/ResourceLoaderExtensions.cs:27)
:: [3] T Godot.GD.Load&lt;T&gt;(string) (/root/godot/modules/mono/glue/GodotSharp/GodotSharp/Core/GD.cs:129)
:: [4] void OmegaSpiral.Source.Stages.Stage0Start.MainMenu.PopulateStageList() (/home/adam/Dev/omega-spiral/chapter-zero/source/ui/menus/MainMenu.cs:92)
:: [5] void OmegaSpiral.Source.Stages.Stage0Start.MainMenu.PopulateMenuButtons() (/home/adam/Dev/omega-spiral/chapter-zero/source/ui/menus/MainMenu.cs:73)
:: [6] void OmegaSpiral.Source.Ui.Menus.MenuUi._Ready() (/home/adam/Dev/omega-spiral/chapter-zero/source/ui/menus/MenuUi.cs:79)
:: [7] void OmegaSpiral.Source.Stages.Stage0Start.MainMenu._Ready() (/home/adam/Dev/omega-spiral/chapter-zero/source/ui/menus/MainMenu.cs:54)
:: [8] bool Godot.Node.InvokeGodotClassMethod(Godot.NativeInterop.godot_string_name&amp;, Godot.NativeInterop.NativeVariantPtrArgs, Godot.NativeInterop.godot_variant&amp;) (/root/godot/modules/mono/glue/GodotSharp/GodotSharp/Generated/GodotObjects/Node.cs:2631)
:: [9] bool Godot.CanvasItem.InvokeGodotClassMethod(Godot.NativeInterop.godot_string_name&amp;, Godot.NativeInterop.NativeVariantPtrArgs, Godot.NativeInterop.godot_variant&amp;) (/root/godot/modules/mono/glue/GodotSharp/GodotSharp/Generated/GodotObjects/CanvasItem.cs:1786)
:: [10] bool Godot.Control.InvokeGodotClassMethod(Godot.NativeInterop.godot_string_name&amp;, Godot.NativeInterop.NativeVariantPtrArgs, Godot.NativeInterop.godot_variant&amp;) (/root/godot/modules/mono/glue/GodotSharp/GodotSharp/Generated/GodotObjects/Control.cs:3508)
:: [11] bool OmegaSpiral.Source.Ui.Omega.OmegaUi.InvokeGodotClassMethod(Godot.NativeInterop.godot_string_name&amp;, Godot.NativeInterop.NativeVariantPtrArgs, Godot.NativeInterop.godot_variant&amp;) (/home/adam/Dev/omega-spiral/chapter-zero/.godot/mono/temp/obj/Debug/Godot.SourceGenerators/Godot.SourceGenerators.ScriptMethodsGenerator/OmegaSpiral.Source.Ui.Omega.OmegaUi_ScriptMethods.generated.cs:180)
:: [12] bool OmegaSpiral.Source.Ui.Menus.MenuUi.InvokeGodotClassMethod(Godot.NativeInterop.godot_string_name&amp;, Godot.NativeInterop.NativeVariantPtrArgs, Godot.NativeInterop.godot_variant&amp;) (/home/adam/Dev/omega-spiral/chapter-zero/.godot/mono/temp/obj/Debug/Godot.SourceGenerators/Godot.SourceGenerators.ScriptMethodsGenerator/OmegaSpiral.Source.Ui.Menus.MenuUi_ScriptMethods.generated.cs:180)
:: [13] bool OmegaSpiral.Source.Stages.Stage0Start.MainMenu.InvokeGodotClassMethod(Godot.NativeInterop.godot_string_name&amp;, Godot.NativeInterop.NativeVariantPtrArgs, Godot.NativeInterop.godot_variant&amp;) (/home/adam/Dev/omega-spiral/chapter-zero/.godot/mono/temp/obj/Debug/Godot.SourceGenerators/Godot.SourceGenerators.ScriptMethodsGenerator/OmegaSpiral.Source.Stages.Stage0Start.MainMenu_ScriptMethods.generated.cs:100)
:: [14] Godot.NativeInterop.godot_bool Godot.Bridge.CSharpInstanceBridge.Call(nint, Godot.NativeInterop.godot_string_name*, Godot.NativeInterop.godot_variant**, int, Godot.NativeInterop.godot_variant_call_error*, Godot.NativeInterop.godot_variant*) (/root/godot/modules/mono/glue/GodotSharp/GodotSharp/Core/Bridge/CSharpInstanceBridge.cs:24)
:: [15] void Godot.NativeInterop.NativeFuncs.godotsharp_method_bind_ptrcall(nint, nint, System.Void**, System.Void*) (/root/godot/modules/mono/glue/GodotSharp/GodotSharp/Godot.SourceGenerators.Internal/Godot.SourceGenerators.Internal.UnmanagedCallbacksGenerator/Godot.NativeInterop.NativeFuncs.generated.cs:380)
:: [16] void Godot.NativeCalls.godot_icall_3_1042(nint, nint, nint, Godot.NativeInterop.godot_bool, int) (/root/godot/modules/mono/glue/GodotSharp/GodotSharp/Generated/NativeCalls.cs:9587)
:: [17] void Godot.Node.AddChild(Godot.Node, bool, Godot.Node+InternalMode) (/root/godot/modules/mono/glue/GodotSharp/GodotSharp/Generated/GodotObjects/Node.cs:821)
:: [18] GdUnit4.Core.SceneRunner..ctor(Godot.Node, bool, bool)
:: [19] GdUnit4.Core.SceneRunner..ctor(string, bool, bool)
:: [20] GdUnit4.ISceneRunner GdUnit4.ISceneRunner.Load(string, bool, bool)
:: [21] void OmegaSpiral.Tests.Integration.Ui.Menus.MainMenuTests.Setup() (/home/adam/Dev/omega-spiral/chapter-zero/tests/integration/ui/menus/MainMenuTests.cs:31)
:: [22] void System.RuntimeMethodHandle.InvokeMethod(System.Runtime.CompilerServices.ObjectHandleOnStack, System.Void**, System.Runtime.CompilerServices.ObjectHandleOnStack, Interop+BOOL, System.Runtime.CompilerServices.ObjectHandleOnStack)
:: [23] void System.RuntimeMethodHandle.InvokeMethod(System.Runtime.CompilerServices.ObjectHandleOnStack, System.Void**, System.Runtime.CompilerServices.ObjectHandleOnStack, Interop+BOOL, System.Runtime.CompilerServices.ObjectHandleOnStack)
:: [24] object System.Reflection.MethodBaseInvoker.InterpretedInvoke_Method(object, System.IntPtr*)
:: [25] object System.Reflection.RuntimeMethodInfo.Invoke(object, System.Reflection.BindingFlags, System.Reflection.Binder, System.Object[], System.Globalization.CultureInfo)
:: [26] void GdUnit4.Core.Execution.ExecutionStage`1+&lt;ExecuteStage&gt;d__37.MoveNext()
:: [27] void System.Runtime.CompilerServices.AsyncTaskMethodBuilder.Start&lt;TStateMachine&gt;(TStateMachine&amp;)
:: [28] System.Threading.Tasks.Task GdUnit4.Core.Execution.ExecutionStage`1.ExecuteStage(GdUnit4.Core.Execution.ExecutionContext)
:: [29] void GdUnit4.Core.Execution.ExecutionStage`1+&lt;Execute&gt;d__30.MoveNext()
:: [30] void System.Runtime.CompilerServices.AsyncTaskMethodBuilder.Start&lt;TStateMachine&gt;(TStateMachine&amp;)
:: [31] System.Threading.Tasks.Task GdUnit4.Core.Execution.ExecutionStage`1.Execute(GdUnit4.Core.Execution.ExecutionContext)
:: [32] System.Threading.Tasks.Task GdUnit4.Core.Execution.BeforeExecutionStage.&lt;&gt;n__0(GdUnit4.Core.Execution.ExecutionContext)
:: [33] void GdUnit4.Core.Execution.BeforeExecutionStage+&lt;Execute&gt;d__1.MoveNext()
:: [34] void System.Runtime.CompilerServices.AsyncTaskMethodBuilder.Start&lt;TStateMachine&gt;(TStateMachine&amp;)
:: [35] System.Threading.Tasks.Task GdUnit4.Core.Execution.BeforeExecutionStage.Execute(GdUnit4.Core.Execution.ExecutionContext)
:: [36] void GdUnit4.Core.Execution.TestSuiteExecutionStage+&lt;Execute&gt;d__13.MoveNext()
:: [37] void System.Runtime.CompilerServices.AsyncTaskMethodBuilder.Start&lt;TStateMachine&gt;(TStateMachine&amp;)
:: [38] System.Threading.Tasks.Task GdUnit4.Core.Execution.TestSuiteExecutionStage.Execute(GdUnit4.Core.Execution.ExecutionContext)
:: [39] void GdUnit4.Core.Commands.ExecuteTestSuiteCommand+&lt;Execute&gt;d__18.MoveNext()
:: [40] void System.Runtime.CompilerServices.AsyncTaskMethodBuilder`1+AsyncStateMachineBox`1.ExecutionContextCallback(object)
:: [41] void System.Threading.ExecutionContext.RunInternal(System.Threading.ExecutionContext, System.Threading.ContextCallback, object)
:: [42] void System.Runtime.CompilerServices.AsyncTaskMethodBuilder`1+AsyncStateMachineBox`1.MoveNext(System.Threading.Thread)
:: [43] void Godot.SignalAwaiter.SignalCallback(nint, Godot.NativeInterop.godot_variant**, int, Godot.NativeInterop.godot_bool*) (/root/godot/modules/mono/glue/GodotSharp/GodotSharp/Core/SignalAwaiter.cs:65)
:: ERROR: res://source/ui/components/stage_button.tscn:10 - Parse Error: [ext_resource] referenced non-existent resource at: res://source/ui/omega/omega_ui.theme.tres.
:: at: _printerr (scene/resources/resource_format_text.cpp:40)
:: C# backtrace (most recent call first):
:: [0] Godot.GodotObject Godot.NativeCalls.godot_icall_3_761(nint, nint, string, string, int) (/root/godot/modules/mono/glue/GodotSharp/GodotSharp/Generated/NativeCalls.cs:6854)
:: [1] Godot.Resource Godot.ResourceLoader.Load(string, string, Godot.ResourceLoader+CacheMode) (/root/godot/modules/mono/glue/GodotSharp/GodotSharp/Generated/GodotObjects/ResourceLoader.cs:120)
:: [2] T Godot.ResourceLoader.Load&lt;T&gt;(string, string, Godot.ResourceLoader+CacheMode) (/root/godot/modules/mono/glue/GodotSharp/GodotSharp/Core/Extensions/ResourceLoaderExtensions.cs:27)
:: [3] T Godot.GD.Load&lt;T&gt;(string) (/root/godot/modules/mono/glue/GodotSharp/GodotSharp/Core/GD.cs:129)
:: [4] void OmegaSpiral.Source.Stages.Stage0Start.MainMenu.PopulateStageList() (/home/adam/Dev/omega-spiral/chapter-zero/source/ui/menus/MainMenu.cs:92)
:: [5] void OmegaSpiral.Source.Stages.Stage0Start.MainMenu.PopulateMenuButtons() (/home/adam/Dev/omega-spiral/chapter-zero/source/ui/menus/MainMenu.cs:73)
:: [6] void OmegaSpiral.Source.Ui.Menus.MenuUi._Ready() (/home/adam/Dev/omega-spiral/chapter-zero/source/ui/menus/MenuUi.cs:79)
:: [7] void OmegaSpiral.Source.Stages.Stage0Start.MainMenu._Ready() (/home/adam/Dev/omega-spiral/chapter-zero/source/ui/menus/MainMenu.cs:54)
:: [8] bool Godot.Node.InvokeGodotClassMethod(Godot.NativeInterop.godot_string_name&amp;, Godot.NativeInterop.NativeVariantPtrArgs, Godot.NativeInterop.godot_variant&amp;) (/root/godot/modules/mono/glue/GodotSharp/GodotSharp/Generated/GodotObjects/Node.cs:2631)
:: [9] bool Godot.CanvasItem.InvokeGodotClassMethod(Godot.NativeInterop.godot_string_name&amp;, Godot.NativeInterop.NativeVariantPtrArgs, Godot.NativeInterop.godot_variant&amp;) (/root/godot/modules/mono/glue/GodotSharp/GodotSharp/Generated/GodotObjects/CanvasItem.cs:1786)
:: [10] bool Godot.Control.InvokeGodotClassMethod(Godot.NativeInterop.godot_string_name&amp;, Godot.NativeInterop.NativeVariantPtrArgs, Godot.NativeInterop.godot_variant&amp;) (/root/godot/modules/mono/glue/GodotSharp/GodotSharp/Generated/GodotObjects/Control.cs:3508)
:: [11] bool OmegaSpiral.Source.Ui.Omega.OmegaUi.InvokeGodotClassMethod(Godot.NativeInterop.godot_string_name&amp;, Godot.NativeInterop.NativeVariantPtrArgs, Godot.NativeInterop.godot_variant&amp;) (/home/adam/Dev/omega-spiral/chapter-zero/.godot/mono/temp/obj/Debug/Godot.SourceGenerators/Godot.SourceGenerators.ScriptMethodsGenerator/OmegaSpiral.Source.Ui.Omega.OmegaUi_ScriptMethods.generated.cs:180)
:: [12] bool OmegaSpiral.Source.Ui.Menus.MenuUi.InvokeGodotClassMethod(Godot.NativeInterop.godot_string_name&amp;, Godot.NativeInterop.NativeVariantPtrArgs, Godot.NativeInterop.godot_variant&amp;) (/home/adam/Dev/omega-spiral/chapter-zero/.godot/mono/temp/obj/Debug/Godot.SourceGenerators/Godot.SourceGenerators.ScriptMethodsGenerator/OmegaSpiral.Source.Ui.Menus.MenuUi_ScriptMethods.generated.cs:180)
:: [13] bool OmegaSpiral.Source.Stages.Stage0Start.MainMenu.InvokeGodotClassMethod(Godot.NativeInterop.godot_string_name&amp;, Godot.NativeInterop.NativeVariantPtrArgs, Godot.NativeInterop.godot_variant&amp;) (/home/adam/Dev/omega-spiral/chapter-zero/.godot/mono/temp/obj/Debug/Godot.SourceGenerators/Godot.SourceGenerators.ScriptMethodsGenerator/OmegaSpiral.Source.Stages.Stage0Start.MainMenu_ScriptMethods.generated.cs:100)
:: [14] Godot.NativeInterop.godot_bool Godot.Bridge.CSharpInstanceBridge.Call(nint, Godot.NativeInterop.godot_string_name*, Godot.NativeInterop.godot_variant**, int, Godot.NativeInterop.godot_variant_call_error*, Godot.NativeInterop.godot_variant*) (/root/godot/modules/mono/glue/GodotSharp/GodotSharp/Core/Bridge/CSharpInstanceBridge.cs:24)
:: [15] void Godot.NativeInterop.NativeFuncs.godotsharp_method_bind_ptrcall(nint, nint, System.Void**, System.Void*) (/root/godot/modules/mono/glue/GodotSharp/GodotSharp/Godot.SourceGenerators.Internal/Godot.SourceGenerators.Internal.UnmanagedCallbacksGenerator/Godot.NativeInterop.NativeFuncs.generated.cs:380)
:: [16] void Godot.NativeCalls.godot_icall_3_1042(nint, nint, nint, Godot.NativeInterop.godot_bool, int) (/root/godot/modules/mono/glue/GodotSharp/GodotSharp/Generated/NativeCalls.cs:9587)
:: [17] void Godot.Node.AddChild(Godot.Node, bool, Godot.Node+InternalMode) (/root/godot/modules/mono/glue/GodotSharp/GodotSharp/Generated/GodotObjects/Node.cs:821)
:: [18] GdUnit4.Core.SceneRunner..ctor(Godot.Node, bool, bool)
:: [19] GdUnit4.Core.SceneRunner..ctor(string, bool, bool)
:: [20] GdUnit4.ISceneRunner GdUnit4.ISceneRunner.Load(string, bool, bool)
:: [21] void OmegaSpiral.Tests.Integration.Ui.Menus.MainMenuTests.Setup() (/home/adam/Dev/omega-spiral/chapter-zero/tests/integration/ui/menus/MainMenuTests.cs:31)
:: [22] void System.RuntimeMethodHandle.InvokeMethod(System.Runtime.CompilerServices.ObjectHandleOnStack, System.Void**, System.Runtime.CompilerServices.ObjectHandleOnStack, Interop+BOOL, System.Runtime.CompilerServices.ObjectHandleOnStack)
:: [23] void System.RuntimeMethodHandle.InvokeMethod(System.Runtime.CompilerServices.ObjectHandleOnStack, System.Void**, System.Runtime.CompilerServices.ObjectHandleOnStack, Interop+BOOL, System.Runtime.CompilerServices.ObjectHandleOnStack)
:: [24] object System.Reflection.MethodBaseInvoker.InterpretedInvoke_Method(object, System.IntPtr*)
:: [25] object System.Reflection.RuntimeMethodInfo.Invoke(object, System.Reflection.BindingFlags, System.Reflection.Binder, System.Object[], System.Globalization.CultureInfo)
:: [26] void GdUnit4.Core.Execution.ExecutionStage`1+&lt;ExecuteStage&gt;d__37.MoveNext()
:: [27] void System.Runtime.CompilerServices.AsyncTaskMethodBuilder.Start&lt;TStateMachine&gt;(TStateMachine&amp;)
:: [28] System.Threading.Tasks.Task GdUnit4.Core.Execution.ExecutionStage`1.ExecuteStage(GdUnit4.Core.Execution.ExecutionContext)
:: [29] void GdUnit4.Core.Execution.ExecutionStage`1+&lt;Execute&gt;d__30.MoveNext()
:: [30] void System.Runtime.CompilerServices.AsyncTaskMethodBuilder.Start&lt;TStateMachine&gt;(TStateMachine&amp;)
:: [31] System.Threading.Tasks.Task GdUnit4.Core.Execution.ExecutionStage`1.Execute(GdUnit4.Core.Execution.ExecutionContext)
:: [32] System.Threading.Tasks.Task GdUnit4.Core.Execution.BeforeExecutionStage.&lt;&gt;n__0(GdUnit4.Core.Execution.ExecutionContext)
:: [33] void GdUnit4.Core.Execution.BeforeExecutionStage+&lt;Execute&gt;d__1.MoveNext()
:: [34] void System.Runtime.CompilerServices.AsyncTaskMethodBuilder.Start&lt;TStateMachine&gt;(TStateMachine&amp;)
:: [35] System.Threading.Tasks.Task GdUnit4.Core.Execution.BeforeExecutionStage.Execute(GdUnit4.Core.Execution.ExecutionContext)
:: [36] void GdUnit4.Core.Execution.TestSuiteExecutionStage+&lt;Execute&gt;d__13.MoveNext()
:: [37] void System.Runtime.CompilerServices.AsyncTaskMethodBuilder.Start&lt;TStateMachine&gt;(TStateMachine&amp;)
:: [38] System.Threading.Tasks.Task GdUnit4.Core.Execution.TestSuiteExecutionStage.Execute(GdUnit4.Core.Execution.ExecutionContext)
:: [39] void GdUnit4.Core.Commands.ExecuteTestSuiteCommand+&lt;Execute&gt;d__18.MoveNext()
:: [40] void System.Runtime.CompilerServices.AsyncTaskMethodBuilder`1+AsyncStateMachineBox`1.ExecutionContextCallback(object)
:: [41] void System.Threading.ExecutionContext.RunInternal(System.Threading.ExecutionContext, System.Threading.ContextCallback, object)
:: [42] void System.Runtime.CompilerServices.AsyncTaskMethodBuilder`1+AsyncStateMachineBox`1.MoveNext(System.Threading.Thread)
:: [43] void Godot.SignalAwaiter.SignalCallback(nint, Godot.NativeInterop.godot_variant**, int, Godot.NativeInterop.godot_bool*) (/root/godot/modules/mono/glue/GodotSharp/GodotSharp/Core/SignalAwaiter.cs:65)
:: ERROR: Condition "!is_inside_tree()" is true.
:: at: grab_focus (scene/gui/control.cpp:2350)
:: C# backtrace (most recent call first):
:: [0] void Godot.NativeCalls.godot_icall_0_26(nint, nint) (/root/godot/modules/mono/glue/GodotSharp/GodotSharp/Generated/NativeCalls.cs:228)
:: [1] void Godot.Control.GrabFocus() (/root/godot/modules/mono/glue/GodotSharp/GodotSharp/Generated/GodotObjects/Control.cs:3189)
:: [2] void OmegaSpiral.Tests.Integration.Ui.MenuUiTests.GetFocusedButton_ReturnsCorrectButton() (/home/adam/Dev/omega-spiral/chapter-zero/tests/integration/ui/BaseMenuTests.cs:208)
:: [3] void System.RuntimeMethodHandle.InvokeMethod(System.Runtime.CompilerServices.ObjectHandleOnStack, System.Void**, System.Runtime.CompilerServices.ObjectHandleOnStack, Interop+BOOL, System.Runtime.CompilerServices.ObjectHandleOnStack)
:: [4] void System.RuntimeMethodHandle.InvokeMethod(System.Runtime.CompilerServices.ObjectHandleOnStack, System.Void**, System.Runtime.CompilerServices.ObjectHandleOnStack, Interop+BOOL, System.Runtime.CompilerServices.ObjectHandleOnStack)
:: [5] object System.Reflection.MethodBaseInvoker.InterpretedInvoke_Method(object, System.IntPtr*)
:: [6] object System.Reflection.RuntimeMethodInfo.Invoke(object, System.Reflection.BindingFlags, System.Reflection.Binder, System.Object[], System.Globalization.CultureInfo)
:: [7] void GdUnit4.Core.Execution.ExecutionStage`1+&lt;ExecuteStage&gt;d__37.MoveNext()
:: [8] void System.Runtime.CompilerServices.AsyncTaskMethodBuilder.Start&lt;TStateMachine&gt;(TStateMachine&amp;)
:: [9] System.Threading.Tasks.Task GdUnit4.Core.Execution.ExecutionStage`1.ExecuteStage(GdUnit4.Core.Execution.ExecutionContext)
:: [10] void GdUnit4.Core.Execution.ExecutionStage`1+&lt;Execute&gt;d__30.MoveNext()
:: [11] void System.Runtime.CompilerServices.AsyncTaskMethodBuilder.Start&lt;TStateMachine&gt;(TStateMachine&amp;)
:: [12] System.Threading.Tasks.Task GdUnit4.Core.Execution.ExecutionStage`1.Execute(GdUnit4.Core.Execution.ExecutionContext)
:: [13] System.Threading.Tasks.Task GdUnit4.Core.Execution.TestCaseExecutionStage.&lt;&gt;n__0(GdUnit4.Core.Execution.ExecutionContext)
:: [14] void GdUnit4.Core.Execution.TestCaseExecutionStage+&lt;Execute&gt;d__1.MoveNext()
:: [15] void System.Runtime.CompilerServices.AsyncTaskMethodBuilder.Start&lt;TStateMachine&gt;(TStateMachine&amp;)
:: [16] System.Threading.Tasks.Task GdUnit4.Core.Execution.TestCaseExecutionStage.Execute(GdUnit4.Core.Execution.ExecutionContext)
:: [17] void GdUnit4.Core.Execution.TestSuiteExecutionStage+&lt;RunTestCase&gt;d__15.MoveNext()
:: [18] void System.Threading.ExecutionContext.RunInternal(System.Threading.ExecutionContext, System.Threading.ContextCallback, object)
:: [19] void System.Runtime.CompilerServices.AsyncTaskMethodBuilder`1+AsyncStateMachineBox`1.MoveNext(System.Threading.Thread)
:: [20] void System.Threading.Tasks.AwaitTaskContinuation.RunCallback(System.Threading.ContextCallback, object, System.Threading.Tasks.Task&amp;)
:: [21] void System.Threading.Tasks.Task.RunContinuations(object)
:: [22] void System.Runtime.CompilerServices.AsyncTaskMethodBuilder.SetResult()
:: [23] void GdUnit4.Core.Execution.BeforeTestExecutionStage+&lt;Execute&gt;d__1.MoveNext()
:: [24] void System.Threading.ExecutionContext.RunInternal(System.Threading.ExecutionContext, System.Threading.ContextCallback, object)
:: [25] void System.Runtime.CompilerServices.AsyncTaskMethodBuilder`1+AsyncStateMachineBox`1.MoveNext(System.Threading.Thread)
:: [26] void System.Threading.Tasks.AwaitTaskContinuation.RunCallback(System.Threading.ContextCallback, object, System.Threading.Tasks.Task&amp;)
:: [27] void System.Threading.Tasks.Task.RunContinuations(object)
:: [28] void System.Runtime.CompilerServices.AsyncTaskMethodBuilder.SetResult()
:: [29] void GdUnit4.Core.Execution.ExecutionStage`1+&lt;Execute&gt;d__30.MoveNext()
:: [30] void System.Threading.ExecutionContext.RunInternal(System.Threading.ExecutionContext, System.Threading.ContextCallback, object)
:: [31] void System.Runtime.CompilerServices.AsyncTaskMethodBuilder`1+AsyncStateMachineBox`1.MoveNext(System.Threading.Thread)
:: [32] void Godot.GodotSynchronizationContext.ExecutePendingContinuations() (/root/godot/modules/mono/glue/GodotSharp/GodotSharp/Core/GodotSynchronizationContext.cs:51)
:: [33] void Godot.GodotTaskScheduler.Activate() (/root/godot/modules/mono/glue/GodotSharp/GodotSharp/Core/GodotTaskScheduler.cs:76)
:: [34] void Godot.Bridge.ScriptManagerBridge.FrameCallback() (/root/godot/modules/mono/glue/GodotSharp/GodotSharp/Core/Bridge/ScriptManagerBridge.cs:84)
    [ChoiceButton] Configured: &amp;#x27;Test Choice&amp;#x27; (L:10 S:5 A:3)
    [ChoiceButton] Configured: &amp;#x27;Test Choice&amp;#x27; (L:10 S:5 A:3)
    [ChoiceButtonTests] Signal emission test placeholder
:: ERROR: Can't add child '@Button@58' to '', already has a parent ''.
:: at: add_child (scene/main/node.cpp:1699)
:: C# backtrace (most recent call first):
:: [0] void Godot.NativeCalls.godot_icall_3_1042(nint, nint, nint, Godot.NativeInterop.godot_bool, int) (/root/godot/modules/mono/glue/GodotSharp/GodotSharp/Generated/NativeCalls.cs:9587)
:: [1] void Godot.Node.AddChild(Godot.Node, bool, Godot.Node+InternalMode) (/root/godot/modules/mono/glue/GodotSharp/GodotSharp/Generated/GodotObjects/Node.cs:821)
:: [2] void OmegaSpiral.Tests.Integration.Ui.Omega.ChoiceButtonTests.ExitTree_CleansUpSignalConnections() (/home/adam/Dev/omega-spiral/chapter-zero/tests/integration/ui/omega/ChoiceButtonTests.cs:145)
:: [3] void System.RuntimeMethodHandle.InvokeMethod(System.Runtime.CompilerServices.ObjectHandleOnStack, System.Void**, System.Runtime.CompilerServices.ObjectHandleOnStack, Interop+BOOL, System.Runtime.CompilerServices.ObjectHandleOnStack)
:: [4] void System.RuntimeMethodHandle.InvokeMethod(System.Runtime.CompilerServices.ObjectHandleOnStack, System.Void**, System.Runtime.CompilerServices.ObjectHandleOnStack, Interop+BOOL, System.Runtime.CompilerServices.ObjectHandleOnStack)
:: [5] object System.Reflection.MethodBaseInvoker.InterpretedInvoke_Method(object, System.IntPtr*)
:: [6] object System.Reflection.RuntimeMethodInfo.Invoke(object, System.Reflection.BindingFlags, System.Reflection.Binder, System.Object[], System.Globalization.CultureInfo)
:: [7] void GdUnit4.Core.Execution.ExecutionStage`1+&lt;ExecuteStage&gt;d__37.MoveNext()
:: [8] void System.Runtime.CompilerServices.AsyncTaskMethodBuilder.Start&lt;TStateMachine&gt;(TStateMachine&amp;)
:: [9] System.Threading.Tasks.Task GdUnit4.Core.Execution.ExecutionStage`1.ExecuteStage(GdUnit4.Core.Execution.ExecutionContext)
:: [10] void GdUnit4.Core.Execution.ExecutionStage`1+&lt;Execute&gt;d__30.MoveNext()
:: [11] void System.Runtime.CompilerServices.AsyncTaskMethodBuilder.Start&lt;TStateMachine&gt;(TStateMachine&amp;)
:: [12] System.Threading.Tasks.Task GdUnit4.Core.Execution.ExecutionStage`1.Execute(GdUnit4.Core.Execution.ExecutionContext)
:: [13] System.Threading.Tasks.Task GdUnit4.Core.Execution.TestCaseExecutionStage.&lt;&gt;n__0(GdUnit4.Core.Execution.ExecutionContext)
:: [14] void GdUnit4.Core.Execution.TestCaseExecutionStage+&lt;Execute&gt;d__1.MoveNext()
:: [15] void System.Runtime.CompilerServices.AsyncTaskMethodBuilder.Start&lt;TStateMachine&gt;(TStateMachine&amp;)
:: [16] System.Threading.Tasks.Task GdUnit4.Core.Execution.TestCaseExecutionStage.Execute(GdUnit4.Core.Execution.ExecutionContext)
:: [17] void GdUnit4.Core.Execution.TestSuiteExecutionStage+&lt;RunTestCase&gt;d__15.MoveNext()
:: [18] void System.Threading.ExecutionContext.RunInternal(System.Threading.ExecutionContext, System.Threading.ContextCallback, object)
:: [19] void System.Runtime.CompilerServices.AsyncTaskMethodBuilder`1+AsyncStateMachineBox`1.MoveNext(System.Threading.Thread)
:: [20] void System.Threading.Tasks.AwaitTaskContinuation.RunCallback(System.Threading.ContextCallback, object, System.Threading.Tasks.Task&amp;)
:: [21] void System.Threading.Tasks.Task.RunContinuations(object)
:: [22] void System.Runtime.CompilerServices.AsyncTaskMethodBuilder.SetResult()
:: [23] void GdUnit4.Core.Execution.BeforeTestExecutionStage+&lt;Execute&gt;d__1.MoveNext()
:: [24] void System.Threading.ExecutionContext.RunInternal(System.Threading.ExecutionContext, System.Threading.ContextCallback, object)
:: [25] void System.Runtime.CompilerServices.AsyncTaskMethodBuilder`1+AsyncStateMachineBox`1.MoveNext(System.Threading.Thread)
:: [26] void System.Threading.Tasks.AwaitTaskContinuation.RunCallback(System.Threading.ContextCallback, object, System.Threading.Tasks.Task&amp;)
:: [27] void System.Threading.Tasks.Task.RunContinuations(object)
:: [28] void System.Runtime.CompilerServices.AsyncTaskMethodBuilder.SetResult()
:: [29] void GdUnit4.Core.Execution.ExecutionStage`1+&lt;Execute&gt;d__30.MoveNext()
:: [30] void System.Threading.ExecutionContext.RunInternal(System.Threading.ExecutionContext, System.Threading.ContextCallback, object)
:: [31] void System.Runtime.CompilerServices.AsyncTaskMethodBuilder`1+AsyncStateMachineBox`1.MoveNext(System.Threading.Thread)
:: [32] void Godot.GodotSynchronizationContext.ExecutePendingContinuations() (/root/godot/modules/mono/glue/GodotSharp/GodotSharp/Core/GodotSynchronizationContext.cs:51)
:: [33] void Godot.GodotTaskScheduler.Activate() (/root/godot/modules/mono/glue/GodotSharp/GodotSharp/Core/GodotTaskScheduler.cs:76)
:: [34] void Godot.Bridge.ScriptManagerBridge.FrameCallback() (/root/godot/modules/mono/glue/GodotSharp/GodotSharp/Core/Bridge/ScriptManagerBridge.cs:84)
:: ERROR: res://source/ui/omega/omega_ui.theme.tres:5 - Parse Error: Extra tag found when parsing main resource file.
:: at: _printerr (scene/resources/resource_format_text.cpp:40)
:: C# backtrace (most recent call first):
:: [0] Godot.GodotObject Godot.NativeCalls.godot_icall_3_761(nint, nint, string, string, int) (/root/godot/modules/mono/glue/GodotSharp/GodotSharp/Generated/NativeCalls.cs:6854)
:: [1] Godot.Resource Godot.ResourceLoader.Load(string, string, Godot.ResourceLoader+CacheMode) (/root/godot/modules/mono/glue/GodotSharp/GodotSharp/Generated/GodotObjects/ResourceLoader.cs:120)
:: [2] Godot.Node GdUnit4.Core.SceneRunner.LoadScene(string)
:: [3] GdUnit4.Core.SceneRunner..ctor(string, bool, bool)
:: [4] GdUnit4.ISceneRunner GdUnit4.ISceneRunner.Load(string, bool, bool)
:: [5] void OmegaSpiral.Tests.Integration.Ui.OmegaUi_IntegrationTests+&lt;SceneInitialization_EmitsInitializationCompletedSignal&gt;d__2.MoveNext() (/home/adam/Dev/omega-spiral/chapter-zero/tests/unit/OmegaUI_UnitTests.cs:37)
:: [6] void System.Runtime.CompilerServices.AsyncTaskMethodBuilder.Start&lt;TStateMachine&gt;(TStateMachine&amp;)
:: [7] System.Threading.Tasks.Task OmegaSpiral.Tests.Integration.Ui.OmegaUi_IntegrationTests.SceneInitialization_EmitsInitializationCompletedSignal()
:: [8] void System.RuntimeMethodHandle.InvokeMethod(System.Runtime.CompilerServices.ObjectHandleOnStack, System.Void**, System.Runtime.CompilerServices.ObjectHandleOnStack, Interop+BOOL, System.Runtime.CompilerServices.ObjectHandleOnStack)
:: [9] void System.RuntimeMethodHandle.InvokeMethod(System.Runtime.CompilerServices.ObjectHandleOnStack, System.Void**, System.Runtime.CompilerServices.ObjectHandleOnStack, Interop+BOOL, System.Runtime.CompilerServices.ObjectHandleOnStack)
:: [10] object System.Reflection.MethodBaseInvoker.InterpretedInvoke_Method(object, System.IntPtr*)
:: [11] object System.Reflection.RuntimeMethodInfo.Invoke(object, System.Reflection.BindingFlags, System.Reflection.Binder, System.Object[], System.Globalization.CultureInfo)
:: [12] void GdUnit4.Core.Execution.ExecutionStage`1+&lt;ExecuteStage&gt;d__37.MoveNext()
:: [13] void System.Runtime.CompilerServices.AsyncTaskMethodBuilder.Start&lt;TStateMachine&gt;(TStateMachine&amp;)
:: [14] System.Threading.Tasks.Task GdUnit4.Core.Execution.ExecutionStage`1.ExecuteStage(GdUnit4.Core.Execution.ExecutionContext)
:: [15] void GdUnit4.Core.Execution.ExecutionStage`1+&lt;Execute&gt;d__30.MoveNext()
:: [16] void System.Runtime.CompilerServices.AsyncTaskMethodBuilder.Start&lt;TStateMachine&gt;(TStateMachine&amp;)
:: [17] System.Threading.Tasks.Task GdUnit4.Core.Execution.ExecutionStage`1.Execute(GdUnit4.Core.Execution.ExecutionContext)
:: [18] System.Threading.Tasks.Task GdUnit4.Core.Execution.TestCaseExecutionStage.&lt;&gt;n__0(GdUnit4.Core.Execution.ExecutionContext)
:: [19] void GdUnit4.Core.Execution.TestCaseExecutionStage+&lt;Execute&gt;d__1.MoveNext()
:: [20] void System.Runtime.CompilerServices.AsyncTaskMethodBuilder.Start&lt;TStateMachine&gt;(TStateMachine&amp;)
:: [21] System.Threading.Tasks.Task GdUnit4.Core.Execution.TestCaseExecutionStage.Execute(GdUnit4.Core.Execution.ExecutionContext)
:: [22] void GdUnit4.Core.Execution.TestSuiteExecutionStage+&lt;RunTestCase&gt;d__15.MoveNext()
:: [23] void System.Threading.ExecutionContext.RunInternal(System.Threading.ExecutionContext, System.Threading.ContextCallback, object)
:: [24] void System.Runtime.CompilerServices.AsyncTaskMethodBuilder`1+AsyncStateMachineBox`1.MoveNext(System.Threading.Thread)
:: [25] void System.Threading.Tasks.AwaitTaskContinuation.RunCallback(System.Threading.ContextCallback, object, System.Threading.Tasks.Task&amp;)
:: [26] void System.Threading.Tasks.Task.RunContinuations(object)
:: [27] void System.Runtime.CompilerServices.AsyncTaskMethodBuilder.SetResult()
:: [28] void GdUnit4.Core.Execution.BeforeTestExecutionStage+&lt;Execute&gt;d__1.MoveNext()
:: [29] void System.Threading.ExecutionContext.RunInternal(System.Threading.ExecutionContext, System.Threading.ContextCallback, object)
:: [30] void System.Runtime.CompilerServices.AsyncTaskMethodBuilder`1+AsyncStateMachineBox`1.MoveNext(System.Threading.Thread)
:: [31] void System.Threading.Tasks.AwaitTaskContinuation.RunCallback(System.Threading.ContextCallback, object, System.Threading.Tasks.Task&amp;)
:: [32] void System.Threading.Tasks.Task.RunContinuations(object)
:: [33] void System.Runtime.CompilerServices.AsyncTaskMethodBuilder.SetResult()
:: [34] void GdUnit4.Core.Execution.ExecutionStage`1+&lt;Execute&gt;d__30.MoveNext()
:: [35] void System.Threading.ExecutionContext.RunInternal(System.Threading.ExecutionContext, System.Threading.ContextCallback, object)
:: [36] void System.Runtime.CompilerServices.AsyncTaskMethodBuilder`1+AsyncStateMachineBox`1.MoveNext(System.Threading.Thread)
:: [37] void Godot.GodotSynchronizationContext.ExecutePendingContinuations() (/root/godot/modules/mono/glue/GodotSharp/GodotSharp/Core/GodotSynchronizationContext.cs:51)
:: [38] void Godot.GodotTaskScheduler.Activate() (/root/godot/modules/mono/glue/GodotSharp/GodotSharp/Core/GodotTaskScheduler.cs:76)
:: [39] void Godot.Bridge.ScriptManagerBridge.FrameCallback() (/root/godot/modules/mono/glue/GodotSharp/GodotSharp/Core/Bridge/ScriptManagerBridge.cs:84)
:: ERROR: Failed loading resource: res://source/ui/omega/omega_ui.theme.tres.
:: at: _load (core/io/resource_loader.cpp:343)
:: C# backtrace (most recent call first):
:: [0] Godot.GodotObject Godot.NativeCalls.godot_icall_3_761(nint, nint, string, string, int) (/root/godot/modules/mono/glue/GodotSharp/GodotSharp/Generated/NativeCalls.cs:6854)
:: [1] Godot.Resource Godot.ResourceLoader.Load(string, string, Godot.ResourceLoader+CacheMode) (/root/godot/modules/mono/glue/GodotSharp/GodotSharp/Generated/GodotObjects/ResourceLoader.cs:120)
:: [2] Godot.Node GdUnit4.Core.SceneRunner.LoadScene(string)
:: [3] GdUnit4.Core.SceneRunner..ctor(string, bool, bool)
:: [4] GdUnit4.ISceneRunner GdUnit4.ISceneRunner.Load(string, bool, bool)
:: [5] void OmegaSpiral.Tests.Integration.Ui.OmegaUi_IntegrationTests+&lt;SceneInitialization_EmitsInitializationCompletedSignal&gt;d__2.MoveNext() (/home/adam/Dev/omega-spiral/chapter-zero/tests/unit/OmegaUI_UnitTests.cs:37)
:: [6] void System.Runtime.CompilerServices.AsyncTaskMethodBuilder.Start&lt;TStateMachine&gt;(TStateMachine&amp;)
:: [7] System.Threading.Tasks.Task OmegaSpiral.Tests.Integration.Ui.OmegaUi_IntegrationTests.SceneInitialization_EmitsInitializationCompletedSignal()
:: [8] void System.RuntimeMethodHandle.InvokeMethod(System.Runtime.CompilerServices.ObjectHandleOnStack, System.Void**, System.Runtime.CompilerServices.ObjectHandleOnStack, Interop+BOOL, System.Runtime.CompilerServices.ObjectHandleOnStack)
:: [9] void System.RuntimeMethodHandle.InvokeMethod(System.Runtime.CompilerServices.ObjectHandleOnStack, System.Void**, System.Runtime.CompilerServices.ObjectHandleOnStack, Interop+BOOL, System.Runtime.CompilerServices.ObjectHandleOnStack)
:: [10] object System.Reflection.MethodBaseInvoker.InterpretedInvoke_Method(object, System.IntPtr*)
:: [11] object System.Reflection.RuntimeMethodInfo.Invoke(object, System.Reflection.BindingFlags, System.Reflection.Binder, System.Object[], System.Globalization.CultureInfo)
:: [12] void GdUnit4.Core.Execution.ExecutionStage`1+&lt;ExecuteStage&gt;d__37.MoveNext()
:: [13] void System.Runtime.CompilerServices.AsyncTaskMethodBuilder.Start&lt;TStateMachine&gt;(TStateMachine&amp;)
:: [14] System.Threading.Tasks.Task GdUnit4.Core.Execution.ExecutionStage`1.ExecuteStage(GdUnit4.Core.Execution.ExecutionContext)
:: [15] void GdUnit4.Core.Execution.ExecutionStage`1+&lt;Execute&gt;d__30.MoveNext()
:: [16] void System.Runtime.CompilerServices.AsyncTaskMethodBuilder.Start&lt;TStateMachine&gt;(TStateMachine&amp;)
:: [17] System.Threading.Tasks.Task GdUnit4.Core.Execution.ExecutionStage`1.Execute(GdUnit4.Core.Execution.ExecutionContext)
:: [18] System.Threading.Tasks.Task GdUnit4.Core.Execution.TestCaseExecutionStage.&lt;&gt;n__0(GdUnit4.Core.Execution.ExecutionContext)
:: [19] void GdUnit4.Core.Execution.TestCaseExecutionStage+&lt;Execute&gt;d__1.MoveNext()
:: [20] void System.Runtime.CompilerServices.AsyncTaskMethodBuilder.Start&lt;TStateMachine&gt;(TStateMachine&amp;)
:: [21] System.Threading.Tasks.Task GdUnit4.Core.Execution.TestCaseExecutionStage.Execute(GdUnit4.Core.Execution.ExecutionContext)
:: [22] void GdUnit4.Core.Execution.TestSuiteExecutionStage+&lt;RunTestCase&gt;d__15.MoveNext()
:: [23] void System.Threading.ExecutionContext.RunInternal(System.Threading.ExecutionContext, System.Threading.ContextCallback, object)
:: [24] void System.Runtime.CompilerServices.AsyncTaskMethodBuilder`1+AsyncStateMachineBox`1.MoveNext(System.Threading.Thread)
:: [25] void System.Threading.Tasks.AwaitTaskContinuation.RunCallback(System.Threading.ContextCallback, object, System.Threading.Tasks.Task&amp;)
:: [26] void System.Threading.Tasks.Task.RunContinuations(object)
:: [27] void System.Runtime.CompilerServices.AsyncTaskMethodBuilder.SetResult()
:: [28] void GdUnit4.Core.Execution.BeforeTestExecutionStage+&lt;Execute&gt;d__1.MoveNext()
:: [29] void System.Threading.ExecutionContext.RunInternal(System.Threading.ExecutionContext, System.Threading.ContextCallback, object)
:: [30] void System.Runtime.CompilerServices.AsyncTaskMethodBuilder`1+AsyncStateMachineBox`1.MoveNext(System.Threading.Thread)
:: [31] void System.Threading.Tasks.AwaitTaskContinuation.RunCallback(System.Threading.ContextCallback, object, System.Threading.Tasks.Task&amp;)
:: [32] void System.Threading.Tasks.Task.RunContinuations(object)
:: [33] void System.Runtime.CompilerServices.AsyncTaskMethodBuilder.SetResult()
:: [34] void GdUnit4.Core.Execution.ExecutionStage`1+&lt;Execute&gt;d__30.MoveNext()
:: [35] void System.Threading.ExecutionContext.RunInternal(System.Threading.ExecutionContext, System.Threading.ContextCallback, object)
:: [36] void System.Runtime.CompilerServices.AsyncTaskMethodBuilder`1+AsyncStateMachineBox`1.MoveNext(System.Threading.Thread)
:: [37] void Godot.GodotSynchronizationContext.ExecutePendingContinuations() (/root/godot/modules/mono/glue/GodotSharp/GodotSharp/Core/GodotSynchronizationContext.cs:51)
:: [38] void Godot.GodotTaskScheduler.Activate() (/root/godot/modules/mono/glue/GodotSharp/GodotSharp/Core/GodotTaskScheduler.cs:76)
:: [39] void Godot.Bridge.ScriptManagerBridge.FrameCallback() (/root/godot/modules/mono/glue/GodotSharp/GodotSharp/Core/Bridge/ScriptManagerBridge.cs:84)
:: ERROR: res://source/ui/omega/omega_ui.tscn:17 - Parse Error: [ext_resource] referenced non-existent resource at: res://source/ui/omega/omega_ui.theme.tres.
:: at: _printerr (scene/resources/resource_format_text.cpp:40)
:: C# backtrace (most recent call first):
:: [0] Godot.GodotObject Godot.NativeCalls.godot_icall_3_761(nint, nint, string, string, int) (/root/godot/modules/mono/glue/GodotSharp/GodotSharp/Generated/NativeCalls.cs:6854)
:: [1] Godot.Resource Godot.ResourceLoader.Load(string, string, Godot.ResourceLoader+CacheMode) (/root/godot/modules/mono/glue/GodotSharp/GodotSharp/Generated/GodotObjects/ResourceLoader.cs:120)
:: [2] Godot.Node GdUnit4.Core.SceneRunner.LoadScene(string)
:: [3] GdUnit4.Core.SceneRunner..ctor(string, bool, bool)
:: [4] GdUnit4.ISceneRunner GdUnit4.ISceneRunner.Load(string, bool, bool)
:: [5] void OmegaSpiral.Tests.Integration.Ui.OmegaUi_IntegrationTests+&lt;SceneInitialization_EmitsInitializationCompletedSignal&gt;d__2.MoveNext() (/home/adam/Dev/omega-spiral/chapter-zero/tests/unit/OmegaUI_UnitTests.cs:37)
:: [6] void System.Runtime.CompilerServices.AsyncTaskMethodBuilder.Start&lt;TStateMachine&gt;(TStateMachine&amp;)
:: [7] System.Threading.Tasks.Task OmegaSpiral.Tests.Integration.Ui.OmegaUi_IntegrationTests.SceneInitialization_EmitsInitializationCompletedSignal()
:: [8] void System.RuntimeMethodHandle.InvokeMethod(System.Runtime.CompilerServices.ObjectHandleOnStack, System.Void**, System.Runtime.CompilerServices.ObjectHandleOnStack, Interop+BOOL, System.Runtime.CompilerServices.ObjectHandleOnStack)
:: [9] void System.RuntimeMethodHandle.InvokeMethod(System.Runtime.CompilerServices.ObjectHandleOnStack, System.Void**, System.Runtime.CompilerServices.ObjectHandleOnStack, Interop+BOOL, System.Runtime.CompilerServices.ObjectHandleOnStack)
:: [10] object System.Reflection.MethodBaseInvoker.InterpretedInvoke_Method(object, System.IntPtr*)
:: [11] object System.Reflection.RuntimeMethodInfo.Invoke(object, System.Reflection.BindingFlags, System.Reflection.Binder, System.Object[], System.Globalization.CultureInfo)
:: [12] void GdUnit4.Core.Execution.ExecutionStage`1+&lt;ExecuteStage&gt;d__37.MoveNext()
:: [13] void System.Runtime.CompilerServices.AsyncTaskMethodBuilder.Start&lt;TStateMachine&gt;(TStateMachine&amp;)
:: [14] System.Threading.Tasks.Task GdUnit4.Core.Execution.ExecutionStage`1.ExecuteStage(GdUnit4.Core.Execution.ExecutionContext)
:: [15] void GdUnit4.Core.Execution.ExecutionStage`1+&lt;Execute&gt;d__30.MoveNext()
:: [16] void System.Runtime.CompilerServices.AsyncTaskMethodBuilder.Start&lt;TStateMachine&gt;(TStateMachine&amp;)
:: [17] System.Threading.Tasks.Task GdUnit4.Core.Execution.ExecutionStage`1.Execute(GdUnit4.Core.Execution.ExecutionContext)
:: [18] System.Threading.Tasks.Task GdUnit4.Core.Execution.TestCaseExecutionStage.&lt;&gt;n__0(GdUnit4.Core.Execution.ExecutionContext)
:: [19] void GdUnit4.Core.Execution.TestCaseExecutionStage+&lt;Execute&gt;d__1.MoveNext()
:: [20] void System.Runtime.CompilerServices.AsyncTaskMethodBuilder.Start&lt;TStateMachine&gt;(TStateMachine&amp;)
:: [21] System.Threading.Tasks.Task GdUnit4.Core.Execution.TestCaseExecutionStage.Execute(GdUnit4.Core.Execution.ExecutionContext)
:: [22] void GdUnit4.Core.Execution.TestSuiteExecutionStage+&lt;RunTestCase&gt;d__15.MoveNext()
:: [23] void System.Threading.ExecutionContext.RunInternal(System.Threading.ExecutionContext, System.Threading.ContextCallback, object)
:: [24] void System.Runtime.CompilerServices.AsyncTaskMethodBuilder`1+AsyncStateMachineBox`1.MoveNext(System.Threading.Thread)
:: [25] void System.Threading.Tasks.AwaitTaskContinuation.RunCallback(System.Threading.ContextCallback, object, System.Threading.Tasks.Task&amp;)
:: [26] void System.Threading.Tasks.Task.RunContinuations(object)
:: [27] void System.Runtime.CompilerServices.AsyncTaskMethodBuilder.SetResult()
:: [28] void GdUnit4.Core.Execution.BeforeTestExecutionStage+&lt;Execute&gt;d__1.MoveNext()
:: [29] void System.Threading.ExecutionContext.RunInternal(System.Threading.ExecutionContext, System.Threading.ContextCallback, object)
:: [30] void System.Runtime.CompilerServices.AsyncTaskMethodBuilder`1+AsyncStateMachineBox`1.MoveNext(System.Threading.Thread)
:: [31] void System.Threading.Tasks.AwaitTaskContinuation.RunCallback(System.Threading.ContextCallback, object, System.Threading.Tasks.Task&amp;)
:: [32] void System.Threading.Tasks.Task.RunContinuations(object)
:: [33] void System.Runtime.CompilerServices.AsyncTaskMethodBuilder.SetResult()
:: [34] void GdUnit4.Core.Execution.ExecutionStage`1+&lt;Execute&gt;d__30.MoveNext()
:: [35] void System.Threading.ExecutionContext.RunInternal(System.Threading.ExecutionContext, System.Threading.ContextCallback, object)
:: [36] void System.Runtime.CompilerServices.AsyncTaskMethodBuilder`1+AsyncStateMachineBox`1.MoveNext(System.Threading.Thread)
:: [37] void Godot.GodotSynchronizationContext.ExecutePendingContinuations() (/root/godot/modules/mono/glue/GodotSharp/GodotSharp/Core/GodotSynchronizationContext.cs:51)
:: [38] void Godot.GodotTaskScheduler.Activate() (/root/godot/modules/mono/glue/GodotSharp/GodotSharp/Core/GodotTaskScheduler.cs:76)
:: [39] void Godot.Bridge.ScriptManagerBridge.FrameCallback() (/root/godot/modules/mono/glue/GodotSharp/GodotSharp/Core/Bridge/ScriptManagerBridge.cs:84)
    === [OmegaUi] Starting initialization ===
    [OmegaUi] Phase 1: Caching required nodes
    [OmegaUi] Caching required nodes...
    [OmegaUi] Node cache results: TextDisplay=True, Phosphor=True, Scanline=True, Glitch=True
    [OmegaUi] PhosphorLayer color set to (1, 1, 1, 0.18)
    [OmegaUi] ScanlineLayer color set to (1, 1, 1, 0.12)
    [OmegaUi] GlitchLayer color set to (1, 1, 1, 0.08)
    [OmegaUi] Node caching complete
    [OmegaUi] Phase 1 complete: NodesCached
    [OmegaUi] Phase 2: Creating BorderFrame
    [OmegaUi] Phase 2: CreateBorderFrame starting
    [OmegaUi] Creating BorderFrame programmatically
    [OmegaUi] BorderFrame created successfully
    [OmegaUi] Phase 2 complete: BorderFrameCreated
    [OmegaUi] Phase 3: Creating components
    [OmegaUi] Phase 3 complete: ComponentsCreated
    [OmegaUi] Phase 4: Initializing component states
    [OmegaUi] Phase 4 complete: Initialized
    === [OmegaUi] Initialization SUCCESS ===
    === [OmegaUi] Starting initialization ===
    [OmegaUi] Phase 1: Caching required nodes
    [OmegaUi] Caching required nodes...
    [OmegaUi] Node cache results: TextDisplay=True, Phosphor=True, Scanline=True, Glitch=True
    [OmegaUi] PhosphorLayer color set to (1, 1, 1, 0.18)
    [OmegaUi] ScanlineLayer color set to (1, 1, 1, 0.12)
    [OmegaUi] GlitchLayer color set to (1, 1, 1, 0.08)
    [OmegaUi] Node caching complete
    [OmegaUi] Phase 1 complete: NodesCached
    [OmegaUi] Phase 2: Creating BorderFrame
    [OmegaUi] Phase 2: CreateBorderFrame starting
    [OmegaUi] Creating BorderFrame programmatically
    [OmegaUi] BorderFrame created successfully
    [OmegaUi] Phase 2 complete: BorderFrameCreated
    [OmegaUi] Phase 3: Creating components
    [OmegaUi] Phase 3 complete: ComponentsCreated
    [OmegaUi] Phase 4: Initializing component states
    [OmegaUi] Phase 4 complete: Initialized
    === [OmegaUi] Initialization SUCCESS ===
    === [OmegaUi] Starting initialization ===
    [OmegaUi] Phase 1: Caching required nodes
    [OmegaUi] Caching required nodes...
    [OmegaUi] Node cache results: TextDisplay=True, Phosphor=True, Scanline=True, Glitch=True
    [OmegaUi] PhosphorLayer color set to (1, 1, 1, 0.18)
    [OmegaUi] ScanlineLayer color set to (1, 1, 1, 0.12)
    [OmegaUi] GlitchLayer color set to (1, 1, 1, 0.08)
    [OmegaUi] Node caching complete
    [OmegaUi] Phase 1 complete: NodesCached
    [OmegaUi] Phase 2: Creating BorderFrame
    [OmegaUi] Phase 2: CreateBorderFrame starting
    [OmegaUi] Creating BorderFrame programmatically
    [OmegaUi] BorderFrame created successfully
    [OmegaUi] Phase 2 complete: BorderFrameCreated
    [OmegaUi] Phase 3: Creating components
    [OmegaUi] Phase 3 complete: ComponentsCreated
    [OmegaUi] Phase 4: Initializing component states
    [OmegaUi] Phase 4 complete: Initialized
    === [OmegaUi] Initialization SUCCESS ===
</StdOut>
    </Output>
    <RunInfos>
      <RunInfo computerName="omega" outcome="Error" timestamp="2025-10-26T08:24:28.4262117-04:00">
        <Text>Expecting do emitting signal:
    "AffinityScoreUpdated(&lt;Empty&gt;)"
 by
    &lt;OmegaSpiral.Source.Scripts.GameStateSignals&gt; (objId: 62209918712)</Text>
      </RunInfo>
      <RunInfo computerName="omega" outcome="Error" timestamp="2025-10-26T08:24:29.4838148-04:00">
        <Text>Expecting do emitting signal:
    "PlayerProgressionChanged(&lt;Empty&gt;)"
 by
    &lt;OmegaSpiral.Source.Scripts.GameStateSignals&gt; (objId: 62377690872)</Text>
      </RunInfo>
      <RunInfo computerName="omega" outcome="Error" timestamp="2025-10-26T08:24:30.5709764-04:00">
        <Text>Expecting do emitting signal:
    "InventoryUpdated(&lt;Empty&gt;)"
 by
    &lt;OmegaSpiral.Source.Scripts.GameStateSignals&gt; (objId: 62511908600)</Text>
      </RunInfo>
      <RunInfo computerName="omega" outcome="Error" timestamp="2025-10-26T08:24:31.6438121-04:00">
        <Text>Expecting do emitting signal:
    "CharacterPartyChanged(&lt;Empty&gt;)"
 by
    &lt;OmegaSpiral.Source.Scripts.GameStateSignals&gt; (objId: 62646126328)</Text>
      </RunInfo>
      <RunInfo computerName="omega" outcome="Error" timestamp="2025-10-26T08:24:32.6919686-04:00">
        <Text>Expecting do emitting signal:
    "DreamweaverInfluenceChanged(&lt;Empty&gt;)"
 by
    &lt;OmegaSpiral.Source.Scripts.GameStateSignals&gt; (objId: 62780344056)</Text>
      </RunInfo>
      <RunInfo computerName="omega" outcome="Warning" timestamp="2025-10-26T08:24:33.2772163-04:00">
        <Text>Warning:
    Detected &lt;2&gt; orphan nodes during test execution!</Text>
      </RunInfo>
      <RunInfo computerName="omega" outcome="Warning" timestamp="2025-10-26T08:24:33.9869998-04:00">
        <Text>Warning:
    Detected &lt;1&gt; orphan nodes during test execution!</Text>
      </RunInfo>
      <RunInfo computerName="omega" outcome="Error" timestamp="2025-10-26T08:24:34.0078493-04:00">
        <Text>Object reference not set to an instance of an object.</Text>
      </RunInfo>
      <RunInfo computerName="omega" outcome="Error" timestamp="2025-10-26T08:24:34.0283044-04:00">
        <Text>Expecting be NOT &lt;Null&gt;:</Text>
      </RunInfo>
      <RunInfo computerName="omega" outcome="Error" timestamp="2025-10-26T08:24:34.0527197-04:00">
        <Text>Object reference not set to an instance of an object.</Text>
      </RunInfo>
      <RunInfo computerName="omega" outcome="Error" timestamp="2025-10-26T08:24:34.0773888-04:00">
        <Text>Object reference not set to an instance of an object.</Text>
      </RunInfo>
      <RunInfo computerName="omega" outcome="Error" timestamp="2025-10-26T08:24:34.2111646-04:00">
        <Text>Expecting be NOT &lt;Null&gt;:</Text>
      </RunInfo>
      <RunInfo computerName="omega" outcome="Error" timestamp="2025-10-26T08:24:34.2486224-04:00">
        <Text>Expecting be NOT &lt;Null&gt;:</Text>
      </RunInfo>
      <RunInfo computerName="omega" outcome="Error" timestamp="2025-10-26T08:24:34.2593150-04:00">
        <Text>Expecting be NOT &lt;Null&gt;:</Text>
      </RunInfo>
      <RunInfo computerName="omega" outcome="Error" timestamp="2025-10-26T08:24:34.2875546-04:00">
        <Text>Expecting be NOT &lt;Null&gt;:</Text>
      </RunInfo>
      <RunInfo computerName="omega" outcome="Error" timestamp="2025-10-26T08:24:34.3006212-04:00">
        <Text>Expecting be NOT &lt;Null&gt;:</Text>
      </RunInfo>
      <RunInfo computerName="omega" outcome="Warning" timestamp="2025-10-26T08:24:34.9914447-04:00">
        <Text>Warning:
    Detected &lt;42&gt; orphan nodes during test suite setup stage!
    Check Setup:28 and Cleanup:36 for unfreed instances!</Text>
      </RunInfo>
      <RunInfo computerName="omega" outcome="Warning" timestamp="2025-10-26T08:24:34.9917954-04:00">
        <Text>Warning:
    Detected &lt;42&gt; orphan nodes during test suite setup stage!
    Check Setup:28 and Cleanup:36 for unfreed instances!</Text>
      </RunInfo>
      <RunInfo computerName="omega" outcome="Warning" timestamp="2025-10-26T08:24:34.9920637-04:00">
        <Text>Warning:
    Detected &lt;42&gt; orphan nodes during test suite setup stage!
    Check Setup:28 and Cleanup:36 for unfreed instances!</Text>
      </RunInfo>
      <RunInfo computerName="omega" outcome="Warning" timestamp="2025-10-26T08:24:34.9923080-04:00">
        <Text>Warning:
    Detected &lt;42&gt; orphan nodes during test suite setup stage!
    Check Setup:28 and Cleanup:36 for unfreed instances!</Text>
      </RunInfo>
      <RunInfo computerName="omega" outcome="Warning" timestamp="2025-10-26T08:24:34.9925362-04:00">
        <Text>Warning:
    Detected &lt;42&gt; orphan nodes during test suite setup stage!
    Check Setup:28 and Cleanup:36 for unfreed instances!</Text>
      </RunInfo>
      <RunInfo computerName="omega" outcome="Warning" timestamp="2025-10-26T08:24:34.9942860-04:00">
        <Text>Warning:
    Detected &lt;42&gt; orphan nodes during test suite setup stage!
    Check Setup:28 and Cleanup:36 for unfreed instances!</Text>
      </RunInfo>
      <RunInfo computerName="omega" outcome="Warning" timestamp="2025-10-26T08:24:34.9943078-04:00">
        <Text>Warning:
    Detected &lt;42&gt; orphan nodes during test suite setup stage!
    Check Setup:28 and Cleanup:36 for unfreed instances!</Text>
      </RunInfo>
      <RunInfo computerName="omega" outcome="Warning" timestamp="2025-10-26T08:24:34.9943273-04:00">
        <Text>Warning:
    Detected &lt;42&gt; orphan nodes during test suite setup stage!
    Check Setup:28 and Cleanup:36 for unfreed instances!</Text>
      </RunInfo>
      <RunInfo computerName="omega" outcome="Warning" timestamp="2025-10-26T08:24:34.9943489-04:00">
        <Text>Warning:
    Detected &lt;42&gt; orphan nodes during test suite setup stage!
    Check Setup:28 and Cleanup:36 for unfreed instances!</Text>
      </RunInfo>
      <RunInfo computerName="omega" outcome="Warning" timestamp="2025-10-26T08:24:34.9943736-04:00">
        <Text>Warning:
    Detected &lt;42&gt; orphan nodes during test suite setup stage!
    Check Setup:28 and Cleanup:36 for unfreed instances!</Text>
      </RunInfo>
      <RunInfo computerName="omega" outcome="Warning" timestamp="2025-10-26T08:24:34.9945218-04:00">
        <Text>Warning:
    Detected &lt;42&gt; orphan nodes during test suite setup stage!
    Check Setup:28 and Cleanup:36 for unfreed instances!</Text>
      </RunInfo>
      <RunInfo computerName="omega" outcome="Warning" timestamp="2025-10-26T08:24:34.9948511-04:00">
        <Text>Warning:
    Detected &lt;42&gt; orphan nodes during test suite setup stage!
    Check Setup:28 and Cleanup:36 for unfreed instances!</Text>
      </RunInfo>
      <RunInfo computerName="omega" outcome="Warning" timestamp="2025-10-26T08:24:34.9950817-04:00">
        <Text>Warning:
    Detected &lt;42&gt; orphan nodes during test suite setup stage!
    Check Setup:28 and Cleanup:36 for unfreed instances!</Text>
      </RunInfo>
      <RunInfo computerName="omega" outcome="Warning" timestamp="2025-10-26T08:24:34.9953384-04:00">
        <Text>Warning:
    Detected &lt;42&gt; orphan nodes during test suite setup stage!
    Check Setup:28 and Cleanup:36 for unfreed instances!</Text>
      </RunInfo>
      <RunInfo computerName="omega" outcome="Warning" timestamp="2025-10-26T08:24:34.9967171-04:00">
        <Text>Warning:
    Detected &lt;42&gt; orphan nodes during test suite setup stage!
    Check Setup:28 and Cleanup:36 for unfreed instances!</Text>
      </RunInfo>
      <RunInfo computerName="omega" outcome="Warning" timestamp="2025-10-26T08:24:34.9967246-04:00">
        <Text>Warning:
    Detected &lt;42&gt; orphan nodes during test suite setup stage!
    Check Setup:28 and Cleanup:36 for unfreed instances!</Text>
      </RunInfo>
      <RunInfo computerName="omega" outcome="Warning" timestamp="2025-10-26T08:24:34.9967289-04:00">
        <Text>Warning:
    Detected &lt;42&gt; orphan nodes during test suite setup stage!
    Check Setup:28 and Cleanup:36 for unfreed instances!</Text>
      </RunInfo>
      <RunInfo computerName="omega" outcome="Warning" timestamp="2025-10-26T08:24:34.9973560-04:00">
        <Text>Warning:
    Detected &lt;42&gt; orphan nodes during test suite setup stage!
    Check Setup:28 and Cleanup:36 for unfreed instances!</Text>
      </RunInfo>
      <RunInfo computerName="omega" outcome="Warning" timestamp="2025-10-26T08:24:34.9974689-04:00">
        <Text>Warning:
    Detected &lt;42&gt; orphan nodes during test suite setup stage!
    Check Setup:28 and Cleanup:36 for unfreed instances!</Text>
      </RunInfo>
      <RunInfo computerName="omega" outcome="Warning" timestamp="2025-10-26T08:24:34.9979007-04:00">
        <Text>Warning:
    Detected &lt;42&gt; orphan nodes during test suite setup stage!
    Check Setup:28 and Cleanup:36 for unfreed instances!</Text>
      </RunInfo>
      <RunInfo computerName="omega" outcome="Warning" timestamp="2025-10-26T08:24:34.9981732-04:00">
        <Text>Warning:
    Detected &lt;42&gt; orphan nodes during test suite setup stage!
    Check Setup:28 and Cleanup:36 for unfreed instances!</Text>
      </RunInfo>
      <RunInfo computerName="omega" outcome="Warning" timestamp="2025-10-26T08:24:34.9990045-04:00">
        <Text>Warning:
    Detected &lt;42&gt; orphan nodes during test suite setup stage!
    Check Setup:28 and Cleanup:36 for unfreed instances!</Text>
      </RunInfo>
      <RunInfo computerName="omega" outcome="Warning" timestamp="2025-10-26T08:24:35.0006547-04:00">
        <Text>Warning:
    Detected &lt;42&gt; orphan nodes during test suite setup stage!
    Check Setup:28 and Cleanup:36 for unfreed instances!</Text>
      </RunInfo>
      <RunInfo computerName="omega" outcome="Warning" timestamp="2025-10-26T08:24:35.0019613-04:00">
        <Text>Warning:
    Detected &lt;42&gt; orphan nodes during test suite setup stage!
    Check Setup:28 and Cleanup:36 for unfreed instances!</Text>
      </RunInfo>
      <RunInfo computerName="omega" outcome="Warning" timestamp="2025-10-26T08:24:35.0019896-04:00">
        <Text>Warning:
    Detected &lt;42&gt; orphan nodes during test suite setup stage!
    Check Setup:28 and Cleanup:36 for unfreed instances!</Text>
      </RunInfo>
      <RunInfo computerName="omega" outcome="Warning" timestamp="2025-10-26T08:24:35.0022425-04:00">
        <Text>Warning:
    Detected &lt;42&gt; orphan nodes during test suite setup stage!
    Check Setup:28 and Cleanup:36 for unfreed instances!</Text>
      </RunInfo>
      <RunInfo computerName="omega" outcome="Warning" timestamp="2025-10-26T08:24:35.0026197-04:00">
        <Text>Warning:
    Detected &lt;42&gt; orphan nodes during test suite setup stage!
    Check Setup:28 and Cleanup:36 for unfreed instances!</Text>
      </RunInfo>
      <RunInfo computerName="omega" outcome="Error" timestamp="2025-10-26T08:24:35.0863345-04:00">
        <Text>Expecting be NOT &lt;Null&gt;:</Text>
      </RunInfo>
      <RunInfo computerName="omega" outcome="Error" timestamp="2025-10-26T08:24:35.1898255-04:00">
        <Text>Object reference not set to an instance of an object.</Text>
      </RunInfo>
      <RunInfo computerName="omega" outcome="Error" timestamp="2025-10-26T08:24:35.2105292-04:00">
        <Text>Expecting be equal:
    &lt;Godot.Button&gt; (objId: 69659002760) but is &lt;Null&gt;</Text>
      </RunInfo>
      <RunInfo computerName="omega" outcome="Error" timestamp="2025-10-26T08:54:06.4859875-04:00">
        <Text>Aborting test run: test run timeout of 1800000 milliseconds exceeded.</Text>
      </RunInfo>
    </RunInfos>
  </ResultSummary>
</TestRun>