<?xml version="1.0" encoding="utf-8"?>
<TestRun id="ad599e12-aa73-4718-b769-6920bab28541" name="@omega 2025-10-30 08:54:43" xmlns="http://microsoft.com/schemas/VisualStudio/TeamTest/2010">
  <Times creation="2025-10-30T08:54:43.9782519-04:00" queuing="2025-10-30T08:54:43.9782520-04:00" start="2025-10-30T08:54:20.4038111-04:00" finish="2025-10-30T08:54:44.7816735-04:00" />
  <TestSettings name="default" id="ca1e0b57-9a2b-4420-9d67-9560217b8d5c">
    <Deployment runDeploymentRoot="_omega_2025-10-30_08_54_43" />
  </TestSettings>
  <Results>
    <UnitTestResult executionId="422d46db-6699-493f-81a6-19194d5f1a9b" testId="a89760ee-dd4b-4cfd-a51b-1cbc22c8297d" testName="OmegaSpiral.Tests.Ui.Omega.OmegaBorderFrame_UnitTests.GetWaveSpeed_ReturnsCurrent" computerName="omega" duration="00:00:00.0100000" startTime="2025-10-30T08:54:43.9817877-04:00" endTime="2025-10-30T08:54:43.9821791-04:00" testType="13cdc9d9-ddb5-4fa4-a97d-d965ccfc6d4b" outcome="Passed" testListId="8c84fa94-04c1-424b-9868-57a2d4851a1d" relativeResultsDirectory="422d46db-6699-493f-81a6-19194d5f1a9b" />
    <UnitTestResult executionId="a6a393f5-43e0-443e-bb60-3210ebcad77e" testId="c015fdaf-cb6f-4bed-a017-1caf7c4f41f1" testName="OmegaSpiral.Tests.Unit.Common.Omega.OmegaSpiralColorsTests.LightThread_MatchesDesignSpec" computerName="omega" duration="00:00:00.0130000" startTime="2025-10-30T08:54:44.2448045-04:00" endTime="2025-10-30T08:54:44.2451749-04:00" testType="13cdc9d9-ddb5-4fa4-a97d-d965ccfc6d4b" outcome="Passed" testListId="8c84fa94-04c1-424b-9868-57a2d4851a1d" relativeResultsDirectory="a6a393f5-43e0-443e-bb60-3210ebcad77e" />
    <UnitTestResult executionId="66a72ef2-95b3-44f4-a54e-aedec991822c" testId="60c77bec-70ac-4299-94cc-1acd70d16cb6" testName="OmegaSpiral.Tests.Ui.Omega.OmegaBorderFrame_UnitTests.ShaderMaterial_IsConfigured" computerName="omega" duration="00:00:00.0340000" startTime="2025-10-30T08:54:43.9071977-04:00" endTime="2025-10-30T08:54:43.9077461-04:00" testType="13cdc9d9-ddb5-4fa4-a97d-d965ccfc6d4b" outcome="Failed" testListId="8c84fa94-04c1-424b-9868-57a2d4851a1d" relativeResultsDirectory="66a72ef2-95b3-44f4-a54e-aedec991822c">
      <Output>
        <ErrorInfo>
          <Message>Expecting be NOT &lt;Null&gt;:</Message>
          <StackTrace>   at OmegaSpiral.Tests.Ui.Omega.OmegaBorderFrame_UnitTests.ShaderMaterial_IsConfigured() in /home/adam/Dev/omega-spiral/chapter-zero/tests/ui/omega/OmegaBorderFrameTests.cs:line 110
</StackTrace>
        </ErrorInfo>
      </Output>
    </UnitTestResult>
    <UnitTestResult executionId="4a0b128b-06a8-4b1b-87e7-1c501737ea39" testId="13297132-9cfd-47a3-88ed-19fd2be9cd9e" testName="OmegaSpiral.Tests.Unit.Common.Omega.OmegaSpiralColorsTests.ScanlineOverlay_HasCorrectOpacity" computerName="omega" duration="00:00:00.0130000" startTime="2025-10-30T08:54:44.2172502-04:00" endTime="2025-10-30T08:54:44.2176282-04:00" testType="13cdc9d9-ddb5-4fa4-a97d-d965ccfc6d4b" outcome="Passed" testListId="8c84fa94-04c1-424b-9868-57a2d4851a1d" relativeResultsDirectory="4a0b128b-06a8-4b1b-87e7-1c501737ea39" />
    <UnitTestResult executionId="cde9c7ec-9bbb-464d-b46a-4a6dc8908622" testId="51c844eb-f4ea-4e49-b093-b5e602a1ce8f" testName="OmegaSpiral.Tests.Unit.Common.Omega.OmegaSpiralColorsTests.WarmAmber_MatchesDesignSpec" computerName="omega" duration="00:00:00.0130000" startTime="2025-10-30T08:54:44.1281663-04:00" endTime="2025-10-30T08:54:44.1285756-04:00" testType="13cdc9d9-ddb5-4fa4-a97d-d965ccfc6d4b" outcome="Passed" testListId="8c84fa94-04c1-424b-9868-57a2d4851a1d" relativeResultsDirectory="cde9c7ec-9bbb-464d-b46a-4a6dc8908622" />
    <UnitTestResult executionId="170a5fa3-6c7d-4da1-a670-93362bf0fb6a" testId="546c2f0b-5872-4d2e-aad0-65df3a8e96f0" testName="OmegaSpiral.Tests.Ui.Omega.OmegaBorderFrame_UnitTests.ConfigureAnimationSpeed_UpdatesBothParameters" computerName="omega" duration="00:00:00.0210000" startTime="2025-10-30T08:54:44.0035996-04:00" endTime="2025-10-30T08:54:44.0039657-04:00" testType="13cdc9d9-ddb5-4fa4-a97d-d965ccfc6d4b" outcome="Failed" testListId="8c84fa94-04c1-424b-9868-57a2d4851a1d" relativeResultsDirectory="170a5fa3-6c7d-4da1-a670-93362bf0fb6a">
      <Output>
        <ErrorInfo>
          <Message>Expecting be equal:
    '0.5' but is '0.05'</Message>
          <StackTrace>   at OmegaSpiral.Tests.Ui.Omega.OmegaBorderFrame_UnitTests.ConfigureAnimationSpeed_UpdatesBothParameters() in /home/adam/Dev/omega-spiral/chapter-zero/tests/ui/omega/OmegaBorderFrameTests.cs:line 215
</StackTrace>
        </ErrorInfo>
      </Output>
    </UnitTestResult>
    <UnitTestResult executionId="295169a3-981b-4adf-9a90-ed784132d956" testId="5b3e7a77-45db-4eae-8503-8307b699f719" testName="OmegaSpiral.Tests.Unit.Common.Omega.OmegaSpiralColorsTests.DeepSpace_MatchesDesignSpec" computerName="omega" duration="00:00:00.0170000" startTime="2025-10-30T08:54:44.1898348-04:00" endTime="2025-10-30T08:54:44.1902798-04:00" testType="13cdc9d9-ddb5-4fa4-a97d-d965ccfc6d4b" outcome="Passed" testListId="8c84fa94-04c1-424b-9868-57a2d4851a1d" relativeResultsDirectory="295169a3-981b-4adf-9a90-ed784132d956" />
    <UnitTestResult executionId="7af13e7a-d4f1-4976-b264-b778484c510f" testId="80f618ec-377e-4128-869e-e577030aa7d3" testName="OmegaSpiral.Tests.Unit.Common.Omega.OmegaSpiralColorsTests.ColorCycleDuration_Is8Seconds" computerName="omega" duration="00:00:00.0340000" startTime="2025-10-30T08:54:44.3483196-04:00" endTime="2025-10-30T08:54:44.3504944-04:00" testType="13cdc9d9-ddb5-4fa4-a97d-d965ccfc6d4b" outcome="Passed" testListId="8c84fa94-04c1-424b-9868-57a2d4851a1d" relativeResultsDirectory="7af13e7a-d4f1-4976-b264-b778484c510f" />
    <UnitTestResult executionId="5439b381-8c94-4577-8281-088a98fd6558" testId="c9af9976-4484-4a9c-954d-aee862db4635" testName="OmegaSpiral.Tests.Ui.Omega.OmegaBorderFrame_UnitTests.UpdateThreadColors_ChangesAllThreads" computerName="omega" duration="00:00:00.0210000" startTime="2025-10-30T08:54:44.0596608-04:00" endTime="2025-10-30T08:54:44.0600333-04:00" testType="13cdc9d9-ddb5-4fa4-a97d-d965ccfc6d4b" outcome="Failed" testListId="8c84fa94-04c1-424b-9868-57a2d4851a1d" relativeResultsDirectory="5439b381-8c94-4577-8281-088a98fd6558">
      <Output>
        <ErrorInfo>
          <Message>Object reference not set to an instance of an object.</Message>
          <StackTrace>   at OmegaSpiral.Tests.Ui.Omega.OmegaBorderFrame_UnitTests.UpdateThreadColors_ChangesAllThreads() in /home/adam/Dev/omega-spiral/chapter-zero/tests/ui/omega/OmegaBorderFrameTests.cs:line 267
   at System.Reflection.MethodBaseInvoker.InterpretedInvoke_Method(Object obj, IntPtr* args)
   at System.Reflection.MethodBaseInvoker.InvokeWithNoArgs(Object obj, BindingFlags invokeAttr)
</StackTrace>
        </ErrorInfo>
      </Output>
    </UnitTestResult>
    <UnitTestResult executionId="fcbac72b-85e1-4344-9788-271992d70ea3" testId="470f7c69-1544-416a-b060-606bec7bf2bf" testName="OmegaSpiral.Tests.Unit.Common.Omega.OmegaSpiralColorsTests.PureWhite_MatchesDesignSpec" computerName="omega" duration="00:00:00.0210000" startTime="2025-10-30T08:54:44.1503836-04:00" endTime="2025-10-30T08:54:44.1508243-04:00" testType="13cdc9d9-ddb5-4fa4-a97d-d965ccfc6d4b" outcome="Passed" testListId="8c84fa94-04c1-424b-9868-57a2d4851a1d" relativeResultsDirectory="fcbac72b-85e1-4344-9788-271992d70ea3" />
    <UnitTestResult executionId="c9b7e5d4-abaf-4e4a-b773-8d4a56b9da0e" testId="17c46d0f-24ec-4180-9446-2329245caf67" testName="OmegaSpiral.Tests.Unit.Common.Omega.OmegaSpiralColorsTests.PhosphorPulseFrequency_IsHalfHz" computerName="omega" duration="00:00:00.0370000" startTime="2025-10-30T08:54:44.3868986-04:00" endTime="2025-10-30T08:54:44.3877395-04:00" testType="13cdc9d9-ddb5-4fa4-a97d-d965ccfc6d4b" outcome="Passed" testListId="8c84fa94-04c1-424b-9868-57a2d4851a1d" relativeResultsDirectory="c9b7e5d4-abaf-4e4a-b773-8d4a56b9da0e" />
    <UnitTestResult executionId="6f063112-42e0-44be-b587-6a37b5d380c1" testId="d095e2bd-160a-4ea3-9aef-a7133abe98b6" testName="OmegaSpiral.Tests.Ui.Omega.OmegaBorderFrame_UnitTests.Constructor_InitializesSuccessfully" computerName="omega" duration="00:00:00.0510000" startTime="2025-10-30T08:54:43.8389028-04:00" endTime="2025-10-30T08:54:43.8401178-04:00" testType="13cdc9d9-ddb5-4fa4-a97d-d965ccfc6d4b" outcome="Passed" testListId="8c84fa94-04c1-424b-9868-57a2d4851a1d" relativeResultsDirectory="6f063112-42e0-44be-b587-6a37b5d380c1" />
    <UnitTestResult executionId="0a34880f-3ab8-4c13-b5f3-82e880dbe377" testId="9492040a-6d53-407b-b945-2bb90a507f54" testName="OmegaSpiral.Tests.Unit.Common.Omega.OmegaSpiralColorsTests.SpiralRotationSpeed_IsPiOver4" computerName="omega" duration="00:00:00.0340000" startTime="2025-10-30T08:54:44.3141677-04:00" endTime="2025-10-30T08:54:44.3145535-04:00" testType="13cdc9d9-ddb5-4fa4-a97d-d965ccfc6d4b" outcome="Passed" testListId="8c84fa94-04c1-424b-9868-57a2d4851a1d" relativeResultsDirectory="0a34880f-3ab8-4c13-b5f3-82e880dbe377" />
    <UnitTestResult executionId="404e4f51-451a-40e7-af3d-10552abb07d2" testId="24ac8c9f-100c-4d55-a12a-3ff18f7f9adf" testName="OmegaSpiral.Tests.Ui.Omega.OmegaBorderFrame_UnitTests.ThreadColors_AppliedFromDesignSystem" computerName="omega" duration="00:00:00.0130000" startTime="2025-10-30T08:54:43.9204821-04:00" endTime="2025-10-30T08:54:43.9208311-04:00" testType="13cdc9d9-ddb5-4fa4-a97d-d965ccfc6d4b" outcome="Failed" testListId="8c84fa94-04c1-424b-9868-57a2d4851a1d" relativeResultsDirectory="404e4f51-451a-40e7-af3d-10552abb07d2">
      <Output>
        <ErrorInfo>
          <Message>Expecting be NOT &lt;Null&gt;:</Message>
          <StackTrace>   at OmegaSpiral.Tests.Ui.Omega.OmegaBorderFrame_UnitTests.ThreadColors_AppliedFromDesignSystem() in /home/adam/Dev/omega-spiral/chapter-zero/tests/ui/omega/OmegaBorderFrameTests.cs:line 126
</StackTrace>
        </ErrorInfo>
      </Output>
    </UnitTestResult>
    <UnitTestResult executionId="680d6c58-2d51-4952-8cca-c64dac7bde9b" testId="de26b104-34a0-4c93-a9e5-0ce27f8d5a02" testName="OmegaSpiral.Tests.Unit.Common.Omega.OmegaSpiralColorsTests.ColorTolerance_IsAppropriate" computerName="omega" duration="00:00:00.0210000" startTime="2025-10-30T08:54:44.4211395-04:00" endTime="2025-10-30T08:54:44.4217635-04:00" testType="13cdc9d9-ddb5-4fa4-a97d-d965ccfc6d4b" outcome="Passed" testListId="8c84fa94-04c1-424b-9868-57a2d4851a1d" relativeResultsDirectory="680d6c58-2d51-4952-8cca-c64dac7bde9b" />
    <UnitTestResult executionId="aa94060d-f490-43b2-a0d3-9f209605cce3" testId="5722a077-cbe8-438b-9f97-c0ff7977ae70" testName="AudioManagerTests.OnUiConfirm_DucksAmbientAndRestores" computerName="omega" duration="00:00:00.3500000" startTime="2025-10-30T08:54:43.7227594-04:00" endTime="2025-10-30T08:54:43.7234028-04:00" testType="13cdc9d9-ddb5-4fa4-a97d-d965ccfc6d4b" outcome="Passed" testListId="8c84fa94-04c1-424b-9868-57a2d4851a1d" relativeResultsDirectory="aa94060d-f490-43b2-a0d3-9f209605cce3">
      <Output>
        <StdOut>AudioManager: Initialized successfully</StdOut>
      </Output>
    </UnitTestResult>
    <UnitTestResult executionId="7ebde4e0-0b80-4967-9151-65370a0d115d" testId="f5cf8a36-7427-4b18-adef-194c16ad8c3e" testName="OmegaSpiral.Tests.Unit.Common.Omega.OmegaSpiralColorsTests.ShaderLayerColors_AreWhiteWithVaryingOpacity" computerName="omega" duration="00:00:00.0280000" startTime="2025-10-30T08:54:44.4988629-04:00" endTime="2025-10-30T08:54:44.4992578-04:00" testType="13cdc9d9-ddb5-4fa4-a97d-d965ccfc6d4b" outcome="Passed" testListId="8c84fa94-04c1-424b-9868-57a2d4851a1d" relativeResultsDirectory="7ebde4e0-0b80-4967-9151-65370a0d115d" />
    <UnitTestResult executionId="f6bc0a7c-bff0-4e8f-90a5-303acb7cb031" testId="dc3e6254-5561-4511-a105-dbf4099de418" testName="OmegaSpiral.Tests.Unit.Common.Omega.OmegaSpiralColorsTests.PrimaryColors_HaveFullOpacity" computerName="omega" duration="00:00:00.0180000" startTime="2025-10-30T08:54:44.4688735-04:00" endTime="2025-10-30T08:54:44.4692983-04:00" testType="13cdc9d9-ddb5-4fa4-a97d-d965ccfc6d4b" outcome="Passed" testListId="8c84fa94-04c1-424b-9868-57a2d4851a1d" relativeResultsDirectory="f6bc0a7c-bff0-4e8f-90a5-303acb7cb031" />
    <UnitTestResult executionId="a090826d-99f9-4de7-93e1-f69a787615d7" testId="d59cae8d-d97c-4afb-94b3-5e6ff5e1f464" testName="OmegaSpiral.Tests.Ui.Omega.OmegaBorderFrame_UnitTests.ConfigureAnimationSpeed_AcceptsZero" computerName="omega" duration="00:00:00.0130000" startTime="2025-10-30T08:54:44.0379274-04:00" endTime="2025-10-30T08:54:44.0382738-04:00" testType="13cdc9d9-ddb5-4fa4-a97d-d965ccfc6d4b" outcome="Failed" testListId="8c84fa94-04c1-424b-9868-57a2d4851a1d" relativeResultsDirectory="a090826d-99f9-4de7-93e1-f69a787615d7">
      <Output>
        <ErrorInfo>
          <Message>Expecting be equal:
    '0' but is '0.05'</Message>
          <StackTrace>   at OmegaSpiral.Tests.Ui.Omega.OmegaBorderFrame_UnitTests.ConfigureAnimationSpeed_AcceptsZero() in /home/adam/Dev/omega-spiral/chapter-zero/tests/ui/omega/OmegaBorderFrameTests.cs:line 247
</StackTrace>
        </ErrorInfo>
      </Output>
    </UnitTestResult>
    <UnitTestResult executionId="d71cad33-6563-4358-afaa-560fbe1e014a" testId="68fa9106-af96-4a9d-983c-2f668c7d1f74" testName="OmegaSpiral.Tests.Unit.Common.Omega.OmegaSpiralColorsTests.OpacityTolerance_IsAppropriate" computerName="omega" duration="00:00:00.0250000" startTime="2025-10-30T08:54:44.4476995-04:00" endTime="2025-10-30T08:54:44.4484518-04:00" testType="13cdc9d9-ddb5-4fa4-a97d-d965ccfc6d4b" outcome="Passed" testListId="8c84fa94-04c1-424b-9868-57a2d4851a1d" relativeResultsDirectory="d71cad33-6563-4358-afaa-560fbe1e014a" />
    <UnitTestResult executionId="429b72e0-de3f-4c4e-a93b-da38664a1ba5" testId="60fcdf52-e5d4-42e1-8850-f48805b28e4a" testName="OmegaSpiral.Tests.Ui.Omega.OmegaBorderFrame_UnitTests.Anchors_FillParentBounds" computerName="omega" duration="00:00:00.0110000" startTime="2025-10-30T08:54:43.8722605-04:00" endTime="2025-10-30T08:54:43.8726738-04:00" testType="13cdc9d9-ddb5-4fa4-a97d-d965ccfc6d4b" outcome="Passed" testListId="8c84fa94-04c1-424b-9868-57a2d4851a1d" relativeResultsDirectory="429b72e0-de3f-4c4e-a93b-da38664a1ba5" />
    <UnitTestResult executionId="f4cb0400-c7b7-45c4-ae61-148bff107ccc" testId="497d658d-b6bf-45ac-b0f5-7194d8adb9b1" testName="OmegaSpiral.Tests.Ui.Omega.OmegaBorderFrame_UnitTests.UpdateThreadColors_CanRevertToDesignSystem" computerName="omega" duration="00:00:00.0120000" startTime="2025-10-30T08:54:44.0729308-04:00" endTime="2025-10-30T08:54:44.0733407-04:00" testType="13cdc9d9-ddb5-4fa4-a97d-d965ccfc6d4b" outcome="Failed" testListId="8c84fa94-04c1-424b-9868-57a2d4851a1d" relativeResultsDirectory="f4cb0400-c7b7-45c4-ae61-148bff107ccc">
      <Output>
        <ErrorInfo>
          <Message>Object reference not set to an instance of an object.</Message>
          <StackTrace>   at OmegaSpiral.Tests.Ui.Omega.OmegaBorderFrame_UnitTests.UpdateThreadColors_CanRevertToDesignSystem() in /home/adam/Dev/omega-spiral/chapter-zero/tests/ui/omega/OmegaBorderFrameTests.cs:line 294
   at System.Reflection.MethodBaseInvoker.InterpretedInvoke_Method(Object obj, IntPtr* args)
   at System.Reflection.MethodBaseInvoker.InvokeWithNoArgs(Object obj, BindingFlags invokeAttr)
</StackTrace>
        </ErrorInfo>
      </Output>
    </UnitTestResult>
    <UnitTestResult executionId="865ba20d-b156-4274-93ea-443b0c5a6448" testId="72ffe46b-e543-4230-b6c9-c0426378a86a" testName="OmegaSpiral.Tests.Ui.Omega.OmegaBorderFrame_UnitTests.ConfigureAnimationSpeed_ClampsToValidRanges" computerName="omega" duration="00:00:00.0200000" startTime="2025-10-30T08:54:44.0247366-04:00" endTime="2025-10-30T08:54:44.0251328-04:00" testType="13cdc9d9-ddb5-4fa4-a97d-d965ccfc6d4b" outcome="Failed" testListId="8c84fa94-04c1-424b-9868-57a2d4851a1d" relativeResultsDirectory="865ba20d-b156-4274-93ea-443b0c5a6448">
      <Output>
        <ErrorInfo>
          <Message>Expecting be equal:
    '2' but is '0.05'</Message>
          <StackTrace>   at OmegaSpiral.Tests.Ui.Omega.OmegaBorderFrame_UnitTests.ConfigureAnimationSpeed_ClampsToValidRanges() in /home/adam/Dev/omega-spiral/chapter-zero/tests/ui/omega/OmegaBorderFrameTests.cs:line 232
</StackTrace>
        </ErrorInfo>
      </Output>
    </UnitTestResult>
    <UnitTestResult executionId="6d7db854-524b-4e51-a958-0d2712a4ded8" testId="0c2d4862-f459-4a38-9a91-2f906418d3b3" testName="OmegaSpiral.Tests.Unit.Common.Omega.OmegaSpiralColorsTests.AmbitionThread_MatchesDesignSpec" computerName="omega" duration="00:00:00.0130000" startTime="2025-10-30T08:54:44.2794775-04:00" endTime="2025-10-30T08:54:44.2798627-04:00" testType="13cdc9d9-ddb5-4fa4-a97d-d965ccfc6d4b" outcome="Passed" testListId="8c84fa94-04c1-424b-9868-57a2d4851a1d" relativeResultsDirectory="6d7db854-524b-4e51-a958-0d2712a4ded8" />
    <UnitTestResult executionId="557b3da9-d7ef-4944-993d-4afa8394f5f3" testId="4f093a83-7c9a-451d-b157-1836b8fa7ea4" testName="AudioManagerTests.OnUiHover_EmitsCueStarted" computerName="omega" duration="00:00:00.0630000" startTime="2025-10-30T08:54:43.3686183-04:00" endTime="2025-10-30T08:54:43.3706095-04:00" testType="13cdc9d9-ddb5-4fa4-a97d-d965ccfc6d4b" outcome="Passed" testListId="8c84fa94-04c1-424b-9868-57a2d4851a1d" relativeResultsDirectory="557b3da9-d7ef-4944-993d-4afa8394f5f3">
      <Output>
        <StdOut>AudioManager: Initialized successfully</StdOut>
      </Output>
    </UnitTestResult>
    <UnitTestResult executionId="a05fe565-fcf1-441c-bfe9-7cbda93aa417" testId="02fa2a24-9ec2-400f-955a-d5c214f5678c" testName="OmegaSpiral.Tests.Ui.Omega.OmegaBorderFrame_UnitTests.BorderFrame_HasNonZeroSize" computerName="omega" duration="00:00:00.0100000" startTime="2025-10-30T08:54:43.7865543-04:00" endTime="2025-10-30T08:54:43.7869463-04:00" testType="13cdc9d9-ddb5-4fa4-a97d-d965ccfc6d4b" outcome="Passed" testListId="8c84fa94-04c1-424b-9868-57a2d4851a1d" relativeResultsDirectory="a05fe565-fcf1-441c-bfe9-7cbda93aa417" />
    <UnitTestResult executionId="7141f378-2613-479b-849f-f3fe9f1bf4df" testId="a89a431b-024b-4acf-82d1-036c746cab93" testName="OmegaSpiral.Tests.Unit.Common.Omega.OmegaSpiralColorsTests.PhosphorPulseRange_HasCorrectMinMax" computerName="omega" duration="00:00:00.0110000" startTime="2025-10-30T08:54:44.3992476-04:00" endTime="2025-10-30T08:54:44.3996417-04:00" testType="13cdc9d9-ddb5-4fa4-a97d-d965ccfc6d4b" outcome="Passed" testListId="8c84fa94-04c1-424b-9868-57a2d4851a1d" relativeResultsDirectory="7141f378-2613-479b-849f-f3fe9f1bf4df" />
    <UnitTestResult executionId="e6b4c6be-8936-4f36-8bb6-7ed748ce95a0" testId="23d238a0-e366-462e-b00d-5c564ebf76da" testName="OmegaSpiral.Tests.Ui.Omega.OmegaBorderFrame_UnitTests.Layout_PropertiesAreCorrect" computerName="omega" duration="00:00:00.0200000" startTime="2025-10-30T08:54:43.8610105-04:00" endTime="2025-10-30T08:54:43.8676211-04:00" testType="13cdc9d9-ddb5-4fa4-a97d-d965ccfc6d4b" outcome="Passed" testListId="8c84fa94-04c1-424b-9868-57a2d4851a1d" relativeResultsDirectory="e6b4c6be-8936-4f36-8bb6-7ed748ce95a0" />
    <UnitTestResult executionId="a24989fe-e510-4edf-9f62-4db398740ac1" testId="1fc7dbd5-6c72-4986-982b-6d69d42fedb9" testName="OmegaSpiral.Tests.Ui.Omega.OmegaBorderFrame_UnitTests.AnimationDefaults_AreSet" computerName="omega" duration="00:00:00.0120000" startTime="2025-10-30T08:54:43.9342159-04:00" endTime="2025-10-30T08:54:43.9351364-04:00" testType="13cdc9d9-ddb5-4fa4-a97d-d965ccfc6d4b" outcome="Failed" testListId="8c84fa94-04c1-424b-9868-57a2d4851a1d" relativeResultsDirectory="a24989fe-e510-4edf-9f62-4db398740ac1">
      <Output>
        <ErrorInfo>
          <Message>Expecting be NOT &lt;Null&gt;:</Message>
          <StackTrace>   at OmegaSpiral.Tests.Ui.Omega.OmegaBorderFrame_UnitTests.AnimationDefaults_AreSet() in /home/adam/Dev/omega-spiral/chapter-zero/tests/ui/omega/OmegaBorderFrameTests.cs:line 155
</StackTrace>
        </ErrorInfo>
      </Output>
    </UnitTestResult>
    <UnitTestResult executionId="2d274f35-d066-4078-afbf-34d7657949ec" testId="323caedf-522b-4c0e-aa3b-ec942aea1ad7" testName="OmegaSpiral.Tests.Ui.Omega.OmegaBorderFrame_UnitTests.GetRotationSpeed_ReturnsCurrent" computerName="omega" duration="00:00:00.0340000" startTime="2025-10-30T08:54:43.9709358-04:00" endTime="2025-10-30T08:54:43.9713029-04:00" testType="13cdc9d9-ddb5-4fa4-a97d-d965ccfc6d4b" outcome="Passed" testListId="8c84fa94-04c1-424b-9868-57a2d4851a1d" relativeResultsDirectory="2d274f35-d066-4078-afbf-34d7657949ec">
      <Output>
        <StdOut>[DesignConfigService] Loaded 13 colors and 7 shader defaults.</StdOut>
      </Output>
    </UnitTestResult>
    <UnitTestResult executionId="367b8704-80b9-4b0e-b9b2-a7a42aedbab2" testId="5aafefe2-b952-43d6-8a34-614d111c3ac2" testName="OmegaSpiral.Tests.Unit.Common.Omega.OmegaSpiralColorsTests.PhosphorGlow_HasCorrectOpacity" computerName="omega" duration="00:00:00.0120000" startTime="2025-10-30T08:54:44.2034133-04:00" endTime="2025-10-30T08:54:44.2038294-04:00" testType="13cdc9d9-ddb5-4fa4-a97d-d965ccfc6d4b" outcome="Passed" testListId="8c84fa94-04c1-424b-9868-57a2d4851a1d" relativeResultsDirectory="367b8704-80b9-4b0e-b9b2-a7a42aedbab2" />
    <UnitTestResult executionId="aaea458c-24f9-48ca-a27d-59f6124cc5d3" testId="79f97b3e-ea5b-45f8-96d4-d7ce26b7f435" testName="OmegaSpiral.Tests.Unit.Common.Omega.OmegaSpiralColorsTests.GlitchDistortion_HasCorrectOpacity" computerName="omega" duration="00:00:00.0130000" startTime="2025-10-30T08:54:44.2310365-04:00" endTime="2025-10-30T08:54:44.2314008-04:00" testType="13cdc9d9-ddb5-4fa4-a97d-d965ccfc6d4b" outcome="Passed" testListId="8c84fa94-04c1-424b-9868-57a2d4851a1d" relativeResultsDirectory="aaea458c-24f9-48ca-a27d-59f6124cc5d3" />
    <UnitTestResult executionId="9808b3e9-4bd4-4be4-865d-e91b5697d195" testId="2f70b631-acb5-40e2-8575-f12806c8d6b2" testName="OmegaSpiral.Tests.Ui.Omega.OmegaBorderFrame_UnitTests.BorderFrame_IsVisibleByDefault" computerName="omega" duration="00:00:00.0130000" startTime="2025-10-30T08:54:44.0862259-04:00" endTime="2025-10-30T08:54:44.0866211-04:00" testType="13cdc9d9-ddb5-4fa4-a97d-d965ccfc6d4b" outcome="Passed" testListId="8c84fa94-04c1-424b-9868-57a2d4851a1d" relativeResultsDirectory="9808b3e9-4bd4-4be4-865d-e91b5697d195" />
    <UnitTestResult executionId="89d0cf80-5b5f-45d7-be41-ea45fab6de8b" testId="6c9783e4-d71e-4a7d-bed5-077f1780ae7f" testName="OmegaSpiral.Tests.Unit.Common.Omega.OmegaSpiralColorsTests.NeonMagenta_MatchesDesignSpec" computerName="omega" duration="00:00:00.0200000" startTime="2025-10-30T08:54:44.1726082-04:00" endTime="2025-10-30T08:54:44.1729781-04:00" testType="13cdc9d9-ddb5-4fa4-a97d-d965ccfc6d4b" outcome="Passed" testListId="8c84fa94-04c1-424b-9868-57a2d4851a1d" relativeResultsDirectory="89d0cf80-5b5f-45d7-be41-ea45fab6de8b" />
    <UnitTestResult executionId="535ca883-ffe1-4f29-9e8f-924787accd80" testId="c8f0ceb9-cd2b-428e-b54d-aa7e06b81263" testName="OmegaSpiral.Tests.Unit.Common.Omega.OmegaSpiralColorsTests.ShadowThread_MatchesDesignSpec" computerName="omega" duration="00:00:00.0200000" startTime="2025-10-30T08:54:44.2657355-04:00" endTime="2025-10-30T08:54:44.2661078-04:00" testType="13cdc9d9-ddb5-4fa4-a97d-d965ccfc6d4b" outcome="Passed" testListId="8c84fa94-04c1-424b-9868-57a2d4851a1d" relativeResultsDirectory="535ca883-ffe1-4f29-9e8f-924787accd80" />
  </Results>
  <TestDefinitions>
    <UnitTest name="Layout_PropertiesAreCorrect" storage="/home/adam/dev/omega-spiral/chapter-zero/.godot/mono/temp/bin/debug/chapter-zero.dll" id="23d238a0-e366-462e-b00d-5c564ebf76da">
      <Execution id="e6b4c6be-8936-4f36-8bb6-7ed748ce95a0" />
      <TestMethod codeBase="/home/adam/Dev/omega-spiral/chapter-zero/.godot/mono/temp/bin/Debug/chapter-zero.dll" adapterTypeName="executor://gdunit4.testadapter/" className="OmegaSpiral.Tests.Ui.Omega.OmegaBorderFrame_UnitTests" name="Layout_PropertiesAreCorrect" />
    </UnitTest>
    <UnitTest name="WarmAmber_MatchesDesignSpec" storage="/home/adam/dev/omega-spiral/chapter-zero/.godot/mono/temp/bin/debug/chapter-zero.dll" id="51c844eb-f4ea-4e49-b093-b5e602a1ce8f">
      <Execution id="cde9c7ec-9bbb-464d-b46a-4a6dc8908622" />
      <TestMethod codeBase="/home/adam/Dev/omega-spiral/chapter-zero/.godot/mono/temp/bin/Debug/chapter-zero.dll" adapterTypeName="executor://gdunit4.testadapter/" className="OmegaSpiral.Tests.Unit.Common.Omega.OmegaSpiralColorsTests" name="WarmAmber_MatchesDesignSpec" />
    </UnitTest>
    <UnitTest name="PrimaryColors_HaveFullOpacity" storage="/home/adam/dev/omega-spiral/chapter-zero/.godot/mono/temp/bin/debug/chapter-zero.dll" id="dc3e6254-5561-4511-a105-dbf4099de418">
      <Execution id="f6bc0a7c-bff0-4e8f-90a5-303acb7cb031" />
      <TestMethod codeBase="/home/adam/Dev/omega-spiral/chapter-zero/.godot/mono/temp/bin/Debug/chapter-zero.dll" adapterTypeName="executor://gdunit4.testadapter/" className="OmegaSpiral.Tests.Unit.Common.Omega.OmegaSpiralColorsTests" name="PrimaryColors_HaveFullOpacity" />
    </UnitTest>
    <UnitTest name="ConfigureAnimationSpeed_ClampsToValidRanges" storage="/home/adam/dev/omega-spiral/chapter-zero/.godot/mono/temp/bin/debug/chapter-zero.dll" id="72ffe46b-e543-4230-b6c9-c0426378a86a">
      <Execution id="865ba20d-b156-4274-93ea-443b0c5a6448" />
      <TestMethod codeBase="/home/adam/Dev/omega-spiral/chapter-zero/.godot/mono/temp/bin/Debug/chapter-zero.dll" adapterTypeName="executor://gdunit4.testadapter/" className="OmegaSpiral.Tests.Ui.Omega.OmegaBorderFrame_UnitTests" name="ConfigureAnimationSpeed_ClampsToValidRanges" />
    </UnitTest>
    <UnitTest name="OpacityTolerance_IsAppropriate" storage="/home/adam/dev/omega-spiral/chapter-zero/.godot/mono/temp/bin/debug/chapter-zero.dll" id="68fa9106-af96-4a9d-983c-2f668c7d1f74">
      <Execution id="d71cad33-6563-4358-afaa-560fbe1e014a" />
      <TestMethod codeBase="/home/adam/Dev/omega-spiral/chapter-zero/.godot/mono/temp/bin/Debug/chapter-zero.dll" adapterTypeName="executor://gdunit4.testadapter/" className="OmegaSpiral.Tests.Unit.Common.Omega.OmegaSpiralColorsTests" name="OpacityTolerance_IsAppropriate" />
    </UnitTest>
    <UnitTest name="ConfigureAnimationSpeed_AcceptsZero" storage="/home/adam/dev/omega-spiral/chapter-zero/.godot/mono/temp/bin/debug/chapter-zero.dll" id="d59cae8d-d97c-4afb-94b3-5e6ff5e1f464">
      <Execution id="a090826d-99f9-4de7-93e1-f69a787615d7" />
      <TestMethod codeBase="/home/adam/Dev/omega-spiral/chapter-zero/.godot/mono/temp/bin/Debug/chapter-zero.dll" adapterTypeName="executor://gdunit4.testadapter/" className="OmegaSpiral.Tests.Ui.Omega.OmegaBorderFrame_UnitTests" name="ConfigureAnimationSpeed_AcceptsZero" />
    </UnitTest>
    <UnitTest name="PureWhite_MatchesDesignSpec" storage="/home/adam/dev/omega-spiral/chapter-zero/.godot/mono/temp/bin/debug/chapter-zero.dll" id="470f7c69-1544-416a-b060-606bec7bf2bf">
      <Execution id="fcbac72b-85e1-4344-9788-271992d70ea3" />
      <TestMethod codeBase="/home/adam/Dev/omega-spiral/chapter-zero/.godot/mono/temp/bin/Debug/chapter-zero.dll" adapterTypeName="executor://gdunit4.testadapter/" className="OmegaSpiral.Tests.Unit.Common.Omega.OmegaSpiralColorsTests" name="PureWhite_MatchesDesignSpec" />
    </UnitTest>
    <UnitTest name="ShaderMaterial_IsConfigured" storage="/home/adam/dev/omega-spiral/chapter-zero/.godot/mono/temp/bin/debug/chapter-zero.dll" id="60c77bec-70ac-4299-94cc-1acd70d16cb6">
      <Execution id="66a72ef2-95b3-44f4-a54e-aedec991822c" />
      <TestMethod codeBase="/home/adam/Dev/omega-spiral/chapter-zero/.godot/mono/temp/bin/Debug/chapter-zero.dll" adapterTypeName="executor://gdunit4.testadapter/" className="OmegaSpiral.Tests.Ui.Omega.OmegaBorderFrame_UnitTests" name="ShaderMaterial_IsConfigured" />
    </UnitTest>
    <UnitTest name="BorderFrame_IsVisibleByDefault" storage="/home/adam/dev/omega-spiral/chapter-zero/.godot/mono/temp/bin/debug/chapter-zero.dll" id="2f70b631-acb5-40e2-8575-f12806c8d6b2">
      <Execution id="9808b3e9-4bd4-4be4-865d-e91b5697d195" />
      <TestMethod codeBase="/home/adam/Dev/omega-spiral/chapter-zero/.godot/mono/temp/bin/Debug/chapter-zero.dll" adapterTypeName="executor://gdunit4.testadapter/" className="OmegaSpiral.Tests.Ui.Omega.OmegaBorderFrame_UnitTests" name="BorderFrame_IsVisibleByDefault" />
    </UnitTest>
    <UnitTest name="Anchors_FillParentBounds" storage="/home/adam/dev/omega-spiral/chapter-zero/.godot/mono/temp/bin/debug/chapter-zero.dll" id="60fcdf52-e5d4-42e1-8850-f48805b28e4a">
      <Execution id="429b72e0-de3f-4c4e-a93b-da38664a1ba5" />
      <TestMethod codeBase="/home/adam/Dev/omega-spiral/chapter-zero/.godot/mono/temp/bin/Debug/chapter-zero.dll" adapterTypeName="executor://gdunit4.testadapter/" className="OmegaSpiral.Tests.Ui.Omega.OmegaBorderFrame_UnitTests" name="Anchors_FillParentBounds" />
    </UnitTest>
    <UnitTest name="ThreadColors_AppliedFromDesignSystem" storage="/home/adam/dev/omega-spiral/chapter-zero/.godot/mono/temp/bin/debug/chapter-zero.dll" id="24ac8c9f-100c-4d55-a12a-3ff18f7f9adf">
      <Execution id="404e4f51-451a-40e7-af3d-10552abb07d2" />
      <TestMethod codeBase="/home/adam/Dev/omega-spiral/chapter-zero/.godot/mono/temp/bin/Debug/chapter-zero.dll" adapterTypeName="executor://gdunit4.testadapter/" className="OmegaSpiral.Tests.Ui.Omega.OmegaBorderFrame_UnitTests" name="ThreadColors_AppliedFromDesignSystem" />
    </UnitTest>
    <UnitTest name="ShaderLayerColors_AreWhiteWithVaryingOpacity" storage="/home/adam/dev/omega-spiral/chapter-zero/.godot/mono/temp/bin/debug/chapter-zero.dll" id="f5cf8a36-7427-4b18-adef-194c16ad8c3e">
      <Execution id="7ebde4e0-0b80-4967-9151-65370a0d115d" />
      <TestMethod codeBase="/home/adam/Dev/omega-spiral/chapter-zero/.godot/mono/temp/bin/Debug/chapter-zero.dll" adapterTypeName="executor://gdunit4.testadapter/" className="OmegaSpiral.Tests.Unit.Common.Omega.OmegaSpiralColorsTests" name="ShaderLayerColors_AreWhiteWithVaryingOpacity" />
    </UnitTest>
    <UnitTest name="NeonMagenta_MatchesDesignSpec" storage="/home/adam/dev/omega-spiral/chapter-zero/.godot/mono/temp/bin/debug/chapter-zero.dll" id="6c9783e4-d71e-4a7d-bed5-077f1780ae7f">
      <Execution id="89d0cf80-5b5f-45d7-be41-ea45fab6de8b" />
      <TestMethod codeBase="/home/adam/Dev/omega-spiral/chapter-zero/.godot/mono/temp/bin/Debug/chapter-zero.dll" adapterTypeName="executor://gdunit4.testadapter/" className="OmegaSpiral.Tests.Unit.Common.Omega.OmegaSpiralColorsTests" name="NeonMagenta_MatchesDesignSpec" />
    </UnitTest>
    <UnitTest name="GetWaveSpeed_ReturnsCurrent" storage="/home/adam/dev/omega-spiral/chapter-zero/.godot/mono/temp/bin/debug/chapter-zero.dll" id="a89760ee-dd4b-4cfd-a51b-1cbc22c8297d">
      <Execution id="422d46db-6699-493f-81a6-19194d5f1a9b" />
      <TestMethod codeBase="/home/adam/Dev/omega-spiral/chapter-zero/.godot/mono/temp/bin/Debug/chapter-zero.dll" adapterTypeName="executor://gdunit4.testadapter/" className="OmegaSpiral.Tests.Ui.Omega.OmegaBorderFrame_UnitTests" name="GetWaveSpeed_ReturnsCurrent" />
    </UnitTest>
    <UnitTest name="ConfigureAnimationSpeed_UpdatesBothParameters" storage="/home/adam/dev/omega-spiral/chapter-zero/.godot/mono/temp/bin/debug/chapter-zero.dll" id="546c2f0b-5872-4d2e-aad0-65df3a8e96f0">
      <Execution id="170a5fa3-6c7d-4da1-a670-93362bf0fb6a" />
      <TestMethod codeBase="/home/adam/Dev/omega-spiral/chapter-zero/.godot/mono/temp/bin/Debug/chapter-zero.dll" adapterTypeName="executor://gdunit4.testadapter/" className="OmegaSpiral.Tests.Ui.Omega.OmegaBorderFrame_UnitTests" name="ConfigureAnimationSpeed_UpdatesBothParameters" />
    </UnitTest>
    <UnitTest name="LightThread_MatchesDesignSpec" storage="/home/adam/dev/omega-spiral/chapter-zero/.godot/mono/temp/bin/debug/chapter-zero.dll" id="c015fdaf-cb6f-4bed-a017-1caf7c4f41f1">
      <Execution id="a6a393f5-43e0-443e-bb60-3210ebcad77e" />
      <TestMethod codeBase="/home/adam/Dev/omega-spiral/chapter-zero/.godot/mono/temp/bin/Debug/chapter-zero.dll" adapterTypeName="executor://gdunit4.testadapter/" className="OmegaSpiral.Tests.Unit.Common.Omega.OmegaSpiralColorsTests" name="LightThread_MatchesDesignSpec" />
    </UnitTest>
    <UnitTest name="GlitchDistortion_HasCorrectOpacity" storage="/home/adam/dev/omega-spiral/chapter-zero/.godot/mono/temp/bin/debug/chapter-zero.dll" id="79f97b3e-ea5b-45f8-96d4-d7ce26b7f435">
      <Execution id="aaea458c-24f9-48ca-a27d-59f6124cc5d3" />
      <TestMethod codeBase="/home/adam/Dev/omega-spiral/chapter-zero/.godot/mono/temp/bin/Debug/chapter-zero.dll" adapterTypeName="executor://gdunit4.testadapter/" className="OmegaSpiral.Tests.Unit.Common.Omega.OmegaSpiralColorsTests" name="GlitchDistortion_HasCorrectOpacity" />
    </UnitTest>
    <UnitTest name="PhosphorPulseFrequency_IsHalfHz" storage="/home/adam/dev/omega-spiral/chapter-zero/.godot/mono/temp/bin/debug/chapter-zero.dll" id="17c46d0f-24ec-4180-9446-2329245caf67">
      <Execution id="c9b7e5d4-abaf-4e4a-b773-8d4a56b9da0e" />
      <TestMethod codeBase="/home/adam/Dev/omega-spiral/chapter-zero/.godot/mono/temp/bin/Debug/chapter-zero.dll" adapterTypeName="executor://gdunit4.testadapter/" className="OmegaSpiral.Tests.Unit.Common.Omega.OmegaSpiralColorsTests" name="PhosphorPulseFrequency_IsHalfHz" />
    </UnitTest>
    <UnitTest name="UpdateThreadColors_CanRevertToDesignSystem" storage="/home/adam/dev/omega-spiral/chapter-zero/.godot/mono/temp/bin/debug/chapter-zero.dll" id="497d658d-b6bf-45ac-b0f5-7194d8adb9b1">
      <Execution id="f4cb0400-c7b7-45c4-ae61-148bff107ccc" />
      <TestMethod codeBase="/home/adam/Dev/omega-spiral/chapter-zero/.godot/mono/temp/bin/Debug/chapter-zero.dll" adapterTypeName="executor://gdunit4.testadapter/" className="OmegaSpiral.Tests.Ui.Omega.OmegaBorderFrame_UnitTests" name="UpdateThreadColors_CanRevertToDesignSystem" />
    </UnitTest>
    <UnitTest name="ScanlineOverlay_HasCorrectOpacity" storage="/home/adam/dev/omega-spiral/chapter-zero/.godot/mono/temp/bin/debug/chapter-zero.dll" id="13297132-9cfd-47a3-88ed-19fd2be9cd9e">
      <Execution id="4a0b128b-06a8-4b1b-87e7-1c501737ea39" />
      <TestMethod codeBase="/home/adam/Dev/omega-spiral/chapter-zero/.godot/mono/temp/bin/Debug/chapter-zero.dll" adapterTypeName="executor://gdunit4.testadapter/" className="OmegaSpiral.Tests.Unit.Common.Omega.OmegaSpiralColorsTests" name="ScanlineOverlay_HasCorrectOpacity" />
    </UnitTest>
    <UnitTest name="OnUiConfirm_DucksAmbientAndRestores" storage="/home/adam/dev/omega-spiral/chapter-zero/.godot/mono/temp/bin/debug/chapter-zero.dll" id="5722a077-cbe8-438b-9f97-c0ff7977ae70">
      <Execution id="aa94060d-f490-43b2-a0d3-9f209605cce3" />
      <TestMethod codeBase="/home/adam/Dev/omega-spiral/chapter-zero/.godot/mono/temp/bin/Debug/chapter-zero.dll" adapterTypeName="executor://gdunit4.testadapter/" className="AudioManagerTests" name="OnUiConfirm_DucksAmbientAndRestores" />
    </UnitTest>
    <UnitTest name="ColorTolerance_IsAppropriate" storage="/home/adam/dev/omega-spiral/chapter-zero/.godot/mono/temp/bin/debug/chapter-zero.dll" id="de26b104-34a0-4c93-a9e5-0ce27f8d5a02">
      <Execution id="680d6c58-2d51-4952-8cca-c64dac7bde9b" />
      <TestMethod codeBase="/home/adam/Dev/omega-spiral/chapter-zero/.godot/mono/temp/bin/Debug/chapter-zero.dll" adapterTypeName="executor://gdunit4.testadapter/" className="OmegaSpiral.Tests.Unit.Common.Omega.OmegaSpiralColorsTests" name="ColorTolerance_IsAppropriate" />
    </UnitTest>
    <UnitTest name="UpdateThreadColors_ChangesAllThreads" storage="/home/adam/dev/omega-spiral/chapter-zero/.godot/mono/temp/bin/debug/chapter-zero.dll" id="c9af9976-4484-4a9c-954d-aee862db4635">
      <Execution id="5439b381-8c94-4577-8281-088a98fd6558" />
      <TestMethod codeBase="/home/adam/Dev/omega-spiral/chapter-zero/.godot/mono/temp/bin/Debug/chapter-zero.dll" adapterTypeName="executor://gdunit4.testadapter/" className="OmegaSpiral.Tests.Ui.Omega.OmegaBorderFrame_UnitTests" name="UpdateThreadColors_ChangesAllThreads" />
    </UnitTest>
    <UnitTest name="Constructor_InitializesSuccessfully" storage="/home/adam/dev/omega-spiral/chapter-zero/.godot/mono/temp/bin/debug/chapter-zero.dll" id="d095e2bd-160a-4ea3-9aef-a7133abe98b6">
      <Execution id="6f063112-42e0-44be-b587-6a37b5d380c1" />
      <TestMethod codeBase="/home/adam/Dev/omega-spiral/chapter-zero/.godot/mono/temp/bin/Debug/chapter-zero.dll" adapterTypeName="executor://gdunit4.testadapter/" className="OmegaSpiral.Tests.Ui.Omega.OmegaBorderFrame_UnitTests" name="Constructor_InitializesSuccessfully" />
    </UnitTest>
    <UnitTest name="ColorCycleDuration_Is8Seconds" storage="/home/adam/dev/omega-spiral/chapter-zero/.godot/mono/temp/bin/debug/chapter-zero.dll" id="80f618ec-377e-4128-869e-e577030aa7d3">
      <Execution id="7af13e7a-d4f1-4976-b264-b778484c510f" />
      <TestMethod codeBase="/home/adam/Dev/omega-spiral/chapter-zero/.godot/mono/temp/bin/Debug/chapter-zero.dll" adapterTypeName="executor://gdunit4.testadapter/" className="OmegaSpiral.Tests.Unit.Common.Omega.OmegaSpiralColorsTests" name="ColorCycleDuration_Is8Seconds" />
    </UnitTest>
    <UnitTest name="SpiralRotationSpeed_IsPiOver4" storage="/home/adam/dev/omega-spiral/chapter-zero/.godot/mono/temp/bin/debug/chapter-zero.dll" id="9492040a-6d53-407b-b945-2bb90a507f54">
      <Execution id="0a34880f-3ab8-4c13-b5f3-82e880dbe377" />
      <TestMethod codeBase="/home/adam/Dev/omega-spiral/chapter-zero/.godot/mono/temp/bin/Debug/chapter-zero.dll" adapterTypeName="executor://gdunit4.testadapter/" className="OmegaSpiral.Tests.Unit.Common.Omega.OmegaSpiralColorsTests" name="SpiralRotationSpeed_IsPiOver4" />
    </UnitTest>
    <UnitTest name="DeepSpace_MatchesDesignSpec" storage="/home/adam/dev/omega-spiral/chapter-zero/.godot/mono/temp/bin/debug/chapter-zero.dll" id="5b3e7a77-45db-4eae-8503-8307b699f719">
      <Execution id="295169a3-981b-4adf-9a90-ed784132d956" />
      <TestMethod codeBase="/home/adam/Dev/omega-spiral/chapter-zero/.godot/mono/temp/bin/Debug/chapter-zero.dll" adapterTypeName="executor://gdunit4.testadapter/" className="OmegaSpiral.Tests.Unit.Common.Omega.OmegaSpiralColorsTests" name="DeepSpace_MatchesDesignSpec" />
    </UnitTest>
    <UnitTest name="PhosphorGlow_HasCorrectOpacity" storage="/home/adam/dev/omega-spiral/chapter-zero/.godot/mono/temp/bin/debug/chapter-zero.dll" id="5aafefe2-b952-43d6-8a34-614d111c3ac2">
      <Execution id="367b8704-80b9-4b0e-b9b2-a7a42aedbab2" />
      <TestMethod codeBase="/home/adam/Dev/omega-spiral/chapter-zero/.godot/mono/temp/bin/Debug/chapter-zero.dll" adapterTypeName="executor://gdunit4.testadapter/" className="OmegaSpiral.Tests.Unit.Common.Omega.OmegaSpiralColorsTests" name="PhosphorGlow_HasCorrectOpacity" />
    </UnitTest>
    <UnitTest name="BorderFrame_HasNonZeroSize" storage="/home/adam/dev/omega-spiral/chapter-zero/.godot/mono/temp/bin/debug/chapter-zero.dll" id="02fa2a24-9ec2-400f-955a-d5c214f5678c">
      <Execution id="a05fe565-fcf1-441c-bfe9-7cbda93aa417" />
      <TestMethod codeBase="/home/adam/Dev/omega-spiral/chapter-zero/.godot/mono/temp/bin/Debug/chapter-zero.dll" adapterTypeName="executor://gdunit4.testadapter/" className="OmegaSpiral.Tests.Ui.Omega.OmegaBorderFrame_UnitTests" name="BorderFrame_HasNonZeroSize" />
    </UnitTest>
    <UnitTest name="AnimationDefaults_AreSet" storage="/home/adam/dev/omega-spiral/chapter-zero/.godot/mono/temp/bin/debug/chapter-zero.dll" id="1fc7dbd5-6c72-4986-982b-6d69d42fedb9">
      <Execution id="a24989fe-e510-4edf-9f62-4db398740ac1" />
      <TestMethod codeBase="/home/adam/Dev/omega-spiral/chapter-zero/.godot/mono/temp/bin/Debug/chapter-zero.dll" adapterTypeName="executor://gdunit4.testadapter/" className="OmegaSpiral.Tests.Ui.Omega.OmegaBorderFrame_UnitTests" name="AnimationDefaults_AreSet" />
    </UnitTest>
    <UnitTest name="ShadowThread_MatchesDesignSpec" storage="/home/adam/dev/omega-spiral/chapter-zero/.godot/mono/temp/bin/debug/chapter-zero.dll" id="c8f0ceb9-cd2b-428e-b54d-aa7e06b81263">
      <Execution id="535ca883-ffe1-4f29-9e8f-924787accd80" />
      <TestMethod codeBase="/home/adam/Dev/omega-spiral/chapter-zero/.godot/mono/temp/bin/Debug/chapter-zero.dll" adapterTypeName="executor://gdunit4.testadapter/" className="OmegaSpiral.Tests.Unit.Common.Omega.OmegaSpiralColorsTests" name="ShadowThread_MatchesDesignSpec" />
    </UnitTest>
    <UnitTest name="GetRotationSpeed_ReturnsCurrent" storage="/home/adam/dev/omega-spiral/chapter-zero/.godot/mono/temp/bin/debug/chapter-zero.dll" id="323caedf-522b-4c0e-aa3b-ec942aea1ad7">
      <Execution id="2d274f35-d066-4078-afbf-34d7657949ec" />
      <TestMethod codeBase="/home/adam/Dev/omega-spiral/chapter-zero/.godot/mono/temp/bin/Debug/chapter-zero.dll" adapterTypeName="executor://gdunit4.testadapter/" className="OmegaSpiral.Tests.Ui.Omega.OmegaBorderFrame_UnitTests" name="GetRotationSpeed_ReturnsCurrent" />
    </UnitTest>
    <UnitTest name="OnUiHover_EmitsCueStarted" storage="/home/adam/dev/omega-spiral/chapter-zero/.godot/mono/temp/bin/debug/chapter-zero.dll" id="4f093a83-7c9a-451d-b157-1836b8fa7ea4">
      <Execution id="557b3da9-d7ef-4944-993d-4afa8394f5f3" />
      <TestMethod codeBase="/home/adam/Dev/omega-spiral/chapter-zero/.godot/mono/temp/bin/Debug/chapter-zero.dll" adapterTypeName="executor://gdunit4.testadapter/" className="AudioManagerTests" name="OnUiHover_EmitsCueStarted" />
    </UnitTest>
    <UnitTest name="AmbitionThread_MatchesDesignSpec" storage="/home/adam/dev/omega-spiral/chapter-zero/.godot/mono/temp/bin/debug/chapter-zero.dll" id="0c2d4862-f459-4a38-9a91-2f906418d3b3">
      <Execution id="6d7db854-524b-4e51-a958-0d2712a4ded8" />
      <TestMethod codeBase="/home/adam/Dev/omega-spiral/chapter-zero/.godot/mono/temp/bin/Debug/chapter-zero.dll" adapterTypeName="executor://gdunit4.testadapter/" className="OmegaSpiral.Tests.Unit.Common.Omega.OmegaSpiralColorsTests" name="AmbitionThread_MatchesDesignSpec" />
    </UnitTest>
    <UnitTest name="PhosphorPulseRange_HasCorrectMinMax" storage="/home/adam/dev/omega-spiral/chapter-zero/.godot/mono/temp/bin/debug/chapter-zero.dll" id="a89a431b-024b-4acf-82d1-036c746cab93">
      <Execution id="7141f378-2613-479b-849f-f3fe9f1bf4df" />
      <TestMethod codeBase="/home/adam/Dev/omega-spiral/chapter-zero/.godot/mono/temp/bin/Debug/chapter-zero.dll" adapterTypeName="executor://gdunit4.testadapter/" className="OmegaSpiral.Tests.Unit.Common.Omega.OmegaSpiralColorsTests" name="PhosphorPulseRange_HasCorrectMinMax" />
    </UnitTest>
  </TestDefinitions>
  <TestEntries>
    <TestEntry testId="a89760ee-dd4b-4cfd-a51b-1cbc22c8297d" executionId="422d46db-6699-493f-81a6-19194d5f1a9b" testListId="8c84fa94-04c1-424b-9868-57a2d4851a1d" />
    <TestEntry testId="c015fdaf-cb6f-4bed-a017-1caf7c4f41f1" executionId="a6a393f5-43e0-443e-bb60-3210ebcad77e" testListId="8c84fa94-04c1-424b-9868-57a2d4851a1d" />
    <TestEntry testId="60c77bec-70ac-4299-94cc-1acd70d16cb6" executionId="66a72ef2-95b3-44f4-a54e-aedec991822c" testListId="8c84fa94-04c1-424b-9868-57a2d4851a1d" />
    <TestEntry testId="13297132-9cfd-47a3-88ed-19fd2be9cd9e" executionId="4a0b128b-06a8-4b1b-87e7-1c501737ea39" testListId="8c84fa94-04c1-424b-9868-57a2d4851a1d" />
    <TestEntry testId="51c844eb-f4ea-4e49-b093-b5e602a1ce8f" executionId="cde9c7ec-9bbb-464d-b46a-4a6dc8908622" testListId="8c84fa94-04c1-424b-9868-57a2d4851a1d" />
    <TestEntry testId="546c2f0b-5872-4d2e-aad0-65df3a8e96f0" executionId="170a5fa3-6c7d-4da1-a670-93362bf0fb6a" testListId="8c84fa94-04c1-424b-9868-57a2d4851a1d" />
    <TestEntry testId="5b3e7a77-45db-4eae-8503-8307b699f719" executionId="295169a3-981b-4adf-9a90-ed784132d956" testListId="8c84fa94-04c1-424b-9868-57a2d4851a1d" />
    <TestEntry testId="80f618ec-377e-4128-869e-e577030aa7d3" executionId="7af13e7a-d4f1-4976-b264-b778484c510f" testListId="8c84fa94-04c1-424b-9868-57a2d4851a1d" />
    <TestEntry testId="c9af9976-4484-4a9c-954d-aee862db4635" executionId="5439b381-8c94-4577-8281-088a98fd6558" testListId="8c84fa94-04c1-424b-9868-57a2d4851a1d" />
    <TestEntry testId="470f7c69-1544-416a-b060-606bec7bf2bf" executionId="fcbac72b-85e1-4344-9788-271992d70ea3" testListId="8c84fa94-04c1-424b-9868-57a2d4851a1d" />
    <TestEntry testId="17c46d0f-24ec-4180-9446-2329245caf67" executionId="c9b7e5d4-abaf-4e4a-b773-8d4a56b9da0e" testListId="8c84fa94-04c1-424b-9868-57a2d4851a1d" />
    <TestEntry testId="d095e2bd-160a-4ea3-9aef-a7133abe98b6" executionId="6f063112-42e0-44be-b587-6a37b5d380c1" testListId="8c84fa94-04c1-424b-9868-57a2d4851a1d" />
    <TestEntry testId="9492040a-6d53-407b-b945-2bb90a507f54" executionId="0a34880f-3ab8-4c13-b5f3-82e880dbe377" testListId="8c84fa94-04c1-424b-9868-57a2d4851a1d" />
    <TestEntry testId="24ac8c9f-100c-4d55-a12a-3ff18f7f9adf" executionId="404e4f51-451a-40e7-af3d-10552abb07d2" testListId="8c84fa94-04c1-424b-9868-57a2d4851a1d" />
    <TestEntry testId="de26b104-34a0-4c93-a9e5-0ce27f8d5a02" executionId="680d6c58-2d51-4952-8cca-c64dac7bde9b" testListId="8c84fa94-04c1-424b-9868-57a2d4851a1d" />
    <TestEntry testId="5722a077-cbe8-438b-9f97-c0ff7977ae70" executionId="aa94060d-f490-43b2-a0d3-9f209605cce3" testListId="8c84fa94-04c1-424b-9868-57a2d4851a1d" />
    <TestEntry testId="f5cf8a36-7427-4b18-adef-194c16ad8c3e" executionId="7ebde4e0-0b80-4967-9151-65370a0d115d" testListId="8c84fa94-04c1-424b-9868-57a2d4851a1d" />
    <TestEntry testId="dc3e6254-5561-4511-a105-dbf4099de418" executionId="f6bc0a7c-bff0-4e8f-90a5-303acb7cb031" testListId="8c84fa94-04c1-424b-9868-57a2d4851a1d" />
    <TestEntry testId="d59cae8d-d97c-4afb-94b3-5e6ff5e1f464" executionId="a090826d-99f9-4de7-93e1-f69a787615d7" testListId="8c84fa94-04c1-424b-9868-57a2d4851a1d" />
    <TestEntry testId="68fa9106-af96-4a9d-983c-2f668c7d1f74" executionId="d71cad33-6563-4358-afaa-560fbe1e014a" testListId="8c84fa94-04c1-424b-9868-57a2d4851a1d" />
    <TestEntry testId="60fcdf52-e5d4-42e1-8850-f48805b28e4a" executionId="429b72e0-de3f-4c4e-a93b-da38664a1ba5" testListId="8c84fa94-04c1-424b-9868-57a2d4851a1d" />
    <TestEntry testId="497d658d-b6bf-45ac-b0f5-7194d8adb9b1" executionId="f4cb0400-c7b7-45c4-ae61-148bff107ccc" testListId="8c84fa94-04c1-424b-9868-57a2d4851a1d" />
    <TestEntry testId="72ffe46b-e543-4230-b6c9-c0426378a86a" executionId="865ba20d-b156-4274-93ea-443b0c5a6448" testListId="8c84fa94-04c1-424b-9868-57a2d4851a1d" />
    <TestEntry testId="0c2d4862-f459-4a38-9a91-2f906418d3b3" executionId="6d7db854-524b-4e51-a958-0d2712a4ded8" testListId="8c84fa94-04c1-424b-9868-57a2d4851a1d" />
    <TestEntry testId="4f093a83-7c9a-451d-b157-1836b8fa7ea4" executionId="557b3da9-d7ef-4944-993d-4afa8394f5f3" testListId="8c84fa94-04c1-424b-9868-57a2d4851a1d" />
    <TestEntry testId="02fa2a24-9ec2-400f-955a-d5c214f5678c" executionId="a05fe565-fcf1-441c-bfe9-7cbda93aa417" testListId="8c84fa94-04c1-424b-9868-57a2d4851a1d" />
    <TestEntry testId="a89a431b-024b-4acf-82d1-036c746cab93" executionId="7141f378-2613-479b-849f-f3fe9f1bf4df" testListId="8c84fa94-04c1-424b-9868-57a2d4851a1d" />
    <TestEntry testId="23d238a0-e366-462e-b00d-5c564ebf76da" executionId="e6b4c6be-8936-4f36-8bb6-7ed748ce95a0" testListId="8c84fa94-04c1-424b-9868-57a2d4851a1d" />
    <TestEntry testId="1fc7dbd5-6c72-4986-982b-6d69d42fedb9" executionId="a24989fe-e510-4edf-9f62-4db398740ac1" testListId="8c84fa94-04c1-424b-9868-57a2d4851a1d" />
    <TestEntry testId="323caedf-522b-4c0e-aa3b-ec942aea1ad7" executionId="2d274f35-d066-4078-afbf-34d7657949ec" testListId="8c84fa94-04c1-424b-9868-57a2d4851a1d" />
    <TestEntry testId="5aafefe2-b952-43d6-8a34-614d111c3ac2" executionId="367b8704-80b9-4b0e-b9b2-a7a42aedbab2" testListId="8c84fa94-04c1-424b-9868-57a2d4851a1d" />
    <TestEntry testId="79f97b3e-ea5b-45f8-96d4-d7ce26b7f435" executionId="aaea458c-24f9-48ca-a27d-59f6124cc5d3" testListId="8c84fa94-04c1-424b-9868-57a2d4851a1d" />
    <TestEntry testId="2f70b631-acb5-40e2-8575-f12806c8d6b2" executionId="9808b3e9-4bd4-4be4-865d-e91b5697d195" testListId="8c84fa94-04c1-424b-9868-57a2d4851a1d" />
    <TestEntry testId="6c9783e4-d71e-4a7d-bed5-077f1780ae7f" executionId="89d0cf80-5b5f-45d7-be41-ea45fab6de8b" testListId="8c84fa94-04c1-424b-9868-57a2d4851a1d" />
    <TestEntry testId="c8f0ceb9-cd2b-428e-b54d-aa7e06b81263" executionId="535ca883-ffe1-4f29-9e8f-924787accd80" testListId="8c84fa94-04c1-424b-9868-57a2d4851a1d" />
  </TestEntries>
  <TestLists>
    <TestList name="Results Not in a List" id="8c84fa94-04c1-424b-9868-57a2d4851a1d" />
    <TestList name="All Loaded Results" id="19431567-8539-422a-85d7-44ee4e166bda" />
  </TestLists>
  <ResultSummary outcome="Failed">
    <Counters total="35" executed="35" passed="27" failed="8" error="0" timeout="0" aborted="0" inconclusive="0" passedButRunAborted="0" notRunnable="0" notExecuted="0" disconnected="0" warning="0" completed="0" inProgress="0" pending="0" />
    <Output>
      <StdOut>Running on GdUnit4 test engine version: 5.0.0.0
Discover tests from assembly: /home/adam/Dev/omega-spiral/chapter-zero/.godot/mono/temp/bin/Debug/chapter-zero.dll
Discover:  TestSuite AudioManagerTests with 2 TestCases found.
Discover:  TestSuite OmegaSpiral.Tests.Unit.Common.Omega.OmegaSpiralColorsTests with 18 TestCases found.
Discover:  TestSuite OmegaSpiral.Tests.Ui.Omega.OmegaBorderFrame_UnitTests with 15 TestCases found.
Discover tests done, 3 TestSuites and total 35 Tests found.
Running on GdUnit4 test engine version: 5.0.0.0
Set test session timeout to: 00:30:00
Detected IDE Unknown
Starting tests for assembly: /home/adam/Dev/omega-spiral/chapter-zero/.godot/mono/temp/bin/Debug/chapter-zero.dll
Search '.csproj' at /home/adam/Dev/omega-spiral/chapter-zero/.godot/mono/temp/bin/Debug/chapter-zero.dll
Set current working directory to: /home/adam/Dev/omega-spiral/chapter-zero
Starting GodotGdUnit4RestClient.
Working dir /home/adam/Dev/omega-spiral/chapter-zero
Rebuild Godot Project ... /home/adam/Godot_v4.6-dev2_mono_linux_x86_64/Godot_v4.6-dev2_mono_linux.x86_64 --path . -e --headless --quit-after 1000 --verbose
.. WorkerThreadPool: 6 threads, 4 max low-priority.
.. Godot Engine v4.6.dev2.mono.official.7864ac801 - https://godotengine.org
.. TextServer: Added interface "Dummy"
.. TextServer: Added interface "ICU / HarfBuzz / Graphite (Built-in)"
.. Unrecognized output string "misc2" in mapping:
.. 030000000d0f0000ab01000011010000,Horipad Steam,a:b0,b:b1,back:b10,dpdown:h0.4,dpleft:h0.8,dpright:h0.2,dpup:h0.1,guide:b12,leftshoulder:b6,leftstick:b13,lefttrigger:a5,leftx:a0,lefty:a1,misc2:b2,paddle1:b19,paddle2:b18,paddle3:b15,paddle4:b5,rightshoulder:b7,rightstick:b14,righttrigger:a4,rightx:a2,righty:a3,start:b11,x:b3,y:b4,platform:Linux,
.. Unrecognized output string "misc2" in mapping:
.. 050000000d0f00009601000091000000,Horipad Steam,a:b0,b:b1,back:b10,dpdown:h0.4,dpleft:h0.8,dpright:h0.2,dpup:h0.1,guide:b12,leftshoulder:b6,leftstick:b13,lefttrigger:a5,leftx:a0,lefty:a1,misc2:b2,paddle1:b19,paddle2:b18,paddle3:b15,paddle4:b5,rightshoulder:b7,rightstick:b14,righttrigger:a4,rightx:a2,righty:a3,start:b11,x:b3,y:b4,platform:Linux,
.. Unrecognized output string "misc2" in mapping:
.. 030000007e0500006920000011010000,Nintendo Switch 2 Pro Controller,a:b0,b:b1,back:b14,dpdown:b8,dpleft:b10,dpright:b9,dpup:b11,guide:b16,leftshoulder:b12,leftstick:b15,lefttrigger:b13,leftx:a0,lefty:a1~,misc1:b17,misc2:b20,paddle1:b18,paddle2:b19,rightshoulder:b4,rightstick:b7,righttrigger:b5,rightx:a2,righty:a3~,start:b6,x:b2,y:b3,platform:Linux,
.. SDL: Init OK!
.. Using "default" pen tablet driver...
.. TextServer: Primary interface set to: "ICU / HarfBuzz / Graphite (Built-in)".
.. .NET: Initializing module...
.. Found hostfxr: /usr/lib/dotnet/host/fxr/10.0.0-rc.2.25502.107/libhostfxr.so
.. .NET: hostfxr initialized
.. .NET: GodotPlugins initialized
.. Loading resource: res://theme.tres
.. Loading resource: res://default_bus_layout.tres
.. CORE API HASH: 3234800178
.. EDITOR API HASH: 4055853480
.. SceneTreeFTI: traversal method DEFAULT
.. Loading resource: res://addons/dialogic/Resources/CharacterResourceLoader.gd
.. Loading resource: res://addons/dialogic/Resources/TimelineResourceLoader.gd
.. Loading resource: res://addons/dialogic/Resources/CharacterResourceSaver.gd
.. Loading resource: res://addons/dialogic/Resources/TimelineResourceSaver.gd
.. Loading resource: /home/adam/.config/godot/editor_settings-4.6.tres
.. EditorSettings: Load OK!
.. EditorTheme: Generating new theme for the config '66886095'.
.. EditorTheme: Generating new icons.
.. EditorTheme: Generating new fonts.
.. EditorTheme: Generating new styles.
.. Found .NET Sdk version '10.0.100': /usr/lib/dotnet/sdk/10.0.100-rc.2.25502.107/
.. Loading resource: /home/adam/.cache/godot/editor_doc_cache-4.6.res
.. Loaded system CA certificates
.. Failed to bind socket. Error: 3.
.. Loading resource: res://addons/godot_xterm/themes/fonts/regular.tres
.. Loading resource: res://addons/godot_xterm/themes/fonts/jet_brains_mono/jet_brains_mono_nl-regular-2.304.ttf
.. Loading resource: res://.godot/imported/jet_brains_mono_nl-regular-2.304.ttf-96fa438503371775be3cc744a4450fc2.fontdata
.. Loading resource: res://addons/godot_xterm/icons/terminal_icon.svg
.. Loading resource: res://.godot/imported/terminal_icon.svg-2a4b198a0e3aa43f04b43cec3e3f109d.editor.ctex
.. Loading resource: res://addons/godot_xterm/shaders/background.gdshader
.. Loading resource: res://addons/godot_xterm/shaders/common.gdshaderinc
.. Loading resource: res://addons/godot_xterm/shaders/foreground.gdshader
.. [   0% ] \u001b[90m\u001b[1mfirst_scan_filesystem\u001b[22m | Started Project initialization (5 steps)\u001b[39m\u001b[0m
.. [   0% ] \u001b[90m\u001b[1mfirst_scan_filesystem\u001b[22m | Scanning file structure...\u001b[39m\u001b[0m
.. [  16% ] \u001b[90m\u001b[1mfirst_scan_filesystem\u001b[22m | Loading global class names...\u001b[39m\u001b[0m
.. [  33% ] \u001b[90m\u001b[1mfirst_scan_filesystem\u001b[22m | Verifying GDExtensions...\u001b[39m\u001b[0m
.. [  50% ] \u001b[90m\u001b[1mfirst_scan_filesystem\u001b[22m | Creating autoload scripts...\u001b[39m\u001b[0m
.. Loading resource: res://source/backend/GameManager.cs
.. Loading resource: res://source/backend/SceneManager.cs
.. Loading resource: res://source/backend/common/GameState.cs
.. Loading resource: res://source/frontend/field/FieldEvents.cs
.. Loading resource: res://source/frontend/field/FieldCamera.cs
.. Loading resource: res://source/frontend/field/gameboard/Gameboard.cs
.. Loading resource: res://source/frontend/field/gamepieces/GamepieceRegistry.cs
.. Loading resource: res://source/backend/common/Player.cs
.. Loading resource: res://source/frontend/combat/CombatEvents.cs
.. Loading resource: res://source/frontend/audio/AudioManager.cs
.. Loading resource: res://source/backend/GameAppConfig.cs
:: ERROR: Cannot open file 'res://source/backend/GameAppConfig.cs'.
:: at: read_all_file_utf8 (modules/mono/utils/string_utils.cpp:152)
.. Failed loading resource: res://source/backend/GameAppConfig.cs
:: ERROR: Failed to read file: 'res://source/backend/GameAppConfig.cs'.
:: at: load_source_code (modules/mono/csharp_script.cpp:2772)
:: ERROR: Cannot load C# script file 'res://source/backend/GameAppConfig.cs'.
:: at: load (modules/mono/csharp_script.cpp:2852)
:: ERROR: Failed loading resource: res://source/backend/GameAppConfig.cs.
:: at: _load (core/io/resource_loader.cpp:343)
:: ERROR: Failed to create an autoload, can't load from path: res://source/backend/GameAppConfig.cs.
:: at: _create_autoload (editor/settings/editor_autoload_settings.cpp:405)
.. Loading resource: res://addons/maaacks_menus_template/base/nodes/autoloads/scene_loader/scene_loader.gd
.. [  66% ] \u001b[90m\u001b[1mfirst_scan_filesystem\u001b[22m | Initializing plugins...\u001b[39m\u001b[0m
.. Loading resource: res://addons/dialogic/plugin.gd
.. Loading resource: res://addons/dialogic/Editor/editor_main.tscn
.. Loading resource: res://addons/dialogic/Editor/editor_main.gd
.. Loading resource: res://addons/dialogic/Editor/editors_manager.gd
.. Loading resource: res://addons/dialogic/Editor/Images/plugin-icon.svg
.. Loading resource: res://.godot/imported/plugin-icon.svg-aa6701e8ed73f5fe5d177dfddce3a0e3.editor.ctex
.. Loading resource: res://addons/dialogic/Editor/Common/side_bar.tscn
.. Loading resource: res://addons/dialogic/Editor/Images/Pieces/close-icon.svg
.. Loading resource: res://.godot/imported/close-icon.svg-c630c93ada599b08938f4854f5376f2f.editor.ctex
.. Loading resource: res://addons/dialogic/Editor/Images/Pieces/closed-icon.svg
.. Loading resource: res://.godot/imported/closed-icon.svg-b4f16653b91d6792313a130565319b2f.editor.ctex
.. Loading resource: res://addons/dialogic/Editor/Common/toolbar.gd
.. Loading resource: res://addons/dialogic/Editor/Images/Resources/character.svg
.. Loading resource: res://.godot/imported/character.svg-48bc1c93fa13733a935ca2c669d933a7.editor.ctex
.. Loading resource: res://addons/dialogic/Modules/Glossary/icon.svg
.. Loading resource: res://.godot/imported/icon.svg-4fc0c12c53379638e37d654e7bbaea1a.editor.ctex
.. Loading resource: res://addons/dialogic/Modules/StyleEditor/styles_icon.svg
.. Loading resource: res://.godot/imported/styles_icon.svg-c55f9f7d15c3512c8b20dbf30eed7047.editor.ctex
.. Loading resource: res://addons/dialogic/Modules/Variable/variable.svg
.. Loading resource: res://.godot/imported/variable.svg-52aeb47fe1705a3f04d919f8dcd5d319.editor.ctex
.. Loading resource: res://addons/dialogic/Editor/Common/reference_manager.tscn
.. Loading resource: res://addons/dialogic/Editor/Common/reference_manager.gd
.. Loading resource: res://addons/dialogic/Editor/Common/broken_reference_manager.gd
.. Loading resource: res://addons/dialogic/Editor/Common/ReferenceManager_AddReplacementPanel.gd
.. Loading resource: res://addons/dialogic/Editor/Events/Fields/field_options_dynamic.tscn
.. Loading resource: res://addons/dialogic/Editor/Events/Fields/field_options_dynamic.gd
.. Loading resource: res://addons/dialogic/Editor/Common/unique_identifiers_manager.gd
.. Loading resource: res://addons/dialogic/Editor/Common/reference_manager_window.gd
.. Loading resource: res://addons/dialogic/Editor/TimelineEditor/TextEditor/CodeCompletionHelper.gd
.. Loading resource: res://addons/dialogic/Editor/Common/update_manager.gd
.. Loading resource: res://addons/dialogic/Editor/Common/update_install_window.tscn
.. Loading resource: res://addons/dialogic/Editor/Common/update_install_window.gd
.. Loading resource: res://addons/dialogic/Editor/TimelineEditor/TextEditor/syntax_highlighter.gd
.. Loading resource: res://addons/dialogic/Editor/Images/dialogic-logo.svg
.. Loading resource: res://.godot/imported/dialogic-logo.svg-e43201cabc9573eeb3f78fd91ea9d909.ctex
.. Loading resource: res://addons/dialogic/Editor/HomePage/home_page.tscn
.. Loading resource: res://addons/dialogic/Editor/HomePage/home_page.gd
.. Loading resource: res://addons/dialogic/Editor/HomePage/icon_bg.png
.. Loading resource: res://.godot/imported/icon_bg.png-5937ce0a857c4a8a9d624ea9ebf09a97.ctex
.. Loading resource: res://addons/dialogic/Editor/TimelineEditor/timeline_editor.tscn
.. Loading resource: res://addons/dialogic/Editor/TimelineEditor/timeline_editor.gd
.. Loading resource: res://addons/dialogic/Editor/TimelineEditor/VisualEditor/timeline_editor_visual.tscn
.. Loading resource: res://addons/dialogic/Editor/TimelineEditor/VisualEditor/timeline_editor_visual.gd
.. Loading resource: res://addons/dialogic/Editor/Theme/MainTheme.tres
.. Loading resource: res://addons/dialogic/Editor/TimelineEditor/VisualEditor/TimelineArea.gd
.. Loading resource: res://addons/dialogic/Editor/Events/EventBlock/event_right_click_menu.gd
.. Loading resource: res://addons/dialogic/Editor/Common/hint_tooltip_icon.tscn
.. Loading resource: res://addons/dialogic/Editor/Common/hint_tooltip_icon.gd
.. Loading resource: res://addons/dialogic/Editor/TimelineEditor/TextEditor/timeline_editor_text.tscn
.. Loading resource: res://addons/dialogic/Editor/TimelineEditor/TextEditor/timeline_editor_text.gd
.. Loading resource: res://addons/dialogic/Editor/Events/EventBlock/event_block.tscn
.. Loading resource: res://addons/dialogic/Editor/Events/EventBlock/event_block.gd
.. Loading resource: res://addons/dialogic/Editor/Events/styles/unselected_stylebox.tres
.. Loading resource: res://addons/dialogic/Editor/CharacterEditor/character_editor.tscn
.. Loading resource: res://addons/dialogic/Editor/CharacterEditor/character_editor.gd
.. Loading resource: res://addons/dialogic/Editor/Common/hint_tooltip_icon.tscn
.. Loading resource: res://addons/dialogic/Editor/CharacterEditor/character_editor_portrait_tree.gd
.. Loading resource: res://addons/dialogic/Editor/Images/Pieces/add-folder.svg
.. Loading resource: res://.godot/imported/add-folder.svg-41a970370f904038e63c13bddbdb6450.editor.ctex
.. Loading resource: res://addons/dialogic/Modules/Signal/index.gd
.. Loading resource: res://addons/dialogic/Modules/Voice/index.gd
.. Loading resource: res://addons/dialogic/Modules/StyleEditor/index.gd
.. Loading resource: res://addons/dialogic/Modules/Text/index.gd
.. Loading resource: res://addons/dialogic/Modules/Jump/index.gd
.. Loading resource: res://addons/dialogic/Modules/Condition/index.gd
.. Loading resource: res://addons/dialogic/Modules/Choice/index.gd
.. Loading resource: res://addons/dialogic/Modules/History/index.gd
.. Loading resource: res://addons/dialogic/Modules/Audio/index.gd
.. Loading resource: res://addons/dialogic/Modules/LayeredPortrait/index.gd
.. Loading resource: res://addons/dialogic/Modules/Character/index.gd
.. Loading resource: res://addons/dialogic/Modules/Variable/index.gd
.. Loading resource: res://addons/dialogic/Modules/Save/index.gd
.. Loading resource: res://addons/dialogic/Modules/Glossary/index.gd
.. Loading resource: res://addons/dialogic/Modules/Comment/index.gd
.. Loading resource: res://addons/dialogic/Modules/HighlightPortrait/index.gd
.. Loading resource: res://addons/dialogic/Modules/Call/index.gd
.. Loading resource: res://addons/dialogic/Modules/Clear/index.gd
.. Loading resource: res://addons/dialogic/Modules/Core/index.gd
.. Loading resource: res://addons/dialogic/Modules/Background/index.gd
.. Loading resource: res://addons/dialogic/Modules/DefaultLayoutParts/index.gd
.. Loading resource: res://addons/dialogic/Modules/Settings/index.gd
.. Loading resource: res://addons/dialogic/Modules/TextInput/index.gd
.. Loading resource: res://addons/dialogic/Modules/WaitInput/index.gd
.. Loading resource: res://addons/dialogic/Modules/Wait/index.gd
.. Loading resource: res://addons/dialogic/Modules/Style/index.gd
.. Loading resource: res://addons/dialogic/Modules/End/index.gd
.. Loading resource: res://addons/dialogic/Modules/StyleEditor/style_editor.tscn
.. Loading resource: res://addons/dialogic/Modules/StyleEditor/style_editor.gd
.. Loading resource: res://addons/dialogic/Editor/Common/hint_tooltip_icon.tscn
.. Loading resource: res://addons/dialogic/Modules/StyleEditor/style_layer_editor.gd
.. Loading resource: res://addons/dialogic/Modules/StyleEditor/Components/style_layer_tree.gd
.. Loading resource: res://addons/dialogic/Modules/StyleEditor/Components/style_browser_window.gd
.. Loading resource: res://addons/dialogic/Modules/StyleEditor/Components/style_browser.tscn
.. Loading resource: res://addons/dialogic/Modules/StyleEditor/Components/style_browser.gd
.. Loading resource: res://addons/dialogic/Editor/Common/BrowserItem.tscn
.. Loading resource: res://addons/dialogic/Editor/Common/BrowserItem.gd
.. Loading resource: res://addons/dialogic/Modules/Variable/variables_editor/variables_editor.tscn
.. Loading resource: res://addons/dialogic/Modules/Variable/variables_editor/variables_editor.gd
.. Loading resource: res://addons/dialogic/Modules/Variable/variables_editor/variable_tree.gd
.. Loading resource: res://addons/dialogic/Modules/Glossary/glossary_editor.tscn
.. Loading resource: res://addons/dialogic/Modules/Glossary/glossary_editor.gd
.. Loading resource: res://addons/dialogic/Modules/Glossary/add-glossary.svg
.. Loading resource: res://.godot/imported/add-glossary.svg-1cde77c043d3874d9bc84cc14d0ec9dc.editor.ctex
.. Loading resource: res://addons/dialogic/Editor/Settings/settings_editor.tscn
.. Loading resource: res://addons/dialogic/Editor/Settings/settings_editor.gd
.. Loading resource: res://addons/dialogic/Editor/Settings/settings_general.tscn
.. Loading resource: res://addons/dialogic/Editor/Settings/settings_general.gd
.. Loading resource: res://addons/dialogic/Editor/Common/hint_tooltip_icon.tscn
.. Loading resource: res://addons/dialogic/Editor/Events/Fields/field_file.tscn
.. Loading resource: res://addons/dialogic/Editor/Events/Fields/field_file.gd
.. Loading resource: res://addons/dialogic/Editor/Settings/settings_translation.tscn
.. Loading resource: res://addons/dialogic/Editor/Settings/settings_translation.gd
.. Loading resource: res://addons/dialogic/Editor/Common/hint_tooltip_icon.tscn
.. Loading resource: res://addons/dialogic/Editor/Events/Fields/field_file.tscn
.. Loading resource: res://addons/dialogic/Editor/Settings/settings_modules.tscn
.. Loading resource: res://addons/dialogic/Editor/Settings/settings_modules.gd
.. Loading resource: res://addons/dialogic/Modules/Text/settings_text.tscn
.. Loading resource: res://addons/dialogic/Modules/Text/settings_text.gd
.. Loading resource: res://addons/dialogic/Editor/Common/hint_tooltip_icon.tscn
.. Loading resource: res://addons/dialogic/Modules/Choice/settings_choices.tscn
.. Loading resource: res://addons/dialogic/Modules/Choice/settings_choices.gd
.. Loading resource: res://addons/dialogic/Editor/Common/hint_tooltip_icon.tscn
.. Loading resource: res://addons/dialogic/Modules/History/settings_history.tscn
.. Loading resource: res://addons/dialogic/Modules/History/settings_history.gd
.. Loading resource: res://addons/dialogic/Editor/Common/hint_tooltip_icon.tscn
.. Loading resource: res://addons/dialogic/Modules/Audio/settings_audio.tscn
.. Loading resource: res://addons/dialogic/Modules/Audio/settings_audio.gd
.. Loading resource: res://addons/dialogic/Editor/Common/hint_tooltip_icon.tscn
.. Loading resource: res://addons/dialogic/Modules/Character/settings_portraits.tscn
.. Loading resource: res://addons/dialogic/Modules/Character/settings_portraits.gd
.. Loading resource: res://addons/dialogic/Editor/Common/hint_tooltip_icon.tscn
.. Loading resource: res://addons/dialogic/Editor/Events/Fields/field_file.tscn
.. Loading resource: res://addons/dialogic/Modules/Save/settings_save.tscn
.. Loading resource: res://addons/dialogic/Modules/Save/settings_save.gd
.. Loading resource: res://addons/dialogic/Editor/Common/hint_tooltip_icon.tscn
.. Loading resource: res://addons/dialogic/Editor/Events/styles/ResourceMenuPanelBackground.tres
.. Loading resource: res://addons/dialogic/Editor/Common/hint_tooltip_icon.tscn
.. Loading resource: res://addons/dialogic/Editor/Images/Toolbar/add-timeline.svg
.. Loading resource: res://.godot/imported/add-timeline.svg-86961b528ebdf01f585931a15fea1755.editor.ctex
.. Loading resource: res://addons/dialogic/Editor/TimelineEditor/VisualEditor/AddEventButton.tscn
.. Loading resource: res://addons/dialogic/Editor/TimelineEditor/VisualEditor/AddEventButton.gd
.. Loading resource: res://addons/dialogic/Modules/Signal/event_signal.gd
.. Loading resource: res://addons/dialogic/Modules/Jump/event_return.gd
.. Loading resource: res://addons/dialogic/Modules/Condition/event_condition.gd
.. Loading resource: res://addons/dialogic/Modules/History/event_history.gd
.. Loading resource: res://addons/dialogic/Modules/Audio/event_music.gd
.. Loading resource: res://addons/dialogic/Modules/Audio/event_sound.gd
.. Loading resource: res://addons/dialogic/Modules/Variable/event_variable.gd
.. Loading resource: res://addons/dialogic/Modules/Save/event_save.gd
.. Loading resource: res://addons/dialogic/Modules/Comment/event_comment.gd
.. Loading resource: res://addons/dialogic/Modules/Call/event_call.gd
.. Loading resource: res://addons/dialogic/Modules/Clear/event_clear.gd
.. Loading resource: res://addons/dialogic/Modules/Background/event_background.gd
.. Loading resource: res://addons/dialogic/Modules/Settings/event_setting.gd
.. Loading resource: res://addons/dialogic/Modules/TextInput/event_text_input.gd
.. Loading resource: res://addons/dialogic/Modules/WaitInput/event_wait_input.gd
.. Loading resource: res://addons/dialogic/Modules/Wait/event_wait.gd
.. Loading resource: res://addons/dialogic/Modules/Style/event_style.gd
.. Loading resource: res://addons/dialogic/Modules/End/event_end.gd
.. Loading resource: res://addons/dialogic/Modules/Signal/icon.png
.. Loading resource: res://.godot/imported/icon.png-5e2e422904d471016252dff8d4bdfa96.ctex
.. Loading resource: res://addons/dialogic/Modules/Voice/icon.png
.. Loading resource: res://.godot/imported/icon.png-85989da147a1404ecd08c88eac72cda1.ctex
.. Loading resource: res://addons/dialogic/Modules/Jump/icon_jump.png
.. Loading resource: res://.godot/imported/icon_jump.png-50f6cdd715fcbdbed16b43c5beb6b851.ctex
.. Loading resource: res://addons/dialogic/Modules/Jump/icon_label.png
.. Loading resource: res://.godot/imported/icon_label.png-3923bd1131990c8869923c838ffdb9ae.ctex
.. Loading resource: res://addons/dialogic/Modules/Jump/icon_return.svg
.. Loading resource: res://.godot/imported/icon_return.svg-dc7fb704ff391638f73cbbc2b30b32fa.editor.ctex
.. Loading resource: res://addons/dialogic/Modules/Condition/icon.svg
.. Loading resource: res://.godot/imported/icon.svg-502d45c064cc30f576b7b105a01357ce.editor.ctex
.. Loading resource: res://addons/dialogic/Modules/Choice/icon.svg
.. Loading resource: res://.godot/imported/icon.svg-372a9bfce8bea67fff1988d7acf09a9a.editor.ctex
.. Loading resource: res://addons/dialogic/Modules/History/icon.svg
.. Loading resource: res://.godot/imported/icon.svg-82841efe3f86e947d4f66fd24dc8f52c.editor.ctex
.. Loading resource: res://addons/dialogic/Modules/Audio/icon_music.png
.. Loading resource: res://.godot/imported/icon_music.png-ffc971ba1265164a55f745186974be5f.ctex
.. Loading resource: res://addons/dialogic/Modules/Audio/icon_sound.png
.. Loading resource: res://.godot/imported/icon_sound.png-7a1a8a5533773d97969b6311b6a9133f.ctex
.. Loading resource: res://addons/dialogic/Modules/Character/icon.svg
.. Loading resource: res://.godot/imported/icon.svg-4f340f6efbb83004dbd5c761dd1dc448.editor.ctex
.. Loading resource: res://addons/dialogic/Modules/Variable/icon.png
.. Loading resource: res://.godot/imported/icon.png-99064bb3920f49262c581fccbfcfc353.ctex
.. Loading resource: res://addons/dialogic/Modules/Save/icon.svg
.. Loading resource: res://.godot/imported/icon.svg-aad0408eebe298e9d92c76d6f2c79cf6.editor.ctex
.. Loading resource: res://addons/dialogic/Modules/Comment/icon.png
.. Loading resource: res://.godot/imported/icon.png-fab76b8a5886dac0012cf73c317dbee4.ctex
.. Loading resource: res://addons/dialogic/Modules/Call/icon.png
.. Loading resource: res://.godot/imported/icon.png-12e444f0ed59397c7537943ea85b475c.ctex
.. Loading resource: res://addons/dialogic/Modules/Clear/icon.png
.. Loading resource: res://.godot/imported/icon.png-b4986c88bf1e20891dc480c8f4703ca4.ctex
.. Loading resource: res://addons/dialogic/Modules/Background/icon.png
.. Loading resource: res://.godot/imported/icon.png-cab4c78f59b171335e340ba590cf5991.ctex
.. Loading resource: res://addons/dialogic/Modules/Settings/icon.svg
.. Loading resource: res://.godot/imported/icon.svg-d4407cb145fa5c1d965de3d2bd63ce5f.editor.ctex
.. Loading resource: res://addons/dialogic/Modules/TextInput/icon.png
.. Loading resource: res://.godot/imported/icon.png-aea103d18fdc694e2da87b3c5a56be35.ctex
.. Loading resource: res://addons/dialogic/Modules/WaitInput/icon.svg
.. Loading resource: res://.godot/imported/icon.svg-cb8e50b081a310c64183b12c6d12fcf2.editor.ctex
.. Loading resource: res://addons/dialogic/Modules/Wait/icon.svg
.. Loading resource: res://.godot/imported/icon.svg-7e9f52b17ae6e5e1f284e12048cb8f05.editor.ctex
.. Loading resource: res://addons/dialogic/Modules/Style/icon.png
.. Loading resource: res://.godot/imported/icon.png-ee52cc92a2b11ac2a101ff92d2eaaa7c.ctex
.. Loading resource: res://addons/dialogic/Modules/End/icon.png
.. Loading resource: res://.godot/imported/icon.png-8e345f81e023043fdbb4f75b1b0e9bb0.ctex
.. Loading resource: res://addons/dialogic/Modules/Text/icon.svg
.. Loading resource: res://.godot/imported/icon.svg-e2501ddcdef01c7f2c3538940f5abfc1.editor.ctex
.. Loading resource: res://addons/dialogic/Editor/Images/Toolbar/add-character.svg
.. Loading resource: res://.godot/imported/add-character.svg-a658b65c1225b02657a50d5c965e0d5e.editor.ctex
.. Loading resource: res://addons/dialogic/Editor/TimelineEditor/VisualEditor/AddEventButton.tscn
.. Loading resource: res://addons/dialogic/Editor/CharacterEditor/char_edit_section_general.tscn
.. Loading resource: res://addons/dialogic/Editor/CharacterEditor/char_edit_section_general.gd
.. Loading resource: res://addons/dialogic/Editor/Common/hint_tooltip_icon.tscn
.. Loading resource: res://addons/dialogic/Editor/CharacterEditor/char_edit_section_portraits.tscn
.. Loading resource: res://addons/dialogic/Editor/CharacterEditor/char_edit_section_portraits.gd
.. Loading resource: res://addons/dialogic/Editor/Events/Fields/field_vector2.tscn
.. Loading resource: res://addons/dialogic/Editor/Events/Fields/field_vector2.gd
.. Loading resource: res://addons/dialogic/Editor/Events/Fields/field_number.tscn
.. Loading resource: res://addons/dialogic/Editor/Images/Interactable/increment_icon.svg
.. Loading resource: res://.godot/imported/increment_icon.svg-081e6509e76349f0628c55a41e85fd65.editor.ctex
.. Loading resource: res://addons/dialogic/Editor/Images/Interactable/decrement_icon.svg
.. Loading resource: res://.godot/imported/decrement_icon.svg-9556cf56db91e200fb946372e010fd5e.editor.ctex
.. Loading resource: res://addons/dialogic/Editor/Images/Resources/portrait.svg
.. Loading resource: res://.godot/imported/portrait.svg-7d29c7cfe3e086d65dce33c3d66c48cd.editor.ctex
.. Loading resource: res://addons/dialogic/Editor/CharacterEditor/char_edit_p_section_main_exports.tscn
.. Loading resource: res://addons/dialogic/Editor/CharacterEditor/char_edit_p_section_main_exports.gd
.. Loading resource: res://addons/dialogic/Editor/CharacterEditor/char_edit_p_section_exports.tscn
.. Loading resource: res://addons/dialogic/Editor/CharacterEditor/char_edit_p_section_exports.gd
.. Loading resource: res://addons/dialogic/Editor/CharacterEditor/char_edit_p_section_main.tscn
.. Loading resource: res://addons/dialogic/Editor/CharacterEditor/char_edit_p_section_main.gd
.. Loading resource: res://addons/dialogic/Editor/Events/Fields/field_file.tscn
.. Loading resource: res://addons/dialogic/Editor/CharacterEditor/portrait_scene_browser.tscn
.. Loading resource: res://addons/dialogic/Editor/CharacterEditor/portrait_scene_browser.gd
.. Loading resource: res://addons/dialogic/Editor/Common/hint_tooltip_icon.tscn
.. Loading resource: res://addons/dialogic/Editor/CharacterEditor/char_edit_p_section_layout.tscn
.. Loading resource: res://addons/dialogic/Editor/CharacterEditor/char_edit_p_section_layout.gd
.. Loading resource: res://addons/dialogic/Editor/Events/Fields/field_vector2.tscn
.. Loading resource: res://addons/dialogic/Editor/Events/Fields/field_number.tscn
.. Loading resource: res://addons/dialogic/Modules/Text/character_settings/character_moods_settings.tscn
.. Loading resource: res://addons/dialogic/Modules/Text/character_settings/character_moods_settings.gd
.. Loading resource: res://addons/dialogic/Editor/Events/Fields/field_file.tscn
.. Loading resource: res://addons/dialogic/Editor/Events/Fields/field_number.tscn
.. Loading resource: res://addons/dialogic/Modules/Text/node_type_sound.gd
.. Loading resource: res://addons/dialogic/Editor/Common/hint_tooltip_icon.tscn
.. Loading resource: res://addons/dialogic/Modules/Text/character_settings/character_portrait_mood_settings.tscn
.. Loading resource: res://addons/dialogic/Modules/Text/character_settings/character_portrait_mood_settings.gd
.. Loading resource: res://addons/dialogic/Modules/Style/character_settings_style.tscn
.. Loading resource: res://addons/dialogic/Modules/Style/character_settings_style.gd
.. Loading resource: res://addons/dialogic/Editor/Common/hint_tooltip_icon.tscn
.. Loading resource: res://addons/dialogic/Editor/Inspector/inspector_plugin.gd
.. Loading resource: res://addons/gdUnit4/plugin.gd
.. \u001b[38;2;218;165;32mIt was recognized that GdUnit4 is running in a test environment, therefore the GdUnit4 plugin will not be executed!\u001b[0m
.. Loading resource: res://addons/godot_xterm/plugin.gd
.. Loading resource: res://addons/godot_xterm/editor_plugins/terminal/terminal_panel.tscn
.. Loading resource: res://addons/godot_xterm/editor_plugins/terminal/terminal_panel.gd
.. Loading resource: res://addons/godot_xterm/editor_plugins/terminal/editor_terminal.tscn
.. Loading resource: res://addons/godot_xterm/editor_plugins/terminal/editor_terminal.gd
.. Loading resource: res://addons/godot_xterm/editor_plugins/terminal/settings/default_new_terminal_shortcut.tres
.. Loading resource: res://addons/godot_xterm/editor_plugins/terminal/settings/default_kill_terminal_shortcut.tres
.. Loading resource: res://addons/godot_xterm/editor_plugins/terminal/settings/default_copy_shortcut.tres
.. Loading resource: res://addons/godot_xterm/editor_plugins/terminal/settings/default_paste_shortcut.tres
.. Loading resource: res://addons/godot_xterm/editor_plugins/terminal/settings/default_tab_right_shortcut.tres
.. Loading resource: res://addons/godot_xterm/editor_plugins/terminal/settings/default_tab_left_shortcut.tres
.. Loading resource: res://addons/type_writer_label/twl_init.gd
.. Loading resource: res://addons/type_writer_label/classes/type_writer_label_icon.svg
.. Loading resource: res://.godot/imported/type_writer_label_icon.svg-4ed2f6ad1e9b0ca97691e0060c880e78.ctex
.. [  83% ] \u001b[90m\u001b[1mfirst_scan_filesystem\u001b[22m | Starting file scan...\u001b[39m\u001b[0m
.. \u001b[92m[ DONE ]\u001b[39m \u001b[1mfirst_scan_filesystem\u001b[22m
.. \u001b[0m
.. [   0% ] \u001b[90m\u001b[1mupdate_scripts_classes\u001b[22m | Started Registering global classes... (15 steps)\u001b[39m\u001b[0m
.. [   0% ] \u001b[90m\u001b[1mupdate_scripts_classes\u001b[22m | \u001b[39m\u001b[0m
.. [   6% ] \u001b[90m\u001b[1mupdate_scripts_classes\u001b[22m | MusicController\u001b[39m\u001b[0m
.. [  12% ] \u001b[90m\u001b[1mupdate_scripts_classes\u001b[22m | MainMenu\u001b[39m\u001b[0m
.. [  18% ] \u001b[90m\u001b[1mupdate_scripts_classes\u001b[22m | InputActionsList\u001b[39m\u001b[0m
.. [  25% ] \u001b[90m\u001b[1mupdate_scripts_classes\u001b[22m | InputActionsTree\u001b[39m\u001b[0m
.. [  31% ] \u001b[90m\u001b[1mupdate_scripts_classes\u001b[22m | \u001b[39m\u001b[0m
.. [  37% ] \u001b[90m\u001b[1mupdate_scripts_classes\u001b[22m | OverlaidMenu\u001b[39m\u001b[0m
.. [  43% ] \u001b[90m\u001b[1mupdate_scripts_classes\u001b[22m | \u001b[39m\u001b[0m
.. [  50% ] \u001b[90m\u001b[1mupdate_scripts_classes\u001b[22m | \u001b[39m\u001b[0m
.. [  56% ] \u001b[90m\u001b[1mupdate_scripts_classes\u001b[22m | \u001b[39m\u001b[0m
.. [  62% ] \u001b[90m\u001b[1mupdate_scripts_classes\u001b[22m | \u001b[39m\u001b[0m
.. [  68% ] \u001b[90m\u001b[1mupdate_scripts_classes\u001b[22m | \u001b[39m\u001b[0m
.. [  75% ] \u001b[90m\u001b[1mupdate_scripts_classes\u001b[22m | \u001b[39m\u001b[0m
.. [  81% ] \u001b[90m\u001b[1mupdate_scripts_classes\u001b[22m | \u001b[39m\u001b[0m
.. [  87% ] \u001b[90m\u001b[1mupdate_scripts_classes\u001b[22m | \u001b[39m\u001b[0m
.. \u001b[92m[ DONE ]\u001b[39m \u001b[1mupdate_scripts_classes\u001b[22m
.. \u001b[0m
.. [   0% ] \u001b[90m\u001b[1m_update_scan_actions\u001b[22m | Started Scanning actions... (4 steps)\u001b[39m\u001b[0m
.. [   0% ] \u001b[90m\u001b[1m_update_scan_actions\u001b[22m | icons-filled-colored-vector.svg\u001b[39m\u001b[0m
.. [  20% ] \u001b[90m\u001b[1m_update_scan_actions\u001b[22m | icons-filled-white-vector.svg\u001b[39m\u001b[0m
.. [  40% ] \u001b[90m\u001b[1m_update_scan_actions\u001b[22m | icons-outlined-colored-vector.svg\u001b[39m\u001b[0m
.. [  60% ] \u001b[90m\u001b[1m_update_scan_actions\u001b[22m | icons-outlined-white-vector.svg\u001b[39m\u001b[0m
.. \u001b[92m[ DONE ]\u001b[39m \u001b[1m_update_scan_actions\u001b[22m
.. \u001b[0m
.. [   0% ] \u001b[90m\u001b[1mreimport\u001b[22m | Started (Re)Importing Assets (4 steps)\u001b[39m\u001b[0m
.. [   0% ] \u001b[90m\u001b[1mreimport\u001b[22m | Preparing files to reimport...\u001b[39m\u001b[0m
.. [  20% ] \u001b[90m\u001b[1mreimport\u001b[22m | Preparing files to reimport...\u001b[39m\u001b[0m
.. [  40% ] \u001b[90m\u001b[1mreimport\u001b[22m | Preparing files to reimport...\u001b[39m\u001b[0m
.. [  60% ] \u001b[90m\u001b[1mreimport\u001b[22m | Preparing files to reimport...\u001b[39m\u001b[0m
.. [   0% ] \u001b[90m\u001b[1mreimport\u001b[22m | Executing pre-reimport operations...\u001b[39m\u001b[0m
.. EditorFileSystem: Importing file: res://addons/maaacks_menus_template/assets/input-icons/icons-filled-colored-vector.svg
.. EditorFileSystem: Importing file: res://addons/maaacks_menus_template/assets/input-icons/icons-filled-white-vector.svg
.. EditorFileSystem: Importing file: res://addons/maaacks_menus_template/assets/input-icons/icons-outlined-colored-vector.svg
.. [   0% ] \u001b[90m\u001b[1mreimport\u001b[22m | icons-filled-colored-vector.svg\u001b[39m\u001b[0m
.. EditorFileSystem: Importing file: res://addons/maaacks_menus_template/assets/input-icons/icons-outlined-white-vector.svg
.. EditorFileSystem: "res://addons/maaacks_menus_template/assets/input-icons/icons-outlined-white-vector.svg" import took 2 ms.
.. EditorFileSystem: "res://addons/maaacks_menus_template/assets/input-icons/icons-filled-white-vector.svg" import took 5 ms.
.. [  20% ] \u001b[90m\u001b[1mreimport\u001b[22m | icons-filled-white-vector.svg\u001b[39m\u001b[0m
.. [  40% ] \u001b[90m\u001b[1mreimport\u001b[22m | icons-outlined-colored-vector.svg\u001b[39m\u001b[0m
.. EditorFileSystem: "res://addons/maaacks_menus_template/assets/input-icons/icons-filled-colored-vector.svg" import took 8 ms.
.. EditorFileSystem: "res://addons/maaacks_menus_template/assets/input-icons/icons-outlined-colored-vector.svg" import took 8 ms.
.. [  60% ] \u001b[90m\u001b[1mreimport\u001b[22m | icons-outlined-white-vector.svg\u001b[39m\u001b[0m
.. [  80% ] \u001b[90m\u001b[1mreimport\u001b[22m | Finalizing Asset Import...\u001b[39m\u001b[0m
.. \u001b[92m[ DONE ]\u001b[39m \u001b[1mreimport\u001b[22m
.. \u001b[0m
.. [   0% ] \u001b[90m\u001b[1mreimport\u001b[22m | Started (Re)Importing Assets (4 steps)\u001b[39m\u001b[0m
.. [   0% ] \u001b[90m\u001b[1mreimport\u001b[22m | Executing post-reimport operations...\u001b[39m\u001b[0m
.. \u001b[92m[ DONE ]\u001b[39m \u001b[1mreimport\u001b[22m
.. \u001b[0m
.. [   0% ] \u001b[90m\u001b[1mloading_editor_layout\u001b[22m | Started Loading editor (5 steps)\u001b[39m\u001b[0m
.. [   0% ] \u001b[90m\u001b[1mloading_editor_layout\u001b[22m | Loading editor layout...\u001b[39m\u001b[0m
.. [  16% ] \u001b[90m\u001b[1mloading_editor_layout\u001b[22m | Loading docks...\u001b[39m\u001b[0m
.. [  33% ] \u001b[90m\u001b[1mloading_editor_layout\u001b[22m | Reopening scenes...\u001b[39m\u001b[0m
.. [  50% ] \u001b[90m\u001b[1mloading_editor_layout\u001b[22m | Loading central editor layout...\u001b[39m\u001b[0m
.. [  66% ] \u001b[90m\u001b[1mloading_editor_layout\u001b[22m | Loading plugin window layout...\u001b[39m\u001b[0m
.. Loading resource: res://addons/maaacks_menus_template/base/nodes/menus/main_menu/main_menu.gd
:: ERROR: Couldn't open external text editor, falling back to the internal editor. Review your `text_editor/external/` editor settings.
:: at: edit (editor/script/script_editor_plugin.cpp:2613)
.. Loading resource: res://source/frontend/scenes/menus/main_menu/main_menu.gd
:: ERROR: Couldn't open external text editor, falling back to the internal editor. Review your `text_editor/external/` editor settings.
:: at: edit (editor/script/script_editor_plugin.cpp:2613)
.. [  83% ] \u001b[90m\u001b[1mloading_editor_layout\u001b[22m | Editor layout ready.\u001b[39m\u001b[0m
.. \u001b[92m[ DONE ]\u001b[39m \u001b[1mloading_editor_layout\u001b[22m
.. \u001b[0m
.. Loading resource: res://source/frontend/scenes/menus/main_menu/main_menu.tscn
.. Loading resource: res://addons/maaacks_menus_template/base/nodes/menus/main_menu/main_menu.tscn
.. Loading resource: res://addons/maaacks_menus_template/base/nodes/utilities/capture_focus.gd
.. Loading resource: res://addons/maaacks_menus_template/base/nodes/music_players/background_music_player.tscn
.. Loading resource: res://addons/maaacks_menus_template/base/nodes/autoloads/ui_sound_controller/ui_sound_controller.gd
.. Loading resource: res://addons/maaacks_menus_template/base/nodes/labels/config_version_label.gd
.. Loading resource: res://addons/maaacks_menus_template/base/nodes/labels/config_name_label.gd
:: WARNING: res://source/frontend/scenes/menus/main_menu/main_menu.tscn:4 - ext_resource, invalid UID: uid://custom1 - using text path instead: res://source/frontend/scenes/menus/main_menu/main_menu.gd
:: at: load (scene/resources/resource_format_text.cpp:466)
.. Failed to bind socket. Error: 3.
:: WARNING: The "move_to_foreground()" method is deprecated, use "grab_focus()" instead.
:: at: move_to_foreground (scene/main/window.cpp:593)
:: GDScript backtrace (most recent call first):
:: [0] _on_resources_reimported (res://addons/dialogic/Editor/Common/update_install_window.gd:111)
.. thirdparty/mbedtls/library/ssl_tls13_generic.c:1552: 0x404528f8: Perform PSA-based ECDH/FFDH computation.
.. thirdparty/mbedtls/library/ssl_tls13_client.c:1950: 0x404528f8: Switch to handshake keys for inbound traffic
.. thirdparty/mbedtls/library/ssl_tls13_generic.c:0403: 0x404528f8: mbedtls_ssl_tls13_process_certificate_verify() returned 0 (-0x0000)
.. thirdparty/mbedtls/library/ssl_tls13_client.c:2639: 0x404528f8: Switch to handshake traffic keys for outbound traffic
.. thirdparty/mbedtls/library/ssl_tls13_generic.c:1235: 0x404528f8: Switch to application keys for inbound traffic
.. thirdparty/mbedtls/library/ssl_tls13_generic.c:1238: 0x404528f8: Switch to application keys for outbound traffic
.. thirdparty/mbedtls/library/ssl_tls13_generic.c:1552: 0x7963b4172318: Perform PSA-based ECDH/FFDH computation.
.. thirdparty/mbedtls/library/ssl_tls13_client.c:1950: 0x7963b4172318: Switch to handshake keys for inbound traffic
.. thirdparty/mbedtls/library/ssl_tls13_generic.c:0403: 0x7963b4172318: mbedtls_ssl_tls13_process_certificate_verify() returned 0 (-0x0000)
.. thirdparty/mbedtls/library/ssl_tls13_client.c:2639: 0x7963b4172318: Switch to handshake traffic keys for outbound traffic
.. thirdparty/mbedtls/library/ssl_tls13_generic.c:1235: 0x7963b4172318: Switch to application keys for inbound traffic
.. thirdparty/mbedtls/library/ssl_tls13_generic.c:1238: 0x7963b4172318: Switch to application keys for outbound traffic
.. thirdparty/mbedtls/library/ssl_tls13_generic.c:1552: 0x7963b4172318: Perform PSA-based ECDH/FFDH computation.
.. thirdparty/mbedtls/library/ssl_tls13_client.c:1950: 0x7963b4172318: Switch to handshake keys for inbound traffic
.. thirdparty/mbedtls/library/ssl_tls13_generic.c:0403: 0x7963b4172318: mbedtls_ssl_tls13_process_certificate_verify() returned 0 (-0x0000)
.. thirdparty/mbedtls/library/ssl_tls13_client.c:2639: 0x7963b4172318: Switch to handshake traffic keys for outbound traffic
.. thirdparty/mbedtls/library/ssl_tls13_generic.c:1235: 0x7963b4172318: Switch to application keys for inbound traffic
.. thirdparty/mbedtls/library/ssl_tls13_generic.c:1238: 0x7963b4172318: Switch to application keys for outbound traffic
.. thirdparty/mbedtls/library/ssl_tls13_generic.c:1552: 0x7963b4172318: Perform PSA-based ECDH/FFDH computation.
.. thirdparty/mbedtls/library/ssl_tls13_client.c:1950: 0x7963b4172318: Switch to handshake keys for inbound traffic
.. thirdparty/mbedtls/library/ssl_tls13_generic.c:0403: 0x7963b4172318: mbedtls_ssl_tls13_process_certificate_verify() returned 0 (-0x0000)
.. thirdparty/mbedtls/library/ssl_tls13_client.c:2639: 0x7963b4172318: Switch to handshake traffic keys for outbound traffic
.. thirdparty/mbedtls/library/ssl_tls13_generic.c:1235: 0x7963b4172318: Switch to application keys for inbound traffic
.. thirdparty/mbedtls/library/ssl_tls13_generic.c:1238: 0x7963b4172318: Switch to application keys for outbound traffic
.. thirdparty/mbedtls/library/ssl_tls13_generic.c:1552: 0x7963b8002388: Perform PSA-based ECDH/FFDH computation.
.. thirdparty/mbedtls/library/ssl_tls13_client.c:1950: 0x7963b8002388: Switch to handshake keys for inbound traffic
.. thirdparty/mbedtls/library/ssl_tls13_generic.c:0403: 0x7963b8002388: mbedtls_ssl_tls13_process_certificate_verify() returned 0 (-0x0000)
.. thirdparty/mbedtls/library/ssl_tls13_client.c:2639: 0x7963b8002388: Switch to handshake traffic keys for outbound traffic
.. thirdparty/mbedtls/library/ssl_tls13_generic.c:1235: 0x7963b8002388: Switch to application keys for inbound traffic
.. thirdparty/mbedtls/library/ssl_tls13_generic.c:1238: 0x7963b8002388: Switch to application keys for outbound traffic
.. thirdparty/mbedtls/library/ssl_tls13_generic.c:1552: 0x7963b400b638: Perform PSA-based ECDH/FFDH computation.
.. thirdparty/mbedtls/library/ssl_tls13_client.c:1950: 0x7963b400b638: Switch to handshake keys for inbound traffic
.. thirdparty/mbedtls/library/ssl_tls13_generic.c:0403: 0x7963b400b638: mbedtls_ssl_tls13_process_certificate_verify() returned 0 (-0x0000)
.. thirdparty/mbedtls/library/ssl_tls13_client.c:2639: 0x7963b400b638: Switch to handshake traffic keys for outbound traffic
.. thirdparty/mbedtls/library/ssl_tls13_generic.c:1235: 0x7963b400b638: Switch to application keys for inbound traffic
.. thirdparty/mbedtls/library/ssl_tls13_generic.c:1238: 0x7963b400b638: Switch to application keys for outbound traffic
.. thirdparty/mbedtls/library/ssl_tls13_generic.c:1552: 0x7963a80024f8: Perform PSA-based ECDH/FFDH computation.
.. thirdparty/mbedtls/library/ssl_tls13_client.c:1950: 0x7963a80024f8: Switch to handshake keys for inbound traffic
.. thirdparty/mbedtls/library/ssl_tls13_generic.c:0403: 0x7963a80024f8: mbedtls_ssl_tls13_process_certificate_verify() returned 0 (-0x0000)
.. thirdparty/mbedtls/library/ssl_tls13_client.c:2639: 0x7963a80024f8: Switch to handshake traffic keys for outbound traffic
.. thirdparty/mbedtls/library/ssl_tls13_generic.c:1235: 0x7963a80024f8: Switch to application keys for inbound traffic
.. thirdparty/mbedtls/library/ssl_tls13_generic.c:1238: 0x7963a80024f8: Switch to application keys for outbound traffic
.. thirdparty/mbedtls/library/ssl_tls13_generic.c:1552: 0x7963ac001dd8: Perform PSA-based ECDH/FFDH computation.
.. thirdparty/mbedtls/library/ssl_tls13_client.c:1950: 0x7963ac001dd8: Switch to handshake keys for inbound traffic
.. thirdparty/mbedtls/library/ssl_tls13_generic.c:0403: 0x7963ac001dd8: mbedtls_ssl_tls13_process_certificate_verify() returned 0 (-0x0000)
.. thirdparty/mbedtls/library/ssl_tls13_client.c:2639: 0x7963ac001dd8: Switch to handshake traffic keys for outbound traffic
.. thirdparty/mbedtls/library/ssl_tls13_generic.c:1235: 0x7963ac001dd8: Switch to application keys for inbound traffic
.. thirdparty/mbedtls/library/ssl_tls13_generic.c:1238: 0x7963ac001dd8: Switch to application keys for outbound traffic
.. thirdparty/mbedtls/library/ssl_tls13_generic.c:1552: 0x7963a4001778: Perform PSA-based ECDH/FFDH computation.
.. thirdparty/mbedtls/library/ssl_tls13_client.c:1950: 0x7963a4001778: Switch to handshake keys for inbound traffic
.. thirdparty/mbedtls/library/ssl_tls13_generic.c:0403: 0x7963a4001778: mbedtls_ssl_tls13_process_certificate_verify() returned 0 (-0x0000)
.. thirdparty/mbedtls/library/ssl_tls13_client.c:2639: 0x7963a4001778: Switch to handshake traffic keys for outbound traffic
.. thirdparty/mbedtls/library/ssl_tls13_generic.c:1235: 0x7963a4001778: Switch to application keys for inbound traffic
.. thirdparty/mbedtls/library/ssl_tls13_generic.c:1238: 0x7963a4001778: Switch to application keys for outbound traffic
.. thirdparty/mbedtls/library/ssl_tls13_generic.c:1552: 0x7963a4001778: Perform PSA-based ECDH/FFDH computation.
.. thirdparty/mbedtls/library/ssl_tls13_client.c:1950: 0x7963a4001778: Switch to handshake keys for inbound traffic
.. thirdparty/mbedtls/library/ssl_tls13_generic.c:0403: 0x7963a4001778: mbedtls_ssl_tls13_process_certificate_verify() returned 0 (-0x0000)
.. thirdparty/mbedtls/library/ssl_tls13_client.c:2639: 0x7963a4001778: Switch to handshake traffic keys for outbound traffic
.. thirdparty/mbedtls/library/ssl_tls13_generic.c:1235: 0x7963a4001778: Switch to application keys for inbound traffic
.. thirdparty/mbedtls/library/ssl_tls13_generic.c:1238: 0x7963a4001778: Switch to application keys for outbound traffic
.. thirdparty/mbedtls/library/ssl_tls13_generic.c:1552: 0x7963a4018c18: Perform PSA-based ECDH/FFDH computation.
.. thirdparty/mbedtls/library/ssl_tls13_client.c:1950: 0x7963a4018c18: Switch to handshake keys for inbound traffic
.. thirdparty/mbedtls/library/ssl_tls13_generic.c:0403: 0x7963a4018c18: mbedtls_ssl_tls13_process_certificate_verify() returned 0 (-0x0000)
.. thirdparty/mbedtls/library/ssl_tls13_client.c:2639: 0x7963a4018c18: Switch to handshake traffic keys for outbound traffic
.. thirdparty/mbedtls/library/ssl_tls13_generic.c:1235: 0x7963a4018c18: Switch to application keys for inbound traffic
.. thirdparty/mbedtls/library/ssl_tls13_generic.c:1238: 0x7963a4018c18: Switch to application keys for outbound traffic
.. thirdparty/mbedtls/library/ssl_tls13_generic.c:1552: 0x7963ac010328: Perform PSA-based ECDH/FFDH computation.
.. thirdparty/mbedtls/library/ssl_tls13_generic.c:1552: 0x7963b4172318: Perform PSA-based ECDH/FFDH computation.
.. thirdparty/mbedtls/library/ssl_tls13_generic.c:1552: 0x7963a80128c8: Perform PSA-based ECDH/FFDH computation.
.. thirdparty/mbedtls/library/ssl_tls13_generic.c:1552: 0x7963b8002388: Perform PSA-based ECDH/FFDH computation.
.. thirdparty/mbedtls/library/ssl_tls13_generic.c:1552: 0x79639c002388: Perform PSA-based ECDH/FFDH computation.
.. thirdparty/mbedtls/library/ssl_tls13_client.c:1950: 0x7963ac010328: Switch to handshake keys for inbound traffic
.. thirdparty/mbedtls/library/ssl_tls13_client.c:1950: 0x7963b4172318: Switch to handshake keys for inbound traffic
.. thirdparty/mbedtls/library/ssl_tls13_client.c:1950: 0x7963a80128c8: Switch to handshake keys for inbound traffic
.. thirdparty/mbedtls/library/ssl_tls13_generic.c:0403: 0x7963b4172318: mbedtls_ssl_tls13_process_certificate_verify() returned 0 (-0x0000)
.. thirdparty/mbedtls/library/ssl_tls13_client.c:2639: 0x7963b4172318: Switch to handshake traffic keys for outbound traffic
.. thirdparty/mbedtls/library/ssl_tls13_generic.c:1235: 0x7963b4172318: Switch to application keys for inbound traffic
.. thirdparty/mbedtls/library/ssl_tls13_generic.c:1238: 0x7963b4172318: Switch to application keys for outbound traffic
.. thirdparty/mbedtls/library/ssl_tls13_generic.c:0403: 0x7963a80128c8: mbedtls_ssl_tls13_process_certificate_verify() returned 0 (-0x0000)
.. thirdparty/mbedtls/library/ssl_tls13_client.c:2639: 0x7963a80128c8: Switch to handshake traffic keys for outbound traffic
.. thirdparty/mbedtls/library/ssl_tls13_generic.c:1235: 0x7963a80128c8: Switch to application keys for inbound traffic
.. thirdparty/mbedtls/library/ssl_tls13_generic.c:1238: 0x7963a80128c8: Switch to application keys for outbound traffic
.. thirdparty/mbedtls/library/ssl_tls13_generic.c:0403: 0x7963ac010328: mbedtls_ssl_tls13_process_certificate_verify() returned 0 (-0x0000)
.. thirdparty/mbedtls/library/ssl_tls13_client.c:2639: 0x7963ac010328: Switch to handshake traffic keys for outbound traffic
.. thirdparty/mbedtls/library/ssl_tls13_generic.c:1235: 0x7963ac010328: Switch to application keys for inbound traffic
.. thirdparty/mbedtls/library/ssl_tls13_generic.c:1238: 0x7963ac010328: Switch to application keys for outbound traffic
.. thirdparty/mbedtls/library/ssl_tls13_client.c:1950: 0x7963b8002388: Switch to handshake keys for inbound traffic
.. thirdparty/mbedtls/library/ssl_tls13_generic.c:0403: 0x7963b8002388: mbedtls_ssl_tls13_process_certificate_verify() returned 0 (-0x0000)
.. thirdparty/mbedtls/library/ssl_tls13_client.c:2639: 0x7963b8002388: Switch to handshake traffic keys for outbound traffic
.. thirdparty/mbedtls/library/ssl_tls13_generic.c:1235: 0x7963b8002388: Switch to application keys for inbound traffic
.. thirdparty/mbedtls/library/ssl_tls13_generic.c:1238: 0x7963b8002388: Switch to application keys for outbound traffic
.. thirdparty/mbedtls/library/ssl_tls13_client.c:1950: 0x79639c002388: Switch to handshake keys for inbound traffic
.. thirdparty/mbedtls/library/ssl_tls13_generic.c:0403: 0x79639c002388: mbedtls_ssl_tls13_process_certificate_verify() returned 0 (-0x0000)
.. thirdparty/mbedtls/library/ssl_tls13_client.c:2639: 0x79639c002388: Switch to handshake traffic keys for outbound traffic
.. thirdparty/mbedtls/library/ssl_tls13_generic.c:1235: 0x79639c002388: Switch to application keys for inbound traffic
.. thirdparty/mbedtls/library/ssl_tls13_generic.c:1238: 0x79639c002388: Switch to application keys for outbound traffic
.. thirdparty/mbedtls/library/ssl_tls13_generic.c:1552: 0x7963a4018c18: Perform PSA-based ECDH/FFDH computation.
.. thirdparty/mbedtls/library/ssl_tls13_client.c:1950: 0x7963a4018c18: Switch to handshake keys for inbound traffic
.. thirdparty/mbedtls/library/ssl_tls13_generic.c:0403: 0x7963a4018c18: mbedtls_ssl_tls13_process_certificate_verify() returned 0 (-0x0000)
.. thirdparty/mbedtls/library/ssl_tls13_client.c:2639: 0x7963a4018c18: Switch to handshake traffic keys for outbound traffic
.. thirdparty/mbedtls/library/ssl_tls13_generic.c:1235: 0x7963a4018c18: Switch to application keys for inbound traffic
.. thirdparty/mbedtls/library/ssl_tls13_generic.c:1238: 0x7963a4018c18: Switch to application keys for outbound traffic
.. thirdparty/mbedtls/library/ssl_tls13_generic.c:1552: 0x79639c010138: Perform PSA-based ECDH/FFDH computation.
.. thirdparty/mbedtls/library/ssl_tls13_generic.c:1552: 0x7963b4172318: Perform PSA-based ECDH/FFDH computation.
.. thirdparty/mbedtls/library/ssl_tls13_client.c:1950: 0x7963b4172318: Switch to handshake keys for inbound traffic
.. thirdparty/mbedtls/library/ssl_tls13_generic.c:0403: 0x7963b4172318: mbedtls_ssl_tls13_process_certificate_verify() returned 0 (-0x0000)
.. thirdparty/mbedtls/library/ssl_tls13_client.c:2639: 0x7963b4172318: Switch to handshake traffic keys for outbound traffic
.. thirdparty/mbedtls/library/ssl_tls13_generic.c:1235: 0x7963b4172318: Switch to application keys for inbound traffic
.. thirdparty/mbedtls/library/ssl_tls13_generic.c:1238: 0x7963b4172318: Switch to application keys for outbound traffic
.. thirdparty/mbedtls/library/ssl_tls13_client.c:1950: 0x79639c010138: Switch to handshake keys for inbound traffic
.. thirdparty/mbedtls/library/ssl_tls13_generic.c:1552: 0x7963a4018c18: Perform PSA-based ECDH/FFDH computation.
.. thirdparty/mbedtls/library/ssl_tls13_generic.c:0403: 0x79639c010138: mbedtls_ssl_tls13_process_certificate_verify() returned 0 (-0x0000)
.. thirdparty/mbedtls/library/ssl_tls13_client.c:2639: 0x79639c010138: Switch to handshake traffic keys for outbound traffic
.. thirdparty/mbedtls/library/ssl_tls13_generic.c:1235: 0x79639c010138: Switch to application keys for inbound traffic
.. thirdparty/mbedtls/library/ssl_tls13_generic.c:1238: 0x79639c010138: Switch to application keys for outbound traffic
.. thirdparty/mbedtls/library/ssl_tls13_generic.c:1552: 0x7963a8010208: Perform PSA-based ECDH/FFDH computation.
.. thirdparty/mbedtls/library/ssl_tls13_client.c:1950: 0x7963a4018c18: Switch to handshake keys for inbound traffic
.. thirdparty/mbedtls/library/ssl_tls13_generic.c:0403: 0x7963a4018c18: mbedtls_ssl_tls13_process_certificate_verify() returned 0 (-0x0000)
.. thirdparty/mbedtls/library/ssl_tls13_client.c:2639: 0x7963a4018c18: Switch to handshake traffic keys for outbound traffic
.. thirdparty/mbedtls/library/ssl_tls13_generic.c:1235: 0x7963a4018c18: Switch to application keys for inbound traffic
.. thirdparty/mbedtls/library/ssl_tls13_generic.c:1238: 0x7963a4018c18: Switch to application keys for outbound traffic
.. thirdparty/mbedtls/library/ssl_tls13_client.c:1950: 0x7963a8010208: Switch to handshake keys for inbound traffic
.. thirdparty/mbedtls/library/ssl_tls13_generic.c:0403: 0x7963a8010208: mbedtls_ssl_tls13_process_certificate_verify() returned 0 (-0x0000)
.. thirdparty/mbedtls/library/ssl_tls13_client.c:2639: 0x7963a8010208: Switch to handshake traffic keys for outbound traffic
.. thirdparty/mbedtls/library/ssl_tls13_generic.c:1235: 0x7963a8010208: Switch to application keys for inbound traffic
.. thirdparty/mbedtls/library/ssl_tls13_generic.c:1238: 0x7963a8010208: Switch to application keys for outbound traffic
.. thirdparty/mbedtls/library/ssl_tls13_generic.c:1552: 0x7963b8002388: Perform PSA-based ECDH/FFDH computation.
.. thirdparty/mbedtls/library/ssl_tls13_generic.c:1552: 0x7963b4172318: Perform PSA-based ECDH/FFDH computation.
.. thirdparty/mbedtls/library/ssl_tls13_generic.c:1552: 0x7963a400a8b8: Perform PSA-based ECDH/FFDH computation.
.. thirdparty/mbedtls/library/ssl_tls13_generic.c:1552: 0x7963ac010328: Perform PSA-based ECDH/FFDH computation.
.. thirdparty/mbedtls/library/ssl_tls13_client.c:1950: 0x7963b8002388: Switch to handshake keys for inbound traffic
.. thirdparty/mbedtls/library/ssl_tls13_generic.c:0403: 0x7963b8002388: mbedtls_ssl_tls13_process_certificate_verify() returned 0 (-0x0000)
.. thirdparty/mbedtls/library/ssl_tls13_client.c:2639: 0x7963b8002388: Switch to handshake traffic keys for outbound traffic
.. thirdparty/mbedtls/library/ssl_tls13_generic.c:1235: 0x7963b8002388: Switch to application keys for inbound traffic
.. thirdparty/mbedtls/library/ssl_tls13_generic.c:1238: 0x7963b8002388: Switch to application keys for outbound traffic
.. thirdparty/mbedtls/library/ssl_tls13_client.c:1950: 0x7963b4172318: Switch to handshake keys for inbound traffic
.. thirdparty/mbedtls/library/ssl_tls13_client.c:1950: 0x7963a400a8b8: Switch to handshake keys for inbound traffic
.. thirdparty/mbedtls/library/ssl_tls13_generic.c:0403: 0x7963a400a8b8: mbedtls_ssl_tls13_process_certificate_verify() returned 0 (-0x0000)
.. thirdparty/mbedtls/library/ssl_tls13_client.c:2639: 0x7963a400a8b8: Switch to handshake traffic keys for outbound traffic
.. thirdparty/mbedtls/library/ssl_tls13_generic.c:1235: 0x7963a400a8b8: Switch to application keys for inbound traffic
.. thirdparty/mbedtls/library/ssl_tls13_generic.c:1238: 0x7963a400a8b8: Switch to application keys for outbound traffic
.. thirdparty/mbedtls/library/ssl_tls13_generic.c:0403: 0x7963b4172318: mbedtls_ssl_tls13_process_certificate_verify() returned 0 (-0x0000)
.. thirdparty/mbedtls/library/ssl_tls13_client.c:2639: 0x7963b4172318: Switch to handshake traffic keys for outbound traffic
.. thirdparty/mbedtls/library/ssl_tls13_generic.c:1235: 0x7963b4172318: Switch to application keys for inbound traffic
.. thirdparty/mbedtls/library/ssl_tls13_generic.c:1238: 0x7963b4172318: Switch to application keys for outbound traffic
.. thirdparty/mbedtls/library/ssl_tls13_client.c:1950: 0x7963ac010328: Switch to handshake keys for inbound traffic
.. thirdparty/mbedtls/library/ssl_tls13_generic.c:0403: 0x7963ac010328: mbedtls_ssl_tls13_process_certificate_verify() returned 0 (-0x0000)
.. thirdparty/mbedtls/library/ssl_tls13_client.c:2639: 0x7963ac010328: Switch to handshake traffic keys for outbound traffic
.. thirdparty/mbedtls/library/ssl_tls13_generic.c:1235: 0x7963ac010328: Switch to application keys for inbound traffic
.. thirdparty/mbedtls/library/ssl_tls13_generic.c:1238: 0x7963ac010328: Switch to application keys for outbound traffic
.. thirdparty/mbedtls/library/ssl_tls13_generic.c:1552: 0x7963a8010208: Perform PSA-based ECDH/FFDH computation.
.. thirdparty/mbedtls/library/ssl_tls13_client.c:1950: 0x7963a8010208: Switch to handshake keys for inbound traffic
.. thirdparty/mbedtls/library/ssl_tls13_generic.c:0403: 0x7963a8010208: mbedtls_ssl_tls13_process_certificate_verify() returned 0 (-0x0000)
.. thirdparty/mbedtls/library/ssl_tls13_client.c:2639: 0x7963a8010208: Switch to handshake traffic keys for outbound traffic
.. thirdparty/mbedtls/library/ssl_tls13_generic.c:1235: 0x7963a8010208: Switch to application keys for inbound traffic
.. thirdparty/mbedtls/library/ssl_tls13_generic.c:1238: 0x7963a8010208: Switch to application keys for outbound traffic
.. thirdparty/mbedtls/library/ssl_tls13_generic.c:1552: 0x79639c010138: Perform PSA-based ECDH/FFDH computation.
.. thirdparty/mbedtls/library/ssl_tls13_client.c:1950: 0x79639c010138: Switch to handshake keys for inbound traffic
.. thirdparty/mbedtls/library/ssl_tls13_generic.c:0403: 0x79639c010138: mbedtls_ssl_tls13_process_certificate_verify() returned 0 (-0x0000)
.. thirdparty/mbedtls/library/ssl_tls13_client.c:2639: 0x79639c010138: Switch to handshake traffic keys for outbound traffic
.. thirdparty/mbedtls/library/ssl_tls13_generic.c:1235: 0x79639c010138: Switch to application keys for inbound traffic
.. thirdparty/mbedtls/library/ssl_tls13_generic.c:1238: 0x79639c010138: Switch to application keys for outbound traffic
.. thirdparty/mbedtls/library/ssl_tls13_generic.c:1552: 0x7963a4011bb8: Perform PSA-based ECDH/FFDH computation.
.. thirdparty/mbedtls/library/ssl_tls13_generic.c:1552: 0x7963ac010328: Perform PSA-based ECDH/FFDH computation.
.. thirdparty/mbedtls/library/ssl_tls13_generic.c:1552: 0x7963b4172318: Perform PSA-based ECDH/FFDH computation.
.. thirdparty/mbedtls/library/ssl_tls13_client.c:1950: 0x7963ac010328: Switch to handshake keys for inbound traffic
.. thirdparty/mbedtls/library/ssl_tls13_generic.c:0403: 0x7963ac010328: mbedtls_ssl_tls13_process_certificate_verify() returned 0 (-0x0000)
.. thirdparty/mbedtls/library/ssl_tls13_client.c:2639: 0x7963ac010328: Switch to handshake traffic keys for outbound traffic
.. thirdparty/mbedtls/library/ssl_tls13_generic.c:1235: 0x7963ac010328: Switch to application keys for inbound traffic
.. thirdparty/mbedtls/library/ssl_tls13_generic.c:1238: 0x7963ac010328: Switch to application keys for outbound traffic
.. thirdparty/mbedtls/library/ssl_tls13_client.c:1950: 0x7963b4172318: Switch to handshake keys for inbound traffic
.. thirdparty/mbedtls/library/ssl_tls13_generic.c:0403: 0x7963b4172318: mbedtls_ssl_tls13_process_certificate_verify() returned 0 (-0x0000)
.. thirdparty/mbedtls/library/ssl_tls13_client.c:2639: 0x7963b4172318: Switch to handshake traffic keys for outbound traffic
.. thirdparty/mbedtls/library/ssl_tls13_generic.c:1235: 0x7963b4172318: Switch to application keys for inbound traffic
.. thirdparty/mbedtls/library/ssl_tls13_generic.c:1238: 0x7963b4172318: Switch to application keys for outbound traffic
.. thirdparty/mbedtls/library/ssl_tls13_generic.c:1552: 0x7963a8013958: Perform PSA-based ECDH/FFDH computation.
.. thirdparty/mbedtls/library/ssl_tls13_generic.c:1552: 0x79639c010138: Perform PSA-based ECDH/FFDH computation.
.. thirdparty/mbedtls/library/ssl_tls13_generic.c:1552: 0x7963b8002318: Perform PSA-based ECDH/FFDH computation.
.. thirdparty/mbedtls/library/ssl_tls13_client.c:1950: 0x7963a8013958: Switch to handshake keys for inbound traffic
.. thirdparty/mbedtls/library/ssl_tls13_generic.c:0403: 0x7963a8013958: mbedtls_ssl_tls13_process_certificate_verify() returned 0 (-0x0000)
.. thirdparty/mbedtls/library/ssl_tls13_client.c:2639: 0x7963a8013958: Switch to handshake traffic keys for outbound traffic
.. thirdparty/mbedtls/library/ssl_tls13_generic.c:1235: 0x7963a8013958: Switch to application keys for inbound traffic
.. thirdparty/mbedtls/library/ssl_tls13_generic.c:1238: 0x7963a8013958: Switch to application keys for outbound traffic
.. thirdparty/mbedtls/library/ssl_tls13_client.c:1950: 0x79639c010138: Switch to handshake keys for inbound traffic
.. thirdparty/mbedtls/library/ssl_tls13_generic.c:0403: 0x79639c010138: mbedtls_ssl_tls13_process_certificate_verify() returned 0 (-0x0000)
.. thirdparty/mbedtls/library/ssl_tls13_client.c:2639: 0x79639c010138: Switch to handshake traffic keys for outbound traffic
.. thirdparty/mbedtls/library/ssl_tls13_generic.c:1235: 0x79639c010138: Switch to application keys for inbound traffic
.. thirdparty/mbedtls/library/ssl_tls13_generic.c:1238: 0x79639c010138: Switch to application keys for outbound traffic
.. thirdparty/mbedtls/library/ssl_tls13_client.c:1950: 0x7963b8002318: Switch to handshake keys for inbound traffic
.. thirdparty/mbedtls/library/ssl_tls13_generic.c:0403: 0x7963b8002318: mbedtls_ssl_tls13_process_certificate_verify() returned 0 (-0x0000)
.. thirdparty/mbedtls/library/ssl_tls13_client.c:2639: 0x7963b8002318: Switch to handshake traffic keys for outbound traffic
.. thirdparty/mbedtls/library/ssl_tls13_generic.c:1235: 0x7963b8002318: Switch to application keys for inbound traffic
.. thirdparty/mbedtls/library/ssl_tls13_generic.c:1238: 0x7963b8002318: Switch to application keys for outbound traffic
.. thirdparty/mbedtls/library/ssl_tls13_client.c:1950: 0x7963a4011bb8: Switch to handshake keys for inbound traffic
.. thirdparty/mbedtls/library/ssl_tls13_generic.c:0403: 0x7963a4011bb8: mbedtls_ssl_tls13_process_certificate_verify() returned 0 (-0x0000)
.. thirdparty/mbedtls/library/ssl_tls13_client.c:2639: 0x7963a4011bb8: Switch to handshake traffic keys for outbound traffic
.. thirdparty/mbedtls/library/ssl_tls13_generic.c:1235: 0x7963a4011bb8: Switch to application keys for inbound traffic
.. thirdparty/mbedtls/library/ssl_tls13_generic.c:1238: 0x7963a4011bb8: Switch to application keys for outbound traffic
.. thirdparty/mbedtls/library/ssl_tls13_generic.c:1552: 0x7963ac00d238: Perform PSA-based ECDH/FFDH computation.
.. thirdparty/mbedtls/library/ssl_tls13_client.c:1950: 0x7963ac00d238: Switch to handshake keys for inbound traffic
.. thirdparty/mbedtls/library/ssl_tls13_generic.c:0403: 0x7963ac00d238: mbedtls_ssl_tls13_process_certificate_verify() returned 0 (-0x0000)
.. thirdparty/mbedtls/library/ssl_tls13_client.c:2639: 0x7963ac00d238: Switch to handshake traffic keys for outbound traffic
.. thirdparty/mbedtls/library/ssl_tls13_generic.c:1235: 0x7963ac00d238: Switch to application keys for inbound traffic
.. thirdparty/mbedtls/library/ssl_tls13_generic.c:1238: 0x7963ac00d238: Switch to application keys for outbound traffic
.. thirdparty/mbedtls/library/ssl_tls13_generic.c:1552: 0x79639c0127f8: Perform PSA-based ECDH/FFDH computation.
.. thirdparty/mbedtls/library/ssl_tls13_generic.c:1552: 0x7963b8002088: Perform PSA-based ECDH/FFDH computation.
.. thirdparty/mbedtls/library/ssl_tls13_generic.c:1552: 0x7963a8013958: Perform PSA-based ECDH/FFDH computation.
.. thirdparty/mbedtls/library/ssl_tls13_client.c:1950: 0x79639c0127f8: Switch to handshake keys for inbound traffic
.. thirdparty/mbedtls/library/ssl_tls13_generic.c:0403: 0x79639c0127f8: mbedtls_ssl_tls13_process_certificate_verify() returned 0 (-0x0000)
.. thirdparty/mbedtls/library/ssl_tls13_client.c:2639: 0x79639c0127f8: Switch to handshake traffic keys for outbound traffic
.. thirdparty/mbedtls/library/ssl_tls13_generic.c:1235: 0x79639c0127f8: Switch to application keys for inbound traffic
.. thirdparty/mbedtls/library/ssl_tls13_generic.c:1238: 0x79639c0127f8: Switch to application keys for outbound traffic
.. thirdparty/mbedtls/library/ssl_tls13_client.c:1950: 0x7963b8002088: Switch to handshake keys for inbound traffic
.. thirdparty/mbedtls/library/ssl_tls13_client.c:1950: 0x7963a8013958: Switch to handshake keys for inbound traffic
.. thirdparty/mbedtls/library/ssl_tls13_generic.c:0403: 0x7963b8002088: mbedtls_ssl_tls13_process_certificate_verify() returned 0 (-0x0000)
.. thirdparty/mbedtls/library/ssl_tls13_generic.c:0403: 0x7963a8013958: mbedtls_ssl_tls13_process_certificate_verify() returned 0 (-0x0000)
.. thirdparty/mbedtls/library/ssl_tls13_client.c:2639: 0x7963b8002088: Switch to handshake traffic keys for outbound traffic
.. thirdparty/mbedtls/library/ssl_tls13_generic.c:1235: 0x7963b8002088: Switch to application keys for inbound traffic
.. thirdparty/mbedtls/library/ssl_tls13_generic.c:1238: 0x7963b8002088: Switch to application keys for outbound traffic
.. thirdparty/mbedtls/library/ssl_tls13_client.c:2639: 0x7963a8013958: Switch to handshake traffic keys for outbound traffic
.. thirdparty/mbedtls/library/ssl_tls13_generic.c:1235: 0x7963a8013958: Switch to application keys for inbound traffic
.. thirdparty/mbedtls/library/ssl_tls13_generic.c:1238: 0x7963a8013958: Switch to application keys for outbound traffic
.. thirdparty/mbedtls/library/ssl_tls13_generic.c:1552: 0x7963b4172318: Perform PSA-based ECDH/FFDH computation.
.. thirdparty/mbedtls/library/ssl_tls13_client.c:1950: 0x7963b4172318: Switch to handshake keys for inbound traffic
.. thirdparty/mbedtls/library/ssl_tls13_generic.c:0403: 0x7963b4172318: mbedtls_ssl_tls13_process_certificate_verify() returned 0 (-0x0000)
.. thirdparty/mbedtls/library/ssl_tls13_client.c:2639: 0x7963b4172318: Switch to handshake traffic keys for outbound traffic
.. thirdparty/mbedtls/library/ssl_tls13_generic.c:1235: 0x7963b4172318: Switch to application keys for inbound traffic
.. thirdparty/mbedtls/library/ssl_tls13_generic.c:1238: 0x7963b4172318: Switch to application keys for outbound traffic
.. thirdparty/mbedtls/library/ssl_tls13_generic.c:1552: 0x7963a80117e8: Perform PSA-based ECDH/FFDH computation.
.. thirdparty/mbedtls/library/ssl_tls13_generic.c:1552: 0x79639c0127f8: Perform PSA-based ECDH/FFDH computation.
.. thirdparty/mbedtls/library/ssl_tls13_generic.c:1552: 0x7963ac00eb18: Perform PSA-based ECDH/FFDH computation.
.. thirdparty/mbedtls/library/ssl_tls13_client.c:1950: 0x7963a80117e8: Switch to handshake keys for inbound traffic
.. thirdparty/mbedtls/library/ssl_tls13_generic.c:0403: 0x7963a80117e8: mbedtls_ssl_tls13_process_certificate_verify() returned 0 (-0x0000)
.. thirdparty/mbedtls/library/ssl_tls13_client.c:2639: 0x7963a80117e8: Switch to handshake traffic keys for outbound traffic
.. thirdparty/mbedtls/library/ssl_tls13_generic.c:1235: 0x7963a80117e8: Switch to application keys for inbound traffic
.. thirdparty/mbedtls/library/ssl_tls13_generic.c:1238: 0x7963a80117e8: Switch to application keys for outbound traffic
.. thirdparty/mbedtls/library/ssl_tls13_client.c:1950: 0x79639c0127f8: Switch to handshake keys for inbound traffic
.. thirdparty/mbedtls/library/ssl_tls13_generic.c:0403: 0x79639c0127f8: mbedtls_ssl_tls13_process_certificate_verify() returned 0 (-0x0000)
.. thirdparty/mbedtls/library/ssl_tls13_client.c:2639: 0x79639c0127f8: Switch to handshake traffic keys for outbound traffic
.. thirdparty/mbedtls/library/ssl_tls13_generic.c:1235: 0x79639c0127f8: Switch to application keys for inbound traffic
.. thirdparty/mbedtls/library/ssl_tls13_generic.c:1238: 0x79639c0127f8: Switch to application keys for outbound traffic
.. thirdparty/mbedtls/library/ssl_tls13_client.c:1950: 0x7963ac00eb18: Switch to handshake keys for inbound traffic
.. thirdparty/mbedtls/library/ssl_tls13_generic.c:0403: 0x7963ac00eb18: mbedtls_ssl_tls13_process_certificate_verify() returned 0 (-0x0000)
.. thirdparty/mbedtls/library/ssl_tls13_client.c:2639: 0x7963ac00eb18: Switch to handshake traffic keys for outbound traffic
.. thirdparty/mbedtls/library/ssl_tls13_generic.c:1235: 0x7963ac00eb18: Switch to application keys for inbound traffic
.. thirdparty/mbedtls/library/ssl_tls13_generic.c:1238: 0x7963ac00eb18: Switch to application keys for outbound traffic
.. thirdparty/mbedtls/library/ssl_tls13_generic.c:1552: 0x7963b8002058: Perform PSA-based ECDH/FFDH computation.
.. thirdparty/mbedtls/library/ssl_tls13_client.c:1950: 0x7963b8002058: Switch to handshake keys for inbound traffic
.. thirdparty/mbedtls/library/ssl_tls13_generic.c:0403: 0x7963b8002058: mbedtls_ssl_tls13_process_certificate_verify() returned 0 (-0x0000)
.. thirdparty/mbedtls/library/ssl_tls13_client.c:2639: 0x7963b8002058: Switch to handshake traffic keys for outbound traffic
.. thirdparty/mbedtls/library/ssl_tls13_generic.c:1235: 0x7963b8002058: Switch to application keys for inbound traffic
.. thirdparty/mbedtls/library/ssl_tls13_generic.c:1238: 0x7963b8002058: Switch to application keys for outbound traffic
.. thirdparty/mbedtls/library/ssl_tls13_generic.c:1552: 0x7963b4172318: Perform PSA-based ECDH/FFDH computation.
.. thirdparty/mbedtls/library/ssl_tls13_client.c:1950: 0x7963b4172318: Switch to handshake keys for inbound traffic
.. thirdparty/mbedtls/library/ssl_tls13_generic.c:0403: 0x7963b4172318: mbedtls_ssl_tls13_process_certificate_verify() returned 0 (-0x0000)
.. thirdparty/mbedtls/library/ssl_tls13_client.c:2639: 0x7963b4172318: Switch to handshake traffic keys for outbound traffic
.. thirdparty/mbedtls/library/ssl_tls13_generic.c:1235: 0x7963b4172318: Switch to application keys for inbound traffic
.. thirdparty/mbedtls/library/ssl_tls13_generic.c:1238: 0x7963b4172318: Switch to application keys for outbound traffic
.. thirdparty/mbedtls/library/ssl_tls13_generic.c:1552: 0x7963ac005778: Perform PSA-based ECDH/FFDH computation.
.. thirdparty/mbedtls/library/ssl_tls13_generic.c:1552: 0x7963a400b3d8: Perform PSA-based ECDH/FFDH computation.
.. thirdparty/mbedtls/library/ssl_tls13_generic.c:1552: 0x79639c0127b8: Perform PSA-based ECDH/FFDH computation.
.. thirdparty/mbedtls/library/ssl_tls13_client.c:1950: 0x7963ac005778: Switch to handshake keys for inbound traffic
.. thirdparty/mbedtls/library/ssl_tls13_generic.c:0403: 0x7963ac005778: mbedtls_ssl_tls13_process_certificate_verify() returned 0 (-0x0000)
.. thirdparty/mbedtls/library/ssl_tls13_client.c:2639: 0x7963ac005778: Switch to handshake traffic keys for outbound traffic
.. thirdparty/mbedtls/library/ssl_tls13_generic.c:1235: 0x7963ac005778: Switch to application keys for inbound traffic
.. thirdparty/mbedtls/library/ssl_tls13_generic.c:1238: 0x7963ac005778: Switch to application keys for outbound traffic
.. thirdparty/mbedtls/library/ssl_tls13_client.c:1950: 0x79639c0127b8: Switch to handshake keys for inbound traffic
.. thirdparty/mbedtls/library/ssl_tls13_generic.c:0403: 0x79639c0127b8: mbedtls_ssl_tls13_process_certificate_verify() returned 0 (-0x0000)
.. thirdparty/mbedtls/library/ssl_tls13_client.c:2639: 0x79639c0127b8: Switch to handshake traffic keys for outbound traffic
.. thirdparty/mbedtls/library/ssl_tls13_generic.c:1235: 0x79639c0127b8: Switch to application keys for inbound traffic
.. thirdparty/mbedtls/library/ssl_tls13_generic.c:1238: 0x79639c0127b8: Switch to application keys for outbound traffic
.. thirdparty/mbedtls/library/ssl_tls13_client.c:1950: 0x7963a400b3d8: Switch to handshake keys for inbound traffic
.. thirdparty/mbedtls/library/ssl_tls13_generic.c:0403: 0x7963a400b3d8: mbedtls_ssl_tls13_process_certificate_verify() returned 0 (-0x0000)
.. thirdparty/mbedtls/library/ssl_tls13_client.c:2639: 0x7963a400b3d8: Switch to handshake traffic keys for outbound traffic
.. thirdparty/mbedtls/library/ssl_tls13_generic.c:1235: 0x7963a400b3d8: Switch to application keys for inbound traffic
.. thirdparty/mbedtls/library/ssl_tls13_generic.c:1238: 0x7963a400b3d8: Switch to application keys for outbound traffic
.. thirdparty/mbedtls/library/ssl_tls13_generic.c:1552: 0x7963b4172318: Perform PSA-based ECDH/FFDH computation.
.. thirdparty/mbedtls/library/ssl_tls13_generic.c:1552: 0x7963a8010208: Perform PSA-based ECDH/FFDH computation.
.. thirdparty/mbedtls/library/ssl_tls13_generic.c:1552: 0x7963b8002058: Perform PSA-based ECDH/FFDH computation.
.. thirdparty/mbedtls/library/ssl_tls13_client.c:1950: 0x7963b4172318: Switch to handshake keys for inbound traffic
.. thirdparty/mbedtls/library/ssl_tls13_generic.c:0403: 0x7963b4172318: mbedtls_ssl_tls13_process_certificate_verify() returned 0 (-0x0000)
.. thirdparty/mbedtls/library/ssl_tls13_client.c:2639: 0x7963b4172318: Switch to handshake traffic keys for outbound traffic
.. thirdparty/mbedtls/library/ssl_tls13_generic.c:1235: 0x7963b4172318: Switch to application keys for inbound traffic
.. thirdparty/mbedtls/library/ssl_tls13_generic.c:1238: 0x7963b4172318: Switch to application keys for outbound traffic
.. thirdparty/mbedtls/library/ssl_tls13_client.c:1950: 0x7963a8010208: Switch to handshake keys for inbound traffic
.. thirdparty/mbedtls/library/ssl_tls13_generic.c:0403: 0x7963a8010208: mbedtls_ssl_tls13_process_certificate_verify() returned 0 (-0x0000)
.. thirdparty/mbedtls/library/ssl_tls13_client.c:2639: 0x7963a8010208: Switch to handshake traffic keys for outbound traffic
.. thirdparty/mbedtls/library/ssl_tls13_generic.c:1235: 0x7963a8010208: Switch to application keys for inbound traffic
.. thirdparty/mbedtls/library/ssl_tls13_generic.c:1238: 0x7963a8010208: Switch to application keys for outbound traffic
.. thirdparty/mbedtls/library/ssl_tls13_client.c:1950: 0x7963b8002058: Switch to handshake keys for inbound traffic
.. thirdparty/mbedtls/library/ssl_tls13_generic.c:0403: 0x7963b8002058: mbedtls_ssl_tls13_process_certificate_verify() returned 0 (-0x0000)
.. thirdparty/mbedtls/library/ssl_tls13_client.c:2639: 0x7963b8002058: Switch to handshake traffic keys for outbound traffic
.. thirdparty/mbedtls/library/ssl_tls13_generic.c:1235: 0x7963b8002058: Switch to application keys for inbound traffic
.. thirdparty/mbedtls/library/ssl_tls13_generic.c:1238: 0x7963b8002058: Switch to application keys for outbound traffic
.. Unloading addon: res://addons/dialogic/plugin.cfg
.. Unloading addon: res://addons/gdUnit4/plugin.cfg
.. Unloading addon: res://addons/godot_xterm/plugin.cfg
.. Unloading addon: res://addons/type_writer_label/plugin.cfg
.. Script docs haven't been properly loaded or regenerated, so don't save them to disk.
.. EditorSettings: Save OK!
.. Unloading: Disposing tracked instances...
.. Unloading: Finished disposing tracked instances.
.. XR: Clearing primary interface
.. XR: Removed interface "Native mobile"
.. XR: Removed interface "OpenXR"
:: WARNING: ObjectDB instances leaked at exit (run with --verbose for details).
:: at: cleanup (core/object/object.cpp:2570)
.. Leaked instance: UndoRedo:2143104881126
.. Hint: Leaked instances typically happen when nodes are removed from the scene tree (with `remove_child()`) but not freed (with `free()` or `queue_free()`).
.. Orphan StringName: RenderingDevice (static: 2, total: 4)
.. Orphan StringName: Mesh (static: 18, total: 22)
.. Orphan StringName: Tween (static: 2, total: 6)
.. Orphan StringName: Shader (static: 3, total: 7)
.. Orphan StringName: JSON (static: 2, total: 4)
.. Orphan StringName: PTY (static: 0, total: 2)
.. Orphan StringName: ImageTexture (static: 5, total: 7)
.. Orphan StringName: Semaphore (static: 2, total: 4)
.. Orphan StringName: Terminal (static: 0, total: 2)
.. Orphan StringName: MainLoop (static: 3, total: 7)
.. Orphan StringName: TriangleMesh (static: 2, total: 6)
.. Orphan StringName: InputEvent (static: 18, total: 22)
.. Orphan StringName: InputEventMouse (static: 4, total: 6)
.. Orphan StringName: ThemeDB (static: 2, total: 4)
.. Orphan StringName: InputEventWithModifiers (static: 9, total: 11)
.. Orphan StringName: Control (static: 221, total: 223)
.. Orphan StringName: Shape3D (static: 11, total: 15)
.. Orphan StringName: Input (static: 2, total: 4)
.. Orphan StringName: InputEventFromWindow (static: 12, total: 14)
.. Orphan StringName: ResourceLoader (static: 2, total: 6)
.. Orphan StringName: SchemaValidationResult (static: 0, total: 2)
.. Orphan StringName: Font (static: 5, total: 9)
.. Orphan StringName: RenderingServer (static: 2, total: 4)
.. Orphan StringName: Image (static: 2, total: 6)
.. Orphan StringName: Resource (static: 464, total: 468)
.. Orphan StringName: StyleBoxFlat (static: 5, total: 7)
.. Orphan StringName: Schema (static: 0, total: 2)
.. Orphan StringName: OS (static: 2, total: 4)
.. Orphan StringName: Viewport (static: 62, total: 66)
.. Orphan StringName: MultiplayerAPI (static: 4, total: 8)
.. Orphan StringName: Timer (static: 2, total: 4)
.. Orphan StringName: DisplayServer (static: 2, total: 4)
.. Orphan StringName: Marshalls (static: 2, total: 4)
.. Orphan StringName: FileAccess (static: 2, total: 4)
.. Orphan StringName: Mutex (static: 2, total: 6)
.. Orphan StringName: ConcavePolygonShape3D (static: 2, total: 6)
.. Orphan StringName: Thread (static: 2, total: 4)
.. Orphan StringName: RegExMatch (static: 2, total: 4)
.. Orphan StringName: CanvasItem (static: 269, total: 273)
.. Orphan StringName: SceneTree (static: 2, total: 6)
.. Orphan StringName: InputEventMouseMotion (static: 2, total: 4)
.. Orphan StringName: InputEventMouseButton (static: 2, total: 4)
.. Orphan StringName: WeakRef (static: 2, total: 4)
.. Orphan StringName: YAMLSecurity (static: 0, total: 2)
.. Orphan StringName: Texture (static: 44, total: 48)
.. Orphan StringName: CanvasLayer (static: 3, total: 7)
.. Orphan StringName: World2D (static: 2, total: 6)
.. Orphan StringName: ShaderMaterial (static: 2, total: 4)
.. Orphan StringName: Material (static: 13, total: 17)
.. Orphan StringName: Node (static: 567, total: 572)
.. Orphan StringName: ProjectSettings (static: 2, total: 6)
.. Orphan StringName: TextServer (static: 5, total: 9)
.. Orphan StringName: RefCounted (static: 789, total: 793)
.. Orphan StringName: Object (static: 1471, total: 1475)
.. Orphan StringName: Theme (static: 3, total: 7)
.. Orphan StringName: YAMLResult (static: 0, total: 2)
.. Orphan StringName: YAMLStyle (static: 0, total: 2)
.. Orphan StringName: RDPipelineSpecializationConstant (static: 2, total: 4)
.. Orphan StringName: ConvexPolygonShape3D (static: 2, total: 6)
.. Orphan StringName: InputEventKey (static: 2, total: 4)
.. Orphan StringName: ResourceFormatLoader (static: 2, total: 6)
.. Orphan StringName: MultiMesh (static: 2, total: 6)
.. Orphan StringName: Texture2D (static: 20, total: 24)
.. Orphan StringName: Window (static: 65, total: 69)
.. Orphan StringName: StyleBox (static: 6, total: 10)
.. Orphan StringName: ClassDB (static: 2, total: 6)
.. Orphan StringName: RegEx (static: 2, total: 4)
.. Orphan StringName: Script (static: 12, total: 14)
.. Orphan StringName: YAML (static: 0, total: 2)
.. StringName: 69 unclaimed string names at exit.
Rebuild Godot Project ends with exit code: 0

======== Running GdUnit4 Godot Runtime Test Runner ========
:: ERROR: Cannot open file 'res://source/backend/GameAppConfig.cs'.
:: at: read_all_file_utf8 (modules/mono/utils/string_utils.cpp:152)
:: ERROR: Failed to read file: 'res://source/backend/GameAppConfig.cs'.
:: at: load_source_code (modules/mono/csharp_script.cpp:2772)
:: ERROR: Cannot load C# script file 'res://source/backend/GameAppConfig.cs'.
:: at: load (modules/mono/csharp_script.cpp:2852)
:: ERROR: Failed loading resource: res://source/backend/GameAppConfig.cs.
:: at: _load (core/io/resource_loader.cpp:343)
:: ERROR: Failed to instantiate an autoload, can't load from path: res://source/backend/GameAppConfig.cs.
:: at: start (main/main.cpp:4270)
    AudioManager: Initialized successfully
    AudioManager: Initialized successfully
:: ERROR: Cannot load shader: res://source/shaders/spiral_border.gdshader
:: at: load (scene/resources/shader.cpp:311)
:: C# backtrace (most recent call first):
:: [0] Godot.GodotObject Godot.NativeCalls.godot_icall_3_761(nint, nint, string, string, int) (/root/godot/modules/mono/glue/GodotSharp/GodotSharp/Generated/NativeCalls.cs:6854)
:: [1] Godot.Resource Godot.ResourceLoader.Load(string, string, Godot.ResourceLoader+CacheMode) (/root/godot/modules/mono/glue/GodotSharp/GodotSharp/Generated/GodotObjects/ResourceLoader.cs:120)
:: [2] T Godot.ResourceLoader.Load&lt;T&gt;(string, string, Godot.ResourceLoader+CacheMode) (/root/godot/modules/mono/glue/GodotSharp/GodotSharp/Core/Extensions/ResourceLoaderExtensions.cs:27)
:: [3] T Godot.GD.Load&lt;T&gt;(string) (/root/godot/modules/mono/glue/GodotSharp/GodotSharp/Core/GD.cs:129)
:: [4] void OmegaSpiral.Source.Ui.Omega.OmegaBorderFrame.InitializeShader() (/home/adam/Dev/omega-spiral/chapter-zero/source/frontend/ui/omega/OmegaBorderFrame.cs:65)
:: [5] void OmegaSpiral.Source.Ui.Omega.OmegaBorderFrame._Ready() (/home/adam/Dev/omega-spiral/chapter-zero/source/frontend/ui/omega/OmegaBorderFrame.cs:49)
:: [6] bool Godot.Node.InvokeGodotClassMethod(Godot.NativeInterop.godot_string_name&amp;, Godot.NativeInterop.NativeVariantPtrArgs, Godot.NativeInterop.godot_variant&amp;) (/root/godot/modules/mono/glue/GodotSharp/GodotSharp/Generated/GodotObjects/Node.cs:2631)
:: [7] bool Godot.CanvasItem.InvokeGodotClassMethod(Godot.NativeInterop.godot_string_name&amp;, Godot.NativeInterop.NativeVariantPtrArgs, Godot.NativeInterop.godot_variant&amp;) (/root/godot/modules/mono/glue/GodotSharp/GodotSharp/Generated/GodotObjects/CanvasItem.cs:1786)
:: [8] bool Godot.Control.InvokeGodotClassMethod(Godot.NativeInterop.godot_string_name&amp;, Godot.NativeInterop.NativeVariantPtrArgs, Godot.NativeInterop.godot_variant&amp;) (/root/godot/modules/mono/glue/GodotSharp/GodotSharp/Generated/GodotObjects/Control.cs:3508)
:: [9] bool Godot.ColorRect.InvokeGodotClassMethod(Godot.NativeInterop.godot_string_name&amp;, Godot.NativeInterop.NativeVariantPtrArgs, Godot.NativeInterop.godot_variant&amp;) (/root/godot/modules/mono/glue/GodotSharp/GodotSharp/Generated/GodotObjects/ColorRect.cs:84)
:: [10] bool OmegaSpiral.Source.Ui.Omega.OmegaBorderFrame.InvokeGodotClassMethod(Godot.NativeInterop.godot_string_name&amp;, Godot.NativeInterop.NativeVariantPtrArgs, Godot.NativeInterop.godot_variant&amp;) (/home/adam/Dev/omega-spiral/chapter-zero/.godot/mono/temp/obj/Debug/Godot.SourceGenerators/Godot.SourceGenerators.ScriptMethodsGenerator/OmegaSpiral.Source.Ui.Omega.OmegaBorderFrame_ScriptMethods.generated.cs:130)
:: [11] Godot.NativeInterop.godot_bool Godot.Bridge.CSharpInstanceBridge.Call(nint, Godot.NativeInterop.godot_string_name*, Godot.NativeInterop.godot_variant**, int, Godot.NativeInterop.godot_variant_call_error*, Godot.NativeInterop.godot_variant*) (/root/godot/modules/mono/glue/GodotSharp/GodotSharp/Core/Bridge/CSharpInstanceBridge.cs:24)
:: [12] void Godot.NativeInterop.NativeFuncs.godotsharp_method_bind_ptrcall(nint, nint, System.Void**, System.Void*) (/root/godot/modules/mono/glue/GodotSharp/GodotSharp/Godot.SourceGenerators.Internal/Godot.SourceGenerators.Internal.UnmanagedCallbacksGenerator/Godot.NativeInterop.NativeFuncs.generated.cs:380)
:: [13] void Godot.NativeCalls.godot_icall_3_1042(nint, nint, nint, Godot.NativeInterop.godot_bool, int) (/root/godot/modules/mono/glue/GodotSharp/GodotSharp/Generated/NativeCalls.cs:9587)
:: [14] void Godot.Node.AddChild(Godot.Node, bool, Godot.Node+InternalMode) (/root/godot/modules/mono/glue/GodotSharp/GodotSharp/Generated/GodotObjects/Node.cs:821)
:: [15] void OmegaSpiral.Tests.Ui.Omega.OmegaBorderFrame_UnitTests+&lt;Setup&gt;d__2.MoveNext() (/home/adam/Dev/omega-spiral/chapter-zero/tests/ui/omega/OmegaBorderFrameTests.cs:39)
:: [16] void System.Runtime.CompilerServices.AsyncMethodBuilderCore.Start&lt;TStateMachine&gt;(TStateMachine&amp;)
:: [17] System.Threading.Tasks.Task OmegaSpiral.Tests.Ui.Omega.OmegaBorderFrame_UnitTests.Setup()
:: [18] object System.Reflection.MethodBaseInvoker.InterpretedInvoke_Method(object, System.IntPtr*)
:: [19] object System.Reflection.MethodBaseInvoker.InvokeWithNoArgs(object, System.Reflection.BindingFlags)
:: [20] object System.Reflection.RuntimeMethodInfo.Invoke(object, System.Reflection.BindingFlags, System.Reflection.Binder, System.Object[], System.Globalization.CultureInfo)
:: [21] void GdUnit4.Core.Execution.ExecutionStage`1+&lt;ExecuteStage&gt;d__37.MoveNext()
:: [22] void System.Runtime.CompilerServices.AsyncMethodBuilderCore.Start&lt;TStateMachine&gt;(TStateMachine&amp;)
:: [23] System.Threading.Tasks.Task GdUnit4.Core.Execution.ExecutionStage`1.ExecuteStage(GdUnit4.Core.Execution.ExecutionContext)
:: [24] void GdUnit4.Core.Execution.ExecutionStage`1+&lt;Execute&gt;d__30.MoveNext()
:: [25] void System.Runtime.CompilerServices.AsyncMethodBuilderCore.Start&lt;TStateMachine&gt;(TStateMachine&amp;)
:: [26] System.Threading.Tasks.Task GdUnit4.Core.Execution.ExecutionStage`1.Execute(GdUnit4.Core.Execution.ExecutionContext)
:: [27] System.Threading.Tasks.Task GdUnit4.Core.Execution.BeforeExecutionStage.&lt;&gt;n__0(GdUnit4.Core.Execution.ExecutionContext)
:: [28] void GdUnit4.Core.Execution.BeforeExecutionStage+&lt;Execute&gt;d__1.MoveNext()
:: [29] void System.Runtime.CompilerServices.AsyncMethodBuilderCore.Start&lt;TStateMachine&gt;(TStateMachine&amp;)
:: [30] System.Threading.Tasks.Task GdUnit4.Core.Execution.BeforeExecutionStage.Execute(GdUnit4.Core.Execution.ExecutionContext)
:: [31] void GdUnit4.Core.Execution.TestSuiteExecutionStage+&lt;Execute&gt;d__13.MoveNext()
:: [32] void System.Runtime.CompilerServices.AsyncMethodBuilderCore.Start&lt;TStateMachine&gt;(TStateMachine&amp;)
:: [33] System.Threading.Tasks.Task GdUnit4.Core.Execution.TestSuiteExecutionStage.Execute(GdUnit4.Core.Execution.ExecutionContext)
:: [34] void GdUnit4.Core.Commands.ExecuteTestSuiteCommand+&lt;Execute&gt;d__18.MoveNext()
:: [35] void System.Runtime.CompilerServices.AsyncTaskMethodBuilder`1+AsyncStateMachineBox`1.ExecutionContextCallback(object)
:: [36] void System.Threading.ExecutionContext.RunInternal(System.Threading.ExecutionContext, System.Threading.ContextCallback, object)
:: [37] void System.Runtime.CompilerServices.AsyncTaskMethodBuilder`1+AsyncStateMachineBox`1.MoveNext(System.Threading.Thread)
:: [38] void Godot.SignalAwaiter.SignalCallback(nint, Godot.NativeInterop.godot_variant**, int, Godot.NativeInterop.godot_bool*) (/root/godot/modules/mono/glue/GodotSharp/GodotSharp/Core/SignalAwaiter.cs:65)
:: ERROR: Failed loading resource: res://source/shaders/spiral_border.gdshader.
:: at: _load (core/io/resource_loader.cpp:343)
:: C# backtrace (most recent call first):
:: [0] Godot.GodotObject Godot.NativeCalls.godot_icall_3_761(nint, nint, string, string, int) (/root/godot/modules/mono/glue/GodotSharp/GodotSharp/Generated/NativeCalls.cs:6854)
:: [1] Godot.Resource Godot.ResourceLoader.Load(string, string, Godot.ResourceLoader+CacheMode) (/root/godot/modules/mono/glue/GodotSharp/GodotSharp/Generated/GodotObjects/ResourceLoader.cs:120)
:: [2] T Godot.ResourceLoader.Load&lt;T&gt;(string, string, Godot.ResourceLoader+CacheMode) (/root/godot/modules/mono/glue/GodotSharp/GodotSharp/Core/Extensions/ResourceLoaderExtensions.cs:27)
:: [3] T Godot.GD.Load&lt;T&gt;(string) (/root/godot/modules/mono/glue/GodotSharp/GodotSharp/Core/GD.cs:129)
:: [4] void OmegaSpiral.Source.Ui.Omega.OmegaBorderFrame.InitializeShader() (/home/adam/Dev/omega-spiral/chapter-zero/source/frontend/ui/omega/OmegaBorderFrame.cs:65)
:: [5] void OmegaSpiral.Source.Ui.Omega.OmegaBorderFrame._Ready() (/home/adam/Dev/omega-spiral/chapter-zero/source/frontend/ui/omega/OmegaBorderFrame.cs:49)
:: [6] bool Godot.Node.InvokeGodotClassMethod(Godot.NativeInterop.godot_string_name&amp;, Godot.NativeInterop.NativeVariantPtrArgs, Godot.NativeInterop.godot_variant&amp;) (/root/godot/modules/mono/glue/GodotSharp/GodotSharp/Generated/GodotObjects/Node.cs:2631)
:: [7] bool Godot.CanvasItem.InvokeGodotClassMethod(Godot.NativeInterop.godot_string_name&amp;, Godot.NativeInterop.NativeVariantPtrArgs, Godot.NativeInterop.godot_variant&amp;) (/root/godot/modules/mono/glue/GodotSharp/GodotSharp/Generated/GodotObjects/CanvasItem.cs:1786)
:: [8] bool Godot.Control.InvokeGodotClassMethod(Godot.NativeInterop.godot_string_name&amp;, Godot.NativeInterop.NativeVariantPtrArgs, Godot.NativeInterop.godot_variant&amp;) (/root/godot/modules/mono/glue/GodotSharp/GodotSharp/Generated/GodotObjects/Control.cs:3508)
:: [9] bool Godot.ColorRect.InvokeGodotClassMethod(Godot.NativeInterop.godot_string_name&amp;, Godot.NativeInterop.NativeVariantPtrArgs, Godot.NativeInterop.godot_variant&amp;) (/root/godot/modules/mono/glue/GodotSharp/GodotSharp/Generated/GodotObjects/ColorRect.cs:84)
:: [10] bool OmegaSpiral.Source.Ui.Omega.OmegaBorderFrame.InvokeGodotClassMethod(Godot.NativeInterop.godot_string_name&amp;, Godot.NativeInterop.NativeVariantPtrArgs, Godot.NativeInterop.godot_variant&amp;) (/home/adam/Dev/omega-spiral/chapter-zero/.godot/mono/temp/obj/Debug/Godot.SourceGenerators/Godot.SourceGenerators.ScriptMethodsGenerator/OmegaSpiral.Source.Ui.Omega.OmegaBorderFrame_ScriptMethods.generated.cs:130)
:: [11] Godot.NativeInterop.godot_bool Godot.Bridge.CSharpInstanceBridge.Call(nint, Godot.NativeInterop.godot_string_name*, Godot.NativeInterop.godot_variant**, int, Godot.NativeInterop.godot_variant_call_error*, Godot.NativeInterop.godot_variant*) (/root/godot/modules/mono/glue/GodotSharp/GodotSharp/Core/Bridge/CSharpInstanceBridge.cs:24)
:: [12] void Godot.NativeInterop.NativeFuncs.godotsharp_method_bind_ptrcall(nint, nint, System.Void**, System.Void*) (/root/godot/modules/mono/glue/GodotSharp/GodotSharp/Godot.SourceGenerators.Internal/Godot.SourceGenerators.Internal.UnmanagedCallbacksGenerator/Godot.NativeInterop.NativeFuncs.generated.cs:380)
:: [13] void Godot.NativeCalls.godot_icall_3_1042(nint, nint, nint, Godot.NativeInterop.godot_bool, int) (/root/godot/modules/mono/glue/GodotSharp/GodotSharp/Generated/NativeCalls.cs:9587)
:: [14] void Godot.Node.AddChild(Godot.Node, bool, Godot.Node+InternalMode) (/root/godot/modules/mono/glue/GodotSharp/GodotSharp/Generated/GodotObjects/Node.cs:821)
:: [15] void OmegaSpiral.Tests.Ui.Omega.OmegaBorderFrame_UnitTests+&lt;Setup&gt;d__2.MoveNext() (/home/adam/Dev/omega-spiral/chapter-zero/tests/ui/omega/OmegaBorderFrameTests.cs:39)
:: [16] void System.Runtime.CompilerServices.AsyncMethodBuilderCore.Start&lt;TStateMachine&gt;(TStateMachine&amp;)
:: [17] System.Threading.Tasks.Task OmegaSpiral.Tests.Ui.Omega.OmegaBorderFrame_UnitTests.Setup()
:: [18] object System.Reflection.MethodBaseInvoker.InterpretedInvoke_Method(object, System.IntPtr*)
:: [19] object System.Reflection.MethodBaseInvoker.InvokeWithNoArgs(object, System.Reflection.BindingFlags)
:: [20] object System.Reflection.RuntimeMethodInfo.Invoke(object, System.Reflection.BindingFlags, System.Reflection.Binder, System.Object[], System.Globalization.CultureInfo)
:: [21] void GdUnit4.Core.Execution.ExecutionStage`1+&lt;ExecuteStage&gt;d__37.MoveNext()
:: [22] void System.Runtime.CompilerServices.AsyncMethodBuilderCore.Start&lt;TStateMachine&gt;(TStateMachine&amp;)
:: [23] System.Threading.Tasks.Task GdUnit4.Core.Execution.ExecutionStage`1.ExecuteStage(GdUnit4.Core.Execution.ExecutionContext)
:: [24] void GdUnit4.Core.Execution.ExecutionStage`1+&lt;Execute&gt;d__30.MoveNext()
:: [25] void System.Runtime.CompilerServices.AsyncMethodBuilderCore.Start&lt;TStateMachine&gt;(TStateMachine&amp;)
:: [26] System.Threading.Tasks.Task GdUnit4.Core.Execution.ExecutionStage`1.Execute(GdUnit4.Core.Execution.ExecutionContext)
:: [27] System.Threading.Tasks.Task GdUnit4.Core.Execution.BeforeExecutionStage.&lt;&gt;n__0(GdUnit4.Core.Execution.ExecutionContext)
:: [28] void GdUnit4.Core.Execution.BeforeExecutionStage+&lt;Execute&gt;d__1.MoveNext()
:: [29] void System.Runtime.CompilerServices.AsyncMethodBuilderCore.Start&lt;TStateMachine&gt;(TStateMachine&amp;)
:: [30] System.Threading.Tasks.Task GdUnit4.Core.Execution.BeforeExecutionStage.Execute(GdUnit4.Core.Execution.ExecutionContext)
:: [31] void GdUnit4.Core.Execution.TestSuiteExecutionStage+&lt;Execute&gt;d__13.MoveNext()
:: [32] void System.Runtime.CompilerServices.AsyncMethodBuilderCore.Start&lt;TStateMachine&gt;(TStateMachine&amp;)
:: [33] System.Threading.Tasks.Task GdUnit4.Core.Execution.TestSuiteExecutionStage.Execute(GdUnit4.Core.Execution.ExecutionContext)
:: [34] void GdUnit4.Core.Commands.ExecuteTestSuiteCommand+&lt;Execute&gt;d__18.MoveNext()
:: [35] void System.Runtime.CompilerServices.AsyncTaskMethodBuilder`1+AsyncStateMachineBox`1.ExecutionContextCallback(object)
:: [36] void System.Threading.ExecutionContext.RunInternal(System.Threading.ExecutionContext, System.Threading.ContextCallback, object)
:: [37] void System.Runtime.CompilerServices.AsyncTaskMethodBuilder`1+AsyncStateMachineBox`1.MoveNext(System.Threading.Thread)
:: [38] void Godot.SignalAwaiter.SignalCallback(nint, Godot.NativeInterop.godot_variant**, int, Godot.NativeInterop.godot_bool*) (/root/godot/modules/mono/glue/GodotSharp/GodotSharp/Core/SignalAwaiter.cs:65)
:: ERROR: Error loading resource: 'res://source/shaders/spiral_border.gdshader'.
:: at: load (core/core_bind.cpp:76)
:: C# backtrace (most recent call first):
:: [0] Godot.GodotObject Godot.NativeCalls.godot_icall_3_761(nint, nint, string, string, int) (/root/godot/modules/mono/glue/GodotSharp/GodotSharp/Generated/NativeCalls.cs:6854)
:: [1] Godot.Resource Godot.ResourceLoader.Load(string, string, Godot.ResourceLoader+CacheMode) (/root/godot/modules/mono/glue/GodotSharp/GodotSharp/Generated/GodotObjects/ResourceLoader.cs:120)
:: [2] T Godot.ResourceLoader.Load&lt;T&gt;(string, string, Godot.ResourceLoader+CacheMode) (/root/godot/modules/mono/glue/GodotSharp/GodotSharp/Core/Extensions/ResourceLoaderExtensions.cs:27)
:: [3] T Godot.GD.Load&lt;T&gt;(string) (/root/godot/modules/mono/glue/GodotSharp/GodotSharp/Core/GD.cs:129)
:: [4] void OmegaSpiral.Source.Ui.Omega.OmegaBorderFrame.InitializeShader() (/home/adam/Dev/omega-spiral/chapter-zero/source/frontend/ui/omega/OmegaBorderFrame.cs:65)
:: [5] void OmegaSpiral.Source.Ui.Omega.OmegaBorderFrame._Ready() (/home/adam/Dev/omega-spiral/chapter-zero/source/frontend/ui/omega/OmegaBorderFrame.cs:49)
:: [6] bool Godot.Node.InvokeGodotClassMethod(Godot.NativeInterop.godot_string_name&amp;, Godot.NativeInterop.NativeVariantPtrArgs, Godot.NativeInterop.godot_variant&amp;) (/root/godot/modules/mono/glue/GodotSharp/GodotSharp/Generated/GodotObjects/Node.cs:2631)
:: [7] bool Godot.CanvasItem.InvokeGodotClassMethod(Godot.NativeInterop.godot_string_name&amp;, Godot.NativeInterop.NativeVariantPtrArgs, Godot.NativeInterop.godot_variant&amp;) (/root/godot/modules/mono/glue/GodotSharp/GodotSharp/Generated/GodotObjects/CanvasItem.cs:1786)
:: [8] bool Godot.Control.InvokeGodotClassMethod(Godot.NativeInterop.godot_string_name&amp;, Godot.NativeInterop.NativeVariantPtrArgs, Godot.NativeInterop.godot_variant&amp;) (/root/godot/modules/mono/glue/GodotSharp/GodotSharp/Generated/GodotObjects/Control.cs:3508)
:: [9] bool Godot.ColorRect.InvokeGodotClassMethod(Godot.NativeInterop.godot_string_name&amp;, Godot.NativeInterop.NativeVariantPtrArgs, Godot.NativeInterop.godot_variant&amp;) (/root/godot/modules/mono/glue/GodotSharp/GodotSharp/Generated/GodotObjects/ColorRect.cs:84)
:: [10] bool OmegaSpiral.Source.Ui.Omega.OmegaBorderFrame.InvokeGodotClassMethod(Godot.NativeInterop.godot_string_name&amp;, Godot.NativeInterop.NativeVariantPtrArgs, Godot.NativeInterop.godot_variant&amp;) (/home/adam/Dev/omega-spiral/chapter-zero/.godot/mono/temp/obj/Debug/Godot.SourceGenerators/Godot.SourceGenerators.ScriptMethodsGenerator/OmegaSpiral.Source.Ui.Omega.OmegaBorderFrame_ScriptMethods.generated.cs:130)
:: [11] Godot.NativeInterop.godot_bool Godot.Bridge.CSharpInstanceBridge.Call(nint, Godot.NativeInterop.godot_string_name*, Godot.NativeInterop.godot_variant**, int, Godot.NativeInterop.godot_variant_call_error*, Godot.NativeInterop.godot_variant*) (/root/godot/modules/mono/glue/GodotSharp/GodotSharp/Core/Bridge/CSharpInstanceBridge.cs:24)
:: [12] void Godot.NativeInterop.NativeFuncs.godotsharp_method_bind_ptrcall(nint, nint, System.Void**, System.Void*) (/root/godot/modules/mono/glue/GodotSharp/GodotSharp/Godot.SourceGenerators.Internal/Godot.SourceGenerators.Internal.UnmanagedCallbacksGenerator/Godot.NativeInterop.NativeFuncs.generated.cs:380)
:: [13] void Godot.NativeCalls.godot_icall_3_1042(nint, nint, nint, Godot.NativeInterop.godot_bool, int) (/root/godot/modules/mono/glue/GodotSharp/GodotSharp/Generated/NativeCalls.cs:9587)
:: [14] void Godot.Node.AddChild(Godot.Node, bool, Godot.Node+InternalMode) (/root/godot/modules/mono/glue/GodotSharp/GodotSharp/Generated/GodotObjects/Node.cs:821)
:: [15] void OmegaSpiral.Tests.Ui.Omega.OmegaBorderFrame_UnitTests+&lt;Setup&gt;d__2.MoveNext() (/home/adam/Dev/omega-spiral/chapter-zero/tests/ui/omega/OmegaBorderFrameTests.cs:39)
:: [16] void System.Runtime.CompilerServices.AsyncMethodBuilderCore.Start&lt;TStateMachine&gt;(TStateMachine&amp;)
:: [17] System.Threading.Tasks.Task OmegaSpiral.Tests.Ui.Omega.OmegaBorderFrame_UnitTests.Setup()
:: [18] object System.Reflection.MethodBaseInvoker.InterpretedInvoke_Method(object, System.IntPtr*)
:: [19] object System.Reflection.MethodBaseInvoker.InvokeWithNoArgs(object, System.Reflection.BindingFlags)
:: [20] object System.Reflection.RuntimeMethodInfo.Invoke(object, System.Reflection.BindingFlags, System.Reflection.Binder, System.Object[], System.Globalization.CultureInfo)
:: [21] void GdUnit4.Core.Execution.ExecutionStage`1+&lt;ExecuteStage&gt;d__37.MoveNext()
:: [22] void System.Runtime.CompilerServices.AsyncMethodBuilderCore.Start&lt;TStateMachine&gt;(TStateMachine&amp;)
:: [23] System.Threading.Tasks.Task GdUnit4.Core.Execution.ExecutionStage`1.ExecuteStage(GdUnit4.Core.Execution.ExecutionContext)
:: [24] void GdUnit4.Core.Execution.ExecutionStage`1+&lt;Execute&gt;d__30.MoveNext()
:: [25] void System.Runtime.CompilerServices.AsyncMethodBuilderCore.Start&lt;TStateMachine&gt;(TStateMachine&amp;)
:: [26] System.Threading.Tasks.Task GdUnit4.Core.Execution.ExecutionStage`1.Execute(GdUnit4.Core.Execution.ExecutionContext)
:: [27] System.Threading.Tasks.Task GdUnit4.Core.Execution.BeforeExecutionStage.&lt;&gt;n__0(GdUnit4.Core.Execution.ExecutionContext)
:: [28] void GdUnit4.Core.Execution.BeforeExecutionStage+&lt;Execute&gt;d__1.MoveNext()
:: [29] void System.Runtime.CompilerServices.AsyncMethodBuilderCore.Start&lt;TStateMachine&gt;(TStateMachine&amp;)
:: [30] System.Threading.Tasks.Task GdUnit4.Core.Execution.BeforeExecutionStage.Execute(GdUnit4.Core.Execution.ExecutionContext)
:: [31] void GdUnit4.Core.Execution.TestSuiteExecutionStage+&lt;Execute&gt;d__13.MoveNext()
:: [32] void System.Runtime.CompilerServices.AsyncMethodBuilderCore.Start&lt;TStateMachine&gt;(TStateMachine&amp;)
:: [33] System.Threading.Tasks.Task GdUnit4.Core.Execution.TestSuiteExecutionStage.Execute(GdUnit4.Core.Execution.ExecutionContext)
:: [34] void GdUnit4.Core.Commands.ExecuteTestSuiteCommand+&lt;Execute&gt;d__18.MoveNext()
:: [35] void System.Runtime.CompilerServices.AsyncTaskMethodBuilder`1+AsyncStateMachineBox`1.ExecutionContextCallback(object)
:: [36] void System.Threading.ExecutionContext.RunInternal(System.Threading.ExecutionContext, System.Threading.ContextCallback, object)
:: [37] void System.Runtime.CompilerServices.AsyncTaskMethodBuilder`1+AsyncStateMachineBox`1.MoveNext(System.Threading.Thread)
:: [38] void Godot.SignalAwaiter.SignalCallback(nint, Godot.NativeInterop.godot_variant**, int, Godot.NativeInterop.godot_bool*) (/root/godot/modules/mono/glue/GodotSharp/GodotSharp/Core/SignalAwaiter.cs:65)
:: ERROR: [OmegaBorderFrame] spiral_border.gdshader not found at res://source/shaders/spiral_border.gdshader
:: at: void OmegaSpiral.Source.Ui.Omega.OmegaBorderFrame.InitializeShader() (res://source/frontend/ui/omega/OmegaBorderFrame.cs:68)
:: C# backtrace (most recent call first):
:: [0] void Godot.GD.PushError(string) (/root/godot/modules/mono/glue/GodotSharp/GodotSharp/Core/GD.cs:366)
:: [1] void OmegaSpiral.Source.Ui.Omega.OmegaBorderFrame.InitializeShader() (/home/adam/Dev/omega-spiral/chapter-zero/source/frontend/ui/omega/OmegaBorderFrame.cs:68)
:: [2] void OmegaSpiral.Source.Ui.Omega.OmegaBorderFrame._Ready() (/home/adam/Dev/omega-spiral/chapter-zero/source/frontend/ui/omega/OmegaBorderFrame.cs:49)
:: [3] bool Godot.Node.InvokeGodotClassMethod(Godot.NativeInterop.godot_string_name&amp;, Godot.NativeInterop.NativeVariantPtrArgs, Godot.NativeInterop.godot_variant&amp;) (/root/godot/modules/mono/glue/GodotSharp/GodotSharp/Generated/GodotObjects/Node.cs:2631)
:: [4] bool Godot.CanvasItem.InvokeGodotClassMethod(Godot.NativeInterop.godot_string_name&amp;, Godot.NativeInterop.NativeVariantPtrArgs, Godot.NativeInterop.godot_variant&amp;) (/root/godot/modules/mono/glue/GodotSharp/GodotSharp/Generated/GodotObjects/CanvasItem.cs:1786)
:: [5] bool Godot.Control.InvokeGodotClassMethod(Godot.NativeInterop.godot_string_name&amp;, Godot.NativeInterop.NativeVariantPtrArgs, Godot.NativeInterop.godot_variant&amp;) (/root/godot/modules/mono/glue/GodotSharp/GodotSharp/Generated/GodotObjects/Control.cs:3508)
:: [6] bool Godot.ColorRect.InvokeGodotClassMethod(Godot.NativeInterop.godot_string_name&amp;, Godot.NativeInterop.NativeVariantPtrArgs, Godot.NativeInterop.godot_variant&amp;) (/root/godot/modules/mono/glue/GodotSharp/GodotSharp/Generated/GodotObjects/ColorRect.cs:84)
:: [7] bool OmegaSpiral.Source.Ui.Omega.OmegaBorderFrame.InvokeGodotClassMethod(Godot.NativeInterop.godot_string_name&amp;, Godot.NativeInterop.NativeVariantPtrArgs, Godot.NativeInterop.godot_variant&amp;) (/home/adam/Dev/omega-spiral/chapter-zero/.godot/mono/temp/obj/Debug/Godot.SourceGenerators/Godot.SourceGenerators.ScriptMethodsGenerator/OmegaSpiral.Source.Ui.Omega.OmegaBorderFrame_ScriptMethods.generated.cs:130)
:: [8] Godot.NativeInterop.godot_bool Godot.Bridge.CSharpInstanceBridge.Call(nint, Godot.NativeInterop.godot_string_name*, Godot.NativeInterop.godot_variant**, int, Godot.NativeInterop.godot_variant_call_error*, Godot.NativeInterop.godot_variant*) (/root/godot/modules/mono/glue/GodotSharp/GodotSharp/Core/Bridge/CSharpInstanceBridge.cs:24)
:: [9] void Godot.NativeInterop.NativeFuncs.godotsharp_method_bind_ptrcall(nint, nint, System.Void**, System.Void*) (/root/godot/modules/mono/glue/GodotSharp/GodotSharp/Godot.SourceGenerators.Internal/Godot.SourceGenerators.Internal.UnmanagedCallbacksGenerator/Godot.NativeInterop.NativeFuncs.generated.cs:380)
:: [10] void Godot.NativeCalls.godot_icall_3_1042(nint, nint, nint, Godot.NativeInterop.godot_bool, int) (/root/godot/modules/mono/glue/GodotSharp/GodotSharp/Generated/NativeCalls.cs:9587)
:: [11] void Godot.Node.AddChild(Godot.Node, bool, Godot.Node+InternalMode) (/root/godot/modules/mono/glue/GodotSharp/GodotSharp/Generated/GodotObjects/Node.cs:821)
:: [12] void OmegaSpiral.Tests.Ui.Omega.OmegaBorderFrame_UnitTests+&lt;Setup&gt;d__2.MoveNext() (/home/adam/Dev/omega-spiral/chapter-zero/tests/ui/omega/OmegaBorderFrameTests.cs:39)
:: [13] void System.Runtime.CompilerServices.AsyncMethodBuilderCore.Start&lt;TStateMachine&gt;(TStateMachine&amp;)
:: [14] System.Threading.Tasks.Task OmegaSpiral.Tests.Ui.Omega.OmegaBorderFrame_UnitTests.Setup()
:: [15] object System.Reflection.MethodBaseInvoker.InterpretedInvoke_Method(object, System.IntPtr*)
:: [16] object System.Reflection.MethodBaseInvoker.InvokeWithNoArgs(object, System.Reflection.BindingFlags)
:: [17] object System.Reflection.RuntimeMethodInfo.Invoke(object, System.Reflection.BindingFlags, System.Reflection.Binder, System.Object[], System.Globalization.CultureInfo)
:: [18] void GdUnit4.Core.Execution.ExecutionStage`1+&lt;ExecuteStage&gt;d__37.MoveNext()
:: [19] void System.Runtime.CompilerServices.AsyncMethodBuilderCore.Start&lt;TStateMachine&gt;(TStateMachine&amp;)
:: [20] System.Threading.Tasks.Task GdUnit4.Core.Execution.ExecutionStage`1.ExecuteStage(GdUnit4.Core.Execution.ExecutionContext)
:: [21] void GdUnit4.Core.Execution.ExecutionStage`1+&lt;Execute&gt;d__30.MoveNext()
:: [22] void System.Runtime.CompilerServices.AsyncMethodBuilderCore.Start&lt;TStateMachine&gt;(TStateMachine&amp;)
:: [23] System.Threading.Tasks.Task GdUnit4.Core.Execution.ExecutionStage`1.Execute(GdUnit4.Core.Execution.ExecutionContext)
:: [24] System.Threading.Tasks.Task GdUnit4.Core.Execution.BeforeExecutionStage.&lt;&gt;n__0(GdUnit4.Core.Execution.ExecutionContext)
:: [25] void GdUnit4.Core.Execution.BeforeExecutionStage+&lt;Execute&gt;d__1.MoveNext()
:: [26] void System.Runtime.CompilerServices.AsyncMethodBuilderCore.Start&lt;TStateMachine&gt;(TStateMachine&amp;)
:: [27] System.Threading.Tasks.Task GdUnit4.Core.Execution.BeforeExecutionStage.Execute(GdUnit4.Core.Execution.ExecutionContext)
:: [28] void GdUnit4.Core.Execution.TestSuiteExecutionStage+&lt;Execute&gt;d__13.MoveNext()
:: [29] void System.Runtime.CompilerServices.AsyncMethodBuilderCore.Start&lt;TStateMachine&gt;(TStateMachine&amp;)
:: [30] System.Threading.Tasks.Task GdUnit4.Core.Execution.TestSuiteExecutionStage.Execute(GdUnit4.Core.Execution.ExecutionContext)
:: [31] void GdUnit4.Core.Commands.ExecuteTestSuiteCommand+&lt;Execute&gt;d__18.MoveNext()
:: [32] void System.Runtime.CompilerServices.AsyncTaskMethodBuilder`1+AsyncStateMachineBox`1.ExecutionContextCallback(object)
:: [33] void System.Threading.ExecutionContext.RunInternal(System.Threading.ExecutionContext, System.Threading.ContextCallback, object)
:: [34] void System.Runtime.CompilerServices.AsyncTaskMethodBuilder`1+AsyncStateMachineBox`1.MoveNext(System.Threading.Thread)
:: [35] void Godot.SignalAwaiter.SignalCallback(nint, Godot.NativeInterop.godot_variant**, int, Godot.NativeInterop.godot_bool*) (/root/godot/modules/mono/glue/GodotSharp/GodotSharp/Core/SignalAwaiter.cs:65)
    [DesignConfigService] Loaded 13 colors and 7 shader defaults.
:: WARNING: [OmegaBorderFrame] Cannot configure animation - ShaderMaterial not initialized
:: at: void OmegaSpiral.Source.Ui.Omega.OmegaBorderFrame.ConfigureAnimationSpeed(float, float) (res://source/frontend/ui/omega/OmegaBorderFrame.cs:173)
:: C# backtrace (most recent call first):
:: [0] void Godot.GD.PushWarning(string) (/root/godot/modules/mono/glue/GodotSharp/GodotSharp/Core/GD.cs:396)
:: [1] void OmegaSpiral.Source.Ui.Omega.OmegaBorderFrame.ConfigureAnimationSpeed(float, float) (/home/adam/Dev/omega-spiral/chapter-zero/source/frontend/ui/omega/OmegaBorderFrame.cs:173)
:: [2] void OmegaSpiral.Tests.Ui.Omega.OmegaBorderFrame_UnitTests.ConfigureAnimationSpeed_UpdatesBothParameters() (/home/adam/Dev/omega-spiral/chapter-zero/tests/ui/omega/OmegaBorderFrameTests.cs:213)
:: [3] object System.Reflection.MethodBaseInvoker.InterpretedInvoke_Method(object, System.IntPtr*)
:: [4] object System.Reflection.MethodBaseInvoker.InvokeWithNoArgs(object, System.Reflection.BindingFlags)
:: [5] object System.Reflection.RuntimeMethodInfo.Invoke(object, System.Reflection.BindingFlags, System.Reflection.Binder, System.Object[], System.Globalization.CultureInfo)
:: [6] void GdUnit4.Core.Execution.ExecutionStage`1+&lt;ExecuteStage&gt;d__37.MoveNext()
:: [7] void System.Runtime.CompilerServices.AsyncMethodBuilderCore.Start&lt;TStateMachine&gt;(TStateMachine&amp;)
:: [8] System.Threading.Tasks.Task GdUnit4.Core.Execution.ExecutionStage`1.ExecuteStage(GdUnit4.Core.Execution.ExecutionContext)
:: [9] void GdUnit4.Core.Execution.ExecutionStage`1+&lt;Execute&gt;d__30.MoveNext()
:: [10] void System.Runtime.CompilerServices.AsyncMethodBuilderCore.Start&lt;TStateMachine&gt;(TStateMachine&amp;)
:: [11] System.Threading.Tasks.Task GdUnit4.Core.Execution.ExecutionStage`1.Execute(GdUnit4.Core.Execution.ExecutionContext)
:: [12] System.Threading.Tasks.Task GdUnit4.Core.Execution.TestCaseExecutionStage.&lt;&gt;n__0(GdUnit4.Core.Execution.ExecutionContext)
:: [13] void GdUnit4.Core.Execution.TestCaseExecutionStage+&lt;Execute&gt;d__1.MoveNext()
:: [14] void System.Runtime.CompilerServices.AsyncMethodBuilderCore.Start&lt;TStateMachine&gt;(TStateMachine&amp;)
:: [15] System.Threading.Tasks.Task GdUnit4.Core.Execution.TestCaseExecutionStage.Execute(GdUnit4.Core.Execution.ExecutionContext)
:: [16] void GdUnit4.Core.Execution.TestSuiteExecutionStage+&lt;RunTestCase&gt;d__15.MoveNext()
:: [17] void System.Threading.ExecutionContext.RunInternal(System.Threading.ExecutionContext, System.Threading.ContextCallback, object)
:: [18] void System.Runtime.CompilerServices.AsyncTaskMethodBuilder`1+AsyncStateMachineBox`1.MoveNext(System.Threading.Thread)
:: [19] void System.Threading.Tasks.AwaitTaskContinuation.RunCallback(System.Threading.ContextCallback, object, System.Threading.Tasks.Task&amp;)
:: [20] void System.Threading.Tasks.Task.RunContinuations(object)
:: [21] bool System.Threading.Tasks.Task`1.TrySetResult(TResult)
:: [22] void System.Runtime.CompilerServices.AsyncTaskMethodBuilder`1.SetExistingTaskResult(System.Threading.Tasks.Task`1[TResult], TResult)
:: [23] void GdUnit4.Core.Execution.BeforeTestExecutionStage+&lt;Execute&gt;d__1.MoveNext()
:: [24] void System.Threading.ExecutionContext.RunInternal(System.Threading.ExecutionContext, System.Threading.ContextCallback, object)
:: [25] void System.Runtime.CompilerServices.AsyncTaskMethodBuilder`1+AsyncStateMachineBox`1.MoveNext(System.Threading.Thread)
:: [26] void System.Threading.Tasks.AwaitTaskContinuation.RunCallback(System.Threading.ContextCallback, object, System.Threading.Tasks.Task&amp;)
:: [27] void System.Threading.Tasks.Task.RunContinuations(object)
:: [28] bool System.Threading.Tasks.Task`1.TrySetResult(TResult)
:: [29] void System.Runtime.CompilerServices.AsyncTaskMethodBuilder`1.SetExistingTaskResult(System.Threading.Tasks.Task`1[TResult], TResult)
:: [30] void GdUnit4.Core.Execution.ExecutionStage`1+&lt;Execute&gt;d__30.MoveNext()
:: [31] void System.Threading.ExecutionContext.RunInternal(System.Threading.ExecutionContext, System.Threading.ContextCallback, object)
:: [32] void System.Runtime.CompilerServices.AsyncTaskMethodBuilder`1+AsyncStateMachineBox`1.MoveNext(System.Threading.Thread)
:: [33] void Godot.GodotSynchronizationContext.ExecutePendingContinuations() (/root/godot/modules/mono/glue/GodotSharp/GodotSharp/Core/GodotSynchronizationContext.cs:51)
:: [34] void Godot.GodotTaskScheduler.Activate() (/root/godot/modules/mono/glue/GodotSharp/GodotSharp/Core/GodotTaskScheduler.cs:76)
:: [35] void Godot.Bridge.ScriptManagerBridge.FrameCallback() (/root/godot/modules/mono/glue/GodotSharp/GodotSharp/Core/Bridge/ScriptManagerBridge.cs:84)
:: WARNING: [OmegaBorderFrame] Cannot configure animation - ShaderMaterial not initialized
:: at: void OmegaSpiral.Source.Ui.Omega.OmegaBorderFrame.ConfigureAnimationSpeed(float, float) (res://source/frontend/ui/omega/OmegaBorderFrame.cs:173)
:: C# backtrace (most recent call first):
:: [0] void Godot.GD.PushWarning(string) (/root/godot/modules/mono/glue/GodotSharp/GodotSharp/Core/GD.cs:396)
:: [1] void OmegaSpiral.Source.Ui.Omega.OmegaBorderFrame.ConfigureAnimationSpeed(float, float) (/home/adam/Dev/omega-spiral/chapter-zero/source/frontend/ui/omega/OmegaBorderFrame.cs:173)
:: [2] void OmegaSpiral.Tests.Ui.Omega.OmegaBorderFrame_UnitTests.ConfigureAnimationSpeed_ClampsToValidRanges() (/home/adam/Dev/omega-spiral/chapter-zero/tests/ui/omega/OmegaBorderFrameTests.cs:230)
:: [3] object System.Reflection.MethodBaseInvoker.InterpretedInvoke_Method(object, System.IntPtr*)
:: [4] object System.Reflection.MethodBaseInvoker.InvokeWithNoArgs(object, System.Reflection.BindingFlags)
:: [5] object System.Reflection.RuntimeMethodInfo.Invoke(object, System.Reflection.BindingFlags, System.Reflection.Binder, System.Object[], System.Globalization.CultureInfo)
:: [6] void GdUnit4.Core.Execution.ExecutionStage`1+&lt;ExecuteStage&gt;d__37.MoveNext()
:: [7] void System.Runtime.CompilerServices.AsyncMethodBuilderCore.Start&lt;TStateMachine&gt;(TStateMachine&amp;)
:: [8] System.Threading.Tasks.Task GdUnit4.Core.Execution.ExecutionStage`1.ExecuteStage(GdUnit4.Core.Execution.ExecutionContext)
:: [9] void GdUnit4.Core.Execution.ExecutionStage`1+&lt;Execute&gt;d__30.MoveNext()
:: [10] void System.Runtime.CompilerServices.AsyncMethodBuilderCore.Start&lt;TStateMachine&gt;(TStateMachine&amp;)
:: [11] System.Threading.Tasks.Task GdUnit4.Core.Execution.ExecutionStage`1.Execute(GdUnit4.Core.Execution.ExecutionContext)
:: [12] System.Threading.Tasks.Task GdUnit4.Core.Execution.TestCaseExecutionStage.&lt;&gt;n__0(GdUnit4.Core.Execution.ExecutionContext)
:: [13] void GdUnit4.Core.Execution.TestCaseExecutionStage+&lt;Execute&gt;d__1.MoveNext()
:: [14] void System.Runtime.CompilerServices.AsyncMethodBuilderCore.Start&lt;TStateMachine&gt;(TStateMachine&amp;)
:: [15] System.Threading.Tasks.Task GdUnit4.Core.Execution.TestCaseExecutionStage.Execute(GdUnit4.Core.Execution.ExecutionContext)
:: [16] void GdUnit4.Core.Execution.TestSuiteExecutionStage+&lt;RunTestCase&gt;d__15.MoveNext()
:: [17] void System.Threading.ExecutionContext.RunInternal(System.Threading.ExecutionContext, System.Threading.ContextCallback, object)
:: [18] void System.Runtime.CompilerServices.AsyncTaskMethodBuilder`1+AsyncStateMachineBox`1.MoveNext(System.Threading.Thread)
:: [19] void System.Threading.Tasks.AwaitTaskContinuation.RunCallback(System.Threading.ContextCallback, object, System.Threading.Tasks.Task&amp;)
:: [20] void System.Threading.Tasks.Task.RunContinuations(object)
:: [21] bool System.Threading.Tasks.Task`1.TrySetResult(TResult)
:: [22] void System.Runtime.CompilerServices.AsyncTaskMethodBuilder`1.SetExistingTaskResult(System.Threading.Tasks.Task`1[TResult], TResult)
:: [23] void GdUnit4.Core.Execution.BeforeTestExecutionStage+&lt;Execute&gt;d__1.MoveNext()
:: [24] void System.Threading.ExecutionContext.RunInternal(System.Threading.ExecutionContext, System.Threading.ContextCallback, object)
:: [25] void System.Runtime.CompilerServices.AsyncTaskMethodBuilder`1+AsyncStateMachineBox`1.MoveNext(System.Threading.Thread)
:: [26] void System.Threading.Tasks.AwaitTaskContinuation.RunCallback(System.Threading.ContextCallback, object, System.Threading.Tasks.Task&amp;)
:: [27] void System.Threading.Tasks.Task.RunContinuations(object)
:: [28] bool System.Threading.Tasks.Task`1.TrySetResult(TResult)
:: [29] void System.Runtime.CompilerServices.AsyncTaskMethodBuilder`1.SetExistingTaskResult(System.Threading.Tasks.Task`1[TResult], TResult)
:: [30] void GdUnit4.Core.Execution.ExecutionStage`1+&lt;Execute&gt;d__30.MoveNext()
:: [31] void System.Threading.ExecutionContext.RunInternal(System.Threading.ExecutionContext, System.Threading.ContextCallback, object)
:: [32] void System.Runtime.CompilerServices.AsyncTaskMethodBuilder`1+AsyncStateMachineBox`1.MoveNext(System.Threading.Thread)
:: [33] void Godot.GodotSynchronizationContext.ExecutePendingContinuations() (/root/godot/modules/mono/glue/GodotSharp/GodotSharp/Core/GodotSynchronizationContext.cs:51)
:: [34] void Godot.GodotTaskScheduler.Activate() (/root/godot/modules/mono/glue/GodotSharp/GodotSharp/Core/GodotTaskScheduler.cs:76)
:: [35] void Godot.Bridge.ScriptManagerBridge.FrameCallback() (/root/godot/modules/mono/glue/GodotSharp/GodotSharp/Core/Bridge/ScriptManagerBridge.cs:84)
:: WARNING: [OmegaBorderFrame] Cannot configure animation - ShaderMaterial not initialized
:: at: void OmegaSpiral.Source.Ui.Omega.OmegaBorderFrame.ConfigureAnimationSpeed(float, float) (res://source/frontend/ui/omega/OmegaBorderFrame.cs:173)
:: C# backtrace (most recent call first):
:: [0] void Godot.GD.PushWarning(string) (/root/godot/modules/mono/glue/GodotSharp/GodotSharp/Core/GD.cs:396)
:: [1] void OmegaSpiral.Source.Ui.Omega.OmegaBorderFrame.ConfigureAnimationSpeed(float, float) (/home/adam/Dev/omega-spiral/chapter-zero/source/frontend/ui/omega/OmegaBorderFrame.cs:173)
:: [2] void OmegaSpiral.Tests.Ui.Omega.OmegaBorderFrame_UnitTests.ConfigureAnimationSpeed_AcceptsZero() (/home/adam/Dev/omega-spiral/chapter-zero/tests/ui/omega/OmegaBorderFrameTests.cs:245)
:: [3] object System.Reflection.MethodBaseInvoker.InterpretedInvoke_Method(object, System.IntPtr*)
:: [4] object System.Reflection.MethodBaseInvoker.InvokeWithNoArgs(object, System.Reflection.BindingFlags)
:: [5] object System.Reflection.RuntimeMethodInfo.Invoke(object, System.Reflection.BindingFlags, System.Reflection.Binder, System.Object[], System.Globalization.CultureInfo)
:: [6] void GdUnit4.Core.Execution.ExecutionStage`1+&lt;ExecuteStage&gt;d__37.MoveNext()
:: [7] void System.Runtime.CompilerServices.AsyncMethodBuilderCore.Start&lt;TStateMachine&gt;(TStateMachine&amp;)
:: [8] System.Threading.Tasks.Task GdUnit4.Core.Execution.ExecutionStage`1.ExecuteStage(GdUnit4.Core.Execution.ExecutionContext)
:: [9] void GdUnit4.Core.Execution.ExecutionStage`1+&lt;Execute&gt;d__30.MoveNext()
:: [10] void System.Runtime.CompilerServices.AsyncMethodBuilderCore.Start&lt;TStateMachine&gt;(TStateMachine&amp;)
:: [11] System.Threading.Tasks.Task GdUnit4.Core.Execution.ExecutionStage`1.Execute(GdUnit4.Core.Execution.ExecutionContext)
:: [12] System.Threading.Tasks.Task GdUnit4.Core.Execution.TestCaseExecutionStage.&lt;&gt;n__0(GdUnit4.Core.Execution.ExecutionContext)
:: [13] void GdUnit4.Core.Execution.TestCaseExecutionStage+&lt;Execute&gt;d__1.MoveNext()
:: [14] void System.Runtime.CompilerServices.AsyncMethodBuilderCore.Start&lt;TStateMachine&gt;(TStateMachine&amp;)
:: [15] System.Threading.Tasks.Task GdUnit4.Core.Execution.TestCaseExecutionStage.Execute(GdUnit4.Core.Execution.ExecutionContext)
:: [16] void GdUnit4.Core.Execution.TestSuiteExecutionStage+&lt;RunTestCase&gt;d__15.MoveNext()
:: [17] void System.Threading.ExecutionContext.RunInternal(System.Threading.ExecutionContext, System.Threading.ContextCallback, object)
:: [18] void System.Runtime.CompilerServices.AsyncTaskMethodBuilder`1+AsyncStateMachineBox`1.MoveNext(System.Threading.Thread)
:: [19] void System.Threading.Tasks.AwaitTaskContinuation.RunCallback(System.Threading.ContextCallback, object, System.Threading.Tasks.Task&amp;)
:: [20] void System.Threading.Tasks.Task.RunContinuations(object)
:: [21] bool System.Threading.Tasks.Task`1.TrySetResult(TResult)
:: [22] void System.Runtime.CompilerServices.AsyncTaskMethodBuilder`1.SetExistingTaskResult(System.Threading.Tasks.Task`1[TResult], TResult)
:: [23] void GdUnit4.Core.Execution.BeforeTestExecutionStage+&lt;Execute&gt;d__1.MoveNext()
:: [24] void System.Threading.ExecutionContext.RunInternal(System.Threading.ExecutionContext, System.Threading.ContextCallback, object)
:: [25] void System.Runtime.CompilerServices.AsyncTaskMethodBuilder`1+AsyncStateMachineBox`1.MoveNext(System.Threading.Thread)
:: [26] void System.Threading.Tasks.AwaitTaskContinuation.RunCallback(System.Threading.ContextCallback, object, System.Threading.Tasks.Task&amp;)
:: [27] void System.Threading.Tasks.Task.RunContinuations(object)
:: [28] bool System.Threading.Tasks.Task`1.TrySetResult(TResult)
:: [29] void System.Runtime.CompilerServices.AsyncTaskMethodBuilder`1.SetExistingTaskResult(System.Threading.Tasks.Task`1[TResult], TResult)
:: [30] void GdUnit4.Core.Execution.ExecutionStage`1+&lt;Execute&gt;d__30.MoveNext()
:: [31] void System.Threading.ExecutionContext.RunInternal(System.Threading.ExecutionContext, System.Threading.ContextCallback, object)
:: [32] void System.Runtime.CompilerServices.AsyncTaskMethodBuilder`1+AsyncStateMachineBox`1.MoveNext(System.Threading.Thread)
:: [33] void Godot.GodotSynchronizationContext.ExecutePendingContinuations() (/root/godot/modules/mono/glue/GodotSharp/GodotSharp/Core/GodotSynchronizationContext.cs:51)
:: [34] void Godot.GodotTaskScheduler.Activate() (/root/godot/modules/mono/glue/GodotSharp/GodotSharp/Core/GodotTaskScheduler.cs:76)
:: [35] void Godot.Bridge.ScriptManagerBridge.FrameCallback() (/root/godot/modules/mono/glue/GodotSharp/GodotSharp/Core/Bridge/ScriptManagerBridge.cs:84)
:: WARNING: [OmegaBorderFrame] Cannot update thread colors - ShaderMaterial not initialized
:: at: void OmegaSpiral.Source.Ui.Omega.OmegaBorderFrame.UpdateThreadColors(Godot.Color, Godot.Color, Godot.Color) (res://source/frontend/ui/omega/OmegaBorderFrame.cs:191)
:: C# backtrace (most recent call first):
:: [0] void Godot.GD.PushWarning(string) (/root/godot/modules/mono/glue/GodotSharp/GodotSharp/Core/GD.cs:396)
:: [1] void OmegaSpiral.Source.Ui.Omega.OmegaBorderFrame.UpdateThreadColors(Godot.Color, Godot.Color, Godot.Color) (/home/adam/Dev/omega-spiral/chapter-zero/source/frontend/ui/omega/OmegaBorderFrame.cs:191)
:: [2] void OmegaSpiral.Tests.Ui.Omega.OmegaBorderFrame_UnitTests.UpdateThreadColors_ChangesAllThreads() (/home/adam/Dev/omega-spiral/chapter-zero/tests/ui/omega/OmegaBorderFrameTests.cs:264)
:: [3] object System.Reflection.MethodBaseInvoker.InterpretedInvoke_Method(object, System.IntPtr*)
:: [4] object System.Reflection.MethodBaseInvoker.InvokeWithNoArgs(object, System.Reflection.BindingFlags)
:: [5] object System.Reflection.RuntimeMethodInfo.Invoke(object, System.Reflection.BindingFlags, System.Reflection.Binder, System.Object[], System.Globalization.CultureInfo)
:: [6] void GdUnit4.Core.Execution.ExecutionStage`1+&lt;ExecuteStage&gt;d__37.MoveNext()
:: [7] void System.Runtime.CompilerServices.AsyncMethodBuilderCore.Start&lt;TStateMachine&gt;(TStateMachine&amp;)
:: [8] System.Threading.Tasks.Task GdUnit4.Core.Execution.ExecutionStage`1.ExecuteStage(GdUnit4.Core.Execution.ExecutionContext)
:: [9] void GdUnit4.Core.Execution.ExecutionStage`1+&lt;Execute&gt;d__30.MoveNext()
:: [10] void System.Runtime.CompilerServices.AsyncMethodBuilderCore.Start&lt;TStateMachine&gt;(TStateMachine&amp;)
:: [11] System.Threading.Tasks.Task GdUnit4.Core.Execution.ExecutionStage`1.Execute(GdUnit4.Core.Execution.ExecutionContext)
:: [12] System.Threading.Tasks.Task GdUnit4.Core.Execution.TestCaseExecutionStage.&lt;&gt;n__0(GdUnit4.Core.Execution.ExecutionContext)
:: [13] void GdUnit4.Core.Execution.TestCaseExecutionStage+&lt;Execute&gt;d__1.MoveNext()
:: [14] void System.Runtime.CompilerServices.AsyncMethodBuilderCore.Start&lt;TStateMachine&gt;(TStateMachine&amp;)
:: [15] System.Threading.Tasks.Task GdUnit4.Core.Execution.TestCaseExecutionStage.Execute(GdUnit4.Core.Execution.ExecutionContext)
:: [16] void GdUnit4.Core.Execution.TestSuiteExecutionStage+&lt;RunTestCase&gt;d__15.MoveNext()
:: [17] void System.Threading.ExecutionContext.RunInternal(System.Threading.ExecutionContext, System.Threading.ContextCallback, object)
:: [18] void System.Runtime.CompilerServices.AsyncTaskMethodBuilder`1+AsyncStateMachineBox`1.MoveNext(System.Threading.Thread)
:: [19] void System.Threading.Tasks.AwaitTaskContinuation.RunCallback(System.Threading.ContextCallback, object, System.Threading.Tasks.Task&amp;)
:: [20] void System.Threading.Tasks.Task.RunContinuations(object)
:: [21] bool System.Threading.Tasks.Task`1.TrySetResult(TResult)
:: [22] void System.Runtime.CompilerServices.AsyncTaskMethodBuilder`1.SetExistingTaskResult(System.Threading.Tasks.Task`1[TResult], TResult)
:: [23] void GdUnit4.Core.Execution.BeforeTestExecutionStage+&lt;Execute&gt;d__1.MoveNext()
:: [24] void System.Threading.ExecutionContext.RunInternal(System.Threading.ExecutionContext, System.Threading.ContextCallback, object)
:: [25] void System.Runtime.CompilerServices.AsyncTaskMethodBuilder`1+AsyncStateMachineBox`1.MoveNext(System.Threading.Thread)
:: [26] void System.Threading.Tasks.AwaitTaskContinuation.RunCallback(System.Threading.ContextCallback, object, System.Threading.Tasks.Task&amp;)
:: [27] void System.Threading.Tasks.Task.RunContinuations(object)
:: [28] bool System.Threading.Tasks.Task`1.TrySetResult(TResult)
:: [29] void System.Runtime.CompilerServices.AsyncTaskMethodBuilder`1.SetExistingTaskResult(System.Threading.Tasks.Task`1[TResult], TResult)
:: [30] void GdUnit4.Core.Execution.ExecutionStage`1+&lt;Execute&gt;d__30.MoveNext()
:: [31] void System.Threading.ExecutionContext.RunInternal(System.Threading.ExecutionContext, System.Threading.ContextCallback, object)
:: [32] void System.Runtime.CompilerServices.AsyncTaskMethodBuilder`1+AsyncStateMachineBox`1.MoveNext(System.Threading.Thread)
:: [33] void Godot.GodotSynchronizationContext.ExecutePendingContinuations() (/root/godot/modules/mono/glue/GodotSharp/GodotSharp/Core/GodotSynchronizationContext.cs:51)
:: [34] void Godot.GodotTaskScheduler.Activate() (/root/godot/modules/mono/glue/GodotSharp/GodotSharp/Core/GodotTaskScheduler.cs:76)
:: [35] void Godot.Bridge.ScriptManagerBridge.FrameCallback() (/root/godot/modules/mono/glue/GodotSharp/GodotSharp/Core/Bridge/ScriptManagerBridge.cs:84)
:: WARNING: [OmegaBorderFrame] Cannot update thread colors - ShaderMaterial not initialized
:: at: void OmegaSpiral.Source.Ui.Omega.OmegaBorderFrame.UpdateThreadColors(Godot.Color, Godot.Color, Godot.Color) (res://source/frontend/ui/omega/OmegaBorderFrame.cs:191)
:: C# backtrace (most recent call first):
:: [0] void Godot.GD.PushWarning(string) (/root/godot/modules/mono/glue/GodotSharp/GodotSharp/Core/GD.cs:396)
:: [1] void OmegaSpiral.Source.Ui.Omega.OmegaBorderFrame.UpdateThreadColors(Godot.Color, Godot.Color, Godot.Color) (/home/adam/Dev/omega-spiral/chapter-zero/source/frontend/ui/omega/OmegaBorderFrame.cs:191)
:: [2] void OmegaSpiral.Tests.Ui.Omega.OmegaBorderFrame_UnitTests.UpdateThreadColors_CanRevertToDesignSystem() (/home/adam/Dev/omega-spiral/chapter-zero/tests/ui/omega/OmegaBorderFrameTests.cs:284)
:: [3] object System.Reflection.MethodBaseInvoker.InterpretedInvoke_Method(object, System.IntPtr*)
:: [4] object System.Reflection.MethodBaseInvoker.InvokeWithNoArgs(object, System.Reflection.BindingFlags)
:: [5] object System.Reflection.RuntimeMethodInfo.Invoke(object, System.Reflection.BindingFlags, System.Reflection.Binder, System.Object[], System.Globalization.CultureInfo)
:: [6] void GdUnit4.Core.Execution.ExecutionStage`1+&lt;ExecuteStage&gt;d__37.MoveNext()
:: [7] void System.Runtime.CompilerServices.AsyncMethodBuilderCore.Start&lt;TStateMachine&gt;(TStateMachine&amp;)
:: [8] System.Threading.Tasks.Task GdUnit4.Core.Execution.ExecutionStage`1.ExecuteStage(GdUnit4.Core.Execution.ExecutionContext)
:: [9] void GdUnit4.Core.Execution.ExecutionStage`1+&lt;Execute&gt;d__30.MoveNext()
:: [10] void System.Runtime.CompilerServices.AsyncMethodBuilderCore.Start&lt;TStateMachine&gt;(TStateMachine&amp;)
:: [11] System.Threading.Tasks.Task GdUnit4.Core.Execution.ExecutionStage`1.Execute(GdUnit4.Core.Execution.ExecutionContext)
:: [12] System.Threading.Tasks.Task GdUnit4.Core.Execution.TestCaseExecutionStage.&lt;&gt;n__0(GdUnit4.Core.Execution.ExecutionContext)
:: [13] void GdUnit4.Core.Execution.TestCaseExecutionStage+&lt;Execute&gt;d__1.MoveNext()
:: [14] void System.Runtime.CompilerServices.AsyncMethodBuilderCore.Start&lt;TStateMachine&gt;(TStateMachine&amp;)
:: [15] System.Threading.Tasks.Task GdUnit4.Core.Execution.TestCaseExecutionStage.Execute(GdUnit4.Core.Execution.ExecutionContext)
:: [16] void GdUnit4.Core.Execution.TestSuiteExecutionStage+&lt;RunTestCase&gt;d__15.MoveNext()
:: [17] void System.Threading.ExecutionContext.RunInternal(System.Threading.ExecutionContext, System.Threading.ContextCallback, object)
:: [18] void System.Runtime.CompilerServices.AsyncTaskMethodBuilder`1+AsyncStateMachineBox`1.MoveNext(System.Threading.Thread)
:: [19] void System.Threading.Tasks.AwaitTaskContinuation.RunCallback(System.Threading.ContextCallback, object, System.Threading.Tasks.Task&amp;)
:: [20] void System.Threading.Tasks.Task.RunContinuations(object)
:: [21] bool System.Threading.Tasks.Task`1.TrySetResult(TResult)
:: [22] void System.Runtime.CompilerServices.AsyncTaskMethodBuilder`1.SetExistingTaskResult(System.Threading.Tasks.Task`1[TResult], TResult)
:: [23] void GdUnit4.Core.Execution.BeforeTestExecutionStage+&lt;Execute&gt;d__1.MoveNext()
:: [24] void System.Threading.ExecutionContext.RunInternal(System.Threading.ExecutionContext, System.Threading.ContextCallback, object)
:: [25] void System.Runtime.CompilerServices.AsyncTaskMethodBuilder`1+AsyncStateMachineBox`1.MoveNext(System.Threading.Thread)
:: [26] void System.Threading.Tasks.AwaitTaskContinuation.RunCallback(System.Threading.ContextCallback, object, System.Threading.Tasks.Task&amp;)
:: [27] void System.Threading.Tasks.Task.RunContinuations(object)
:: [28] bool System.Threading.Tasks.Task`1.TrySetResult(TResult)
:: [29] void System.Runtime.CompilerServices.AsyncTaskMethodBuilder`1.SetExistingTaskResult(System.Threading.Tasks.Task`1[TResult], TResult)
:: [30] void GdUnit4.Core.Execution.ExecutionStage`1+&lt;Execute&gt;d__30.MoveNext()
:: [31] void System.Threading.ExecutionContext.RunInternal(System.Threading.ExecutionContext, System.Threading.ContextCallback, object)
:: [32] void System.Runtime.CompilerServices.AsyncTaskMethodBuilder`1+AsyncStateMachineBox`1.MoveNext(System.Threading.Thread)
:: [33] void Godot.GodotSynchronizationContext.ExecutePendingContinuations() (/root/godot/modules/mono/glue/GodotSharp/GodotSharp/Core/GodotSynchronizationContext.cs:51)
:: [34] void Godot.GodotTaskScheduler.Activate() (/root/godot/modules/mono/glue/GodotSharp/GodotSharp/Core/GodotTaskScheduler.cs:76)
:: [35] void Godot.Bridge.ScriptManagerBridge.FrameCallback() (/root/godot/modules/mono/glue/GodotSharp/GodotSharp/Core/Bridge/ScriptManagerBridge.cs:84)
:: WARNING: [OmegaBorderFrame] Cannot update thread colors - ShaderMaterial not initialized
:: at: void OmegaSpiral.Source.Ui.Omega.OmegaBorderFrame.UpdateThreadColors(Godot.Color, Godot.Color, Godot.Color) (res://source/frontend/ui/omega/OmegaBorderFrame.cs:191)
:: C# backtrace (most recent call first):
:: [0] void Godot.GD.PushWarning(string) (/root/godot/modules/mono/glue/GodotSharp/GodotSharp/Core/GD.cs:396)
:: [1] void OmegaSpiral.Source.Ui.Omega.OmegaBorderFrame.UpdateThreadColors(Godot.Color, Godot.Color, Godot.Color) (/home/adam/Dev/omega-spiral/chapter-zero/source/frontend/ui/omega/OmegaBorderFrame.cs:191)
:: [2] void OmegaSpiral.Tests.Ui.Omega.OmegaBorderFrame_UnitTests.UpdateThreadColors_CanRevertToDesignSystem() (/home/adam/Dev/omega-spiral/chapter-zero/tests/ui/omega/OmegaBorderFrameTests.cs:287)
:: [3] object System.Reflection.MethodBaseInvoker.InterpretedInvoke_Method(object, System.IntPtr*)
:: [4] object System.Reflection.MethodBaseInvoker.InvokeWithNoArgs(object, System.Reflection.BindingFlags)
:: [5] object System.Reflection.RuntimeMethodInfo.Invoke(object, System.Reflection.BindingFlags, System.Reflection.Binder, System.Object[], System.Globalization.CultureInfo)
:: [6] void GdUnit4.Core.Execution.ExecutionStage`1+&lt;ExecuteStage&gt;d__37.MoveNext()
:: [7] void System.Runtime.CompilerServices.AsyncMethodBuilderCore.Start&lt;TStateMachine&gt;(TStateMachine&amp;)
:: [8] System.Threading.Tasks.Task GdUnit4.Core.Execution.ExecutionStage`1.ExecuteStage(GdUnit4.Core.Execution.ExecutionContext)
:: [9] void GdUnit4.Core.Execution.ExecutionStage`1+&lt;Execute&gt;d__30.MoveNext()
:: [10] void System.Runtime.CompilerServices.AsyncMethodBuilderCore.Start&lt;TStateMachine&gt;(TStateMachine&amp;)
:: [11] System.Threading.Tasks.Task GdUnit4.Core.Execution.ExecutionStage`1.Execute(GdUnit4.Core.Execution.ExecutionContext)
:: [12] System.Threading.Tasks.Task GdUnit4.Core.Execution.TestCaseExecutionStage.&lt;&gt;n__0(GdUnit4.Core.Execution.ExecutionContext)
:: [13] void GdUnit4.Core.Execution.TestCaseExecutionStage+&lt;Execute&gt;d__1.MoveNext()
:: [14] void System.Runtime.CompilerServices.AsyncMethodBuilderCore.Start&lt;TStateMachine&gt;(TStateMachine&amp;)
:: [15] System.Threading.Tasks.Task GdUnit4.Core.Execution.TestCaseExecutionStage.Execute(GdUnit4.Core.Execution.ExecutionContext)
:: [16] void GdUnit4.Core.Execution.TestSuiteExecutionStage+&lt;RunTestCase&gt;d__15.MoveNext()
:: [17] void System.Threading.ExecutionContext.RunInternal(System.Threading.ExecutionContext, System.Threading.ContextCallback, object)
:: [18] void System.Runtime.CompilerServices.AsyncTaskMethodBuilder`1+AsyncStateMachineBox`1.MoveNext(System.Threading.Thread)
:: [19] void System.Threading.Tasks.AwaitTaskContinuation.RunCallback(System.Threading.ContextCallback, object, System.Threading.Tasks.Task&amp;)
:: [20] void System.Threading.Tasks.Task.RunContinuations(object)
:: [21] bool System.Threading.Tasks.Task`1.TrySetResult(TResult)
:: [22] void System.Runtime.CompilerServices.AsyncTaskMethodBuilder`1.SetExistingTaskResult(System.Threading.Tasks.Task`1[TResult], TResult)
:: [23] void GdUnit4.Core.Execution.BeforeTestExecutionStage+&lt;Execute&gt;d__1.MoveNext()
:: [24] void System.Threading.ExecutionContext.RunInternal(System.Threading.ExecutionContext, System.Threading.ContextCallback, object)
:: [25] void System.Runtime.CompilerServices.AsyncTaskMethodBuilder`1+AsyncStateMachineBox`1.MoveNext(System.Threading.Thread)
:: [26] void System.Threading.Tasks.AwaitTaskContinuation.RunCallback(System.Threading.ContextCallback, object, System.Threading.Tasks.Task&amp;)
:: [27] void System.Threading.Tasks.Task.RunContinuations(object)
:: [28] bool System.Threading.Tasks.Task`1.TrySetResult(TResult)
:: [29] void System.Runtime.CompilerServices.AsyncTaskMethodBuilder`1.SetExistingTaskResult(System.Threading.Tasks.Task`1[TResult], TResult)
:: [30] void GdUnit4.Core.Execution.ExecutionStage`1+&lt;Execute&gt;d__30.MoveNext()
:: [31] void System.Threading.ExecutionContext.RunInternal(System.Threading.ExecutionContext, System.Threading.ContextCallback, object)
:: [32] void System.Runtime.CompilerServices.AsyncTaskMethodBuilder`1+AsyncStateMachineBox`1.MoveNext(System.Threading.Thread)
:: [33] void Godot.GodotSynchronizationContext.ExecutePendingContinuations() (/root/godot/modules/mono/glue/GodotSharp/GodotSharp/Core/GodotSynchronizationContext.cs:51)
:: [34] void Godot.GodotTaskScheduler.Activate() (/root/godot/modules/mono/glue/GodotSharp/GodotSharp/Core/GodotTaskScheduler.cs:76)
:: [35] void Godot.Bridge.ScriptManagerBridge.FrameCallback() (/root/godot/modules/mono/glue/GodotSharp/GodotSharp/Core/Bridge/ScriptManagerBridge.cs:84)
:: WARNING: [DesignConfigService] Palette key 'neon_magenta' not found; falling back to white.
:: at: Godot.Color OmegaSpiral.Source.Design.DesignConfigService.GetColor(string) (res://source/frontend/design/DesignConfigService.cs:37)
:: C# backtrace (most recent call first):
:: [0] void Godot.GD.PushWarning(string) (/root/godot/modules/mono/glue/GodotSharp/GodotSharp/Core/GD.cs:396)
:: [1] Godot.Color OmegaSpiral.Source.Design.DesignConfigService.GetColor(string) (/home/adam/Dev/omega-spiral/chapter-zero/source/frontend/design/DesignConfigService.cs:37)
:: [2] Godot.Color OmegaSpiral.Source.Ui.Omega.OmegaSpiralColors.Get(string) (/home/adam/Dev/omega-spiral/chapter-zero/source/frontend/ui/omega/OmegaSpiralColors.cs:43)
:: [3] Godot.Color OmegaSpiral.Source.Ui.Omega.OmegaSpiralColors.get_NeonMagenta() (/home/adam/Dev/omega-spiral/chapter-zero/source/frontend/ui/omega/OmegaSpiralColors.cs:30)
:: [4] void OmegaSpiral.Tests.Unit.Common.Omega.OmegaSpiralColorsTests.NeonMagenta_MatchesDesignSpec() (/home/adam/Dev/omega-spiral/chapter-zero/tests/ui/omega/OmegaSpiralColorsTests.cs:60)
:: [5] object System.Reflection.MethodBaseInvoker.InterpretedInvoke_Method(object, System.IntPtr*)
:: [6] object System.Reflection.MethodBaseInvoker.InvokeWithNoArgs(object, System.Reflection.BindingFlags)
:: [7] object System.Reflection.RuntimeMethodInfo.Invoke(object, System.Reflection.BindingFlags, System.Reflection.Binder, System.Object[], System.Globalization.CultureInfo)
:: [8] void GdUnit4.Core.Execution.ExecutionStage`1+&lt;ExecuteStage&gt;d__37.MoveNext()
:: [9] void System.Runtime.CompilerServices.AsyncMethodBuilderCore.Start&lt;TStateMachine&gt;(TStateMachine&amp;)
:: [10] System.Threading.Tasks.Task GdUnit4.Core.Execution.ExecutionStage`1.ExecuteStage(GdUnit4.Core.Execution.ExecutionContext)
:: [11] void GdUnit4.Core.Execution.ExecutionStage`1+&lt;Execute&gt;d__30.MoveNext()
:: [12] void System.Runtime.CompilerServices.AsyncMethodBuilderCore.Start&lt;TStateMachine&gt;(TStateMachine&amp;)
:: [13] System.Threading.Tasks.Task GdUnit4.Core.Execution.ExecutionStage`1.Execute(GdUnit4.Core.Execution.ExecutionContext)
:: [14] System.Threading.Tasks.Task GdUnit4.Core.Execution.TestCaseExecutionStage.&lt;&gt;n__0(GdUnit4.Core.Execution.ExecutionContext)
:: [15] void GdUnit4.Core.Execution.TestCaseExecutionStage+&lt;Execute&gt;d__1.MoveNext()
:: [16] void System.Runtime.CompilerServices.AsyncMethodBuilderCore.Start&lt;TStateMachine&gt;(TStateMachine&amp;)
:: [17] System.Threading.Tasks.Task GdUnit4.Core.Execution.TestCaseExecutionStage.Execute(GdUnit4.Core.Execution.ExecutionContext)
:: [18] void GdUnit4.Core.Execution.TestSuiteExecutionStage+&lt;RunTestCase&gt;d__15.MoveNext()
:: [19] void System.Threading.ExecutionContext.RunInternal(System.Threading.ExecutionContext, System.Threading.ContextCallback, object)
:: [20] void System.Runtime.CompilerServices.AsyncTaskMethodBuilder`1+AsyncStateMachineBox`1.MoveNext(System.Threading.Thread)
:: [21] void System.Threading.Tasks.AwaitTaskContinuation.RunCallback(System.Threading.ContextCallback, object, System.Threading.Tasks.Task&amp;)
:: [22] void System.Threading.Tasks.Task.RunContinuations(object)
:: [23] bool System.Threading.Tasks.Task`1.TrySetResult(TResult)
:: [24] void System.Runtime.CompilerServices.AsyncTaskMethodBuilder`1.SetExistingTaskResult(System.Threading.Tasks.Task`1[TResult], TResult)
:: [25] void GdUnit4.Core.Execution.BeforeTestExecutionStage+&lt;Execute&gt;d__1.MoveNext()
:: [26] void System.Threading.ExecutionContext.RunInternal(System.Threading.ExecutionContext, System.Threading.ContextCallback, object)
:: [27] void System.Runtime.CompilerServices.AsyncTaskMethodBuilder`1+AsyncStateMachineBox`1.MoveNext(System.Threading.Thread)
:: [28] void System.Threading.Tasks.AwaitTaskContinuation.RunCallback(System.Threading.ContextCallback, object, System.Threading.Tasks.Task&amp;)
:: [29] void System.Threading.Tasks.Task.RunContinuations(object)
:: [30] bool System.Threading.Tasks.Task`1.TrySetResult(TResult)
:: [31] void System.Runtime.CompilerServices.AsyncTaskMethodBuilder`1.SetExistingTaskResult(System.Threading.Tasks.Task`1[TResult], TResult)
:: [32] void GdUnit4.Core.Execution.ExecutionStage`1+&lt;Execute&gt;d__30.MoveNext()
:: [33] void System.Threading.ExecutionContext.RunInternal(System.Threading.ExecutionContext, System.Threading.ContextCallback, object)
:: [34] void System.Runtime.CompilerServices.AsyncTaskMethodBuilder`1+AsyncStateMachineBox`1.MoveNext(System.Threading.Thread)
:: [35] void Godot.GodotSynchronizationContext.ExecutePendingContinuations() (/root/godot/modules/mono/glue/GodotSharp/GodotSharp/Core/GodotSynchronizationContext.cs:51)
:: [36] void Godot.GodotTaskScheduler.Activate() (/root/godot/modules/mono/glue/GodotSharp/GodotSharp/Core/GodotTaskScheduler.cs:76)
:: [37] void Godot.Bridge.ScriptManagerBridge.FrameCallback() (/root/godot/modules/mono/glue/GodotSharp/GodotSharp/Core/Bridge/ScriptManagerBridge.cs:84)
:: WARNING: [DesignConfigService] Palette key 'neon_magenta' not found; falling back to white.
:: at: Godot.Color OmegaSpiral.Source.Design.DesignConfigService.GetColor(string) (res://source/frontend/design/DesignConfigService.cs:37)
:: C# backtrace (most recent call first):
:: [0] void Godot.GD.PushWarning(string) (/root/godot/modules/mono/glue/GodotSharp/GodotSharp/Core/GD.cs:396)
:: [1] Godot.Color OmegaSpiral.Source.Design.DesignConfigService.GetColor(string) (/home/adam/Dev/omega-spiral/chapter-zero/source/frontend/design/DesignConfigService.cs:37)
:: [2] void OmegaSpiral.Tests.Unit.Common.Omega.OmegaSpiralColorsTests.NeonMagenta_MatchesDesignSpec() (/home/adam/Dev/omega-spiral/chapter-zero/tests/ui/omega/OmegaSpiralColorsTests.cs:61)
:: [3] object System.Reflection.MethodBaseInvoker.InterpretedInvoke_Method(object, System.IntPtr*)
:: [4] object System.Reflection.MethodBaseInvoker.InvokeWithNoArgs(object, System.Reflection.BindingFlags)
:: [5] object System.Reflection.RuntimeMethodInfo.Invoke(object, System.Reflection.BindingFlags, System.Reflection.Binder, System.Object[], System.Globalization.CultureInfo)
:: [6] void GdUnit4.Core.Execution.ExecutionStage`1+&lt;ExecuteStage&gt;d__37.MoveNext()
:: [7] void System.Runtime.CompilerServices.AsyncMethodBuilderCore.Start&lt;TStateMachine&gt;(TStateMachine&amp;)
:: [8] System.Threading.Tasks.Task GdUnit4.Core.Execution.ExecutionStage`1.ExecuteStage(GdUnit4.Core.Execution.ExecutionContext)
:: [9] void GdUnit4.Core.Execution.ExecutionStage`1+&lt;Execute&gt;d__30.MoveNext()
:: [10] void System.Runtime.CompilerServices.AsyncMethodBuilderCore.Start&lt;TStateMachine&gt;(TStateMachine&amp;)
:: [11] System.Threading.Tasks.Task GdUnit4.Core.Execution.ExecutionStage`1.Execute(GdUnit4.Core.Execution.ExecutionContext)
:: [12] System.Threading.Tasks.Task GdUnit4.Core.Execution.TestCaseExecutionStage.&lt;&gt;n__0(GdUnit4.Core.Execution.ExecutionContext)
:: [13] void GdUnit4.Core.Execution.TestCaseExecutionStage+&lt;Execute&gt;d__1.MoveNext()
:: [14] void System.Runtime.CompilerServices.AsyncMethodBuilderCore.Start&lt;TStateMachine&gt;(TStateMachine&amp;)
:: [15] System.Threading.Tasks.Task GdUnit4.Core.Execution.TestCaseExecutionStage.Execute(GdUnit4.Core.Execution.ExecutionContext)
:: [16] void GdUnit4.Core.Execution.TestSuiteExecutionStage+&lt;RunTestCase&gt;d__15.MoveNext()
:: [17] void System.Threading.ExecutionContext.RunInternal(System.Threading.ExecutionContext, System.Threading.ContextCallback, object)
:: [18] void System.Runtime.CompilerServices.AsyncTaskMethodBuilder`1+AsyncStateMachineBox`1.MoveNext(System.Threading.Thread)
:: [19] void System.Threading.Tasks.AwaitTaskContinuation.RunCallback(System.Threading.ContextCallback, object, System.Threading.Tasks.Task&amp;)
:: [20] void System.Threading.Tasks.Task.RunContinuations(object)
:: [21] bool System.Threading.Tasks.Task`1.TrySetResult(TResult)
:: [22] void System.Runtime.CompilerServices.AsyncTaskMethodBuilder`1.SetExistingTaskResult(System.Threading.Tasks.Task`1[TResult], TResult)
:: [23] void GdUnit4.Core.Execution.BeforeTestExecutionStage+&lt;Execute&gt;d__1.MoveNext()
:: [24] void System.Threading.ExecutionContext.RunInternal(System.Threading.ExecutionContext, System.Threading.ContextCallback, object)
:: [25] void System.Runtime.CompilerServices.AsyncTaskMethodBuilder`1+AsyncStateMachineBox`1.MoveNext(System.Threading.Thread)
:: [26] void System.Threading.Tasks.AwaitTaskContinuation.RunCallback(System.Threading.ContextCallback, object, System.Threading.Tasks.Task&amp;)
:: [27] void System.Threading.Tasks.Task.RunContinuations(object)
:: [28] bool System.Threading.Tasks.Task`1.TrySetResult(TResult)
:: [29] void System.Runtime.CompilerServices.AsyncTaskMethodBuilder`1.SetExistingTaskResult(System.Threading.Tasks.Task`1[TResult], TResult)
:: [30] void GdUnit4.Core.Execution.ExecutionStage`1+&lt;Execute&gt;d__30.MoveNext()
:: [31] void System.Threading.ExecutionContext.RunInternal(System.Threading.ExecutionContext, System.Threading.ContextCallback, object)
:: [32] void System.Runtime.CompilerServices.AsyncTaskMethodBuilder`1+AsyncStateMachineBox`1.MoveNext(System.Threading.Thread)
:: [33] void Godot.GodotSynchronizationContext.ExecutePendingContinuations() (/root/godot/modules/mono/glue/GodotSharp/GodotSharp/Core/GodotSynchronizationContext.cs:51)
:: [34] void Godot.GodotTaskScheduler.Activate() (/root/godot/modules/mono/glue/GodotSharp/GodotSharp/Core/GodotTaskScheduler.cs:76)
:: [35] void Godot.Bridge.ScriptManagerBridge.FrameCallback() (/root/godot/modules/mono/glue/GodotSharp/GodotSharp/Core/Bridge/ScriptManagerBridge.cs:84)
:: WARNING: [DesignConfigService] Palette key 'neon_magenta' not found; falling back to white.
:: at: Godot.Color OmegaSpiral.Source.Design.DesignConfigService.GetColor(string) (res://source/frontend/design/DesignConfigService.cs:37)
:: C# backtrace (most recent call first):
:: [0] void Godot.GD.PushWarning(string) (/root/godot/modules/mono/glue/GodotSharp/GodotSharp/Core/GD.cs:396)
:: [1] Godot.Color OmegaSpiral.Source.Design.DesignConfigService.GetColor(string) (/home/adam/Dev/omega-spiral/chapter-zero/source/frontend/design/DesignConfigService.cs:37)
:: [2] Godot.Color OmegaSpiral.Source.Ui.Omega.OmegaSpiralColors.Get(string) (/home/adam/Dev/omega-spiral/chapter-zero/source/frontend/ui/omega/OmegaSpiralColors.cs:43)
:: [3] Godot.Color OmegaSpiral.Source.Ui.Omega.OmegaSpiralColors.get_NeonMagenta() (/home/adam/Dev/omega-spiral/chapter-zero/source/frontend/ui/omega/OmegaSpiralColors.cs:30)
:: [4] void OmegaSpiral.Tests.Unit.Common.Omega.OmegaSpiralColorsTests.PrimaryColors_HaveFullOpacity() (/home/adam/Dev/omega-spiral/chapter-zero/tests/ui/omega/OmegaSpiralColorsTests.cs:252)
:: [5] object System.Reflection.MethodBaseInvoker.InterpretedInvoke_Method(object, System.IntPtr*)
:: [6] object System.Reflection.MethodBaseInvoker.InvokeWithNoArgs(object, System.Reflection.BindingFlags)
:: [7] object System.Reflection.RuntimeMethodInfo.Invoke(object, System.Reflection.BindingFlags, System.Reflection.Binder, System.Object[], System.Globalization.CultureInfo)
:: [8] void GdUnit4.Core.Execution.ExecutionStage`1+&lt;ExecuteStage&gt;d__37.MoveNext()
:: [9] void System.Runtime.CompilerServices.AsyncMethodBuilderCore.Start&lt;TStateMachine&gt;(TStateMachine&amp;)
:: [10] System.Threading.Tasks.Task GdUnit4.Core.Execution.ExecutionStage`1.ExecuteStage(GdUnit4.Core.Execution.ExecutionContext)
:: [11] void GdUnit4.Core.Execution.ExecutionStage`1+&lt;Execute&gt;d__30.MoveNext()
:: [12] void System.Runtime.CompilerServices.AsyncMethodBuilderCore.Start&lt;TStateMachine&gt;(TStateMachine&amp;)
:: [13] System.Threading.Tasks.Task GdUnit4.Core.Execution.ExecutionStage`1.Execute(GdUnit4.Core.Execution.ExecutionContext)
:: [14] System.Threading.Tasks.Task GdUnit4.Core.Execution.TestCaseExecutionStage.&lt;&gt;n__0(GdUnit4.Core.Execution.ExecutionContext)
:: [15] void GdUnit4.Core.Execution.TestCaseExecutionStage+&lt;Execute&gt;d__1.MoveNext()
:: [16] void System.Runtime.CompilerServices.AsyncMethodBuilderCore.Start&lt;TStateMachine&gt;(TStateMachine&amp;)
:: [17] System.Threading.Tasks.Task GdUnit4.Core.Execution.TestCaseExecutionStage.Execute(GdUnit4.Core.Execution.ExecutionContext)
:: [18] void GdUnit4.Core.Execution.TestSuiteExecutionStage+&lt;RunTestCase&gt;d__15.MoveNext()
:: [19] void System.Threading.ExecutionContext.RunInternal(System.Threading.ExecutionContext, System.Threading.ContextCallback, object)
:: [20] void System.Runtime.CompilerServices.AsyncTaskMethodBuilder`1+AsyncStateMachineBox`1.MoveNext(System.Threading.Thread)
:: [21] void System.Threading.Tasks.AwaitTaskContinuation.RunCallback(System.Threading.ContextCallback, object, System.Threading.Tasks.Task&amp;)
:: [22] void System.Threading.Tasks.Task.RunContinuations(object)
:: [23] bool System.Threading.Tasks.Task`1.TrySetResult(TResult)
:: [24] void System.Runtime.CompilerServices.AsyncTaskMethodBuilder`1.SetExistingTaskResult(System.Threading.Tasks.Task`1[TResult], TResult)
:: [25] void GdUnit4.Core.Execution.BeforeTestExecutionStage+&lt;Execute&gt;d__1.MoveNext()
:: [26] void System.Threading.ExecutionContext.RunInternal(System.Threading.ExecutionContext, System.Threading.ContextCallback, object)
:: [27] void System.Runtime.CompilerServices.AsyncTaskMethodBuilder`1+AsyncStateMachineBox`1.MoveNext(System.Threading.Thread)
:: [28] void System.Threading.Tasks.AwaitTaskContinuation.RunCallback(System.Threading.ContextCallback, object, System.Threading.Tasks.Task&amp;)
:: [29] void System.Threading.Tasks.Task.RunContinuations(object)
:: [30] bool System.Threading.Tasks.Task`1.TrySetResult(TResult)
:: [31] void System.Runtime.CompilerServices.AsyncTaskMethodBuilder`1.SetExistingTaskResult(System.Threading.Tasks.Task`1[TResult], TResult)
:: [32] void GdUnit4.Core.Execution.ExecutionStage`1+&lt;Execute&gt;d__30.MoveNext()
:: [33] void System.Threading.ExecutionContext.RunInternal(System.Threading.ExecutionContext, System.Threading.ContextCallback, object)
:: [34] void System.Runtime.CompilerServices.AsyncTaskMethodBuilder`1+AsyncStateMachineBox`1.MoveNext(System.Threading.Thread)
:: [35] void Godot.GodotSynchronizationContext.ExecutePendingContinuations() (/root/godot/modules/mono/glue/GodotSharp/GodotSharp/Core/GodotSynchronizationContext.cs:51)
:: [36] void Godot.GodotTaskScheduler.Activate() (/root/godot/modules/mono/glue/GodotSharp/GodotSharp/Core/GodotTaskScheduler.cs:76)
:: [37] void Godot.Bridge.ScriptManagerBridge.FrameCallback() (/root/godot/modules/mono/glue/GodotSharp/GodotSharp/Core/Bridge/ScriptManagerBridge.cs:84)
:: WARNING: 2 RIDs of type "CanvasItem" were leaked.
:: at: _free_rids (servers/rendering/renderer_canvas_cull.cpp:2692)
:: WARNING: ObjectDB instances leaked at exit (run with --verbose for details).
:: at: cleanup (core/object/object.cpp:2570)
:: ERROR: 26 resources still in use at exit (run with --verbose for details).
:: at: clear (core/io/resource.cpp:801)
GdUnit4 Godot Runtime Test Runner ends with exit code: 0

Completed tests for assembly: /home/adam/Dev/omega-spiral/chapter-zero/.godot/mono/temp/bin/Debug/chapter-zero.dll
Test execution stopped.
</StdOut>
    </Output>
    <RunInfos>
      <RunInfo computerName="omega" outcome="Error" timestamp="2025-10-30T08:54:43.9096242-04:00">
        <Text>Expecting be NOT &lt;Null&gt;:</Text>
      </RunInfo>
      <RunInfo computerName="omega" outcome="Error" timestamp="2025-10-30T08:54:43.9213519-04:00">
        <Text>Expecting be NOT &lt;Null&gt;:</Text>
      </RunInfo>
      <RunInfo computerName="omega" outcome="Error" timestamp="2025-10-30T08:54:43.9357469-04:00">
        <Text>Expecting be NOT &lt;Null&gt;:</Text>
      </RunInfo>
      <RunInfo computerName="omega" outcome="Error" timestamp="2025-10-30T08:54:44.0045468-04:00">
        <Text>Expecting be equal:
    '0.5' but is '0.05'</Text>
      </RunInfo>
      <RunInfo computerName="omega" outcome="Error" timestamp="2025-10-30T08:54:44.0260232-04:00">
        <Text>Expecting be equal:
    '2' but is '0.05'</Text>
      </RunInfo>
      <RunInfo computerName="omega" outcome="Error" timestamp="2025-10-30T08:54:44.0387342-04:00">
        <Text>Expecting be equal:
    '0' but is '0.05'</Text>
      </RunInfo>
      <RunInfo computerName="omega" outcome="Error" timestamp="2025-10-30T08:54:44.0606041-04:00">
        <Text>Object reference not set to an instance of an object.</Text>
      </RunInfo>
      <RunInfo computerName="omega" outcome="Error" timestamp="2025-10-30T08:54:44.0738358-04:00">
        <Text>Object reference not set to an instance of an object.</Text>
      </RunInfo>
    </RunInfos>
  </ResultSummary>
</TestRun>
