<?xml version="1.0" encoding="utf-8"?>
<TestRun id="75f5038e-b02f-44f7-880a-a95d0bbb0732" name="@omega 2025-10-25 16:04:45" xmlns="http://microsoft.com/schemas/VisualStudio/TeamTest/2010">
  <Times creation="2025-10-25T16:04:45.8997305-04:00" queuing="2025-10-25T16:04:45.8997305-04:00" start="2025-10-25T16:04:23.0354588-04:00" finish="2025-10-25T16:05:08.9701106-04:00" />
  <TestSettings name="default" id="beba7d9d-910e-45a6-a7ca-9095104716c2">
    <Deployment runDeploymentRoot="_omega_2025-10-25_16_04_45" />
  </TestSettings>
  <Results>
    <UnitTestResult executionId="b1705cb6-7495-462c-9be0-5e8623260a2e" testId="798f259e-902d-49a5-bea4-8d5190175c95" testName="OmegaSpiral.Tests.Stages.Stage2.NethackDirectorTests.GetPlan_ReturnsNonNull" computerName="omega" duration="00:00:00.1140000" startTime="2025-10-25T16:04:59.7273585-04:00" endTime="2025-10-25T16:04:59.7276675-04:00" testType="13cdc9d9-ddb5-4fa4-a97d-d965ccfc6d4b" outcome="Passed" testListId="8c84fa94-04c1-424b-9868-57a2d4851a1d" relativeResultsDirectory="b1705cb6-7495-462c-9be0-5e8623260a2e" />
    <UnitTestResult executionId="a6ff7989-a360-4e7e-bad4-e905c5c67c05" testId="dee72b28-fb8f-4b68-9e56-22354947a175" testName="[After].SetPlayerNameStoresValueCorrectly" computerName="omega" startTime="2025-10-25T16:05:00.2625639-04:00" endTime="2025-10-25T16:05:00.2625746-04:00" testType="13cdc9d9-ddb5-4fa4-a97d-d965ccfc6d4b" outcome="Passed" testListId="8c84fa94-04c1-424b-9868-57a2d4851a1d" relativeResultsDirectory="a6ff7989-a360-4e7e-bad4-e905c5c67c05">
      <Output>
        <StdErr>Warning:
    Detected &lt;1&gt; orphan nodes during test suite setup stage!
    Check Setup:21 and Cleanup:31 for unfreed instances!</StdErr>
        <ErrorInfo>
          <Message>Warning:
    Detected &lt;1&gt; orphan nodes during test suite setup stage!
    Check Setup:21 and Cleanup:31 for unfreed instances!</Message>
        </ErrorInfo>
      </Output>
    </UnitTestResult>
    <UnitTestResult executionId="d6808144-6e60-49b5-a098-adafccc9774f" testId="0c7e2b9f-8798-4f9b-814c-afbdd38be174" testName="OmegaSpiral.Tests.Integration.Ui.OmegaUiTests.ScanlineLayer_Exists" computerName="omega" duration="00:00:00.0200000" startTime="2025-10-25T16:04:52.2032261-04:00" endTime="2025-10-25T16:04:52.2038683-04:00" testType="13cdc9d9-ddb5-4fa4-a97d-d965ccfc6d4b" outcome="Passed" testListId="8c84fa94-04c1-424b-9868-57a2d4851a1d" relativeResultsDirectory="d6808144-6e60-49b5-a098-adafccc9774f" />
    <UnitTestResult executionId="68980914-e3ea-476d-b819-cc3a21a8025f" testId="8a4cd7fa-f3c7-42e4-9974-82a23d15507e" testName="OmegaSpiral.Tests.Unit.Common.Terminal.TerminalTextRendererTests.AppendTextAsync__EmptyText_DoesNothing" computerName="omega" duration="00:00:00.0200000" startTime="2025-10-25T16:05:08.2081694-04:00" endTime="2025-10-25T16:05:08.2086755-04:00" testType="13cdc9d9-ddb5-4fa4-a97d-d965ccfc6d4b" outcome="Passed" testListId="8c84fa94-04c1-424b-9868-57a2d4851a1d" relativeResultsDirectory="68980914-e3ea-476d-b819-cc3a21a8025f" />
    <UnitTestResult executionId="eae1596b-ab99-4050-b0c4-3ae729c94d12" testId="f1973c06-2585-405b-96e3-92984a657924" testName="OmegaSpiral.Tests.Integration.Ui.Menus.MainMenuTests.OptionsButton_HasPressedSignalHandler" computerName="omega" duration="00:00:00.0130000" startTime="2025-10-25T16:04:51.4582186-04:00" endTime="2025-10-25T16:04:51.4585160-04:00" testType="13cdc9d9-ddb5-4fa4-a97d-d965ccfc6d4b" outcome="Passed" testListId="8c84fa94-04c1-424b-9868-57a2d4851a1d" relativeResultsDirectory="eae1596b-ab99-4050-b0c4-3ae729c94d12" />
    <UnitTestResult executionId="d9e92fe7-5d28-44f1-a57d-315223a69e17" testId="d33c8780-27c8-4c9d-b861-ab915054b2e8" testName="[After].TransitionToScenePerformsSceneTransition" computerName="omega" startTime="2025-10-25T16:05:00.2634999-04:00" endTime="2025-10-25T16:05:00.2635026-04:00" testType="13cdc9d9-ddb5-4fa4-a97d-d965ccfc6d4b" outcome="Passed" testListId="8c84fa94-04c1-424b-9868-57a2d4851a1d" relativeResultsDirectory="d9e92fe7-5d28-44f1-a57d-315223a69e17">
      <Output>
        <StdErr>Warning:
    Detected &lt;1&gt; orphan nodes during test suite setup stage!
    Check Setup:21 and Cleanup:31 for unfreed instances!</StdErr>
        <ErrorInfo>
          <Message>Warning:
    Detected &lt;1&gt; orphan nodes during test suite setup stage!
    Check Setup:21 and Cleanup:31 for unfreed instances!</Message>
        </ErrorInfo>
      </Output>
    </UnitTestResult>
    <UnitTestResult executionId="a5af6a24-4f3c-4a3b-8383-2ca80cf6b7cf" testId="2f0c8589-fd8d-4fb6-ad4c-4d6e92b5ae25" testName="[After].MenuTitle_UsesAmberDesignColor" computerName="omega" startTime="2025-10-25T16:04:51.7362440-04:00" endTime="2025-10-25T16:04:51.7362447-04:00" testType="13cdc9d9-ddb5-4fa4-a97d-d965ccfc6d4b" outcome="Failed" testListId="8c84fa94-04c1-424b-9868-57a2d4851a1d" relativeResultsDirectory="a5af6a24-4f3c-4a3b-8383-2ca80cf6b7cf">
      <Output>
        <StdErr>Warning:
    Detected &lt;41&gt; orphan nodes during test suite setup stage!
    Check Setup:27 and Cleanup:35 for unfreed instances!</StdErr>
        <ErrorInfo>
          <Message>Warning:
    Detected &lt;41&gt; orphan nodes during test suite setup stage!
    Check Setup:27 and Cleanup:35 for unfreed instances!</Message>
        </ErrorInfo>
      </Output>
    </UnitTestResult>
    <UnitTestResult executionId="9c688412-b277-4376-ab1a-a453ef6bc392" testId="c6423735-bc1e-44e9-b083-716e605bba7d" testName="OmegaSpiral.Tests.Integration.Ui.TerminalUITests.DefaultMode_IsFull" computerName="omega" duration="00:00:00.0200000" startTime="2025-10-25T16:04:59.4858891-04:00" endTime="2025-10-25T16:04:59.4867412-04:00" testType="13cdc9d9-ddb5-4fa4-a97d-d965ccfc6d4b" outcome="Passed" testListId="8c84fa94-04c1-424b-9868-57a2d4851a1d" relativeResultsDirectory="9c688412-b277-4376-ab1a-a453ef6bc392" />
    <UnitTestResult executionId="43dfb45d-5116-47b2-87f5-1a7b0dc92634" testId="6dbb996f-8420-4515-832b-8aaf2285e8fc" testName="OmegaSpiral.Tests.Integration.Ui.OmegaUiTests.ColorGradient_RotatesAroundUIBorder" computerName="omega" duration="00:00:00.0210000" startTime="2025-10-25T16:04:59.1620164-04:00" endTime="2025-10-25T16:04:59.1623186-04:00" testType="13cdc9d9-ddb5-4fa4-a97d-d965ccfc6d4b" outcome="Failed" testListId="8c84fa94-04c1-424b-9868-57a2d4851a1d" relativeResultsDirectory="43dfb45d-5116-47b2-87f5-1a7b0dc92634">
      <Output>
        <ErrorInfo>
          <Message>The call is ambiguous between the following methods or properties: 'GdUnit4.Assertions.AssertThat(System.Collections.BitArray)' and 'GdUnit4.Assertions.AssertThat(Godot.Collections.Array)'</Message>
          <StackTrace>   at CallSite.Target(Closure, CallSite, Type, Object)
   at GdUnit4.Assertions.AssertThat(Variant current)
   at OmegaSpiral.Tests.Integration.Ui.OmegaUiTests.ColorGradient_RotatesAroundUIBorder() in /home/adam/Dev/omega-spiral/chapter-zero/tests/integration/ui/OmegaUiTests.cs:line 497
   at GdUnit4.Core.Execution.ExecutionStage`1.ExecuteStage(ExecutionContext context)
   at GdUnit4.Core.Execution.ExecutionStage`1.Execute(ExecutionContext context)
</StackTrace>
        </ErrorInfo>
      </Output>
    </UnitTestResult>
    <UnitTestResult executionId="43f60bd0-fc41-4c4c-a5ee-48f95e6e858c" testId="744e1eaa-4fba-4e3d-a032-72892074be81" testName="OmegaSpiral.Tests.Integration.SceneLoadingAndViewportTests.MenuFixture_NeverRendersOffscreen" computerName="omega" duration="00:00:00.0200000" startTime="2025-10-25T16:04:50.8443871-04:00" endTime="2025-10-25T16:04:50.8448048-04:00" testType="13cdc9d9-ddb5-4fa4-a97d-d965ccfc6d4b" outcome="Failed" testListId="8c84fa94-04c1-424b-9868-57a2d4851a1d" relativeResultsDirectory="43f60bd0-fc41-4c4c-a5ee-48f95e6e858c">
      <Output>
        <ErrorInfo>
          <Message>Object reference not set to an instance of an object.</Message>
          <StackTrace>   at OmegaSpiral.Tests.Integration.SceneLoadingAndViewportTests.MenuFixture_NeverRendersOffscreen() in /home/adam/Dev/omega-spiral/chapter-zero/tests/integration/SceneLoadingAndViewportTests.cs:line 77
   at System.RuntimeMethodHandle.InvokeMethod(ObjectHandleOnStack target, Void** arguments, ObjectHandleOnStack sig, BOOL isConstructor, ObjectHandleOnStack result)
   at System.RuntimeMethodHandle.InvokeMethod(ObjectHandleOnStack target, Void** arguments, ObjectHandleOnStack sig, BOOL isConstructor, ObjectHandleOnStack result)
   at System.Reflection.MethodBaseInvoker.InterpretedInvoke_Method(Object obj, IntPtr* args)
   at System.Reflection.RuntimeMethodInfo.Invoke(Object obj, BindingFlags invokeAttr, Binder binder, Object[] parameters, CultureInfo culture)
</StackTrace>
        </ErrorInfo>
      </Output>
    </UnitTestResult>
    <UnitTestResult executionId="10ac1ca9-c6b3-4a3c-905c-6b3d573a6470" testId="d2f54a70-3771-47de-b152-26a0b0d2f908" testName="OmegaSpiral.Tests.Unit.Ui.OmegaUi_UnitTests.ApplyVisualPresetAsync_GracefulFailureWhenControllerNull" computerName="omega" duration="00:00:00.0200000" startTime="2025-10-25T16:05:08.3644165-04:00" endTime="2025-10-25T16:05:08.3647060-04:00" testType="13cdc9d9-ddb5-4fa4-a97d-d965ccfc6d4b" outcome="Passed" testListId="8c84fa94-04c1-424b-9868-57a2d4851a1d" relativeResultsDirectory="10ac1ca9-c6b3-4a3c-905c-6b3d573a6470">
      <Output>
        <StdErr>Warning:
    Detected &lt;1&gt; orphan nodes during test execution!</StdErr>
        <ErrorInfo>
          <Message>Warning:
    Detected &lt;1&gt; orphan nodes during test execution!</Message>
        </ErrorInfo>
      </Output>
    </UnitTestResult>
    <UnitTestResult executionId="4190b5dc-1619-4fae-ac22-49db3b3601a5" testId="b8cebcda-0f2d-4640-9abc-d12f710a6f9c" testName="OmegaSpiral.Tests.Unit.Common.Terminal.TerminalShaderControllerTests.Constructor_WithValidDisplay_InitializesCorrectly" computerName="omega" duration="00:00:00.0200000" startTime="2025-10-25T16:05:00.9491643-04:00" endTime="2025-10-25T16:05:00.9494586-04:00" testType="13cdc9d9-ddb5-4fa4-a97d-d965ccfc6d4b" outcome="Passed" testListId="8c84fa94-04c1-424b-9868-57a2d4851a1d" relativeResultsDirectory="4190b5dc-1619-4fae-ac22-49db3b3601a5" />
    <UnitTestResult executionId="2bc885c9-a779-432e-b833-8308482c4c95" testId="2f0c8589-fd8d-4fb6-ad4c-4d6e92b5ae25" testName="OmegaSpiral.Tests.Integration.Ui.Menus.MainMenuTests.MenuTitle_UsesAmberDesignColor" computerName="omega" duration="00:00:00.0200000" startTime="2025-10-25T16:04:51.5229918-04:00" endTime="2025-10-25T16:04:51.5237081-04:00" testType="13cdc9d9-ddb5-4fa4-a97d-d965ccfc6d4b" outcome="Failed" testListId="8c84fa94-04c1-424b-9868-57a2d4851a1d" relativeResultsDirectory="2bc885c9-a779-432e-b833-8308482c4c95">
      <Output>
        <ErrorInfo>
          <Message>Expecting to be less than:
    '0.01' but is '0.21176499'</Message>
          <StackTrace>   at OmegaSpiral.Tests.Integration.Ui.Menus.MainMenuTests.MenuTitle_UsesAmberDesignColor() in /home/adam/Dev/omega-spiral/chapter-zero/tests/integration/ui/menus/MainMenuTests.cs:line 281
</StackTrace>
        </ErrorInfo>
      </Output>
    </UnitTestResult>
    <UnitTestResult executionId="8114fe0b-69de-4411-81c7-9cc8a9df491e" testId="b8666881-23c9-4dcb-a87e-394a9e0e94c6" testName="OmegaSpiral.Tests.Unit.Common.GameStateTests.GettotalscoreReturnssumofallscores" computerName="omega" duration="00:00:00.0130000" startTime="2025-10-25T16:05:00.0796727-04:00" endTime="2025-10-25T16:05:00.0800815-04:00" testType="13cdc9d9-ddb5-4fa4-a97d-d965ccfc6d4b" outcome="Passed" testListId="8c84fa94-04c1-424b-9868-57a2d4851a1d" relativeResultsDirectory="8114fe0b-69de-4411-81c7-9cc8a9df491e">
      <Output>
        <StdErr>Warning:
    Detected &lt;1&gt; orphan nodes during test execution!</StdErr>
        <ErrorInfo>
          <Message>Warning:
    Detected &lt;1&gt; orphan nodes during test execution!</Message>
        </ErrorInfo>
      </Output>
    </UnitTestResult>
    <UnitTestResult executionId="4fb3ee8e-f9b6-4953-bb65-6206855f7394" testId="b85bb2ef-26e9-4ef9-9fce-21372450f94b" testName="[After].LaunchButton_HasPressedSignalHandler" computerName="omega" startTime="2025-10-25T16:04:51.7300206-04:00" endTime="2025-10-25T16:04:51.7300241-04:00" testType="13cdc9d9-ddb5-4fa4-a97d-d965ccfc6d4b" outcome="Failed" testListId="8c84fa94-04c1-424b-9868-57a2d4851a1d" relativeResultsDirectory="4fb3ee8e-f9b6-4953-bb65-6206855f7394">
      <Output>
        <StdErr>Warning:
    Detected &lt;41&gt; orphan nodes during test suite setup stage!
    Check Setup:27 and Cleanup:35 for unfreed instances!</StdErr>
        <ErrorInfo>
          <Message>Warning:
    Detected &lt;41&gt; orphan nodes during test suite setup stage!
    Check Setup:27 and Cleanup:35 for unfreed instances!</Message>
        </ErrorInfo>
      </Output>
    </UnitTestResult>
    <UnitTestResult executionId="c8107abb-3c1d-4a7c-9ef9-3759a599a87f" testId="2bc7e290-dc91-44c4-8ddb-52ef846e6d40" testName="TerminalWindowTestsNew.TerminalWindow_SupportsVariousMinimumSizes.TerminalWindow_SupportsVariousMinimumSizes:2 (1920, 1080)" computerName="omega" duration="00:00:00.0130000" startTime="2025-10-25T16:05:08.6264639-04:00" endTime="2025-10-25T16:05:08.6267440-04:00" testType="13cdc9d9-ddb5-4fa4-a97d-d965ccfc6d4b" outcome="Passed" testListId="8c84fa94-04c1-424b-9868-57a2d4851a1d" relativeResultsDirectory="c8107abb-3c1d-4a7c-9ef9-3759a599a87f" />
    <UnitTestResult executionId="0d0d3bc9-b0f4-4f2b-9412-01fc6638337a" testId="a87c5635-73ee-4812-bbc6-c237660dfc3a" testName="OmegaSpiral.Tests.Unit.Ui.OmegaUi_UnitTests.AppendTextAsync_DelegatesToTextRenderer" computerName="omega" duration="00:00:00.0710000" startTime="2025-10-25T16:05:08.3162805-04:00" endTime="2025-10-25T16:05:08.3165537-04:00" testType="13cdc9d9-ddb5-4fa4-a97d-d965ccfc6d4b" outcome="Passed" testListId="8c84fa94-04c1-424b-9868-57a2d4851a1d" relativeResultsDirectory="0d0d3bc9-b0f4-4f2b-9412-01fc6638337a">
      <Output>
        <StdErr>Warning:
    Detected &lt;1&gt; orphan nodes during test execution!</StdErr>
        <ErrorInfo>
          <Message>Warning:
    Detected &lt;1&gt; orphan nodes during test execution!</Message>
        </ErrorInfo>
      </Output>
    </UnitTestResult>
    <UnitTestResult executionId="e1e9728e-9837-4b16-9625-61da911c6851" testId="2e925856-0669-413f-87fa-697e419d8918" testName="OmegaSpiral.Tests.Unit.Common.Terminal.TerminalChoicePresenterTests.PresentChoicesAsync_EmptyChoices_ThrowsArgumentException" computerName="omega" duration="00:00:00.0210000" startTime="2025-10-25T16:05:00.8595413-04:00" endTime="2025-10-25T16:05:00.8600853-04:00" testType="13cdc9d9-ddb5-4fa4-a97d-d965ccfc6d4b" outcome="Passed" testListId="8c84fa94-04c1-424b-9868-57a2d4851a1d" relativeResultsDirectory="e1e9728e-9837-4b16-9625-61da911c6851" />
    <UnitTestResult executionId="08d3973d-a26e-49ae-9c02-370f438529ea" testId="18f1d37c-890c-4486-aa45-9afe7c697f35" testName="OmegaSpiral.Tests.Integration.Ui.OmegaUiTests.PhosphorLayerPath_HasDefault" computerName="omega" duration="00:00:00.0210000" startTime="2025-10-25T16:04:52.3984168-04:00" endTime="2025-10-25T16:04:52.3986909-04:00" testType="13cdc9d9-ddb5-4fa4-a97d-d965ccfc6d4b" outcome="Passed" testListId="8c84fa94-04c1-424b-9868-57a2d4851a1d" relativeResultsDirectory="08d3973d-a26e-49ae-9c02-370f438529ea" />
    <UnitTestResult executionId="fa843e0e-dc0a-4fc0-a540-75d847025234" testId="3960e942-b587-4c35-be52-c137fa35dfef" testName="OmegaSpiral.Tests.Integration.Ui.Menus.MainMenuTests.StageButtons_HaveCorrectTextFromManifest" computerName="omega" duration="00:00:00.0110000" startTime="2025-10-25T16:04:51.3684625-04:00" endTime="2025-10-25T16:04:51.3687498-04:00" testType="13cdc9d9-ddb5-4fa4-a97d-d965ccfc6d4b" outcome="Failed" testListId="8c84fa94-04c1-424b-9868-57a2d4851a1d" relativeResultsDirectory="fa843e0e-dc0a-4fc0-a540-75d847025234">
      <Output>
        <ErrorInfo>
          <Message>Sequence contains no matching element</Message>
          <StackTrace>   at System.Linq.ThrowHelper.ThrowNoMatchException()
   at System.Linq.Enumerable.First[TSource](IEnumerable`1 source, Func`2 predicate)
   at OmegaSpiral.Tests.Integration.Ui.Menus.MainMenuTests.StageButtons_HaveCorrectTextFromManifest() in /home/adam/Dev/omega-spiral/chapter-zero/tests/integration/ui/menus/MainMenuTests.cs:line 139
   at System.RuntimeMethodHandle.InvokeMethod(ObjectHandleOnStack target, Void** arguments, ObjectHandleOnStack sig, BOOL isConstructor, ObjectHandleOnStack result)
   at System.RuntimeMethodHandle.InvokeMethod(ObjectHandleOnStack target, Void** arguments, ObjectHandleOnStack sig, BOOL isConstructor, ObjectHandleOnStack result)
   at System.Reflection.MethodBaseInvoker.InterpretedInvoke_Method(Object obj, IntPtr* args)
   at System.Reflection.RuntimeMethodInfo.Invoke(Object obj, BindingFlags invokeAttr, Binder binder, Object[] parameters, CultureInfo culture)
</StackTrace>
        </ErrorInfo>
      </Output>
    </UnitTestResult>
    <UnitTestResult executionId="facf01c6-0916-4ba1-b639-f38ca7e936ce" testId="831f7116-2496-4c28-951d-6f1390f054c8" testName="OmegaSpiral.Tests.Integration.Ui.Menus.MainMenuTests.ScanlineLayer_IsVisibleWithCorrectOpacity" computerName="omega" duration="00:00:00.0210000" startTime="2025-10-25T16:04:51.6850119-04:00" endTime="2025-10-25T16:04:51.6853370-04:00" testType="13cdc9d9-ddb5-4fa4-a97d-d965ccfc6d4b" outcome="Passed" testListId="8c84fa94-04c1-424b-9868-57a2d4851a1d" relativeResultsDirectory="facf01c6-0916-4ba1-b639-f38ca7e936ce" />
    <UnitTestResult executionId="03dc368c-221d-4799-afad-e4b4117839cd" testId="d7ed09c6-50c5-4e0f-96d5-3257367d176b" testName="ShaderLayer_MatchesOmegaSpiralAesthetic" computerName="omega" duration="00:00:00.0100000" startTime="2025-10-25T16:04:52.5231053-04:00" endTime="2025-10-25T16:04:52.5234045-04:00" testType="13cdc9d9-ddb5-4fa4-a97d-d965ccfc6d4b" outcome="Passed" testListId="8c84fa94-04c1-424b-9868-57a2d4851a1d" relativeResultsDirectory="03dc368c-221d-4799-afad-e4b4117839cd" />
    <UnitTestResult executionId="8e0dac87-6f5a-421f-9597-c53e225fcd6f" testId="c35b52d1-b47f-4ab1-8104-932de564716a" testName="OmegaSpiral.Tests.Unit.Common.Terminal.TerminalShaderControllerTests.ApplyVisualPresetAsync_GlitchPreset_AppliesCorrectShader" computerName="omega" duration="00:00:00.0310000" startTime="2025-10-25T16:05:01.0667790-04:00" endTime="2025-10-25T16:05:01.0670537-04:00" testType="13cdc9d9-ddb5-4fa4-a97d-d965ccfc6d4b" outcome="Passed" testListId="8c84fa94-04c1-424b-9868-57a2d4851a1d" relativeResultsDirectory="8e0dac87-6f5a-421f-9597-c53e225fcd6f" />
    <UnitTestResult executionId="822991fd-3f0c-4feb-8aa1-3e3886356f31" testId="cb4dc6b0-2f30-4f99-9191-270f287b618c" testName="OmegaSpiral.Tests.Integration.Ui.OmegaUiTests.ShaderLayers_HaveFullScreenAnchors" computerName="omega" duration="00:00:00.0220000" startTime="2025-10-25T16:04:52.2406605-04:00" endTime="2025-10-25T16:04:52.2410194-04:00" testType="13cdc9d9-ddb5-4fa4-a97d-d965ccfc6d4b" outcome="Passed" testListId="8c84fa94-04c1-424b-9868-57a2d4851a1d" relativeResultsDirectory="822991fd-3f0c-4feb-8aa1-3e3886356f31" />
    <UnitTestResult executionId="0f0be251-d665-452a-9172-3323bc4d7e5d" testId="7438284e-a31c-47d7-9d67-45fe6f2f25ee" testName="TerminalWindowTestsNew.TerminalWindow_IsProperlyParentedInScene" computerName="omega" duration="00:00:00.0330000" startTime="2025-10-25T16:05:08.5578656-04:00" endTime="2025-10-25T16:05:08.5608302-04:00" testType="13cdc9d9-ddb5-4fa4-a97d-d965ccfc6d4b" outcome="Passed" testListId="8c84fa94-04c1-424b-9868-57a2d4851a1d" relativeResultsDirectory="0f0be251-d665-452a-9172-3323bc4d7e5d" />
    <UnitTestResult executionId="c9f2dd6d-b3b9-4a7c-a5ef-083e9c1ff8a0" testId="e9c2d50f-b5fa-451e-a978-0d06023e61fd" testName="OmegaSpiral.Tests.Unit.Common.Terminal.TerminalShaderControllerTests.ApplyVisualPresetAsync_TerminalPreset_RemovesShader" computerName="omega" duration="00:00:00.0450000" startTime="2025-10-25T16:05:02.6945584-04:00" endTime="2025-10-25T16:05:02.6968093-04:00" testType="13cdc9d9-ddb5-4fa4-a97d-d965ccfc6d4b" outcome="Passed" testListId="8c84fa94-04c1-424b-9868-57a2d4851a1d" relativeResultsDirectory="c9f2dd6d-b3b9-4a7c-a5ef-083e9c1ff8a0" />
    <UnitTestResult executionId="756065ff-78c0-4368-95e6-1b4e752cb746" testId="18f1d37c-890c-4486-aa45-9afe7c697f35" testName="[After].PhosphorLayerPath_HasDefault" computerName="omega" startTime="2025-10-25T16:04:59.1811124-04:00" endTime="2025-10-25T16:04:59.1811137-04:00" testType="13cdc9d9-ddb5-4fa4-a97d-d965ccfc6d4b" outcome="Failed" testListId="8c84fa94-04c1-424b-9868-57a2d4851a1d" relativeResultsDirectory="756065ff-78c0-4368-95e6-1b4e752cb746">
      <Output>
        <StdErr>Warning:
    Detected &lt;9&gt; orphan nodes during test suite setup stage!
    Check Setup:26 and Cleanup:34 for unfreed instances!</StdErr>
        <ErrorInfo>
          <Message>Warning:
    Detected &lt;9&gt; orphan nodes during test suite setup stage!
    Check Setup:26 and Cleanup:34 for unfreed instances!</Message>
        </ErrorInfo>
      </Output>
    </UnitTestResult>
    <UnitTestResult executionId="20765c0c-d35c-4c8e-b3d6-96edc4cca528" testId="d8b2f566-600e-4798-9666-a1d29357d874" testName="[After].ResetShaderEffects_AfterApplyingPreset_RemovesMaterial" computerName="omega" startTime="2025-10-25T16:05:02.7062427-04:00" endTime="2025-10-25T16:05:02.7062439-04:00" testType="13cdc9d9-ddb5-4fa4-a97d-d965ccfc6d4b" outcome="Passed" testListId="8c84fa94-04c1-424b-9868-57a2d4851a1d" relativeResultsDirectory="20765c0c-d35c-4c8e-b3d6-96edc4cca528">
      <Output>
        <StdErr>Warning:
    Detected &lt;1&gt; orphan nodes during test suite setup stage!
    Check Setup:26 and Cleanup:36 for unfreed instances!</StdErr>
        <ErrorInfo>
          <Message>Warning:
    Detected &lt;1&gt; orphan nodes during test suite setup stage!
    Check Setup:26 and Cleanup:36 for unfreed instances!</Message>
        </ErrorInfo>
      </Output>
    </UnitTestResult>
    <UnitTestResult executionId="bc72b531-ff88-4dec-bc88-1b759f824f61" testId="3712839c-24e4-4e4f-8b5d-a7380651c448" testName="OmegaSpiral.Tests.Integration.Ui.Menus.MainMenuTests.OptionsButton_Exists" computerName="omega" duration="00:00:00.0130000" startTime="2025-10-25T16:04:51.4028827-04:00" endTime="2025-10-25T16:04:51.4039217-04:00" testType="13cdc9d9-ddb5-4fa4-a97d-d965ccfc6d4b" outcome="Passed" testListId="8c84fa94-04c1-424b-9868-57a2d4851a1d" relativeResultsDirectory="bc72b531-ff88-4dec-bc88-1b759f824f61" />
    <UnitTestResult executionId="c7f35717-e73a-4b37-8ebc-c0431f179da8" testId="70b3e04c-c244-4b43-a5b9-00df44516b27" testName="OmegaSpiral.Tests.Unit.Common.SceneManagerTests.UpdateCurrentSceneUpdatesIndexCorrectly" computerName="omega" duration="00:00:00.0200000" startTime="2025-10-25T16:05:00.2240485-04:00" endTime="2025-10-25T16:05:00.2243381-04:00" testType="13cdc9d9-ddb5-4fa4-a97d-d965ccfc6d4b" outcome="Passed" testListId="8c84fa94-04c1-424b-9868-57a2d4851a1d" relativeResultsDirectory="c7f35717-e73a-4b37-8ebc-c0431f179da8">
      <Output>
        <StdOut>Updated current scene to: 3</StdOut>
      </Output>
    </UnitTestResult>
    <UnitTestResult executionId="37e192eb-3031-45d8-b005-492479ddd890" testId="49b34865-aa33-4681-a09e-04921bbd9c95" testName="[After].TextDisplayPath_HasDefault" computerName="omega" startTime="2025-10-25T16:04:59.1863341-04:00" endTime="2025-10-25T16:04:59.1863348-04:00" testType="13cdc9d9-ddb5-4fa4-a97d-d965ccfc6d4b" outcome="Failed" testListId="8c84fa94-04c1-424b-9868-57a2d4851a1d" relativeResultsDirectory="37e192eb-3031-45d8-b005-492479ddd890">
      <Output>
        <StdErr>Warning:
    Detected &lt;9&gt; orphan nodes during test suite setup stage!
    Check Setup:26 and Cleanup:34 for unfreed instances!</StdErr>
        <ErrorInfo>
          <Message>Warning:
    Detected &lt;9&gt; orphan nodes during test suite setup stage!
    Check Setup:26 and Cleanup:34 for unfreed instances!</Message>
        </ErrorInfo>
      </Output>
    </UnitTestResult>
    <UnitTestResult executionId="119f81e9-73a5-4eec-be23-fa5cb67b8419" testId="0d38961a-1a95-490b-97f9-a231238cd295" testName="[After].ContentContainer_HasFullScreenAnchors" computerName="omega" startTime="2025-10-25T16:04:59.1724952-04:00" endTime="2025-10-25T16:04:59.1724967-04:00" testType="13cdc9d9-ddb5-4fa4-a97d-d965ccfc6d4b" outcome="Failed" testListId="8c84fa94-04c1-424b-9868-57a2d4851a1d" relativeResultsDirectory="119f81e9-73a5-4eec-be23-fa5cb67b8419">
      <Output>
        <StdErr>Warning:
    Detected &lt;9&gt; orphan nodes during test suite setup stage!
    Check Setup:26 and Cleanup:34 for unfreed instances!</StdErr>
        <ErrorInfo>
          <Message>Warning:
    Detected &lt;9&gt; orphan nodes during test suite setup stage!
    Check Setup:26 and Cleanup:34 for unfreed instances!</Message>
        </ErrorInfo>
      </Output>
    </UnitTestResult>
    <UnitTestResult executionId="8ad21b92-c0e5-49e4-b897-a14d669c88ae" testId="424b20c5-ed03-4918-84b6-55d46247e1c7" testName="OmegaSpiral.Tests.Integration.SceneLoadingAndViewportTests.Scene_LoadsConsistentlyAcrossMultipleInstances" computerName="omega" duration="00:00:00.0260000" startTime="2025-10-25T16:04:50.8923633-04:00" endTime="2025-10-25T16:04:50.8926957-04:00" testType="13cdc9d9-ddb5-4fa4-a97d-d965ccfc6d4b" outcome="Failed" testListId="8c84fa94-04c1-424b-9868-57a2d4851a1d" relativeResultsDirectory="8ad21b92-c0e5-49e4-b897-a14d669c88ae">
      <Output>
        <ErrorInfo>
          <Message>Object reference not set to an instance of an object.</Message>
          <StackTrace>   at OmegaSpiral.Tests.Integration.SceneLoadingAndViewportTests.Scene_LoadsConsistentlyAcrossMultipleInstances() in /home/adam/Dev/omega-spiral/chapter-zero/tests/integration/SceneLoadingAndViewportTests.cs:line 155
   at System.RuntimeMethodHandle.InvokeMethod(ObjectHandleOnStack target, Void** arguments, ObjectHandleOnStack sig, BOOL isConstructor, ObjectHandleOnStack result)
   at System.RuntimeMethodHandle.InvokeMethod(ObjectHandleOnStack target, Void** arguments, ObjectHandleOnStack sig, BOOL isConstructor, ObjectHandleOnStack result)
   at System.Reflection.MethodBaseInvoker.InterpretedInvoke_Method(Object obj, IntPtr* args)
   at System.Reflection.RuntimeMethodInfo.Invoke(Object obj, BindingFlags invokeAttr, Binder binder, Object[] parameters, CultureInfo culture)
</StackTrace>
        </ErrorInfo>
      </Output>
    </UnitTestResult>
    <UnitTestResult executionId="9d4f9e2a-0c34-4b66-9a60-6894dc608e27" testId="c97615f9-df9d-4fd8-aac3-da263f6cb486" testName="OmegaSpiral.Tests.Integration.Ui.TerminalUITests.InitializesTextRenderer" computerName="omega" duration="00:00:00.0210000" startTime="2025-10-25T16:04:59.5698342-04:00" endTime="2025-10-25T16:04:59.5701568-04:00" testType="13cdc9d9-ddb5-4fa4-a97d-d965ccfc6d4b" outcome="Failed" testListId="8c84fa94-04c1-424b-9868-57a2d4851a1d" relativeResultsDirectory="9d4f9e2a-0c34-4b66-9a60-6894dc608e27">
      <Output>
        <ErrorInfo>
          <Message>Expecting be NOT &lt;Null&gt;:</Message>
          <StackTrace>   at OmegaSpiral.Tests.Integration.Ui.TerminalUITests.InitializesTextRenderer() in /home/adam/Dev/omega-spiral/chapter-zero/tests/integration/ui/TerminalUiTests.cs:line 124
</StackTrace>
        </ErrorInfo>
      </Output>
    </UnitTestResult>
    <UnitTestResult executionId="5bdab667-ff95-4e9e-8306-662ea8bd375a" testId="391ca406-8861-4182-8373-2a895e05c044" testName="[After].QuitButton_Exists" computerName="omega" startTime="2025-10-25T16:04:51.7385268-04:00" endTime="2025-10-25T16:04:51.7385278-04:00" testType="13cdc9d9-ddb5-4fa4-a97d-d965ccfc6d4b" outcome="Failed" testListId="8c84fa94-04c1-424b-9868-57a2d4851a1d" relativeResultsDirectory="5bdab667-ff95-4e9e-8306-662ea8bd375a">
      <Output>
        <StdErr>Warning:
    Detected &lt;41&gt; orphan nodes during test suite setup stage!
    Check Setup:27 and Cleanup:35 for unfreed instances!</StdErr>
        <ErrorInfo>
          <Message>Warning:
    Detected &lt;41&gt; orphan nodes during test suite setup stage!
    Check Setup:27 and Cleanup:35 for unfreed instances!</Message>
        </ErrorInfo>
      </Output>
    </UnitTestResult>
    <UnitTestResult executionId="fd5181e3-6e01-4790-a014-26ddd440738b" testId="9980f25a-6b20-488f-a976-ac7e93c9076b" testName="OmegaSpiral.Tests.Integration.Ui.Menus.MainMenuTests.GlitchLayer_IsVisibleWithCorrectOpacity" computerName="omega" duration="00:00:00.0130000" startTime="2025-10-25T16:04:51.6991570-04:00" endTime="2025-10-25T16:04:51.6994491-04:00" testType="13cdc9d9-ddb5-4fa4-a97d-d965ccfc6d4b" outcome="Passed" testListId="8c84fa94-04c1-424b-9868-57a2d4851a1d" relativeResultsDirectory="fd5181e3-6e01-4790-a014-26ddd440738b" />
    <UnitTestResult executionId="06d9a1b3-0c9f-4e42-97a8-26afaca5d5ac" testId="b8cebcda-0f2d-4640-9abc-d12f710a6f9c" testName="[After].Constructor_WithValidDisplay_InitializesCorrectly" computerName="omega" startTime="2025-10-25T16:05:02.7040392-04:00" endTime="2025-10-25T16:05:02.7040405-04:00" testType="13cdc9d9-ddb5-4fa4-a97d-d965ccfc6d4b" outcome="Passed" testListId="8c84fa94-04c1-424b-9868-57a2d4851a1d" relativeResultsDirectory="06d9a1b3-0c9f-4e42-97a8-26afaca5d5ac">
      <Output>
        <StdErr>Warning:
    Detected &lt;1&gt; orphan nodes during test suite setup stage!
    Check Setup:26 and Cleanup:36 for unfreed instances!</StdErr>
        <ErrorInfo>
          <Message>Warning:
    Detected &lt;1&gt; orphan nodes during test suite setup stage!
    Check Setup:26 and Cleanup:36 for unfreed instances!</Message>
        </ErrorInfo>
      </Output>
    </UnitTestResult>
    <UnitTestResult executionId="1ee1d8a7-1752-4763-9d90-f255800e2c58" testId="963f99ed-ae88-4f51-942d-dffc1c4cb04f" testName="OmegaSpiral.Tests.Integration.Ui.OmegaUiTests.TextRenderer_IsCreated" computerName="omega" duration="00:00:00.0140000" startTime="2025-10-25T16:04:52.3755913-04:00" endTime="2025-10-25T16:04:52.3760192-04:00" testType="13cdc9d9-ddb5-4fa4-a97d-d965ccfc6d4b" outcome="Passed" testListId="8c84fa94-04c1-424b-9868-57a2d4851a1d" relativeResultsDirectory="1ee1d8a7-1752-4763-9d90-f255800e2c58" />
    <UnitTestResult executionId="968b2d31-4d0e-49aa-bf11-f3fe95d8d468" testId="e24260a0-7f1b-448b-b9b4-e21982b4382d" testName="OmegaSpiral.Tests.Integration.Ui.CreditsMenuTests.CreditsMenu_ExtendsMenuUi" computerName="omega" duration="00:00:00.0210000" startTime="2025-10-25T16:04:51.0056290-04:00" endTime="2025-10-25T16:04:51.0063591-04:00" testType="13cdc9d9-ddb5-4fa4-a97d-d965ccfc6d4b" outcome="Passed" testListId="8c84fa94-04c1-424b-9868-57a2d4851a1d" relativeResultsDirectory="968b2d31-4d0e-49aa-bf11-f3fe95d8d468" />
    <UnitTestResult executionId="9333d935-e179-4ecc-95c3-36d73dcea929" testId="b41402f8-a4eb-4e63-a223-1c5121a817f8" testName="OmegaSpiral.Tests.Unit.Common.Terminal.TerminalTextRendererTests.IsAnimating_WhenNotAnimating_ReturnsFalse" computerName="omega" duration="00:00:00.0130000" startTime="2025-10-25T16:05:06.8555294-04:00" endTime="2025-10-25T16:05:06.8558164-04:00" testType="13cdc9d9-ddb5-4fa4-a97d-d965ccfc6d4b" outcome="Passed" testListId="8c84fa94-04c1-424b-9868-57a2d4851a1d" relativeResultsDirectory="9333d935-e179-4ecc-95c3-36d73dcea929" />
    <UnitTestResult executionId="ac62e21f-265d-4cca-b44d-e54c977f74d4" testId="f169960a-8ee1-44a9-a47e-c7d1f1162937" testName="[After].ManifestLoads_SixStages_NoDuplicateFirst" computerName="omega" startTime="2025-10-25T16:04:51.7312807-04:00" endTime="2025-10-25T16:04:51.7312836-04:00" testType="13cdc9d9-ddb5-4fa4-a97d-d965ccfc6d4b" outcome="Failed" testListId="8c84fa94-04c1-424b-9868-57a2d4851a1d" relativeResultsDirectory="ac62e21f-265d-4cca-b44d-e54c977f74d4">
      <Output>
        <StdErr>Warning:
    Detected &lt;41&gt; orphan nodes during test suite setup stage!
    Check Setup:27 and Cleanup:35 for unfreed instances!</StdErr>
        <ErrorInfo>
          <Message>Warning:
    Detected &lt;41&gt; orphan nodes during test suite setup stage!
    Check Setup:27 and Cleanup:35 for unfreed instances!</Message>
        </ErrorInfo>
      </Output>
    </UnitTestResult>
    <UnitTestResult executionId="2a6f8546-34d0-4d16-b0bb-7344a30032bd" testId="27f65040-194c-408f-a1bc-fb78057bca21" testName="[Before].TerminalFrame_ShouldBeCompletelyVisibleInViewport" computerName="omega" startTime="2025-10-25T16:04:59.7599241-04:00" endTime="2025-10-25T16:04:59.7599264-04:00" testType="13cdc9d9-ddb5-4fa4-a97d-d965ccfc6d4b" outcome="Failed" testListId="8c84fa94-04c1-424b-9868-57a2d4851a1d" relativeResultsDirectory="2a6f8546-34d0-4d16-b0bb-7344a30032bd">
      <Output>
        <ErrorInfo>
          <Message>GdUnitSceneRunner: Can't load scene by given resource path: 'res://source/ui/terminal/terminal_window.tscn'. The resource does not exists.</Message>
          <StackTrace>   at GdUnit4.Core.SceneRunner.LoadScene(String resourcePath)
   at GdUnit4.Core.SceneRunner..ctor(String resourcePath, Boolean autoFree, Boolean verbose)
   at GdUnit4.ISceneRunner.Load(String resourcePath, Boolean autoFree, Boolean verbose)
   at OmegaSpiral.Tests.Ui.Terminal.TerminalWindowFrameLayoutTests.Setup() in /home/adam/Dev/omega-spiral/chapter-zero/tests/integration/ui/terminal/TerminalWindowFrameLayoutTests.cs:line 29
   at System.RuntimeMethodHandle.InvokeMethod(ObjectHandleOnStack target, Void** arguments, ObjectHandleOnStack sig, BOOL isConstructor, ObjectHandleOnStack result)
   at System.RuntimeMethodHandle.InvokeMethod(ObjectHandleOnStack target, Void** arguments, ObjectHandleOnStack sig, BOOL isConstructor, ObjectHandleOnStack result)
   at System.Reflection.MethodBaseInvoker.InterpretedInvoke_Method(Object obj, IntPtr* args)
   at System.Reflection.RuntimeMethodInfo.Invoke(Object obj, BindingFlags invokeAttr, Binder binder, Object[] parameters, CultureInfo culture)
</StackTrace>
        </ErrorInfo>
      </Output>
    </UnitTestResult>
    <UnitTestResult executionId="2a7ee68c-f736-41ed-aea9-3621e2e6f532" testId="33def4a6-3e1b-4582-9baf-270b6dde4e37" testName="[After].TextDisplay_HasBBCodeEnabled" computerName="omega" startTime="2025-10-25T16:04:59.1860615-04:00" endTime="2025-10-25T16:04:59.1860627-04:00" testType="13cdc9d9-ddb5-4fa4-a97d-d965ccfc6d4b" outcome="Failed" testListId="8c84fa94-04c1-424b-9868-57a2d4851a1d" relativeResultsDirectory="2a7ee68c-f736-41ed-aea9-3621e2e6f532">
      <Output>
        <StdErr>Warning:
    Detected &lt;9&gt; orphan nodes during test suite setup stage!
    Check Setup:26 and Cleanup:34 for unfreed instances!</StdErr>
        <ErrorInfo>
          <Message>Warning:
    Detected &lt;9&gt; orphan nodes during test suite setup stage!
    Check Setup:26 and Cleanup:34 for unfreed instances!</Message>
        </ErrorInfo>
      </Output>
    </UnitTestResult>
    <UnitTestResult executionId="a7abc333-6947-4063-8a2a-907585df1bbf" testId="33f000c0-096b-40f8-a2bf-3ca4055dec6a" testName="[After].ShaderLayers_AreVisibleAndLayered" computerName="omega" startTime="2025-10-25T16:04:59.1848935-04:00" endTime="2025-10-25T16:04:59.1848963-04:00" testType="13cdc9d9-ddb5-4fa4-a97d-d965ccfc6d4b" outcome="Failed" testListId="8c84fa94-04c1-424b-9868-57a2d4851a1d" relativeResultsDirectory="a7abc333-6947-4063-8a2a-907585df1bbf">
      <Output>
        <StdErr>Warning:
    Detected &lt;9&gt; orphan nodes during test suite setup stage!
    Check Setup:26 and Cleanup:34 for unfreed instances!</StdErr>
        <ErrorInfo>
          <Message>Warning:
    Detected &lt;9&gt; orphan nodes during test suite setup stage!
    Check Setup:26 and Cleanup:34 for unfreed instances!</Message>
        </ErrorInfo>
      </Output>
    </UnitTestResult>
    <UnitTestResult executionId="d0aeb243-97f2-4bdc-9c47-d7cb45f49cc0" testId="019578d6-0f5f-4764-a47f-f0a0c3b5d674" testName="OmegaSpiral.Tests.Integration.Ui.Menus.MainMenuTests.MenuActionBar_Exists" computerName="omega" duration="00:00:00.0130000" startTime="2025-10-25T16:04:51.3340517-04:00" endTime="2025-10-25T16:04:51.3343613-04:00" testType="13cdc9d9-ddb5-4fa4-a97d-d965ccfc6d4b" outcome="Passed" testListId="8c84fa94-04c1-424b-9868-57a2d4851a1d" relativeResultsDirectory="d0aeb243-97f2-4bdc-9c47-d7cb45f49cc0" />
    <UnitTestResult executionId="e12798cb-6604-4ade-8426-3534d0233f1d" testId="47659c5b-348a-482e-a426-ea97929d1673" testName="OmegaSpiral.Tests.Common.GameStateSignalTests.DreamweaverInfluenceChangedSignal_EmittedWhenInfluenceChanges_SignalReceived" computerName="omega" duration="00:00:01.0390000" startTime="2025-10-25T16:04:49.6087503-04:00" endTime="2025-10-25T16:04:49.6090743-04:00" testType="13cdc9d9-ddb5-4fa4-a97d-d965ccfc6d4b" outcome="Failed" testListId="8c84fa94-04c1-424b-9868-57a2d4851a1d" relativeResultsDirectory="e12798cb-6604-4ade-8426-3534d0233f1d">
      <Output>
        <ErrorInfo>
          <Message>Expecting do emitting signal:
    "DreamweaverInfluenceChanged(&lt;Empty&gt;)"
 by
    &lt;OmegaSpiral.Source.Scripts.GameStateSignals&gt; (objId: 62646126326)</Message>
          <StackTrace>   at GdUnit4.Asserts.SignalAssert.ThrowTestFailureReport(String message, Int32 lineNumber)
</StackTrace>
        </ErrorInfo>
      </Output>
    </UnitTestResult>
    <UnitTestResult executionId="4e766d90-3bd0-40ac-9871-ba5525d920f2" testId="2209b459-456f-4da6-8f88-4cda0dfeb29d" testName="OmegaSpiral.Tests.Integration.Ui.MenuUiTests.MenuUi_ExposesProtectedHelpers" computerName="omega" duration="00:00:00.0340000" startTime="2025-10-25T16:04:51.8224597-04:00" endTime="2025-10-25T16:04:51.8234808-04:00" testType="13cdc9d9-ddb5-4fa4-a97d-d965ccfc6d4b" outcome="Passed" testListId="8c84fa94-04c1-424b-9868-57a2d4851a1d" relativeResultsDirectory="4e766d90-3bd0-40ac-9871-ba5525d920f2" />
    <UnitTestResult executionId="17cd1613-d05b-4cf8-86fb-6ab7d89c6c27" testId="8cdb4bef-4a1e-4db7-bb5e-88c5b3d6bdb5" testName="[After].TextDisplay_Exists" computerName="omega" startTime="2025-10-25T16:04:59.1857741-04:00" endTime="2025-10-25T16:04:59.1857750-04:00" testType="13cdc9d9-ddb5-4fa4-a97d-d965ccfc6d4b" outcome="Failed" testListId="8c84fa94-04c1-424b-9868-57a2d4851a1d" relativeResultsDirectory="17cd1613-d05b-4cf8-86fb-6ab7d89c6c27">
      <Output>
        <StdErr>Warning:
    Detected &lt;9&gt; orphan nodes during test suite setup stage!
    Check Setup:26 and Cleanup:34 for unfreed instances!</StdErr>
        <ErrorInfo>
          <Message>Warning:
    Detected &lt;9&gt; orphan nodes during test suite setup stage!
    Check Setup:26 and Cleanup:34 for unfreed instances!</Message>
        </ErrorInfo>
      </Output>
    </UnitTestResult>
    <UnitTestResult executionId="29284fde-f616-4336-99cc-f6c8cc04cd5b" testId="c9fc7de6-f517-42df-8293-8ea7095776b7" testName="[After].GlitchLayerPath_HasDefault" computerName="omega" startTime="2025-10-25T16:04:59.1775624-04:00" endTime="2025-10-25T16:04:59.1775663-04:00" testType="13cdc9d9-ddb5-4fa4-a97d-d965ccfc6d4b" outcome="Failed" testListId="8c84fa94-04c1-424b-9868-57a2d4851a1d" relativeResultsDirectory="29284fde-f616-4336-99cc-f6c8cc04cd5b">
      <Output>
        <StdErr>Warning:
    Detected &lt;9&gt; orphan nodes during test suite setup stage!
    Check Setup:26 and Cleanup:34 for unfreed instances!</StdErr>
        <ErrorInfo>
          <Message>Warning:
    Detected &lt;9&gt; orphan nodes during test suite setup stage!
    Check Setup:26 and Cleanup:34 for unfreed instances!</Message>
        </ErrorInfo>
      </Output>
    </UnitTestResult>
    <UnitTestResult executionId="b0b09f3a-3e27-428d-923d-aa67a1c414f0" testId="b9941a3d-38e3-4873-a191-b471db4b0933" testName="OmegaSpiral.Tests.Unit.Common.Terminal.TerminalShaderControllerTests.ApplyVisualPresetAsync_ScanlinesPreset_AppliesCorrectShader" computerName="omega" duration="00:00:00.0300000" startTime="2025-10-25T16:05:01.0347482-04:00" endTime="2025-10-25T16:05:01.0350286-04:00" testType="13cdc9d9-ddb5-4fa4-a97d-d965ccfc6d4b" outcome="Passed" testListId="8c84fa94-04c1-424b-9868-57a2d4851a1d" relativeResultsDirectory="b0b09f3a-3e27-428d-923d-aa67a1c414f0" />
    <UnitTestResult executionId="cd3fb1ff-76de-476b-b52e-0f7b8ce87ca3" testId="aedb6d24-0e7b-492f-9492-85e2ec5b4472" testName="OmegaSpiral.Tests.Integration.Ui.MenuUiTests.Menu_IsEnabledByDefault" computerName="omega" duration="00:00:00.0350000" startTime="2025-10-25T16:04:51.9486725-04:00" endTime="2025-10-25T16:04:51.9489564-04:00" testType="13cdc9d9-ddb5-4fa4-a97d-d965ccfc6d4b" outcome="Passed" testListId="8c84fa94-04c1-424b-9868-57a2d4851a1d" relativeResultsDirectory="cd3fb1ff-76de-476b-b52e-0f7b8ce87ca3" />
    <UnitTestResult executionId="b588c272-2fd7-4c9d-93da-0ffb19d0420f" testId="d38b8190-62bf-43c5-9823-f6372bd78233" testName="OmegaSpiral.Tests.Unit.Common.Terminal.TerminalChoicePresenterTests.PresentChoicesAsync_NullChoiceOptions_ThrowsArgumentNullException" computerName="omega" duration="00:00:00.0200000" startTime="2025-10-25T16:05:00.8938654-04:00" endTime="2025-10-25T16:05:00.8941387-04:00" testType="13cdc9d9-ddb5-4fa4-a97d-d965ccfc6d4b" outcome="Passed" testListId="8c84fa94-04c1-424b-9868-57a2d4851a1d" relativeResultsDirectory="b588c272-2fd7-4c9d-93da-0ffb19d0420f" />
    <UnitTestResult executionId="1fa5d2d6-7492-466c-a99a-27d0abee2c71" testId="831f7116-2496-4c28-951d-6f1390f054c8" testName="[After].ScanlineLayer_IsVisibleWithCorrectOpacity" computerName="omega" startTime="2025-10-25T16:04:51.7397504-04:00" endTime="2025-10-25T16:04:51.7397515-04:00" testType="13cdc9d9-ddb5-4fa4-a97d-d965ccfc6d4b" outcome="Failed" testListId="8c84fa94-04c1-424b-9868-57a2d4851a1d" relativeResultsDirectory="1fa5d2d6-7492-466c-a99a-27d0abee2c71">
      <Output>
        <StdErr>Warning:
    Detected &lt;41&gt; orphan nodes during test suite setup stage!
    Check Setup:27 and Cleanup:35 for unfreed instances!</StdErr>
        <ErrorInfo>
          <Message>Warning:
    Detected &lt;41&gt; orphan nodes during test suite setup stage!
    Check Setup:27 and Cleanup:35 for unfreed instances!</Message>
        </ErrorInfo>
      </Output>
    </UnitTestResult>
    <UnitTestResult executionId="fe658b9c-c9e2-4f70-ba76-ee3bcce26748" testId="5d072814-ee2c-428b-a87f-e84615dba374" testName="OmegaSpiral.Tests.Integration.Ui.OmegaUiTests.Background_UsesDeepSpaceColor" computerName="omega" duration="00:00:00.0120000" startTime="2025-10-25T16:04:52.5814089-04:00" endTime="2025-10-25T16:04:52.5817069-04:00" testType="13cdc9d9-ddb5-4fa4-a97d-d965ccfc6d4b" outcome="Passed" testListId="8c84fa94-04c1-424b-9868-57a2d4851a1d" relativeResultsDirectory="fe658b9c-c9e2-4f70-ba76-ee3bcce26748" />
    <UnitTestResult executionId="b02c051b-ad2f-4137-8dc4-2422cca7f33a" testId="22fd072f-2aca-4c69-9c99-80038fcd830b" testName="OmegaSpiral.Tests.Common.GameStateSignalTests.InventoryUpdatedSignal_EmittedWhenInventoryChanges_SignalReceived" computerName="omega" duration="00:00:01.0440000" startTime="2025-10-25T16:04:47.5248447-04:00" endTime="2025-10-25T16:04:47.5255935-04:00" testType="13cdc9d9-ddb5-4fa4-a97d-d965ccfc6d4b" outcome="Failed" testListId="8c84fa94-04c1-424b-9868-57a2d4851a1d" relativeResultsDirectory="b02c051b-ad2f-4137-8dc4-2422cca7f33a">
      <Output>
        <ErrorInfo>
          <Message>Expecting do emitting signal:
    "InventoryUpdated(&lt;Empty&gt;)"
 by
    &lt;OmegaSpiral.Source.Scripts.GameStateSignals&gt; (objId: 62377690870)</Message>
          <StackTrace>   at GdUnit4.Asserts.SignalAssert.ThrowTestFailureReport(String message, Int32 lineNumber)
</StackTrace>
        </ErrorInfo>
      </Output>
    </UnitTestResult>
    <UnitTestResult executionId="4453f188-68e2-4ea6-96b8-1a82852f7ca9" testId="75ee7c8d-b943-4ca0-b26c-3f716307a1f9" testName="OmegaSpiral.Tests.Integration.Ui.TerminalUITests.HasContentContainer" computerName="omega" duration="00:00:00.0330000" startTime="2025-10-25T16:04:59.4441071-04:00" endTime="2025-10-25T16:04:59.4444142-04:00" testType="13cdc9d9-ddb5-4fa4-a97d-d965ccfc6d4b" outcome="Failed" testListId="8c84fa94-04c1-424b-9868-57a2d4851a1d" relativeResultsDirectory="4453f188-68e2-4ea6-96b8-1a82852f7ca9">
      <Output>
        <ErrorInfo>
          <Message>Expecting be NOT &lt;Null&gt;:</Message>
          <StackTrace>   at OmegaSpiral.Tests.Integration.Ui.TerminalUITests.HasContentContainer() in /home/adam/Dev/omega-spiral/chapter-zero/tests/integration/ui/TerminalUiTests.cs:line 58
</StackTrace>
        </ErrorInfo>
      </Output>
    </UnitTestResult>
    <UnitTestResult executionId="56401179-2fc8-4248-a5c7-4f7c68cd12ed" testId="9fd8e989-c5fa-4cee-af6e-0919f62c5e4c" testName="OmegaSpiral.Tests.Integration.Ui.MenuUiTests.ButtonContainer_CanAddButtons" computerName="omega" duration="00:00:00.0130000" startTime="2025-10-25T16:04:51.9122539-04:00" endTime="2025-10-25T16:04:51.9128069-04:00" testType="13cdc9d9-ddb5-4fa4-a97d-d965ccfc6d4b" outcome="Passed" testListId="8c84fa94-04c1-424b-9868-57a2d4851a1d" relativeResultsDirectory="56401179-2fc8-4248-a5c7-4f7c68cd12ed" />
    <UnitTestResult executionId="b6fa502f-d446-4854-84a2-356922f2a3c0" testId="6fb8ad44-a204-4a8b-b8b2-ef634b23aca8" testName="OmegaSpiral.Tests.Integration.Ui.PauseMenuTests.PauseMenu_FocusesFirstButton" computerName="omega" duration="00:00:00.0120000" startTime="2025-10-25T16:04:59.3331626-04:00" endTime="2025-10-25T16:04:59.3334490-04:00" testType="13cdc9d9-ddb5-4fa4-a97d-d965ccfc6d4b" outcome="Failed" testListId="8c84fa94-04c1-424b-9868-57a2d4851a1d" relativeResultsDirectory="b6fa502f-d446-4854-84a2-356922f2a3c0">
      <Output>
        <ErrorInfo>
          <Message>Object reference not set to an instance of an object.</Message>
          <StackTrace>   at OmegaSpiral.Source.Ui.Menus.PauseMenu.ShowPauseMenu() in /home/adam/Dev/omega-spiral/chapter-zero/source/ui/menus/PauseMenu.cs:line 82
   at OmegaSpiral.Tests.Integration.Ui.PauseMenuTests.PauseMenu_FocusesFirstButton() in /home/adam/Dev/omega-spiral/chapter-zero/tests/integration/ui/PauseMenuTests.cs:line 114
   at System.RuntimeMethodHandle.InvokeMethod(ObjectHandleOnStack target, Void** arguments, ObjectHandleOnStack sig, BOOL isConstructor, ObjectHandleOnStack result)
   at System.RuntimeMethodHandle.InvokeMethod(ObjectHandleOnStack target, Void** arguments, ObjectHandleOnStack sig, BOOL isConstructor, ObjectHandleOnStack result)
   at System.Reflection.MethodBaseInvoker.InterpretedInvoke_Method(Object obj, IntPtr* args)
   at System.Reflection.RuntimeMethodInfo.Invoke(Object obj, BindingFlags invokeAttr, Binder binder, Object[] parameters, CultureInfo culture)
</StackTrace>
        </ErrorInfo>
      </Output>
    </UnitTestResult>
    <UnitTestResult executionId="0dbb63e4-2869-4ca5-ab85-8d6bd1356f6c" testId="c188a106-c540-48d0-829d-53e7e7ea5bc9" testName="[After].PhosphorLayer_PulsesIntensityOverTime" computerName="omega" startTime="2025-10-25T16:04:59.1808433-04:00" endTime="2025-10-25T16:04:59.1808459-04:00" testType="13cdc9d9-ddb5-4fa4-a97d-d965ccfc6d4b" outcome="Failed" testListId="8c84fa94-04c1-424b-9868-57a2d4851a1d" relativeResultsDirectory="0dbb63e4-2869-4ca5-ab85-8d6bd1356f6c">
      <Output>
        <StdErr>Warning:
    Detected &lt;9&gt; orphan nodes during test suite setup stage!
    Check Setup:26 and Cleanup:34 for unfreed instances!</StdErr>
        <ErrorInfo>
          <Message>Warning:
    Detected &lt;9&gt; orphan nodes during test suite setup stage!
    Check Setup:26 and Cleanup:34 for unfreed instances!</Message>
        </ErrorInfo>
      </Output>
    </UnitTestResult>
    <UnitTestResult executionId="719f827a-64a6-4ab3-86ac-f626dad65d17" testId="12924ea1-502f-40b3-a346-56a17a443b4e" testName="OmegaSpiral.Tests.Unit.Common.GameStateTests.UpdatedreamweaverscoreHandlesnegativechanges" computerName="omega" duration="00:00:00.0130000" startTime="2025-10-25T16:05:00.0082419-04:00" endTime="2025-10-25T16:05:00.0085763-04:00" testType="13cdc9d9-ddb5-4fa4-a97d-d965ccfc6d4b" outcome="Passed" testListId="8c84fa94-04c1-424b-9868-57a2d4851a1d" relativeResultsDirectory="719f827a-64a6-4ab3-86ac-f626dad65d17">
      <Output>
        <StdErr>Warning:
    Detected &lt;1&gt; orphan nodes during test execution!</StdErr>
        <ErrorInfo>
          <Message>Warning:
    Detected &lt;1&gt; orphan nodes during test execution!</Message>
        </ErrorInfo>
      </Output>
    </UnitTestResult>
    <UnitTestResult executionId="50020f2c-f940-4a47-86ba-eb21f85956fa" testId="880d7f29-be47-4d61-a127-aed72dd3c4fd" testName="[After].ContentContainer_HasCorrectSectionSpacing" computerName="omega" startTime="2025-10-25T16:04:51.7232987-04:00" endTime="2025-10-25T16:04:51.7232995-04:00" testType="13cdc9d9-ddb5-4fa4-a97d-d965ccfc6d4b" outcome="Failed" testListId="8c84fa94-04c1-424b-9868-57a2d4851a1d" relativeResultsDirectory="50020f2c-f940-4a47-86ba-eb21f85956fa">
      <Output>
        <StdErr>Warning:
    Detected &lt;41&gt; orphan nodes during test suite setup stage!
    Check Setup:27 and Cleanup:35 for unfreed instances!</StdErr>
        <ErrorInfo>
          <Message>Warning:
    Detected &lt;41&gt; orphan nodes during test suite setup stage!
    Check Setup:27 and Cleanup:35 for unfreed instances!</Message>
        </ErrorInfo>
      </Output>
    </UnitTestResult>
    <UnitTestResult executionId="32062b70-d534-4d5e-bd86-a0ead1b33140" testId="9c02da39-5280-436f-a0e7-9e0bb9ddbbd2" testName="[After].MenuButtonContainer_IsCenterAligned" computerName="omega" startTime="2025-10-25T16:04:51.7355339-04:00" endTime="2025-10-25T16:04:51.7355349-04:00" testType="13cdc9d9-ddb5-4fa4-a97d-d965ccfc6d4b" outcome="Failed" testListId="8c84fa94-04c1-424b-9868-57a2d4851a1d" relativeResultsDirectory="32062b70-d534-4d5e-bd86-a0ead1b33140">
      <Output>
        <StdErr>Warning:
    Detected &lt;41&gt; orphan nodes during test suite setup stage!
    Check Setup:27 and Cleanup:35 for unfreed instances!</StdErr>
        <ErrorInfo>
          <Message>Warning:
    Detected &lt;41&gt; orphan nodes during test suite setup stage!
    Check Setup:27 and Cleanup:35 for unfreed instances!</Message>
        </ErrorInfo>
      </Output>
    </UnitTestResult>
    <UnitTestResult executionId="30d1f0eb-5e68-42b1-bdcc-65a4628b5dfd" testId="916f53a9-05bb-4b1a-a074-3621d3ed4ec2" testName="OmegaSpiral.Tests.Integration.Ui.Menus.MainMenuTests.MenuButtonContainer_ExistsAndHasButtons" computerName="omega" duration="00:00:00.0100000" startTime="2025-10-25T16:04:51.3206550-04:00" endTime="2025-10-25T16:04:51.3219440-04:00" testType="13cdc9d9-ddb5-4fa4-a97d-d965ccfc6d4b" outcome="Passed" testListId="8c84fa94-04c1-424b-9868-57a2d4851a1d" relativeResultsDirectory="30d1f0eb-5e68-42b1-bdcc-65a4628b5dfd" />
    <UnitTestResult executionId="92775fc7-7951-4c69-9825-010ba049d818" testId="d5996739-a142-4a5a-b783-5d217d384250" testName="OmegaSpiral.Tests.Integration.Ui.TerminalUITests.Captions_DisabledByDefault" computerName="omega" duration="00:00:00.0190000" startTime="2025-10-25T16:04:59.5479969-04:00" endTime="2025-10-25T16:04:59.5482971-04:00" testType="13cdc9d9-ddb5-4fa4-a97d-d965ccfc6d4b" outcome="Passed" testListId="8c84fa94-04c1-424b-9868-57a2d4851a1d" relativeResultsDirectory="92775fc7-7951-4c69-9825-010ba049d818" />
    <UnitTestResult executionId="065766f2-997c-4c19-9f3a-01e6a8e88f64" testId="b8e8c198-0232-4c06-8beb-99311ebbd644" testName="[After].LaunchButton_ExistsWithCorrectText" computerName="omega" startTime="2025-10-25T16:04:51.7282470-04:00" endTime="2025-10-25T16:04:51.7282507-04:00" testType="13cdc9d9-ddb5-4fa4-a97d-d965ccfc6d4b" outcome="Failed" testListId="8c84fa94-04c1-424b-9868-57a2d4851a1d" relativeResultsDirectory="065766f2-997c-4c19-9f3a-01e6a8e88f64">
      <Output>
        <StdErr>Warning:
    Detected &lt;41&gt; orphan nodes during test suite setup stage!
    Check Setup:27 and Cleanup:35 for unfreed instances!</StdErr>
        <ErrorInfo>
          <Message>Warning:
    Detected &lt;41&gt; orphan nodes during test suite setup stage!
    Check Setup:27 and Cleanup:35 for unfreed instances!</Message>
        </ErrorInfo>
      </Output>
    </UnitTestResult>
    <UnitTestResult executionId="f4cfc2ac-cd6f-41a5-8f92-892e52f0473b" testId="9e0fbceb-1b18-482e-bcd7-5d66b6bab685" testName="[After].OmegaUi_IsVisibleByDefault" computerName="omega" startTime="2025-10-25T16:04:59.1789049-04:00" endTime="2025-10-25T16:04:59.1789070-04:00" testType="13cdc9d9-ddb5-4fa4-a97d-d965ccfc6d4b" outcome="Failed" testListId="8c84fa94-04c1-424b-9868-57a2d4851a1d" relativeResultsDirectory="f4cfc2ac-cd6f-41a5-8f92-892e52f0473b">
      <Output>
        <StdErr>Warning:
    Detected &lt;9&gt; orphan nodes during test suite setup stage!
    Check Setup:26 and Cleanup:34 for unfreed instances!</StdErr>
        <ErrorInfo>
          <Message>Warning:
    Detected &lt;9&gt; orphan nodes during test suite setup stage!
    Check Setup:26 and Cleanup:34 for unfreed instances!</Message>
        </ErrorInfo>
      </Output>
    </UnitTestResult>
    <UnitTestResult executionId="067bc696-4f63-49b7-b121-b9eda4843867" testId="2b540726-85de-4641-9236-27448a1baa58" testName="OmegaSpiral.Tests.Unit.Common.GameStateTests.GethighestscoringdreamweaverReturnscorrectdreamweaver" computerName="omega" duration="00:00:00.0220000" startTime="2025-10-25T16:05:00.0310918-04:00" endTime="2025-10-25T16:05:00.0315487-04:00" testType="13cdc9d9-ddb5-4fa4-a97d-d965ccfc6d4b" outcome="Passed" testListId="8c84fa94-04c1-424b-9868-57a2d4851a1d" relativeResultsDirectory="067bc696-4f63-49b7-b121-b9eda4843867">
      <Output>
        <StdErr>Warning:
    Detected &lt;1&gt; orphan nodes during test execution!</StdErr>
        <ErrorInfo>
          <Message>Warning:
    Detected &lt;1&gt; orphan nodes during test execution!</Message>
        </ErrorInfo>
      </Output>
    </UnitTestResult>
    <UnitTestResult executionId="34638c10-2c65-4138-a50b-49d41e5ebce5" testId="1742e745-a0eb-4e0c-9b78-0ee820d442ee" testName="OmegaSpiral.Tests.Unit.Common.Terminal.TerminalTextRendererTests.ScrollToBottom_AfterAddingText_ScrollsCorrectly" computerName="omega" duration="00:00:02.3470000" startTime="2025-10-25T16:05:06.8417395-04:00" endTime="2025-10-25T16:05:06.8420702-04:00" testType="13cdc9d9-ddb5-4fa4-a97d-d965ccfc6d4b" outcome="Passed" testListId="8c84fa94-04c1-424b-9868-57a2d4851a1d" relativeResultsDirectory="34638c10-2c65-4138-a50b-49d41e5ebce5" />
    <UnitTestResult executionId="b01a69f6-4a23-4607-8ad1-8383fade6875" testId="be5d154c-af18-4654-a291-537964292f06" testName="OmegaSpiral.Tests.Integration.SceneLoadingAndViewportTests.CreateCenteredXControl" computerName="omega" duration="00:00:00.0410000" startTime="2025-10-25T16:04:50.8233586-04:00" endTime="2025-10-25T16:04:50.8236918-04:00" testType="13cdc9d9-ddb5-4fa4-a97d-d965ccfc6d4b" outcome="Passed" testListId="8c84fa94-04c1-424b-9868-57a2d4851a1d" relativeResultsDirectory="b01a69f6-4a23-4607-8ad1-8383fade6875">
      <Output>
        <StdOut>Expected viewport center: (960, 540)
Expected label rect: (935, 515), (50, 50)</StdOut>
        <StdErr>Warning:
    Detected &lt;1&gt; orphan nodes during test execution!</StdErr>
        <ErrorInfo>
          <Message>Warning:
    Detected &lt;1&gt; orphan nodes during test execution!</Message>
        </ErrorInfo>
      </Output>
    </UnitTestResult>
    <UnitTestResult executionId="e491de4e-0652-40fb-88f9-c6924afe873c" testId="7e031a7e-bbbc-4c54-ad34-30a9e983dc45" testName="[After].MenuTitle_UsesCorrectFontSize" computerName="omega" startTime="2025-10-25T16:04:51.7364703-04:00" endTime="2025-10-25T16:04:51.7364709-04:00" testType="13cdc9d9-ddb5-4fa4-a97d-d965ccfc6d4b" outcome="Failed" testListId="8c84fa94-04c1-424b-9868-57a2d4851a1d" relativeResultsDirectory="e491de4e-0652-40fb-88f9-c6924afe873c">
      <Output>
        <StdErr>Warning:
    Detected &lt;41&gt; orphan nodes during test suite setup stage!
    Check Setup:27 and Cleanup:35 for unfreed instances!</StdErr>
        <ErrorInfo>
          <Message>Warning:
    Detected &lt;41&gt; orphan nodes during test suite setup stage!
    Check Setup:27 and Cleanup:35 for unfreed instances!</Message>
        </ErrorInfo>
      </Output>
    </UnitTestResult>
    <UnitTestResult executionId="9c5a731a-c257-4c06-8968-002d8ef1974e" testId="65aac6e8-5176-49f8-ac06-0863c3c8b924" testName="OmegaSpiral.Tests.Unit.Common.Terminal.TerminalTextRendererTests.SetTextColor_ChangesColorOfSubsequentText" computerName="omega" duration="00:00:00.2920000" startTime="2025-10-25T16:05:04.4736794-04:00" endTime="2025-10-25T16:05:04.4739544-04:00" testType="13cdc9d9-ddb5-4fa4-a97d-d965ccfc6d4b" outcome="Passed" testListId="8c84fa94-04c1-424b-9868-57a2d4851a1d" relativeResultsDirectory="9c5a731a-c257-4c06-8968-002d8ef1974e" />
    <UnitTestResult executionId="c304d7b6-e389-4ff1-bf2e-84e907054dd4" testId="9dbc14e2-c14a-4c60-9b82-8e360acc1d5b" testName="[After].MenuButtonContainer_HasCorrectSpacing" computerName="omega" startTime="2025-10-25T16:04:51.7352423-04:00" endTime="2025-10-25T16:04:51.7352453-04:00" testType="13cdc9d9-ddb5-4fa4-a97d-d965ccfc6d4b" outcome="Failed" testListId="8c84fa94-04c1-424b-9868-57a2d4851a1d" relativeResultsDirectory="c304d7b6-e389-4ff1-bf2e-84e907054dd4">
      <Output>
        <StdErr>Warning:
    Detected &lt;41&gt; orphan nodes during test suite setup stage!
    Check Setup:27 and Cleanup:35 for unfreed instances!</StdErr>
        <ErrorInfo>
          <Message>Warning:
    Detected &lt;41&gt; orphan nodes during test suite setup stage!
    Check Setup:27 and Cleanup:35 for unfreed instances!</Message>
        </ErrorInfo>
      </Output>
    </UnitTestResult>
    <UnitTestResult executionId="47ea574e-8bf8-443d-aa7e-cc1197012460" testId="174535d0-921c-45c9-b356-22348526f633" testName="[Before].Header_ExistsWithTitleAndIndicators" computerName="omega" startTime="2025-10-25T16:04:59.7566512-04:00" endTime="2025-10-25T16:04:59.7566525-04:00" testType="13cdc9d9-ddb5-4fa4-a97d-d965ccfc6d4b" outcome="Failed" testListId="8c84fa94-04c1-424b-9868-57a2d4851a1d" relativeResultsDirectory="47ea574e-8bf8-443d-aa7e-cc1197012460">
      <Output>
        <ErrorInfo>
          <Message>GdUnitSceneRunner: Can't load scene by given resource path: 'res://source/ui/terminal/terminal_window.tscn'. The resource does not exists.</Message>
          <StackTrace>   at GdUnit4.Core.SceneRunner.LoadScene(String resourcePath)
   at GdUnit4.Core.SceneRunner..ctor(String resourcePath, Boolean autoFree, Boolean verbose)
   at GdUnit4.ISceneRunner.Load(String resourcePath, Boolean autoFree, Boolean verbose)
   at OmegaSpiral.Tests.Ui.Terminal.TerminalWindowFrameLayoutTests.Setup() in /home/adam/Dev/omega-spiral/chapter-zero/tests/integration/ui/terminal/TerminalWindowFrameLayoutTests.cs:line 29
   at System.RuntimeMethodHandle.InvokeMethod(ObjectHandleOnStack target, Void** arguments, ObjectHandleOnStack sig, BOOL isConstructor, ObjectHandleOnStack result)
   at System.RuntimeMethodHandle.InvokeMethod(ObjectHandleOnStack target, Void** arguments, ObjectHandleOnStack sig, BOOL isConstructor, ObjectHandleOnStack result)
   at System.Reflection.MethodBaseInvoker.InterpretedInvoke_Method(Object obj, IntPtr* args)
   at System.Reflection.RuntimeMethodInfo.Invoke(Object obj, BindingFlags invokeAttr, Binder binder, Object[] parameters, CultureInfo culture)
</StackTrace>
        </ErrorInfo>
      </Output>
    </UnitTestResult>
    <UnitTestResult executionId="b9a3d30e-764c-44d6-9839-84a36c6a9467" testId="d7ed09c6-50c5-4e0f-96d5-3257367d176b" testName="OmegaSpiral.Tests.Integration.Ui.OmegaUiTests.ShaderLayer_MatchesOmegaSpiralAesthetic" computerName="omega" duration="00:00:00.0630000" startTime="2025-10-25T16:04:52.5691481-04:00" endTime="2025-10-25T16:04:52.5693887-04:00" testType="13cdc9d9-ddb5-4fa4-a97d-d965ccfc6d4b" outcome="Passed" testListId="8c84fa94-04c1-424b-9868-57a2d4851a1d" relativeResultsDirectory="b9a3d30e-764c-44d6-9839-84a36c6a9467" />
    <UnitTestResult executionId="2f9ac63a-cc76-4f95-a51e-9b46191869d9" testId="af9a2366-bec3-4e54-809e-7184c874f78b" testName="OmegaSpiral.Tests.Integration.Ui.Menus.MainMenuTests.MenuTitle_IsHorizontallyCentered" computerName="omega" duration="00:00:00.0320000" startTime="2025-10-25T16:04:51.6290783-04:00" endTime="2025-10-25T16:04:51.6293961-04:00" testType="13cdc9d9-ddb5-4fa4-a97d-d965ccfc6d4b" outcome="Passed" testListId="8c84fa94-04c1-424b-9868-57a2d4851a1d" relativeResultsDirectory="2f9ac63a-cc76-4f95-a51e-9b46191869d9" />
    <UnitTestResult executionId="efc003ae-c3d9-4a10-b4f1-7e7c38c05764" testId="af740a39-afd5-4db1-959b-b0604e5cddf7" testName="TerminalWindowTestsNew.TerminalWindow_CanBeAddedToGroups" computerName="omega" duration="00:00:00.0120000" startTime="2025-10-25T16:05:08.4884312-04:00" endTime="2025-10-25T16:05:08.4887878-04:00" testType="13cdc9d9-ddb5-4fa4-a97d-d965ccfc6d4b" outcome="Passed" testListId="8c84fa94-04c1-424b-9868-57a2d4851a1d" relativeResultsDirectory="efc003ae-c3d9-4a10-b4f1-7e7c38c05764" />
    <UnitTestResult executionId="5ba87c56-5015-439e-a8f6-f7de9ac6432c" testId="6ef62b73-7f76-4922-9737-89d0c9e5e42f" testName="OmegaSpiral.Tests.Unit.Common.Terminal.TerminalShaderControllerTests.GetCurrentShaderMaterial_NoShaderApplied_ReturnsNull" computerName="omega" duration="00:00:00.0130000" startTime="2025-10-25T16:05:02.6487256-04:00" endTime="2025-10-25T16:05:02.6490026-04:00" testType="13cdc9d9-ddb5-4fa4-a97d-d965ccfc6d4b" outcome="Passed" testListId="8c84fa94-04c1-424b-9868-57a2d4851a1d" relativeResultsDirectory="5ba87c56-5015-439e-a8f6-f7de9ac6432c" />
    <UnitTestResult executionId="93bd9d5f-7c5c-4885-bee5-86a255747955" testId="360bdb93-599f-4d24-8062-03ab3d52ba07" testName="OmegaSpiral.Tests.Integration.Ui.CreditsMenuTests.CreditsMenu_FocusesBackButton" computerName="omega" duration="00:00:00.0260000" startTime="2025-10-25T16:04:51.1229819-04:00" endTime="2025-10-25T16:04:51.1240123-04:00" testType="13cdc9d9-ddb5-4fa4-a97d-d965ccfc6d4b" outcome="Failed" testListId="8c84fa94-04c1-424b-9868-57a2d4851a1d" relativeResultsDirectory="93bd9d5f-7c5c-4885-bee5-86a255747955">
      <Output>
        <ErrorInfo>
          <Message>Expecting: 'True' but is 'False'</Message>
          <StackTrace>   at OmegaSpiral.Tests.Integration.Ui.CreditsMenuTests.CreditsMenu_FocusesBackButton() in /home/adam/Dev/omega-spiral/chapter-zero/tests/integration/ui/CreditsMenuTests.cs:line 117
</StackTrace>
        </ErrorInfo>
      </Output>
    </UnitTestResult>
    <UnitTestResult executionId="abdc6520-476c-4905-8b7a-4e0f75f43d69" testId="88b96c71-5c76-4967-a9c3-5e9d559d86dc" testName="OmegaSpiral.Tests.Common.GameStateSignalTests.AffinityScoreUpdatedSignal_EmittedWhenAffinityChanges_SignalReceived" computerName="omega" duration="00:00:01.1110000" startTime="2025-10-25T16:04:45.4183984-04:00" endTime="2025-10-25T16:04:45.4202736-04:00" testType="13cdc9d9-ddb5-4fa4-a97d-d965ccfc6d4b" outcome="Failed" testListId="8c84fa94-04c1-424b-9868-57a2d4851a1d" relativeResultsDirectory="abdc6520-476c-4905-8b7a-4e0f75f43d69">
      <Output>
        <ErrorInfo>
          <Message>Expecting do emitting signal:
    "AffinityScoreUpdated(&lt;Empty&gt;)"
 by
    &lt;OmegaSpiral.Source.Scripts.GameStateSignals&gt; (objId: 62075700982)</Message>
          <StackTrace>   at GdUnit4.Asserts.SignalAssert.ThrowTestFailureReport(String message, Int32 lineNumber)
</StackTrace>
        </ErrorInfo>
      </Output>
    </UnitTestResult>
    <UnitTestResult executionId="251bd9e3-cf33-4b10-bd5d-38b293a8736c" testId="e76071df-33c3-4b00-8242-bf14dd7cadf5" testName="OmegaSpiral.Tests.Unit.Common.SceneManagerTests.ValidateStateForTransitionReturnsTrueForValidTransitions" computerName="omega" duration="00:00:00.0270000" startTime="2025-10-25T16:05:00.2519957-04:00" endTime="2025-10-25T16:05:00.2525049-04:00" testType="13cdc9d9-ddb5-4fa4-a97d-d965ccfc6d4b" outcome="Passed" testListId="8c84fa94-04c1-424b-9868-57a2d4851a1d" relativeResultsDirectory="251bd9e3-cf33-4b10-bd5d-38b293a8736c">
      <Output>
        <StdOut>Validating transition to: res://source/ui/menus/main_menu.tscn</StdOut>
      </Output>
    </UnitTestResult>
    <UnitTestResult executionId="9792607f-fbf7-49a7-adbc-824eb14ad25e" testId="ce466349-db82-4102-a0d4-12460763eefb" testName="OmegaSpiral.Tests.Integration.Ui.CreditsMenuTests.CreditsMenu_PopulatesCredits" computerName="omega" duration="00:00:00.0340000" startTime="2025-10-25T16:04:51.0746380-04:00" endTime="2025-10-25T16:04:51.0749652-04:00" testType="13cdc9d9-ddb5-4fa4-a97d-d965ccfc6d4b" outcome="Passed" testListId="8c84fa94-04c1-424b-9868-57a2d4851a1d" relativeResultsDirectory="9792607f-fbf7-49a7-adbc-824eb14ad25e" />
    <UnitTestResult executionId="81c8c73c-5a9b-44f2-8d8c-c1749c9670c0" testId="fe51f054-3359-4e95-95da-ca469cbc3ec8" testName="OmegaSpiral.Tests.Unit.Common.Terminal.TerminalChoicePresenterTests.PresentChoicesAsync_NullChoices_ThrowsArgumentNullException" computerName="omega" duration="00:00:00.0120000" startTime="2025-10-25T16:05:00.8727396-04:00" endTime="2025-10-25T16:05:00.8730180-04:00" testType="13cdc9d9-ddb5-4fa4-a97d-d965ccfc6d4b" outcome="Passed" testListId="8c84fa94-04c1-424b-9868-57a2d4851a1d" relativeResultsDirectory="81c8c73c-5a9b-44f2-8d8c-c1749c9670c0" />
    <UnitTestResult executionId="a28e8451-8b46-4ffa-8376-2d0e58921777" testId="611437b6-2fc0-4093-91b2-e29bdb0b564f" testName="[After].QuitButton_HasPressedSignalHandler" computerName="omega" startTime="2025-10-25T16:04:51.7394866-04:00" endTime="2025-10-25T16:04:51.7394886-04:00" testType="13cdc9d9-ddb5-4fa4-a97d-d965ccfc6d4b" outcome="Failed" testListId="8c84fa94-04c1-424b-9868-57a2d4851a1d" relativeResultsDirectory="a28e8451-8b46-4ffa-8376-2d0e58921777">
      <Output>
        <StdErr>Warning:
    Detected &lt;41&gt; orphan nodes during test suite setup stage!
    Check Setup:27 and Cleanup:35 for unfreed instances!</StdErr>
        <ErrorInfo>
          <Message>Warning:
    Detected &lt;41&gt; orphan nodes during test suite setup stage!
    Check Setup:27 and Cleanup:35 for unfreed instances!</Message>
        </ErrorInfo>
      </Output>
    </UnitTestResult>
    <UnitTestResult executionId="d003b680-a108-43d9-9469-5ade7a05ef6c" testId="2e2a8ade-17a1-4d03-bb11-1c11009d7e58" testName="OmegaSpiral.Tests.Integration.Ui.MenuUiTests.MenuUi_HasMenuModeEnum" computerName="omega" duration="00:00:00.0190000" startTime="2025-10-25T16:04:51.7878305-04:00" endTime="2025-10-25T16:04:51.7881156-04:00" testType="13cdc9d9-ddb5-4fa4-a97d-d965ccfc6d4b" outcome="Passed" testListId="8c84fa94-04c1-424b-9868-57a2d4851a1d" relativeResultsDirectory="d003b680-a108-43d9-9469-5ade7a05ef6c" />
    <UnitTestResult executionId="21df40a9-c2ed-4c75-9017-218a4e779322" testId="f043dd3f-89d5-4e8c-b97a-c6f1c922db79" testName="ShaderLayer_AnimatesInSpiralMotion" computerName="omega" duration="00:00:00.0170000" startTime="2025-10-25T16:04:52.6610695-04:00" endTime="2025-10-25T16:04:52.6613888-04:00" testType="13cdc9d9-ddb5-4fa4-a97d-d965ccfc6d4b" outcome="Failed" testListId="8c84fa94-04c1-424b-9868-57a2d4851a1d" relativeResultsDirectory="21df40a9-c2ed-4c75-9017-218a4e779322">
      <Output>
        <ErrorInfo>
          <Message>The call is ambiguous between the following methods or properties: 'GdUnit4.Assertions.AssertThat(System.Collections.BitArray)' and 'GdUnit4.Assertions.AssertThat(Godot.Collections.Array)'</Message>
          <StackTrace>   at CallSite.Target(Closure, CallSite, Type, Object)
   at GdUnit4.Assertions.AssertThat(Variant current)
   at OmegaSpiral.Tests.Integration.Ui.OmegaUiTests.ShaderLayer_AnimatesInSpiralMotion(Int32 frameCount, Single rotationSpeed, String description) in /home/adam/Dev/omega-spiral/chapter-zero/tests/integration/ui/OmegaUiTests.cs:line 421
   at GdUnit4.Core.Execution.ExecutionStage`1.ExecuteStage(ExecutionContext context)
   at GdUnit4.Core.Execution.ExecutionStage`1.Execute(ExecutionContext context)
</StackTrace>
        </ErrorInfo>
      </Output>
    </UnitTestResult>
    <UnitTestResult executionId="ed1ecd89-4473-4ce9-a5c5-b268dea707ed" testId="f16fc78b-bc6d-4691-8793-902da9733453" testName="OmegaSpiral.Tests.Integration.Common.TerminalIntegrationTests.TerminalInput_AcceptsSelection_ReturnsCorrectIndex" computerName="omega" duration="00:00:00.0370000" startTime="2025-10-25T16:04:50.1416836-04:00" endTime="2025-10-25T16:04:50.1419941-04:00" testType="13cdc9d9-ddb5-4fa4-a97d-d965ccfc6d4b" outcome="Passed" testListId="8c84fa94-04c1-424b-9868-57a2d4851a1d" relativeResultsDirectory="ed1ecd89-4473-4ce9-a5c5-b268dea707ed">
      <Output>
        <StdOut>\u001b[96m[TerminalChoicePresenter.PresentChoicesAsync]\u001b[39m Presenting 2 TerminalChoiceOption choices\u001b[0m
\u001b[38;5;208m[TerminalChoicePresenter.ClearChoiceButtons]\u001b[39m Clearing 0 buttons from container\u001b[0m
\u001b[92m  ✓ All 0 buttons cleared\u001b[39m\u001b[0m
\u001b[93m  → Created button 0: 'Option A'\u001b[39m\u001b[0m
\u001b[93m  → Created button 1: 'Option B'\u001b[39m\u001b[0m
\u001b[96m  Ready to wait for selection from 2 buttons\u001b[39m\u001b[0m
\u001b[94m[TerminalChoicePresenter.AreChoicesVisible]\u001b[39m → True (2 buttons)\u001b[0m
\u001b[95m[TerminalChoicePresenter.SimulateChoiceSelection]\u001b[39m Simulating selection of index 1\u001b[0m
\u001b[95m[TerminalChoicePresenter.OnChoiceSelected]\u001b[39m Choice 1 selected\u001b[0m
\u001b[92m  ✓ Selection processed, TrySetResult=True\u001b[39m\u001b[0m
\u001b[92m  Selection received: index=1\u001b[39m\u001b[0m</StdOut>
        <StdErr>Warning:
    Detected &lt;2&gt; orphan nodes during test execution!</StdErr>
        <ErrorInfo>
          <Message>Warning:
    Detected &lt;2&gt; orphan nodes during test execution!</Message>
        </ErrorInfo>
      </Output>
    </UnitTestResult>
    <UnitTestResult executionId="3b0e1736-6921-4877-b203-4ad29762a124" testId="0e2cb365-5bcf-44bb-a8d6-de1a94d40344" testName="OmegaSpiral.Tests.Unit.Common.Terminal.TerminalTextRendererTests.AppendTextAsync_WithDelay_DelaysBeforeStarting" computerName="omega" duration="00:00:00.5130000" startTime="2025-10-25T16:05:03.8568551-04:00" endTime="2025-10-25T16:05:03.8571291-04:00" testType="13cdc9d9-ddb5-4fa4-a97d-d965ccfc6d4b" outcome="Passed" testListId="8c84fa94-04c1-424b-9868-57a2d4851a1d" relativeResultsDirectory="3b0e1736-6921-4877-b203-4ad29762a124" />
    <UnitTestResult executionId="2c7de9da-c8e2-411d-844a-57dfd45100b0" testId="8dbbea64-664d-4840-b7d3-bba1047cb7c3" testName="OmegaSpiral.Tests.Unit.Common.Terminal.TerminalTextRendererTests.Constructor_WithNullTextDisplay_ThrowsArgumentNullException" computerName="omega" duration="00:00:00.0120000" startTime="2025-10-25T16:05:02.7502663-04:00" endTime="2025-10-25T16:05:02.7505383-04:00" testType="13cdc9d9-ddb5-4fa4-a97d-d965ccfc6d4b" outcome="Passed" testListId="8c84fa94-04c1-424b-9868-57a2d4851a1d" relativeResultsDirectory="2c7de9da-c8e2-411d-844a-57dfd45100b0" />
    <UnitTestResult executionId="5d0f35f7-c012-443b-a931-32faa84b19eb" testId="0e75552d-9087-4d9e-9055-d4e60f4ec463" testName="[After].ApplyVisualPresetAsync_InvalidPreset_ThrowsArgumentException" computerName="omega" startTime="2025-10-25T16:05:02.7015984-04:00" endTime="2025-10-25T16:05:02.7015997-04:00" testType="13cdc9d9-ddb5-4fa4-a97d-d965ccfc6d4b" outcome="Passed" testListId="8c84fa94-04c1-424b-9868-57a2d4851a1d" relativeResultsDirectory="5d0f35f7-c012-443b-a931-32faa84b19eb">
      <Output>
        <StdErr>Warning:
    Detected &lt;1&gt; orphan nodes during test suite setup stage!
    Check Setup:26 and Cleanup:36 for unfreed instances!</StdErr>
        <ErrorInfo>
          <Message>Warning:
    Detected &lt;1&gt; orphan nodes during test suite setup stage!
    Check Setup:26 and Cleanup:36 for unfreed instances!</Message>
        </ErrorInfo>
      </Output>
    </UnitTestResult>
    <UnitTestResult executionId="97ba2cc2-4dd4-434e-83d8-1b9d003c127e" testId="e3bff8d2-4e3e-4fef-9c0b-a2ffbb479447" testName="[Before].ScreenLayout_IsEmptyContentInsertionPoint" computerName="omega" startTime="2025-10-25T16:04:59.7579325-04:00" endTime="2025-10-25T16:04:59.7579338-04:00" testType="13cdc9d9-ddb5-4fa4-a97d-d965ccfc6d4b" outcome="Failed" testListId="8c84fa94-04c1-424b-9868-57a2d4851a1d" relativeResultsDirectory="97ba2cc2-4dd4-434e-83d8-1b9d003c127e">
      <Output>
        <ErrorInfo>
          <Message>GdUnitSceneRunner: Can't load scene by given resource path: 'res://source/ui/terminal/terminal_window.tscn'. The resource does not exists.</Message>
          <StackTrace>   at GdUnit4.Core.SceneRunner.LoadScene(String resourcePath)
   at GdUnit4.Core.SceneRunner..ctor(String resourcePath, Boolean autoFree, Boolean verbose)
   at GdUnit4.ISceneRunner.Load(String resourcePath, Boolean autoFree, Boolean verbose)
   at OmegaSpiral.Tests.Ui.Terminal.TerminalWindowFrameLayoutTests.Setup() in /home/adam/Dev/omega-spiral/chapter-zero/tests/integration/ui/terminal/TerminalWindowFrameLayoutTests.cs:line 29
   at System.RuntimeMethodHandle.InvokeMethod(ObjectHandleOnStack target, Void** arguments, ObjectHandleOnStack sig, BOOL isConstructor, ObjectHandleOnStack result)
   at System.RuntimeMethodHandle.InvokeMethod(ObjectHandleOnStack target, Void** arguments, ObjectHandleOnStack sig, BOOL isConstructor, ObjectHandleOnStack result)
   at System.Reflection.MethodBaseInvoker.InterpretedInvoke_Method(Object obj, IntPtr* args)
   at System.Reflection.RuntimeMethodInfo.Invoke(Object obj, BindingFlags invokeAttr, Binder binder, Object[] parameters, CultureInfo culture)
</StackTrace>
        </ErrorInfo>
      </Output>
    </UnitTestResult>
    <UnitTestResult executionId="20c191ef-86e1-442d-9cf5-59199a210aef" testId="a146f92d-2031-483b-abf8-4a40185862de" testName="OmegaSpiral.Tests.Unit.Common.Terminal.TerminalTextRendererTests.IsAnimating_DuringTextAppending_ReturnsTrue" computerName="omega" duration="00:00:01.3310000" startTime="2025-10-25T16:05:08.1876966-04:00" endTime="2025-10-25T16:05:08.1879743-04:00" testType="13cdc9d9-ddb5-4fa4-a97d-d965ccfc6d4b" outcome="Passed" testListId="8c84fa94-04c1-424b-9868-57a2d4851a1d" relativeResultsDirectory="20c191ef-86e1-442d-9cf5-59199a210aef" />
    <UnitTestResult executionId="2c5d6345-3352-4d3b-a86f-7da31f8074af" testId="a781ce15-a5b1-4280-9e7d-a474a43893d4" testName="OmegaSpiral.Tests.Unit.Common.Terminal.TerminalChoicePresenterTests.PresentChoicesAsync_WithChoiceOptions_ReturnsSelectedIndex" computerName="omega" duration="00:00:00.1370000" startTime="2025-10-25T16:05:00.6933372-04:00" endTime="2025-10-25T16:05:00.6936122-04:00" testType="13cdc9d9-ddb5-4fa4-a97d-d965ccfc6d4b" outcome="Passed" testListId="8c84fa94-04c1-424b-9868-57a2d4851a1d" relativeResultsDirectory="2c5d6345-3352-4d3b-a86f-7da31f8074af">
      <Output>
        <StdOut>\u001b[96m[TerminalChoicePresenter.PresentChoicesAsync]\u001b[39m Presenting 3 TerminalChoiceOption choices\u001b[0m
\u001b[38;5;208m[TerminalChoicePresenter.ClearChoiceButtons]\u001b[39m Clearing 3 buttons from container\u001b[0m
\u001b[92m  ✓ All 0 buttons cleared\u001b[39m\u001b[0m
\u001b[93m  → Created button 0: 'Option 1'\u001b[39m\u001b[0m
\u001b[93m  → Created button 1: 'Option 2'\u001b[39m\u001b[0m
\u001b[93m  → Created button 2: 'Option 3'\u001b[39m\u001b[0m
\u001b[96m  Ready to wait for selection from 3 buttons\u001b[39m\u001b[0m
\u001b[95m[TerminalChoicePresenter.OnChoiceSelected]\u001b[39m Choice 2 selected\u001b[0m
\u001b[92m  ✓ Selection processed, TrySetResult=True\u001b[39m\u001b[0m
\u001b[92m  Selection received: index=2\u001b[39m\u001b[0m</StdOut>
        <StdErr>Warning:
    Detected &lt;3&gt; orphan nodes during test execution!</StdErr>
        <ErrorInfo>
          <Message>Warning:
    Detected &lt;3&gt; orphan nodes during test execution!</Message>
        </ErrorInfo>
      </Output>
    </UnitTestResult>
    <UnitTestResult executionId="c12ef8af-2456-4dc6-ab9c-28f49f71e89e" testId="e389a7d4-be1f-4a52-818f-3193af2254d2" testName="OmegaSpiral.Tests.Ui.Terminal.TerminalWindowFrameLayoutTests.MainLayout_FillsBezelContainer" computerName="omega" duration="00:00:00.0130000" startTime="2025-10-25T16:04:59.8722276-04:00" endTime="2025-10-25T16:04:59.8725009-04:00" testType="13cdc9d9-ddb5-4fa4-a97d-d965ccfc6d4b" outcome="Failed" testListId="8c84fa94-04c1-424b-9868-57a2d4851a1d" relativeResultsDirectory="c12ef8af-2456-4dc6-ab9c-28f49f71e89e">
      <Output>
        <ErrorInfo>
          <Message>Object reference not set to an instance of an object.</Message>
          <StackTrace>   at OmegaSpiral.Tests.Ui.Terminal.TerminalWindowFrameLayoutTests.MainLayout_FillsBezelContainer() in /home/adam/Dev/omega-spiral/chapter-zero/tests/integration/ui/terminal/TerminalWindowFrameLayoutTests.cs:line 159
   at System.RuntimeMethodHandle.InvokeMethod(ObjectHandleOnStack target, Void** arguments, ObjectHandleOnStack sig, BOOL isConstructor, ObjectHandleOnStack result)
   at System.RuntimeMethodHandle.InvokeMethod(ObjectHandleOnStack target, Void** arguments, ObjectHandleOnStack sig, BOOL isConstructor, ObjectHandleOnStack result)
   at System.Reflection.MethodBaseInvoker.InterpretedInvoke_Method(Object obj, IntPtr* args)
   at System.Reflection.RuntimeMethodInfo.Invoke(Object obj, BindingFlags invokeAttr, Binder binder, Object[] parameters, CultureInfo culture)
</StackTrace>
        </ErrorInfo>
      </Output>
    </UnitTestResult>
    <UnitTestResult executionId="282c9ff5-36cc-412c-88b4-bc40f10bf057" testId="653557f1-4b3e-44a6-9227-d3e10b584177" testName="OmegaSpiral.Tests.Integration.Ui.CreditsMenuTests.CreditsMenu_StartsScrollingWhenShown" computerName="omega" duration="00:00:00.0340000" startTime="2025-10-25T16:04:51.1573895-04:00" endTime="2025-10-25T16:04:51.1577384-04:00" testType="13cdc9d9-ddb5-4fa4-a97d-d965ccfc6d4b" outcome="Failed" testListId="8c84fa94-04c1-424b-9868-57a2d4851a1d" relativeResultsDirectory="282c9ff5-36cc-412c-88b4-bc40f10bf057">
      <Output>
        <ErrorInfo>
          <Message>Expecting to be greater than:
    '0' but is '0'</Message>
          <StackTrace>   at OmegaSpiral.Tests.Integration.Ui.CreditsMenuTests.CreditsMenu_StartsScrollingWhenShown() in /home/adam/Dev/omega-spiral/chapter-zero/tests/integration/ui/CreditsMenuTests.cs:line 141
</StackTrace>
        </ErrorInfo>
      </Output>
    </UnitTestResult>
    <UnitTestResult executionId="cefdf7ba-41f5-44ea-a14a-3804feb22b7c" testId="c0cabf74-23b0-4130-ac43-b277ce743b7a" testName="OmegaSpiral.Tests.Integration.Ui.OmegaUiTests.PhosphorLayer_Exists" computerName="omega" duration="00:00:00.0200000" startTime="2025-10-25T16:04:52.1823780-04:00" endTime="2025-10-25T16:04:52.1826570-04:00" testType="13cdc9d9-ddb5-4fa4-a97d-d965ccfc6d4b" outcome="Passed" testListId="8c84fa94-04c1-424b-9868-57a2d4851a1d" relativeResultsDirectory="cefdf7ba-41f5-44ea-a14a-3804feb22b7c" />
    <UnitTestResult executionId="e32be074-ef48-4440-9f8e-8afe57f207e2" testId="5734d799-11dd-4f6a-983c-a6a2237cd84b" testName="OmegaSpiral.Tests.Unit.Common.Terminal.TerminalChoicePresenterTests.PresentChoicesAsync_MultipleSelection_ReturnsSelectedIndices" computerName="omega" duration="00:00:00.1430000" startTime="2025-10-25T16:05:00.5564628-04:00" endTime="2025-10-25T16:05:00.5567422-04:00" testType="13cdc9d9-ddb5-4fa4-a97d-d965ccfc6d4b" outcome="Passed" testListId="8c84fa94-04c1-424b-9868-57a2d4851a1d" relativeResultsDirectory="e32be074-ef48-4440-9f8e-8afe57f207e2">
      <Output>
        <StdOut>\u001b[96m[TerminalChoicePresenter.PresentChoicesAsync]\u001b[39m Presenting 3 string choices\u001b[0m
\u001b[38;5;208m[TerminalChoicePresenter.ClearChoiceButtons]\u001b[39m Clearing 3 buttons from container\u001b[0m
\u001b[92m  ✓ All 0 buttons cleared\u001b[39m\u001b[0m
\u001b[93m  → Created button 0: 'Choice 1'\u001b[39m\u001b[0m
\u001b[93m  → Created button 1: 'Choice 2'\u001b[39m\u001b[0m
\u001b[93m  → Created button 2: 'Choice 3'\u001b[39m\u001b[0m
\u001b[96m  Ready to wait for selection from 3 buttons\u001b[39m\u001b[0m
\u001b[95m[TerminalChoicePresenter.OnChoiceSelected]\u001b[39m Choice 1 selected\u001b[0m
\u001b[92m  ✓ Selection processed, TrySetResult=True\u001b[39m\u001b[0m
\u001b[92m  Selection received: indices=1\u001b[39m\u001b[0m</StdOut>
        <StdErr>Warning:
    Detected &lt;3&gt; orphan nodes during test execution!</StdErr>
        <ErrorInfo>
          <Message>Warning:
    Detected &lt;3&gt; orphan nodes during test execution!</Message>
        </ErrorInfo>
      </Output>
    </UnitTestResult>
    <UnitTestResult executionId="70c8d8be-aebf-435e-822f-f8d9595bb7fd" testId="ad7f1c1c-6144-4cc2-93cc-d3be7617c9cd" testName="[After].GlitchLayer_Exists" computerName="omega" startTime="2025-10-25T16:04:59.1757738-04:00" endTime="2025-10-25T16:04:59.1757765-04:00" testType="13cdc9d9-ddb5-4fa4-a97d-d965ccfc6d4b" outcome="Failed" testListId="8c84fa94-04c1-424b-9868-57a2d4851a1d" relativeResultsDirectory="70c8d8be-aebf-435e-822f-f8d9595bb7fd">
      <Output>
        <StdErr>Warning:
    Detected &lt;9&gt; orphan nodes during test suite setup stage!
    Check Setup:26 and Cleanup:34 for unfreed instances!</StdErr>
        <ErrorInfo>
          <Message>Warning:
    Detected &lt;9&gt; orphan nodes during test suite setup stage!
    Check Setup:26 and Cleanup:34 for unfreed instances!</Message>
        </ErrorInfo>
      </Output>
    </UnitTestResult>
    <UnitTestResult executionId="da1e036f-dcb9-414e-a6a3-cc5c47071ce2" testId="3ba0d81f-7531-43ae-b919-aeb2e8702a57" testName="OmegaSpiral.Tests.Integration.Ui.OmegaUiTests.ShaderLayers_IgnoreMouseInput" computerName="omega" duration="00:00:00.0230000" startTime="2025-10-25T16:04:52.2640181-04:00" endTime="2025-10-25T16:04:52.2643346-04:00" testType="13cdc9d9-ddb5-4fa4-a97d-d965ccfc6d4b" outcome="Passed" testListId="8c84fa94-04c1-424b-9868-57a2d4851a1d" relativeResultsDirectory="da1e036f-dcb9-414e-a6a3-cc5c47071ce2" />
    <UnitTestResult executionId="be08693b-015d-4d50-a484-6a4a7bedcef0" testId="7948d739-353d-4e02-95c6-00f85f3a17f1" testName="[After].TransitionToScenePreservesGameState" computerName="omega" startTime="2025-10-25T16:05:00.2646188-04:00" endTime="2025-10-25T16:05:00.2646218-04:00" testType="13cdc9d9-ddb5-4fa4-a97d-d965ccfc6d4b" outcome="Passed" testListId="8c84fa94-04c1-424b-9868-57a2d4851a1d" relativeResultsDirectory="be08693b-015d-4d50-a484-6a4a7bedcef0">
      <Output>
        <StdErr>Warning:
    Detected &lt;1&gt; orphan nodes during test suite setup stage!
    Check Setup:21 and Cleanup:31 for unfreed instances!</StdErr>
        <ErrorInfo>
          <Message>Warning:
    Detected &lt;1&gt; orphan nodes during test suite setup stage!
    Check Setup:21 and Cleanup:31 for unfreed instances!</Message>
        </ErrorInfo>
      </Output>
    </UnitTestResult>
    <UnitTestResult executionId="41d075f2-8833-4f68-ae39-15f79e3907d6" testId="f043dd3f-89d5-4e8c-b97a-c6f1c922db79" testName="ShaderLayer_AnimatesInSpiralMotion" computerName="omega" duration="00:00:00.0430000" startTime="2025-10-25T16:04:52.6435306-04:00" endTime="2025-10-25T16:04:52.6441933-04:00" testType="13cdc9d9-ddb5-4fa4-a97d-d965ccfc6d4b" outcome="Failed" testListId="8c84fa94-04c1-424b-9868-57a2d4851a1d" relativeResultsDirectory="41d075f2-8833-4f68-ae39-15f79e3907d6">
      <Output>
        <ErrorInfo>
          <Message>The call is ambiguous between the following methods or properties: 'GdUnit4.Assertions.AssertThat(System.Collections.BitArray)' and 'GdUnit4.Assertions.AssertThat(Godot.Collections.Array)'</Message>
          <StackTrace>   at CallSite.Target(Closure, CallSite, Type, Object)
   at System.Dynamic.UpdateDelegates.UpdateAndExecute2[T0,T1,TRet](CallSite site, T0 arg0, T1 arg1)
   at GdUnit4.Assertions.AssertThat(Variant current)
   at OmegaSpiral.Tests.Integration.Ui.OmegaUiTests.ShaderLayer_AnimatesInSpiralMotion(Int32 frameCount, Single rotationSpeed, String description) in /home/adam/Dev/omega-spiral/chapter-zero/tests/integration/ui/OmegaUiTests.cs:line 421
   at GdUnit4.Core.Execution.ExecutionStage`1.ExecuteStage(ExecutionContext context)
   at GdUnit4.Core.Execution.ExecutionStage`1.Execute(ExecutionContext context)
</StackTrace>
        </ErrorInfo>
      </Output>
    </UnitTestResult>
    <UnitTestResult executionId="ad507f8d-921d-4bb1-a6d0-4ab535c1f1f8" testId="2187410a-3193-44f3-b16c-8dc68026f46f" testName="[After].Background_UsesCorrectDarkColor" computerName="omega" startTime="2025-10-25T16:04:51.7230311-04:00" endTime="2025-10-25T16:04:51.7230324-04:00" testType="13cdc9d9-ddb5-4fa4-a97d-d965ccfc6d4b" outcome="Failed" testListId="8c84fa94-04c1-424b-9868-57a2d4851a1d" relativeResultsDirectory="ad507f8d-921d-4bb1-a6d0-4ab535c1f1f8">
      <Output>
        <StdErr>Warning:
    Detected &lt;41&gt; orphan nodes during test suite setup stage!
    Check Setup:27 and Cleanup:35 for unfreed instances!</StdErr>
        <ErrorInfo>
          <Message>Warning:
    Detected &lt;41&gt; orphan nodes during test suite setup stage!
    Check Setup:27 and Cleanup:35 for unfreed instances!</Message>
        </ErrorInfo>
      </Output>
    </UnitTestResult>
    <UnitTestResult executionId="1c6466e8-fb4b-4f99-b947-5fe27642bba0" testId="6c55503a-9246-4762-bb1a-5ee9ba55f49a" testName="[After].ShaderController_IsCreated" computerName="omega" startTime="2025-10-25T16:04:59.1826506-04:00" endTime="2025-10-25T16:04:59.1826523-04:00" testType="13cdc9d9-ddb5-4fa4-a97d-d965ccfc6d4b" outcome="Failed" testListId="8c84fa94-04c1-424b-9868-57a2d4851a1d" relativeResultsDirectory="1c6466e8-fb4b-4f99-b947-5fe27642bba0">
      <Output>
        <StdErr>Warning:
    Detected &lt;9&gt; orphan nodes during test suite setup stage!
    Check Setup:26 and Cleanup:34 for unfreed instances!</StdErr>
        <ErrorInfo>
          <Message>Warning:
    Detected &lt;9&gt; orphan nodes during test suite setup stage!
    Check Setup:26 and Cleanup:34 for unfreed instances!</Message>
        </ErrorInfo>
      </Output>
    </UnitTestResult>
    <UnitTestResult executionId="de026d31-fa3d-4444-87f6-a76eecde46dc" testId="a30b4d26-5757-4a1c-b301-343ffad9317b" testName="OmegaSpiral.Tests.Unit.Ui.OmegaUi_UnitTests.Dispose_CallsDisposeOnComponentsAndNullsReferences" computerName="omega" duration="00:00:00.0200000" startTime="2025-10-25T16:05:08.3850014-04:00" endTime="2025-10-25T16:05:08.3853471-04:00" testType="13cdc9d9-ddb5-4fa4-a97d-d965ccfc6d4b" outcome="Passed" testListId="8c84fa94-04c1-424b-9868-57a2d4851a1d" relativeResultsDirectory="de026d31-fa3d-4444-87f6-a76eecde46dc">
      <Output>
        <StdErr>Warning:
    Detected &lt;1&gt; orphan nodes during test execution!</StdErr>
        <ErrorInfo>
          <Message>Warning:
    Detected &lt;1&gt; orphan nodes during test execution!</Message>
        </ErrorInfo>
      </Output>
    </UnitTestResult>
    <UnitTestResult executionId="d60fc4b6-616a-4e20-b98e-e6e119a8bc76" testId="9b103818-b757-4182-85bd-35540acd0095" testName="OmegaSpiral.Tests.Ui.Terminal.TerminalWindowFrameLayoutTests.TerminalFrame_ShouldBeCenteredVertically" computerName="omega" duration="00:00:00.0130000" startTime="2025-10-25T16:04:59.8033049-04:00" endTime="2025-10-25T16:04:59.8035866-04:00" testType="13cdc9d9-ddb5-4fa4-a97d-d965ccfc6d4b" outcome="Failed" testListId="8c84fa94-04c1-424b-9868-57a2d4851a1d" relativeResultsDirectory="d60fc4b6-616a-4e20-b98e-e6e119a8bc76">
      <Output>
        <ErrorInfo>
          <Message>Object reference not set to an instance of an object.</Message>
          <StackTrace>   at OmegaSpiral.Tests.Ui.Terminal.TerminalWindowFrameLayoutTests.TerminalFrame_ShouldBeCenteredVertically() in /home/adam/Dev/omega-spiral/chapter-zero/tests/integration/ui/terminal/TerminalWindowFrameLayoutTests.cs:line 96
   at System.RuntimeMethodHandle.InvokeMethod(ObjectHandleOnStack target, Void** arguments, ObjectHandleOnStack sig, BOOL isConstructor, ObjectHandleOnStack result)
   at System.RuntimeMethodHandle.InvokeMethod(ObjectHandleOnStack target, Void** arguments, ObjectHandleOnStack sig, BOOL isConstructor, ObjectHandleOnStack result)
   at System.Reflection.MethodBaseInvoker.InterpretedInvoke_Method(Object obj, IntPtr* args)
   at System.Reflection.RuntimeMethodInfo.Invoke(Object obj, BindingFlags invokeAttr, Binder binder, Object[] parameters, CultureInfo culture)
</StackTrace>
        </ErrorInfo>
      </Output>
    </UnitTestResult>
    <UnitTestResult executionId="e5db6f44-708e-4103-bf40-7d55d5c15602" testId="a3839fa4-daa6-41d7-a96a-2b748985ea9c" testName="[Before].TerminalFrame_ShouldBeCenteredHorizontally" computerName="omega" startTime="2025-10-25T16:04:59.7584065-04:00" endTime="2025-10-25T16:04:59.7584071-04:00" testType="13cdc9d9-ddb5-4fa4-a97d-d965ccfc6d4b" outcome="Failed" testListId="8c84fa94-04c1-424b-9868-57a2d4851a1d" relativeResultsDirectory="e5db6f44-708e-4103-bf40-7d55d5c15602">
      <Output>
        <ErrorInfo>
          <Message>GdUnitSceneRunner: Can't load scene by given resource path: 'res://source/ui/terminal/terminal_window.tscn'. The resource does not exists.</Message>
          <StackTrace>   at GdUnit4.Core.SceneRunner.LoadScene(String resourcePath)
   at GdUnit4.Core.SceneRunner..ctor(String resourcePath, Boolean autoFree, Boolean verbose)
   at GdUnit4.ISceneRunner.Load(String resourcePath, Boolean autoFree, Boolean verbose)
   at OmegaSpiral.Tests.Ui.Terminal.TerminalWindowFrameLayoutTests.Setup() in /home/adam/Dev/omega-spiral/chapter-zero/tests/integration/ui/terminal/TerminalWindowFrameLayoutTests.cs:line 29
   at System.RuntimeMethodHandle.InvokeMethod(ObjectHandleOnStack target, Void** arguments, ObjectHandleOnStack sig, BOOL isConstructor, ObjectHandleOnStack result)
   at System.RuntimeMethodHandle.InvokeMethod(ObjectHandleOnStack target, Void** arguments, ObjectHandleOnStack sig, BOOL isConstructor, ObjectHandleOnStack result)
   at System.Reflection.MethodBaseInvoker.InterpretedInvoke_Method(Object obj, IntPtr* args)
   at System.Reflection.RuntimeMethodInfo.Invoke(Object obj, BindingFlags invokeAttr, Binder binder, Object[] parameters, CultureInfo culture)
</StackTrace>
        </ErrorInfo>
      </Output>
    </UnitTestResult>
    <UnitTestResult executionId="7aaa8546-0fbd-46d8-a7b1-366828f142fe" testId="93cea57e-8ce8-4058-9459-e1ffcdafd835" testName="OmegaSpiral.Tests.Integration.Ui.PauseMenuTests.PauseMenu_HasBackground" computerName="omega" duration="00:00:00.0250000" startTime="2025-10-25T16:04:59.2996341-04:00" endTime="2025-10-25T16:04:59.3000105-04:00" testType="13cdc9d9-ddb5-4fa4-a97d-d965ccfc6d4b" outcome="Failed" testListId="8c84fa94-04c1-424b-9868-57a2d4851a1d" relativeResultsDirectory="7aaa8546-0fbd-46d8-a7b1-366828f142fe">
      <Output>
        <ErrorInfo>
          <Message>Expecting be NOT &lt;Null&gt;:</Message>
          <StackTrace>   at OmegaSpiral.Tests.Integration.Ui.PauseMenuTests.PauseMenu_HasBackground() in /home/adam/Dev/omega-spiral/chapter-zero/tests/integration/ui/PauseMenuTests.cs:line 83
</StackTrace>
        </ErrorInfo>
      </Output>
    </UnitTestResult>
    <UnitTestResult executionId="9bd1ecae-5ccb-47cc-92b1-d4a9cc60edde" testId="5d072814-ee2c-428b-a87f-e84615dba374" testName="[After].Background_UsesDeepSpaceColor" computerName="omega" startTime="2025-10-25T16:04:59.1694518-04:00" endTime="2025-10-25T16:04:59.1694553-04:00" testType="13cdc9d9-ddb5-4fa4-a97d-d965ccfc6d4b" outcome="Failed" testListId="8c84fa94-04c1-424b-9868-57a2d4851a1d" relativeResultsDirectory="9bd1ecae-5ccb-47cc-92b1-d4a9cc60edde">
      <Output>
        <StdErr>Warning:
    Detected &lt;9&gt; orphan nodes during test suite setup stage!
    Check Setup:26 and Cleanup:34 for unfreed instances!</StdErr>
        <ErrorInfo>
          <Message>Warning:
    Detected &lt;9&gt; orphan nodes during test suite setup stage!
    Check Setup:26 and Cleanup:34 for unfreed instances!</Message>
        </ErrorInfo>
      </Output>
    </UnitTestResult>
    <UnitTestResult executionId="32896ad9-d3f4-4499-89d9-eb94269d12c4" testId="ba92900b-fde3-4625-ba37-0e1a3a43b749" testName="[After].MenuTitle_DisplaysOmegaSpiral" computerName="omega" startTime="2025-10-25T16:04:51.7357762-04:00" endTime="2025-10-25T16:04:51.7357770-04:00" testType="13cdc9d9-ddb5-4fa4-a97d-d965ccfc6d4b" outcome="Failed" testListId="8c84fa94-04c1-424b-9868-57a2d4851a1d" relativeResultsDirectory="32896ad9-d3f4-4499-89d9-eb94269d12c4">
      <Output>
        <StdErr>Warning:
    Detected &lt;41&gt; orphan nodes during test suite setup stage!
    Check Setup:27 and Cleanup:35 for unfreed instances!</StdErr>
        <ErrorInfo>
          <Message>Warning:
    Detected &lt;41&gt; orphan nodes during test suite setup stage!
    Check Setup:27 and Cleanup:35 for unfreed instances!</Message>
        </ErrorInfo>
      </Output>
    </UnitTestResult>
    <UnitTestResult executionId="3339da59-5173-4fa1-a1a3-e19aa22a9869" testId="0d38961a-1a95-490b-97f9-a231238cd295" testName="OmegaSpiral.Tests.Integration.Ui.OmegaUiTests.ContentContainer_HasFullScreenAnchors" computerName="omega" duration="00:00:00.0340000" startTime="2025-10-25T16:04:52.1614031-04:00" endTime="2025-10-25T16:04:52.1617995-04:00" testType="13cdc9d9-ddb5-4fa4-a97d-d965ccfc6d4b" outcome="Passed" testListId="8c84fa94-04c1-424b-9868-57a2d4851a1d" relativeResultsDirectory="3339da59-5173-4fa1-a1a3-e19aa22a9869" />
    <UnitTestResult executionId="d49ebd30-2fbd-4452-9d27-b49385d386ca" testId="e9c2d50f-b5fa-451e-a978-0d06023e61fd" testName="[After].ApplyVisualPresetAsync_TerminalPreset_RemovesShader" computerName="omega" startTime="2025-10-25T16:05:02.7033208-04:00" endTime="2025-10-25T16:05:02.7033216-04:00" testType="13cdc9d9-ddb5-4fa4-a97d-d965ccfc6d4b" outcome="Passed" testListId="8c84fa94-04c1-424b-9868-57a2d4851a1d" relativeResultsDirectory="d49ebd30-2fbd-4452-9d27-b49385d386ca">
      <Output>
        <StdErr>Warning:
    Detected &lt;1&gt; orphan nodes during test suite setup stage!
    Check Setup:26 and Cleanup:36 for unfreed instances!</StdErr>
        <ErrorInfo>
          <Message>Warning:
    Detected &lt;1&gt; orphan nodes during test suite setup stage!
    Check Setup:26 and Cleanup:36 for unfreed instances!</Message>
        </ErrorInfo>
      </Output>
    </UnitTestResult>
    <UnitTestResult executionId="46b9ef0e-c5c1-4022-be41-83de203aa74f" testId="7c3bac4f-b5fd-4538-addd-06e5228b11b5" testName="OmegaSpiral.Tests.Unit.Common.GameStateTests.UpdatedreamweaverscoreAddspointscorrectly" computerName="omega" duration="00:00:00.0130000" startTime="2025-10-25T16:04:59.9895467-04:00" endTime="2025-10-25T16:04:59.9898244-04:00" testType="13cdc9d9-ddb5-4fa4-a97d-d965ccfc6d4b" outcome="Passed" testListId="8c84fa94-04c1-424b-9868-57a2d4851a1d" relativeResultsDirectory="46b9ef0e-c5c1-4022-be41-83de203aa74f">
      <Output>
        <StdErr>Warning:
    Detected &lt;1&gt; orphan nodes during test execution!</StdErr>
        <ErrorInfo>
          <Message>Warning:
    Detected &lt;1&gt; orphan nodes during test execution!</Message>
        </ErrorInfo>
      </Output>
    </UnitTestResult>
    <UnitTestResult executionId="14c3861e-ec4d-4c25-9599-b3092ca1ece4" testId="9980f25a-6b20-488f-a976-ac7e93c9076b" testName="[After].GlitchLayer_IsVisibleWithCorrectOpacity" computerName="omega" startTime="2025-10-25T16:04:51.7258895-04:00" endTime="2025-10-25T16:04:51.7258932-04:00" testType="13cdc9d9-ddb5-4fa4-a97d-d965ccfc6d4b" outcome="Failed" testListId="8c84fa94-04c1-424b-9868-57a2d4851a1d" relativeResultsDirectory="14c3861e-ec4d-4c25-9599-b3092ca1ece4">
      <Output>
        <StdErr>Warning:
    Detected &lt;41&gt; orphan nodes during test suite setup stage!
    Check Setup:27 and Cleanup:35 for unfreed instances!</StdErr>
        <ErrorInfo>
          <Message>Warning:
    Detected &lt;41&gt; orphan nodes during test suite setup stage!
    Check Setup:27 and Cleanup:35 for unfreed instances!</Message>
        </ErrorInfo>
      </Output>
    </UnitTestResult>
    <UnitTestResult executionId="8d72370b-7642-49e0-8d34-d4bdbfbc2878" testId="f1973c06-2585-405b-96e3-92984a657924" testName="[After].OptionsButton_HasPressedSignalHandler" computerName="omega" startTime="2025-10-25T16:04:51.7370329-04:00" endTime="2025-10-25T16:04:51.7370339-04:00" testType="13cdc9d9-ddb5-4fa4-a97d-d965ccfc6d4b" outcome="Failed" testListId="8c84fa94-04c1-424b-9868-57a2d4851a1d" relativeResultsDirectory="8d72370b-7642-49e0-8d34-d4bdbfbc2878">
      <Output>
        <StdErr>Warning:
    Detected &lt;41&gt; orphan nodes during test suite setup stage!
    Check Setup:27 and Cleanup:35 for unfreed instances!</StdErr>
        <ErrorInfo>
          <Message>Warning:
    Detected &lt;41&gt; orphan nodes during test suite setup stage!
    Check Setup:27 and Cleanup:35 for unfreed instances!</Message>
        </ErrorInfo>
      </Output>
    </UnitTestResult>
    <UnitTestResult executionId="36a6e829-fe7f-44d7-9235-374e4b5805ed" testId="adc3114a-03d1-47c9-9596-32161300cbdc" testName="[After].ApplyVisualPresetAsync_PhosphorPreset_AppliesCorrectShader" computerName="omega" startTime="2025-10-25T16:05:02.7027960-04:00" endTime="2025-10-25T16:05:02.7027985-04:00" testType="13cdc9d9-ddb5-4fa4-a97d-d965ccfc6d4b" outcome="Passed" testListId="8c84fa94-04c1-424b-9868-57a2d4851a1d" relativeResultsDirectory="36a6e829-fe7f-44d7-9235-374e4b5805ed">
      <Output>
        <StdErr>Warning:
    Detected &lt;1&gt; orphan nodes during test suite setup stage!
    Check Setup:26 and Cleanup:36 for unfreed instances!</StdErr>
        <ErrorInfo>
          <Message>Warning:
    Detected &lt;1&gt; orphan nodes during test suite setup stage!
    Check Setup:26 and Cleanup:36 for unfreed instances!</Message>
        </ErrorInfo>
      </Output>
    </UnitTestResult>
    <UnitTestResult executionId="782d37cb-25f8-4a15-b36d-568704217f3f" testId="a20490bc-9ea0-4e98-b837-c1978b5d42e3" testName="OmegaSpiral.Tests.Integration.SceneLoadingAndViewportTests.Scene_HasValidDimensions" computerName="omega" duration="00:00:00.0330000" startTime="2025-10-25T16:04:50.9274693-04:00" endTime="2025-10-25T16:04:50.9277979-04:00" testType="13cdc9d9-ddb5-4fa4-a97d-d965ccfc6d4b" outcome="Failed" testListId="8c84fa94-04c1-424b-9868-57a2d4851a1d" relativeResultsDirectory="782d37cb-25f8-4a15-b36d-568704217f3f">
      <Output>
        <ErrorInfo>
          <Message>Object reference not set to an instance of an object.</Message>
          <StackTrace>   at OmegaSpiral.Tests.Integration.SceneLoadingAndViewportTests.Scene_HasValidDimensions() in /home/adam/Dev/omega-spiral/chapter-zero/tests/integration/SceneLoadingAndViewportTests.cs:line 183
   at System.RuntimeMethodHandle.InvokeMethod(ObjectHandleOnStack target, Void** arguments, ObjectHandleOnStack sig, BOOL isConstructor, ObjectHandleOnStack result)
   at System.RuntimeMethodHandle.InvokeMethod(ObjectHandleOnStack target, Void** arguments, ObjectHandleOnStack sig, BOOL isConstructor, ObjectHandleOnStack result)
   at System.Reflection.MethodBaseInvoker.InterpretedInvoke_Method(Object obj, IntPtr* args)
   at System.Reflection.RuntimeMethodInfo.Invoke(Object obj, BindingFlags invokeAttr, Binder binder, Object[] parameters, CultureInfo culture)
</StackTrace>
        </ErrorInfo>
      </Output>
    </UnitTestResult>
    <UnitTestResult executionId="56e37d2d-6506-4b77-983b-f591a0c4c071" testId="c9fc7de6-f517-42df-8293-8ea7095776b7" testName="OmegaSpiral.Tests.Integration.Ui.OmegaUiTests.GlitchLayerPath_HasDefault" computerName="omega" duration="00:00:00.0140000" startTime="2025-10-25T16:04:52.4307478-04:00" endTime="2025-10-25T16:04:52.4310444-04:00" testType="13cdc9d9-ddb5-4fa4-a97d-d965ccfc6d4b" outcome="Passed" testListId="8c84fa94-04c1-424b-9868-57a2d4851a1d" relativeResultsDirectory="56e37d2d-6506-4b77-983b-f591a0c4c071" />
    <UnitTestResult executionId="adea931d-77a2-433a-820c-a4311b4247ce" testId="611437b6-2fc0-4093-91b2-e29bdb0b564f" testName="OmegaSpiral.Tests.Integration.Ui.Menus.MainMenuTests.QuitButton_HasPressedSignalHandler" computerName="omega" duration="00:00:00.0210000" startTime="2025-10-25T16:04:51.4802781-04:00" endTime="2025-10-25T16:04:51.4805651-04:00" testType="13cdc9d9-ddb5-4fa4-a97d-d965ccfc6d4b" outcome="Passed" testListId="8c84fa94-04c1-424b-9868-57a2d4851a1d" relativeResultsDirectory="adea931d-77a2-433a-820c-a4311b4247ce" />
    <UnitTestResult executionId="b81a0393-32a3-42b3-9a86-554dbc026c08" testId="831476a7-b31d-46af-a9da-7178f280bd07" testName="OmegaSpiral.Tests.Unit.Ui.OmegaUi_UnitTests.AppendTextAsync_GracefulFailureWhenRendererNull" computerName="omega" duration="00:00:00.0130000" startTime="2025-10-25T16:05:08.3298948-04:00" endTime="2025-10-25T16:05:08.3301720-04:00" testType="13cdc9d9-ddb5-4fa4-a97d-d965ccfc6d4b" outcome="Passed" testListId="8c84fa94-04c1-424b-9868-57a2d4851a1d" relativeResultsDirectory="b81a0393-32a3-42b3-9a86-554dbc026c08">
      <Output>
        <StdErr>Warning:
    Detected &lt;1&gt; orphan nodes during test execution!</StdErr>
        <ErrorInfo>
          <Message>Warning:
    Detected &lt;1&gt; orphan nodes during test execution!</Message>
        </ErrorInfo>
      </Output>
    </UnitTestResult>
    <UnitTestResult executionId="9ef44091-4fe9-4e0f-8fcb-9ea7cde31d28" testId="00e6e9db-d064-4b29-b3f9-c30ddc1f4e7a" testName="[After].ContentContainer_Exists" computerName="omega" startTime="2025-10-25T16:04:59.1704127-04:00" endTime="2025-10-25T16:04:59.1704134-04:00" testType="13cdc9d9-ddb5-4fa4-a97d-d965ccfc6d4b" outcome="Failed" testListId="8c84fa94-04c1-424b-9868-57a2d4851a1d" relativeResultsDirectory="9ef44091-4fe9-4e0f-8fcb-9ea7cde31d28">
      <Output>
        <StdErr>Warning:
    Detected &lt;9&gt; orphan nodes during test suite setup stage!
    Check Setup:26 and Cleanup:34 for unfreed instances!</StdErr>
        <ErrorInfo>
          <Message>Warning:
    Detected &lt;9&gt; orphan nodes during test suite setup stage!
    Check Setup:26 and Cleanup:34 for unfreed instances!</Message>
        </ErrorInfo>
      </Output>
    </UnitTestResult>
    <UnitTestResult executionId="ce727333-e667-4e99-98ee-f4d2f2b5dbd8" testId="ad7f1c1c-6144-4cc2-93cc-d3be7617c9cd" testName="OmegaSpiral.Tests.Integration.Ui.OmegaUiTests.GlitchLayer_Exists" computerName="omega" duration="00:00:00.0140000" startTime="2025-10-25T16:04:52.2174903-04:00" endTime="2025-10-25T16:04:52.2177975-04:00" testType="13cdc9d9-ddb5-4fa4-a97d-d965ccfc6d4b" outcome="Passed" testListId="8c84fa94-04c1-424b-9868-57a2d4851a1d" relativeResultsDirectory="ce727333-e667-4e99-98ee-f4d2f2b5dbd8" />
    <UnitTestResult executionId="a4747a3f-a2f0-4b83-b64b-73f28315d82a" testId="dd791670-06de-48d7-9836-c8eb594d2ea2" testName="OmegaSpiral.Tests.Unit.Common.Terminal.TerminalTextRendererTests.Constructor_WithValidTextDisplay_InitializesCorrectly" computerName="omega" duration="00:00:00.0110000" startTime="2025-10-25T16:05:02.7388373-04:00" endTime="2025-10-25T16:05:02.7391089-04:00" testType="13cdc9d9-ddb5-4fa4-a97d-d965ccfc6d4b" outcome="Passed" testListId="8c84fa94-04c1-424b-9868-57a2d4851a1d" relativeResultsDirectory="a4747a3f-a2f0-4b83-b64b-73f28315d82a" />
    <UnitTestResult executionId="b1b7e6c9-64ab-4da7-bf6e-2e3b2720396e" testId="0c7e2b9f-8798-4f9b-814c-afbdd38be174" testName="[After].ScanlineLayer_Exists" computerName="omega" startTime="2025-10-25T16:04:59.1820164-04:00" endTime="2025-10-25T16:04:59.1820182-04:00" testType="13cdc9d9-ddb5-4fa4-a97d-d965ccfc6d4b" outcome="Failed" testListId="8c84fa94-04c1-424b-9868-57a2d4851a1d" relativeResultsDirectory="b1b7e6c9-64ab-4da7-bf6e-2e3b2720396e">
      <Output>
        <StdErr>Warning:
    Detected &lt;9&gt; orphan nodes during test suite setup stage!
    Check Setup:26 and Cleanup:34 for unfreed instances!</StdErr>
        <ErrorInfo>
          <Message>Warning:
    Detected &lt;9&gt; orphan nodes during test suite setup stage!
    Check Setup:26 and Cleanup:34 for unfreed instances!</Message>
        </ErrorInfo>
      </Output>
    </UnitTestResult>
    <UnitTestResult executionId="0ffbdcca-db46-41a6-a187-f78b5ee754f6" testId="391ca406-8861-4182-8373-2a895e05c044" testName="OmegaSpiral.Tests.Integration.Ui.Menus.MainMenuTests.QuitButton_Exists" computerName="omega" duration="00:00:00.0200000" startTime="2025-10-25T16:04:51.4238926-04:00" endTime="2025-10-25T16:04:51.4248892-04:00" testType="13cdc9d9-ddb5-4fa4-a97d-d965ccfc6d4b" outcome="Passed" testListId="8c84fa94-04c1-424b-9868-57a2d4851a1d" relativeResultsDirectory="0ffbdcca-db46-41a6-a187-f78b5ee754f6" />
    <UnitTestResult executionId="c7d17e00-effc-426b-8b10-417a4372d78c" testId="a0d7b0bf-3848-42be-974c-e51323d3d5a3" testName="OmegaSpiral.Tests.Integration.Ui.MenuUiTests.GetFocusedButton_ReturnsCorrectButton" computerName="omega" duration="00:00:00.0120000" startTime="2025-10-25T16:04:51.9971574-04:00" endTime="2025-10-25T16:04:51.9974579-04:00" testType="13cdc9d9-ddb5-4fa4-a97d-d965ccfc6d4b" outcome="Failed" testListId="8c84fa94-04c1-424b-9868-57a2d4851a1d" relativeResultsDirectory="c7d17e00-effc-426b-8b10-417a4372d78c">
      <Output>
        <ErrorInfo>
          <Message>Expecting be equal:
    &lt;Godot.Button&gt; (objId: 70581749623) but is &lt;Null&gt;</Message>
          <StackTrace>   at OmegaSpiral.Tests.Integration.Ui.MenuUiTests.GetFocusedButton_ReturnsCorrectButton() in /home/adam/Dev/omega-spiral/chapter-zero/tests/integration/ui/BaseMenuTests.cs:line 216
</StackTrace>
        </ErrorInfo>
      </Output>
    </UnitTestResult>
    <UnitTestResult executionId="a7c8e6d2-7609-4b43-b8f5-d8228fb683fe" testId="8e6a70c8-322e-45ff-a59b-8dd82433560f" testName="OmegaSpiral.Tests.Integration.Ui.MenuUiTests.ContentContainer_Exists" computerName="omega" duration="00:00:00.0200000" startTime="2025-10-25T16:04:51.8436653-04:00" endTime="2025-10-25T16:04:51.8440861-04:00" testType="13cdc9d9-ddb5-4fa4-a97d-d965ccfc6d4b" outcome="Failed" testListId="8c84fa94-04c1-424b-9868-57a2d4851a1d" relativeResultsDirectory="a7c8e6d2-7609-4b43-b8f5-d8228fb683fe">
      <Output>
        <ErrorInfo>
          <Message>Expecting be NOT &lt;Null&gt;:</Message>
          <StackTrace>   at OmegaSpiral.Tests.Integration.Ui.MenuUiTests.ContentContainer_Exists() in /home/adam/Dev/omega-spiral/chapter-zero/tests/integration/ui/BaseMenuTests.cs:line 83
</StackTrace>
        </ErrorInfo>
      </Output>
    </UnitTestResult>
    <UnitTestResult executionId="6c5d9028-4515-42d6-b4a2-6ddc63c64339" testId="2b793de0-15d3-495a-8d28-503313d92e27" testName="[After].ContentContainer_HasCorrectSectionSpacing" computerName="omega" startTime="2025-10-25T16:04:59.1721297-04:00" endTime="2025-10-25T16:04:59.1721332-04:00" testType="13cdc9d9-ddb5-4fa4-a97d-d965ccfc6d4b" outcome="Failed" testListId="8c84fa94-04c1-424b-9868-57a2d4851a1d" relativeResultsDirectory="6c5d9028-4515-42d6-b4a2-6ddc63c64339">
      <Output>
        <StdErr>Warning:
    Detected &lt;9&gt; orphan nodes during test suite setup stage!
    Check Setup:26 and Cleanup:34 for unfreed instances!</StdErr>
        <ErrorInfo>
          <Message>Warning:
    Detected &lt;9&gt; orphan nodes during test suite setup stage!
    Check Setup:26 and Cleanup:34 for unfreed instances!</Message>
        </ErrorInfo>
      </Output>
    </UnitTestResult>
    <UnitTestResult executionId="95be30a9-97a1-4afe-a109-8b447f8006e5" testId="ba92900b-fde3-4625-ba37-0e1a3a43b749" testName="OmegaSpiral.Tests.Integration.Ui.Menus.MainMenuTests.MenuTitle_DisplaysOmegaSpiral" computerName="omega" duration="00:00:00.0100000" startTime="2025-10-25T16:04:51.3095290-04:00" endTime="2025-10-25T16:04:51.3105590-04:00" testType="13cdc9d9-ddb5-4fa4-a97d-d965ccfc6d4b" outcome="Passed" testListId="8c84fa94-04c1-424b-9868-57a2d4851a1d" relativeResultsDirectory="95be30a9-97a1-4afe-a109-8b447f8006e5" />
    <UnitTestResult executionId="29daac9a-8492-4d43-8252-2f8ce779fb4b" testId="360d732a-9f1a-48ef-9c4a-179470c97ee9" testName="OmegaSpiral.Tests.Integration.Ui.OmegaUiTests.Root_HasFullScreenAnchors" computerName="omega" duration="00:00:00.0220000" startTime="2025-10-25T16:04:52.0668235-04:00" endTime="2025-10-25T16:04:52.0670965-04:00" testType="13cdc9d9-ddb5-4fa4-a97d-d965ccfc6d4b" outcome="Passed" testListId="8c84fa94-04c1-424b-9868-57a2d4851a1d" relativeResultsDirectory="29daac9a-8492-4d43-8252-2f8ce779fb4b" />
    <UnitTestResult executionId="d425e7fe-8312-44c2-b3aa-062d46642433" testId="d7ed09c6-50c5-4e0f-96d5-3257367d176b" testName="ShaderLayer_MatchesOmegaSpiralAesthetic" computerName="omega" duration="00:00:00.0200000" startTime="2025-10-25T16:04:52.5686627-04:00" endTime="2025-10-25T16:04:52.5690690-04:00" testType="13cdc9d9-ddb5-4fa4-a97d-d965ccfc6d4b" outcome="Passed" testListId="8c84fa94-04c1-424b-9868-57a2d4851a1d" relativeResultsDirectory="d425e7fe-8312-44c2-b3aa-062d46642433" />
    <UnitTestResult executionId="3b897c12-b2d5-44da-b308-b60843d0f896" testId="e76071df-33c3-4b00-8242-bf14dd7cadf5" testName="[After].ValidateStateForTransitionReturnsTrueForValidTransitions" computerName="omega" startTime="2025-10-25T16:05:00.2651917-04:00" endTime="2025-10-25T16:05:00.2651925-04:00" testType="13cdc9d9-ddb5-4fa4-a97d-d965ccfc6d4b" outcome="Passed" testListId="8c84fa94-04c1-424b-9868-57a2d4851a1d" relativeResultsDirectory="3b897c12-b2d5-44da-b308-b60843d0f896">
      <Output>
        <StdErr>Warning:
    Detected &lt;1&gt; orphan nodes during test suite setup stage!
    Check Setup:21 and Cleanup:31 for unfreed instances!</StdErr>
        <ErrorInfo>
          <Message>Warning:
    Detected &lt;1&gt; orphan nodes during test suite setup stage!
    Check Setup:21 and Cleanup:31 for unfreed instances!</Message>
        </ErrorInfo>
      </Output>
    </UnitTestResult>
    <UnitTestResult executionId="dda37810-0db9-4831-bcf5-f7870f47cf66" testId="c479e19d-941e-4b70-89bc-6948fbfeacbb" testName="OmegaSpiral.Tests.Integration.Ui.TerminalUITests.DisabledMode_CanBeSet" computerName="omega" duration="00:00:00.0200000" startTime="2025-10-25T16:04:59.5067046-04:00" endTime="2025-10-25T16:04:59.5072477-04:00" testType="13cdc9d9-ddb5-4fa4-a97d-d965ccfc6d4b" outcome="Passed" testListId="8c84fa94-04c1-424b-9868-57a2d4851a1d" relativeResultsDirectory="dda37810-0db9-4831-bcf5-f7870f47cf66" />
    <UnitTestResult executionId="d8eeb1ab-66a6-42b8-8c2d-21534f0ef8d3" testId="360d732a-9f1a-48ef-9c4a-179470c97ee9" testName="[After].Root_HasFullScreenAnchors" computerName="omega" startTime="2025-10-25T16:04:59.1817107-04:00" endTime="2025-10-25T16:04:59.1817125-04:00" testType="13cdc9d9-ddb5-4fa4-a97d-d965ccfc6d4b" outcome="Failed" testListId="8c84fa94-04c1-424b-9868-57a2d4851a1d" relativeResultsDirectory="d8eeb1ab-66a6-42b8-8c2d-21534f0ef8d3">
      <Output>
        <StdErr>Warning:
    Detected &lt;9&gt; orphan nodes during test suite setup stage!
    Check Setup:26 and Cleanup:34 for unfreed instances!</StdErr>
        <ErrorInfo>
          <Message>Warning:
    Detected &lt;9&gt; orphan nodes during test suite setup stage!
    Check Setup:26 and Cleanup:34 for unfreed instances!</Message>
        </ErrorInfo>
      </Output>
    </UnitTestResult>
    <UnitTestResult executionId="7c3a6dfa-0225-4c4c-a257-a74c9ca648a1" testId="45508ae8-43c5-4c53-8dba-9b51f17426cb" testName="OmegaSpiral.Tests.Integration.Ui.PauseMenuTests.PauseMenu_HasTitle" computerName="omega" duration="00:00:00.0200000" startTime="2025-10-25T16:04:59.2516401-04:00" endTime="2025-10-25T16:04:59.2522818-04:00" testType="13cdc9d9-ddb5-4fa4-a97d-d965ccfc6d4b" outcome="Failed" testListId="8c84fa94-04c1-424b-9868-57a2d4851a1d" relativeResultsDirectory="7c3a6dfa-0225-4c4c-a257-a74c9ca648a1">
      <Output>
        <ErrorInfo>
          <Message>Expecting be equal:
    "PAUSED"
 but is
    ""</Message>
          <StackTrace>   at OmegaSpiral.Tests.Integration.Ui.PauseMenuTests.PauseMenu_HasTitle() in /home/adam/Dev/omega-spiral/chapter-zero/tests/integration/ui/PauseMenuTests.cs:line 51
</StackTrace>
        </ErrorInfo>
      </Output>
    </UnitTestResult>
    <UnitTestResult executionId="42da28c7-9bec-46b4-b317-9bbefb7ae572" testId="c35b52d1-b47f-4ab1-8104-932de564716a" testName="[After].ApplyVisualPresetAsync_GlitchPreset_AppliesCorrectShader" computerName="omega" startTime="2025-10-25T16:05:02.7012261-04:00" endTime="2025-10-25T16:05:02.7012279-04:00" testType="13cdc9d9-ddb5-4fa4-a97d-d965ccfc6d4b" outcome="Passed" testListId="8c84fa94-04c1-424b-9868-57a2d4851a1d" relativeResultsDirectory="42da28c7-9bec-46b4-b317-9bbefb7ae572">
      <Output>
        <StdErr>Warning:
    Detected &lt;1&gt; orphan nodes during test suite setup stage!
    Check Setup:26 and Cleanup:36 for unfreed instances!</StdErr>
        <ErrorInfo>
          <Message>Warning:
    Detected &lt;1&gt; orphan nodes during test suite setup stage!
    Check Setup:26 and Cleanup:36 for unfreed instances!</Message>
        </ErrorInfo>
      </Output>
    </UnitTestResult>
    <UnitTestResult executionId="b60d6a90-7ad5-4aa4-af7e-fe72ed28480e" testId="af9a2366-bec3-4e54-809e-7184c874f78b" testName="[After].MenuTitle_IsHorizontallyCentered" computerName="omega" startTime="2025-10-25T16:04:51.7360079-04:00" endTime="2025-10-25T16:04:51.7360086-04:00" testType="13cdc9d9-ddb5-4fa4-a97d-d965ccfc6d4b" outcome="Failed" testListId="8c84fa94-04c1-424b-9868-57a2d4851a1d" relativeResultsDirectory="b60d6a90-7ad5-4aa4-af7e-fe72ed28480e">
      <Output>
        <StdErr>Warning:
    Detected &lt;41&gt; orphan nodes during test suite setup stage!
    Check Setup:27 and Cleanup:35 for unfreed instances!</StdErr>
        <ErrorInfo>
          <Message>Warning:
    Detected &lt;41&gt; orphan nodes during test suite setup stage!
    Check Setup:27 and Cleanup:35 for unfreed instances!</Message>
        </ErrorInfo>
      </Output>
    </UnitTestResult>
    <UnitTestResult executionId="3e62eb0a-6a0d-443b-b206-ea917f3f715c" testId="b8e8c198-0232-4c06-8beb-99311ebbd644" testName="OmegaSpiral.Tests.Integration.Ui.Menus.MainMenuTests.LaunchButton_ExistsWithCorrectText" computerName="omega" duration="00:00:00.0200000" startTime="2025-10-25T16:04:51.3891103-04:00" endTime="2025-10-25T16:04:51.3897008-04:00" testType="13cdc9d9-ddb5-4fa4-a97d-d965ccfc6d4b" outcome="Failed" testListId="8c84fa94-04c1-424b-9868-57a2d4851a1d" relativeResultsDirectory="3e62eb0a-6a0d-443b-b206-ea917f3f715c">
      <Output>
        <ErrorInfo>
          <Message>Expecting:
    ""
 do contains
    "Launch"</Message>
          <StackTrace>   at OmegaSpiral.Tests.Integration.Ui.Menus.MainMenuTests.LaunchButton_ExistsWithCorrectText() in /home/adam/Dev/omega-spiral/chapter-zero/tests/integration/ui/menus/MainMenuTests.cs:line 168
</StackTrace>
        </ErrorInfo>
      </Output>
    </UnitTestResult>
    <UnitTestResult executionId="a80dd356-9533-4615-8cc7-249e0cf2ad8a" testId="2187410a-3193-44f3-b16c-8dc68026f46f" testName="OmegaSpiral.Tests.Integration.Ui.Menus.MainMenuTests.Background_UsesCorrectDarkColor" computerName="omega" duration="00:00:00.0130000" startTime="2025-10-25T16:04:51.7128421-04:00" endTime="2025-10-25T16:04:51.7147610-04:00" testType="13cdc9d9-ddb5-4fa4-a97d-d965ccfc6d4b" outcome="Passed" testListId="8c84fa94-04c1-424b-9868-57a2d4851a1d" relativeResultsDirectory="a80dd356-9533-4615-8cc7-249e0cf2ad8a" />
    <UnitTestResult executionId="b92056c5-0924-4d8a-96fc-f10f9cfda316" testId="3ba0d81f-7531-43ae-b919-aeb2e8702a57" testName="[After].ShaderLayers_IgnoreMouseInput" computerName="omega" startTime="2025-10-25T16:04:59.1854408-04:00" endTime="2025-10-25T16:04:59.1854415-04:00" testType="13cdc9d9-ddb5-4fa4-a97d-d965ccfc6d4b" outcome="Failed" testListId="8c84fa94-04c1-424b-9868-57a2d4851a1d" relativeResultsDirectory="b92056c5-0924-4d8a-96fc-f10f9cfda316">
      <Output>
        <StdErr>Warning:
    Detected &lt;9&gt; orphan nodes during test suite setup stage!
    Check Setup:26 and Cleanup:34 for unfreed instances!</StdErr>
        <ErrorInfo>
          <Message>Warning:
    Detected &lt;9&gt; orphan nodes during test suite setup stage!
    Check Setup:26 and Cleanup:34 for unfreed instances!</Message>
        </ErrorInfo>
      </Output>
    </UnitTestResult>
    <UnitTestResult executionId="f5382435-85c6-42c0-9e46-67b17fdaa720" testId="4d254a39-1dfb-4cca-9194-18de2285443a" testName="TerminalWindowTestsNew.TerminalWindow_CanSetSize" computerName="omega" duration="00:00:00.0200000" startTime="2025-10-25T16:05:08.5235610-04:00" endTime="2025-10-25T16:05:08.5238365-04:00" testType="13cdc9d9-ddb5-4fa4-a97d-d965ccfc6d4b" outcome="Passed" testListId="8c84fa94-04c1-424b-9868-57a2d4851a1d" relativeResultsDirectory="f5382435-85c6-42c0-9e46-67b17fdaa720" />
    <UnitTestResult executionId="fca33953-83f3-44ef-9d3a-b62a4a7d97f0" testId="d7ed09c6-50c5-4e0f-96d5-3257367d176b" testName="[After].ShaderLayer_MatchesOmegaSpiralAesthetic" computerName="omega" startTime="2025-10-25T16:04:59.1840139-04:00" endTime="2025-10-25T16:04:59.1840155-04:00" testType="13cdc9d9-ddb5-4fa4-a97d-d965ccfc6d4b" outcome="Failed" testListId="8c84fa94-04c1-424b-9868-57a2d4851a1d" relativeResultsDirectory="fca33953-83f3-44ef-9d3a-b62a4a7d97f0">
      <Output>
        <StdErr>Warning:
    Detected &lt;9&gt; orphan nodes during test suite setup stage!
    Check Setup:26 and Cleanup:34 for unfreed instances!</StdErr>
        <ErrorInfo>
          <Message>Warning:
    Detected &lt;9&gt; orphan nodes during test suite setup stage!
    Check Setup:26 and Cleanup:34 for unfreed instances!</Message>
        </ErrorInfo>
      </Output>
    </UnitTestResult>
    <UnitTestResult executionId="269aba9b-24ef-42f7-8d1b-14cfbac8be82" testId="017a631a-70a3-42e7-b16e-234068141db7" testName="OmegaSpiral.Tests.Integration.Ui.TerminalUITests.InheritsFromOmegaUI" computerName="omega" duration="00:00:00.0220000" startTime="2025-10-25T16:04:59.4095258-04:00" endTime="2025-10-25T16:04:59.4098139-04:00" testType="13cdc9d9-ddb5-4fa4-a97d-d965ccfc6d4b" outcome="Failed" testListId="8c84fa94-04c1-424b-9868-57a2d4851a1d" relativeResultsDirectory="269aba9b-24ef-42f7-8d1b-14cfbac8be82">
      <Output>
        <ErrorInfo>
          <Message>Parameter count mismatch.</Message>
          <StackTrace>   at System.Reflection.MethodBaseInvoker.ThrowTargetParameterCountException()
   at System.Reflection.RuntimeMethodInfo.Invoke(Object obj, BindingFlags invokeAttr, Binder binder, Object[] parameters, CultureInfo culture)
   at GdUnit4.Core.Execution.ExecutionStage`1.ExecuteStage(ExecutionContext context)
   at GdUnit4.Core.Execution.ExecutionStage`1.Execute(ExecutionContext context)
</StackTrace>
        </ErrorInfo>
      </Output>
    </UnitTestResult>
    <UnitTestResult executionId="198c719a-6c4a-41fe-81ed-318f86bd48a9" testId="ffbeef6f-916f-485a-88ef-eff032bd1d20" testName="[After].PixelDissolveAsync_CustomDuration_CompletesInCorrectTime" computerName="omega" startTime="2025-10-25T16:05:02.7056720-04:00" endTime="2025-10-25T16:05:02.7056730-04:00" testType="13cdc9d9-ddb5-4fa4-a97d-d965ccfc6d4b" outcome="Passed" testListId="8c84fa94-04c1-424b-9868-57a2d4851a1d" relativeResultsDirectory="198c719a-6c4a-41fe-81ed-318f86bd48a9">
      <Output>
        <StdErr>Warning:
    Detected &lt;1&gt; orphan nodes during test suite setup stage!
    Check Setup:26 and Cleanup:36 for unfreed instances!</StdErr>
        <ErrorInfo>
          <Message>Warning:
    Detected &lt;1&gt; orphan nodes during test suite setup stage!
    Check Setup:26 and Cleanup:36 for unfreed instances!</Message>
        </ErrorInfo>
      </Output>
    </UnitTestResult>
    <UnitTestResult executionId="e2c8baa9-fc42-4d69-92e6-8285b5908ce7" testId="33def4a6-3e1b-4582-9baf-270b6dde4e37" testName="OmegaSpiral.Tests.Integration.Ui.OmegaUiTests.TextDisplay_HasBBCodeEnabled" computerName="omega" duration="00:00:00.0200000" startTime="2025-10-25T16:04:52.3191181-04:00" endTime="2025-10-25T16:04:52.3194064-04:00" testType="13cdc9d9-ddb5-4fa4-a97d-d965ccfc6d4b" outcome="Passed" testListId="8c84fa94-04c1-424b-9868-57a2d4851a1d" relativeResultsDirectory="e2c8baa9-fc42-4d69-92e6-8285b5908ce7" />
    <UnitTestResult executionId="3f1f0c50-4da4-41b2-9032-2d4396ce3ef0" testId="9dbc14e2-c14a-4c60-9b82-8e360acc1d5b" testName="OmegaSpiral.Tests.Integration.Ui.Menus.MainMenuTests.MenuButtonContainer_HasCorrectSpacing" computerName="omega" duration="00:00:00.0220000" startTime="2025-10-25T16:04:51.5785267-04:00" endTime="2025-10-25T16:04:51.5794529-04:00" testType="13cdc9d9-ddb5-4fa4-a97d-d965ccfc6d4b" outcome="Passed" testListId="8c84fa94-04c1-424b-9868-57a2d4851a1d" relativeResultsDirectory="3f1f0c50-4da4-41b2-9032-2d4396ce3ef0" />
    <UnitTestResult executionId="aabeb72e-59eb-4096-9845-daaa468c8f3a" testId="9e0fbceb-1b18-482e-bcd7-5d66b6bab685" testName="OmegaSpiral.Tests.Integration.Ui.OmegaUiTests.OmegaUi_IsVisibleByDefault" computerName="omega" duration="00:00:00.0200000" startTime="2025-10-25T16:04:52.4731646-04:00" endTime="2025-10-25T16:04:52.4734517-04:00" testType="13cdc9d9-ddb5-4fa4-a97d-d965ccfc6d4b" outcome="Passed" testListId="8c84fa94-04c1-424b-9868-57a2d4851a1d" relativeResultsDirectory="aabeb72e-59eb-4096-9845-daaa468c8f3a" />
    <UnitTestResult executionId="44790d65-933a-4485-96d8-c6416f2313f6" testId="174535d0-921c-45c9-b356-22348526f633" testName="OmegaSpiral.Tests.Ui.Terminal.TerminalWindowFrameLayoutTests.Header_ExistsWithTitleAndIndicators" computerName="omega" duration="00:00:00.0130000" startTime="2025-10-25T16:04:59.8860823-04:00" endTime="2025-10-25T16:04:59.8863625-04:00" testType="13cdc9d9-ddb5-4fa4-a97d-d965ccfc6d4b" outcome="Failed" testListId="8c84fa94-04c1-424b-9868-57a2d4851a1d" relativeResultsDirectory="44790d65-933a-4485-96d8-c6416f2313f6">
      <Output>
        <ErrorInfo>
          <Message>Object reference not set to an instance of an object.</Message>
          <StackTrace>   at OmegaSpiral.Tests.Ui.Terminal.TerminalWindowFrameLayoutTests.Header_ExistsWithTitleAndIndicators() in /home/adam/Dev/omega-spiral/chapter-zero/tests/integration/ui/terminal/TerminalWindowFrameLayoutTests.cs:line 183
   at System.RuntimeMethodHandle.InvokeMethod(ObjectHandleOnStack target, Void** arguments, ObjectHandleOnStack sig, BOOL isConstructor, ObjectHandleOnStack result)
   at System.RuntimeMethodHandle.InvokeMethod(ObjectHandleOnStack target, Void** arguments, ObjectHandleOnStack sig, BOOL isConstructor, ObjectHandleOnStack result)
   at System.Reflection.MethodBaseInvoker.InterpretedInvoke_Method(Object obj, IntPtr* args)
   at System.Reflection.RuntimeMethodInfo.Invoke(Object obj, BindingFlags invokeAttr, Binder binder, Object[] parameters, CultureInfo culture)
</StackTrace>
        </ErrorInfo>
      </Output>
    </UnitTestResult>
    <UnitTestResult executionId="c53f1bcc-4dd0-4d54-b525-3872d056cc87" testId="1abaec67-ffe4-4a50-83aa-15d7e5937e7c" testName="OmegaSpiral.Tests.Integration.Ui.TerminalUITests.ContentContainer_WithinBounds" computerName="omega" duration="00:00:00.0180000" startTime="2025-10-25T16:04:59.5889216-04:00" endTime="2025-10-25T16:04:59.5892840-04:00" testType="13cdc9d9-ddb5-4fa4-a97d-d965ccfc6d4b" outcome="Failed" testListId="8c84fa94-04c1-424b-9868-57a2d4851a1d" relativeResultsDirectory="c53f1bcc-4dd0-4d54-b525-3872d056cc87">
      <Output>
        <ErrorInfo>
          <Message>Expecting be NOT &lt;Null&gt;:</Message>
          <StackTrace>   at OmegaSpiral.Tests.Integration.Ui.TerminalUITests.ContentContainer_WithinBounds() in /home/adam/Dev/omega-spiral/chapter-zero/tests/integration/ui/TerminalUiTests.cs:line 136
</StackTrace>
        </ErrorInfo>
      </Output>
    </UnitTestResult>
    <UnitTestResult executionId="ef1f6613-e154-4153-a0c3-eff7bfc3c3a2" testId="0640661d-fd00-4384-a705-a6e6cddc5865" testName="OmegaSpiral.Tests.Unit.Common.GameStateTests.GethighestscoringdreamweaverHandlesties" computerName="omega" duration="00:00:00.0340000" startTime="2025-10-25T16:05:00.0654379-04:00" endTime="2025-10-25T16:05:00.0657277-04:00" testType="13cdc9d9-ddb5-4fa4-a97d-d965ccfc6d4b" outcome="Passed" testListId="8c84fa94-04c1-424b-9868-57a2d4851a1d" relativeResultsDirectory="ef1f6613-e154-4153-a0c3-eff7bfc3c3a2">
      <Output>
        <StdErr>Warning:
    Detected &lt;1&gt; orphan nodes during test execution!</StdErr>
        <ErrorInfo>
          <Message>Warning:
    Detected &lt;1&gt; orphan nodes during test execution!</Message>
        </ErrorInfo>
      </Output>
    </UnitTestResult>
    <UnitTestResult executionId="ae137dd5-d95d-4fb2-be72-de1ce1c4e5c8" testId="c0cabf74-23b0-4130-ac43-b277ce743b7a" testName="[After].PhosphorLayer_Exists" computerName="omega" startTime="2025-10-25T16:04:59.1792056-04:00" endTime="2025-10-25T16:04:59.1792071-04:00" testType="13cdc9d9-ddb5-4fa4-a97d-d965ccfc6d4b" outcome="Failed" testListId="8c84fa94-04c1-424b-9868-57a2d4851a1d" relativeResultsDirectory="ae137dd5-d95d-4fb2-be72-de1ce1c4e5c8">
      <Output>
        <StdErr>Warning:
    Detected &lt;9&gt; orphan nodes during test suite setup stage!
    Check Setup:26 and Cleanup:34 for unfreed instances!</StdErr>
        <ErrorInfo>
          <Message>Warning:
    Detected &lt;9&gt; orphan nodes during test suite setup stage!
    Check Setup:26 and Cleanup:34 for unfreed instances!</Message>
        </ErrorInfo>
      </Output>
    </UnitTestResult>
    <UnitTestResult executionId="17f8e0ca-526d-4586-b0f7-07fe2697c609" testId="95c78fe6-a317-4125-9e93-43f39f2528c7" testName="OmegaSpiral.Tests.Integration.SceneLoadingAndViewportTests.AnyScene_LoadsWithinViewportBounds" computerName="omega" duration="00:00:00.0210000" startTime="2025-10-25T16:04:50.8658531-04:00" endTime="2025-10-25T16:04:50.8662845-04:00" testType="13cdc9d9-ddb5-4fa4-a97d-d965ccfc6d4b" outcome="Failed" testListId="8c84fa94-04c1-424b-9868-57a2d4851a1d" relativeResultsDirectory="17f8e0ca-526d-4586-b0f7-07fe2697c609">
      <Output>
        <ErrorInfo>
          <Message>Expecting be NOT &lt;Null&gt;:</Message>
          <StackTrace>   at OmegaSpiral.Tests.Integration.SceneLoadingAndViewportTests.AnyScene_LoadsWithinViewportBounds() in /home/adam/Dev/omega-spiral/chapter-zero/tests/integration/SceneLoadingAndViewportTests.cs:line 108
</StackTrace>
        </ErrorInfo>
      </Output>
    </UnitTestResult>
    <UnitTestResult executionId="bbc58bfe-1af1-4971-97b9-27691d69321e" testId="c188a106-c540-48d0-829d-53e7e7ea5bc9" testName="OmegaSpiral.Tests.Integration.Ui.OmegaUiTests.PhosphorLayer_PulsesIntensityOverTime" computerName="omega" duration="00:00:06.4770000" startTime="2025-10-25T16:04:59.1406779-04:00" endTime="2025-10-25T16:04:59.1409531-04:00" testType="13cdc9d9-ddb5-4fa4-a97d-d965ccfc6d4b" outcome="Failed" testListId="8c84fa94-04c1-424b-9868-57a2d4851a1d" relativeResultsDirectory="bbc58bfe-1af1-4971-97b9-27691d69321e">
      <Output>
        <ErrorInfo>
          <Message>Expecting to be greater than:
    '0' but is '0'</Message>
          <StackTrace>   at OmegaSpiral.Tests.Integration.Ui.OmegaUiTests.PhosphorLayer_PulsesIntensityOverTime() in /home/adam/Dev/omega-spiral/chapter-zero/tests/integration/ui/OmegaUiTests.cs:line 464
   at Godot.GodotSynchronizationContext.ExecutePendingContinuations() in /root/godot/modules/mono/glue/GodotSharp/GodotSharp/Core/GodotSynchronizationContext.cs:line 51
   at Godot.GodotTaskScheduler.Activate() in /root/godot/modules/mono/glue/GodotSharp/GodotSharp/Core/GodotTaskScheduler.cs:line 76
   at Godot.Bridge.ScriptManagerBridge.FrameCallback() in /root/godot/modules/mono/glue/GodotSharp/GodotSharp/Core/Bridge/ScriptManagerBridge.cs:line 84
</StackTrace>
        </ErrorInfo>
      </Output>
    </UnitTestResult>
    <UnitTestResult executionId="5606c21a-993f-4bfc-ba3a-a4c98c4e1934" testId="db1c02f0-64ec-4e91-b766-f492b8fc6fc6" testName="OmegaSpiral.Tests.Integration.Ui.TerminalUITests.ChoiceContainer_StartsInvisible" computerName="omega" duration="00:00:00.0200000" startTime="2025-10-25T16:04:59.5284239-04:00" endTime="2025-10-25T16:04:59.5287084-04:00" testType="13cdc9d9-ddb5-4fa4-a97d-d965ccfc6d4b" outcome="Passed" testListId="8c84fa94-04c1-424b-9868-57a2d4851a1d" relativeResultsDirectory="5606c21a-993f-4bfc-ba3a-a4c98c4e1934" />
    <UnitTestResult executionId="5be34a3c-287e-41c1-8b75-61ace3fa1665" testId="2b793de0-15d3-495a-8d28-503313d92e27" testName="OmegaSpiral.Tests.Integration.Ui.OmegaUiTests.ContentContainer_HasCorrectSectionSpacing" computerName="omega" duration="00:00:00.0130000" startTime="2025-10-25T16:04:52.5965021-04:00" endTime="2025-10-25T16:04:52.5967925-04:00" testType="13cdc9d9-ddb5-4fa4-a97d-d965ccfc6d4b" outcome="Passed" testListId="8c84fa94-04c1-424b-9868-57a2d4851a1d" relativeResultsDirectory="5be34a3c-287e-41c1-8b75-61ace3fa1665" />
    <UnitTestResult executionId="af5dc7ba-fd1f-4f2d-92c3-474ad36733f4" testId="6dbb996f-8420-4515-832b-8aaf2285e8fc" testName="[After].ColorGradient_RotatesAroundUIBorder" computerName="omega" startTime="2025-10-25T16:04:59.1701213-04:00" endTime="2025-10-25T16:04:59.1701240-04:00" testType="13cdc9d9-ddb5-4fa4-a97d-d965ccfc6d4b" outcome="Failed" testListId="8c84fa94-04c1-424b-9868-57a2d4851a1d" relativeResultsDirectory="af5dc7ba-fd1f-4f2d-92c3-474ad36733f4">
      <Output>
        <StdErr>Warning:
    Detected &lt;9&gt; orphan nodes during test suite setup stage!
    Check Setup:26 and Cleanup:34 for unfreed instances!</StdErr>
        <ErrorInfo>
          <Message>Warning:
    Detected &lt;9&gt; orphan nodes during test suite setup stage!
    Check Setup:26 and Cleanup:34 for unfreed instances!</Message>
        </ErrorInfo>
      </Output>
    </UnitTestResult>
    <UnitTestResult executionId="e1a5934f-a334-4ea4-93ba-6f9c95c364aa" testId="00e6e9db-d064-4b29-b3f9-c30ddc1f4e7a" testName="OmegaSpiral.Tests.Integration.Ui.OmegaUiTests.ContentContainer_Exists" computerName="omega" duration="00:00:00.0230000" startTime="2025-10-25T16:04:52.0915120-04:00" endTime="2025-10-25T16:04:52.0917965-04:00" testType="13cdc9d9-ddb5-4fa4-a97d-d965ccfc6d4b" outcome="Passed" testListId="8c84fa94-04c1-424b-9868-57a2d4851a1d" relativeResultsDirectory="e1a5934f-a334-4ea4-93ba-6f9c95c364aa" />
    <UnitTestResult executionId="d0526ba6-3710-4ffd-9622-5a720b7c9189" testId="7e031a7e-bbbc-4c54-ad34-30a9e983dc45" testName="OmegaSpiral.Tests.Integration.Ui.Menus.MainMenuTests.MenuTitle_UsesCorrectFontSize" computerName="omega" duration="00:00:00.0310000" startTime="2025-10-25T16:04:51.5553821-04:00" endTime="2025-10-25T16:04:51.5557423-04:00" testType="13cdc9d9-ddb5-4fa4-a97d-d965ccfc6d4b" outcome="Passed" testListId="8c84fa94-04c1-424b-9868-57a2d4851a1d" relativeResultsDirectory="d0526ba6-3710-4ffd-9622-5a720b7c9189" />
    <UnitTestResult executionId="5b00eb6f-6838-4a5c-bdcd-440b421ff0eb" testId="ffbeef6f-916f-485a-88ef-eff032bd1d20" testName="OmegaSpiral.Tests.Unit.Common.Terminal.TerminalShaderControllerTests.PixelDissolveAsync_CustomDuration_CompletesInCorrectTime" computerName="omega" duration="00:00:00.5100000" startTime="2025-10-25T16:05:02.6045377-04:00" endTime="2025-10-25T16:05:02.6048154-04:00" testType="13cdc9d9-ddb5-4fa4-a97d-d965ccfc6d4b" outcome="Passed" testListId="8c84fa94-04c1-424b-9868-57a2d4851a1d" relativeResultsDirectory="5b00eb6f-6838-4a5c-bdcd-440b421ff0eb" />
    <UnitTestResult executionId="35b079d3-426a-4ad4-b06b-351dd7278b3f" testId="92832d6e-e5fc-4a1d-a61c-5c5250b66d8d" testName="OmegaSpiral.Tests.Integration.Ui.MenuUiTests.ButtonContainer_Exists" computerName="omega" duration="00:00:00.0140000" startTime="2025-10-25T16:04:51.8784585-04:00" endTime="2025-10-25T16:04:51.8787517-04:00" testType="13cdc9d9-ddb5-4fa4-a97d-d965ccfc6d4b" outcome="Passed" testListId="8c84fa94-04c1-424b-9868-57a2d4851a1d" relativeResultsDirectory="35b079d3-426a-4ad4-b06b-351dd7278b3f" />
    <UnitTestResult executionId="f1742593-3195-4f51-9987-b47d05d8eb94" testId="d84aca59-9f6e-41b5-9876-7028a83748c4" testName="[After].InheritsFromMenuUi" computerName="omega" startTime="2025-10-25T16:04:51.7271034-04:00" endTime="2025-10-25T16:04:51.7271077-04:00" testType="13cdc9d9-ddb5-4fa4-a97d-d965ccfc6d4b" outcome="Failed" testListId="8c84fa94-04c1-424b-9868-57a2d4851a1d" relativeResultsDirectory="f1742593-3195-4f51-9987-b47d05d8eb94">
      <Output>
        <StdErr>Warning:
    Detected &lt;41&gt; orphan nodes during test suite setup stage!
    Check Setup:27 and Cleanup:35 for unfreed instances!</StdErr>
        <ErrorInfo>
          <Message>Warning:
    Detected &lt;41&gt; orphan nodes during test suite setup stage!
    Check Setup:27 and Cleanup:35 for unfreed instances!</Message>
        </ErrorInfo>
      </Output>
    </UnitTestResult>
    <UnitTestResult executionId="6d3a1d59-03ee-4842-814a-b7aea1be951d" testId="c930dea7-651a-464a-b051-507e392960f2" testName="OmegaSpiral.Tests.Unit.Common.Terminal.TerminalChoicePresenterTests.HideChoices_AfterPresentingChoices_RemovesFromDisplay" computerName="omega" duration="00:00:00.1230000" startTime="2025-10-25T16:05:00.8175150-04:00" endTime="2025-10-25T16:05:00.8177945-04:00" testType="13cdc9d9-ddb5-4fa4-a97d-d965ccfc6d4b" outcome="Passed" testListId="8c84fa94-04c1-424b-9868-57a2d4851a1d" relativeResultsDirectory="6d3a1d59-03ee-4842-814a-b7aea1be951d">
      <Output>
        <StdOut>\u001b[96m[TerminalChoicePresenter.PresentChoicesAsync]\u001b[39m Presenting 2 string choices\u001b[0m
\u001b[38;5;208m[TerminalChoicePresenter.ClearChoiceButtons]\u001b[39m Clearing 3 buttons from container\u001b[0m
\u001b[92m  ✓ All 0 buttons cleared\u001b[39m\u001b[0m
\u001b[93m  → Created button 0: 'Choice 1'\u001b[39m\u001b[0m
\u001b[93m  → Created button 1: 'Choice 2'\u001b[39m\u001b[0m
\u001b[96m  Ready to wait for selection from 2 buttons\u001b[39m\u001b[0m
\u001b[95m[TerminalChoicePresenter.OnChoiceSelected]\u001b[39m Choice 0 selected\u001b[0m
\u001b[92m  ✓ Selection processed, TrySetResult=True\u001b[39m\u001b[0m
\u001b[92m  Selection received: indices=0\u001b[39m\u001b[0m
\u001b[38;5;208m[TerminalChoicePresenter.HideChoices]\u001b[39m Clearing 2 buttons\u001b[0m
\u001b[38;5;208m[TerminalChoicePresenter.ClearChoiceButtons]\u001b[39m Clearing 2 buttons from container\u001b[0m
\u001b[92m  ✓ All 0 buttons cleared\u001b[39m\u001b[0m
\u001b[92m  ✓ Choices hidden successfully\u001b[39m\u001b[0m
\u001b[94m[TerminalChoicePresenter.AreChoicesVisible]\u001b[39m → False (0 buttons)\u001b[0m</StdOut>
        <StdErr>Warning:
    Detected &lt;2&gt; orphan nodes during test execution!</StdErr>
        <ErrorInfo>
          <Message>Warning:
    Detected &lt;2&gt; orphan nodes during test execution!</Message>
        </ErrorInfo>
      </Output>
    </UnitTestResult>
    <UnitTestResult executionId="8e22b879-26f3-4d6b-8fba-ab078e311b6b" testId="27f65040-194c-408f-a1bc-fb78057bca21" testName="OmegaSpiral.Tests.Ui.Terminal.TerminalWindowFrameLayoutTests.TerminalFrame_ShouldBeCompletelyVisibleInViewport" computerName="omega" duration="00:00:00.0200000" startTime="2025-10-25T16:04:59.8246956-04:00" endTime="2025-10-25T16:04:59.8249727-04:00" testType="13cdc9d9-ddb5-4fa4-a97d-d965ccfc6d4b" outcome="Failed" testListId="8c84fa94-04c1-424b-9868-57a2d4851a1d" relativeResultsDirectory="8e22b879-26f3-4d6b-8fba-ab078e311b6b">
      <Output>
        <ErrorInfo>
          <Message>Object reference not set to an instance of an object.</Message>
          <StackTrace>   at OmegaSpiral.Tests.Ui.Terminal.TerminalWindowFrameLayoutTests.TerminalFrame_ShouldBeCompletelyVisibleInViewport() in /home/adam/Dev/omega-spiral/chapter-zero/tests/integration/ui/terminal/TerminalWindowFrameLayoutTests.cs:line 116
   at System.RuntimeMethodHandle.InvokeMethod(ObjectHandleOnStack target, Void** arguments, ObjectHandleOnStack sig, BOOL isConstructor, ObjectHandleOnStack result)
   at System.RuntimeMethodHandle.InvokeMethod(ObjectHandleOnStack target, Void** arguments, ObjectHandleOnStack sig, BOOL isConstructor, ObjectHandleOnStack result)
   at System.Reflection.MethodBaseInvoker.InterpretedInvoke_Method(Object obj, IntPtr* args)
   at System.Reflection.RuntimeMethodInfo.Invoke(Object obj, BindingFlags invokeAttr, Binder binder, Object[] parameters, CultureInfo culture)
</StackTrace>
        </ErrorInfo>
      </Output>
    </UnitTestResult>
    <UnitTestResult executionId="0fd90c8e-19ee-4c9a-b545-da5a9f6df5cf" testId="fb416fdb-95f9-4308-ba45-edbb5db6539b" testName="OmegaSpiral.Tests.Unit.Ui.OmegaUi_UnitTests.Dispose_CalledTwice_OnlyExecutesOnce" computerName="omega" duration="00:00:00.0130000" startTime="2025-10-25T16:05:08.3988578-04:00" endTime="2025-10-25T16:05:08.3991369-04:00" testType="13cdc9d9-ddb5-4fa4-a97d-d965ccfc6d4b" outcome="Passed" testListId="8c84fa94-04c1-424b-9868-57a2d4851a1d" relativeResultsDirectory="0fd90c8e-19ee-4c9a-b545-da5a9f6df5cf">
      <Output>
        <StdErr>Warning:
    Detected &lt;1&gt; orphan nodes during test execution!</StdErr>
        <ErrorInfo>
          <Message>Warning:
    Detected &lt;1&gt; orphan nodes during test execution!</Message>
        </ErrorInfo>
      </Output>
    </UnitTestResult>
    <UnitTestResult executionId="9024508f-73d2-4658-9fae-df2204441217" testId="6781c0a3-03eb-42ab-baec-ec4a3bc644e6" testName="OmegaSpiral.Tests.Integration.Ui.MenuUiTests.MenuUi_ExtendsOmegaUi" computerName="omega" duration="00:00:00.0100000" startTime="2025-10-25T16:04:51.7671720-04:00" endTime="2025-10-25T16:04:51.7674638-04:00" testType="13cdc9d9-ddb5-4fa4-a97d-d965ccfc6d4b" outcome="Passed" testListId="8c84fa94-04c1-424b-9868-57a2d4851a1d" relativeResultsDirectory="9024508f-73d2-4658-9fae-df2204441217" />
    <UnitTestResult executionId="052ae3f8-0741-416d-b760-415040393601" testId="f043dd3f-89d5-4e8c-b97a-c6f1c922db79" testName="OmegaSpiral.Tests.Integration.Ui.OmegaUiTests.ShaderLayer_AnimatesInSpiralMotion" computerName="omega" duration="00:00:00.0650000" startTime="2025-10-25T16:04:52.6642591-04:00" endTime="2025-10-25T16:04:52.6656792-04:00" testType="13cdc9d9-ddb5-4fa4-a97d-d965ccfc6d4b" outcome="Failed" testListId="8c84fa94-04c1-424b-9868-57a2d4851a1d" relativeResultsDirectory="052ae3f8-0741-416d-b760-415040393601">
      <Output>
        <ErrorInfo>
          <Message>The call is ambiguous between the following methods or properties: 'GdUnit4.Assertions.AssertThat(System.Collections.BitArray)' and 'GdUnit4.Assertions.AssertThat(Godot.Collections.Array)'</Message>
          <StackTrace>   at CallSite.Target(Closure, CallSite, Type, Object)
   at GdUnit4.Assertions.AssertThat(Variant current)
   at OmegaSpiral.Tests.Integration.Ui.OmegaUiTests.ShaderLayer_AnimatesInSpiralMotion(Int32 frameCount, Single rotationSpeed, String description) in /home/adam/Dev/omega-spiral/chapter-zero/tests/integration/ui/OmegaUiTests.cs:line 421
   at GdUnit4.Core.Execution.ExecutionStage`1.ExecuteStage(ExecutionContext context)
   at GdUnit4.Core.Execution.ExecutionStage`1.Execute(ExecutionContext context)
</StackTrace>
        </ErrorInfo>
      </Output>
    </UnitTestResult>
    <UnitTestResult executionId="9f0d1e79-479d-43bc-917c-99eba02276d3" testId="175df6a5-626e-4f63-bb4b-13b5c2a641b6" testName="TerminalWindowTestsNew.TerminalWindow_CanStoreCustomData" computerName="omega" duration="00:00:00.0130000" startTime="2025-10-25T16:05:08.5022702-04:00" endTime="2025-10-25T16:05:08.5025449-04:00" testType="13cdc9d9-ddb5-4fa4-a97d-d965ccfc6d4b" outcome="Passed" testListId="8c84fa94-04c1-424b-9868-57a2d4851a1d" relativeResultsDirectory="9f0d1e79-479d-43bc-917c-99eba02276d3" />
    <UnitTestResult executionId="c8525150-fe08-43ef-a136-53f5952c74e7" testId="8a88cad0-2f8c-4041-b3f5-9b4450906861" testName="OmegaSpiral.Tests.Common.GameStateSignalTests.CharacterPartyChangedSignal_EmittedWhenPartyChanges_SignalReceived" computerName="omega" duration="00:00:01.0410000" startTime="2025-10-25T16:04:48.5693553-04:00" endTime="2025-10-25T16:04:48.5700551-04:00" testType="13cdc9d9-ddb5-4fa4-a97d-d965ccfc6d4b" outcome="Failed" testListId="8c84fa94-04c1-424b-9868-57a2d4851a1d" relativeResultsDirectory="c8525150-fe08-43ef-a136-53f5952c74e7">
      <Output>
        <ErrorInfo>
          <Message>Expecting do emitting signal:
    "CharacterPartyChanged(&lt;Empty&gt;)"
 by
    &lt;OmegaSpiral.Source.Scripts.GameStateSignals&gt; (objId: 62511908598)</Message>
          <StackTrace>   at GdUnit4.Asserts.SignalAssert.ThrowTestFailureReport(String message, Int32 lineNumber)
</StackTrace>
        </ErrorInfo>
      </Output>
    </UnitTestResult>
    <UnitTestResult executionId="33556889-5fc9-4bef-8e71-7b2422561539" testId="d33c8780-27c8-4c9d-b861-ab915054b2e8" testName="OmegaSpiral.Tests.Unit.Common.SceneManagerTests.TransitionToScenePerformsSceneTransition" computerName="omega" duration="00:00:00.0220000" startTime="2025-10-25T16:05:00.1308361-04:00" endTime="2025-10-25T16:05:00.1311187-04:00" testType="13cdc9d9-ddb5-4fa4-a97d-d965ccfc6d4b" outcome="Passed" testListId="8c84fa94-04c1-424b-9868-57a2d4851a1d" relativeResultsDirectory="33556889-5fc9-4bef-8e71-7b2422561539" />
    <UnitTestResult executionId="7042d3a3-a74e-44d7-ba32-d659b27de7dc" testId="d2b152ee-cd04-4adf-9ec5-89121bf43fa7" testName="TerminalWindowTestsNew.TerminalWindow_AnchorsAndMarginsWork" computerName="omega" duration="00:00:00.0130000" startTime="2025-10-25T16:05:08.6402618-04:00" endTime="2025-10-25T16:05:08.6405562-04:00" testType="13cdc9d9-ddb5-4fa4-a97d-d965ccfc6d4b" outcome="Passed" testListId="8c84fa94-04c1-424b-9868-57a2d4851a1d" relativeResultsDirectory="7042d3a3-a74e-44d7-ba32-d659b27de7dc" />
    <UnitTestResult executionId="e36f054a-1f21-43a7-a04d-155d4e265834" testId="03726878-0868-47f6-8f4f-2f4562754cb3" testName="OmegaSpiral.Tests.Integration.Ui.PauseMenuTests.PauseMenu_HasAllButtons" computerName="omega" duration="00:00:00.0210000" startTime="2025-10-25T16:04:59.2729935-04:00" endTime="2025-10-25T16:04:59.2732852-04:00" testType="13cdc9d9-ddb5-4fa4-a97d-d965ccfc6d4b" outcome="Failed" testListId="8c84fa94-04c1-424b-9868-57a2d4851a1d" relativeResultsDirectory="e36f054a-1f21-43a7-a04d-155d4e265834">
      <Output>
        <ErrorInfo>
          <Message>Expecting be equal:
    "Resume Game"
 but is
    "Resume"</Message>
          <StackTrace>   at OmegaSpiral.Tests.Integration.Ui.PauseMenuTests.PauseMenu_HasAllButtons() in /home/adam/Dev/omega-spiral/chapter-zero/tests/integration/ui/PauseMenuTests.cs:line 70
</StackTrace>
        </ErrorInfo>
      </Output>
    </UnitTestResult>
    <UnitTestResult executionId="665c686f-660f-4552-9963-c4493851c693" testId="46771409-806a-4134-83f6-fab38626998c" testName="OmegaSpiral.Tests.Integration.Ui.OmegaUiTests.ScanlineLayerPath_HasDefault" computerName="omega" duration="00:00:00.0170000" startTime="2025-10-25T16:04:52.4156735-04:00" endTime="2025-10-25T16:04:52.4159469-04:00" testType="13cdc9d9-ddb5-4fa4-a97d-d965ccfc6d4b" outcome="Passed" testListId="8c84fa94-04c1-424b-9868-57a2d4851a1d" relativeResultsDirectory="665c686f-660f-4552-9963-c4493851c693" />
    <UnitTestResult executionId="ccab6205-87e3-4ff1-9bca-4e67ed9013c0" testId="880d7f29-be47-4d61-a127-aed72dd3c4fd" testName="OmegaSpiral.Tests.Integration.Ui.Menus.MainMenuTests.ContentContainer_HasCorrectSectionSpacing" computerName="omega" duration="00:00:00.0170000" startTime="2025-10-25T16:04:51.5965677-04:00" endTime="2025-10-25T16:04:51.5976362-04:00" testType="13cdc9d9-ddb5-4fa4-a97d-d965ccfc6d4b" outcome="Passed" testListId="8c84fa94-04c1-424b-9868-57a2d4851a1d" relativeResultsDirectory="ccab6205-87e3-4ff1-9bca-4e67ed9013c0" />
    <UnitTestResult executionId="39357047-1519-4b35-9de1-d4588e195e01" testId="9c02da39-5280-436f-a0e7-9e0bb9ddbbd2" testName="OmegaSpiral.Tests.Integration.Ui.Menus.MainMenuTests.MenuButtonContainer_IsCenterAligned" computerName="omega" duration="00:00:00.0100000" startTime="2025-10-25T16:04:51.6402066-04:00" endTime="2025-10-25T16:04:51.6405131-04:00" testType="13cdc9d9-ddb5-4fa4-a97d-d965ccfc6d4b" outcome="Passed" testListId="8c84fa94-04c1-424b-9868-57a2d4851a1d" relativeResultsDirectory="39357047-1519-4b35-9de1-d4588e195e01" />
    <UnitTestResult executionId="142f2a26-1e64-47a6-9990-2cbc25a42cbb" testId="13aae70f-0034-4e3f-b613-9be92a0ed934" testName="[After].Constructor_WithNullDisplay_ThrowsArgumentNullException" computerName="omega" startTime="2025-10-25T16:05:02.7035508-04:00" endTime="2025-10-25T16:05:02.7035516-04:00" testType="13cdc9d9-ddb5-4fa4-a97d-d965ccfc6d4b" outcome="Passed" testListId="8c84fa94-04c1-424b-9868-57a2d4851a1d" relativeResultsDirectory="142f2a26-1e64-47a6-9990-2cbc25a42cbb">
      <Output>
        <StdErr>Warning:
    Detected &lt;1&gt; orphan nodes during test suite setup stage!
    Check Setup:26 and Cleanup:36 for unfreed instances!</StdErr>
        <ErrorInfo>
          <Message>Warning:
    Detected &lt;1&gt; orphan nodes during test suite setup stage!
    Check Setup:26 and Cleanup:36 for unfreed instances!</Message>
        </ErrorInfo>
      </Output>
    </UnitTestResult>
    <UnitTestResult executionId="4e21352c-16da-494d-8c04-0f2f42ac6fab" testId="d7ed09c6-50c5-4e0f-96d5-3257367d176b" testName="ShaderLayer_MatchesOmegaSpiralAesthetic" computerName="omega" duration="00:00:00.0230000" startTime="2025-10-25T16:04:52.5478345-04:00" endTime="2025-10-25T16:04:52.5481154-04:00" testType="13cdc9d9-ddb5-4fa4-a97d-d965ccfc6d4b" outcome="Passed" testListId="8c84fa94-04c1-424b-9868-57a2d4851a1d" relativeResultsDirectory="4e21352c-16da-494d-8c04-0f2f42ac6fab" />
    <UnitTestResult executionId="53b79f66-b118-4950-9c8e-963c1555f532" testId="49b34865-aa33-4681-a09e-04921bbd9c95" testName="OmegaSpiral.Tests.Integration.Ui.OmegaUiTests.TextDisplayPath_HasDefault" computerName="omega" duration="00:00:00.0200000" startTime="2025-10-25T16:04:52.4518956-04:00" endTime="2025-10-25T16:04:52.4521726-04:00" testType="13cdc9d9-ddb5-4fa4-a97d-d965ccfc6d4b" outcome="Passed" testListId="8c84fa94-04c1-424b-9868-57a2d4851a1d" relativeResultsDirectory="53b79f66-b118-4950-9c8e-963c1555f532" />
    <UnitTestResult executionId="d6d6e10f-8799-4b75-ada7-56c09e74bdb0" testId="c48520af-099a-4c45-baf6-877d56efdd19" testName="OmegaSpiral.Tests.Integration.Ui.MenuUiTests.MenuTitle_Exists" computerName="omega" duration="00:00:00.0200000" startTime="2025-10-25T16:04:51.8646372-04:00" endTime="2025-10-25T16:04:51.8649437-04:00" testType="13cdc9d9-ddb5-4fa4-a97d-d965ccfc6d4b" outcome="Failed" testListId="8c84fa94-04c1-424b-9868-57a2d4851a1d" relativeResultsDirectory="d6d6e10f-8799-4b75-ada7-56c09e74bdb0">
      <Output>
        <ErrorInfo>
          <Message>Expecting be equal:
    "Test Menu"
 but is
    ""</Message>
          <StackTrace>   at OmegaSpiral.Tests.Integration.Ui.MenuUiTests.MenuTitle_Exists() in /home/adam/Dev/omega-spiral/chapter-zero/tests/integration/ui/BaseMenuTests.cs:line 95
</StackTrace>
        </ErrorInfo>
      </Output>
    </UnitTestResult>
    <UnitTestResult executionId="d30e94bb-ac3d-4d83-bceb-3c343ee4ae18" testId="cb4dc6b0-2f30-4f99-9191-270f287b618c" testName="[After].ShaderLayers_HaveFullScreenAnchors" computerName="omega" startTime="2025-10-25T16:04:59.1851614-04:00" endTime="2025-10-25T16:04:59.1851621-04:00" testType="13cdc9d9-ddb5-4fa4-a97d-d965ccfc6d4b" outcome="Failed" testListId="8c84fa94-04c1-424b-9868-57a2d4851a1d" relativeResultsDirectory="d30e94bb-ac3d-4d83-bceb-3c343ee4ae18">
      <Output>
        <StdErr>Warning:
    Detected &lt;9&gt; orphan nodes during test suite setup stage!
    Check Setup:26 and Cleanup:34 for unfreed instances!</StdErr>
        <ErrorInfo>
          <Message>Warning:
    Detected &lt;9&gt; orphan nodes during test suite setup stage!
    Check Setup:26 and Cleanup:34 for unfreed instances!</Message>
        </ErrorInfo>
      </Output>
    </UnitTestResult>
    <UnitTestResult executionId="eda72c2d-2665-4fb5-a49b-466b560c5df3" testId="f043dd3f-89d5-4e8c-b97a-c6f1c922db79" testName="[After].ShaderLayer_AnimatesInSpiralMotion" computerName="omega" startTime="2025-10-25T16:04:59.1837084-04:00" endTime="2025-10-25T16:04:59.1837106-04:00" testType="13cdc9d9-ddb5-4fa4-a97d-d965ccfc6d4b" outcome="Failed" testListId="8c84fa94-04c1-424b-9868-57a2d4851a1d" relativeResultsDirectory="eda72c2d-2665-4fb5-a49b-466b560c5df3">
      <Output>
        <StdErr>Warning:
    Detected &lt;9&gt; orphan nodes during test suite setup stage!
    Check Setup:26 and Cleanup:34 for unfreed instances!</StdErr>
        <ErrorInfo>
          <Message>Warning:
    Detected &lt;9&gt; orphan nodes during test suite setup stage!
    Check Setup:26 and Cleanup:34 for unfreed instances!</Message>
        </ErrorInfo>
      </Output>
    </UnitTestResult>
    <UnitTestResult executionId="69071d06-ac94-4802-a523-096e59cac6c9" testId="9bd633b7-6a2e-4dd5-858f-870728d38077" testName="OmegaSpiral.Tests.Integration.Ui.OmegaUiTests.ContentContainer_IsDirectChild" computerName="omega" duration="00:00:00.0330000" startTime="2025-10-25T16:04:52.1260902-04:00" endTime="2025-10-25T16:04:52.1265623-04:00" testType="13cdc9d9-ddb5-4fa4-a97d-d965ccfc6d4b" outcome="Passed" testListId="8c84fa94-04c1-424b-9868-57a2d4851a1d" relativeResultsDirectory="69071d06-ac94-4802-a523-096e59cac6c9" />
    <UnitTestResult executionId="c5a1705e-a7f4-4f6a-9b0a-a9377efd2d45" testId="711a824c-86dc-4260-8510-5649ff067f8d" testName="OmegaSpiral.Tests.Integration.Ui.OmegaUiTests.Initialization_EmitsCompletedSignal" computerName="omega" duration="00:00:00.0200000" startTime="2025-10-25T16:04:52.3404254-04:00" endTime="2025-10-25T16:04:52.3407064-04:00" testType="13cdc9d9-ddb5-4fa4-a97d-d965ccfc6d4b" outcome="Passed" testListId="8c84fa94-04c1-424b-9868-57a2d4851a1d" relativeResultsDirectory="c5a1705e-a7f4-4f6a-9b0a-a9377efd2d45" />
    <UnitTestResult executionId="10066f38-4db2-48bd-9366-924def0cacd7" testId="ab07b020-c5ac-445d-8f15-cd87024ba094" testName="OmegaSpiral.Tests.Integration.Ui.CreditsMenuTests.CreditsMenu_HasScrollContainer" computerName="omega" duration="00:00:00.0200000" startTime="2025-10-25T16:04:51.0401598-04:00" endTime="2025-10-25T16:04:51.0406444-04:00" testType="13cdc9d9-ddb5-4fa4-a97d-d965ccfc6d4b" outcome="Passed" testListId="8c84fa94-04c1-424b-9868-57a2d4851a1d" relativeResultsDirectory="10066f38-4db2-48bd-9366-924def0cacd7" />
    <UnitTestResult executionId="aea47f77-37a9-435d-bdc7-8550932e0f0f" testId="00a9bd25-2f52-496e-b7ed-c69bb34d9503" testName="OmegaSpiral.Tests.Integration.Common.TerminalIntegrationTests.Components_InitializeWithoutConflicts" computerName="omega" duration="00:00:00.0070000" startTime="2025-10-25T16:04:49.6566270-04:00" endTime="2025-10-25T16:04:49.6571547-04:00" testType="13cdc9d9-ddb5-4fa4-a97d-d965ccfc6d4b" outcome="Passed" testListId="8c84fa94-04c1-424b-9868-57a2d4851a1d" relativeResultsDirectory="aea47f77-37a9-435d-bdc7-8550932e0f0f" />
    <UnitTestResult executionId="07335405-d6c3-4d90-8db9-68f201732f00" testId="967db1ee-f139-43f0-8d9f-9f6daec11a0c" testName="TerminalWindowTestsNew.TerminalWindow_InitializesSuccessfully" computerName="omega" duration="00:00:00.0180000" startTime="2025-10-25T16:05:08.4539412-04:00" endTime="2025-10-25T16:05:08.4542322-04:00" testType="13cdc9d9-ddb5-4fa4-a97d-d965ccfc6d4b" outcome="Passed" testListId="8c84fa94-04c1-424b-9868-57a2d4851a1d" relativeResultsDirectory="07335405-d6c3-4d90-8db9-68f201732f00" />
    <UnitTestResult executionId="39dd7435-6148-46e0-a16d-801454167742" testId="32d04ac9-f650-43e3-b78c-e9645f6d7347" testName="[Before].TerminalFrame_HasVisibleBorder" computerName="omega" startTime="2025-10-25T16:04:59.7581833-04:00" endTime="2025-10-25T16:04:59.7581838-04:00" testType="13cdc9d9-ddb5-4fa4-a97d-d965ccfc6d4b" outcome="Failed" testListId="8c84fa94-04c1-424b-9868-57a2d4851a1d" relativeResultsDirectory="39dd7435-6148-46e0-a16d-801454167742">
      <Output>
        <ErrorInfo>
          <Message>GdUnitSceneRunner: Can't load scene by given resource path: 'res://source/ui/terminal/terminal_window.tscn'. The resource does not exists.</Message>
          <StackTrace>   at GdUnit4.Core.SceneRunner.LoadScene(String resourcePath)
   at GdUnit4.Core.SceneRunner..ctor(String resourcePath, Boolean autoFree, Boolean verbose)
   at GdUnit4.ISceneRunner.Load(String resourcePath, Boolean autoFree, Boolean verbose)
   at OmegaSpiral.Tests.Ui.Terminal.TerminalWindowFrameLayoutTests.Setup() in /home/adam/Dev/omega-spiral/chapter-zero/tests/integration/ui/terminal/TerminalWindowFrameLayoutTests.cs:line 29
   at System.RuntimeMethodHandle.InvokeMethod(ObjectHandleOnStack target, Void** arguments, ObjectHandleOnStack sig, BOOL isConstructor, ObjectHandleOnStack result)
   at System.RuntimeMethodHandle.InvokeMethod(ObjectHandleOnStack target, Void** arguments, ObjectHandleOnStack sig, BOOL isConstructor, ObjectHandleOnStack result)
   at System.Reflection.MethodBaseInvoker.InterpretedInvoke_Method(Object obj, IntPtr* args)
   at System.Reflection.RuntimeMethodInfo.Invoke(Object obj, BindingFlags invokeAttr, Binder binder, Object[] parameters, CultureInfo culture)
</StackTrace>
        </ErrorInfo>
      </Output>
    </UnitTestResult>
    <UnitTestResult executionId="bcfbed78-156e-496e-a19e-8d5256e05eca" testId="adc3114a-03d1-47c9-9596-32161300cbdc" testName="OmegaSpiral.Tests.Unit.Common.Terminal.TerminalShaderControllerTests.ApplyVisualPresetAsync_PhosphorPreset_AppliesCorrectShader" computerName="omega" duration="00:00:00.0320000" startTime="2025-10-25T16:05:01.0044216-04:00" endTime="2025-10-25T16:05:01.0046956-04:00" testType="13cdc9d9-ddb5-4fa4-a97d-d965ccfc6d4b" outcome="Passed" testListId="8c84fa94-04c1-424b-9868-57a2d4851a1d" relativeResultsDirectory="bcfbed78-156e-496e-a19e-8d5256e05eca" />
    <UnitTestResult executionId="d4b08fef-b396-4aa7-a7d5-4e7544cb4c5e" testId="7ccd3948-00b9-464c-acaa-8e37f93cea98" testName="OmegaSpiral.Tests.Integration.Common.TerminalIntegrationTests.ShaderAndText_InteractWithoutInterference" computerName="omega" duration="00:00:00.4410000" startTime="2025-10-25T16:04:50.0983594-04:00" endTime="2025-10-25T16:04:50.0987212-04:00" testType="13cdc9d9-ddb5-4fa4-a97d-d965ccfc6d4b" outcome="Passed" testListId="8c84fa94-04c1-424b-9868-57a2d4851a1d" relativeResultsDirectory="d4b08fef-b396-4aa7-a7d5-4e7544cb4c5e" />
    <UnitTestResult executionId="29c1c51e-4f05-4cde-adca-4835ff85825e" testId="32d04ac9-f650-43e3-b78c-e9645f6d7347" testName="OmegaSpiral.Tests.Ui.Terminal.TerminalWindowFrameLayoutTests.TerminalFrame_HasVisibleBorder" computerName="omega" duration="00:00:00.0120000" startTime="2025-10-25T16:04:59.7687550-04:00" endTime="2025-10-25T16:04:59.7690306-04:00" testType="13cdc9d9-ddb5-4fa4-a97d-d965ccfc6d4b" outcome="Failed" testListId="8c84fa94-04c1-424b-9868-57a2d4851a1d" relativeResultsDirectory="29c1c51e-4f05-4cde-adca-4835ff85825e">
      <Output>
        <ErrorInfo>
          <Message>Object reference not set to an instance of an object.</Message>
          <StackTrace>   at OmegaSpiral.Tests.Ui.Terminal.TerminalWindowFrameLayoutTests.TerminalFrame_HasVisibleBorder() in /home/adam/Dev/omega-spiral/chapter-zero/tests/integration/ui/terminal/TerminalWindowFrameLayoutTests.cs:line 47
   at System.RuntimeMethodHandle.InvokeMethod(ObjectHandleOnStack target, Void** arguments, ObjectHandleOnStack sig, BOOL isConstructor, ObjectHandleOnStack result)
   at System.RuntimeMethodHandle.InvokeMethod(ObjectHandleOnStack target, Void** arguments, ObjectHandleOnStack sig, BOOL isConstructor, ObjectHandleOnStack result)
   at System.Reflection.MethodBaseInvoker.InterpretedInvoke_Method(Object obj, IntPtr* args)
   at System.Reflection.RuntimeMethodInfo.Invoke(Object obj, BindingFlags invokeAttr, Binder binder, Object[] parameters, CultureInfo culture)
</StackTrace>
        </ErrorInfo>
      </Output>
    </UnitTestResult>
    <UnitTestResult executionId="502ff96c-824b-4a73-8a10-8d3a9325ceb4" testId="761a996c-5cfa-4a4f-ba35-895ee5ea3d62" testName="TerminalWindowTestsNew.TerminalWindow_SupportsVariousMinimumSizes.TerminalWindow_SupportsVariousMinimumSizes:1 (800, 600)" computerName="omega" duration="00:00:00.0120000" startTime="2025-10-25T16:05:08.6127710-04:00" endTime="2025-10-25T16:05:08.6130455-04:00" testType="13cdc9d9-ddb5-4fa4-a97d-d965ccfc6d4b" outcome="Passed" testListId="8c84fa94-04c1-424b-9868-57a2d4851a1d" relativeResultsDirectory="502ff96c-824b-4a73-8a10-8d3a9325ceb4" />
    <UnitTestResult executionId="23deb42c-bc28-4317-9160-0b1c39309594" testId="407938e4-c268-4f0e-aa4b-1f157ec141a5" testName="OmegaSpiral.Tests.Unit.Common.Terminal.TerminalTextRendererTests.AppendTextAsync_CustomTypingSpeed_AppendsTextCorrectly" computerName="omega" duration="00:00:00.2030000" startTime="2025-10-25T16:05:03.3423403-04:00" endTime="2025-10-25T16:05:03.3426439-04:00" testType="13cdc9d9-ddb5-4fa4-a97d-d965ccfc6d4b" outcome="Passed" testListId="8c84fa94-04c1-424b-9868-57a2d4851a1d" relativeResultsDirectory="23deb42c-bc28-4317-9160-0b1c39309594" />
    <UnitTestResult executionId="7bb7bf86-60e4-4443-b1c1-0dfa0ae31489" testId="cb26e0e9-39a1-4feb-bde3-a11b622f9dc9" testName="OmegaSpiral.Tests.Unit.Ui.OmegaUi_UnitTests.ApplyVisualPresetAsync_DelegatesToShaderController" computerName="omega" duration="00:00:00.0130000" startTime="2025-10-25T16:05:08.3436269-04:00" endTime="2025-10-25T16:05:08.3439185-04:00" testType="13cdc9d9-ddb5-4fa4-a97d-d965ccfc6d4b" outcome="Passed" testListId="8c84fa94-04c1-424b-9868-57a2d4851a1d" relativeResultsDirectory="7bb7bf86-60e4-4443-b1c1-0dfa0ae31489">
      <Output>
        <StdErr>Warning:
    Detected &lt;1&gt; orphan nodes during test execution!</StdErr>
        <ErrorInfo>
          <Message>Warning:
    Detected &lt;1&gt; orphan nodes during test execution!</Message>
        </ErrorInfo>
      </Output>
    </UnitTestResult>
    <UnitTestResult executionId="f5121ce4-1f43-4e05-85af-e14ca3bdde3c" testId="1c83d994-4e30-4508-a10a-0f4bcb830808" testName="[After].PixelDissolveAsync_DefaultDuration_CompletesSuccessfully" computerName="omega" startTime="2025-10-25T16:05:02.7059129-04:00" endTime="2025-10-25T16:05:02.7059136-04:00" testType="13cdc9d9-ddb5-4fa4-a97d-d965ccfc6d4b" outcome="Passed" testListId="8c84fa94-04c1-424b-9868-57a2d4851a1d" relativeResultsDirectory="f5121ce4-1f43-4e05-85af-e14ca3bdde3c">
      <Output>
        <StdErr>Warning:
    Detected &lt;1&gt; orphan nodes during test suite setup stage!
    Check Setup:26 and Cleanup:36 for unfreed instances!</StdErr>
        <ErrorInfo>
          <Message>Warning:
    Detected &lt;1&gt; orphan nodes during test suite setup stage!
    Check Setup:26 and Cleanup:36 for unfreed instances!</Message>
        </ErrorInfo>
      </Output>
    </UnitTestResult>
    <UnitTestResult executionId="daa7463f-f684-4590-8c23-5402812433c9" testId="dd8119cd-46f9-47ef-bfbd-d813106a8a71" testName="[After].SetDreamweaverThreadStoresValueCorrectly" computerName="omega" startTime="2025-10-25T16:05:00.2590020-04:00" endTime="2025-10-25T16:05:00.2590049-04:00" testType="13cdc9d9-ddb5-4fa4-a97d-d965ccfc6d4b" outcome="Passed" testListId="8c84fa94-04c1-424b-9868-57a2d4851a1d" relativeResultsDirectory="daa7463f-f684-4590-8c23-5402812433c9">
      <Output>
        <StdErr>Warning:
    Detected &lt;1&gt; orphan nodes during test suite setup stage!
    Check Setup:21 and Cleanup:31 for unfreed instances!</StdErr>
        <ErrorInfo>
          <Message>Warning:
    Detected &lt;1&gt; orphan nodes during test suite setup stage!
    Check Setup:21 and Cleanup:31 for unfreed instances!</Message>
        </ErrorInfo>
      </Output>
    </UnitTestResult>
    <UnitTestResult executionId="1b4cc100-efac-4d2d-b463-f0a8c996b51e" testId="019578d6-0f5f-4764-a47f-f0a0c3b5d674" testName="[After].MenuActionBar_Exists" computerName="omega" startTime="2025-10-25T16:04:51.7315728-04:00" endTime="2025-10-25T16:04:51.7315738-04:00" testType="13cdc9d9-ddb5-4fa4-a97d-d965ccfc6d4b" outcome="Failed" testListId="8c84fa94-04c1-424b-9868-57a2d4851a1d" relativeResultsDirectory="1b4cc100-efac-4d2d-b463-f0a8c996b51e">
      <Output>
        <StdErr>Warning:
    Detected &lt;41&gt; orphan nodes during test suite setup stage!
    Check Setup:27 and Cleanup:35 for unfreed instances!</StdErr>
        <ErrorInfo>
          <Message>Warning:
    Detected &lt;41&gt; orphan nodes during test suite setup stage!
    Check Setup:27 and Cleanup:35 for unfreed instances!</Message>
        </ErrorInfo>
      </Output>
    </UnitTestResult>
    <UnitTestResult executionId="448dc3b9-7832-4323-a016-3a3b99004075" testId="59b19259-b9bb-49e4-8b0c-c350fa5492c3" testName="[After].Background_IsVisibleAndBehind" computerName="omega" startTime="2025-10-25T16:04:59.1678309-04:00" endTime="2025-10-25T16:04:59.1678330-04:00" testType="13cdc9d9-ddb5-4fa4-a97d-d965ccfc6d4b" outcome="Failed" testListId="8c84fa94-04c1-424b-9868-57a2d4851a1d" relativeResultsDirectory="448dc3b9-7832-4323-a016-3a3b99004075">
      <Output>
        <StdErr>Warning:
    Detected &lt;9&gt; orphan nodes during test suite setup stage!
    Check Setup:26 and Cleanup:34 for unfreed instances!</StdErr>
        <ErrorInfo>
          <Message>Warning:
    Detected &lt;9&gt; orphan nodes during test suite setup stage!
    Check Setup:26 and Cleanup:34 for unfreed instances!</Message>
        </ErrorInfo>
      </Output>
    </UnitTestResult>
    <UnitTestResult executionId="1d453279-22ea-43a6-921d-48a3a3038253" testId="7948d739-353d-4e02-95c6-00f85f3a17f1" testName="OmegaSpiral.Tests.Unit.Common.SceneManagerTests.TransitionToScenePreservesGameState" computerName="omega" duration="00:00:00.0230000" startTime="2025-10-25T16:05:00.1552344-04:00" endTime="2025-10-25T16:05:00.1555207-04:00" testType="13cdc9d9-ddb5-4fa4-a97d-d965ccfc6d4b" outcome="Passed" testListId="8c84fa94-04c1-424b-9868-57a2d4851a1d" relativeResultsDirectory="1d453279-22ea-43a6-921d-48a3a3038253">
      <Output>
        <StdOut>Player name set to: TestPlayer
Dreamweaver thread set to: hero
Updated current scene to: 2</StdOut>
      </Output>
    </UnitTestResult>
    <UnitTestResult executionId="18c9e2cf-c5f6-461f-b4e7-5dc88c23896c" testId="46771409-806a-4134-83f6-fab38626998c" testName="[After].ScanlineLayerPath_HasDefault" computerName="omega" startTime="2025-10-25T16:04:59.1823026-04:00" endTime="2025-10-25T16:04:59.1823035-04:00" testType="13cdc9d9-ddb5-4fa4-a97d-d965ccfc6d4b" outcome="Failed" testListId="8c84fa94-04c1-424b-9868-57a2d4851a1d" relativeResultsDirectory="18c9e2cf-c5f6-461f-b4e7-5dc88c23896c">
      <Output>
        <StdErr>Warning:
    Detected &lt;9&gt; orphan nodes during test suite setup stage!
    Check Setup:26 and Cleanup:34 for unfreed instances!</StdErr>
        <ErrorInfo>
          <Message>Warning:
    Detected &lt;9&gt; orphan nodes during test suite setup stage!
    Check Setup:26 and Cleanup:34 for unfreed instances!</Message>
        </ErrorInfo>
      </Output>
    </UnitTestResult>
    <UnitTestResult executionId="908c122f-fdb1-4204-8ae2-f09da5011c10" testId="1c83d994-4e30-4508-a10a-0f4bcb830808" testName="OmegaSpiral.Tests.Unit.Common.Terminal.TerminalShaderControllerTests.PixelDissolveAsync_DefaultDuration_CompletesSuccessfully" computerName="omega" duration="00:00:01.0050000" startTime="2025-10-25T16:05:02.0941365-04:00" endTime="2025-10-25T16:05:02.0944673-04:00" testType="13cdc9d9-ddb5-4fa4-a97d-d965ccfc6d4b" outcome="Passed" testListId="8c84fa94-04c1-424b-9868-57a2d4851a1d" relativeResultsDirectory="908c122f-fdb1-4204-8ae2-f09da5011c10" />
    <UnitTestResult executionId="f7194fb5-59f7-412e-9bcc-dc34c7c635af" testId="33f000c0-096b-40f8-a2bf-3ca4055dec6a" testName="OmegaSpiral.Tests.Integration.Ui.OmegaUiTests.ShaderLayers_AreVisibleAndLayered" computerName="omega" duration="00:00:00.0190000" startTime="2025-10-25T16:04:52.5055160-04:00" endTime="2025-10-25T16:04:52.5058134-04:00" testType="13cdc9d9-ddb5-4fa4-a97d-d965ccfc6d4b" outcome="Failed" testListId="8c84fa94-04c1-424b-9868-57a2d4851a1d" relativeResultsDirectory="f7194fb5-59f7-412e-9bcc-dc34c7c635af">
      <Output>
        <ErrorInfo>
          <Message>ObjectAssert initial error: current is primitive &lt;System.Boolean&gt;</Message>
          <StackTrace>   at OmegaSpiral.Tests.Integration.Ui.OmegaUiTests.ShaderLayers_AreVisibleAndLayered() in /home/adam/Dev/omega-spiral/chapter-zero/tests/integration/ui/OmegaUiTests.cs:line 297
</StackTrace>
        </ErrorInfo>
      </Output>
    </UnitTestResult>
    <UnitTestResult executionId="50483910-0f37-4534-8215-a3258b86f228" testId="59b19259-b9bb-49e4-8b0c-c350fa5492c3" testName="OmegaSpiral.Tests.Integration.Ui.OmegaUiTests.Background_IsVisibleAndBehind" computerName="omega" duration="00:00:00.0100000" startTime="2025-10-25T16:04:52.4847816-04:00" endTime="2025-10-25T16:04:52.4851900-04:00" testType="13cdc9d9-ddb5-4fa4-a97d-d965ccfc6d4b" outcome="Passed" testListId="8c84fa94-04c1-424b-9868-57a2d4851a1d" relativeResultsDirectory="50483910-0f37-4534-8215-a3258b86f228" />
    <UnitTestResult executionId="69a05c19-69ad-4308-8636-a976ce370bbb" testId="17b11c7f-3e9a-4719-8b72-7df5eee47e79" testName="OmegaSpiral.Tests.Unit.Common.Terminal.TerminalChoicePresenterTests.AreChoicesVisible_Initially_ReturnsFalse" computerName="omega" duration="00:00:00.0200000" startTime="2025-10-25T16:05:00.8382050-04:00" endTime="2025-10-25T16:05:00.8384808-04:00" testType="13cdc9d9-ddb5-4fa4-a97d-d965ccfc6d4b" outcome="Passed" testListId="8c84fa94-04c1-424b-9868-57a2d4851a1d" relativeResultsDirectory="69a05c19-69ad-4308-8636-a976ce370bbb">
      <Output>
        <StdOut>\u001b[94m[TerminalChoicePresenter.AreChoicesVisible]\u001b[39m → False (0 buttons)\u001b[0m</StdOut>
      </Output>
    </UnitTestResult>
    <UnitTestResult executionId="37b891ef-2b20-47a4-85cc-673df98c154a" testId="983c45c2-0520-4dce-9eef-2d333993a841" testName="OmegaSpiral.Tests.Unit.Common.Terminal.TerminalTextRendererTests.AppendTextAsync_DefaultParameters_AppendsTextCorrectly" computerName="omega" duration="00:00:00.3870000" startTime="2025-10-25T16:05:03.1389201-04:00" endTime="2025-10-25T16:05:03.1392155-04:00" testType="13cdc9d9-ddb5-4fa4-a97d-d965ccfc6d4b" outcome="Passed" testListId="8c84fa94-04c1-424b-9868-57a2d4851a1d" relativeResultsDirectory="37b891ef-2b20-47a4-85cc-673df98c154a" />
    <UnitTestResult executionId="0ec46dcb-8188-4920-acad-8d7a4738c3b4" testId="a3839fa4-daa6-41d7-a96a-2b748985ea9c" testName="OmegaSpiral.Tests.Ui.Terminal.TerminalWindowFrameLayoutTests.TerminalFrame_ShouldBeCenteredHorizontally" computerName="omega" duration="00:00:00.0200000" startTime="2025-10-25T16:04:59.7894048-04:00" endTime="2025-10-25T16:04:59.7896962-04:00" testType="13cdc9d9-ddb5-4fa4-a97d-d965ccfc6d4b" outcome="Failed" testListId="8c84fa94-04c1-424b-9868-57a2d4851a1d" relativeResultsDirectory="0ec46dcb-8188-4920-acad-8d7a4738c3b4">
      <Output>
        <ErrorInfo>
          <Message>Object reference not set to an instance of an object.</Message>
          <StackTrace>   at OmegaSpiral.Tests.Ui.Terminal.TerminalWindowFrameLayoutTests.TerminalFrame_ShouldBeCenteredHorizontally() in /home/adam/Dev/omega-spiral/chapter-zero/tests/integration/ui/terminal/TerminalWindowFrameLayoutTests.cs:line 76
   at System.RuntimeMethodHandle.InvokeMethod(ObjectHandleOnStack target, Void** arguments, ObjectHandleOnStack sig, BOOL isConstructor, ObjectHandleOnStack result)
   at System.RuntimeMethodHandle.InvokeMethod(ObjectHandleOnStack target, Void** arguments, ObjectHandleOnStack sig, BOOL isConstructor, ObjectHandleOnStack result)
   at System.Reflection.MethodBaseInvoker.InterpretedInvoke_Method(Object obj, IntPtr* args)
   at System.Reflection.RuntimeMethodInfo.Invoke(Object obj, BindingFlags invokeAttr, Binder binder, Object[] parameters, CultureInfo culture)
</StackTrace>
        </ErrorInfo>
      </Output>
    </UnitTestResult>
    <UnitTestResult executionId="81f0e789-2dfa-40e1-b9ea-83a8420a9fa8" testId="fdc56db0-4f9f-4130-bde1-cc3700fc053a" testName="OmegaSpiral.Tests.Common.GameStateSignalTests.PlayerProgressionChangedSignal_EmittedWhenMilestoneReached_SignalReceived" computerName="omega" duration="00:00:01.0630000" startTime="2025-10-25T16:04:46.4795193-04:00" endTime="2025-10-25T16:04:46.4812806-04:00" testType="13cdc9d9-ddb5-4fa4-a97d-d965ccfc6d4b" outcome="Failed" testListId="8c84fa94-04c1-424b-9868-57a2d4851a1d" relativeResultsDirectory="81f0e789-2dfa-40e1-b9ea-83a8420a9fa8">
      <Output>
        <ErrorInfo>
          <Message>Expecting do emitting signal:
    "PlayerProgressionChanged(&lt;Empty&gt;)"
 by
    &lt;OmegaSpiral.Source.Scripts.GameStateSignals&gt; (objId: 62243473142)</Message>
          <StackTrace>   at GdUnit4.Asserts.SignalAssert.ThrowTestFailureReport(String message, Int32 lineNumber)
</StackTrace>
        </ErrorInfo>
      </Output>
    </UnitTestResult>
    <UnitTestResult executionId="3fc7b3e1-ac45-4d31-bf75-d84126433ac4" testId="e153d74c-5cd1-4cad-bb82-527f4537f66d" testName="OmegaSpiral.Tests.Integration.Ui.MenuUiTests.FocusFirstButton_WorksCorrectly" computerName="omega" duration="00:00:00.0320000" startTime="2025-10-25T16:04:51.9844088-04:00" endTime="2025-10-25T16:04:51.9846899-04:00" testType="13cdc9d9-ddb5-4fa4-a97d-d965ccfc6d4b" outcome="Failed" testListId="8c84fa94-04c1-424b-9868-57a2d4851a1d" relativeResultsDirectory="3fc7b3e1-ac45-4d31-bf75-d84126433ac4">
      <Output>
        <ErrorInfo>
          <Message>Expecting to be greater than:
    '0' but is '0'</Message>
          <StackTrace>   at OmegaSpiral.Tests.Integration.Ui.MenuUiTests.FocusFirstButton_WorksCorrectly() in /home/adam/Dev/omega-spiral/chapter-zero/tests/integration/ui/BaseMenuTests.cs:line 163
</StackTrace>
        </ErrorInfo>
      </Output>
    </UnitTestResult>
    <UnitTestResult executionId="213181bb-4792-47d8-b270-cd19c6fff9da" testId="fccc70b6-ecc6-475b-8dfc-08b047cc94b4" testName="TerminalWindowTestsNew.TerminalWindow_ProcessesInputEvents" computerName="omega" duration="00:00:00.0200000" startTime="2025-10-25T16:05:08.5782661-04:00" endTime="2025-10-25T16:05:08.5785409-04:00" testType="13cdc9d9-ddb5-4fa4-a97d-d965ccfc6d4b" outcome="Passed" testListId="8c84fa94-04c1-424b-9868-57a2d4851a1d" relativeResultsDirectory="213181bb-4792-47d8-b270-cd19c6fff9da" />
    <UnitTestResult executionId="58e51c1d-634f-4235-9cdb-755c01a2bf90" testId="9b103818-b757-4182-85bd-35540acd0095" testName="[Before].TerminalFrame_ShouldBeCenteredVertically" computerName="omega" startTime="2025-10-25T16:04:59.7595559-04:00" endTime="2025-10-25T16:04:59.7595589-04:00" testType="13cdc9d9-ddb5-4fa4-a97d-d965ccfc6d4b" outcome="Failed" testListId="8c84fa94-04c1-424b-9868-57a2d4851a1d" relativeResultsDirectory="58e51c1d-634f-4235-9cdb-755c01a2bf90">
      <Output>
        <ErrorInfo>
          <Message>GdUnitSceneRunner: Can't load scene by given resource path: 'res://source/ui/terminal/terminal_window.tscn'. The resource does not exists.</Message>
          <StackTrace>   at GdUnit4.Core.SceneRunner.LoadScene(String resourcePath)
   at GdUnit4.Core.SceneRunner..ctor(String resourcePath, Boolean autoFree, Boolean verbose)
   at GdUnit4.ISceneRunner.Load(String resourcePath, Boolean autoFree, Boolean verbose)
   at OmegaSpiral.Tests.Ui.Terminal.TerminalWindowFrameLayoutTests.Setup() in /home/adam/Dev/omega-spiral/chapter-zero/tests/integration/ui/terminal/TerminalWindowFrameLayoutTests.cs:line 29
   at System.RuntimeMethodHandle.InvokeMethod(ObjectHandleOnStack target, Void** arguments, ObjectHandleOnStack sig, BOOL isConstructor, ObjectHandleOnStack result)
   at System.RuntimeMethodHandle.InvokeMethod(ObjectHandleOnStack target, Void** arguments, ObjectHandleOnStack sig, BOOL isConstructor, ObjectHandleOnStack result)
   at System.Reflection.MethodBaseInvoker.InterpretedInvoke_Method(Object obj, IntPtr* args)
   at System.Reflection.RuntimeMethodInfo.Invoke(Object obj, BindingFlags invokeAttr, Binder binder, Object[] parameters, CultureInfo culture)
</StackTrace>
        </ErrorInfo>
      </Output>
    </UnitTestResult>
    <UnitTestResult executionId="c016dedc-9386-4cbc-8fa5-53610800ce70" testId="8cdb4bef-4a1e-4db7-bb5e-88c5b3d6bdb5" testName="OmegaSpiral.Tests.Integration.Ui.OmegaUiTests.TextDisplay_Exists" computerName="omega" duration="00:00:00.0330000" startTime="2025-10-25T16:04:52.2983880-04:00" endTime="2025-10-25T16:04:52.2986880-04:00" testType="13cdc9d9-ddb5-4fa4-a97d-d965ccfc6d4b" outcome="Passed" testListId="8c84fa94-04c1-424b-9868-57a2d4851a1d" relativeResultsDirectory="c016dedc-9386-4cbc-8fa5-53610800ce70" />
    <UnitTestResult executionId="07976a86-bdfe-46a7-8841-6ff14d74c7bf" testId="304af379-1908-421b-bfd0-0806c6c2ca7d" testName="TerminalWindowTestsNew.TerminalWindow_SupportsVariousMinimumSizes.TerminalWindow_SupportsVariousMinimumSizes:0 (400, 300)" computerName="omega" duration="00:00:00.0200000" startTime="2025-10-25T16:05:08.5997368-04:00" endTime="2025-10-25T16:05:08.6000108-04:00" testType="13cdc9d9-ddb5-4fa4-a97d-d965ccfc6d4b" outcome="Passed" testListId="8c84fa94-04c1-424b-9868-57a2d4851a1d" relativeResultsDirectory="07976a86-bdfe-46a7-8841-6ff14d74c7bf" />
    <UnitTestResult executionId="4d880480-3cb2-4ce9-8f20-56233270c0ac" testId="d8b2f566-600e-4798-9666-a1d29357d874" testName="OmegaSpiral.Tests.Unit.Common.Terminal.TerminalShaderControllerTests.ResetShaderEffects_AfterApplyingPreset_RemovesMaterial" computerName="omega" duration="00:00:00.0300000" startTime="2025-10-25T16:05:02.6352311-04:00" endTime="2025-10-25T16:05:02.6355090-04:00" testType="13cdc9d9-ddb5-4fa4-a97d-d965ccfc6d4b" outcome="Passed" testListId="8c84fa94-04c1-424b-9868-57a2d4851a1d" relativeResultsDirectory="4d880480-3cb2-4ce9-8f20-56233270c0ac" />
    <UnitTestResult executionId="5f45c74b-e0dc-4c5c-96b7-e0222e082a64" testId="711a824c-86dc-4260-8510-5649ff067f8d" testName="[After].Initialization_EmitsCompletedSignal" computerName="omega" startTime="2025-10-25T16:04:59.1785374-04:00" endTime="2025-10-25T16:04:59.1785398-04:00" testType="13cdc9d9-ddb5-4fa4-a97d-d965ccfc6d4b" outcome="Failed" testListId="8c84fa94-04c1-424b-9868-57a2d4851a1d" relativeResultsDirectory="5f45c74b-e0dc-4c5c-96b7-e0222e082a64">
      <Output>
        <StdErr>Warning:
    Detected &lt;9&gt; orphan nodes during test suite setup stage!
    Check Setup:26 and Cleanup:34 for unfreed instances!</StdErr>
        <ErrorInfo>
          <Message>Warning:
    Detected &lt;9&gt; orphan nodes during test suite setup stage!
    Check Setup:26 and Cleanup:34 for unfreed instances!</Message>
        </ErrorInfo>
      </Output>
    </UnitTestResult>
    <UnitTestResult executionId="411ff5c1-e99f-4dbb-91cd-8255d5a99365" testId="9bd633b7-6a2e-4dd5-858f-870728d38077" testName="[After].ContentContainer_IsDirectChild" computerName="omega" startTime="2025-10-25T16:04:59.1727380-04:00" endTime="2025-10-25T16:04:59.1727395-04:00" testType="13cdc9d9-ddb5-4fa4-a97d-d965ccfc6d4b" outcome="Failed" testListId="8c84fa94-04c1-424b-9868-57a2d4851a1d" relativeResultsDirectory="411ff5c1-e99f-4dbb-91cd-8255d5a99365">
      <Output>
        <StdErr>Warning:
    Detected &lt;9&gt; orphan nodes during test suite setup stage!
    Check Setup:26 and Cleanup:34 for unfreed instances!</StdErr>
        <ErrorInfo>
          <Message>Warning:
    Detected &lt;9&gt; orphan nodes during test suite setup stage!
    Check Setup:26 and Cleanup:34 for unfreed instances!</Message>
        </ErrorInfo>
      </Output>
    </UnitTestResult>
    <UnitTestResult executionId="c2b56214-eb4e-4069-90ec-380eeeed1e9a" testId="a1aeab77-ec26-453c-a164-7d142e3d36e1" testName="OmegaSpiral.Tests.Unit.Common.GameStateTests.ConstructorInitializeswithzeroscores" computerName="omega" duration="00:00:00.0340000" startTime="2025-10-25T16:04:59.9764651-04:00" endTime="2025-10-25T16:04:59.9768212-04:00" testType="13cdc9d9-ddb5-4fa4-a97d-d965ccfc6d4b" outcome="Passed" testListId="8c84fa94-04c1-424b-9868-57a2d4851a1d" relativeResultsDirectory="c2b56214-eb4e-4069-90ec-380eeeed1e9a">
      <Output>
        <StdErr>Warning:
    Detected &lt;1&gt; orphan nodes during test execution!</StdErr>
        <ErrorInfo>
          <Message>Warning:
    Detected &lt;1&gt; orphan nodes during test execution!</Message>
        </ErrorInfo>
      </Output>
    </UnitTestResult>
    <UnitTestResult executionId="51a01228-50f4-4a74-9724-c0d80afbdde2" testId="13aae70f-0034-4e3f-b613-9be92a0ed934" testName="OmegaSpiral.Tests.Unit.Common.Terminal.TerminalShaderControllerTests.Constructor_WithNullDisplay_ThrowsArgumentNullException" computerName="omega" duration="00:00:00.0210000" startTime="2025-10-25T16:05:00.9707828-04:00" endTime="2025-10-25T16:05:00.9722858-04:00" testType="13cdc9d9-ddb5-4fa4-a97d-d965ccfc6d4b" outcome="Passed" testListId="8c84fa94-04c1-424b-9868-57a2d4851a1d" relativeResultsDirectory="51a01228-50f4-4a74-9724-c0d80afbdde2" />
    <UnitTestResult executionId="e456b9fb-ebf4-43cd-a0af-31d061d0715b" testId="b682b881-14bd-4ea1-943e-6f75ca47550a" testName="OmegaSpiral.Tests.Integration.Ui.CreditsMenuTests.CreditsMenu_HasTitle" computerName="omega" duration="00:00:00.0130000" startTime="2025-10-25T16:04:51.0195522-04:00" endTime="2025-10-25T16:04:51.0198578-04:00" testType="13cdc9d9-ddb5-4fa4-a97d-d965ccfc6d4b" outcome="Failed" testListId="8c84fa94-04c1-424b-9868-57a2d4851a1d" relativeResultsDirectory="e456b9fb-ebf4-43cd-a0af-31d061d0715b">
      <Output>
        <ErrorInfo>
          <Message>Expecting be equal:
    "CREDITS"
 but is
    ""</Message>
          <StackTrace>   at OmegaSpiral.Tests.Integration.Ui.CreditsMenuTests.CreditsMenu_HasTitle() in /home/adam/Dev/omega-spiral/chapter-zero/tests/integration/ui/CreditsMenuTests.cs:line 51
</StackTrace>
        </ErrorInfo>
      </Output>
    </UnitTestResult>
    <UnitTestResult executionId="7f7d0f26-f2b7-4471-8324-17f1d673ab59" testId="dd8119cd-46f9-47ef-bfbd-d813106a8a71" testName="OmegaSpiral.Tests.Unit.Common.SceneManagerTests.SetDreamweaverThreadStoresValueCorrectly" computerName="omega" duration="00:00:00.0200000" startTime="2025-10-25T16:05:00.2035665-04:00" endTime="2025-10-25T16:05:00.2038654-04:00" testType="13cdc9d9-ddb5-4fa4-a97d-d965ccfc6d4b" outcome="Passed" testListId="8c84fa94-04c1-424b-9868-57a2d4851a1d" relativeResultsDirectory="7f7d0f26-f2b7-4471-8324-17f1d673ab59">
      <Output>
        <StdOut>Dreamweaver thread set to: shadow</StdOut>
      </Output>
    </UnitTestResult>
    <UnitTestResult executionId="94a39fdf-62e7-420e-8771-d265dc2935b5" testId="bf045db8-9031-4d0e-850b-1fcd1ef99fb5" testName="OmegaSpiral.Tests.Integration.Common.TerminalIntegrationTests.ComponentLifecycle_ManagedProperly" computerName="omega" duration="00:00:00.0330000" startTime="2025-10-25T16:04:50.7612782-04:00" endTime="2025-10-25T16:04:50.7615926-04:00" testType="13cdc9d9-ddb5-4fa4-a97d-d965ccfc6d4b" outcome="Passed" testListId="8c84fa94-04c1-424b-9868-57a2d4851a1d" relativeResultsDirectory="94a39fdf-62e7-420e-8771-d265dc2935b5">
      <Output>
        <StdOut>\u001b[96m[TerminalChoicePresenter.PresentChoicesAsync]\u001b[39m Presenting 2 TerminalChoiceOption choices\u001b[0m
\u001b[38;5;208m[TerminalChoicePresenter.ClearChoiceButtons]\u001b[39m Clearing 2 buttons from container\u001b[0m
\u001b[92m  ✓ All 0 buttons cleared\u001b[39m\u001b[0m
\u001b[93m  → Created button 0: 'Lifecycle Test 1'\u001b[39m\u001b[0m
\u001b[93m  → Created button 1: 'Lifecycle Test 2'\u001b[39m\u001b[0m
\u001b[96m  Ready to wait for selection from 2 buttons\u001b[39m\u001b[0m
\u001b[94m[TerminalChoicePresenter.AreChoicesVisible]\u001b[39m → True (2 buttons)\u001b[0m
\u001b[95m[TerminalChoicePresenter.SimulateChoiceSelection]\u001b[39m Simulating selection of index 0\u001b[0m
\u001b[95m[TerminalChoicePresenter.OnChoiceSelected]\u001b[39m Choice 0 selected\u001b[0m
\u001b[92m  ✓ Selection processed, TrySetResult=True\u001b[39m\u001b[0m
\u001b[92m  Selection received: index=0\u001b[39m\u001b[0m
\u001b[92m✓ Component lifecycle managed properly\u001b[39m\u001b[0m</StdOut>
        <StdErr>Warning:
    Detected &lt;2&gt; orphan nodes during test execution!</StdErr>
        <ErrorInfo>
          <Message>Warning:
    Detected &lt;2&gt; orphan nodes during test execution!</Message>
        </ErrorInfo>
      </Output>
    </UnitTestResult>
    <UnitTestResult executionId="94636a25-90c7-4a3e-b1c5-fa5acbd3e080" testId="6ef62b73-7f76-4922-9737-89d0c9e5e42f" testName="[After].GetCurrentShaderMaterial_NoShaderApplied_ReturnsNull" computerName="omega" startTime="2025-10-25T16:05:02.7054094-04:00" endTime="2025-10-25T16:05:02.7054128-04:00" testType="13cdc9d9-ddb5-4fa4-a97d-d965ccfc6d4b" outcome="Passed" testListId="8c84fa94-04c1-424b-9868-57a2d4851a1d" relativeResultsDirectory="94636a25-90c7-4a3e-b1c5-fa5acbd3e080">
      <Output>
        <StdErr>Warning:
    Detected &lt;1&gt; orphan nodes during test suite setup stage!
    Check Setup:26 and Cleanup:36 for unfreed instances!</StdErr>
        <ErrorInfo>
          <Message>Warning:
    Detected &lt;1&gt; orphan nodes during test suite setup stage!
    Check Setup:26 and Cleanup:36 for unfreed instances!</Message>
        </ErrorInfo>
      </Output>
    </UnitTestResult>
    <UnitTestResult executionId="21149cd5-b073-4743-97c8-754825a1be06" testId="72d995af-05f4-4483-91f4-1b8f43b258eb" testName="OmegaSpiral.Tests.Integration.Ui.MenuUiTests.ActionBar_Exists" computerName="omega" duration="00:00:00.0190000" startTime="2025-10-25T16:04:51.8989526-04:00" endTime="2025-10-25T16:04:51.8992422-04:00" testType="13cdc9d9-ddb5-4fa4-a97d-d965ccfc6d4b" outcome="Passed" testListId="8c84fa94-04c1-424b-9868-57a2d4851a1d" relativeResultsDirectory="21149cd5-b073-4743-97c8-754825a1be06" />
    <UnitTestResult executionId="9eec29a8-dab4-47c5-8c4d-c7d44f791f6c" testId="690dd642-4ef5-4b34-a08e-ddadd45edab1" testName="OmegaSpiral.Tests.Integration.Ui.CreditsMenuTests.CreditsMenu_CanShowAndHide" computerName="omega" duration="00:00:00.0210000" startTime="2025-10-25T16:04:51.0994439-04:00" endTime="2025-10-25T16:04:51.0997503-04:00" testType="13cdc9d9-ddb5-4fa4-a97d-d965ccfc6d4b" outcome="Passed" testListId="8c84fa94-04c1-424b-9868-57a2d4851a1d" relativeResultsDirectory="9eec29a8-dab4-47c5-8c4d-c7d44f791f6c" />
    <UnitTestResult executionId="87b35d04-2017-4c73-a782-45019c0aa18c" testId="916f53a9-05bb-4b1a-a074-3621d3ed4ec2" testName="[After].MenuButtonContainer_ExistsAndHasButtons" computerName="omega" startTime="2025-10-25T16:04:51.7320606-04:00" endTime="2025-10-25T16:04:51.7320614-04:00" testType="13cdc9d9-ddb5-4fa4-a97d-d965ccfc6d4b" outcome="Failed" testListId="8c84fa94-04c1-424b-9868-57a2d4851a1d" relativeResultsDirectory="87b35d04-2017-4c73-a782-45019c0aa18c">
      <Output>
        <StdErr>Warning:
    Detected &lt;41&gt; orphan nodes during test suite setup stage!
    Check Setup:27 and Cleanup:35 for unfreed instances!</StdErr>
        <ErrorInfo>
          <Message>Warning:
    Detected &lt;41&gt; orphan nodes during test suite setup stage!
    Check Setup:27 and Cleanup:35 for unfreed instances!</Message>
        </ErrorInfo>
      </Output>
    </UnitTestResult>
    <UnitTestResult executionId="0e48a6dc-a957-447f-b498-28b2a75b6b21" testId="df085498-45ad-441d-9eef-0291afe69fa0" testName="OmegaSpiral.Tests.Ui.Terminal.TerminalWindowFrameLayoutTests.Bezel_FillsViewportWithBackground" computerName="omega" duration="00:00:00.0330000" startTime="2025-10-25T16:04:59.8585055-04:00" endTime="2025-10-25T16:04:59.8587965-04:00" testType="13cdc9d9-ddb5-4fa4-a97d-d965ccfc6d4b" outcome="Failed" testListId="8c84fa94-04c1-424b-9868-57a2d4851a1d" relativeResultsDirectory="0e48a6dc-a957-447f-b498-28b2a75b6b21">
      <Output>
        <ErrorInfo>
          <Message>Object reference not set to an instance of an object.</Message>
          <StackTrace>   at OmegaSpiral.Tests.Ui.Terminal.TerminalWindowFrameLayoutTests.Bezel_FillsViewportWithBackground() in /home/adam/Dev/omega-spiral/chapter-zero/tests/integration/ui/terminal/TerminalWindowFrameLayoutTests.cs:line 138
   at System.RuntimeMethodHandle.InvokeMethod(ObjectHandleOnStack target, Void** arguments, ObjectHandleOnStack sig, BOOL isConstructor, ObjectHandleOnStack result)
   at System.RuntimeMethodHandle.InvokeMethod(ObjectHandleOnStack target, Void** arguments, ObjectHandleOnStack sig, BOOL isConstructor, ObjectHandleOnStack result)
   at System.Reflection.MethodBaseInvoker.InterpretedInvoke_Method(Object obj, IntPtr* args)
   at System.Reflection.RuntimeMethodInfo.Invoke(Object obj, BindingFlags invokeAttr, Binder binder, Object[] parameters, CultureInfo culture)
</StackTrace>
        </ErrorInfo>
      </Output>
    </UnitTestResult>
    <UnitTestResult executionId="fd06e73b-f910-49b7-8a5f-458b22862978" testId="963f99ed-ae88-4f51-942d-dffc1c4cb04f" testName="[After].TextRenderer_IsCreated" computerName="omega" startTime="2025-10-25T16:04:59.1865919-04:00" endTime="2025-10-25T16:04:59.1865926-04:00" testType="13cdc9d9-ddb5-4fa4-a97d-d965ccfc6d4b" outcome="Failed" testListId="8c84fa94-04c1-424b-9868-57a2d4851a1d" relativeResultsDirectory="fd06e73b-f910-49b7-8a5f-458b22862978">
      <Output>
        <StdErr>Warning:
    Detected &lt;9&gt; orphan nodes during test suite setup stage!
    Check Setup:26 and Cleanup:34 for unfreed instances!</StdErr>
        <ErrorInfo>
          <Message>Warning:
    Detected &lt;9&gt; orphan nodes during test suite setup stage!
    Check Setup:26 and Cleanup:34 for unfreed instances!</Message>
        </ErrorInfo>
      </Output>
    </UnitTestResult>
    <UnitTestResult executionId="8fe6d5b7-c85b-4eb9-95d4-062090bb2e39" testId="145d0143-e80c-4335-a82e-da0dbbd5f73a" testName="OmegaSpiral.Tests.Integration.Ui.PauseMenuTests.PauseMenu_CanShowAndHide" computerName="omega" duration="00:00:00.0200000" startTime="2025-10-25T16:04:59.3201153-04:00" endTime="2025-10-25T16:04:59.3204168-04:00" testType="13cdc9d9-ddb5-4fa4-a97d-d965ccfc6d4b" outcome="Failed" testListId="8c84fa94-04c1-424b-9868-57a2d4851a1d" relativeResultsDirectory="8fe6d5b7-c85b-4eb9-95d4-062090bb2e39">
      <Output>
        <ErrorInfo>
          <Message>Object reference not set to an instance of an object.</Message>
          <StackTrace>   at OmegaSpiral.Source.Ui.Menus.PauseMenu.HidePauseMenu() in /home/adam/Dev/omega-spiral/chapter-zero/source/ui/menus/PauseMenu.cs:line 93
   at OmegaSpiral.Tests.Integration.Ui.PauseMenuTests.PauseMenu_CanShowAndHide() in /home/adam/Dev/omega-spiral/chapter-zero/tests/integration/ui/PauseMenuTests.cs:line 98
   at System.RuntimeMethodHandle.InvokeMethod(ObjectHandleOnStack target, Void** arguments, ObjectHandleOnStack sig, BOOL isConstructor, ObjectHandleOnStack result)
   at System.RuntimeMethodHandle.InvokeMethod(ObjectHandleOnStack target, Void** arguments, ObjectHandleOnStack sig, BOOL isConstructor, ObjectHandleOnStack result)
   at System.Reflection.MethodBaseInvoker.InterpretedInvoke_Method(Object obj, IntPtr* args)
   at System.Reflection.RuntimeMethodInfo.Invoke(Object obj, BindingFlags invokeAttr, Binder binder, Object[] parameters, CultureInfo culture)
</StackTrace>
        </ErrorInfo>
      </Output>
    </UnitTestResult>
    <UnitTestResult executionId="32399c36-18c5-4c7b-8ecc-2e1971b4ce39" testId="0e75552d-9087-4d9e-9055-d4e60f4ec463" testName="OmegaSpiral.Tests.Unit.Common.Terminal.TerminalShaderControllerTests.ApplyVisualPresetAsync_InvalidPreset_ThrowsArgumentException" computerName="omega" duration="00:00:00.0210000" startTime="2025-10-25T16:05:01.0898026-04:00" endTime="2025-10-25T16:05:01.0900806-04:00" testType="13cdc9d9-ddb5-4fa4-a97d-d965ccfc6d4b" outcome="Passed" testListId="8c84fa94-04c1-424b-9868-57a2d4851a1d" relativeResultsDirectory="32399c36-18c5-4c7b-8ecc-2e1971b4ce39" />
    <UnitTestResult executionId="1f17f03c-a698-4b22-90c4-de6a76d14850" testId="5c4edbe5-b795-4a90-83e4-465a6fb7ab4d" testName="OmegaSpiral.Tests.Integration.Ui.Menus.MainMenuTests.PhosphorLayer_IsVisibleWithCorrectOpacity" computerName="omega" duration="00:00:00.0230000" startTime="2025-10-25T16:04:51.6650259-04:00" endTime="2025-10-25T16:04:51.6656363-04:00" testType="13cdc9d9-ddb5-4fa4-a97d-d965ccfc6d4b" outcome="Passed" testListId="8c84fa94-04c1-424b-9868-57a2d4851a1d" relativeResultsDirectory="1f17f03c-a698-4b22-90c4-de6a76d14850" />
    <UnitTestResult executionId="91275169-52ad-4ef2-aa1b-93bba95725a0" testId="20b04d85-b157-4deb-9237-124d0d6f3b8f" testName="[After].AllStageButtons_HavePressedSignalHandlers" computerName="omega" startTime="2025-10-25T16:04:51.7225091-04:00" endTime="2025-10-25T16:04:51.7225596-04:00" testType="13cdc9d9-ddb5-4fa4-a97d-d965ccfc6d4b" outcome="Failed" testListId="8c84fa94-04c1-424b-9868-57a2d4851a1d" relativeResultsDirectory="91275169-52ad-4ef2-aa1b-93bba95725a0">
      <Output>
        <StdErr>Warning:
    Detected &lt;41&gt; orphan nodes during test suite setup stage!
    Check Setup:27 and Cleanup:35 for unfreed instances!</StdErr>
        <ErrorInfo>
          <Message>Warning:
    Detected &lt;41&gt; orphan nodes during test suite setup stage!
    Check Setup:27 and Cleanup:35 for unfreed instances!</Message>
        </ErrorInfo>
      </Output>
    </UnitTestResult>
    <UnitTestResult executionId="1ecb9ebf-b13a-40c8-a0a4-03c4e6e47139" testId="ecadee38-50e1-498c-be40-633ac2654e21" testName="OmegaSpiral.Tests.Unit.Common.Terminal.TerminalTextRendererTests.GetCurrentText_WhenEmpty_ReturnsEmptyString" computerName="omega" duration="00:00:00.0200000" startTime="2025-10-25T16:05:04.4944801-04:00" endTime="2025-10-25T16:05:04.4947525-04:00" testType="13cdc9d9-ddb5-4fa4-a97d-d965ccfc6d4b" outcome="Failed" testListId="8c84fa94-04c1-424b-9868-57a2d4851a1d" relativeResultsDirectory="1ecb9ebf-b13a-40c8-a0a4-03c4e6e47139">
      <Output>
        <ErrorInfo>
          <Message>Expecting be equal:
    ""
 but is
    "Red Text"</Message>
          <StackTrace>   at OmegaSpiral.Tests.Unit.Common.Terminal.TerminalTextRendererTests.GetCurrentText_WhenEmpty_ReturnsEmptyString() in /home/adam/Dev/omega-spiral/chapter-zero/tests/integration/ui/terminal/TerminalTextRendererTests.cs:line 182
</StackTrace>
        </ErrorInfo>
      </Output>
    </UnitTestResult>
    <UnitTestResult executionId="59d09a8b-537c-4f61-9f36-839a95111a05" testId="df085498-45ad-441d-9eef-0291afe69fa0" testName="[Before].Bezel_FillsViewportWithBackground" computerName="omega" startTime="2025-10-25T16:04:59.7562919-04:00" endTime="2025-10-25T16:04:59.7562950-04:00" testType="13cdc9d9-ddb5-4fa4-a97d-d965ccfc6d4b" outcome="Failed" testListId="8c84fa94-04c1-424b-9868-57a2d4851a1d" relativeResultsDirectory="59d09a8b-537c-4f61-9f36-839a95111a05">
      <Output>
        <ErrorInfo>
          <Message>GdUnitSceneRunner: Can't load scene by given resource path: 'res://source/ui/terminal/terminal_window.tscn'. The resource does not exists.</Message>
          <StackTrace>   at GdUnit4.Core.SceneRunner.LoadScene(String resourcePath)
   at GdUnit4.Core.SceneRunner..ctor(String resourcePath, Boolean autoFree, Boolean verbose)
   at GdUnit4.ISceneRunner.Load(String resourcePath, Boolean autoFree, Boolean verbose)
   at OmegaSpiral.Tests.Ui.Terminal.TerminalWindowFrameLayoutTests.Setup() in /home/adam/Dev/omega-spiral/chapter-zero/tests/integration/ui/terminal/TerminalWindowFrameLayoutTests.cs:line 29
   at System.RuntimeMethodHandle.InvokeMethod(ObjectHandleOnStack target, Void** arguments, ObjectHandleOnStack sig, BOOL isConstructor, ObjectHandleOnStack result)
   at System.RuntimeMethodHandle.InvokeMethod(ObjectHandleOnStack target, Void** arguments, ObjectHandleOnStack sig, BOOL isConstructor, ObjectHandleOnStack result)
   at System.Reflection.MethodBaseInvoker.InterpretedInvoke_Method(Object obj, IntPtr* args)
   at System.Reflection.RuntimeMethodInfo.Invoke(Object obj, BindingFlags invokeAttr, Binder binder, Object[] parameters, CultureInfo culture)
</StackTrace>
        </ErrorInfo>
      </Output>
    </UnitTestResult>
    <UnitTestResult executionId="c5b4576b-f84b-4d2a-adad-8e1256b06a63" testId="b9941a3d-38e3-4873-a191-b471db4b0933" testName="[After].ApplyVisualPresetAsync_ScanlinesPreset_AppliesCorrectShader" computerName="omega" startTime="2025-10-25T16:05:02.7030758-04:00" endTime="2025-10-25T16:05:02.7030767-04:00" testType="13cdc9d9-ddb5-4fa4-a97d-d965ccfc6d4b" outcome="Passed" testListId="8c84fa94-04c1-424b-9868-57a2d4851a1d" relativeResultsDirectory="c5b4576b-f84b-4d2a-adad-8e1256b06a63">
      <Output>
        <StdErr>Warning:
    Detected &lt;1&gt; orphan nodes during test suite setup stage!
    Check Setup:26 and Cleanup:36 for unfreed instances!</StdErr>
        <ErrorInfo>
          <Message>Warning:
    Detected &lt;1&gt; orphan nodes during test suite setup stage!
    Check Setup:26 and Cleanup:36 for unfreed instances!</Message>
        </ErrorInfo>
      </Output>
    </UnitTestResult>
    <UnitTestResult executionId="5c0f7dda-7214-4c29-8d2b-09ff0f1cf3e6" testId="f169960a-8ee1-44a9-a47e-c7d1f1162937" testName="OmegaSpiral.Tests.Integration.Ui.Menus.MainMenuTests.ManifestLoads_SixStages_NoDuplicateFirst" computerName="omega" duration="00:00:00.0210000" startTime="2025-10-25T16:04:51.3555838-04:00" endTime="2025-10-25T16:04:51.3558722-04:00" testType="13cdc9d9-ddb5-4fa4-a97d-d965ccfc6d4b" outcome="Failed" testListId="8c84fa94-04c1-424b-9868-57a2d4851a1d" relativeResultsDirectory="5c0f7dda-7214-4c29-8d2b-09ff0f1cf3e6">
      <Output>
        <ErrorInfo>
          <Message>Expecting:
    ""
 do contains
    "Launch"</Message>
          <StackTrace>   at OmegaSpiral.Tests.Integration.Ui.Menus.MainMenuTests.ManifestLoads_SixStages_NoDuplicateFirst() in /home/adam/Dev/omega-spiral/chapter-zero/tests/integration/ui/menus/MainMenuTests.cs:line 113
</StackTrace>
        </ErrorInfo>
      </Output>
    </UnitTestResult>
    <UnitTestResult executionId="82b95261-27b2-4bda-bcbf-dbac89f31de4" testId="3960e942-b587-4c35-be52-c137fa35dfef" testName="[After].StageButtons_HaveCorrectTextFromManifest" computerName="omega" startTime="2025-10-25T16:04:51.7399973-04:00" endTime="2025-10-25T16:04:51.7399980-04:00" testType="13cdc9d9-ddb5-4fa4-a97d-d965ccfc6d4b" outcome="Failed" testListId="8c84fa94-04c1-424b-9868-57a2d4851a1d" relativeResultsDirectory="82b95261-27b2-4bda-bcbf-dbac89f31de4">
      <Output>
        <StdErr>Warning:
    Detected &lt;41&gt; orphan nodes during test suite setup stage!
    Check Setup:27 and Cleanup:35 for unfreed instances!</StdErr>
        <ErrorInfo>
          <Message>Warning:
    Detected &lt;41&gt; orphan nodes during test suite setup stage!
    Check Setup:27 and Cleanup:35 for unfreed instances!</Message>
        </ErrorInfo>
      </Output>
    </UnitTestResult>
    <UnitTestResult executionId="d6cdc931-5cbe-4254-a4ce-1fc1b3cfd033" testId="d7ce4a6e-7a01-41c8-8efe-d34cac9d4d98" testName="OmegaSpiral.Tests.Integration.Ui.MenuUiTests.MenuMode_DefaultsToStandard" computerName="omega" duration="00:00:00.0110000" startTime="2025-10-25T16:04:52.0085761-04:00" endTime="2025-10-25T16:04:52.0088601-04:00" testType="13cdc9d9-ddb5-4fa4-a97d-d965ccfc6d4b" outcome="Passed" testListId="8c84fa94-04c1-424b-9868-57a2d4851a1d" relativeResultsDirectory="d6cdc931-5cbe-4254-a4ce-1fc1b3cfd033" />
    <UnitTestResult executionId="402373f4-a107-4b08-83e3-2d2a9e28146a" testId="1f7d2681-bf57-4f78-86fe-d2f376874abb" testName="OmegaSpiral.Tests.Unit.Common.Terminal.TerminalChoicePresenterTests.PresentChoicesAsync_SingleSelection_ReturnsSelectedIndex" computerName="omega" duration="00:00:00.1280000" startTime="2025-10-25T16:05:00.4124030-04:00" endTime="2025-10-25T16:05:00.4126958-04:00" testType="13cdc9d9-ddb5-4fa4-a97d-d965ccfc6d4b" outcome="Passed" testListId="8c84fa94-04c1-424b-9868-57a2d4851a1d" relativeResultsDirectory="402373f4-a107-4b08-83e3-2d2a9e28146a">
      <Output>
        <StdOut>\u001b[96m[TerminalChoicePresenter.PresentChoicesAsync]\u001b[39m Presenting 3 string choices\u001b[0m
\u001b[38;5;208m[TerminalChoicePresenter.ClearChoiceButtons]\u001b[39m Clearing 0 buttons from container\u001b[0m
\u001b[92m  ✓ All 0 buttons cleared\u001b[39m\u001b[0m
\u001b[93m  → Created button 0: 'Choice 1'\u001b[39m\u001b[0m
\u001b[93m  → Created button 1: 'Choice 2'\u001b[39m\u001b[0m
\u001b[93m  → Created button 2: 'Choice 3'\u001b[39m\u001b[0m
\u001b[96m  Ready to wait for selection from 3 buttons\u001b[39m\u001b[0m
\u001b[95m[TerminalChoicePresenter.OnChoiceSelected]\u001b[39m Choice 1 selected\u001b[0m
\u001b[92m  ✓ Selection processed, TrySetResult=True\u001b[39m\u001b[0m
\u001b[92m  Selection received: indices=1\u001b[39m\u001b[0m</StdOut>
        <StdErr>Warning:
    Detected &lt;3&gt; orphan nodes during test execution!</StdErr>
        <ErrorInfo>
          <Message>Warning:
    Detected &lt;3&gt; orphan nodes during test execution!</Message>
        </ErrorInfo>
      </Output>
    </UnitTestResult>
    <UnitTestResult executionId="48a236f9-12f8-4c67-a252-c3f68ec9844c" testId="b85bb2ef-26e9-4ef9-9fce-21372450f94b" testName="OmegaSpiral.Tests.Integration.Ui.Menus.MainMenuTests.LaunchButton_HasPressedSignalHandler" computerName="omega" duration="00:00:00.0200000" startTime="2025-10-25T16:04:51.4443578-04:00" endTime="2025-10-25T16:04:51.4446508-04:00" testType="13cdc9d9-ddb5-4fa4-a97d-d965ccfc6d4b" outcome="Passed" testListId="8c84fa94-04c1-424b-9868-57a2d4851a1d" relativeResultsDirectory="48a236f9-12f8-4c67-a252-c3f68ec9844c" />
    <UnitTestResult executionId="605b012e-0f17-4cf2-9cc0-b26beb551e56" testId="e3bff8d2-4e3e-4fef-9c0b-a2ffbb479447" testName="OmegaSpiral.Tests.Ui.Terminal.TerminalWindowFrameLayoutTests.ScreenLayout_IsEmptyContentInsertionPoint" computerName="omega" duration="00:00:00.0200000" startTime="2025-10-25T16:04:59.9067316-04:00" endTime="2025-10-25T16:04:59.9070171-04:00" testType="13cdc9d9-ddb5-4fa4-a97d-d965ccfc6d4b" outcome="Failed" testListId="8c84fa94-04c1-424b-9868-57a2d4851a1d" relativeResultsDirectory="605b012e-0f17-4cf2-9cc0-b26beb551e56">
      <Output>
        <ErrorInfo>
          <Message>Object reference not set to an instance of an object.</Message>
          <StackTrace>   at OmegaSpiral.Tests.Ui.Terminal.TerminalWindowFrameLayoutTests.ScreenLayout_IsEmptyContentInsertionPoint() in /home/adam/Dev/omega-spiral/chapter-zero/tests/integration/ui/terminal/TerminalWindowFrameLayoutTests.cs:line 204
   at System.RuntimeMethodHandle.InvokeMethod(ObjectHandleOnStack target, Void** arguments, ObjectHandleOnStack sig, BOOL isConstructor, ObjectHandleOnStack result)
   at System.RuntimeMethodHandle.InvokeMethod(ObjectHandleOnStack target, Void** arguments, ObjectHandleOnStack sig, BOOL isConstructor, ObjectHandleOnStack result)
   at System.Reflection.MethodBaseInvoker.InterpretedInvoke_Method(Object obj, IntPtr* args)
   at System.Reflection.RuntimeMethodInfo.Invoke(Object obj, BindingFlags invokeAttr, Binder binder, Object[] parameters, CultureInfo culture)
</StackTrace>
        </ErrorInfo>
      </Output>
    </UnitTestResult>
    <UnitTestResult executionId="15d9a6de-a2d1-48b1-91a9-e9d29b2d217c" testId="75137b7a-080a-41f3-8969-028a1913e88c" testName="OmegaSpiral.Tests.Integration.Ui.TerminalUITests.HasChoiceContainer" computerName="omega" duration="00:00:00.0200000" startTime="2025-10-25T16:04:59.4652568-04:00" endTime="2025-10-25T16:04:59.4655975-04:00" testType="13cdc9d9-ddb5-4fa4-a97d-d965ccfc6d4b" outcome="Passed" testListId="8c84fa94-04c1-424b-9868-57a2d4851a1d" relativeResultsDirectory="15d9a6de-a2d1-48b1-91a9-e9d29b2d217c" />
    <UnitTestResult executionId="927ccc84-ef32-48c1-94c0-f54281561be6" testId="20b04d85-b157-4deb-9237-124d0d6f3b8f" testName="OmegaSpiral.Tests.Integration.Ui.Menus.MainMenuTests.AllStageButtons_HavePressedSignalHandlers" computerName="omega" duration="00:00:00.0200000" startTime="2025-10-25T16:04:51.5014550-04:00" endTime="2025-10-25T16:04:51.5017673-04:00" testType="13cdc9d9-ddb5-4fa4-a97d-d965ccfc6d4b" outcome="Passed" testListId="8c84fa94-04c1-424b-9868-57a2d4851a1d" relativeResultsDirectory="927ccc84-ef32-48c1-94c0-f54281561be6" />
    <UnitTestResult executionId="d46f284e-b0ea-4473-be85-ef4cde02795a" testId="f44efdce-3b40-49ca-abb5-753a1aa108ba" testName="OmegaSpiral.Tests.Unit.Common.Terminal.TerminalTextRendererTests.ClearText_AfterAppendingText_RemovesAllContent" computerName="omega" duration="00:00:00.3230000" startTime="2025-10-25T16:05:04.1806206-04:00" endTime="2025-10-25T16:05:04.1810484-04:00" testType="13cdc9d9-ddb5-4fa4-a97d-d965ccfc6d4b" outcome="Passed" testListId="8c84fa94-04c1-424b-9868-57a2d4851a1d" relativeResultsDirectory="d46f284e-b0ea-4473-be85-ef4cde02795a" />
    <UnitTestResult executionId="30670d25-af7b-431d-8377-431bebb0504f" testId="e389a7d4-be1f-4a52-818f-3193af2254d2" testName="[Before].MainLayout_FillsBezelContainer" computerName="omega" startTime="2025-10-25T16:04:59.7575365-04:00" endTime="2025-10-25T16:04:59.7575436-04:00" testType="13cdc9d9-ddb5-4fa4-a97d-d965ccfc6d4b" outcome="Failed" testListId="8c84fa94-04c1-424b-9868-57a2d4851a1d" relativeResultsDirectory="30670d25-af7b-431d-8377-431bebb0504f">
      <Output>
        <ErrorInfo>
          <Message>GdUnitSceneRunner: Can't load scene by given resource path: 'res://source/ui/terminal/terminal_window.tscn'. The resource does not exists.</Message>
          <StackTrace>   at GdUnit4.Core.SceneRunner.LoadScene(String resourcePath)
   at GdUnit4.Core.SceneRunner..ctor(String resourcePath, Boolean autoFree, Boolean verbose)
   at GdUnit4.ISceneRunner.Load(String resourcePath, Boolean autoFree, Boolean verbose)
   at OmegaSpiral.Tests.Ui.Terminal.TerminalWindowFrameLayoutTests.Setup() in /home/adam/Dev/omega-spiral/chapter-zero/tests/integration/ui/terminal/TerminalWindowFrameLayoutTests.cs:line 29
   at System.RuntimeMethodHandle.InvokeMethod(ObjectHandleOnStack target, Void** arguments, ObjectHandleOnStack sig, BOOL isConstructor, ObjectHandleOnStack result)
   at System.RuntimeMethodHandle.InvokeMethod(ObjectHandleOnStack target, Void** arguments, ObjectHandleOnStack sig, BOOL isConstructor, ObjectHandleOnStack result)
   at System.Reflection.MethodBaseInvoker.InterpretedInvoke_Method(Object obj, IntPtr* args)
   at System.Reflection.RuntimeMethodInfo.Invoke(Object obj, BindingFlags invokeAttr, Binder binder, Object[] parameters, CultureInfo culture)
</StackTrace>
        </ErrorInfo>
      </Output>
    </UnitTestResult>
    <UnitTestResult executionId="47abd09c-00c4-49d0-93d0-1b8732395eb8" testId="5c4edbe5-b795-4a90-83e4-465a6fb7ab4d" testName="[After].PhosphorLayer_IsVisibleWithCorrectOpacity" computerName="omega" startTime="2025-10-25T16:04:51.7381538-04:00" endTime="2025-10-25T16:04:51.7381605-04:00" testType="13cdc9d9-ddb5-4fa4-a97d-d965ccfc6d4b" outcome="Failed" testListId="8c84fa94-04c1-424b-9868-57a2d4851a1d" relativeResultsDirectory="47abd09c-00c4-49d0-93d0-1b8732395eb8">
      <Output>
        <StdErr>Warning:
    Detected &lt;41&gt; orphan nodes during test suite setup stage!
    Check Setup:27 and Cleanup:35 for unfreed instances!</StdErr>
        <ErrorInfo>
          <Message>Warning:
    Detected &lt;41&gt; orphan nodes during test suite setup stage!
    Check Setup:27 and Cleanup:35 for unfreed instances!</Message>
        </ErrorInfo>
      </Output>
    </UnitTestResult>
    <UnitTestResult executionId="32010710-126a-4e00-8a64-1aacfc948831" testId="dee72b28-fb8f-4b68-9e56-22354947a175" testName="OmegaSpiral.Tests.Unit.Common.SceneManagerTests.SetPlayerNameStoresValueCorrectly" computerName="omega" duration="00:00:00.0270000" startTime="2025-10-25T16:05:00.1827532-04:00" endTime="2025-10-25T16:05:00.1830307-04:00" testType="13cdc9d9-ddb5-4fa4-a97d-d965ccfc6d4b" outcome="Passed" testListId="8c84fa94-04c1-424b-9868-57a2d4851a1d" relativeResultsDirectory="32010710-126a-4e00-8a64-1aacfc948831">
      <Output>
        <StdOut>Player name set to: NewPlayer</StdOut>
      </Output>
    </UnitTestResult>
    <UnitTestResult executionId="11466ac5-6773-41ff-aa64-1f67653d7bc6" testId="6c55503a-9246-4762-bb1a-5ee9ba55f49a" testName="OmegaSpiral.Tests.Integration.Ui.OmegaUiTests.ShaderController_IsCreated" computerName="omega" duration="00:00:00.0190000" startTime="2025-10-25T16:04:52.3606029-04:00" endTime="2025-10-25T16:04:52.3608937-04:00" testType="13cdc9d9-ddb5-4fa4-a97d-d965ccfc6d4b" outcome="Passed" testListId="8c84fa94-04c1-424b-9868-57a2d4851a1d" relativeResultsDirectory="11466ac5-6773-41ff-aa64-1f67653d7bc6" />
    <UnitTestResult executionId="ce05ebf8-3fc7-4552-8db5-cabc2111cb2f" testId="72e03210-f6e2-4c48-b3aa-72b4e173b6ad" testName="OmegaSpiral.Tests.Integration.Ui.PauseMenuTests.PauseMenu_ExtendsMenuUi" computerName="omega" duration="00:00:00.0210000" startTime="2025-10-25T16:04:59.2301879-04:00" endTime="2025-10-25T16:04:59.2304875-04:00" testType="13cdc9d9-ddb5-4fa4-a97d-d965ccfc6d4b" outcome="Passed" testListId="8c84fa94-04c1-424b-9868-57a2d4851a1d" relativeResultsDirectory="ce05ebf8-3fc7-4552-8db5-cabc2111cb2f" />
    <UnitTestResult executionId="7b844bb7-6752-44a5-a261-c8d77d547553" testId="d84aca59-9f6e-41b5-9876-7028a83748c4" testName="OmegaSpiral.Tests.Integration.Ui.Menus.MainMenuTests.InheritsFromMenuUi" computerName="omega" duration="00:00:00.0100000" startTime="2025-10-25T16:04:51.2983925-04:00" endTime="2025-10-25T16:04:51.2987416-04:00" testType="13cdc9d9-ddb5-4fa4-a97d-d965ccfc6d4b" outcome="Passed" testListId="8c84fa94-04c1-424b-9868-57a2d4851a1d" relativeResultsDirectory="7b844bb7-6752-44a5-a261-c8d77d547553" />
    <UnitTestResult executionId="ba4c6a56-80d5-45a7-8f9d-06a390543130" testId="3712839c-24e4-4e4f-8b5d-a7380651c448" testName="[After].OptionsButton_Exists" computerName="omega" startTime="2025-10-25T16:04:51.7367003-04:00" endTime="2025-10-25T16:04:51.7367009-04:00" testType="13cdc9d9-ddb5-4fa4-a97d-d965ccfc6d4b" outcome="Failed" testListId="8c84fa94-04c1-424b-9868-57a2d4851a1d" relativeResultsDirectory="ba4c6a56-80d5-45a7-8f9d-06a390543130">
      <Output>
        <StdErr>Warning:
    Detected &lt;41&gt; orphan nodes during test suite setup stage!
    Check Setup:27 and Cleanup:35 for unfreed instances!</StdErr>
        <ErrorInfo>
          <Message>Warning:
    Detected &lt;41&gt; orphan nodes during test suite setup stage!
    Check Setup:27 and Cleanup:35 for unfreed instances!</Message>
        </ErrorInfo>
      </Output>
    </UnitTestResult>
    <UnitTestResult executionId="cbd3b2cc-b14a-45ab-b268-e135ff4d24ab" testId="70b3e04c-c244-4b43-a5b9-00df44516b27" testName="[After].UpdateCurrentSceneUpdatesIndexCorrectly" computerName="omega" startTime="2025-10-25T16:05:00.2649436-04:00" endTime="2025-10-25T16:05:00.2649444-04:00" testType="13cdc9d9-ddb5-4fa4-a97d-d965ccfc6d4b" outcome="Passed" testListId="8c84fa94-04c1-424b-9868-57a2d4851a1d" relativeResultsDirectory="cbd3b2cc-b14a-45ab-b268-e135ff4d24ab">
      <Output>
        <StdErr>Warning:
    Detected &lt;1&gt; orphan nodes during test suite setup stage!
    Check Setup:21 and Cleanup:31 for unfreed instances!</StdErr>
        <ErrorInfo>
          <Message>Warning:
    Detected &lt;1&gt; orphan nodes during test suite setup stage!
    Check Setup:21 and Cleanup:31 for unfreed instances!</Message>
        </ErrorInfo>
      </Output>
    </UnitTestResult>
    <UnitTestResult executionId="3f2074ef-fe25-4a98-9b5e-3d32aafa4440" testId="cfc5f650-0357-4b7d-850f-e1f06bff46d8" testName="OmegaSpiral.Tests.Integration.Common.TerminalIntegrationTests.TextDisplay_AndChoiceInput_DontInterfere" computerName="omega" duration="00:00:00.5890000" startTime="2025-10-25T16:04:50.7266556-04:00" endTime="2025-10-25T16:04:50.7270046-04:00" testType="13cdc9d9-ddb5-4fa4-a97d-d965ccfc6d4b" outcome="Passed" testListId="8c84fa94-04c1-424b-9868-57a2d4851a1d" relativeResultsDirectory="3f2074ef-fe25-4a98-9b5e-3d32aafa4440">
      <Output>
        <StdOut>\u001b[96m[TerminalChoicePresenter.PresentChoicesAsync]\u001b[39m Presenting 2 TerminalChoiceOption choices\u001b[0m
\u001b[38;5;208m[TerminalChoicePresenter.ClearChoiceButtons]\u001b[39m Clearing 2 buttons from container\u001b[0m
\u001b[92m  ✓ All 0 buttons cleared\u001b[39m\u001b[0m
\u001b[93m  → Created button 0: 'Continue'\u001b[39m\u001b[0m
\u001b[93m  → Created button 1: 'Exit'\u001b[39m\u001b[0m
\u001b[96m  Ready to wait for selection from 2 buttons\u001b[39m\u001b[0m
\u001b[94m[TerminalChoicePresenter.AreChoicesVisible]\u001b[39m → True (2 buttons)\u001b[0m
\u001b[95m[TerminalChoicePresenter.SimulateChoiceSelection]\u001b[39m Simulating selection of index 0\u001b[0m
\u001b[95m[TerminalChoicePresenter.OnChoiceSelected]\u001b[39m Choice 0 selected\u001b[0m
\u001b[92m  ✓ Selection processed, TrySetResult=True\u001b[39m\u001b[0m
\u001b[92m  Selection received: index=0\u001b[39m\u001b[0m</StdOut>
        <StdErr>Warning:
    Detected &lt;2&gt; orphan nodes during test execution!</StdErr>
        <ErrorInfo>
          <Message>Warning:
    Detected &lt;2&gt; orphan nodes during test execution!</Message>
        </ErrorInfo>
      </Output>
    </UnitTestResult>
    <UnitTestResult executionId="52ad83ac-1ce9-4d1b-b89e-a2adfcb3131a" testId="c66a60bd-05fc-4f91-9075-71279ba7b413" testName="TerminalWindowTestsNew.TerminalWindow_IsControlNode" computerName="omega" duration="00:00:00.0200000" startTime="2025-10-25T16:05:08.4747343-04:00" endTime="2025-10-25T16:05:08.4751318-04:00" testType="13cdc9d9-ddb5-4fa4-a97d-d965ccfc6d4b" outcome="Passed" testListId="8c84fa94-04c1-424b-9868-57a2d4851a1d" relativeResultsDirectory="52ad83ac-1ce9-4d1b-b89e-a2adfcb3131a" />
  </Results>
  <TestDefinitions>
    <UnitTest name="PresentChoicesAsync_SingleSelection_ReturnsSelectedIndex" storage="/home/adam/dev/omega-spiral/chapter-zero/.godot/mono/temp/bin/debug/chapter-zero.dll" id="1f7d2681-bf57-4f78-86fe-d2f376874abb">
      <Execution id="402373f4-a107-4b08-83e3-2d2a9e28146a" />
      <TestMethod codeBase="/home/adam/Dev/omega-spiral/chapter-zero/.godot/mono/temp/bin/Debug/chapter-zero.dll" adapterTypeName="executor://gdunit4.testadapter/" className="OmegaSpiral.Tests.Unit.Common.Terminal.TerminalChoicePresenterTests" name="PresentChoicesAsync_SingleSelection_ReturnsSelectedIndex" />
    </UnitTest>
    <UnitTest name="PresentChoicesAsync_EmptyChoices_ThrowsArgumentException" storage="/home/adam/dev/omega-spiral/chapter-zero/.godot/mono/temp/bin/debug/chapter-zero.dll" id="2e925856-0669-413f-87fa-697e419d8918">
      <Execution id="e1e9728e-9837-4b16-9625-61da911c6851" />
      <TestMethod codeBase="/home/adam/Dev/omega-spiral/chapter-zero/.godot/mono/temp/bin/Debug/chapter-zero.dll" adapterTypeName="executor://gdunit4.testadapter/" className="OmegaSpiral.Tests.Unit.Common.Terminal.TerminalChoicePresenterTests" name="PresentChoicesAsync_EmptyChoices_ThrowsArgumentException" />
    </UnitTest>
    <UnitTest name="PresentChoicesAsync_NullChoiceOptions_ThrowsArgumentNullException" storage="/home/adam/dev/omega-spiral/chapter-zero/.godot/mono/temp/bin/debug/chapter-zero.dll" id="d38b8190-62bf-43c5-9823-f6372bd78233">
      <Execution id="b588c272-2fd7-4c9d-93da-0ffb19d0420f" />
      <TestMethod codeBase="/home/adam/Dev/omega-spiral/chapter-zero/.godot/mono/temp/bin/Debug/chapter-zero.dll" adapterTypeName="executor://gdunit4.testadapter/" className="OmegaSpiral.Tests.Unit.Common.Terminal.TerminalChoicePresenterTests" name="PresentChoicesAsync_NullChoiceOptions_ThrowsArgumentNullException" />
    </UnitTest>
    <UnitTest name="Scene_HasValidDimensions" storage="/home/adam/dev/omega-spiral/chapter-zero/.godot/mono/temp/bin/debug/chapter-zero.dll" id="a20490bc-9ea0-4e98-b837-c1978b5d42e3">
      <Execution id="782d37cb-25f8-4a15-b36d-568704217f3f" />
      <TestMethod codeBase="/home/adam/Dev/omega-spiral/chapter-zero/.godot/mono/temp/bin/Debug/chapter-zero.dll" adapterTypeName="executor://gdunit4.testadapter/" className="OmegaSpiral.Tests.Integration.SceneLoadingAndViewportTests" name="Scene_HasValidDimensions" />
    </UnitTest>
    <UnitTest name="CreditsMenu_ExtendsMenuUi" storage="/home/adam/dev/omega-spiral/chapter-zero/.godot/mono/temp/bin/debug/chapter-zero.dll" id="e24260a0-7f1b-448b-b9b4-e21982b4382d">
      <Execution id="968b2d31-4d0e-49aa-bf11-f3fe95d8d468" />
      <TestMethod codeBase="/home/adam/Dev/omega-spiral/chapter-zero/.godot/mono/temp/bin/Debug/chapter-zero.dll" adapterTypeName="executor://gdunit4.testadapter/" className="OmegaSpiral.Tests.Integration.Ui.CreditsMenuTests" name="CreditsMenu_ExtendsMenuUi" />
    </UnitTest>
    <UnitTest name="ButtonContainer_CanAddButtons" storage="/home/adam/dev/omega-spiral/chapter-zero/.godot/mono/temp/bin/debug/chapter-zero.dll" id="9fd8e989-c5fa-4cee-af6e-0919f62c5e4c">
      <Execution id="56401179-2fc8-4248-a5c7-4f7c68cd12ed" />
      <TestMethod codeBase="/home/adam/Dev/omega-spiral/chapter-zero/.godot/mono/temp/bin/Debug/chapter-zero.dll" adapterTypeName="executor://gdunit4.testadapter/" className="OmegaSpiral.Tests.Integration.Ui.MenuUiTests" name="ButtonContainer_CanAddButtons" />
    </UnitTest>
    <UnitTest name="AppendTextAsync_DefaultParameters_AppendsTextCorrectly" storage="/home/adam/dev/omega-spiral/chapter-zero/.godot/mono/temp/bin/debug/chapter-zero.dll" id="983c45c2-0520-4dce-9eef-2d333993a841">
      <Execution id="37b891ef-2b20-47a4-85cc-673df98c154a" />
      <TestMethod codeBase="/home/adam/Dev/omega-spiral/chapter-zero/.godot/mono/temp/bin/Debug/chapter-zero.dll" adapterTypeName="executor://gdunit4.testadapter/" className="OmegaSpiral.Tests.Unit.Common.Terminal.TerminalTextRendererTests" name="AppendTextAsync_DefaultParameters_AppendsTextCorrectly" />
    </UnitTest>
    <UnitTest name="MenuActionBar_Exists" storage="/home/adam/dev/omega-spiral/chapter-zero/.godot/mono/temp/bin/debug/chapter-zero.dll" id="019578d6-0f5f-4764-a47f-f0a0c3b5d674">
      <Execution id="d0aeb243-97f2-4bdc-9c47-d7cb45f49cc0" />
      <TestMethod codeBase="/home/adam/Dev/omega-spiral/chapter-zero/.godot/mono/temp/bin/Debug/chapter-zero.dll" adapterTypeName="executor://gdunit4.testadapter/" className="OmegaSpiral.Tests.Integration.Ui.Menus.MainMenuTests" name="MenuActionBar_Exists" />
    </UnitTest>
    <UnitTest name="AppendTextAsync_GracefulFailureWhenRendererNull" storage="/home/adam/dev/omega-spiral/chapter-zero/.godot/mono/temp/bin/debug/chapter-zero.dll" id="831476a7-b31d-46af-a9da-7178f280bd07">
      <Execution id="b81a0393-32a3-42b3-9a86-554dbc026c08" />
      <TestMethod codeBase="/home/adam/Dev/omega-spiral/chapter-zero/.godot/mono/temp/bin/Debug/chapter-zero.dll" adapterTypeName="executor://gdunit4.testadapter/" className="OmegaSpiral.Tests.Unit.Ui.OmegaUi_UnitTests" name="AppendTextAsync_GracefulFailureWhenRendererNull" />
    </UnitTest>
    <UnitTest name="PauseMenu_HasBackground" storage="/home/adam/dev/omega-spiral/chapter-zero/.godot/mono/temp/bin/debug/chapter-zero.dll" id="93cea57e-8ce8-4058-9459-e1ffcdafd835">
      <Execution id="7aaa8546-0fbd-46d8-a7b1-366828f142fe" />
      <TestMethod codeBase="/home/adam/Dev/omega-spiral/chapter-zero/.godot/mono/temp/bin/Debug/chapter-zero.dll" adapterTypeName="executor://gdunit4.testadapter/" className="OmegaSpiral.Tests.Integration.Ui.PauseMenuTests" name="PauseMenu_HasBackground" />
    </UnitTest>
    <UnitTest name="MenuUi_ExtendsOmegaUi" storage="/home/adam/dev/omega-spiral/chapter-zero/.godot/mono/temp/bin/debug/chapter-zero.dll" id="6781c0a3-03eb-42ab-baec-ec4a3bc644e6">
      <Execution id="9024508f-73d2-4658-9fae-df2204441217" />
      <TestMethod codeBase="/home/adam/Dev/omega-spiral/chapter-zero/.godot/mono/temp/bin/Debug/chapter-zero.dll" adapterTypeName="executor://gdunit4.testadapter/" className="OmegaSpiral.Tests.Integration.Ui.MenuUiTests" name="MenuUi_ExtendsOmegaUi" />
    </UnitTest>
    <UnitTest name="PixelDissolveAsync_CustomDuration_CompletesInCorrectTime" storage="/home/adam/dev/omega-spiral/chapter-zero/.godot/mono/temp/bin/debug/chapter-zero.dll" id="ffbeef6f-916f-485a-88ef-eff032bd1d20">
      <Execution id="5b00eb6f-6838-4a5c-bdcd-440b421ff0eb" />
      <TestMethod codeBase="/home/adam/Dev/omega-spiral/chapter-zero/.godot/mono/temp/bin/Debug/chapter-zero.dll" adapterTypeName="executor://gdunit4.testadapter/" className="OmegaSpiral.Tests.Unit.Common.Terminal.TerminalShaderControllerTests" name="PixelDissolveAsync_CustomDuration_CompletesInCorrectTime" />
    </UnitTest>
    <UnitTest name="ApplyVisualPresetAsync_GlitchPreset_AppliesCorrectShader" storage="/home/adam/dev/omega-spiral/chapter-zero/.godot/mono/temp/bin/debug/chapter-zero.dll" id="c35b52d1-b47f-4ab1-8104-932de564716a">
      <Execution id="8e0dac87-6f5a-421f-9597-c53e225fcd6f" />
      <TestMethod codeBase="/home/adam/Dev/omega-spiral/chapter-zero/.godot/mono/temp/bin/Debug/chapter-zero.dll" adapterTypeName="executor://gdunit4.testadapter/" className="OmegaSpiral.Tests.Unit.Common.Terminal.TerminalShaderControllerTests" name="ApplyVisualPresetAsync_GlitchPreset_AppliesCorrectShader" />
    </UnitTest>
    <UnitTest name="TextDisplay_Exists" storage="/home/adam/dev/omega-spiral/chapter-zero/.godot/mono/temp/bin/debug/chapter-zero.dll" id="8cdb4bef-4a1e-4db7-bb5e-88c5b3d6bdb5">
      <Execution id="c016dedc-9386-4cbc-8fa5-53610800ce70" />
      <TestMethod codeBase="/home/adam/Dev/omega-spiral/chapter-zero/.godot/mono/temp/bin/Debug/chapter-zero.dll" adapterTypeName="executor://gdunit4.testadapter/" className="OmegaSpiral.Tests.Integration.Ui.OmegaUiTests" name="TextDisplay_Exists" />
    </UnitTest>
    <UnitTest name="Background_UsesDeepSpaceColor" storage="/home/adam/dev/omega-spiral/chapter-zero/.godot/mono/temp/bin/debug/chapter-zero.dll" id="5d072814-ee2c-428b-a87f-e84615dba374">
      <Execution id="fe658b9c-c9e2-4f70-ba76-ee3bcce26748" />
      <TestMethod codeBase="/home/adam/Dev/omega-spiral/chapter-zero/.godot/mono/temp/bin/Debug/chapter-zero.dll" adapterTypeName="executor://gdunit4.testadapter/" className="OmegaSpiral.Tests.Integration.Ui.OmegaUiTests" name="Background_UsesDeepSpaceColor" />
    </UnitTest>
    <UnitTest name="TextDisplay_HasBBCodeEnabled" storage="/home/adam/dev/omega-spiral/chapter-zero/.godot/mono/temp/bin/debug/chapter-zero.dll" id="33def4a6-3e1b-4582-9baf-270b6dde4e37">
      <Execution id="e2c8baa9-fc42-4d69-92e6-8285b5908ce7" />
      <TestMethod codeBase="/home/adam/Dev/omega-spiral/chapter-zero/.godot/mono/temp/bin/Debug/chapter-zero.dll" adapterTypeName="executor://gdunit4.testadapter/" className="OmegaSpiral.Tests.Integration.Ui.OmegaUiTests" name="TextDisplay_HasBBCodeEnabled" />
    </UnitTest>
    <UnitTest name="PhosphorLayer_Exists" storage="/home/adam/dev/omega-spiral/chapter-zero/.godot/mono/temp/bin/debug/chapter-zero.dll" id="c0cabf74-23b0-4130-ac43-b277ce743b7a">
      <Execution id="cefdf7ba-41f5-44ea-a14a-3804feb22b7c" />
      <TestMethod codeBase="/home/adam/Dev/omega-spiral/chapter-zero/.godot/mono/temp/bin/Debug/chapter-zero.dll" adapterTypeName="executor://gdunit4.testadapter/" className="OmegaSpiral.Tests.Integration.Ui.OmegaUiTests" name="PhosphorLayer_Exists" />
    </UnitTest>
    <UnitTest name="TerminalWindow_IsProperlyParentedInScene" storage="/home/adam/dev/omega-spiral/chapter-zero/.godot/mono/temp/bin/debug/chapter-zero.dll" id="7438284e-a31c-47d7-9d67-45fe6f2f25ee">
      <Execution id="0f0be251-d665-452a-9172-3323bc4d7e5d" />
      <TestMethod codeBase="/home/adam/Dev/omega-spiral/chapter-zero/.godot/mono/temp/bin/Debug/chapter-zero.dll" adapterTypeName="executor://gdunit4.testadapter/" className="TerminalWindowTestsNew" name="TerminalWindow_IsProperlyParentedInScene" />
    </UnitTest>
    <UnitTest name="TerminalFrame_ShouldBeCenteredVertically" storage="/home/adam/dev/omega-spiral/chapter-zero/.godot/mono/temp/bin/debug/chapter-zero.dll" id="9b103818-b757-4182-85bd-35540acd0095">
      <Execution id="58e51c1d-634f-4235-9cdb-755c01a2bf90" />
      <TestMethod codeBase="/home/adam/Dev/omega-spiral/chapter-zero/.godot/mono/temp/bin/Debug/chapter-zero.dll" adapterTypeName="executor://gdunit4.testadapter/" className="OmegaSpiral.Tests.Ui.Terminal.TerminalWindowFrameLayoutTests" name="TerminalFrame_ShouldBeCenteredVertically" />
    </UnitTest>
    <UnitTest name="ShaderAndText_InteractWithoutInterference" storage="/home/adam/dev/omega-spiral/chapter-zero/.godot/mono/temp/bin/debug/chapter-zero.dll" id="7ccd3948-00b9-464c-acaa-8e37f93cea98">
      <Execution id="d4b08fef-b396-4aa7-a7d5-4e7544cb4c5e" />
      <TestMethod codeBase="/home/adam/Dev/omega-spiral/chapter-zero/.godot/mono/temp/bin/Debug/chapter-zero.dll" adapterTypeName="executor://gdunit4.testadapter/" className="OmegaSpiral.Tests.Integration.Common.TerminalIntegrationTests" name="ShaderAndText_InteractWithoutInterference" />
    </UnitTest>
    <UnitTest name="TerminalWindow_AnchorsAndMarginsWork" storage="/home/adam/dev/omega-spiral/chapter-zero/.godot/mono/temp/bin/debug/chapter-zero.dll" id="d2b152ee-cd04-4adf-9ec5-89121bf43fa7">
      <Execution id="7042d3a3-a74e-44d7-ba32-d659b27de7dc" />
      <TestMethod codeBase="/home/adam/Dev/omega-spiral/chapter-zero/.godot/mono/temp/bin/Debug/chapter-zero.dll" adapterTypeName="executor://gdunit4.testadapter/" className="TerminalWindowTestsNew" name="TerminalWindow_AnchorsAndMarginsWork" />
    </UnitTest>
    <UnitTest name="TextDisplay_AndChoiceInput_DontInterfere" storage="/home/adam/dev/omega-spiral/chapter-zero/.godot/mono/temp/bin/debug/chapter-zero.dll" id="cfc5f650-0357-4b7d-850f-e1f06bff46d8">
      <Execution id="3f2074ef-fe25-4a98-9b5e-3d32aafa4440" />
      <TestMethod codeBase="/home/adam/Dev/omega-spiral/chapter-zero/.godot/mono/temp/bin/Debug/chapter-zero.dll" adapterTypeName="executor://gdunit4.testadapter/" className="OmegaSpiral.Tests.Integration.Common.TerminalIntegrationTests" name="TextDisplay_AndChoiceInput_DontInterfere" />
    </UnitTest>
    <UnitTest name="QuitButton_HasPressedSignalHandler" storage="/home/adam/dev/omega-spiral/chapter-zero/.godot/mono/temp/bin/debug/chapter-zero.dll" id="611437b6-2fc0-4093-91b2-e29bdb0b564f">
      <Execution id="adea931d-77a2-433a-820c-a4311b4247ce" />
      <TestMethod codeBase="/home/adam/Dev/omega-spiral/chapter-zero/.godot/mono/temp/bin/Debug/chapter-zero.dll" adapterTypeName="executor://gdunit4.testadapter/" className="OmegaSpiral.Tests.Integration.Ui.Menus.MainMenuTests" name="QuitButton_HasPressedSignalHandler" />
    </UnitTest>
    <UnitTest name="PhosphorLayerPath_HasDefault" storage="/home/adam/dev/omega-spiral/chapter-zero/.godot/mono/temp/bin/debug/chapter-zero.dll" id="18f1d37c-890c-4486-aa45-9afe7c697f35">
      <Execution id="08d3973d-a26e-49ae-9c02-370f438529ea" />
      <TestMethod codeBase="/home/adam/Dev/omega-spiral/chapter-zero/.godot/mono/temp/bin/Debug/chapter-zero.dll" adapterTypeName="executor://gdunit4.testadapter/" className="OmegaSpiral.Tests.Integration.Ui.OmegaUiTests" name="PhosphorLayerPath_HasDefault" />
    </UnitTest>
    <UnitTest name="IsAnimating_WhenNotAnimating_ReturnsFalse" storage="/home/adam/dev/omega-spiral/chapter-zero/.godot/mono/temp/bin/debug/chapter-zero.dll" id="b41402f8-a4eb-4e63-a223-1c5121a817f8">
      <Execution id="9333d935-e179-4ecc-95c3-36d73dcea929" />
      <TestMethod codeBase="/home/adam/Dev/omega-spiral/chapter-zero/.godot/mono/temp/bin/Debug/chapter-zero.dll" adapterTypeName="executor://gdunit4.testadapter/" className="OmegaSpiral.Tests.Unit.Common.Terminal.TerminalTextRendererTests" name="IsAnimating_WhenNotAnimating_ReturnsFalse" />
    </UnitTest>
    <UnitTest name="OptionsButton_HasPressedSignalHandler" storage="/home/adam/dev/omega-spiral/chapter-zero/.godot/mono/temp/bin/debug/chapter-zero.dll" id="f1973c06-2585-405b-96e3-92984a657924">
      <Execution id="eae1596b-ab99-4050-b0c4-3ae729c94d12" />
      <TestMethod codeBase="/home/adam/Dev/omega-spiral/chapter-zero/.godot/mono/temp/bin/Debug/chapter-zero.dll" adapterTypeName="executor://gdunit4.testadapter/" className="OmegaSpiral.Tests.Integration.Ui.Menus.MainMenuTests" name="OptionsButton_HasPressedSignalHandler" />
    </UnitTest>
    <UnitTest name="CreditsMenu_PopulatesCredits" storage="/home/adam/dev/omega-spiral/chapter-zero/.godot/mono/temp/bin/debug/chapter-zero.dll" id="ce466349-db82-4102-a0d4-12460763eefb">
      <Execution id="9792607f-fbf7-49a7-adbc-824eb14ad25e" />
      <TestMethod codeBase="/home/adam/Dev/omega-spiral/chapter-zero/.godot/mono/temp/bin/Debug/chapter-zero.dll" adapterTypeName="executor://gdunit4.testadapter/" className="OmegaSpiral.Tests.Integration.Ui.CreditsMenuTests" name="CreditsMenu_PopulatesCredits" />
    </UnitTest>
    <UnitTest name="ApplyVisualPresetAsync_PhosphorPreset_AppliesCorrectShader" storage="/home/adam/dev/omega-spiral/chapter-zero/.godot/mono/temp/bin/debug/chapter-zero.dll" id="adc3114a-03d1-47c9-9596-32161300cbdc">
      <Execution id="bcfbed78-156e-496e-a19e-8d5256e05eca" />
      <TestMethod codeBase="/home/adam/Dev/omega-spiral/chapter-zero/.godot/mono/temp/bin/Debug/chapter-zero.dll" adapterTypeName="executor://gdunit4.testadapter/" className="OmegaSpiral.Tests.Unit.Common.Terminal.TerminalShaderControllerTests" name="ApplyVisualPresetAsync_PhosphorPreset_AppliesCorrectShader" />
    </UnitTest>
    <UnitTest name="GetPlan_ReturnsNonNull" storage="/home/adam/dev/omega-spiral/chapter-zero/.godot/mono/temp/bin/debug/chapter-zero.dll" id="798f259e-902d-49a5-bea4-8d5190175c95">
      <Execution id="b1705cb6-7495-462c-9be0-5e8623260a2e" />
      <TestMethod codeBase="/home/adam/Dev/omega-spiral/chapter-zero/.godot/mono/temp/bin/Debug/chapter-zero.dll" adapterTypeName="executor://gdunit4.testadapter/" className="OmegaSpiral.Tests.Stages.Stage2.NethackDirectorTests" name="GetPlan_ReturnsNonNull" />
    </UnitTest>
    <UnitTest name="HasContentContainer" storage="/home/adam/dev/omega-spiral/chapter-zero/.godot/mono/temp/bin/debug/chapter-zero.dll" id="75ee7c8d-b943-4ca0-b26c-3f716307a1f9">
      <Execution id="4453f188-68e2-4ea6-96b8-1a82852f7ca9" />
      <TestMethod codeBase="/home/adam/Dev/omega-spiral/chapter-zero/.godot/mono/temp/bin/Debug/chapter-zero.dll" adapterTypeName="executor://gdunit4.testadapter/" className="OmegaSpiral.Tests.Integration.Ui.TerminalUITests" name="HasContentContainer" />
    </UnitTest>
    <UnitTest name="GlitchLayerPath_HasDefault" storage="/home/adam/dev/omega-spiral/chapter-zero/.godot/mono/temp/bin/debug/chapter-zero.dll" id="c9fc7de6-f517-42df-8293-8ea7095776b7">
      <Execution id="56e37d2d-6506-4b77-983b-f591a0c4c071" />
      <TestMethod codeBase="/home/adam/Dev/omega-spiral/chapter-zero/.godot/mono/temp/bin/Debug/chapter-zero.dll" adapterTypeName="executor://gdunit4.testadapter/" className="OmegaSpiral.Tests.Integration.Ui.OmegaUiTests" name="GlitchLayerPath_HasDefault" />
    </UnitTest>
    <UnitTest name="HasChoiceContainer" storage="/home/adam/dev/omega-spiral/chapter-zero/.godot/mono/temp/bin/debug/chapter-zero.dll" id="75137b7a-080a-41f3-8969-028a1913e88c">
      <Execution id="15d9a6de-a2d1-48b1-91a9-e9d29b2d217c" />
      <TestMethod codeBase="/home/adam/Dev/omega-spiral/chapter-zero/.godot/mono/temp/bin/Debug/chapter-zero.dll" adapterTypeName="executor://gdunit4.testadapter/" className="OmegaSpiral.Tests.Integration.Ui.TerminalUITests" name="HasChoiceContainer" />
    </UnitTest>
    <UnitTest name="ApplyVisualPresetAsync_DelegatesToShaderController" storage="/home/adam/dev/omega-spiral/chapter-zero/.godot/mono/temp/bin/debug/chapter-zero.dll" id="cb26e0e9-39a1-4feb-bde3-a11b622f9dc9">
      <Execution id="7bb7bf86-60e4-4443-b1c1-0dfa0ae31489" />
      <TestMethod codeBase="/home/adam/Dev/omega-spiral/chapter-zero/.godot/mono/temp/bin/Debug/chapter-zero.dll" adapterTypeName="executor://gdunit4.testadapter/" className="OmegaSpiral.Tests.Unit.Ui.OmegaUi_UnitTests" name="ApplyVisualPresetAsync_DelegatesToShaderController" />
    </UnitTest>
    <UnitTest name="ChoiceContainer_StartsInvisible" storage="/home/adam/dev/omega-spiral/chapter-zero/.godot/mono/temp/bin/debug/chapter-zero.dll" id="db1c02f0-64ec-4e91-b766-f492b8fc6fc6">
      <Execution id="5606c21a-993f-4bfc-ba3a-a4c98c4e1934" />
      <TestMethod codeBase="/home/adam/Dev/omega-spiral/chapter-zero/.godot/mono/temp/bin/Debug/chapter-zero.dll" adapterTypeName="executor://gdunit4.testadapter/" className="OmegaSpiral.Tests.Integration.Ui.TerminalUITests" name="ChoiceContainer_StartsInvisible" />
    </UnitTest>
    <UnitTest name="GettotalscoreReturnssumofallscores" storage="/home/adam/dev/omega-spiral/chapter-zero/.godot/mono/temp/bin/debug/chapter-zero.dll" id="b8666881-23c9-4dcb-a87e-394a9e0e94c6">
      <Execution id="8114fe0b-69de-4411-81c7-9cc8a9df491e" />
      <TestMethod codeBase="/home/adam/Dev/omega-spiral/chapter-zero/.godot/mono/temp/bin/Debug/chapter-zero.dll" adapterTypeName="executor://gdunit4.testadapter/" className="OmegaSpiral.Tests.Unit.Common.GameStateTests" name="GettotalscoreReturnssumofallscores" />
    </UnitTest>
    <UnitTest name="Bezel_FillsViewportWithBackground" storage="/home/adam/dev/omega-spiral/chapter-zero/.godot/mono/temp/bin/debug/chapter-zero.dll" id="df085498-45ad-441d-9eef-0291afe69fa0">
      <Execution id="59d09a8b-537c-4f61-9f36-839a95111a05" />
      <TestMethod codeBase="/home/adam/Dev/omega-spiral/chapter-zero/.godot/mono/temp/bin/Debug/chapter-zero.dll" adapterTypeName="executor://gdunit4.testadapter/" className="OmegaSpiral.Tests.Ui.Terminal.TerminalWindowFrameLayoutTests" name="Bezel_FillsViewportWithBackground" />
    </UnitTest>
    <UnitTest name="GetCurrentShaderMaterial_NoShaderApplied_ReturnsNull" storage="/home/adam/dev/omega-spiral/chapter-zero/.godot/mono/temp/bin/debug/chapter-zero.dll" id="6ef62b73-7f76-4922-9737-89d0c9e5e42f">
      <Execution id="5ba87c56-5015-439e-a8f6-f7de9ac6432c" />
      <TestMethod codeBase="/home/adam/Dev/omega-spiral/chapter-zero/.godot/mono/temp/bin/Debug/chapter-zero.dll" adapterTypeName="executor://gdunit4.testadapter/" className="OmegaSpiral.Tests.Unit.Common.Terminal.TerminalShaderControllerTests" name="GetCurrentShaderMaterial_NoShaderApplied_ReturnsNull" />
    </UnitTest>
    <UnitTest name="DisabledMode_CanBeSet" storage="/home/adam/dev/omega-spiral/chapter-zero/.godot/mono/temp/bin/debug/chapter-zero.dll" id="c479e19d-941e-4b70-89bc-6948fbfeacbb">
      <Execution id="dda37810-0db9-4831-bcf5-f7870f47cf66" />
      <TestMethod codeBase="/home/adam/Dev/omega-spiral/chapter-zero/.godot/mono/temp/bin/Debug/chapter-zero.dll" adapterTypeName="executor://gdunit4.testadapter/" className="OmegaSpiral.Tests.Integration.Ui.TerminalUITests" name="DisabledMode_CanBeSet" />
    </UnitTest>
    <UnitTest name="DefaultMode_IsFull" storage="/home/adam/dev/omega-spiral/chapter-zero/.godot/mono/temp/bin/debug/chapter-zero.dll" id="c6423735-bc1e-44e9-b083-716e605bba7d">
      <Execution id="9c688412-b277-4376-ab1a-a453ef6bc392" />
      <TestMethod codeBase="/home/adam/Dev/omega-spiral/chapter-zero/.godot/mono/temp/bin/Debug/chapter-zero.dll" adapterTypeName="executor://gdunit4.testadapter/" className="OmegaSpiral.Tests.Integration.Ui.TerminalUITests" name="DefaultMode_IsFull" />
    </UnitTest>
    <UnitTest name="AppendTextAsync__EmptyText_DoesNothing" storage="/home/adam/dev/omega-spiral/chapter-zero/.godot/mono/temp/bin/debug/chapter-zero.dll" id="8a4cd7fa-f3c7-42e4-9974-82a23d15507e">
      <Execution id="68980914-e3ea-476d-b819-cc3a21a8025f" />
      <TestMethod codeBase="/home/adam/Dev/omega-spiral/chapter-zero/.godot/mono/temp/bin/Debug/chapter-zero.dll" adapterTypeName="executor://gdunit4.testadapter/" className="OmegaSpiral.Tests.Unit.Common.Terminal.TerminalTextRendererTests" name="AppendTextAsync__EmptyText_DoesNothing" />
    </UnitTest>
    <UnitTest name="MainLayout_FillsBezelContainer" storage="/home/adam/dev/omega-spiral/chapter-zero/.godot/mono/temp/bin/debug/chapter-zero.dll" id="e389a7d4-be1f-4a52-818f-3193af2254d2">
      <Execution id="30670d25-af7b-431d-8377-431bebb0504f" />
      <TestMethod codeBase="/home/adam/Dev/omega-spiral/chapter-zero/.godot/mono/temp/bin/Debug/chapter-zero.dll" adapterTypeName="executor://gdunit4.testadapter/" className="OmegaSpiral.Tests.Ui.Terminal.TerminalWindowFrameLayoutTests" name="MainLayout_FillsBezelContainer" />
    </UnitTest>
    <UnitTest name="GethighestscoringdreamweaverHandlesties" storage="/home/adam/dev/omega-spiral/chapter-zero/.godot/mono/temp/bin/debug/chapter-zero.dll" id="0640661d-fd00-4384-a705-a6e6cddc5865">
      <Execution id="ef1f6613-e154-4153-a0c3-eff7bfc3c3a2" />
      <TestMethod codeBase="/home/adam/Dev/omega-spiral/chapter-zero/.godot/mono/temp/bin/Debug/chapter-zero.dll" adapterTypeName="executor://gdunit4.testadapter/" className="OmegaSpiral.Tests.Unit.Common.GameStateTests" name="GethighestscoringdreamweaverHandlesties" />
    </UnitTest>
    <UnitTest name="PauseMenu_FocusesFirstButton" storage="/home/adam/dev/omega-spiral/chapter-zero/.godot/mono/temp/bin/debug/chapter-zero.dll" id="6fb8ad44-a204-4a8b-b8b2-ef634b23aca8">
      <Execution id="b6fa502f-d446-4854-84a2-356922f2a3c0" />
      <TestMethod codeBase="/home/adam/Dev/omega-spiral/chapter-zero/.godot/mono/temp/bin/Debug/chapter-zero.dll" adapterTypeName="executor://gdunit4.testadapter/" className="OmegaSpiral.Tests.Integration.Ui.PauseMenuTests" name="PauseMenu_FocusesFirstButton" />
    </UnitTest>
    <UnitTest name="ShaderController_IsCreated" storage="/home/adam/dev/omega-spiral/chapter-zero/.godot/mono/temp/bin/debug/chapter-zero.dll" id="6c55503a-9246-4762-bb1a-5ee9ba55f49a">
      <Execution id="11466ac5-6773-41ff-aa64-1f67653d7bc6" />
      <TestMethod codeBase="/home/adam/Dev/omega-spiral/chapter-zero/.godot/mono/temp/bin/Debug/chapter-zero.dll" adapterTypeName="executor://gdunit4.testadapter/" className="OmegaSpiral.Tests.Integration.Ui.OmegaUiTests" name="ShaderController_IsCreated" />
    </UnitTest>
    <UnitTest name="PauseMenu_CanShowAndHide" storage="/home/adam/dev/omega-spiral/chapter-zero/.godot/mono/temp/bin/debug/chapter-zero.dll" id="145d0143-e80c-4335-a82e-da0dbbd5f73a">
      <Execution id="8fe6d5b7-c85b-4eb9-95d4-062090bb2e39" />
      <TestMethod codeBase="/home/adam/Dev/omega-spiral/chapter-zero/.godot/mono/temp/bin/Debug/chapter-zero.dll" adapterTypeName="executor://gdunit4.testadapter/" className="OmegaSpiral.Tests.Integration.Ui.PauseMenuTests" name="PauseMenu_CanShowAndHide" />
    </UnitTest>
    <UnitTest name="TerminalWindow_CanSetSize" storage="/home/adam/dev/omega-spiral/chapter-zero/.godot/mono/temp/bin/debug/chapter-zero.dll" id="4d254a39-1dfb-4cca-9194-18de2285443a">
      <Execution id="f5382435-85c6-42c0-9e46-67b17fdaa720" />
      <TestMethod codeBase="/home/adam/Dev/omega-spiral/chapter-zero/.godot/mono/temp/bin/Debug/chapter-zero.dll" adapterTypeName="executor://gdunit4.testadapter/" className="TerminalWindowTestsNew" name="TerminalWindow_CanSetSize" />
    </UnitTest>
    <UnitTest name="PlayerProgressionChangedSignal_EmittedWhenMilestoneReached_SignalReceived" storage="/home/adam/dev/omega-spiral/chapter-zero/.godot/mono/temp/bin/debug/chapter-zero.dll" id="fdc56db0-4f9f-4130-bde1-cc3700fc053a">
      <Execution id="81f0e789-2dfa-40e1-b9ea-83a8420a9fa8" />
      <TestMethod codeBase="/home/adam/Dev/omega-spiral/chapter-zero/.godot/mono/temp/bin/Debug/chapter-zero.dll" adapterTypeName="executor://gdunit4.testadapter/" className="OmegaSpiral.Tests.Common.GameStateSignalTests" name="PlayerProgressionChangedSignal_EmittedWhenMilestoneReached_SignalReceived" />
    </UnitTest>
    <UnitTest name="TransitionToScenePreservesGameState" storage="/home/adam/dev/omega-spiral/chapter-zero/.godot/mono/temp/bin/debug/chapter-zero.dll" id="7948d739-353d-4e02-95c6-00f85f3a17f1">
      <Execution id="1d453279-22ea-43a6-921d-48a3a3038253" />
      <TestMethod codeBase="/home/adam/Dev/omega-spiral/chapter-zero/.godot/mono/temp/bin/Debug/chapter-zero.dll" adapterTypeName="executor://gdunit4.testadapter/" className="OmegaSpiral.Tests.Unit.Common.SceneManagerTests" name="TransitionToScenePreservesGameState" />
    </UnitTest>
    <UnitTest name="UpdatedreamweaverscoreHandlesnegativechanges" storage="/home/adam/dev/omega-spiral/chapter-zero/.godot/mono/temp/bin/debug/chapter-zero.dll" id="12924ea1-502f-40b3-a346-56a17a443b4e">
      <Execution id="719f827a-64a6-4ab3-86ac-f626dad65d17" />
      <TestMethod codeBase="/home/adam/Dev/omega-spiral/chapter-zero/.godot/mono/temp/bin/Debug/chapter-zero.dll" adapterTypeName="executor://gdunit4.testadapter/" className="OmegaSpiral.Tests.Unit.Common.GameStateTests" name="UpdatedreamweaverscoreHandlesnegativechanges" />
    </UnitTest>
    <UnitTest name="Background_IsVisibleAndBehind" storage="/home/adam/dev/omega-spiral/chapter-zero/.godot/mono/temp/bin/debug/chapter-zero.dll" id="59b19259-b9bb-49e4-8b0c-c350fa5492c3">
      <Execution id="50483910-0f37-4534-8215-a3258b86f228" />
      <TestMethod codeBase="/home/adam/Dev/omega-spiral/chapter-zero/.godot/mono/temp/bin/Debug/chapter-zero.dll" adapterTypeName="executor://gdunit4.testadapter/" className="OmegaSpiral.Tests.Integration.Ui.OmegaUiTests" name="Background_IsVisibleAndBehind" />
    </UnitTest>
    <UnitTest name="PresentChoicesAsync_WithChoiceOptions_ReturnsSelectedIndex" storage="/home/adam/dev/omega-spiral/chapter-zero/.godot/mono/temp/bin/debug/chapter-zero.dll" id="a781ce15-a5b1-4280-9e7d-a474a43893d4">
      <Execution id="2c5d6345-3352-4d3b-a86f-7da31f8074af" />
      <TestMethod codeBase="/home/adam/Dev/omega-spiral/chapter-zero/.godot/mono/temp/bin/Debug/chapter-zero.dll" adapterTypeName="executor://gdunit4.testadapter/" className="OmegaSpiral.Tests.Unit.Common.Terminal.TerminalChoicePresenterTests" name="PresentChoicesAsync_WithChoiceOptions_ReturnsSelectedIndex" />
    </UnitTest>
    <UnitTest name="ClearText_AfterAppendingText_RemovesAllContent" storage="/home/adam/dev/omega-spiral/chapter-zero/.godot/mono/temp/bin/debug/chapter-zero.dll" id="f44efdce-3b40-49ca-abb5-753a1aa108ba">
      <Execution id="d46f284e-b0ea-4473-be85-ef4cde02795a" />
      <TestMethod codeBase="/home/adam/Dev/omega-spiral/chapter-zero/.godot/mono/temp/bin/Debug/chapter-zero.dll" adapterTypeName="executor://gdunit4.testadapter/" className="OmegaSpiral.Tests.Unit.Common.Terminal.TerminalTextRendererTests" name="ClearText_AfterAppendingText_RemovesAllContent" />
    </UnitTest>
    <UnitTest name="AppendTextAsync_DelegatesToTextRenderer" storage="/home/adam/dev/omega-spiral/chapter-zero/.godot/mono/temp/bin/debug/chapter-zero.dll" id="a87c5635-73ee-4812-bbc6-c237660dfc3a">
      <Execution id="0d0d3bc9-b0f4-4f2b-9412-01fc6638337a" />
      <TestMethod codeBase="/home/adam/Dev/omega-spiral/chapter-zero/.godot/mono/temp/bin/Debug/chapter-zero.dll" adapterTypeName="executor://gdunit4.testadapter/" className="OmegaSpiral.Tests.Unit.Ui.OmegaUi_UnitTests" name="AppendTextAsync_DelegatesToTextRenderer" />
    </UnitTest>
    <UnitTest name="MenuUi_ExposesProtectedHelpers" storage="/home/adam/dev/omega-spiral/chapter-zero/.godot/mono/temp/bin/debug/chapter-zero.dll" id="2209b459-456f-4da6-8f88-4cda0dfeb29d">
      <Execution id="4e766d90-3bd0-40ac-9871-ba5525d920f2" />
      <TestMethod codeBase="/home/adam/Dev/omega-spiral/chapter-zero/.godot/mono/temp/bin/Debug/chapter-zero.dll" adapterTypeName="executor://gdunit4.testadapter/" className="OmegaSpiral.Tests.Integration.Ui.MenuUiTests" name="MenuUi_ExposesProtectedHelpers" />
    </UnitTest>
    <UnitTest name="OmegaUi_IsVisibleByDefault" storage="/home/adam/dev/omega-spiral/chapter-zero/.godot/mono/temp/bin/debug/chapter-zero.dll" id="9e0fbceb-1b18-482e-bcd7-5d66b6bab685">
      <Execution id="aabeb72e-59eb-4096-9845-daaa468c8f3a" />
      <TestMethod codeBase="/home/adam/Dev/omega-spiral/chapter-zero/.godot/mono/temp/bin/Debug/chapter-zero.dll" adapterTypeName="executor://gdunit4.testadapter/" className="OmegaSpiral.Tests.Integration.Ui.OmegaUiTests" name="OmegaUi_IsVisibleByDefault" />
    </UnitTest>
    <UnitTest name="PauseMenu_HasAllButtons" storage="/home/adam/dev/omega-spiral/chapter-zero/.godot/mono/temp/bin/debug/chapter-zero.dll" id="03726878-0868-47f6-8f4f-2f4562754cb3">
      <Execution id="e36f054a-1f21-43a7-a04d-155d4e265834" />
      <TestMethod codeBase="/home/adam/Dev/omega-spiral/chapter-zero/.godot/mono/temp/bin/Debug/chapter-zero.dll" adapterTypeName="executor://gdunit4.testadapter/" className="OmegaSpiral.Tests.Integration.Ui.PauseMenuTests" name="PauseMenu_HasAllButtons" />
    </UnitTest>
    <UnitTest name="ContentContainer_HasCorrectSectionSpacing" storage="/home/adam/dev/omega-spiral/chapter-zero/.godot/mono/temp/bin/debug/chapter-zero.dll" id="880d7f29-be47-4d61-a127-aed72dd3c4fd">
      <Execution id="ccab6205-87e3-4ff1-9bca-4e67ed9013c0" />
      <TestMethod codeBase="/home/adam/Dev/omega-spiral/chapter-zero/.godot/mono/temp/bin/Debug/chapter-zero.dll" adapterTypeName="executor://gdunit4.testadapter/" className="OmegaSpiral.Tests.Integration.Ui.Menus.MainMenuTests" name="ContentContainer_HasCorrectSectionSpacing" />
    </UnitTest>
    <UnitTest name="LaunchButton_ExistsWithCorrectText" storage="/home/adam/dev/omega-spiral/chapter-zero/.godot/mono/temp/bin/debug/chapter-zero.dll" id="b8e8c198-0232-4c06-8beb-99311ebbd644">
      <Execution id="3e62eb0a-6a0d-443b-b206-ea917f3f715c" />
      <TestMethod codeBase="/home/adam/Dev/omega-spiral/chapter-zero/.godot/mono/temp/bin/Debug/chapter-zero.dll" adapterTypeName="executor://gdunit4.testadapter/" className="OmegaSpiral.Tests.Integration.Ui.Menus.MainMenuTests" name="LaunchButton_ExistsWithCorrectText" />
    </UnitTest>
    <UnitTest name="Dispose_CalledTwice_OnlyExecutesOnce" storage="/home/adam/dev/omega-spiral/chapter-zero/.godot/mono/temp/bin/debug/chapter-zero.dll" id="fb416fdb-95f9-4308-ba45-edbb5db6539b">
      <Execution id="0fd90c8e-19ee-4c9a-b545-da5a9f6df5cf" />
      <TestMethod codeBase="/home/adam/Dev/omega-spiral/chapter-zero/.godot/mono/temp/bin/Debug/chapter-zero.dll" adapterTypeName="executor://gdunit4.testadapter/" className="OmegaSpiral.Tests.Unit.Ui.OmegaUi_UnitTests" name="Dispose_CalledTwice_OnlyExecutesOnce" />
    </UnitTest>
    <UnitTest name="Constructor_WithValidDisplay_InitializesCorrectly" storage="/home/adam/dev/omega-spiral/chapter-zero/.godot/mono/temp/bin/debug/chapter-zero.dll" id="b8cebcda-0f2d-4640-9abc-d12f710a6f9c">
      <Execution id="4190b5dc-1619-4fae-ac22-49db3b3601a5" />
      <TestMethod codeBase="/home/adam/Dev/omega-spiral/chapter-zero/.godot/mono/temp/bin/Debug/chapter-zero.dll" adapterTypeName="executor://gdunit4.testadapter/" className="OmegaSpiral.Tests.Unit.Common.Terminal.TerminalShaderControllerTests" name="Constructor_WithValidDisplay_InitializesCorrectly" />
    </UnitTest>
    <UnitTest name="CreditsMenu_FocusesBackButton" storage="/home/adam/dev/omega-spiral/chapter-zero/.godot/mono/temp/bin/debug/chapter-zero.dll" id="360bdb93-599f-4d24-8062-03ab3d52ba07">
      <Execution id="93bd9d5f-7c5c-4885-bee5-86a255747955" />
      <TestMethod codeBase="/home/adam/Dev/omega-spiral/chapter-zero/.godot/mono/temp/bin/Debug/chapter-zero.dll" adapterTypeName="executor://gdunit4.testadapter/" className="OmegaSpiral.Tests.Integration.Ui.CreditsMenuTests" name="CreditsMenu_FocusesBackButton" />
    </UnitTest>
    <UnitTest name="ComponentLifecycle_ManagedProperly" storage="/home/adam/dev/omega-spiral/chapter-zero/.godot/mono/temp/bin/debug/chapter-zero.dll" id="bf045db8-9031-4d0e-850b-1fcd1ef99fb5">
      <Execution id="94a39fdf-62e7-420e-8771-d265dc2935b5" />
      <TestMethod codeBase="/home/adam/Dev/omega-spiral/chapter-zero/.godot/mono/temp/bin/Debug/chapter-zero.dll" adapterTypeName="executor://gdunit4.testadapter/" className="OmegaSpiral.Tests.Integration.Common.TerminalIntegrationTests" name="ComponentLifecycle_ManagedProperly" />
    </UnitTest>
    <UnitTest name="SetTextColor_ChangesColorOfSubsequentText" storage="/home/adam/dev/omega-spiral/chapter-zero/.godot/mono/temp/bin/debug/chapter-zero.dll" id="65aac6e8-5176-49f8-ac06-0863c3c8b924">
      <Execution id="9c5a731a-c257-4c06-8968-002d8ef1974e" />
      <TestMethod codeBase="/home/adam/Dev/omega-spiral/chapter-zero/.godot/mono/temp/bin/Debug/chapter-zero.dll" adapterTypeName="executor://gdunit4.testadapter/" className="OmegaSpiral.Tests.Unit.Common.Terminal.TerminalTextRendererTests" name="SetTextColor_ChangesColorOfSubsequentText" />
    </UnitTest>
    <UnitTest name="ScanlineLayer_IsVisibleWithCorrectOpacity" storage="/home/adam/dev/omega-spiral/chapter-zero/.godot/mono/temp/bin/debug/chapter-zero.dll" id="831f7116-2496-4c28-951d-6f1390f054c8">
      <Execution id="facf01c6-0916-4ba1-b639-f38ca7e936ce" />
      <TestMethod codeBase="/home/adam/Dev/omega-spiral/chapter-zero/.godot/mono/temp/bin/Debug/chapter-zero.dll" adapterTypeName="executor://gdunit4.testadapter/" className="OmegaSpiral.Tests.Integration.Ui.Menus.MainMenuTests" name="ScanlineLayer_IsVisibleWithCorrectOpacity" />
    </UnitTest>
    <UnitTest name="IsAnimating_DuringTextAppending_ReturnsTrue" storage="/home/adam/dev/omega-spiral/chapter-zero/.godot/mono/temp/bin/debug/chapter-zero.dll" id="a146f92d-2031-483b-abf8-4a40185862de">
      <Execution id="20c191ef-86e1-442d-9cf5-59199a210aef" />
      <TestMethod codeBase="/home/adam/Dev/omega-spiral/chapter-zero/.godot/mono/temp/bin/Debug/chapter-zero.dll" adapterTypeName="executor://gdunit4.testadapter/" className="OmegaSpiral.Tests.Unit.Common.Terminal.TerminalTextRendererTests" name="IsAnimating_DuringTextAppending_ReturnsTrue" />
    </UnitTest>
    <UnitTest name="ApplyVisualPresetAsync_ScanlinesPreset_AppliesCorrectShader" storage="/home/adam/dev/omega-spiral/chapter-zero/.godot/mono/temp/bin/debug/chapter-zero.dll" id="b9941a3d-38e3-4873-a191-b471db4b0933">
      <Execution id="b0b09f3a-3e27-428d-923d-aa67a1c414f0" />
      <TestMethod codeBase="/home/adam/Dev/omega-spiral/chapter-zero/.godot/mono/temp/bin/Debug/chapter-zero.dll" adapterTypeName="executor://gdunit4.testadapter/" className="OmegaSpiral.Tests.Unit.Common.Terminal.TerminalShaderControllerTests" name="ApplyVisualPresetAsync_ScanlinesPreset_AppliesCorrectShader" />
    </UnitTest>
    <UnitTest name="Menu_IsEnabledByDefault" storage="/home/adam/dev/omega-spiral/chapter-zero/.godot/mono/temp/bin/debug/chapter-zero.dll" id="aedb6d24-0e7b-492f-9492-85e2ec5b4472">
      <Execution id="cd3fb1ff-76de-476b-b52e-0f7b8ce87ca3" />
      <TestMethod codeBase="/home/adam/Dev/omega-spiral/chapter-zero/.godot/mono/temp/bin/Debug/chapter-zero.dll" adapterTypeName="executor://gdunit4.testadapter/" className="OmegaSpiral.Tests.Integration.Ui.MenuUiTests" name="Menu_IsEnabledByDefault" />
    </UnitTest>
    <UnitTest name="LaunchButton_HasPressedSignalHandler" storage="/home/adam/dev/omega-spiral/chapter-zero/.godot/mono/temp/bin/debug/chapter-zero.dll" id="b85bb2ef-26e9-4ef9-9fce-21372450f94b">
      <Execution id="48a236f9-12f8-4c67-a252-c3f68ec9844c" />
      <TestMethod codeBase="/home/adam/Dev/omega-spiral/chapter-zero/.godot/mono/temp/bin/Debug/chapter-zero.dll" adapterTypeName="executor://gdunit4.testadapter/" className="OmegaSpiral.Tests.Integration.Ui.Menus.MainMenuTests" name="LaunchButton_HasPressedSignalHandler" />
    </UnitTest>
    <UnitTest name="MenuFixture_NeverRendersOffscreen" storage="/home/adam/dev/omega-spiral/chapter-zero/.godot/mono/temp/bin/debug/chapter-zero.dll" id="744e1eaa-4fba-4e3d-a032-72892074be81">
      <Execution id="43f60bd0-fc41-4c4c-a5ee-48f95e6e858c" />
      <TestMethod codeBase="/home/adam/Dev/omega-spiral/chapter-zero/.godot/mono/temp/bin/Debug/chapter-zero.dll" adapterTypeName="executor://gdunit4.testadapter/" className="OmegaSpiral.Tests.Integration.SceneLoadingAndViewportTests" name="MenuFixture_NeverRendersOffscreen" />
    </UnitTest>
    <UnitTest name="ApplyVisualPresetAsync_GracefulFailureWhenControllerNull" storage="/home/adam/dev/omega-spiral/chapter-zero/.godot/mono/temp/bin/debug/chapter-zero.dll" id="d2f54a70-3771-47de-b152-26a0b0d2f908">
      <Execution id="10ac1ca9-c6b3-4a3c-905c-6b3d573a6470" />
      <TestMethod codeBase="/home/adam/Dev/omega-spiral/chapter-zero/.godot/mono/temp/bin/Debug/chapter-zero.dll" adapterTypeName="executor://gdunit4.testadapter/" className="OmegaSpiral.Tests.Unit.Ui.OmegaUi_UnitTests" name="ApplyVisualPresetAsync_GracefulFailureWhenControllerNull" />
    </UnitTest>
    <UnitTest name="TerminalWindow_SupportsVariousMinimumSizes:1 (800, 600)" storage="/home/adam/dev/omega-spiral/chapter-zero/.godot/mono/temp/bin/debug/chapter-zero.dll" id="761a996c-5cfa-4a4f-ba35-895ee5ea3d62">
      <Execution id="502ff96c-824b-4a73-8a10-8d3a9325ceb4" />
      <TestMethod codeBase="/home/adam/Dev/omega-spiral/chapter-zero/.godot/mono/temp/bin/Debug/chapter-zero.dll" adapterTypeName="executor://gdunit4.testadapter/" className="TerminalWindowTestsNew.TerminalWindow_SupportsVariousMinimumSizes" name="TerminalWindow_SupportsVariousMinimumSizes:1 (800, 600)" />
    </UnitTest>
    <UnitTest name="PauseMenu_HasTitle" storage="/home/adam/dev/omega-spiral/chapter-zero/.godot/mono/temp/bin/debug/chapter-zero.dll" id="45508ae8-43c5-4c53-8dba-9b51f17426cb">
      <Execution id="7c3a6dfa-0225-4c4c-a257-a74c9ca648a1" />
      <TestMethod codeBase="/home/adam/Dev/omega-spiral/chapter-zero/.godot/mono/temp/bin/Debug/chapter-zero.dll" adapterTypeName="executor://gdunit4.testadapter/" className="OmegaSpiral.Tests.Integration.Ui.PauseMenuTests" name="PauseMenu_HasTitle" />
    </UnitTest>
    <UnitTest name="PhosphorLayer_PulsesIntensityOverTime" storage="/home/adam/dev/omega-spiral/chapter-zero/.godot/mono/temp/bin/debug/chapter-zero.dll" id="c188a106-c540-48d0-829d-53e7e7ea5bc9">
      <Execution id="bbc58bfe-1af1-4971-97b9-27691d69321e" />
      <TestMethod codeBase="/home/adam/Dev/omega-spiral/chapter-zero/.godot/mono/temp/bin/Debug/chapter-zero.dll" adapterTypeName="executor://gdunit4.testadapter/" className="OmegaSpiral.Tests.Integration.Ui.OmegaUiTests" name="PhosphorLayer_PulsesIntensityOverTime" />
    </UnitTest>
    <UnitTest name="MenuUi_HasMenuModeEnum" storage="/home/adam/dev/omega-spiral/chapter-zero/.godot/mono/temp/bin/debug/chapter-zero.dll" id="2e2a8ade-17a1-4d03-bb11-1c11009d7e58">
      <Execution id="d003b680-a108-43d9-9469-5ade7a05ef6c" />
      <TestMethod codeBase="/home/adam/Dev/omega-spiral/chapter-zero/.godot/mono/temp/bin/Debug/chapter-zero.dll" adapterTypeName="executor://gdunit4.testadapter/" className="OmegaSpiral.Tests.Integration.Ui.MenuUiTests" name="MenuUi_HasMenuModeEnum" />
    </UnitTest>
    <UnitTest name="MenuButtonContainer_ExistsAndHasButtons" storage="/home/adam/dev/omega-spiral/chapter-zero/.godot/mono/temp/bin/debug/chapter-zero.dll" id="916f53a9-05bb-4b1a-a074-3621d3ed4ec2">
      <Execution id="30d1f0eb-5e68-42b1-bdcc-65a4628b5dfd" />
      <TestMethod codeBase="/home/adam/Dev/omega-spiral/chapter-zero/.godot/mono/temp/bin/Debug/chapter-zero.dll" adapterTypeName="executor://gdunit4.testadapter/" className="OmegaSpiral.Tests.Integration.Ui.Menus.MainMenuTests" name="MenuButtonContainer_ExistsAndHasButtons" />
    </UnitTest>
    <UnitTest name="MenuTitle_UsesCorrectFontSize" storage="/home/adam/dev/omega-spiral/chapter-zero/.godot/mono/temp/bin/debug/chapter-zero.dll" id="7e031a7e-bbbc-4c54-ad34-30a9e983dc45">
      <Execution id="d0526ba6-3710-4ffd-9622-5a720b7c9189" />
      <TestMethod codeBase="/home/adam/Dev/omega-spiral/chapter-zero/.godot/mono/temp/bin/Debug/chapter-zero.dll" adapterTypeName="executor://gdunit4.testadapter/" className="OmegaSpiral.Tests.Integration.Ui.Menus.MainMenuTests" name="MenuTitle_UsesCorrectFontSize" />
    </UnitTest>
    <UnitTest name="ShaderLayers_IgnoreMouseInput" storage="/home/adam/dev/omega-spiral/chapter-zero/.godot/mono/temp/bin/debug/chapter-zero.dll" id="3ba0d81f-7531-43ae-b919-aeb2e8702a57">
      <Execution id="da1e036f-dcb9-414e-a6a3-cc5c47071ce2" />
      <TestMethod codeBase="/home/adam/Dev/omega-spiral/chapter-zero/.godot/mono/temp/bin/Debug/chapter-zero.dll" adapterTypeName="executor://gdunit4.testadapter/" className="OmegaSpiral.Tests.Integration.Ui.OmegaUiTests" name="ShaderLayers_IgnoreMouseInput" />
    </UnitTest>
    <UnitTest name="PresentChoicesAsync_MultipleSelection_ReturnsSelectedIndices" storage="/home/adam/dev/omega-spiral/chapter-zero/.godot/mono/temp/bin/debug/chapter-zero.dll" id="5734d799-11dd-4f6a-983c-a6a2237cd84b">
      <Execution id="e32be074-ef48-4440-9f8e-8afe57f207e2" />
      <TestMethod codeBase="/home/adam/Dev/omega-spiral/chapter-zero/.godot/mono/temp/bin/Debug/chapter-zero.dll" adapterTypeName="executor://gdunit4.testadapter/" className="OmegaSpiral.Tests.Unit.Common.Terminal.TerminalChoicePresenterTests" name="PresentChoicesAsync_MultipleSelection_ReturnsSelectedIndices" />
    </UnitTest>
    <UnitTest name="ApplyVisualPresetAsync_InvalidPreset_ThrowsArgumentException" storage="/home/adam/dev/omega-spiral/chapter-zero/.godot/mono/temp/bin/debug/chapter-zero.dll" id="0e75552d-9087-4d9e-9055-d4e60f4ec463">
      <Execution id="32399c36-18c5-4c7b-8ecc-2e1971b4ce39" />
      <TestMethod codeBase="/home/adam/Dev/omega-spiral/chapter-zero/.godot/mono/temp/bin/Debug/chapter-zero.dll" adapterTypeName="executor://gdunit4.testadapter/" className="OmegaSpiral.Tests.Unit.Common.Terminal.TerminalShaderControllerTests" name="ApplyVisualPresetAsync_InvalidPreset_ThrowsArgumentException" />
    </UnitTest>
    <UnitTest name="ScanlineLayer_Exists" storage="/home/adam/dev/omega-spiral/chapter-zero/.godot/mono/temp/bin/debug/chapter-zero.dll" id="0c7e2b9f-8798-4f9b-814c-afbdd38be174">
      <Execution id="d6808144-6e60-49b5-a098-adafccc9774f" />
      <TestMethod codeBase="/home/adam/Dev/omega-spiral/chapter-zero/.godot/mono/temp/bin/Debug/chapter-zero.dll" adapterTypeName="executor://gdunit4.testadapter/" className="OmegaSpiral.Tests.Integration.Ui.OmegaUiTests" name="ScanlineLayer_Exists" />
    </UnitTest>
    <UnitTest name="CreditsMenu_CanShowAndHide" storage="/home/adam/dev/omega-spiral/chapter-zero/.godot/mono/temp/bin/debug/chapter-zero.dll" id="690dd642-4ef5-4b34-a08e-ddadd45edab1">
      <Execution id="9eec29a8-dab4-47c5-8c4d-c7d44f791f6c" />
      <TestMethod codeBase="/home/adam/Dev/omega-spiral/chapter-zero/.godot/mono/temp/bin/Debug/chapter-zero.dll" adapterTypeName="executor://gdunit4.testadapter/" className="OmegaSpiral.Tests.Integration.Ui.CreditsMenuTests" name="CreditsMenu_CanShowAndHide" />
    </UnitTest>
    <UnitTest name="CreateCenteredXControl" storage="/home/adam/dev/omega-spiral/chapter-zero/.godot/mono/temp/bin/debug/chapter-zero.dll" id="be5d154c-af18-4654-a291-537964292f06">
      <Execution id="b01a69f6-4a23-4607-8ad1-8383fade6875" />
      <TestMethod codeBase="/home/adam/Dev/omega-spiral/chapter-zero/.godot/mono/temp/bin/Debug/chapter-zero.dll" adapterTypeName="executor://gdunit4.testadapter/" className="OmegaSpiral.Tests.Integration.SceneLoadingAndViewportTests" name="CreateCenteredXControl" />
    </UnitTest>
    <UnitTest name="PresentChoicesAsync_NullChoices_ThrowsArgumentNullException" storage="/home/adam/dev/omega-spiral/chapter-zero/.godot/mono/temp/bin/debug/chapter-zero.dll" id="fe51f054-3359-4e95-95da-ca469cbc3ec8">
      <Execution id="81c8c73c-5a9b-44f2-8d8c-c1749c9670c0" />
      <TestMethod codeBase="/home/adam/Dev/omega-spiral/chapter-zero/.godot/mono/temp/bin/Debug/chapter-zero.dll" adapterTypeName="executor://gdunit4.testadapter/" className="OmegaSpiral.Tests.Unit.Common.Terminal.TerminalChoicePresenterTests" name="PresentChoicesAsync_NullChoices_ThrowsArgumentNullException" />
    </UnitTest>
    <UnitTest name="Dispose_CallsDisposeOnComponentsAndNullsReferences" storage="/home/adam/dev/omega-spiral/chapter-zero/.godot/mono/temp/bin/debug/chapter-zero.dll" id="a30b4d26-5757-4a1c-b301-343ffad9317b">
      <Execution id="de026d31-fa3d-4444-87f6-a76eecde46dc" />
      <TestMethod codeBase="/home/adam/Dev/omega-spiral/chapter-zero/.godot/mono/temp/bin/Debug/chapter-zero.dll" adapterTypeName="executor://gdunit4.testadapter/" className="OmegaSpiral.Tests.Unit.Ui.OmegaUi_UnitTests" name="Dispose_CallsDisposeOnComponentsAndNullsReferences" />
    </UnitTest>
    <UnitTest name="Constructor_WithNullDisplay_ThrowsArgumentNullException" storage="/home/adam/dev/omega-spiral/chapter-zero/.godot/mono/temp/bin/debug/chapter-zero.dll" id="13aae70f-0034-4e3f-b613-9be92a0ed934">
      <Execution id="51a01228-50f4-4a74-9724-c0d80afbdde2" />
      <TestMethod codeBase="/home/adam/Dev/omega-spiral/chapter-zero/.godot/mono/temp/bin/Debug/chapter-zero.dll" adapterTypeName="executor://gdunit4.testadapter/" className="OmegaSpiral.Tests.Unit.Common.Terminal.TerminalShaderControllerTests" name="Constructor_WithNullDisplay_ThrowsArgumentNullException" />
    </UnitTest>
    <UnitTest name="TerminalWindow_CanStoreCustomData" storage="/home/adam/dev/omega-spiral/chapter-zero/.godot/mono/temp/bin/debug/chapter-zero.dll" id="175df6a5-626e-4f63-bb4b-13b5c2a641b6">
      <Execution id="9f0d1e79-479d-43bc-917c-99eba02276d3" />
      <TestMethod codeBase="/home/adam/Dev/omega-spiral/chapter-zero/.godot/mono/temp/bin/Debug/chapter-zero.dll" adapterTypeName="executor://gdunit4.testadapter/" className="TerminalWindowTestsNew" name="TerminalWindow_CanStoreCustomData" />
    </UnitTest>
    <UnitTest name="Constructor_WithNullTextDisplay_ThrowsArgumentNullException" storage="/home/adam/dev/omega-spiral/chapter-zero/.godot/mono/temp/bin/debug/chapter-zero.dll" id="8dbbea64-664d-4840-b7d3-bba1047cb7c3">
      <Execution id="2c7de9da-c8e2-411d-844a-57dfd45100b0" />
      <TestMethod codeBase="/home/adam/Dev/omega-spiral/chapter-zero/.godot/mono/temp/bin/Debug/chapter-zero.dll" adapterTypeName="executor://gdunit4.testadapter/" className="OmegaSpiral.Tests.Unit.Common.Terminal.TerminalTextRendererTests" name="Constructor_WithNullTextDisplay_ThrowsArgumentNullException" />
    </UnitTest>
    <UnitTest name="MenuTitle_DisplaysOmegaSpiral" storage="/home/adam/dev/omega-spiral/chapter-zero/.godot/mono/temp/bin/debug/chapter-zero.dll" id="ba92900b-fde3-4625-ba37-0e1a3a43b749">
      <Execution id="95be30a9-97a1-4afe-a109-8b447f8006e5" />
      <TestMethod codeBase="/home/adam/Dev/omega-spiral/chapter-zero/.godot/mono/temp/bin/Debug/chapter-zero.dll" adapterTypeName="executor://gdunit4.testadapter/" className="OmegaSpiral.Tests.Integration.Ui.Menus.MainMenuTests" name="MenuTitle_DisplaysOmegaSpiral" />
    </UnitTest>
    <UnitTest name="QuitButton_Exists" storage="/home/adam/dev/omega-spiral/chapter-zero/.godot/mono/temp/bin/debug/chapter-zero.dll" id="391ca406-8861-4182-8373-2a895e05c044">
      <Execution id="0ffbdcca-db46-41a6-a187-f78b5ee754f6" />
      <TestMethod codeBase="/home/adam/Dev/omega-spiral/chapter-zero/.godot/mono/temp/bin/Debug/chapter-zero.dll" adapterTypeName="executor://gdunit4.testadapter/" className="OmegaSpiral.Tests.Integration.Ui.Menus.MainMenuTests" name="QuitButton_Exists" />
    </UnitTest>
    <UnitTest name="Components_InitializeWithoutConflicts" storage="/home/adam/dev/omega-spiral/chapter-zero/.godot/mono/temp/bin/debug/chapter-zero.dll" id="00a9bd25-2f52-496e-b7ed-c69bb34d9503">
      <Execution id="aea47f77-37a9-435d-bdc7-8550932e0f0f" />
      <TestMethod codeBase="/home/adam/Dev/omega-spiral/chapter-zero/.godot/mono/temp/bin/Debug/chapter-zero.dll" adapterTypeName="executor://gdunit4.testadapter/" className="OmegaSpiral.Tests.Integration.Common.TerminalIntegrationTests" name="Components_InitializeWithoutConflicts" />
    </UnitTest>
    <UnitTest name="TerminalWindow_CanBeAddedToGroups" storage="/home/adam/dev/omega-spiral/chapter-zero/.godot/mono/temp/bin/debug/chapter-zero.dll" id="af740a39-afd5-4db1-959b-b0604e5cddf7">
      <Execution id="efc003ae-c3d9-4a10-b4f1-7e7c38c05764" />
      <TestMethod codeBase="/home/adam/Dev/omega-spiral/chapter-zero/.godot/mono/temp/bin/Debug/chapter-zero.dll" adapterTypeName="executor://gdunit4.testadapter/" className="TerminalWindowTestsNew" name="TerminalWindow_CanBeAddedToGroups" />
    </UnitTest>
    <UnitTest name="TerminalWindow_IsControlNode" storage="/home/adam/dev/omega-spiral/chapter-zero/.godot/mono/temp/bin/debug/chapter-zero.dll" id="c66a60bd-05fc-4f91-9075-71279ba7b413">
      <Execution id="52ad83ac-1ce9-4d1b-b89e-a2adfcb3131a" />
      <TestMethod codeBase="/home/adam/Dev/omega-spiral/chapter-zero/.godot/mono/temp/bin/Debug/chapter-zero.dll" adapterTypeName="executor://gdunit4.testadapter/" className="TerminalWindowTestsNew" name="TerminalWindow_IsControlNode" />
    </UnitTest>
    <UnitTest name="AppendTextAsync_WithDelay_DelaysBeforeStarting" storage="/home/adam/dev/omega-spiral/chapter-zero/.godot/mono/temp/bin/debug/chapter-zero.dll" id="0e2cb365-5bcf-44bb-a8d6-de1a94d40344">
      <Execution id="3b0e1736-6921-4877-b203-4ad29762a124" />
      <TestMethod codeBase="/home/adam/Dev/omega-spiral/chapter-zero/.godot/mono/temp/bin/Debug/chapter-zero.dll" adapterTypeName="executor://gdunit4.testadapter/" className="OmegaSpiral.Tests.Unit.Common.Terminal.TerminalTextRendererTests" name="AppendTextAsync_WithDelay_DelaysBeforeStarting" />
    </UnitTest>
    <UnitTest name="PauseMenu_ExtendsMenuUi" storage="/home/adam/dev/omega-spiral/chapter-zero/.godot/mono/temp/bin/debug/chapter-zero.dll" id="72e03210-f6e2-4c48-b3aa-72b4e173b6ad">
      <Execution id="ce05ebf8-3fc7-4552-8db5-cabc2111cb2f" />
      <TestMethod codeBase="/home/adam/Dev/omega-spiral/chapter-zero/.godot/mono/temp/bin/Debug/chapter-zero.dll" adapterTypeName="executor://gdunit4.testadapter/" className="OmegaSpiral.Tests.Integration.Ui.PauseMenuTests" name="PauseMenu_ExtendsMenuUi" />
    </UnitTest>
    <UnitTest name="TerminalFrame_ShouldBeCompletelyVisibleInViewport" storage="/home/adam/dev/omega-spiral/chapter-zero/.godot/mono/temp/bin/debug/chapter-zero.dll" id="27f65040-194c-408f-a1bc-fb78057bca21">
      <Execution id="2a6f8546-34d0-4d16-b0bb-7344a30032bd" />
      <TestMethod codeBase="/home/adam/Dev/omega-spiral/chapter-zero/.godot/mono/temp/bin/Debug/chapter-zero.dll" adapterTypeName="executor://gdunit4.testadapter/" className="OmegaSpiral.Tests.Ui.Terminal.TerminalWindowFrameLayoutTests" name="TerminalFrame_ShouldBeCompletelyVisibleInViewport" />
    </UnitTest>
    <UnitTest name="MenuButtonContainer_HasCorrectSpacing" storage="/home/adam/dev/omega-spiral/chapter-zero/.godot/mono/temp/bin/debug/chapter-zero.dll" id="9dbc14e2-c14a-4c60-9b82-8e360acc1d5b">
      <Execution id="3f1f0c50-4da4-41b2-9032-2d4396ce3ef0" />
      <TestMethod codeBase="/home/adam/Dev/omega-spiral/chapter-zero/.godot/mono/temp/bin/Debug/chapter-zero.dll" adapterTypeName="executor://gdunit4.testadapter/" className="OmegaSpiral.Tests.Integration.Ui.Menus.MainMenuTests" name="MenuButtonContainer_HasCorrectSpacing" />
    </UnitTest>
    <UnitTest name="ContentContainer_HasCorrectSectionSpacing" storage="/home/adam/dev/omega-spiral/chapter-zero/.godot/mono/temp/bin/debug/chapter-zero.dll" id="2b793de0-15d3-495a-8d28-503313d92e27">
      <Execution id="5be34a3c-287e-41c1-8b75-61ace3fa1665" />
      <TestMethod codeBase="/home/adam/Dev/omega-spiral/chapter-zero/.godot/mono/temp/bin/Debug/chapter-zero.dll" adapterTypeName="executor://gdunit4.testadapter/" className="OmegaSpiral.Tests.Integration.Ui.OmegaUiTests" name="ContentContainer_HasCorrectSectionSpacing" />
    </UnitTest>
    <UnitTest name="CreditsMenu_HasTitle" storage="/home/adam/dev/omega-spiral/chapter-zero/.godot/mono/temp/bin/debug/chapter-zero.dll" id="b682b881-14bd-4ea1-943e-6f75ca47550a">
      <Execution id="e456b9fb-ebf4-43cd-a0af-31d061d0715b" />
      <TestMethod codeBase="/home/adam/Dev/omega-spiral/chapter-zero/.godot/mono/temp/bin/Debug/chapter-zero.dll" adapterTypeName="executor://gdunit4.testadapter/" className="OmegaSpiral.Tests.Integration.Ui.CreditsMenuTests" name="CreditsMenu_HasTitle" />
    </UnitTest>
    <UnitTest name="GlitchLayer_Exists" storage="/home/adam/dev/omega-spiral/chapter-zero/.godot/mono/temp/bin/debug/chapter-zero.dll" id="ad7f1c1c-6144-4cc2-93cc-d3be7617c9cd">
      <Execution id="ce727333-e667-4e99-98ee-f4d2f2b5dbd8" />
      <TestMethod codeBase="/home/adam/Dev/omega-spiral/chapter-zero/.godot/mono/temp/bin/Debug/chapter-zero.dll" adapterTypeName="executor://gdunit4.testadapter/" className="OmegaSpiral.Tests.Integration.Ui.OmegaUiTests" name="GlitchLayer_Exists" />
    </UnitTest>
    <UnitTest name="AllStageButtons_HavePressedSignalHandlers" storage="/home/adam/dev/omega-spiral/chapter-zero/.godot/mono/temp/bin/debug/chapter-zero.dll" id="20b04d85-b157-4deb-9237-124d0d6f3b8f">
      <Execution id="927ccc84-ef32-48c1-94c0-f54281561be6" />
      <TestMethod codeBase="/home/adam/Dev/omega-spiral/chapter-zero/.godot/mono/temp/bin/Debug/chapter-zero.dll" adapterTypeName="executor://gdunit4.testadapter/" className="OmegaSpiral.Tests.Integration.Ui.Menus.MainMenuTests" name="AllStageButtons_HavePressedSignalHandlers" />
    </UnitTest>
    <UnitTest name="InheritsFromOmegaUI" storage="/home/adam/dev/omega-spiral/chapter-zero/.godot/mono/temp/bin/debug/chapter-zero.dll" id="017a631a-70a3-42e7-b16e-234068141db7">
      <Execution id="269aba9b-24ef-42f7-8d1b-14cfbac8be82" />
      <TestMethod codeBase="/home/adam/Dev/omega-spiral/chapter-zero/.godot/mono/temp/bin/Debug/chapter-zero.dll" adapterTypeName="executor://gdunit4.testadapter/" className="OmegaSpiral.Tests.Integration.Ui.TerminalUITests" name="InheritsFromOmegaUI" />
    </UnitTest>
    <UnitTest name="GetCurrentText_WhenEmpty_ReturnsEmptyString" storage="/home/adam/dev/omega-spiral/chapter-zero/.godot/mono/temp/bin/debug/chapter-zero.dll" id="ecadee38-50e1-498c-be40-633ac2654e21">
      <Execution id="1ecb9ebf-b13a-40c8-a0a4-03c4e6e47139" />
      <TestMethod codeBase="/home/adam/Dev/omega-spiral/chapter-zero/.godot/mono/temp/bin/Debug/chapter-zero.dll" adapterTypeName="executor://gdunit4.testadapter/" className="OmegaSpiral.Tests.Unit.Common.Terminal.TerminalTextRendererTests" name="GetCurrentText_WhenEmpty_ReturnsEmptyString" />
    </UnitTest>
    <UnitTest name="ColorGradient_RotatesAroundUIBorder" storage="/home/adam/dev/omega-spiral/chapter-zero/.godot/mono/temp/bin/debug/chapter-zero.dll" id="6dbb996f-8420-4515-832b-8aaf2285e8fc">
      <Execution id="43dfb45d-5116-47b2-87f5-1a7b0dc92634" />
      <TestMethod codeBase="/home/adam/Dev/omega-spiral/chapter-zero/.godot/mono/temp/bin/Debug/chapter-zero.dll" adapterTypeName="executor://gdunit4.testadapter/" className="OmegaSpiral.Tests.Integration.Ui.OmegaUiTests" name="ColorGradient_RotatesAroundUIBorder" />
    </UnitTest>
    <UnitTest name="Background_UsesCorrectDarkColor" storage="/home/adam/dev/omega-spiral/chapter-zero/.godot/mono/temp/bin/debug/chapter-zero.dll" id="2187410a-3193-44f3-b16c-8dc68026f46f">
      <Execution id="a80dd356-9533-4615-8cc7-249e0cf2ad8a" />
      <TestMethod codeBase="/home/adam/Dev/omega-spiral/chapter-zero/.godot/mono/temp/bin/Debug/chapter-zero.dll" adapterTypeName="executor://gdunit4.testadapter/" className="OmegaSpiral.Tests.Integration.Ui.Menus.MainMenuTests" name="Background_UsesCorrectDarkColor" />
    </UnitTest>
    <UnitTest name="MenuButtonContainer_IsCenterAligned" storage="/home/adam/dev/omega-spiral/chapter-zero/.godot/mono/temp/bin/debug/chapter-zero.dll" id="9c02da39-5280-436f-a0e7-9e0bb9ddbbd2">
      <Execution id="39357047-1519-4b35-9de1-d4588e195e01" />
      <TestMethod codeBase="/home/adam/Dev/omega-spiral/chapter-zero/.godot/mono/temp/bin/Debug/chapter-zero.dll" adapterTypeName="executor://gdunit4.testadapter/" className="OmegaSpiral.Tests.Integration.Ui.Menus.MainMenuTests" name="MenuButtonContainer_IsCenterAligned" />
    </UnitTest>
    <UnitTest name="Captions_DisabledByDefault" storage="/home/adam/dev/omega-spiral/chapter-zero/.godot/mono/temp/bin/debug/chapter-zero.dll" id="d5996739-a142-4a5a-b783-5d217d384250">
      <Execution id="92775fc7-7951-4c69-9825-010ba049d818" />
      <TestMethod codeBase="/home/adam/Dev/omega-spiral/chapter-zero/.godot/mono/temp/bin/Debug/chapter-zero.dll" adapterTypeName="executor://gdunit4.testadapter/" className="OmegaSpiral.Tests.Integration.Ui.TerminalUITests" name="Captions_DisabledByDefault" />
    </UnitTest>
    <UnitTest name="StageButtons_HaveCorrectTextFromManifest" storage="/home/adam/dev/omega-spiral/chapter-zero/.godot/mono/temp/bin/debug/chapter-zero.dll" id="3960e942-b587-4c35-be52-c137fa35dfef">
      <Execution id="fa843e0e-dc0a-4fc0-a540-75d847025234" />
      <TestMethod codeBase="/home/adam/Dev/omega-spiral/chapter-zero/.godot/mono/temp/bin/Debug/chapter-zero.dll" adapterTypeName="executor://gdunit4.testadapter/" className="OmegaSpiral.Tests.Integration.Ui.Menus.MainMenuTests" name="StageButtons_HaveCorrectTextFromManifest" />
    </UnitTest>
    <UnitTest name="ContentContainer_IsDirectChild" storage="/home/adam/dev/omega-spiral/chapter-zero/.godot/mono/temp/bin/debug/chapter-zero.dll" id="9bd633b7-6a2e-4dd5-858f-870728d38077">
      <Execution id="69071d06-ac94-4802-a523-096e59cac6c9" />
      <TestMethod codeBase="/home/adam/Dev/omega-spiral/chapter-zero/.godot/mono/temp/bin/Debug/chapter-zero.dll" adapterTypeName="executor://gdunit4.testadapter/" className="OmegaSpiral.Tests.Integration.Ui.OmegaUiTests" name="ContentContainer_IsDirectChild" />
    </UnitTest>
    <UnitTest name="MenuTitle_UsesAmberDesignColor" storage="/home/adam/dev/omega-spiral/chapter-zero/.godot/mono/temp/bin/debug/chapter-zero.dll" id="2f0c8589-fd8d-4fb6-ad4c-4d6e92b5ae25">
      <Execution id="2bc885c9-a779-432e-b833-8308482c4c95" />
      <TestMethod codeBase="/home/adam/Dev/omega-spiral/chapter-zero/.godot/mono/temp/bin/Debug/chapter-zero.dll" adapterTypeName="executor://gdunit4.testadapter/" className="OmegaSpiral.Tests.Integration.Ui.Menus.MainMenuTests" name="MenuTitle_UsesAmberDesignColor" />
    </UnitTest>
    <UnitTest name="TextDisplayPath_HasDefault" storage="/home/adam/dev/omega-spiral/chapter-zero/.godot/mono/temp/bin/debug/chapter-zero.dll" id="49b34865-aa33-4681-a09e-04921bbd9c95">
      <Execution id="53b79f66-b118-4950-9c8e-963c1555f532" />
      <TestMethod codeBase="/home/adam/Dev/omega-spiral/chapter-zero/.godot/mono/temp/bin/Debug/chapter-zero.dll" adapterTypeName="executor://gdunit4.testadapter/" className="OmegaSpiral.Tests.Integration.Ui.OmegaUiTests" name="TextDisplayPath_HasDefault" />
    </UnitTest>
    <UnitTest name="CharacterPartyChangedSignal_EmittedWhenPartyChanges_SignalReceived" storage="/home/adam/dev/omega-spiral/chapter-zero/.godot/mono/temp/bin/debug/chapter-zero.dll" id="8a88cad0-2f8c-4041-b3f5-9b4450906861">
      <Execution id="c8525150-fe08-43ef-a136-53f5952c74e7" />
      <TestMethod codeBase="/home/adam/Dev/omega-spiral/chapter-zero/.godot/mono/temp/bin/Debug/chapter-zero.dll" adapterTypeName="executor://gdunit4.testadapter/" className="OmegaSpiral.Tests.Common.GameStateSignalTests" name="CharacterPartyChangedSignal_EmittedWhenPartyChanges_SignalReceived" />
    </UnitTest>
    <UnitTest name="ScanlineLayerPath_HasDefault" storage="/home/adam/dev/omega-spiral/chapter-zero/.godot/mono/temp/bin/debug/chapter-zero.dll" id="46771409-806a-4134-83f6-fab38626998c">
      <Execution id="665c686f-660f-4552-9963-c4493851c693" />
      <TestMethod codeBase="/home/adam/Dev/omega-spiral/chapter-zero/.godot/mono/temp/bin/Debug/chapter-zero.dll" adapterTypeName="executor://gdunit4.testadapter/" className="OmegaSpiral.Tests.Integration.Ui.OmegaUiTests" name="ScanlineLayerPath_HasDefault" />
    </UnitTest>
    <UnitTest name="Scene_LoadsConsistentlyAcrossMultipleInstances" storage="/home/adam/dev/omega-spiral/chapter-zero/.godot/mono/temp/bin/debug/chapter-zero.dll" id="424b20c5-ed03-4918-84b6-55d46247e1c7">
      <Execution id="8ad21b92-c0e5-49e4-b897-a14d669c88ae" />
      <TestMethod codeBase="/home/adam/Dev/omega-spiral/chapter-zero/.godot/mono/temp/bin/Debug/chapter-zero.dll" adapterTypeName="executor://gdunit4.testadapter/" className="OmegaSpiral.Tests.Integration.SceneLoadingAndViewportTests" name="Scene_LoadsConsistentlyAcrossMultipleInstances" />
    </UnitTest>
    <UnitTest name="GetFocusedButton_ReturnsCorrectButton" storage="/home/adam/dev/omega-spiral/chapter-zero/.godot/mono/temp/bin/debug/chapter-zero.dll" id="a0d7b0bf-3848-42be-974c-e51323d3d5a3">
      <Execution id="c7d17e00-effc-426b-8b10-417a4372d78c" />
      <TestMethod codeBase="/home/adam/Dev/omega-spiral/chapter-zero/.godot/mono/temp/bin/Debug/chapter-zero.dll" adapterTypeName="executor://gdunit4.testadapter/" className="OmegaSpiral.Tests.Integration.Ui.MenuUiTests" name="GetFocusedButton_ReturnsCorrectButton" />
    </UnitTest>
    <UnitTest name="ManifestLoads_SixStages_NoDuplicateFirst" storage="/home/adam/dev/omega-spiral/chapter-zero/.godot/mono/temp/bin/debug/chapter-zero.dll" id="f169960a-8ee1-44a9-a47e-c7d1f1162937">
      <Execution id="5c0f7dda-7214-4c29-8d2b-09ff0f1cf3e6" />
      <TestMethod codeBase="/home/adam/Dev/omega-spiral/chapter-zero/.godot/mono/temp/bin/Debug/chapter-zero.dll" adapterTypeName="executor://gdunit4.testadapter/" className="OmegaSpiral.Tests.Integration.Ui.Menus.MainMenuTests" name="ManifestLoads_SixStages_NoDuplicateFirst" />
    </UnitTest>
    <UnitTest name="ShaderLayer_MatchesOmegaSpiralAesthetic" storage="/home/adam/dev/omega-spiral/chapter-zero/.godot/mono/temp/bin/debug/chapter-zero.dll" id="d7ed09c6-50c5-4e0f-96d5-3257367d176b">
      <Execution id="03dc368c-221d-4799-afad-e4b4117839cd" />
      <TestMethod codeBase="/home/adam/Dev/omega-spiral/chapter-zero/.godot/mono/temp/bin/Debug/chapter-zero.dll" adapterTypeName="executor://gdunit4.testadapter/" className="OmegaSpiral.Tests.Integration.Ui.OmegaUiTests" name="ShaderLayer_MatchesOmegaSpiralAesthetic" />
    </UnitTest>
    <UnitTest name="ContentContainer_Exists" storage="/home/adam/dev/omega-spiral/chapter-zero/.godot/mono/temp/bin/debug/chapter-zero.dll" id="8e6a70c8-322e-45ff-a59b-8dd82433560f">
      <Execution id="a7c8e6d2-7609-4b43-b8f5-d8228fb683fe" />
      <TestMethod codeBase="/home/adam/Dev/omega-spiral/chapter-zero/.godot/mono/temp/bin/Debug/chapter-zero.dll" adapterTypeName="executor://gdunit4.testadapter/" className="OmegaSpiral.Tests.Integration.Ui.MenuUiTests" name="ContentContainer_Exists" />
    </UnitTest>
    <UnitTest name="ContentContainer_WithinBounds" storage="/home/adam/dev/omega-spiral/chapter-zero/.godot/mono/temp/bin/debug/chapter-zero.dll" id="1abaec67-ffe4-4a50-83aa-15d7e5937e7c">
      <Execution id="c53f1bcc-4dd0-4d54-b525-3872d056cc87" />
      <TestMethod codeBase="/home/adam/Dev/omega-spiral/chapter-zero/.godot/mono/temp/bin/Debug/chapter-zero.dll" adapterTypeName="executor://gdunit4.testadapter/" className="OmegaSpiral.Tests.Integration.Ui.TerminalUITests" name="ContentContainer_WithinBounds" />
    </UnitTest>
    <UnitTest name="PixelDissolveAsync_DefaultDuration_CompletesSuccessfully" storage="/home/adam/dev/omega-spiral/chapter-zero/.godot/mono/temp/bin/debug/chapter-zero.dll" id="1c83d994-4e30-4508-a10a-0f4bcb830808">
      <Execution id="908c122f-fdb1-4204-8ae2-f09da5011c10" />
      <TestMethod codeBase="/home/adam/Dev/omega-spiral/chapter-zero/.godot/mono/temp/bin/Debug/chapter-zero.dll" adapterTypeName="executor://gdunit4.testadapter/" className="OmegaSpiral.Tests.Unit.Common.Terminal.TerminalShaderControllerTests" name="PixelDissolveAsync_DefaultDuration_CompletesSuccessfully" />
    </UnitTest>
    <UnitTest name="TextRenderer_IsCreated" storage="/home/adam/dev/omega-spiral/chapter-zero/.godot/mono/temp/bin/debug/chapter-zero.dll" id="963f99ed-ae88-4f51-942d-dffc1c4cb04f">
      <Execution id="1ee1d8a7-1752-4763-9d90-f255800e2c58" />
      <TestMethod codeBase="/home/adam/Dev/omega-spiral/chapter-zero/.godot/mono/temp/bin/Debug/chapter-zero.dll" adapterTypeName="executor://gdunit4.testadapter/" className="OmegaSpiral.Tests.Integration.Ui.OmegaUiTests" name="TextRenderer_IsCreated" />
    </UnitTest>
    <UnitTest name="ScreenLayout_IsEmptyContentInsertionPoint" storage="/home/adam/dev/omega-spiral/chapter-zero/.godot/mono/temp/bin/debug/chapter-zero.dll" id="e3bff8d2-4e3e-4fef-9c0b-a2ffbb479447">
      <Execution id="97ba2cc2-4dd4-434e-83d8-1b9d003c127e" />
      <TestMethod codeBase="/home/adam/Dev/omega-spiral/chapter-zero/.godot/mono/temp/bin/Debug/chapter-zero.dll" adapterTypeName="executor://gdunit4.testadapter/" className="OmegaSpiral.Tests.Ui.Terminal.TerminalWindowFrameLayoutTests" name="ScreenLayout_IsEmptyContentInsertionPoint" />
    </UnitTest>
    <UnitTest name="ActionBar_Exists" storage="/home/adam/dev/omega-spiral/chapter-zero/.godot/mono/temp/bin/debug/chapter-zero.dll" id="72d995af-05f4-4483-91f4-1b8f43b258eb">
      <Execution id="21149cd5-b073-4743-97c8-754825a1be06" />
      <TestMethod codeBase="/home/adam/Dev/omega-spiral/chapter-zero/.godot/mono/temp/bin/Debug/chapter-zero.dll" adapterTypeName="executor://gdunit4.testadapter/" className="OmegaSpiral.Tests.Integration.Ui.MenuUiTests" name="ActionBar_Exists" />
    </UnitTest>
    <UnitTest name="ConstructorInitializeswithzeroscores" storage="/home/adam/dev/omega-spiral/chapter-zero/.godot/mono/temp/bin/debug/chapter-zero.dll" id="a1aeab77-ec26-453c-a164-7d142e3d36e1">
      <Execution id="c2b56214-eb4e-4069-90ec-380eeeed1e9a" />
      <TestMethod codeBase="/home/adam/Dev/omega-spiral/chapter-zero/.godot/mono/temp/bin/Debug/chapter-zero.dll" adapterTypeName="executor://gdunit4.testadapter/" className="OmegaSpiral.Tests.Unit.Common.GameStateTests" name="ConstructorInitializeswithzeroscores" />
    </UnitTest>
    <UnitTest name="AppendTextAsync_CustomTypingSpeed_AppendsTextCorrectly" storage="/home/adam/dev/omega-spiral/chapter-zero/.godot/mono/temp/bin/debug/chapter-zero.dll" id="407938e4-c268-4f0e-aa4b-1f157ec141a5">
      <Execution id="23deb42c-bc28-4317-9160-0b1c39309594" />
      <TestMethod codeBase="/home/adam/Dev/omega-spiral/chapter-zero/.godot/mono/temp/bin/Debug/chapter-zero.dll" adapterTypeName="executor://gdunit4.testadapter/" className="OmegaSpiral.Tests.Unit.Common.Terminal.TerminalTextRendererTests" name="AppendTextAsync_CustomTypingSpeed_AppendsTextCorrectly" />
    </UnitTest>
    <UnitTest name="CreditsMenu_StartsScrollingWhenShown" storage="/home/adam/dev/omega-spiral/chapter-zero/.godot/mono/temp/bin/debug/chapter-zero.dll" id="653557f1-4b3e-44a6-9227-d3e10b584177">
      <Execution id="282c9ff5-36cc-412c-88b4-bc40f10bf057" />
      <TestMethod codeBase="/home/adam/Dev/omega-spiral/chapter-zero/.godot/mono/temp/bin/Debug/chapter-zero.dll" adapterTypeName="executor://gdunit4.testadapter/" className="OmegaSpiral.Tests.Integration.Ui.CreditsMenuTests" name="CreditsMenu_StartsScrollingWhenShown" />
    </UnitTest>
    <UnitTest name="GethighestscoringdreamweaverReturnscorrectdreamweaver" storage="/home/adam/dev/omega-spiral/chapter-zero/.godot/mono/temp/bin/debug/chapter-zero.dll" id="2b540726-85de-4641-9236-27448a1baa58">
      <Execution id="067bc696-4f63-49b7-b121-b9eda4843867" />
      <TestMethod codeBase="/home/adam/Dev/omega-spiral/chapter-zero/.godot/mono/temp/bin/Debug/chapter-zero.dll" adapterTypeName="executor://gdunit4.testadapter/" className="OmegaSpiral.Tests.Unit.Common.GameStateTests" name="GethighestscoringdreamweaverReturnscorrectdreamweaver" />
    </UnitTest>
    <UnitTest name="TerminalWindow_InitializesSuccessfully" storage="/home/adam/dev/omega-spiral/chapter-zero/.godot/mono/temp/bin/debug/chapter-zero.dll" id="967db1ee-f139-43f0-8d9f-9f6daec11a0c">
      <Execution id="07335405-d6c3-4d90-8db9-68f201732f00" />
      <TestMethod codeBase="/home/adam/Dev/omega-spiral/chapter-zero/.godot/mono/temp/bin/Debug/chapter-zero.dll" adapterTypeName="executor://gdunit4.testadapter/" className="TerminalWindowTestsNew" name="TerminalWindow_InitializesSuccessfully" />
    </UnitTest>
    <UnitTest name="SetDreamweaverThreadStoresValueCorrectly" storage="/home/adam/dev/omega-spiral/chapter-zero/.godot/mono/temp/bin/debug/chapter-zero.dll" id="dd8119cd-46f9-47ef-bfbd-d813106a8a71">
      <Execution id="7f7d0f26-f2b7-4471-8324-17f1d673ab59" />
      <TestMethod codeBase="/home/adam/Dev/omega-spiral/chapter-zero/.godot/mono/temp/bin/Debug/chapter-zero.dll" adapterTypeName="executor://gdunit4.testadapter/" className="OmegaSpiral.Tests.Unit.Common.SceneManagerTests" name="SetDreamweaverThreadStoresValueCorrectly" />
    </UnitTest>
    <UnitTest name="MenuMode_DefaultsToStandard" storage="/home/adam/dev/omega-spiral/chapter-zero/.godot/mono/temp/bin/debug/chapter-zero.dll" id="d7ce4a6e-7a01-41c8-8efe-d34cac9d4d98">
      <Execution id="d6cdc931-5cbe-4254-a4ce-1fc1b3cfd033" />
      <TestMethod codeBase="/home/adam/Dev/omega-spiral/chapter-zero/.godot/mono/temp/bin/Debug/chapter-zero.dll" adapterTypeName="executor://gdunit4.testadapter/" className="OmegaSpiral.Tests.Integration.Ui.MenuUiTests" name="MenuMode_DefaultsToStandard" />
    </UnitTest>
    <UnitTest name="ApplyVisualPresetAsync_TerminalPreset_RemovesShader" storage="/home/adam/dev/omega-spiral/chapter-zero/.godot/mono/temp/bin/debug/chapter-zero.dll" id="e9c2d50f-b5fa-451e-a978-0d06023e61fd">
      <Execution id="c9f2dd6d-b3b9-4a7c-a5ef-083e9c1ff8a0" />
      <TestMethod codeBase="/home/adam/Dev/omega-spiral/chapter-zero/.godot/mono/temp/bin/Debug/chapter-zero.dll" adapterTypeName="executor://gdunit4.testadapter/" className="OmegaSpiral.Tests.Unit.Common.Terminal.TerminalShaderControllerTests" name="ApplyVisualPresetAsync_TerminalPreset_RemovesShader" />
    </UnitTest>
    <UnitTest name="TerminalWindow_SupportsVariousMinimumSizes:0 (400, 300)" storage="/home/adam/dev/omega-spiral/chapter-zero/.godot/mono/temp/bin/debug/chapter-zero.dll" id="304af379-1908-421b-bfd0-0806c6c2ca7d">
      <Execution id="07976a86-bdfe-46a7-8841-6ff14d74c7bf" />
      <TestMethod codeBase="/home/adam/Dev/omega-spiral/chapter-zero/.godot/mono/temp/bin/Debug/chapter-zero.dll" adapterTypeName="executor://gdunit4.testadapter/" className="TerminalWindowTestsNew.TerminalWindow_SupportsVariousMinimumSizes" name="TerminalWindow_SupportsVariousMinimumSizes:0 (400, 300)" />
    </UnitTest>
    <UnitTest name="ValidateStateForTransitionReturnsTrueForValidTransitions" storage="/home/adam/dev/omega-spiral/chapter-zero/.godot/mono/temp/bin/debug/chapter-zero.dll" id="e76071df-33c3-4b00-8242-bf14dd7cadf5">
      <Execution id="251bd9e3-cf33-4b10-bd5d-38b293a8736c" />
      <TestMethod codeBase="/home/adam/Dev/omega-spiral/chapter-zero/.godot/mono/temp/bin/Debug/chapter-zero.dll" adapterTypeName="executor://gdunit4.testadapter/" className="OmegaSpiral.Tests.Unit.Common.SceneManagerTests" name="ValidateStateForTransitionReturnsTrueForValidTransitions" />
    </UnitTest>
    <UnitTest name="FocusFirstButton_WorksCorrectly" storage="/home/adam/dev/omega-spiral/chapter-zero/.godot/mono/temp/bin/debug/chapter-zero.dll" id="e153d74c-5cd1-4cad-bb82-527f4537f66d">
      <Execution id="3fc7b3e1-ac45-4d31-bf75-d84126433ac4" />
      <TestMethod codeBase="/home/adam/Dev/omega-spiral/chapter-zero/.godot/mono/temp/bin/Debug/chapter-zero.dll" adapterTypeName="executor://gdunit4.testadapter/" className="OmegaSpiral.Tests.Integration.Ui.MenuUiTests" name="FocusFirstButton_WorksCorrectly" />
    </UnitTest>
    <UnitTest name="TransitionToScenePerformsSceneTransition" storage="/home/adam/dev/omega-spiral/chapter-zero/.godot/mono/temp/bin/debug/chapter-zero.dll" id="d33c8780-27c8-4c9d-b861-ab915054b2e8">
      <Execution id="33556889-5fc9-4bef-8e71-7b2422561539" />
      <TestMethod codeBase="/home/adam/Dev/omega-spiral/chapter-zero/.godot/mono/temp/bin/Debug/chapter-zero.dll" adapterTypeName="executor://gdunit4.testadapter/" className="OmegaSpiral.Tests.Unit.Common.SceneManagerTests" name="TransitionToScenePerformsSceneTransition" />
    </UnitTest>
    <UnitTest name="MenuTitle_Exists" storage="/home/adam/dev/omega-spiral/chapter-zero/.godot/mono/temp/bin/debug/chapter-zero.dll" id="c48520af-099a-4c45-baf6-877d56efdd19">
      <Execution id="d6d6e10f-8799-4b75-ada7-56c09e74bdb0" />
      <TestMethod codeBase="/home/adam/Dev/omega-spiral/chapter-zero/.godot/mono/temp/bin/Debug/chapter-zero.dll" adapterTypeName="executor://gdunit4.testadapter/" className="OmegaSpiral.Tests.Integration.Ui.MenuUiTests" name="MenuTitle_Exists" />
    </UnitTest>
    <UnitTest name="AnyScene_LoadsWithinViewportBounds" storage="/home/adam/dev/omega-spiral/chapter-zero/.godot/mono/temp/bin/debug/chapter-zero.dll" id="95c78fe6-a317-4125-9e93-43f39f2528c7">
      <Execution id="17f8e0ca-526d-4586-b0f7-07fe2697c609" />
      <TestMethod codeBase="/home/adam/Dev/omega-spiral/chapter-zero/.godot/mono/temp/bin/Debug/chapter-zero.dll" adapterTypeName="executor://gdunit4.testadapter/" className="OmegaSpiral.Tests.Integration.SceneLoadingAndViewportTests" name="AnyScene_LoadsWithinViewportBounds" />
    </UnitTest>
    <UnitTest name="HideChoices_AfterPresentingChoices_RemovesFromDisplay" storage="/home/adam/dev/omega-spiral/chapter-zero/.godot/mono/temp/bin/debug/chapter-zero.dll" id="c930dea7-651a-464a-b051-507e392960f2">
      <Execution id="6d3a1d59-03ee-4842-814a-b7aea1be951d" />
      <TestMethod codeBase="/home/adam/Dev/omega-spiral/chapter-zero/.godot/mono/temp/bin/Debug/chapter-zero.dll" adapterTypeName="executor://gdunit4.testadapter/" className="OmegaSpiral.Tests.Unit.Common.Terminal.TerminalChoicePresenterTests" name="HideChoices_AfterPresentingChoices_RemovesFromDisplay" />
    </UnitTest>
    <UnitTest name="ShaderLayers_HaveFullScreenAnchors" storage="/home/adam/dev/omega-spiral/chapter-zero/.godot/mono/temp/bin/debug/chapter-zero.dll" id="cb4dc6b0-2f30-4f99-9191-270f287b618c">
      <Execution id="822991fd-3f0c-4feb-8aa1-3e3886356f31" />
      <TestMethod codeBase="/home/adam/Dev/omega-spiral/chapter-zero/.godot/mono/temp/bin/Debug/chapter-zero.dll" adapterTypeName="executor://gdunit4.testadapter/" className="OmegaSpiral.Tests.Integration.Ui.OmegaUiTests" name="ShaderLayers_HaveFullScreenAnchors" />
    </UnitTest>
    <UnitTest name="ResetShaderEffects_AfterApplyingPreset_RemovesMaterial" storage="/home/adam/dev/omega-spiral/chapter-zero/.godot/mono/temp/bin/debug/chapter-zero.dll" id="d8b2f566-600e-4798-9666-a1d29357d874">
      <Execution id="4d880480-3cb2-4ce9-8f20-56233270c0ac" />
      <TestMethod codeBase="/home/adam/Dev/omega-spiral/chapter-zero/.godot/mono/temp/bin/Debug/chapter-zero.dll" adapterTypeName="executor://gdunit4.testadapter/" className="OmegaSpiral.Tests.Unit.Common.Terminal.TerminalShaderControllerTests" name="ResetShaderEffects_AfterApplyingPreset_RemovesMaterial" />
    </UnitTest>
    <UnitTest name="InheritsFromMenuUi" storage="/home/adam/dev/omega-spiral/chapter-zero/.godot/mono/temp/bin/debug/chapter-zero.dll" id="d84aca59-9f6e-41b5-9876-7028a83748c4">
      <Execution id="7b844bb7-6752-44a5-a261-c8d77d547553" />
      <TestMethod codeBase="/home/adam/Dev/omega-spiral/chapter-zero/.godot/mono/temp/bin/Debug/chapter-zero.dll" adapterTypeName="executor://gdunit4.testadapter/" className="OmegaSpiral.Tests.Integration.Ui.Menus.MainMenuTests" name="InheritsFromMenuUi" />
    </UnitTest>
    <UnitTest name="TerminalFrame_HasVisibleBorder" storage="/home/adam/dev/omega-spiral/chapter-zero/.godot/mono/temp/bin/debug/chapter-zero.dll" id="32d04ac9-f650-43e3-b78c-e9645f6d7347">
      <Execution id="39dd7435-6148-46e0-a16d-801454167742" />
      <TestMethod codeBase="/home/adam/Dev/omega-spiral/chapter-zero/.godot/mono/temp/bin/Debug/chapter-zero.dll" adapterTypeName="executor://gdunit4.testadapter/" className="OmegaSpiral.Tests.Ui.Terminal.TerminalWindowFrameLayoutTests" name="TerminalFrame_HasVisibleBorder" />
    </UnitTest>
    <UnitTest name="TerminalInput_AcceptsSelection_ReturnsCorrectIndex" storage="/home/adam/dev/omega-spiral/chapter-zero/.godot/mono/temp/bin/debug/chapter-zero.dll" id="f16fc78b-bc6d-4691-8793-902da9733453">
      <Execution id="ed1ecd89-4473-4ce9-a5c5-b268dea707ed" />
      <TestMethod codeBase="/home/adam/Dev/omega-spiral/chapter-zero/.godot/mono/temp/bin/Debug/chapter-zero.dll" adapterTypeName="executor://gdunit4.testadapter/" className="OmegaSpiral.Tests.Integration.Common.TerminalIntegrationTests" name="TerminalInput_AcceptsSelection_ReturnsCorrectIndex" />
    </UnitTest>
    <UnitTest name="ShaderLayers_AreVisibleAndLayered" storage="/home/adam/dev/omega-spiral/chapter-zero/.godot/mono/temp/bin/debug/chapter-zero.dll" id="33f000c0-096b-40f8-a2bf-3ca4055dec6a">
      <Execution id="f7194fb5-59f7-412e-9bcc-dc34c7c635af" />
      <TestMethod codeBase="/home/adam/Dev/omega-spiral/chapter-zero/.godot/mono/temp/bin/Debug/chapter-zero.dll" adapterTypeName="executor://gdunit4.testadapter/" className="OmegaSpiral.Tests.Integration.Ui.OmegaUiTests" name="ShaderLayers_AreVisibleAndLayered" />
    </UnitTest>
    <UnitTest name="GlitchLayer_IsVisibleWithCorrectOpacity" storage="/home/adam/dev/omega-spiral/chapter-zero/.godot/mono/temp/bin/debug/chapter-zero.dll" id="9980f25a-6b20-488f-a976-ac7e93c9076b">
      <Execution id="fd5181e3-6e01-4790-a014-26ddd440738b" />
      <TestMethod codeBase="/home/adam/Dev/omega-spiral/chapter-zero/.godot/mono/temp/bin/Debug/chapter-zero.dll" adapterTypeName="executor://gdunit4.testadapter/" className="OmegaSpiral.Tests.Integration.Ui.Menus.MainMenuTests" name="GlitchLayer_IsVisibleWithCorrectOpacity" />
    </UnitTest>
    <UnitTest name="Header_ExistsWithTitleAndIndicators" storage="/home/adam/dev/omega-spiral/chapter-zero/.godot/mono/temp/bin/debug/chapter-zero.dll" id="174535d0-921c-45c9-b356-22348526f633">
      <Execution id="47ea574e-8bf8-443d-aa7e-cc1197012460" />
      <TestMethod codeBase="/home/adam/Dev/omega-spiral/chapter-zero/.godot/mono/temp/bin/Debug/chapter-zero.dll" adapterTypeName="executor://gdunit4.testadapter/" className="OmegaSpiral.Tests.Ui.Terminal.TerminalWindowFrameLayoutTests" name="Header_ExistsWithTitleAndIndicators" />
    </UnitTest>
    <UnitTest name="PhosphorLayer_IsVisibleWithCorrectOpacity" storage="/home/adam/dev/omega-spiral/chapter-zero/.godot/mono/temp/bin/debug/chapter-zero.dll" id="5c4edbe5-b795-4a90-83e4-465a6fb7ab4d">
      <Execution id="1f17f03c-a698-4b22-90c4-de6a76d14850" />
      <TestMethod codeBase="/home/adam/Dev/omega-spiral/chapter-zero/.godot/mono/temp/bin/Debug/chapter-zero.dll" adapterTypeName="executor://gdunit4.testadapter/" className="OmegaSpiral.Tests.Integration.Ui.Menus.MainMenuTests" name="PhosphorLayer_IsVisibleWithCorrectOpacity" />
    </UnitTest>
    <UnitTest name="AreChoicesVisible_Initially_ReturnsFalse" storage="/home/adam/dev/omega-spiral/chapter-zero/.godot/mono/temp/bin/debug/chapter-zero.dll" id="17b11c7f-3e9a-4719-8b72-7df5eee47e79">
      <Execution id="69a05c19-69ad-4308-8636-a976ce370bbb" />
      <TestMethod codeBase="/home/adam/Dev/omega-spiral/chapter-zero/.godot/mono/temp/bin/Debug/chapter-zero.dll" adapterTypeName="executor://gdunit4.testadapter/" className="OmegaSpiral.Tests.Unit.Common.Terminal.TerminalChoicePresenterTests" name="AreChoicesVisible_Initially_ReturnsFalse" />
    </UnitTest>
    <UnitTest name="InventoryUpdatedSignal_EmittedWhenInventoryChanges_SignalReceived" storage="/home/adam/dev/omega-spiral/chapter-zero/.godot/mono/temp/bin/debug/chapter-zero.dll" id="22fd072f-2aca-4c69-9c99-80038fcd830b">
      <Execution id="b02c051b-ad2f-4137-8dc4-2422cca7f33a" />
      <TestMethod codeBase="/home/adam/Dev/omega-spiral/chapter-zero/.godot/mono/temp/bin/Debug/chapter-zero.dll" adapterTypeName="executor://gdunit4.testadapter/" className="OmegaSpiral.Tests.Common.GameStateSignalTests" name="InventoryUpdatedSignal_EmittedWhenInventoryChanges_SignalReceived" />
    </UnitTest>
    <UnitTest name="OptionsButton_Exists" storage="/home/adam/dev/omega-spiral/chapter-zero/.godot/mono/temp/bin/debug/chapter-zero.dll" id="3712839c-24e4-4e4f-8b5d-a7380651c448">
      <Execution id="bc72b531-ff88-4dec-bc88-1b759f824f61" />
      <TestMethod codeBase="/home/adam/Dev/omega-spiral/chapter-zero/.godot/mono/temp/bin/Debug/chapter-zero.dll" adapterTypeName="executor://gdunit4.testadapter/" className="OmegaSpiral.Tests.Integration.Ui.Menus.MainMenuTests" name="OptionsButton_Exists" />
    </UnitTest>
    <UnitTest name="Initialization_EmitsCompletedSignal" storage="/home/adam/dev/omega-spiral/chapter-zero/.godot/mono/temp/bin/debug/chapter-zero.dll" id="711a824c-86dc-4260-8510-5649ff067f8d">
      <Execution id="c5a1705e-a7f4-4f6a-9b0a-a9377efd2d45" />
      <TestMethod codeBase="/home/adam/Dev/omega-spiral/chapter-zero/.godot/mono/temp/bin/Debug/chapter-zero.dll" adapterTypeName="executor://gdunit4.testadapter/" className="OmegaSpiral.Tests.Integration.Ui.OmegaUiTests" name="Initialization_EmitsCompletedSignal" />
    </UnitTest>
    <UnitTest name="TerminalFrame_ShouldBeCenteredHorizontally" storage="/home/adam/dev/omega-spiral/chapter-zero/.godot/mono/temp/bin/debug/chapter-zero.dll" id="a3839fa4-daa6-41d7-a96a-2b748985ea9c">
      <Execution id="e5db6f44-708e-4103-bf40-7d55d5c15602" />
      <TestMethod codeBase="/home/adam/Dev/omega-spiral/chapter-zero/.godot/mono/temp/bin/Debug/chapter-zero.dll" adapterTypeName="executor://gdunit4.testadapter/" className="OmegaSpiral.Tests.Ui.Terminal.TerminalWindowFrameLayoutTests" name="TerminalFrame_ShouldBeCenteredHorizontally" />
    </UnitTest>
    <UnitTest name="UpdateCurrentSceneUpdatesIndexCorrectly" storage="/home/adam/dev/omega-spiral/chapter-zero/.godot/mono/temp/bin/debug/chapter-zero.dll" id="70b3e04c-c244-4b43-a5b9-00df44516b27">
      <Execution id="c7f35717-e73a-4b37-8ebc-c0431f179da8" />
      <TestMethod codeBase="/home/adam/Dev/omega-spiral/chapter-zero/.godot/mono/temp/bin/Debug/chapter-zero.dll" adapterTypeName="executor://gdunit4.testadapter/" className="OmegaSpiral.Tests.Unit.Common.SceneManagerTests" name="UpdateCurrentSceneUpdatesIndexCorrectly" />
    </UnitTest>
    <UnitTest name="AffinityScoreUpdatedSignal_EmittedWhenAffinityChanges_SignalReceived" storage="/home/adam/dev/omega-spiral/chapter-zero/.godot/mono/temp/bin/debug/chapter-zero.dll" id="88b96c71-5c76-4967-a9c3-5e9d559d86dc">
      <Execution id="abdc6520-476c-4905-8b7a-4e0f75f43d69" />
      <TestMethod codeBase="/home/adam/Dev/omega-spiral/chapter-zero/.godot/mono/temp/bin/Debug/chapter-zero.dll" adapterTypeName="executor://gdunit4.testadapter/" className="OmegaSpiral.Tests.Common.GameStateSignalTests" name="AffinityScoreUpdatedSignal_EmittedWhenAffinityChanges_SignalReceived" />
    </UnitTest>
    <UnitTest name="CreditsMenu_HasScrollContainer" storage="/home/adam/dev/omega-spiral/chapter-zero/.godot/mono/temp/bin/debug/chapter-zero.dll" id="ab07b020-c5ac-445d-8f15-cd87024ba094">
      <Execution id="10066f38-4db2-48bd-9366-924def0cacd7" />
      <TestMethod codeBase="/home/adam/Dev/omega-spiral/chapter-zero/.godot/mono/temp/bin/Debug/chapter-zero.dll" adapterTypeName="executor://gdunit4.testadapter/" className="OmegaSpiral.Tests.Integration.Ui.CreditsMenuTests" name="CreditsMenu_HasScrollContainer" />
    </UnitTest>
    <UnitTest name="TerminalWindow_SupportsVariousMinimumSizes:2 (1920, 1080)" storage="/home/adam/dev/omega-spiral/chapter-zero/.godot/mono/temp/bin/debug/chapter-zero.dll" id="2bc7e290-dc91-44c4-8ddb-52ef846e6d40">
      <Execution id="c8107abb-3c1d-4a7c-9ef9-3759a599a87f" />
      <TestMethod codeBase="/home/adam/Dev/omega-spiral/chapter-zero/.godot/mono/temp/bin/Debug/chapter-zero.dll" adapterTypeName="executor://gdunit4.testadapter/" className="TerminalWindowTestsNew.TerminalWindow_SupportsVariousMinimumSizes" name="TerminalWindow_SupportsVariousMinimumSizes:2 (1920, 1080)" />
    </UnitTest>
    <UnitTest name="SetPlayerNameStoresValueCorrectly" storage="/home/adam/dev/omega-spiral/chapter-zero/.godot/mono/temp/bin/debug/chapter-zero.dll" id="dee72b28-fb8f-4b68-9e56-22354947a175">
      <Execution id="32010710-126a-4e00-8a64-1aacfc948831" />
      <TestMethod codeBase="/home/adam/Dev/omega-spiral/chapter-zero/.godot/mono/temp/bin/Debug/chapter-zero.dll" adapterTypeName="executor://gdunit4.testadapter/" className="OmegaSpiral.Tests.Unit.Common.SceneManagerTests" name="SetPlayerNameStoresValueCorrectly" />
    </UnitTest>
    <UnitTest name="ContentContainer_Exists" storage="/home/adam/dev/omega-spiral/chapter-zero/.godot/mono/temp/bin/debug/chapter-zero.dll" id="00e6e9db-d064-4b29-b3f9-c30ddc1f4e7a">
      <Execution id="e1a5934f-a334-4ea4-93ba-6f9c95c364aa" />
      <TestMethod codeBase="/home/adam/Dev/omega-spiral/chapter-zero/.godot/mono/temp/bin/Debug/chapter-zero.dll" adapterTypeName="executor://gdunit4.testadapter/" className="OmegaSpiral.Tests.Integration.Ui.OmegaUiTests" name="ContentContainer_Exists" />
    </UnitTest>
    <UnitTest name="ContentContainer_HasFullScreenAnchors" storage="/home/adam/dev/omega-spiral/chapter-zero/.godot/mono/temp/bin/debug/chapter-zero.dll" id="0d38961a-1a95-490b-97f9-a231238cd295">
      <Execution id="3339da59-5173-4fa1-a1a3-e19aa22a9869" />
      <TestMethod codeBase="/home/adam/Dev/omega-spiral/chapter-zero/.godot/mono/temp/bin/Debug/chapter-zero.dll" adapterTypeName="executor://gdunit4.testadapter/" className="OmegaSpiral.Tests.Integration.Ui.OmegaUiTests" name="ContentContainer_HasFullScreenAnchors" />
    </UnitTest>
    <UnitTest name="InitializesTextRenderer" storage="/home/adam/dev/omega-spiral/chapter-zero/.godot/mono/temp/bin/debug/chapter-zero.dll" id="c97615f9-df9d-4fd8-aac3-da263f6cb486">
      <Execution id="9d4f9e2a-0c34-4b66-9a60-6894dc608e27" />
      <TestMethod codeBase="/home/adam/Dev/omega-spiral/chapter-zero/.godot/mono/temp/bin/Debug/chapter-zero.dll" adapterTypeName="executor://gdunit4.testadapter/" className="OmegaSpiral.Tests.Integration.Ui.TerminalUITests" name="InitializesTextRenderer" />
    </UnitTest>
    <UnitTest name="Root_HasFullScreenAnchors" storage="/home/adam/dev/omega-spiral/chapter-zero/.godot/mono/temp/bin/debug/chapter-zero.dll" id="360d732a-9f1a-48ef-9c4a-179470c97ee9">
      <Execution id="29daac9a-8492-4d43-8252-2f8ce779fb4b" />
      <TestMethod codeBase="/home/adam/Dev/omega-spiral/chapter-zero/.godot/mono/temp/bin/Debug/chapter-zero.dll" adapterTypeName="executor://gdunit4.testadapter/" className="OmegaSpiral.Tests.Integration.Ui.OmegaUiTests" name="Root_HasFullScreenAnchors" />
    </UnitTest>
    <UnitTest name="TerminalWindow_ProcessesInputEvents" storage="/home/adam/dev/omega-spiral/chapter-zero/.godot/mono/temp/bin/debug/chapter-zero.dll" id="fccc70b6-ecc6-475b-8dfc-08b047cc94b4">
      <Execution id="213181bb-4792-47d8-b270-cd19c6fff9da" />
      <TestMethod codeBase="/home/adam/Dev/omega-spiral/chapter-zero/.godot/mono/temp/bin/Debug/chapter-zero.dll" adapterTypeName="executor://gdunit4.testadapter/" className="TerminalWindowTestsNew" name="TerminalWindow_ProcessesInputEvents" />
    </UnitTest>
    <UnitTest name="ShaderLayer_AnimatesInSpiralMotion" storage="/home/adam/dev/omega-spiral/chapter-zero/.godot/mono/temp/bin/debug/chapter-zero.dll" id="f043dd3f-89d5-4e8c-b97a-c6f1c922db79">
      <Execution id="41d075f2-8833-4f68-ae39-15f79e3907d6" />
      <TestMethod codeBase="/home/adam/Dev/omega-spiral/chapter-zero/.godot/mono/temp/bin/Debug/chapter-zero.dll" adapterTypeName="executor://gdunit4.testadapter/" className="OmegaSpiral.Tests.Integration.Ui.OmegaUiTests" name="ShaderLayer_AnimatesInSpiralMotion" />
    </UnitTest>
    <UnitTest name="Constructor_WithValidTextDisplay_InitializesCorrectly" storage="/home/adam/dev/omega-spiral/chapter-zero/.godot/mono/temp/bin/debug/chapter-zero.dll" id="dd791670-06de-48d7-9836-c8eb594d2ea2">
      <Execution id="a4747a3f-a2f0-4b83-b64b-73f28315d82a" />
      <TestMethod codeBase="/home/adam/Dev/omega-spiral/chapter-zero/.godot/mono/temp/bin/Debug/chapter-zero.dll" adapterTypeName="executor://gdunit4.testadapter/" className="OmegaSpiral.Tests.Unit.Common.Terminal.TerminalTextRendererTests" name="Constructor_WithValidTextDisplay_InitializesCorrectly" />
    </UnitTest>
    <UnitTest name="ButtonContainer_Exists" storage="/home/adam/dev/omega-spiral/chapter-zero/.godot/mono/temp/bin/debug/chapter-zero.dll" id="92832d6e-e5fc-4a1d-a61c-5c5250b66d8d">
      <Execution id="35b079d3-426a-4ad4-b06b-351dd7278b3f" />
      <TestMethod codeBase="/home/adam/Dev/omega-spiral/chapter-zero/.godot/mono/temp/bin/Debug/chapter-zero.dll" adapterTypeName="executor://gdunit4.testadapter/" className="OmegaSpiral.Tests.Integration.Ui.MenuUiTests" name="ButtonContainer_Exists" />
    </UnitTest>
    <UnitTest name="UpdatedreamweaverscoreAddspointscorrectly" storage="/home/adam/dev/omega-spiral/chapter-zero/.godot/mono/temp/bin/debug/chapter-zero.dll" id="7c3bac4f-b5fd-4538-addd-06e5228b11b5">
      <Execution id="46b9ef0e-c5c1-4022-be41-83de203aa74f" />
      <TestMethod codeBase="/home/adam/Dev/omega-spiral/chapter-zero/.godot/mono/temp/bin/Debug/chapter-zero.dll" adapterTypeName="executor://gdunit4.testadapter/" className="OmegaSpiral.Tests.Unit.Common.GameStateTests" name="UpdatedreamweaverscoreAddspointscorrectly" />
    </UnitTest>
    <UnitTest name="MenuTitle_IsHorizontallyCentered" storage="/home/adam/dev/omega-spiral/chapter-zero/.godot/mono/temp/bin/debug/chapter-zero.dll" id="af9a2366-bec3-4e54-809e-7184c874f78b">
      <Execution id="2f9ac63a-cc76-4f95-a51e-9b46191869d9" />
      <TestMethod codeBase="/home/adam/Dev/omega-spiral/chapter-zero/.godot/mono/temp/bin/Debug/chapter-zero.dll" adapterTypeName="executor://gdunit4.testadapter/" className="OmegaSpiral.Tests.Integration.Ui.Menus.MainMenuTests" name="MenuTitle_IsHorizontallyCentered" />
    </UnitTest>
    <UnitTest name="ScrollToBottom_AfterAddingText_ScrollsCorrectly" storage="/home/adam/dev/omega-spiral/chapter-zero/.godot/mono/temp/bin/debug/chapter-zero.dll" id="1742e745-a0eb-4e0c-9b78-0ee820d442ee">
      <Execution id="34638c10-2c65-4138-a50b-49d41e5ebce5" />
      <TestMethod codeBase="/home/adam/Dev/omega-spiral/chapter-zero/.godot/mono/temp/bin/Debug/chapter-zero.dll" adapterTypeName="executor://gdunit4.testadapter/" className="OmegaSpiral.Tests.Unit.Common.Terminal.TerminalTextRendererTests" name="ScrollToBottom_AfterAddingText_ScrollsCorrectly" />
    </UnitTest>
    <UnitTest name="DreamweaverInfluenceChangedSignal_EmittedWhenInfluenceChanges_SignalReceived" storage="/home/adam/dev/omega-spiral/chapter-zero/.godot/mono/temp/bin/debug/chapter-zero.dll" id="47659c5b-348a-482e-a426-ea97929d1673">
      <Execution id="e12798cb-6604-4ade-8426-3534d0233f1d" />
      <TestMethod codeBase="/home/adam/Dev/omega-spiral/chapter-zero/.godot/mono/temp/bin/Debug/chapter-zero.dll" adapterTypeName="executor://gdunit4.testadapter/" className="OmegaSpiral.Tests.Common.GameStateSignalTests" name="DreamweaverInfluenceChangedSignal_EmittedWhenInfluenceChanges_SignalReceived" />
    </UnitTest>
  </TestDefinitions>
  <TestEntries>
    <TestEntry testId="798f259e-902d-49a5-bea4-8d5190175c95" executionId="b1705cb6-7495-462c-9be0-5e8623260a2e" testListId="8c84fa94-04c1-424b-9868-57a2d4851a1d" />
    <TestEntry testId="dee72b28-fb8f-4b68-9e56-22354947a175" executionId="a6ff7989-a360-4e7e-bad4-e905c5c67c05" testListId="8c84fa94-04c1-424b-9868-57a2d4851a1d" />
    <TestEntry testId="0c7e2b9f-8798-4f9b-814c-afbdd38be174" executionId="d6808144-6e60-49b5-a098-adafccc9774f" testListId="8c84fa94-04c1-424b-9868-57a2d4851a1d" />
    <TestEntry testId="8a4cd7fa-f3c7-42e4-9974-82a23d15507e" executionId="68980914-e3ea-476d-b819-cc3a21a8025f" testListId="8c84fa94-04c1-424b-9868-57a2d4851a1d" />
    <TestEntry testId="f1973c06-2585-405b-96e3-92984a657924" executionId="eae1596b-ab99-4050-b0c4-3ae729c94d12" testListId="8c84fa94-04c1-424b-9868-57a2d4851a1d" />
    <TestEntry testId="d33c8780-27c8-4c9d-b861-ab915054b2e8" executionId="d9e92fe7-5d28-44f1-a57d-315223a69e17" testListId="8c84fa94-04c1-424b-9868-57a2d4851a1d" />
    <TestEntry testId="2f0c8589-fd8d-4fb6-ad4c-4d6e92b5ae25" executionId="a5af6a24-4f3c-4a3b-8383-2ca80cf6b7cf" testListId="8c84fa94-04c1-424b-9868-57a2d4851a1d" />
    <TestEntry testId="c6423735-bc1e-44e9-b083-716e605bba7d" executionId="9c688412-b277-4376-ab1a-a453ef6bc392" testListId="8c84fa94-04c1-424b-9868-57a2d4851a1d" />
    <TestEntry testId="6dbb996f-8420-4515-832b-8aaf2285e8fc" executionId="43dfb45d-5116-47b2-87f5-1a7b0dc92634" testListId="8c84fa94-04c1-424b-9868-57a2d4851a1d" />
    <TestEntry testId="744e1eaa-4fba-4e3d-a032-72892074be81" executionId="43f60bd0-fc41-4c4c-a5ee-48f95e6e858c" testListId="8c84fa94-04c1-424b-9868-57a2d4851a1d" />
    <TestEntry testId="d2f54a70-3771-47de-b152-26a0b0d2f908" executionId="10ac1ca9-c6b3-4a3c-905c-6b3d573a6470" testListId="8c84fa94-04c1-424b-9868-57a2d4851a1d" />
    <TestEntry testId="b8cebcda-0f2d-4640-9abc-d12f710a6f9c" executionId="4190b5dc-1619-4fae-ac22-49db3b3601a5" testListId="8c84fa94-04c1-424b-9868-57a2d4851a1d" />
    <TestEntry testId="2f0c8589-fd8d-4fb6-ad4c-4d6e92b5ae25" executionId="2bc885c9-a779-432e-b833-8308482c4c95" testListId="8c84fa94-04c1-424b-9868-57a2d4851a1d" />
    <TestEntry testId="b8666881-23c9-4dcb-a87e-394a9e0e94c6" executionId="8114fe0b-69de-4411-81c7-9cc8a9df491e" testListId="8c84fa94-04c1-424b-9868-57a2d4851a1d" />
    <TestEntry testId="b85bb2ef-26e9-4ef9-9fce-21372450f94b" executionId="4fb3ee8e-f9b6-4953-bb65-6206855f7394" testListId="8c84fa94-04c1-424b-9868-57a2d4851a1d" />
    <TestEntry testId="2bc7e290-dc91-44c4-8ddb-52ef846e6d40" executionId="c8107abb-3c1d-4a7c-9ef9-3759a599a87f" testListId="8c84fa94-04c1-424b-9868-57a2d4851a1d" />
    <TestEntry testId="a87c5635-73ee-4812-bbc6-c237660dfc3a" executionId="0d0d3bc9-b0f4-4f2b-9412-01fc6638337a" testListId="8c84fa94-04c1-424b-9868-57a2d4851a1d" />
    <TestEntry testId="2e925856-0669-413f-87fa-697e419d8918" executionId="e1e9728e-9837-4b16-9625-61da911c6851" testListId="8c84fa94-04c1-424b-9868-57a2d4851a1d" />
    <TestEntry testId="18f1d37c-890c-4486-aa45-9afe7c697f35" executionId="08d3973d-a26e-49ae-9c02-370f438529ea" testListId="8c84fa94-04c1-424b-9868-57a2d4851a1d" />
    <TestEntry testId="3960e942-b587-4c35-be52-c137fa35dfef" executionId="fa843e0e-dc0a-4fc0-a540-75d847025234" testListId="8c84fa94-04c1-424b-9868-57a2d4851a1d" />
    <TestEntry testId="831f7116-2496-4c28-951d-6f1390f054c8" executionId="facf01c6-0916-4ba1-b639-f38ca7e936ce" testListId="8c84fa94-04c1-424b-9868-57a2d4851a1d" />
    <TestEntry testId="d7ed09c6-50c5-4e0f-96d5-3257367d176b" executionId="03dc368c-221d-4799-afad-e4b4117839cd" testListId="8c84fa94-04c1-424b-9868-57a2d4851a1d" />
    <TestEntry testId="c35b52d1-b47f-4ab1-8104-932de564716a" executionId="8e0dac87-6f5a-421f-9597-c53e225fcd6f" testListId="8c84fa94-04c1-424b-9868-57a2d4851a1d" />
    <TestEntry testId="cb4dc6b0-2f30-4f99-9191-270f287b618c" executionId="822991fd-3f0c-4feb-8aa1-3e3886356f31" testListId="8c84fa94-04c1-424b-9868-57a2d4851a1d" />
    <TestEntry testId="7438284e-a31c-47d7-9d67-45fe6f2f25ee" executionId="0f0be251-d665-452a-9172-3323bc4d7e5d" testListId="8c84fa94-04c1-424b-9868-57a2d4851a1d" />
    <TestEntry testId="e9c2d50f-b5fa-451e-a978-0d06023e61fd" executionId="c9f2dd6d-b3b9-4a7c-a5ef-083e9c1ff8a0" testListId="8c84fa94-04c1-424b-9868-57a2d4851a1d" />
    <TestEntry testId="18f1d37c-890c-4486-aa45-9afe7c697f35" executionId="756065ff-78c0-4368-95e6-1b4e752cb746" testListId="8c84fa94-04c1-424b-9868-57a2d4851a1d" />
    <TestEntry testId="d8b2f566-600e-4798-9666-a1d29357d874" executionId="20765c0c-d35c-4c8e-b3d6-96edc4cca528" testListId="8c84fa94-04c1-424b-9868-57a2d4851a1d" />
    <TestEntry testId="3712839c-24e4-4e4f-8b5d-a7380651c448" executionId="bc72b531-ff88-4dec-bc88-1b759f824f61" testListId="8c84fa94-04c1-424b-9868-57a2d4851a1d" />
    <TestEntry testId="70b3e04c-c244-4b43-a5b9-00df44516b27" executionId="c7f35717-e73a-4b37-8ebc-c0431f179da8" testListId="8c84fa94-04c1-424b-9868-57a2d4851a1d" />
    <TestEntry testId="49b34865-aa33-4681-a09e-04921bbd9c95" executionId="37e192eb-3031-45d8-b005-492479ddd890" testListId="8c84fa94-04c1-424b-9868-57a2d4851a1d" />
    <TestEntry testId="0d38961a-1a95-490b-97f9-a231238cd295" executionId="119f81e9-73a5-4eec-be23-fa5cb67b8419" testListId="8c84fa94-04c1-424b-9868-57a2d4851a1d" />
    <TestEntry testId="424b20c5-ed03-4918-84b6-55d46247e1c7" executionId="8ad21b92-c0e5-49e4-b897-a14d669c88ae" testListId="8c84fa94-04c1-424b-9868-57a2d4851a1d" />
    <TestEntry testId="c97615f9-df9d-4fd8-aac3-da263f6cb486" executionId="9d4f9e2a-0c34-4b66-9a60-6894dc608e27" testListId="8c84fa94-04c1-424b-9868-57a2d4851a1d" />
    <TestEntry testId="391ca406-8861-4182-8373-2a895e05c044" executionId="5bdab667-ff95-4e9e-8306-662ea8bd375a" testListId="8c84fa94-04c1-424b-9868-57a2d4851a1d" />
    <TestEntry testId="9980f25a-6b20-488f-a976-ac7e93c9076b" executionId="fd5181e3-6e01-4790-a014-26ddd440738b" testListId="8c84fa94-04c1-424b-9868-57a2d4851a1d" />
    <TestEntry testId="b8cebcda-0f2d-4640-9abc-d12f710a6f9c" executionId="06d9a1b3-0c9f-4e42-97a8-26afaca5d5ac" testListId="8c84fa94-04c1-424b-9868-57a2d4851a1d" />
    <TestEntry testId="963f99ed-ae88-4f51-942d-dffc1c4cb04f" executionId="1ee1d8a7-1752-4763-9d90-f255800e2c58" testListId="8c84fa94-04c1-424b-9868-57a2d4851a1d" />
    <TestEntry testId="e24260a0-7f1b-448b-b9b4-e21982b4382d" executionId="968b2d31-4d0e-49aa-bf11-f3fe95d8d468" testListId="8c84fa94-04c1-424b-9868-57a2d4851a1d" />
    <TestEntry testId="b41402f8-a4eb-4e63-a223-1c5121a817f8" executionId="9333d935-e179-4ecc-95c3-36d73dcea929" testListId="8c84fa94-04c1-424b-9868-57a2d4851a1d" />
    <TestEntry testId="f169960a-8ee1-44a9-a47e-c7d1f1162937" executionId="ac62e21f-265d-4cca-b44d-e54c977f74d4" testListId="8c84fa94-04c1-424b-9868-57a2d4851a1d" />
    <TestEntry testId="27f65040-194c-408f-a1bc-fb78057bca21" executionId="2a6f8546-34d0-4d16-b0bb-7344a30032bd" testListId="8c84fa94-04c1-424b-9868-57a2d4851a1d" />
    <TestEntry testId="33def4a6-3e1b-4582-9baf-270b6dde4e37" executionId="2a7ee68c-f736-41ed-aea9-3621e2e6f532" testListId="8c84fa94-04c1-424b-9868-57a2d4851a1d" />
    <TestEntry testId="33f000c0-096b-40f8-a2bf-3ca4055dec6a" executionId="a7abc333-6947-4063-8a2a-907585df1bbf" testListId="8c84fa94-04c1-424b-9868-57a2d4851a1d" />
    <TestEntry testId="019578d6-0f5f-4764-a47f-f0a0c3b5d674" executionId="d0aeb243-97f2-4bdc-9c47-d7cb45f49cc0" testListId="8c84fa94-04c1-424b-9868-57a2d4851a1d" />
    <TestEntry testId="47659c5b-348a-482e-a426-ea97929d1673" executionId="e12798cb-6604-4ade-8426-3534d0233f1d" testListId="8c84fa94-04c1-424b-9868-57a2d4851a1d" />
    <TestEntry testId="2209b459-456f-4da6-8f88-4cda0dfeb29d" executionId="4e766d90-3bd0-40ac-9871-ba5525d920f2" testListId="8c84fa94-04c1-424b-9868-57a2d4851a1d" />
    <TestEntry testId="8cdb4bef-4a1e-4db7-bb5e-88c5b3d6bdb5" executionId="17cd1613-d05b-4cf8-86fb-6ab7d89c6c27" testListId="8c84fa94-04c1-424b-9868-57a2d4851a1d" />
    <TestEntry testId="c9fc7de6-f517-42df-8293-8ea7095776b7" executionId="29284fde-f616-4336-99cc-f6c8cc04cd5b" testListId="8c84fa94-04c1-424b-9868-57a2d4851a1d" />
    <TestEntry testId="b9941a3d-38e3-4873-a191-b471db4b0933" executionId="b0b09f3a-3e27-428d-923d-aa67a1c414f0" testListId="8c84fa94-04c1-424b-9868-57a2d4851a1d" />
    <TestEntry testId="aedb6d24-0e7b-492f-9492-85e2ec5b4472" executionId="cd3fb1ff-76de-476b-b52e-0f7b8ce87ca3" testListId="8c84fa94-04c1-424b-9868-57a2d4851a1d" />
    <TestEntry testId="d38b8190-62bf-43c5-9823-f6372bd78233" executionId="b588c272-2fd7-4c9d-93da-0ffb19d0420f" testListId="8c84fa94-04c1-424b-9868-57a2d4851a1d" />
    <TestEntry testId="831f7116-2496-4c28-951d-6f1390f054c8" executionId="1fa5d2d6-7492-466c-a99a-27d0abee2c71" testListId="8c84fa94-04c1-424b-9868-57a2d4851a1d" />
    <TestEntry testId="5d072814-ee2c-428b-a87f-e84615dba374" executionId="fe658b9c-c9e2-4f70-ba76-ee3bcce26748" testListId="8c84fa94-04c1-424b-9868-57a2d4851a1d" />
    <TestEntry testId="22fd072f-2aca-4c69-9c99-80038fcd830b" executionId="b02c051b-ad2f-4137-8dc4-2422cca7f33a" testListId="8c84fa94-04c1-424b-9868-57a2d4851a1d" />
    <TestEntry testId="75ee7c8d-b943-4ca0-b26c-3f716307a1f9" executionId="4453f188-68e2-4ea6-96b8-1a82852f7ca9" testListId="8c84fa94-04c1-424b-9868-57a2d4851a1d" />
    <TestEntry testId="9fd8e989-c5fa-4cee-af6e-0919f62c5e4c" executionId="56401179-2fc8-4248-a5c7-4f7c68cd12ed" testListId="8c84fa94-04c1-424b-9868-57a2d4851a1d" />
    <TestEntry testId="6fb8ad44-a204-4a8b-b8b2-ef634b23aca8" executionId="b6fa502f-d446-4854-84a2-356922f2a3c0" testListId="8c84fa94-04c1-424b-9868-57a2d4851a1d" />
    <TestEntry testId="c188a106-c540-48d0-829d-53e7e7ea5bc9" executionId="0dbb63e4-2869-4ca5-ab85-8d6bd1356f6c" testListId="8c84fa94-04c1-424b-9868-57a2d4851a1d" />
    <TestEntry testId="12924ea1-502f-40b3-a346-56a17a443b4e" executionId="719f827a-64a6-4ab3-86ac-f626dad65d17" testListId="8c84fa94-04c1-424b-9868-57a2d4851a1d" />
    <TestEntry testId="880d7f29-be47-4d61-a127-aed72dd3c4fd" executionId="50020f2c-f940-4a47-86ba-eb21f85956fa" testListId="8c84fa94-04c1-424b-9868-57a2d4851a1d" />
    <TestEntry testId="9c02da39-5280-436f-a0e7-9e0bb9ddbbd2" executionId="32062b70-d534-4d5e-bd86-a0ead1b33140" testListId="8c84fa94-04c1-424b-9868-57a2d4851a1d" />
    <TestEntry testId="916f53a9-05bb-4b1a-a074-3621d3ed4ec2" executionId="30d1f0eb-5e68-42b1-bdcc-65a4628b5dfd" testListId="8c84fa94-04c1-424b-9868-57a2d4851a1d" />
    <TestEntry testId="d5996739-a142-4a5a-b783-5d217d384250" executionId="92775fc7-7951-4c69-9825-010ba049d818" testListId="8c84fa94-04c1-424b-9868-57a2d4851a1d" />
    <TestEntry testId="b8e8c198-0232-4c06-8beb-99311ebbd644" executionId="065766f2-997c-4c19-9f3a-01e6a8e88f64" testListId="8c84fa94-04c1-424b-9868-57a2d4851a1d" />
    <TestEntry testId="9e0fbceb-1b18-482e-bcd7-5d66b6bab685" executionId="f4cfc2ac-cd6f-41a5-8f92-892e52f0473b" testListId="8c84fa94-04c1-424b-9868-57a2d4851a1d" />
    <TestEntry testId="2b540726-85de-4641-9236-27448a1baa58" executionId="067bc696-4f63-49b7-b121-b9eda4843867" testListId="8c84fa94-04c1-424b-9868-57a2d4851a1d" />
    <TestEntry testId="1742e745-a0eb-4e0c-9b78-0ee820d442ee" executionId="34638c10-2c65-4138-a50b-49d41e5ebce5" testListId="8c84fa94-04c1-424b-9868-57a2d4851a1d" />
    <TestEntry testId="be5d154c-af18-4654-a291-537964292f06" executionId="b01a69f6-4a23-4607-8ad1-8383fade6875" testListId="8c84fa94-04c1-424b-9868-57a2d4851a1d" />
    <TestEntry testId="7e031a7e-bbbc-4c54-ad34-30a9e983dc45" executionId="e491de4e-0652-40fb-88f9-c6924afe873c" testListId="8c84fa94-04c1-424b-9868-57a2d4851a1d" />
    <TestEntry testId="65aac6e8-5176-49f8-ac06-0863c3c8b924" executionId="9c5a731a-c257-4c06-8968-002d8ef1974e" testListId="8c84fa94-04c1-424b-9868-57a2d4851a1d" />
    <TestEntry testId="9dbc14e2-c14a-4c60-9b82-8e360acc1d5b" executionId="c304d7b6-e389-4ff1-bf2e-84e907054dd4" testListId="8c84fa94-04c1-424b-9868-57a2d4851a1d" />
    <TestEntry testId="174535d0-921c-45c9-b356-22348526f633" executionId="47ea574e-8bf8-443d-aa7e-cc1197012460" testListId="8c84fa94-04c1-424b-9868-57a2d4851a1d" />
    <TestEntry testId="d7ed09c6-50c5-4e0f-96d5-3257367d176b" executionId="b9a3d30e-764c-44d6-9839-84a36c6a9467" testListId="8c84fa94-04c1-424b-9868-57a2d4851a1d" />
    <TestEntry testId="af9a2366-bec3-4e54-809e-7184c874f78b" executionId="2f9ac63a-cc76-4f95-a51e-9b46191869d9" testListId="8c84fa94-04c1-424b-9868-57a2d4851a1d" />
    <TestEntry testId="af740a39-afd5-4db1-959b-b0604e5cddf7" executionId="efc003ae-c3d9-4a10-b4f1-7e7c38c05764" testListId="8c84fa94-04c1-424b-9868-57a2d4851a1d" />
    <TestEntry testId="6ef62b73-7f76-4922-9737-89d0c9e5e42f" executionId="5ba87c56-5015-439e-a8f6-f7de9ac6432c" testListId="8c84fa94-04c1-424b-9868-57a2d4851a1d" />
    <TestEntry testId="360bdb93-599f-4d24-8062-03ab3d52ba07" executionId="93bd9d5f-7c5c-4885-bee5-86a255747955" testListId="8c84fa94-04c1-424b-9868-57a2d4851a1d" />
    <TestEntry testId="88b96c71-5c76-4967-a9c3-5e9d559d86dc" executionId="abdc6520-476c-4905-8b7a-4e0f75f43d69" testListId="8c84fa94-04c1-424b-9868-57a2d4851a1d" />
    <TestEntry testId="e76071df-33c3-4b00-8242-bf14dd7cadf5" executionId="251bd9e3-cf33-4b10-bd5d-38b293a8736c" testListId="8c84fa94-04c1-424b-9868-57a2d4851a1d" />
    <TestEntry testId="ce466349-db82-4102-a0d4-12460763eefb" executionId="9792607f-fbf7-49a7-adbc-824eb14ad25e" testListId="8c84fa94-04c1-424b-9868-57a2d4851a1d" />
    <TestEntry testId="fe51f054-3359-4e95-95da-ca469cbc3ec8" executionId="81c8c73c-5a9b-44f2-8d8c-c1749c9670c0" testListId="8c84fa94-04c1-424b-9868-57a2d4851a1d" />
    <TestEntry testId="611437b6-2fc0-4093-91b2-e29bdb0b564f" executionId="a28e8451-8b46-4ffa-8376-2d0e58921777" testListId="8c84fa94-04c1-424b-9868-57a2d4851a1d" />
    <TestEntry testId="2e2a8ade-17a1-4d03-bb11-1c11009d7e58" executionId="d003b680-a108-43d9-9469-5ade7a05ef6c" testListId="8c84fa94-04c1-424b-9868-57a2d4851a1d" />
    <TestEntry testId="f043dd3f-89d5-4e8c-b97a-c6f1c922db79" executionId="21df40a9-c2ed-4c75-9017-218a4e779322" testListId="8c84fa94-04c1-424b-9868-57a2d4851a1d" />
    <TestEntry testId="f16fc78b-bc6d-4691-8793-902da9733453" executionId="ed1ecd89-4473-4ce9-a5c5-b268dea707ed" testListId="8c84fa94-04c1-424b-9868-57a2d4851a1d" />
    <TestEntry testId="0e2cb365-5bcf-44bb-a8d6-de1a94d40344" executionId="3b0e1736-6921-4877-b203-4ad29762a124" testListId="8c84fa94-04c1-424b-9868-57a2d4851a1d" />
    <TestEntry testId="8dbbea64-664d-4840-b7d3-bba1047cb7c3" executionId="2c7de9da-c8e2-411d-844a-57dfd45100b0" testListId="8c84fa94-04c1-424b-9868-57a2d4851a1d" />
    <TestEntry testId="0e75552d-9087-4d9e-9055-d4e60f4ec463" executionId="5d0f35f7-c012-443b-a931-32faa84b19eb" testListId="8c84fa94-04c1-424b-9868-57a2d4851a1d" />
    <TestEntry testId="e3bff8d2-4e3e-4fef-9c0b-a2ffbb479447" executionId="97ba2cc2-4dd4-434e-83d8-1b9d003c127e" testListId="8c84fa94-04c1-424b-9868-57a2d4851a1d" />
    <TestEntry testId="a146f92d-2031-483b-abf8-4a40185862de" executionId="20c191ef-86e1-442d-9cf5-59199a210aef" testListId="8c84fa94-04c1-424b-9868-57a2d4851a1d" />
    <TestEntry testId="a781ce15-a5b1-4280-9e7d-a474a43893d4" executionId="2c5d6345-3352-4d3b-a86f-7da31f8074af" testListId="8c84fa94-04c1-424b-9868-57a2d4851a1d" />
    <TestEntry testId="e389a7d4-be1f-4a52-818f-3193af2254d2" executionId="c12ef8af-2456-4dc6-ab9c-28f49f71e89e" testListId="8c84fa94-04c1-424b-9868-57a2d4851a1d" />
    <TestEntry testId="653557f1-4b3e-44a6-9227-d3e10b584177" executionId="282c9ff5-36cc-412c-88b4-bc40f10bf057" testListId="8c84fa94-04c1-424b-9868-57a2d4851a1d" />
    <TestEntry testId="c0cabf74-23b0-4130-ac43-b277ce743b7a" executionId="cefdf7ba-41f5-44ea-a14a-3804feb22b7c" testListId="8c84fa94-04c1-424b-9868-57a2d4851a1d" />
    <TestEntry testId="5734d799-11dd-4f6a-983c-a6a2237cd84b" executionId="e32be074-ef48-4440-9f8e-8afe57f207e2" testListId="8c84fa94-04c1-424b-9868-57a2d4851a1d" />
    <TestEntry testId="ad7f1c1c-6144-4cc2-93cc-d3be7617c9cd" executionId="70c8d8be-aebf-435e-822f-f8d9595bb7fd" testListId="8c84fa94-04c1-424b-9868-57a2d4851a1d" />
    <TestEntry testId="3ba0d81f-7531-43ae-b919-aeb2e8702a57" executionId="da1e036f-dcb9-414e-a6a3-cc5c47071ce2" testListId="8c84fa94-04c1-424b-9868-57a2d4851a1d" />
    <TestEntry testId="7948d739-353d-4e02-95c6-00f85f3a17f1" executionId="be08693b-015d-4d50-a484-6a4a7bedcef0" testListId="8c84fa94-04c1-424b-9868-57a2d4851a1d" />
    <TestEntry testId="f043dd3f-89d5-4e8c-b97a-c6f1c922db79" executionId="41d075f2-8833-4f68-ae39-15f79e3907d6" testListId="8c84fa94-04c1-424b-9868-57a2d4851a1d" />
    <TestEntry testId="2187410a-3193-44f3-b16c-8dc68026f46f" executionId="ad507f8d-921d-4bb1-a6d0-4ab535c1f1f8" testListId="8c84fa94-04c1-424b-9868-57a2d4851a1d" />
    <TestEntry testId="6c55503a-9246-4762-bb1a-5ee9ba55f49a" executionId="1c6466e8-fb4b-4f99-b947-5fe27642bba0" testListId="8c84fa94-04c1-424b-9868-57a2d4851a1d" />
    <TestEntry testId="a30b4d26-5757-4a1c-b301-343ffad9317b" executionId="de026d31-fa3d-4444-87f6-a76eecde46dc" testListId="8c84fa94-04c1-424b-9868-57a2d4851a1d" />
    <TestEntry testId="9b103818-b757-4182-85bd-35540acd0095" executionId="d60fc4b6-616a-4e20-b98e-e6e119a8bc76" testListId="8c84fa94-04c1-424b-9868-57a2d4851a1d" />
    <TestEntry testId="a3839fa4-daa6-41d7-a96a-2b748985ea9c" executionId="e5db6f44-708e-4103-bf40-7d55d5c15602" testListId="8c84fa94-04c1-424b-9868-57a2d4851a1d" />
    <TestEntry testId="93cea57e-8ce8-4058-9459-e1ffcdafd835" executionId="7aaa8546-0fbd-46d8-a7b1-366828f142fe" testListId="8c84fa94-04c1-424b-9868-57a2d4851a1d" />
    <TestEntry testId="5d072814-ee2c-428b-a87f-e84615dba374" executionId="9bd1ecae-5ccb-47cc-92b1-d4a9cc60edde" testListId="8c84fa94-04c1-424b-9868-57a2d4851a1d" />
    <TestEntry testId="ba92900b-fde3-4625-ba37-0e1a3a43b749" executionId="32896ad9-d3f4-4499-89d9-eb94269d12c4" testListId="8c84fa94-04c1-424b-9868-57a2d4851a1d" />
    <TestEntry testId="0d38961a-1a95-490b-97f9-a231238cd295" executionId="3339da59-5173-4fa1-a1a3-e19aa22a9869" testListId="8c84fa94-04c1-424b-9868-57a2d4851a1d" />
    <TestEntry testId="e9c2d50f-b5fa-451e-a978-0d06023e61fd" executionId="d49ebd30-2fbd-4452-9d27-b49385d386ca" testListId="8c84fa94-04c1-424b-9868-57a2d4851a1d" />
    <TestEntry testId="7c3bac4f-b5fd-4538-addd-06e5228b11b5" executionId="46b9ef0e-c5c1-4022-be41-83de203aa74f" testListId="8c84fa94-04c1-424b-9868-57a2d4851a1d" />
    <TestEntry testId="9980f25a-6b20-488f-a976-ac7e93c9076b" executionId="14c3861e-ec4d-4c25-9599-b3092ca1ece4" testListId="8c84fa94-04c1-424b-9868-57a2d4851a1d" />
    <TestEntry testId="f1973c06-2585-405b-96e3-92984a657924" executionId="8d72370b-7642-49e0-8d34-d4bdbfbc2878" testListId="8c84fa94-04c1-424b-9868-57a2d4851a1d" />
    <TestEntry testId="adc3114a-03d1-47c9-9596-32161300cbdc" executionId="36a6e829-fe7f-44d7-9235-374e4b5805ed" testListId="8c84fa94-04c1-424b-9868-57a2d4851a1d" />
    <TestEntry testId="a20490bc-9ea0-4e98-b837-c1978b5d42e3" executionId="782d37cb-25f8-4a15-b36d-568704217f3f" testListId="8c84fa94-04c1-424b-9868-57a2d4851a1d" />
    <TestEntry testId="c9fc7de6-f517-42df-8293-8ea7095776b7" executionId="56e37d2d-6506-4b77-983b-f591a0c4c071" testListId="8c84fa94-04c1-424b-9868-57a2d4851a1d" />
    <TestEntry testId="611437b6-2fc0-4093-91b2-e29bdb0b564f" executionId="adea931d-77a2-433a-820c-a4311b4247ce" testListId="8c84fa94-04c1-424b-9868-57a2d4851a1d" />
    <TestEntry testId="831476a7-b31d-46af-a9da-7178f280bd07" executionId="b81a0393-32a3-42b3-9a86-554dbc026c08" testListId="8c84fa94-04c1-424b-9868-57a2d4851a1d" />
    <TestEntry testId="00e6e9db-d064-4b29-b3f9-c30ddc1f4e7a" executionId="9ef44091-4fe9-4e0f-8fcb-9ea7cde31d28" testListId="8c84fa94-04c1-424b-9868-57a2d4851a1d" />
    <TestEntry testId="ad7f1c1c-6144-4cc2-93cc-d3be7617c9cd" executionId="ce727333-e667-4e99-98ee-f4d2f2b5dbd8" testListId="8c84fa94-04c1-424b-9868-57a2d4851a1d" />
    <TestEntry testId="dd791670-06de-48d7-9836-c8eb594d2ea2" executionId="a4747a3f-a2f0-4b83-b64b-73f28315d82a" testListId="8c84fa94-04c1-424b-9868-57a2d4851a1d" />
    <TestEntry testId="0c7e2b9f-8798-4f9b-814c-afbdd38be174" executionId="b1b7e6c9-64ab-4da7-bf6e-2e3b2720396e" testListId="8c84fa94-04c1-424b-9868-57a2d4851a1d" />
    <TestEntry testId="391ca406-8861-4182-8373-2a895e05c044" executionId="0ffbdcca-db46-41a6-a187-f78b5ee754f6" testListId="8c84fa94-04c1-424b-9868-57a2d4851a1d" />
    <TestEntry testId="a0d7b0bf-3848-42be-974c-e51323d3d5a3" executionId="c7d17e00-effc-426b-8b10-417a4372d78c" testListId="8c84fa94-04c1-424b-9868-57a2d4851a1d" />
    <TestEntry testId="8e6a70c8-322e-45ff-a59b-8dd82433560f" executionId="a7c8e6d2-7609-4b43-b8f5-d8228fb683fe" testListId="8c84fa94-04c1-424b-9868-57a2d4851a1d" />
    <TestEntry testId="2b793de0-15d3-495a-8d28-503313d92e27" executionId="6c5d9028-4515-42d6-b4a2-6ddc63c64339" testListId="8c84fa94-04c1-424b-9868-57a2d4851a1d" />
    <TestEntry testId="ba92900b-fde3-4625-ba37-0e1a3a43b749" executionId="95be30a9-97a1-4afe-a109-8b447f8006e5" testListId="8c84fa94-04c1-424b-9868-57a2d4851a1d" />
    <TestEntry testId="360d732a-9f1a-48ef-9c4a-179470c97ee9" executionId="29daac9a-8492-4d43-8252-2f8ce779fb4b" testListId="8c84fa94-04c1-424b-9868-57a2d4851a1d" />
    <TestEntry testId="d7ed09c6-50c5-4e0f-96d5-3257367d176b" executionId="d425e7fe-8312-44c2-b3aa-062d46642433" testListId="8c84fa94-04c1-424b-9868-57a2d4851a1d" />
    <TestEntry testId="e76071df-33c3-4b00-8242-bf14dd7cadf5" executionId="3b897c12-b2d5-44da-b308-b60843d0f896" testListId="8c84fa94-04c1-424b-9868-57a2d4851a1d" />
    <TestEntry testId="c479e19d-941e-4b70-89bc-6948fbfeacbb" executionId="dda37810-0db9-4831-bcf5-f7870f47cf66" testListId="8c84fa94-04c1-424b-9868-57a2d4851a1d" />
    <TestEntry testId="360d732a-9f1a-48ef-9c4a-179470c97ee9" executionId="d8eeb1ab-66a6-42b8-8c2d-21534f0ef8d3" testListId="8c84fa94-04c1-424b-9868-57a2d4851a1d" />
    <TestEntry testId="45508ae8-43c5-4c53-8dba-9b51f17426cb" executionId="7c3a6dfa-0225-4c4c-a257-a74c9ca648a1" testListId="8c84fa94-04c1-424b-9868-57a2d4851a1d" />
    <TestEntry testId="c35b52d1-b47f-4ab1-8104-932de564716a" executionId="42da28c7-9bec-46b4-b317-9bbefb7ae572" testListId="8c84fa94-04c1-424b-9868-57a2d4851a1d" />
    <TestEntry testId="af9a2366-bec3-4e54-809e-7184c874f78b" executionId="b60d6a90-7ad5-4aa4-af7e-fe72ed28480e" testListId="8c84fa94-04c1-424b-9868-57a2d4851a1d" />
    <TestEntry testId="b8e8c198-0232-4c06-8beb-99311ebbd644" executionId="3e62eb0a-6a0d-443b-b206-ea917f3f715c" testListId="8c84fa94-04c1-424b-9868-57a2d4851a1d" />
    <TestEntry testId="2187410a-3193-44f3-b16c-8dc68026f46f" executionId="a80dd356-9533-4615-8cc7-249e0cf2ad8a" testListId="8c84fa94-04c1-424b-9868-57a2d4851a1d" />
    <TestEntry testId="3ba0d81f-7531-43ae-b919-aeb2e8702a57" executionId="b92056c5-0924-4d8a-96fc-f10f9cfda316" testListId="8c84fa94-04c1-424b-9868-57a2d4851a1d" />
    <TestEntry testId="4d254a39-1dfb-4cca-9194-18de2285443a" executionId="f5382435-85c6-42c0-9e46-67b17fdaa720" testListId="8c84fa94-04c1-424b-9868-57a2d4851a1d" />
    <TestEntry testId="d7ed09c6-50c5-4e0f-96d5-3257367d176b" executionId="fca33953-83f3-44ef-9d3a-b62a4a7d97f0" testListId="8c84fa94-04c1-424b-9868-57a2d4851a1d" />
    <TestEntry testId="017a631a-70a3-42e7-b16e-234068141db7" executionId="269aba9b-24ef-42f7-8d1b-14cfbac8be82" testListId="8c84fa94-04c1-424b-9868-57a2d4851a1d" />
    <TestEntry testId="ffbeef6f-916f-485a-88ef-eff032bd1d20" executionId="198c719a-6c4a-41fe-81ed-318f86bd48a9" testListId="8c84fa94-04c1-424b-9868-57a2d4851a1d" />
    <TestEntry testId="33def4a6-3e1b-4582-9baf-270b6dde4e37" executionId="e2c8baa9-fc42-4d69-92e6-8285b5908ce7" testListId="8c84fa94-04c1-424b-9868-57a2d4851a1d" />
    <TestEntry testId="9dbc14e2-c14a-4c60-9b82-8e360acc1d5b" executionId="3f1f0c50-4da4-41b2-9032-2d4396ce3ef0" testListId="8c84fa94-04c1-424b-9868-57a2d4851a1d" />
    <TestEntry testId="9e0fbceb-1b18-482e-bcd7-5d66b6bab685" executionId="aabeb72e-59eb-4096-9845-daaa468c8f3a" testListId="8c84fa94-04c1-424b-9868-57a2d4851a1d" />
    <TestEntry testId="174535d0-921c-45c9-b356-22348526f633" executionId="44790d65-933a-4485-96d8-c6416f2313f6" testListId="8c84fa94-04c1-424b-9868-57a2d4851a1d" />
    <TestEntry testId="1abaec67-ffe4-4a50-83aa-15d7e5937e7c" executionId="c53f1bcc-4dd0-4d54-b525-3872d056cc87" testListId="8c84fa94-04c1-424b-9868-57a2d4851a1d" />
    <TestEntry testId="0640661d-fd00-4384-a705-a6e6cddc5865" executionId="ef1f6613-e154-4153-a0c3-eff7bfc3c3a2" testListId="8c84fa94-04c1-424b-9868-57a2d4851a1d" />
    <TestEntry testId="c0cabf74-23b0-4130-ac43-b277ce743b7a" executionId="ae137dd5-d95d-4fb2-be72-de1ce1c4e5c8" testListId="8c84fa94-04c1-424b-9868-57a2d4851a1d" />
    <TestEntry testId="95c78fe6-a317-4125-9e93-43f39f2528c7" executionId="17f8e0ca-526d-4586-b0f7-07fe2697c609" testListId="8c84fa94-04c1-424b-9868-57a2d4851a1d" />
    <TestEntry testId="c188a106-c540-48d0-829d-53e7e7ea5bc9" executionId="bbc58bfe-1af1-4971-97b9-27691d69321e" testListId="8c84fa94-04c1-424b-9868-57a2d4851a1d" />
    <TestEntry testId="db1c02f0-64ec-4e91-b766-f492b8fc6fc6" executionId="5606c21a-993f-4bfc-ba3a-a4c98c4e1934" testListId="8c84fa94-04c1-424b-9868-57a2d4851a1d" />
    <TestEntry testId="2b793de0-15d3-495a-8d28-503313d92e27" executionId="5be34a3c-287e-41c1-8b75-61ace3fa1665" testListId="8c84fa94-04c1-424b-9868-57a2d4851a1d" />
    <TestEntry testId="6dbb996f-8420-4515-832b-8aaf2285e8fc" executionId="af5dc7ba-fd1f-4f2d-92c3-474ad36733f4" testListId="8c84fa94-04c1-424b-9868-57a2d4851a1d" />
    <TestEntry testId="00e6e9db-d064-4b29-b3f9-c30ddc1f4e7a" executionId="e1a5934f-a334-4ea4-93ba-6f9c95c364aa" testListId="8c84fa94-04c1-424b-9868-57a2d4851a1d" />
    <TestEntry testId="7e031a7e-bbbc-4c54-ad34-30a9e983dc45" executionId="d0526ba6-3710-4ffd-9622-5a720b7c9189" testListId="8c84fa94-04c1-424b-9868-57a2d4851a1d" />
    <TestEntry testId="ffbeef6f-916f-485a-88ef-eff032bd1d20" executionId="5b00eb6f-6838-4a5c-bdcd-440b421ff0eb" testListId="8c84fa94-04c1-424b-9868-57a2d4851a1d" />
    <TestEntry testId="92832d6e-e5fc-4a1d-a61c-5c5250b66d8d" executionId="35b079d3-426a-4ad4-b06b-351dd7278b3f" testListId="8c84fa94-04c1-424b-9868-57a2d4851a1d" />
    <TestEntry testId="d84aca59-9f6e-41b5-9876-7028a83748c4" executionId="f1742593-3195-4f51-9987-b47d05d8eb94" testListId="8c84fa94-04c1-424b-9868-57a2d4851a1d" />
    <TestEntry testId="c930dea7-651a-464a-b051-507e392960f2" executionId="6d3a1d59-03ee-4842-814a-b7aea1be951d" testListId="8c84fa94-04c1-424b-9868-57a2d4851a1d" />
    <TestEntry testId="27f65040-194c-408f-a1bc-fb78057bca21" executionId="8e22b879-26f3-4d6b-8fba-ab078e311b6b" testListId="8c84fa94-04c1-424b-9868-57a2d4851a1d" />
    <TestEntry testId="fb416fdb-95f9-4308-ba45-edbb5db6539b" executionId="0fd90c8e-19ee-4c9a-b545-da5a9f6df5cf" testListId="8c84fa94-04c1-424b-9868-57a2d4851a1d" />
    <TestEntry testId="6781c0a3-03eb-42ab-baec-ec4a3bc644e6" executionId="9024508f-73d2-4658-9fae-df2204441217" testListId="8c84fa94-04c1-424b-9868-57a2d4851a1d" />
    <TestEntry testId="f043dd3f-89d5-4e8c-b97a-c6f1c922db79" executionId="052ae3f8-0741-416d-b760-415040393601" testListId="8c84fa94-04c1-424b-9868-57a2d4851a1d" />
    <TestEntry testId="175df6a5-626e-4f63-bb4b-13b5c2a641b6" executionId="9f0d1e79-479d-43bc-917c-99eba02276d3" testListId="8c84fa94-04c1-424b-9868-57a2d4851a1d" />
    <TestEntry testId="8a88cad0-2f8c-4041-b3f5-9b4450906861" executionId="c8525150-fe08-43ef-a136-53f5952c74e7" testListId="8c84fa94-04c1-424b-9868-57a2d4851a1d" />
    <TestEntry testId="d33c8780-27c8-4c9d-b861-ab915054b2e8" executionId="33556889-5fc9-4bef-8e71-7b2422561539" testListId="8c84fa94-04c1-424b-9868-57a2d4851a1d" />
    <TestEntry testId="d2b152ee-cd04-4adf-9ec5-89121bf43fa7" executionId="7042d3a3-a74e-44d7-ba32-d659b27de7dc" testListId="8c84fa94-04c1-424b-9868-57a2d4851a1d" />
    <TestEntry testId="03726878-0868-47f6-8f4f-2f4562754cb3" executionId="e36f054a-1f21-43a7-a04d-155d4e265834" testListId="8c84fa94-04c1-424b-9868-57a2d4851a1d" />
    <TestEntry testId="46771409-806a-4134-83f6-fab38626998c" executionId="665c686f-660f-4552-9963-c4493851c693" testListId="8c84fa94-04c1-424b-9868-57a2d4851a1d" />
    <TestEntry testId="880d7f29-be47-4d61-a127-aed72dd3c4fd" executionId="ccab6205-87e3-4ff1-9bca-4e67ed9013c0" testListId="8c84fa94-04c1-424b-9868-57a2d4851a1d" />
    <TestEntry testId="9c02da39-5280-436f-a0e7-9e0bb9ddbbd2" executionId="39357047-1519-4b35-9de1-d4588e195e01" testListId="8c84fa94-04c1-424b-9868-57a2d4851a1d" />
    <TestEntry testId="13aae70f-0034-4e3f-b613-9be92a0ed934" executionId="142f2a26-1e64-47a6-9990-2cbc25a42cbb" testListId="8c84fa94-04c1-424b-9868-57a2d4851a1d" />
    <TestEntry testId="d7ed09c6-50c5-4e0f-96d5-3257367d176b" executionId="4e21352c-16da-494d-8c04-0f2f42ac6fab" testListId="8c84fa94-04c1-424b-9868-57a2d4851a1d" />
    <TestEntry testId="49b34865-aa33-4681-a09e-04921bbd9c95" executionId="53b79f66-b118-4950-9c8e-963c1555f532" testListId="8c84fa94-04c1-424b-9868-57a2d4851a1d" />
    <TestEntry testId="c48520af-099a-4c45-baf6-877d56efdd19" executionId="d6d6e10f-8799-4b75-ada7-56c09e74bdb0" testListId="8c84fa94-04c1-424b-9868-57a2d4851a1d" />
    <TestEntry testId="cb4dc6b0-2f30-4f99-9191-270f287b618c" executionId="d30e94bb-ac3d-4d83-bceb-3c343ee4ae18" testListId="8c84fa94-04c1-424b-9868-57a2d4851a1d" />
    <TestEntry testId="f043dd3f-89d5-4e8c-b97a-c6f1c922db79" executionId="eda72c2d-2665-4fb5-a49b-466b560c5df3" testListId="8c84fa94-04c1-424b-9868-57a2d4851a1d" />
    <TestEntry testId="9bd633b7-6a2e-4dd5-858f-870728d38077" executionId="69071d06-ac94-4802-a523-096e59cac6c9" testListId="8c84fa94-04c1-424b-9868-57a2d4851a1d" />
    <TestEntry testId="711a824c-86dc-4260-8510-5649ff067f8d" executionId="c5a1705e-a7f4-4f6a-9b0a-a9377efd2d45" testListId="8c84fa94-04c1-424b-9868-57a2d4851a1d" />
    <TestEntry testId="ab07b020-c5ac-445d-8f15-cd87024ba094" executionId="10066f38-4db2-48bd-9366-924def0cacd7" testListId="8c84fa94-04c1-424b-9868-57a2d4851a1d" />
    <TestEntry testId="00a9bd25-2f52-496e-b7ed-c69bb34d9503" executionId="aea47f77-37a9-435d-bdc7-8550932e0f0f" testListId="8c84fa94-04c1-424b-9868-57a2d4851a1d" />
    <TestEntry testId="967db1ee-f139-43f0-8d9f-9f6daec11a0c" executionId="07335405-d6c3-4d90-8db9-68f201732f00" testListId="8c84fa94-04c1-424b-9868-57a2d4851a1d" />
    <TestEntry testId="32d04ac9-f650-43e3-b78c-e9645f6d7347" executionId="39dd7435-6148-46e0-a16d-801454167742" testListId="8c84fa94-04c1-424b-9868-57a2d4851a1d" />
    <TestEntry testId="adc3114a-03d1-47c9-9596-32161300cbdc" executionId="bcfbed78-156e-496e-a19e-8d5256e05eca" testListId="8c84fa94-04c1-424b-9868-57a2d4851a1d" />
    <TestEntry testId="7ccd3948-00b9-464c-acaa-8e37f93cea98" executionId="d4b08fef-b396-4aa7-a7d5-4e7544cb4c5e" testListId="8c84fa94-04c1-424b-9868-57a2d4851a1d" />
    <TestEntry testId="32d04ac9-f650-43e3-b78c-e9645f6d7347" executionId="29c1c51e-4f05-4cde-adca-4835ff85825e" testListId="8c84fa94-04c1-424b-9868-57a2d4851a1d" />
    <TestEntry testId="761a996c-5cfa-4a4f-ba35-895ee5ea3d62" executionId="502ff96c-824b-4a73-8a10-8d3a9325ceb4" testListId="8c84fa94-04c1-424b-9868-57a2d4851a1d" />
    <TestEntry testId="407938e4-c268-4f0e-aa4b-1f157ec141a5" executionId="23deb42c-bc28-4317-9160-0b1c39309594" testListId="8c84fa94-04c1-424b-9868-57a2d4851a1d" />
    <TestEntry testId="cb26e0e9-39a1-4feb-bde3-a11b622f9dc9" executionId="7bb7bf86-60e4-4443-b1c1-0dfa0ae31489" testListId="8c84fa94-04c1-424b-9868-57a2d4851a1d" />
    <TestEntry testId="1c83d994-4e30-4508-a10a-0f4bcb830808" executionId="f5121ce4-1f43-4e05-85af-e14ca3bdde3c" testListId="8c84fa94-04c1-424b-9868-57a2d4851a1d" />
    <TestEntry testId="dd8119cd-46f9-47ef-bfbd-d813106a8a71" executionId="daa7463f-f684-4590-8c23-5402812433c9" testListId="8c84fa94-04c1-424b-9868-57a2d4851a1d" />
    <TestEntry testId="019578d6-0f5f-4764-a47f-f0a0c3b5d674" executionId="1b4cc100-efac-4d2d-b463-f0a8c996b51e" testListId="8c84fa94-04c1-424b-9868-57a2d4851a1d" />
    <TestEntry testId="59b19259-b9bb-49e4-8b0c-c350fa5492c3" executionId="448dc3b9-7832-4323-a016-3a3b99004075" testListId="8c84fa94-04c1-424b-9868-57a2d4851a1d" />
    <TestEntry testId="7948d739-353d-4e02-95c6-00f85f3a17f1" executionId="1d453279-22ea-43a6-921d-48a3a3038253" testListId="8c84fa94-04c1-424b-9868-57a2d4851a1d" />
    <TestEntry testId="46771409-806a-4134-83f6-fab38626998c" executionId="18c9e2cf-c5f6-461f-b4e7-5dc88c23896c" testListId="8c84fa94-04c1-424b-9868-57a2d4851a1d" />
    <TestEntry testId="1c83d994-4e30-4508-a10a-0f4bcb830808" executionId="908c122f-fdb1-4204-8ae2-f09da5011c10" testListId="8c84fa94-04c1-424b-9868-57a2d4851a1d" />
    <TestEntry testId="33f000c0-096b-40f8-a2bf-3ca4055dec6a" executionId="f7194fb5-59f7-412e-9bcc-dc34c7c635af" testListId="8c84fa94-04c1-424b-9868-57a2d4851a1d" />
    <TestEntry testId="59b19259-b9bb-49e4-8b0c-c350fa5492c3" executionId="50483910-0f37-4534-8215-a3258b86f228" testListId="8c84fa94-04c1-424b-9868-57a2d4851a1d" />
    <TestEntry testId="17b11c7f-3e9a-4719-8b72-7df5eee47e79" executionId="69a05c19-69ad-4308-8636-a976ce370bbb" testListId="8c84fa94-04c1-424b-9868-57a2d4851a1d" />
    <TestEntry testId="983c45c2-0520-4dce-9eef-2d333993a841" executionId="37b891ef-2b20-47a4-85cc-673df98c154a" testListId="8c84fa94-04c1-424b-9868-57a2d4851a1d" />
    <TestEntry testId="a3839fa4-daa6-41d7-a96a-2b748985ea9c" executionId="0ec46dcb-8188-4920-acad-8d7a4738c3b4" testListId="8c84fa94-04c1-424b-9868-57a2d4851a1d" />
    <TestEntry testId="fdc56db0-4f9f-4130-bde1-cc3700fc053a" executionId="81f0e789-2dfa-40e1-b9ea-83a8420a9fa8" testListId="8c84fa94-04c1-424b-9868-57a2d4851a1d" />
    <TestEntry testId="e153d74c-5cd1-4cad-bb82-527f4537f66d" executionId="3fc7b3e1-ac45-4d31-bf75-d84126433ac4" testListId="8c84fa94-04c1-424b-9868-57a2d4851a1d" />
    <TestEntry testId="fccc70b6-ecc6-475b-8dfc-08b047cc94b4" executionId="213181bb-4792-47d8-b270-cd19c6fff9da" testListId="8c84fa94-04c1-424b-9868-57a2d4851a1d" />
    <TestEntry testId="9b103818-b757-4182-85bd-35540acd0095" executionId="58e51c1d-634f-4235-9cdb-755c01a2bf90" testListId="8c84fa94-04c1-424b-9868-57a2d4851a1d" />
    <TestEntry testId="8cdb4bef-4a1e-4db7-bb5e-88c5b3d6bdb5" executionId="c016dedc-9386-4cbc-8fa5-53610800ce70" testListId="8c84fa94-04c1-424b-9868-57a2d4851a1d" />
    <TestEntry testId="304af379-1908-421b-bfd0-0806c6c2ca7d" executionId="07976a86-bdfe-46a7-8841-6ff14d74c7bf" testListId="8c84fa94-04c1-424b-9868-57a2d4851a1d" />
    <TestEntry testId="d8b2f566-600e-4798-9666-a1d29357d874" executionId="4d880480-3cb2-4ce9-8f20-56233270c0ac" testListId="8c84fa94-04c1-424b-9868-57a2d4851a1d" />
    <TestEntry testId="711a824c-86dc-4260-8510-5649ff067f8d" executionId="5f45c74b-e0dc-4c5c-96b7-e0222e082a64" testListId="8c84fa94-04c1-424b-9868-57a2d4851a1d" />
    <TestEntry testId="9bd633b7-6a2e-4dd5-858f-870728d38077" executionId="411ff5c1-e99f-4dbb-91cd-8255d5a99365" testListId="8c84fa94-04c1-424b-9868-57a2d4851a1d" />
    <TestEntry testId="a1aeab77-ec26-453c-a164-7d142e3d36e1" executionId="c2b56214-eb4e-4069-90ec-380eeeed1e9a" testListId="8c84fa94-04c1-424b-9868-57a2d4851a1d" />
    <TestEntry testId="13aae70f-0034-4e3f-b613-9be92a0ed934" executionId="51a01228-50f4-4a74-9724-c0d80afbdde2" testListId="8c84fa94-04c1-424b-9868-57a2d4851a1d" />
    <TestEntry testId="b682b881-14bd-4ea1-943e-6f75ca47550a" executionId="e456b9fb-ebf4-43cd-a0af-31d061d0715b" testListId="8c84fa94-04c1-424b-9868-57a2d4851a1d" />
    <TestEntry testId="dd8119cd-46f9-47ef-bfbd-d813106a8a71" executionId="7f7d0f26-f2b7-4471-8324-17f1d673ab59" testListId="8c84fa94-04c1-424b-9868-57a2d4851a1d" />
    <TestEntry testId="bf045db8-9031-4d0e-850b-1fcd1ef99fb5" executionId="94a39fdf-62e7-420e-8771-d265dc2935b5" testListId="8c84fa94-04c1-424b-9868-57a2d4851a1d" />
    <TestEntry testId="6ef62b73-7f76-4922-9737-89d0c9e5e42f" executionId="94636a25-90c7-4a3e-b1c5-fa5acbd3e080" testListId="8c84fa94-04c1-424b-9868-57a2d4851a1d" />
    <TestEntry testId="72d995af-05f4-4483-91f4-1b8f43b258eb" executionId="21149cd5-b073-4743-97c8-754825a1be06" testListId="8c84fa94-04c1-424b-9868-57a2d4851a1d" />
    <TestEntry testId="690dd642-4ef5-4b34-a08e-ddadd45edab1" executionId="9eec29a8-dab4-47c5-8c4d-c7d44f791f6c" testListId="8c84fa94-04c1-424b-9868-57a2d4851a1d" />
    <TestEntry testId="916f53a9-05bb-4b1a-a074-3621d3ed4ec2" executionId="87b35d04-2017-4c73-a782-45019c0aa18c" testListId="8c84fa94-04c1-424b-9868-57a2d4851a1d" />
    <TestEntry testId="df085498-45ad-441d-9eef-0291afe69fa0" executionId="0e48a6dc-a957-447f-b498-28b2a75b6b21" testListId="8c84fa94-04c1-424b-9868-57a2d4851a1d" />
    <TestEntry testId="963f99ed-ae88-4f51-942d-dffc1c4cb04f" executionId="fd06e73b-f910-49b7-8a5f-458b22862978" testListId="8c84fa94-04c1-424b-9868-57a2d4851a1d" />
    <TestEntry testId="145d0143-e80c-4335-a82e-da0dbbd5f73a" executionId="8fe6d5b7-c85b-4eb9-95d4-062090bb2e39" testListId="8c84fa94-04c1-424b-9868-57a2d4851a1d" />
    <TestEntry testId="0e75552d-9087-4d9e-9055-d4e60f4ec463" executionId="32399c36-18c5-4c7b-8ecc-2e1971b4ce39" testListId="8c84fa94-04c1-424b-9868-57a2d4851a1d" />
    <TestEntry testId="5c4edbe5-b795-4a90-83e4-465a6fb7ab4d" executionId="1f17f03c-a698-4b22-90c4-de6a76d14850" testListId="8c84fa94-04c1-424b-9868-57a2d4851a1d" />
    <TestEntry testId="20b04d85-b157-4deb-9237-124d0d6f3b8f" executionId="91275169-52ad-4ef2-aa1b-93bba95725a0" testListId="8c84fa94-04c1-424b-9868-57a2d4851a1d" />
    <TestEntry testId="ecadee38-50e1-498c-be40-633ac2654e21" executionId="1ecb9ebf-b13a-40c8-a0a4-03c4e6e47139" testListId="8c84fa94-04c1-424b-9868-57a2d4851a1d" />
    <TestEntry testId="df085498-45ad-441d-9eef-0291afe69fa0" executionId="59d09a8b-537c-4f61-9f36-839a95111a05" testListId="8c84fa94-04c1-424b-9868-57a2d4851a1d" />
    <TestEntry testId="b9941a3d-38e3-4873-a191-b471db4b0933" executionId="c5b4576b-f84b-4d2a-adad-8e1256b06a63" testListId="8c84fa94-04c1-424b-9868-57a2d4851a1d" />
    <TestEntry testId="f169960a-8ee1-44a9-a47e-c7d1f1162937" executionId="5c0f7dda-7214-4c29-8d2b-09ff0f1cf3e6" testListId="8c84fa94-04c1-424b-9868-57a2d4851a1d" />
    <TestEntry testId="3960e942-b587-4c35-be52-c137fa35dfef" executionId="82b95261-27b2-4bda-bcbf-dbac89f31de4" testListId="8c84fa94-04c1-424b-9868-57a2d4851a1d" />
    <TestEntry testId="d7ce4a6e-7a01-41c8-8efe-d34cac9d4d98" executionId="d6cdc931-5cbe-4254-a4ce-1fc1b3cfd033" testListId="8c84fa94-04c1-424b-9868-57a2d4851a1d" />
    <TestEntry testId="1f7d2681-bf57-4f78-86fe-d2f376874abb" executionId="402373f4-a107-4b08-83e3-2d2a9e28146a" testListId="8c84fa94-04c1-424b-9868-57a2d4851a1d" />
    <TestEntry testId="b85bb2ef-26e9-4ef9-9fce-21372450f94b" executionId="48a236f9-12f8-4c67-a252-c3f68ec9844c" testListId="8c84fa94-04c1-424b-9868-57a2d4851a1d" />
    <TestEntry testId="e3bff8d2-4e3e-4fef-9c0b-a2ffbb479447" executionId="605b012e-0f17-4cf2-9cc0-b26beb551e56" testListId="8c84fa94-04c1-424b-9868-57a2d4851a1d" />
    <TestEntry testId="75137b7a-080a-41f3-8969-028a1913e88c" executionId="15d9a6de-a2d1-48b1-91a9-e9d29b2d217c" testListId="8c84fa94-04c1-424b-9868-57a2d4851a1d" />
    <TestEntry testId="20b04d85-b157-4deb-9237-124d0d6f3b8f" executionId="927ccc84-ef32-48c1-94c0-f54281561be6" testListId="8c84fa94-04c1-424b-9868-57a2d4851a1d" />
    <TestEntry testId="f44efdce-3b40-49ca-abb5-753a1aa108ba" executionId="d46f284e-b0ea-4473-be85-ef4cde02795a" testListId="8c84fa94-04c1-424b-9868-57a2d4851a1d" />
    <TestEntry testId="e389a7d4-be1f-4a52-818f-3193af2254d2" executionId="30670d25-af7b-431d-8377-431bebb0504f" testListId="8c84fa94-04c1-424b-9868-57a2d4851a1d" />
    <TestEntry testId="5c4edbe5-b795-4a90-83e4-465a6fb7ab4d" executionId="47abd09c-00c4-49d0-93d0-1b8732395eb8" testListId="8c84fa94-04c1-424b-9868-57a2d4851a1d" />
    <TestEntry testId="dee72b28-fb8f-4b68-9e56-22354947a175" executionId="32010710-126a-4e00-8a64-1aacfc948831" testListId="8c84fa94-04c1-424b-9868-57a2d4851a1d" />
    <TestEntry testId="6c55503a-9246-4762-bb1a-5ee9ba55f49a" executionId="11466ac5-6773-41ff-aa64-1f67653d7bc6" testListId="8c84fa94-04c1-424b-9868-57a2d4851a1d" />
    <TestEntry testId="72e03210-f6e2-4c48-b3aa-72b4e173b6ad" executionId="ce05ebf8-3fc7-4552-8db5-cabc2111cb2f" testListId="8c84fa94-04c1-424b-9868-57a2d4851a1d" />
    <TestEntry testId="d84aca59-9f6e-41b5-9876-7028a83748c4" executionId="7b844bb7-6752-44a5-a261-c8d77d547553" testListId="8c84fa94-04c1-424b-9868-57a2d4851a1d" />
    <TestEntry testId="3712839c-24e4-4e4f-8b5d-a7380651c448" executionId="ba4c6a56-80d5-45a7-8f9d-06a390543130" testListId="8c84fa94-04c1-424b-9868-57a2d4851a1d" />
    <TestEntry testId="70b3e04c-c244-4b43-a5b9-00df44516b27" executionId="cbd3b2cc-b14a-45ab-b268-e135ff4d24ab" testListId="8c84fa94-04c1-424b-9868-57a2d4851a1d" />
    <TestEntry testId="cfc5f650-0357-4b7d-850f-e1f06bff46d8" executionId="3f2074ef-fe25-4a98-9b5e-3d32aafa4440" testListId="8c84fa94-04c1-424b-9868-57a2d4851a1d" />
    <TestEntry testId="c66a60bd-05fc-4f91-9075-71279ba7b413" executionId="52ad83ac-1ce9-4d1b-b89e-a2adfcb3131a" testListId="8c84fa94-04c1-424b-9868-57a2d4851a1d" />
  </TestEntries>
  <TestLists>
    <TestList name="Results Not in a List" id="8c84fa94-04c1-424b-9868-57a2d4851a1d" />
    <TestList name="All Loaded Results" id="19431567-8539-422a-85d7-44ee4e166bda" />
  </TestLists>
  <ResultSummary outcome="Failed">
    <Counters total="248" executed="248" passed="146" failed="102" error="0" timeout="0" aborted="0" inconclusive="0" passedButRunAborted="0" notRunnable="0" notExecuted="0" disconnected="0" warning="0" completed="0" inProgress="0" pending="0" />
    <Output>
      <StdOut>Running on GdUnit4 test engine version: 5.0.0.0
Discover tests from assembly: /home/adam/Dev/omega-spiral/chapter-zero/.godot/mono/temp/bin/Debug/chapter-zero.dll
Discover:  TestSuite TerminalWindowTestsNew with 11 TestCases found.
Discover:  TestSuite OmegaSpiral.Tests.Ui.Terminal.TerminalWindowFrameLayoutTests with 8 TestCases found.
Discover:  TestSuite OmegaSpiral.Tests.Stages.Stage2.NethackDirectorTests with 1 TestCases found.
Discover:  TestSuite OmegaSpiral.Tests.Integration.SceneLoadingAndViewportTests with 5 TestCases found.
Discover:  TestSuite OmegaSpiral.Tests.Integration.Ui.MenuUiTests with 12 TestCases found.
Discover:  TestSuite OmegaSpiral.Tests.Integration.Ui.CreditsMenuTests with 7 TestCases found.
Discover:  TestSuite OmegaSpiral.Tests.Integration.Ui.OmegaUiTests with 27 TestCases found.
Discover:  TestSuite OmegaSpiral.Tests.Integration.Ui.PauseMenuTests with 6 TestCases found.
Discover:  TestSuite OmegaSpiral.Tests.Integration.Ui.TerminalUITests with 9 TestCases found.
Discover:  TestSuite OmegaSpiral.Tests.Integration.Ui.Menus.MainMenuTests with 23 TestCases found.
Discover:  TestSuite OmegaSpiral.Tests.Integration.Common.TerminalIntegrationTests with 5 TestCases found.
Discover:  TestSuite OmegaSpiral.Tests.Unit.Ui.OmegaUi_UnitTests with 6 TestCases found.
Discover:  TestSuite OmegaSpiral.Tests.Unit.Common.GameStateTests with 6 TestCases found.
Discover:  TestSuite OmegaSpiral.Tests.Unit.Common.SceneManagerTests with 6 TestCases found.
Discover:  TestSuite OmegaSpiral.Tests.Unit.Common.Terminal.TerminalChoicePresenterTests with 8 TestCases found.
Discover:  TestSuite OmegaSpiral.Tests.Unit.Common.Terminal.TerminalShaderControllerTests with 11 TestCases found.
Discover:  TestSuite OmegaSpiral.Tests.Unit.Common.Terminal.TerminalTextRendererTests with 12 TestCases found.
Discover:  TestSuite OmegaSpiral.Tests.Common.GameStateSignalTests with 5 TestCases found.
Discover tests done, 18 TestSuites and total 168 Tests found.
Running on GdUnit4 test engine version: 5.0.0.0
Set test session timeout to: 00:30:00
Detected IDE Unknown
Starting tests for assembly: /home/adam/Dev/omega-spiral/chapter-zero/.godot/mono/temp/bin/Debug/chapter-zero.dll
Search '.csproj' at /home/adam/Dev/omega-spiral/chapter-zero/.godot/mono/temp/bin/Debug/chapter-zero.dll
Set current working directory to: /home/adam/Dev/omega-spiral/chapter-zero
Starting GodotGdUnit4RestClient.
Working dir /home/adam/Dev/omega-spiral/chapter-zero
Rebuild Godot Project ... /home/adam/Godot_v4.6-dev2_mono_linux_x86_64/Godot_v4.6-dev2_mono_linux.x86_64 --path . -e --headless --quit-after 1000 --verbose
.. WorkerThreadPool: 6 threads, 4 max low-priority.
.. Godot Engine v4.6.dev2.mono.official.7864ac801 - https://godotengine.org
.. TextServer: Added interface "Dummy"
.. TextServer: Added interface "ICU / HarfBuzz / Graphite (Built-in)"
.. Unrecognized output string "misc2" in mapping:
.. 030000000d0f0000ab01000011010000,Horipad Steam,a:b0,b:b1,back:b10,dpdown:h0.4,dpleft:h0.8,dpright:h0.2,dpup:h0.1,guide:b12,leftshoulder:b6,leftstick:b13,lefttrigger:a5,leftx:a0,lefty:a1,misc2:b2,paddle1:b19,paddle2:b18,paddle3:b15,paddle4:b5,rightshoulder:b7,rightstick:b14,righttrigger:a4,rightx:a2,righty:a3,start:b11,x:b3,y:b4,platform:Linux,
.. Unrecognized output string "misc2" in mapping:
.. 050000000d0f00009601000091000000,Horipad Steam,a:b0,b:b1,back:b10,dpdown:h0.4,dpleft:h0.8,dpright:h0.2,dpup:h0.1,guide:b12,leftshoulder:b6,leftstick:b13,lefttrigger:a5,leftx:a0,lefty:a1,misc2:b2,paddle1:b19,paddle2:b18,paddle3:b15,paddle4:b5,rightshoulder:b7,rightstick:b14,righttrigger:a4,rightx:a2,righty:a3,start:b11,x:b3,y:b4,platform:Linux,
.. Unrecognized output string "misc2" in mapping:
.. 030000007e0500006920000011010000,Nintendo Switch 2 Pro Controller,a:b0,b:b1,back:b14,dpdown:b8,dpleft:b10,dpright:b9,dpup:b11,guide:b16,leftshoulder:b12,leftstick:b15,lefttrigger:b13,leftx:a0,lefty:a1~,misc1:b17,misc2:b20,paddle1:b18,paddle2:b19,rightshoulder:b4,rightstick:b7,righttrigger:b5,rightx:a2,righty:a3~,start:b6,x:b2,y:b3,platform:Linux,
.. SDL: Init OK!
.. Using "default" pen tablet driver...
.. TextServer: Primary interface set to: "ICU / HarfBuzz / Graphite (Built-in)".
.. .NET: Initializing module...
.. Found hostfxr: /usr/lib/dotnet/host/fxr/10.0.0-rc.2.25502.107/libhostfxr.so
.. .NET: hostfxr initialized
.. .NET: GodotPlugins initialized
.. Loading resource: res://theme.tres
.. Loading resource: res://default_bus_layout.tres
.. CORE API HASH: 3234800178
.. EDITOR API HASH: 4055853480
.. SceneTreeFTI: traversal method DEFAULT
.. Loading resource: res://addons/dialogic/Resources/TimelineResourceLoader.gd
.. Loading resource: res://addons/dialogic/Resources/CharacterResourceLoader.gd
.. Loading resource: res://addons/dialogic/Resources/TimelineResourceSaver.gd
.. Loading resource: res://addons/dialogic/Resources/CharacterResourceSaver.gd
.. Loading resource: /home/adam/.config/godot/editor_settings-4.6.tres
.. EditorSettings: Load OK!
.. EditorTheme: Generating new theme for the config '66886095'.
.. EditorTheme: Generating new icons.
.. EditorTheme: Generating new fonts.
.. EditorTheme: Generating new styles.
.. Found .NET Sdk version '10.0.100': /usr/lib/dotnet/sdk/10.0.100-rc.2.25502.107/
.. Loading resource: /home/adam/.cache/godot/editor_doc_cache-4.6.res
.. Loaded system CA certificates
.. Failed to bind socket. Error: 3.
.. Loading resource: res://addons/godot_xterm/themes/fonts/regular.tres
.. Loading resource: res://addons/godot_xterm/themes/fonts/jet_brains_mono/jet_brains_mono_nl-regular-2.304.ttf
.. Loading resource: res://.godot/imported/jet_brains_mono_nl-regular-2.304.ttf-96fa438503371775be3cc744a4450fc2.fontdata
.. Loading resource: res://addons/godot_xterm/icons/terminal_icon.svg
.. Loading resource: res://.godot/imported/terminal_icon.svg-2a4b198a0e3aa43f04b43cec3e3f109d.editor.ctex
.. Loading resource: res://addons/godot_xterm/shaders/background.gdshader
.. Loading resource: res://addons/godot_xterm/shaders/common.gdshaderinc
.. Loading resource: res://addons/godot_xterm/shaders/foreground.gdshader
.. [   0% ] \u001b[90m\u001b[1mfirst_scan_filesystem\u001b[22m | Started Project initialization (5 steps)\u001b[39m\u001b[0m
.. [   0% ] \u001b[90m\u001b[1mfirst_scan_filesystem\u001b[22m | Scanning file structure...\u001b[39m\u001b[0m
.. [  16% ] \u001b[90m\u001b[1mfirst_scan_filesystem\u001b[22m | Loading global class names...\u001b[39m\u001b[0m
.. [  33% ] \u001b[90m\u001b[1mfirst_scan_filesystem\u001b[22m | Verifying GDExtensions...\u001b[39m\u001b[0m
.. [  50% ] \u001b[90m\u001b[1mfirst_scan_filesystem\u001b[22m | Creating autoload scripts...\u001b[39m\u001b[0m
.. Loading resource: res://source/infrastructure/GameManager.cs
.. Loading resource: res://source/scripts/SceneManager.cs
.. Loading resource: res://source/common/GameState.cs
.. Loading resource: res://source/field/FieldEvents.cs
.. Loading resource: res://source/field/FieldCamera.cs
.. Loading resource: res://source/field/gameboard/Gameboard.cs
.. Loading resource: res://source/field/gamepieces/GamepieceRegistry.cs
.. Loading resource: res://source/common/Player.cs
.. Loading resource: res://source/combat/CombatEvents.cs
.. Loading resource: res://source/audio/AudioManager.cs
.. [  66% ] \u001b[90m\u001b[1mfirst_scan_filesystem\u001b[22m | Initializing plugins...\u001b[39m\u001b[0m
.. Loading resource: res://addons/fuku/fuku.gd
.. Loading resource: res://addons/fuku/control.tscn
.. Loading resource: res://addons/fuku/control.gd
.. Loading resource: res://addons/fuku/JetBrainsMono-Medium.ttf
.. Loading resource: res://.godot/imported/JetBrainsMono-Medium.ttf-73d5538132d4c3677152115b43368fec.fontdata
.. Loading resource: res://addons/fuku/JetBrainsMono-ExtraBold.ttf
.. Loading resource: res://.godot/imported/JetBrainsMono-ExtraBold.ttf-924649c1cb7e0fb1c1793bd53f941716.fontdata
.. Loading resource: res://addons/fuku/fuku.png
.. Loading resource: res://.godot/imported/fuku.png-400f2ee485d6a2332e8c6e01d6c4d42e.ctex
.. No .env file found at: res://addons/fuku/.env
.. Loading resource: res://addons/gdUnit4/plugin.gd
.. \u001b[38;2;218;165;32mIt was recognized that GdUnit4 is running in a test environment, therefore the GdUnit4 plugin will not be executed!\u001b[0m
.. Loading resource: res://addons/godot_xterm/plugin.gd
.. Loading resource: res://addons/godot_xterm/editor_plugins/terminal/terminal_panel.tscn
.. Loading resource: res://addons/godot_xterm/editor_plugins/terminal/terminal_panel.gd
.. Loading resource: res://addons/godot_xterm/editor_plugins/terminal/editor_terminal.tscn
.. Loading resource: res://addons/godot_xterm/editor_plugins/terminal/editor_terminal.gd
.. Loading resource: res://addons/godot_xterm/editor_plugins/terminal/settings/default_new_terminal_shortcut.tres
.. Loading resource: res://addons/godot_xterm/editor_plugins/terminal/settings/default_kill_terminal_shortcut.tres
.. Loading resource: res://addons/godot_xterm/editor_plugins/terminal/settings/default_copy_shortcut.tres
.. Loading resource: res://addons/godot_xterm/editor_plugins/terminal/settings/default_paste_shortcut.tres
.. Loading resource: res://addons/godot_xterm/editor_plugins/terminal/settings/default_tab_right_shortcut.tres
.. Loading resource: res://addons/godot_xterm/editor_plugins/terminal/settings/default_tab_left_shortcut.tres
.. Loading resource: res://addons/type_writer_label/twl_init.gd
.. Loading resource: res://addons/type_writer_label/classes/type_writer_label_icon.svg
.. Loading resource: res://.godot/imported/type_writer_label_icon.svg-4ed2f6ad1e9b0ca97691e0060c880e78.ctex
.. Loading resource: res://addons/yaml/plugin.gd
.. Loading resource: res://addons/yaml/editor/yaml_editor.tscn
.. Loading resource: res://addons/yaml/editor/yaml_editor.gd
.. Loading resource: res://addons/yaml/icon.svg
.. Loading resource: res://.godot/imported/icon.svg-ad4bce00ca28a384cd5c86906720a0a3.ctex
.. Loading resource: res://addons/dialogic/plugin.gd
.. Loading resource: res://addons/dialogic/Editor/editor_main.tscn
.. Loading resource: res://addons/dialogic/Editor/editor_main.gd
.. Loading resource: res://addons/dialogic/Editor/editors_manager.gd
.. Loading resource: res://addons/dialogic/Editor/Images/plugin-icon.svg
.. Loading resource: res://.godot/imported/plugin-icon.svg-aa6701e8ed73f5fe5d177dfddce3a0e3.editor.ctex
.. Loading resource: res://addons/dialogic/Editor/Common/side_bar.tscn
.. Loading resource: res://addons/dialogic/Editor/Images/Pieces/close-icon.svg
.. Loading resource: res://.godot/imported/close-icon.svg-c630c93ada599b08938f4854f5376f2f.editor.ctex
.. Loading resource: res://addons/dialogic/Editor/Images/Pieces/closed-icon.svg
.. Loading resource: res://.godot/imported/closed-icon.svg-b4f16653b91d6792313a130565319b2f.editor.ctex
.. Loading resource: res://addons/dialogic/Editor/Common/toolbar.gd
.. Loading resource: res://addons/dialogic/Editor/Images/Resources/character.svg
.. Loading resource: res://.godot/imported/character.svg-48bc1c93fa13733a935ca2c669d933a7.editor.ctex
.. Loading resource: res://addons/dialogic/Modules/Glossary/icon.svg
.. Loading resource: res://.godot/imported/icon.svg-4fc0c12c53379638e37d654e7bbaea1a.editor.ctex
.. Loading resource: res://addons/dialogic/Modules/StyleEditor/styles_icon.svg
.. Loading resource: res://.godot/imported/styles_icon.svg-c55f9f7d15c3512c8b20dbf30eed7047.editor.ctex
.. Loading resource: res://addons/dialogic/Modules/Variable/variable.svg
.. Loading resource: res://.godot/imported/variable.svg-52aeb47fe1705a3f04d919f8dcd5d319.editor.ctex
.. Loading resource: res://addons/dialogic/Editor/Common/reference_manager.tscn
.. Loading resource: res://addons/dialogic/Editor/Common/reference_manager.gd
.. Loading resource: res://addons/dialogic/Editor/Common/broken_reference_manager.gd
.. Loading resource: res://addons/dialogic/Editor/Common/ReferenceManager_AddReplacementPanel.gd
.. Loading resource: res://addons/dialogic/Editor/Events/Fields/field_options_dynamic.tscn
.. Loading resource: res://addons/dialogic/Editor/Events/Fields/field_options_dynamic.gd
.. Loading resource: res://addons/dialogic/Editor/Common/unique_identifiers_manager.gd
.. Loading resource: res://addons/dialogic/Editor/Common/reference_manager_window.gd
.. Loading resource: res://addons/dialogic/Editor/TimelineEditor/TextEditor/CodeCompletionHelper.gd
.. Loading resource: res://addons/dialogic/Editor/Common/update_manager.gd
.. Loading resource: res://addons/dialogic/Editor/Common/update_install_window.tscn
.. Loading resource: res://addons/dialogic/Editor/Common/update_install_window.gd
.. Loading resource: res://addons/dialogic/Editor/TimelineEditor/TextEditor/syntax_highlighter.gd
.. Loading resource: res://addons/dialogic/Editor/Images/dialogic-logo.svg
.. Loading resource: res://.godot/imported/dialogic-logo.svg-e43201cabc9573eeb3f78fd91ea9d909.ctex
.. Loading resource: res://addons/dialogic/Editor/HomePage/home_page.tscn
.. Loading resource: res://addons/dialogic/Editor/HomePage/home_page.gd
.. Loading resource: res://addons/dialogic/Editor/HomePage/icon_bg.png
.. Loading resource: res://.godot/imported/icon_bg.png-5937ce0a857c4a8a9d624ea9ebf09a97.ctex
.. Loading resource: res://addons/dialogic/Editor/TimelineEditor/timeline_editor.tscn
.. Loading resource: res://addons/dialogic/Editor/TimelineEditor/timeline_editor.gd
.. Loading resource: res://addons/dialogic/Editor/TimelineEditor/VisualEditor/timeline_editor_visual.tscn
.. Loading resource: res://addons/dialogic/Editor/TimelineEditor/VisualEditor/timeline_editor_visual.gd
.. Loading resource: res://addons/dialogic/Editor/Theme/MainTheme.tres
.. Loading resource: res://addons/dialogic/Editor/TimelineEditor/VisualEditor/TimelineArea.gd
.. Loading resource: res://addons/dialogic/Editor/Events/EventBlock/event_right_click_menu.gd
.. Loading resource: res://addons/dialogic/Editor/Common/hint_tooltip_icon.tscn
.. Loading resource: res://addons/dialogic/Editor/Common/hint_tooltip_icon.gd
.. Loading resource: res://addons/dialogic/Editor/TimelineEditor/TextEditor/timeline_editor_text.tscn
.. Loading resource: res://addons/dialogic/Editor/TimelineEditor/TextEditor/timeline_editor_text.gd
.. Loading resource: res://addons/dialogic/Editor/Events/EventBlock/event_block.tscn
.. Loading resource: res://addons/dialogic/Editor/Events/EventBlock/event_block.gd
.. Loading resource: res://addons/dialogic/Editor/Events/styles/unselected_stylebox.tres
.. Loading resource: res://addons/dialogic/Editor/CharacterEditor/character_editor.tscn
.. Loading resource: res://addons/dialogic/Editor/CharacterEditor/character_editor.gd
.. Loading resource: res://addons/dialogic/Editor/Common/hint_tooltip_icon.tscn
.. Loading resource: res://addons/dialogic/Editor/CharacterEditor/character_editor_portrait_tree.gd
.. Loading resource: res://addons/dialogic/Editor/Images/Pieces/add-folder.svg
.. Loading resource: res://.godot/imported/add-folder.svg-41a970370f904038e63c13bddbdb6450.editor.ctex
.. Loading resource: res://addons/dialogic/Modules/Signal/index.gd
.. Loading resource: res://addons/dialogic/Modules/Voice/index.gd
.. Loading resource: res://addons/dialogic/Modules/StyleEditor/index.gd
.. Loading resource: res://addons/dialogic/Modules/Text/index.gd
.. Loading resource: res://addons/dialogic/Modules/Jump/index.gd
.. Loading resource: res://addons/dialogic/Modules/Condition/index.gd
.. Loading resource: res://addons/dialogic/Modules/Choice/index.gd
.. Loading resource: res://addons/dialogic/Modules/History/index.gd
.. Loading resource: res://addons/dialogic/Modules/Audio/index.gd
.. Loading resource: res://addons/dialogic/Modules/LayeredPortrait/index.gd
.. Loading resource: res://addons/dialogic/Modules/Character/index.gd
.. Loading resource: res://addons/dialogic/Modules/Variable/index.gd
.. Loading resource: res://addons/dialogic/Modules/Save/index.gd
.. Loading resource: res://addons/dialogic/Modules/Glossary/index.gd
.. Loading resource: res://addons/dialogic/Modules/Comment/index.gd
.. Loading resource: res://addons/dialogic/Modules/HighlightPortrait/index.gd
.. Loading resource: res://addons/dialogic/Modules/Call/index.gd
.. Loading resource: res://addons/dialogic/Modules/Clear/index.gd
.. Loading resource: res://addons/dialogic/Modules/Core/index.gd
.. Loading resource: res://addons/dialogic/Modules/Background/index.gd
.. Loading resource: res://addons/dialogic/Modules/DefaultLayoutParts/index.gd
.. Loading resource: res://addons/dialogic/Modules/Settings/index.gd
.. Loading resource: res://addons/dialogic/Modules/TextInput/index.gd
.. Loading resource: res://addons/dialogic/Modules/WaitInput/index.gd
.. Loading resource: res://addons/dialogic/Modules/Wait/index.gd
.. Loading resource: res://addons/dialogic/Modules/Style/index.gd
.. Loading resource: res://addons/dialogic/Modules/End/index.gd
.. Loading resource: res://addons/dialogic/Modules/StyleEditor/style_editor.tscn
.. Loading resource: res://addons/dialogic/Modules/StyleEditor/style_editor.gd
.. Loading resource: res://addons/dialogic/Editor/Common/hint_tooltip_icon.tscn
.. Loading resource: res://addons/dialogic/Modules/StyleEditor/style_layer_editor.gd
.. Loading resource: res://addons/dialogic/Modules/StyleEditor/Components/style_layer_tree.gd
.. Loading resource: res://addons/dialogic/Modules/StyleEditor/Components/style_browser_window.gd
.. Loading resource: res://addons/dialogic/Modules/StyleEditor/Components/style_browser.tscn
.. Loading resource: res://addons/dialogic/Modules/StyleEditor/Components/style_browser.gd
.. Loading resource: res://addons/dialogic/Editor/Common/BrowserItem.tscn
.. Loading resource: res://addons/dialogic/Editor/Common/BrowserItem.gd
.. Loading resource: res://addons/dialogic/Modules/Variable/variables_editor/variables_editor.tscn
.. Loading resource: res://addons/dialogic/Modules/Variable/variables_editor/variables_editor.gd
.. Loading resource: res://addons/dialogic/Modules/Variable/variables_editor/variable_tree.gd
.. Loading resource: res://addons/dialogic/Modules/Glossary/glossary_editor.tscn
.. Loading resource: res://addons/dialogic/Modules/Glossary/glossary_editor.gd
.. Loading resource: res://addons/dialogic/Modules/Glossary/add-glossary.svg
.. Loading resource: res://.godot/imported/add-glossary.svg-1cde77c043d3874d9bc84cc14d0ec9dc.editor.ctex
.. Loading resource: res://addons/dialogic/Editor/Settings/settings_editor.tscn
.. Loading resource: res://addons/dialogic/Editor/Settings/settings_editor.gd
.. Loading resource: res://addons/dialogic/Editor/Settings/settings_general.tscn
.. Loading resource: res://addons/dialogic/Editor/Settings/settings_general.gd
.. Loading resource: res://addons/dialogic/Editor/Common/hint_tooltip_icon.tscn
.. Loading resource: res://addons/dialogic/Editor/Events/Fields/field_file.tscn
.. Loading resource: res://addons/dialogic/Editor/Events/Fields/field_file.gd
.. Loading resource: res://addons/dialogic/Editor/Settings/settings_translation.tscn
.. Loading resource: res://addons/dialogic/Editor/Settings/settings_translation.gd
.. Loading resource: res://addons/dialogic/Editor/Common/hint_tooltip_icon.tscn
.. Loading resource: res://addons/dialogic/Editor/Events/Fields/field_file.tscn
.. Loading resource: res://addons/dialogic/Editor/Settings/settings_modules.tscn
.. Loading resource: res://addons/dialogic/Editor/Settings/settings_modules.gd
.. Loading resource: res://addons/dialogic/Modules/Text/settings_text.tscn
.. Loading resource: res://addons/dialogic/Modules/Text/settings_text.gd
.. Loading resource: res://addons/dialogic/Editor/Common/hint_tooltip_icon.tscn
.. Loading resource: res://addons/dialogic/Modules/Choice/settings_choices.tscn
.. Loading resource: res://addons/dialogic/Modules/Choice/settings_choices.gd
.. Loading resource: res://addons/dialogic/Editor/Common/hint_tooltip_icon.tscn
.. Loading resource: res://addons/dialogic/Modules/History/settings_history.tscn
.. Loading resource: res://addons/dialogic/Modules/History/settings_history.gd
.. Loading resource: res://addons/dialogic/Editor/Common/hint_tooltip_icon.tscn
.. Loading resource: res://addons/dialogic/Modules/Audio/settings_audio.tscn
.. Loading resource: res://addons/dialogic/Modules/Audio/settings_audio.gd
.. Loading resource: res://addons/dialogic/Editor/Common/hint_tooltip_icon.tscn
.. Loading resource: res://addons/dialogic/Modules/Character/settings_portraits.tscn
.. Loading resource: res://addons/dialogic/Modules/Character/settings_portraits.gd
.. Loading resource: res://addons/dialogic/Editor/Common/hint_tooltip_icon.tscn
.. Loading resource: res://addons/dialogic/Editor/Events/Fields/field_file.tscn
.. Loading resource: res://addons/dialogic/Modules/Save/settings_save.tscn
.. Loading resource: res://addons/dialogic/Modules/Save/settings_save.gd
.. Loading resource: res://addons/dialogic/Editor/Common/hint_tooltip_icon.tscn
.. Loading resource: res://addons/dialogic/Editor/Events/styles/ResourceMenuPanelBackground.tres
.. Loading resource: res://addons/dialogic/Editor/Common/hint_tooltip_icon.tscn
.. Loading resource: res://addons/dialogic/Editor/Images/Toolbar/add-timeline.svg
.. Loading resource: res://.godot/imported/add-timeline.svg-86961b528ebdf01f585931a15fea1755.editor.ctex
.. Loading resource: res://addons/dialogic/Editor/TimelineEditor/VisualEditor/AddEventButton.tscn
.. Loading resource: res://addons/dialogic/Editor/TimelineEditor/VisualEditor/AddEventButton.gd
.. Loading resource: res://addons/dialogic/Modules/Signal/event_signal.gd
.. Loading resource: res://addons/dialogic/Modules/Jump/event_return.gd
.. Loading resource: res://addons/dialogic/Modules/Condition/event_condition.gd
.. Loading resource: res://addons/dialogic/Modules/History/event_history.gd
.. Loading resource: res://addons/dialogic/Modules/Audio/event_music.gd
.. Loading resource: res://addons/dialogic/Modules/Audio/event_sound.gd
.. Loading resource: res://addons/dialogic/Modules/Variable/event_variable.gd
.. Loading resource: res://addons/dialogic/Modules/Save/event_save.gd
.. Loading resource: res://addons/dialogic/Modules/Comment/event_comment.gd
.. Loading resource: res://addons/dialogic/Modules/Call/event_call.gd
.. Loading resource: res://addons/dialogic/Modules/Clear/event_clear.gd
.. Loading resource: res://addons/dialogic/Modules/Background/event_background.gd
.. Loading resource: res://addons/dialogic/Modules/Settings/event_setting.gd
.. Loading resource: res://addons/dialogic/Modules/TextInput/event_text_input.gd
.. Loading resource: res://addons/dialogic/Modules/WaitInput/event_wait_input.gd
.. Loading resource: res://addons/dialogic/Modules/Wait/event_wait.gd
.. Loading resource: res://addons/dialogic/Modules/Style/event_style.gd
.. Loading resource: res://addons/dialogic/Modules/End/event_end.gd
.. Loading resource: res://addons/dialogic/Modules/Signal/icon.png
.. Loading resource: res://.godot/imported/icon.png-5e2e422904d471016252dff8d4bdfa96.ctex
.. Loading resource: res://addons/dialogic/Modules/Voice/icon.png
.. Loading resource: res://.godot/imported/icon.png-85989da147a1404ecd08c88eac72cda1.ctex
.. Loading resource: res://addons/dialogic/Modules/Jump/icon_jump.png
.. Loading resource: res://.godot/imported/icon_jump.png-50f6cdd715fcbdbed16b43c5beb6b851.ctex
.. Loading resource: res://addons/dialogic/Modules/Jump/icon_label.png
.. Loading resource: res://.godot/imported/icon_label.png-3923bd1131990c8869923c838ffdb9ae.ctex
.. Loading resource: res://addons/dialogic/Modules/Jump/icon_return.svg
.. Loading resource: res://.godot/imported/icon_return.svg-dc7fb704ff391638f73cbbc2b30b32fa.editor.ctex
.. Loading resource: res://addons/dialogic/Modules/Condition/icon.svg
.. Loading resource: res://.godot/imported/icon.svg-502d45c064cc30f576b7b105a01357ce.editor.ctex
.. Loading resource: res://addons/dialogic/Modules/Choice/icon.svg
.. Loading resource: res://.godot/imported/icon.svg-372a9bfce8bea67fff1988d7acf09a9a.editor.ctex
.. Loading resource: res://addons/dialogic/Modules/History/icon.svg
.. Loading resource: res://.godot/imported/icon.svg-82841efe3f86e947d4f66fd24dc8f52c.editor.ctex
.. Loading resource: res://addons/dialogic/Modules/Audio/icon_music.png
.. Loading resource: res://.godot/imported/icon_music.png-ffc971ba1265164a55f745186974be5f.ctex
.. Loading resource: res://addons/dialogic/Modules/Audio/icon_sound.png
.. Loading resource: res://.godot/imported/icon_sound.png-7a1a8a5533773d97969b6311b6a9133f.ctex
.. Loading resource: res://addons/dialogic/Modules/Character/icon.svg
.. Loading resource: res://.godot/imported/icon.svg-4f340f6efbb83004dbd5c761dd1dc448.editor.ctex
.. Loading resource: res://addons/dialogic/Modules/Variable/icon.png
.. Loading resource: res://.godot/imported/icon.png-99064bb3920f49262c581fccbfcfc353.ctex
.. Loading resource: res://addons/dialogic/Modules/Save/icon.svg
.. Loading resource: res://.godot/imported/icon.svg-aad0408eebe298e9d92c76d6f2c79cf6.editor.ctex
.. Loading resource: res://addons/dialogic/Modules/Comment/icon.png
.. Loading resource: res://.godot/imported/icon.png-fab76b8a5886dac0012cf73c317dbee4.ctex
.. Loading resource: res://addons/dialogic/Modules/Call/icon.png
.. Loading resource: res://.godot/imported/icon.png-12e444f0ed59397c7537943ea85b475c.ctex
.. Loading resource: res://addons/dialogic/Modules/Clear/icon.png
.. Loading resource: res://.godot/imported/icon.png-b4986c88bf1e20891dc480c8f4703ca4.ctex
.. Loading resource: res://addons/dialogic/Modules/Background/icon.png
.. Loading resource: res://.godot/imported/icon.png-cab4c78f59b171335e340ba590cf5991.ctex
.. Loading resource: res://addons/dialogic/Modules/Settings/icon.svg
.. Loading resource: res://.godot/imported/icon.svg-d4407cb145fa5c1d965de3d2bd63ce5f.editor.ctex
.. Loading resource: res://addons/dialogic/Modules/TextInput/icon.png
.. Loading resource: res://.godot/imported/icon.png-aea103d18fdc694e2da87b3c5a56be35.ctex
.. Loading resource: res://addons/dialogic/Modules/WaitInput/icon.svg
.. Loading resource: res://.godot/imported/icon.svg-cb8e50b081a310c64183b12c6d12fcf2.editor.ctex
.. Loading resource: res://addons/dialogic/Modules/Wait/icon.svg
.. Loading resource: res://.godot/imported/icon.svg-7e9f52b17ae6e5e1f284e12048cb8f05.editor.ctex
.. Loading resource: res://addons/dialogic/Modules/Style/icon.png
.. Loading resource: res://.godot/imported/icon.png-ee52cc92a2b11ac2a101ff92d2eaaa7c.ctex
.. Loading resource: res://addons/dialogic/Modules/End/icon.png
.. Loading resource: res://.godot/imported/icon.png-8e345f81e023043fdbb4f75b1b0e9bb0.ctex
.. Loading resource: res://addons/dialogic/Modules/Text/icon.svg
.. Loading resource: res://.godot/imported/icon.svg-e2501ddcdef01c7f2c3538940f5abfc1.editor.ctex
.. Loading resource: res://addons/dialogic/Editor/Images/Toolbar/add-character.svg
.. Loading resource: res://.godot/imported/add-character.svg-a658b65c1225b02657a50d5c965e0d5e.editor.ctex
.. Loading resource: res://addons/dialogic/Editor/TimelineEditor/VisualEditor/AddEventButton.tscn
.. Loading resource: res://addons/dialogic/Editor/CharacterEditor/char_edit_section_general.tscn
.. Loading resource: res://addons/dialogic/Editor/CharacterEditor/char_edit_section_general.gd
.. Loading resource: res://addons/dialogic/Editor/Common/hint_tooltip_icon.tscn
.. Loading resource: res://addons/dialogic/Editor/CharacterEditor/char_edit_section_portraits.tscn
.. Loading resource: res://addons/dialogic/Editor/CharacterEditor/char_edit_section_portraits.gd
.. Loading resource: res://addons/dialogic/Editor/Events/Fields/field_vector2.tscn
.. Loading resource: res://addons/dialogic/Editor/Events/Fields/field_vector2.gd
.. Loading resource: res://addons/dialogic/Editor/Events/Fields/field_number.tscn
.. Loading resource: res://addons/dialogic/Editor/Images/Interactable/increment_icon.svg
.. Loading resource: res://.godot/imported/increment_icon.svg-081e6509e76349f0628c55a41e85fd65.editor.ctex
.. Loading resource: res://addons/dialogic/Editor/Images/Interactable/decrement_icon.svg
.. Loading resource: res://.godot/imported/decrement_icon.svg-9556cf56db91e200fb946372e010fd5e.editor.ctex
.. Loading resource: res://addons/dialogic/Editor/Images/Resources/portrait.svg
.. Loading resource: res://.godot/imported/portrait.svg-7d29c7cfe3e086d65dce33c3d66c48cd.editor.ctex
.. Loading resource: res://addons/dialogic/Editor/CharacterEditor/char_edit_p_section_main_exports.tscn
.. Loading resource: res://addons/dialogic/Editor/CharacterEditor/char_edit_p_section_main_exports.gd
.. Loading resource: res://addons/dialogic/Editor/CharacterEditor/char_edit_p_section_exports.tscn
.. Loading resource: res://addons/dialogic/Editor/CharacterEditor/char_edit_p_section_exports.gd
.. Loading resource: res://addons/dialogic/Editor/CharacterEditor/char_edit_p_section_main.tscn
.. Loading resource: res://addons/dialogic/Editor/CharacterEditor/char_edit_p_section_main.gd
.. Loading resource: res://addons/dialogic/Editor/Events/Fields/field_file.tscn
.. Loading resource: res://addons/dialogic/Editor/CharacterEditor/portrait_scene_browser.tscn
.. Loading resource: res://addons/dialogic/Editor/CharacterEditor/portrait_scene_browser.gd
.. Loading resource: res://addons/dialogic/Editor/Common/hint_tooltip_icon.tscn
.. Loading resource: res://addons/dialogic/Editor/CharacterEditor/char_edit_p_section_layout.tscn
.. Loading resource: res://addons/dialogic/Editor/CharacterEditor/char_edit_p_section_layout.gd
.. Loading resource: res://addons/dialogic/Editor/Events/Fields/field_vector2.tscn
.. Loading resource: res://addons/dialogic/Editor/Events/Fields/field_number.tscn
.. Loading resource: res://addons/dialogic/Modules/Text/character_settings/character_moods_settings.tscn
.. Loading resource: res://addons/dialogic/Modules/Text/character_settings/character_moods_settings.gd
.. Loading resource: res://addons/dialogic/Editor/Events/Fields/field_file.tscn
.. Loading resource: res://addons/dialogic/Editor/Events/Fields/field_number.tscn
.. Loading resource: res://addons/dialogic/Modules/Text/node_type_sound.gd
.. Loading resource: res://addons/dialogic/Editor/Common/hint_tooltip_icon.tscn
.. Loading resource: res://addons/dialogic/Modules/Text/character_settings/character_portrait_mood_settings.tscn
.. Loading resource: res://addons/dialogic/Modules/Text/character_settings/character_portrait_mood_settings.gd
.. Loading resource: res://addons/dialogic/Modules/Style/character_settings_style.tscn
.. Loading resource: res://addons/dialogic/Modules/Style/character_settings_style.gd
.. Loading resource: res://addons/dialogic/Editor/Common/hint_tooltip_icon.tscn
.. Loading resource: res://addons/dialogic/Editor/Inspector/inspector_plugin.gd
.. [  83% ] \u001b[90m\u001b[1mfirst_scan_filesystem\u001b[22m | Starting file scan...\u001b[39m\u001b[0m
.. \u001b[92m[ DONE ]\u001b[39m \u001b[1mfirst_scan_filesystem\u001b[22m
.. \u001b[0m
:: ERROR: res://source/ui/omega/omega_ui_button.theme.tres:1 - Parse Error: .
:: at: _printerr (scene/resources/resource_format_text.cpp:40)
:: ERROR: res://source/ui/omega/omega_ui_button.theme.tres:1 - Parse Error: .
:: at: _printerr (scene/resources/resource_format_text.cpp:40)
:: ERROR: res://source/ui/omega/omega_ui_button.theme.tres:1 - Parse Error: .
:: at: _printerr (scene/resources/resource_format_text.cpp:40)
:: ERROR: res://source/ui/omega/omega_ui_button.theme.tres:1 - Parse Error: .
:: at: _printerr (scene/resources/resource_format_text.cpp:40)
:: ERROR: Condition "error != OK" is true.
:: at: get_dependencies (scene/resources/resource_format_text.cpp:900)
:: ERROR: res://source/ui/omega/omega_ui_button.tscn:1 - Parse Error: .
:: at: _printerr (scene/resources/resource_format_text.cpp:40)
:: ERROR: res://source/ui/omega/omega_ui_button.tscn:1 - Parse Error: .
:: at: _printerr (scene/resources/resource_format_text.cpp:40)
:: ERROR: Condition "error != OK" is true.
:: at: get_dependencies (scene/resources/resource_format_text.cpp:900)
.. [   0% ] \u001b[90m\u001b[1mupdate_scripts_classes\u001b[22m | Started Registering global classes... (26 steps)\u001b[39m\u001b[0m
.. [   0% ] \u001b[90m\u001b[1mupdate_scripts_classes\u001b[22m | \u001b[39m\u001b[0m
.. [   3% ] \u001b[90m\u001b[1mupdate_scripts_classes\u001b[22m | \u001b[39m\u001b[0m
.. [   7% ] \u001b[90m\u001b[1mupdate_scripts_classes\u001b[22m | \u001b[39m\u001b[0m
.. [  11% ] \u001b[90m\u001b[1mupdate_scripts_classes\u001b[22m | \u001b[39m\u001b[0m
.. [  14% ] \u001b[90m\u001b[1mupdate_scripts_classes\u001b[22m | \u001b[39m\u001b[0m
.. [  18% ] \u001b[90m\u001b[1mupdate_scripts_classes\u001b[22m | \u001b[39m\u001b[0m
.. [  22% ] \u001b[90m\u001b[1mupdate_scripts_classes\u001b[22m | \u001b[39m\u001b[0m
.. [  25% ] \u001b[90m\u001b[1mupdate_scripts_classes\u001b[22m | \u001b[39m\u001b[0m
.. [  29% ] \u001b[90m\u001b[1mupdate_scripts_classes\u001b[22m | \u001b[39m\u001b[0m
.. [  33% ] \u001b[90m\u001b[1mupdate_scripts_classes\u001b[22m | \u001b[39m\u001b[0m
.. [  37% ] \u001b[90m\u001b[1mupdate_scripts_classes\u001b[22m | \u001b[39m\u001b[0m
.. [  40% ] \u001b[90m\u001b[1mupdate_scripts_classes\u001b[22m | \u001b[39m\u001b[0m
.. [  44% ] \u001b[90m\u001b[1mupdate_scripts_classes\u001b[22m | \u001b[39m\u001b[0m
.. [  48% ] \u001b[90m\u001b[1mupdate_scripts_classes\u001b[22m | \u001b[39m\u001b[0m
.. [  51% ] \u001b[90m\u001b[1mupdate_scripts_classes\u001b[22m | \u001b[39m\u001b[0m
.. [  55% ] \u001b[90m\u001b[1mupdate_scripts_classes\u001b[22m | \u001b[39m\u001b[0m
.. [  59% ] \u001b[90m\u001b[1mupdate_scripts_classes\u001b[22m | \u001b[39m\u001b[0m
.. [  62% ] \u001b[90m\u001b[1mupdate_scripts_classes\u001b[22m | \u001b[39m\u001b[0m
.. [  66% ] \u001b[90m\u001b[1mupdate_scripts_classes\u001b[22m | \u001b[39m\u001b[0m
.. [  70% ] \u001b[90m\u001b[1mupdate_scripts_classes\u001b[22m | \u001b[39m\u001b[0m
.. [  74% ] \u001b[90m\u001b[1mupdate_scripts_classes\u001b[22m | \u001b[39m\u001b[0m
.. [  77% ] \u001b[90m\u001b[1mupdate_scripts_classes\u001b[22m | \u001b[39m\u001b[0m
.. [  81% ] \u001b[90m\u001b[1mupdate_scripts_classes\u001b[22m | \u001b[39m\u001b[0m
.. [  85% ] \u001b[90m\u001b[1mupdate_scripts_classes\u001b[22m | \u001b[39m\u001b[0m
.. [  88% ] \u001b[90m\u001b[1mupdate_scripts_classes\u001b[22m | \u001b[39m\u001b[0m
.. [  92% ] \u001b[90m\u001b[1mupdate_scripts_classes\u001b[22m | \u001b[39m\u001b[0m
.. \u001b[92m[ DONE ]\u001b[39m \u001b[1mupdate_scripts_classes\u001b[22m
.. \u001b[0m
.. [   0% ] \u001b[90m\u001b[1mloading_editor_layout\u001b[22m | Started Loading editor (5 steps)\u001b[39m\u001b[0m
.. [   0% ] \u001b[90m\u001b[1mloading_editor_layout\u001b[22m | Loading editor layout...\u001b[39m\u001b[0m
.. [  16% ] \u001b[90m\u001b[1mloading_editor_layout\u001b[22m | Loading docks...\u001b[39m\u001b[0m
.. [  33% ] \u001b[90m\u001b[1mloading_editor_layout\u001b[22m | Reopening scenes...\u001b[39m\u001b[0m
.. Loading resource: res://source/ui/menus/main_menu.tscn
.. Loading resource: res://source/ui/menus/MainMenu.cs
.. Loading resource: res://source/ui/omega/OmegaUi.cs
.. Loading resource: res://source/shaders/pulsing_background.tres
.. Loading resource: res://source/shaders/pulsing_background.gdshader
.. Loading resource: res://source/shaders/crt_phosphor.tres
.. Loading resource: res://source/shaders/crt_phosphor.gdshader
.. Loading resource: res://source/shaders/crt_scanlines.tres
.. Loading resource: res://source/shaders/crt_scanlines.gdshader
.. Loading resource: res://source/shaders/crt_glitch.tres
.. Loading resource: res://source/shaders/crt_glitch.gdshader
.. [  50% ] \u001b[90m\u001b[1mloading_editor_layout\u001b[22m | Loading central editor layout...\u001b[39m\u001b[0m
.. [  66% ] \u001b[90m\u001b[1mloading_editor_layout\u001b[22m | Loading plugin window layout...\u001b[39m\u001b[0m
.. [  83% ] \u001b[90m\u001b[1mloading_editor_layout\u001b[22m | Editor layout ready.\u001b[39m\u001b[0m
.. \u001b[92m[ DONE ]\u001b[39m \u001b[1mloading_editor_layout\u001b[22m
.. \u001b[0m
.. Failed to bind socket. Error: 3.
.. thirdparty/mbedtls/library/ssl_tls13_generic.c:1552: 0x62759888: Perform PSA-based ECDH/FFDH computation.
.. thirdparty/mbedtls/library/ssl_tls13_client.c:1950: 0x62759888: Switch to handshake keys for inbound traffic
.. thirdparty/mbedtls/library/ssl_tls13_generic.c:0403: 0x62759888: mbedtls_ssl_tls13_process_certificate_verify() returned 0 (-0x0000)
.. thirdparty/mbedtls/library/ssl_tls13_client.c:2639: 0x62759888: Switch to handshake traffic keys for outbound traffic
.. thirdparty/mbedtls/library/ssl_tls13_generic.c:1235: 0x62759888: Switch to application keys for inbound traffic
.. thirdparty/mbedtls/library/ssl_tls13_generic.c:1238: 0x62759888: Switch to application keys for outbound traffic
.. Unloading addon: res://addons/fuku/plugin.cfg
.. Unloading addon: res://addons/gdUnit4/plugin.cfg
.. Unloading addon: res://addons/godot_xterm/plugin.cfg
.. Unloading addon: res://addons/type_writer_label/plugin.cfg
.. Unloading addon: res://addons/yaml/plugin.cfg
:: ERROR: Condition "i &gt;= loader_count" is true.
:: at: remove_resource_format_loader (core/io/resource_loader.cpp:1061)
:: GDScript backtrace (most recent call first):
:: [0] _exit_tree (res://addons/yaml/plugin.gd:62)
:: ERROR: Condition "i &gt;= saver_count" is true.
:: at: remove_resource_format_saver (core/io/resource_saver.cpp:210)
:: GDScript backtrace (most recent call first):
:: [0] _exit_tree (res://addons/yaml/plugin.gd:63)
.. Unloading addon: res://addons/dialogic/plugin.cfg
.. Script docs haven't been properly loaded or regenerated, so don't save them to disk.
.. EditorSettings: Save OK!
.. Unloading: Disposing tracked instances...
.. Unloading: Finished disposing tracked instances.
.. XR: Clearing primary interface
.. XR: Removed interface "Native mobile"
.. XR: Removed interface "OpenXR"
:: WARNING: ObjectDB instances leaked at exit (run with --verbose for details).
:: at: cleanup (core/object/object.cpp:2570)
.. Leaked instance: UndoRedo:2199694431354
.. Hint: Leaked instances typically happen when nodes are removed from the scene tree (with `remove_child()`) but not freed (with `free()` or `queue_free()`).
.. Orphan StringName: RenderingDevice (static: 2, total: 4)
.. Orphan StringName: Mesh (static: 18, total: 22)
.. Orphan StringName: Tween (static: 2, total: 6)
.. Orphan StringName: Shader (static: 3, total: 7)
.. Orphan StringName: JSON (static: 2, total: 4)
.. Orphan StringName: PTY (static: 0, total: 2)
.. Orphan StringName: ImageTexture (static: 5, total: 7)
.. Orphan StringName: Semaphore (static: 2, total: 4)
.. Orphan StringName: Terminal (static: 0, total: 2)
.. Orphan StringName: MainLoop (static: 3, total: 7)
.. Orphan StringName: TriangleMesh (static: 2, total: 6)
.. Orphan StringName: InputEvent (static: 18, total: 22)
.. Orphan StringName: InputEventMouse (static: 4, total: 6)
.. Orphan StringName: ThemeDB (static: 2, total: 4)
.. Orphan StringName: InputEventWithModifiers (static: 9, total: 11)
.. Orphan StringName: Control (static: 218, total: 220)
.. Orphan StringName: Shape3D (static: 11, total: 15)
.. Orphan StringName: Input (static: 2, total: 4)
.. Orphan StringName: InputEventFromWindow (static: 12, total: 14)
.. Orphan StringName: ResourceLoader (static: 2, total: 6)
.. Orphan StringName: SchemaValidationResult (static: 0, total: 2)
.. Orphan StringName: Font (static: 5, total: 9)
.. Orphan StringName: RenderingServer (static: 2, total: 4)
.. Orphan StringName: Image (static: 2, total: 6)
.. Orphan StringName: Resource (static: 463, total: 467)
.. Orphan StringName: StyleBoxFlat (static: 5, total: 7)
.. Orphan StringName: Schema (static: 0, total: 2)
.. Orphan StringName: OS (static: 2, total: 4)
.. Orphan StringName: Viewport (static: 59, total: 63)
.. Orphan StringName: MultiplayerAPI (static: 4, total: 8)
.. Orphan StringName: Timer (static: 2, total: 4)
.. Orphan StringName: DisplayServer (static: 2, total: 4)
.. Orphan StringName: Marshalls (static: 2, total: 4)
.. Orphan StringName: FileAccess (static: 2, total: 4)
.. Orphan StringName: Mutex (static: 2, total: 6)
.. Orphan StringName: ConcavePolygonShape3D (static: 2, total: 6)
.. Orphan StringName: Thread (static: 2, total: 4)
.. Orphan StringName: RegExMatch (static: 2, total: 4)
.. Orphan StringName: CanvasItem (static: 266, total: 270)
.. Orphan StringName: SceneTree (static: 2, total: 6)
.. Orphan StringName: InputEventMouseMotion (static: 2, total: 4)
.. Orphan StringName: InputEventMouseButton (static: 2, total: 4)
.. Orphan StringName: WeakRef (static: 2, total: 4)
.. Orphan StringName: YAMLSecurity (static: 0, total: 2)
.. Orphan StringName: Texture (static: 44, total: 48)
.. Orphan StringName: CanvasLayer (static: 3, total: 7)
.. Orphan StringName: World2D (static: 2, total: 6)
.. Orphan StringName: ShaderMaterial (static: 2, total: 4)
.. Orphan StringName: Material (static: 13, total: 17)
.. Orphan StringName: Node (static: 560, total: 565)
.. Orphan StringName: ProjectSettings (static: 2, total: 6)
.. Orphan StringName: TextServer (static: 5, total: 9)
.. Orphan StringName: RefCounted (static: 788, total: 792)
.. Orphan StringName: Object (static: 1464, total: 1468)
.. Orphan StringName: Theme (static: 3, total: 7)
.. Orphan StringName: YAMLResult (static: 0, total: 2)
.. Orphan StringName: YAMLStyle (static: 0, total: 2)
.. Orphan StringName: RDPipelineSpecializationConstant (static: 2, total: 4)
.. Orphan StringName: ConvexPolygonShape3D (static: 2, total: 6)
.. Orphan StringName: InputEventKey (static: 2, total: 4)
.. Orphan StringName: ResourceFormatLoader (static: 2, total: 6)
.. Orphan StringName: MultiMesh (static: 2, total: 6)
.. Orphan StringName: Texture2D (static: 20, total: 24)
.. Orphan StringName: Window (static: 62, total: 66)
.. Orphan StringName: StyleBox (static: 6, total: 10)
.. Orphan StringName: ClassDB (static: 2, total: 6)
.. Orphan StringName: RegEx (static: 2, total: 4)
.. Orphan StringName: Script (static: 13, total: 15)
.. Orphan StringName: YAML (static: 0, total: 2)
.. StringName: 69 unclaimed string names at exit.
Rebuild Godot Project ends with exit code: 0

======== Running GdUnit4 Godot Runtime Test Runner ========
    &amp;#x1B;[96m[TerminalChoicePresenter.PresentChoicesAsync]&amp;#x1B;[39m Presenting 2 TerminalChoiceOption choices&amp;#x1B;[0m
    &amp;#x1B;[38;5;208m[TerminalChoicePresenter.ClearChoiceButtons]&amp;#x1B;[39m Clearing 0 buttons from container&amp;#x1B;[0m
    &amp;#x1B;[92m  &amp;#x2713; All 0 buttons cleared&amp;#x1B;[39m&amp;#x1B;[0m
    &amp;#x1B;[93m  &amp;#x2192; Created button 0: &amp;#x27;Option A&amp;#x27;&amp;#x1B;[39m&amp;#x1B;[0m
    &amp;#x1B;[93m  &amp;#x2192; Created button 1: &amp;#x27;Option B&amp;#x27;&amp;#x1B;[39m&amp;#x1B;[0m
    &amp;#x1B;[96m  Ready to wait for selection from 2 buttons&amp;#x1B;[39m&amp;#x1B;[0m
    &amp;#x1B;[94m[TerminalChoicePresenter.AreChoicesVisible]&amp;#x1B;[39m &amp;#x2192; True (2 buttons)&amp;#x1B;[0m
    &amp;#x1B;[95m[TerminalChoicePresenter.SimulateChoiceSelection]&amp;#x1B;[39m Simulating selection of index 1&amp;#x1B;[0m
    &amp;#x1B;[95m[TerminalChoicePresenter.OnChoiceSelected]&amp;#x1B;[39m Choice 1 selected&amp;#x1B;[0m
    &amp;#x1B;[92m  &amp;#x2713; Selection processed, TrySetResult=True&amp;#x1B;[39m&amp;#x1B;[0m
    &amp;#x1B;[92m  Selection received: index=1&amp;#x1B;[39m&amp;#x1B;[0m
    &amp;#x1B;[96m[TerminalChoicePresenter.PresentChoicesAsync]&amp;#x1B;[39m Presenting 2 TerminalChoiceOption choices&amp;#x1B;[0m
    &amp;#x1B;[38;5;208m[TerminalChoicePresenter.ClearChoiceButtons]&amp;#x1B;[39m Clearing 2 buttons from container&amp;#x1B;[0m
    &amp;#x1B;[92m  &amp;#x2713; All 0 buttons cleared&amp;#x1B;[39m&amp;#x1B;[0m
    &amp;#x1B;[93m  &amp;#x2192; Created button 0: &amp;#x27;Continue&amp;#x27;&amp;#x1B;[39m&amp;#x1B;[0m
    &amp;#x1B;[93m  &amp;#x2192; Created button 1: &amp;#x27;Exit&amp;#x27;&amp;#x1B;[39m&amp;#x1B;[0m
    &amp;#x1B;[96m  Ready to wait for selection from 2 buttons&amp;#x1B;[39m&amp;#x1B;[0m
    &amp;#x1B;[94m[TerminalChoicePresenter.AreChoicesVisible]&amp;#x1B;[39m &amp;#x2192; True (2 buttons)&amp;#x1B;[0m
    &amp;#x1B;[95m[TerminalChoicePresenter.SimulateChoiceSelection]&amp;#x1B;[39m Simulating selection of index 0&amp;#x1B;[0m
    &amp;#x1B;[95m[TerminalChoicePresenter.OnChoiceSelected]&amp;#x1B;[39m Choice 0 selected&amp;#x1B;[0m
    &amp;#x1B;[92m  &amp;#x2713; Selection processed, TrySetResult=True&amp;#x1B;[39m&amp;#x1B;[0m
    &amp;#x1B;[92m  Selection received: index=0&amp;#x1B;[39m&amp;#x1B;[0m
    &amp;#x1B;[96m[TerminalChoicePresenter.PresentChoicesAsync]&amp;#x1B;[39m Presenting 2 TerminalChoiceOption choices&amp;#x1B;[0m
    &amp;#x1B;[38;5;208m[TerminalChoicePresenter.ClearChoiceButtons]&amp;#x1B;[39m Clearing 2 buttons from container&amp;#x1B;[0m
    &amp;#x1B;[92m  &amp;#x2713; All 0 buttons cleared&amp;#x1B;[39m&amp;#x1B;[0m
    &amp;#x1B;[93m  &amp;#x2192; Created button 0: &amp;#x27;Lifecycle Test 1&amp;#x27;&amp;#x1B;[39m&amp;#x1B;[0m
    &amp;#x1B;[93m  &amp;#x2192; Created button 1: &amp;#x27;Lifecycle Test 2&amp;#x27;&amp;#x1B;[39m&amp;#x1B;[0m
    &amp;#x1B;[96m  Ready to wait for selection from 2 buttons&amp;#x1B;[39m&amp;#x1B;[0m
    &amp;#x1B;[94m[TerminalChoicePresenter.AreChoicesVisible]&amp;#x1B;[39m &amp;#x2192; True (2 buttons)&amp;#x1B;[0m
    &amp;#x1B;[95m[TerminalChoicePresenter.SimulateChoiceSelection]&amp;#x1B;[39m Simulating selection of index 0&amp;#x1B;[0m
    &amp;#x1B;[95m[TerminalChoicePresenter.OnChoiceSelected]&amp;#x1B;[39m Choice 0 selected&amp;#x1B;[0m
    &amp;#x1B;[92m  &amp;#x2713; Selection processed, TrySetResult=True&amp;#x1B;[39m&amp;#x1B;[0m
    &amp;#x1B;[92m  Selection received: index=0&amp;#x1B;[39m&amp;#x1B;[0m
    &amp;#x1B;[92m&amp;#x2713; Component lifecycle managed properly&amp;#x1B;[39m&amp;#x1B;[0m
    Expected viewport center: (960, 540)
    Expected label rect: (935, 515), (50, 50)
:: ERROR: Cannot open file 'res://tests/fixtures/menu_ui_test_fixture.tscn'.
:: at: load (scene/resources/resource_format_text.cpp:1409)
:: C# backtrace (most recent call first):
:: [0] Godot.GodotObject Godot.NativeCalls.godot_icall_3_761(nint, nint, string, string, int) (/root/godot/modules/mono/glue/GodotSharp/GodotSharp/Generated/NativeCalls.cs:6854)
:: [1] Godot.Resource Godot.ResourceLoader.Load(string, string, Godot.ResourceLoader+CacheMode) (/root/godot/modules/mono/glue/GodotSharp/GodotSharp/Generated/GodotObjects/ResourceLoader.cs:120)
:: [2] T Godot.ResourceLoader.Load&lt;T&gt;(string, string, Godot.ResourceLoader+CacheMode) (/root/godot/modules/mono/glue/GodotSharp/GodotSharp/Core/Extensions/ResourceLoaderExtensions.cs:27)
:: [3] T Godot.GD.Load&lt;T&gt;(string) (/root/godot/modules/mono/glue/GodotSharp/GodotSharp/Core/GD.cs:129)
:: [4] void OmegaSpiral.Tests.Integration.SceneLoadingAndViewportTests.MenuFixture_NeverRendersOffscreen() (/home/adam/Dev/omega-spiral/chapter-zero/tests/integration/SceneLoadingAndViewportTests.cs:76)
:: [5] void System.RuntimeMethodHandle.InvokeMethod(System.Runtime.CompilerServices.ObjectHandleOnStack, System.Void**, System.Runtime.CompilerServices.ObjectHandleOnStack, Interop+BOOL, System.Runtime.CompilerServices.ObjectHandleOnStack)
:: [6] void System.RuntimeMethodHandle.InvokeMethod(System.Runtime.CompilerServices.ObjectHandleOnStack, System.Void**, System.Runtime.CompilerServices.ObjectHandleOnStack, Interop+BOOL, System.Runtime.CompilerServices.ObjectHandleOnStack)
:: [7] object System.Reflection.MethodBaseInvoker.InterpretedInvoke_Method(object, System.IntPtr*)
:: [8] object System.Reflection.RuntimeMethodInfo.Invoke(object, System.Reflection.BindingFlags, System.Reflection.Binder, System.Object[], System.Globalization.CultureInfo)
:: [9] void GdUnit4.Core.Execution.ExecutionStage`1+&lt;ExecuteStage&gt;d__37.MoveNext()
:: [10] void System.Runtime.CompilerServices.AsyncTaskMethodBuilder.Start&lt;TStateMachine&gt;(TStateMachine&amp;)
:: [11] System.Threading.Tasks.Task GdUnit4.Core.Execution.ExecutionStage`1.ExecuteStage(GdUnit4.Core.Execution.ExecutionContext)
:: [12] void GdUnit4.Core.Execution.ExecutionStage`1+&lt;Execute&gt;d__30.MoveNext()
:: [13] void System.Runtime.CompilerServices.AsyncTaskMethodBuilder.Start&lt;TStateMachine&gt;(TStateMachine&amp;)
:: [14] System.Threading.Tasks.Task GdUnit4.Core.Execution.ExecutionStage`1.Execute(GdUnit4.Core.Execution.ExecutionContext)
:: [15] System.Threading.Tasks.Task GdUnit4.Core.Execution.TestCaseExecutionStage.&lt;&gt;n__0(GdUnit4.Core.Execution.ExecutionContext)
:: [16] void GdUnit4.Core.Execution.TestCaseExecutionStage+&lt;Execute&gt;d__1.MoveNext()
:: [17] void System.Runtime.CompilerServices.AsyncTaskMethodBuilder.Start&lt;TStateMachine&gt;(TStateMachine&amp;)
:: [18] System.Threading.Tasks.Task GdUnit4.Core.Execution.TestCaseExecutionStage.Execute(GdUnit4.Core.Execution.ExecutionContext)
:: [19] void GdUnit4.Core.Execution.TestSuiteExecutionStage+&lt;RunTestCase&gt;d__15.MoveNext()
:: [20] void System.Threading.ExecutionContext.RunInternal(System.Threading.ExecutionContext, System.Threading.ContextCallback, object)
:: [21] void System.Runtime.CompilerServices.AsyncTaskMethodBuilder`1+AsyncStateMachineBox`1.MoveNext(System.Threading.Thread)
:: [22] void System.Threading.Tasks.AwaitTaskContinuation.RunCallback(System.Threading.ContextCallback, object, System.Threading.Tasks.Task&amp;)
:: [23] void System.Threading.Tasks.Task.RunContinuations(object)
:: [24] void System.Runtime.CompilerServices.AsyncTaskMethodBuilder.SetResult()
:: [25] void GdUnit4.Core.Execution.BeforeTestExecutionStage+&lt;Execute&gt;d__1.MoveNext()
:: [26] void System.Threading.ExecutionContext.RunInternal(System.Threading.ExecutionContext, System.Threading.ContextCallback, object)
:: [27] void System.Runtime.CompilerServices.AsyncTaskMethodBuilder`1+AsyncStateMachineBox`1.MoveNext(System.Threading.Thread)
:: [28] void System.Threading.Tasks.AwaitTaskContinuation.RunCallback(System.Threading.ContextCallback, object, System.Threading.Tasks.Task&amp;)
:: [29] void System.Threading.Tasks.Task.RunContinuations(object)
:: [30] void System.Runtime.CompilerServices.AsyncTaskMethodBuilder.SetResult()
:: [31] void GdUnit4.Core.Execution.ExecutionStage`1+&lt;Execute&gt;d__30.MoveNext()
:: [32] void System.Threading.ExecutionContext.RunInternal(System.Threading.ExecutionContext, System.Threading.ContextCallback, object)
:: [33] void System.Runtime.CompilerServices.AsyncTaskMethodBuilder`1+AsyncStateMachineBox`1.MoveNext(System.Threading.Thread)
:: [34] void Godot.GodotSynchronizationContext.ExecutePendingContinuations() (/root/godot/modules/mono/glue/GodotSharp/GodotSharp/Core/GodotSynchronizationContext.cs:51)
:: [35] void Godot.GodotTaskScheduler.Activate() (/root/godot/modules/mono/glue/GodotSharp/GodotSharp/Core/GodotTaskScheduler.cs:76)
:: [36] void Godot.Bridge.ScriptManagerBridge.FrameCallback() (/root/godot/modules/mono/glue/GodotSharp/GodotSharp/Core/Bridge/ScriptManagerBridge.cs:84)
:: ERROR: Failed loading resource: res://tests/fixtures/menu_ui_test_fixture.tscn.
:: at: _load (core/io/resource_loader.cpp:343)
:: C# backtrace (most recent call first):
:: [0] Godot.GodotObject Godot.NativeCalls.godot_icall_3_761(nint, nint, string, string, int) (/root/godot/modules/mono/glue/GodotSharp/GodotSharp/Generated/NativeCalls.cs:6854)
:: [1] Godot.Resource Godot.ResourceLoader.Load(string, string, Godot.ResourceLoader+CacheMode) (/root/godot/modules/mono/glue/GodotSharp/GodotSharp/Generated/GodotObjects/ResourceLoader.cs:120)
:: [2] T Godot.ResourceLoader.Load&lt;T&gt;(string, string, Godot.ResourceLoader+CacheMode) (/root/godot/modules/mono/glue/GodotSharp/GodotSharp/Core/Extensions/ResourceLoaderExtensions.cs:27)
:: [3] T Godot.GD.Load&lt;T&gt;(string) (/root/godot/modules/mono/glue/GodotSharp/GodotSharp/Core/GD.cs:129)
:: [4] void OmegaSpiral.Tests.Integration.SceneLoadingAndViewportTests.MenuFixture_NeverRendersOffscreen() (/home/adam/Dev/omega-spiral/chapter-zero/tests/integration/SceneLoadingAndViewportTests.cs:76)
:: [5] void System.RuntimeMethodHandle.InvokeMethod(System.Runtime.CompilerServices.ObjectHandleOnStack, System.Void**, System.Runtime.CompilerServices.ObjectHandleOnStack, Interop+BOOL, System.Runtime.CompilerServices.ObjectHandleOnStack)
:: [6] void System.RuntimeMethodHandle.InvokeMethod(System.Runtime.CompilerServices.ObjectHandleOnStack, System.Void**, System.Runtime.CompilerServices.ObjectHandleOnStack, Interop+BOOL, System.Runtime.CompilerServices.ObjectHandleOnStack)
:: [7] object System.Reflection.MethodBaseInvoker.InterpretedInvoke_Method(object, System.IntPtr*)
:: [8] object System.Reflection.RuntimeMethodInfo.Invoke(object, System.Reflection.BindingFlags, System.Reflection.Binder, System.Object[], System.Globalization.CultureInfo)
:: [9] void GdUnit4.Core.Execution.ExecutionStage`1+&lt;ExecuteStage&gt;d__37.MoveNext()
:: [10] void System.Runtime.CompilerServices.AsyncTaskMethodBuilder.Start&lt;TStateMachine&gt;(TStateMachine&amp;)
:: [11] System.Threading.Tasks.Task GdUnit4.Core.Execution.ExecutionStage`1.ExecuteStage(GdUnit4.Core.Execution.ExecutionContext)
:: [12] void GdUnit4.Core.Execution.ExecutionStage`1+&lt;Execute&gt;d__30.MoveNext()
:: [13] void System.Runtime.CompilerServices.AsyncTaskMethodBuilder.Start&lt;TStateMachine&gt;(TStateMachine&amp;)
:: [14] System.Threading.Tasks.Task GdUnit4.Core.Execution.ExecutionStage`1.Execute(GdUnit4.Core.Execution.ExecutionContext)
:: [15] System.Threading.Tasks.Task GdUnit4.Core.Execution.TestCaseExecutionStage.&lt;&gt;n__0(GdUnit4.Core.Execution.ExecutionContext)
:: [16] void GdUnit4.Core.Execution.TestCaseExecutionStage+&lt;Execute&gt;d__1.MoveNext()
:: [17] void System.Runtime.CompilerServices.AsyncTaskMethodBuilder.Start&lt;TStateMachine&gt;(TStateMachine&amp;)
:: [18] System.Threading.Tasks.Task GdUnit4.Core.Execution.TestCaseExecutionStage.Execute(GdUnit4.Core.Execution.ExecutionContext)
:: [19] void GdUnit4.Core.Execution.TestSuiteExecutionStage+&lt;RunTestCase&gt;d__15.MoveNext()
:: [20] void System.Threading.ExecutionContext.RunInternal(System.Threading.ExecutionContext, System.Threading.ContextCallback, object)
:: [21] void System.Runtime.CompilerServices.AsyncTaskMethodBuilder`1+AsyncStateMachineBox`1.MoveNext(System.Threading.Thread)
:: [22] void System.Threading.Tasks.AwaitTaskContinuation.RunCallback(System.Threading.ContextCallback, object, System.Threading.Tasks.Task&amp;)
:: [23] void System.Threading.Tasks.Task.RunContinuations(object)
:: [24] void System.Runtime.CompilerServices.AsyncTaskMethodBuilder.SetResult()
:: [25] void GdUnit4.Core.Execution.BeforeTestExecutionStage+&lt;Execute&gt;d__1.MoveNext()
:: [26] void System.Threading.ExecutionContext.RunInternal(System.Threading.ExecutionContext, System.Threading.ContextCallback, object)
:: [27] void System.Runtime.CompilerServices.AsyncTaskMethodBuilder`1+AsyncStateMachineBox`1.MoveNext(System.Threading.Thread)
:: [28] void System.Threading.Tasks.AwaitTaskContinuation.RunCallback(System.Threading.ContextCallback, object, System.Threading.Tasks.Task&amp;)
:: [29] void System.Threading.Tasks.Task.RunContinuations(object)
:: [30] void System.Runtime.CompilerServices.AsyncTaskMethodBuilder.SetResult()
:: [31] void GdUnit4.Core.Execution.ExecutionStage`1+&lt;Execute&gt;d__30.MoveNext()
:: [32] void System.Threading.ExecutionContext.RunInternal(System.Threading.ExecutionContext, System.Threading.ContextCallback, object)
:: [33] void System.Runtime.CompilerServices.AsyncTaskMethodBuilder`1+AsyncStateMachineBox`1.MoveNext(System.Threading.Thread)
:: [34] void Godot.GodotSynchronizationContext.ExecutePendingContinuations() (/root/godot/modules/mono/glue/GodotSharp/GodotSharp/Core/GodotSynchronizationContext.cs:51)
:: [35] void Godot.GodotTaskScheduler.Activate() (/root/godot/modules/mono/glue/GodotSharp/GodotSharp/Core/GodotTaskScheduler.cs:76)
:: [36] void Godot.Bridge.ScriptManagerBridge.FrameCallback() (/root/godot/modules/mono/glue/GodotSharp/GodotSharp/Core/Bridge/ScriptManagerBridge.cs:84)
:: ERROR: Error loading resource: 'res://tests/fixtures/menu_ui_test_fixture.tscn'.
:: at: load (core/core_bind.cpp:76)
:: C# backtrace (most recent call first):
:: [0] Godot.GodotObject Godot.NativeCalls.godot_icall_3_761(nint, nint, string, string, int) (/root/godot/modules/mono/glue/GodotSharp/GodotSharp/Generated/NativeCalls.cs:6854)
:: [1] Godot.Resource Godot.ResourceLoader.Load(string, string, Godot.ResourceLoader+CacheMode) (/root/godot/modules/mono/glue/GodotSharp/GodotSharp/Generated/GodotObjects/ResourceLoader.cs:120)
:: [2] T Godot.ResourceLoader.Load&lt;T&gt;(string, string, Godot.ResourceLoader+CacheMode) (/root/godot/modules/mono/glue/GodotSharp/GodotSharp/Core/Extensions/ResourceLoaderExtensions.cs:27)
:: [3] T Godot.GD.Load&lt;T&gt;(string) (/root/godot/modules/mono/glue/GodotSharp/GodotSharp/Core/GD.cs:129)
:: [4] void OmegaSpiral.Tests.Integration.SceneLoadingAndViewportTests.MenuFixture_NeverRendersOffscreen() (/home/adam/Dev/omega-spiral/chapter-zero/tests/integration/SceneLoadingAndViewportTests.cs:76)
:: [5] void System.RuntimeMethodHandle.InvokeMethod(System.Runtime.CompilerServices.ObjectHandleOnStack, System.Void**, System.Runtime.CompilerServices.ObjectHandleOnStack, Interop+BOOL, System.Runtime.CompilerServices.ObjectHandleOnStack)
:: [6] void System.RuntimeMethodHandle.InvokeMethod(System.Runtime.CompilerServices.ObjectHandleOnStack, System.Void**, System.Runtime.CompilerServices.ObjectHandleOnStack, Interop+BOOL, System.Runtime.CompilerServices.ObjectHandleOnStack)
:: [7] object System.Reflection.MethodBaseInvoker.InterpretedInvoke_Method(object, System.IntPtr*)
:: [8] object System.Reflection.RuntimeMethodInfo.Invoke(object, System.Reflection.BindingFlags, System.Reflection.Binder, System.Object[], System.Globalization.CultureInfo)
:: [9] void GdUnit4.Core.Execution.ExecutionStage`1+&lt;ExecuteStage&gt;d__37.MoveNext()
:: [10] void System.Runtime.CompilerServices.AsyncTaskMethodBuilder.Start&lt;TStateMachine&gt;(TStateMachine&amp;)
:: [11] System.Threading.Tasks.Task GdUnit4.Core.Execution.ExecutionStage`1.ExecuteStage(GdUnit4.Core.Execution.ExecutionContext)
:: [12] void GdUnit4.Core.Execution.ExecutionStage`1+&lt;Execute&gt;d__30.MoveNext()
:: [13] void System.Runtime.CompilerServices.AsyncTaskMethodBuilder.Start&lt;TStateMachine&gt;(TStateMachine&amp;)
:: [14] System.Threading.Tasks.Task GdUnit4.Core.Execution.ExecutionStage`1.Execute(GdUnit4.Core.Execution.ExecutionContext)
:: [15] System.Threading.Tasks.Task GdUnit4.Core.Execution.TestCaseExecutionStage.&lt;&gt;n__0(GdUnit4.Core.Execution.ExecutionContext)
:: [16] void GdUnit4.Core.Execution.TestCaseExecutionStage+&lt;Execute&gt;d__1.MoveNext()
:: [17] void System.Runtime.CompilerServices.AsyncTaskMethodBuilder.Start&lt;TStateMachine&gt;(TStateMachine&amp;)
:: [18] System.Threading.Tasks.Task GdUnit4.Core.Execution.TestCaseExecutionStage.Execute(GdUnit4.Core.Execution.ExecutionContext)
:: [19] void GdUnit4.Core.Execution.TestSuiteExecutionStage+&lt;RunTestCase&gt;d__15.MoveNext()
:: [20] void System.Threading.ExecutionContext.RunInternal(System.Threading.ExecutionContext, System.Threading.ContextCallback, object)
:: [21] void System.Runtime.CompilerServices.AsyncTaskMethodBuilder`1+AsyncStateMachineBox`1.MoveNext(System.Threading.Thread)
:: [22] void System.Threading.Tasks.AwaitTaskContinuation.RunCallback(System.Threading.ContextCallback, object, System.Threading.Tasks.Task&amp;)
:: [23] void System.Threading.Tasks.Task.RunContinuations(object)
:: [24] void System.Runtime.CompilerServices.AsyncTaskMethodBuilder.SetResult()
:: [25] void GdUnit4.Core.Execution.BeforeTestExecutionStage+&lt;Execute&gt;d__1.MoveNext()
:: [26] void System.Threading.ExecutionContext.RunInternal(System.Threading.ExecutionContext, System.Threading.ContextCallback, object)
:: [27] void System.Runtime.CompilerServices.AsyncTaskMethodBuilder`1+AsyncStateMachineBox`1.MoveNext(System.Threading.Thread)
:: [28] void System.Threading.Tasks.AwaitTaskContinuation.RunCallback(System.Threading.ContextCallback, object, System.Threading.Tasks.Task&amp;)
:: [29] void System.Threading.Tasks.Task.RunContinuations(object)
:: [30] void System.Runtime.CompilerServices.AsyncTaskMethodBuilder.SetResult()
:: [31] void GdUnit4.Core.Execution.ExecutionStage`1+&lt;Execute&gt;d__30.MoveNext()
:: [32] void System.Threading.ExecutionContext.RunInternal(System.Threading.ExecutionContext, System.Threading.ContextCallback, object)
:: [33] void System.Runtime.CompilerServices.AsyncTaskMethodBuilder`1+AsyncStateMachineBox`1.MoveNext(System.Threading.Thread)
:: [34] void Godot.GodotSynchronizationContext.ExecutePendingContinuations() (/root/godot/modules/mono/glue/GodotSharp/GodotSharp/Core/GodotSynchronizationContext.cs:51)
:: [35] void Godot.GodotTaskScheduler.Activate() (/root/godot/modules/mono/glue/GodotSharp/GodotSharp/Core/GodotTaskScheduler.cs:76)
:: [36] void Godot.Bridge.ScriptManagerBridge.FrameCallback() (/root/godot/modules/mono/glue/GodotSharp/GodotSharp/Core/Bridge/ScriptManagerBridge.cs:84)
:: ERROR: Cannot open file 'res://source/stages/stage_0_start/main_menu.tscn'.
:: at: load (scene/resources/resource_format_text.cpp:1409)
:: C# backtrace (most recent call first):
:: [0] Godot.GodotObject Godot.NativeCalls.godot_icall_3_761(nint, nint, string, string, int) (/root/godot/modules/mono/glue/GodotSharp/GodotSharp/Generated/NativeCalls.cs:6854)
:: [1] Godot.Resource Godot.ResourceLoader.Load(string, string, Godot.ResourceLoader+CacheMode) (/root/godot/modules/mono/glue/GodotSharp/GodotSharp/Generated/GodotObjects/ResourceLoader.cs:120)
:: [2] T Godot.ResourceLoader.Load&lt;T&gt;(string, string, Godot.ResourceLoader+CacheMode) (/root/godot/modules/mono/glue/GodotSharp/GodotSharp/Core/Extensions/ResourceLoaderExtensions.cs:27)
:: [3] T Godot.GD.Load&lt;T&gt;(string) (/root/godot/modules/mono/glue/GodotSharp/GodotSharp/Core/GD.cs:129)
:: [4] void OmegaSpiral.Tests.Integration.SceneLoadingAndViewportTests.AnyScene_LoadsWithinViewportBounds() (/home/adam/Dev/omega-spiral/chapter-zero/tests/integration/SceneLoadingAndViewportTests.cs:107)
:: [5] void System.RuntimeMethodHandle.InvokeMethod(System.Runtime.CompilerServices.ObjectHandleOnStack, System.Void**, System.Runtime.CompilerServices.ObjectHandleOnStack, Interop+BOOL, System.Runtime.CompilerServices.ObjectHandleOnStack)
:: [6] void System.RuntimeMethodHandle.InvokeMethod(System.Runtime.CompilerServices.ObjectHandleOnStack, System.Void**, System.Runtime.CompilerServices.ObjectHandleOnStack, Interop+BOOL, System.Runtime.CompilerServices.ObjectHandleOnStack)
:: [7] object System.Reflection.MethodBaseInvoker.InterpretedInvoke_Method(object, System.IntPtr*)
:: [8] object System.Reflection.RuntimeMethodInfo.Invoke(object, System.Reflection.BindingFlags, System.Reflection.Binder, System.Object[], System.Globalization.CultureInfo)
:: [9] void GdUnit4.Core.Execution.ExecutionStage`1+&lt;ExecuteStage&gt;d__37.MoveNext()
:: [10] void System.Runtime.CompilerServices.AsyncTaskMethodBuilder.Start&lt;TStateMachine&gt;(TStateMachine&amp;)
:: [11] System.Threading.Tasks.Task GdUnit4.Core.Execution.ExecutionStage`1.ExecuteStage(GdUnit4.Core.Execution.ExecutionContext)
:: [12] void GdUnit4.Core.Execution.ExecutionStage`1+&lt;Execute&gt;d__30.MoveNext()
:: [13] void System.Runtime.CompilerServices.AsyncTaskMethodBuilder.Start&lt;TStateMachine&gt;(TStateMachine&amp;)
:: [14] System.Threading.Tasks.Task GdUnit4.Core.Execution.ExecutionStage`1.Execute(GdUnit4.Core.Execution.ExecutionContext)
:: [15] System.Threading.Tasks.Task GdUnit4.Core.Execution.TestCaseExecutionStage.&lt;&gt;n__0(GdUnit4.Core.Execution.ExecutionContext)
:: [16] void GdUnit4.Core.Execution.TestCaseExecutionStage+&lt;Execute&gt;d__1.MoveNext()
:: [17] void System.Runtime.CompilerServices.AsyncTaskMethodBuilder.Start&lt;TStateMachine&gt;(TStateMachine&amp;)
:: [18] System.Threading.Tasks.Task GdUnit4.Core.Execution.TestCaseExecutionStage.Execute(GdUnit4.Core.Execution.ExecutionContext)
:: [19] void GdUnit4.Core.Execution.TestSuiteExecutionStage+&lt;RunTestCase&gt;d__15.MoveNext()
:: [20] void System.Threading.ExecutionContext.RunInternal(System.Threading.ExecutionContext, System.Threading.ContextCallback, object)
:: [21] void System.Runtime.CompilerServices.AsyncTaskMethodBuilder`1+AsyncStateMachineBox`1.MoveNext(System.Threading.Thread)
:: [22] void System.Threading.Tasks.AwaitTaskContinuation.RunCallback(System.Threading.ContextCallback, object, System.Threading.Tasks.Task&amp;)
:: [23] void System.Threading.Tasks.Task.RunContinuations(object)
:: [24] void System.Runtime.CompilerServices.AsyncTaskMethodBuilder.SetResult()
:: [25] void GdUnit4.Core.Execution.BeforeTestExecutionStage+&lt;Execute&gt;d__1.MoveNext()
:: [26] void System.Threading.ExecutionContext.RunInternal(System.Threading.ExecutionContext, System.Threading.ContextCallback, object)
:: [27] void System.Runtime.CompilerServices.AsyncTaskMethodBuilder`1+AsyncStateMachineBox`1.MoveNext(System.Threading.Thread)
:: [28] void System.Threading.Tasks.AwaitTaskContinuation.RunCallback(System.Threading.ContextCallback, object, System.Threading.Tasks.Task&amp;)
:: [29] void System.Threading.Tasks.Task.RunContinuations(object)
:: [30] void System.Runtime.CompilerServices.AsyncTaskMethodBuilder.SetResult()
:: [31] void GdUnit4.Core.Execution.ExecutionStage`1+&lt;Execute&gt;d__30.MoveNext()
:: [32] void System.Threading.ExecutionContext.RunInternal(System.Threading.ExecutionContext, System.Threading.ContextCallback, object)
:: [33] void System.Runtime.CompilerServices.AsyncTaskMethodBuilder`1+AsyncStateMachineBox`1.MoveNext(System.Threading.Thread)
:: [34] void Godot.GodotSynchronizationContext.ExecutePendingContinuations() (/root/godot/modules/mono/glue/GodotSharp/GodotSharp/Core/GodotSynchronizationContext.cs:51)
:: [35] void Godot.GodotTaskScheduler.Activate() (/root/godot/modules/mono/glue/GodotSharp/GodotSharp/Core/GodotTaskScheduler.cs:76)
:: [36] void Godot.Bridge.ScriptManagerBridge.FrameCallback() (/root/godot/modules/mono/glue/GodotSharp/GodotSharp/Core/Bridge/ScriptManagerBridge.cs:84)
:: ERROR: Failed loading resource: res://source/stages/stage_0_start/main_menu.tscn.
:: at: _load (core/io/resource_loader.cpp:343)
:: C# backtrace (most recent call first):
:: [0] Godot.GodotObject Godot.NativeCalls.godot_icall_3_761(nint, nint, string, string, int) (/root/godot/modules/mono/glue/GodotSharp/GodotSharp/Generated/NativeCalls.cs:6854)
:: [1] Godot.Resource Godot.ResourceLoader.Load(string, string, Godot.ResourceLoader+CacheMode) (/root/godot/modules/mono/glue/GodotSharp/GodotSharp/Generated/GodotObjects/ResourceLoader.cs:120)
:: [2] T Godot.ResourceLoader.Load&lt;T&gt;(string, string, Godot.ResourceLoader+CacheMode) (/root/godot/modules/mono/glue/GodotSharp/GodotSharp/Core/Extensions/ResourceLoaderExtensions.cs:27)
:: [3] T Godot.GD.Load&lt;T&gt;(string) (/root/godot/modules/mono/glue/GodotSharp/GodotSharp/Core/GD.cs:129)
:: [4] void OmegaSpiral.Tests.Integration.SceneLoadingAndViewportTests.AnyScene_LoadsWithinViewportBounds() (/home/adam/Dev/omega-spiral/chapter-zero/tests/integration/SceneLoadingAndViewportTests.cs:107)
:: [5] void System.RuntimeMethodHandle.InvokeMethod(System.Runtime.CompilerServices.ObjectHandleOnStack, System.Void**, System.Runtime.CompilerServices.ObjectHandleOnStack, Interop+BOOL, System.Runtime.CompilerServices.ObjectHandleOnStack)
:: [6] void System.RuntimeMethodHandle.InvokeMethod(System.Runtime.CompilerServices.ObjectHandleOnStack, System.Void**, System.Runtime.CompilerServices.ObjectHandleOnStack, Interop+BOOL, System.Runtime.CompilerServices.ObjectHandleOnStack)
:: [7] object System.Reflection.MethodBaseInvoker.InterpretedInvoke_Method(object, System.IntPtr*)
:: [8] object System.Reflection.RuntimeMethodInfo.Invoke(object, System.Reflection.BindingFlags, System.Reflection.Binder, System.Object[], System.Globalization.CultureInfo)
:: [9] void GdUnit4.Core.Execution.ExecutionStage`1+&lt;ExecuteStage&gt;d__37.MoveNext()
:: [10] void System.Runtime.CompilerServices.AsyncTaskMethodBuilder.Start&lt;TStateMachine&gt;(TStateMachine&amp;)
:: [11] System.Threading.Tasks.Task GdUnit4.Core.Execution.ExecutionStage`1.ExecuteStage(GdUnit4.Core.Execution.ExecutionContext)
:: [12] void GdUnit4.Core.Execution.ExecutionStage`1+&lt;Execute&gt;d__30.MoveNext()
:: [13] void System.Runtime.CompilerServices.AsyncTaskMethodBuilder.Start&lt;TStateMachine&gt;(TStateMachine&amp;)
:: [14] System.Threading.Tasks.Task GdUnit4.Core.Execution.ExecutionStage`1.Execute(GdUnit4.Core.Execution.ExecutionContext)
:: [15] System.Threading.Tasks.Task GdUnit4.Core.Execution.TestCaseExecutionStage.&lt;&gt;n__0(GdUnit4.Core.Execution.ExecutionContext)
:: [16] void GdUnit4.Core.Execution.TestCaseExecutionStage+&lt;Execute&gt;d__1.MoveNext()
:: [17] void System.Runtime.CompilerServices.AsyncTaskMethodBuilder.Start&lt;TStateMachine&gt;(TStateMachine&amp;)
:: [18] System.Threading.Tasks.Task GdUnit4.Core.Execution.TestCaseExecutionStage.Execute(GdUnit4.Core.Execution.ExecutionContext)
:: [19] void GdUnit4.Core.Execution.TestSuiteExecutionStage+&lt;RunTestCase&gt;d__15.MoveNext()
:: [20] void System.Threading.ExecutionContext.RunInternal(System.Threading.ExecutionContext, System.Threading.ContextCallback, object)
:: [21] void System.Runtime.CompilerServices.AsyncTaskMethodBuilder`1+AsyncStateMachineBox`1.MoveNext(System.Threading.Thread)
:: [22] void System.Threading.Tasks.AwaitTaskContinuation.RunCallback(System.Threading.ContextCallback, object, System.Threading.Tasks.Task&amp;)
:: [23] void System.Threading.Tasks.Task.RunContinuations(object)
:: [24] void System.Runtime.CompilerServices.AsyncTaskMethodBuilder.SetResult()
:: [25] void GdUnit4.Core.Execution.BeforeTestExecutionStage+&lt;Execute&gt;d__1.MoveNext()
:: [26] void System.Threading.ExecutionContext.RunInternal(System.Threading.ExecutionContext, System.Threading.ContextCallback, object)
:: [27] void System.Runtime.CompilerServices.AsyncTaskMethodBuilder`1+AsyncStateMachineBox`1.MoveNext(System.Threading.Thread)
:: [28] void System.Threading.Tasks.AwaitTaskContinuation.RunCallback(System.Threading.ContextCallback, object, System.Threading.Tasks.Task&amp;)
:: [29] void System.Threading.Tasks.Task.RunContinuations(object)
:: [30] void System.Runtime.CompilerServices.AsyncTaskMethodBuilder.SetResult()
:: [31] void GdUnit4.Core.Execution.ExecutionStage`1+&lt;Execute&gt;d__30.MoveNext()
:: [32] void System.Threading.ExecutionContext.RunInternal(System.Threading.ExecutionContext, System.Threading.ContextCallback, object)
:: [33] void System.Runtime.CompilerServices.AsyncTaskMethodBuilder`1+AsyncStateMachineBox`1.MoveNext(System.Threading.Thread)
:: [34] void Godot.GodotSynchronizationContext.ExecutePendingContinuations() (/root/godot/modules/mono/glue/GodotSharp/GodotSharp/Core/GodotSynchronizationContext.cs:51)
:: [35] void Godot.GodotTaskScheduler.Activate() (/root/godot/modules/mono/glue/GodotSharp/GodotSharp/Core/GodotTaskScheduler.cs:76)
:: [36] void Godot.Bridge.ScriptManagerBridge.FrameCallback() (/root/godot/modules/mono/glue/GodotSharp/GodotSharp/Core/Bridge/ScriptManagerBridge.cs:84)
:: ERROR: Error loading resource: 'res://source/stages/stage_0_start/main_menu.tscn'.
:: at: load (core/core_bind.cpp:76)
:: C# backtrace (most recent call first):
:: [0] Godot.GodotObject Godot.NativeCalls.godot_icall_3_761(nint, nint, string, string, int) (/root/godot/modules/mono/glue/GodotSharp/GodotSharp/Generated/NativeCalls.cs:6854)
:: [1] Godot.Resource Godot.ResourceLoader.Load(string, string, Godot.ResourceLoader+CacheMode) (/root/godot/modules/mono/glue/GodotSharp/GodotSharp/Generated/GodotObjects/ResourceLoader.cs:120)
:: [2] T Godot.ResourceLoader.Load&lt;T&gt;(string, string, Godot.ResourceLoader+CacheMode) (/root/godot/modules/mono/glue/GodotSharp/GodotSharp/Core/Extensions/ResourceLoaderExtensions.cs:27)
:: [3] T Godot.GD.Load&lt;T&gt;(string) (/root/godot/modules/mono/glue/GodotSharp/GodotSharp/Core/GD.cs:129)
:: [4] void OmegaSpiral.Tests.Integration.SceneLoadingAndViewportTests.AnyScene_LoadsWithinViewportBounds() (/home/adam/Dev/omega-spiral/chapter-zero/tests/integration/SceneLoadingAndViewportTests.cs:107)
:: [5] void System.RuntimeMethodHandle.InvokeMethod(System.Runtime.CompilerServices.ObjectHandleOnStack, System.Void**, System.Runtime.CompilerServices.ObjectHandleOnStack, Interop+BOOL, System.Runtime.CompilerServices.ObjectHandleOnStack)
:: [6] void System.RuntimeMethodHandle.InvokeMethod(System.Runtime.CompilerServices.ObjectHandleOnStack, System.Void**, System.Runtime.CompilerServices.ObjectHandleOnStack, Interop+BOOL, System.Runtime.CompilerServices.ObjectHandleOnStack)
:: [7] object System.Reflection.MethodBaseInvoker.InterpretedInvoke_Method(object, System.IntPtr*)
:: [8] object System.Reflection.RuntimeMethodInfo.Invoke(object, System.Reflection.BindingFlags, System.Reflection.Binder, System.Object[], System.Globalization.CultureInfo)
:: [9] void GdUnit4.Core.Execution.ExecutionStage`1+&lt;ExecuteStage&gt;d__37.MoveNext()
:: [10] void System.Runtime.CompilerServices.AsyncTaskMethodBuilder.Start&lt;TStateMachine&gt;(TStateMachine&amp;)
:: [11] System.Threading.Tasks.Task GdUnit4.Core.Execution.ExecutionStage`1.ExecuteStage(GdUnit4.Core.Execution.ExecutionContext)
:: [12] void GdUnit4.Core.Execution.ExecutionStage`1+&lt;Execute&gt;d__30.MoveNext()
:: [13] void System.Runtime.CompilerServices.AsyncTaskMethodBuilder.Start&lt;TStateMachine&gt;(TStateMachine&amp;)
:: [14] System.Threading.Tasks.Task GdUnit4.Core.Execution.ExecutionStage`1.Execute(GdUnit4.Core.Execution.ExecutionContext)
:: [15] System.Threading.Tasks.Task GdUnit4.Core.Execution.TestCaseExecutionStage.&lt;&gt;n__0(GdUnit4.Core.Execution.ExecutionContext)
:: [16] void GdUnit4.Core.Execution.TestCaseExecutionStage+&lt;Execute&gt;d__1.MoveNext()
:: [17] void System.Runtime.CompilerServices.AsyncTaskMethodBuilder.Start&lt;TStateMachine&gt;(TStateMachine&amp;)
:: [18] System.Threading.Tasks.Task GdUnit4.Core.Execution.TestCaseExecutionStage.Execute(GdUnit4.Core.Execution.ExecutionContext)
:: [19] void GdUnit4.Core.Execution.TestSuiteExecutionStage+&lt;RunTestCase&gt;d__15.MoveNext()
:: [20] void System.Threading.ExecutionContext.RunInternal(System.Threading.ExecutionContext, System.Threading.ContextCallback, object)
:: [21] void System.Runtime.CompilerServices.AsyncTaskMethodBuilder`1+AsyncStateMachineBox`1.MoveNext(System.Threading.Thread)
:: [22] void System.Threading.Tasks.AwaitTaskContinuation.RunCallback(System.Threading.ContextCallback, object, System.Threading.Tasks.Task&amp;)
:: [23] void System.Threading.Tasks.Task.RunContinuations(object)
:: [24] void System.Runtime.CompilerServices.AsyncTaskMethodBuilder.SetResult()
:: [25] void GdUnit4.Core.Execution.BeforeTestExecutionStage+&lt;Execute&gt;d__1.MoveNext()
:: [26] void System.Threading.ExecutionContext.RunInternal(System.Threading.ExecutionContext, System.Threading.ContextCallback, object)
:: [27] void System.Runtime.CompilerServices.AsyncTaskMethodBuilder`1+AsyncStateMachineBox`1.MoveNext(System.Threading.Thread)
:: [28] void System.Threading.Tasks.AwaitTaskContinuation.RunCallback(System.Threading.ContextCallback, object, System.Threading.Tasks.Task&amp;)
:: [29] void System.Threading.Tasks.Task.RunContinuations(object)
:: [30] void System.Runtime.CompilerServices.AsyncTaskMethodBuilder.SetResult()
:: [31] void GdUnit4.Core.Execution.ExecutionStage`1+&lt;Execute&gt;d__30.MoveNext()
:: [32] void System.Threading.ExecutionContext.RunInternal(System.Threading.ExecutionContext, System.Threading.ContextCallback, object)
:: [33] void System.Runtime.CompilerServices.AsyncTaskMethodBuilder`1+AsyncStateMachineBox`1.MoveNext(System.Threading.Thread)
:: [34] void Godot.GodotSynchronizationContext.ExecutePendingContinuations() (/root/godot/modules/mono/glue/GodotSharp/GodotSharp/Core/GodotSynchronizationContext.cs:51)
:: [35] void Godot.GodotTaskScheduler.Activate() (/root/godot/modules/mono/glue/GodotSharp/GodotSharp/Core/GodotTaskScheduler.cs:76)
:: [36] void Godot.Bridge.ScriptManagerBridge.FrameCallback() (/root/godot/modules/mono/glue/GodotSharp/GodotSharp/Core/Bridge/ScriptManagerBridge.cs:84)
:: ERROR: Cannot open file 'res://source/stages/stage_0_start/main_menu.tscn'.
:: at: load (scene/resources/resource_format_text.cpp:1409)
:: C# backtrace (most recent call first):
:: [0] Godot.GodotObject Godot.NativeCalls.godot_icall_3_761(nint, nint, string, string, int) (/root/godot/modules/mono/glue/GodotSharp/GodotSharp/Generated/NativeCalls.cs:6854)
:: [1] Godot.Resource Godot.ResourceLoader.Load(string, string, Godot.ResourceLoader+CacheMode) (/root/godot/modules/mono/glue/GodotSharp/GodotSharp/Generated/GodotObjects/ResourceLoader.cs:120)
:: [2] T Godot.ResourceLoader.Load&lt;T&gt;(string, string, Godot.ResourceLoader+CacheMode) (/root/godot/modules/mono/glue/GodotSharp/GodotSharp/Core/Extensions/ResourceLoaderExtensions.cs:27)
:: [3] T Godot.GD.Load&lt;T&gt;(string) (/root/godot/modules/mono/glue/GodotSharp/GodotSharp/Core/GD.cs:129)
:: [4] void OmegaSpiral.Tests.Integration.SceneLoadingAndViewportTests.Scene_LoadsConsistentlyAcrossMultipleInstances() (/home/adam/Dev/omega-spiral/chapter-zero/tests/integration/SceneLoadingAndViewportTests.cs:154)
:: [5] void System.RuntimeMethodHandle.InvokeMethod(System.Runtime.CompilerServices.ObjectHandleOnStack, System.Void**, System.Runtime.CompilerServices.ObjectHandleOnStack, Interop+BOOL, System.Runtime.CompilerServices.ObjectHandleOnStack)
:: [6] void System.RuntimeMethodHandle.InvokeMethod(System.Runtime.CompilerServices.ObjectHandleOnStack, System.Void**, System.Runtime.CompilerServices.ObjectHandleOnStack, Interop+BOOL, System.Runtime.CompilerServices.ObjectHandleOnStack)
:: [7] object System.Reflection.MethodBaseInvoker.InterpretedInvoke_Method(object, System.IntPtr*)
:: [8] object System.Reflection.RuntimeMethodInfo.Invoke(object, System.Reflection.BindingFlags, System.Reflection.Binder, System.Object[], System.Globalization.CultureInfo)
:: [9] void GdUnit4.Core.Execution.ExecutionStage`1+&lt;ExecuteStage&gt;d__37.MoveNext()
:: [10] void System.Runtime.CompilerServices.AsyncTaskMethodBuilder.Start&lt;TStateMachine&gt;(TStateMachine&amp;)
:: [11] System.Threading.Tasks.Task GdUnit4.Core.Execution.ExecutionStage`1.ExecuteStage(GdUnit4.Core.Execution.ExecutionContext)
:: [12] void GdUnit4.Core.Execution.ExecutionStage`1+&lt;Execute&gt;d__30.MoveNext()
:: [13] void System.Runtime.CompilerServices.AsyncTaskMethodBuilder.Start&lt;TStateMachine&gt;(TStateMachine&amp;)
:: [14] System.Threading.Tasks.Task GdUnit4.Core.Execution.ExecutionStage`1.Execute(GdUnit4.Core.Execution.ExecutionContext)
:: [15] System.Threading.Tasks.Task GdUnit4.Core.Execution.TestCaseExecutionStage.&lt;&gt;n__0(GdUnit4.Core.Execution.ExecutionContext)
:: [16] void GdUnit4.Core.Execution.TestCaseExecutionStage+&lt;Execute&gt;d__1.MoveNext()
:: [17] void System.Runtime.CompilerServices.AsyncTaskMethodBuilder.Start&lt;TStateMachine&gt;(TStateMachine&amp;)
:: [18] System.Threading.Tasks.Task GdUnit4.Core.Execution.TestCaseExecutionStage.Execute(GdUnit4.Core.Execution.ExecutionContext)
:: [19] void GdUnit4.Core.Execution.TestSuiteExecutionStage+&lt;RunTestCase&gt;d__15.MoveNext()
:: [20] void System.Runtime.CompilerServices.AsyncTaskMethodBuilder.Start&lt;TStateMachine&gt;(TStateMachine&amp;)
:: [21] System.Threading.Tasks.Task GdUnit4.Core.Execution.TestSuiteExecutionStage.RunTestCase(GdUnit4.Core.Hooks.IStdOutHook, GdUnit4.Core.Execution.ExecutionContext, GdUnit4.Core.Execution.TestCase, GdUnit4.TestCaseAttribute, System.Object[])
:: [22] void GdUnit4.Core.Execution.TestSuiteExecutionStage+&lt;Execute&gt;d__13.MoveNext()
:: [23] void System.Threading.ExecutionContext.RunInternal(System.Threading.ExecutionContext, System.Threading.ContextCallback, object)
:: [24] void System.Runtime.CompilerServices.AsyncTaskMethodBuilder`1+AsyncStateMachineBox`1.MoveNext(System.Threading.Thread)
:: [25] void System.Threading.Tasks.AwaitTaskContinuation.RunCallback(System.Threading.ContextCallback, object, System.Threading.Tasks.Task&amp;)
:: [26] void System.Threading.Tasks.Task.RunContinuations(object)
:: [27] void System.Runtime.CompilerServices.AsyncTaskMethodBuilder.SetResult()
:: [28] void GdUnit4.Core.Execution.TestSuiteExecutionStage+&lt;RunTestCase&gt;d__15.MoveNext()
:: [29] void System.Threading.ExecutionContext.RunInternal(System.Threading.ExecutionContext, System.Threading.ContextCallback, object)
:: [30] void System.Runtime.CompilerServices.AsyncTaskMethodBuilder`1+AsyncStateMachineBox`1.MoveNext(System.Threading.Thread)
:: [31] void System.Threading.Tasks.AwaitTaskContinuation.RunCallback(System.Threading.ContextCallback, object, System.Threading.Tasks.Task&amp;)
:: [32] void System.Threading.Tasks.Task.RunContinuations(object)
:: [33] void System.Runtime.CompilerServices.AsyncTaskMethodBuilder.SetResult()
:: [34] void GdUnit4.Core.Execution.AfterTestExecutionStage+&lt;Execute&gt;d__1.MoveNext()
:: [35] void System.Threading.ExecutionContext.RunInternal(System.Threading.ExecutionContext, System.Threading.ContextCallback, object)
:: [36] void System.Runtime.CompilerServices.AsyncTaskMethodBuilder`1+AsyncStateMachineBox`1.MoveNext(System.Threading.Thread)
:: [37] void System.Threading.Tasks.AwaitTaskContinuation.RunCallback(System.Threading.ContextCallback, object, System.Threading.Tasks.Task&amp;)
:: [38] void System.Threading.Tasks.Task.RunContinuations(object)
:: [39] void System.Runtime.CompilerServices.AsyncTaskMethodBuilder.SetResult()
:: [40] void GdUnit4.Core.Execution.Monitoring.MemoryPool+&lt;Gc&gt;d__14.MoveNext()
:: [41] void System.Threading.ExecutionContext.RunInternal(System.Threading.ExecutionContext, System.Threading.ContextCallback, object)
:: [42] void System.Runtime.CompilerServices.AsyncTaskMethodBuilder`1+AsyncStateMachineBox`1.MoveNext()
:: [43] void Godot.SignalAwaiter.SignalCallback(nint, Godot.NativeInterop.godot_variant**, int, Godot.NativeInterop.godot_bool*) (/root/godot/modules/mono/glue/GodotSharp/GodotSharp/Core/SignalAwaiter.cs:65)
:: ERROR: Failed loading resource: res://source/stages/stage_0_start/main_menu.tscn.
:: at: _load (core/io/resource_loader.cpp:343)
:: C# backtrace (most recent call first):
:: [0] Godot.GodotObject Godot.NativeCalls.godot_icall_3_761(nint, nint, string, string, int) (/root/godot/modules/mono/glue/GodotSharp/GodotSharp/Generated/NativeCalls.cs:6854)
:: [1] Godot.Resource Godot.ResourceLoader.Load(string, string, Godot.ResourceLoader+CacheMode) (/root/godot/modules/mono/glue/GodotSharp/GodotSharp/Generated/GodotObjects/ResourceLoader.cs:120)
:: [2] T Godot.ResourceLoader.Load&lt;T&gt;(string, string, Godot.ResourceLoader+CacheMode) (/root/godot/modules/mono/glue/GodotSharp/GodotSharp/Core/Extensions/ResourceLoaderExtensions.cs:27)
:: [3] T Godot.GD.Load&lt;T&gt;(string) (/root/godot/modules/mono/glue/GodotSharp/GodotSharp/Core/GD.cs:129)
:: [4] void OmegaSpiral.Tests.Integration.SceneLoadingAndViewportTests.Scene_LoadsConsistentlyAcrossMultipleInstances() (/home/adam/Dev/omega-spiral/chapter-zero/tests/integration/SceneLoadingAndViewportTests.cs:154)
:: [5] void System.RuntimeMethodHandle.InvokeMethod(System.Runtime.CompilerServices.ObjectHandleOnStack, System.Void**, System.Runtime.CompilerServices.ObjectHandleOnStack, Interop+BOOL, System.Runtime.CompilerServices.ObjectHandleOnStack)
:: [6] void System.RuntimeMethodHandle.InvokeMethod(System.Runtime.CompilerServices.ObjectHandleOnStack, System.Void**, System.Runtime.CompilerServices.ObjectHandleOnStack, Interop+BOOL, System.Runtime.CompilerServices.ObjectHandleOnStack)
:: [7] object System.Reflection.MethodBaseInvoker.InterpretedInvoke_Method(object, System.IntPtr*)
:: [8] object System.Reflection.RuntimeMethodInfo.Invoke(object, System.Reflection.BindingFlags, System.Reflection.Binder, System.Object[], System.Globalization.CultureInfo)
:: [9] void GdUnit4.Core.Execution.ExecutionStage`1+&lt;ExecuteStage&gt;d__37.MoveNext()
:: [10] void System.Runtime.CompilerServices.AsyncTaskMethodBuilder.Start&lt;TStateMachine&gt;(TStateMachine&amp;)
:: [11] System.Threading.Tasks.Task GdUnit4.Core.Execution.ExecutionStage`1.ExecuteStage(GdUnit4.Core.Execution.ExecutionContext)
:: [12] void GdUnit4.Core.Execution.ExecutionStage`1+&lt;Execute&gt;d__30.MoveNext()
:: [13] void System.Runtime.CompilerServices.AsyncTaskMethodBuilder.Start&lt;TStateMachine&gt;(TStateMachine&amp;)
:: [14] System.Threading.Tasks.Task GdUnit4.Core.Execution.ExecutionStage`1.Execute(GdUnit4.Core.Execution.ExecutionContext)
:: [15] System.Threading.Tasks.Task GdUnit4.Core.Execution.TestCaseExecutionStage.&lt;&gt;n__0(GdUnit4.Core.Execution.ExecutionContext)
:: [16] void GdUnit4.Core.Execution.TestCaseExecutionStage+&lt;Execute&gt;d__1.MoveNext()
:: [17] void System.Runtime.CompilerServices.AsyncTaskMethodBuilder.Start&lt;TStateMachine&gt;(TStateMachine&amp;)
:: [18] System.Threading.Tasks.Task GdUnit4.Core.Execution.TestCaseExecutionStage.Execute(GdUnit4.Core.Execution.ExecutionContext)
:: [19] void GdUnit4.Core.Execution.TestSuiteExecutionStage+&lt;RunTestCase&gt;d__15.MoveNext()
:: [20] void System.Runtime.CompilerServices.AsyncTaskMethodBuilder.Start&lt;TStateMachine&gt;(TStateMachine&amp;)
:: [21] System.Threading.Tasks.Task GdUnit4.Core.Execution.TestSuiteExecutionStage.RunTestCase(GdUnit4.Core.Hooks.IStdOutHook, GdUnit4.Core.Execution.ExecutionContext, GdUnit4.Core.Execution.TestCase, GdUnit4.TestCaseAttribute, System.Object[])
:: [22] void GdUnit4.Core.Execution.TestSuiteExecutionStage+&lt;Execute&gt;d__13.MoveNext()
:: [23] void System.Threading.ExecutionContext.RunInternal(System.Threading.ExecutionContext, System.Threading.ContextCallback, object)
:: [24] void System.Runtime.CompilerServices.AsyncTaskMethodBuilder`1+AsyncStateMachineBox`1.MoveNext(System.Threading.Thread)
:: [25] void System.Threading.Tasks.AwaitTaskContinuation.RunCallback(System.Threading.ContextCallback, object, System.Threading.Tasks.Task&amp;)
:: [26] void System.Threading.Tasks.Task.RunContinuations(object)
:: [27] void System.Runtime.CompilerServices.AsyncTaskMethodBuilder.SetResult()
:: [28] void GdUnit4.Core.Execution.TestSuiteExecutionStage+&lt;RunTestCase&gt;d__15.MoveNext()
:: [29] void System.Threading.ExecutionContext.RunInternal(System.Threading.ExecutionContext, System.Threading.ContextCallback, object)
:: [30] void System.Runtime.CompilerServices.AsyncTaskMethodBuilder`1+AsyncStateMachineBox`1.MoveNext(System.Threading.Thread)
:: [31] void System.Threading.Tasks.AwaitTaskContinuation.RunCallback(System.Threading.ContextCallback, object, System.Threading.Tasks.Task&amp;)
:: [32] void System.Threading.Tasks.Task.RunContinuations(object)
:: [33] void System.Runtime.CompilerServices.AsyncTaskMethodBuilder.SetResult()
:: [34] void GdUnit4.Core.Execution.AfterTestExecutionStage+&lt;Execute&gt;d__1.MoveNext()
:: [35] void System.Threading.ExecutionContext.RunInternal(System.Threading.ExecutionContext, System.Threading.ContextCallback, object)
:: [36] void System.Runtime.CompilerServices.AsyncTaskMethodBuilder`1+AsyncStateMachineBox`1.MoveNext(System.Threading.Thread)
:: [37] void System.Threading.Tasks.AwaitTaskContinuation.RunCallback(System.Threading.ContextCallback, object, System.Threading.Tasks.Task&amp;)
:: [38] void System.Threading.Tasks.Task.RunContinuations(object)
:: [39] void System.Runtime.CompilerServices.AsyncTaskMethodBuilder.SetResult()
:: [40] void GdUnit4.Core.Execution.Monitoring.MemoryPool+&lt;Gc&gt;d__14.MoveNext()
:: [41] void System.Threading.ExecutionContext.RunInternal(System.Threading.ExecutionContext, System.Threading.ContextCallback, object)
:: [42] void System.Runtime.CompilerServices.AsyncTaskMethodBuilder`1+AsyncStateMachineBox`1.MoveNext()
:: [43] void Godot.SignalAwaiter.SignalCallback(nint, Godot.NativeInterop.godot_variant**, int, Godot.NativeInterop.godot_bool*) (/root/godot/modules/mono/glue/GodotSharp/GodotSharp/Core/SignalAwaiter.cs:65)
:: ERROR: Error loading resource: 'res://source/stages/stage_0_start/main_menu.tscn'.
:: at: load (core/core_bind.cpp:76)
:: C# backtrace (most recent call first):
:: [0] Godot.GodotObject Godot.NativeCalls.godot_icall_3_761(nint, nint, string, string, int) (/root/godot/modules/mono/glue/GodotSharp/GodotSharp/Generated/NativeCalls.cs:6854)
:: [1] Godot.Resource Godot.ResourceLoader.Load(string, string, Godot.ResourceLoader+CacheMode) (/root/godot/modules/mono/glue/GodotSharp/GodotSharp/Generated/GodotObjects/ResourceLoader.cs:120)
:: [2] T Godot.ResourceLoader.Load&lt;T&gt;(string, string, Godot.ResourceLoader+CacheMode) (/root/godot/modules/mono/glue/GodotSharp/GodotSharp/Core/Extensions/ResourceLoaderExtensions.cs:27)
:: [3] T Godot.GD.Load&lt;T&gt;(string) (/root/godot/modules/mono/glue/GodotSharp/GodotSharp/Core/GD.cs:129)
:: [4] void OmegaSpiral.Tests.Integration.SceneLoadingAndViewportTests.Scene_LoadsConsistentlyAcrossMultipleInstances() (/home/adam/Dev/omega-spiral/chapter-zero/tests/integration/SceneLoadingAndViewportTests.cs:154)
:: [5] void System.RuntimeMethodHandle.InvokeMethod(System.Runtime.CompilerServices.ObjectHandleOnStack, System.Void**, System.Runtime.CompilerServices.ObjectHandleOnStack, Interop+BOOL, System.Runtime.CompilerServices.ObjectHandleOnStack)
:: [6] void System.RuntimeMethodHandle.InvokeMethod(System.Runtime.CompilerServices.ObjectHandleOnStack, System.Void**, System.Runtime.CompilerServices.ObjectHandleOnStack, Interop+BOOL, System.Runtime.CompilerServices.ObjectHandleOnStack)
:: [7] object System.Reflection.MethodBaseInvoker.InterpretedInvoke_Method(object, System.IntPtr*)
:: [8] object System.Reflection.RuntimeMethodInfo.Invoke(object, System.Reflection.BindingFlags, System.Reflection.Binder, System.Object[], System.Globalization.CultureInfo)
:: [9] void GdUnit4.Core.Execution.ExecutionStage`1+&lt;ExecuteStage&gt;d__37.MoveNext()
:: [10] void System.Runtime.CompilerServices.AsyncTaskMethodBuilder.Start&lt;TStateMachine&gt;(TStateMachine&amp;)
:: [11] System.Threading.Tasks.Task GdUnit4.Core.Execution.ExecutionStage`1.ExecuteStage(GdUnit4.Core.Execution.ExecutionContext)
:: [12] void GdUnit4.Core.Execution.ExecutionStage`1+&lt;Execute&gt;d__30.MoveNext()
:: [13] void System.Runtime.CompilerServices.AsyncTaskMethodBuilder.Start&lt;TStateMachine&gt;(TStateMachine&amp;)
:: [14] System.Threading.Tasks.Task GdUnit4.Core.Execution.ExecutionStage`1.Execute(GdUnit4.Core.Execution.ExecutionContext)
:: [15] System.Threading.Tasks.Task GdUnit4.Core.Execution.TestCaseExecutionStage.&lt;&gt;n__0(GdUnit4.Core.Execution.ExecutionContext)
:: [16] void GdUnit4.Core.Execution.TestCaseExecutionStage+&lt;Execute&gt;d__1.MoveNext()
:: [17] void System.Runtime.CompilerServices.AsyncTaskMethodBuilder.Start&lt;TStateMachine&gt;(TStateMachine&amp;)
:: [18] System.Threading.Tasks.Task GdUnit4.Core.Execution.TestCaseExecutionStage.Execute(GdUnit4.Core.Execution.ExecutionContext)
:: [19] void GdUnit4.Core.Execution.TestSuiteExecutionStage+&lt;RunTestCase&gt;d__15.MoveNext()
:: [20] void System.Runtime.CompilerServices.AsyncTaskMethodBuilder.Start&lt;TStateMachine&gt;(TStateMachine&amp;)
:: [21] System.Threading.Tasks.Task GdUnit4.Core.Execution.TestSuiteExecutionStage.RunTestCase(GdUnit4.Core.Hooks.IStdOutHook, GdUnit4.Core.Execution.ExecutionContext, GdUnit4.Core.Execution.TestCase, GdUnit4.TestCaseAttribute, System.Object[])
:: [22] void GdUnit4.Core.Execution.TestSuiteExecutionStage+&lt;Execute&gt;d__13.MoveNext()
:: [23] void System.Threading.ExecutionContext.RunInternal(System.Threading.ExecutionContext, System.Threading.ContextCallback, object)
:: [24] void System.Runtime.CompilerServices.AsyncTaskMethodBuilder`1+AsyncStateMachineBox`1.MoveNext(System.Threading.Thread)
:: [25] void System.Threading.Tasks.AwaitTaskContinuation.RunCallback(System.Threading.ContextCallback, object, System.Threading.Tasks.Task&amp;)
:: [26] void System.Threading.Tasks.Task.RunContinuations(object)
:: [27] void System.Runtime.CompilerServices.AsyncTaskMethodBuilder.SetResult()
:: [28] void GdUnit4.Core.Execution.TestSuiteExecutionStage+&lt;RunTestCase&gt;d__15.MoveNext()
:: [29] void System.Threading.ExecutionContext.RunInternal(System.Threading.ExecutionContext, System.Threading.ContextCallback, object)
:: [30] void System.Runtime.CompilerServices.AsyncTaskMethodBuilder`1+AsyncStateMachineBox`1.MoveNext(System.Threading.Thread)
:: [31] void System.Threading.Tasks.AwaitTaskContinuation.RunCallback(System.Threading.ContextCallback, object, System.Threading.Tasks.Task&amp;)
:: [32] void System.Threading.Tasks.Task.RunContinuations(object)
:: [33] void System.Runtime.CompilerServices.AsyncTaskMethodBuilder.SetResult()
:: [34] void GdUnit4.Core.Execution.AfterTestExecutionStage+&lt;Execute&gt;d__1.MoveNext()
:: [35] void System.Threading.ExecutionContext.RunInternal(System.Threading.ExecutionContext, System.Threading.ContextCallback, object)
:: [36] void System.Runtime.CompilerServices.AsyncTaskMethodBuilder`1+AsyncStateMachineBox`1.MoveNext(System.Threading.Thread)
:: [37] void System.Threading.Tasks.AwaitTaskContinuation.RunCallback(System.Threading.ContextCallback, object, System.Threading.Tasks.Task&amp;)
:: [38] void System.Threading.Tasks.Task.RunContinuations(object)
:: [39] void System.Runtime.CompilerServices.AsyncTaskMethodBuilder.SetResult()
:: [40] void GdUnit4.Core.Execution.Monitoring.MemoryPool+&lt;Gc&gt;d__14.MoveNext()
:: [41] void System.Threading.ExecutionContext.RunInternal(System.Threading.ExecutionContext, System.Threading.ContextCallback, object)
:: [42] void System.Runtime.CompilerServices.AsyncTaskMethodBuilder`1+AsyncStateMachineBox`1.MoveNext()
:: [43] void Godot.SignalAwaiter.SignalCallback(nint, Godot.NativeInterop.godot_variant**, int, Godot.NativeInterop.godot_bool*) (/root/godot/modules/mono/glue/GodotSharp/GodotSharp/Core/SignalAwaiter.cs:65)
:: ERROR: Cannot open file 'res://source/ui/menus/stage_select_menu.tscn'.
:: at: load (scene/resources/resource_format_text.cpp:1409)
:: C# backtrace (most recent call first):
:: [0] Godot.GodotObject Godot.NativeCalls.godot_icall_3_761(nint, nint, string, string, int) (/root/godot/modules/mono/glue/GodotSharp/GodotSharp/Generated/NativeCalls.cs:6854)
:: [1] Godot.Resource Godot.ResourceLoader.Load(string, string, Godot.ResourceLoader+CacheMode) (/root/godot/modules/mono/glue/GodotSharp/GodotSharp/Generated/GodotObjects/ResourceLoader.cs:120)
:: [2] T Godot.ResourceLoader.Load&lt;T&gt;(string, string, Godot.ResourceLoader+CacheMode) (/root/godot/modules/mono/glue/GodotSharp/GodotSharp/Core/Extensions/ResourceLoaderExtensions.cs:27)
:: [3] T Godot.GD.Load&lt;T&gt;(string) (/root/godot/modules/mono/glue/GodotSharp/GodotSharp/Core/GD.cs:129)
:: [4] void OmegaSpiral.Tests.Integration.SceneLoadingAndViewportTests.Scene_HasValidDimensions() (/home/adam/Dev/omega-spiral/chapter-zero/tests/integration/SceneLoadingAndViewportTests.cs:182)
:: [5] void System.RuntimeMethodHandle.InvokeMethod(System.Runtime.CompilerServices.ObjectHandleOnStack, System.Void**, System.Runtime.CompilerServices.ObjectHandleOnStack, Interop+BOOL, System.Runtime.CompilerServices.ObjectHandleOnStack)
:: [6] void System.RuntimeMethodHandle.InvokeMethod(System.Runtime.CompilerServices.ObjectHandleOnStack, System.Void**, System.Runtime.CompilerServices.ObjectHandleOnStack, Interop+BOOL, System.Runtime.CompilerServices.ObjectHandleOnStack)
:: [7] object System.Reflection.MethodBaseInvoker.InterpretedInvoke_Method(object, System.IntPtr*)
:: [8] object System.Reflection.RuntimeMethodInfo.Invoke(object, System.Reflection.BindingFlags, System.Reflection.Binder, System.Object[], System.Globalization.CultureInfo)
:: [9] void GdUnit4.Core.Execution.ExecutionStage`1+&lt;ExecuteStage&gt;d__37.MoveNext()
:: [10] void System.Runtime.CompilerServices.AsyncTaskMethodBuilder.Start&lt;TStateMachine&gt;(TStateMachine&amp;)
:: [11] System.Threading.Tasks.Task GdUnit4.Core.Execution.ExecutionStage`1.ExecuteStage(GdUnit4.Core.Execution.ExecutionContext)
:: [12] void GdUnit4.Core.Execution.ExecutionStage`1+&lt;Execute&gt;d__30.MoveNext()
:: [13] void System.Runtime.CompilerServices.AsyncTaskMethodBuilder.Start&lt;TStateMachine&gt;(TStateMachine&amp;)
:: [14] System.Threading.Tasks.Task GdUnit4.Core.Execution.ExecutionStage`1.Execute(GdUnit4.Core.Execution.ExecutionContext)
:: [15] System.Threading.Tasks.Task GdUnit4.Core.Execution.TestCaseExecutionStage.&lt;&gt;n__0(GdUnit4.Core.Execution.ExecutionContext)
:: [16] void GdUnit4.Core.Execution.TestCaseExecutionStage+&lt;Execute&gt;d__1.MoveNext()
:: [17] void System.Runtime.CompilerServices.AsyncTaskMethodBuilder.Start&lt;TStateMachine&gt;(TStateMachine&amp;)
:: [18] System.Threading.Tasks.Task GdUnit4.Core.Execution.TestCaseExecutionStage.Execute(GdUnit4.Core.Execution.ExecutionContext)
:: [19] void GdUnit4.Core.Execution.TestSuiteExecutionStage+&lt;RunTestCase&gt;d__15.MoveNext()
:: [20] void System.Threading.ExecutionContext.RunInternal(System.Threading.ExecutionContext, System.Threading.ContextCallback, object)
:: [21] void System.Runtime.CompilerServices.AsyncTaskMethodBuilder`1+AsyncStateMachineBox`1.MoveNext(System.Threading.Thread)
:: [22] void System.Threading.Tasks.AwaitTaskContinuation.RunCallback(System.Threading.ContextCallback, object, System.Threading.Tasks.Task&amp;)
:: [23] void System.Threading.Tasks.Task.RunContinuations(object)
:: [24] void System.Runtime.CompilerServices.AsyncTaskMethodBuilder.SetResult()
:: [25] void GdUnit4.Core.Execution.BeforeTestExecutionStage+&lt;Execute&gt;d__1.MoveNext()
:: [26] void System.Threading.ExecutionContext.RunInternal(System.Threading.ExecutionContext, System.Threading.ContextCallback, object)
:: [27] void System.Runtime.CompilerServices.AsyncTaskMethodBuilder`1+AsyncStateMachineBox`1.MoveNext(System.Threading.Thread)
:: [28] void System.Threading.Tasks.AwaitTaskContinuation.RunCallback(System.Threading.ContextCallback, object, System.Threading.Tasks.Task&amp;)
:: [29] void System.Threading.Tasks.Task.RunContinuations(object)
:: [30] void System.Runtime.CompilerServices.AsyncTaskMethodBuilder.SetResult()
:: [31] void GdUnit4.Core.Execution.ExecutionStage`1+&lt;Execute&gt;d__30.MoveNext()
:: [32] void System.Threading.ExecutionContext.RunInternal(System.Threading.ExecutionContext, System.Threading.ContextCallback, object)
:: [33] void System.Runtime.CompilerServices.AsyncTaskMethodBuilder`1+AsyncStateMachineBox`1.MoveNext(System.Threading.Thread)
:: [34] void Godot.GodotSynchronizationContext.ExecutePendingContinuations() (/root/godot/modules/mono/glue/GodotSharp/GodotSharp/Core/GodotSynchronizationContext.cs:51)
:: [35] void Godot.GodotTaskScheduler.Activate() (/root/godot/modules/mono/glue/GodotSharp/GodotSharp/Core/GodotTaskScheduler.cs:76)
:: [36] void Godot.Bridge.ScriptManagerBridge.FrameCallback() (/root/godot/modules/mono/glue/GodotSharp/GodotSharp/Core/Bridge/ScriptManagerBridge.cs:84)
:: ERROR: Failed loading resource: res://source/ui/menus/stage_select_menu.tscn.
:: at: _load (core/io/resource_loader.cpp:343)
:: C# backtrace (most recent call first):
:: [0] Godot.GodotObject Godot.NativeCalls.godot_icall_3_761(nint, nint, string, string, int) (/root/godot/modules/mono/glue/GodotSharp/GodotSharp/Generated/NativeCalls.cs:6854)
:: [1] Godot.Resource Godot.ResourceLoader.Load(string, string, Godot.ResourceLoader+CacheMode) (/root/godot/modules/mono/glue/GodotSharp/GodotSharp/Generated/GodotObjects/ResourceLoader.cs:120)
:: [2] T Godot.ResourceLoader.Load&lt;T&gt;(string, string, Godot.ResourceLoader+CacheMode) (/root/godot/modules/mono/glue/GodotSharp/GodotSharp/Core/Extensions/ResourceLoaderExtensions.cs:27)
:: [3] T Godot.GD.Load&lt;T&gt;(string) (/root/godot/modules/mono/glue/GodotSharp/GodotSharp/Core/GD.cs:129)
:: [4] void OmegaSpiral.Tests.Integration.SceneLoadingAndViewportTests.Scene_HasValidDimensions() (/home/adam/Dev/omega-spiral/chapter-zero/tests/integration/SceneLoadingAndViewportTests.cs:182)
:: [5] void System.RuntimeMethodHandle.InvokeMethod(System.Runtime.CompilerServices.ObjectHandleOnStack, System.Void**, System.Runtime.CompilerServices.ObjectHandleOnStack, Interop+BOOL, System.Runtime.CompilerServices.ObjectHandleOnStack)
:: [6] void System.RuntimeMethodHandle.InvokeMethod(System.Runtime.CompilerServices.ObjectHandleOnStack, System.Void**, System.Runtime.CompilerServices.ObjectHandleOnStack, Interop+BOOL, System.Runtime.CompilerServices.ObjectHandleOnStack)
:: [7] object System.Reflection.MethodBaseInvoker.InterpretedInvoke_Method(object, System.IntPtr*)
:: [8] object System.Reflection.RuntimeMethodInfo.Invoke(object, System.Reflection.BindingFlags, System.Reflection.Binder, System.Object[], System.Globalization.CultureInfo)
:: [9] void GdUnit4.Core.Execution.ExecutionStage`1+&lt;ExecuteStage&gt;d__37.MoveNext()
:: [10] void System.Runtime.CompilerServices.AsyncTaskMethodBuilder.Start&lt;TStateMachine&gt;(TStateMachine&amp;)
:: [11] System.Threading.Tasks.Task GdUnit4.Core.Execution.ExecutionStage`1.ExecuteStage(GdUnit4.Core.Execution.ExecutionContext)
:: [12] void GdUnit4.Core.Execution.ExecutionStage`1+&lt;Execute&gt;d__30.MoveNext()
:: [13] void System.Runtime.CompilerServices.AsyncTaskMethodBuilder.Start&lt;TStateMachine&gt;(TStateMachine&amp;)
:: [14] System.Threading.Tasks.Task GdUnit4.Core.Execution.ExecutionStage`1.Execute(GdUnit4.Core.Execution.ExecutionContext)
:: [15] System.Threading.Tasks.Task GdUnit4.Core.Execution.TestCaseExecutionStage.&lt;&gt;n__0(GdUnit4.Core.Execution.ExecutionContext)
:: [16] void GdUnit4.Core.Execution.TestCaseExecutionStage+&lt;Execute&gt;d__1.MoveNext()
:: [17] void System.Runtime.CompilerServices.AsyncTaskMethodBuilder.Start&lt;TStateMachine&gt;(TStateMachine&amp;)
:: [18] System.Threading.Tasks.Task GdUnit4.Core.Execution.TestCaseExecutionStage.Execute(GdUnit4.Core.Execution.ExecutionContext)
:: [19] void GdUnit4.Core.Execution.TestSuiteExecutionStage+&lt;RunTestCase&gt;d__15.MoveNext()
:: [20] void System.Threading.ExecutionContext.RunInternal(System.Threading.ExecutionContext, System.Threading.ContextCallback, object)
:: [21] void System.Runtime.CompilerServices.AsyncTaskMethodBuilder`1+AsyncStateMachineBox`1.MoveNext(System.Threading.Thread)
:: [22] void System.Threading.Tasks.AwaitTaskContinuation.RunCallback(System.Threading.ContextCallback, object, System.Threading.Tasks.Task&amp;)
:: [23] void System.Threading.Tasks.Task.RunContinuations(object)
:: [24] void System.Runtime.CompilerServices.AsyncTaskMethodBuilder.SetResult()
:: [25] void GdUnit4.Core.Execution.BeforeTestExecutionStage+&lt;Execute&gt;d__1.MoveNext()
:: [26] void System.Threading.ExecutionContext.RunInternal(System.Threading.ExecutionContext, System.Threading.ContextCallback, object)
:: [27] void System.Runtime.CompilerServices.AsyncTaskMethodBuilder`1+AsyncStateMachineBox`1.MoveNext(System.Threading.Thread)
:: [28] void System.Threading.Tasks.AwaitTaskContinuation.RunCallback(System.Threading.ContextCallback, object, System.Threading.Tasks.Task&amp;)
:: [29] void System.Threading.Tasks.Task.RunContinuations(object)
:: [30] void System.Runtime.CompilerServices.AsyncTaskMethodBuilder.SetResult()
:: [31] void GdUnit4.Core.Execution.ExecutionStage`1+&lt;Execute&gt;d__30.MoveNext()
:: [32] void System.Threading.ExecutionContext.RunInternal(System.Threading.ExecutionContext, System.Threading.ContextCallback, object)
:: [33] void System.Runtime.CompilerServices.AsyncTaskMethodBuilder`1+AsyncStateMachineBox`1.MoveNext(System.Threading.Thread)
:: [34] void Godot.GodotSynchronizationContext.ExecutePendingContinuations() (/root/godot/modules/mono/glue/GodotSharp/GodotSharp/Core/GodotSynchronizationContext.cs:51)
:: [35] void Godot.GodotTaskScheduler.Activate() (/root/godot/modules/mono/glue/GodotSharp/GodotSharp/Core/GodotTaskScheduler.cs:76)
:: [36] void Godot.Bridge.ScriptManagerBridge.FrameCallback() (/root/godot/modules/mono/glue/GodotSharp/GodotSharp/Core/Bridge/ScriptManagerBridge.cs:84)
:: ERROR: Error loading resource: 'res://source/ui/menus/stage_select_menu.tscn'.
:: at: load (core/core_bind.cpp:76)
:: C# backtrace (most recent call first):
:: [0] Godot.GodotObject Godot.NativeCalls.godot_icall_3_761(nint, nint, string, string, int) (/root/godot/modules/mono/glue/GodotSharp/GodotSharp/Generated/NativeCalls.cs:6854)
:: [1] Godot.Resource Godot.ResourceLoader.Load(string, string, Godot.ResourceLoader+CacheMode) (/root/godot/modules/mono/glue/GodotSharp/GodotSharp/Generated/GodotObjects/ResourceLoader.cs:120)
:: [2] T Godot.ResourceLoader.Load&lt;T&gt;(string, string, Godot.ResourceLoader+CacheMode) (/root/godot/modules/mono/glue/GodotSharp/GodotSharp/Core/Extensions/ResourceLoaderExtensions.cs:27)
:: [3] T Godot.GD.Load&lt;T&gt;(string) (/root/godot/modules/mono/glue/GodotSharp/GodotSharp/Core/GD.cs:129)
:: [4] void OmegaSpiral.Tests.Integration.SceneLoadingAndViewportTests.Scene_HasValidDimensions() (/home/adam/Dev/omega-spiral/chapter-zero/tests/integration/SceneLoadingAndViewportTests.cs:182)
:: [5] void System.RuntimeMethodHandle.InvokeMethod(System.Runtime.CompilerServices.ObjectHandleOnStack, System.Void**, System.Runtime.CompilerServices.ObjectHandleOnStack, Interop+BOOL, System.Runtime.CompilerServices.ObjectHandleOnStack)
:: [6] void System.RuntimeMethodHandle.InvokeMethod(System.Runtime.CompilerServices.ObjectHandleOnStack, System.Void**, System.Runtime.CompilerServices.ObjectHandleOnStack, Interop+BOOL, System.Runtime.CompilerServices.ObjectHandleOnStack)
:: [7] object System.Reflection.MethodBaseInvoker.InterpretedInvoke_Method(object, System.IntPtr*)
:: [8] object System.Reflection.RuntimeMethodInfo.Invoke(object, System.Reflection.BindingFlags, System.Reflection.Binder, System.Object[], System.Globalization.CultureInfo)
:: [9] void GdUnit4.Core.Execution.ExecutionStage`1+&lt;ExecuteStage&gt;d__37.MoveNext()
:: [10] void System.Runtime.CompilerServices.AsyncTaskMethodBuilder.Start&lt;TStateMachine&gt;(TStateMachine&amp;)
:: [11] System.Threading.Tasks.Task GdUnit4.Core.Execution.ExecutionStage`1.ExecuteStage(GdUnit4.Core.Execution.ExecutionContext)
:: [12] void GdUnit4.Core.Execution.ExecutionStage`1+&lt;Execute&gt;d__30.MoveNext()
:: [13] void System.Runtime.CompilerServices.AsyncTaskMethodBuilder.Start&lt;TStateMachine&gt;(TStateMachine&amp;)
:: [14] System.Threading.Tasks.Task GdUnit4.Core.Execution.ExecutionStage`1.Execute(GdUnit4.Core.Execution.ExecutionContext)
:: [15] System.Threading.Tasks.Task GdUnit4.Core.Execution.TestCaseExecutionStage.&lt;&gt;n__0(GdUnit4.Core.Execution.ExecutionContext)
:: [16] void GdUnit4.Core.Execution.TestCaseExecutionStage+&lt;Execute&gt;d__1.MoveNext()
:: [17] void System.Runtime.CompilerServices.AsyncTaskMethodBuilder.Start&lt;TStateMachine&gt;(TStateMachine&amp;)
:: [18] System.Threading.Tasks.Task GdUnit4.Core.Execution.TestCaseExecutionStage.Execute(GdUnit4.Core.Execution.ExecutionContext)
:: [19] void GdUnit4.Core.Execution.TestSuiteExecutionStage+&lt;RunTestCase&gt;d__15.MoveNext()
:: [20] void System.Threading.ExecutionContext.RunInternal(System.Threading.ExecutionContext, System.Threading.ContextCallback, object)
:: [21] void System.Runtime.CompilerServices.AsyncTaskMethodBuilder`1+AsyncStateMachineBox`1.MoveNext(System.Threading.Thread)
:: [22] void System.Threading.Tasks.AwaitTaskContinuation.RunCallback(System.Threading.ContextCallback, object, System.Threading.Tasks.Task&amp;)
:: [23] void System.Threading.Tasks.Task.RunContinuations(object)
:: [24] void System.Runtime.CompilerServices.AsyncTaskMethodBuilder.SetResult()
:: [25] void GdUnit4.Core.Execution.BeforeTestExecutionStage+&lt;Execute&gt;d__1.MoveNext()
:: [26] void System.Threading.ExecutionContext.RunInternal(System.Threading.ExecutionContext, System.Threading.ContextCallback, object)
:: [27] void System.Runtime.CompilerServices.AsyncTaskMethodBuilder`1+AsyncStateMachineBox`1.MoveNext(System.Threading.Thread)
:: [28] void System.Threading.Tasks.AwaitTaskContinuation.RunCallback(System.Threading.ContextCallback, object, System.Threading.Tasks.Task&amp;)
:: [29] void System.Threading.Tasks.Task.RunContinuations(object)
:: [30] void System.Runtime.CompilerServices.AsyncTaskMethodBuilder.SetResult()
:: [31] void GdUnit4.Core.Execution.ExecutionStage`1+&lt;Execute&gt;d__30.MoveNext()
:: [32] void System.Threading.ExecutionContext.RunInternal(System.Threading.ExecutionContext, System.Threading.ContextCallback, object)
:: [33] void System.Runtime.CompilerServices.AsyncTaskMethodBuilder`1+AsyncStateMachineBox`1.MoveNext(System.Threading.Thread)
:: [34] void Godot.GodotSynchronizationContext.ExecutePendingContinuations() (/root/godot/modules/mono/glue/GodotSharp/GodotSharp/Core/GodotSynchronizationContext.cs:51)
:: [35] void Godot.GodotTaskScheduler.Activate() (/root/godot/modules/mono/glue/GodotSharp/GodotSharp/Core/GodotTaskScheduler.cs:76)
:: [36] void Godot.Bridge.ScriptManagerBridge.FrameCallback() (/root/godot/modules/mono/glue/GodotSharp/GodotSharp/Core/Bridge/ScriptManagerBridge.cs:84)
:: ERROR: Condition "!is_inside_tree()" is true.
:: at: grab_focus (scene/gui/control.cpp:2350)
:: C# backtrace (most recent call first):
:: [0] void Godot.NativeCalls.godot_icall_0_26(nint, nint) (/root/godot/modules/mono/glue/GodotSharp/GodotSharp/Generated/NativeCalls.cs:228)
:: [1] void Godot.Control.GrabFocus() (/root/godot/modules/mono/glue/GodotSharp/GodotSharp/Generated/GodotObjects/Control.cs:3189)
:: [2] void OmegaSpiral.Source.Ui.Menus.MenuUi.FocusFirstButton() (/home/adam/Dev/omega-spiral/chapter-zero/source/ui/menus/MenuBase.cs:332)
:: [3] void OmegaSpiral.Source.Ui.Menus.CreditsMenu.ShowCredits() (/home/adam/Dev/omega-spiral/chapter-zero/source/ui/menus/CreditsMenu.cs:152)
:: [4] void OmegaSpiral.Tests.Integration.Ui.CreditsMenuTests.CreditsMenu_CanShowAndHide() (/home/adam/Dev/omega-spiral/chapter-zero/tests/integration/ui/CreditsMenuTests.cs:101)
:: [5] void System.RuntimeMethodHandle.InvokeMethod(System.Runtime.CompilerServices.ObjectHandleOnStack, System.Void**, System.Runtime.CompilerServices.ObjectHandleOnStack, Interop+BOOL, System.Runtime.CompilerServices.ObjectHandleOnStack)
:: [6] void System.RuntimeMethodHandle.InvokeMethod(System.Runtime.CompilerServices.ObjectHandleOnStack, System.Void**, System.Runtime.CompilerServices.ObjectHandleOnStack, Interop+BOOL, System.Runtime.CompilerServices.ObjectHandleOnStack)
:: [7] object System.Reflection.MethodBaseInvoker.InterpretedInvoke_Method(object, System.IntPtr*)
:: [8] object System.Reflection.RuntimeMethodInfo.Invoke(object, System.Reflection.BindingFlags, System.Reflection.Binder, System.Object[], System.Globalization.CultureInfo)
:: [9] void GdUnit4.Core.Execution.ExecutionStage`1+&lt;ExecuteStage&gt;d__37.MoveNext()
:: [10] void System.Runtime.CompilerServices.AsyncTaskMethodBuilder.Start&lt;TStateMachine&gt;(TStateMachine&amp;)
:: [11] System.Threading.Tasks.Task GdUnit4.Core.Execution.ExecutionStage`1.ExecuteStage(GdUnit4.Core.Execution.ExecutionContext)
:: [12] void GdUnit4.Core.Execution.ExecutionStage`1+&lt;Execute&gt;d__30.MoveNext()
:: [13] void System.Runtime.CompilerServices.AsyncTaskMethodBuilder.Start&lt;TStateMachine&gt;(TStateMachine&amp;)
:: [14] System.Threading.Tasks.Task GdUnit4.Core.Execution.ExecutionStage`1.Execute(GdUnit4.Core.Execution.ExecutionContext)
:: [15] System.Threading.Tasks.Task GdUnit4.Core.Execution.TestCaseExecutionStage.&lt;&gt;n__0(GdUnit4.Core.Execution.ExecutionContext)
:: [16] void GdUnit4.Core.Execution.TestCaseExecutionStage+&lt;Execute&gt;d__1.MoveNext()
:: [17] void System.Runtime.CompilerServices.AsyncTaskMethodBuilder.Start&lt;TStateMachine&gt;(TStateMachine&amp;)
:: [18] System.Threading.Tasks.Task GdUnit4.Core.Execution.TestCaseExecutionStage.Execute(GdUnit4.Core.Execution.ExecutionContext)
:: [19] void GdUnit4.Core.Execution.TestSuiteExecutionStage+&lt;RunTestCase&gt;d__15.MoveNext()
:: [20] void System.Threading.ExecutionContext.RunInternal(System.Threading.ExecutionContext, System.Threading.ContextCallback, object)
:: [21] void System.Runtime.CompilerServices.AsyncTaskMethodBuilder`1+AsyncStateMachineBox`1.MoveNext(System.Threading.Thread)
:: [22] void System.Threading.Tasks.AwaitTaskContinuation.RunCallback(System.Threading.ContextCallback, object, System.Threading.Tasks.Task&amp;)
:: [23] void System.Threading.Tasks.Task.RunContinuations(object)
:: [24] void System.Runtime.CompilerServices.AsyncTaskMethodBuilder.SetResult()
:: [25] void GdUnit4.Core.Execution.BeforeTestExecutionStage+&lt;Execute&gt;d__1.MoveNext()
:: [26] void System.Threading.ExecutionContext.RunInternal(System.Threading.ExecutionContext, System.Threading.ContextCallback, object)
:: [27] void System.Runtime.CompilerServices.AsyncTaskMethodBuilder`1+AsyncStateMachineBox`1.MoveNext(System.Threading.Thread)
:: [28] void System.Threading.Tasks.AwaitTaskContinuation.RunCallback(System.Threading.ContextCallback, object, System.Threading.Tasks.Task&amp;)
:: [29] void System.Threading.Tasks.Task.RunContinuations(object)
:: [30] void System.Runtime.CompilerServices.AsyncTaskMethodBuilder.SetResult()
:: [31] void GdUnit4.Core.Execution.ExecutionStage`1+&lt;Execute&gt;d__30.MoveNext()
:: [32] void System.Threading.ExecutionContext.RunInternal(System.Threading.ExecutionContext, System.Threading.ContextCallback, object)
:: [33] void System.Runtime.CompilerServices.AsyncTaskMethodBuilder`1+AsyncStateMachineBox`1.MoveNext(System.Threading.Thread)
:: [34] void Godot.GodotSynchronizationContext.ExecutePendingContinuations() (/root/godot/modules/mono/glue/GodotSharp/GodotSharp/Core/GodotSynchronizationContext.cs:51)
:: [35] void Godot.GodotTaskScheduler.Activate() (/root/godot/modules/mono/glue/GodotSharp/GodotSharp/Core/GodotTaskScheduler.cs:76)
:: [36] void Godot.Bridge.ScriptManagerBridge.FrameCallback() (/root/godot/modules/mono/glue/GodotSharp/GodotSharp/Core/Bridge/ScriptManagerBridge.cs:84)
:: ERROR: Condition "!is_inside_tree()" is true.
:: at: grab_focus (scene/gui/control.cpp:2350)
:: C# backtrace (most recent call first):
:: [0] void Godot.NativeCalls.godot_icall_0_26(nint, nint) (/root/godot/modules/mono/glue/GodotSharp/GodotSharp/Generated/NativeCalls.cs:228)
:: [1] void Godot.Control.GrabFocus() (/root/godot/modules/mono/glue/GodotSharp/GodotSharp/Generated/GodotObjects/Control.cs:3189)
:: [2] void OmegaSpiral.Source.Ui.Menus.MenuUi.FocusFirstButton() (/home/adam/Dev/omega-spiral/chapter-zero/source/ui/menus/MenuBase.cs:332)
:: [3] void OmegaSpiral.Source.Ui.Menus.CreditsMenu.ShowCredits() (/home/adam/Dev/omega-spiral/chapter-zero/source/ui/menus/CreditsMenu.cs:152)
:: [4] void OmegaSpiral.Tests.Integration.Ui.CreditsMenuTests.CreditsMenu_FocusesBackButton() (/home/adam/Dev/omega-spiral/chapter-zero/tests/integration/ui/CreditsMenuTests.cs:114)
:: [5] void System.RuntimeMethodHandle.InvokeMethod(System.Runtime.CompilerServices.ObjectHandleOnStack, System.Void**, System.Runtime.CompilerServices.ObjectHandleOnStack, Interop+BOOL, System.Runtime.CompilerServices.ObjectHandleOnStack)
:: [6] void System.RuntimeMethodHandle.InvokeMethod(System.Runtime.CompilerServices.ObjectHandleOnStack, System.Void**, System.Runtime.CompilerServices.ObjectHandleOnStack, Interop+BOOL, System.Runtime.CompilerServices.ObjectHandleOnStack)
:: [7] object System.Reflection.MethodBaseInvoker.InterpretedInvoke_Method(object, System.IntPtr*)
:: [8] object System.Reflection.RuntimeMethodInfo.Invoke(object, System.Reflection.BindingFlags, System.Reflection.Binder, System.Object[], System.Globalization.CultureInfo)
:: [9] void GdUnit4.Core.Execution.ExecutionStage`1+&lt;ExecuteStage&gt;d__37.MoveNext()
:: [10] void System.Runtime.CompilerServices.AsyncTaskMethodBuilder.Start&lt;TStateMachine&gt;(TStateMachine&amp;)
:: [11] System.Threading.Tasks.Task GdUnit4.Core.Execution.ExecutionStage`1.ExecuteStage(GdUnit4.Core.Execution.ExecutionContext)
:: [12] void GdUnit4.Core.Execution.ExecutionStage`1+&lt;Execute&gt;d__30.MoveNext()
:: [13] void System.Runtime.CompilerServices.AsyncTaskMethodBuilder.Start&lt;TStateMachine&gt;(TStateMachine&amp;)
:: [14] System.Threading.Tasks.Task GdUnit4.Core.Execution.ExecutionStage`1.Execute(GdUnit4.Core.Execution.ExecutionContext)
:: [15] System.Threading.Tasks.Task GdUnit4.Core.Execution.TestCaseExecutionStage.&lt;&gt;n__0(GdUnit4.Core.Execution.ExecutionContext)
:: [16] void GdUnit4.Core.Execution.TestCaseExecutionStage+&lt;Execute&gt;d__1.MoveNext()
:: [17] void System.Runtime.CompilerServices.AsyncTaskMethodBuilder.Start&lt;TStateMachine&gt;(TStateMachine&amp;)
:: [18] System.Threading.Tasks.Task GdUnit4.Core.Execution.TestCaseExecutionStage.Execute(GdUnit4.Core.Execution.ExecutionContext)
:: [19] void GdUnit4.Core.Execution.TestSuiteExecutionStage+&lt;RunTestCase&gt;d__15.MoveNext()
:: [20] void System.Threading.ExecutionContext.RunInternal(System.Threading.ExecutionContext, System.Threading.ContextCallback, object)
:: [21] void System.Runtime.CompilerServices.AsyncTaskMethodBuilder`1+AsyncStateMachineBox`1.MoveNext(System.Threading.Thread)
:: [22] void System.Threading.Tasks.AwaitTaskContinuation.RunCallback(System.Threading.ContextCallback, object, System.Threading.Tasks.Task&amp;)
:: [23] void System.Threading.Tasks.Task.RunContinuations(object)
:: [24] void System.Runtime.CompilerServices.AsyncTaskMethodBuilder.SetResult()
:: [25] void GdUnit4.Core.Execution.BeforeTestExecutionStage+&lt;Execute&gt;d__1.MoveNext()
:: [26] void System.Threading.ExecutionContext.RunInternal(System.Threading.ExecutionContext, System.Threading.ContextCallback, object)
:: [27] void System.Runtime.CompilerServices.AsyncTaskMethodBuilder`1+AsyncStateMachineBox`1.MoveNext(System.Threading.Thread)
:: [28] void System.Threading.Tasks.AwaitTaskContinuation.RunCallback(System.Threading.ContextCallback, object, System.Threading.Tasks.Task&amp;)
:: [29] void System.Threading.Tasks.Task.RunContinuations(object)
:: [30] void System.Runtime.CompilerServices.AsyncTaskMethodBuilder.SetResult()
:: [31] void GdUnit4.Core.Execution.ExecutionStage`1+&lt;Execute&gt;d__30.MoveNext()
:: [32] void System.Threading.ExecutionContext.RunInternal(System.Threading.ExecutionContext, System.Threading.ContextCallback, object)
:: [33] void System.Runtime.CompilerServices.AsyncTaskMethodBuilder`1+AsyncStateMachineBox`1.MoveNext(System.Threading.Thread)
:: [34] void Godot.GodotSynchronizationContext.ExecutePendingContinuations() (/root/godot/modules/mono/glue/GodotSharp/GodotSharp/Core/GodotSynchronizationContext.cs:51)
:: [35] void Godot.GodotTaskScheduler.Activate() (/root/godot/modules/mono/glue/GodotSharp/GodotSharp/Core/GodotTaskScheduler.cs:76)
:: [36] void Godot.Bridge.ScriptManagerBridge.FrameCallback() (/root/godot/modules/mono/glue/GodotSharp/GodotSharp/Core/Bridge/ScriptManagerBridge.cs:84)
:: ERROR: Condition "!is_inside_tree()" is true.
:: at: grab_focus (scene/gui/control.cpp:2350)
:: C# backtrace (most recent call first):
:: [0] void Godot.NativeCalls.godot_icall_0_26(nint, nint) (/root/godot/modules/mono/glue/GodotSharp/GodotSharp/Generated/NativeCalls.cs:228)
:: [1] void Godot.Control.GrabFocus() (/root/godot/modules/mono/glue/GodotSharp/GodotSharp/Generated/GodotObjects/Control.cs:3189)
:: [2] void OmegaSpiral.Source.Ui.Menus.MenuUi.FocusFirstButton() (/home/adam/Dev/omega-spiral/chapter-zero/source/ui/menus/MenuBase.cs:332)
:: [3] void OmegaSpiral.Source.Ui.Menus.CreditsMenu.ShowCredits() (/home/adam/Dev/omega-spiral/chapter-zero/source/ui/menus/CreditsMenu.cs:152)
:: [4] void OmegaSpiral.Tests.Integration.Ui.CreditsMenuTests.CreditsMenu_StartsScrollingWhenShown() (/home/adam/Dev/omega-spiral/chapter-zero/tests/integration/ui/CreditsMenuTests.cs:132)
:: [5] void System.RuntimeMethodHandle.InvokeMethod(System.Runtime.CompilerServices.ObjectHandleOnStack, System.Void**, System.Runtime.CompilerServices.ObjectHandleOnStack, Interop+BOOL, System.Runtime.CompilerServices.ObjectHandleOnStack)
:: [6] void System.RuntimeMethodHandle.InvokeMethod(System.Runtime.CompilerServices.ObjectHandleOnStack, System.Void**, System.Runtime.CompilerServices.ObjectHandleOnStack, Interop+BOOL, System.Runtime.CompilerServices.ObjectHandleOnStack)
:: [7] object System.Reflection.MethodBaseInvoker.InterpretedInvoke_Method(object, System.IntPtr*)
:: [8] object System.Reflection.RuntimeMethodInfo.Invoke(object, System.Reflection.BindingFlags, System.Reflection.Binder, System.Object[], System.Globalization.CultureInfo)
:: [9] void GdUnit4.Core.Execution.ExecutionStage`1+&lt;ExecuteStage&gt;d__37.MoveNext()
:: [10] void System.Runtime.CompilerServices.AsyncTaskMethodBuilder.Start&lt;TStateMachine&gt;(TStateMachine&amp;)
:: [11] System.Threading.Tasks.Task GdUnit4.Core.Execution.ExecutionStage`1.ExecuteStage(GdUnit4.Core.Execution.ExecutionContext)
:: [12] void GdUnit4.Core.Execution.ExecutionStage`1+&lt;Execute&gt;d__30.MoveNext()
:: [13] void System.Runtime.CompilerServices.AsyncTaskMethodBuilder.Start&lt;TStateMachine&gt;(TStateMachine&amp;)
:: [14] System.Threading.Tasks.Task GdUnit4.Core.Execution.ExecutionStage`1.Execute(GdUnit4.Core.Execution.ExecutionContext)
:: [15] System.Threading.Tasks.Task GdUnit4.Core.Execution.TestCaseExecutionStage.&lt;&gt;n__0(GdUnit4.Core.Execution.ExecutionContext)
:: [16] void GdUnit4.Core.Execution.TestCaseExecutionStage+&lt;Execute&gt;d__1.MoveNext()
:: [17] void System.Runtime.CompilerServices.AsyncTaskMethodBuilder.Start&lt;TStateMachine&gt;(TStateMachine&amp;)
:: [18] System.Threading.Tasks.Task GdUnit4.Core.Execution.TestCaseExecutionStage.Execute(GdUnit4.Core.Execution.ExecutionContext)
:: [19] void GdUnit4.Core.Execution.TestSuiteExecutionStage+&lt;RunTestCase&gt;d__15.MoveNext()
:: [20] void System.Threading.ExecutionContext.RunInternal(System.Threading.ExecutionContext, System.Threading.ContextCallback, object)
:: [21] void System.Runtime.CompilerServices.AsyncTaskMethodBuilder`1+AsyncStateMachineBox`1.MoveNext(System.Threading.Thread)
:: [22] void System.Threading.Tasks.AwaitTaskContinuation.RunCallback(System.Threading.ContextCallback, object, System.Threading.Tasks.Task&amp;)
:: [23] void System.Threading.Tasks.Task.RunContinuations(object)
:: [24] void System.Runtime.CompilerServices.AsyncTaskMethodBuilder.SetResult()
:: [25] void GdUnit4.Core.Execution.BeforeTestExecutionStage+&lt;Execute&gt;d__1.MoveNext()
:: [26] void System.Threading.ExecutionContext.RunInternal(System.Threading.ExecutionContext, System.Threading.ContextCallback, object)
:: [27] void System.Runtime.CompilerServices.AsyncTaskMethodBuilder`1+AsyncStateMachineBox`1.MoveNext(System.Threading.Thread)
:: [28] void System.Threading.Tasks.AwaitTaskContinuation.RunCallback(System.Threading.ContextCallback, object, System.Threading.Tasks.Task&amp;)
:: [29] void System.Threading.Tasks.Task.RunContinuations(object)
:: [30] void System.Runtime.CompilerServices.AsyncTaskMethodBuilder.SetResult()
:: [31] void GdUnit4.Core.Execution.ExecutionStage`1+&lt;Execute&gt;d__30.MoveNext()
:: [32] void System.Threading.ExecutionContext.RunInternal(System.Threading.ExecutionContext, System.Threading.ContextCallback, object)
:: [33] void System.Runtime.CompilerServices.AsyncTaskMethodBuilder`1+AsyncStateMachineBox`1.MoveNext(System.Threading.Thread)
:: [34] void Godot.GodotSynchronizationContext.ExecutePendingContinuations() (/root/godot/modules/mono/glue/GodotSharp/GodotSharp/Core/GodotSynchronizationContext.cs:51)
:: [35] void Godot.GodotTaskScheduler.Activate() (/root/godot/modules/mono/glue/GodotSharp/GodotSharp/Core/GodotTaskScheduler.cs:76)
:: [36] void Godot.Bridge.ScriptManagerBridge.FrameCallback() (/root/godot/modules/mono/glue/GodotSharp/GodotSharp/Core/Bridge/ScriptManagerBridge.cs:84)
:: ERROR: Condition "!is_inside_tree()" is true. Returning: Rect2()
:: at: get_viewport_rect (scene/main/canvas_item.cpp:1131)
:: C# backtrace (most recent call first):
:: [0] Godot.Rect2 Godot.NativeCalls.godot_icall_0_95(nint, nint) (/root/godot/modules/mono/glue/GodotSharp/GodotSharp/Generated/NativeCalls.cs:847)
:: [1] Godot.Rect2 Godot.CanvasItem.GetViewportRect() (/root/godot/modules/mono/glue/GodotSharp/GodotSharp/Generated/GodotObjects/CanvasItem.cs:1178)
:: [2] void OmegaSpiral.Source.Ui.Menus.CreditsMenu._Process(double) (/home/adam/Dev/omega-spiral/chapter-zero/source/ui/menus/CreditsMenu.cs:122)
:: [3] void OmegaSpiral.Tests.Integration.Ui.CreditsMenuTests.CreditsMenu_StartsScrollingWhenShown() (/home/adam/Dev/omega-spiral/chapter-zero/tests/integration/ui/CreditsMenuTests.cs:137)
:: [4] void System.RuntimeMethodHandle.InvokeMethod(System.Runtime.CompilerServices.ObjectHandleOnStack, System.Void**, System.Runtime.CompilerServices.ObjectHandleOnStack, Interop+BOOL, System.Runtime.CompilerServices.ObjectHandleOnStack)
:: [5] void System.RuntimeMethodHandle.InvokeMethod(System.Runtime.CompilerServices.ObjectHandleOnStack, System.Void**, System.Runtime.CompilerServices.ObjectHandleOnStack, Interop+BOOL, System.Runtime.CompilerServices.ObjectHandleOnStack)
:: [6] object System.Reflection.MethodBaseInvoker.InterpretedInvoke_Method(object, System.IntPtr*)
:: [7] object System.Reflection.RuntimeMethodInfo.Invoke(object, System.Reflection.BindingFlags, System.Reflection.Binder, System.Object[], System.Globalization.CultureInfo)
:: [8] void GdUnit4.Core.Execution.ExecutionStage`1+&lt;ExecuteStage&gt;d__37.MoveNext()
:: [9] void System.Runtime.CompilerServices.AsyncTaskMethodBuilder.Start&lt;TStateMachine&gt;(TStateMachine&amp;)
:: [10] System.Threading.Tasks.Task GdUnit4.Core.Execution.ExecutionStage`1.ExecuteStage(GdUnit4.Core.Execution.ExecutionContext)
:: [11] void GdUnit4.Core.Execution.ExecutionStage`1+&lt;Execute&gt;d__30.MoveNext()
:: [12] void System.Runtime.CompilerServices.AsyncTaskMethodBuilder.Start&lt;TStateMachine&gt;(TStateMachine&amp;)
:: [13] System.Threading.Tasks.Task GdUnit4.Core.Execution.ExecutionStage`1.Execute(GdUnit4.Core.Execution.ExecutionContext)
:: [14] System.Threading.Tasks.Task GdUnit4.Core.Execution.TestCaseExecutionStage.&lt;&gt;n__0(GdUnit4.Core.Execution.ExecutionContext)
:: [15] void GdUnit4.Core.Execution.TestCaseExecutionStage+&lt;Execute&gt;d__1.MoveNext()
:: [16] void System.Runtime.CompilerServices.AsyncTaskMethodBuilder.Start&lt;TStateMachine&gt;(TStateMachine&amp;)
:: [17] System.Threading.Tasks.Task GdUnit4.Core.Execution.TestCaseExecutionStage.Execute(GdUnit4.Core.Execution.ExecutionContext)
:: [18] void GdUnit4.Core.Execution.TestSuiteExecutionStage+&lt;RunTestCase&gt;d__15.MoveNext()
:: [19] void System.Threading.ExecutionContext.RunInternal(System.Threading.ExecutionContext, System.Threading.ContextCallback, object)
:: [20] void System.Runtime.CompilerServices.AsyncTaskMethodBuilder`1+AsyncStateMachineBox`1.MoveNext(System.Threading.Thread)
:: [21] void System.Threading.Tasks.AwaitTaskContinuation.RunCallback(System.Threading.ContextCallback, object, System.Threading.Tasks.Task&amp;)
:: [22] void System.Threading.Tasks.Task.RunContinuations(object)
:: [23] void System.Runtime.CompilerServices.AsyncTaskMethodBuilder.SetResult()
:: [24] void GdUnit4.Core.Execution.BeforeTestExecutionStage+&lt;Execute&gt;d__1.MoveNext()
:: [25] void System.Threading.ExecutionContext.RunInternal(System.Threading.ExecutionContext, System.Threading.ContextCallback, object)
:: [26] void System.Runtime.CompilerServices.AsyncTaskMethodBuilder`1+AsyncStateMachineBox`1.MoveNext(System.Threading.Thread)
:: [27] void System.Threading.Tasks.AwaitTaskContinuation.RunCallback(System.Threading.ContextCallback, object, System.Threading.Tasks.Task&amp;)
:: [28] void System.Threading.Tasks.Task.RunContinuations(object)
:: [29] void System.Runtime.CompilerServices.AsyncTaskMethodBuilder.SetResult()
:: [30] void GdUnit4.Core.Execution.ExecutionStage`1+&lt;Execute&gt;d__30.MoveNext()
:: [31] void System.Threading.ExecutionContext.RunInternal(System.Threading.ExecutionContext, System.Threading.ContextCallback, object)
:: [32] void System.Runtime.CompilerServices.AsyncTaskMethodBuilder`1+AsyncStateMachineBox`1.MoveNext(System.Threading.Thread)
:: [33] void Godot.GodotSynchronizationContext.ExecutePendingContinuations() (/root/godot/modules/mono/glue/GodotSharp/GodotSharp/Core/GodotSynchronizationContext.cs:51)
:: [34] void Godot.GodotTaskScheduler.Activate() (/root/godot/modules/mono/glue/GodotSharp/GodotSharp/Core/GodotTaskScheduler.cs:76)
:: [35] void Godot.Bridge.ScriptManagerBridge.FrameCallback() (/root/godot/modules/mono/glue/GodotSharp/GodotSharp/Core/Bridge/ScriptManagerBridge.cs:84)
:: ERROR: Condition "!is_inside_tree()" is true. Returning: Rect2()
:: at: get_viewport_rect (scene/main/canvas_item.cpp:1131)
:: C# backtrace (most recent call first):
:: [0] Godot.Rect2 Godot.NativeCalls.godot_icall_0_95(nint, nint) (/root/godot/modules/mono/glue/GodotSharp/GodotSharp/Generated/NativeCalls.cs:847)
:: [1] Godot.Rect2 Godot.CanvasItem.GetViewportRect() (/root/godot/modules/mono/glue/GodotSharp/GodotSharp/Generated/GodotObjects/CanvasItem.cs:1178)
:: [2] void OmegaSpiral.Source.Ui.Menus.CreditsMenu._Process(double) (/home/adam/Dev/omega-spiral/chapter-zero/source/ui/menus/CreditsMenu.cs:122)
:: [3] void OmegaSpiral.Tests.Integration.Ui.CreditsMenuTests.CreditsMenu_StartsScrollingWhenShown() (/home/adam/Dev/omega-spiral/chapter-zero/tests/integration/ui/CreditsMenuTests.cs:137)
:: [4] void System.RuntimeMethodHandle.InvokeMethod(System.Runtime.CompilerServices.ObjectHandleOnStack, System.Void**, System.Runtime.CompilerServices.ObjectHandleOnStack, Interop+BOOL, System.Runtime.CompilerServices.ObjectHandleOnStack)
:: [5] void System.RuntimeMethodHandle.InvokeMethod(System.Runtime.CompilerServices.ObjectHandleOnStack, System.Void**, System.Runtime.CompilerServices.ObjectHandleOnStack, Interop+BOOL, System.Runtime.CompilerServices.ObjectHandleOnStack)
:: [6] object System.Reflection.MethodBaseInvoker.InterpretedInvoke_Method(object, System.IntPtr*)
:: [7] object System.Reflection.RuntimeMethodInfo.Invoke(object, System.Reflection.BindingFlags, System.Reflection.Binder, System.Object[], System.Globalization.CultureInfo)
:: [8] void GdUnit4.Core.Execution.ExecutionStage`1+&lt;ExecuteStage&gt;d__37.MoveNext()
:: [9] void System.Runtime.CompilerServices.AsyncTaskMethodBuilder.Start&lt;TStateMachine&gt;(TStateMachine&amp;)
:: [10] System.Threading.Tasks.Task GdUnit4.Core.Execution.ExecutionStage`1.ExecuteStage(GdUnit4.Core.Execution.ExecutionContext)
:: [11] void GdUnit4.Core.Execution.ExecutionStage`1+&lt;Execute&gt;d__30.MoveNext()
:: [12] void System.Runtime.CompilerServices.AsyncTaskMethodBuilder.Start&lt;TStateMachine&gt;(TStateMachine&amp;)
:: [13] System.Threading.Tasks.Task GdUnit4.Core.Execution.ExecutionStage`1.Execute(GdUnit4.Core.Execution.ExecutionContext)
:: [14] System.Threading.Tasks.Task GdUnit4.Core.Execution.TestCaseExecutionStage.&lt;&gt;n__0(GdUnit4.Core.Execution.ExecutionContext)
:: [15] void GdUnit4.Core.Execution.TestCaseExecutionStage+&lt;Execute&gt;d__1.MoveNext()
:: [16] void System.Runtime.CompilerServices.AsyncTaskMethodBuilder.Start&lt;TStateMachine&gt;(TStateMachine&amp;)
:: [17] System.Threading.Tasks.Task GdUnit4.Core.Execution.TestCaseExecutionStage.Execute(GdUnit4.Core.Execution.ExecutionContext)
:: [18] void GdUnit4.Core.Execution.TestSuiteExecutionStage+&lt;RunTestCase&gt;d__15.MoveNext()
:: [19] void System.Threading.ExecutionContext.RunInternal(System.Threading.ExecutionContext, System.Threading.ContextCallback, object)
:: [20] void System.Runtime.CompilerServices.AsyncTaskMethodBuilder`1+AsyncStateMachineBox`1.MoveNext(System.Threading.Thread)
:: [21] void System.Threading.Tasks.AwaitTaskContinuation.RunCallback(System.Threading.ContextCallback, object, System.Threading.Tasks.Task&amp;)
:: [22] void System.Threading.Tasks.Task.RunContinuations(object)
:: [23] void System.Runtime.CompilerServices.AsyncTaskMethodBuilder.SetResult()
:: [24] void GdUnit4.Core.Execution.BeforeTestExecutionStage+&lt;Execute&gt;d__1.MoveNext()
:: [25] void System.Threading.ExecutionContext.RunInternal(System.Threading.ExecutionContext, System.Threading.ContextCallback, object)
:: [26] void System.Runtime.CompilerServices.AsyncTaskMethodBuilder`1+AsyncStateMachineBox`1.MoveNext(System.Threading.Thread)
:: [27] void System.Threading.Tasks.AwaitTaskContinuation.RunCallback(System.Threading.ContextCallback, object, System.Threading.Tasks.Task&amp;)
:: [28] void System.Threading.Tasks.Task.RunContinuations(object)
:: [29] void System.Runtime.CompilerServices.AsyncTaskMethodBuilder.SetResult()
:: [30] void GdUnit4.Core.Execution.ExecutionStage`1+&lt;Execute&gt;d__30.MoveNext()
:: [31] void System.Threading.ExecutionContext.RunInternal(System.Threading.ExecutionContext, System.Threading.ContextCallback, object)
:: [32] void System.Runtime.CompilerServices.AsyncTaskMethodBuilder`1+AsyncStateMachineBox`1.MoveNext(System.Threading.Thread)
:: [33] void Godot.GodotSynchronizationContext.ExecutePendingContinuations() (/root/godot/modules/mono/glue/GodotSharp/GodotSharp/Core/GodotSynchronizationContext.cs:51)
:: [34] void Godot.GodotTaskScheduler.Activate() (/root/godot/modules/mono/glue/GodotSharp/GodotSharp/Core/GodotTaskScheduler.cs:76)
:: [35] void Godot.Bridge.ScriptManagerBridge.FrameCallback() (/root/godot/modules/mono/glue/GodotSharp/GodotSharp/Core/Bridge/ScriptManagerBridge.cs:84)
:: ERROR: Condition "!is_inside_tree()" is true. Returning: Rect2()
:: at: get_viewport_rect (scene/main/canvas_item.cpp:1131)
:: C# backtrace (most recent call first):
:: [0] Godot.Rect2 Godot.NativeCalls.godot_icall_0_95(nint, nint) (/root/godot/modules/mono/glue/GodotSharp/GodotSharp/Generated/NativeCalls.cs:847)
:: [1] Godot.Rect2 Godot.CanvasItem.GetViewportRect() (/root/godot/modules/mono/glue/GodotSharp/GodotSharp/Generated/GodotObjects/CanvasItem.cs:1178)
:: [2] void OmegaSpiral.Source.Ui.Menus.CreditsMenu._Process(double) (/home/adam/Dev/omega-spiral/chapter-zero/source/ui/menus/CreditsMenu.cs:122)
:: [3] void OmegaSpiral.Tests.Integration.Ui.CreditsMenuTests.CreditsMenu_StartsScrollingWhenShown() (/home/adam/Dev/omega-spiral/chapter-zero/tests/integration/ui/CreditsMenuTests.cs:137)
:: [4] void System.RuntimeMethodHandle.InvokeMethod(System.Runtime.CompilerServices.ObjectHandleOnStack, System.Void**, System.Runtime.CompilerServices.ObjectHandleOnStack, Interop+BOOL, System.Runtime.CompilerServices.ObjectHandleOnStack)
:: [5] void System.RuntimeMethodHandle.InvokeMethod(System.Runtime.CompilerServices.ObjectHandleOnStack, System.Void**, System.Runtime.CompilerServices.ObjectHandleOnStack, Interop+BOOL, System.Runtime.CompilerServices.ObjectHandleOnStack)
:: [6] object System.Reflection.MethodBaseInvoker.InterpretedInvoke_Method(object, System.IntPtr*)
:: [7] object System.Reflection.RuntimeMethodInfo.Invoke(object, System.Reflection.BindingFlags, System.Reflection.Binder, System.Object[], System.Globalization.CultureInfo)
:: [8] void GdUnit4.Core.Execution.ExecutionStage`1+&lt;ExecuteStage&gt;d__37.MoveNext()
:: [9] void System.Runtime.CompilerServices.AsyncTaskMethodBuilder.Start&lt;TStateMachine&gt;(TStateMachine&amp;)
:: [10] System.Threading.Tasks.Task GdUnit4.Core.Execution.ExecutionStage`1.ExecuteStage(GdUnit4.Core.Execution.ExecutionContext)
:: [11] void GdUnit4.Core.Execution.ExecutionStage`1+&lt;Execute&gt;d__30.MoveNext()
:: [12] void System.Runtime.CompilerServices.AsyncTaskMethodBuilder.Start&lt;TStateMachine&gt;(TStateMachine&amp;)
:: [13] System.Threading.Tasks.Task GdUnit4.Core.Execution.ExecutionStage`1.Execute(GdUnit4.Core.Execution.ExecutionContext)
:: [14] System.Threading.Tasks.Task GdUnit4.Core.Execution.TestCaseExecutionStage.&lt;&gt;n__0(GdUnit4.Core.Execution.ExecutionContext)
:: [15] void GdUnit4.Core.Execution.TestCaseExecutionStage+&lt;Execute&gt;d__1.MoveNext()
:: [16] void System.Runtime.CompilerServices.AsyncTaskMethodBuilder.Start&lt;TStateMachine&gt;(TStateMachine&amp;)
:: [17] System.Threading.Tasks.Task GdUnit4.Core.Execution.TestCaseExecutionStage.Execute(GdUnit4.Core.Execution.ExecutionContext)
:: [18] void GdUnit4.Core.Execution.TestSuiteExecutionStage+&lt;RunTestCase&gt;d__15.MoveNext()
:: [19] void System.Threading.ExecutionContext.RunInternal(System.Threading.ExecutionContext, System.Threading.ContextCallback, object)
:: [20] void System.Runtime.CompilerServices.AsyncTaskMethodBuilder`1+AsyncStateMachineBox`1.MoveNext(System.Threading.Thread)
:: [21] void System.Threading.Tasks.AwaitTaskContinuation.RunCallback(System.Threading.ContextCallback, object, System.Threading.Tasks.Task&amp;)
:: [22] void System.Threading.Tasks.Task.RunContinuations(object)
:: [23] void System.Runtime.CompilerServices.AsyncTaskMethodBuilder.SetResult()
:: [24] void GdUnit4.Core.Execution.BeforeTestExecutionStage+&lt;Execute&gt;d__1.MoveNext()
:: [25] void System.Threading.ExecutionContext.RunInternal(System.Threading.ExecutionContext, System.Threading.ContextCallback, object)
:: [26] void System.Runtime.CompilerServices.AsyncTaskMethodBuilder`1+AsyncStateMachineBox`1.MoveNext(System.Threading.Thread)
:: [27] void System.Threading.Tasks.AwaitTaskContinuation.RunCallback(System.Threading.ContextCallback, object, System.Threading.Tasks.Task&amp;)
:: [28] void System.Threading.Tasks.Task.RunContinuations(object)
:: [29] void System.Runtime.CompilerServices.AsyncTaskMethodBuilder.SetResult()
:: [30] void GdUnit4.Core.Execution.ExecutionStage`1+&lt;Execute&gt;d__30.MoveNext()
:: [31] void System.Threading.ExecutionContext.RunInternal(System.Threading.ExecutionContext, System.Threading.ContextCallback, object)
:: [32] void System.Runtime.CompilerServices.AsyncTaskMethodBuilder`1+AsyncStateMachineBox`1.MoveNext(System.Threading.Thread)
:: [33] void Godot.GodotSynchronizationContext.ExecutePendingContinuations() (/root/godot/modules/mono/glue/GodotSharp/GodotSharp/Core/GodotSynchronizationContext.cs:51)
:: [34] void Godot.GodotTaskScheduler.Activate() (/root/godot/modules/mono/glue/GodotSharp/GodotSharp/Core/GodotTaskScheduler.cs:76)
:: [35] void Godot.Bridge.ScriptManagerBridge.FrameCallback() (/root/godot/modules/mono/glue/GodotSharp/GodotSharp/Core/Bridge/ScriptManagerBridge.cs:84)
:: ERROR: Condition "!is_inside_tree()" is true. Returning: Rect2()
:: at: get_viewport_rect (scene/main/canvas_item.cpp:1131)
:: C# backtrace (most recent call first):
:: [0] Godot.Rect2 Godot.NativeCalls.godot_icall_0_95(nint, nint) (/root/godot/modules/mono/glue/GodotSharp/GodotSharp/Generated/NativeCalls.cs:847)
:: [1] Godot.Rect2 Godot.CanvasItem.GetViewportRect() (/root/godot/modules/mono/glue/GodotSharp/GodotSharp/Generated/GodotObjects/CanvasItem.cs:1178)
:: [2] void OmegaSpiral.Source.Ui.Menus.CreditsMenu._Process(double) (/home/adam/Dev/omega-spiral/chapter-zero/source/ui/menus/CreditsMenu.cs:122)
:: [3] void OmegaSpiral.Tests.Integration.Ui.CreditsMenuTests.CreditsMenu_StartsScrollingWhenShown() (/home/adam/Dev/omega-spiral/chapter-zero/tests/integration/ui/CreditsMenuTests.cs:137)
:: [4] void System.RuntimeMethodHandle.InvokeMethod(System.Runtime.CompilerServices.ObjectHandleOnStack, System.Void**, System.Runtime.CompilerServices.ObjectHandleOnStack, Interop+BOOL, System.Runtime.CompilerServices.ObjectHandleOnStack)
:: [5] void System.RuntimeMethodHandle.InvokeMethod(System.Runtime.CompilerServices.ObjectHandleOnStack, System.Void**, System.Runtime.CompilerServices.ObjectHandleOnStack, Interop+BOOL, System.Runtime.CompilerServices.ObjectHandleOnStack)
:: [6] object System.Reflection.MethodBaseInvoker.InterpretedInvoke_Method(object, System.IntPtr*)
:: [7] object System.Reflection.RuntimeMethodInfo.Invoke(object, System.Reflection.BindingFlags, System.Reflection.Binder, System.Object[], System.Globalization.CultureInfo)
:: [8] void GdUnit4.Core.Execution.ExecutionStage`1+&lt;ExecuteStage&gt;d__37.MoveNext()
:: [9] void System.Runtime.CompilerServices.AsyncTaskMethodBuilder.Start&lt;TStateMachine&gt;(TStateMachine&amp;)
:: [10] System.Threading.Tasks.Task GdUnit4.Core.Execution.ExecutionStage`1.ExecuteStage(GdUnit4.Core.Execution.ExecutionContext)
:: [11] void GdUnit4.Core.Execution.ExecutionStage`1+&lt;Execute&gt;d__30.MoveNext()
:: [12] void System.Runtime.CompilerServices.AsyncTaskMethodBuilder.Start&lt;TStateMachine&gt;(TStateMachine&amp;)
:: [13] System.Threading.Tasks.Task GdUnit4.Core.Execution.ExecutionStage`1.Execute(GdUnit4.Core.Execution.ExecutionContext)
:: [14] System.Threading.Tasks.Task GdUnit4.Core.Execution.TestCaseExecutionStage.&lt;&gt;n__0(GdUnit4.Core.Execution.ExecutionContext)
:: [15] void GdUnit4.Core.Execution.TestCaseExecutionStage+&lt;Execute&gt;d__1.MoveNext()
:: [16] void System.Runtime.CompilerServices.AsyncTaskMethodBuilder.Start&lt;TStateMachine&gt;(TStateMachine&amp;)
:: [17] System.Threading.Tasks.Task GdUnit4.Core.Execution.TestCaseExecutionStage.Execute(GdUnit4.Core.Execution.ExecutionContext)
:: [18] void GdUnit4.Core.Execution.TestSuiteExecutionStage+&lt;RunTestCase&gt;d__15.MoveNext()
:: [19] void System.Threading.ExecutionContext.RunInternal(System.Threading.ExecutionContext, System.Threading.ContextCallback, object)
:: [20] void System.Runtime.CompilerServices.AsyncTaskMethodBuilder`1+AsyncStateMachineBox`1.MoveNext(System.Threading.Thread)
:: [21] void System.Threading.Tasks.AwaitTaskContinuation.RunCallback(System.Threading.ContextCallback, object, System.Threading.Tasks.Task&amp;)
:: [22] void System.Threading.Tasks.Task.RunContinuations(object)
:: [23] void System.Runtime.CompilerServices.AsyncTaskMethodBuilder.SetResult()
:: [24] void GdUnit4.Core.Execution.BeforeTestExecutionStage+&lt;Execute&gt;d__1.MoveNext()
:: [25] void System.Threading.ExecutionContext.RunInternal(System.Threading.ExecutionContext, System.Threading.ContextCallback, object)
:: [26] void System.Runtime.CompilerServices.AsyncTaskMethodBuilder`1+AsyncStateMachineBox`1.MoveNext(System.Threading.Thread)
:: [27] void System.Threading.Tasks.AwaitTaskContinuation.RunCallback(System.Threading.ContextCallback, object, System.Threading.Tasks.Task&amp;)
:: [28] void System.Threading.Tasks.Task.RunContinuations(object)
:: [29] void System.Runtime.CompilerServices.AsyncTaskMethodBuilder.SetResult()
:: [30] void GdUnit4.Core.Execution.ExecutionStage`1+&lt;Execute&gt;d__30.MoveNext()
:: [31] void System.Threading.ExecutionContext.RunInternal(System.Threading.ExecutionContext, System.Threading.ContextCallback, object)
:: [32] void System.Runtime.CompilerServices.AsyncTaskMethodBuilder`1+AsyncStateMachineBox`1.MoveNext(System.Threading.Thread)
:: [33] void Godot.GodotSynchronizationContext.ExecutePendingContinuations() (/root/godot/modules/mono/glue/GodotSharp/GodotSharp/Core/GodotSynchronizationContext.cs:51)
:: [34] void Godot.GodotTaskScheduler.Activate() (/root/godot/modules/mono/glue/GodotSharp/GodotSharp/Core/GodotTaskScheduler.cs:76)
:: [35] void Godot.Bridge.ScriptManagerBridge.FrameCallback() (/root/godot/modules/mono/glue/GodotSharp/GodotSharp/Core/Bridge/ScriptManagerBridge.cs:84)
:: ERROR: Condition "!is_inside_tree()" is true. Returning: Rect2()
:: at: get_viewport_rect (scene/main/canvas_item.cpp:1131)
:: C# backtrace (most recent call first):
:: [0] Godot.Rect2 Godot.NativeCalls.godot_icall_0_95(nint, nint) (/root/godot/modules/mono/glue/GodotSharp/GodotSharp/Generated/NativeCalls.cs:847)
:: [1] Godot.Rect2 Godot.CanvasItem.GetViewportRect() (/root/godot/modules/mono/glue/GodotSharp/GodotSharp/Generated/GodotObjects/CanvasItem.cs:1178)
:: [2] void OmegaSpiral.Source.Ui.Menus.CreditsMenu._Process(double) (/home/adam/Dev/omega-spiral/chapter-zero/source/ui/menus/CreditsMenu.cs:122)
:: [3] void OmegaSpiral.Tests.Integration.Ui.CreditsMenuTests.CreditsMenu_StartsScrollingWhenShown() (/home/adam/Dev/omega-spiral/chapter-zero/tests/integration/ui/CreditsMenuTests.cs:137)
:: [4] void System.RuntimeMethodHandle.InvokeMethod(System.Runtime.CompilerServices.ObjectHandleOnStack, System.Void**, System.Runtime.CompilerServices.ObjectHandleOnStack, Interop+BOOL, System.Runtime.CompilerServices.ObjectHandleOnStack)
:: [5] void System.RuntimeMethodHandle.InvokeMethod(System.Runtime.CompilerServices.ObjectHandleOnStack, System.Void**, System.Runtime.CompilerServices.ObjectHandleOnStack, Interop+BOOL, System.Runtime.CompilerServices.ObjectHandleOnStack)
:: [6] object System.Reflection.MethodBaseInvoker.InterpretedInvoke_Method(object, System.IntPtr*)
:: [7] object System.Reflection.RuntimeMethodInfo.Invoke(object, System.Reflection.BindingFlags, System.Reflection.Binder, System.Object[], System.Globalization.CultureInfo)
:: [8] void GdUnit4.Core.Execution.ExecutionStage`1+&lt;ExecuteStage&gt;d__37.MoveNext()
:: [9] void System.Runtime.CompilerServices.AsyncTaskMethodBuilder.Start&lt;TStateMachine&gt;(TStateMachine&amp;)
:: [10] System.Threading.Tasks.Task GdUnit4.Core.Execution.ExecutionStage`1.ExecuteStage(GdUnit4.Core.Execution.ExecutionContext)
:: [11] void GdUnit4.Core.Execution.ExecutionStage`1+&lt;Execute&gt;d__30.MoveNext()
:: [12] void System.Runtime.CompilerServices.AsyncTaskMethodBuilder.Start&lt;TStateMachine&gt;(TStateMachine&amp;)
:: [13] System.Threading.Tasks.Task GdUnit4.Core.Execution.ExecutionStage`1.Execute(GdUnit4.Core.Execution.ExecutionContext)
:: [14] System.Threading.Tasks.Task GdUnit4.Core.Execution.TestCaseExecutionStage.&lt;&gt;n__0(GdUnit4.Core.Execution.ExecutionContext)
:: [15] void GdUnit4.Core.Execution.TestCaseExecutionStage+&lt;Execute&gt;d__1.MoveNext()
:: [16] void System.Runtime.CompilerServices.AsyncTaskMethodBuilder.Start&lt;TStateMachine&gt;(TStateMachine&amp;)
:: [17] System.Threading.Tasks.Task GdUnit4.Core.Execution.TestCaseExecutionStage.Execute(GdUnit4.Core.Execution.ExecutionContext)
:: [18] void GdUnit4.Core.Execution.TestSuiteExecutionStage+&lt;RunTestCase&gt;d__15.MoveNext()
:: [19] void System.Threading.ExecutionContext.RunInternal(System.Threading.ExecutionContext, System.Threading.ContextCallback, object)
:: [20] void System.Runtime.CompilerServices.AsyncTaskMethodBuilder`1+AsyncStateMachineBox`1.MoveNext(System.Threading.Thread)
:: [21] void System.Threading.Tasks.AwaitTaskContinuation.RunCallback(System.Threading.ContextCallback, object, System.Threading.Tasks.Task&amp;)
:: [22] void System.Threading.Tasks.Task.RunContinuations(object)
:: [23] void System.Runtime.CompilerServices.AsyncTaskMethodBuilder.SetResult()
:: [24] void GdUnit4.Core.Execution.BeforeTestExecutionStage+&lt;Execute&gt;d__1.MoveNext()
:: [25] void System.Threading.ExecutionContext.RunInternal(System.Threading.ExecutionContext, System.Threading.ContextCallback, object)
:: [26] void System.Runtime.CompilerServices.AsyncTaskMethodBuilder`1+AsyncStateMachineBox`1.MoveNext(System.Threading.Thread)
:: [27] void System.Threading.Tasks.AwaitTaskContinuation.RunCallback(System.Threading.ContextCallback, object, System.Threading.Tasks.Task&amp;)
:: [28] void System.Threading.Tasks.Task.RunContinuations(object)
:: [29] void System.Runtime.CompilerServices.AsyncTaskMethodBuilder.SetResult()
:: [30] void GdUnit4.Core.Execution.ExecutionStage`1+&lt;Execute&gt;d__30.MoveNext()
:: [31] void System.Threading.ExecutionContext.RunInternal(System.Threading.ExecutionContext, System.Threading.ContextCallback, object)
:: [32] void System.Runtime.CompilerServices.AsyncTaskMethodBuilder`1+AsyncStateMachineBox`1.MoveNext(System.Threading.Thread)
:: [33] void Godot.GodotSynchronizationContext.ExecutePendingContinuations() (/root/godot/modules/mono/glue/GodotSharp/GodotSharp/Core/GodotSynchronizationContext.cs:51)
:: [34] void Godot.GodotTaskScheduler.Activate() (/root/godot/modules/mono/glue/GodotSharp/GodotSharp/Core/GodotTaskScheduler.cs:76)
:: [35] void Godot.Bridge.ScriptManagerBridge.FrameCallback() (/root/godot/modules/mono/glue/GodotSharp/GodotSharp/Core/Bridge/ScriptManagerBridge.cs:84)
:: ERROR: Condition "!is_inside_tree()" is true. Returning: Rect2()
:: at: get_viewport_rect (scene/main/canvas_item.cpp:1131)
:: C# backtrace (most recent call first):
:: [0] Godot.Rect2 Godot.NativeCalls.godot_icall_0_95(nint, nint) (/root/godot/modules/mono/glue/GodotSharp/GodotSharp/Generated/NativeCalls.cs:847)
:: [1] Godot.Rect2 Godot.CanvasItem.GetViewportRect() (/root/godot/modules/mono/glue/GodotSharp/GodotSharp/Generated/GodotObjects/CanvasItem.cs:1178)
:: [2] void OmegaSpiral.Source.Ui.Menus.CreditsMenu._Process(double) (/home/adam/Dev/omega-spiral/chapter-zero/source/ui/menus/CreditsMenu.cs:122)
:: [3] void OmegaSpiral.Tests.Integration.Ui.CreditsMenuTests.CreditsMenu_StartsScrollingWhenShown() (/home/adam/Dev/omega-spiral/chapter-zero/tests/integration/ui/CreditsMenuTests.cs:137)
:: [4] void System.RuntimeMethodHandle.InvokeMethod(System.Runtime.CompilerServices.ObjectHandleOnStack, System.Void**, System.Runtime.CompilerServices.ObjectHandleOnStack, Interop+BOOL, System.Runtime.CompilerServices.ObjectHandleOnStack)
:: [5] void System.RuntimeMethodHandle.InvokeMethod(System.Runtime.CompilerServices.ObjectHandleOnStack, System.Void**, System.Runtime.CompilerServices.ObjectHandleOnStack, Interop+BOOL, System.Runtime.CompilerServices.ObjectHandleOnStack)
:: [6] object System.Reflection.MethodBaseInvoker.InterpretedInvoke_Method(object, System.IntPtr*)
:: [7] object System.Reflection.RuntimeMethodInfo.Invoke(object, System.Reflection.BindingFlags, System.Reflection.Binder, System.Object[], System.Globalization.CultureInfo)
:: [8] void GdUnit4.Core.Execution.ExecutionStage`1+&lt;ExecuteStage&gt;d__37.MoveNext()
:: [9] void System.Runtime.CompilerServices.AsyncTaskMethodBuilder.Start&lt;TStateMachine&gt;(TStateMachine&amp;)
:: [10] System.Threading.Tasks.Task GdUnit4.Core.Execution.ExecutionStage`1.ExecuteStage(GdUnit4.Core.Execution.ExecutionContext)
:: [11] void GdUnit4.Core.Execution.ExecutionStage`1+&lt;Execute&gt;d__30.MoveNext()
:: [12] void System.Runtime.CompilerServices.AsyncTaskMethodBuilder.Start&lt;TStateMachine&gt;(TStateMachine&amp;)
:: [13] System.Threading.Tasks.Task GdUnit4.Core.Execution.ExecutionStage`1.Execute(GdUnit4.Core.Execution.ExecutionContext)
:: [14] System.Threading.Tasks.Task GdUnit4.Core.Execution.TestCaseExecutionStage.&lt;&gt;n__0(GdUnit4.Core.Execution.ExecutionContext)
:: [15] void GdUnit4.Core.Execution.TestCaseExecutionStage+&lt;Execute&gt;d__1.MoveNext()
:: [16] void System.Runtime.CompilerServices.AsyncTaskMethodBuilder.Start&lt;TStateMachine&gt;(TStateMachine&amp;)
:: [17] System.Threading.Tasks.Task GdUnit4.Core.Execution.TestCaseExecutionStage.Execute(GdUnit4.Core.Execution.ExecutionContext)
:: [18] void GdUnit4.Core.Execution.TestSuiteExecutionStage+&lt;RunTestCase&gt;d__15.MoveNext()
:: [19] void System.Threading.ExecutionContext.RunInternal(System.Threading.ExecutionContext, System.Threading.ContextCallback, object)
:: [20] void System.Runtime.CompilerServices.AsyncTaskMethodBuilder`1+AsyncStateMachineBox`1.MoveNext(System.Threading.Thread)
:: [21] void System.Threading.Tasks.AwaitTaskContinuation.RunCallback(System.Threading.ContextCallback, object, System.Threading.Tasks.Task&amp;)
:: [22] void System.Threading.Tasks.Task.RunContinuations(object)
:: [23] void System.Runtime.CompilerServices.AsyncTaskMethodBuilder.SetResult()
:: [24] void GdUnit4.Core.Execution.BeforeTestExecutionStage+&lt;Execute&gt;d__1.MoveNext()
:: [25] void System.Threading.ExecutionContext.RunInternal(System.Threading.ExecutionContext, System.Threading.ContextCallback, object)
:: [26] void System.Runtime.CompilerServices.AsyncTaskMethodBuilder`1+AsyncStateMachineBox`1.MoveNext(System.Threading.Thread)
:: [27] void System.Threading.Tasks.AwaitTaskContinuation.RunCallback(System.Threading.ContextCallback, object, System.Threading.Tasks.Task&amp;)
:: [28] void System.Threading.Tasks.Task.RunContinuations(object)
:: [29] void System.Runtime.CompilerServices.AsyncTaskMethodBuilder.SetResult()
:: [30] void GdUnit4.Core.Execution.ExecutionStage`1+&lt;Execute&gt;d__30.MoveNext()
:: [31] void System.Threading.ExecutionContext.RunInternal(System.Threading.ExecutionContext, System.Threading.ContextCallback, object)
:: [32] void System.Runtime.CompilerServices.AsyncTaskMethodBuilder`1+AsyncStateMachineBox`1.MoveNext(System.Threading.Thread)
:: [33] void Godot.GodotSynchronizationContext.ExecutePendingContinuations() (/root/godot/modules/mono/glue/GodotSharp/GodotSharp/Core/GodotSynchronizationContext.cs:51)
:: [34] void Godot.GodotTaskScheduler.Activate() (/root/godot/modules/mono/glue/GodotSharp/GodotSharp/Core/GodotTaskScheduler.cs:76)
:: [35] void Godot.Bridge.ScriptManagerBridge.FrameCallback() (/root/godot/modules/mono/glue/GodotSharp/GodotSharp/Core/Bridge/ScriptManagerBridge.cs:84)
:: ERROR: Condition "!is_inside_tree()" is true. Returning: Rect2()
:: at: get_viewport_rect (scene/main/canvas_item.cpp:1131)
:: C# backtrace (most recent call first):
:: [0] Godot.Rect2 Godot.NativeCalls.godot_icall_0_95(nint, nint) (/root/godot/modules/mono/glue/GodotSharp/GodotSharp/Generated/NativeCalls.cs:847)
:: [1] Godot.Rect2 Godot.CanvasItem.GetViewportRect() (/root/godot/modules/mono/glue/GodotSharp/GodotSharp/Generated/GodotObjects/CanvasItem.cs:1178)
:: [2] void OmegaSpiral.Source.Ui.Menus.CreditsMenu._Process(double) (/home/adam/Dev/omega-spiral/chapter-zero/source/ui/menus/CreditsMenu.cs:122)
:: [3] void OmegaSpiral.Tests.Integration.Ui.CreditsMenuTests.CreditsMenu_StartsScrollingWhenShown() (/home/adam/Dev/omega-spiral/chapter-zero/tests/integration/ui/CreditsMenuTests.cs:137)
:: [4] void System.RuntimeMethodHandle.InvokeMethod(System.Runtime.CompilerServices.ObjectHandleOnStack, System.Void**, System.Runtime.CompilerServices.ObjectHandleOnStack, Interop+BOOL, System.Runtime.CompilerServices.ObjectHandleOnStack)
:: [5] void System.RuntimeMethodHandle.InvokeMethod(System.Runtime.CompilerServices.ObjectHandleOnStack, System.Void**, System.Runtime.CompilerServices.ObjectHandleOnStack, Interop+BOOL, System.Runtime.CompilerServices.ObjectHandleOnStack)
:: [6] object System.Reflection.MethodBaseInvoker.InterpretedInvoke_Method(object, System.IntPtr*)
:: [7] object System.Reflection.RuntimeMethodInfo.Invoke(object, System.Reflection.BindingFlags, System.Reflection.Binder, System.Object[], System.Globalization.CultureInfo)
:: [8] void GdUnit4.Core.Execution.ExecutionStage`1+&lt;ExecuteStage&gt;d__37.MoveNext()
:: [9] void System.Runtime.CompilerServices.AsyncTaskMethodBuilder.Start&lt;TStateMachine&gt;(TStateMachine&amp;)
:: [10] System.Threading.Tasks.Task GdUnit4.Core.Execution.ExecutionStage`1.ExecuteStage(GdUnit4.Core.Execution.ExecutionContext)
:: [11] void GdUnit4.Core.Execution.ExecutionStage`1+&lt;Execute&gt;d__30.MoveNext()
:: [12] void System.Runtime.CompilerServices.AsyncTaskMethodBuilder.Start&lt;TStateMachine&gt;(TStateMachine&amp;)
:: [13] System.Threading.Tasks.Task GdUnit4.Core.Execution.ExecutionStage`1.Execute(GdUnit4.Core.Execution.ExecutionContext)
:: [14] System.Threading.Tasks.Task GdUnit4.Core.Execution.TestCaseExecutionStage.&lt;&gt;n__0(GdUnit4.Core.Execution.ExecutionContext)
:: [15] void GdUnit4.Core.Execution.TestCaseExecutionStage+&lt;Execute&gt;d__1.MoveNext()
:: [16] void System.Runtime.CompilerServices.AsyncTaskMethodBuilder.Start&lt;TStateMachine&gt;(TStateMachine&amp;)
:: [17] System.Threading.Tasks.Task GdUnit4.Core.Execution.TestCaseExecutionStage.Execute(GdUnit4.Core.Execution.ExecutionContext)
:: [18] void GdUnit4.Core.Execution.TestSuiteExecutionStage+&lt;RunTestCase&gt;d__15.MoveNext()
:: [19] void System.Threading.ExecutionContext.RunInternal(System.Threading.ExecutionContext, System.Threading.ContextCallback, object)
:: [20] void System.Runtime.CompilerServices.AsyncTaskMethodBuilder`1+AsyncStateMachineBox`1.MoveNext(System.Threading.Thread)
:: [21] void System.Threading.Tasks.AwaitTaskContinuation.RunCallback(System.Threading.ContextCallback, object, System.Threading.Tasks.Task&amp;)
:: [22] void System.Threading.Tasks.Task.RunContinuations(object)
:: [23] void System.Runtime.CompilerServices.AsyncTaskMethodBuilder.SetResult()
:: [24] void GdUnit4.Core.Execution.BeforeTestExecutionStage+&lt;Execute&gt;d__1.MoveNext()
:: [25] void System.Threading.ExecutionContext.RunInternal(System.Threading.ExecutionContext, System.Threading.ContextCallback, object)
:: [26] void System.Runtime.CompilerServices.AsyncTaskMethodBuilder`1+AsyncStateMachineBox`1.MoveNext(System.Threading.Thread)
:: [27] void System.Threading.Tasks.AwaitTaskContinuation.RunCallback(System.Threading.ContextCallback, object, System.Threading.Tasks.Task&amp;)
:: [28] void System.Threading.Tasks.Task.RunContinuations(object)
:: [29] void System.Runtime.CompilerServices.AsyncTaskMethodBuilder.SetResult()
:: [30] void GdUnit4.Core.Execution.ExecutionStage`1+&lt;Execute&gt;d__30.MoveNext()
:: [31] void System.Threading.ExecutionContext.RunInternal(System.Threading.ExecutionContext, System.Threading.ContextCallback, object)
:: [32] void System.Runtime.CompilerServices.AsyncTaskMethodBuilder`1+AsyncStateMachineBox`1.MoveNext(System.Threading.Thread)
:: [33] void Godot.GodotSynchronizationContext.ExecutePendingContinuations() (/root/godot/modules/mono/glue/GodotSharp/GodotSharp/Core/GodotSynchronizationContext.cs:51)
:: [34] void Godot.GodotTaskScheduler.Activate() (/root/godot/modules/mono/glue/GodotSharp/GodotSharp/Core/GodotTaskScheduler.cs:76)
:: [35] void Godot.Bridge.ScriptManagerBridge.FrameCallback() (/root/godot/modules/mono/glue/GodotSharp/GodotSharp/Core/Bridge/ScriptManagerBridge.cs:84)
:: ERROR: Condition "!is_inside_tree()" is true. Returning: Rect2()
:: at: get_viewport_rect (scene/main/canvas_item.cpp:1131)
:: C# backtrace (most recent call first):
:: [0] Godot.Rect2 Godot.NativeCalls.godot_icall_0_95(nint, nint) (/root/godot/modules/mono/glue/GodotSharp/GodotSharp/Generated/NativeCalls.cs:847)
:: [1] Godot.Rect2 Godot.CanvasItem.GetViewportRect() (/root/godot/modules/mono/glue/GodotSharp/GodotSharp/Generated/GodotObjects/CanvasItem.cs:1178)
:: [2] void OmegaSpiral.Source.Ui.Menus.CreditsMenu._Process(double) (/home/adam/Dev/omega-spiral/chapter-zero/source/ui/menus/CreditsMenu.cs:122)
:: [3] void OmegaSpiral.Tests.Integration.Ui.CreditsMenuTests.CreditsMenu_StartsScrollingWhenShown() (/home/adam/Dev/omega-spiral/chapter-zero/tests/integration/ui/CreditsMenuTests.cs:137)
:: [4] void System.RuntimeMethodHandle.InvokeMethod(System.Runtime.CompilerServices.ObjectHandleOnStack, System.Void**, System.Runtime.CompilerServices.ObjectHandleOnStack, Interop+BOOL, System.Runtime.CompilerServices.ObjectHandleOnStack)
:: [5] void System.RuntimeMethodHandle.InvokeMethod(System.Runtime.CompilerServices.ObjectHandleOnStack, System.Void**, System.Runtime.CompilerServices.ObjectHandleOnStack, Interop+BOOL, System.Runtime.CompilerServices.ObjectHandleOnStack)
:: [6] object System.Reflection.MethodBaseInvoker.InterpretedInvoke_Method(object, System.IntPtr*)
:: [7] object System.Reflection.RuntimeMethodInfo.Invoke(object, System.Reflection.BindingFlags, System.Reflection.Binder, System.Object[], System.Globalization.CultureInfo)
:: [8] void GdUnit4.Core.Execution.ExecutionStage`1+&lt;ExecuteStage&gt;d__37.MoveNext()
:: [9] void System.Runtime.CompilerServices.AsyncTaskMethodBuilder.Start&lt;TStateMachine&gt;(TStateMachine&amp;)
:: [10] System.Threading.Tasks.Task GdUnit4.Core.Execution.ExecutionStage`1.ExecuteStage(GdUnit4.Core.Execution.ExecutionContext)
:: [11] void GdUnit4.Core.Execution.ExecutionStage`1+&lt;Execute&gt;d__30.MoveNext()
:: [12] void System.Runtime.CompilerServices.AsyncTaskMethodBuilder.Start&lt;TStateMachine&gt;(TStateMachine&amp;)
:: [13] System.Threading.Tasks.Task GdUnit4.Core.Execution.ExecutionStage`1.Execute(GdUnit4.Core.Execution.ExecutionContext)
:: [14] System.Threading.Tasks.Task GdUnit4.Core.Execution.TestCaseExecutionStage.&lt;&gt;n__0(GdUnit4.Core.Execution.ExecutionContext)
:: [15] void GdUnit4.Core.Execution.TestCaseExecutionStage+&lt;Execute&gt;d__1.MoveNext()
:: [16] void System.Runtime.CompilerServices.AsyncTaskMethodBuilder.Start&lt;TStateMachine&gt;(TStateMachine&amp;)
:: [17] System.Threading.Tasks.Task GdUnit4.Core.Execution.TestCaseExecutionStage.Execute(GdUnit4.Core.Execution.ExecutionContext)
:: [18] void GdUnit4.Core.Execution.TestSuiteExecutionStage+&lt;RunTestCase&gt;d__15.MoveNext()
:: [19] void System.Threading.ExecutionContext.RunInternal(System.Threading.ExecutionContext, System.Threading.ContextCallback, object)
:: [20] void System.Runtime.CompilerServices.AsyncTaskMethodBuilder`1+AsyncStateMachineBox`1.MoveNext(System.Threading.Thread)
:: [21] void System.Threading.Tasks.AwaitTaskContinuation.RunCallback(System.Threading.ContextCallback, object, System.Threading.Tasks.Task&amp;)
:: [22] void System.Threading.Tasks.Task.RunContinuations(object)
:: [23] void System.Runtime.CompilerServices.AsyncTaskMethodBuilder.SetResult()
:: [24] void GdUnit4.Core.Execution.BeforeTestExecutionStage+&lt;Execute&gt;d__1.MoveNext()
:: [25] void System.Threading.ExecutionContext.RunInternal(System.Threading.ExecutionContext, System.Threading.ContextCallback, object)
:: [26] void System.Runtime.CompilerServices.AsyncTaskMethodBuilder`1+AsyncStateMachineBox`1.MoveNext(System.Threading.Thread)
:: [27] void System.Threading.Tasks.AwaitTaskContinuation.RunCallback(System.Threading.ContextCallback, object, System.Threading.Tasks.Task&amp;)
:: [28] void System.Threading.Tasks.Task.RunContinuations(object)
:: [29] void System.Runtime.CompilerServices.AsyncTaskMethodBuilder.SetResult()
:: [30] void GdUnit4.Core.Execution.ExecutionStage`1+&lt;Execute&gt;d__30.MoveNext()
:: [31] void System.Threading.ExecutionContext.RunInternal(System.Threading.ExecutionContext, System.Threading.ContextCallback, object)
:: [32] void System.Runtime.CompilerServices.AsyncTaskMethodBuilder`1+AsyncStateMachineBox`1.MoveNext(System.Threading.Thread)
:: [33] void Godot.GodotSynchronizationContext.ExecutePendingContinuations() (/root/godot/modules/mono/glue/GodotSharp/GodotSharp/Core/GodotSynchronizationContext.cs:51)
:: [34] void Godot.GodotTaskScheduler.Activate() (/root/godot/modules/mono/glue/GodotSharp/GodotSharp/Core/GodotTaskScheduler.cs:76)
:: [35] void Godot.Bridge.ScriptManagerBridge.FrameCallback() (/root/godot/modules/mono/glue/GodotSharp/GodotSharp/Core/Bridge/ScriptManagerBridge.cs:84)
:: ERROR: Condition "!is_inside_tree()" is true. Returning: Rect2()
:: at: get_viewport_rect (scene/main/canvas_item.cpp:1131)
:: C# backtrace (most recent call first):
:: [0] Godot.Rect2 Godot.NativeCalls.godot_icall_0_95(nint, nint) (/root/godot/modules/mono/glue/GodotSharp/GodotSharp/Generated/NativeCalls.cs:847)
:: [1] Godot.Rect2 Godot.CanvasItem.GetViewportRect() (/root/godot/modules/mono/glue/GodotSharp/GodotSharp/Generated/GodotObjects/CanvasItem.cs:1178)
:: [2] void OmegaSpiral.Source.Ui.Menus.CreditsMenu._Process(double) (/home/adam/Dev/omega-spiral/chapter-zero/source/ui/menus/CreditsMenu.cs:122)
:: [3] void OmegaSpiral.Tests.Integration.Ui.CreditsMenuTests.CreditsMenu_StartsScrollingWhenShown() (/home/adam/Dev/omega-spiral/chapter-zero/tests/integration/ui/CreditsMenuTests.cs:137)
:: [4] void System.RuntimeMethodHandle.InvokeMethod(System.Runtime.CompilerServices.ObjectHandleOnStack, System.Void**, System.Runtime.CompilerServices.ObjectHandleOnStack, Interop+BOOL, System.Runtime.CompilerServices.ObjectHandleOnStack)
:: [5] void System.RuntimeMethodHandle.InvokeMethod(System.Runtime.CompilerServices.ObjectHandleOnStack, System.Void**, System.Runtime.CompilerServices.ObjectHandleOnStack, Interop+BOOL, System.Runtime.CompilerServices.ObjectHandleOnStack)
:: [6] object System.Reflection.MethodBaseInvoker.InterpretedInvoke_Method(object, System.IntPtr*)
:: [7] object System.Reflection.RuntimeMethodInfo.Invoke(object, System.Reflection.BindingFlags, System.Reflection.Binder, System.Object[], System.Globalization.CultureInfo)
:: [8] void GdUnit4.Core.Execution.ExecutionStage`1+&lt;ExecuteStage&gt;d__37.MoveNext()
:: [9] void System.Runtime.CompilerServices.AsyncTaskMethodBuilder.Start&lt;TStateMachine&gt;(TStateMachine&amp;)
:: [10] System.Threading.Tasks.Task GdUnit4.Core.Execution.ExecutionStage`1.ExecuteStage(GdUnit4.Core.Execution.ExecutionContext)
:: [11] void GdUnit4.Core.Execution.ExecutionStage`1+&lt;Execute&gt;d__30.MoveNext()
:: [12] void System.Runtime.CompilerServices.AsyncTaskMethodBuilder.Start&lt;TStateMachine&gt;(TStateMachine&amp;)
:: [13] System.Threading.Tasks.Task GdUnit4.Core.Execution.ExecutionStage`1.Execute(GdUnit4.Core.Execution.ExecutionContext)
:: [14] System.Threading.Tasks.Task GdUnit4.Core.Execution.TestCaseExecutionStage.&lt;&gt;n__0(GdUnit4.Core.Execution.ExecutionContext)
:: [15] void GdUnit4.Core.Execution.TestCaseExecutionStage+&lt;Execute&gt;d__1.MoveNext()
:: [16] void System.Runtime.CompilerServices.AsyncTaskMethodBuilder.Start&lt;TStateMachine&gt;(TStateMachine&amp;)
:: [17] System.Threading.Tasks.Task GdUnit4.Core.Execution.TestCaseExecutionStage.Execute(GdUnit4.Core.Execution.ExecutionContext)
:: [18] void GdUnit4.Core.Execution.TestSuiteExecutionStage+&lt;RunTestCase&gt;d__15.MoveNext()
:: [19] void System.Threading.ExecutionContext.RunInternal(System.Threading.ExecutionContext, System.Threading.ContextCallback, object)
:: [20] void System.Runtime.CompilerServices.AsyncTaskMethodBuilder`1+AsyncStateMachineBox`1.MoveNext(System.Threading.Thread)
:: [21] void System.Threading.Tasks.AwaitTaskContinuation.RunCallback(System.Threading.ContextCallback, object, System.Threading.Tasks.Task&amp;)
:: [22] void System.Threading.Tasks.Task.RunContinuations(object)
:: [23] void System.Runtime.CompilerServices.AsyncTaskMethodBuilder.SetResult()
:: [24] void GdUnit4.Core.Execution.BeforeTestExecutionStage+&lt;Execute&gt;d__1.MoveNext()
:: [25] void System.Threading.ExecutionContext.RunInternal(System.Threading.ExecutionContext, System.Threading.ContextCallback, object)
:: [26] void System.Runtime.CompilerServices.AsyncTaskMethodBuilder`1+AsyncStateMachineBox`1.MoveNext(System.Threading.Thread)
:: [27] void System.Threading.Tasks.AwaitTaskContinuation.RunCallback(System.Threading.ContextCallback, object, System.Threading.Tasks.Task&amp;)
:: [28] void System.Threading.Tasks.Task.RunContinuations(object)
:: [29] void System.Runtime.CompilerServices.AsyncTaskMethodBuilder.SetResult()
:: [30] void GdUnit4.Core.Execution.ExecutionStage`1+&lt;Execute&gt;d__30.MoveNext()
:: [31] void System.Threading.ExecutionContext.RunInternal(System.Threading.ExecutionContext, System.Threading.ContextCallback, object)
:: [32] void System.Runtime.CompilerServices.AsyncTaskMethodBuilder`1+AsyncStateMachineBox`1.MoveNext(System.Threading.Thread)
:: [33] void Godot.GodotSynchronizationContext.ExecutePendingContinuations() (/root/godot/modules/mono/glue/GodotSharp/GodotSharp/Core/GodotSynchronizationContext.cs:51)
:: [34] void Godot.GodotTaskScheduler.Activate() (/root/godot/modules/mono/glue/GodotSharp/GodotSharp/Core/GodotTaskScheduler.cs:76)
:: [35] void Godot.Bridge.ScriptManagerBridge.FrameCallback() (/root/godot/modules/mono/glue/GodotSharp/GodotSharp/Core/Bridge/ScriptManagerBridge.cs:84)
:: ERROR: Condition "!is_inside_tree()" is true. Returning: Rect2()
:: at: get_viewport_rect (scene/main/canvas_item.cpp:1131)
:: C# backtrace (most recent call first):
:: [0] Godot.Rect2 Godot.NativeCalls.godot_icall_0_95(nint, nint) (/root/godot/modules/mono/glue/GodotSharp/GodotSharp/Generated/NativeCalls.cs:847)
:: [1] Godot.Rect2 Godot.CanvasItem.GetViewportRect() (/root/godot/modules/mono/glue/GodotSharp/GodotSharp/Generated/GodotObjects/CanvasItem.cs:1178)
:: [2] void OmegaSpiral.Source.Ui.Menus.CreditsMenu._Process(double) (/home/adam/Dev/omega-spiral/chapter-zero/source/ui/menus/CreditsMenu.cs:122)
:: [3] void OmegaSpiral.Tests.Integration.Ui.CreditsMenuTests.CreditsMenu_StartsScrollingWhenShown() (/home/adam/Dev/omega-spiral/chapter-zero/tests/integration/ui/CreditsMenuTests.cs:137)
:: [4] void System.RuntimeMethodHandle.InvokeMethod(System.Runtime.CompilerServices.ObjectHandleOnStack, System.Void**, System.Runtime.CompilerServices.ObjectHandleOnStack, Interop+BOOL, System.Runtime.CompilerServices.ObjectHandleOnStack)
:: [5] void System.RuntimeMethodHandle.InvokeMethod(System.Runtime.CompilerServices.ObjectHandleOnStack, System.Void**, System.Runtime.CompilerServices.ObjectHandleOnStack, Interop+BOOL, System.Runtime.CompilerServices.ObjectHandleOnStack)
:: [6] object System.Reflection.MethodBaseInvoker.InterpretedInvoke_Method(object, System.IntPtr*)
:: [7] object System.Reflection.RuntimeMethodInfo.Invoke(object, System.Reflection.BindingFlags, System.Reflection.Binder, System.Object[], System.Globalization.CultureInfo)
:: [8] void GdUnit4.Core.Execution.ExecutionStage`1+&lt;ExecuteStage&gt;d__37.MoveNext()
:: [9] void System.Runtime.CompilerServices.AsyncTaskMethodBuilder.Start&lt;TStateMachine&gt;(TStateMachine&amp;)
:: [10] System.Threading.Tasks.Task GdUnit4.Core.Execution.ExecutionStage`1.ExecuteStage(GdUnit4.Core.Execution.ExecutionContext)
:: [11] void GdUnit4.Core.Execution.ExecutionStage`1+&lt;Execute&gt;d__30.MoveNext()
:: [12] void System.Runtime.CompilerServices.AsyncTaskMethodBuilder.Start&lt;TStateMachine&gt;(TStateMachine&amp;)
:: [13] System.Threading.Tasks.Task GdUnit4.Core.Execution.ExecutionStage`1.Execute(GdUnit4.Core.Execution.ExecutionContext)
:: [14] System.Threading.Tasks.Task GdUnit4.Core.Execution.TestCaseExecutionStage.&lt;&gt;n__0(GdUnit4.Core.Execution.ExecutionContext)
:: [15] void GdUnit4.Core.Execution.TestCaseExecutionStage+&lt;Execute&gt;d__1.MoveNext()
:: [16] void System.Runtime.CompilerServices.AsyncTaskMethodBuilder.Start&lt;TStateMachine&gt;(TStateMachine&amp;)
:: [17] System.Threading.Tasks.Task GdUnit4.Core.Execution.TestCaseExecutionStage.Execute(GdUnit4.Core.Execution.ExecutionContext)
:: [18] void GdUnit4.Core.Execution.TestSuiteExecutionStage+&lt;RunTestCase&gt;d__15.MoveNext()
:: [19] void System.Threading.ExecutionContext.RunInternal(System.Threading.ExecutionContext, System.Threading.ContextCallback, object)
:: [20] void System.Runtime.CompilerServices.AsyncTaskMethodBuilder`1+AsyncStateMachineBox`1.MoveNext(System.Threading.Thread)
:: [21] void System.Threading.Tasks.AwaitTaskContinuation.RunCallback(System.Threading.ContextCallback, object, System.Threading.Tasks.Task&amp;)
:: [22] void System.Threading.Tasks.Task.RunContinuations(object)
:: [23] void System.Runtime.CompilerServices.AsyncTaskMethodBuilder.SetResult()
:: [24] void GdUnit4.Core.Execution.BeforeTestExecutionStage+&lt;Execute&gt;d__1.MoveNext()
:: [25] void System.Threading.ExecutionContext.RunInternal(System.Threading.ExecutionContext, System.Threading.ContextCallback, object)
:: [26] void System.Runtime.CompilerServices.AsyncTaskMethodBuilder`1+AsyncStateMachineBox`1.MoveNext(System.Threading.Thread)
:: [27] void System.Threading.Tasks.AwaitTaskContinuation.RunCallback(System.Threading.ContextCallback, object, System.Threading.Tasks.Task&amp;)
:: [28] void System.Threading.Tasks.Task.RunContinuations(object)
:: [29] void System.Runtime.CompilerServices.AsyncTaskMethodBuilder.SetResult()
:: [30] void GdUnit4.Core.Execution.ExecutionStage`1+&lt;Execute&gt;d__30.MoveNext()
:: [31] void System.Threading.ExecutionContext.RunInternal(System.Threading.ExecutionContext, System.Threading.ContextCallback, object)
:: [32] void System.Runtime.CompilerServices.AsyncTaskMethodBuilder`1+AsyncStateMachineBox`1.MoveNext(System.Threading.Thread)
:: [33] void Godot.GodotSynchronizationContext.ExecutePendingContinuations() (/root/godot/modules/mono/glue/GodotSharp/GodotSharp/Core/GodotSynchronizationContext.cs:51)
:: [34] void Godot.GodotTaskScheduler.Activate() (/root/godot/modules/mono/glue/GodotSharp/GodotSharp/Core/GodotTaskScheduler.cs:76)
:: [35] void Godot.Bridge.ScriptManagerBridge.FrameCallback() (/root/godot/modules/mono/glue/GodotSharp/GodotSharp/Core/Bridge/ScriptManagerBridge.cs:84)
:: ERROR: Condition "!int_resources.has(id)" is true. Returning: ERR_INVALID_PARAMETER
:: at: _parse_sub_resource (scene/resources/resource_format_text.cpp:113)
:: C# backtrace (most recent call first):
:: [0] Godot.GodotObject Godot.NativeCalls.godot_icall_3_761(nint, nint, string, string, int) (/root/godot/modules/mono/glue/GodotSharp/GodotSharp/Generated/NativeCalls.cs:6854)
:: [1] Godot.Resource Godot.ResourceLoader.Load(string, string, Godot.ResourceLoader+CacheMode) (/root/godot/modules/mono/glue/GodotSharp/GodotSharp/Generated/GodotObjects/ResourceLoader.cs:120)
:: [2] T Godot.ResourceLoader.Load&lt;T&gt;(string, string, Godot.ResourceLoader+CacheMode) (/root/godot/modules/mono/glue/GodotSharp/GodotSharp/Core/Extensions/ResourceLoaderExtensions.cs:27)
:: [3] T Godot.GD.Load&lt;T&gt;(string) (/root/godot/modules/mono/glue/GodotSharp/GodotSharp/Core/GD.cs:129)
:: [4] void OmegaSpiral.Source.Stages.Stage0Start.MainMenu.PopulateStageList() (/home/adam/Dev/omega-spiral/chapter-zero/source/ui/menus/MainMenu.cs:84)
:: [5] void OmegaSpiral.Source.Stages.Stage0Start.MainMenu.PopulateMenuButtons() (/home/adam/Dev/omega-spiral/chapter-zero/source/ui/menus/MainMenu.cs:65)
:: [6] void OmegaSpiral.Source.Ui.Menus.MenuUi._Ready() (/home/adam/Dev/omega-spiral/chapter-zero/source/ui/menus/MenuBase.cs:79)
:: [7] void OmegaSpiral.Source.Stages.Stage0Start.MainMenu._Ready() (/home/adam/Dev/omega-spiral/chapter-zero/source/ui/menus/MainMenu.cs:53)
:: [8] bool Godot.Node.InvokeGodotClassMethod(Godot.NativeInterop.godot_string_name&amp;, Godot.NativeInterop.NativeVariantPtrArgs, Godot.NativeInterop.godot_variant&amp;) (/root/godot/modules/mono/glue/GodotSharp/GodotSharp/Generated/GodotObjects/Node.cs:2631)
:: [9] bool Godot.CanvasItem.InvokeGodotClassMethod(Godot.NativeInterop.godot_string_name&amp;, Godot.NativeInterop.NativeVariantPtrArgs, Godot.NativeInterop.godot_variant&amp;) (/root/godot/modules/mono/glue/GodotSharp/GodotSharp/Generated/GodotObjects/CanvasItem.cs:1786)
:: [10] bool Godot.Control.InvokeGodotClassMethod(Godot.NativeInterop.godot_string_name&amp;, Godot.NativeInterop.NativeVariantPtrArgs, Godot.NativeInterop.godot_variant&amp;) (/root/godot/modules/mono/glue/GodotSharp/GodotSharp/Generated/GodotObjects/Control.cs:3508)
:: [11] bool OmegaSpiral.Source.Ui.Omega.OmegaUi.InvokeGodotClassMethod(Godot.NativeInterop.godot_string_name&amp;, Godot.NativeInterop.NativeVariantPtrArgs, Godot.NativeInterop.godot_variant&amp;) (/home/adam/Dev/omega-spiral/chapter-zero/.godot/mono/temp/obj/Debug/Godot.SourceGenerators/Godot.SourceGenerators.ScriptMethodsGenerator/OmegaSpiral.Source.Ui.Omega.OmegaUi_ScriptMethods.generated.cs:150)
:: [12] bool OmegaSpiral.Source.Ui.Menus.MenuUi.InvokeGodotClassMethod(Godot.NativeInterop.godot_string_name&amp;, Godot.NativeInterop.NativeVariantPtrArgs, Godot.NativeInterop.godot_variant&amp;) (/home/adam/Dev/omega-spiral/chapter-zero/.godot/mono/temp/obj/Debug/Godot.SourceGenerators/Godot.SourceGenerators.ScriptMethodsGenerator/OmegaSpiral.Source.Ui.Menus.MenuUi_ScriptMethods.generated.cs:180)
:: [13] bool OmegaSpiral.Source.Stages.Stage0Start.MainMenu.InvokeGodotClassMethod(Godot.NativeInterop.godot_string_name&amp;, Godot.NativeInterop.NativeVariantPtrArgs, Godot.NativeInterop.godot_variant&amp;) (/home/adam/Dev/omega-spiral/chapter-zero/.godot/mono/temp/obj/Debug/Godot.SourceGenerators/Godot.SourceGenerators.ScriptMethodsGenerator/OmegaSpiral.Source.Stages.Stage0Start.MainMenu_ScriptMethods.generated.cs:100)
:: [14] Godot.NativeInterop.godot_bool Godot.Bridge.CSharpInstanceBridge.Call(nint, Godot.NativeInterop.godot_string_name*, Godot.NativeInterop.godot_variant**, int, Godot.NativeInterop.godot_variant_call_error*, Godot.NativeInterop.godot_variant*) (/root/godot/modules/mono/glue/GodotSharp/GodotSharp/Core/Bridge/CSharpInstanceBridge.cs:24)
:: [15] void Godot.NativeInterop.NativeFuncs.godotsharp_method_bind_ptrcall(nint, nint, System.Void**, System.Void*) (/root/godot/modules/mono/glue/GodotSharp/GodotSharp/Godot.SourceGenerators.Internal/Godot.SourceGenerators.Internal.UnmanagedCallbacksGenerator/Godot.NativeInterop.NativeFuncs.generated.cs:380)
:: [16] void Godot.NativeCalls.godot_icall_3_1042(nint, nint, nint, Godot.NativeInterop.godot_bool, int) (/root/godot/modules/mono/glue/GodotSharp/GodotSharp/Generated/NativeCalls.cs:9587)
:: [17] void Godot.Node.AddChild(Godot.Node, bool, Godot.Node+InternalMode) (/root/godot/modules/mono/glue/GodotSharp/GodotSharp/Generated/GodotObjects/Node.cs:821)
:: [18] GdUnit4.Core.SceneRunner..ctor(Godot.Node, bool, bool)
:: [19] GdUnit4.Core.SceneRunner..ctor(string, bool, bool)
:: [20] GdUnit4.ISceneRunner GdUnit4.ISceneRunner.Load(string, bool, bool)
:: [21] void OmegaSpiral.Tests.Integration.Ui.Menus.MainMenuTests.Setup() (/home/adam/Dev/omega-spiral/chapter-zero/tests/integration/ui/menus/MainMenuTests.cs:30)
:: [22] void System.RuntimeMethodHandle.InvokeMethod(System.Runtime.CompilerServices.ObjectHandleOnStack, System.Void**, System.Runtime.CompilerServices.ObjectHandleOnStack, Interop+BOOL, System.Runtime.CompilerServices.ObjectHandleOnStack)
:: [23] void System.RuntimeMethodHandle.InvokeMethod(System.Runtime.CompilerServices.ObjectHandleOnStack, System.Void**, System.Runtime.CompilerServices.ObjectHandleOnStack, Interop+BOOL, System.Runtime.CompilerServices.ObjectHandleOnStack)
:: [24] object System.Reflection.MethodBaseInvoker.InterpretedInvoke_Method(object, System.IntPtr*)
:: [25] object System.Reflection.RuntimeMethodInfo.Invoke(object, System.Reflection.BindingFlags, System.Reflection.Binder, System.Object[], System.Globalization.CultureInfo)
:: [26] void GdUnit4.Core.Execution.ExecutionStage`1+&lt;ExecuteStage&gt;d__37.MoveNext()
:: [27] void System.Runtime.CompilerServices.AsyncTaskMethodBuilder.Start&lt;TStateMachine&gt;(TStateMachine&amp;)
:: [28] System.Threading.Tasks.Task GdUnit4.Core.Execution.ExecutionStage`1.ExecuteStage(GdUnit4.Core.Execution.ExecutionContext)
:: [29] void GdUnit4.Core.Execution.ExecutionStage`1+&lt;Execute&gt;d__30.MoveNext()
:: [30] void System.Runtime.CompilerServices.AsyncTaskMethodBuilder.Start&lt;TStateMachine&gt;(TStateMachine&amp;)
:: [31] System.Threading.Tasks.Task GdUnit4.Core.Execution.ExecutionStage`1.Execute(GdUnit4.Core.Execution.ExecutionContext)
:: [32] System.Threading.Tasks.Task GdUnit4.Core.Execution.BeforeExecutionStage.&lt;&gt;n__0(GdUnit4.Core.Execution.ExecutionContext)
:: [33] void GdUnit4.Core.Execution.BeforeExecutionStage+&lt;Execute&gt;d__1.MoveNext()
:: [34] void System.Runtime.CompilerServices.AsyncTaskMethodBuilder.Start&lt;TStateMachine&gt;(TStateMachine&amp;)
:: [35] System.Threading.Tasks.Task GdUnit4.Core.Execution.BeforeExecutionStage.Execute(GdUnit4.Core.Execution.ExecutionContext)
:: [36] void GdUnit4.Core.Execution.TestSuiteExecutionStage+&lt;Execute&gt;d__13.MoveNext()
:: [37] void System.Runtime.CompilerServices.AsyncTaskMethodBuilder.Start&lt;TStateMachine&gt;(TStateMachine&amp;)
:: [38] System.Threading.Tasks.Task GdUnit4.Core.Execution.TestSuiteExecutionStage.Execute(GdUnit4.Core.Execution.ExecutionContext)
:: [39] void GdUnit4.Core.Commands.ExecuteTestSuiteCommand+&lt;Execute&gt;d__18.MoveNext()
:: [40] void System.Runtime.CompilerServices.AsyncTaskMethodBuilder`1+AsyncStateMachineBox`1.ExecutionContextCallback(object)
:: [41] void System.Threading.ExecutionContext.RunInternal(System.Threading.ExecutionContext, System.Threading.ContextCallback, object)
:: [42] void System.Runtime.CompilerServices.AsyncTaskMethodBuilder`1+AsyncStateMachineBox`1.MoveNext(System.Threading.Thread)
:: [43] void Godot.SignalAwaiter.SignalCallback(nint, Godot.NativeInterop.godot_variant**, int, Godot.NativeInterop.godot_bool*) (/root/godot/modules/mono/glue/GodotSharp/GodotSharp/Core/SignalAwaiter.cs:65)
:: ERROR: res://source/ui/omega/omega_ui.theme.tres:20 - Parse Error: .
:: at: _printerr (scene/resources/resource_format_text.cpp:40)
:: C# backtrace (most recent call first):
:: [0] Godot.GodotObject Godot.NativeCalls.godot_icall_3_761(nint, nint, string, string, int) (/root/godot/modules/mono/glue/GodotSharp/GodotSharp/Generated/NativeCalls.cs:6854)
:: [1] Godot.Resource Godot.ResourceLoader.Load(string, string, Godot.ResourceLoader+CacheMode) (/root/godot/modules/mono/glue/GodotSharp/GodotSharp/Generated/GodotObjects/ResourceLoader.cs:120)
:: [2] T Godot.ResourceLoader.Load&lt;T&gt;(string, string, Godot.ResourceLoader+CacheMode) (/root/godot/modules/mono/glue/GodotSharp/GodotSharp/Core/Extensions/ResourceLoaderExtensions.cs:27)
:: [3] T Godot.GD.Load&lt;T&gt;(string) (/root/godot/modules/mono/glue/GodotSharp/GodotSharp/Core/GD.cs:129)
:: [4] void OmegaSpiral.Source.Stages.Stage0Start.MainMenu.PopulateStageList() (/home/adam/Dev/omega-spiral/chapter-zero/source/ui/menus/MainMenu.cs:84)
:: [5] void OmegaSpiral.Source.Stages.Stage0Start.MainMenu.PopulateMenuButtons() (/home/adam/Dev/omega-spiral/chapter-zero/source/ui/menus/MainMenu.cs:65)
:: [6] void OmegaSpiral.Source.Ui.Menus.MenuUi._Ready() (/home/adam/Dev/omega-spiral/chapter-zero/source/ui/menus/MenuBase.cs:79)
:: [7] void OmegaSpiral.Source.Stages.Stage0Start.MainMenu._Ready() (/home/adam/Dev/omega-spiral/chapter-zero/source/ui/menus/MainMenu.cs:53)
:: [8] bool Godot.Node.InvokeGodotClassMethod(Godot.NativeInterop.godot_string_name&amp;, Godot.NativeInterop.NativeVariantPtrArgs, Godot.NativeInterop.godot_variant&amp;) (/root/godot/modules/mono/glue/GodotSharp/GodotSharp/Generated/GodotObjects/Node.cs:2631)
:: [9] bool Godot.CanvasItem.InvokeGodotClassMethod(Godot.NativeInterop.godot_string_name&amp;, Godot.NativeInterop.NativeVariantPtrArgs, Godot.NativeInterop.godot_variant&amp;) (/root/godot/modules/mono/glue/GodotSharp/GodotSharp/Generated/GodotObjects/CanvasItem.cs:1786)
:: [10] bool Godot.Control.InvokeGodotClassMethod(Godot.NativeInterop.godot_string_name&amp;, Godot.NativeInterop.NativeVariantPtrArgs, Godot.NativeInterop.godot_variant&amp;) (/root/godot/modules/mono/glue/GodotSharp/GodotSharp/Generated/GodotObjects/Control.cs:3508)
:: [11] bool OmegaSpiral.Source.Ui.Omega.OmegaUi.InvokeGodotClassMethod(Godot.NativeInterop.godot_string_name&amp;, Godot.NativeInterop.NativeVariantPtrArgs, Godot.NativeInterop.godot_variant&amp;) (/home/adam/Dev/omega-spiral/chapter-zero/.godot/mono/temp/obj/Debug/Godot.SourceGenerators/Godot.SourceGenerators.ScriptMethodsGenerator/OmegaSpiral.Source.Ui.Omega.OmegaUi_ScriptMethods.generated.cs:150)
:: [12] bool OmegaSpiral.Source.Ui.Menus.MenuUi.InvokeGodotClassMethod(Godot.NativeInterop.godot_string_name&amp;, Godot.NativeInterop.NativeVariantPtrArgs, Godot.NativeInterop.godot_variant&amp;) (/home/adam/Dev/omega-spiral/chapter-zero/.godot/mono/temp/obj/Debug/Godot.SourceGenerators/Godot.SourceGenerators.ScriptMethodsGenerator/OmegaSpiral.Source.Ui.Menus.MenuUi_ScriptMethods.generated.cs:180)
:: [13] bool OmegaSpiral.Source.Stages.Stage0Start.MainMenu.InvokeGodotClassMethod(Godot.NativeInterop.godot_string_name&amp;, Godot.NativeInterop.NativeVariantPtrArgs, Godot.NativeInterop.godot_variant&amp;) (/home/adam/Dev/omega-spiral/chapter-zero/.godot/mono/temp/obj/Debug/Godot.SourceGenerators/Godot.SourceGenerators.ScriptMethodsGenerator/OmegaSpiral.Source.Stages.Stage0Start.MainMenu_ScriptMethods.generated.cs:100)
:: [14] Godot.NativeInterop.godot_bool Godot.Bridge.CSharpInstanceBridge.Call(nint, Godot.NativeInterop.godot_string_name*, Godot.NativeInterop.godot_variant**, int, Godot.NativeInterop.godot_variant_call_error*, Godot.NativeInterop.godot_variant*) (/root/godot/modules/mono/glue/GodotSharp/GodotSharp/Core/Bridge/CSharpInstanceBridge.cs:24)
:: [15] void Godot.NativeInterop.NativeFuncs.godotsharp_method_bind_ptrcall(nint, nint, System.Void**, System.Void*) (/root/godot/modules/mono/glue/GodotSharp/GodotSharp/Godot.SourceGenerators.Internal/Godot.SourceGenerators.Internal.UnmanagedCallbacksGenerator/Godot.NativeInterop.NativeFuncs.generated.cs:380)
:: [16] void Godot.NativeCalls.godot_icall_3_1042(nint, nint, nint, Godot.NativeInterop.godot_bool, int) (/root/godot/modules/mono/glue/GodotSharp/GodotSharp/Generated/NativeCalls.cs:9587)
:: [17] void Godot.Node.AddChild(Godot.Node, bool, Godot.Node+InternalMode) (/root/godot/modules/mono/glue/GodotSharp/GodotSharp/Generated/GodotObjects/Node.cs:821)
:: [18] GdUnit4.Core.SceneRunner..ctor(Godot.Node, bool, bool)
:: [19] GdUnit4.Core.SceneRunner..ctor(string, bool, bool)
:: [20] GdUnit4.ISceneRunner GdUnit4.ISceneRunner.Load(string, bool, bool)
:: [21] void OmegaSpiral.Tests.Integration.Ui.Menus.MainMenuTests.Setup() (/home/adam/Dev/omega-spiral/chapter-zero/tests/integration/ui/menus/MainMenuTests.cs:30)
:: [22] void System.RuntimeMethodHandle.InvokeMethod(System.Runtime.CompilerServices.ObjectHandleOnStack, System.Void**, System.Runtime.CompilerServices.ObjectHandleOnStack, Interop+BOOL, System.Runtime.CompilerServices.ObjectHandleOnStack)
:: [23] void System.RuntimeMethodHandle.InvokeMethod(System.Runtime.CompilerServices.ObjectHandleOnStack, System.Void**, System.Runtime.CompilerServices.ObjectHandleOnStack, Interop+BOOL, System.Runtime.CompilerServices.ObjectHandleOnStack)
:: [24] object System.Reflection.MethodBaseInvoker.InterpretedInvoke_Method(object, System.IntPtr*)
:: [25] object System.Reflection.RuntimeMethodInfo.Invoke(object, System.Reflection.BindingFlags, System.Reflection.Binder, System.Object[], System.Globalization.CultureInfo)
:: [26] void GdUnit4.Core.Execution.ExecutionStage`1+&lt;ExecuteStage&gt;d__37.MoveNext()
:: [27] void System.Runtime.CompilerServices.AsyncTaskMethodBuilder.Start&lt;TStateMachine&gt;(TStateMachine&amp;)
:: [28] System.Threading.Tasks.Task GdUnit4.Core.Execution.ExecutionStage`1.ExecuteStage(GdUnit4.Core.Execution.ExecutionContext)
:: [29] void GdUnit4.Core.Execution.ExecutionStage`1+&lt;Execute&gt;d__30.MoveNext()
:: [30] void System.Runtime.CompilerServices.AsyncTaskMethodBuilder.Start&lt;TStateMachine&gt;(TStateMachine&amp;)
:: [31] System.Threading.Tasks.Task GdUnit4.Core.Execution.ExecutionStage`1.Execute(GdUnit4.Core.Execution.ExecutionContext)
:: [32] System.Threading.Tasks.Task GdUnit4.Core.Execution.BeforeExecutionStage.&lt;&gt;n__0(GdUnit4.Core.Execution.ExecutionContext)
:: [33] void GdUnit4.Core.Execution.BeforeExecutionStage+&lt;Execute&gt;d__1.MoveNext()
:: [34] void System.Runtime.CompilerServices.AsyncTaskMethodBuilder.Start&lt;TStateMachine&gt;(TStateMachine&amp;)
:: [35] System.Threading.Tasks.Task GdUnit4.Core.Execution.BeforeExecutionStage.Execute(GdUnit4.Core.Execution.ExecutionContext)
:: [36] void GdUnit4.Core.Execution.TestSuiteExecutionStage+&lt;Execute&gt;d__13.MoveNext()
:: [37] void System.Runtime.CompilerServices.AsyncTaskMethodBuilder.Start&lt;TStateMachine&gt;(TStateMachine&amp;)
:: [38] System.Threading.Tasks.Task GdUnit4.Core.Execution.TestSuiteExecutionStage.Execute(GdUnit4.Core.Execution.ExecutionContext)
:: [39] void GdUnit4.Core.Commands.ExecuteTestSuiteCommand+&lt;Execute&gt;d__18.MoveNext()
:: [40] void System.Runtime.CompilerServices.AsyncTaskMethodBuilder`1+AsyncStateMachineBox`1.ExecutionContextCallback(object)
:: [41] void System.Threading.ExecutionContext.RunInternal(System.Threading.ExecutionContext, System.Threading.ContextCallback, object)
:: [42] void System.Runtime.CompilerServices.AsyncTaskMethodBuilder`1+AsyncStateMachineBox`1.MoveNext(System.Threading.Thread)
:: [43] void Godot.SignalAwaiter.SignalCallback(nint, Godot.NativeInterop.godot_variant**, int, Godot.NativeInterop.godot_bool*) (/root/godot/modules/mono/glue/GodotSharp/GodotSharp/Core/SignalAwaiter.cs:65)
:: ERROR: Failed loading resource: res://source/ui/omega/omega_ui.theme.tres.
:: at: _load (core/io/resource_loader.cpp:343)
:: C# backtrace (most recent call first):
:: [0] Godot.GodotObject Godot.NativeCalls.godot_icall_3_761(nint, nint, string, string, int) (/root/godot/modules/mono/glue/GodotSharp/GodotSharp/Generated/NativeCalls.cs:6854)
:: [1] Godot.Resource Godot.ResourceLoader.Load(string, string, Godot.ResourceLoader+CacheMode) (/root/godot/modules/mono/glue/GodotSharp/GodotSharp/Generated/GodotObjects/ResourceLoader.cs:120)
:: [2] T Godot.ResourceLoader.Load&lt;T&gt;(string, string, Godot.ResourceLoader+CacheMode) (/root/godot/modules/mono/glue/GodotSharp/GodotSharp/Core/Extensions/ResourceLoaderExtensions.cs:27)
:: [3] T Godot.GD.Load&lt;T&gt;(string) (/root/godot/modules/mono/glue/GodotSharp/GodotSharp/Core/GD.cs:129)
:: [4] void OmegaSpiral.Source.Stages.Stage0Start.MainMenu.PopulateStageList() (/home/adam/Dev/omega-spiral/chapter-zero/source/ui/menus/MainMenu.cs:84)
:: [5] void OmegaSpiral.Source.Stages.Stage0Start.MainMenu.PopulateMenuButtons() (/home/adam/Dev/omega-spiral/chapter-zero/source/ui/menus/MainMenu.cs:65)
:: [6] void OmegaSpiral.Source.Ui.Menus.MenuUi._Ready() (/home/adam/Dev/omega-spiral/chapter-zero/source/ui/menus/MenuBase.cs:79)
:: [7] void OmegaSpiral.Source.Stages.Stage0Start.MainMenu._Ready() (/home/adam/Dev/omega-spiral/chapter-zero/source/ui/menus/MainMenu.cs:53)
:: [8] bool Godot.Node.InvokeGodotClassMethod(Godot.NativeInterop.godot_string_name&amp;, Godot.NativeInterop.NativeVariantPtrArgs, Godot.NativeInterop.godot_variant&amp;) (/root/godot/modules/mono/glue/GodotSharp/GodotSharp/Generated/GodotObjects/Node.cs:2631)
:: [9] bool Godot.CanvasItem.InvokeGodotClassMethod(Godot.NativeInterop.godot_string_name&amp;, Godot.NativeInterop.NativeVariantPtrArgs, Godot.NativeInterop.godot_variant&amp;) (/root/godot/modules/mono/glue/GodotSharp/GodotSharp/Generated/GodotObjects/CanvasItem.cs:1786)
:: [10] bool Godot.Control.InvokeGodotClassMethod(Godot.NativeInterop.godot_string_name&amp;, Godot.NativeInterop.NativeVariantPtrArgs, Godot.NativeInterop.godot_variant&amp;) (/root/godot/modules/mono/glue/GodotSharp/GodotSharp/Generated/GodotObjects/Control.cs:3508)
:: [11] bool OmegaSpiral.Source.Ui.Omega.OmegaUi.InvokeGodotClassMethod(Godot.NativeInterop.godot_string_name&amp;, Godot.NativeInterop.NativeVariantPtrArgs, Godot.NativeInterop.godot_variant&amp;) (/home/adam/Dev/omega-spiral/chapter-zero/.godot/mono/temp/obj/Debug/Godot.SourceGenerators/Godot.SourceGenerators.ScriptMethodsGenerator/OmegaSpiral.Source.Ui.Omega.OmegaUi_ScriptMethods.generated.cs:150)
:: [12] bool OmegaSpiral.Source.Ui.Menus.MenuUi.InvokeGodotClassMethod(Godot.NativeInterop.godot_string_name&amp;, Godot.NativeInterop.NativeVariantPtrArgs, Godot.NativeInterop.godot_variant&amp;) (/home/adam/Dev/omega-spiral/chapter-zero/.godot/mono/temp/obj/Debug/Godot.SourceGenerators/Godot.SourceGenerators.ScriptMethodsGenerator/OmegaSpiral.Source.Ui.Menus.MenuUi_ScriptMethods.generated.cs:180)
:: [13] bool OmegaSpiral.Source.Stages.Stage0Start.MainMenu.InvokeGodotClassMethod(Godot.NativeInterop.godot_string_name&amp;, Godot.NativeInterop.NativeVariantPtrArgs, Godot.NativeInterop.godot_variant&amp;) (/home/adam/Dev/omega-spiral/chapter-zero/.godot/mono/temp/obj/Debug/Godot.SourceGenerators/Godot.SourceGenerators.ScriptMethodsGenerator/OmegaSpiral.Source.Stages.Stage0Start.MainMenu_ScriptMethods.generated.cs:100)
:: [14] Godot.NativeInterop.godot_bool Godot.Bridge.CSharpInstanceBridge.Call(nint, Godot.NativeInterop.godot_string_name*, Godot.NativeInterop.godot_variant**, int, Godot.NativeInterop.godot_variant_call_error*, Godot.NativeInterop.godot_variant*) (/root/godot/modules/mono/glue/GodotSharp/GodotSharp/Core/Bridge/CSharpInstanceBridge.cs:24)
:: [15] void Godot.NativeInterop.NativeFuncs.godotsharp_method_bind_ptrcall(nint, nint, System.Void**, System.Void*) (/root/godot/modules/mono/glue/GodotSharp/GodotSharp/Godot.SourceGenerators.Internal/Godot.SourceGenerators.Internal.UnmanagedCallbacksGenerator/Godot.NativeInterop.NativeFuncs.generated.cs:380)
:: [16] void Godot.NativeCalls.godot_icall_3_1042(nint, nint, nint, Godot.NativeInterop.godot_bool, int) (/root/godot/modules/mono/glue/GodotSharp/GodotSharp/Generated/NativeCalls.cs:9587)
:: [17] void Godot.Node.AddChild(Godot.Node, bool, Godot.Node+InternalMode) (/root/godot/modules/mono/glue/GodotSharp/GodotSharp/Generated/GodotObjects/Node.cs:821)
:: [18] GdUnit4.Core.SceneRunner..ctor(Godot.Node, bool, bool)
:: [19] GdUnit4.Core.SceneRunner..ctor(string, bool, bool)
:: [20] GdUnit4.ISceneRunner GdUnit4.ISceneRunner.Load(string, bool, bool)
:: [21] void OmegaSpiral.Tests.Integration.Ui.Menus.MainMenuTests.Setup() (/home/adam/Dev/omega-spiral/chapter-zero/tests/integration/ui/menus/MainMenuTests.cs:30)
:: [22] void System.RuntimeMethodHandle.InvokeMethod(System.Runtime.CompilerServices.ObjectHandleOnStack, System.Void**, System.Runtime.CompilerServices.ObjectHandleOnStack, Interop+BOOL, System.Runtime.CompilerServices.ObjectHandleOnStack)
:: [23] void System.RuntimeMethodHandle.InvokeMethod(System.Runtime.CompilerServices.ObjectHandleOnStack, System.Void**, System.Runtime.CompilerServices.ObjectHandleOnStack, Interop+BOOL, System.Runtime.CompilerServices.ObjectHandleOnStack)
:: [24] object System.Reflection.MethodBaseInvoker.InterpretedInvoke_Method(object, System.IntPtr*)
:: [25] object System.Reflection.RuntimeMethodInfo.Invoke(object, System.Reflection.BindingFlags, System.Reflection.Binder, System.Object[], System.Globalization.CultureInfo)
:: [26] void GdUnit4.Core.Execution.ExecutionStage`1+&lt;ExecuteStage&gt;d__37.MoveNext()
:: [27] void System.Runtime.CompilerServices.AsyncTaskMethodBuilder.Start&lt;TStateMachine&gt;(TStateMachine&amp;)
:: [28] System.Threading.Tasks.Task GdUnit4.Core.Execution.ExecutionStage`1.ExecuteStage(GdUnit4.Core.Execution.ExecutionContext)
:: [29] void GdUnit4.Core.Execution.ExecutionStage`1+&lt;Execute&gt;d__30.MoveNext()
:: [30] void System.Runtime.CompilerServices.AsyncTaskMethodBuilder.Start&lt;TStateMachine&gt;(TStateMachine&amp;)
:: [31] System.Threading.Tasks.Task GdUnit4.Core.Execution.ExecutionStage`1.Execute(GdUnit4.Core.Execution.ExecutionContext)
:: [32] System.Threading.Tasks.Task GdUnit4.Core.Execution.BeforeExecutionStage.&lt;&gt;n__0(GdUnit4.Core.Execution.ExecutionContext)
:: [33] void GdUnit4.Core.Execution.BeforeExecutionStage+&lt;Execute&gt;d__1.MoveNext()
:: [34] void System.Runtime.CompilerServices.AsyncTaskMethodBuilder.Start&lt;TStateMachine&gt;(TStateMachine&amp;)
:: [35] System.Threading.Tasks.Task GdUnit4.Core.Execution.BeforeExecutionStage.Execute(GdUnit4.Core.Execution.ExecutionContext)
:: [36] void GdUnit4.Core.Execution.TestSuiteExecutionStage+&lt;Execute&gt;d__13.MoveNext()
:: [37] void System.Runtime.CompilerServices.AsyncTaskMethodBuilder.Start&lt;TStateMachine&gt;(TStateMachine&amp;)
:: [38] System.Threading.Tasks.Task GdUnit4.Core.Execution.TestSuiteExecutionStage.Execute(GdUnit4.Core.Execution.ExecutionContext)
:: [39] void GdUnit4.Core.Commands.ExecuteTestSuiteCommand+&lt;Execute&gt;d__18.MoveNext()
:: [40] void System.Runtime.CompilerServices.AsyncTaskMethodBuilder`1+AsyncStateMachineBox`1.ExecutionContextCallback(object)
:: [41] void System.Threading.ExecutionContext.RunInternal(System.Threading.ExecutionContext, System.Threading.ContextCallback, object)
:: [42] void System.Runtime.CompilerServices.AsyncTaskMethodBuilder`1+AsyncStateMachineBox`1.MoveNext(System.Threading.Thread)
:: [43] void Godot.SignalAwaiter.SignalCallback(nint, Godot.NativeInterop.godot_variant**, int, Godot.NativeInterop.godot_bool*) (/root/godot/modules/mono/glue/GodotSharp/GodotSharp/Core/SignalAwaiter.cs:65)
:: ERROR: res://source/ui/components/stage_button.tscn:10 - Parse Error: [ext_resource] referenced non-existent resource at: res://source/ui/omega/omega_ui.theme.tres.
:: at: _printerr (scene/resources/resource_format_text.cpp:40)
:: C# backtrace (most recent call first):
:: [0] Godot.GodotObject Godot.NativeCalls.godot_icall_3_761(nint, nint, string, string, int) (/root/godot/modules/mono/glue/GodotSharp/GodotSharp/Generated/NativeCalls.cs:6854)
:: [1] Godot.Resource Godot.ResourceLoader.Load(string, string, Godot.ResourceLoader+CacheMode) (/root/godot/modules/mono/glue/GodotSharp/GodotSharp/Generated/GodotObjects/ResourceLoader.cs:120)
:: [2] T Godot.ResourceLoader.Load&lt;T&gt;(string, string, Godot.ResourceLoader+CacheMode) (/root/godot/modules/mono/glue/GodotSharp/GodotSharp/Core/Extensions/ResourceLoaderExtensions.cs:27)
:: [3] T Godot.GD.Load&lt;T&gt;(string) (/root/godot/modules/mono/glue/GodotSharp/GodotSharp/Core/GD.cs:129)
:: [4] void OmegaSpiral.Source.Stages.Stage0Start.MainMenu.PopulateStageList() (/home/adam/Dev/omega-spiral/chapter-zero/source/ui/menus/MainMenu.cs:84)
:: [5] void OmegaSpiral.Source.Stages.Stage0Start.MainMenu.PopulateMenuButtons() (/home/adam/Dev/omega-spiral/chapter-zero/source/ui/menus/MainMenu.cs:65)
:: [6] void OmegaSpiral.Source.Ui.Menus.MenuUi._Ready() (/home/adam/Dev/omega-spiral/chapter-zero/source/ui/menus/MenuBase.cs:79)
:: [7] void OmegaSpiral.Source.Stages.Stage0Start.MainMenu._Ready() (/home/adam/Dev/omega-spiral/chapter-zero/source/ui/menus/MainMenu.cs:53)
:: [8] bool Godot.Node.InvokeGodotClassMethod(Godot.NativeInterop.godot_string_name&amp;, Godot.NativeInterop.NativeVariantPtrArgs, Godot.NativeInterop.godot_variant&amp;) (/root/godot/modules/mono/glue/GodotSharp/GodotSharp/Generated/GodotObjects/Node.cs:2631)
:: [9] bool Godot.CanvasItem.InvokeGodotClassMethod(Godot.NativeInterop.godot_string_name&amp;, Godot.NativeInterop.NativeVariantPtrArgs, Godot.NativeInterop.godot_variant&amp;) (/root/godot/modules/mono/glue/GodotSharp/GodotSharp/Generated/GodotObjects/CanvasItem.cs:1786)
:: [10] bool Godot.Control.InvokeGodotClassMethod(Godot.NativeInterop.godot_string_name&amp;, Godot.NativeInterop.NativeVariantPtrArgs, Godot.NativeInterop.godot_variant&amp;) (/root/godot/modules/mono/glue/GodotSharp/GodotSharp/Generated/GodotObjects/Control.cs:3508)
:: [11] bool OmegaSpiral.Source.Ui.Omega.OmegaUi.InvokeGodotClassMethod(Godot.NativeInterop.godot_string_name&amp;, Godot.NativeInterop.NativeVariantPtrArgs, Godot.NativeInterop.godot_variant&amp;) (/home/adam/Dev/omega-spiral/chapter-zero/.godot/mono/temp/obj/Debug/Godot.SourceGenerators/Godot.SourceGenerators.ScriptMethodsGenerator/OmegaSpiral.Source.Ui.Omega.OmegaUi_ScriptMethods.generated.cs:150)
:: [12] bool OmegaSpiral.Source.Ui.Menus.MenuUi.InvokeGodotClassMethod(Godot.NativeInterop.godot_string_name&amp;, Godot.NativeInterop.NativeVariantPtrArgs, Godot.NativeInterop.godot_variant&amp;) (/home/adam/Dev/omega-spiral/chapter-zero/.godot/mono/temp/obj/Debug/Godot.SourceGenerators/Godot.SourceGenerators.ScriptMethodsGenerator/OmegaSpiral.Source.Ui.Menus.MenuUi_ScriptMethods.generated.cs:180)
:: [13] bool OmegaSpiral.Source.Stages.Stage0Start.MainMenu.InvokeGodotClassMethod(Godot.NativeInterop.godot_string_name&amp;, Godot.NativeInterop.NativeVariantPtrArgs, Godot.NativeInterop.godot_variant&amp;) (/home/adam/Dev/omega-spiral/chapter-zero/.godot/mono/temp/obj/Debug/Godot.SourceGenerators/Godot.SourceGenerators.ScriptMethodsGenerator/OmegaSpiral.Source.Stages.Stage0Start.MainMenu_ScriptMethods.generated.cs:100)
:: [14] Godot.NativeInterop.godot_bool Godot.Bridge.CSharpInstanceBridge.Call(nint, Godot.NativeInterop.godot_string_name*, Godot.NativeInterop.godot_variant**, int, Godot.NativeInterop.godot_variant_call_error*, Godot.NativeInterop.godot_variant*) (/root/godot/modules/mono/glue/GodotSharp/GodotSharp/Core/Bridge/CSharpInstanceBridge.cs:24)
:: [15] void Godot.NativeInterop.NativeFuncs.godotsharp_method_bind_ptrcall(nint, nint, System.Void**, System.Void*) (/root/godot/modules/mono/glue/GodotSharp/GodotSharp/Godot.SourceGenerators.Internal/Godot.SourceGenerators.Internal.UnmanagedCallbacksGenerator/Godot.NativeInterop.NativeFuncs.generated.cs:380)
:: [16] void Godot.NativeCalls.godot_icall_3_1042(nint, nint, nint, Godot.NativeInterop.godot_bool, int) (/root/godot/modules/mono/glue/GodotSharp/GodotSharp/Generated/NativeCalls.cs:9587)
:: [17] void Godot.Node.AddChild(Godot.Node, bool, Godot.Node+InternalMode) (/root/godot/modules/mono/glue/GodotSharp/GodotSharp/Generated/GodotObjects/Node.cs:821)
:: [18] GdUnit4.Core.SceneRunner..ctor(Godot.Node, bool, bool)
:: [19] GdUnit4.Core.SceneRunner..ctor(string, bool, bool)
:: [20] GdUnit4.ISceneRunner GdUnit4.ISceneRunner.Load(string, bool, bool)
:: [21] void OmegaSpiral.Tests.Integration.Ui.Menus.MainMenuTests.Setup() (/home/adam/Dev/omega-spiral/chapter-zero/tests/integration/ui/menus/MainMenuTests.cs:30)
:: [22] void System.RuntimeMethodHandle.InvokeMethod(System.Runtime.CompilerServices.ObjectHandleOnStack, System.Void**, System.Runtime.CompilerServices.ObjectHandleOnStack, Interop+BOOL, System.Runtime.CompilerServices.ObjectHandleOnStack)
:: [23] void System.RuntimeMethodHandle.InvokeMethod(System.Runtime.CompilerServices.ObjectHandleOnStack, System.Void**, System.Runtime.CompilerServices.ObjectHandleOnStack, Interop+BOOL, System.Runtime.CompilerServices.ObjectHandleOnStack)
:: [24] object System.Reflection.MethodBaseInvoker.InterpretedInvoke_Method(object, System.IntPtr*)
:: [25] object System.Reflection.RuntimeMethodInfo.Invoke(object, System.Reflection.BindingFlags, System.Reflection.Binder, System.Object[], System.Globalization.CultureInfo)
:: [26] void GdUnit4.Core.Execution.ExecutionStage`1+&lt;ExecuteStage&gt;d__37.MoveNext()
:: [27] void System.Runtime.CompilerServices.AsyncTaskMethodBuilder.Start&lt;TStateMachine&gt;(TStateMachine&amp;)
:: [28] System.Threading.Tasks.Task GdUnit4.Core.Execution.ExecutionStage`1.ExecuteStage(GdUnit4.Core.Execution.ExecutionContext)
:: [29] void GdUnit4.Core.Execution.ExecutionStage`1+&lt;Execute&gt;d__30.MoveNext()
:: [30] void System.Runtime.CompilerServices.AsyncTaskMethodBuilder.Start&lt;TStateMachine&gt;(TStateMachine&amp;)
:: [31] System.Threading.Tasks.Task GdUnit4.Core.Execution.ExecutionStage`1.Execute(GdUnit4.Core.Execution.ExecutionContext)
:: [32] System.Threading.Tasks.Task GdUnit4.Core.Execution.BeforeExecutionStage.&lt;&gt;n__0(GdUnit4.Core.Execution.ExecutionContext)
:: [33] void GdUnit4.Core.Execution.BeforeExecutionStage+&lt;Execute&gt;d__1.MoveNext()
:: [34] void System.Runtime.CompilerServices.AsyncTaskMethodBuilder.Start&lt;TStateMachine&gt;(TStateMachine&amp;)
:: [35] System.Threading.Tasks.Task GdUnit4.Core.Execution.BeforeExecutionStage.Execute(GdUnit4.Core.Execution.ExecutionContext)
:: [36] void GdUnit4.Core.Execution.TestSuiteExecutionStage+&lt;Execute&gt;d__13.MoveNext()
:: [37] void System.Runtime.CompilerServices.AsyncTaskMethodBuilder.Start&lt;TStateMachine&gt;(TStateMachine&amp;)
:: [38] System.Threading.Tasks.Task GdUnit4.Core.Execution.TestSuiteExecutionStage.Execute(GdUnit4.Core.Execution.ExecutionContext)
:: [39] void GdUnit4.Core.Commands.ExecuteTestSuiteCommand+&lt;Execute&gt;d__18.MoveNext()
:: [40] void System.Runtime.CompilerServices.AsyncTaskMethodBuilder`1+AsyncStateMachineBox`1.ExecutionContextCallback(object)
:: [41] void System.Threading.ExecutionContext.RunInternal(System.Threading.ExecutionContext, System.Threading.ContextCallback, object)
:: [42] void System.Runtime.CompilerServices.AsyncTaskMethodBuilder`1+AsyncStateMachineBox`1.MoveNext(System.Threading.Thread)
:: [43] void Godot.SignalAwaiter.SignalCallback(nint, Godot.NativeInterop.godot_variant**, int, Godot.NativeInterop.godot_bool*) (/root/godot/modules/mono/glue/GodotSharp/GodotSharp/Core/SignalAwaiter.cs:65)
:: ERROR: Condition "!is_inside_tree()" is true.
:: at: grab_focus (scene/gui/control.cpp:2350)
:: C# backtrace (most recent call first):
:: [0] void Godot.NativeCalls.godot_icall_0_26(nint, nint) (/root/godot/modules/mono/glue/GodotSharp/GodotSharp/Generated/NativeCalls.cs:228)
:: [1] void Godot.Control.GrabFocus() (/root/godot/modules/mono/glue/GodotSharp/GodotSharp/Generated/GodotObjects/Control.cs:3189)
:: [2] void OmegaSpiral.Tests.Integration.Ui.MenuUiTests.GetFocusedButton_ReturnsCorrectButton() (/home/adam/Dev/omega-spiral/chapter-zero/tests/integration/ui/BaseMenuTests.cs:213)
:: [3] void System.RuntimeMethodHandle.InvokeMethod(System.Runtime.CompilerServices.ObjectHandleOnStack, System.Void**, System.Runtime.CompilerServices.ObjectHandleOnStack, Interop+BOOL, System.Runtime.CompilerServices.ObjectHandleOnStack)
:: [4] void System.RuntimeMethodHandle.InvokeMethod(System.Runtime.CompilerServices.ObjectHandleOnStack, System.Void**, System.Runtime.CompilerServices.ObjectHandleOnStack, Interop+BOOL, System.Runtime.CompilerServices.ObjectHandleOnStack)
:: [5] object System.Reflection.MethodBaseInvoker.InterpretedInvoke_Method(object, System.IntPtr*)
:: [6] object System.Reflection.RuntimeMethodInfo.Invoke(object, System.Reflection.BindingFlags, System.Reflection.Binder, System.Object[], System.Globalization.CultureInfo)
:: [7] void GdUnit4.Core.Execution.ExecutionStage`1+&lt;ExecuteStage&gt;d__37.MoveNext()
:: [8] void System.Runtime.CompilerServices.AsyncTaskMethodBuilder.Start&lt;TStateMachine&gt;(TStateMachine&amp;)
:: [9] System.Threading.Tasks.Task GdUnit4.Core.Execution.ExecutionStage`1.ExecuteStage(GdUnit4.Core.Execution.ExecutionContext)
:: [10] void GdUnit4.Core.Execution.ExecutionStage`1+&lt;Execute&gt;d__30.MoveNext()
:: [11] void System.Runtime.CompilerServices.AsyncTaskMethodBuilder.Start&lt;TStateMachine&gt;(TStateMachine&amp;)
:: [12] System.Threading.Tasks.Task GdUnit4.Core.Execution.ExecutionStage`1.Execute(GdUnit4.Core.Execution.ExecutionContext)
:: [13] System.Threading.Tasks.Task GdUnit4.Core.Execution.TestCaseExecutionStage.&lt;&gt;n__0(GdUnit4.Core.Execution.ExecutionContext)
:: [14] void GdUnit4.Core.Execution.TestCaseExecutionStage+&lt;Execute&gt;d__1.MoveNext()
:: [15] void System.Runtime.CompilerServices.AsyncTaskMethodBuilder.Start&lt;TStateMachine&gt;(TStateMachine&amp;)
:: [16] System.Threading.Tasks.Task GdUnit4.Core.Execution.TestCaseExecutionStage.Execute(GdUnit4.Core.Execution.ExecutionContext)
:: [17] void GdUnit4.Core.Execution.TestSuiteExecutionStage+&lt;RunTestCase&gt;d__15.MoveNext()
:: [18] void System.Runtime.CompilerServices.AsyncTaskMethodBuilder.Start&lt;TStateMachine&gt;(TStateMachine&amp;)
:: [19] System.Threading.Tasks.Task GdUnit4.Core.Execution.TestSuiteExecutionStage.RunTestCase(GdUnit4.Core.Hooks.IStdOutHook, GdUnit4.Core.Execution.ExecutionContext, GdUnit4.Core.Execution.TestCase, GdUnit4.TestCaseAttribute, System.Object[])
:: [20] void GdUnit4.Core.Execution.TestSuiteExecutionStage+&lt;Execute&gt;d__13.MoveNext()
:: [21] void System.Threading.ExecutionContext.RunInternal(System.Threading.ExecutionContext, System.Threading.ContextCallback, object)
:: [22] void System.Runtime.CompilerServices.AsyncTaskMethodBuilder`1+AsyncStateMachineBox`1.MoveNext(System.Threading.Thread)
:: [23] void System.Threading.Tasks.AwaitTaskContinuation.RunCallback(System.Threading.ContextCallback, object, System.Threading.Tasks.Task&amp;)
:: [24] void System.Threading.Tasks.Task.RunContinuations(object)
:: [25] void System.Runtime.CompilerServices.AsyncTaskMethodBuilder.SetResult()
:: [26] void GdUnit4.Core.Execution.TestSuiteExecutionStage+&lt;RunTestCase&gt;d__15.MoveNext()
:: [27] void System.Threading.ExecutionContext.RunInternal(System.Threading.ExecutionContext, System.Threading.ContextCallback, object)
:: [28] void System.Runtime.CompilerServices.AsyncTaskMethodBuilder`1+AsyncStateMachineBox`1.MoveNext(System.Threading.Thread)
:: [29] void System.Threading.Tasks.AwaitTaskContinuation.RunCallback(System.Threading.ContextCallback, object, System.Threading.Tasks.Task&amp;)
:: [30] void System.Threading.Tasks.Task.RunContinuations(object)
:: [31] void System.Runtime.CompilerServices.AsyncTaskMethodBuilder.SetResult()
:: [32] void GdUnit4.Core.Execution.AfterTestExecutionStage+&lt;Execute&gt;d__1.MoveNext()
:: [33] void System.Threading.ExecutionContext.RunInternal(System.Threading.ExecutionContext, System.Threading.ContextCallback, object)
:: [34] void System.Runtime.CompilerServices.AsyncTaskMethodBuilder`1+AsyncStateMachineBox`1.MoveNext(System.Threading.Thread)
:: [35] void System.Threading.Tasks.AwaitTaskContinuation.RunCallback(System.Threading.ContextCallback, object, System.Threading.Tasks.Task&amp;)
:: [36] void System.Threading.Tasks.Task.RunContinuations(object)
:: [37] void System.Runtime.CompilerServices.AsyncTaskMethodBuilder.SetResult()
:: [38] void GdUnit4.Core.Execution.Monitoring.MemoryPool+&lt;Gc&gt;d__14.MoveNext()
:: [39] void System.Threading.ExecutionContext.RunInternal(System.Threading.ExecutionContext, System.Threading.ContextCallback, object)
:: [40] void System.Runtime.CompilerServices.AsyncTaskMethodBuilder`1+AsyncStateMachineBox`1.MoveNext()
:: [41] void Godot.SignalAwaiter.SignalCallback(nint, Godot.NativeInterop.godot_variant**, int, Godot.NativeInterop.godot_bool*) (/root/godot/modules/mono/glue/GodotSharp/GodotSharp/Core/SignalAwaiter.cs:65)
:: ERROR: Condition "!int_resources.has(id)" is true. Returning: ERR_INVALID_PARAMETER
:: at: _parse_sub_resource (scene/resources/resource_format_text.cpp:113)
:: C# backtrace (most recent call first):
:: [0] Godot.GodotObject Godot.NativeCalls.godot_icall_3_761(nint, nint, string, string, int) (/root/godot/modules/mono/glue/GodotSharp/GodotSharp/Generated/NativeCalls.cs:6854)
:: [1] Godot.Resource Godot.ResourceLoader.Load(string, string, Godot.ResourceLoader+CacheMode) (/root/godot/modules/mono/glue/GodotSharp/GodotSharp/Generated/GodotObjects/ResourceLoader.cs:120)
:: [2] Godot.Node GdUnit4.Core.SceneRunner.LoadScene(string)
:: [3] GdUnit4.Core.SceneRunner..ctor(string, bool, bool)
:: [4] GdUnit4.ISceneRunner GdUnit4.ISceneRunner.Load(string, bool, bool)
:: [5] void OmegaSpiral.Tests.Integration.Ui.OmegaUiTests.Setup() (/home/adam/Dev/omega-spiral/chapter-zero/tests/integration/ui/OmegaUiTests.cs:29)
:: [6] void System.RuntimeMethodHandle.InvokeMethod(System.Runtime.CompilerServices.ObjectHandleOnStack, System.Void**, System.Runtime.CompilerServices.ObjectHandleOnStack, Interop+BOOL, System.Runtime.CompilerServices.ObjectHandleOnStack)
:: [7] void System.RuntimeMethodHandle.InvokeMethod(System.Runtime.CompilerServices.ObjectHandleOnStack, System.Void**, System.Runtime.CompilerServices.ObjectHandleOnStack, Interop+BOOL, System.Runtime.CompilerServices.ObjectHandleOnStack)
:: [8] object System.Reflection.MethodBaseInvoker.InterpretedInvoke_Method(object, System.IntPtr*)
:: [9] object System.Reflection.RuntimeMethodInfo.Invoke(object, System.Reflection.BindingFlags, System.Reflection.Binder, System.Object[], System.Globalization.CultureInfo)
:: [10] void GdUnit4.Core.Execution.ExecutionStage`1+&lt;ExecuteStage&gt;d__37.MoveNext()
:: [11] void System.Runtime.CompilerServices.AsyncTaskMethodBuilder.Start&lt;TStateMachine&gt;(TStateMachine&amp;)
:: [12] System.Threading.Tasks.Task GdUnit4.Core.Execution.ExecutionStage`1.ExecuteStage(GdUnit4.Core.Execution.ExecutionContext)
:: [13] void GdUnit4.Core.Execution.ExecutionStage`1+&lt;Execute&gt;d__30.MoveNext()
:: [14] void System.Runtime.CompilerServices.AsyncTaskMethodBuilder.Start&lt;TStateMachine&gt;(TStateMachine&amp;)
:: [15] System.Threading.Tasks.Task GdUnit4.Core.Execution.ExecutionStage`1.Execute(GdUnit4.Core.Execution.ExecutionContext)
:: [16] System.Threading.Tasks.Task GdUnit4.Core.Execution.BeforeExecutionStage.&lt;&gt;n__0(GdUnit4.Core.Execution.ExecutionContext)
:: [17] void GdUnit4.Core.Execution.BeforeExecutionStage+&lt;Execute&gt;d__1.MoveNext()
:: [18] void System.Runtime.CompilerServices.AsyncTaskMethodBuilder.Start&lt;TStateMachine&gt;(TStateMachine&amp;)
:: [19] System.Threading.Tasks.Task GdUnit4.Core.Execution.BeforeExecutionStage.Execute(GdUnit4.Core.Execution.ExecutionContext)
:: [20] void GdUnit4.Core.Execution.TestSuiteExecutionStage+&lt;Execute&gt;d__13.MoveNext()
:: [21] void System.Runtime.CompilerServices.AsyncTaskMethodBuilder.Start&lt;TStateMachine&gt;(TStateMachine&amp;)
:: [22] System.Threading.Tasks.Task GdUnit4.Core.Execution.TestSuiteExecutionStage.Execute(GdUnit4.Core.Execution.ExecutionContext)
:: [23] void GdUnit4.Core.Commands.ExecuteTestSuiteCommand+&lt;Execute&gt;d__18.MoveNext()
:: [24] void System.Runtime.CompilerServices.AsyncTaskMethodBuilder`1+AsyncStateMachineBox`1.ExecutionContextCallback(object)
:: [25] void System.Threading.ExecutionContext.RunInternal(System.Threading.ExecutionContext, System.Threading.ContextCallback, object)
:: [26] void System.Runtime.CompilerServices.AsyncTaskMethodBuilder`1+AsyncStateMachineBox`1.MoveNext(System.Threading.Thread)
:: [27] void Godot.SignalAwaiter.SignalCallback(nint, Godot.NativeInterop.godot_variant**, int, Godot.NativeInterop.godot_bool*) (/root/godot/modules/mono/glue/GodotSharp/GodotSharp/Core/SignalAwaiter.cs:65)
:: ERROR: res://source/ui/omega/omega_ui.theme.tres:20 - Parse Error: .
:: at: _printerr (scene/resources/resource_format_text.cpp:40)
:: C# backtrace (most recent call first):
:: [0] Godot.GodotObject Godot.NativeCalls.godot_icall_3_761(nint, nint, string, string, int) (/root/godot/modules/mono/glue/GodotSharp/GodotSharp/Generated/NativeCalls.cs:6854)
:: [1] Godot.Resource Godot.ResourceLoader.Load(string, string, Godot.ResourceLoader+CacheMode) (/root/godot/modules/mono/glue/GodotSharp/GodotSharp/Generated/GodotObjects/ResourceLoader.cs:120)
:: [2] Godot.Node GdUnit4.Core.SceneRunner.LoadScene(string)
:: [3] GdUnit4.Core.SceneRunner..ctor(string, bool, bool)
:: [4] GdUnit4.ISceneRunner GdUnit4.ISceneRunner.Load(string, bool, bool)
:: [5] void OmegaSpiral.Tests.Integration.Ui.OmegaUiTests.Setup() (/home/adam/Dev/omega-spiral/chapter-zero/tests/integration/ui/OmegaUiTests.cs:29)
:: [6] void System.RuntimeMethodHandle.InvokeMethod(System.Runtime.CompilerServices.ObjectHandleOnStack, System.Void**, System.Runtime.CompilerServices.ObjectHandleOnStack, Interop+BOOL, System.Runtime.CompilerServices.ObjectHandleOnStack)
:: [7] void System.RuntimeMethodHandle.InvokeMethod(System.Runtime.CompilerServices.ObjectHandleOnStack, System.Void**, System.Runtime.CompilerServices.ObjectHandleOnStack, Interop+BOOL, System.Runtime.CompilerServices.ObjectHandleOnStack)
:: [8] object System.Reflection.MethodBaseInvoker.InterpretedInvoke_Method(object, System.IntPtr*)
:: [9] object System.Reflection.RuntimeMethodInfo.Invoke(object, System.Reflection.BindingFlags, System.Reflection.Binder, System.Object[], System.Globalization.CultureInfo)
:: [10] void GdUnit4.Core.Execution.ExecutionStage`1+&lt;ExecuteStage&gt;d__37.MoveNext()
:: [11] void System.Runtime.CompilerServices.AsyncTaskMethodBuilder.Start&lt;TStateMachine&gt;(TStateMachine&amp;)
:: [12] System.Threading.Tasks.Task GdUnit4.Core.Execution.ExecutionStage`1.ExecuteStage(GdUnit4.Core.Execution.ExecutionContext)
:: [13] void GdUnit4.Core.Execution.ExecutionStage`1+&lt;Execute&gt;d__30.MoveNext()
:: [14] void System.Runtime.CompilerServices.AsyncTaskMethodBuilder.Start&lt;TStateMachine&gt;(TStateMachine&amp;)
:: [15] System.Threading.Tasks.Task GdUnit4.Core.Execution.ExecutionStage`1.Execute(GdUnit4.Core.Execution.ExecutionContext)
:: [16] System.Threading.Tasks.Task GdUnit4.Core.Execution.BeforeExecutionStage.&lt;&gt;n__0(GdUnit4.Core.Execution.ExecutionContext)
:: [17] void GdUnit4.Core.Execution.BeforeExecutionStage+&lt;Execute&gt;d__1.MoveNext()
:: [18] void System.Runtime.CompilerServices.AsyncTaskMethodBuilder.Start&lt;TStateMachine&gt;(TStateMachine&amp;)
:: [19] System.Threading.Tasks.Task GdUnit4.Core.Execution.BeforeExecutionStage.Execute(GdUnit4.Core.Execution.ExecutionContext)
:: [20] void GdUnit4.Core.Execution.TestSuiteExecutionStage+&lt;Execute&gt;d__13.MoveNext()
:: [21] void System.Runtime.CompilerServices.AsyncTaskMethodBuilder.Start&lt;TStateMachine&gt;(TStateMachine&amp;)
:: [22] System.Threading.Tasks.Task GdUnit4.Core.Execution.TestSuiteExecutionStage.Execute(GdUnit4.Core.Execution.ExecutionContext)
:: [23] void GdUnit4.Core.Commands.ExecuteTestSuiteCommand+&lt;Execute&gt;d__18.MoveNext()
:: [24] void System.Runtime.CompilerServices.AsyncTaskMethodBuilder`1+AsyncStateMachineBox`1.ExecutionContextCallback(object)
:: [25] void System.Threading.ExecutionContext.RunInternal(System.Threading.ExecutionContext, System.Threading.ContextCallback, object)
:: [26] void System.Runtime.CompilerServices.AsyncTaskMethodBuilder`1+AsyncStateMachineBox`1.MoveNext(System.Threading.Thread)
:: [27] void Godot.SignalAwaiter.SignalCallback(nint, Godot.NativeInterop.godot_variant**, int, Godot.NativeInterop.godot_bool*) (/root/godot/modules/mono/glue/GodotSharp/GodotSharp/Core/SignalAwaiter.cs:65)
:: ERROR: Failed loading resource: res://source/ui/omega/omega_ui.theme.tres.
:: at: _load (core/io/resource_loader.cpp:343)
:: C# backtrace (most recent call first):
:: [0] Godot.GodotObject Godot.NativeCalls.godot_icall_3_761(nint, nint, string, string, int) (/root/godot/modules/mono/glue/GodotSharp/GodotSharp/Generated/NativeCalls.cs:6854)
:: [1] Godot.Resource Godot.ResourceLoader.Load(string, string, Godot.ResourceLoader+CacheMode) (/root/godot/modules/mono/glue/GodotSharp/GodotSharp/Generated/GodotObjects/ResourceLoader.cs:120)
:: [2] Godot.Node GdUnit4.Core.SceneRunner.LoadScene(string)
:: [3] GdUnit4.Core.SceneRunner..ctor(string, bool, bool)
:: [4] GdUnit4.ISceneRunner GdUnit4.ISceneRunner.Load(string, bool, bool)
:: [5] void OmegaSpiral.Tests.Integration.Ui.OmegaUiTests.Setup() (/home/adam/Dev/omega-spiral/chapter-zero/tests/integration/ui/OmegaUiTests.cs:29)
:: [6] void System.RuntimeMethodHandle.InvokeMethod(System.Runtime.CompilerServices.ObjectHandleOnStack, System.Void**, System.Runtime.CompilerServices.ObjectHandleOnStack, Interop+BOOL, System.Runtime.CompilerServices.ObjectHandleOnStack)
:: [7] void System.RuntimeMethodHandle.InvokeMethod(System.Runtime.CompilerServices.ObjectHandleOnStack, System.Void**, System.Runtime.CompilerServices.ObjectHandleOnStack, Interop+BOOL, System.Runtime.CompilerServices.ObjectHandleOnStack)
:: [8] object System.Reflection.MethodBaseInvoker.InterpretedInvoke_Method(object, System.IntPtr*)
:: [9] object System.Reflection.RuntimeMethodInfo.Invoke(object, System.Reflection.BindingFlags, System.Reflection.Binder, System.Object[], System.Globalization.CultureInfo)
:: [10] void GdUnit4.Core.Execution.ExecutionStage`1+&lt;ExecuteStage&gt;d__37.MoveNext()
:: [11] void System.Runtime.CompilerServices.AsyncTaskMethodBuilder.Start&lt;TStateMachine&gt;(TStateMachine&amp;)
:: [12] System.Threading.Tasks.Task GdUnit4.Core.Execution.ExecutionStage`1.ExecuteStage(GdUnit4.Core.Execution.ExecutionContext)
:: [13] void GdUnit4.Core.Execution.ExecutionStage`1+&lt;Execute&gt;d__30.MoveNext()
:: [14] void System.Runtime.CompilerServices.AsyncTaskMethodBuilder.Start&lt;TStateMachine&gt;(TStateMachine&amp;)
:: [15] System.Threading.Tasks.Task GdUnit4.Core.Execution.ExecutionStage`1.Execute(GdUnit4.Core.Execution.ExecutionContext)
:: [16] System.Threading.Tasks.Task GdUnit4.Core.Execution.BeforeExecutionStage.&lt;&gt;n__0(GdUnit4.Core.Execution.ExecutionContext)
:: [17] void GdUnit4.Core.Execution.BeforeExecutionStage+&lt;Execute&gt;d__1.MoveNext()
:: [18] void System.Runtime.CompilerServices.AsyncTaskMethodBuilder.Start&lt;TStateMachine&gt;(TStateMachine&amp;)
:: [19] System.Threading.Tasks.Task GdUnit4.Core.Execution.BeforeExecutionStage.Execute(GdUnit4.Core.Execution.ExecutionContext)
:: [20] void GdUnit4.Core.Execution.TestSuiteExecutionStage+&lt;Execute&gt;d__13.MoveNext()
:: [21] void System.Runtime.CompilerServices.AsyncTaskMethodBuilder.Start&lt;TStateMachine&gt;(TStateMachine&amp;)
:: [22] System.Threading.Tasks.Task GdUnit4.Core.Execution.TestSuiteExecutionStage.Execute(GdUnit4.Core.Execution.ExecutionContext)
:: [23] void GdUnit4.Core.Commands.ExecuteTestSuiteCommand+&lt;Execute&gt;d__18.MoveNext()
:: [24] void System.Runtime.CompilerServices.AsyncTaskMethodBuilder`1+AsyncStateMachineBox`1.ExecutionContextCallback(object)
:: [25] void System.Threading.ExecutionContext.RunInternal(System.Threading.ExecutionContext, System.Threading.ContextCallback, object)
:: [26] void System.Runtime.CompilerServices.AsyncTaskMethodBuilder`1+AsyncStateMachineBox`1.MoveNext(System.Threading.Thread)
:: [27] void Godot.SignalAwaiter.SignalCallback(nint, Godot.NativeInterop.godot_variant**, int, Godot.NativeInterop.godot_bool*) (/root/godot/modules/mono/glue/GodotSharp/GodotSharp/Core/SignalAwaiter.cs:65)
:: ERROR: res://source/ui/omega/omega_ui.tscn:17 - Parse Error: [ext_resource] referenced non-existent resource at: res://source/ui/omega/omega_ui.theme.tres.
:: at: _printerr (scene/resources/resource_format_text.cpp:40)
:: C# backtrace (most recent call first):
:: [0] Godot.GodotObject Godot.NativeCalls.godot_icall_3_761(nint, nint, string, string, int) (/root/godot/modules/mono/glue/GodotSharp/GodotSharp/Generated/NativeCalls.cs:6854)
:: [1] Godot.Resource Godot.ResourceLoader.Load(string, string, Godot.ResourceLoader+CacheMode) (/root/godot/modules/mono/glue/GodotSharp/GodotSharp/Generated/GodotObjects/ResourceLoader.cs:120)
:: [2] Godot.Node GdUnit4.Core.SceneRunner.LoadScene(string)
:: [3] GdUnit4.Core.SceneRunner..ctor(string, bool, bool)
:: [4] GdUnit4.ISceneRunner GdUnit4.ISceneRunner.Load(string, bool, bool)
:: [5] void OmegaSpiral.Tests.Integration.Ui.OmegaUiTests.Setup() (/home/adam/Dev/omega-spiral/chapter-zero/tests/integration/ui/OmegaUiTests.cs:29)
:: [6] void System.RuntimeMethodHandle.InvokeMethod(System.Runtime.CompilerServices.ObjectHandleOnStack, System.Void**, System.Runtime.CompilerServices.ObjectHandleOnStack, Interop+BOOL, System.Runtime.CompilerServices.ObjectHandleOnStack)
:: [7] void System.RuntimeMethodHandle.InvokeMethod(System.Runtime.CompilerServices.ObjectHandleOnStack, System.Void**, System.Runtime.CompilerServices.ObjectHandleOnStack, Interop+BOOL, System.Runtime.CompilerServices.ObjectHandleOnStack)
:: [8] object System.Reflection.MethodBaseInvoker.InterpretedInvoke_Method(object, System.IntPtr*)
:: [9] object System.Reflection.RuntimeMethodInfo.Invoke(object, System.Reflection.BindingFlags, System.Reflection.Binder, System.Object[], System.Globalization.CultureInfo)
:: [10] void GdUnit4.Core.Execution.ExecutionStage`1+&lt;ExecuteStage&gt;d__37.MoveNext()
:: [11] void System.Runtime.CompilerServices.AsyncTaskMethodBuilder.Start&lt;TStateMachine&gt;(TStateMachine&amp;)
:: [12] System.Threading.Tasks.Task GdUnit4.Core.Execution.ExecutionStage`1.ExecuteStage(GdUnit4.Core.Execution.ExecutionContext)
:: [13] void GdUnit4.Core.Execution.ExecutionStage`1+&lt;Execute&gt;d__30.MoveNext()
:: [14] void System.Runtime.CompilerServices.AsyncTaskMethodBuilder.Start&lt;TStateMachine&gt;(TStateMachine&amp;)
:: [15] System.Threading.Tasks.Task GdUnit4.Core.Execution.ExecutionStage`1.Execute(GdUnit4.Core.Execution.ExecutionContext)
:: [16] System.Threading.Tasks.Task GdUnit4.Core.Execution.BeforeExecutionStage.&lt;&gt;n__0(GdUnit4.Core.Execution.ExecutionContext)
:: [17] void GdUnit4.Core.Execution.BeforeExecutionStage+&lt;Execute&gt;d__1.MoveNext()
:: [18] void System.Runtime.CompilerServices.AsyncTaskMethodBuilder.Start&lt;TStateMachine&gt;(TStateMachine&amp;)
:: [19] System.Threading.Tasks.Task GdUnit4.Core.Execution.BeforeExecutionStage.Execute(GdUnit4.Core.Execution.ExecutionContext)
:: [20] void GdUnit4.Core.Execution.TestSuiteExecutionStage+&lt;Execute&gt;d__13.MoveNext()
:: [21] void System.Runtime.CompilerServices.AsyncTaskMethodBuilder.Start&lt;TStateMachine&gt;(TStateMachine&amp;)
:: [22] System.Threading.Tasks.Task GdUnit4.Core.Execution.TestSuiteExecutionStage.Execute(GdUnit4.Core.Execution.ExecutionContext)
:: [23] void GdUnit4.Core.Commands.ExecuteTestSuiteCommand+&lt;Execute&gt;d__18.MoveNext()
:: [24] void System.Runtime.CompilerServices.AsyncTaskMethodBuilder`1+AsyncStateMachineBox`1.ExecutionContextCallback(object)
:: [25] void System.Threading.ExecutionContext.RunInternal(System.Threading.ExecutionContext, System.Threading.ContextCallback, object)
:: [26] void System.Runtime.CompilerServices.AsyncTaskMethodBuilder`1+AsyncStateMachineBox`1.MoveNext(System.Threading.Thread)
:: [27] void Godot.SignalAwaiter.SignalCallback(nint, Godot.NativeInterop.godot_variant**, int, Godot.NativeInterop.godot_bool*) (/root/godot/modules/mono/glue/GodotSharp/GodotSharp/Core/SignalAwaiter.cs:65)
:: ERROR: Parameter "data.tree" is null.
:: at: get_tree (scene/main/node.h:546)
:: C# backtrace (most recent call first):
:: [0] Godot.GodotObject Godot.NativeCalls.godot_icall_0_41(nint, nint) (/root/godot/modules/mono/glue/GodotSharp/GodotSharp/Generated/NativeCalls.cs:375)
:: [1] Godot.SceneTree Godot.Node.GetTree() (/root/godot/modules/mono/glue/GodotSharp/GodotSharp/Generated/GodotObjects/Node.cs:1840)
:: [2] void OmegaSpiral.Source.Ui.Menus.PauseMenu.HidePauseMenu() (/home/adam/Dev/omega-spiral/chapter-zero/source/ui/menus/PauseMenu.cs:93)
:: [3] void OmegaSpiral.Tests.Integration.Ui.PauseMenuTests.PauseMenu_CanShowAndHide() (/home/adam/Dev/omega-spiral/chapter-zero/tests/integration/ui/PauseMenuTests.cs:98)
:: [4] void System.RuntimeMethodHandle.InvokeMethod(System.Runtime.CompilerServices.ObjectHandleOnStack, System.Void**, System.Runtime.CompilerServices.ObjectHandleOnStack, Interop+BOOL, System.Runtime.CompilerServices.ObjectHandleOnStack)
:: [5] void System.RuntimeMethodHandle.InvokeMethod(System.Runtime.CompilerServices.ObjectHandleOnStack, System.Void**, System.Runtime.CompilerServices.ObjectHandleOnStack, Interop+BOOL, System.Runtime.CompilerServices.ObjectHandleOnStack)
:: [6] object System.Reflection.MethodBaseInvoker.InterpretedInvoke_Method(object, System.IntPtr*)
:: [7] object System.Reflection.RuntimeMethodInfo.Invoke(object, System.Reflection.BindingFlags, System.Reflection.Binder, System.Object[], System.Globalization.CultureInfo)
:: [8] void GdUnit4.Core.Execution.ExecutionStage`1+&lt;ExecuteStage&gt;d__37.MoveNext()
:: [9] void System.Runtime.CompilerServices.AsyncTaskMethodBuilder.Start&lt;TStateMachine&gt;(TStateMachine&amp;)
:: [10] System.Threading.Tasks.Task GdUnit4.Core.Execution.ExecutionStage`1.ExecuteStage(GdUnit4.Core.Execution.ExecutionContext)
:: [11] void GdUnit4.Core.Execution.ExecutionStage`1+&lt;Execute&gt;d__30.MoveNext()
:: [12] void System.Runtime.CompilerServices.AsyncTaskMethodBuilder.Start&lt;TStateMachine&gt;(TStateMachine&amp;)
:: [13] System.Threading.Tasks.Task GdUnit4.Core.Execution.ExecutionStage`1.Execute(GdUnit4.Core.Execution.ExecutionContext)
:: [14] System.Threading.Tasks.Task GdUnit4.Core.Execution.TestCaseExecutionStage.&lt;&gt;n__0(GdUnit4.Core.Execution.ExecutionContext)
:: [15] void GdUnit4.Core.Execution.TestCaseExecutionStage+&lt;Execute&gt;d__1.MoveNext()
:: [16] void System.Runtime.CompilerServices.AsyncTaskMethodBuilder.Start&lt;TStateMachine&gt;(TStateMachine&amp;)
:: [17] System.Threading.Tasks.Task GdUnit4.Core.Execution.TestCaseExecutionStage.Execute(GdUnit4.Core.Execution.ExecutionContext)
:: [18] void GdUnit4.Core.Execution.TestSuiteExecutionStage+&lt;RunTestCase&gt;d__15.MoveNext()
:: [19] void System.Threading.ExecutionContext.RunInternal(System.Threading.ExecutionContext, System.Threading.ContextCallback, object)
:: [20] void System.Runtime.CompilerServices.AsyncTaskMethodBuilder`1+AsyncStateMachineBox`1.MoveNext(System.Threading.Thread)
:: [21] void System.Threading.Tasks.AwaitTaskContinuation.RunCallback(System.Threading.ContextCallback, object, System.Threading.Tasks.Task&amp;)
:: [22] void System.Threading.Tasks.Task.RunContinuations(object)
:: [23] void System.Runtime.CompilerServices.AsyncTaskMethodBuilder.SetResult()
:: [24] void GdUnit4.Core.Execution.BeforeTestExecutionStage+&lt;Execute&gt;d__1.MoveNext()
:: [25] void System.Threading.ExecutionContext.RunInternal(System.Threading.ExecutionContext, System.Threading.ContextCallback, object)
:: [26] void System.Runtime.CompilerServices.AsyncTaskMethodBuilder`1+AsyncStateMachineBox`1.MoveNext(System.Threading.Thread)
:: [27] void System.Threading.Tasks.AwaitTaskContinuation.RunCallback(System.Threading.ContextCallback, object, System.Threading.Tasks.Task&amp;)
:: [28] void System.Threading.Tasks.Task.RunContinuations(object)
:: [29] void System.Runtime.CompilerServices.AsyncTaskMethodBuilder.SetResult()
:: [30] void GdUnit4.Core.Execution.ExecutionStage`1+&lt;Execute&gt;d__30.MoveNext()
:: [31] void System.Threading.ExecutionContext.RunInternal(System.Threading.ExecutionContext, System.Threading.ContextCallback, object)
:: [32] void System.Runtime.CompilerServices.AsyncTaskMethodBuilder`1+AsyncStateMachineBox`1.MoveNext(System.Threading.Thread)
:: [33] void Godot.GodotSynchronizationContext.ExecutePendingContinuations() (/root/godot/modules/mono/glue/GodotSharp/GodotSharp/Core/GodotSynchronizationContext.cs:51)
:: [34] void Godot.GodotTaskScheduler.Activate() (/root/godot/modules/mono/glue/GodotSharp/GodotSharp/Core/GodotTaskScheduler.cs:76)
:: [35] void Godot.Bridge.ScriptManagerBridge.FrameCallback() (/root/godot/modules/mono/glue/GodotSharp/GodotSharp/Core/Bridge/ScriptManagerBridge.cs:84)
:: ERROR: Cannot open file 'res://source/ui/terminal/TerminalUi.cs'.
:: at: read_all_file_utf8 (modules/mono/utils/string_utils.cpp:152)
:: C# backtrace (most recent call first):
:: [0] void Godot.Bridge.ScriptManagerBridge.GetOrLoadOrCreateScriptForType(System.Type, Godot.NativeInterop.godot_ref*) (/root/godot/modules/mono/glue/GodotSharp/GodotSharp/Core/Bridge/ScriptManagerBridge.cs:583)
:: [1] void Godot.NativeInterop.InteropUtils.TieManagedToUnmanaged(Godot.GodotObject, nint, Godot.StringName, bool, System.Type, System.Type) (/root/godot/modules/mono/glue/GodotSharp/GodotSharp/Core/NativeInterop/InteropUtils.cs:70)
:: [2] void Godot.GodotObject.ConstructAndInitialize(System.IntPtr(Godot.NativeInterop.godot_bool), Godot.StringName, System.Type, bool) (/root/godot/modules/mono/glue/GodotSharp/GodotSharp/Core/GodotObject.base.cs:61)
:: [3] Godot.Control..ctor() (/root/godot/modules/mono/glue/GodotSharp/GodotSharp/Generated/GodotObjects/Control.cs:1249)
:: [4] OmegaSpiral.Source.Ui.Omega.OmegaUi..ctor() (/home/adam/Dev/omega-spiral/chapter-zero/source/ui/omega/OmegaUi.cs:131)
:: [5] OmegaSpiral.Source.Ui.Terminal.TerminalUi..ctor() (/home/adam/Dev/omega-spiral/chapter-zero/source/ui/terminal/TerminalUi.cs:32)
:: [6] void OmegaSpiral.Tests.Integration.Ui.TerminalUITests.Setup() (/home/adam/Dev/omega-spiral/chapter-zero/tests/integration/ui/TerminalUiTests.cs:26)
:: [7] void System.RuntimeMethodHandle.InvokeMethod(System.Runtime.CompilerServices.ObjectHandleOnStack, System.Void**, System.Runtime.CompilerServices.ObjectHandleOnStack, Interop+BOOL, System.Runtime.CompilerServices.ObjectHandleOnStack)
:: [8] void System.RuntimeMethodHandle.InvokeMethod(System.Runtime.CompilerServices.ObjectHandleOnStack, System.Void**, System.Runtime.CompilerServices.ObjectHandleOnStack, Interop+BOOL, System.Runtime.CompilerServices.ObjectHandleOnStack)
:: [9] object System.Reflection.MethodBaseInvoker.InterpretedInvoke_Method(object, System.IntPtr*)
:: [10] object System.Reflection.RuntimeMethodInfo.Invoke(object, System.Reflection.BindingFlags, System.Reflection.Binder, System.Object[], System.Globalization.CultureInfo)
:: [11] void GdUnit4.Core.Execution.ExecutionStage`1+&lt;ExecuteStage&gt;d__37.MoveNext()
:: [12] void System.Runtime.CompilerServices.AsyncTaskMethodBuilder.Start&lt;TStateMachine&gt;(TStateMachine&amp;)
:: [13] System.Threading.Tasks.Task GdUnit4.Core.Execution.ExecutionStage`1.ExecuteStage(GdUnit4.Core.Execution.ExecutionContext)
:: [14] void GdUnit4.Core.Execution.ExecutionStage`1+&lt;Execute&gt;d__30.MoveNext()
:: [15] void System.Runtime.CompilerServices.AsyncTaskMethodBuilder.Start&lt;TStateMachine&gt;(TStateMachine&amp;)
:: [16] System.Threading.Tasks.Task GdUnit4.Core.Execution.ExecutionStage`1.Execute(GdUnit4.Core.Execution.ExecutionContext)
:: [17] System.Threading.Tasks.Task GdUnit4.Core.Execution.BeforeExecutionStage.&lt;&gt;n__0(GdUnit4.Core.Execution.ExecutionContext)
:: [18] void GdUnit4.Core.Execution.BeforeExecutionStage+&lt;Execute&gt;d__1.MoveNext()
:: [19] void System.Runtime.CompilerServices.AsyncTaskMethodBuilder.Start&lt;TStateMachine&gt;(TStateMachine&amp;)
:: [20] System.Threading.Tasks.Task GdUnit4.Core.Execution.BeforeExecutionStage.Execute(GdUnit4.Core.Execution.ExecutionContext)
:: [21] void GdUnit4.Core.Execution.TestSuiteExecutionStage+&lt;Execute&gt;d__13.MoveNext()
:: [22] void System.Runtime.CompilerServices.AsyncTaskMethodBuilder.Start&lt;TStateMachine&gt;(TStateMachine&amp;)
:: [23] System.Threading.Tasks.Task GdUnit4.Core.Execution.TestSuiteExecutionStage.Execute(GdUnit4.Core.Execution.ExecutionContext)
:: [24] void GdUnit4.Core.Commands.ExecuteTestSuiteCommand+&lt;Execute&gt;d__18.MoveNext()
:: [25] void System.Runtime.CompilerServices.AsyncTaskMethodBuilder`1+AsyncStateMachineBox`1.ExecutionContextCallback(object)
:: [26] void System.Threading.ExecutionContext.RunInternal(System.Threading.ExecutionContext, System.Threading.ContextCallback, object)
:: [27] void System.Runtime.CompilerServices.AsyncTaskMethodBuilder`1+AsyncStateMachineBox`1.MoveNext(System.Threading.Thread)
:: [28] void Godot.SignalAwaiter.SignalCallback(nint, Godot.NativeInterop.godot_variant**, int, Godot.NativeInterop.godot_bool*) (/root/godot/modules/mono/glue/GodotSharp/GodotSharp/Core/SignalAwaiter.cs:65)
:: ERROR: Failed to read file: 'res://source/ui/terminal/TerminalUi.cs'.
:: at: load_source_code (modules/mono/csharp_script.cpp:2772)
:: C# backtrace (most recent call first):
:: [0] void Godot.Bridge.ScriptManagerBridge.GetOrLoadOrCreateScriptForType(System.Type, Godot.NativeInterop.godot_ref*) (/root/godot/modules/mono/glue/GodotSharp/GodotSharp/Core/Bridge/ScriptManagerBridge.cs:583)
:: [1] void Godot.NativeInterop.InteropUtils.TieManagedToUnmanaged(Godot.GodotObject, nint, Godot.StringName, bool, System.Type, System.Type) (/root/godot/modules/mono/glue/GodotSharp/GodotSharp/Core/NativeInterop/InteropUtils.cs:70)
:: [2] void Godot.GodotObject.ConstructAndInitialize(System.IntPtr(Godot.NativeInterop.godot_bool), Godot.StringName, System.Type, bool) (/root/godot/modules/mono/glue/GodotSharp/GodotSharp/Core/GodotObject.base.cs:61)
:: [3] Godot.Control..ctor() (/root/godot/modules/mono/glue/GodotSharp/GodotSharp/Generated/GodotObjects/Control.cs:1249)
:: [4] OmegaSpiral.Source.Ui.Omega.OmegaUi..ctor() (/home/adam/Dev/omega-spiral/chapter-zero/source/ui/omega/OmegaUi.cs:131)
:: [5] OmegaSpiral.Source.Ui.Terminal.TerminalUi..ctor() (/home/adam/Dev/omega-spiral/chapter-zero/source/ui/terminal/TerminalUi.cs:32)
:: [6] void OmegaSpiral.Tests.Integration.Ui.TerminalUITests.Setup() (/home/adam/Dev/omega-spiral/chapter-zero/tests/integration/ui/TerminalUiTests.cs:26)
:: [7] void System.RuntimeMethodHandle.InvokeMethod(System.Runtime.CompilerServices.ObjectHandleOnStack, System.Void**, System.Runtime.CompilerServices.ObjectHandleOnStack, Interop+BOOL, System.Runtime.CompilerServices.ObjectHandleOnStack)
:: [8] void System.RuntimeMethodHandle.InvokeMethod(System.Runtime.CompilerServices.ObjectHandleOnStack, System.Void**, System.Runtime.CompilerServices.ObjectHandleOnStack, Interop+BOOL, System.Runtime.CompilerServices.ObjectHandleOnStack)
:: [9] object System.Reflection.MethodBaseInvoker.InterpretedInvoke_Method(object, System.IntPtr*)
:: [10] object System.Reflection.RuntimeMethodInfo.Invoke(object, System.Reflection.BindingFlags, System.Reflection.Binder, System.Object[], System.Globalization.CultureInfo)
:: [11] void GdUnit4.Core.Execution.ExecutionStage`1+&lt;ExecuteStage&gt;d__37.MoveNext()
:: [12] void System.Runtime.CompilerServices.AsyncTaskMethodBuilder.Start&lt;TStateMachine&gt;(TStateMachine&amp;)
:: [13] System.Threading.Tasks.Task GdUnit4.Core.Execution.ExecutionStage`1.ExecuteStage(GdUnit4.Core.Execution.ExecutionContext)
:: [14] void GdUnit4.Core.Execution.ExecutionStage`1+&lt;Execute&gt;d__30.MoveNext()
:: [15] void System.Runtime.CompilerServices.AsyncTaskMethodBuilder.Start&lt;TStateMachine&gt;(TStateMachine&amp;)
:: [16] System.Threading.Tasks.Task GdUnit4.Core.Execution.ExecutionStage`1.Execute(GdUnit4.Core.Execution.ExecutionContext)
:: [17] System.Threading.Tasks.Task GdUnit4.Core.Execution.BeforeExecutionStage.&lt;&gt;n__0(GdUnit4.Core.Execution.ExecutionContext)
:: [18] void GdUnit4.Core.Execution.BeforeExecutionStage+&lt;Execute&gt;d__1.MoveNext()
:: [19] void System.Runtime.CompilerServices.AsyncTaskMethodBuilder.Start&lt;TStateMachine&gt;(TStateMachine&amp;)
:: [20] System.Threading.Tasks.Task GdUnit4.Core.Execution.BeforeExecutionStage.Execute(GdUnit4.Core.Execution.ExecutionContext)
:: [21] void GdUnit4.Core.Execution.TestSuiteExecutionStage+&lt;Execute&gt;d__13.MoveNext()
:: [22] void System.Runtime.CompilerServices.AsyncTaskMethodBuilder.Start&lt;TStateMachine&gt;(TStateMachine&amp;)
:: [23] System.Threading.Tasks.Task GdUnit4.Core.Execution.TestSuiteExecutionStage.Execute(GdUnit4.Core.Execution.ExecutionContext)
:: [24] void GdUnit4.Core.Commands.ExecuteTestSuiteCommand+&lt;Execute&gt;d__18.MoveNext()
:: [25] void System.Runtime.CompilerServices.AsyncTaskMethodBuilder`1+AsyncStateMachineBox`1.ExecutionContextCallback(object)
:: [26] void System.Threading.ExecutionContext.RunInternal(System.Threading.ExecutionContext, System.Threading.ContextCallback, object)
:: [27] void System.Runtime.CompilerServices.AsyncTaskMethodBuilder`1+AsyncStateMachineBox`1.MoveNext(System.Threading.Thread)
:: [28] void Godot.SignalAwaiter.SignalCallback(nint, Godot.NativeInterop.godot_variant**, int, Godot.NativeInterop.godot_bool*) (/root/godot/modules/mono/glue/GodotSharp/GodotSharp/Core/SignalAwaiter.cs:65)
:: ERROR: Cannot load C# script file 'res://source/ui/terminal/TerminalUi.cs'.
:: at: load (modules/mono/csharp_script.cpp:2852)
:: C# backtrace (most recent call first):
:: [0] void Godot.Bridge.ScriptManagerBridge.GetOrLoadOrCreateScriptForType(System.Type, Godot.NativeInterop.godot_ref*) (/root/godot/modules/mono/glue/GodotSharp/GodotSharp/Core/Bridge/ScriptManagerBridge.cs:583)
:: [1] void Godot.NativeInterop.InteropUtils.TieManagedToUnmanaged(Godot.GodotObject, nint, Godot.StringName, bool, System.Type, System.Type) (/root/godot/modules/mono/glue/GodotSharp/GodotSharp/Core/NativeInterop/InteropUtils.cs:70)
:: [2] void Godot.GodotObject.ConstructAndInitialize(System.IntPtr(Godot.NativeInterop.godot_bool), Godot.StringName, System.Type, bool) (/root/godot/modules/mono/glue/GodotSharp/GodotSharp/Core/GodotObject.base.cs:61)
:: [3] Godot.Control..ctor() (/root/godot/modules/mono/glue/GodotSharp/GodotSharp/Generated/GodotObjects/Control.cs:1249)
:: [4] OmegaSpiral.Source.Ui.Omega.OmegaUi..ctor() (/home/adam/Dev/omega-spiral/chapter-zero/source/ui/omega/OmegaUi.cs:131)
:: [5] OmegaSpiral.Source.Ui.Terminal.TerminalUi..ctor() (/home/adam/Dev/omega-spiral/chapter-zero/source/ui/terminal/TerminalUi.cs:32)
:: [6] void OmegaSpiral.Tests.Integration.Ui.TerminalUITests.Setup() (/home/adam/Dev/omega-spiral/chapter-zero/tests/integration/ui/TerminalUiTests.cs:26)
:: [7] void System.RuntimeMethodHandle.InvokeMethod(System.Runtime.CompilerServices.ObjectHandleOnStack, System.Void**, System.Runtime.CompilerServices.ObjectHandleOnStack, Interop+BOOL, System.Runtime.CompilerServices.ObjectHandleOnStack)
:: [8] void System.RuntimeMethodHandle.InvokeMethod(System.Runtime.CompilerServices.ObjectHandleOnStack, System.Void**, System.Runtime.CompilerServices.ObjectHandleOnStack, Interop+BOOL, System.Runtime.CompilerServices.ObjectHandleOnStack)
:: [9] object System.Reflection.MethodBaseInvoker.InterpretedInvoke_Method(object, System.IntPtr*)
:: [10] object System.Reflection.RuntimeMethodInfo.Invoke(object, System.Reflection.BindingFlags, System.Reflection.Binder, System.Object[], System.Globalization.CultureInfo)
:: [11] void GdUnit4.Core.Execution.ExecutionStage`1+&lt;ExecuteStage&gt;d__37.MoveNext()
:: [12] void System.Runtime.CompilerServices.AsyncTaskMethodBuilder.Start&lt;TStateMachine&gt;(TStateMachine&amp;)
:: [13] System.Threading.Tasks.Task GdUnit4.Core.Execution.ExecutionStage`1.ExecuteStage(GdUnit4.Core.Execution.ExecutionContext)
:: [14] void GdUnit4.Core.Execution.ExecutionStage`1+&lt;Execute&gt;d__30.MoveNext()
:: [15] void System.Runtime.CompilerServices.AsyncTaskMethodBuilder.Start&lt;TStateMachine&gt;(TStateMachine&amp;)
:: [16] System.Threading.Tasks.Task GdUnit4.Core.Execution.ExecutionStage`1.Execute(GdUnit4.Core.Execution.ExecutionContext)
:: [17] System.Threading.Tasks.Task GdUnit4.Core.Execution.BeforeExecutionStage.&lt;&gt;n__0(GdUnit4.Core.Execution.ExecutionContext)
:: [18] void GdUnit4.Core.Execution.BeforeExecutionStage+&lt;Execute&gt;d__1.MoveNext()
:: [19] void System.Runtime.CompilerServices.AsyncTaskMethodBuilder.Start&lt;TStateMachine&gt;(TStateMachine&amp;)
:: [20] System.Threading.Tasks.Task GdUnit4.Core.Execution.BeforeExecutionStage.Execute(GdUnit4.Core.Execution.ExecutionContext)
:: [21] void GdUnit4.Core.Execution.TestSuiteExecutionStage+&lt;Execute&gt;d__13.MoveNext()
:: [22] void System.Runtime.CompilerServices.AsyncTaskMethodBuilder.Start&lt;TStateMachine&gt;(TStateMachine&amp;)
:: [23] System.Threading.Tasks.Task GdUnit4.Core.Execution.TestSuiteExecutionStage.Execute(GdUnit4.Core.Execution.ExecutionContext)
:: [24] void GdUnit4.Core.Commands.ExecuteTestSuiteCommand+&lt;Execute&gt;d__18.MoveNext()
:: [25] void System.Runtime.CompilerServices.AsyncTaskMethodBuilder`1+AsyncStateMachineBox`1.ExecutionContextCallback(object)
:: [26] void System.Threading.ExecutionContext.RunInternal(System.Threading.ExecutionContext, System.Threading.ContextCallback, object)
:: [27] void System.Runtime.CompilerServices.AsyncTaskMethodBuilder`1+AsyncStateMachineBox`1.MoveNext(System.Threading.Thread)
:: [28] void Godot.SignalAwaiter.SignalCallback(nint, Godot.NativeInterop.godot_variant**, int, Godot.NativeInterop.godot_bool*) (/root/godot/modules/mono/glue/GodotSharp/GodotSharp/Core/SignalAwaiter.cs:65)
:: ERROR: Failed loading resource: res://source/ui/terminal/TerminalUi.cs.
:: at: _load (core/io/resource_loader.cpp:343)
:: C# backtrace (most recent call first):
:: [0] void Godot.Bridge.ScriptManagerBridge.GetOrLoadOrCreateScriptForType(System.Type, Godot.NativeInterop.godot_ref*) (/root/godot/modules/mono/glue/GodotSharp/GodotSharp/Core/Bridge/ScriptManagerBridge.cs:583)
:: [1] void Godot.NativeInterop.InteropUtils.TieManagedToUnmanaged(Godot.GodotObject, nint, Godot.StringName, bool, System.Type, System.Type) (/root/godot/modules/mono/glue/GodotSharp/GodotSharp/Core/NativeInterop/InteropUtils.cs:70)
:: [2] void Godot.GodotObject.ConstructAndInitialize(System.IntPtr(Godot.NativeInterop.godot_bool), Godot.StringName, System.Type, bool) (/root/godot/modules/mono/glue/GodotSharp/GodotSharp/Core/GodotObject.base.cs:61)
:: [3] Godot.Control..ctor() (/root/godot/modules/mono/glue/GodotSharp/GodotSharp/Generated/GodotObjects/Control.cs:1249)
:: [4] OmegaSpiral.Source.Ui.Omega.OmegaUi..ctor() (/home/adam/Dev/omega-spiral/chapter-zero/source/ui/omega/OmegaUi.cs:131)
:: [5] OmegaSpiral.Source.Ui.Terminal.TerminalUi..ctor() (/home/adam/Dev/omega-spiral/chapter-zero/source/ui/terminal/TerminalUi.cs:32)
:: [6] void OmegaSpiral.Tests.Integration.Ui.TerminalUITests.Setup() (/home/adam/Dev/omega-spiral/chapter-zero/tests/integration/ui/TerminalUiTests.cs:26)
:: [7] void System.RuntimeMethodHandle.InvokeMethod(System.Runtime.CompilerServices.ObjectHandleOnStack, System.Void**, System.Runtime.CompilerServices.ObjectHandleOnStack, Interop+BOOL, System.Runtime.CompilerServices.ObjectHandleOnStack)
:: [8] void System.RuntimeMethodHandle.InvokeMethod(System.Runtime.CompilerServices.ObjectHandleOnStack, System.Void**, System.Runtime.CompilerServices.ObjectHandleOnStack, Interop+BOOL, System.Runtime.CompilerServices.ObjectHandleOnStack)
:: [9] object System.Reflection.MethodBaseInvoker.InterpretedInvoke_Method(object, System.IntPtr*)
:: [10] object System.Reflection.RuntimeMethodInfo.Invoke(object, System.Reflection.BindingFlags, System.Reflection.Binder, System.Object[], System.Globalization.CultureInfo)
:: [11] void GdUnit4.Core.Execution.ExecutionStage`1+&lt;ExecuteStage&gt;d__37.MoveNext()
:: [12] void System.Runtime.CompilerServices.AsyncTaskMethodBuilder.Start&lt;TStateMachine&gt;(TStateMachine&amp;)
:: [13] System.Threading.Tasks.Task GdUnit4.Core.Execution.ExecutionStage`1.ExecuteStage(GdUnit4.Core.Execution.ExecutionContext)
:: [14] void GdUnit4.Core.Execution.ExecutionStage`1+&lt;Execute&gt;d__30.MoveNext()
:: [15] void System.Runtime.CompilerServices.AsyncTaskMethodBuilder.Start&lt;TStateMachine&gt;(TStateMachine&amp;)
:: [16] System.Threading.Tasks.Task GdUnit4.Core.Execution.ExecutionStage`1.Execute(GdUnit4.Core.Execution.ExecutionContext)
:: [17] System.Threading.Tasks.Task GdUnit4.Core.Execution.BeforeExecutionStage.&lt;&gt;n__0(GdUnit4.Core.Execution.ExecutionContext)
:: [18] void GdUnit4.Core.Execution.BeforeExecutionStage+&lt;Execute&gt;d__1.MoveNext()
:: [19] void System.Runtime.CompilerServices.AsyncTaskMethodBuilder.Start&lt;TStateMachine&gt;(TStateMachine&amp;)
:: [20] System.Threading.Tasks.Task GdUnit4.Core.Execution.BeforeExecutionStage.Execute(GdUnit4.Core.Execution.ExecutionContext)
:: [21] void GdUnit4.Core.Execution.TestSuiteExecutionStage+&lt;Execute&gt;d__13.MoveNext()
:: [22] void System.Runtime.CompilerServices.AsyncTaskMethodBuilder.Start&lt;TStateMachine&gt;(TStateMachine&amp;)
:: [23] System.Threading.Tasks.Task GdUnit4.Core.Execution.TestSuiteExecutionStage.Execute(GdUnit4.Core.Execution.ExecutionContext)
:: [24] void GdUnit4.Core.Commands.ExecuteTestSuiteCommand+&lt;Execute&gt;d__18.MoveNext()
:: [25] void System.Runtime.CompilerServices.AsyncTaskMethodBuilder`1+AsyncStateMachineBox`1.ExecutionContextCallback(object)
:: [26] void System.Threading.ExecutionContext.RunInternal(System.Threading.ExecutionContext, System.Threading.ContextCallback, object)
:: [27] void System.Runtime.CompilerServices.AsyncTaskMethodBuilder`1+AsyncStateMachineBox`1.MoveNext(System.Threading.Thread)
:: [28] void Godot.SignalAwaiter.SignalCallback(nint, Godot.NativeInterop.godot_variant**, int, Godot.NativeInterop.godot_bool*) (/root/godot/modules/mono/glue/GodotSharp/GodotSharp/Core/SignalAwaiter.cs:65)
:: ERROR: Cannot load script for type 'OmegaSpiral.Source.Ui.Terminal.TerminalUi'. Path: 'res://source/ui/terminal/TerminalUi.cs'.
:: at: void Godot.Bridge.ScriptManagerBridge.GetOrLoadOrCreateScriptForType(System.Type, Godot.NativeInterop.godot_ref*) (/root/godot/modules/mono/glue/GodotSharp/GodotSharp/Core/Bridge/ScriptManagerBridge.cs:585)
:: C# backtrace (most recent call first):
:: [0] void Godot.GD.PushError(string) (/root/godot/modules/mono/glue/GodotSharp/GodotSharp/Core/GD.cs:366)
:: [1] void Godot.Bridge.ScriptManagerBridge.GetOrLoadOrCreateScriptForType(System.Type, Godot.NativeInterop.godot_ref*) (/root/godot/modules/mono/glue/GodotSharp/GodotSharp/Core/Bridge/ScriptManagerBridge.cs:585)
:: [2] void Godot.NativeInterop.InteropUtils.TieManagedToUnmanaged(Godot.GodotObject, nint, Godot.StringName, bool, System.Type, System.Type) (/root/godot/modules/mono/glue/GodotSharp/GodotSharp/Core/NativeInterop/InteropUtils.cs:70)
:: [3] void Godot.GodotObject.ConstructAndInitialize(System.IntPtr(Godot.NativeInterop.godot_bool), Godot.StringName, System.Type, bool) (/root/godot/modules/mono/glue/GodotSharp/GodotSharp/Core/GodotObject.base.cs:61)
:: [4] Godot.Control..ctor() (/root/godot/modules/mono/glue/GodotSharp/GodotSharp/Generated/GodotObjects/Control.cs:1249)
:: [5] OmegaSpiral.Source.Ui.Omega.OmegaUi..ctor() (/home/adam/Dev/omega-spiral/chapter-zero/source/ui/omega/OmegaUi.cs:131)
:: [6] OmegaSpiral.Source.Ui.Terminal.TerminalUi..ctor() (/home/adam/Dev/omega-spiral/chapter-zero/source/ui/terminal/TerminalUi.cs:32)
:: [7] void OmegaSpiral.Tests.Integration.Ui.TerminalUITests.Setup() (/home/adam/Dev/omega-spiral/chapter-zero/tests/integration/ui/TerminalUiTests.cs:26)
:: [8] void System.RuntimeMethodHandle.InvokeMethod(System.Runtime.CompilerServices.ObjectHandleOnStack, System.Void**, System.Runtime.CompilerServices.ObjectHandleOnStack, Interop+BOOL, System.Runtime.CompilerServices.ObjectHandleOnStack)
:: [9] void System.RuntimeMethodHandle.InvokeMethod(System.Runtime.CompilerServices.ObjectHandleOnStack, System.Void**, System.Runtime.CompilerServices.ObjectHandleOnStack, Interop+BOOL, System.Runtime.CompilerServices.ObjectHandleOnStack)
:: [10] object System.Reflection.MethodBaseInvoker.InterpretedInvoke_Method(object, System.IntPtr*)
:: [11] object System.Reflection.RuntimeMethodInfo.Invoke(object, System.Reflection.BindingFlags, System.Reflection.Binder, System.Object[], System.Globalization.CultureInfo)
:: [12] void GdUnit4.Core.Execution.ExecutionStage`1+&lt;ExecuteStage&gt;d__37.MoveNext()
:: [13] void System.Runtime.CompilerServices.AsyncTaskMethodBuilder.Start&lt;TStateMachine&gt;(TStateMachine&amp;)
:: [14] System.Threading.Tasks.Task GdUnit4.Core.Execution.ExecutionStage`1.ExecuteStage(GdUnit4.Core.Execution.ExecutionContext)
:: [15] void GdUnit4.Core.Execution.ExecutionStage`1+&lt;Execute&gt;d__30.MoveNext()
:: [16] void System.Runtime.CompilerServices.AsyncTaskMethodBuilder.Start&lt;TStateMachine&gt;(TStateMachine&amp;)
:: [17] System.Threading.Tasks.Task GdUnit4.Core.Execution.ExecutionStage`1.Execute(GdUnit4.Core.Execution.ExecutionContext)
:: [18] System.Threading.Tasks.Task GdUnit4.Core.Execution.BeforeExecutionStage.&lt;&gt;n__0(GdUnit4.Core.Execution.ExecutionContext)
:: [19] void GdUnit4.Core.Execution.BeforeExecutionStage+&lt;Execute&gt;d__1.MoveNext()
:: [20] void System.Runtime.CompilerServices.AsyncTaskMethodBuilder.Start&lt;TStateMachine&gt;(TStateMachine&amp;)
:: [21] System.Threading.Tasks.Task GdUnit4.Core.Execution.BeforeExecutionStage.Execute(GdUnit4.Core.Execution.ExecutionContext)
:: [22] void GdUnit4.Core.Execution.TestSuiteExecutionStage+&lt;Execute&gt;d__13.MoveNext()
:: [23] void System.Runtime.CompilerServices.AsyncTaskMethodBuilder.Start&lt;TStateMachine&gt;(TStateMachine&amp;)
:: [24] System.Threading.Tasks.Task GdUnit4.Core.Execution.TestSuiteExecutionStage.Execute(GdUnit4.Core.Execution.ExecutionContext)
:: [25] void GdUnit4.Core.Commands.ExecuteTestSuiteCommand+&lt;Execute&gt;d__18.MoveNext()
:: [26] void System.Runtime.CompilerServices.AsyncTaskMethodBuilder`1+AsyncStateMachineBox`1.ExecutionContextCallback(object)
:: [27] void System.Threading.ExecutionContext.RunInternal(System.Threading.ExecutionContext, System.Threading.ContextCallback, object)
:: [28] void System.Runtime.CompilerServices.AsyncTaskMethodBuilder`1+AsyncStateMachineBox`1.MoveNext(System.Threading.Thread)
:: [29] void Godot.SignalAwaiter.SignalCallback(nint, Godot.NativeInterop.godot_variant**, int, Godot.NativeInterop.godot_bool*) (/root/godot/modules/mono/glue/GodotSharp/GodotSharp/Core/SignalAwaiter.cs:65)
:: WARNING: [TerminalUi] CaptionLabel not found - captions disabled.
:: at: void OmegaSpiral.Source.Ui.Terminal.TerminalUi.CacheRequiredNodes() (res://source/ui/terminal/TerminalUi.cs:121)
:: C# backtrace (most recent call first):
:: [0] void Godot.GD.PushWarning(string) (/root/godot/modules/mono/glue/GodotSharp/GodotSharp/Core/GD.cs:396)
:: [1] void OmegaSpiral.Source.Ui.Terminal.TerminalUi.CacheRequiredNodes() (/home/adam/Dev/omega-spiral/chapter-zero/source/ui/terminal/TerminalUi.cs:121)
:: [2] void OmegaSpiral.Source.Ui.Omega.OmegaUi.InitializeUi() (/home/adam/Dev/omega-spiral/chapter-zero/source/ui/omega/OmegaUi.cs:88)
:: [3] void OmegaSpiral.Source.Ui.Omega.OmegaUi._Ready() (/home/adam/Dev/omega-spiral/chapter-zero/source/ui/omega/OmegaUi.cs:68)
:: [4] void OmegaSpiral.Source.Ui.Terminal.TerminalUi._Ready() (/home/adam/Dev/omega-spiral/chapter-zero/source/ui/terminal/TerminalUi.cs:67)
:: [5] void OmegaSpiral.Tests.Integration.Ui.TerminalUITests.Setup() (/home/adam/Dev/omega-spiral/chapter-zero/tests/integration/ui/TerminalUiTests.cs:28)
:: [6] void System.RuntimeMethodHandle.InvokeMethod(System.Runtime.CompilerServices.ObjectHandleOnStack, System.Void**, System.Runtime.CompilerServices.ObjectHandleOnStack, Interop+BOOL, System.Runtime.CompilerServices.ObjectHandleOnStack)
:: [7] void System.RuntimeMethodHandle.InvokeMethod(System.Runtime.CompilerServices.ObjectHandleOnStack, System.Void**, System.Runtime.CompilerServices.ObjectHandleOnStack, Interop+BOOL, System.Runtime.CompilerServices.ObjectHandleOnStack)
:: [8] object System.Reflection.MethodBaseInvoker.InterpretedInvoke_Method(object, System.IntPtr*)
:: [9] object System.Reflection.RuntimeMethodInfo.Invoke(object, System.Reflection.BindingFlags, System.Reflection.Binder, System.Object[], System.Globalization.CultureInfo)
:: [10] void GdUnit4.Core.Execution.ExecutionStage`1+&lt;ExecuteStage&gt;d__37.MoveNext()
:: [11] void System.Runtime.CompilerServices.AsyncTaskMethodBuilder.Start&lt;TStateMachine&gt;(TStateMachine&amp;)
:: [12] System.Threading.Tasks.Task GdUnit4.Core.Execution.ExecutionStage`1.ExecuteStage(GdUnit4.Core.Execution.ExecutionContext)
:: [13] void GdUnit4.Core.Execution.ExecutionStage`1+&lt;Execute&gt;d__30.MoveNext()
:: [14] void System.Runtime.CompilerServices.AsyncTaskMethodBuilder.Start&lt;TStateMachine&gt;(TStateMachine&amp;)
:: [15] System.Threading.Tasks.Task GdUnit4.Core.Execution.ExecutionStage`1.Execute(GdUnit4.Core.Execution.ExecutionContext)
:: [16] System.Threading.Tasks.Task GdUnit4.Core.Execution.BeforeExecutionStage.&lt;&gt;n__0(GdUnit4.Core.Execution.ExecutionContext)
:: [17] void GdUnit4.Core.Execution.BeforeExecutionStage+&lt;Execute&gt;d__1.MoveNext()
:: [18] void System.Runtime.CompilerServices.AsyncTaskMethodBuilder.Start&lt;TStateMachine&gt;(TStateMachine&amp;)
:: [19] System.Threading.Tasks.Task GdUnit4.Core.Execution.BeforeExecutionStage.Execute(GdUnit4.Core.Execution.ExecutionContext)
:: [20] void GdUnit4.Core.Execution.TestSuiteExecutionStage+&lt;Execute&gt;d__13.MoveNext()
:: [21] void System.Runtime.CompilerServices.AsyncTaskMethodBuilder.Start&lt;TStateMachine&gt;(TStateMachine&amp;)
:: [22] System.Threading.Tasks.Task GdUnit4.Core.Execution.TestSuiteExecutionStage.Execute(GdUnit4.Core.Execution.ExecutionContext)
:: [23] void GdUnit4.Core.Commands.ExecuteTestSuiteCommand+&lt;Execute&gt;d__18.MoveNext()
:: [24] void System.Runtime.CompilerServices.AsyncTaskMethodBuilder`1+AsyncStateMachineBox`1.ExecutionContextCallback(object)
:: [25] void System.Threading.ExecutionContext.RunInternal(System.Threading.ExecutionContext, System.Threading.ContextCallback, object)
:: [26] void System.Runtime.CompilerServices.AsyncTaskMethodBuilder`1+AsyncStateMachineBox`1.MoveNext(System.Threading.Thread)
:: [27] void Godot.SignalAwaiter.SignalCallback(nint, Godot.NativeInterop.godot_variant**, int, Godot.NativeInterop.godot_bool*) (/root/godot/modules/mono/glue/GodotSharp/GodotSharp/Core/SignalAwaiter.cs:65)
:: ERROR: Can't use get_node() with absolute paths from outside the active scene tree.
:: at: get_node_or_null (scene/main/node.cpp:1892)
:: C# backtrace (most recent call first):
:: [0] Godot.GodotObject Godot.NativeCalls.godot_icall_1_1044(nint, nint, Godot.NativeInterop.godot_node_path) (/root/godot/modules/mono/glue/GodotSharp/GodotSharp/Generated/NativeCalls.cs:9605)
:: [1] Godot.Node Godot.Node.GetNodeOrNull(Godot.NodePath) (/root/godot/modules/mono/glue/GodotSharp/GodotSharp/Generated/GodotObjects/Node.cs:945)
:: [2] T Godot.Node.GetNodeOrNull&lt;T&gt;(Godot.NodePath) (/root/godot/modules/mono/glue/GodotSharp/GodotSharp/Core/Extensions/NodeExtensions.cs:82)
:: [3] void OmegaSpiral.Source.Ui.Terminal.TerminalUi._Ready() (/home/adam/Dev/omega-spiral/chapter-zero/source/ui/terminal/TerminalUi.cs:70)
:: [4] void OmegaSpiral.Tests.Integration.Ui.TerminalUITests.Setup() (/home/adam/Dev/omega-spiral/chapter-zero/tests/integration/ui/TerminalUiTests.cs:28)
:: [5] void System.RuntimeMethodHandle.InvokeMethod(System.Runtime.CompilerServices.ObjectHandleOnStack, System.Void**, System.Runtime.CompilerServices.ObjectHandleOnStack, Interop+BOOL, System.Runtime.CompilerServices.ObjectHandleOnStack)
:: [6] void System.RuntimeMethodHandle.InvokeMethod(System.Runtime.CompilerServices.ObjectHandleOnStack, System.Void**, System.Runtime.CompilerServices.ObjectHandleOnStack, Interop+BOOL, System.Runtime.CompilerServices.ObjectHandleOnStack)
:: [7] object System.Reflection.MethodBaseInvoker.InterpretedInvoke_Method(object, System.IntPtr*)
:: [8] object System.Reflection.RuntimeMethodInfo.Invoke(object, System.Reflection.BindingFlags, System.Reflection.Binder, System.Object[], System.Globalization.CultureInfo)
:: [9] void GdUnit4.Core.Execution.ExecutionStage`1+&lt;ExecuteStage&gt;d__37.MoveNext()
:: [10] void System.Runtime.CompilerServices.AsyncTaskMethodBuilder.Start&lt;TStateMachine&gt;(TStateMachine&amp;)
:: [11] System.Threading.Tasks.Task GdUnit4.Core.Execution.ExecutionStage`1.ExecuteStage(GdUnit4.Core.Execution.ExecutionContext)
:: [12] void GdUnit4.Core.Execution.ExecutionStage`1+&lt;Execute&gt;d__30.MoveNext()
:: [13] void System.Runtime.CompilerServices.AsyncTaskMethodBuilder.Start&lt;TStateMachine&gt;(TStateMachine&amp;)
:: [14] System.Threading.Tasks.Task GdUnit4.Core.Execution.ExecutionStage`1.Execute(GdUnit4.Core.Execution.ExecutionContext)
:: [15] System.Threading.Tasks.Task GdUnit4.Core.Execution.BeforeExecutionStage.&lt;&gt;n__0(GdUnit4.Core.Execution.ExecutionContext)
:: [16] void GdUnit4.Core.Execution.BeforeExecutionStage+&lt;Execute&gt;d__1.MoveNext()
:: [17] void System.Runtime.CompilerServices.AsyncTaskMethodBuilder.Start&lt;TStateMachine&gt;(TStateMachine&amp;)
:: [18] System.Threading.Tasks.Task GdUnit4.Core.Execution.BeforeExecutionStage.Execute(GdUnit4.Core.Execution.ExecutionContext)
:: [19] void GdUnit4.Core.Execution.TestSuiteExecutionStage+&lt;Execute&gt;d__13.MoveNext()
:: [20] void System.Runtime.CompilerServices.AsyncTaskMethodBuilder.Start&lt;TStateMachine&gt;(TStateMachine&amp;)
:: [21] System.Threading.Tasks.Task GdUnit4.Core.Execution.TestSuiteExecutionStage.Execute(GdUnit4.Core.Execution.ExecutionContext)
:: [22] void GdUnit4.Core.Commands.ExecuteTestSuiteCommand+&lt;Execute&gt;d__18.MoveNext()
:: [23] void System.Runtime.CompilerServices.AsyncTaskMethodBuilder`1+AsyncStateMachineBox`1.ExecutionContextCallback(object)
:: [24] void System.Threading.ExecutionContext.RunInternal(System.Threading.ExecutionContext, System.Threading.ContextCallback, object)
:: [25] void System.Runtime.CompilerServices.AsyncTaskMethodBuilder`1+AsyncStateMachineBox`1.MoveNext(System.Threading.Thread)
:: [26] void Godot.SignalAwaiter.SignalCallback(nint, Godot.NativeInterop.godot_variant**, int, Godot.NativeInterop.godot_bool*) (/root/godot/modules/mono/glue/GodotSharp/GodotSharp/Core/SignalAwaiter.cs:65)
:: ERROR: Can't use get_node() with absolute paths from outside the active scene tree.
:: at: get_node_or_null (scene/main/node.cpp:1892)
:: C# backtrace (most recent call first):
:: [0] Godot.GodotObject Godot.NativeCalls.godot_icall_1_1044(nint, nint, Godot.NativeInterop.godot_node_path) (/root/godot/modules/mono/glue/GodotSharp/GodotSharp/Generated/NativeCalls.cs:9605)
:: [1] Godot.Node Godot.Node.GetNodeOrNull(Godot.NodePath) (/root/godot/modules/mono/glue/GodotSharp/GodotSharp/Generated/GodotObjects/Node.cs:945)
:: [2] T Godot.Node.GetNodeOrNull&lt;T&gt;(Godot.NodePath) (/root/godot/modules/mono/glue/GodotSharp/GodotSharp/Core/Extensions/NodeExtensions.cs:82)
:: [3] void OmegaSpiral.Source.Ui.Terminal.TerminalUi._Ready() (/home/adam/Dev/omega-spiral/chapter-zero/source/ui/terminal/TerminalUi.cs:71)
:: [4] void OmegaSpiral.Tests.Integration.Ui.TerminalUITests.Setup() (/home/adam/Dev/omega-spiral/chapter-zero/tests/integration/ui/TerminalUiTests.cs:28)
:: [5] void System.RuntimeMethodHandle.InvokeMethod(System.Runtime.CompilerServices.ObjectHandleOnStack, System.Void**, System.Runtime.CompilerServices.ObjectHandleOnStack, Interop+BOOL, System.Runtime.CompilerServices.ObjectHandleOnStack)
:: [6] void System.RuntimeMethodHandle.InvokeMethod(System.Runtime.CompilerServices.ObjectHandleOnStack, System.Void**, System.Runtime.CompilerServices.ObjectHandleOnStack, Interop+BOOL, System.Runtime.CompilerServices.ObjectHandleOnStack)
:: [7] object System.Reflection.MethodBaseInvoker.InterpretedInvoke_Method(object, System.IntPtr*)
:: [8] object System.Reflection.RuntimeMethodInfo.Invoke(object, System.Reflection.BindingFlags, System.Reflection.Binder, System.Object[], System.Globalization.CultureInfo)
:: [9] void GdUnit4.Core.Execution.ExecutionStage`1+&lt;ExecuteStage&gt;d__37.MoveNext()
:: [10] void System.Runtime.CompilerServices.AsyncTaskMethodBuilder.Start&lt;TStateMachine&gt;(TStateMachine&amp;)
:: [11] System.Threading.Tasks.Task GdUnit4.Core.Execution.ExecutionStage`1.ExecuteStage(GdUnit4.Core.Execution.ExecutionContext)
:: [12] void GdUnit4.Core.Execution.ExecutionStage`1+&lt;Execute&gt;d__30.MoveNext()
:: [13] void System.Runtime.CompilerServices.AsyncTaskMethodBuilder.Start&lt;TStateMachine&gt;(TStateMachine&amp;)
:: [14] System.Threading.Tasks.Task GdUnit4.Core.Execution.ExecutionStage`1.Execute(GdUnit4.Core.Execution.ExecutionContext)
:: [15] System.Threading.Tasks.Task GdUnit4.Core.Execution.BeforeExecutionStage.&lt;&gt;n__0(GdUnit4.Core.Execution.ExecutionContext)
:: [16] void GdUnit4.Core.Execution.BeforeExecutionStage+&lt;Execute&gt;d__1.MoveNext()
:: [17] void System.Runtime.CompilerServices.AsyncTaskMethodBuilder.Start&lt;TStateMachine&gt;(TStateMachine&amp;)
:: [18] System.Threading.Tasks.Task GdUnit4.Core.Execution.BeforeExecutionStage.Execute(GdUnit4.Core.Execution.ExecutionContext)
:: [19] void GdUnit4.Core.Execution.TestSuiteExecutionStage+&lt;Execute&gt;d__13.MoveNext()
:: [20] void System.Runtime.CompilerServices.AsyncTaskMethodBuilder.Start&lt;TStateMachine&gt;(TStateMachine&amp;)
:: [21] System.Threading.Tasks.Task GdUnit4.Core.Execution.TestSuiteExecutionStage.Execute(GdUnit4.Core.Execution.ExecutionContext)
:: [22] void GdUnit4.Core.Commands.ExecuteTestSuiteCommand+&lt;Execute&gt;d__18.MoveNext()
:: [23] void System.Runtime.CompilerServices.AsyncTaskMethodBuilder`1+AsyncStateMachineBox`1.ExecutionContextCallback(object)
:: [24] void System.Threading.ExecutionContext.RunInternal(System.Threading.ExecutionContext, System.Threading.ContextCallback, object)
:: [25] void System.Runtime.CompilerServices.AsyncTaskMethodBuilder`1+AsyncStateMachineBox`1.MoveNext(System.Threading.Thread)
:: [26] void Godot.SignalAwaiter.SignalCallback(nint, Godot.NativeInterop.godot_variant**, int, Godot.NativeInterop.godot_bool*) (/root/godot/modules/mono/glue/GodotSharp/GodotSharp/Core/SignalAwaiter.cs:65)
:: WARNING: [TerminalUi] SceneManager autoload not found.
:: at: void OmegaSpiral.Source.Ui.Terminal.TerminalUi._Ready() (res://source/ui/terminal/TerminalUi.cs:73)
:: C# backtrace (most recent call first):
:: [0] void Godot.GD.PushWarning(string) (/root/godot/modules/mono/glue/GodotSharp/GodotSharp/Core/GD.cs:396)
:: [1] void OmegaSpiral.Source.Ui.Terminal.TerminalUi._Ready() (/home/adam/Dev/omega-spiral/chapter-zero/source/ui/terminal/TerminalUi.cs:73)
:: [2] void OmegaSpiral.Tests.Integration.Ui.TerminalUITests.Setup() (/home/adam/Dev/omega-spiral/chapter-zero/tests/integration/ui/TerminalUiTests.cs:28)
:: [3] void System.RuntimeMethodHandle.InvokeMethod(System.Runtime.CompilerServices.ObjectHandleOnStack, System.Void**, System.Runtime.CompilerServices.ObjectHandleOnStack, Interop+BOOL, System.Runtime.CompilerServices.ObjectHandleOnStack)
:: [4] void System.RuntimeMethodHandle.InvokeMethod(System.Runtime.CompilerServices.ObjectHandleOnStack, System.Void**, System.Runtime.CompilerServices.ObjectHandleOnStack, Interop+BOOL, System.Runtime.CompilerServices.ObjectHandleOnStack)
:: [5] object System.Reflection.MethodBaseInvoker.InterpretedInvoke_Method(object, System.IntPtr*)
:: [6] object System.Reflection.RuntimeMethodInfo.Invoke(object, System.Reflection.BindingFlags, System.Reflection.Binder, System.Object[], System.Globalization.CultureInfo)
:: [7] void GdUnit4.Core.Execution.ExecutionStage`1+&lt;ExecuteStage&gt;d__37.MoveNext()
:: [8] void System.Runtime.CompilerServices.AsyncTaskMethodBuilder.Start&lt;TStateMachine&gt;(TStateMachine&amp;)
:: [9] System.Threading.Tasks.Task GdUnit4.Core.Execution.ExecutionStage`1.ExecuteStage(GdUnit4.Core.Execution.ExecutionContext)
:: [10] void GdUnit4.Core.Execution.ExecutionStage`1+&lt;Execute&gt;d__30.MoveNext()
:: [11] void System.Runtime.CompilerServices.AsyncTaskMethodBuilder.Start&lt;TStateMachine&gt;(TStateMachine&amp;)
:: [12] System.Threading.Tasks.Task GdUnit4.Core.Execution.ExecutionStage`1.Execute(GdUnit4.Core.Execution.ExecutionContext)
:: [13] System.Threading.Tasks.Task GdUnit4.Core.Execution.BeforeExecutionStage.&lt;&gt;n__0(GdUnit4.Core.Execution.ExecutionContext)
:: [14] void GdUnit4.Core.Execution.BeforeExecutionStage+&lt;Execute&gt;d__1.MoveNext()
:: [15] void System.Runtime.CompilerServices.AsyncTaskMethodBuilder.Start&lt;TStateMachine&gt;(TStateMachine&amp;)
:: [16] System.Threading.Tasks.Task GdUnit4.Core.Execution.BeforeExecutionStage.Execute(GdUnit4.Core.Execution.ExecutionContext)
:: [17] void GdUnit4.Core.Execution.TestSuiteExecutionStage+&lt;Execute&gt;d__13.MoveNext()
:: [18] void System.Runtime.CompilerServices.AsyncTaskMethodBuilder.Start&lt;TStateMachine&gt;(TStateMachine&amp;)
:: [19] System.Threading.Tasks.Task GdUnit4.Core.Execution.TestSuiteExecutionStage.Execute(GdUnit4.Core.Execution.ExecutionContext)
:: [20] void GdUnit4.Core.Commands.ExecuteTestSuiteCommand+&lt;Execute&gt;d__18.MoveNext()
:: [21] void System.Runtime.CompilerServices.AsyncTaskMethodBuilder`1+AsyncStateMachineBox`1.ExecutionContextCallback(object)
:: [22] void System.Threading.ExecutionContext.RunInternal(System.Threading.ExecutionContext, System.Threading.ContextCallback, object)
:: [23] void System.Runtime.CompilerServices.AsyncTaskMethodBuilder`1+AsyncStateMachineBox`1.MoveNext(System.Threading.Thread)
:: [24] void Godot.SignalAwaiter.SignalCallback(nint, Godot.NativeInterop.godot_variant**, int, Godot.NativeInterop.godot_bool*) (/root/godot/modules/mono/glue/GodotSharp/GodotSharp/Core/SignalAwaiter.cs:65)
:: WARNING: [TerminalUi] GameState autoload not found.
:: at: void OmegaSpiral.Source.Ui.Terminal.TerminalUi._Ready() (res://source/ui/terminal/TerminalUi.cs:74)
:: C# backtrace (most recent call first):
:: [0] void Godot.GD.PushWarning(string) (/root/godot/modules/mono/glue/GodotSharp/GodotSharp/Core/GD.cs:396)
:: [1] void OmegaSpiral.Source.Ui.Terminal.TerminalUi._Ready() (/home/adam/Dev/omega-spiral/chapter-zero/source/ui/terminal/TerminalUi.cs:74)
:: [2] void OmegaSpiral.Tests.Integration.Ui.TerminalUITests.Setup() (/home/adam/Dev/omega-spiral/chapter-zero/tests/integration/ui/TerminalUiTests.cs:28)
:: [3] void System.RuntimeMethodHandle.InvokeMethod(System.Runtime.CompilerServices.ObjectHandleOnStack, System.Void**, System.Runtime.CompilerServices.ObjectHandleOnStack, Interop+BOOL, System.Runtime.CompilerServices.ObjectHandleOnStack)
:: [4] void System.RuntimeMethodHandle.InvokeMethod(System.Runtime.CompilerServices.ObjectHandleOnStack, System.Void**, System.Runtime.CompilerServices.ObjectHandleOnStack, Interop+BOOL, System.Runtime.CompilerServices.ObjectHandleOnStack)
:: [5] object System.Reflection.MethodBaseInvoker.InterpretedInvoke_Method(object, System.IntPtr*)
:: [6] object System.Reflection.RuntimeMethodInfo.Invoke(object, System.Reflection.BindingFlags, System.Reflection.Binder, System.Object[], System.Globalization.CultureInfo)
:: [7] void GdUnit4.Core.Execution.ExecutionStage`1+&lt;ExecuteStage&gt;d__37.MoveNext()
:: [8] void System.Runtime.CompilerServices.AsyncTaskMethodBuilder.Start&lt;TStateMachine&gt;(TStateMachine&amp;)
:: [9] System.Threading.Tasks.Task GdUnit4.Core.Execution.ExecutionStage`1.ExecuteStage(GdUnit4.Core.Execution.ExecutionContext)
:: [10] void GdUnit4.Core.Execution.ExecutionStage`1+&lt;Execute&gt;d__30.MoveNext()
:: [11] void System.Runtime.CompilerServices.AsyncTaskMethodBuilder.Start&lt;TStateMachine&gt;(TStateMachine&amp;)
:: [12] System.Threading.Tasks.Task GdUnit4.Core.Execution.ExecutionStage`1.Execute(GdUnit4.Core.Execution.ExecutionContext)
:: [13] System.Threading.Tasks.Task GdUnit4.Core.Execution.BeforeExecutionStage.&lt;&gt;n__0(GdUnit4.Core.Execution.ExecutionContext)
:: [14] void GdUnit4.Core.Execution.BeforeExecutionStage+&lt;Execute&gt;d__1.MoveNext()
:: [15] void System.Runtime.CompilerServices.AsyncTaskMethodBuilder.Start&lt;TStateMachine&gt;(TStateMachine&amp;)
:: [16] System.Threading.Tasks.Task GdUnit4.Core.Execution.BeforeExecutionStage.Execute(GdUnit4.Core.Execution.ExecutionContext)
:: [17] void GdUnit4.Core.Execution.TestSuiteExecutionStage+&lt;Execute&gt;d__13.MoveNext()
:: [18] void System.Runtime.CompilerServices.AsyncTaskMethodBuilder.Start&lt;TStateMachine&gt;(TStateMachine&amp;)
:: [19] System.Threading.Tasks.Task GdUnit4.Core.Execution.TestSuiteExecutionStage.Execute(GdUnit4.Core.Execution.ExecutionContext)
:: [20] void GdUnit4.Core.Commands.ExecuteTestSuiteCommand+&lt;Execute&gt;d__18.MoveNext()
:: [21] void System.Runtime.CompilerServices.AsyncTaskMethodBuilder`1+AsyncStateMachineBox`1.ExecutionContextCallback(object)
:: [22] void System.Threading.ExecutionContext.RunInternal(System.Threading.ExecutionContext, System.Threading.ContextCallback, object)
:: [23] void System.Runtime.CompilerServices.AsyncTaskMethodBuilder`1+AsyncStateMachineBox`1.MoveNext(System.Threading.Thread)
:: [24] void Godot.SignalAwaiter.SignalCallback(nint, Godot.NativeInterop.godot_variant**, int, Godot.NativeInterop.godot_bool*) (/root/godot/modules/mono/glue/GodotSharp/GodotSharp/Core/SignalAwaiter.cs:65)
:: ERROR: Cannot open file 'res://tests/integration/ui/terminal/TerminalWindowFrameLayoutTests.cs'.
:: at: read_all_file_utf8 (modules/mono/utils/string_utils.cpp:152)
:: C# backtrace (most recent call first):
:: [0] void Godot.Bridge.ScriptManagerBridge.GetOrLoadOrCreateScriptForType(System.Type, Godot.NativeInterop.godot_ref*) (/root/godot/modules/mono/glue/GodotSharp/GodotSharp/Core/Bridge/ScriptManagerBridge.cs:583)
:: [1] void Godot.NativeInterop.InteropUtils.TieManagedToUnmanaged(Godot.GodotObject, nint, Godot.StringName, bool, System.Type, System.Type) (/root/godot/modules/mono/glue/GodotSharp/GodotSharp/Core/NativeInterop/InteropUtils.cs:70)
:: [2] void Godot.GodotObject.ConstructAndInitialize(System.IntPtr(Godot.NativeInterop.godot_bool), Godot.StringName, System.Type, bool) (/root/godot/modules/mono/glue/GodotSharp/GodotSharp/Core/GodotObject.base.cs:61)
:: [3] Godot.Node..ctor() (/root/godot/modules/mono/glue/GodotSharp/GodotSharp/Generated/GodotObjects/Node.cs:593)
:: [4] OmegaSpiral.Tests.Ui.Terminal.TerminalWindowFrameLayoutTests..ctor() (/home/adam/Dev/omega-spiral/chapter-zero/tests/integration/ui/terminal/TerminalWindowFrameLayoutTests.cs:24)
:: [5] object System.RuntimeType.CreateInstanceDefaultCtor(bool, bool)
:: [6] GdUnit4.Core.Execution.TestSuite..ctor(System.Type, System.Collections.Generic.List`1[GdUnit4.Api.TestCaseNode], string)
:: [7] GdUnit4.Core.Execution.TestSuite..ctor(GdUnit4.Api.TestSuiteNode)
:: [8] void GdUnit4.Core.Commands.ExecuteTestSuiteCommand+&lt;Execute&gt;d__18.MoveNext()
:: [9] void System.Runtime.CompilerServices.AsyncMethodBuilderCore.Start&lt;TStateMachine&gt;(TStateMachine&amp;)
:: [10] System.Threading.Tasks.Task`1[GdUnit4.Core.Commands.Response] GdUnit4.Core.Commands.ExecuteTestSuiteCommand.Execute(GdUnit4.Api.ITestEventListener)
:: [11] void GdUnit4.Core.Runners.GodotGdUnit4RestServer+&lt;ProcessCommand&gt;d__15.MoveNext()
:: [12] void System.Runtime.CompilerServices.AsyncMethodBuilderCore.Start&lt;TStateMachine&gt;(TStateMachine&amp;)
:: [13] System.Threading.Tasks.Task`1[GdUnit4.Core.Commands.Response] GdUnit4.Core.Runners.GodotGdUnit4RestServer.ProcessCommand(GdUnit4.Core.Commands.BaseCommand, GdUnit4.Api.ITestEventListener)
:: [14] void GdUnit4.Core.Runners.GodotGdUnit4RestServer+&lt;Process&gt;d__12.MoveNext()
:: [15] void System.Threading.ExecutionContext.RunInternal(System.Threading.ExecutionContext, System.Threading.ContextCallback, object)
:: [16] void System.Runtime.CompilerServices.AsyncTaskMethodBuilder`1+AsyncStateMachineBox`1.MoveNext(System.Threading.Thread)
:: [17] void Godot.GodotSynchronizationContext.ExecutePendingContinuations() (/root/godot/modules/mono/glue/GodotSharp/GodotSharp/Core/GodotSynchronizationContext.cs:51)
:: [18] void Godot.GodotTaskScheduler.Activate() (/root/godot/modules/mono/glue/GodotSharp/GodotSharp/Core/GodotTaskScheduler.cs:76)
:: [19] void Godot.Bridge.ScriptManagerBridge.FrameCallback() (/root/godot/modules/mono/glue/GodotSharp/GodotSharp/Core/Bridge/ScriptManagerBridge.cs:84)
:: ERROR: Failed to read file: 'res://tests/integration/ui/terminal/TerminalWindowFrameLayoutTests.cs'.
:: at: load_source_code (modules/mono/csharp_script.cpp:2772)
:: C# backtrace (most recent call first):
:: [0] void Godot.Bridge.ScriptManagerBridge.GetOrLoadOrCreateScriptForType(System.Type, Godot.NativeInterop.godot_ref*) (/root/godot/modules/mono/glue/GodotSharp/GodotSharp/Core/Bridge/ScriptManagerBridge.cs:583)
:: [1] void Godot.NativeInterop.InteropUtils.TieManagedToUnmanaged(Godot.GodotObject, nint, Godot.StringName, bool, System.Type, System.Type) (/root/godot/modules/mono/glue/GodotSharp/GodotSharp/Core/NativeInterop/InteropUtils.cs:70)
:: [2] void Godot.GodotObject.ConstructAndInitialize(System.IntPtr(Godot.NativeInterop.godot_bool), Godot.StringName, System.Type, bool) (/root/godot/modules/mono/glue/GodotSharp/GodotSharp/Core/GodotObject.base.cs:61)
:: [3] Godot.Node..ctor() (/root/godot/modules/mono/glue/GodotSharp/GodotSharp/Generated/GodotObjects/Node.cs:593)
:: [4] OmegaSpiral.Tests.Ui.Terminal.TerminalWindowFrameLayoutTests..ctor() (/home/adam/Dev/omega-spiral/chapter-zero/tests/integration/ui/terminal/TerminalWindowFrameLayoutTests.cs:24)
:: [5] object System.RuntimeType.CreateInstanceDefaultCtor(bool, bool)
:: [6] GdUnit4.Core.Execution.TestSuite..ctor(System.Type, System.Collections.Generic.List`1[GdUnit4.Api.TestCaseNode], string)
:: [7] GdUnit4.Core.Execution.TestSuite..ctor(GdUnit4.Api.TestSuiteNode)
:: [8] void GdUnit4.Core.Commands.ExecuteTestSuiteCommand+&lt;Execute&gt;d__18.MoveNext()
:: [9] void System.Runtime.CompilerServices.AsyncMethodBuilderCore.Start&lt;TStateMachine&gt;(TStateMachine&amp;)
:: [10] System.Threading.Tasks.Task`1[GdUnit4.Core.Commands.Response] GdUnit4.Core.Commands.ExecuteTestSuiteCommand.Execute(GdUnit4.Api.ITestEventListener)
:: [11] void GdUnit4.Core.Runners.GodotGdUnit4RestServer+&lt;ProcessCommand&gt;d__15.MoveNext()
:: [12] void System.Runtime.CompilerServices.AsyncMethodBuilderCore.Start&lt;TStateMachine&gt;(TStateMachine&amp;)
:: [13] System.Threading.Tasks.Task`1[GdUnit4.Core.Commands.Response] GdUnit4.Core.Runners.GodotGdUnit4RestServer.ProcessCommand(GdUnit4.Core.Commands.BaseCommand, GdUnit4.Api.ITestEventListener)
:: [14] void GdUnit4.Core.Runners.GodotGdUnit4RestServer+&lt;Process&gt;d__12.MoveNext()
:: [15] void System.Threading.ExecutionContext.RunInternal(System.Threading.ExecutionContext, System.Threading.ContextCallback, object)
:: [16] void System.Runtime.CompilerServices.AsyncTaskMethodBuilder`1+AsyncStateMachineBox`1.MoveNext(System.Threading.Thread)
:: [17] void Godot.GodotSynchronizationContext.ExecutePendingContinuations() (/root/godot/modules/mono/glue/GodotSharp/GodotSharp/Core/GodotSynchronizationContext.cs:51)
:: [18] void Godot.GodotTaskScheduler.Activate() (/root/godot/modules/mono/glue/GodotSharp/GodotSharp/Core/GodotTaskScheduler.cs:76)
:: [19] void Godot.Bridge.ScriptManagerBridge.FrameCallback() (/root/godot/modules/mono/glue/GodotSharp/GodotSharp/Core/Bridge/ScriptManagerBridge.cs:84)
:: ERROR: Cannot load C# script file 'res://tests/integration/ui/terminal/TerminalWindowFrameLayoutTests.cs'.
:: at: load (modules/mono/csharp_script.cpp:2852)
:: C# backtrace (most recent call first):
:: [0] void Godot.Bridge.ScriptManagerBridge.GetOrLoadOrCreateScriptForType(System.Type, Godot.NativeInterop.godot_ref*) (/root/godot/modules/mono/glue/GodotSharp/GodotSharp/Core/Bridge/ScriptManagerBridge.cs:583)
:: [1] void Godot.NativeInterop.InteropUtils.TieManagedToUnmanaged(Godot.GodotObject, nint, Godot.StringName, bool, System.Type, System.Type) (/root/godot/modules/mono/glue/GodotSharp/GodotSharp/Core/NativeInterop/InteropUtils.cs:70)
:: [2] void Godot.GodotObject.ConstructAndInitialize(System.IntPtr(Godot.NativeInterop.godot_bool), Godot.StringName, System.Type, bool) (/root/godot/modules/mono/glue/GodotSharp/GodotSharp/Core/GodotObject.base.cs:61)
:: [3] Godot.Node..ctor() (/root/godot/modules/mono/glue/GodotSharp/GodotSharp/Generated/GodotObjects/Node.cs:593)
:: [4] OmegaSpiral.Tests.Ui.Terminal.TerminalWindowFrameLayoutTests..ctor() (/home/adam/Dev/omega-spiral/chapter-zero/tests/integration/ui/terminal/TerminalWindowFrameLayoutTests.cs:24)
:: [5] object System.RuntimeType.CreateInstanceDefaultCtor(bool, bool)
:: [6] GdUnit4.Core.Execution.TestSuite..ctor(System.Type, System.Collections.Generic.List`1[GdUnit4.Api.TestCaseNode], string)
:: [7] GdUnit4.Core.Execution.TestSuite..ctor(GdUnit4.Api.TestSuiteNode)
:: [8] void GdUnit4.Core.Commands.ExecuteTestSuiteCommand+&lt;Execute&gt;d__18.MoveNext()
:: [9] void System.Runtime.CompilerServices.AsyncMethodBuilderCore.Start&lt;TStateMachine&gt;(TStateMachine&amp;)
:: [10] System.Threading.Tasks.Task`1[GdUnit4.Core.Commands.Response] GdUnit4.Core.Commands.ExecuteTestSuiteCommand.Execute(GdUnit4.Api.ITestEventListener)
:: [11] void GdUnit4.Core.Runners.GodotGdUnit4RestServer+&lt;ProcessCommand&gt;d__15.MoveNext()
:: [12] void System.Runtime.CompilerServices.AsyncMethodBuilderCore.Start&lt;TStateMachine&gt;(TStateMachine&amp;)
:: [13] System.Threading.Tasks.Task`1[GdUnit4.Core.Commands.Response] GdUnit4.Core.Runners.GodotGdUnit4RestServer.ProcessCommand(GdUnit4.Core.Commands.BaseCommand, GdUnit4.Api.ITestEventListener)
:: [14] void GdUnit4.Core.Runners.GodotGdUnit4RestServer+&lt;Process&gt;d__12.MoveNext()
:: [15] void System.Threading.ExecutionContext.RunInternal(System.Threading.ExecutionContext, System.Threading.ContextCallback, object)
:: [16] void System.Runtime.CompilerServices.AsyncTaskMethodBuilder`1+AsyncStateMachineBox`1.MoveNext(System.Threading.Thread)
:: [17] void Godot.GodotSynchronizationContext.ExecutePendingContinuations() (/root/godot/modules/mono/glue/GodotSharp/GodotSharp/Core/GodotSynchronizationContext.cs:51)
:: [18] void Godot.GodotTaskScheduler.Activate() (/root/godot/modules/mono/glue/GodotSharp/GodotSharp/Core/GodotTaskScheduler.cs:76)
:: [19] void Godot.Bridge.ScriptManagerBridge.FrameCallback() (/root/godot/modules/mono/glue/GodotSharp/GodotSharp/Core/Bridge/ScriptManagerBridge.cs:84)
:: ERROR: Failed loading resource: res://tests/integration/ui/terminal/TerminalWindowFrameLayoutTests.cs.
:: at: _load (core/io/resource_loader.cpp:343)
:: C# backtrace (most recent call first):
:: [0] void Godot.Bridge.ScriptManagerBridge.GetOrLoadOrCreateScriptForType(System.Type, Godot.NativeInterop.godot_ref*) (/root/godot/modules/mono/glue/GodotSharp/GodotSharp/Core/Bridge/ScriptManagerBridge.cs:583)
:: [1] void Godot.NativeInterop.InteropUtils.TieManagedToUnmanaged(Godot.GodotObject, nint, Godot.StringName, bool, System.Type, System.Type) (/root/godot/modules/mono/glue/GodotSharp/GodotSharp/Core/NativeInterop/InteropUtils.cs:70)
:: [2] void Godot.GodotObject.ConstructAndInitialize(System.IntPtr(Godot.NativeInterop.godot_bool), Godot.StringName, System.Type, bool) (/root/godot/modules/mono/glue/GodotSharp/GodotSharp/Core/GodotObject.base.cs:61)
:: [3] Godot.Node..ctor() (/root/godot/modules/mono/glue/GodotSharp/GodotSharp/Generated/GodotObjects/Node.cs:593)
:: [4] OmegaSpiral.Tests.Ui.Terminal.TerminalWindowFrameLayoutTests..ctor() (/home/adam/Dev/omega-spiral/chapter-zero/tests/integration/ui/terminal/TerminalWindowFrameLayoutTests.cs:24)
:: [5] object System.RuntimeType.CreateInstanceDefaultCtor(bool, bool)
:: [6] GdUnit4.Core.Execution.TestSuite..ctor(System.Type, System.Collections.Generic.List`1[GdUnit4.Api.TestCaseNode], string)
:: [7] GdUnit4.Core.Execution.TestSuite..ctor(GdUnit4.Api.TestSuiteNode)
:: [8] void GdUnit4.Core.Commands.ExecuteTestSuiteCommand+&lt;Execute&gt;d__18.MoveNext()
:: [9] void System.Runtime.CompilerServices.AsyncMethodBuilderCore.Start&lt;TStateMachine&gt;(TStateMachine&amp;)
:: [10] System.Threading.Tasks.Task`1[GdUnit4.Core.Commands.Response] GdUnit4.Core.Commands.ExecuteTestSuiteCommand.Execute(GdUnit4.Api.ITestEventListener)
:: [11] void GdUnit4.Core.Runners.GodotGdUnit4RestServer+&lt;ProcessCommand&gt;d__15.MoveNext()
:: [12] void System.Runtime.CompilerServices.AsyncMethodBuilderCore.Start&lt;TStateMachine&gt;(TStateMachine&amp;)
:: [13] System.Threading.Tasks.Task`1[GdUnit4.Core.Commands.Response] GdUnit4.Core.Runners.GodotGdUnit4RestServer.ProcessCommand(GdUnit4.Core.Commands.BaseCommand, GdUnit4.Api.ITestEventListener)
:: [14] void GdUnit4.Core.Runners.GodotGdUnit4RestServer+&lt;Process&gt;d__12.MoveNext()
:: [15] void System.Threading.ExecutionContext.RunInternal(System.Threading.ExecutionContext, System.Threading.ContextCallback, object)
:: [16] void System.Runtime.CompilerServices.AsyncTaskMethodBuilder`1+AsyncStateMachineBox`1.MoveNext(System.Threading.Thread)
:: [17] void Godot.GodotSynchronizationContext.ExecutePendingContinuations() (/root/godot/modules/mono/glue/GodotSharp/GodotSharp/Core/GodotSynchronizationContext.cs:51)
:: [18] void Godot.GodotTaskScheduler.Activate() (/root/godot/modules/mono/glue/GodotSharp/GodotSharp/Core/GodotTaskScheduler.cs:76)
:: [19] void Godot.Bridge.ScriptManagerBridge.FrameCallback() (/root/godot/modules/mono/glue/GodotSharp/GodotSharp/Core/Bridge/ScriptManagerBridge.cs:84)
:: ERROR: Cannot load script for type 'OmegaSpiral.Tests.Ui.Terminal.TerminalWindowFrameLayoutTests'. Path: 'res://tests/integration/ui/terminal/TerminalWindowFrameLayoutTests.cs'.
:: at: void Godot.Bridge.ScriptManagerBridge.GetOrLoadOrCreateScriptForType(System.Type, Godot.NativeInterop.godot_ref*) (/root/godot/modules/mono/glue/GodotSharp/GodotSharp/Core/Bridge/ScriptManagerBridge.cs:585)
:: C# backtrace (most recent call first):
:: [0] void Godot.GD.PushError(string) (/root/godot/modules/mono/glue/GodotSharp/GodotSharp/Core/GD.cs:366)
:: [1] void Godot.Bridge.ScriptManagerBridge.GetOrLoadOrCreateScriptForType(System.Type, Godot.NativeInterop.godot_ref*) (/root/godot/modules/mono/glue/GodotSharp/GodotSharp/Core/Bridge/ScriptManagerBridge.cs:585)
:: [2] void Godot.NativeInterop.InteropUtils.TieManagedToUnmanaged(Godot.GodotObject, nint, Godot.StringName, bool, System.Type, System.Type) (/root/godot/modules/mono/glue/GodotSharp/GodotSharp/Core/NativeInterop/InteropUtils.cs:70)
:: [3] void Godot.GodotObject.ConstructAndInitialize(System.IntPtr(Godot.NativeInterop.godot_bool), Godot.StringName, System.Type, bool) (/root/godot/modules/mono/glue/GodotSharp/GodotSharp/Core/GodotObject.base.cs:61)
:: [4] Godot.Node..ctor() (/root/godot/modules/mono/glue/GodotSharp/GodotSharp/Generated/GodotObjects/Node.cs:593)
:: [5] OmegaSpiral.Tests.Ui.Terminal.TerminalWindowFrameLayoutTests..ctor() (/home/adam/Dev/omega-spiral/chapter-zero/tests/integration/ui/terminal/TerminalWindowFrameLayoutTests.cs:24)
:: [6] object System.RuntimeType.CreateInstanceDefaultCtor(bool, bool)
:: [7] GdUnit4.Core.Execution.TestSuite..ctor(System.Type, System.Collections.Generic.List`1[GdUnit4.Api.TestCaseNode], string)
:: [8] GdUnit4.Core.Execution.TestSuite..ctor(GdUnit4.Api.TestSuiteNode)
:: [9] void GdUnit4.Core.Commands.ExecuteTestSuiteCommand+&lt;Execute&gt;d__18.MoveNext()
:: [10] void System.Runtime.CompilerServices.AsyncMethodBuilderCore.Start&lt;TStateMachine&gt;(TStateMachine&amp;)
:: [11] System.Threading.Tasks.Task`1[GdUnit4.Core.Commands.Response] GdUnit4.Core.Commands.ExecuteTestSuiteCommand.Execute(GdUnit4.Api.ITestEventListener)
:: [12] void GdUnit4.Core.Runners.GodotGdUnit4RestServer+&lt;ProcessCommand&gt;d__15.MoveNext()
:: [13] void System.Runtime.CompilerServices.AsyncMethodBuilderCore.Start&lt;TStateMachine&gt;(TStateMachine&amp;)
:: [14] System.Threading.Tasks.Task`1[GdUnit4.Core.Commands.Response] GdUnit4.Core.Runners.GodotGdUnit4RestServer.ProcessCommand(GdUnit4.Core.Commands.BaseCommand, GdUnit4.Api.ITestEventListener)
:: [15] void GdUnit4.Core.Runners.GodotGdUnit4RestServer+&lt;Process&gt;d__12.MoveNext()
:: [16] void System.Threading.ExecutionContext.RunInternal(System.Threading.ExecutionContext, System.Threading.ContextCallback, object)
:: [17] void System.Runtime.CompilerServices.AsyncTaskMethodBuilder`1+AsyncStateMachineBox`1.MoveNext(System.Threading.Thread)
:: [18] void Godot.GodotSynchronizationContext.ExecutePendingContinuations() (/root/godot/modules/mono/glue/GodotSharp/GodotSharp/Core/GodotSynchronizationContext.cs:51)
:: [19] void Godot.GodotTaskScheduler.Activate() (/root/godot/modules/mono/glue/GodotSharp/GodotSharp/Core/GodotTaskScheduler.cs:76)
:: [20] void Godot.Bridge.ScriptManagerBridge.FrameCallback() (/root/godot/modules/mono/glue/GodotSharp/GodotSharp/Core/Bridge/ScriptManagerBridge.cs:84)
    Player name set to: TestPlayer
    Dreamweaver thread set to: hero
    Updated current scene to: 2
    Player name set to: NewPlayer
    Dreamweaver thread set to: shadow
    Updated current scene to: 3
    Validating transition to: res://source/ui/menus/main_menu.tscn
    &amp;#x1B;[96m[TerminalChoicePresenter.PresentChoicesAsync]&amp;#x1B;[39m Presenting 3 string choices&amp;#x1B;[0m
    &amp;#x1B;[38;5;208m[TerminalChoicePresenter.ClearChoiceButtons]&amp;#x1B;[39m Clearing 0 buttons from container&amp;#x1B;[0m
    &amp;#x1B;[92m  &amp;#x2713; All 0 buttons cleared&amp;#x1B;[39m&amp;#x1B;[0m
    &amp;#x1B;[93m  &amp;#x2192; Created button 0: &amp;#x27;Choice 1&amp;#x27;&amp;#x1B;[39m&amp;#x1B;[0m
    &amp;#x1B;[93m  &amp;#x2192; Created button 1: &amp;#x27;Choice 2&amp;#x27;&amp;#x1B;[39m&amp;#x1B;[0m
    &amp;#x1B;[93m  &amp;#x2192; Created button 2: &amp;#x27;Choice 3&amp;#x27;&amp;#x1B;[39m&amp;#x1B;[0m
    &amp;#x1B;[96m  Ready to wait for selection from 3 buttons&amp;#x1B;[39m&amp;#x1B;[0m
    &amp;#x1B;[95m[TerminalChoicePresenter.OnChoiceSelected]&amp;#x1B;[39m Choice 1 selected&amp;#x1B;[0m
    &amp;#x1B;[92m  &amp;#x2713; Selection processed, TrySetResult=True&amp;#x1B;[39m&amp;#x1B;[0m
    &amp;#x1B;[92m  Selection received: indices=1&amp;#x1B;[39m&amp;#x1B;[0m
    &amp;#x1B;[96m[TerminalChoicePresenter.PresentChoicesAsync]&amp;#x1B;[39m Presenting 3 string choices&amp;#x1B;[0m
    &amp;#x1B;[38;5;208m[TerminalChoicePresenter.ClearChoiceButtons]&amp;#x1B;[39m Clearing 3 buttons from container&amp;#x1B;[0m
    &amp;#x1B;[92m  &amp;#x2713; All 0 buttons cleared&amp;#x1B;[39m&amp;#x1B;[0m
    &amp;#x1B;[93m  &amp;#x2192; Created button 0: &amp;#x27;Choice 1&amp;#x27;&amp;#x1B;[39m&amp;#x1B;[0m
    &amp;#x1B;[93m  &amp;#x2192; Created button 1: &amp;#x27;Choice 2&amp;#x27;&amp;#x1B;[39m&amp;#x1B;[0m
    &amp;#x1B;[93m  &amp;#x2192; Created button 2: &amp;#x27;Choice 3&amp;#x27;&amp;#x1B;[39m&amp;#x1B;[0m
    &amp;#x1B;[96m  Ready to wait for selection from 3 buttons&amp;#x1B;[39m&amp;#x1B;[0m
    &amp;#x1B;[95m[TerminalChoicePresenter.OnChoiceSelected]&amp;#x1B;[39m Choice 1 selected&amp;#x1B;[0m
    &amp;#x1B;[92m  &amp;#x2713; Selection processed, TrySetResult=True&amp;#x1B;[39m&amp;#x1B;[0m
    &amp;#x1B;[92m  Selection received: indices=1&amp;#x1B;[39m&amp;#x1B;[0m
    &amp;#x1B;[96m[TerminalChoicePresenter.PresentChoicesAsync]&amp;#x1B;[39m Presenting 3 TerminalChoiceOption choices&amp;#x1B;[0m
    &amp;#x1B;[38;5;208m[TerminalChoicePresenter.ClearChoiceButtons]&amp;#x1B;[39m Clearing 3 buttons from container&amp;#x1B;[0m
    &amp;#x1B;[92m  &amp;#x2713; All 0 buttons cleared&amp;#x1B;[39m&amp;#x1B;[0m
    &amp;#x1B;[93m  &amp;#x2192; Created button 0: &amp;#x27;Option 1&amp;#x27;&amp;#x1B;[39m&amp;#x1B;[0m
    &amp;#x1B;[93m  &amp;#x2192; Created button 1: &amp;#x27;Option 2&amp;#x27;&amp;#x1B;[39m&amp;#x1B;[0m
    &amp;#x1B;[93m  &amp;#x2192; Created button 2: &amp;#x27;Option 3&amp;#x27;&amp;#x1B;[39m&amp;#x1B;[0m
    &amp;#x1B;[96m  Ready to wait for selection from 3 buttons&amp;#x1B;[39m&amp;#x1B;[0m
    &amp;#x1B;[95m[TerminalChoicePresenter.OnChoiceSelected]&amp;#x1B;[39m Choice 2 selected&amp;#x1B;[0m
    &amp;#x1B;[92m  &amp;#x2713; Selection processed, TrySetResult=True&amp;#x1B;[39m&amp;#x1B;[0m
    &amp;#x1B;[92m  Selection received: index=2&amp;#x1B;[39m&amp;#x1B;[0m
    &amp;#x1B;[96m[TerminalChoicePresenter.PresentChoicesAsync]&amp;#x1B;[39m Presenting 2 string choices&amp;#x1B;[0m
    &amp;#x1B;[38;5;208m[TerminalChoicePresenter.ClearChoiceButtons]&amp;#x1B;[39m Clearing 3 buttons from container&amp;#x1B;[0m
    &amp;#x1B;[92m  &amp;#x2713; All 0 buttons cleared&amp;#x1B;[39m&amp;#x1B;[0m
    &amp;#x1B;[93m  &amp;#x2192; Created button 0: &amp;#x27;Choice 1&amp;#x27;&amp;#x1B;[39m&amp;#x1B;[0m
    &amp;#x1B;[93m  &amp;#x2192; Created button 1: &amp;#x27;Choice 2&amp;#x27;&amp;#x1B;[39m&amp;#x1B;[0m
    &amp;#x1B;[96m  Ready to wait for selection from 2 buttons&amp;#x1B;[39m&amp;#x1B;[0m
    &amp;#x1B;[95m[TerminalChoicePresenter.OnChoiceSelected]&amp;#x1B;[39m Choice 0 selected&amp;#x1B;[0m
    &amp;#x1B;[92m  &amp;#x2713; Selection processed, TrySetResult=True&amp;#x1B;[39m&amp;#x1B;[0m
    &amp;#x1B;[92m  Selection received: indices=0&amp;#x1B;[39m&amp;#x1B;[0m
    &amp;#x1B;[38;5;208m[TerminalChoicePresenter.HideChoices]&amp;#x1B;[39m Clearing 2 buttons&amp;#x1B;[0m
    &amp;#x1B;[38;5;208m[TerminalChoicePresenter.ClearChoiceButtons]&amp;#x1B;[39m Clearing 2 buttons from container&amp;#x1B;[0m
    &amp;#x1B;[92m  &amp;#x2713; All 0 buttons cleared&amp;#x1B;[39m&amp;#x1B;[0m
    &amp;#x1B;[92m  &amp;#x2713; Choices hidden successfully&amp;#x1B;[39m&amp;#x1B;[0m
    &amp;#x1B;[94m[TerminalChoicePresenter.AreChoicesVisible]&amp;#x1B;[39m &amp;#x2192; False (0 buttons)&amp;#x1B;[0m
    &amp;#x1B;[94m[TerminalChoicePresenter.AreChoicesVisible]&amp;#x1B;[39m &amp;#x2192; False (0 buttons)&amp;#x1B;[0m
:: [TerminalChoicePresenter.PresentChoicesAsync] Exception: ArgumentException - Choices list cannot be empty (Parameter 'choices')
:: [TerminalChoicePresenter.PresentChoicesAsync] Exception: ArgumentNullException - Value cannot be null. (Parameter 'choices')
:: [TerminalChoicePresenter.PresentChoicesAsync] Exception: ArgumentNullException - Value cannot be null. (Parameter 'choiceOptions')
:: WARNING: [OmegaUi] Cannot append text - TextRenderer not initialized.
:: at: void OmegaSpiral.Source.Ui.Omega.OmegaUi+&lt;AppendTextAsync&gt;d__48.MoveNext() (res://source/ui/omega/OmegaUi.cs:293)
:: C# backtrace (most recent call first):
:: [0] void Godot.GD.PushWarning(string) (/root/godot/modules/mono/glue/GodotSharp/GodotSharp/Core/GD.cs:396)
:: [1] void OmegaSpiral.Source.Ui.Omega.OmegaUi+&lt;AppendTextAsync&gt;d__48.MoveNext() (/home/adam/Dev/omega-spiral/chapter-zero/source/ui/omega/OmegaUi.cs:293)
:: [2] void System.Runtime.CompilerServices.AsyncTaskMethodBuilder.Start&lt;TStateMachine&gt;(TStateMachine&amp;)
:: [3] System.Threading.Tasks.Task OmegaSpiral.Source.Ui.Omega.OmegaUi.AppendTextAsync(string, float, float)
:: [4] void OmegaSpiral.Tests.Unit.Ui.OmegaUi_UnitTests+&lt;AppendTextAsync_GracefulFailureWhenRendererNull&gt;d__1.MoveNext() (/home/adam/Dev/omega-spiral/chapter-zero/tests/unit/OmegaUI_UnitTests.cs:44)
:: [5] void System.Runtime.CompilerServices.AsyncTaskMethodBuilder.Start&lt;TStateMachine&gt;(TStateMachine&amp;)
:: [6] System.Threading.Tasks.Task OmegaSpiral.Tests.Unit.Ui.OmegaUi_UnitTests.AppendTextAsync_GracefulFailureWhenRendererNull()
:: [7] void System.RuntimeMethodHandle.InvokeMethod(System.Runtime.CompilerServices.ObjectHandleOnStack, System.Void**, System.Runtime.CompilerServices.ObjectHandleOnStack, Interop+BOOL, System.Runtime.CompilerServices.ObjectHandleOnStack)
:: [8] void System.RuntimeMethodHandle.InvokeMethod(System.Runtime.CompilerServices.ObjectHandleOnStack, System.Void**, System.Runtime.CompilerServices.ObjectHandleOnStack, Interop+BOOL, System.Runtime.CompilerServices.ObjectHandleOnStack)
:: [9] object System.Reflection.MethodBaseInvoker.InterpretedInvoke_Method(object, System.IntPtr*)
:: [10] object System.Reflection.RuntimeMethodInfo.Invoke(object, System.Reflection.BindingFlags, System.Reflection.Binder, System.Object[], System.Globalization.CultureInfo)
:: [11] void GdUnit4.Core.Execution.ExecutionStage`1+&lt;ExecuteStage&gt;d__37.MoveNext()
:: [12] void System.Runtime.CompilerServices.AsyncTaskMethodBuilder.Start&lt;TStateMachine&gt;(TStateMachine&amp;)
:: [13] System.Threading.Tasks.Task GdUnit4.Core.Execution.ExecutionStage`1.ExecuteStage(GdUnit4.Core.Execution.ExecutionContext)
:: [14] void GdUnit4.Core.Execution.ExecutionStage`1+&lt;Execute&gt;d__30.MoveNext()
:: [15] void System.Runtime.CompilerServices.AsyncTaskMethodBuilder.Start&lt;TStateMachine&gt;(TStateMachine&amp;)
:: [16] System.Threading.Tasks.Task GdUnit4.Core.Execution.ExecutionStage`1.Execute(GdUnit4.Core.Execution.ExecutionContext)
:: [17] System.Threading.Tasks.Task GdUnit4.Core.Execution.TestCaseExecutionStage.&lt;&gt;n__0(GdUnit4.Core.Execution.ExecutionContext)
:: [18] void GdUnit4.Core.Execution.TestCaseExecutionStage+&lt;Execute&gt;d__1.MoveNext()
:: [19] void System.Runtime.CompilerServices.AsyncTaskMethodBuilder.Start&lt;TStateMachine&gt;(TStateMachine&amp;)
:: [20] System.Threading.Tasks.Task GdUnit4.Core.Execution.TestCaseExecutionStage.Execute(GdUnit4.Core.Execution.ExecutionContext)
:: [21] void GdUnit4.Core.Execution.TestSuiteExecutionStage+&lt;RunTestCase&gt;d__15.MoveNext()
:: [22] void System.Threading.ExecutionContext.RunInternal(System.Threading.ExecutionContext, System.Threading.ContextCallback, object)
:: [23] void System.Runtime.CompilerServices.AsyncTaskMethodBuilder`1+AsyncStateMachineBox`1.MoveNext(System.Threading.Thread)
:: [24] void System.Threading.Tasks.AwaitTaskContinuation.RunCallback(System.Threading.ContextCallback, object, System.Threading.Tasks.Task&amp;)
:: [25] void System.Threading.Tasks.Task.RunContinuations(object)
:: [26] void System.Runtime.CompilerServices.AsyncTaskMethodBuilder.SetResult()
:: [27] void GdUnit4.Core.Execution.BeforeTestExecutionStage+&lt;Execute&gt;d__1.MoveNext()
:: [28] void System.Threading.ExecutionContext.RunInternal(System.Threading.ExecutionContext, System.Threading.ContextCallback, object)
:: [29] void System.Runtime.CompilerServices.AsyncTaskMethodBuilder`1+AsyncStateMachineBox`1.MoveNext(System.Threading.Thread)
:: [30] void System.Threading.Tasks.AwaitTaskContinuation.RunCallback(System.Threading.ContextCallback, object, System.Threading.Tasks.Task&amp;)
:: [31] void System.Threading.Tasks.Task.RunContinuations(object)
:: [32] void System.Runtime.CompilerServices.AsyncTaskMethodBuilder.SetResult()
:: [33] void GdUnit4.Core.Execution.ExecutionStage`1+&lt;Execute&gt;d__30.MoveNext()
:: [34] void System.Threading.ExecutionContext.RunInternal(System.Threading.ExecutionContext, System.Threading.ContextCallback, object)
:: [35] void System.Runtime.CompilerServices.AsyncTaskMethodBuilder`1+AsyncStateMachineBox`1.MoveNext(System.Threading.Thread)
:: [36] void Godot.GodotSynchronizationContext.ExecutePendingContinuations() (/root/godot/modules/mono/glue/GodotSharp/GodotSharp/Core/GodotSynchronizationContext.cs:51)
:: [37] void Godot.GodotTaskScheduler.Activate() (/root/godot/modules/mono/glue/GodotSharp/GodotSharp/Core/GodotTaskScheduler.cs:76)
:: [38] void Godot.Bridge.ScriptManagerBridge.FrameCallback() (/root/godot/modules/mono/glue/GodotSharp/GodotSharp/Core/Bridge/ScriptManagerBridge.cs:84)
:: WARNING: [OmegaUi] Cannot apply visual preset - ShaderController not initialized.
:: at: void OmegaSpiral.Source.Ui.Omega.OmegaUi+&lt;ApplyVisualPresetAsync&gt;d__50.MoveNext() (res://source/ui/omega/OmegaUi.cs:322)
:: C# backtrace (most recent call first):
:: [0] void Godot.GD.PushWarning(string) (/root/godot/modules/mono/glue/GodotSharp/GodotSharp/Core/GD.cs:396)
:: [1] void OmegaSpiral.Source.Ui.Omega.OmegaUi+&lt;ApplyVisualPresetAsync&gt;d__50.MoveNext() (/home/adam/Dev/omega-spiral/chapter-zero/source/ui/omega/OmegaUi.cs:322)
:: [2] void System.Runtime.CompilerServices.AsyncTaskMethodBuilder.Start&lt;TStateMachine&gt;(TStateMachine&amp;)
:: [3] System.Threading.Tasks.Task OmegaSpiral.Source.Ui.Omega.OmegaUi.ApplyVisualPresetAsync(string)
:: [4] void OmegaSpiral.Tests.Unit.Ui.OmegaUi_UnitTests+&lt;ApplyVisualPresetAsync_GracefulFailureWhenControllerNull&gt;d__3.MoveNext() (/home/adam/Dev/omega-spiral/chapter-zero/tests/unit/OmegaUI_UnitTests.cs:72)
:: [5] void System.Runtime.CompilerServices.AsyncTaskMethodBuilder.Start&lt;TStateMachine&gt;(TStateMachine&amp;)
:: [6] System.Threading.Tasks.Task OmegaSpiral.Tests.Unit.Ui.OmegaUi_UnitTests.ApplyVisualPresetAsync_GracefulFailureWhenControllerNull()
:: [7] void System.RuntimeMethodHandle.InvokeMethod(System.Runtime.CompilerServices.ObjectHandleOnStack, System.Void**, System.Runtime.CompilerServices.ObjectHandleOnStack, Interop+BOOL, System.Runtime.CompilerServices.ObjectHandleOnStack)
:: [8] void System.RuntimeMethodHandle.InvokeMethod(System.Runtime.CompilerServices.ObjectHandleOnStack, System.Void**, System.Runtime.CompilerServices.ObjectHandleOnStack, Interop+BOOL, System.Runtime.CompilerServices.ObjectHandleOnStack)
:: [9] object System.Reflection.MethodBaseInvoker.InterpretedInvoke_Method(object, System.IntPtr*)
:: [10] object System.Reflection.RuntimeMethodInfo.Invoke(object, System.Reflection.BindingFlags, System.Reflection.Binder, System.Object[], System.Globalization.CultureInfo)
:: [11] void GdUnit4.Core.Execution.ExecutionStage`1+&lt;ExecuteStage&gt;d__37.MoveNext()
:: [12] void System.Runtime.CompilerServices.AsyncTaskMethodBuilder.Start&lt;TStateMachine&gt;(TStateMachine&amp;)
:: [13] System.Threading.Tasks.Task GdUnit4.Core.Execution.ExecutionStage`1.ExecuteStage(GdUnit4.Core.Execution.ExecutionContext)
:: [14] void GdUnit4.Core.Execution.ExecutionStage`1+&lt;Execute&gt;d__30.MoveNext()
:: [15] void System.Runtime.CompilerServices.AsyncTaskMethodBuilder.Start&lt;TStateMachine&gt;(TStateMachine&amp;)
:: [16] System.Threading.Tasks.Task GdUnit4.Core.Execution.ExecutionStage`1.Execute(GdUnit4.Core.Execution.ExecutionContext)
:: [17] System.Threading.Tasks.Task GdUnit4.Core.Execution.TestCaseExecutionStage.&lt;&gt;n__0(GdUnit4.Core.Execution.ExecutionContext)
:: [18] void GdUnit4.Core.Execution.TestCaseExecutionStage+&lt;Execute&gt;d__1.MoveNext()
:: [19] void System.Runtime.CompilerServices.AsyncTaskMethodBuilder.Start&lt;TStateMachine&gt;(TStateMachine&amp;)
:: [20] System.Threading.Tasks.Task GdUnit4.Core.Execution.TestCaseExecutionStage.Execute(GdUnit4.Core.Execution.ExecutionContext)
:: [21] void GdUnit4.Core.Execution.TestSuiteExecutionStage+&lt;RunTestCase&gt;d__15.MoveNext()
:: [22] void System.Threading.ExecutionContext.RunInternal(System.Threading.ExecutionContext, System.Threading.ContextCallback, object)
:: [23] void System.Runtime.CompilerServices.AsyncTaskMethodBuilder`1+AsyncStateMachineBox`1.MoveNext(System.Threading.Thread)
:: [24] void System.Threading.Tasks.AwaitTaskContinuation.RunCallback(System.Threading.ContextCallback, object, System.Threading.Tasks.Task&amp;)
:: [25] void System.Threading.Tasks.Task.RunContinuations(object)
:: [26] void System.Runtime.CompilerServices.AsyncTaskMethodBuilder.SetResult()
:: [27] void GdUnit4.Core.Execution.BeforeTestExecutionStage+&lt;Execute&gt;d__1.MoveNext()
:: [28] void System.Threading.ExecutionContext.RunInternal(System.Threading.ExecutionContext, System.Threading.ContextCallback, object)
:: [29] void System.Runtime.CompilerServices.AsyncTaskMethodBuilder`1+AsyncStateMachineBox`1.MoveNext(System.Threading.Thread)
:: [30] void System.Threading.Tasks.AwaitTaskContinuation.RunCallback(System.Threading.ContextCallback, object, System.Threading.Tasks.Task&amp;)
:: [31] void System.Threading.Tasks.Task.RunContinuations(object)
:: [32] void System.Runtime.CompilerServices.AsyncTaskMethodBuilder.SetResult()
:: [33] void GdUnit4.Core.Execution.ExecutionStage`1+&lt;Execute&gt;d__30.MoveNext()
:: [34] void System.Threading.ExecutionContext.RunInternal(System.Threading.ExecutionContext, System.Threading.ContextCallback, object)
:: [35] void System.Runtime.CompilerServices.AsyncTaskMethodBuilder`1+AsyncStateMachineBox`1.MoveNext(System.Threading.Thread)
:: [36] void Godot.GodotSynchronizationContext.ExecutePendingContinuations() (/root/godot/modules/mono/glue/GodotSharp/GodotSharp/Core/GodotSynchronizationContext.cs:51)
:: [37] void Godot.GodotTaskScheduler.Activate() (/root/godot/modules/mono/glue/GodotSharp/GodotSharp/Core/GodotTaskScheduler.cs:76)
:: [38] void Godot.Bridge.ScriptManagerBridge.FrameCallback() (/root/godot/modules/mono/glue/GodotSharp/GodotSharp/Core/Bridge/ScriptManagerBridge.cs:84)
:: ERROR: Cannot open file 'res://source/ui/terminal/TerminalWindow.cs'.
:: at: read_all_file_utf8 (modules/mono/utils/string_utils.cpp:152)
:: C# backtrace (most recent call first):
:: [0] void Godot.Bridge.ScriptManagerBridge.GetOrLoadOrCreateScriptForType(System.Type, Godot.NativeInterop.godot_ref*) (/root/godot/modules/mono/glue/GodotSharp/GodotSharp/Core/Bridge/ScriptManagerBridge.cs:583)
:: [1] void Godot.NativeInterop.InteropUtils.TieManagedToUnmanaged(Godot.GodotObject, nint, Godot.StringName, bool, System.Type, System.Type) (/root/godot/modules/mono/glue/GodotSharp/GodotSharp/Core/NativeInterop/InteropUtils.cs:70)
:: [2] void Godot.GodotObject.ConstructAndInitialize(System.IntPtr(Godot.NativeInterop.godot_bool), Godot.StringName, System.Type, bool) (/root/godot/modules/mono/glue/GodotSharp/GodotSharp/Core/GodotObject.base.cs:61)
:: [3] Godot.Control..ctor() (/root/godot/modules/mono/glue/GodotSharp/GodotSharp/Generated/GodotObjects/Control.cs:1249)
:: [4] OmegaSpiral.Source.Ui.Terminal.TerminalWindow..ctor() (/home/adam/Dev/omega-spiral/chapter-zero/source/ui/terminal/TerminalWindow.cs:38)
:: [5] void TerminalWindowTestsNew.Setup() (/home/adam/Dev/omega-spiral/chapter-zero/tests/integration/ui/terminal/TerminalWindowTests.cs:23)
:: [6] void System.RuntimeMethodHandle.InvokeMethod(System.Runtime.CompilerServices.ObjectHandleOnStack, System.Void**, System.Runtime.CompilerServices.ObjectHandleOnStack, Interop+BOOL, System.Runtime.CompilerServices.ObjectHandleOnStack)
:: [7] void System.RuntimeMethodHandle.InvokeMethod(System.Runtime.CompilerServices.ObjectHandleOnStack, System.Void**, System.Runtime.CompilerServices.ObjectHandleOnStack, Interop+BOOL, System.Runtime.CompilerServices.ObjectHandleOnStack)
:: [8] object System.Reflection.MethodBaseInvoker.InterpretedInvoke_Method(object, System.IntPtr*)
:: [9] object System.Reflection.RuntimeMethodInfo.Invoke(object, System.Reflection.BindingFlags, System.Reflection.Binder, System.Object[], System.Globalization.CultureInfo)
:: [10] void GdUnit4.Core.Execution.ExecutionStage`1+&lt;ExecuteStage&gt;d__37.MoveNext()
:: [11] void System.Runtime.CompilerServices.AsyncTaskMethodBuilder.Start&lt;TStateMachine&gt;(TStateMachine&amp;)
:: [12] System.Threading.Tasks.Task GdUnit4.Core.Execution.ExecutionStage`1.ExecuteStage(GdUnit4.Core.Execution.ExecutionContext)
:: [13] void GdUnit4.Core.Execution.ExecutionStage`1+&lt;Execute&gt;d__30.MoveNext()
:: [14] void System.Runtime.CompilerServices.AsyncTaskMethodBuilder.Start&lt;TStateMachine&gt;(TStateMachine&amp;)
:: [15] System.Threading.Tasks.Task GdUnit4.Core.Execution.ExecutionStage`1.Execute(GdUnit4.Core.Execution.ExecutionContext)
:: [16] System.Threading.Tasks.Task GdUnit4.Core.Execution.BeforeExecutionStage.&lt;&gt;n__0(GdUnit4.Core.Execution.ExecutionContext)
:: [17] void GdUnit4.Core.Execution.BeforeExecutionStage+&lt;Execute&gt;d__1.MoveNext()
:: [18] void System.Runtime.CompilerServices.AsyncTaskMethodBuilder.Start&lt;TStateMachine&gt;(TStateMachine&amp;)
:: [19] System.Threading.Tasks.Task GdUnit4.Core.Execution.BeforeExecutionStage.Execute(GdUnit4.Core.Execution.ExecutionContext)
:: [20] void GdUnit4.Core.Execution.TestSuiteExecutionStage+&lt;Execute&gt;d__13.MoveNext()
:: [21] void System.Runtime.CompilerServices.AsyncTaskMethodBuilder.Start&lt;TStateMachine&gt;(TStateMachine&amp;)
:: [22] System.Threading.Tasks.Task GdUnit4.Core.Execution.TestSuiteExecutionStage.Execute(GdUnit4.Core.Execution.ExecutionContext)
:: [23] void GdUnit4.Core.Commands.ExecuteTestSuiteCommand+&lt;Execute&gt;d__18.MoveNext()
:: [24] void System.Threading.ExecutionContext.RunInternal(System.Threading.ExecutionContext, System.Threading.ContextCallback, object)
:: [25] void System.Runtime.CompilerServices.AsyncTaskMethodBuilder`1+AsyncStateMachineBox`1.MoveNext()
:: [26] void Godot.SignalAwaiter.SignalCallback(nint, Godot.NativeInterop.godot_variant**, int, Godot.NativeInterop.godot_bool*) (/root/godot/modules/mono/glue/GodotSharp/GodotSharp/Core/SignalAwaiter.cs:65)
:: ERROR: Failed to read file: 'res://source/ui/terminal/TerminalWindow.cs'.
:: at: load_source_code (modules/mono/csharp_script.cpp:2772)
:: C# backtrace (most recent call first):
:: [0] void Godot.Bridge.ScriptManagerBridge.GetOrLoadOrCreateScriptForType(System.Type, Godot.NativeInterop.godot_ref*) (/root/godot/modules/mono/glue/GodotSharp/GodotSharp/Core/Bridge/ScriptManagerBridge.cs:583)
:: [1] void Godot.NativeInterop.InteropUtils.TieManagedToUnmanaged(Godot.GodotObject, nint, Godot.StringName, bool, System.Type, System.Type) (/root/godot/modules/mono/glue/GodotSharp/GodotSharp/Core/NativeInterop/InteropUtils.cs:70)
:: [2] void Godot.GodotObject.ConstructAndInitialize(System.IntPtr(Godot.NativeInterop.godot_bool), Godot.StringName, System.Type, bool) (/root/godot/modules/mono/glue/GodotSharp/GodotSharp/Core/GodotObject.base.cs:61)
:: [3] Godot.Control..ctor() (/root/godot/modules/mono/glue/GodotSharp/GodotSharp/Generated/GodotObjects/Control.cs:1249)
:: [4] OmegaSpiral.Source.Ui.Terminal.TerminalWindow..ctor() (/home/adam/Dev/omega-spiral/chapter-zero/source/ui/terminal/TerminalWindow.cs:38)
:: [5] void TerminalWindowTestsNew.Setup() (/home/adam/Dev/omega-spiral/chapter-zero/tests/integration/ui/terminal/TerminalWindowTests.cs:23)
:: [6] void System.RuntimeMethodHandle.InvokeMethod(System.Runtime.CompilerServices.ObjectHandleOnStack, System.Void**, System.Runtime.CompilerServices.ObjectHandleOnStack, Interop+BOOL, System.Runtime.CompilerServices.ObjectHandleOnStack)
:: [7] void System.RuntimeMethodHandle.InvokeMethod(System.Runtime.CompilerServices.ObjectHandleOnStack, System.Void**, System.Runtime.CompilerServices.ObjectHandleOnStack, Interop+BOOL, System.Runtime.CompilerServices.ObjectHandleOnStack)
:: [8] object System.Reflection.MethodBaseInvoker.InterpretedInvoke_Method(object, System.IntPtr*)
:: [9] object System.Reflection.RuntimeMethodInfo.Invoke(object, System.Reflection.BindingFlags, System.Reflection.Binder, System.Object[], System.Globalization.CultureInfo)
:: [10] void GdUnit4.Core.Execution.ExecutionStage`1+&lt;ExecuteStage&gt;d__37.MoveNext()
:: [11] void System.Runtime.CompilerServices.AsyncTaskMethodBuilder.Start&lt;TStateMachine&gt;(TStateMachine&amp;)
:: [12] System.Threading.Tasks.Task GdUnit4.Core.Execution.ExecutionStage`1.ExecuteStage(GdUnit4.Core.Execution.ExecutionContext)
:: [13] void GdUnit4.Core.Execution.ExecutionStage`1+&lt;Execute&gt;d__30.MoveNext()
:: [14] void System.Runtime.CompilerServices.AsyncTaskMethodBuilder.Start&lt;TStateMachine&gt;(TStateMachine&amp;)
:: [15] System.Threading.Tasks.Task GdUnit4.Core.Execution.ExecutionStage`1.Execute(GdUnit4.Core.Execution.ExecutionContext)
:: [16] System.Threading.Tasks.Task GdUnit4.Core.Execution.BeforeExecutionStage.&lt;&gt;n__0(GdUnit4.Core.Execution.ExecutionContext)
:: [17] void GdUnit4.Core.Execution.BeforeExecutionStage+&lt;Execute&gt;d__1.MoveNext()
:: [18] void System.Runtime.CompilerServices.AsyncTaskMethodBuilder.Start&lt;TStateMachine&gt;(TStateMachine&amp;)
:: [19] System.Threading.Tasks.Task GdUnit4.Core.Execution.BeforeExecutionStage.Execute(GdUnit4.Core.Execution.ExecutionContext)
:: [20] void GdUnit4.Core.Execution.TestSuiteExecutionStage+&lt;Execute&gt;d__13.MoveNext()
:: [21] void System.Runtime.CompilerServices.AsyncTaskMethodBuilder.Start&lt;TStateMachine&gt;(TStateMachine&amp;)
:: [22] System.Threading.Tasks.Task GdUnit4.Core.Execution.TestSuiteExecutionStage.Execute(GdUnit4.Core.Execution.ExecutionContext)
:: [23] void GdUnit4.Core.Commands.ExecuteTestSuiteCommand+&lt;Execute&gt;d__18.MoveNext()
:: [24] void System.Threading.ExecutionContext.RunInternal(System.Threading.ExecutionContext, System.Threading.ContextCallback, object)
:: [25] void System.Runtime.CompilerServices.AsyncTaskMethodBuilder`1+AsyncStateMachineBox`1.MoveNext()
:: [26] void Godot.SignalAwaiter.SignalCallback(nint, Godot.NativeInterop.godot_variant**, int, Godot.NativeInterop.godot_bool*) (/root/godot/modules/mono/glue/GodotSharp/GodotSharp/Core/SignalAwaiter.cs:65)
:: ERROR: Cannot load C# script file 'res://source/ui/terminal/TerminalWindow.cs'.
:: at: load (modules/mono/csharp_script.cpp:2852)
:: C# backtrace (most recent call first):
:: [0] void Godot.Bridge.ScriptManagerBridge.GetOrLoadOrCreateScriptForType(System.Type, Godot.NativeInterop.godot_ref*) (/root/godot/modules/mono/glue/GodotSharp/GodotSharp/Core/Bridge/ScriptManagerBridge.cs:583)
:: [1] void Godot.NativeInterop.InteropUtils.TieManagedToUnmanaged(Godot.GodotObject, nint, Godot.StringName, bool, System.Type, System.Type) (/root/godot/modules/mono/glue/GodotSharp/GodotSharp/Core/NativeInterop/InteropUtils.cs:70)
:: [2] void Godot.GodotObject.ConstructAndInitialize(System.IntPtr(Godot.NativeInterop.godot_bool), Godot.StringName, System.Type, bool) (/root/godot/modules/mono/glue/GodotSharp/GodotSharp/Core/GodotObject.base.cs:61)
:: [3] Godot.Control..ctor() (/root/godot/modules/mono/glue/GodotSharp/GodotSharp/Generated/GodotObjects/Control.cs:1249)
:: [4] OmegaSpiral.Source.Ui.Terminal.TerminalWindow..ctor() (/home/adam/Dev/omega-spiral/chapter-zero/source/ui/terminal/TerminalWindow.cs:38)
:: [5] void TerminalWindowTestsNew.Setup() (/home/adam/Dev/omega-spiral/chapter-zero/tests/integration/ui/terminal/TerminalWindowTests.cs:23)
:: [6] void System.RuntimeMethodHandle.InvokeMethod(System.Runtime.CompilerServices.ObjectHandleOnStack, System.Void**, System.Runtime.CompilerServices.ObjectHandleOnStack, Interop+BOOL, System.Runtime.CompilerServices.ObjectHandleOnStack)
:: [7] void System.RuntimeMethodHandle.InvokeMethod(System.Runtime.CompilerServices.ObjectHandleOnStack, System.Void**, System.Runtime.CompilerServices.ObjectHandleOnStack, Interop+BOOL, System.Runtime.CompilerServices.ObjectHandleOnStack)
:: [8] object System.Reflection.MethodBaseInvoker.InterpretedInvoke_Method(object, System.IntPtr*)
:: [9] object System.Reflection.RuntimeMethodInfo.Invoke(object, System.Reflection.BindingFlags, System.Reflection.Binder, System.Object[], System.Globalization.CultureInfo)
:: [10] void GdUnit4.Core.Execution.ExecutionStage`1+&lt;ExecuteStage&gt;d__37.MoveNext()
:: [11] void System.Runtime.CompilerServices.AsyncTaskMethodBuilder.Start&lt;TStateMachine&gt;(TStateMachine&amp;)
:: [12] System.Threading.Tasks.Task GdUnit4.Core.Execution.ExecutionStage`1.ExecuteStage(GdUnit4.Core.Execution.ExecutionContext)
:: [13] void GdUnit4.Core.Execution.ExecutionStage`1+&lt;Execute&gt;d__30.MoveNext()
:: [14] void System.Runtime.CompilerServices.AsyncTaskMethodBuilder.Start&lt;TStateMachine&gt;(TStateMachine&amp;)
:: [15] System.Threading.Tasks.Task GdUnit4.Core.Execution.ExecutionStage`1.Execute(GdUnit4.Core.Execution.ExecutionContext)
:: [16] System.Threading.Tasks.Task GdUnit4.Core.Execution.BeforeExecutionStage.&lt;&gt;n__0(GdUnit4.Core.Execution.ExecutionContext)
:: [17] void GdUnit4.Core.Execution.BeforeExecutionStage+&lt;Execute&gt;d__1.MoveNext()
:: [18] void System.Runtime.CompilerServices.AsyncTaskMethodBuilder.Start&lt;TStateMachine&gt;(TStateMachine&amp;)
:: [19] System.Threading.Tasks.Task GdUnit4.Core.Execution.BeforeExecutionStage.Execute(GdUnit4.Core.Execution.ExecutionContext)
:: [20] void GdUnit4.Core.Execution.TestSuiteExecutionStage+&lt;Execute&gt;d__13.MoveNext()
:: [21] void System.Runtime.CompilerServices.AsyncTaskMethodBuilder.Start&lt;TStateMachine&gt;(TStateMachine&amp;)
:: [22] System.Threading.Tasks.Task GdUnit4.Core.Execution.TestSuiteExecutionStage.Execute(GdUnit4.Core.Execution.ExecutionContext)
:: [23] void GdUnit4.Core.Commands.ExecuteTestSuiteCommand+&lt;Execute&gt;d__18.MoveNext()
:: [24] void System.Threading.ExecutionContext.RunInternal(System.Threading.ExecutionContext, System.Threading.ContextCallback, object)
:: [25] void System.Runtime.CompilerServices.AsyncTaskMethodBuilder`1+AsyncStateMachineBox`1.MoveNext()
:: [26] void Godot.SignalAwaiter.SignalCallback(nint, Godot.NativeInterop.godot_variant**, int, Godot.NativeInterop.godot_bool*) (/root/godot/modules/mono/glue/GodotSharp/GodotSharp/Core/SignalAwaiter.cs:65)
:: ERROR: Failed loading resource: res://source/ui/terminal/TerminalWindow.cs.
:: at: _load (core/io/resource_loader.cpp:343)
:: C# backtrace (most recent call first):
:: [0] void Godot.Bridge.ScriptManagerBridge.GetOrLoadOrCreateScriptForType(System.Type, Godot.NativeInterop.godot_ref*) (/root/godot/modules/mono/glue/GodotSharp/GodotSharp/Core/Bridge/ScriptManagerBridge.cs:583)
:: [1] void Godot.NativeInterop.InteropUtils.TieManagedToUnmanaged(Godot.GodotObject, nint, Godot.StringName, bool, System.Type, System.Type) (/root/godot/modules/mono/glue/GodotSharp/GodotSharp/Core/NativeInterop/InteropUtils.cs:70)
:: [2] void Godot.GodotObject.ConstructAndInitialize(System.IntPtr(Godot.NativeInterop.godot_bool), Godot.StringName, System.Type, bool) (/root/godot/modules/mono/glue/GodotSharp/GodotSharp/Core/GodotObject.base.cs:61)
:: [3] Godot.Control..ctor() (/root/godot/modules/mono/glue/GodotSharp/GodotSharp/Generated/GodotObjects/Control.cs:1249)
:: [4] OmegaSpiral.Source.Ui.Terminal.TerminalWindow..ctor() (/home/adam/Dev/omega-spiral/chapter-zero/source/ui/terminal/TerminalWindow.cs:38)
:: [5] void TerminalWindowTestsNew.Setup() (/home/adam/Dev/omega-spiral/chapter-zero/tests/integration/ui/terminal/TerminalWindowTests.cs:23)
:: [6] void System.RuntimeMethodHandle.InvokeMethod(System.Runtime.CompilerServices.ObjectHandleOnStack, System.Void**, System.Runtime.CompilerServices.ObjectHandleOnStack, Interop+BOOL, System.Runtime.CompilerServices.ObjectHandleOnStack)
:: [7] void System.RuntimeMethodHandle.InvokeMethod(System.Runtime.CompilerServices.ObjectHandleOnStack, System.Void**, System.Runtime.CompilerServices.ObjectHandleOnStack, Interop+BOOL, System.Runtime.CompilerServices.ObjectHandleOnStack)
:: [8] object System.Reflection.MethodBaseInvoker.InterpretedInvoke_Method(object, System.IntPtr*)
:: [9] object System.Reflection.RuntimeMethodInfo.Invoke(object, System.Reflection.BindingFlags, System.Reflection.Binder, System.Object[], System.Globalization.CultureInfo)
:: [10] void GdUnit4.Core.Execution.ExecutionStage`1+&lt;ExecuteStage&gt;d__37.MoveNext()
:: [11] void System.Runtime.CompilerServices.AsyncTaskMethodBuilder.Start&lt;TStateMachine&gt;(TStateMachine&amp;)
:: [12] System.Threading.Tasks.Task GdUnit4.Core.Execution.ExecutionStage`1.ExecuteStage(GdUnit4.Core.Execution.ExecutionContext)
:: [13] void GdUnit4.Core.Execution.ExecutionStage`1+&lt;Execute&gt;d__30.MoveNext()
:: [14] void System.Runtime.CompilerServices.AsyncTaskMethodBuilder.Start&lt;TStateMachine&gt;(TStateMachine&amp;)
:: [15] System.Threading.Tasks.Task GdUnit4.Core.Execution.ExecutionStage`1.Execute(GdUnit4.Core.Execution.ExecutionContext)
:: [16] System.Threading.Tasks.Task GdUnit4.Core.Execution.BeforeExecutionStage.&lt;&gt;n__0(GdUnit4.Core.Execution.ExecutionContext)
:: [17] void GdUnit4.Core.Execution.BeforeExecutionStage+&lt;Execute&gt;d__1.MoveNext()
:: [18] void System.Runtime.CompilerServices.AsyncTaskMethodBuilder.Start&lt;TStateMachine&gt;(TStateMachine&amp;)
:: [19] System.Threading.Tasks.Task GdUnit4.Core.Execution.BeforeExecutionStage.Execute(GdUnit4.Core.Execution.ExecutionContext)
:: [20] void GdUnit4.Core.Execution.TestSuiteExecutionStage+&lt;Execute&gt;d__13.MoveNext()
:: [21] void System.Runtime.CompilerServices.AsyncTaskMethodBuilder.Start&lt;TStateMachine&gt;(TStateMachine&amp;)
:: [22] System.Threading.Tasks.Task GdUnit4.Core.Execution.TestSuiteExecutionStage.Execute(GdUnit4.Core.Execution.ExecutionContext)
:: [23] void GdUnit4.Core.Commands.ExecuteTestSuiteCommand+&lt;Execute&gt;d__18.MoveNext()
:: [24] void System.Threading.ExecutionContext.RunInternal(System.Threading.ExecutionContext, System.Threading.ContextCallback, object)
:: [25] void System.Runtime.CompilerServices.AsyncTaskMethodBuilder`1+AsyncStateMachineBox`1.MoveNext()
:: [26] void Godot.SignalAwaiter.SignalCallback(nint, Godot.NativeInterop.godot_variant**, int, Godot.NativeInterop.godot_bool*) (/root/godot/modules/mono/glue/GodotSharp/GodotSharp/Core/SignalAwaiter.cs:65)
:: ERROR: Cannot load script for type 'OmegaSpiral.Source.Ui.Terminal.TerminalWindow'. Path: 'res://source/ui/terminal/TerminalWindow.cs'.
:: at: void Godot.Bridge.ScriptManagerBridge.GetOrLoadOrCreateScriptForType(System.Type, Godot.NativeInterop.godot_ref*) (/root/godot/modules/mono/glue/GodotSharp/GodotSharp/Core/Bridge/ScriptManagerBridge.cs:585)
:: C# backtrace (most recent call first):
:: [0] void Godot.GD.PushError(string) (/root/godot/modules/mono/glue/GodotSharp/GodotSharp/Core/GD.cs:366)
:: [1] void Godot.Bridge.ScriptManagerBridge.GetOrLoadOrCreateScriptForType(System.Type, Godot.NativeInterop.godot_ref*) (/root/godot/modules/mono/glue/GodotSharp/GodotSharp/Core/Bridge/ScriptManagerBridge.cs:585)
:: [2] void Godot.NativeInterop.InteropUtils.TieManagedToUnmanaged(Godot.GodotObject, nint, Godot.StringName, bool, System.Type, System.Type) (/root/godot/modules/mono/glue/GodotSharp/GodotSharp/Core/NativeInterop/InteropUtils.cs:70)
:: [3] void Godot.GodotObject.ConstructAndInitialize(System.IntPtr(Godot.NativeInterop.godot_bool), Godot.StringName, System.Type, bool) (/root/godot/modules/mono/glue/GodotSharp/GodotSharp/Core/GodotObject.base.cs:61)
:: [4] Godot.Control..ctor() (/root/godot/modules/mono/glue/GodotSharp/GodotSharp/Generated/GodotObjects/Control.cs:1249)
:: [5] OmegaSpiral.Source.Ui.Terminal.TerminalWindow..ctor() (/home/adam/Dev/omega-spiral/chapter-zero/source/ui/terminal/TerminalWindow.cs:38)
:: [6] void TerminalWindowTestsNew.Setup() (/home/adam/Dev/omega-spiral/chapter-zero/tests/integration/ui/terminal/TerminalWindowTests.cs:23)
:: [7] void System.RuntimeMethodHandle.InvokeMethod(System.Runtime.CompilerServices.ObjectHandleOnStack, System.Void**, System.Runtime.CompilerServices.ObjectHandleOnStack, Interop+BOOL, System.Runtime.CompilerServices.ObjectHandleOnStack)
:: [8] void System.RuntimeMethodHandle.InvokeMethod(System.Runtime.CompilerServices.ObjectHandleOnStack, System.Void**, System.Runtime.CompilerServices.ObjectHandleOnStack, Interop+BOOL, System.Runtime.CompilerServices.ObjectHandleOnStack)
:: [9] object System.Reflection.MethodBaseInvoker.InterpretedInvoke_Method(object, System.IntPtr*)
:: [10] object System.Reflection.RuntimeMethodInfo.Invoke(object, System.Reflection.BindingFlags, System.Reflection.Binder, System.Object[], System.Globalization.CultureInfo)
:: [11] void GdUnit4.Core.Execution.ExecutionStage`1+&lt;ExecuteStage&gt;d__37.MoveNext()
:: [12] void System.Runtime.CompilerServices.AsyncTaskMethodBuilder.Start&lt;TStateMachine&gt;(TStateMachine&amp;)
:: [13] System.Threading.Tasks.Task GdUnit4.Core.Execution.ExecutionStage`1.ExecuteStage(GdUnit4.Core.Execution.ExecutionContext)
:: [14] void GdUnit4.Core.Execution.ExecutionStage`1+&lt;Execute&gt;d__30.MoveNext()
:: [15] void System.Runtime.CompilerServices.AsyncTaskMethodBuilder.Start&lt;TStateMachine&gt;(TStateMachine&amp;)
:: [16] System.Threading.Tasks.Task GdUnit4.Core.Execution.ExecutionStage`1.Execute(GdUnit4.Core.Execution.ExecutionContext)
:: [17] System.Threading.Tasks.Task GdUnit4.Core.Execution.BeforeExecutionStage.&lt;&gt;n__0(GdUnit4.Core.Execution.ExecutionContext)
:: [18] void GdUnit4.Core.Execution.BeforeExecutionStage+&lt;Execute&gt;d__1.MoveNext()
:: [19] void System.Runtime.CompilerServices.AsyncTaskMethodBuilder.Start&lt;TStateMachine&gt;(TStateMachine&amp;)
:: [20] System.Threading.Tasks.Task GdUnit4.Core.Execution.BeforeExecutionStage.Execute(GdUnit4.Core.Execution.ExecutionContext)
:: [21] void GdUnit4.Core.Execution.TestSuiteExecutionStage+&lt;Execute&gt;d__13.MoveNext()
:: [22] void System.Runtime.CompilerServices.AsyncTaskMethodBuilder.Start&lt;TStateMachine&gt;(TStateMachine&amp;)
:: [23] System.Threading.Tasks.Task GdUnit4.Core.Execution.TestSuiteExecutionStage.Execute(GdUnit4.Core.Execution.ExecutionContext)
:: [24] void GdUnit4.Core.Commands.ExecuteTestSuiteCommand+&lt;Execute&gt;d__18.MoveNext()
:: [25] void System.Threading.ExecutionContext.RunInternal(System.Threading.ExecutionContext, System.Threading.ContextCallback, object)
:: [26] void System.Runtime.CompilerServices.AsyncTaskMethodBuilder`1+AsyncStateMachineBox`1.MoveNext()
:: [27] void Godot.SignalAwaiter.SignalCallback(nint, Godot.NativeInterop.godot_variant**, int, Godot.NativeInterop.godot_bool*) (/root/godot/modules/mono/glue/GodotSharp/GodotSharp/Core/SignalAwaiter.cs:65)
:: WARNING: 55 RIDs of type "CanvasItem" were leaked.
:: at: _free_rids (servers/rendering/renderer_canvas_cull.cpp:2692)
:: ERROR: 2 RID allocations of type 'PN13RendererDummy14TextureStorage12DummyTextureE' were leaked at exit.
:: ERROR: 4 RID allocations of type 'N13RendererDummy15MaterialStorage13DummyMaterialE' were leaked at exit.
:: ERROR: 4 RID allocations of type 'N13RendererDummy15MaterialStorage11DummyShaderE' were leaked at exit.
:: ERROR: 65 RID allocations of type 'PN18TextServerAdvanced22ShapedTextDataAdvancedE' were leaked at exit.
:: ERROR: 1 RID allocations of type 'PN18TextServerAdvanced12FontAdvancedE' were leaked at exit.
:: WARNING: ObjectDB instances leaked at exit (run with --verbose for details).
:: at: cleanup (core/object/object.cpp:2570)
:: ERROR: 34 resources still in use at exit (run with --verbose for details).
:: at: clear (core/io/resource.cpp:801)
GdUnit4 Godot Runtime Test Runner ends with exit code: 0

Completed tests for assembly: /home/adam/Dev/omega-spiral/chapter-zero/.godot/mono/temp/bin/Debug/chapter-zero.dll
Test execution stopped.
</StdOut>
    </Output>
    <RunInfos>
      <RunInfo computerName="omega" outcome="Error" timestamp="2025-10-25T16:04:45.4287580-04:00">
        <Text>Expecting do emitting signal:
    "AffinityScoreUpdated(&lt;Empty&gt;)"
 by
    &lt;OmegaSpiral.Source.Scripts.GameStateSignals&gt; (objId: 62075700982)</Text>
      </RunInfo>
      <RunInfo computerName="omega" outcome="Error" timestamp="2025-10-25T16:04:46.4824447-04:00">
        <Text>Expecting do emitting signal:
    "PlayerProgressionChanged(&lt;Empty&gt;)"
 by
    &lt;OmegaSpiral.Source.Scripts.GameStateSignals&gt; (objId: 62243473142)</Text>
      </RunInfo>
      <RunInfo computerName="omega" outcome="Error" timestamp="2025-10-25T16:04:47.5260901-04:00">
        <Text>Expecting do emitting signal:
    "InventoryUpdated(&lt;Empty&gt;)"
 by
    &lt;OmegaSpiral.Source.Scripts.GameStateSignals&gt; (objId: 62377690870)</Text>
      </RunInfo>
      <RunInfo computerName="omega" outcome="Error" timestamp="2025-10-25T16:04:48.5712565-04:00">
        <Text>Expecting do emitting signal:
    "CharacterPartyChanged(&lt;Empty&gt;)"
 by
    &lt;OmegaSpiral.Source.Scripts.GameStateSignals&gt; (objId: 62511908598)</Text>
      </RunInfo>
      <RunInfo computerName="omega" outcome="Error" timestamp="2025-10-25T16:04:49.6106156-04:00">
        <Text>Expecting do emitting signal:
    "DreamweaverInfluenceChanged(&lt;Empty&gt;)"
 by
    &lt;OmegaSpiral.Source.Scripts.GameStateSignals&gt; (objId: 62646126326)</Text>
      </RunInfo>
      <RunInfo computerName="omega" outcome="Warning" timestamp="2025-10-25T16:04:50.1463699-04:00">
        <Text>Warning:
    Detected &lt;2&gt; orphan nodes during test execution!</Text>
      </RunInfo>
      <RunInfo computerName="omega" outcome="Warning" timestamp="2025-10-25T16:04:50.7313554-04:00">
        <Text>Warning:
    Detected &lt;2&gt; orphan nodes during test execution!</Text>
      </RunInfo>
      <RunInfo computerName="omega" outcome="Warning" timestamp="2025-10-25T16:04:50.7722068-04:00">
        <Text>Warning:
    Detected &lt;2&gt; orphan nodes during test execution!</Text>
      </RunInfo>
      <RunInfo computerName="omega" outcome="Warning" timestamp="2025-10-25T16:04:50.8243841-04:00">
        <Text>Warning:
    Detected &lt;1&gt; orphan nodes during test execution!</Text>
      </RunInfo>
      <RunInfo computerName="omega" outcome="Error" timestamp="2025-10-25T16:04:50.8457776-04:00">
        <Text>Object reference not set to an instance of an object.</Text>
      </RunInfo>
      <RunInfo computerName="omega" outcome="Error" timestamp="2025-10-25T16:04:50.8671817-04:00">
        <Text>Expecting be NOT &lt;Null&gt;:</Text>
      </RunInfo>
      <RunInfo computerName="omega" outcome="Error" timestamp="2025-10-25T16:04:50.8962563-04:00">
        <Text>Object reference not set to an instance of an object.</Text>
      </RunInfo>
      <RunInfo computerName="omega" outcome="Error" timestamp="2025-10-25T16:04:50.9290416-04:00">
        <Text>Object reference not set to an instance of an object.</Text>
      </RunInfo>
      <RunInfo computerName="omega" outcome="Error" timestamp="2025-10-25T16:04:51.0211704-04:00">
        <Text>Expecting be equal:
    "CREDITS"
 but is
    ""</Text>
      </RunInfo>
      <RunInfo computerName="omega" outcome="Error" timestamp="2025-10-25T16:04:51.1247900-04:00">
        <Text>Expecting: 'True' but is 'False'</Text>
      </RunInfo>
      <RunInfo computerName="omega" outcome="Error" timestamp="2025-10-25T16:04:51.1588118-04:00">
        <Text>Expecting to be greater than:
    '0' but is '0'</Text>
      </RunInfo>
      <RunInfo computerName="omega" outcome="Error" timestamp="2025-10-25T16:04:51.3566945-04:00">
        <Text>Expecting:
    ""
 do contains
    "Launch"</Text>
      </RunInfo>
      <RunInfo computerName="omega" outcome="Error" timestamp="2025-10-25T16:04:51.3692133-04:00">
        <Text>Sequence contains no matching element</Text>
      </RunInfo>
      <RunInfo computerName="omega" outcome="Error" timestamp="2025-10-25T16:04:51.3902694-04:00">
        <Text>Expecting:
    ""
 do contains
    "Launch"</Text>
      </RunInfo>
      <RunInfo computerName="omega" outcome="Error" timestamp="2025-10-25T16:04:51.5241599-04:00">
        <Text>Expecting to be less than:
    '0.01' but is '0.21176499'</Text>
      </RunInfo>
      <RunInfo computerName="omega" outcome="Warning" timestamp="2025-10-25T16:04:51.7237837-04:00">
        <Text>Warning:
    Detected &lt;41&gt; orphan nodes during test suite setup stage!
    Check Setup:27 and Cleanup:35 for unfreed instances!</Text>
      </RunInfo>
      <RunInfo computerName="omega" outcome="Warning" timestamp="2025-10-25T16:04:51.7237955-04:00">
        <Text>Warning:
    Detected &lt;41&gt; orphan nodes during test suite setup stage!
    Check Setup:27 and Cleanup:35 for unfreed instances!</Text>
      </RunInfo>
      <RunInfo computerName="omega" outcome="Warning" timestamp="2025-10-25T16:04:51.7254596-04:00">
        <Text>Warning:
    Detected &lt;41&gt; orphan nodes during test suite setup stage!
    Check Setup:27 and Cleanup:35 for unfreed instances!</Text>
      </RunInfo>
      <RunInfo computerName="omega" outcome="Warning" timestamp="2025-10-25T16:04:51.7267939-04:00">
        <Text>Warning:
    Detected &lt;41&gt; orphan nodes during test suite setup stage!
    Check Setup:27 and Cleanup:35 for unfreed instances!</Text>
      </RunInfo>
      <RunInfo computerName="omega" outcome="Warning" timestamp="2025-10-25T16:04:51.7287564-04:00">
        <Text>Warning:
    Detected &lt;41&gt; orphan nodes during test suite setup stage!
    Check Setup:27 and Cleanup:35 for unfreed instances!</Text>
      </RunInfo>
      <RunInfo computerName="omega" outcome="Warning" timestamp="2025-10-25T16:04:51.7287685-04:00">
        <Text>Warning:
    Detected &lt;41&gt; orphan nodes during test suite setup stage!
    Check Setup:27 and Cleanup:35 for unfreed instances!</Text>
      </RunInfo>
      <RunInfo computerName="omega" outcome="Warning" timestamp="2025-10-25T16:04:51.7334884-04:00">
        <Text>Warning:
    Detected &lt;41&gt; orphan nodes during test suite setup stage!
    Check Setup:27 and Cleanup:35 for unfreed instances!</Text>
      </RunInfo>
      <RunInfo computerName="omega" outcome="Warning" timestamp="2025-10-25T16:04:51.7335020-04:00">
        <Text>Warning:
    Detected &lt;41&gt; orphan nodes during test suite setup stage!
    Check Setup:27 and Cleanup:35 for unfreed instances!</Text>
      </RunInfo>
      <RunInfo computerName="omega" outcome="Warning" timestamp="2025-10-25T16:04:51.7335071-04:00">
        <Text>Warning:
    Detected &lt;41&gt; orphan nodes during test suite setup stage!
    Check Setup:27 and Cleanup:35 for unfreed instances!</Text>
      </RunInfo>
      <RunInfo computerName="omega" outcome="Warning" timestamp="2025-10-25T16:04:51.7375816-04:00">
        <Text>Warning:
    Detected &lt;41&gt; orphan nodes during test suite setup stage!
    Check Setup:27 and Cleanup:35 for unfreed instances!</Text>
      </RunInfo>
      <RunInfo computerName="omega" outcome="Warning" timestamp="2025-10-25T16:04:51.7375895-04:00">
        <Text>Warning:
    Detected &lt;41&gt; orphan nodes during test suite setup stage!
    Check Setup:27 and Cleanup:35 for unfreed instances!</Text>
      </RunInfo>
      <RunInfo computerName="omega" outcome="Warning" timestamp="2025-10-25T16:04:51.7375947-04:00">
        <Text>Warning:
    Detected &lt;41&gt; orphan nodes during test suite setup stage!
    Check Setup:27 and Cleanup:35 for unfreed instances!</Text>
      </RunInfo>
      <RunInfo computerName="omega" outcome="Warning" timestamp="2025-10-25T16:04:51.7375996-04:00">
        <Text>Warning:
    Detected &lt;41&gt; orphan nodes during test suite setup stage!
    Check Setup:27 and Cleanup:35 for unfreed instances!</Text>
      </RunInfo>
      <RunInfo computerName="omega" outcome="Warning" timestamp="2025-10-25T16:04:51.7376052-04:00">
        <Text>Warning:
    Detected &lt;41&gt; orphan nodes during test suite setup stage!
    Check Setup:27 and Cleanup:35 for unfreed instances!</Text>
      </RunInfo>
      <RunInfo computerName="omega" outcome="Warning" timestamp="2025-10-25T16:04:51.7376099-04:00">
        <Text>Warning:
    Detected &lt;41&gt; orphan nodes during test suite setup stage!
    Check Setup:27 and Cleanup:35 for unfreed instances!</Text>
      </RunInfo>
      <RunInfo computerName="omega" outcome="Warning" timestamp="2025-10-25T16:04:51.7376148-04:00">
        <Text>Warning:
    Detected &lt;41&gt; orphan nodes during test suite setup stage!
    Check Setup:27 and Cleanup:35 for unfreed instances!</Text>
      </RunInfo>
      <RunInfo computerName="omega" outcome="Warning" timestamp="2025-10-25T16:04:51.7376237-04:00">
        <Text>Warning:
    Detected &lt;41&gt; orphan nodes during test suite setup stage!
    Check Setup:27 and Cleanup:35 for unfreed instances!</Text>
      </RunInfo>
      <RunInfo computerName="omega" outcome="Warning" timestamp="2025-10-25T16:04:51.7376292-04:00">
        <Text>Warning:
    Detected &lt;41&gt; orphan nodes during test suite setup stage!
    Check Setup:27 and Cleanup:35 for unfreed instances!</Text>
      </RunInfo>
      <RunInfo computerName="omega" outcome="Warning" timestamp="2025-10-25T16:04:51.7449267-04:00">
        <Text>Warning:
    Detected &lt;41&gt; orphan nodes during test suite setup stage!
    Check Setup:27 and Cleanup:35 for unfreed instances!</Text>
      </RunInfo>
      <RunInfo computerName="omega" outcome="Warning" timestamp="2025-10-25T16:04:51.7449351-04:00">
        <Text>Warning:
    Detected &lt;41&gt; orphan nodes during test suite setup stage!
    Check Setup:27 and Cleanup:35 for unfreed instances!</Text>
      </RunInfo>
      <RunInfo computerName="omega" outcome="Warning" timestamp="2025-10-25T16:04:51.7449400-04:00">
        <Text>Warning:
    Detected &lt;41&gt; orphan nodes during test suite setup stage!
    Check Setup:27 and Cleanup:35 for unfreed instances!</Text>
      </RunInfo>
      <RunInfo computerName="omega" outcome="Warning" timestamp="2025-10-25T16:04:51.7449460-04:00">
        <Text>Warning:
    Detected &lt;41&gt; orphan nodes during test suite setup stage!
    Check Setup:27 and Cleanup:35 for unfreed instances!</Text>
      </RunInfo>
      <RunInfo computerName="omega" outcome="Warning" timestamp="2025-10-25T16:04:51.7449506-04:00">
        <Text>Warning:
    Detected &lt;41&gt; orphan nodes during test suite setup stage!
    Check Setup:27 and Cleanup:35 for unfreed instances!</Text>
      </RunInfo>
      <RunInfo computerName="omega" outcome="Error" timestamp="2025-10-25T16:04:51.8534686-04:00">
        <Text>Expecting be NOT &lt;Null&gt;:</Text>
      </RunInfo>
      <RunInfo computerName="omega" outcome="Error" timestamp="2025-10-25T16:04:51.8653515-04:00">
        <Text>Expecting be equal:
    "Test Menu"
 but is
    ""</Text>
      </RunInfo>
      <RunInfo computerName="omega" outcome="Error" timestamp="2025-10-25T16:04:51.9853359-04:00">
        <Text>Expecting to be greater than:
    '0' but is '0'</Text>
      </RunInfo>
      <RunInfo computerName="omega" outcome="Error" timestamp="2025-10-25T16:04:51.9981169-04:00">
        <Text>Expecting be equal:
    &lt;Godot.Button&gt; (objId: 70581749623) but is &lt;Null&gt;</Text>
      </RunInfo>
      <RunInfo computerName="omega" outcome="Error" timestamp="2025-10-25T16:04:52.5089167-04:00">
        <Text>ObjectAssert initial error: current is primitive &lt;System.Boolean&gt;</Text>
      </RunInfo>
      <RunInfo computerName="omega" outcome="Error" timestamp="2025-10-25T16:04:52.6465816-04:00">
        <Text>The call is ambiguous between the following methods or properties: 'GdUnit4.Assertions.AssertThat(System.Collections.BitArray)' and 'GdUnit4.Assertions.AssertThat(Godot.Collections.Array)'</Text>
      </RunInfo>
      <RunInfo computerName="omega" outcome="Error" timestamp="2025-10-25T16:04:52.6623815-04:00">
        <Text>The call is ambiguous between the following methods or properties: 'GdUnit4.Assertions.AssertThat(System.Collections.BitArray)' and 'GdUnit4.Assertions.AssertThat(Godot.Collections.Array)'</Text>
      </RunInfo>
      <RunInfo computerName="omega" outcome="Error" timestamp="2025-10-25T16:04:52.6623910-04:00">
        <Text>The call is ambiguous between the following methods or properties: 'GdUnit4.Assertions.AssertThat(System.Collections.BitArray)' and 'GdUnit4.Assertions.AssertThat(Godot.Collections.Array)'</Text>
      </RunInfo>
      <RunInfo computerName="omega" outcome="Error" timestamp="2025-10-25T16:04:52.6663566-04:00">
        <Text>The call is ambiguous between the following methods or properties: 'GdUnit4.Assertions.AssertThat(System.Collections.BitArray)' and 'GdUnit4.Assertions.AssertThat(Godot.Collections.Array)'</Text>
      </RunInfo>
      <RunInfo computerName="omega" outcome="Error" timestamp="2025-10-25T16:04:52.6675224-04:00">
        <Text>The call is ambiguous between the following methods or properties: 'GdUnit4.Assertions.AssertThat(System.Collections.BitArray)' and 'GdUnit4.Assertions.AssertThat(Godot.Collections.Array)'</Text>
      </RunInfo>
      <RunInfo computerName="omega" outcome="Error" timestamp="2025-10-25T16:04:59.1418207-04:00">
        <Text>Expecting to be greater than:
    '0' but is '0'</Text>
      </RunInfo>
      <RunInfo computerName="omega" outcome="Error" timestamp="2025-10-25T16:04:59.1627467-04:00">
        <Text>The call is ambiguous between the following methods or properties: 'GdUnit4.Assertions.AssertThat(System.Collections.BitArray)' and 'GdUnit4.Assertions.AssertThat(Godot.Collections.Array)'</Text>
      </RunInfo>
      <RunInfo computerName="omega" outcome="Warning" timestamp="2025-10-25T16:04:59.1685661-04:00">
        <Text>Warning:
    Detected &lt;9&gt; orphan nodes during test suite setup stage!
    Check Setup:26 and Cleanup:34 for unfreed instances!</Text>
      </RunInfo>
      <RunInfo computerName="omega" outcome="Warning" timestamp="2025-10-25T16:04:59.1699089-04:00">
        <Text>Warning:
    Detected &lt;9&gt; orphan nodes during test suite setup stage!
    Check Setup:26 and Cleanup:34 for unfreed instances!</Text>
      </RunInfo>
      <RunInfo computerName="omega" outcome="Warning" timestamp="2025-10-25T16:04:59.1707026-04:00">
        <Text>Warning:
    Detected &lt;9&gt; orphan nodes during test suite setup stage!
    Check Setup:26 and Cleanup:34 for unfreed instances!</Text>
      </RunInfo>
      <RunInfo computerName="omega" outcome="Warning" timestamp="2025-10-25T16:04:59.1741500-04:00">
        <Text>Warning:
    Detected &lt;9&gt; orphan nodes during test suite setup stage!
    Check Setup:26 and Cleanup:34 for unfreed instances!</Text>
      </RunInfo>
      <RunInfo computerName="omega" outcome="Warning" timestamp="2025-10-25T16:04:59.1741647-04:00">
        <Text>Warning:
    Detected &lt;9&gt; orphan nodes during test suite setup stage!
    Check Setup:26 and Cleanup:34 for unfreed instances!</Text>
      </RunInfo>
      <RunInfo computerName="omega" outcome="Warning" timestamp="2025-10-25T16:04:59.1741695-04:00">
        <Text>Warning:
    Detected &lt;9&gt; orphan nodes during test suite setup stage!
    Check Setup:26 and Cleanup:34 for unfreed instances!</Text>
      </RunInfo>
      <RunInfo computerName="omega" outcome="Warning" timestamp="2025-10-25T16:04:59.1758904-04:00">
        <Text>Warning:
    Detected &lt;9&gt; orphan nodes during test suite setup stage!
    Check Setup:26 and Cleanup:34 for unfreed instances!</Text>
      </RunInfo>
      <RunInfo computerName="omega" outcome="Warning" timestamp="2025-10-25T16:04:59.1766823-04:00">
        <Text>Warning:
    Detected &lt;9&gt; orphan nodes during test suite setup stage!
    Check Setup:26 and Cleanup:34 for unfreed instances!</Text>
      </RunInfo>
      <RunInfo computerName="omega" outcome="Warning" timestamp="2025-10-25T16:04:59.1780520-04:00">
        <Text>Warning:
    Detected &lt;9&gt; orphan nodes during test suite setup stage!
    Check Setup:26 and Cleanup:34 for unfreed instances!</Text>
      </RunInfo>
      <RunInfo computerName="omega" outcome="Warning" timestamp="2025-10-25T16:04:59.1825292-04:00">
        <Text>Warning:
    Detected &lt;9&gt; orphan nodes during test suite setup stage!
    Check Setup:26 and Cleanup:34 for unfreed instances!</Text>
      </RunInfo>
      <RunInfo computerName="omega" outcome="Warning" timestamp="2025-10-25T16:04:59.1825355-04:00">
        <Text>Warning:
    Detected &lt;9&gt; orphan nodes during test suite setup stage!
    Check Setup:26 and Cleanup:34 for unfreed instances!</Text>
      </RunInfo>
      <RunInfo computerName="omega" outcome="Warning" timestamp="2025-10-25T16:04:59.1825415-04:00">
        <Text>Warning:
    Detected &lt;9&gt; orphan nodes during test suite setup stage!
    Check Setup:26 and Cleanup:34 for unfreed instances!</Text>
      </RunInfo>
      <RunInfo computerName="omega" outcome="Warning" timestamp="2025-10-25T16:04:59.1825464-04:00">
        <Text>Warning:
    Detected &lt;9&gt; orphan nodes during test suite setup stage!
    Check Setup:26 and Cleanup:34 for unfreed instances!</Text>
      </RunInfo>
      <RunInfo computerName="omega" outcome="Warning" timestamp="2025-10-25T16:04:59.1825518-04:00">
        <Text>Warning:
    Detected &lt;9&gt; orphan nodes during test suite setup stage!
    Check Setup:26 and Cleanup:34 for unfreed instances!</Text>
      </RunInfo>
      <RunInfo computerName="omega" outcome="Warning" timestamp="2025-10-25T16:04:59.1825566-04:00">
        <Text>Warning:
    Detected &lt;9&gt; orphan nodes during test suite setup stage!
    Check Setup:26 and Cleanup:34 for unfreed instances!</Text>
      </RunInfo>
      <RunInfo computerName="omega" outcome="Warning" timestamp="2025-10-25T16:04:59.1825644-04:00">
        <Text>Warning:
    Detected &lt;9&gt; orphan nodes during test suite setup stage!
    Check Setup:26 and Cleanup:34 for unfreed instances!</Text>
      </RunInfo>
      <RunInfo computerName="omega" outcome="Warning" timestamp="2025-10-25T16:04:59.1825689-04:00">
        <Text>Warning:
    Detected &lt;9&gt; orphan nodes during test suite setup stage!
    Check Setup:26 and Cleanup:34 for unfreed instances!</Text>
      </RunInfo>
      <RunInfo computerName="omega" outcome="Warning" timestamp="2025-10-25T16:04:59.1835638-04:00">
        <Text>Warning:
    Detected &lt;9&gt; orphan nodes during test suite setup stage!
    Check Setup:26 and Cleanup:34 for unfreed instances!</Text>
      </RunInfo>
      <RunInfo computerName="omega" outcome="Warning" timestamp="2025-10-25T16:04:59.1856977-04:00">
        <Text>Warning:
    Detected &lt;9&gt; orphan nodes during test suite setup stage!
    Check Setup:26 and Cleanup:34 for unfreed instances!</Text>
      </RunInfo>
      <RunInfo computerName="omega" outcome="Warning" timestamp="2025-10-25T16:04:59.1857042-04:00">
        <Text>Warning:
    Detected &lt;9&gt; orphan nodes during test suite setup stage!
    Check Setup:26 and Cleanup:34 for unfreed instances!</Text>
      </RunInfo>
      <RunInfo computerName="omega" outcome="Warning" timestamp="2025-10-25T16:04:59.1857086-04:00">
        <Text>Warning:
    Detected &lt;9&gt; orphan nodes during test suite setup stage!
    Check Setup:26 and Cleanup:34 for unfreed instances!</Text>
      </RunInfo>
      <RunInfo computerName="omega" outcome="Warning" timestamp="2025-10-25T16:04:59.1857170-04:00">
        <Text>Warning:
    Detected &lt;9&gt; orphan nodes during test suite setup stage!
    Check Setup:26 and Cleanup:34 for unfreed instances!</Text>
      </RunInfo>
      <RunInfo computerName="omega" outcome="Warning" timestamp="2025-10-25T16:04:59.1858641-04:00">
        <Text>Warning:
    Detected &lt;9&gt; orphan nodes during test suite setup stage!
    Check Setup:26 and Cleanup:34 for unfreed instances!</Text>
      </RunInfo>
      <RunInfo computerName="omega" outcome="Warning" timestamp="2025-10-25T16:04:59.1861145-04:00">
        <Text>Warning:
    Detected &lt;9&gt; orphan nodes during test suite setup stage!
    Check Setup:26 and Cleanup:34 for unfreed instances!</Text>
      </RunInfo>
      <RunInfo computerName="omega" outcome="Warning" timestamp="2025-10-25T16:04:59.1889745-04:00">
        <Text>Warning:
    Detected &lt;9&gt; orphan nodes during test suite setup stage!
    Check Setup:26 and Cleanup:34 for unfreed instances!</Text>
      </RunInfo>
      <RunInfo computerName="omega" outcome="Warning" timestamp="2025-10-25T16:04:59.1889890-04:00">
        <Text>Warning:
    Detected &lt;9&gt; orphan nodes during test suite setup stage!
    Check Setup:26 and Cleanup:34 for unfreed instances!</Text>
      </RunInfo>
      <RunInfo computerName="omega" outcome="Warning" timestamp="2025-10-25T16:04:59.1889941-04:00">
        <Text>Warning:
    Detected &lt;9&gt; orphan nodes during test suite setup stage!
    Check Setup:26 and Cleanup:34 for unfreed instances!</Text>
      </RunInfo>
      <RunInfo computerName="omega" outcome="Error" timestamp="2025-10-25T16:04:59.2531871-04:00">
        <Text>Expecting be equal:
    "PAUSED"
 but is
    ""</Text>
      </RunInfo>
      <RunInfo computerName="omega" outcome="Error" timestamp="2025-10-25T16:04:59.2739265-04:00">
        <Text>Expecting be equal:
    "Resume Game"
 but is
    "Resume"</Text>
      </RunInfo>
      <RunInfo computerName="omega" outcome="Error" timestamp="2025-10-25T16:04:59.3012822-04:00">
        <Text>Expecting be NOT &lt;Null&gt;:</Text>
      </RunInfo>
      <RunInfo computerName="omega" outcome="Error" timestamp="2025-10-25T16:04:59.3211114-04:00">
        <Text>Object reference not set to an instance of an object.</Text>
      </RunInfo>
      <RunInfo computerName="omega" outcome="Error" timestamp="2025-10-25T16:04:59.3338474-04:00">
        <Text>Object reference not set to an instance of an object.</Text>
      </RunInfo>
      <RunInfo computerName="omega" outcome="Error" timestamp="2025-10-25T16:04:59.4114305-04:00">
        <Text>Parameter count mismatch.</Text>
      </RunInfo>
      <RunInfo computerName="omega" outcome="Error" timestamp="2025-10-25T16:04:59.4448942-04:00">
        <Text>Expecting be NOT &lt;Null&gt;:</Text>
      </RunInfo>
      <RunInfo computerName="omega" outcome="Error" timestamp="2025-10-25T16:04:59.5715681-04:00">
        <Text>Expecting be NOT &lt;Null&gt;:</Text>
      </RunInfo>
      <RunInfo computerName="omega" outcome="Error" timestamp="2025-10-25T16:04:59.5910607-04:00">
        <Text>Expecting be NOT &lt;Null&gt;:</Text>
      </RunInfo>
      <RunInfo computerName="omega" outcome="Error" timestamp="2025-10-25T16:04:59.7567484-04:00">
        <Text>GdUnitSceneRunner: Can't load scene by given resource path: 'res://source/ui/terminal/terminal_window.tscn'. The resource does not exists.</Text>
      </RunInfo>
      <RunInfo computerName="omega" outcome="Error" timestamp="2025-10-25T16:04:59.7572829-04:00">
        <Text>GdUnitSceneRunner: Can't load scene by given resource path: 'res://source/ui/terminal/terminal_window.tscn'. The resource does not exists.</Text>
      </RunInfo>
      <RunInfo computerName="omega" outcome="Error" timestamp="2025-10-25T16:04:59.7587842-04:00">
        <Text>GdUnitSceneRunner: Can't load scene by given resource path: 'res://source/ui/terminal/terminal_window.tscn'. The resource does not exists.</Text>
      </RunInfo>
      <RunInfo computerName="omega" outcome="Error" timestamp="2025-10-25T16:04:59.7587922-04:00">
        <Text>GdUnitSceneRunner: Can't load scene by given resource path: 'res://source/ui/terminal/terminal_window.tscn'. The resource does not exists.</Text>
      </RunInfo>
      <RunInfo computerName="omega" outcome="Error" timestamp="2025-10-25T16:04:59.7587997-04:00">
        <Text>GdUnitSceneRunner: Can't load scene by given resource path: 'res://source/ui/terminal/terminal_window.tscn'. The resource does not exists.</Text>
      </RunInfo>
      <RunInfo computerName="omega" outcome="Error" timestamp="2025-10-25T16:04:59.7593375-04:00">
        <Text>GdUnitSceneRunner: Can't load scene by given resource path: 'res://source/ui/terminal/terminal_window.tscn'. The resource does not exists.</Text>
      </RunInfo>
      <RunInfo computerName="omega" outcome="Error" timestamp="2025-10-25T16:04:59.7605844-04:00">
        <Text>GdUnitSceneRunner: Can't load scene by given resource path: 'res://source/ui/terminal/terminal_window.tscn'. The resource does not exists.</Text>
      </RunInfo>
      <RunInfo computerName="omega" outcome="Error" timestamp="2025-10-25T16:04:59.7608678-04:00">
        <Text>GdUnitSceneRunner: Can't load scene by given resource path: 'res://source/ui/terminal/terminal_window.tscn'. The resource does not exists.</Text>
      </RunInfo>
      <RunInfo computerName="omega" outcome="Error" timestamp="2025-10-25T16:04:59.7693883-04:00">
        <Text>Object reference not set to an instance of an object.</Text>
      </RunInfo>
      <RunInfo computerName="omega" outcome="Error" timestamp="2025-10-25T16:04:59.7900726-04:00">
        <Text>Object reference not set to an instance of an object.</Text>
      </RunInfo>
      <RunInfo computerName="omega" outcome="Error" timestamp="2025-10-25T16:04:59.8040058-04:00">
        <Text>Object reference not set to an instance of an object.</Text>
      </RunInfo>
      <RunInfo computerName="omega" outcome="Error" timestamp="2025-10-25T16:04:59.8254275-04:00">
        <Text>Object reference not set to an instance of an object.</Text>
      </RunInfo>
      <RunInfo computerName="omega" outcome="Error" timestamp="2025-10-25T16:04:59.8592878-04:00">
        <Text>Object reference not set to an instance of an object.</Text>
      </RunInfo>
      <RunInfo computerName="omega" outcome="Error" timestamp="2025-10-25T16:04:59.8728793-04:00">
        <Text>Object reference not set to an instance of an object.</Text>
      </RunInfo>
      <RunInfo computerName="omega" outcome="Error" timestamp="2025-10-25T16:04:59.8867438-04:00">
        <Text>Object reference not set to an instance of an object.</Text>
      </RunInfo>
      <RunInfo computerName="omega" outcome="Error" timestamp="2025-10-25T16:04:59.9075691-04:00">
        <Text>Object reference not set to an instance of an object.</Text>
      </RunInfo>
      <RunInfo computerName="omega" outcome="Warning" timestamp="2025-10-25T16:04:59.9774217-04:00">
        <Text>Warning:
    Detected &lt;1&gt; orphan nodes during test execution!</Text>
      </RunInfo>
      <RunInfo computerName="omega" outcome="Warning" timestamp="2025-10-25T16:04:59.9903558-04:00">
        <Text>Warning:
    Detected &lt;1&gt; orphan nodes during test execution!</Text>
      </RunInfo>
      <RunInfo computerName="omega" outcome="Warning" timestamp="2025-10-25T16:05:00.0094968-04:00">
        <Text>Warning:
    Detected &lt;1&gt; orphan nodes during test execution!</Text>
      </RunInfo>
      <RunInfo computerName="omega" outcome="Warning" timestamp="2025-10-25T16:05:00.0322014-04:00">
        <Text>Warning:
    Detected &lt;1&gt; orphan nodes during test execution!</Text>
      </RunInfo>
      <RunInfo computerName="omega" outcome="Warning" timestamp="2025-10-25T16:05:00.0661810-04:00">
        <Text>Warning:
    Detected &lt;1&gt; orphan nodes during test execution!</Text>
      </RunInfo>
      <RunInfo computerName="omega" outcome="Warning" timestamp="2025-10-25T16:05:00.0808868-04:00">
        <Text>Warning:
    Detected &lt;1&gt; orphan nodes during test execution!</Text>
      </RunInfo>
      <RunInfo computerName="omega" outcome="Warning" timestamp="2025-10-25T16:05:00.2625640-04:00">
        <Text>Warning:
    Detected &lt;1&gt; orphan nodes during test suite setup stage!
    Check Setup:21 and Cleanup:31 for unfreed instances!</Text>
      </RunInfo>
      <RunInfo computerName="omega" outcome="Warning" timestamp="2025-10-25T16:05:00.2699826-04:00">
        <Text>Warning:
    Detected &lt;1&gt; orphan nodes during test suite setup stage!
    Check Setup:21 and Cleanup:31 for unfreed instances!</Text>
      </RunInfo>
      <RunInfo computerName="omega" outcome="Warning" timestamp="2025-10-25T16:05:00.2699900-04:00">
        <Text>Warning:
    Detected &lt;1&gt; orphan nodes during test suite setup stage!
    Check Setup:21 and Cleanup:31 for unfreed instances!</Text>
      </RunInfo>
      <RunInfo computerName="omega" outcome="Warning" timestamp="2025-10-25T16:05:00.2699951-04:00">
        <Text>Warning:
    Detected &lt;1&gt; orphan nodes during test suite setup stage!
    Check Setup:21 and Cleanup:31 for unfreed instances!</Text>
      </RunInfo>
      <RunInfo computerName="omega" outcome="Warning" timestamp="2025-10-25T16:05:00.2699995-04:00">
        <Text>Warning:
    Detected &lt;1&gt; orphan nodes during test suite setup stage!
    Check Setup:21 and Cleanup:31 for unfreed instances!</Text>
      </RunInfo>
      <RunInfo computerName="omega" outcome="Warning" timestamp="2025-10-25T16:05:00.2700040-04:00">
        <Text>Warning:
    Detected &lt;1&gt; orphan nodes during test suite setup stage!
    Check Setup:21 and Cleanup:31 for unfreed instances!</Text>
      </RunInfo>
      <RunInfo computerName="omega" outcome="Warning" timestamp="2025-10-25T16:05:00.4137395-04:00">
        <Text>Warning:
    Detected &lt;3&gt; orphan nodes during test execution!</Text>
      </RunInfo>
      <RunInfo computerName="omega" outcome="Warning" timestamp="2025-10-25T16:05:00.5591265-04:00">
        <Text>Warning:
    Detected &lt;3&gt; orphan nodes during test execution!</Text>
      </RunInfo>
      <RunInfo computerName="omega" outcome="Warning" timestamp="2025-10-25T16:05:00.6973171-04:00">
        <Text>Warning:
    Detected &lt;3&gt; orphan nodes during test execution!</Text>
      </RunInfo>
      <RunInfo computerName="omega" outcome="Warning" timestamp="2025-10-25T16:05:00.8194475-04:00">
        <Text>Warning:
    Detected &lt;2&gt; orphan nodes during test execution!</Text>
      </RunInfo>
      <RunInfo computerName="omega" outcome="Warning" timestamp="2025-10-25T16:05:02.7018678-04:00">
        <Text>Warning:
    Detected &lt;1&gt; orphan nodes during test suite setup stage!
    Check Setup:26 and Cleanup:36 for unfreed instances!</Text>
      </RunInfo>
      <RunInfo computerName="omega" outcome="Warning" timestamp="2025-10-25T16:05:02.7050519-04:00">
        <Text>Warning:
    Detected &lt;1&gt; orphan nodes during test suite setup stage!
    Check Setup:26 and Cleanup:36 for unfreed instances!</Text>
      </RunInfo>
      <RunInfo computerName="omega" outcome="Warning" timestamp="2025-10-25T16:05:02.7050625-04:00">
        <Text>Warning:
    Detected &lt;1&gt; orphan nodes during test suite setup stage!
    Check Setup:26 and Cleanup:36 for unfreed instances!</Text>
      </RunInfo>
      <RunInfo computerName="omega" outcome="Warning" timestamp="2025-10-25T16:05:02.7050673-04:00">
        <Text>Warning:
    Detected &lt;1&gt; orphan nodes during test suite setup stage!
    Check Setup:26 and Cleanup:36 for unfreed instances!</Text>
      </RunInfo>
      <RunInfo computerName="omega" outcome="Warning" timestamp="2025-10-25T16:05:02.7050742-04:00">
        <Text>Warning:
    Detected &lt;1&gt; orphan nodes during test suite setup stage!
    Check Setup:26 and Cleanup:36 for unfreed instances!</Text>
      </RunInfo>
      <RunInfo computerName="omega" outcome="Warning" timestamp="2025-10-25T16:05:02.7050800-04:00">
        <Text>Warning:
    Detected &lt;1&gt; orphan nodes during test suite setup stage!
    Check Setup:26 and Cleanup:36 for unfreed instances!</Text>
      </RunInfo>
      <RunInfo computerName="omega" outcome="Warning" timestamp="2025-10-25T16:05:02.7078402-04:00">
        <Text>Warning:
    Detected &lt;1&gt; orphan nodes during test suite setup stage!
    Check Setup:26 and Cleanup:36 for unfreed instances!</Text>
      </RunInfo>
      <RunInfo computerName="omega" outcome="Warning" timestamp="2025-10-25T16:05:02.7078473-04:00">
        <Text>Warning:
    Detected &lt;1&gt; orphan nodes during test suite setup stage!
    Check Setup:26 and Cleanup:36 for unfreed instances!</Text>
      </RunInfo>
      <RunInfo computerName="omega" outcome="Warning" timestamp="2025-10-25T16:05:02.7078519-04:00">
        <Text>Warning:
    Detected &lt;1&gt; orphan nodes during test suite setup stage!
    Check Setup:26 and Cleanup:36 for unfreed instances!</Text>
      </RunInfo>
      <RunInfo computerName="omega" outcome="Warning" timestamp="2025-10-25T16:05:02.7078569-04:00">
        <Text>Warning:
    Detected &lt;1&gt; orphan nodes during test suite setup stage!
    Check Setup:26 and Cleanup:36 for unfreed instances!</Text>
      </RunInfo>
      <RunInfo computerName="omega" outcome="Warning" timestamp="2025-10-25T16:05:02.7078615-04:00">
        <Text>Warning:
    Detected &lt;1&gt; orphan nodes during test suite setup stage!
    Check Setup:26 and Cleanup:36 for unfreed instances!</Text>
      </RunInfo>
      <RunInfo computerName="omega" outcome="Error" timestamp="2025-10-25T16:05:04.4951097-04:00">
        <Text>Expecting be equal:
    ""
 but is
    "Red Text"</Text>
      </RunInfo>
      <RunInfo computerName="omega" outcome="Warning" timestamp="2025-10-25T16:05:08.3169902-04:00">
        <Text>Warning:
    Detected &lt;1&gt; orphan nodes during test execution!</Text>
      </RunInfo>
      <RunInfo computerName="omega" outcome="Warning" timestamp="2025-10-25T16:05:08.3305869-04:00">
        <Text>Warning:
    Detected &lt;1&gt; orphan nodes during test execution!</Text>
      </RunInfo>
      <RunInfo computerName="omega" outcome="Warning" timestamp="2025-10-25T16:05:08.3445765-04:00">
        <Text>Warning:
    Detected &lt;1&gt; orphan nodes during test execution!</Text>
      </RunInfo>
      <RunInfo computerName="omega" outcome="Warning" timestamp="2025-10-25T16:05:08.3651027-04:00">
        <Text>Warning:
    Detected &lt;1&gt; orphan nodes during test execution!</Text>
      </RunInfo>
      <RunInfo computerName="omega" outcome="Warning" timestamp="2025-10-25T16:05:08.3858030-04:00">
        <Text>Warning:
    Detected &lt;1&gt; orphan nodes during test execution!</Text>
      </RunInfo>
      <RunInfo computerName="omega" outcome="Warning" timestamp="2025-10-25T16:05:08.3995313-04:00">
        <Text>Warning:
    Detected &lt;1&gt; orphan nodes during test execution!</Text>
      </RunInfo>
    </RunInfos>
  </ResultSummary>
</TestRun>