<?xml version="1.0" encoding="utf-8"?>
<TestRun id="dafcde39-7cc7-4fa5-bfcb-8bd0c76cd09d" name="@omega 2025-10-26 19:23:54" xmlns="http://microsoft.com/schemas/VisualStudio/TeamTest/2010">
  <Times creation="2025-10-26T19:23:54.3627730-04:00" queuing="2025-10-26T19:23:54.3627730-04:00" start="2025-10-26T19:16:14.0957979-04:00" finish="2025-10-26T19:23:54.4544232-04:00" />
  <TestSettings name="default" id="fd4b493e-7d83-4fed-8869-40b84bcb3469">
    <Deployment runDeploymentRoot="_omega_2025-10-26_19_23_54" />
  </TestSettings>
  <Results>
    <UnitTestResult executionId="37a4f7e2-70a6-45e2-b9b7-0916b707a102" testId="3ceb0c10-48ad-4576-8650-fe005738839c" testName="OmegaSpiral.Tests.Unit.Common.Omega.IOmegaTextRendererTests.OmegaTextRenderer_ImplementsInterface" computerName="omega" duration="00:00:00.0100000" startTime="2025-10-26T19:23:54.3687503-04:00" endTime="2025-10-26T19:23:54.3691382-04:00" testType="13cdc9d9-ddb5-4fa4-a97d-d965ccfc6d4b" outcome="Passed" testListId="8c84fa94-04c1-424b-9868-57a2d4851a1d" relativeResultsDirectory="37a4f7e2-70a6-45e2-b9b7-0916b707a102" />
    <UnitTestResult executionId="53002fbf-ccf8-47a1-8703-0260ca894100" testId="dceaad02-65df-43aa-9479-827754fe6472" testName="OmegaSpiral.Tests.Unit.Common.Omega.IOmegaChoicePresenterTests.OmegaChoicePresenter_ImplementsInterface" computerName="omega" duration="00:00:00.0100000" startTime="2025-10-26T19:23:54.2487271-04:00" endTime="2025-10-26T19:23:54.2491094-04:00" testType="13cdc9d9-ddb5-4fa4-a97d-d965ccfc6d4b" outcome="Passed" testListId="8c84fa94-04c1-424b-9868-57a2d4851a1d" relativeResultsDirectory="53002fbf-ccf8-47a1-8703-0260ca894100" />
    <UnitTestResult executionId="e92b5645-b66a-4237-9ff4-d62b70619639" testId="40dd32e1-3240-4230-bf9f-333802466d5b" testName="OmegaSpiral.Tests.Unit.Common.Omega.IOmegaChoicePresenterTests.Interface_HasHideChoicesMethod" computerName="omega" duration="00:00:00.0510000" startTime="2025-10-26T19:23:54.2364868-04:00" endTime="2025-10-26T19:23:54.2369302-04:00" testType="13cdc9d9-ddb5-4fa4-a97d-d965ccfc6d4b" outcome="Passed" testListId="8c84fa94-04c1-424b-9868-57a2d4851a1d" relativeResultsDirectory="e92b5645-b66a-4237-9ff4-d62b70619639" />
    <UnitTestResult executionId="31d128ea-f9ba-4f4f-9366-b5564d4bd7e5" testId="6396213d-56c6-428d-80eb-f43894dbb547" testName="OmegaSpiral.Tests.Unit.Common.Omega.IOmegaChoicePresenterTests.Interface_HasPresentChoicesAsyncMethod" computerName="omega" duration="00:00:00.0500000" startTime="2025-10-26T19:23:54.1797540-04:00" endTime="2025-10-26T19:23:54.1818390-04:00" testType="13cdc9d9-ddb5-4fa4-a97d-d965ccfc6d4b" outcome="Passed" testListId="8c84fa94-04c1-424b-9868-57a2d4851a1d" relativeResultsDirectory="31d128ea-f9ba-4f4f-9366-b5564d4bd7e5" />
    <UnitTestResult executionId="da2cead3-ae28-406b-aa9f-c6fd26e063ac" testId="d9a525a7-a5a0-47f7-a2f6-a55ecc1bd935" testName="OmegaSpiral.Tests.Unit.Common.Omega.IOmegaShaderControllerTests.Interface_HasApplyVisualPresetAsyncMethod" computerName="omega" duration="00:00:00.0100000" startTime="2025-10-26T19:23:54.2635181-04:00" endTime="2025-10-26T19:23:54.2639123-04:00" testType="13cdc9d9-ddb5-4fa4-a97d-d965ccfc6d4b" outcome="Passed" testListId="8c84fa94-04c1-424b-9868-57a2d4851a1d" relativeResultsDirectory="da2cead3-ae28-406b-aa9f-c6fd26e063ac" />
    <UnitTestResult executionId="235d7029-3f78-445b-b60c-23c17c869ecc" testId="751c5c41-e6e2-45bd-8627-18ca80e62e78" testName="OmegaSpiral.Tests.Unit.Common.Omega.IOmegaTextRendererTests.Interface_HasIsAnimatingMethod" computerName="omega" duration="00:00:00.0110000" startTime="2025-10-26T19:23:54.3576780-04:00" endTime="2025-10-26T19:23:54.3581934-04:00" testType="13cdc9d9-ddb5-4fa4-a97d-d965ccfc6d4b" outcome="Passed" testListId="8c84fa94-04c1-424b-9868-57a2d4851a1d" relativeResultsDirectory="235d7029-3f78-445b-b60c-23c17c869ecc" />
    <UnitTestResult executionId="21559449-97fc-4f57-b5cb-7670b9247878" testId="050de13c-28c3-47cd-adf8-18e147cd9622" testName="OmegaSpiral.Tests.Unit.Common.Omega.IOmegaTextRendererTests.Interface_HasClearTextMethod" computerName="omega" duration="00:00:00.0100000" startTime="2025-10-26T19:23:54.3240469-04:00" endTime="2025-10-26T19:23:54.3244463-04:00" testType="13cdc9d9-ddb5-4fa4-a97d-d965ccfc6d4b" outcome="Passed" testListId="8c84fa94-04c1-424b-9868-57a2d4851a1d" relativeResultsDirectory="21559449-97fc-4f57-b5cb-7670b9247878" />
    <UnitTestResult executionId="7df516be-0b96-4436-bac4-b5b1c13870f2" testId="a6071179-67db-4085-9928-ce14ea1d0221" testName="OmegaSpiral.Tests.Unit.Common.Omega.IOmegaTextRendererTests.Interface_HasAppendTextAsyncMethod" computerName="omega" duration="00:00:00.0110000" startTime="2025-10-26T19:23:54.3131433-04:00" endTime="2025-10-26T19:23:54.3135552-04:00" testType="13cdc9d9-ddb5-4fa4-a97d-d965ccfc6d4b" outcome="Passed" testListId="8c84fa94-04c1-424b-9868-57a2d4851a1d" relativeResultsDirectory="7df516be-0b96-4436-bac4-b5b1c13870f2" />
    <UnitTestResult executionId="90bde50a-c2a3-4339-885c-ca8666e4c671" testId="4e788015-f542-45c8-8fad-8d2b391435c0" testName="OmegaSpiral.Tests.Unit.Common.Omega.IOmegaShaderControllerTests.OmegaShaderController_ImplementsInterface" computerName="omega" duration="00:00:00.0120000" startTime="2025-10-26T19:23:54.3007089-04:00" endTime="2025-10-26T19:23:54.3011035-04:00" testType="13cdc9d9-ddb5-4fa4-a97d-d965ccfc6d4b" outcome="Passed" testListId="8c84fa94-04c1-424b-9868-57a2d4851a1d" relativeResultsDirectory="90bde50a-c2a3-4339-885c-ca8666e4c671" />
    <UnitTestResult executionId="9b566dde-0034-404b-a5c6-890f2562f47e" testId="8ea342ec-3755-4b65-8122-033b506734ea" testName="OmegaSpiral.Tests.Unit.Common.Omega.IOmegaTextRendererTests.Interface_HasSetTextColorMethod" computerName="omega" duration="00:00:00.0200000" startTime="2025-10-26T19:23:54.3452032-04:00" endTime="2025-10-26T19:23:54.3456397-04:00" testType="13cdc9d9-ddb5-4fa4-a97d-d965ccfc6d4b" outcome="Passed" testListId="8c84fa94-04c1-424b-9868-57a2d4851a1d" relativeResultsDirectory="9b566dde-0034-404b-a5c6-890f2562f47e" />
    <UnitTestResult executionId="a0490b73-a991-4d88-bb69-7d8153a858c7" testId="026be051-6b20-451f-98e1-093e64eb2f6c" testName="OmegaSpiral.Tests.Unit.Common.Omega.IOmegaShaderControllerTests.Interface_HasPixelDissolveAsyncMethod" computerName="omega" duration="00:00:00.0100000" startTime="2025-10-26T19:23:54.2877241-04:00" endTime="2025-10-26T19:23:54.2881690-04:00" testType="13cdc9d9-ddb5-4fa4-a97d-d965ccfc6d4b" outcome="Passed" testListId="8c84fa94-04c1-424b-9868-57a2d4851a1d" relativeResultsDirectory="a0490b73-a991-4d88-bb69-7d8153a858c7" />
    <UnitTestResult executionId="d16f13db-60a0-4c5c-b552-bb9200a3ca23" testId="8322522a-730d-40d8-a57a-2e0635eed702" testName="OmegaSpiral.Tests.Unit.Common.Omega.IOmegaShaderControllerTests.Interface_HasResetShaderEffectsMethod" computerName="omega" duration="00:00:00.0120000" startTime="2025-10-26T19:23:54.2768477-04:00" endTime="2025-10-26T19:23:54.2772661-04:00" testType="13cdc9d9-ddb5-4fa4-a97d-d965ccfc6d4b" outcome="Passed" testListId="8c84fa94-04c1-424b-9868-57a2d4851a1d" relativeResultsDirectory="d16f13db-60a0-4c5c-b552-bb9200a3ca23" />
  </Results>
  <TestDefinitions>
    <UnitTest name="Interface_HasPresentChoicesAsyncMethod" storage="/home/adam/dev/omega-spiral/chapter-zero/.godot/mono/temp/bin/debug/chapter-zero.dll" id="6396213d-56c6-428d-80eb-f43894dbb547">
      <Execution id="31d128ea-f9ba-4f4f-9366-b5564d4bd7e5" />
      <TestMethod codeBase="/home/adam/Dev/omega-spiral/chapter-zero/.godot/mono/temp/bin/Debug/chapter-zero.dll" adapterTypeName="executor://gdunit4.testadapter/" className="OmegaSpiral.Tests.Unit.Common.Omega.IOmegaChoicePresenterTests" name="Interface_HasPresentChoicesAsyncMethod" />
    </UnitTest>
    <UnitTest name="OmegaShaderController_ImplementsInterface" storage="/home/adam/dev/omega-spiral/chapter-zero/.godot/mono/temp/bin/debug/chapter-zero.dll" id="4e788015-f542-45c8-8fad-8d2b391435c0">
      <Execution id="90bde50a-c2a3-4339-885c-ca8666e4c671" />
      <TestMethod codeBase="/home/adam/Dev/omega-spiral/chapter-zero/.godot/mono/temp/bin/Debug/chapter-zero.dll" adapterTypeName="executor://gdunit4.testadapter/" className="OmegaSpiral.Tests.Unit.Common.Omega.IOmegaShaderControllerTests" name="OmegaShaderController_ImplementsInterface" />
    </UnitTest>
    <UnitTest name="Interface_HasAppendTextAsyncMethod" storage="/home/adam/dev/omega-spiral/chapter-zero/.godot/mono/temp/bin/debug/chapter-zero.dll" id="a6071179-67db-4085-9928-ce14ea1d0221">
      <Execution id="7df516be-0b96-4436-bac4-b5b1c13870f2" />
      <TestMethod codeBase="/home/adam/Dev/omega-spiral/chapter-zero/.godot/mono/temp/bin/Debug/chapter-zero.dll" adapterTypeName="executor://gdunit4.testadapter/" className="OmegaSpiral.Tests.Unit.Common.Omega.IOmegaTextRendererTests" name="Interface_HasAppendTextAsyncMethod" />
    </UnitTest>
    <UnitTest name="Interface_HasIsAnimatingMethod" storage="/home/adam/dev/omega-spiral/chapter-zero/.godot/mono/temp/bin/debug/chapter-zero.dll" id="751c5c41-e6e2-45bd-8627-18ca80e62e78">
      <Execution id="235d7029-3f78-445b-b60c-23c17c869ecc" />
      <TestMethod codeBase="/home/adam/Dev/omega-spiral/chapter-zero/.godot/mono/temp/bin/Debug/chapter-zero.dll" adapterTypeName="executor://gdunit4.testadapter/" className="OmegaSpiral.Tests.Unit.Common.Omega.IOmegaTextRendererTests" name="Interface_HasIsAnimatingMethod" />
    </UnitTest>
    <UnitTest name="OmegaChoicePresenter_ImplementsInterface" storage="/home/adam/dev/omega-spiral/chapter-zero/.godot/mono/temp/bin/debug/chapter-zero.dll" id="dceaad02-65df-43aa-9479-827754fe6472">
      <Execution id="53002fbf-ccf8-47a1-8703-0260ca894100" />
      <TestMethod codeBase="/home/adam/Dev/omega-spiral/chapter-zero/.godot/mono/temp/bin/Debug/chapter-zero.dll" adapterTypeName="executor://gdunit4.testadapter/" className="OmegaSpiral.Tests.Unit.Common.Omega.IOmegaChoicePresenterTests" name="OmegaChoicePresenter_ImplementsInterface" />
    </UnitTest>
    <UnitTest name="Interface_HasApplyVisualPresetAsyncMethod" storage="/home/adam/dev/omega-spiral/chapter-zero/.godot/mono/temp/bin/debug/chapter-zero.dll" id="d9a525a7-a5a0-47f7-a2f6-a55ecc1bd935">
      <Execution id="da2cead3-ae28-406b-aa9f-c6fd26e063ac" />
      <TestMethod codeBase="/home/adam/Dev/omega-spiral/chapter-zero/.godot/mono/temp/bin/Debug/chapter-zero.dll" adapterTypeName="executor://gdunit4.testadapter/" className="OmegaSpiral.Tests.Unit.Common.Omega.IOmegaShaderControllerTests" name="Interface_HasApplyVisualPresetAsyncMethod" />
    </UnitTest>
    <UnitTest name="OmegaTextRenderer_ImplementsInterface" storage="/home/adam/dev/omega-spiral/chapter-zero/.godot/mono/temp/bin/debug/chapter-zero.dll" id="3ceb0c10-48ad-4576-8650-fe005738839c">
      <Execution id="37a4f7e2-70a6-45e2-b9b7-0916b707a102" />
      <TestMethod codeBase="/home/adam/Dev/omega-spiral/chapter-zero/.godot/mono/temp/bin/Debug/chapter-zero.dll" adapterTypeName="executor://gdunit4.testadapter/" className="OmegaSpiral.Tests.Unit.Common.Omega.IOmegaTextRendererTests" name="OmegaTextRenderer_ImplementsInterface" />
    </UnitTest>
    <UnitTest name="Interface_HasResetShaderEffectsMethod" storage="/home/adam/dev/omega-spiral/chapter-zero/.godot/mono/temp/bin/debug/chapter-zero.dll" id="8322522a-730d-40d8-a57a-2e0635eed702">
      <Execution id="d16f13db-60a0-4c5c-b552-bb9200a3ca23" />
      <TestMethod codeBase="/home/adam/Dev/omega-spiral/chapter-zero/.godot/mono/temp/bin/Debug/chapter-zero.dll" adapterTypeName="executor://gdunit4.testadapter/" className="OmegaSpiral.Tests.Unit.Common.Omega.IOmegaShaderControllerTests" name="Interface_HasResetShaderEffectsMethod" />
    </UnitTest>
    <UnitTest name="Interface_HasHideChoicesMethod" storage="/home/adam/dev/omega-spiral/chapter-zero/.godot/mono/temp/bin/debug/chapter-zero.dll" id="40dd32e1-3240-4230-bf9f-333802466d5b">
      <Execution id="e92b5645-b66a-4237-9ff4-d62b70619639" />
      <TestMethod codeBase="/home/adam/Dev/omega-spiral/chapter-zero/.godot/mono/temp/bin/Debug/chapter-zero.dll" adapterTypeName="executor://gdunit4.testadapter/" className="OmegaSpiral.Tests.Unit.Common.Omega.IOmegaChoicePresenterTests" name="Interface_HasHideChoicesMethod" />
    </UnitTest>
    <UnitTest name="Interface_HasSetTextColorMethod" storage="/home/adam/dev/omega-spiral/chapter-zero/.godot/mono/temp/bin/debug/chapter-zero.dll" id="8ea342ec-3755-4b65-8122-033b506734ea">
      <Execution id="9b566dde-0034-404b-a5c6-890f2562f47e" />
      <TestMethod codeBase="/home/adam/Dev/omega-spiral/chapter-zero/.godot/mono/temp/bin/Debug/chapter-zero.dll" adapterTypeName="executor://gdunit4.testadapter/" className="OmegaSpiral.Tests.Unit.Common.Omega.IOmegaTextRendererTests" name="Interface_HasSetTextColorMethod" />
    </UnitTest>
    <UnitTest name="Interface_HasClearTextMethod" storage="/home/adam/dev/omega-spiral/chapter-zero/.godot/mono/temp/bin/debug/chapter-zero.dll" id="050de13c-28c3-47cd-adf8-18e147cd9622">
      <Execution id="21559449-97fc-4f57-b5cb-7670b9247878" />
      <TestMethod codeBase="/home/adam/Dev/omega-spiral/chapter-zero/.godot/mono/temp/bin/Debug/chapter-zero.dll" adapterTypeName="executor://gdunit4.testadapter/" className="OmegaSpiral.Tests.Unit.Common.Omega.IOmegaTextRendererTests" name="Interface_HasClearTextMethod" />
    </UnitTest>
    <UnitTest name="Interface_HasPixelDissolveAsyncMethod" storage="/home/adam/dev/omega-spiral/chapter-zero/.godot/mono/temp/bin/debug/chapter-zero.dll" id="026be051-6b20-451f-98e1-093e64eb2f6c">
      <Execution id="a0490b73-a991-4d88-bb69-7d8153a858c7" />
      <TestMethod codeBase="/home/adam/Dev/omega-spiral/chapter-zero/.godot/mono/temp/bin/Debug/chapter-zero.dll" adapterTypeName="executor://gdunit4.testadapter/" className="OmegaSpiral.Tests.Unit.Common.Omega.IOmegaShaderControllerTests" name="Interface_HasPixelDissolveAsyncMethod" />
    </UnitTest>
  </TestDefinitions>
  <TestEntries>
    <TestEntry testId="3ceb0c10-48ad-4576-8650-fe005738839c" executionId="37a4f7e2-70a6-45e2-b9b7-0916b707a102" testListId="8c84fa94-04c1-424b-9868-57a2d4851a1d" />
    <TestEntry testId="dceaad02-65df-43aa-9479-827754fe6472" executionId="53002fbf-ccf8-47a1-8703-0260ca894100" testListId="8c84fa94-04c1-424b-9868-57a2d4851a1d" />
    <TestEntry testId="40dd32e1-3240-4230-bf9f-333802466d5b" executionId="e92b5645-b66a-4237-9ff4-d62b70619639" testListId="8c84fa94-04c1-424b-9868-57a2d4851a1d" />
    <TestEntry testId="6396213d-56c6-428d-80eb-f43894dbb547" executionId="31d128ea-f9ba-4f4f-9366-b5564d4bd7e5" testListId="8c84fa94-04c1-424b-9868-57a2d4851a1d" />
    <TestEntry testId="d9a525a7-a5a0-47f7-a2f6-a55ecc1bd935" executionId="da2cead3-ae28-406b-aa9f-c6fd26e063ac" testListId="8c84fa94-04c1-424b-9868-57a2d4851a1d" />
    <TestEntry testId="751c5c41-e6e2-45bd-8627-18ca80e62e78" executionId="235d7029-3f78-445b-b60c-23c17c869ecc" testListId="8c84fa94-04c1-424b-9868-57a2d4851a1d" />
    <TestEntry testId="050de13c-28c3-47cd-adf8-18e147cd9622" executionId="21559449-97fc-4f57-b5cb-7670b9247878" testListId="8c84fa94-04c1-424b-9868-57a2d4851a1d" />
    <TestEntry testId="a6071179-67db-4085-9928-ce14ea1d0221" executionId="7df516be-0b96-4436-bac4-b5b1c13870f2" testListId="8c84fa94-04c1-424b-9868-57a2d4851a1d" />
    <TestEntry testId="4e788015-f542-45c8-8fad-8d2b391435c0" executionId="90bde50a-c2a3-4339-885c-ca8666e4c671" testListId="8c84fa94-04c1-424b-9868-57a2d4851a1d" />
    <TestEntry testId="8ea342ec-3755-4b65-8122-033b506734ea" executionId="9b566dde-0034-404b-a5c6-890f2562f47e" testListId="8c84fa94-04c1-424b-9868-57a2d4851a1d" />
    <TestEntry testId="026be051-6b20-451f-98e1-093e64eb2f6c" executionId="a0490b73-a991-4d88-bb69-7d8153a858c7" testListId="8c84fa94-04c1-424b-9868-57a2d4851a1d" />
    <TestEntry testId="8322522a-730d-40d8-a57a-2e0635eed702" executionId="d16f13db-60a0-4c5c-b552-bb9200a3ca23" testListId="8c84fa94-04c1-424b-9868-57a2d4851a1d" />
  </TestEntries>
  <TestLists>
    <TestList name="Results Not in a List" id="8c84fa94-04c1-424b-9868-57a2d4851a1d" />
    <TestList name="All Loaded Results" id="19431567-8539-422a-85d7-44ee4e166bda" />
  </TestLists>
  <ResultSummary outcome="Failed">
    <Counters total="12" executed="12" passed="12" failed="0" error="0" timeout="0" aborted="0" inconclusive="0" passedButRunAborted="0" notRunnable="0" notExecuted="0" disconnected="0" warning="0" completed="0" inProgress="0" pending="0" />
    <Output>
      <StdOut>Running on GdUnit4 test engine version: 5.0.0.0
Discover tests from assembly: /home/adam/Dev/omega-spiral/chapter-zero/.godot/mono/temp/bin/Debug/chapter-zero.dll
Discover:  TestSuite AudioManagerTests with 2 TestCases found.
Discover:  TestSuite BaseMenuUiUnitTests with 7 TestCases found.
Discover:  TestSuite OmegaSpiral.Tests.Stages.Stage2.NethackDirectorTests with 1 TestCases found.
Discover:  TestSuite OmegaSpiral.Tests.Integration.Ui.BaseMenuUiTests with 12 TestCases found.
Discover:  TestSuite OmegaSpiral.Tests.Integration.Ui.CreditsMenuTests with 7 TestCases found.
Discover:  TestSuite OmegaSpiral.Tests.Integration.Ui.OmegaUiTests with 19 TestCases found.
Discover:  TestSuite OmegaSpiral.Tests.Integration.Ui.PauseMenuTests with 6 TestCases found.
Discover:  TestSuite OmegaSpiral.Tests.Integration.Ui.OmegaUi_IntegrationTests with 8 TestCases found.
Discover:  TestSuite OmegaSpiral.Tests.Integration.Ui.Omega.ChoiceButtonTests with 7 TestCases found.
Discover:  TestSuite OmegaSpiral.Tests.Integration.Ui.Omega.OmegaTextRendererTests with 12 TestCases found.
Discover:  TestSuite OmegaSpiral.Tests.Integration.Ui.Menus.MainMenuTests with 28 TestCases found.
Discover:  TestSuite OmegaSpiral.Tests.Integration.Common.OmegaIntegrationTests with 5 TestCases found.
Discover:  TestSuite OmegaSpiral.Tests.Unit.Common.GameStateTests with 6 TestCases found.
Discover:  TestSuite OmegaSpiral.Tests.Unit.Common.SceneManagerTests with 6 TestCases found.
Discover:  TestSuite OmegaSpiral.Tests.Unit.Common.Omega.OmegaChoicePresenterTests with 8 TestCases found.
Discover:  TestSuite OmegaSpiral.Tests.Unit.Common.Omega.OmegaShaderControllerTests with 11 TestCases found.
Discover:  TestSuite OmegaSpiral.Tests.Unit.Common.Omega.IOmegaChoicePresenterTests with 3 TestCases found.
Discover:  TestSuite OmegaSpiral.Tests.Unit.Common.Omega.IOmegaShaderControllerTests with 4 TestCases found.
Discover:  TestSuite OmegaSpiral.Tests.Unit.Common.Omega.IOmegaTextRendererTests with 5 TestCases found.
Discover:  TestSuite OmegaSpiral.Tests.Unit.Common.Omega.OmegaShaderPresetsTests with 11 TestCases found.
Discover:  TestSuite OmegaSpiral.Tests.Unit.Common.Omega.OmegaSpiralColorsTests with 15 TestCases found.
Discover:  TestSuite OmegaSpiral.Tests.Common.GameStateSignalTests with 5 TestCases found.
Discover tests done, 22 TestSuites and total 188 Tests found.
Running on GdUnit4 test engine version: 5.0.0.0
Set test session timeout to: 00:30:00
Detected IDE Unknown
Starting tests for assembly: /home/adam/Dev/omega-spiral/chapter-zero/.godot/mono/temp/bin/Debug/chapter-zero.dll
Search '.csproj' at /home/adam/Dev/omega-spiral/chapter-zero/.godot/mono/temp/bin/Debug/chapter-zero.dll
Set current working directory to: /home/adam/Dev/omega-spiral/chapter-zero
Starting GodotGdUnit4RestClient.
Working dir /home/adam/Dev/omega-spiral/chapter-zero
Rebuild Godot Project ... /home/adam/Godot_v4.6-dev2_mono_linux_x86_64/Godot_v4.6-dev2_mono_linux.x86_64 --path . -e --headless --quit-after 1000 --verbose
.. WorkerThreadPool: 6 threads, 4 max low-priority.
.. Godot Engine v4.6.dev2.mono.official.7864ac801 - https://godotengine.org
.. TextServer: Added interface "Dummy"
.. TextServer: Added interface "ICU / HarfBuzz / Graphite (Built-in)"
.. Unrecognized output string "misc2" in mapping:
.. 030000000d0f0000ab01000011010000,Horipad Steam,a:b0,b:b1,back:b10,dpdown:h0.4,dpleft:h0.8,dpright:h0.2,dpup:h0.1,guide:b12,leftshoulder:b6,leftstick:b13,lefttrigger:a5,leftx:a0,lefty:a1,misc2:b2,paddle1:b19,paddle2:b18,paddle3:b15,paddle4:b5,rightshoulder:b7,rightstick:b14,righttrigger:a4,rightx:a2,righty:a3,start:b11,x:b3,y:b4,platform:Linux,
.. Unrecognized output string "misc2" in mapping:
.. 050000000d0f00009601000091000000,Horipad Steam,a:b0,b:b1,back:b10,dpdown:h0.4,dpleft:h0.8,dpright:h0.2,dpup:h0.1,guide:b12,leftshoulder:b6,leftstick:b13,lefttrigger:a5,leftx:a0,lefty:a1,misc2:b2,paddle1:b19,paddle2:b18,paddle3:b15,paddle4:b5,rightshoulder:b7,rightstick:b14,righttrigger:a4,rightx:a2,righty:a3,start:b11,x:b3,y:b4,platform:Linux,
.. Unrecognized output string "misc2" in mapping:
.. 030000007e0500006920000011010000,Nintendo Switch 2 Pro Controller,a:b0,b:b1,back:b14,dpdown:b8,dpleft:b10,dpright:b9,dpup:b11,guide:b16,leftshoulder:b12,leftstick:b15,lefttrigger:b13,leftx:a0,lefty:a1~,misc1:b17,misc2:b20,paddle1:b18,paddle2:b19,rightshoulder:b4,rightstick:b7,righttrigger:b5,rightx:a2,righty:a3~,start:b6,x:b2,y:b3,platform:Linux,
.. SDL: Init OK!
.. Using "default" pen tablet driver...
.. TextServer: Primary interface set to: "ICU / HarfBuzz / Graphite (Built-in)".
.. .NET: Initializing module...
.. Found hostfxr: /usr/lib/dotnet/host/fxr/10.0.0-rc.2.25502.107/libhostfxr.so
.. .NET: hostfxr initialized
.. .NET: GodotPlugins initialized
.. Loading resource: res://theme.tres
.. Loading resource: res://default_bus_layout.tres
.. CORE API HASH: 3234800178
.. EDITOR API HASH: 4055853480
.. SceneTreeFTI: traversal method DEFAULT
.. Loading resource: res://addons/dialogic/Resources/CharacterResourceLoader.gd
.. Loading resource: res://addons/dialogic/Resources/TimelineResourceLoader.gd
.. Loading resource: res://addons/dialogic/Resources/CharacterResourceSaver.gd
.. Loading resource: res://addons/dialogic/Resources/TimelineResourceSaver.gd
.. Loading resource: /home/adam/.config/godot/editor_settings-4.6.tres
.. EditorSettings: Load OK!
.. EditorTheme: Generating new theme for the config '66886095'.
.. EditorTheme: Generating new icons.
.. EditorTheme: Generating new fonts.
.. EditorTheme: Generating new styles.
.. Found .NET Sdk version '10.0.100': /usr/lib/dotnet/sdk/10.0.100-rc.2.25502.107/
.. Loading resource: /home/adam/.cache/godot/editor_doc_cache-4.6.res
.. Loaded system CA certificates
.. Failed to bind socket. Error: 3.
.. Loading resource: res://addons/godot_xterm/themes/fonts/regular.tres
.. Loading resource: res://addons/godot_xterm/themes/fonts/jet_brains_mono/jet_brains_mono_nl-regular-2.304.ttf
.. Loading resource: res://.godot/imported/jet_brains_mono_nl-regular-2.304.ttf-96fa438503371775be3cc744a4450fc2.fontdata
.. Loading resource: res://addons/godot_xterm/icons/terminal_icon.svg
.. Loading resource: res://.godot/imported/terminal_icon.svg-2a4b198a0e3aa43f04b43cec3e3f109d.editor.ctex
.. Loading resource: res://addons/godot_xterm/shaders/background.gdshader
.. Loading resource: res://addons/godot_xterm/shaders/common.gdshaderinc
.. Loading resource: res://addons/godot_xterm/shaders/foreground.gdshader
.. [   0% ] \u001b[90m\u001b[1mfirst_scan_filesystem\u001b[22m | Started Project initialization (5 steps)\u001b[39m\u001b[0m
.. [   0% ] \u001b[90m\u001b[1mfirst_scan_filesystem\u001b[22m | Scanning file structure...\u001b[39m\u001b[0m
.. [  16% ] \u001b[90m\u001b[1mfirst_scan_filesystem\u001b[22m | Loading global class names...\u001b[39m\u001b[0m
.. [  33% ] \u001b[90m\u001b[1mfirst_scan_filesystem\u001b[22m | Verifying GDExtensions...\u001b[39m\u001b[0m
.. [  50% ] \u001b[90m\u001b[1mfirst_scan_filesystem\u001b[22m | Creating autoload scripts...\u001b[39m\u001b[0m
.. Loading resource: res://source/infrastructure/GameManager.cs
.. Loading resource: res://source/scripts/SceneManager.cs
.. Loading resource: res://source/common/GameState.cs
.. Loading resource: res://source/field/FieldEvents.cs
.. Loading resource: res://source/field/FieldCamera.cs
.. Loading resource: res://source/field/gameboard/Gameboard.cs
.. Loading resource: res://source/field/gamepieces/GamepieceRegistry.cs
.. Loading resource: res://source/common/Player.cs
.. Loading resource: res://source/combat/CombatEvents.cs
.. Loading resource: res://source/audio/AudioManager.cs
.. [  66% ] \u001b[90m\u001b[1mfirst_scan_filesystem\u001b[22m | Initializing plugins...\u001b[39m\u001b[0m
.. Loading resource: res://addons/dialogic/plugin.gd
.. Loading resource: res://addons/dialogic/Editor/editor_main.tscn
.. Loading resource: res://addons/dialogic/Editor/editor_main.gd
.. Loading resource: res://addons/dialogic/Editor/editors_manager.gd
.. Loading resource: res://addons/dialogic/Editor/Images/plugin-icon.svg
.. Loading resource: res://.godot/imported/plugin-icon.svg-aa6701e8ed73f5fe5d177dfddce3a0e3.editor.ctex
.. Loading resource: res://addons/dialogic/Editor/Common/side_bar.tscn
.. Loading resource: res://addons/dialogic/Editor/Images/Pieces/close-icon.svg
.. Loading resource: res://.godot/imported/close-icon.svg-c630c93ada599b08938f4854f5376f2f.editor.ctex
.. Loading resource: res://addons/dialogic/Editor/Images/Pieces/closed-icon.svg
.. Loading resource: res://.godot/imported/closed-icon.svg-b4f16653b91d6792313a130565319b2f.editor.ctex
.. Loading resource: res://addons/dialogic/Editor/Common/toolbar.gd
.. Loading resource: res://addons/dialogic/Editor/Images/Resources/character.svg
.. Loading resource: res://.godot/imported/character.svg-48bc1c93fa13733a935ca2c669d933a7.editor.ctex
.. Loading resource: res://addons/dialogic/Modules/Glossary/icon.svg
.. Loading resource: res://.godot/imported/icon.svg-4fc0c12c53379638e37d654e7bbaea1a.editor.ctex
.. Loading resource: res://addons/dialogic/Modules/StyleEditor/styles_icon.svg
.. Loading resource: res://.godot/imported/styles_icon.svg-c55f9f7d15c3512c8b20dbf30eed7047.editor.ctex
.. Loading resource: res://addons/dialogic/Modules/Variable/variable.svg
.. Loading resource: res://.godot/imported/variable.svg-52aeb47fe1705a3f04d919f8dcd5d319.editor.ctex
.. Loading resource: res://addons/dialogic/Editor/Common/reference_manager.tscn
.. Loading resource: res://addons/dialogic/Editor/Common/reference_manager.gd
.. Loading resource: res://addons/dialogic/Editor/Common/broken_reference_manager.gd
.. Loading resource: res://addons/dialogic/Editor/Common/ReferenceManager_AddReplacementPanel.gd
.. Loading resource: res://addons/dialogic/Editor/Events/Fields/field_options_dynamic.tscn
.. Loading resource: res://addons/dialogic/Editor/Events/Fields/field_options_dynamic.gd
.. Loading resource: res://addons/dialogic/Editor/Common/unique_identifiers_manager.gd
.. Loading resource: res://addons/dialogic/Editor/Common/reference_manager_window.gd
.. Loading resource: res://addons/dialogic/Editor/TimelineEditor/TextEditor/CodeCompletionHelper.gd
.. Loading resource: res://addons/dialogic/Editor/Common/update_manager.gd
.. Loading resource: res://addons/dialogic/Editor/Common/update_install_window.tscn
.. Loading resource: res://addons/dialogic/Editor/Common/update_install_window.gd
.. Loading resource: res://addons/dialogic/Editor/TimelineEditor/TextEditor/syntax_highlighter.gd
.. Loading resource: res://addons/dialogic/Editor/Images/dialogic-logo.svg
.. Loading resource: res://.godot/imported/dialogic-logo.svg-e43201cabc9573eeb3f78fd91ea9d909.ctex
.. Loading resource: res://addons/dialogic/Editor/HomePage/home_page.tscn
.. Loading resource: res://addons/dialogic/Editor/HomePage/home_page.gd
.. Loading resource: res://addons/dialogic/Editor/HomePage/icon_bg.png
.. Loading resource: res://.godot/imported/icon_bg.png-5937ce0a857c4a8a9d624ea9ebf09a97.ctex
.. Loading resource: res://addons/dialogic/Editor/TimelineEditor/timeline_editor.tscn
.. Loading resource: res://addons/dialogic/Editor/TimelineEditor/timeline_editor.gd
.. Loading resource: res://addons/dialogic/Editor/TimelineEditor/VisualEditor/timeline_editor_visual.tscn
.. Loading resource: res://addons/dialogic/Editor/TimelineEditor/VisualEditor/timeline_editor_visual.gd
.. Loading resource: res://addons/dialogic/Editor/Theme/MainTheme.tres
.. Loading resource: res://addons/dialogic/Editor/TimelineEditor/VisualEditor/TimelineArea.gd
.. Loading resource: res://addons/dialogic/Editor/Events/EventBlock/event_right_click_menu.gd
.. Loading resource: res://addons/dialogic/Editor/Common/hint_tooltip_icon.tscn
.. Loading resource: res://addons/dialogic/Editor/Common/hint_tooltip_icon.gd
.. Loading resource: res://addons/dialogic/Editor/TimelineEditor/TextEditor/timeline_editor_text.tscn
.. Loading resource: res://addons/dialogic/Editor/TimelineEditor/TextEditor/timeline_editor_text.gd
.. Loading resource: res://addons/dialogic/Editor/Events/EventBlock/event_block.tscn
.. Loading resource: res://addons/dialogic/Editor/Events/EventBlock/event_block.gd
.. Loading resource: res://addons/dialogic/Editor/Events/styles/unselected_stylebox.tres
.. Loading resource: res://addons/dialogic/Editor/CharacterEditor/character_editor.tscn
.. Loading resource: res://addons/dialogic/Editor/CharacterEditor/character_editor.gd
.. Loading resource: res://addons/dialogic/Editor/Common/hint_tooltip_icon.tscn
.. Loading resource: res://addons/dialogic/Editor/CharacterEditor/character_editor_portrait_tree.gd
.. Loading resource: res://addons/dialogic/Editor/Images/Pieces/add-folder.svg
.. Loading resource: res://.godot/imported/add-folder.svg-41a970370f904038e63c13bddbdb6450.editor.ctex
.. Loading resource: res://addons/dialogic/Modules/Signal/index.gd
.. Loading resource: res://addons/dialogic/Modules/Voice/index.gd
.. Loading resource: res://addons/dialogic/Modules/StyleEditor/index.gd
.. Loading resource: res://addons/dialogic/Modules/Text/index.gd
.. Loading resource: res://addons/dialogic/Modules/Jump/index.gd
.. Loading resource: res://addons/dialogic/Modules/Condition/index.gd
.. Loading resource: res://addons/dialogic/Modules/Choice/index.gd
.. Loading resource: res://addons/dialogic/Modules/History/index.gd
.. Loading resource: res://addons/dialogic/Modules/Audio/index.gd
.. Loading resource: res://addons/dialogic/Modules/LayeredPortrait/index.gd
.. Loading resource: res://addons/dialogic/Modules/Character/index.gd
.. Loading resource: res://addons/dialogic/Modules/Variable/index.gd
.. Loading resource: res://addons/dialogic/Modules/Save/index.gd
.. Loading resource: res://addons/dialogic/Modules/Glossary/index.gd
.. Loading resource: res://addons/dialogic/Modules/Comment/index.gd
.. Loading resource: res://addons/dialogic/Modules/HighlightPortrait/index.gd
.. Loading resource: res://addons/dialogic/Modules/Call/index.gd
.. Loading resource: res://addons/dialogic/Modules/Clear/index.gd
.. Loading resource: res://addons/dialogic/Modules/Core/index.gd
.. Loading resource: res://addons/dialogic/Modules/Background/index.gd
.. Loading resource: res://addons/dialogic/Modules/DefaultLayoutParts/index.gd
.. Loading resource: res://addons/dialogic/Modules/Settings/index.gd
.. Loading resource: res://addons/dialogic/Modules/TextInput/index.gd
.. Loading resource: res://addons/dialogic/Modules/WaitInput/index.gd
.. Loading resource: res://addons/dialogic/Modules/Wait/index.gd
.. Loading resource: res://addons/dialogic/Modules/Style/index.gd
.. Loading resource: res://addons/dialogic/Modules/End/index.gd
.. Loading resource: res://addons/dialogic/Modules/StyleEditor/style_editor.tscn
.. Loading resource: res://addons/dialogic/Modules/StyleEditor/style_editor.gd
.. Loading resource: res://addons/dialogic/Editor/Common/hint_tooltip_icon.tscn
.. Loading resource: res://addons/dialogic/Modules/StyleEditor/style_layer_editor.gd
.. Loading resource: res://addons/dialogic/Modules/StyleEditor/Components/style_layer_tree.gd
.. Loading resource: res://addons/dialogic/Modules/StyleEditor/Components/style_browser_window.gd
.. Loading resource: res://addons/dialogic/Modules/StyleEditor/Components/style_browser.tscn
.. Loading resource: res://addons/dialogic/Modules/StyleEditor/Components/style_browser.gd
.. Loading resource: res://addons/dialogic/Editor/Common/BrowserItem.tscn
.. Loading resource: res://addons/dialogic/Editor/Common/BrowserItem.gd
.. Loading resource: res://addons/dialogic/Modules/Variable/variables_editor/variables_editor.tscn
.. Loading resource: res://addons/dialogic/Modules/Variable/variables_editor/variables_editor.gd
.. Loading resource: res://addons/dialogic/Modules/Variable/variables_editor/variable_tree.gd
.. Loading resource: res://addons/dialogic/Modules/Glossary/glossary_editor.tscn
.. Loading resource: res://addons/dialogic/Modules/Glossary/glossary_editor.gd
.. Loading resource: res://addons/dialogic/Modules/Glossary/add-glossary.svg
.. Loading resource: res://.godot/imported/add-glossary.svg-1cde77c043d3874d9bc84cc14d0ec9dc.editor.ctex
.. Loading resource: res://addons/dialogic/Editor/Settings/settings_editor.tscn
.. Loading resource: res://addons/dialogic/Editor/Settings/settings_editor.gd
.. Loading resource: res://addons/dialogic/Editor/Settings/settings_general.tscn
.. Loading resource: res://addons/dialogic/Editor/Settings/settings_general.gd
.. Loading resource: res://addons/dialogic/Editor/Common/hint_tooltip_icon.tscn
.. Loading resource: res://addons/dialogic/Editor/Events/Fields/field_file.tscn
.. Loading resource: res://addons/dialogic/Editor/Events/Fields/field_file.gd
.. Loading resource: res://addons/dialogic/Editor/Settings/settings_translation.tscn
.. Loading resource: res://addons/dialogic/Editor/Settings/settings_translation.gd
.. Loading resource: res://addons/dialogic/Editor/Common/hint_tooltip_icon.tscn
.. Loading resource: res://addons/dialogic/Editor/Events/Fields/field_file.tscn
.. Loading resource: res://addons/dialogic/Editor/Settings/settings_modules.tscn
.. Loading resource: res://addons/dialogic/Editor/Settings/settings_modules.gd
.. Loading resource: res://addons/dialogic/Modules/Text/settings_text.tscn
.. Loading resource: res://addons/dialogic/Modules/Text/settings_text.gd
.. Loading resource: res://addons/dialogic/Editor/Common/hint_tooltip_icon.tscn
.. Loading resource: res://addons/dialogic/Modules/Choice/settings_choices.tscn
.. Loading resource: res://addons/dialogic/Modules/Choice/settings_choices.gd
.. Loading resource: res://addons/dialogic/Editor/Common/hint_tooltip_icon.tscn
.. Loading resource: res://addons/dialogic/Modules/History/settings_history.tscn
.. Loading resource: res://addons/dialogic/Modules/History/settings_history.gd
.. Loading resource: res://addons/dialogic/Editor/Common/hint_tooltip_icon.tscn
.. Loading resource: res://addons/dialogic/Modules/Audio/settings_audio.tscn
.. Loading resource: res://addons/dialogic/Modules/Audio/settings_audio.gd
.. Loading resource: res://addons/dialogic/Editor/Common/hint_tooltip_icon.tscn
.. Loading resource: res://addons/dialogic/Modules/Character/settings_portraits.tscn
.. Loading resource: res://addons/dialogic/Modules/Character/settings_portraits.gd
.. Loading resource: res://addons/dialogic/Editor/Common/hint_tooltip_icon.tscn
.. Loading resource: res://addons/dialogic/Editor/Events/Fields/field_file.tscn
.. Loading resource: res://addons/dialogic/Modules/Save/settings_save.tscn
.. Loading resource: res://addons/dialogic/Modules/Save/settings_save.gd
.. Loading resource: res://addons/dialogic/Editor/Common/hint_tooltip_icon.tscn
.. Loading resource: res://addons/dialogic/Editor/Events/styles/ResourceMenuPanelBackground.tres
.. Loading resource: res://addons/dialogic/Editor/Common/hint_tooltip_icon.tscn
.. Loading resource: res://addons/dialogic/Editor/Images/Toolbar/add-timeline.svg
.. Loading resource: res://.godot/imported/add-timeline.svg-86961b528ebdf01f585931a15fea1755.editor.ctex
.. Loading resource: res://addons/dialogic/Editor/TimelineEditor/VisualEditor/AddEventButton.tscn
.. Loading resource: res://addons/dialogic/Editor/TimelineEditor/VisualEditor/AddEventButton.gd
.. Loading resource: res://addons/dialogic/Modules/Signal/event_signal.gd
.. Loading resource: res://addons/dialogic/Modules/Jump/event_return.gd
.. Loading resource: res://addons/dialogic/Modules/Condition/event_condition.gd
.. Loading resource: res://addons/dialogic/Modules/History/event_history.gd
.. Loading resource: res://addons/dialogic/Modules/Audio/event_music.gd
.. Loading resource: res://addons/dialogic/Modules/Audio/event_sound.gd
.. Loading resource: res://addons/dialogic/Modules/Variable/event_variable.gd
.. Loading resource: res://addons/dialogic/Modules/Save/event_save.gd
.. Loading resource: res://addons/dialogic/Modules/Comment/event_comment.gd
.. Loading resource: res://addons/dialogic/Modules/Call/event_call.gd
.. Loading resource: res://addons/dialogic/Modules/Clear/event_clear.gd
.. Loading resource: res://addons/dialogic/Modules/Background/event_background.gd
.. Loading resource: res://addons/dialogic/Modules/Settings/event_setting.gd
.. Loading resource: res://addons/dialogic/Modules/TextInput/event_text_input.gd
.. Loading resource: res://addons/dialogic/Modules/WaitInput/event_wait_input.gd
.. Loading resource: res://addons/dialogic/Modules/Wait/event_wait.gd
.. Loading resource: res://addons/dialogic/Modules/Style/event_style.gd
.. Loading resource: res://addons/dialogic/Modules/End/event_end.gd
.. Loading resource: res://addons/dialogic/Modules/Signal/icon.png
.. Loading resource: res://.godot/imported/icon.png-5e2e422904d471016252dff8d4bdfa96.ctex
.. Loading resource: res://addons/dialogic/Modules/Voice/icon.png
.. Loading resource: res://.godot/imported/icon.png-85989da147a1404ecd08c88eac72cda1.ctex
.. Loading resource: res://addons/dialogic/Modules/Jump/icon_jump.png
.. Loading resource: res://.godot/imported/icon_jump.png-50f6cdd715fcbdbed16b43c5beb6b851.ctex
.. Loading resource: res://addons/dialogic/Modules/Jump/icon_label.png
.. Loading resource: res://.godot/imported/icon_label.png-3923bd1131990c8869923c838ffdb9ae.ctex
.. Loading resource: res://addons/dialogic/Modules/Jump/icon_return.svg
.. Loading resource: res://.godot/imported/icon_return.svg-dc7fb704ff391638f73cbbc2b30b32fa.editor.ctex
.. Loading resource: res://addons/dialogic/Modules/Condition/icon.svg
.. Loading resource: res://.godot/imported/icon.svg-502d45c064cc30f576b7b105a01357ce.editor.ctex
.. Loading resource: res://addons/dialogic/Modules/Choice/icon.svg
.. Loading resource: res://.godot/imported/icon.svg-372a9bfce8bea67fff1988d7acf09a9a.editor.ctex
.. Loading resource: res://addons/dialogic/Modules/History/icon.svg
.. Loading resource: res://.godot/imported/icon.svg-82841efe3f86e947d4f66fd24dc8f52c.editor.ctex
.. Loading resource: res://addons/dialogic/Modules/Audio/icon_music.png
.. Loading resource: res://.godot/imported/icon_music.png-ffc971ba1265164a55f745186974be5f.ctex
.. Loading resource: res://addons/dialogic/Modules/Audio/icon_sound.png
.. Loading resource: res://.godot/imported/icon_sound.png-7a1a8a5533773d97969b6311b6a9133f.ctex
.. Loading resource: res://addons/dialogic/Modules/Character/icon.svg
.. Loading resource: res://.godot/imported/icon.svg-4f340f6efbb83004dbd5c761dd1dc448.editor.ctex
.. Loading resource: res://addons/dialogic/Modules/Variable/icon.png
.. Loading resource: res://.godot/imported/icon.png-99064bb3920f49262c581fccbfcfc353.ctex
.. Loading resource: res://addons/dialogic/Modules/Save/icon.svg
.. Loading resource: res://.godot/imported/icon.svg-aad0408eebe298e9d92c76d6f2c79cf6.editor.ctex
.. Loading resource: res://addons/dialogic/Modules/Comment/icon.png
.. Loading resource: res://.godot/imported/icon.png-fab76b8a5886dac0012cf73c317dbee4.ctex
.. Loading resource: res://addons/dialogic/Modules/Call/icon.png
.. Loading resource: res://.godot/imported/icon.png-12e444f0ed59397c7537943ea85b475c.ctex
.. Loading resource: res://addons/dialogic/Modules/Clear/icon.png
.. Loading resource: res://.godot/imported/icon.png-b4986c88bf1e20891dc480c8f4703ca4.ctex
.. Loading resource: res://addons/dialogic/Modules/Background/icon.png
.. Loading resource: res://.godot/imported/icon.png-cab4c78f59b171335e340ba590cf5991.ctex
.. Loading resource: res://addons/dialogic/Modules/Settings/icon.svg
.. Loading resource: res://.godot/imported/icon.svg-d4407cb145fa5c1d965de3d2bd63ce5f.editor.ctex
.. Loading resource: res://addons/dialogic/Modules/TextInput/icon.png
.. Loading resource: res://.godot/imported/icon.png-aea103d18fdc694e2da87b3c5a56be35.ctex
.. Loading resource: res://addons/dialogic/Modules/WaitInput/icon.svg
.. Loading resource: res://.godot/imported/icon.svg-cb8e50b081a310c64183b12c6d12fcf2.editor.ctex
.. Loading resource: res://addons/dialogic/Modules/Wait/icon.svg
.. Loading resource: res://.godot/imported/icon.svg-7e9f52b17ae6e5e1f284e12048cb8f05.editor.ctex
.. Loading resource: res://addons/dialogic/Modules/Style/icon.png
.. Loading resource: res://.godot/imported/icon.png-ee52cc92a2b11ac2a101ff92d2eaaa7c.ctex
.. Loading resource: res://addons/dialogic/Modules/End/icon.png
.. Loading resource: res://.godot/imported/icon.png-8e345f81e023043fdbb4f75b1b0e9bb0.ctex
.. Loading resource: res://addons/dialogic/Modules/Text/icon.svg
.. Loading resource: res://.godot/imported/icon.svg-e2501ddcdef01c7f2c3538940f5abfc1.editor.ctex
.. Loading resource: res://addons/dialogic/Editor/Images/Toolbar/add-character.svg
.. Loading resource: res://.godot/imported/add-character.svg-a658b65c1225b02657a50d5c965e0d5e.editor.ctex
.. Loading resource: res://addons/dialogic/Editor/TimelineEditor/VisualEditor/AddEventButton.tscn
.. Loading resource: res://addons/dialogic/Editor/CharacterEditor/char_edit_section_general.tscn
.. Loading resource: res://addons/dialogic/Editor/CharacterEditor/char_edit_section_general.gd
.. Loading resource: res://addons/dialogic/Editor/Common/hint_tooltip_icon.tscn
.. Loading resource: res://addons/dialogic/Editor/CharacterEditor/char_edit_section_portraits.tscn
.. Loading resource: res://addons/dialogic/Editor/CharacterEditor/char_edit_section_portraits.gd
.. Loading resource: res://addons/dialogic/Editor/Events/Fields/field_vector2.tscn
.. Loading resource: res://addons/dialogic/Editor/Events/Fields/field_vector2.gd
.. Loading resource: res://addons/dialogic/Editor/Events/Fields/field_number.tscn
.. Loading resource: res://addons/dialogic/Editor/Images/Interactable/increment_icon.svg
.. Loading resource: res://.godot/imported/increment_icon.svg-081e6509e76349f0628c55a41e85fd65.editor.ctex
.. Loading resource: res://addons/dialogic/Editor/Images/Interactable/decrement_icon.svg
.. Loading resource: res://.godot/imported/decrement_icon.svg-9556cf56db91e200fb946372e010fd5e.editor.ctex
.. Loading resource: res://addons/dialogic/Editor/Images/Resources/portrait.svg
.. Loading resource: res://.godot/imported/portrait.svg-7d29c7cfe3e086d65dce33c3d66c48cd.editor.ctex
.. Loading resource: res://addons/dialogic/Editor/CharacterEditor/char_edit_p_section_main_exports.tscn
.. Loading resource: res://addons/dialogic/Editor/CharacterEditor/char_edit_p_section_main_exports.gd
.. Loading resource: res://addons/dialogic/Editor/CharacterEditor/char_edit_p_section_exports.tscn
.. Loading resource: res://addons/dialogic/Editor/CharacterEditor/char_edit_p_section_exports.gd
.. Loading resource: res://addons/dialogic/Editor/CharacterEditor/char_edit_p_section_main.tscn
.. Loading resource: res://addons/dialogic/Editor/CharacterEditor/char_edit_p_section_main.gd
.. Loading resource: res://addons/dialogic/Editor/Events/Fields/field_file.tscn
.. Loading resource: res://addons/dialogic/Editor/CharacterEditor/portrait_scene_browser.tscn
.. Loading resource: res://addons/dialogic/Editor/CharacterEditor/portrait_scene_browser.gd
.. Loading resource: res://addons/dialogic/Editor/Common/hint_tooltip_icon.tscn
.. Loading resource: res://addons/dialogic/Editor/CharacterEditor/char_edit_p_section_layout.tscn
.. Loading resource: res://addons/dialogic/Editor/CharacterEditor/char_edit_p_section_layout.gd
.. Loading resource: res://addons/dialogic/Editor/Events/Fields/field_vector2.tscn
.. Loading resource: res://addons/dialogic/Editor/Events/Fields/field_number.tscn
.. Loading resource: res://addons/dialogic/Modules/Text/character_settings/character_moods_settings.tscn
.. Loading resource: res://addons/dialogic/Modules/Text/character_settings/character_moods_settings.gd
.. Loading resource: res://addons/dialogic/Editor/Events/Fields/field_file.tscn
.. Loading resource: res://addons/dialogic/Editor/Events/Fields/field_number.tscn
.. Loading resource: res://addons/dialogic/Modules/Text/node_type_sound.gd
.. Loading resource: res://addons/dialogic/Editor/Common/hint_tooltip_icon.tscn
.. Loading resource: res://addons/dialogic/Modules/Text/character_settings/character_portrait_mood_settings.tscn
.. Loading resource: res://addons/dialogic/Modules/Text/character_settings/character_portrait_mood_settings.gd
.. Loading resource: res://addons/dialogic/Modules/Style/character_settings_style.tscn
.. Loading resource: res://addons/dialogic/Modules/Style/character_settings_style.gd
.. Loading resource: res://addons/dialogic/Editor/Common/hint_tooltip_icon.tscn
.. Loading resource: res://addons/dialogic/Editor/Inspector/inspector_plugin.gd
.. Loading resource: res://addons/gdUnit4/plugin.gd
.. \u001b[38;2;218;165;32mIt was recognized that GdUnit4 is running in a test environment, therefore the GdUnit4 plugin will not be executed!\u001b[0m
.. Loading resource: res://addons/godot_xterm/plugin.gd
.. Loading resource: res://addons/godot_xterm/editor_plugins/terminal/terminal_panel.tscn
.. Loading resource: res://addons/godot_xterm/editor_plugins/terminal/terminal_panel.gd
.. Loading resource: res://addons/godot_xterm/editor_plugins/terminal/editor_terminal.tscn
.. Loading resource: res://addons/godot_xterm/editor_plugins/terminal/editor_terminal.gd
.. Loading resource: res://addons/godot_xterm/editor_plugins/terminal/settings/default_new_terminal_shortcut.tres
.. Loading resource: res://addons/godot_xterm/editor_plugins/terminal/settings/default_kill_terminal_shortcut.tres
.. Loading resource: res://addons/godot_xterm/editor_plugins/terminal/settings/default_copy_shortcut.tres
.. Loading resource: res://addons/godot_xterm/editor_plugins/terminal/settings/default_paste_shortcut.tres
.. Loading resource: res://addons/godot_xterm/editor_plugins/terminal/settings/default_tab_right_shortcut.tres
.. Loading resource: res://addons/godot_xterm/editor_plugins/terminal/settings/default_tab_left_shortcut.tres
.. Loading resource: res://addons/type_writer_label/twl_init.gd
.. Loading resource: res://addons/type_writer_label/classes/type_writer_label_icon.svg
.. Loading resource: res://.godot/imported/type_writer_label_icon.svg-4ed2f6ad1e9b0ca97691e0060c880e78.ctex
.. [  83% ] \u001b[90m\u001b[1mfirst_scan_filesystem\u001b[22m | Starting file scan...\u001b[39m\u001b[0m
.. \u001b[92m[ DONE ]\u001b[39m \u001b[1mfirst_scan_filesystem\u001b[22m
.. \u001b[0m
.. [   0% ] \u001b[90m\u001b[1mupdate_scripts_classes\u001b[22m | Started Registering global classes... (12 steps)\u001b[39m\u001b[0m
.. [   0% ] \u001b[90m\u001b[1mupdate_scripts_classes\u001b[22m | \u001b[39m\u001b[0m
.. [   7% ] \u001b[90m\u001b[1mupdate_scripts_classes\u001b[22m | BaseMenuUi\u001b[39m\u001b[0m
.. [  15% ] \u001b[90m\u001b[1mupdate_scripts_classes\u001b[22m | CreditsMenu\u001b[39m\u001b[0m
.. [  23% ] \u001b[90m\u001b[1mupdate_scripts_classes\u001b[22m | MainMenu\u001b[39m\u001b[0m
.. [  30% ] \u001b[90m\u001b[1mupdate_scripts_classes\u001b[22m | PauseMenu\u001b[39m\u001b[0m
.. [  38% ] \u001b[90m\u001b[1mupdate_scripts_classes\u001b[22m | OmegaUi\u001b[39m\u001b[0m
.. [  46% ] \u001b[90m\u001b[1mupdate_scripts_classes\u001b[22m | \u001b[39m\u001b[0m
.. [  53% ] \u001b[90m\u001b[1mupdate_scripts_classes\u001b[22m | \u001b[39m\u001b[0m
.. [  61% ] \u001b[90m\u001b[1mupdate_scripts_classes\u001b[22m | \u001b[39m\u001b[0m
.. [  69% ] \u001b[90m\u001b[1mupdate_scripts_classes\u001b[22m | \u001b[39m\u001b[0m
.. [  76% ] \u001b[90m\u001b[1mupdate_scripts_classes\u001b[22m | \u001b[39m\u001b[0m
.. [  84% ] \u001b[90m\u001b[1mupdate_scripts_classes\u001b[22m | \u001b[39m\u001b[0m
.. \u001b[92m[ DONE ]\u001b[39m \u001b[1mupdate_scripts_classes\u001b[22m
.. \u001b[0m
.. [   0% ] \u001b[90m\u001b[1mloading_editor_layout\u001b[22m | Started Loading editor (5 steps)\u001b[39m\u001b[0m
.. [   0% ] \u001b[90m\u001b[1mloading_editor_layout\u001b[22m | Loading editor layout...\u001b[39m\u001b[0m
.. [  16% ] \u001b[90m\u001b[1mloading_editor_layout\u001b[22m | Loading docks...\u001b[39m\u001b[0m
.. [  33% ] \u001b[90m\u001b[1mloading_editor_layout\u001b[22m | Reopening scenes...\u001b[39m\u001b[0m
.. Loading resource: res://source/ui/menus/main_menu.tscn
.. Loading resource: res://source/ui/menus/MainMenu.cs
.. Loading resource: res://source/ui/menus/BaseMenuUi.cs
.. Loading resource: res://source/ui/omega/OmegaUi.cs
.. Loading resource: res://source/shaders/pulsing_background.tres
.. Loading resource: res://source/shaders/pulsing_background.gdshader
.. Loading resource: res://source/shaders/crt_phosphor.tres
.. Loading resource: res://source/shaders/crt_phosphor.gdshader
.. Loading resource: res://source/shaders/crt_scanlines.tres
.. Loading resource: res://source/shaders/crt_scanlines.gdshader
.. Loading resource: res://source/shaders/crt_glitch.tres
.. Loading resource: res://source/shaders/crt_glitch.gdshader
.. Loading resource: res://source/stages/stage_1_ghost/ghost_terminal.tscn
.. Loading resource: res://source/stages/stage_1_ghost/GhostUi.cs
.. Loading resource: res://source/narrative/NarrativeUi.cs
.. Loading resource: res://source/narrative/narrative_terminal.tscn
.. Loading resource: res://source/narrative/NarrativeTerminal.cs
:: ERROR: Cannot open file 'res://source/narrative/NarrativeTerminal.cs'.
:: at: read_all_file_utf8 (modules/mono/utils/string_utils.cpp:152)
:: ERROR: Failed to read file: 'res://source/narrative/NarrativeTerminal.cs'.
:: at: load_source_code (modules/mono/csharp_script.cpp:2772)
:: ERROR: Cannot load C# script file 'res://source/narrative/NarrativeTerminal.cs'.
:: at: load (modules/mono/csharp_script.cpp:2852)
:: ERROR: Failed loading resource: res://source/narrative/NarrativeTerminal.cs.
:: at: _load (core/io/resource_loader.cpp:343)
.. Failed loading resource: res://source/narrative/NarrativeTerminal.cs
:: ERROR: Cannot set object script. Parameter should be null or a reference to a valid script.
:: at: set_script (core/object/object.cpp:1057)
:: WARNING: Parent path 'AudioPlayers' for node 'AmbientAudio' has vanished when instantiating: 'res://source/stages/stage_1_ghost/ghost_terminal.tscn'.
:: at: instantiate (scene/resources/packed_scene.cpp:205)
:: WARNING: Node './AmbientAudio' was modified from inside an instance, but it has vanished.
:: at: instantiate (scene/resources/packed_scene.cpp:304)
:: WARNING: Parent path 'AudioPlayers' for node 'EffectsAudio' has vanished when instantiating: 'res://source/stages/stage_1_ghost/ghost_terminal.tscn'.
:: at: instantiate (scene/resources/packed_scene.cpp:205)
:: WARNING: Node './EffectsAudio' was modified from inside an instance, but it has vanished.
:: at: instantiate (scene/resources/packed_scene.cpp:304)
:: WARNING: Parent path 'AudioPlayers' for node 'UiAudio' has vanished when instantiating: 'res://source/stages/stage_1_ghost/ghost_terminal.tscn'.
:: at: instantiate (scene/resources/packed_scene.cpp:205)
:: WARNING: Node './UiAudio' was modified from inside an instance, but it has vanished.
:: at: instantiate (scene/resources/packed_scene.cpp:304)
.. Loading resource: res://source/stages/main.tscn
.. Loading resource: res://source/ui/menus/main_menu.tscn
.. Loading resource: res://source/ui/menus/credits_menu.tscn
.. Loading resource: res://source/ui/menus/CreditsMenu.cs
.. [  50% ] \u001b[90m\u001b[1mloading_editor_layout\u001b[22m | Loading central editor layout...\u001b[39m\u001b[0m
.. [  66% ] \u001b[90m\u001b[1mloading_editor_layout\u001b[22m | Loading plugin window layout...\u001b[39m\u001b[0m
.. [  83% ] \u001b[90m\u001b[1mloading_editor_layout\u001b[22m | Editor layout ready.\u001b[39m\u001b[0m
.. \u001b[92m[ DONE ]\u001b[39m \u001b[1mloading_editor_layout\u001b[22m
.. \u001b[0m
.. Failed to bind socket. Error: 3.
.. thirdparty/mbedtls/library/ssl_tls13_generic.c:1552: 0x53ee30b8: Perform PSA-based ECDH/FFDH computation.
.. thirdparty/mbedtls/library/ssl_tls13_client.c:1950: 0x53ee30b8: Switch to handshake keys for inbound traffic
.. thirdparty/mbedtls/library/ssl_tls13_generic.c:0403: 0x53ee30b8: mbedtls_ssl_tls13_process_certificate_verify() returned 0 (-0x0000)
.. thirdparty/mbedtls/library/ssl_tls13_client.c:2639: 0x53ee30b8: Switch to handshake traffic keys for outbound traffic
.. thirdparty/mbedtls/library/ssl_tls13_generic.c:1235: 0x53ee30b8: Switch to application keys for inbound traffic
.. thirdparty/mbedtls/library/ssl_tls13_generic.c:1238: 0x53ee30b8: Switch to application keys for outbound traffic
.. Unloading addon: res://addons/dialogic/plugin.cfg
.. Unloading addon: res://addons/gdUnit4/plugin.cfg
.. Unloading addon: res://addons/godot_xterm/plugin.cfg
.. Unloading addon: res://addons/type_writer_label/plugin.cfg
.. Script docs haven't been properly loaded or regenerated, so don't save them to disk.
.. EditorSettings: Save OK!
.. Unloading: Disposing tracked instances...
.. Unloading: Finished disposing tracked instances.
.. XR: Clearing primary interface
.. XR: Removed interface "Native mobile"
.. XR: Removed interface "OpenXR"
:: WARNING: ObjectDB instances leaked at exit (run with --verbose for details).
:: at: cleanup (core/object/object.cpp:2570)
.. Leaked instance: UndoRedo:2140537967065
.. Hint: Leaked instances typically happen when nodes are removed from the scene tree (with `remove_child()`) but not freed (with `free()` or `queue_free()`).
.. Orphan StringName: RenderingDevice (static: 2, total: 4)
.. Orphan StringName: Mesh (static: 18, total: 22)
.. Orphan StringName: Tween (static: 2, total: 6)
.. Orphan StringName: Shader (static: 3, total: 7)
.. Orphan StringName: JSON (static: 2, total: 4)
.. Orphan StringName: PTY (static: 0, total: 2)
.. Orphan StringName: ImageTexture (static: 5, total: 7)
.. Orphan StringName: Semaphore (static: 2, total: 4)
.. Orphan StringName: Terminal (static: 0, total: 2)
.. Orphan StringName: MainLoop (static: 3, total: 7)
.. Orphan StringName: TriangleMesh (static: 2, total: 6)
.. Orphan StringName: InputEvent (static: 18, total: 22)
.. Orphan StringName: InputEventMouse (static: 4, total: 6)
.. Orphan StringName: ThemeDB (static: 2, total: 4)
.. Orphan StringName: InputEventWithModifiers (static: 9, total: 11)
.. Orphan StringName: Control (static: 232, total: 234)
.. Orphan StringName: Shape3D (static: 11, total: 15)
.. Orphan StringName: Input (static: 2, total: 4)
.. Orphan StringName: InputEventFromWindow (static: 12, total: 14)
.. Orphan StringName: ResourceLoader (static: 2, total: 6)
.. Orphan StringName: SchemaValidationResult (static: 0, total: 2)
.. Orphan StringName: Font (static: 5, total: 9)
.. Orphan StringName: RenderingServer (static: 2, total: 4)
.. Orphan StringName: Image (static: 2, total: 6)
.. Orphan StringName: Resource (static: 463, total: 467)
.. Orphan StringName: StyleBoxFlat (static: 5, total: 7)
.. Orphan StringName: Schema (static: 0, total: 2)
.. Orphan StringName: OS (static: 2, total: 4)
.. Orphan StringName: Viewport (static: 60, total: 64)
.. Orphan StringName: MultiplayerAPI (static: 4, total: 8)
.. Orphan StringName: Timer (static: 2, total: 4)
.. Orphan StringName: DisplayServer (static: 2, total: 4)
.. Orphan StringName: Marshalls (static: 2, total: 4)
.. Orphan StringName: FileAccess (static: 2, total: 4)
.. Orphan StringName: Mutex (static: 2, total: 6)
.. Orphan StringName: ConcavePolygonShape3D (static: 2, total: 6)
.. Orphan StringName: Thread (static: 2, total: 4)
.. Orphan StringName: RegExMatch (static: 2, total: 4)
.. Orphan StringName: CanvasItem (static: 280, total: 284)
.. Orphan StringName: SceneTree (static: 2, total: 6)
.. Orphan StringName: InputEventMouseMotion (static: 2, total: 4)
.. Orphan StringName: InputEventMouseButton (static: 2, total: 4)
.. Orphan StringName: WeakRef (static: 2, total: 4)
.. Orphan StringName: YAMLSecurity (static: 0, total: 2)
.. Orphan StringName: Texture (static: 44, total: 48)
.. Orphan StringName: CanvasLayer (static: 3, total: 7)
.. Orphan StringName: World2D (static: 2, total: 6)
.. Orphan StringName: ShaderMaterial (static: 2, total: 4)
.. Orphan StringName: Material (static: 13, total: 17)
.. Orphan StringName: Node (static: 575, total: 580)
.. Orphan StringName: ProjectSettings (static: 2, total: 6)
.. Orphan StringName: TextServer (static: 5, total: 9)
.. Orphan StringName: RefCounted (static: 789, total: 793)
.. Orphan StringName: Object (static: 1482, total: 1486)
.. Orphan StringName: Theme (static: 3, total: 7)
.. Orphan StringName: YAMLResult (static: 0, total: 2)
.. Orphan StringName: YAMLStyle (static: 0, total: 2)
.. Orphan StringName: RDPipelineSpecializationConstant (static: 2, total: 4)
.. Orphan StringName: ConvexPolygonShape3D (static: 2, total: 6)
.. Orphan StringName: InputEventKey (static: 2, total: 4)
.. Orphan StringName: ResourceFormatLoader (static: 2, total: 6)
.. Orphan StringName: MultiMesh (static: 2, total: 6)
.. Orphan StringName: Texture2D (static: 20, total: 24)
.. Orphan StringName: Window (static: 63, total: 67)
.. Orphan StringName: StyleBox (static: 6, total: 10)
.. Orphan StringName: ClassDB (static: 2, total: 6)
.. Orphan StringName: RegEx (static: 2, total: 4)
.. Orphan StringName: Script (static: 13, total: 15)
.. Orphan StringName: YAML (static: 0, total: 2)
.. StringName: 69 unclaimed string names at exit.
Rebuild Godot Project ends with exit code: 0

======== Running GdUnit4 Godot Runtime Test Runner ========
GdUnit4 Godot Runtime Test Runner is not terminated, force process kill.
======== Running GdUnit4 Default Test Runner ========
Completed tests for assembly: /home/adam/Dev/omega-spiral/chapter-zero/.godot/mono/temp/bin/Debug/chapter-zero.dll
Test execution stopped.
</StdOut>
    </Output>
    <RunInfos>
      <RunInfo computerName="omega" outcome="Error" timestamp="2025-10-26T19:23:50.8448034-04:00">
        <Text>The server returned an unexpected status code.
   at GdUnit4.Core.Runners.BaseTestRunner.ValidateResponse(Response response)
   at GdUnit4.Core.Runners.BaseTestRunner.&lt;&gt;c__DisplayClass19_0.&lt;&lt;RunAndWait&gt;b__0&gt;d.MoveNext()</Text>
      </RunInfo>
    </RunInfos>
  </ResultSummary>
</TestRun>