<?xml version="1.0" encoding="utf-8"?>
<TestRun id="7980c2f2-704b-48d2-8925-86599f003c5d" name="@omega 2025-10-30 13:16:38" xmlns="http://microsoft.com/schemas/VisualStudio/TeamTest/2010">
  <Times creation="2025-10-30T13:16:38.9191456-04:00" queuing="2025-10-30T13:16:38.9191457-04:00" start="2025-10-30T13:16:16.6298406-04:00" finish="2025-10-30T13:16:39.5770312-04:00" />
  <TestSettings name="default" id="0217c2f2-b96d-41ef-86c4-99b04ca1a2b8">
    <Deployment runDeploymentRoot="_omega_2025-10-30_13_16_38" />
  </TestSettings>
  <Results>
    <UnitTestResult executionId="56bb2676-4f13-4d0a-9844-f3110516a055" testId="30cd23cd-ffd4-4a60-95ab-6f31c563d2bf" testName="OmegaSpiral.Tests.Ui.Omega.OmegaBorderFrame_UnitTests.AnimationDefaults_AreSet" computerName="omega" duration="00:00:00.0240000" startTime="2025-10-30T13:16:38.8861055-04:00" endTime="2025-10-30T13:16:38.8864513-04:00" testType="13cdc9d9-ddb5-4fa4-a97d-d965ccfc6d4b" outcome="Failed" testListId="8c84fa94-04c1-424b-9868-57a2d4851a1d" relativeResultsDirectory="56bb2676-4f13-4d0a-9844-f3110516a055">
      <Output>
        <ErrorInfo>
          <Message>Expecting be NOT &lt;Null&gt;:</Message>
          <StackTrace>   at OmegaSpiral.Tests.Ui.Omega.OmegaBorderFrame_UnitTests.AnimationDefaults_AreSet() in /home/adam/Dev/omega-spiral/chapter-zero/tests/ui/omega/OmegaBorderFrameTests.cs:line 155
</StackTrace>
        </ErrorInfo>
      </Output>
    </UnitTestResult>
    <UnitTestResult executionId="42a112ad-61bd-47e0-b8ca-bb8499ba482e" testId="fea9c4f2-f6e6-4bef-840d-d6bab12f2046" testName="OmegaSpiral.Tests.Ui.Omega.OmegaBorderFrame_UnitTests.BorderFrame_HasNonZeroSize" computerName="omega" duration="00:00:00.0100000" startTime="2025-10-30T13:16:38.7562336-04:00" endTime="2025-10-30T13:16:38.7566047-04:00" testType="13cdc9d9-ddb5-4fa4-a97d-d965ccfc6d4b" outcome="Passed" testListId="8c84fa94-04c1-424b-9868-57a2d4851a1d" relativeResultsDirectory="42a112ad-61bd-47e0-b8ca-bb8499ba482e" />
    <UnitTestResult executionId="596772f1-50ac-48d0-ac8f-f9e542c421b2" testId="d7727e2f-7786-4e72-a191-400ffa3f7ffc" testName="OmegaSpiral.Tests.Ui.Omega.OmegaBorderFrame_UnitTests.Constructor_InitializesSuccessfully" computerName="omega" duration="00:00:00.0420000" startTime="2025-10-30T13:16:38.7991168-04:00" endTime="2025-10-30T13:16:38.7994730-04:00" testType="13cdc9d9-ddb5-4fa4-a97d-d965ccfc6d4b" outcome="Passed" testListId="8c84fa94-04c1-424b-9868-57a2d4851a1d" relativeResultsDirectory="596772f1-50ac-48d0-ac8f-f9e542c421b2" />
    <UnitTestResult executionId="74550ec1-05ac-4b4d-9b9a-32e982dd6a8b" testId="a158e9c9-c7b8-458d-8b53-ec2e3179126b" testName="OmegaSpiral.Tests.Unit.Common.Omega.OmegaSpiralColorsTests.PhosphorGlow_HasCorrectOpacity" computerName="omega" duration="00:00:00.0130000" startTime="2025-10-30T13:16:39.1365560-04:00" endTime="2025-10-30T13:16:39.1369230-04:00" testType="13cdc9d9-ddb5-4fa4-a97d-d965ccfc6d4b" outcome="Passed" testListId="8c84fa94-04c1-424b-9868-57a2d4851a1d" relativeResultsDirectory="74550ec1-05ac-4b4d-9b9a-32e982dd6a8b" />
    <UnitTestResult executionId="5c92f32d-78d7-46ef-b036-1d53dbfdfc7a" testId="2f5aa88c-0934-4ce2-8856-25f04db1cf72" testName="OmegaSpiral.Tests.Ui.Omega.OmegaBorderFrame_UnitTests.ConfigureAnimationSpeed_AcceptsZero" computerName="omega" duration="00:00:00.0100000" startTime="2025-10-30T13:16:38.9787192-04:00" endTime="2025-10-30T13:16:38.9790625-04:00" testType="13cdc9d9-ddb5-4fa4-a97d-d965ccfc6d4b" outcome="Failed" testListId="8c84fa94-04c1-424b-9868-57a2d4851a1d" relativeResultsDirectory="5c92f32d-78d7-46ef-b036-1d53dbfdfc7a">
      <Output>
        <ErrorInfo>
          <Message>Expecting be equal:
    '0' but is '0.05'</Message>
          <StackTrace>   at OmegaSpiral.Tests.Ui.Omega.OmegaBorderFrame_UnitTests.ConfigureAnimationSpeed_AcceptsZero() in /home/adam/Dev/omega-spiral/chapter-zero/tests/ui/omega/OmegaBorderFrameTests.cs:line 247
</StackTrace>
        </ErrorInfo>
      </Output>
    </UnitTestResult>
    <UnitTestResult executionId="9600cade-686a-45f0-b2f6-b401df5492bb" testId="870438ab-85ee-436f-953b-0afe4861280c" testName="OmegaSpiral.Tests.Unit.Common.Omega.OmegaSpiralColorsTests.DeepSpace_MatchesDesignSpec" computerName="omega" duration="00:00:00.0110000" startTime="2025-10-30T13:16:39.1227706-04:00" endTime="2025-10-30T13:16:39.1231214-04:00" testType="13cdc9d9-ddb5-4fa4-a97d-d965ccfc6d4b" outcome="Passed" testListId="8c84fa94-04c1-424b-9868-57a2d4851a1d" relativeResultsDirectory="9600cade-686a-45f0-b2f6-b401df5492bb" />
    <UnitTestResult executionId="e1ca87c2-3be3-40de-8a35-35ea390b7d06" testId="33b9cfaf-a87c-4177-a7ec-a6a62df1c12d" testName="OmegaSpiral.Tests.Ui.Omega.OmegaBorderFrame_UnitTests.UpdateThreadColors_ChangesAllThreads" computerName="omega" duration="00:00:00.0120000" startTime="2025-10-30T13:16:38.9916857-04:00" endTime="2025-10-30T13:16:38.9920291-04:00" testType="13cdc9d9-ddb5-4fa4-a97d-d965ccfc6d4b" outcome="Failed" testListId="8c84fa94-04c1-424b-9868-57a2d4851a1d" relativeResultsDirectory="e1ca87c2-3be3-40de-8a35-35ea390b7d06">
      <Output>
        <ErrorInfo>
          <Message>Object reference not set to an instance of an object.</Message>
          <StackTrace>   at OmegaSpiral.Tests.Ui.Omega.OmegaBorderFrame_UnitTests.UpdateThreadColors_ChangesAllThreads() in /home/adam/Dev/omega-spiral/chapter-zero/tests/ui/omega/OmegaBorderFrameTests.cs:line 267
   at System.Reflection.MethodBaseInvoker.InterpretedInvoke_Method(Object obj, IntPtr* args)
   at System.Reflection.MethodBaseInvoker.InvokeWithNoArgs(Object obj, BindingFlags invokeAttr)
</StackTrace>
        </ErrorInfo>
      </Output>
    </UnitTestResult>
    <UnitTestResult executionId="8f79a305-a66f-44b0-b904-e1f2443a68e1" testId="85a48543-26b5-46fb-8a6a-524d45e2ebaa" testName="OmegaSpiral.Tests.Unit.Common.Omega.OmegaSpiralColorsTests.AmbitionThread_MatchesDesignSpec" computerName="omega" duration="00:00:00.0130000" startTime="2025-10-30T13:16:39.2201193-04:00" endTime="2025-10-30T13:16:39.2206125-04:00" testType="13cdc9d9-ddb5-4fa4-a97d-d965ccfc6d4b" outcome="Passed" testListId="8c84fa94-04c1-424b-9868-57a2d4851a1d" relativeResultsDirectory="8f79a305-a66f-44b0-b904-e1f2443a68e1" />
    <UnitTestResult executionId="a73d9687-207b-4f92-924b-b2c30713dc72" testId="0a3e36d2-42f7-4682-a3c4-b0b8bece5a62" testName="OmegaSpiral.Tests.Unit.Common.Omega.OmegaSpiralColorsTests.LightThread_MatchesDesignSpec" computerName="omega" duration="00:00:00.0130000" startTime="2025-10-30T13:16:39.1848063-04:00" endTime="2025-10-30T13:16:39.1851481-04:00" testType="13cdc9d9-ddb5-4fa4-a97d-d965ccfc6d4b" outcome="Passed" testListId="8c84fa94-04c1-424b-9868-57a2d4851a1d" relativeResultsDirectory="a73d9687-207b-4f92-924b-b2c30713dc72" />
    <UnitTestResult executionId="27de3fb0-550f-4900-8740-2e24b3824b14" testId="b563f40a-38c5-486c-a914-c766121c4847" testName="AudioManagerTests.OnUiHover_EmitsCueStarted" computerName="omega" duration="00:00:00.0360000" startTime="2025-10-30T13:16:38.3377505-04:00" endTime="2025-10-30T13:16:38.3394423-04:00" testType="13cdc9d9-ddb5-4fa4-a97d-d965ccfc6d4b" outcome="Passed" testListId="8c84fa94-04c1-424b-9868-57a2d4851a1d" relativeResultsDirectory="27de3fb0-550f-4900-8740-2e24b3824b14">
      <Output>
        <StdOut>AudioManager: Initialized successfully</StdOut>
      </Output>
    </UnitTestResult>
    <UnitTestResult executionId="1047ea6e-048d-4cf9-bcb2-24dfc478ded3" testId="5040bf42-1eed-4570-b226-c1c6f65adbf3" testName="OmegaSpiral.Tests.Ui.Omega.OmegaBorderFrame_UnitTests.ConfigureAnimationSpeed_ClampsToValidRanges" computerName="omega" duration="00:00:00.0100000" startTime="2025-10-30T13:16:38.9679344-04:00" endTime="2025-10-30T13:16:38.9682849-04:00" testType="13cdc9d9-ddb5-4fa4-a97d-d965ccfc6d4b" outcome="Failed" testListId="8c84fa94-04c1-424b-9868-57a2d4851a1d" relativeResultsDirectory="1047ea6e-048d-4cf9-bcb2-24dfc478ded3">
      <Output>
        <ErrorInfo>
          <Message>Expecting be equal:
    '2' but is '0.05'</Message>
          <StackTrace>   at OmegaSpiral.Tests.Ui.Omega.OmegaBorderFrame_UnitTests.ConfigureAnimationSpeed_ClampsToValidRanges() in /home/adam/Dev/omega-spiral/chapter-zero/tests/ui/omega/OmegaBorderFrameTests.cs:line 232
</StackTrace>
        </ErrorInfo>
      </Output>
    </UnitTestResult>
    <UnitTestResult executionId="508f2716-d66b-4d2e-ba59-8e2f3796c578" testId="d2f113a7-0093-4d28-b17e-61cc2b872225" testName="OmegaSpiral.Tests.Ui.Omega.OmegaBorderFrame_UnitTests.ThreadColors_AppliedFromDesignSystem" computerName="omega" duration="00:00:00.0190000" startTime="2025-10-30T13:16:38.8615613-04:00" endTime="2025-10-30T13:16:38.8657080-04:00" testType="13cdc9d9-ddb5-4fa4-a97d-d965ccfc6d4b" outcome="Failed" testListId="8c84fa94-04c1-424b-9868-57a2d4851a1d" relativeResultsDirectory="508f2716-d66b-4d2e-ba59-8e2f3796c578">
      <Output>
        <ErrorInfo>
          <Message>Expecting be NOT &lt;Null&gt;:</Message>
          <StackTrace>   at OmegaSpiral.Tests.Ui.Omega.OmegaBorderFrame_UnitTests.ThreadColors_AppliedFromDesignSystem() in /home/adam/Dev/omega-spiral/chapter-zero/tests/ui/omega/OmegaBorderFrameTests.cs:line 126
</StackTrace>
        </ErrorInfo>
      </Output>
    </UnitTestResult>
    <UnitTestResult executionId="111659c6-bfd8-4d0e-80e5-ff8d3989810e" testId="2091d6d9-2855-4242-bd6e-77ee7110eb0f" testName="AudioManagerTests.OnUiConfirm_DucksAmbientAndRestores" computerName="omega" duration="00:00:00.3670000" startTime="2025-10-30T13:16:38.7039104-04:00" endTime="2025-10-30T13:16:38.7042740-04:00" testType="13cdc9d9-ddb5-4fa4-a97d-d965ccfc6d4b" outcome="Passed" testListId="8c84fa94-04c1-424b-9868-57a2d4851a1d" relativeResultsDirectory="111659c6-bfd8-4d0e-80e5-ff8d3989810e">
      <Output>
        <StdOut>AudioManager: Initialized successfully</StdOut>
      </Output>
    </UnitTestResult>
    <UnitTestResult executionId="a8834269-6f32-41b1-94b6-205453250489" testId="6fab9111-5cad-431c-88de-3772111acbfc" testName="OmegaSpiral.Tests.Ui.Omega.OmegaBorderFrame_UnitTests.ConfigureAnimationSpeed_UpdatesBothParameters" computerName="omega" duration="00:00:00.0200000" startTime="2025-10-30T13:16:38.9571380-04:00" endTime="2025-10-30T13:16:38.9575204-04:00" testType="13cdc9d9-ddb5-4fa4-a97d-d965ccfc6d4b" outcome="Failed" testListId="8c84fa94-04c1-424b-9868-57a2d4851a1d" relativeResultsDirectory="a8834269-6f32-41b1-94b6-205453250489">
      <Output>
        <ErrorInfo>
          <Message>Expecting be equal:
    '0.5' but is '0.05'</Message>
          <StackTrace>   at OmegaSpiral.Tests.Ui.Omega.OmegaBorderFrame_UnitTests.ConfigureAnimationSpeed_UpdatesBothParameters() in /home/adam/Dev/omega-spiral/chapter-zero/tests/ui/omega/OmegaBorderFrameTests.cs:line 215
</StackTrace>
        </ErrorInfo>
      </Output>
    </UnitTestResult>
    <UnitTestResult executionId="c6e28208-b6f1-4908-86af-b599ce3d3c75" testId="2545fdfb-46f5-4457-b0f7-840e543a6745" testName="OmegaSpiral.Tests.Ui.Omega.OmegaBorderFrame_UnitTests.UpdateThreadColors_CanRevertToDesignSystem" computerName="omega" duration="00:00:00.0200000" startTime="2025-10-30T13:16:39.0123877-04:00" endTime="2025-10-30T13:16:39.0127340-04:00" testType="13cdc9d9-ddb5-4fa4-a97d-d965ccfc6d4b" outcome="Failed" testListId="8c84fa94-04c1-424b-9868-57a2d4851a1d" relativeResultsDirectory="c6e28208-b6f1-4908-86af-b599ce3d3c75">
      <Output>
        <ErrorInfo>
          <Message>Object reference not set to an instance of an object.</Message>
          <StackTrace>   at OmegaSpiral.Tests.Ui.Omega.OmegaBorderFrame_UnitTests.UpdateThreadColors_CanRevertToDesignSystem() in /home/adam/Dev/omega-spiral/chapter-zero/tests/ui/omega/OmegaBorderFrameTests.cs:line 294
   at System.Reflection.MethodBaseInvoker.InterpretedInvoke_Method(Object obj, IntPtr* args)
   at System.Reflection.MethodBaseInvoker.InvokeWithNoArgs(Object obj, BindingFlags invokeAttr)
</StackTrace>
        </ErrorInfo>
      </Output>
    </UnitTestResult>
    <UnitTestResult executionId="fb291bd7-dea2-4d09-bad8-76935e635bbd" testId="19854c6e-6018-4c1d-a998-bce6d1024012" testName="OmegaSpiral.Tests.Ui.Omega.OmegaBorderFrame_UnitTests.Layout_PropertiesAreCorrect" computerName="omega" duration="00:00:00.0100000" startTime="2025-10-30T13:16:38.8099023-04:00" endTime="2025-10-30T13:16:38.8102407-04:00" testType="13cdc9d9-ddb5-4fa4-a97d-d965ccfc6d4b" outcome="Passed" testListId="8c84fa94-04c1-424b-9868-57a2d4851a1d" relativeResultsDirectory="fb291bd7-dea2-4d09-bad8-76935e635bbd" />
    <UnitTestResult executionId="8311ef59-d9a1-4084-9b33-fc2437f6f640" testId="2cb65447-e4e9-436f-9725-19a0af4a6fe8" testName="OmegaSpiral.Tests.Unit.Common.Omega.OmegaSpiralColorsTests.GlitchDistortion_HasCorrectOpacity" computerName="omega" duration="00:00:00.0130000" startTime="2025-10-30T13:16:39.1710324-04:00" endTime="2025-10-30T13:16:39.1713913-04:00" testType="13cdc9d9-ddb5-4fa4-a97d-d965ccfc6d4b" outcome="Passed" testListId="8c84fa94-04c1-424b-9868-57a2d4851a1d" relativeResultsDirectory="8311ef59-d9a1-4084-9b33-fc2437f6f640" />
    <UnitTestResult executionId="7c52806a-6603-48fd-a4fd-42621ffda12e" testId="7596312e-0602-4c46-8620-d0acb64729bb" testName="OmegaSpiral.Tests.Ui.Omega.OmegaBorderFrame_UnitTests.GetWaveSpeed_ReturnsCurrent" computerName="omega" duration="00:00:00.0200000" startTime="2025-10-30T13:16:38.9361594-04:00" endTime="2025-10-30T13:16:38.9365233-04:00" testType="13cdc9d9-ddb5-4fa4-a97d-d965ccfc6d4b" outcome="Passed" testListId="8c84fa94-04c1-424b-9868-57a2d4851a1d" relativeResultsDirectory="7c52806a-6603-48fd-a4fd-42621ffda12e" />
    <UnitTestResult executionId="85b4c6f5-248d-4e62-ba2a-5d63b8c2ed5a" testId="01383411-7605-4986-aeef-a87d9cf23d36" testName="OmegaSpiral.Tests.Unit.Common.Omega.OmegaSpiralColorsTests.ShadowThread_MatchesDesignSpec" computerName="omega" duration="00:00:00.0200000" startTime="2025-10-30T13:16:39.2054809-04:00" endTime="2025-10-30T13:16:39.2058347-04:00" testType="13cdc9d9-ddb5-4fa4-a97d-d965ccfc6d4b" outcome="Passed" testListId="8c84fa94-04c1-424b-9868-57a2d4851a1d" relativeResultsDirectory="85b4c6f5-248d-4e62-ba2a-5d63b8c2ed5a" />
    <UnitTestResult executionId="51f33992-4bd8-4110-8fe0-786cdd289849" testId="b13a21cd-e487-40eb-87f5-3585a0991db6" testName="OmegaSpiral.Tests.Unit.Common.Omega.OmegaSpiralColorsTests.WarmAmber_MatchesDesignSpec" computerName="omega" duration="00:00:00.0200000" startTime="2025-10-30T13:16:39.0681239-04:00" endTime="2025-10-30T13:16:39.0691449-04:00" testType="13cdc9d9-ddb5-4fa4-a97d-d965ccfc6d4b" outcome="Passed" testListId="8c84fa94-04c1-424b-9868-57a2d4851a1d" relativeResultsDirectory="51f33992-4bd8-4110-8fe0-786cdd289849" />
    <UnitTestResult executionId="a90cf85a-019c-46f7-8cdc-598958a8f696" testId="a0b38846-f16e-4a11-b0fe-0120afb922fd" testName="OmegaSpiral.Tests.Unit.Common.Omega.OmegaSpiralColorsTests.PureWhite_MatchesDesignSpec" computerName="omega" duration="00:00:00.0200000" startTime="2025-10-30T13:16:39.0895666-04:00" endTime="2025-10-30T13:16:39.0899373-04:00" testType="13cdc9d9-ddb5-4fa4-a97d-d965ccfc6d4b" outcome="Passed" testListId="8c84fa94-04c1-424b-9868-57a2d4851a1d" relativeResultsDirectory="a90cf85a-019c-46f7-8cdc-598958a8f696" />
    <UnitTestResult executionId="31dd5093-133d-4741-83ad-4cb8599387a9" testId="64ad6095-145a-44af-95e6-404d99be96c1" testName="OmegaSpiral.Tests.Unit.Common.Omega.OmegaSpiralColorsTests.PhosphorPulseFrequency_IsHalfHz" computerName="omega" duration="00:00:00.0200000" startTime="2025-10-30T13:16:39.2968209-04:00" endTime="2025-10-30T13:16:39.2972486-04:00" testType="13cdc9d9-ddb5-4fa4-a97d-d965ccfc6d4b" outcome="Passed" testListId="8c84fa94-04c1-424b-9868-57a2d4851a1d" relativeResultsDirectory="31dd5093-133d-4741-83ad-4cb8599387a9" />
    <UnitTestResult executionId="1cce0708-a09a-4400-9098-b810dcf4e1fc" testId="bd383606-a343-4a2e-a03d-7a87f8db73a5" testName="OmegaSpiral.Tests.Ui.Omega.OmegaBorderFrame_UnitTests.ShaderMaterial_IsConfigured" computerName="omega" duration="00:00:00.0200000" startTime="2025-10-30T13:16:38.8421523-04:00" endTime="2025-10-30T13:16:38.8425689-04:00" testType="13cdc9d9-ddb5-4fa4-a97d-d965ccfc6d4b" outcome="Failed" testListId="8c84fa94-04c1-424b-9868-57a2d4851a1d" relativeResultsDirectory="1cce0708-a09a-4400-9098-b810dcf4e1fc">
      <Output>
        <ErrorInfo>
          <Message>Expecting be NOT &lt;Null&gt;:</Message>
          <StackTrace>   at OmegaSpiral.Tests.Ui.Omega.OmegaBorderFrame_UnitTests.ShaderMaterial_IsConfigured() in /home/adam/Dev/omega-spiral/chapter-zero/tests/ui/omega/OmegaBorderFrameTests.cs:line 110
</StackTrace>
        </ErrorInfo>
      </Output>
    </UnitTestResult>
    <UnitTestResult executionId="0e51eff2-c323-478c-b6a3-cba7da9c15fb" testId="8d35c163-5f01-4e36-96ef-e6e1d4b86232" testName="OmegaSpiral.Tests.Ui.Omega.OmegaBorderFrame_UnitTests.GetRotationSpeed_ReturnsCurrent" computerName="omega" duration="00:00:00.0280000" startTime="2025-10-30T13:16:38.9148115-04:00" endTime="2025-10-30T13:16:38.9151789-04:00" testType="13cdc9d9-ddb5-4fa4-a97d-d965ccfc6d4b" outcome="Passed" testListId="8c84fa94-04c1-424b-9868-57a2d4851a1d" relativeResultsDirectory="0e51eff2-c323-478c-b6a3-cba7da9c15fb">
      <Output>
        <StdOut>[DesignConfigService] Loaded 13 colors and 7 shader defaults.</StdOut>
      </Output>
    </UnitTestResult>
    <UnitTestResult executionId="5fba1cb6-7672-4999-b386-4f5ad26ac259" testId="fd3cb0ec-3685-4e9f-8fd8-e91272908dae" testName="OmegaSpiral.Tests.Ui.Omega.OmegaBorderFrame_UnitTests.Anchors_FillParentBounds" computerName="omega" duration="00:00:00.0100000" startTime="2025-10-30T13:16:38.8207651-04:00" endTime="2025-10-30T13:16:38.8211287-04:00" testType="13cdc9d9-ddb5-4fa4-a97d-d965ccfc6d4b" outcome="Passed" testListId="8c84fa94-04c1-424b-9868-57a2d4851a1d" relativeResultsDirectory="5fba1cb6-7672-4999-b386-4f5ad26ac259" />
    <UnitTestResult executionId="d290fcb7-6224-4979-b737-9471abaccd91" testId="a14837b4-e577-4daa-b4ae-15819792f259" testName="OmegaSpiral.Tests.Unit.Common.Omega.OmegaSpiralColorsTests.ColorCycleDuration_Is8Seconds" computerName="omega" duration="00:00:00.0330000" startTime="2025-10-30T13:16:39.2755243-04:00" endTime="2025-10-30T13:16:39.2759473-04:00" testType="13cdc9d9-ddb5-4fa4-a97d-d965ccfc6d4b" outcome="Passed" testListId="8c84fa94-04c1-424b-9868-57a2d4851a1d" relativeResultsDirectory="d290fcb7-6224-4979-b737-9471abaccd91" />
    <UnitTestResult executionId="be2884cd-afa6-407f-8ea1-1e376466ee1a" testId="ae8eb35d-839a-41ef-994a-8e55893084dd" testName="OmegaSpiral.Tests.Unit.Common.Omega.OmegaSpiralColorsTests.ScanlineOverlay_HasCorrectOpacity" computerName="omega" duration="00:00:00.0200000" startTime="2025-10-30T13:16:39.1574815-04:00" endTime="2025-10-30T13:16:39.1578443-04:00" testType="13cdc9d9-ddb5-4fa4-a97d-d965ccfc6d4b" outcome="Passed" testListId="8c84fa94-04c1-424b-9868-57a2d4851a1d" relativeResultsDirectory="be2884cd-afa6-407f-8ea1-1e376466ee1a" />
    <UnitTestResult executionId="14884dba-a2e7-49b8-8013-5e8526cd55cb" testId="19f5d6a5-1e54-4218-88f5-6cda6b3f1270" testName="OmegaSpiral.Tests.Ui.Omega.OmegaBorderFrame_UnitTests.BorderFrame_IsVisibleByDefault" computerName="omega" duration="00:00:00.0130000" startTime="2025-10-30T13:16:39.0261201-04:00" endTime="2025-10-30T13:16:39.0264762-04:00" testType="13cdc9d9-ddb5-4fa4-a97d-d965ccfc6d4b" outcome="Passed" testListId="8c84fa94-04c1-424b-9868-57a2d4851a1d" relativeResultsDirectory="14884dba-a2e7-49b8-8013-5e8526cd55cb" />
    <UnitTestResult executionId="d1f534a7-d976-43d1-8d69-b48eebfb75a9" testId="e3970570-f08f-44b3-8e98-56d5a17a6a01" testName="OmegaSpiral.Tests.Unit.Common.Omega.OmegaSpiralColorsTests.ColorTolerance_IsAppropriate" computerName="omega" duration="00:00:00.0120000" startTime="2025-10-30T13:16:39.3307183-04:00" endTime="2025-10-30T13:16:39.3310944-04:00" testType="13cdc9d9-ddb5-4fa4-a97d-d965ccfc6d4b" outcome="Passed" testListId="8c84fa94-04c1-424b-9868-57a2d4851a1d" relativeResultsDirectory="d1f534a7-d976-43d1-8d69-b48eebfb75a9" />
    <UnitTestResult executionId="246d3476-d350-4451-870e-0c864fdf3c4f" testId="7abbbd94-b719-4db5-9e87-143357ea3ee8" testName="OmegaSpiral.Tests.Unit.Common.Omega.OmegaSpiralColorsTests.NeonMagenta_MatchesDesignSpec" computerName="omega" duration="00:00:00.0200000" startTime="2025-10-30T13:16:39.1104924-04:00" endTime="2025-10-30T13:16:39.1109162-04:00" testType="13cdc9d9-ddb5-4fa4-a97d-d965ccfc6d4b" outcome="Passed" testListId="8c84fa94-04c1-424b-9868-57a2d4851a1d" relativeResultsDirectory="246d3476-d350-4451-870e-0c864fdf3c4f" />
    <UnitTestResult executionId="41538459-ca1f-4750-84d1-59c54ed458e9" testId="60d3d00c-d488-4091-946b-00f2f98d5191" testName="OmegaSpiral.Tests.Unit.Common.Omega.OmegaSpiralColorsTests.PhosphorPulseRange_HasCorrectMinMax" computerName="omega" duration="00:00:00.0200000" startTime="2025-10-30T13:16:39.3176769-04:00" endTime="2025-10-30T13:16:39.3180506-04:00" testType="13cdc9d9-ddb5-4fa4-a97d-d965ccfc6d4b" outcome="Passed" testListId="8c84fa94-04c1-424b-9868-57a2d4851a1d" relativeResultsDirectory="41538459-ca1f-4750-84d1-59c54ed458e9" />
    <UnitTestResult executionId="f208d808-c675-4427-a488-ba7be42ef32b" testId="cc709999-7a59-490c-9fd7-29627e332bf4" testName="OmegaSpiral.Tests.Unit.Common.Omega.OmegaSpiralColorsTests.PrimaryColors_HaveFullOpacity" computerName="omega" duration="00:00:00.0130000" startTime="2025-10-30T13:16:39.3583434-04:00" endTime="2025-10-30T13:16:39.3587172-04:00" testType="13cdc9d9-ddb5-4fa4-a97d-d965ccfc6d4b" outcome="Passed" testListId="8c84fa94-04c1-424b-9868-57a2d4851a1d" relativeResultsDirectory="f208d808-c675-4427-a488-ba7be42ef32b" />
    <UnitTestResult executionId="b2c95256-5230-42f1-a29e-4ef14df46cf8" testId="a5f39194-aeb7-4afc-a053-757b7bb201b2" testName="OmegaSpiral.Tests.Unit.Common.Omega.OmegaSpiralColorsTests.ShaderLayerColors_AreWhiteWithVaryingOpacity" computerName="omega" duration="00:00:00.0130000" startTime="2025-10-30T13:16:39.3720947-04:00" endTime="2025-10-30T13:16:39.3724690-04:00" testType="13cdc9d9-ddb5-4fa4-a97d-d965ccfc6d4b" outcome="Passed" testListId="8c84fa94-04c1-424b-9868-57a2d4851a1d" relativeResultsDirectory="b2c95256-5230-42f1-a29e-4ef14df46cf8" />
    <UnitTestResult executionId="8cd4c68c-2ee6-46b0-85c7-c7f0a171a709" testId="9d57f388-8769-4686-bfcb-23e606db1972" testName="OmegaSpiral.Tests.Unit.Common.Omega.OmegaSpiralColorsTests.SpiralRotationSpeed_IsPiOver4" computerName="omega" duration="00:00:00.0210000" startTime="2025-10-30T13:16:39.2417754-04:00" endTime="2025-10-30T13:16:39.2421318-04:00" testType="13cdc9d9-ddb5-4fa4-a97d-d965ccfc6d4b" outcome="Passed" testListId="8c84fa94-04c1-424b-9868-57a2d4851a1d" relativeResultsDirectory="8cd4c68c-2ee6-46b0-85c7-c7f0a171a709" />
    <UnitTestResult executionId="a4a9a9f8-6b18-4d3b-ad90-d1787aae369b" testId="cab001b3-9361-4dcf-b08e-10275b3fb017" testName="OmegaSpiral.Tests.Unit.Common.Omega.OmegaSpiralColorsTests.OpacityTolerance_IsAppropriate" computerName="omega" duration="00:00:00.0130000" startTime="2025-10-30T13:16:39.3444453-04:00" endTime="2025-10-30T13:16:39.3448263-04:00" testType="13cdc9d9-ddb5-4fa4-a97d-d965ccfc6d4b" outcome="Passed" testListId="8c84fa94-04c1-424b-9868-57a2d4851a1d" relativeResultsDirectory="a4a9a9f8-6b18-4d3b-ad90-d1787aae369b" />
  </Results>
  <TestDefinitions>
    <UnitTest name="AnimationDefaults_AreSet" storage="/home/adam/dev/omega-spiral/chapter-zero/.godot/mono/temp/bin/debug/chapter-zero.dll" id="30cd23cd-ffd4-4a60-95ab-6f31c563d2bf">
      <Execution id="56bb2676-4f13-4d0a-9844-f3110516a055" />
      <TestMethod codeBase="/home/adam/Dev/omega-spiral/chapter-zero/.godot/mono/temp/bin/Debug/chapter-zero.dll" adapterTypeName="executor://gdunit4.testadapter/" className="OmegaSpiral.Tests.Ui.Omega.OmegaBorderFrame_UnitTests" name="AnimationDefaults_AreSet" />
    </UnitTest>
    <UnitTest name="OnUiConfirm_DucksAmbientAndRestores" storage="/home/adam/dev/omega-spiral/chapter-zero/.godot/mono/temp/bin/debug/chapter-zero.dll" id="2091d6d9-2855-4242-bd6e-77ee7110eb0f">
      <Execution id="111659c6-bfd8-4d0e-80e5-ff8d3989810e" />
      <TestMethod codeBase="/home/adam/Dev/omega-spiral/chapter-zero/.godot/mono/temp/bin/Debug/chapter-zero.dll" adapterTypeName="executor://gdunit4.testadapter/" className="AudioManagerTests" name="OnUiConfirm_DucksAmbientAndRestores" />
    </UnitTest>
    <UnitTest name="ColorCycleDuration_Is8Seconds" storage="/home/adam/dev/omega-spiral/chapter-zero/.godot/mono/temp/bin/debug/chapter-zero.dll" id="a14837b4-e577-4daa-b4ae-15819792f259">
      <Execution id="d290fcb7-6224-4979-b737-9471abaccd91" />
      <TestMethod codeBase="/home/adam/Dev/omega-spiral/chapter-zero/.godot/mono/temp/bin/Debug/chapter-zero.dll" adapterTypeName="executor://gdunit4.testadapter/" className="OmegaSpiral.Tests.Unit.Common.Omega.OmegaSpiralColorsTests" name="ColorCycleDuration_Is8Seconds" />
    </UnitTest>
    <UnitTest name="GetWaveSpeed_ReturnsCurrent" storage="/home/adam/dev/omega-spiral/chapter-zero/.godot/mono/temp/bin/debug/chapter-zero.dll" id="7596312e-0602-4c46-8620-d0acb64729bb">
      <Execution id="7c52806a-6603-48fd-a4fd-42621ffda12e" />
      <TestMethod codeBase="/home/adam/Dev/omega-spiral/chapter-zero/.godot/mono/temp/bin/Debug/chapter-zero.dll" adapterTypeName="executor://gdunit4.testadapter/" className="OmegaSpiral.Tests.Ui.Omega.OmegaBorderFrame_UnitTests" name="GetWaveSpeed_ReturnsCurrent" />
    </UnitTest>
    <UnitTest name="ShaderLayerColors_AreWhiteWithVaryingOpacity" storage="/home/adam/dev/omega-spiral/chapter-zero/.godot/mono/temp/bin/debug/chapter-zero.dll" id="a5f39194-aeb7-4afc-a053-757b7bb201b2">
      <Execution id="b2c95256-5230-42f1-a29e-4ef14df46cf8" />
      <TestMethod codeBase="/home/adam/Dev/omega-spiral/chapter-zero/.godot/mono/temp/bin/Debug/chapter-zero.dll" adapterTypeName="executor://gdunit4.testadapter/" className="OmegaSpiral.Tests.Unit.Common.Omega.OmegaSpiralColorsTests" name="ShaderLayerColors_AreWhiteWithVaryingOpacity" />
    </UnitTest>
    <UnitTest name="ShadowThread_MatchesDesignSpec" storage="/home/adam/dev/omega-spiral/chapter-zero/.godot/mono/temp/bin/debug/chapter-zero.dll" id="01383411-7605-4986-aeef-a87d9cf23d36">
      <Execution id="85b4c6f5-248d-4e62-ba2a-5d63b8c2ed5a" />
      <TestMethod codeBase="/home/adam/Dev/omega-spiral/chapter-zero/.godot/mono/temp/bin/Debug/chapter-zero.dll" adapterTypeName="executor://gdunit4.testadapter/" className="OmegaSpiral.Tests.Unit.Common.Omega.OmegaSpiralColorsTests" name="ShadowThread_MatchesDesignSpec" />
    </UnitTest>
    <UnitTest name="ColorTolerance_IsAppropriate" storage="/home/adam/dev/omega-spiral/chapter-zero/.godot/mono/temp/bin/debug/chapter-zero.dll" id="e3970570-f08f-44b3-8e98-56d5a17a6a01">
      <Execution id="d1f534a7-d976-43d1-8d69-b48eebfb75a9" />
      <TestMethod codeBase="/home/adam/Dev/omega-spiral/chapter-zero/.godot/mono/temp/bin/Debug/chapter-zero.dll" adapterTypeName="executor://gdunit4.testadapter/" className="OmegaSpiral.Tests.Unit.Common.Omega.OmegaSpiralColorsTests" name="ColorTolerance_IsAppropriate" />
    </UnitTest>
    <UnitTest name="ConfigureAnimationSpeed_AcceptsZero" storage="/home/adam/dev/omega-spiral/chapter-zero/.godot/mono/temp/bin/debug/chapter-zero.dll" id="2f5aa88c-0934-4ce2-8856-25f04db1cf72">
      <Execution id="5c92f32d-78d7-46ef-b036-1d53dbfdfc7a" />
      <TestMethod codeBase="/home/adam/Dev/omega-spiral/chapter-zero/.godot/mono/temp/bin/Debug/chapter-zero.dll" adapterTypeName="executor://gdunit4.testadapter/" className="OmegaSpiral.Tests.Ui.Omega.OmegaBorderFrame_UnitTests" name="ConfigureAnimationSpeed_AcceptsZero" />
    </UnitTest>
    <UnitTest name="ScanlineOverlay_HasCorrectOpacity" storage="/home/adam/dev/omega-spiral/chapter-zero/.godot/mono/temp/bin/debug/chapter-zero.dll" id="ae8eb35d-839a-41ef-994a-8e55893084dd">
      <Execution id="be2884cd-afa6-407f-8ea1-1e376466ee1a" />
      <TestMethod codeBase="/home/adam/Dev/omega-spiral/chapter-zero/.godot/mono/temp/bin/Debug/chapter-zero.dll" adapterTypeName="executor://gdunit4.testadapter/" className="OmegaSpiral.Tests.Unit.Common.Omega.OmegaSpiralColorsTests" name="ScanlineOverlay_HasCorrectOpacity" />
    </UnitTest>
    <UnitTest name="Anchors_FillParentBounds" storage="/home/adam/dev/omega-spiral/chapter-zero/.godot/mono/temp/bin/debug/chapter-zero.dll" id="fd3cb0ec-3685-4e9f-8fd8-e91272908dae">
      <Execution id="5fba1cb6-7672-4999-b386-4f5ad26ac259" />
      <TestMethod codeBase="/home/adam/Dev/omega-spiral/chapter-zero/.godot/mono/temp/bin/Debug/chapter-zero.dll" adapterTypeName="executor://gdunit4.testadapter/" className="OmegaSpiral.Tests.Ui.Omega.OmegaBorderFrame_UnitTests" name="Anchors_FillParentBounds" />
    </UnitTest>
    <UnitTest name="PhosphorGlow_HasCorrectOpacity" storage="/home/adam/dev/omega-spiral/chapter-zero/.godot/mono/temp/bin/debug/chapter-zero.dll" id="a158e9c9-c7b8-458d-8b53-ec2e3179126b">
      <Execution id="74550ec1-05ac-4b4d-9b9a-32e982dd6a8b" />
      <TestMethod codeBase="/home/adam/Dev/omega-spiral/chapter-zero/.godot/mono/temp/bin/Debug/chapter-zero.dll" adapterTypeName="executor://gdunit4.testadapter/" className="OmegaSpiral.Tests.Unit.Common.Omega.OmegaSpiralColorsTests" name="PhosphorGlow_HasCorrectOpacity" />
    </UnitTest>
    <UnitTest name="Constructor_InitializesSuccessfully" storage="/home/adam/dev/omega-spiral/chapter-zero/.godot/mono/temp/bin/debug/chapter-zero.dll" id="d7727e2f-7786-4e72-a191-400ffa3f7ffc">
      <Execution id="596772f1-50ac-48d0-ac8f-f9e542c421b2" />
      <TestMethod codeBase="/home/adam/Dev/omega-spiral/chapter-zero/.godot/mono/temp/bin/Debug/chapter-zero.dll" adapterTypeName="executor://gdunit4.testadapter/" className="OmegaSpiral.Tests.Ui.Omega.OmegaBorderFrame_UnitTests" name="Constructor_InitializesSuccessfully" />
    </UnitTest>
    <UnitTest name="PhosphorPulseRange_HasCorrectMinMax" storage="/home/adam/dev/omega-spiral/chapter-zero/.godot/mono/temp/bin/debug/chapter-zero.dll" id="60d3d00c-d488-4091-946b-00f2f98d5191">
      <Execution id="41538459-ca1f-4750-84d1-59c54ed458e9" />
      <TestMethod codeBase="/home/adam/Dev/omega-spiral/chapter-zero/.godot/mono/temp/bin/Debug/chapter-zero.dll" adapterTypeName="executor://gdunit4.testadapter/" className="OmegaSpiral.Tests.Unit.Common.Omega.OmegaSpiralColorsTests" name="PhosphorPulseRange_HasCorrectMinMax" />
    </UnitTest>
    <UnitTest name="ConfigureAnimationSpeed_UpdatesBothParameters" storage="/home/adam/dev/omega-spiral/chapter-zero/.godot/mono/temp/bin/debug/chapter-zero.dll" id="6fab9111-5cad-431c-88de-3772111acbfc">
      <Execution id="a8834269-6f32-41b1-94b6-205453250489" />
      <TestMethod codeBase="/home/adam/Dev/omega-spiral/chapter-zero/.godot/mono/temp/bin/Debug/chapter-zero.dll" adapterTypeName="executor://gdunit4.testadapter/" className="OmegaSpiral.Tests.Ui.Omega.OmegaBorderFrame_UnitTests" name="ConfigureAnimationSpeed_UpdatesBothParameters" />
    </UnitTest>
    <UnitTest name="UpdateThreadColors_CanRevertToDesignSystem" storage="/home/adam/dev/omega-spiral/chapter-zero/.godot/mono/temp/bin/debug/chapter-zero.dll" id="2545fdfb-46f5-4457-b0f7-840e543a6745">
      <Execution id="c6e28208-b6f1-4908-86af-b599ce3d3c75" />
      <TestMethod codeBase="/home/adam/Dev/omega-spiral/chapter-zero/.godot/mono/temp/bin/Debug/chapter-zero.dll" adapterTypeName="executor://gdunit4.testadapter/" className="OmegaSpiral.Tests.Ui.Omega.OmegaBorderFrame_UnitTests" name="UpdateThreadColors_CanRevertToDesignSystem" />
    </UnitTest>
    <UnitTest name="WarmAmber_MatchesDesignSpec" storage="/home/adam/dev/omega-spiral/chapter-zero/.godot/mono/temp/bin/debug/chapter-zero.dll" id="b13a21cd-e487-40eb-87f5-3585a0991db6">
      <Execution id="51f33992-4bd8-4110-8fe0-786cdd289849" />
      <TestMethod codeBase="/home/adam/Dev/omega-spiral/chapter-zero/.godot/mono/temp/bin/Debug/chapter-zero.dll" adapterTypeName="executor://gdunit4.testadapter/" className="OmegaSpiral.Tests.Unit.Common.Omega.OmegaSpiralColorsTests" name="WarmAmber_MatchesDesignSpec" />
    </UnitTest>
    <UnitTest name="NeonMagenta_MatchesDesignSpec" storage="/home/adam/dev/omega-spiral/chapter-zero/.godot/mono/temp/bin/debug/chapter-zero.dll" id="7abbbd94-b719-4db5-9e87-143357ea3ee8">
      <Execution id="246d3476-d350-4451-870e-0c864fdf3c4f" />
      <TestMethod codeBase="/home/adam/Dev/omega-spiral/chapter-zero/.godot/mono/temp/bin/Debug/chapter-zero.dll" adapterTypeName="executor://gdunit4.testadapter/" className="OmegaSpiral.Tests.Unit.Common.Omega.OmegaSpiralColorsTests" name="NeonMagenta_MatchesDesignSpec" />
    </UnitTest>
    <UnitTest name="AmbitionThread_MatchesDesignSpec" storage="/home/adam/dev/omega-spiral/chapter-zero/.godot/mono/temp/bin/debug/chapter-zero.dll" id="85a48543-26b5-46fb-8a6a-524d45e2ebaa">
      <Execution id="8f79a305-a66f-44b0-b904-e1f2443a68e1" />
      <TestMethod codeBase="/home/adam/Dev/omega-spiral/chapter-zero/.godot/mono/temp/bin/Debug/chapter-zero.dll" adapterTypeName="executor://gdunit4.testadapter/" className="OmegaSpiral.Tests.Unit.Common.Omega.OmegaSpiralColorsTests" name="AmbitionThread_MatchesDesignSpec" />
    </UnitTest>
    <UnitTest name="BorderFrame_IsVisibleByDefault" storage="/home/adam/dev/omega-spiral/chapter-zero/.godot/mono/temp/bin/debug/chapter-zero.dll" id="19f5d6a5-1e54-4218-88f5-6cda6b3f1270">
      <Execution id="14884dba-a2e7-49b8-8013-5e8526cd55cb" />
      <TestMethod codeBase="/home/adam/Dev/omega-spiral/chapter-zero/.godot/mono/temp/bin/Debug/chapter-zero.dll" adapterTypeName="executor://gdunit4.testadapter/" className="OmegaSpiral.Tests.Ui.Omega.OmegaBorderFrame_UnitTests" name="BorderFrame_IsVisibleByDefault" />
    </UnitTest>
    <UnitTest name="PrimaryColors_HaveFullOpacity" storage="/home/adam/dev/omega-spiral/chapter-zero/.godot/mono/temp/bin/debug/chapter-zero.dll" id="cc709999-7a59-490c-9fd7-29627e332bf4">
      <Execution id="f208d808-c675-4427-a488-ba7be42ef32b" />
      <TestMethod codeBase="/home/adam/Dev/omega-spiral/chapter-zero/.godot/mono/temp/bin/Debug/chapter-zero.dll" adapterTypeName="executor://gdunit4.testadapter/" className="OmegaSpiral.Tests.Unit.Common.Omega.OmegaSpiralColorsTests" name="PrimaryColors_HaveFullOpacity" />
    </UnitTest>
    <UnitTest name="SpiralRotationSpeed_IsPiOver4" storage="/home/adam/dev/omega-spiral/chapter-zero/.godot/mono/temp/bin/debug/chapter-zero.dll" id="9d57f388-8769-4686-bfcb-23e606db1972">
      <Execution id="8cd4c68c-2ee6-46b0-85c7-c7f0a171a709" />
      <TestMethod codeBase="/home/adam/Dev/omega-spiral/chapter-zero/.godot/mono/temp/bin/Debug/chapter-zero.dll" adapterTypeName="executor://gdunit4.testadapter/" className="OmegaSpiral.Tests.Unit.Common.Omega.OmegaSpiralColorsTests" name="SpiralRotationSpeed_IsPiOver4" />
    </UnitTest>
    <UnitTest name="PhosphorPulseFrequency_IsHalfHz" storage="/home/adam/dev/omega-spiral/chapter-zero/.godot/mono/temp/bin/debug/chapter-zero.dll" id="64ad6095-145a-44af-95e6-404d99be96c1">
      <Execution id="31dd5093-133d-4741-83ad-4cb8599387a9" />
      <TestMethod codeBase="/home/adam/Dev/omega-spiral/chapter-zero/.godot/mono/temp/bin/Debug/chapter-zero.dll" adapterTypeName="executor://gdunit4.testadapter/" className="OmegaSpiral.Tests.Unit.Common.Omega.OmegaSpiralColorsTests" name="PhosphorPulseFrequency_IsHalfHz" />
    </UnitTest>
    <UnitTest name="ThreadColors_AppliedFromDesignSystem" storage="/home/adam/dev/omega-spiral/chapter-zero/.godot/mono/temp/bin/debug/chapter-zero.dll" id="d2f113a7-0093-4d28-b17e-61cc2b872225">
      <Execution id="508f2716-d66b-4d2e-ba59-8e2f3796c578" />
      <TestMethod codeBase="/home/adam/Dev/omega-spiral/chapter-zero/.godot/mono/temp/bin/Debug/chapter-zero.dll" adapterTypeName="executor://gdunit4.testadapter/" className="OmegaSpiral.Tests.Ui.Omega.OmegaBorderFrame_UnitTests" name="ThreadColors_AppliedFromDesignSystem" />
    </UnitTest>
    <UnitTest name="OpacityTolerance_IsAppropriate" storage="/home/adam/dev/omega-spiral/chapter-zero/.godot/mono/temp/bin/debug/chapter-zero.dll" id="cab001b3-9361-4dcf-b08e-10275b3fb017">
      <Execution id="a4a9a9f8-6b18-4d3b-ad90-d1787aae369b" />
      <TestMethod codeBase="/home/adam/Dev/omega-spiral/chapter-zero/.godot/mono/temp/bin/Debug/chapter-zero.dll" adapterTypeName="executor://gdunit4.testadapter/" className="OmegaSpiral.Tests.Unit.Common.Omega.OmegaSpiralColorsTests" name="OpacityTolerance_IsAppropriate" />
    </UnitTest>
    <UnitTest name="LightThread_MatchesDesignSpec" storage="/home/adam/dev/omega-spiral/chapter-zero/.godot/mono/temp/bin/debug/chapter-zero.dll" id="0a3e36d2-42f7-4682-a3c4-b0b8bece5a62">
      <Execution id="a73d9687-207b-4f92-924b-b2c30713dc72" />
      <TestMethod codeBase="/home/adam/Dev/omega-spiral/chapter-zero/.godot/mono/temp/bin/Debug/chapter-zero.dll" adapterTypeName="executor://gdunit4.testadapter/" className="OmegaSpiral.Tests.Unit.Common.Omega.OmegaSpiralColorsTests" name="LightThread_MatchesDesignSpec" />
    </UnitTest>
    <UnitTest name="GetRotationSpeed_ReturnsCurrent" storage="/home/adam/dev/omega-spiral/chapter-zero/.godot/mono/temp/bin/debug/chapter-zero.dll" id="8d35c163-5f01-4e36-96ef-e6e1d4b86232">
      <Execution id="0e51eff2-c323-478c-b6a3-cba7da9c15fb" />
      <TestMethod codeBase="/home/adam/Dev/omega-spiral/chapter-zero/.godot/mono/temp/bin/Debug/chapter-zero.dll" adapterTypeName="executor://gdunit4.testadapter/" className="OmegaSpiral.Tests.Ui.Omega.OmegaBorderFrame_UnitTests" name="GetRotationSpeed_ReturnsCurrent" />
    </UnitTest>
    <UnitTest name="GlitchDistortion_HasCorrectOpacity" storage="/home/adam/dev/omega-spiral/chapter-zero/.godot/mono/temp/bin/debug/chapter-zero.dll" id="2cb65447-e4e9-436f-9725-19a0af4a6fe8">
      <Execution id="8311ef59-d9a1-4084-9b33-fc2437f6f640" />
      <TestMethod codeBase="/home/adam/Dev/omega-spiral/chapter-zero/.godot/mono/temp/bin/Debug/chapter-zero.dll" adapterTypeName="executor://gdunit4.testadapter/" className="OmegaSpiral.Tests.Unit.Common.Omega.OmegaSpiralColorsTests" name="GlitchDistortion_HasCorrectOpacity" />
    </UnitTest>
    <UnitTest name="PureWhite_MatchesDesignSpec" storage="/home/adam/dev/omega-spiral/chapter-zero/.godot/mono/temp/bin/debug/chapter-zero.dll" id="a0b38846-f16e-4a11-b0fe-0120afb922fd">
      <Execution id="a90cf85a-019c-46f7-8cdc-598958a8f696" />
      <TestMethod codeBase="/home/adam/Dev/omega-spiral/chapter-zero/.godot/mono/temp/bin/Debug/chapter-zero.dll" adapterTypeName="executor://gdunit4.testadapter/" className="OmegaSpiral.Tests.Unit.Common.Omega.OmegaSpiralColorsTests" name="PureWhite_MatchesDesignSpec" />
    </UnitTest>
    <UnitTest name="DeepSpace_MatchesDesignSpec" storage="/home/adam/dev/omega-spiral/chapter-zero/.godot/mono/temp/bin/debug/chapter-zero.dll" id="870438ab-85ee-436f-953b-0afe4861280c">
      <Execution id="9600cade-686a-45f0-b2f6-b401df5492bb" />
      <TestMethod codeBase="/home/adam/Dev/omega-spiral/chapter-zero/.godot/mono/temp/bin/Debug/chapter-zero.dll" adapterTypeName="executor://gdunit4.testadapter/" className="OmegaSpiral.Tests.Unit.Common.Omega.OmegaSpiralColorsTests" name="DeepSpace_MatchesDesignSpec" />
    </UnitTest>
    <UnitTest name="ShaderMaterial_IsConfigured" storage="/home/adam/dev/omega-spiral/chapter-zero/.godot/mono/temp/bin/debug/chapter-zero.dll" id="bd383606-a343-4a2e-a03d-7a87f8db73a5">
      <Execution id="1cce0708-a09a-4400-9098-b810dcf4e1fc" />
      <TestMethod codeBase="/home/adam/Dev/omega-spiral/chapter-zero/.godot/mono/temp/bin/Debug/chapter-zero.dll" adapterTypeName="executor://gdunit4.testadapter/" className="OmegaSpiral.Tests.Ui.Omega.OmegaBorderFrame_UnitTests" name="ShaderMaterial_IsConfigured" />
    </UnitTest>
    <UnitTest name="Layout_PropertiesAreCorrect" storage="/home/adam/dev/omega-spiral/chapter-zero/.godot/mono/temp/bin/debug/chapter-zero.dll" id="19854c6e-6018-4c1d-a998-bce6d1024012">
      <Execution id="fb291bd7-dea2-4d09-bad8-76935e635bbd" />
      <TestMethod codeBase="/home/adam/Dev/omega-spiral/chapter-zero/.godot/mono/temp/bin/Debug/chapter-zero.dll" adapterTypeName="executor://gdunit4.testadapter/" className="OmegaSpiral.Tests.Ui.Omega.OmegaBorderFrame_UnitTests" name="Layout_PropertiesAreCorrect" />
    </UnitTest>
    <UnitTest name="ConfigureAnimationSpeed_ClampsToValidRanges" storage="/home/adam/dev/omega-spiral/chapter-zero/.godot/mono/temp/bin/debug/chapter-zero.dll" id="5040bf42-1eed-4570-b226-c1c6f65adbf3">
      <Execution id="1047ea6e-048d-4cf9-bcb2-24dfc478ded3" />
      <TestMethod codeBase="/home/adam/Dev/omega-spiral/chapter-zero/.godot/mono/temp/bin/Debug/chapter-zero.dll" adapterTypeName="executor://gdunit4.testadapter/" className="OmegaSpiral.Tests.Ui.Omega.OmegaBorderFrame_UnitTests" name="ConfigureAnimationSpeed_ClampsToValidRanges" />
    </UnitTest>
    <UnitTest name="UpdateThreadColors_ChangesAllThreads" storage="/home/adam/dev/omega-spiral/chapter-zero/.godot/mono/temp/bin/debug/chapter-zero.dll" id="33b9cfaf-a87c-4177-a7ec-a6a62df1c12d">
      <Execution id="e1ca87c2-3be3-40de-8a35-35ea390b7d06" />
      <TestMethod codeBase="/home/adam/Dev/omega-spiral/chapter-zero/.godot/mono/temp/bin/Debug/chapter-zero.dll" adapterTypeName="executor://gdunit4.testadapter/" className="OmegaSpiral.Tests.Ui.Omega.OmegaBorderFrame_UnitTests" name="UpdateThreadColors_ChangesAllThreads" />
    </UnitTest>
    <UnitTest name="BorderFrame_HasNonZeroSize" storage="/home/adam/dev/omega-spiral/chapter-zero/.godot/mono/temp/bin/debug/chapter-zero.dll" id="fea9c4f2-f6e6-4bef-840d-d6bab12f2046">
      <Execution id="42a112ad-61bd-47e0-b8ca-bb8499ba482e" />
      <TestMethod codeBase="/home/adam/Dev/omega-spiral/chapter-zero/.godot/mono/temp/bin/Debug/chapter-zero.dll" adapterTypeName="executor://gdunit4.testadapter/" className="OmegaSpiral.Tests.Ui.Omega.OmegaBorderFrame_UnitTests" name="BorderFrame_HasNonZeroSize" />
    </UnitTest>
    <UnitTest name="OnUiHover_EmitsCueStarted" storage="/home/adam/dev/omega-spiral/chapter-zero/.godot/mono/temp/bin/debug/chapter-zero.dll" id="b563f40a-38c5-486c-a914-c766121c4847">
      <Execution id="27de3fb0-550f-4900-8740-2e24b3824b14" />
      <TestMethod codeBase="/home/adam/Dev/omega-spiral/chapter-zero/.godot/mono/temp/bin/Debug/chapter-zero.dll" adapterTypeName="executor://gdunit4.testadapter/" className="AudioManagerTests" name="OnUiHover_EmitsCueStarted" />
    </UnitTest>
  </TestDefinitions>
  <TestEntries>
    <TestEntry testId="30cd23cd-ffd4-4a60-95ab-6f31c563d2bf" executionId="56bb2676-4f13-4d0a-9844-f3110516a055" testListId="8c84fa94-04c1-424b-9868-57a2d4851a1d" />
    <TestEntry testId="fea9c4f2-f6e6-4bef-840d-d6bab12f2046" executionId="42a112ad-61bd-47e0-b8ca-bb8499ba482e" testListId="8c84fa94-04c1-424b-9868-57a2d4851a1d" />
    <TestEntry testId="d7727e2f-7786-4e72-a191-400ffa3f7ffc" executionId="596772f1-50ac-48d0-ac8f-f9e542c421b2" testListId="8c84fa94-04c1-424b-9868-57a2d4851a1d" />
    <TestEntry testId="a158e9c9-c7b8-458d-8b53-ec2e3179126b" executionId="74550ec1-05ac-4b4d-9b9a-32e982dd6a8b" testListId="8c84fa94-04c1-424b-9868-57a2d4851a1d" />
    <TestEntry testId="2f5aa88c-0934-4ce2-8856-25f04db1cf72" executionId="5c92f32d-78d7-46ef-b036-1d53dbfdfc7a" testListId="8c84fa94-04c1-424b-9868-57a2d4851a1d" />
    <TestEntry testId="870438ab-85ee-436f-953b-0afe4861280c" executionId="9600cade-686a-45f0-b2f6-b401df5492bb" testListId="8c84fa94-04c1-424b-9868-57a2d4851a1d" />
    <TestEntry testId="33b9cfaf-a87c-4177-a7ec-a6a62df1c12d" executionId="e1ca87c2-3be3-40de-8a35-35ea390b7d06" testListId="8c84fa94-04c1-424b-9868-57a2d4851a1d" />
    <TestEntry testId="85a48543-26b5-46fb-8a6a-524d45e2ebaa" executionId="8f79a305-a66f-44b0-b904-e1f2443a68e1" testListId="8c84fa94-04c1-424b-9868-57a2d4851a1d" />
    <TestEntry testId="0a3e36d2-42f7-4682-a3c4-b0b8bece5a62" executionId="a73d9687-207b-4f92-924b-b2c30713dc72" testListId="8c84fa94-04c1-424b-9868-57a2d4851a1d" />
    <TestEntry testId="b563f40a-38c5-486c-a914-c766121c4847" executionId="27de3fb0-550f-4900-8740-2e24b3824b14" testListId="8c84fa94-04c1-424b-9868-57a2d4851a1d" />
    <TestEntry testId="5040bf42-1eed-4570-b226-c1c6f65adbf3" executionId="1047ea6e-048d-4cf9-bcb2-24dfc478ded3" testListId="8c84fa94-04c1-424b-9868-57a2d4851a1d" />
    <TestEntry testId="d2f113a7-0093-4d28-b17e-61cc2b872225" executionId="508f2716-d66b-4d2e-ba59-8e2f3796c578" testListId="8c84fa94-04c1-424b-9868-57a2d4851a1d" />
    <TestEntry testId="2091d6d9-2855-4242-bd6e-77ee7110eb0f" executionId="111659c6-bfd8-4d0e-80e5-ff8d3989810e" testListId="8c84fa94-04c1-424b-9868-57a2d4851a1d" />
    <TestEntry testId="6fab9111-5cad-431c-88de-3772111acbfc" executionId="a8834269-6f32-41b1-94b6-205453250489" testListId="8c84fa94-04c1-424b-9868-57a2d4851a1d" />
    <TestEntry testId="2545fdfb-46f5-4457-b0f7-840e543a6745" executionId="c6e28208-b6f1-4908-86af-b599ce3d3c75" testListId="8c84fa94-04c1-424b-9868-57a2d4851a1d" />
    <TestEntry testId="19854c6e-6018-4c1d-a998-bce6d1024012" executionId="fb291bd7-dea2-4d09-bad8-76935e635bbd" testListId="8c84fa94-04c1-424b-9868-57a2d4851a1d" />
    <TestEntry testId="2cb65447-e4e9-436f-9725-19a0af4a6fe8" executionId="8311ef59-d9a1-4084-9b33-fc2437f6f640" testListId="8c84fa94-04c1-424b-9868-57a2d4851a1d" />
    <TestEntry testId="7596312e-0602-4c46-8620-d0acb64729bb" executionId="7c52806a-6603-48fd-a4fd-42621ffda12e" testListId="8c84fa94-04c1-424b-9868-57a2d4851a1d" />
    <TestEntry testId="01383411-7605-4986-aeef-a87d9cf23d36" executionId="85b4c6f5-248d-4e62-ba2a-5d63b8c2ed5a" testListId="8c84fa94-04c1-424b-9868-57a2d4851a1d" />
    <TestEntry testId="b13a21cd-e487-40eb-87f5-3585a0991db6" executionId="51f33992-4bd8-4110-8fe0-786cdd289849" testListId="8c84fa94-04c1-424b-9868-57a2d4851a1d" />
    <TestEntry testId="a0b38846-f16e-4a11-b0fe-0120afb922fd" executionId="a90cf85a-019c-46f7-8cdc-598958a8f696" testListId="8c84fa94-04c1-424b-9868-57a2d4851a1d" />
    <TestEntry testId="64ad6095-145a-44af-95e6-404d99be96c1" executionId="31dd5093-133d-4741-83ad-4cb8599387a9" testListId="8c84fa94-04c1-424b-9868-57a2d4851a1d" />
    <TestEntry testId="bd383606-a343-4a2e-a03d-7a87f8db73a5" executionId="1cce0708-a09a-4400-9098-b810dcf4e1fc" testListId="8c84fa94-04c1-424b-9868-57a2d4851a1d" />
    <TestEntry testId="8d35c163-5f01-4e36-96ef-e6e1d4b86232" executionId="0e51eff2-c323-478c-b6a3-cba7da9c15fb" testListId="8c84fa94-04c1-424b-9868-57a2d4851a1d" />
    <TestEntry testId="fd3cb0ec-3685-4e9f-8fd8-e91272908dae" executionId="5fba1cb6-7672-4999-b386-4f5ad26ac259" testListId="8c84fa94-04c1-424b-9868-57a2d4851a1d" />
    <TestEntry testId="a14837b4-e577-4daa-b4ae-15819792f259" executionId="d290fcb7-6224-4979-b737-9471abaccd91" testListId="8c84fa94-04c1-424b-9868-57a2d4851a1d" />
    <TestEntry testId="ae8eb35d-839a-41ef-994a-8e55893084dd" executionId="be2884cd-afa6-407f-8ea1-1e376466ee1a" testListId="8c84fa94-04c1-424b-9868-57a2d4851a1d" />
    <TestEntry testId="19f5d6a5-1e54-4218-88f5-6cda6b3f1270" executionId="14884dba-a2e7-49b8-8013-5e8526cd55cb" testListId="8c84fa94-04c1-424b-9868-57a2d4851a1d" />
    <TestEntry testId="e3970570-f08f-44b3-8e98-56d5a17a6a01" executionId="d1f534a7-d976-43d1-8d69-b48eebfb75a9" testListId="8c84fa94-04c1-424b-9868-57a2d4851a1d" />
    <TestEntry testId="7abbbd94-b719-4db5-9e87-143357ea3ee8" executionId="246d3476-d350-4451-870e-0c864fdf3c4f" testListId="8c84fa94-04c1-424b-9868-57a2d4851a1d" />
    <TestEntry testId="60d3d00c-d488-4091-946b-00f2f98d5191" executionId="41538459-ca1f-4750-84d1-59c54ed458e9" testListId="8c84fa94-04c1-424b-9868-57a2d4851a1d" />
    <TestEntry testId="cc709999-7a59-490c-9fd7-29627e332bf4" executionId="f208d808-c675-4427-a488-ba7be42ef32b" testListId="8c84fa94-04c1-424b-9868-57a2d4851a1d" />
    <TestEntry testId="a5f39194-aeb7-4afc-a053-757b7bb201b2" executionId="b2c95256-5230-42f1-a29e-4ef14df46cf8" testListId="8c84fa94-04c1-424b-9868-57a2d4851a1d" />
    <TestEntry testId="9d57f388-8769-4686-bfcb-23e606db1972" executionId="8cd4c68c-2ee6-46b0-85c7-c7f0a171a709" testListId="8c84fa94-04c1-424b-9868-57a2d4851a1d" />
    <TestEntry testId="cab001b3-9361-4dcf-b08e-10275b3fb017" executionId="a4a9a9f8-6b18-4d3b-ad90-d1787aae369b" testListId="8c84fa94-04c1-424b-9868-57a2d4851a1d" />
  </TestEntries>
  <TestLists>
    <TestList name="Results Not in a List" id="8c84fa94-04c1-424b-9868-57a2d4851a1d" />
    <TestList name="All Loaded Results" id="19431567-8539-422a-85d7-44ee4e166bda" />
  </TestLists>
  <ResultSummary outcome="Failed">
    <Counters total="35" executed="35" passed="27" failed="8" error="0" timeout="0" aborted="0" inconclusive="0" passedButRunAborted="0" notRunnable="0" notExecuted="0" disconnected="0" warning="0" completed="0" inProgress="0" pending="0" />
    <Output>
      <StdOut>Running on GdUnit4 test engine version: 5.0.0.0
Discover tests from assembly: /home/adam/Dev/omega-spiral/chapter-zero/.godot/mono/temp/bin/Debug/chapter-zero.dll
Discover:  TestSuite AudioManagerTests with 2 TestCases found.
Discover:  TestSuite OmegaSpiral.Tests.Unit.Common.Omega.OmegaSpiralColorsTests with 18 TestCases found.
Discover:  TestSuite OmegaSpiral.Tests.Ui.Omega.OmegaBorderFrame_UnitTests with 15 TestCases found.
Discover tests done, 3 TestSuites and total 35 Tests found.
Running on GdUnit4 test engine version: 5.0.0.0
Set test session timeout to: 00:30:00
Detected IDE Unknown
Starting tests for assembly: /home/adam/Dev/omega-spiral/chapter-zero/.godot/mono/temp/bin/Debug/chapter-zero.dll
Search '.csproj' at /home/adam/Dev/omega-spiral/chapter-zero/.godot/mono/temp/bin/Debug/chapter-zero.dll
Set current working directory to: /home/adam/Dev/omega-spiral/chapter-zero
Starting GodotGdUnit4RestClient.
Working dir /home/adam/Dev/omega-spiral/chapter-zero
Rebuild Godot Project ... /home/adam/Godot_v4.6-dev2_mono_linux_x86_64/Godot_v4.6-dev2_mono_linux.x86_64 --path . -e --headless --quit-after 1000 --verbose
.. WorkerThreadPool: 6 threads, 4 max low-priority.
.. Godot Engine v4.6.dev2.mono.official.7864ac801 - https://godotengine.org
.. TextServer: Added interface "Dummy"
.. TextServer: Added interface "ICU / HarfBuzz / Graphite (Built-in)"
.. Unrecognized output string "misc2" in mapping:
.. 030000000d0f0000ab01000011010000,Horipad Steam,a:b0,b:b1,back:b10,dpdown:h0.4,dpleft:h0.8,dpright:h0.2,dpup:h0.1,guide:b12,leftshoulder:b6,leftstick:b13,lefttrigger:a5,leftx:a0,lefty:a1,misc2:b2,paddle1:b19,paddle2:b18,paddle3:b15,paddle4:b5,rightshoulder:b7,rightstick:b14,righttrigger:a4,rightx:a2,righty:a3,start:b11,x:b3,y:b4,platform:Linux,
.. Unrecognized output string "misc2" in mapping:
.. 050000000d0f00009601000091000000,Horipad Steam,a:b0,b:b1,back:b10,dpdown:h0.4,dpleft:h0.8,dpright:h0.2,dpup:h0.1,guide:b12,leftshoulder:b6,leftstick:b13,lefttrigger:a5,leftx:a0,lefty:a1,misc2:b2,paddle1:b19,paddle2:b18,paddle3:b15,paddle4:b5,rightshoulder:b7,rightstick:b14,righttrigger:a4,rightx:a2,righty:a3,start:b11,x:b3,y:b4,platform:Linux,
.. Unrecognized output string "misc2" in mapping:
.. 030000007e0500006920000011010000,Nintendo Switch 2 Pro Controller,a:b0,b:b1,back:b14,dpdown:b8,dpleft:b10,dpright:b9,dpup:b11,guide:b16,leftshoulder:b12,leftstick:b15,lefttrigger:b13,leftx:a0,lefty:a1~,misc1:b17,misc2:b20,paddle1:b18,paddle2:b19,rightshoulder:b4,rightstick:b7,righttrigger:b5,rightx:a2,righty:a3~,start:b6,x:b2,y:b3,platform:Linux,
.. SDL: Init OK!
.. Using "default" pen tablet driver...
.. TextServer: Primary interface set to: "ICU / HarfBuzz / Graphite (Built-in)".
.. .NET: Initializing module...
.. Found hostfxr: /usr/lib/dotnet/host/fxr/10.0.0-rc.2.25502.107/libhostfxr.so
.. .NET: hostfxr initialized
.. .NET: GodotPlugins initialized
.. Loading resource: res://theme.tres
.. Loading resource: res://default_bus_layout.tres
.. CORE API HASH: 3234800178
.. EDITOR API HASH: 4055853480
.. SceneTreeFTI: traversal method DEFAULT
.. Loading resource: res://addons/dialogic/Resources/TimelineResourceLoader.gd
.. Loading resource: res://addons/dialogic/Resources/CharacterResourceLoader.gd
.. Loading resource: res://addons/dialogic/Resources/TimelineResourceSaver.gd
.. Loading resource: res://addons/dialogic/Resources/CharacterResourceSaver.gd
.. Loading resource: /home/adam/.config/godot/editor_settings-4.6.tres
.. EditorSettings: Load OK!
.. EditorTheme: Generating new theme for the config '66886095'.
.. EditorTheme: Generating new icons.
.. EditorTheme: Generating new fonts.
.. EditorTheme: Generating new styles.
.. Found .NET Sdk version '10.0.100': /usr/lib/dotnet/sdk/10.0.100-rc.2.25502.107/
.. Loading resource: /home/adam/.cache/godot/editor_doc_cache-4.6.res
.. Loaded system CA certificates
.. Loading resource: res://addons/godot_xterm/themes/fonts/regular.tres
.. Loading resource: res://addons/godot_xterm/themes/fonts/jet_brains_mono/jet_brains_mono_nl-regular-2.304.ttf
.. Loading resource: res://.godot/imported/jet_brains_mono_nl-regular-2.304.ttf-96fa438503371775be3cc744a4450fc2.fontdata
.. Loading resource: res://addons/godot_xterm/icons/terminal_icon.svg
.. Loading resource: res://.godot/imported/terminal_icon.svg-2a4b198a0e3aa43f04b43cec3e3f109d.editor.ctex
.. Loading resource: res://addons/godot_xterm/shaders/background.gdshader
.. Loading resource: res://addons/godot_xterm/shaders/common.gdshaderinc
.. Loading resource: res://addons/godot_xterm/shaders/foreground.gdshader
.. [   0% ] \u001b[90m\u001b[1mfirst_scan_filesystem\u001b[22m | Started Project initialization (5 steps)\u001b[39m\u001b[0m
.. [   0% ] \u001b[90m\u001b[1mfirst_scan_filesystem\u001b[22m | Scanning file structure...\u001b[39m\u001b[0m
.. [  16% ] \u001b[90m\u001b[1mfirst_scan_filesystem\u001b[22m | Loading global class names...\u001b[39m\u001b[0m
.. [  33% ] \u001b[90m\u001b[1mfirst_scan_filesystem\u001b[22m | Verifying GDExtensions...\u001b[39m\u001b[0m
.. [  50% ] \u001b[90m\u001b[1mfirst_scan_filesystem\u001b[22m | Creating autoload scripts...\u001b[39m\u001b[0m
.. Loading resource: res://source/backend/GameManager.cs
.. Loading resource: res://source/backend/SceneManager.cs
.. Loading resource: res://source/backend/common/GameState.cs
.. Loading resource: res://source/frontend/field/FieldEvents.cs
.. Loading resource: res://source/frontend/field/FieldCamera.cs
.. Loading resource: res://source/frontend/field/gameboard/Gameboard.cs
.. Loading resource: res://source/frontend/field/gamepieces/GamepieceRegistry.cs
.. Loading resource: res://source/backend/common/Player.cs
.. Loading resource: res://source/frontend/combat/CombatEvents.cs
.. Loading resource: res://source/frontend/audio/AudioManager.cs
.. Loading resource: res://source/backend/GameAppConfig.cs
:: ERROR: Cannot open file 'res://source/backend/GameAppConfig.cs'.
:: at: read_all_file_utf8 (modules/mono/utils/string_utils.cpp:152)
:: ERROR: Failed to read file: 'res://source/backend/GameAppConfig.cs'.
:: at: load_source_code (modules/mono/csharp_script.cpp:2772)
:: ERROR: Cannot load C# script file 'res://source/backend/GameAppConfig.cs'.
:: at: load (modules/mono/csharp_script.cpp:2852)
.. Failed loading resource: res://source/backend/GameAppConfig.cs
:: ERROR: Failed loading resource: res://source/backend/GameAppConfig.cs.
:: at: _load (core/io/resource_loader.cpp:343)
:: ERROR: Failed to create an autoload, can't load from path: res://source/backend/GameAppConfig.cs.
:: at: _create_autoload (editor/settings/editor_autoload_settings.cpp:405)
.. Loading resource: res://addons/maaacks_menus_template/base/nodes/autoloads/scene_loader/scene_loader.gd
.. [  66% ] \u001b[90m\u001b[1mfirst_scan_filesystem\u001b[22m | Initializing plugins...\u001b[39m\u001b[0m
.. Loading resource: res://addons/dialogic/plugin.gd
.. Loading resource: res://addons/dialogic/Editor/editor_main.tscn
.. Loading resource: res://addons/dialogic/Editor/editor_main.gd
.. Loading resource: res://addons/dialogic/Editor/editors_manager.gd
.. Loading resource: res://addons/dialogic/Editor/Images/plugin-icon.svg
.. Loading resource: res://.godot/imported/plugin-icon.svg-aa6701e8ed73f5fe5d177dfddce3a0e3.editor.ctex
.. Loading resource: res://addons/dialogic/Editor/Common/side_bar.tscn
.. Loading resource: res://addons/dialogic/Editor/Images/Pieces/close-icon.svg
.. Loading resource: res://.godot/imported/close-icon.svg-c630c93ada599b08938f4854f5376f2f.editor.ctex
.. Loading resource: res://addons/dialogic/Editor/Images/Pieces/closed-icon.svg
.. Loading resource: res://.godot/imported/closed-icon.svg-b4f16653b91d6792313a130565319b2f.editor.ctex
.. Loading resource: res://addons/dialogic/Editor/Common/toolbar.gd
.. Loading resource: res://addons/dialogic/Editor/Images/Resources/character.svg
.. Loading resource: res://.godot/imported/character.svg-48bc1c93fa13733a935ca2c669d933a7.editor.ctex
.. Loading resource: res://addons/dialogic/Modules/Glossary/icon.svg
.. Loading resource: res://.godot/imported/icon.svg-4fc0c12c53379638e37d654e7bbaea1a.editor.ctex
.. Loading resource: res://addons/dialogic/Modules/StyleEditor/styles_icon.svg
.. Loading resource: res://.godot/imported/styles_icon.svg-c55f9f7d15c3512c8b20dbf30eed7047.editor.ctex
.. Loading resource: res://addons/dialogic/Modules/Variable/variable.svg
.. Loading resource: res://.godot/imported/variable.svg-52aeb47fe1705a3f04d919f8dcd5d319.editor.ctex
.. Loading resource: res://addons/dialogic/Editor/Common/reference_manager.tscn
.. Loading resource: res://addons/dialogic/Editor/Common/reference_manager.gd
.. Loading resource: res://addons/dialogic/Editor/Common/broken_reference_manager.gd
.. Loading resource: res://addons/dialogic/Editor/Common/ReferenceManager_AddReplacementPanel.gd
.. Loading resource: res://addons/dialogic/Editor/Events/Fields/field_options_dynamic.tscn
.. Loading resource: res://addons/dialogic/Editor/Events/Fields/field_options_dynamic.gd
.. Loading resource: res://addons/dialogic/Editor/Common/unique_identifiers_manager.gd
.. Loading resource: res://addons/dialogic/Editor/Common/reference_manager_window.gd
.. Loading resource: res://addons/dialogic/Editor/TimelineEditor/TextEditor/CodeCompletionHelper.gd
.. Loading resource: res://addons/dialogic/Editor/Common/update_manager.gd
.. Loading resource: res://addons/dialogic/Editor/Common/update_install_window.tscn
.. Loading resource: res://addons/dialogic/Editor/Common/update_install_window.gd
.. Loading resource: res://addons/dialogic/Editor/TimelineEditor/TextEditor/syntax_highlighter.gd
.. Loading resource: res://addons/dialogic/Editor/Images/dialogic-logo.svg
.. Loading resource: res://.godot/imported/dialogic-logo.svg-e43201cabc9573eeb3f78fd91ea9d909.ctex
.. Loading resource: res://addons/dialogic/Editor/HomePage/home_page.tscn
.. Loading resource: res://addons/dialogic/Editor/HomePage/home_page.gd
.. Loading resource: res://addons/dialogic/Editor/HomePage/icon_bg.png
.. Loading resource: res://.godot/imported/icon_bg.png-5937ce0a857c4a8a9d624ea9ebf09a97.ctex
.. Loading resource: res://addons/dialogic/Editor/TimelineEditor/timeline_editor.tscn
.. Loading resource: res://addons/dialogic/Editor/TimelineEditor/timeline_editor.gd
.. Loading resource: res://addons/dialogic/Editor/TimelineEditor/VisualEditor/timeline_editor_visual.tscn
.. Loading resource: res://addons/dialogic/Editor/TimelineEditor/VisualEditor/timeline_editor_visual.gd
.. Loading resource: res://addons/dialogic/Editor/Theme/MainTheme.tres
.. Loading resource: res://addons/dialogic/Editor/TimelineEditor/VisualEditor/TimelineArea.gd
.. Loading resource: res://addons/dialogic/Editor/Events/EventBlock/event_right_click_menu.gd
.. Loading resource: res://addons/dialogic/Editor/Common/hint_tooltip_icon.tscn
.. Loading resource: res://addons/dialogic/Editor/Common/hint_tooltip_icon.gd
.. Loading resource: res://addons/dialogic/Editor/TimelineEditor/TextEditor/timeline_editor_text.tscn
.. Loading resource: res://addons/dialogic/Editor/TimelineEditor/TextEditor/timeline_editor_text.gd
.. Loading resource: res://addons/dialogic/Editor/Events/EventBlock/event_block.tscn
.. Loading resource: res://addons/dialogic/Editor/Events/EventBlock/event_block.gd
.. Loading resource: res://addons/dialogic/Editor/Events/styles/unselected_stylebox.tres
.. Loading resource: res://addons/dialogic/Editor/CharacterEditor/character_editor.tscn
.. Loading resource: res://addons/dialogic/Editor/CharacterEditor/character_editor.gd
.. Loading resource: res://addons/dialogic/Editor/Common/hint_tooltip_icon.tscn
.. Loading resource: res://addons/dialogic/Editor/CharacterEditor/character_editor_portrait_tree.gd
.. Loading resource: res://addons/dialogic/Editor/Images/Pieces/add-folder.svg
.. Loading resource: res://.godot/imported/add-folder.svg-41a970370f904038e63c13bddbdb6450.editor.ctex
.. Loading resource: res://addons/dialogic/Modules/Signal/index.gd
.. Loading resource: res://addons/dialogic/Modules/Voice/index.gd
.. Loading resource: res://addons/dialogic/Modules/StyleEditor/index.gd
.. Loading resource: res://addons/dialogic/Modules/Text/index.gd
.. Loading resource: res://addons/dialogic/Modules/Jump/index.gd
.. Loading resource: res://addons/dialogic/Modules/Condition/index.gd
.. Loading resource: res://addons/dialogic/Modules/Choice/index.gd
.. Loading resource: res://addons/dialogic/Modules/History/index.gd
.. Loading resource: res://addons/dialogic/Modules/Audio/index.gd
.. Loading resource: res://addons/dialogic/Modules/LayeredPortrait/index.gd
.. Loading resource: res://addons/dialogic/Modules/Character/index.gd
.. Loading resource: res://addons/dialogic/Modules/Variable/index.gd
.. Loading resource: res://addons/dialogic/Modules/Save/index.gd
.. Loading resource: res://addons/dialogic/Modules/Glossary/index.gd
.. Loading resource: res://addons/dialogic/Modules/Comment/index.gd
.. Loading resource: res://addons/dialogic/Modules/HighlightPortrait/index.gd
.. Loading resource: res://addons/dialogic/Modules/Call/index.gd
.. Loading resource: res://addons/dialogic/Modules/Clear/index.gd
.. Loading resource: res://addons/dialogic/Modules/Core/index.gd
.. Loading resource: res://addons/dialogic/Modules/Background/index.gd
.. Loading resource: res://addons/dialogic/Modules/DefaultLayoutParts/index.gd
.. Loading resource: res://addons/dialogic/Modules/Settings/index.gd
.. Loading resource: res://addons/dialogic/Modules/TextInput/index.gd
.. Loading resource: res://addons/dialogic/Modules/WaitInput/index.gd
.. Loading resource: res://addons/dialogic/Modules/Wait/index.gd
.. Loading resource: res://addons/dialogic/Modules/Style/index.gd
.. Loading resource: res://addons/dialogic/Modules/End/index.gd
.. Loading resource: res://addons/dialogic/Modules/StyleEditor/style_editor.tscn
.. Loading resource: res://addons/dialogic/Modules/StyleEditor/style_editor.gd
.. Loading resource: res://addons/dialogic/Editor/Common/hint_tooltip_icon.tscn
.. Loading resource: res://addons/dialogic/Modules/StyleEditor/style_layer_editor.gd
.. Loading resource: res://addons/dialogic/Modules/StyleEditor/Components/style_layer_tree.gd
.. Loading resource: res://addons/dialogic/Modules/StyleEditor/Components/style_browser_window.gd
.. Loading resource: res://addons/dialogic/Modules/StyleEditor/Components/style_browser.tscn
.. Loading resource: res://addons/dialogic/Modules/StyleEditor/Components/style_browser.gd
.. Loading resource: res://addons/dialogic/Editor/Common/BrowserItem.tscn
.. Loading resource: res://addons/dialogic/Editor/Common/BrowserItem.gd
.. Loading resource: res://addons/dialogic/Modules/Variable/variables_editor/variables_editor.tscn
.. Loading resource: res://addons/dialogic/Modules/Variable/variables_editor/variables_editor.gd
.. Loading resource: res://addons/dialogic/Modules/Variable/variables_editor/variable_tree.gd
.. Loading resource: res://addons/dialogic/Modules/Glossary/glossary_editor.tscn
.. Loading resource: res://addons/dialogic/Modules/Glossary/glossary_editor.gd
.. Loading resource: res://addons/dialogic/Modules/Glossary/add-glossary.svg
.. Loading resource: res://.godot/imported/add-glossary.svg-1cde77c043d3874d9bc84cc14d0ec9dc.editor.ctex
.. Loading resource: res://addons/dialogic/Editor/Settings/settings_editor.tscn
.. Loading resource: res://addons/dialogic/Editor/Settings/settings_editor.gd
.. Loading resource: res://addons/dialogic/Editor/Settings/settings_general.tscn
.. Loading resource: res://addons/dialogic/Editor/Settings/settings_general.gd
.. Loading resource: res://addons/dialogic/Editor/Common/hint_tooltip_icon.tscn
.. Loading resource: res://addons/dialogic/Editor/Events/Fields/field_file.tscn
.. Loading resource: res://addons/dialogic/Editor/Events/Fields/field_file.gd
.. Loading resource: res://addons/dialogic/Editor/Settings/settings_translation.tscn
.. Loading resource: res://addons/dialogic/Editor/Settings/settings_translation.gd
.. Loading resource: res://addons/dialogic/Editor/Common/hint_tooltip_icon.tscn
.. Loading resource: res://addons/dialogic/Editor/Events/Fields/field_file.tscn
.. Loading resource: res://addons/dialogic/Editor/Settings/settings_modules.tscn
.. Loading resource: res://addons/dialogic/Editor/Settings/settings_modules.gd
.. Loading resource: res://addons/dialogic/Modules/Text/settings_text.tscn
.. Loading resource: res://addons/dialogic/Modules/Text/settings_text.gd
.. Loading resource: res://addons/dialogic/Editor/Common/hint_tooltip_icon.tscn
.. Loading resource: res://addons/dialogic/Modules/Choice/settings_choices.tscn
.. Loading resource: res://addons/dialogic/Modules/Choice/settings_choices.gd
.. Loading resource: res://addons/dialogic/Editor/Common/hint_tooltip_icon.tscn
.. Loading resource: res://addons/dialogic/Modules/History/settings_history.tscn
.. Loading resource: res://addons/dialogic/Modules/History/settings_history.gd
.. Loading resource: res://addons/dialogic/Editor/Common/hint_tooltip_icon.tscn
.. Loading resource: res://addons/dialogic/Modules/Audio/settings_audio.tscn
.. Loading resource: res://addons/dialogic/Modules/Audio/settings_audio.gd
.. Loading resource: res://addons/dialogic/Editor/Common/hint_tooltip_icon.tscn
.. Loading resource: res://addons/dialogic/Modules/Character/settings_portraits.tscn
.. Loading resource: res://addons/dialogic/Modules/Character/settings_portraits.gd
.. Loading resource: res://addons/dialogic/Editor/Common/hint_tooltip_icon.tscn
.. Loading resource: res://addons/dialogic/Editor/Events/Fields/field_file.tscn
.. Loading resource: res://addons/dialogic/Modules/Save/settings_save.tscn
.. Loading resource: res://addons/dialogic/Modules/Save/settings_save.gd
.. Loading resource: res://addons/dialogic/Editor/Common/hint_tooltip_icon.tscn
.. Loading resource: res://addons/dialogic/Editor/Events/styles/ResourceMenuPanelBackground.tres
.. Loading resource: res://addons/dialogic/Editor/Common/hint_tooltip_icon.tscn
.. Loading resource: res://addons/dialogic/Editor/Images/Toolbar/add-timeline.svg
.. Loading resource: res://.godot/imported/add-timeline.svg-86961b528ebdf01f585931a15fea1755.editor.ctex
.. Loading resource: res://addons/dialogic/Editor/TimelineEditor/VisualEditor/AddEventButton.tscn
.. Loading resource: res://addons/dialogic/Editor/TimelineEditor/VisualEditor/AddEventButton.gd
.. Loading resource: res://addons/dialogic/Modules/Signal/event_signal.gd
.. Loading resource: res://addons/dialogic/Modules/Jump/event_return.gd
.. Loading resource: res://addons/dialogic/Modules/Condition/event_condition.gd
.. Loading resource: res://addons/dialogic/Modules/History/event_history.gd
.. Loading resource: res://addons/dialogic/Modules/Audio/event_music.gd
.. Loading resource: res://addons/dialogic/Modules/Audio/event_sound.gd
.. Loading resource: res://addons/dialogic/Modules/Variable/event_variable.gd
.. Loading resource: res://addons/dialogic/Modules/Save/event_save.gd
.. Loading resource: res://addons/dialogic/Modules/Comment/event_comment.gd
.. Loading resource: res://addons/dialogic/Modules/Call/event_call.gd
.. Loading resource: res://addons/dialogic/Modules/Clear/event_clear.gd
.. Loading resource: res://addons/dialogic/Modules/Background/event_background.gd
.. Loading resource: res://addons/dialogic/Modules/Settings/event_setting.gd
.. Loading resource: res://addons/dialogic/Modules/TextInput/event_text_input.gd
.. Loading resource: res://addons/dialogic/Modules/WaitInput/event_wait_input.gd
.. Loading resource: res://addons/dialogic/Modules/Wait/event_wait.gd
.. Loading resource: res://addons/dialogic/Modules/Style/event_style.gd
.. Loading resource: res://addons/dialogic/Modules/End/event_end.gd
.. Loading resource: res://addons/dialogic/Modules/Signal/icon.png
.. Loading resource: res://.godot/imported/icon.png-5e2e422904d471016252dff8d4bdfa96.ctex
.. Loading resource: res://addons/dialogic/Modules/Voice/icon.png
.. Loading resource: res://.godot/imported/icon.png-85989da147a1404ecd08c88eac72cda1.ctex
.. Loading resource: res://addons/dialogic/Modules/Jump/icon_jump.png
.. Loading resource: res://.godot/imported/icon_jump.png-50f6cdd715fcbdbed16b43c5beb6b851.ctex
.. Loading resource: res://addons/dialogic/Modules/Jump/icon_label.png
.. Loading resource: res://.godot/imported/icon_label.png-3923bd1131990c8869923c838ffdb9ae.ctex
.. Loading resource: res://addons/dialogic/Modules/Jump/icon_return.svg
.. Loading resource: res://.godot/imported/icon_return.svg-dc7fb704ff391638f73cbbc2b30b32fa.editor.ctex
.. Loading resource: res://addons/dialogic/Modules/Condition/icon.svg
.. Loading resource: res://.godot/imported/icon.svg-502d45c064cc30f576b7b105a01357ce.editor.ctex
.. Loading resource: res://addons/dialogic/Modules/Choice/icon.svg
.. Loading resource: res://.godot/imported/icon.svg-372a9bfce8bea67fff1988d7acf09a9a.editor.ctex
.. Loading resource: res://addons/dialogic/Modules/History/icon.svg
.. Loading resource: res://.godot/imported/icon.svg-82841efe3f86e947d4f66fd24dc8f52c.editor.ctex
.. Loading resource: res://addons/dialogic/Modules/Audio/icon_music.png
.. Loading resource: res://.godot/imported/icon_music.png-ffc971ba1265164a55f745186974be5f.ctex
.. Loading resource: res://addons/dialogic/Modules/Audio/icon_sound.png
.. Loading resource: res://.godot/imported/icon_sound.png-7a1a8a5533773d97969b6311b6a9133f.ctex
.. Loading resource: res://addons/dialogic/Modules/Character/icon.svg
.. Loading resource: res://.godot/imported/icon.svg-4f340f6efbb83004dbd5c761dd1dc448.editor.ctex
.. Loading resource: res://addons/dialogic/Modules/Variable/icon.png
.. Loading resource: res://.godot/imported/icon.png-99064bb3920f49262c581fccbfcfc353.ctex
.. Loading resource: res://addons/dialogic/Modules/Save/icon.svg
.. Loading resource: res://.godot/imported/icon.svg-aad0408eebe298e9d92c76d6f2c79cf6.editor.ctex
.. Loading resource: res://addons/dialogic/Modules/Comment/icon.png
.. Loading resource: res://.godot/imported/icon.png-fab76b8a5886dac0012cf73c317dbee4.ctex
.. Loading resource: res://addons/dialogic/Modules/Call/icon.png
.. Loading resource: res://.godot/imported/icon.png-12e444f0ed59397c7537943ea85b475c.ctex
.. Loading resource: res://addons/dialogic/Modules/Clear/icon.png
.. Loading resource: res://.godot/imported/icon.png-b4986c88bf1e20891dc480c8f4703ca4.ctex
.. Loading resource: res://addons/dialogic/Modules/Background/icon.png
.. Loading resource: res://.godot/imported/icon.png-cab4c78f59b171335e340ba590cf5991.ctex
.. Loading resource: res://addons/dialogic/Modules/Settings/icon.svg
.. Loading resource: res://.godot/imported/icon.svg-d4407cb145fa5c1d965de3d2bd63ce5f.editor.ctex
.. Loading resource: res://addons/dialogic/Modules/TextInput/icon.png
.. Loading resource: res://.godot/imported/icon.png-aea103d18fdc694e2da87b3c5a56be35.ctex
.. Loading resource: res://addons/dialogic/Modules/WaitInput/icon.svg
.. Loading resource: res://.godot/imported/icon.svg-cb8e50b081a310c64183b12c6d12fcf2.editor.ctex
.. Loading resource: res://addons/dialogic/Modules/Wait/icon.svg
.. Loading resource: res://.godot/imported/icon.svg-7e9f52b17ae6e5e1f284e12048cb8f05.editor.ctex
.. Loading resource: res://addons/dialogic/Modules/Style/icon.png
.. Loading resource: res://.godot/imported/icon.png-ee52cc92a2b11ac2a101ff92d2eaaa7c.ctex
.. Loading resource: res://addons/dialogic/Modules/End/icon.png
.. Loading resource: res://.godot/imported/icon.png-8e345f81e023043fdbb4f75b1b0e9bb0.ctex
.. Loading resource: res://addons/dialogic/Modules/Text/icon.svg
.. Loading resource: res://.godot/imported/icon.svg-e2501ddcdef01c7f2c3538940f5abfc1.editor.ctex
.. Loading resource: res://addons/dialogic/Editor/Images/Toolbar/add-character.svg
.. Loading resource: res://.godot/imported/add-character.svg-a658b65c1225b02657a50d5c965e0d5e.editor.ctex
.. Loading resource: res://addons/dialogic/Editor/TimelineEditor/VisualEditor/AddEventButton.tscn
.. Loading resource: res://addons/dialogic/Editor/CharacterEditor/char_edit_section_general.tscn
.. Loading resource: res://addons/dialogic/Editor/CharacterEditor/char_edit_section_general.gd
.. Loading resource: res://addons/dialogic/Editor/Common/hint_tooltip_icon.tscn
.. Loading resource: res://addons/dialogic/Editor/CharacterEditor/char_edit_section_portraits.tscn
.. Loading resource: res://addons/dialogic/Editor/CharacterEditor/char_edit_section_portraits.gd
.. Loading resource: res://addons/dialogic/Editor/Events/Fields/field_vector2.tscn
.. Loading resource: res://addons/dialogic/Editor/Events/Fields/field_vector2.gd
.. Loading resource: res://addons/dialogic/Editor/Events/Fields/field_number.tscn
.. Loading resource: res://addons/dialogic/Editor/Images/Interactable/increment_icon.svg
.. Loading resource: res://.godot/imported/increment_icon.svg-081e6509e76349f0628c55a41e85fd65.editor.ctex
.. Loading resource: res://addons/dialogic/Editor/Images/Interactable/decrement_icon.svg
.. Loading resource: res://.godot/imported/decrement_icon.svg-9556cf56db91e200fb946372e010fd5e.editor.ctex
.. Loading resource: res://addons/dialogic/Editor/Images/Resources/portrait.svg
.. Loading resource: res://.godot/imported/portrait.svg-7d29c7cfe3e086d65dce33c3d66c48cd.editor.ctex
.. Loading resource: res://addons/dialogic/Editor/CharacterEditor/char_edit_p_section_main_exports.tscn
.. Loading resource: res://addons/dialogic/Editor/CharacterEditor/char_edit_p_section_main_exports.gd
.. Loading resource: res://addons/dialogic/Editor/CharacterEditor/char_edit_p_section_exports.tscn
.. Loading resource: res://addons/dialogic/Editor/CharacterEditor/char_edit_p_section_exports.gd
.. Loading resource: res://addons/dialogic/Editor/CharacterEditor/char_edit_p_section_main.tscn
.. Loading resource: res://addons/dialogic/Editor/CharacterEditor/char_edit_p_section_main.gd
.. Loading resource: res://addons/dialogic/Editor/Events/Fields/field_file.tscn
.. Loading resource: res://addons/dialogic/Editor/CharacterEditor/portrait_scene_browser.tscn
.. Loading resource: res://addons/dialogic/Editor/CharacterEditor/portrait_scene_browser.gd
.. Loading resource: res://addons/dialogic/Editor/Common/hint_tooltip_icon.tscn
.. Loading resource: res://addons/dialogic/Editor/CharacterEditor/char_edit_p_section_layout.tscn
.. Loading resource: res://addons/dialogic/Editor/CharacterEditor/char_edit_p_section_layout.gd
.. Loading resource: res://addons/dialogic/Editor/Events/Fields/field_vector2.tscn
.. Loading resource: res://addons/dialogic/Editor/Events/Fields/field_number.tscn
.. Loading resource: res://addons/dialogic/Modules/Text/character_settings/character_moods_settings.tscn
.. Loading resource: res://addons/dialogic/Modules/Text/character_settings/character_moods_settings.gd
.. Loading resource: res://addons/dialogic/Editor/Events/Fields/field_file.tscn
.. Loading resource: res://addons/dialogic/Editor/Events/Fields/field_number.tscn
.. Loading resource: res://addons/dialogic/Modules/Text/node_type_sound.gd
.. Loading resource: res://addons/dialogic/Editor/Common/hint_tooltip_icon.tscn
.. Loading resource: res://addons/dialogic/Modules/Text/character_settings/character_portrait_mood_settings.tscn
.. Loading resource: res://addons/dialogic/Modules/Text/character_settings/character_portrait_mood_settings.gd
.. Loading resource: res://addons/dialogic/Modules/Style/character_settings_style.tscn
.. Loading resource: res://addons/dialogic/Modules/Style/character_settings_style.gd
.. Loading resource: res://addons/dialogic/Editor/Common/hint_tooltip_icon.tscn
.. Loading resource: res://addons/dialogic/Editor/Inspector/inspector_plugin.gd
.. Loading resource: res://addons/gdUnit4/plugin.gd
.. \u001b[38;2;218;165;32mIt was recognized that GdUnit4 is running in a test environment, therefore the GdUnit4 plugin will not be executed!\u001b[0m
.. Loading resource: res://addons/godot_xterm/plugin.gd
.. Loading resource: res://addons/godot_xterm/editor_plugins/terminal/terminal_panel.tscn
.. Loading resource: res://addons/godot_xterm/editor_plugins/terminal/terminal_panel.gd
.. Loading resource: res://addons/godot_xterm/editor_plugins/terminal/editor_terminal.tscn
.. Loading resource: res://addons/godot_xterm/editor_plugins/terminal/editor_terminal.gd
.. Loading resource: res://addons/godot_xterm/editor_plugins/terminal/settings/default_new_terminal_shortcut.tres
.. Loading resource: res://addons/godot_xterm/editor_plugins/terminal/settings/default_kill_terminal_shortcut.tres
.. Loading resource: res://addons/godot_xterm/editor_plugins/terminal/settings/default_copy_shortcut.tres
.. Loading resource: res://addons/godot_xterm/editor_plugins/terminal/settings/default_paste_shortcut.tres
.. Loading resource: res://addons/godot_xterm/editor_plugins/terminal/settings/default_tab_right_shortcut.tres
.. Loading resource: res://addons/godot_xterm/editor_plugins/terminal/settings/default_tab_left_shortcut.tres
.. Loading resource: res://addons/type_writer_label/twl_init.gd
.. Loading resource: res://addons/type_writer_label/classes/type_writer_label_icon.svg
.. Loading resource: res://.godot/imported/type_writer_label_icon.svg-4ed2f6ad1e9b0ca97691e0060c880e78.ctex
.. [  83% ] \u001b[90m\u001b[1mfirst_scan_filesystem\u001b[22m | Starting file scan...\u001b[39m\u001b[0m
.. \u001b[92m[ DONE ]\u001b[39m \u001b[1mfirst_scan_filesystem\u001b[22m
.. \u001b[0m
.. [   0% ] \u001b[90m\u001b[1mloading_editor_layout\u001b[22m | Started Loading editor (5 steps)\u001b[39m\u001b[0m
.. [   0% ] \u001b[90m\u001b[1mloading_editor_layout\u001b[22m | Loading editor layout...\u001b[39m\u001b[0m
.. [  16% ] \u001b[90m\u001b[1mloading_editor_layout\u001b[22m | Loading docks...\u001b[39m\u001b[0m
.. [  33% ] \u001b[90m\u001b[1mloading_editor_layout\u001b[22m | Reopening scenes...\u001b[39m\u001b[0m
.. Loading resource: res://source/frontend/scenes/menus/main_menu/main_menu.tscn
.. Loading resource: res://addons/maaacks_menus_template/base/nodes/menus/main_menu/main_menu.tscn
.. Loading resource: res://addons/maaacks_menus_template/base/nodes/menus/main_menu/main_menu.gd
.. Loading resource: res://addons/maaacks_menus_template/base/nodes/utilities/capture_focus.gd
.. Loading resource: res://addons/maaacks_menus_template/base/nodes/music_players/background_music_player.tscn
.. Loading resource: res://addons/maaacks_menus_template/base/nodes/autoloads/ui_sound_controller/ui_sound_controller.gd
.. Loading resource: res://addons/maaacks_menus_template/base/nodes/labels/config_version_label.gd
.. Loading resource: res://addons/maaacks_menus_template/base/nodes/labels/config_name_label.gd
:: WARNING: res://source/frontend/scenes/menus/main_menu/main_menu.tscn:4 - ext_resource, invalid UID: uid://custom1 - using text path instead: res://source/frontend/scenes/menus/main_menu/main_menu.gd
:: at: load (scene/resources/resource_format_text.cpp:466)
.. Loading resource: res://source/frontend/scenes/menus/main_menu/main_menu.gd
.. [  50% ] \u001b[90m\u001b[1mloading_editor_layout\u001b[22m | Loading central editor layout...\u001b[39m\u001b[0m
.. [  66% ] \u001b[90m\u001b[1mloading_editor_layout\u001b[22m | Loading plugin window layout...\u001b[39m\u001b[0m
:: ERROR: Couldn't open external text editor, falling back to the internal editor. Review your `text_editor/external/` editor settings.
:: at: edit (editor/script/script_editor_plugin.cpp:2613)
:: ERROR: Couldn't open external text editor, falling back to the internal editor. Review your `text_editor/external/` editor settings.
:: at: edit (editor/script/script_editor_plugin.cpp:2613)
.. [  83% ] \u001b[90m\u001b[1mloading_editor_layout\u001b[22m | Editor layout ready.\u001b[39m\u001b[0m
.. \u001b[92m[ DONE ]\u001b[39m \u001b[1mloading_editor_layout\u001b[22m
.. \u001b[0m
.. thirdparty/mbedtls/library/ssl_tls13_generic.c:1552: 0x4db98a38: Perform PSA-based ECDH/FFDH computation.
.. thirdparty/mbedtls/library/ssl_tls13_generic.c:1552: 0x74907c0eaa08: Perform PSA-based ECDH/FFDH computation.
.. thirdparty/mbedtls/library/ssl_tls13_client.c:1950: 0x4db98a38: Switch to handshake keys for inbound traffic
.. thirdparty/mbedtls/library/ssl_tls13_generic.c:0403: 0x4db98a38: mbedtls_ssl_tls13_process_certificate_verify() returned 0 (-0x0000)
.. thirdparty/mbedtls/library/ssl_tls13_client.c:2639: 0x4db98a38: Switch to handshake traffic keys for outbound traffic
.. thirdparty/mbedtls/library/ssl_tls13_generic.c:1235: 0x4db98a38: Switch to application keys for inbound traffic
.. thirdparty/mbedtls/library/ssl_tls13_generic.c:1238: 0x4db98a38: Switch to application keys for outbound traffic
.. thirdparty/mbedtls/library/ssl_tls13_client.c:1950: 0x74907c0eaa08: Switch to handshake keys for inbound traffic
.. thirdparty/mbedtls/library/ssl_tls13_generic.c:0403: 0x74907c0eaa08: mbedtls_ssl_tls13_process_certificate_verify() returned 0 (-0x0000)
.. thirdparty/mbedtls/library/ssl_tls13_client.c:2639: 0x74907c0eaa08: Switch to handshake traffic keys for outbound traffic
.. thirdparty/mbedtls/library/ssl_tls13_generic.c:1235: 0x74907c0eaa08: Switch to application keys for inbound traffic
.. thirdparty/mbedtls/library/ssl_tls13_generic.c:1238: 0x74907c0eaa08: Switch to application keys for outbound traffic
.. thirdparty/mbedtls/library/ssl_tls13_generic.c:1552: 0x74907c0eaa08: Perform PSA-based ECDH/FFDH computation.
.. thirdparty/mbedtls/library/ssl_tls13_client.c:1950: 0x74907c0eaa08: Switch to handshake keys for inbound traffic
.. thirdparty/mbedtls/library/ssl_tls13_generic.c:0403: 0x74907c0eaa08: mbedtls_ssl_tls13_process_certificate_verify() returned 0 (-0x0000)
.. thirdparty/mbedtls/library/ssl_tls13_client.c:2639: 0x74907c0eaa08: Switch to handshake traffic keys for outbound traffic
.. thirdparty/mbedtls/library/ssl_tls13_generic.c:1235: 0x74907c0eaa08: Switch to application keys for inbound traffic
.. thirdparty/mbedtls/library/ssl_tls13_generic.c:1238: 0x74907c0eaa08: Switch to application keys for outbound traffic
.. thirdparty/mbedtls/library/ssl_tls13_generic.c:1552: 0x74907c0eaa08: Perform PSA-based ECDH/FFDH computation.
.. thirdparty/mbedtls/library/ssl_tls13_client.c:1950: 0x74907c0eaa08: Switch to handshake keys for inbound traffic
.. thirdparty/mbedtls/library/ssl_tls13_generic.c:0403: 0x74907c0eaa08: mbedtls_ssl_tls13_process_certificate_verify() returned 0 (-0x0000)
.. thirdparty/mbedtls/library/ssl_tls13_client.c:2639: 0x74907c0eaa08: Switch to handshake traffic keys for outbound traffic
.. thirdparty/mbedtls/library/ssl_tls13_generic.c:1235: 0x74907c0eaa08: Switch to application keys for inbound traffic
.. thirdparty/mbedtls/library/ssl_tls13_generic.c:1238: 0x74907c0eaa08: Switch to application keys for outbound traffic
.. thirdparty/mbedtls/library/ssl_tls13_generic.c:1552: 0x749070002388: Perform PSA-based ECDH/FFDH computation.
.. thirdparty/mbedtls/library/ssl_tls13_client.c:1950: 0x749070002388: Switch to handshake keys for inbound traffic
.. thirdparty/mbedtls/library/ssl_tls13_generic.c:0403: 0x749070002388: mbedtls_ssl_tls13_process_certificate_verify() returned 0 (-0x0000)
.. thirdparty/mbedtls/library/ssl_tls13_client.c:2639: 0x749070002388: Switch to handshake traffic keys for outbound traffic
.. thirdparty/mbedtls/library/ssl_tls13_generic.c:1235: 0x749070002388: Switch to application keys for inbound traffic
.. thirdparty/mbedtls/library/ssl_tls13_generic.c:1238: 0x749070002388: Switch to application keys for outbound traffic
.. thirdparty/mbedtls/library/ssl_tls13_generic.c:1552: 0x74906c002388: Perform PSA-based ECDH/FFDH computation.
.. thirdparty/mbedtls/library/ssl_tls13_client.c:1950: 0x74906c002388: Switch to handshake keys for inbound traffic
.. thirdparty/mbedtls/library/ssl_tls13_generic.c:0403: 0x74906c002388: mbedtls_ssl_tls13_process_certificate_verify() returned 0 (-0x0000)
.. thirdparty/mbedtls/library/ssl_tls13_client.c:2639: 0x74906c002388: Switch to handshake traffic keys for outbound traffic
.. thirdparty/mbedtls/library/ssl_tls13_generic.c:1235: 0x74906c002388: Switch to application keys for inbound traffic
.. thirdparty/mbedtls/library/ssl_tls13_generic.c:1238: 0x74906c002388: Switch to application keys for outbound traffic
.. thirdparty/mbedtls/library/ssl_tls13_generic.c:1552: 0x74907c1cdea8: Perform PSA-based ECDH/FFDH computation.
.. thirdparty/mbedtls/library/ssl_tls13_client.c:1950: 0x74907c1cdea8: Switch to handshake keys for inbound traffic
.. thirdparty/mbedtls/library/ssl_tls13_generic.c:0403: 0x74907c1cdea8: mbedtls_ssl_tls13_process_certificate_verify() returned 0 (-0x0000)
.. thirdparty/mbedtls/library/ssl_tls13_client.c:2639: 0x74907c1cdea8: Switch to handshake traffic keys for outbound traffic
.. thirdparty/mbedtls/library/ssl_tls13_generic.c:1235: 0x74907c1cdea8: Switch to application keys for inbound traffic
.. thirdparty/mbedtls/library/ssl_tls13_generic.c:1238: 0x74907c1cdea8: Switch to application keys for outbound traffic
.. thirdparty/mbedtls/library/ssl_tls13_generic.c:1552: 0x749064001dd8: Perform PSA-based ECDH/FFDH computation.
.. thirdparty/mbedtls/library/ssl_tls13_client.c:1950: 0x749064001dd8: Switch to handshake keys for inbound traffic
.. thirdparty/mbedtls/library/ssl_tls13_generic.c:0403: 0x749064001dd8: mbedtls_ssl_tls13_process_certificate_verify() returned 0 (-0x0000)
.. thirdparty/mbedtls/library/ssl_tls13_client.c:2639: 0x749064001dd8: Switch to handshake traffic keys for outbound traffic
.. thirdparty/mbedtls/library/ssl_tls13_generic.c:1235: 0x749064001dd8: Switch to application keys for inbound traffic
.. thirdparty/mbedtls/library/ssl_tls13_generic.c:1238: 0x749064001dd8: Switch to application keys for outbound traffic
.. thirdparty/mbedtls/library/ssl_tls13_generic.c:1552: 0x749068001778: Perform PSA-based ECDH/FFDH computation.
.. thirdparty/mbedtls/library/ssl_tls13_client.c:1950: 0x749068001778: Switch to handshake keys for inbound traffic
.. thirdparty/mbedtls/library/ssl_tls13_generic.c:0403: 0x749068001778: mbedtls_ssl_tls13_process_certificate_verify() returned 0 (-0x0000)
.. thirdparty/mbedtls/library/ssl_tls13_client.c:2639: 0x749068001778: Switch to handshake traffic keys for outbound traffic
.. thirdparty/mbedtls/library/ssl_tls13_generic.c:1235: 0x749068001778: Switch to application keys for inbound traffic
.. thirdparty/mbedtls/library/ssl_tls13_generic.c:1238: 0x749068001778: Switch to application keys for outbound traffic
.. thirdparty/mbedtls/library/ssl_tls13_generic.c:1552: 0x749068001778: Perform PSA-based ECDH/FFDH computation.
.. thirdparty/mbedtls/library/ssl_tls13_client.c:1950: 0x749068001778: Switch to handshake keys for inbound traffic
.. thirdparty/mbedtls/library/ssl_tls13_generic.c:0403: 0x749068001778: mbedtls_ssl_tls13_process_certificate_verify() returned 0 (-0x0000)
.. thirdparty/mbedtls/library/ssl_tls13_client.c:2639: 0x749068001778: Switch to handshake traffic keys for outbound traffic
.. thirdparty/mbedtls/library/ssl_tls13_generic.c:1235: 0x749068001778: Switch to application keys for inbound traffic
.. thirdparty/mbedtls/library/ssl_tls13_generic.c:1238: 0x749068001778: Switch to application keys for outbound traffic
.. thirdparty/mbedtls/library/ssl_tls13_generic.c:1552: 0x749068018c18: Perform PSA-based ECDH/FFDH computation.
.. thirdparty/mbedtls/library/ssl_tls13_client.c:1950: 0x749068018c18: Switch to handshake keys for inbound traffic
.. thirdparty/mbedtls/library/ssl_tls13_generic.c:0403: 0x749068018c18: mbedtls_ssl_tls13_process_certificate_verify() returned 0 (-0x0000)
.. thirdparty/mbedtls/library/ssl_tls13_client.c:2639: 0x749068018c18: Switch to handshake traffic keys for outbound traffic
.. thirdparty/mbedtls/library/ssl_tls13_generic.c:1235: 0x749068018c18: Switch to application keys for inbound traffic
.. thirdparty/mbedtls/library/ssl_tls13_generic.c:1238: 0x749068018c18: Switch to application keys for outbound traffic
.. thirdparty/mbedtls/library/ssl_tls13_generic.c:1552: 0x74906400ee38: Perform PSA-based ECDH/FFDH computation.
.. thirdparty/mbedtls/library/ssl_tls13_generic.c:1552: 0x74907c0eaa08: Perform PSA-based ECDH/FFDH computation.
.. thirdparty/mbedtls/library/ssl_tls13_generic.c:1552: 0x74906c012d38: Perform PSA-based ECDH/FFDH computation.
.. thirdparty/mbedtls/library/ssl_tls13_generic.c:1552: 0x749070002388: Perform PSA-based ECDH/FFDH computation.
.. thirdparty/mbedtls/library/ssl_tls13_client.c:1950: 0x74906400ee38: Switch to handshake keys for inbound traffic
.. thirdparty/mbedtls/library/ssl_tls13_generic.c:1552: 0x74905c002388: Perform PSA-based ECDH/FFDH computation.
.. thirdparty/mbedtls/library/ssl_tls13_client.c:1950: 0x74907c0eaa08: Switch to handshake keys for inbound traffic
.. thirdparty/mbedtls/library/ssl_tls13_generic.c:0403: 0x74907c0eaa08: mbedtls_ssl_tls13_process_certificate_verify() returned 0 (-0x0000)
.. thirdparty/mbedtls/library/ssl_tls13_client.c:2639: 0x74907c0eaa08: Switch to handshake traffic keys for outbound traffic
.. thirdparty/mbedtls/library/ssl_tls13_generic.c:1235: 0x74907c0eaa08: Switch to application keys for inbound traffic
.. thirdparty/mbedtls/library/ssl_tls13_generic.c:1238: 0x74907c0eaa08: Switch to application keys for outbound traffic
.. thirdparty/mbedtls/library/ssl_tls13_client.c:1950: 0x74906c012d38: Switch to handshake keys for inbound traffic
.. thirdparty/mbedtls/library/ssl_tls13_generic.c:0403: 0x74906400ee38: mbedtls_ssl_tls13_process_certificate_verify() returned 0 (-0x0000)
.. thirdparty/mbedtls/library/ssl_tls13_client.c:2639: 0x74906400ee38: Switch to handshake traffic keys for outbound traffic
.. thirdparty/mbedtls/library/ssl_tls13_generic.c:1235: 0x74906400ee38: Switch to application keys for inbound traffic
.. thirdparty/mbedtls/library/ssl_tls13_generic.c:1238: 0x74906400ee38: Switch to application keys for outbound traffic
.. thirdparty/mbedtls/library/ssl_tls13_generic.c:0403: 0x74906c012d38: mbedtls_ssl_tls13_process_certificate_verify() returned 0 (-0x0000)
.. thirdparty/mbedtls/library/ssl_tls13_client.c:2639: 0x74906c012d38: Switch to handshake traffic keys for outbound traffic
.. thirdparty/mbedtls/library/ssl_tls13_generic.c:1235: 0x74906c012d38: Switch to application keys for inbound traffic
.. thirdparty/mbedtls/library/ssl_tls13_generic.c:1238: 0x74906c012d38: Switch to application keys for outbound traffic
.. thirdparty/mbedtls/library/ssl_tls13_client.c:1950: 0x749070002388: Switch to handshake keys for inbound traffic
.. thirdparty/mbedtls/library/ssl_tls13_generic.c:0403: 0x749070002388: mbedtls_ssl_tls13_process_certificate_verify() returned 0 (-0x0000)
.. thirdparty/mbedtls/library/ssl_tls13_client.c:2639: 0x749070002388: Switch to handshake traffic keys for outbound traffic
.. thirdparty/mbedtls/library/ssl_tls13_generic.c:1235: 0x749070002388: Switch to application keys for inbound traffic
.. thirdparty/mbedtls/library/ssl_tls13_generic.c:1238: 0x749070002388: Switch to application keys for outbound traffic
.. thirdparty/mbedtls/library/ssl_tls13_client.c:1950: 0x74905c002388: Switch to handshake keys for inbound traffic
.. thirdparty/mbedtls/library/ssl_tls13_generic.c:0403: 0x74905c002388: mbedtls_ssl_tls13_process_certificate_verify() returned 0 (-0x0000)
.. thirdparty/mbedtls/library/ssl_tls13_client.c:2639: 0x74905c002388: Switch to handshake traffic keys for outbound traffic
.. thirdparty/mbedtls/library/ssl_tls13_generic.c:1235: 0x74905c002388: Switch to application keys for inbound traffic
.. thirdparty/mbedtls/library/ssl_tls13_generic.c:1238: 0x74905c002388: Switch to application keys for outbound traffic
.. thirdparty/mbedtls/library/ssl_tls13_generic.c:1552: 0x749068018c18: Perform PSA-based ECDH/FFDH computation.
.. thirdparty/mbedtls/library/ssl_tls13_client.c:1950: 0x749068018c18: Switch to handshake keys for inbound traffic
.. thirdparty/mbedtls/library/ssl_tls13_generic.c:0403: 0x749068018c18: mbedtls_ssl_tls13_process_certificate_verify() returned 0 (-0x0000)
.. thirdparty/mbedtls/library/ssl_tls13_client.c:2639: 0x749068018c18: Switch to handshake traffic keys for outbound traffic
.. thirdparty/mbedtls/library/ssl_tls13_generic.c:1235: 0x749068018c18: Switch to application keys for inbound traffic
.. thirdparty/mbedtls/library/ssl_tls13_generic.c:1238: 0x749068018c18: Switch to application keys for outbound traffic
.. thirdparty/mbedtls/library/ssl_tls13_generic.c:1552: 0x74906c00c798: Perform PSA-based ECDH/FFDH computation.
.. thirdparty/mbedtls/library/ssl_tls13_generic.c:1552: 0x74907c0eaa08: Perform PSA-based ECDH/FFDH computation.
.. thirdparty/mbedtls/library/ssl_tls13_client.c:1950: 0x74906c00c798: Switch to handshake keys for inbound traffic
.. thirdparty/mbedtls/library/ssl_tls13_generic.c:0403: 0x74906c00c798: mbedtls_ssl_tls13_process_certificate_verify() returned 0 (-0x0000)
.. thirdparty/mbedtls/library/ssl_tls13_client.c:2639: 0x74906c00c798: Switch to handshake traffic keys for outbound traffic
.. thirdparty/mbedtls/library/ssl_tls13_generic.c:1235: 0x74906c00c798: Switch to application keys for inbound traffic
.. thirdparty/mbedtls/library/ssl_tls13_generic.c:1238: 0x74906c00c798: Switch to application keys for outbound traffic
.. thirdparty/mbedtls/library/ssl_tls13_generic.c:1552: 0x74905c013378: Perform PSA-based ECDH/FFDH computation.
.. thirdparty/mbedtls/library/ssl_tls13_client.c:1950: 0x74907c0eaa08: Switch to handshake keys for inbound traffic
.. thirdparty/mbedtls/library/ssl_tls13_generic.c:0403: 0x74907c0eaa08: mbedtls_ssl_tls13_process_certificate_verify() returned 0 (-0x0000)
.. thirdparty/mbedtls/library/ssl_tls13_client.c:2639: 0x74907c0eaa08: Switch to handshake traffic keys for outbound traffic
.. thirdparty/mbedtls/library/ssl_tls13_generic.c:1235: 0x74907c0eaa08: Switch to application keys for inbound traffic
.. thirdparty/mbedtls/library/ssl_tls13_generic.c:1238: 0x74907c0eaa08: Switch to application keys for outbound traffic
.. thirdparty/mbedtls/library/ssl_tls13_generic.c:1552: 0x74906400edd8: Perform PSA-based ECDH/FFDH computation.
.. thirdparty/mbedtls/library/ssl_tls13_client.c:1950: 0x74905c013378: Switch to handshake keys for inbound traffic
.. thirdparty/mbedtls/library/ssl_tls13_generic.c:0403: 0x74905c013378: mbedtls_ssl_tls13_process_certificate_verify() returned 0 (-0x0000)
.. thirdparty/mbedtls/library/ssl_tls13_client.c:2639: 0x74905c013378: Switch to handshake traffic keys for outbound traffic
.. thirdparty/mbedtls/library/ssl_tls13_generic.c:1235: 0x74905c013378: Switch to application keys for inbound traffic
.. thirdparty/mbedtls/library/ssl_tls13_generic.c:1238: 0x74905c013378: Switch to application keys for outbound traffic
.. thirdparty/mbedtls/library/ssl_tls13_generic.c:1552: 0x749068018048: Perform PSA-based ECDH/FFDH computation.
.. thirdparty/mbedtls/library/ssl_tls13_generic.c:1552: 0x749070010a08: Perform PSA-based ECDH/FFDH computation.
.. thirdparty/mbedtls/library/ssl_tls13_client.c:1950: 0x74906400edd8: Switch to handshake keys for inbound traffic
.. thirdparty/mbedtls/library/ssl_tls13_client.c:1950: 0x749068018048: Switch to handshake keys for inbound traffic
.. thirdparty/mbedtls/library/ssl_tls13_generic.c:0403: 0x749068018048: mbedtls_ssl_tls13_process_certificate_verify() returned 0 (-0x0000)
.. thirdparty/mbedtls/library/ssl_tls13_client.c:2639: 0x749068018048: Switch to handshake traffic keys for outbound traffic
.. thirdparty/mbedtls/library/ssl_tls13_generic.c:1235: 0x749068018048: Switch to application keys for inbound traffic
.. thirdparty/mbedtls/library/ssl_tls13_generic.c:1238: 0x749068018048: Switch to application keys for outbound traffic
.. thirdparty/mbedtls/library/ssl_tls13_generic.c:0403: 0x74906400edd8: mbedtls_ssl_tls13_process_certificate_verify() returned 0 (-0x0000)
.. thirdparty/mbedtls/library/ssl_tls13_client.c:2639: 0x74906400edd8: Switch to handshake traffic keys for outbound traffic
.. thirdparty/mbedtls/library/ssl_tls13_generic.c:1235: 0x74906400edd8: Switch to application keys for inbound traffic
.. thirdparty/mbedtls/library/ssl_tls13_generic.c:1238: 0x74906400edd8: Switch to application keys for outbound traffic
.. thirdparty/mbedtls/library/ssl_tls13_client.c:1950: 0x749070010a08: Switch to handshake keys for inbound traffic
.. thirdparty/mbedtls/library/ssl_tls13_generic.c:0403: 0x749070010a08: mbedtls_ssl_tls13_process_certificate_verify() returned 0 (-0x0000)
.. thirdparty/mbedtls/library/ssl_tls13_client.c:2639: 0x749070010a08: Switch to handshake traffic keys for outbound traffic
.. thirdparty/mbedtls/library/ssl_tls13_generic.c:1235: 0x749070010a08: Switch to application keys for inbound traffic
.. thirdparty/mbedtls/library/ssl_tls13_generic.c:1238: 0x749070010a08: Switch to application keys for outbound traffic
.. thirdparty/mbedtls/library/ssl_tls13_generic.c:1552: 0x74906c00c768: Perform PSA-based ECDH/FFDH computation.
.. thirdparty/mbedtls/library/ssl_tls13_client.c:1950: 0x74906c00c768: Switch to handshake keys for inbound traffic
.. thirdparty/mbedtls/library/ssl_tls13_generic.c:0403: 0x74906c00c768: mbedtls_ssl_tls13_process_certificate_verify() returned 0 (-0x0000)
.. thirdparty/mbedtls/library/ssl_tls13_client.c:2639: 0x74906c00c768: Switch to handshake traffic keys for outbound traffic
.. thirdparty/mbedtls/library/ssl_tls13_generic.c:1235: 0x74906c00c768: Switch to application keys for inbound traffic
.. thirdparty/mbedtls/library/ssl_tls13_generic.c:1238: 0x74906c00c768: Switch to application keys for outbound traffic
.. thirdparty/mbedtls/library/ssl_tls13_generic.c:1552: 0x74907c0eaa08: Perform PSA-based ECDH/FFDH computation.
.. thirdparty/mbedtls/library/ssl_tls13_generic.c:1552: 0x74906800d018: Perform PSA-based ECDH/FFDH computation.
.. thirdparty/mbedtls/library/ssl_tls13_generic.c:1552: 0x74905c013408: Perform PSA-based ECDH/FFDH computation.
.. thirdparty/mbedtls/library/ssl_tls13_client.c:1950: 0x74907c0eaa08: Switch to handshake keys for inbound traffic
.. thirdparty/mbedtls/library/ssl_tls13_generic.c:0403: 0x74907c0eaa08: mbedtls_ssl_tls13_process_certificate_verify() returned 0 (-0x0000)
.. thirdparty/mbedtls/library/ssl_tls13_client.c:2639: 0x74907c0eaa08: Switch to handshake traffic keys for outbound traffic
.. thirdparty/mbedtls/library/ssl_tls13_generic.c:1235: 0x74907c0eaa08: Switch to application keys for inbound traffic
.. thirdparty/mbedtls/library/ssl_tls13_generic.c:1238: 0x74907c0eaa08: Switch to application keys for outbound traffic
.. thirdparty/mbedtls/library/ssl_tls13_client.c:1950: 0x74906800d018: Switch to handshake keys for inbound traffic
.. thirdparty/mbedtls/library/ssl_tls13_generic.c:0403: 0x74906800d018: mbedtls_ssl_tls13_process_certificate_verify() returned 0 (-0x0000)
.. thirdparty/mbedtls/library/ssl_tls13_client.c:2639: 0x74906800d018: Switch to handshake traffic keys for outbound traffic
.. thirdparty/mbedtls/library/ssl_tls13_generic.c:1235: 0x74906800d018: Switch to application keys for inbound traffic
.. thirdparty/mbedtls/library/ssl_tls13_generic.c:1238: 0x74906800d018: Switch to application keys for outbound traffic
.. thirdparty/mbedtls/library/ssl_tls13_client.c:1950: 0x74905c013408: Switch to handshake keys for inbound traffic
.. thirdparty/mbedtls/library/ssl_tls13_generic.c:0403: 0x74905c013408: mbedtls_ssl_tls13_process_certificate_verify() returned 0 (-0x0000)
.. thirdparty/mbedtls/library/ssl_tls13_client.c:2639: 0x74905c013408: Switch to handshake traffic keys for outbound traffic
.. thirdparty/mbedtls/library/ssl_tls13_generic.c:1235: 0x74905c013408: Switch to application keys for inbound traffic
.. thirdparty/mbedtls/library/ssl_tls13_generic.c:1238: 0x74905c013408: Switch to application keys for outbound traffic
.. thirdparty/mbedtls/library/ssl_tls13_generic.c:1552: 0x74906400edd8: Perform PSA-based ECDH/FFDH computation.
.. thirdparty/mbedtls/library/ssl_tls13_client.c:1950: 0x74906400edd8: Switch to handshake keys for inbound traffic
.. thirdparty/mbedtls/library/ssl_tls13_generic.c:0403: 0x74906400edd8: mbedtls_ssl_tls13_process_certificate_verify() returned 0 (-0x0000)
.. thirdparty/mbedtls/library/ssl_tls13_client.c:2639: 0x74906400edd8: Switch to handshake traffic keys for outbound traffic
.. thirdparty/mbedtls/library/ssl_tls13_generic.c:1235: 0x74906400edd8: Switch to application keys for inbound traffic
.. thirdparty/mbedtls/library/ssl_tls13_generic.c:1238: 0x74906400edd8: Switch to application keys for outbound traffic
.. thirdparty/mbedtls/library/ssl_tls13_generic.c:1552: 0x74906c00c768: Perform PSA-based ECDH/FFDH computation.
.. thirdparty/mbedtls/library/ssl_tls13_generic.c:1552: 0x74906800d018: Perform PSA-based ECDH/FFDH computation.
.. thirdparty/mbedtls/library/ssl_tls13_generic.c:1552: 0x74907c0eaa08: Perform PSA-based ECDH/FFDH computation.
.. thirdparty/mbedtls/library/ssl_tls13_generic.c:1552: 0x749070010a08: Perform PSA-based ECDH/FFDH computation.
.. thirdparty/mbedtls/library/ssl_tls13_client.c:1950: 0x74906800d018: Switch to handshake keys for inbound traffic
.. thirdparty/mbedtls/library/ssl_tls13_generic.c:0403: 0x74906800d018: mbedtls_ssl_tls13_process_certificate_verify() returned 0 (-0x0000)
.. thirdparty/mbedtls/library/ssl_tls13_client.c:2639: 0x74906800d018: Switch to handshake traffic keys for outbound traffic
.. thirdparty/mbedtls/library/ssl_tls13_generic.c:1235: 0x74906800d018: Switch to application keys for inbound traffic
.. thirdparty/mbedtls/library/ssl_tls13_generic.c:1238: 0x74906800d018: Switch to application keys for outbound traffic
.. thirdparty/mbedtls/library/ssl_tls13_generic.c:1552: 0x74906400c3e8: Perform PSA-based ECDH/FFDH computation.
.. thirdparty/mbedtls/library/ssl_tls13_client.c:1950: 0x74906c00c768: Switch to handshake keys for inbound traffic
.. thirdparty/mbedtls/library/ssl_tls13_client.c:1950: 0x749070010a08: Switch to handshake keys for inbound traffic
.. thirdparty/mbedtls/library/ssl_tls13_client.c:1950: 0x74907c0eaa08: Switch to handshake keys for inbound traffic
.. thirdparty/mbedtls/library/ssl_tls13_generic.c:0403: 0x749070010a08: mbedtls_ssl_tls13_process_certificate_verify() returned 0 (-0x0000)
.. thirdparty/mbedtls/library/ssl_tls13_client.c:2639: 0x749070010a08: Switch to handshake traffic keys for outbound traffic
.. thirdparty/mbedtls/library/ssl_tls13_generic.c:1235: 0x749070010a08: Switch to application keys for inbound traffic
.. thirdparty/mbedtls/library/ssl_tls13_generic.c:1238: 0x749070010a08: Switch to application keys for outbound traffic
.. thirdparty/mbedtls/library/ssl_tls13_generic.c:0403: 0x74907c0eaa08: mbedtls_ssl_tls13_process_certificate_verify() returned 0 (-0x0000)
.. thirdparty/mbedtls/library/ssl_tls13_client.c:2639: 0x74907c0eaa08: Switch to handshake traffic keys for outbound traffic
.. thirdparty/mbedtls/library/ssl_tls13_generic.c:1235: 0x74907c0eaa08: Switch to application keys for inbound traffic
.. thirdparty/mbedtls/library/ssl_tls13_generic.c:1238: 0x74907c0eaa08: Switch to application keys for outbound traffic
.. thirdparty/mbedtls/library/ssl_tls13_generic.c:0403: 0x74906c00c768: mbedtls_ssl_tls13_process_certificate_verify() returned 0 (-0x0000)
.. thirdparty/mbedtls/library/ssl_tls13_client.c:2639: 0x74906c00c768: Switch to handshake traffic keys for outbound traffic
.. thirdparty/mbedtls/library/ssl_tls13_generic.c:1235: 0x74906c00c768: Switch to application keys for inbound traffic
.. thirdparty/mbedtls/library/ssl_tls13_generic.c:1238: 0x74906c00c768: Switch to application keys for outbound traffic
.. thirdparty/mbedtls/library/ssl_tls13_client.c:1950: 0x74906400c3e8: Switch to handshake keys for inbound traffic
.. thirdparty/mbedtls/library/ssl_tls13_generic.c:0403: 0x74906400c3e8: mbedtls_ssl_tls13_process_certificate_verify() returned 0 (-0x0000)
.. thirdparty/mbedtls/library/ssl_tls13_client.c:2639: 0x74906400c3e8: Switch to handshake traffic keys for outbound traffic
.. thirdparty/mbedtls/library/ssl_tls13_generic.c:1235: 0x74906400c3e8: Switch to application keys for inbound traffic
.. thirdparty/mbedtls/library/ssl_tls13_generic.c:1238: 0x74906400c3e8: Switch to application keys for outbound traffic
.. thirdparty/mbedtls/library/ssl_tls13_generic.c:1552: 0x74906800d018: Perform PSA-based ECDH/FFDH computation.
.. thirdparty/mbedtls/library/ssl_tls13_generic.c:1552: 0x74905c00e528: Perform PSA-based ECDH/FFDH computation.
.. thirdparty/mbedtls/library/ssl_tls13_client.c:1950: 0x74906800d018: Switch to handshake keys for inbound traffic
.. thirdparty/mbedtls/library/ssl_tls13_generic.c:0403: 0x74906800d018: mbedtls_ssl_tls13_process_certificate_verify() returned 0 (-0x0000)
.. thirdparty/mbedtls/library/ssl_tls13_client.c:2639: 0x74906800d018: Switch to handshake traffic keys for outbound traffic
.. thirdparty/mbedtls/library/ssl_tls13_generic.c:1235: 0x74906800d018: Switch to application keys for inbound traffic
.. thirdparty/mbedtls/library/ssl_tls13_generic.c:1238: 0x74906800d018: Switch to application keys for outbound traffic
.. thirdparty/mbedtls/library/ssl_tls13_generic.c:1552: 0x749070010a08: Perform PSA-based ECDH/FFDH computation.
.. thirdparty/mbedtls/library/ssl_tls13_generic.c:1552: 0x74907c0eaa08: Perform PSA-based ECDH/FFDH computation.
.. thirdparty/mbedtls/library/ssl_tls13_client.c:1950: 0x74907c0eaa08: Switch to handshake keys for inbound traffic
.. thirdparty/mbedtls/library/ssl_tls13_client.c:1950: 0x749070010a08: Switch to handshake keys for inbound traffic
.. thirdparty/mbedtls/library/ssl_tls13_generic.c:0403: 0x74907c0eaa08: mbedtls_ssl_tls13_process_certificate_verify() returned 0 (-0x0000)
.. thirdparty/mbedtls/library/ssl_tls13_client.c:2639: 0x74907c0eaa08: Switch to handshake traffic keys for outbound traffic
.. thirdparty/mbedtls/library/ssl_tls13_generic.c:1235: 0x74907c0eaa08: Switch to application keys for inbound traffic
.. thirdparty/mbedtls/library/ssl_tls13_generic.c:1238: 0x74907c0eaa08: Switch to application keys for outbound traffic
.. thirdparty/mbedtls/library/ssl_tls13_generic.c:0403: 0x749070010a08: mbedtls_ssl_tls13_process_certificate_verify() returned 0 (-0x0000)
.. thirdparty/mbedtls/library/ssl_tls13_client.c:2639: 0x749070010a08: Switch to handshake traffic keys for outbound traffic
.. thirdparty/mbedtls/library/ssl_tls13_generic.c:1235: 0x749070010a08: Switch to application keys for inbound traffic
.. thirdparty/mbedtls/library/ssl_tls13_generic.c:1238: 0x749070010a08: Switch to application keys for outbound traffic
.. thirdparty/mbedtls/library/ssl_tls13_generic.c:1552: 0x74906c00c768: Perform PSA-based ECDH/FFDH computation.
.. thirdparty/mbedtls/library/ssl_tls13_client.c:1950: 0x74906c00c768: Switch to handshake keys for inbound traffic
.. thirdparty/mbedtls/library/ssl_tls13_generic.c:0403: 0x74906c00c768: mbedtls_ssl_tls13_process_certificate_verify() returned 0 (-0x0000)
.. thirdparty/mbedtls/library/ssl_tls13_client.c:2639: 0x74906c00c768: Switch to handshake traffic keys for outbound traffic
.. thirdparty/mbedtls/library/ssl_tls13_generic.c:1235: 0x74906c00c768: Switch to application keys for inbound traffic
.. thirdparty/mbedtls/library/ssl_tls13_generic.c:1238: 0x74906c00c768: Switch to application keys for outbound traffic
.. thirdparty/mbedtls/library/ssl_tls13_generic.c:1552: 0x74906800d018: Perform PSA-based ECDH/FFDH computation.
.. thirdparty/mbedtls/library/ssl_tls13_client.c:1950: 0x74906800d018: Switch to handshake keys for inbound traffic
.. thirdparty/mbedtls/library/ssl_tls13_generic.c:0403: 0x74906800d018: mbedtls_ssl_tls13_process_certificate_verify() returned 0 (-0x0000)
.. thirdparty/mbedtls/library/ssl_tls13_client.c:2639: 0x74906800d018: Switch to handshake traffic keys for outbound traffic
.. thirdparty/mbedtls/library/ssl_tls13_generic.c:1235: 0x74906800d018: Switch to application keys for inbound traffic
.. thirdparty/mbedtls/library/ssl_tls13_generic.c:1238: 0x74906800d018: Switch to application keys for outbound traffic
.. thirdparty/mbedtls/library/ssl_tls13_generic.c:1552: 0x74906400c3e8: Perform PSA-based ECDH/FFDH computation.
.. thirdparty/mbedtls/library/ssl_tls13_client.c:1950: 0x74905c00e528: Switch to handshake keys for inbound traffic
.. thirdparty/mbedtls/library/ssl_tls13_generic.c:0403: 0x74905c00e528: mbedtls_ssl_tls13_process_certificate_verify() returned 0 (-0x0000)
.. thirdparty/mbedtls/library/ssl_tls13_client.c:2639: 0x74905c00e528: Switch to handshake traffic keys for outbound traffic
.. thirdparty/mbedtls/library/ssl_tls13_generic.c:1235: 0x74905c00e528: Switch to application keys for inbound traffic
.. thirdparty/mbedtls/library/ssl_tls13_generic.c:1238: 0x74905c00e528: Switch to application keys for outbound traffic
.. thirdparty/mbedtls/library/ssl_tls13_generic.c:1552: 0x74907c0eaa08: Perform PSA-based ECDH/FFDH computation.
.. thirdparty/mbedtls/library/ssl_tls13_client.c:1950: 0x74906400c3e8: Switch to handshake keys for inbound traffic
.. thirdparty/mbedtls/library/ssl_tls13_client.c:1950: 0x74907c0eaa08: Switch to handshake keys for inbound traffic
.. thirdparty/mbedtls/library/ssl_tls13_generic.c:0403: 0x74907c0eaa08: mbedtls_ssl_tls13_process_certificate_verify() returned 0 (-0x0000)
.. thirdparty/mbedtls/library/ssl_tls13_client.c:2639: 0x74907c0eaa08: Switch to handshake traffic keys for outbound traffic
.. thirdparty/mbedtls/library/ssl_tls13_generic.c:1235: 0x74907c0eaa08: Switch to application keys for inbound traffic
.. thirdparty/mbedtls/library/ssl_tls13_generic.c:1238: 0x74907c0eaa08: Switch to application keys for outbound traffic
.. thirdparty/mbedtls/library/ssl_tls13_generic.c:0403: 0x74906400c3e8: mbedtls_ssl_tls13_process_certificate_verify() returned 0 (-0x0000)
.. thirdparty/mbedtls/library/ssl_tls13_client.c:2639: 0x74906400c3e8: Switch to handshake traffic keys for outbound traffic
.. thirdparty/mbedtls/library/ssl_tls13_generic.c:1235: 0x74906400c3e8: Switch to application keys for inbound traffic
.. thirdparty/mbedtls/library/ssl_tls13_generic.c:1238: 0x74906400c3e8: Switch to application keys for outbound traffic
.. thirdparty/mbedtls/library/ssl_tls13_generic.c:1552: 0x74906800d018: Perform PSA-based ECDH/FFDH computation.
.. thirdparty/mbedtls/library/ssl_tls13_client.c:1950: 0x74906800d018: Switch to handshake keys for inbound traffic
.. thirdparty/mbedtls/library/ssl_tls13_generic.c:0403: 0x74906800d018: mbedtls_ssl_tls13_process_certificate_verify() returned 0 (-0x0000)
.. thirdparty/mbedtls/library/ssl_tls13_client.c:2639: 0x74906800d018: Switch to handshake traffic keys for outbound traffic
.. thirdparty/mbedtls/library/ssl_tls13_generic.c:1235: 0x74906800d018: Switch to application keys for inbound traffic
.. thirdparty/mbedtls/library/ssl_tls13_generic.c:1238: 0x74906800d018: Switch to application keys for outbound traffic
.. thirdparty/mbedtls/library/ssl_tls13_generic.c:1552: 0x74906c00c768: Perform PSA-based ECDH/FFDH computation.
.. thirdparty/mbedtls/library/ssl_tls13_client.c:1950: 0x74906c00c768: Switch to handshake keys for inbound traffic
.. thirdparty/mbedtls/library/ssl_tls13_generic.c:0403: 0x74906c00c768: mbedtls_ssl_tls13_process_certificate_verify() returned 0 (-0x0000)
.. thirdparty/mbedtls/library/ssl_tls13_client.c:2639: 0x74906c00c768: Switch to handshake traffic keys for outbound traffic
.. thirdparty/mbedtls/library/ssl_tls13_generic.c:1235: 0x74906c00c768: Switch to application keys for inbound traffic
.. thirdparty/mbedtls/library/ssl_tls13_generic.c:1238: 0x74906c00c768: Switch to application keys for outbound traffic
.. thirdparty/mbedtls/library/ssl_tls13_generic.c:1552: 0x7490700109d8: Perform PSA-based ECDH/FFDH computation.
.. thirdparty/mbedtls/library/ssl_tls13_client.c:1950: 0x7490700109d8: Switch to handshake keys for inbound traffic
.. thirdparty/mbedtls/library/ssl_tls13_generic.c:0403: 0x7490700109d8: mbedtls_ssl_tls13_process_certificate_verify() returned 0 (-0x0000)
.. thirdparty/mbedtls/library/ssl_tls13_client.c:2639: 0x7490700109d8: Switch to handshake traffic keys for outbound traffic
.. thirdparty/mbedtls/library/ssl_tls13_generic.c:1235: 0x7490700109d8: Switch to application keys for inbound traffic
.. thirdparty/mbedtls/library/ssl_tls13_generic.c:1238: 0x7490700109d8: Switch to application keys for outbound traffic
.. thirdparty/mbedtls/library/ssl_tls13_generic.c:1552: 0x74906800d018: Perform PSA-based ECDH/FFDH computation.
.. thirdparty/mbedtls/library/ssl_tls13_client.c:1950: 0x74906800d018: Switch to handshake keys for inbound traffic
.. thirdparty/mbedtls/library/ssl_tls13_generic.c:0403: 0x74906800d018: mbedtls_ssl_tls13_process_certificate_verify() returned 0 (-0x0000)
.. thirdparty/mbedtls/library/ssl_tls13_client.c:2639: 0x74906800d018: Switch to handshake traffic keys for outbound traffic
.. thirdparty/mbedtls/library/ssl_tls13_generic.c:1235: 0x74906800d018: Switch to application keys for inbound traffic
.. thirdparty/mbedtls/library/ssl_tls13_generic.c:1238: 0x74906800d018: Switch to application keys for outbound traffic
.. thirdparty/mbedtls/library/ssl_tls13_generic.c:1552: 0x74906c00c768: Perform PSA-based ECDH/FFDH computation.
.. thirdparty/mbedtls/library/ssl_tls13_generic.c:1552: 0x74907c0eaa08: Perform PSA-based ECDH/FFDH computation.
.. thirdparty/mbedtls/library/ssl_tls13_client.c:1950: 0x74906c00c768: Switch to handshake keys for inbound traffic
.. thirdparty/mbedtls/library/ssl_tls13_generic.c:0403: 0x74906c00c768: mbedtls_ssl_tls13_process_certificate_verify() returned 0 (-0x0000)
.. thirdparty/mbedtls/library/ssl_tls13_client.c:2639: 0x74906c00c768: Switch to handshake traffic keys for outbound traffic
.. thirdparty/mbedtls/library/ssl_tls13_generic.c:1235: 0x74906c00c768: Switch to application keys for inbound traffic
.. thirdparty/mbedtls/library/ssl_tls13_generic.c:1238: 0x74906c00c768: Switch to application keys for outbound traffic
.. thirdparty/mbedtls/library/ssl_tls13_generic.c:1552: 0x7490700109d8: Perform PSA-based ECDH/FFDH computation.
.. thirdparty/mbedtls/library/ssl_tls13_generic.c:1552: 0x74906400c3e8: Perform PSA-based ECDH/FFDH computation.
.. thirdparty/mbedtls/library/ssl_tls13_client.c:1950: 0x7490700109d8: Switch to handshake keys for inbound traffic
.. thirdparty/mbedtls/library/ssl_tls13_generic.c:0403: 0x7490700109d8: mbedtls_ssl_tls13_process_certificate_verify() returned 0 (-0x0000)
.. thirdparty/mbedtls/library/ssl_tls13_client.c:2639: 0x7490700109d8: Switch to handshake traffic keys for outbound traffic
.. thirdparty/mbedtls/library/ssl_tls13_generic.c:1235: 0x7490700109d8: Switch to application keys for inbound traffic
.. thirdparty/mbedtls/library/ssl_tls13_generic.c:1238: 0x7490700109d8: Switch to application keys for outbound traffic
.. thirdparty/mbedtls/library/ssl_tls13_client.c:1950: 0x74907c0eaa08: Switch to handshake keys for inbound traffic
.. thirdparty/mbedtls/library/ssl_tls13_generic.c:0403: 0x74907c0eaa08: mbedtls_ssl_tls13_process_certificate_verify() returned 0 (-0x0000)
.. thirdparty/mbedtls/library/ssl_tls13_client.c:2639: 0x74907c0eaa08: Switch to handshake traffic keys for outbound traffic
.. thirdparty/mbedtls/library/ssl_tls13_generic.c:1235: 0x74907c0eaa08: Switch to application keys for inbound traffic
.. thirdparty/mbedtls/library/ssl_tls13_generic.c:1238: 0x74907c0eaa08: Switch to application keys for outbound traffic
.. thirdparty/mbedtls/library/ssl_tls13_client.c:1950: 0x74906400c3e8: Switch to handshake keys for inbound traffic
.. thirdparty/mbedtls/library/ssl_tls13_generic.c:0403: 0x74906400c3e8: mbedtls_ssl_tls13_process_certificate_verify() returned 0 (-0x0000)
.. thirdparty/mbedtls/library/ssl_tls13_client.c:2639: 0x74906400c3e8: Switch to handshake traffic keys for outbound traffic
.. thirdparty/mbedtls/library/ssl_tls13_generic.c:1235: 0x74906400c3e8: Switch to application keys for inbound traffic
.. thirdparty/mbedtls/library/ssl_tls13_generic.c:1238: 0x74906400c3e8: Switch to application keys for outbound traffic
.. Unloading addon: res://addons/dialogic/plugin.cfg
.. Unloading addon: res://addons/gdUnit4/plugin.cfg
.. Unloading addon: res://addons/godot_xterm/plugin.cfg
.. Unloading addon: res://addons/type_writer_label/plugin.cfg
.. Script docs haven't been properly loaded or regenerated, so don't save them to disk.
.. EditorSettings: Save OK!
.. Unloading: Disposing tracked instances...
.. Unloading: Finished disposing tracked instances.
.. XR: Clearing primary interface
.. XR: Removed interface "Native mobile"
.. XR: Removed interface "OpenXR"
:: WARNING: ObjectDB instances leaked at exit (run with --verbose for details).
:: at: cleanup (core/object/object.cpp:2570)
.. Leaked instance: UndoRedo:2143306207720
.. Hint: Leaked instances typically happen when nodes are removed from the scene tree (with `remove_child()`) but not freed (with `free()` or `queue_free()`).
.. Orphan StringName: RenderingDevice (static: 2, total: 4)
.. Orphan StringName: Mesh (static: 18, total: 22)
.. Orphan StringName: Tween (static: 2, total: 6)
.. Orphan StringName: Shader (static: 3, total: 7)
.. Orphan StringName: JSON (static: 2, total: 4)
.. Orphan StringName: PTY (static: 0, total: 2)
.. Orphan StringName: ImageTexture (static: 5, total: 7)
.. Orphan StringName: Semaphore (static: 2, total: 4)
.. Orphan StringName: Terminal (static: 0, total: 2)
.. Orphan StringName: MainLoop (static: 3, total: 7)
.. Orphan StringName: TriangleMesh (static: 2, total: 6)
.. Orphan StringName: InputEvent (static: 18, total: 22)
.. Orphan StringName: InputEventMouse (static: 4, total: 6)
.. Orphan StringName: ThemeDB (static: 2, total: 4)
.. Orphan StringName: InputEventWithModifiers (static: 9, total: 11)
.. Orphan StringName: Control (static: 221, total: 223)
.. Orphan StringName: Shape3D (static: 11, total: 15)
.. Orphan StringName: Input (static: 2, total: 4)
.. Orphan StringName: InputEventFromWindow (static: 12, total: 14)
.. Orphan StringName: ResourceLoader (static: 2, total: 6)
.. Orphan StringName: SchemaValidationResult (static: 0, total: 2)
.. Orphan StringName: Font (static: 5, total: 9)
.. Orphan StringName: RenderingServer (static: 2, total: 4)
.. Orphan StringName: Image (static: 2, total: 6)
.. Orphan StringName: Resource (static: 464, total: 468)
.. Orphan StringName: StyleBoxFlat (static: 5, total: 7)
.. Orphan StringName: Schema (static: 0, total: 2)
.. Orphan StringName: OS (static: 2, total: 4)
.. Orphan StringName: Viewport (static: 62, total: 66)
.. Orphan StringName: MultiplayerAPI (static: 4, total: 8)
.. Orphan StringName: Timer (static: 2, total: 4)
.. Orphan StringName: DisplayServer (static: 2, total: 4)
.. Orphan StringName: Marshalls (static: 2, total: 4)
.. Orphan StringName: FileAccess (static: 2, total: 4)
.. Orphan StringName: Mutex (static: 2, total: 6)
.. Orphan StringName: ConcavePolygonShape3D (static: 2, total: 6)
.. Orphan StringName: Thread (static: 2, total: 4)
.. Orphan StringName: RegExMatch (static: 2, total: 4)
.. Orphan StringName: CanvasItem (static: 269, total: 273)
.. Orphan StringName: SceneTree (static: 2, total: 6)
.. Orphan StringName: InputEventMouseMotion (static: 2, total: 4)
.. Orphan StringName: InputEventMouseButton (static: 2, total: 4)
.. Orphan StringName: WeakRef (static: 2, total: 4)
.. Orphan StringName: YAMLSecurity (static: 0, total: 2)
.. Orphan StringName: Texture (static: 44, total: 48)
.. Orphan StringName: CanvasLayer (static: 3, total: 7)
.. Orphan StringName: World2D (static: 2, total: 6)
.. Orphan StringName: ShaderMaterial (static: 2, total: 4)
.. Orphan StringName: Material (static: 13, total: 17)
.. Orphan StringName: Node (static: 567, total: 572)
.. Orphan StringName: ProjectSettings (static: 2, total: 6)
.. Orphan StringName: TextServer (static: 5, total: 9)
.. Orphan StringName: RefCounted (static: 789, total: 793)
.. Orphan StringName: Object (static: 1471, total: 1475)
.. Orphan StringName: Theme (static: 3, total: 7)
.. Orphan StringName: YAMLResult (static: 0, total: 2)
.. Orphan StringName: YAMLStyle (static: 0, total: 2)
.. Orphan StringName: RDPipelineSpecializationConstant (static: 2, total: 4)
.. Orphan StringName: ConvexPolygonShape3D (static: 2, total: 6)
.. Orphan StringName: InputEventKey (static: 2, total: 4)
.. Orphan StringName: ResourceFormatLoader (static: 2, total: 6)
.. Orphan StringName: MultiMesh (static: 2, total: 6)
.. Orphan StringName: Texture2D (static: 20, total: 24)
.. Orphan StringName: Window (static: 65, total: 69)
.. Orphan StringName: StyleBox (static: 6, total: 10)
.. Orphan StringName: ClassDB (static: 2, total: 6)
.. Orphan StringName: RegEx (static: 2, total: 4)
.. Orphan StringName: Script (static: 11, total: 13)
.. Orphan StringName: YAML (static: 0, total: 2)
.. StringName: 69 unclaimed string names at exit.
Rebuild Godot Project ends with exit code: 0

======== Running GdUnit4 Godot Runtime Test Runner ========
:: ERROR: Cannot open file 'res://source/backend/GameAppConfig.cs'.
:: at: read_all_file_utf8 (modules/mono/utils/string_utils.cpp:152)
:: ERROR: Failed to read file: 'res://source/backend/GameAppConfig.cs'.
:: at: load_source_code (modules/mono/csharp_script.cpp:2772)
:: ERROR: Cannot load C# script file 'res://source/backend/GameAppConfig.cs'.
:: at: load (modules/mono/csharp_script.cpp:2852)
:: ERROR: Failed loading resource: res://source/backend/GameAppConfig.cs.
:: at: _load (core/io/resource_loader.cpp:343)
:: ERROR: Failed to instantiate an autoload, can't load from path: res://source/backend/GameAppConfig.cs.
:: at: start (main/main.cpp:4270)
    AudioManager: Initialized successfully
    AudioManager: Initialized successfully
:: ERROR: Cannot load shader: res://source/shaders/spiral_border.gdshader
:: at: load (scene/resources/shader.cpp:311)
:: C# backtrace (most recent call first):
:: [0] Godot.GodotObject Godot.NativeCalls.godot_icall_3_761(nint, nint, string, string, int) (/root/godot/modules/mono/glue/GodotSharp/GodotSharp/Generated/NativeCalls.cs:6854)
:: [1] Godot.Resource Godot.ResourceLoader.Load(string, string, Godot.ResourceLoader+CacheMode) (/root/godot/modules/mono/glue/GodotSharp/GodotSharp/Generated/GodotObjects/ResourceLoader.cs:120)
:: [2] T Godot.ResourceLoader.Load&lt;T&gt;(string, string, Godot.ResourceLoader+CacheMode) (/root/godot/modules/mono/glue/GodotSharp/GodotSharp/Core/Extensions/ResourceLoaderExtensions.cs:27)
:: [3] T Godot.GD.Load&lt;T&gt;(string) (/root/godot/modules/mono/glue/GodotSharp/GodotSharp/Core/GD.cs:129)
:: [4] void OmegaSpiral.Source.Ui.Omega.OmegaBorderFrame.InitializeShader() (/home/adam/Dev/omega-spiral/chapter-zero/source/frontend/ui/omega/OmegaBorderFrame.cs:65)
:: [5] void OmegaSpiral.Source.Ui.Omega.OmegaBorderFrame._Ready() (/home/adam/Dev/omega-spiral/chapter-zero/source/frontend/ui/omega/OmegaBorderFrame.cs:49)
:: [6] bool Godot.Node.InvokeGodotClassMethod(Godot.NativeInterop.godot_string_name&amp;, Godot.NativeInterop.NativeVariantPtrArgs, Godot.NativeInterop.godot_variant&amp;) (/root/godot/modules/mono/glue/GodotSharp/GodotSharp/Generated/GodotObjects/Node.cs:2631)
:: [7] bool Godot.CanvasItem.InvokeGodotClassMethod(Godot.NativeInterop.godot_string_name&amp;, Godot.NativeInterop.NativeVariantPtrArgs, Godot.NativeInterop.godot_variant&amp;) (/root/godot/modules/mono/glue/GodotSharp/GodotSharp/Generated/GodotObjects/CanvasItem.cs:1786)
:: [8] bool Godot.Control.InvokeGodotClassMethod(Godot.NativeInterop.godot_string_name&amp;, Godot.NativeInterop.NativeVariantPtrArgs, Godot.NativeInterop.godot_variant&amp;) (/root/godot/modules/mono/glue/GodotSharp/GodotSharp/Generated/GodotObjects/Control.cs:3508)
:: [9] bool Godot.ColorRect.InvokeGodotClassMethod(Godot.NativeInterop.godot_string_name&amp;, Godot.NativeInterop.NativeVariantPtrArgs, Godot.NativeInterop.godot_variant&amp;) (/root/godot/modules/mono/glue/GodotSharp/GodotSharp/Generated/GodotObjects/ColorRect.cs:84)
:: [10] bool OmegaSpiral.Source.Ui.Omega.OmegaBorderFrame.InvokeGodotClassMethod(Godot.NativeInterop.godot_string_name&amp;, Godot.NativeInterop.NativeVariantPtrArgs, Godot.NativeInterop.godot_variant&amp;) (/home/adam/Dev/omega-spiral/chapter-zero/.godot/mono/temp/obj/Debug/Godot.SourceGenerators/Godot.SourceGenerators.ScriptMethodsGenerator/OmegaSpiral.Source.Ui.Omega.OmegaBorderFrame_ScriptMethods.generated.cs:130)
:: [11] Godot.NativeInterop.godot_bool Godot.Bridge.CSharpInstanceBridge.Call(nint, Godot.NativeInterop.godot_string_name*, Godot.NativeInterop.godot_variant**, int, Godot.NativeInterop.godot_variant_call_error*, Godot.NativeInterop.godot_variant*) (/root/godot/modules/mono/glue/GodotSharp/GodotSharp/Core/Bridge/CSharpInstanceBridge.cs:24)
:: [12] void Godot.NativeInterop.NativeFuncs.godotsharp_method_bind_ptrcall(nint, nint, System.Void**, System.Void*) (/root/godot/modules/mono/glue/GodotSharp/GodotSharp/Godot.SourceGenerators.Internal/Godot.SourceGenerators.Internal.UnmanagedCallbacksGenerator/Godot.NativeInterop.NativeFuncs.generated.cs:380)
:: [13] void Godot.NativeCalls.godot_icall_3_1042(nint, nint, nint, Godot.NativeInterop.godot_bool, int) (/root/godot/modules/mono/glue/GodotSharp/GodotSharp/Generated/NativeCalls.cs:9587)
:: [14] void Godot.Node.AddChild(Godot.Node, bool, Godot.Node+InternalMode) (/root/godot/modules/mono/glue/GodotSharp/GodotSharp/Generated/GodotObjects/Node.cs:821)
:: [15] void OmegaSpiral.Tests.Ui.Omega.OmegaBorderFrame_UnitTests+&lt;Setup&gt;d__2.MoveNext() (/home/adam/Dev/omega-spiral/chapter-zero/tests/ui/omega/OmegaBorderFrameTests.cs:39)
:: [16] void System.Runtime.CompilerServices.AsyncMethodBuilderCore.Start&lt;TStateMachine&gt;(TStateMachine&amp;)
:: [17] System.Threading.Tasks.Task OmegaSpiral.Tests.Ui.Omega.OmegaBorderFrame_UnitTests.Setup()
:: [18] object System.Reflection.MethodBaseInvoker.InterpretedInvoke_Method(object, System.IntPtr*)
:: [19] object System.Reflection.MethodBaseInvoker.InvokeWithNoArgs(object, System.Reflection.BindingFlags)
:: [20] object System.Reflection.RuntimeMethodInfo.Invoke(object, System.Reflection.BindingFlags, System.Reflection.Binder, System.Object[], System.Globalization.CultureInfo)
:: [21] void GdUnit4.Core.Execution.ExecutionStage`1+&lt;ExecuteStage&gt;d__37.MoveNext()
:: [22] void System.Runtime.CompilerServices.AsyncMethodBuilderCore.Start&lt;TStateMachine&gt;(TStateMachine&amp;)
:: [23] System.Threading.Tasks.Task GdUnit4.Core.Execution.ExecutionStage`1.ExecuteStage(GdUnit4.Core.Execution.ExecutionContext)
:: [24] void GdUnit4.Core.Execution.ExecutionStage`1+&lt;Execute&gt;d__30.MoveNext()
:: [25] void System.Runtime.CompilerServices.AsyncMethodBuilderCore.Start&lt;TStateMachine&gt;(TStateMachine&amp;)
:: [26] System.Threading.Tasks.Task GdUnit4.Core.Execution.ExecutionStage`1.Execute(GdUnit4.Core.Execution.ExecutionContext)
:: [27] System.Threading.Tasks.Task GdUnit4.Core.Execution.BeforeExecutionStage.&lt;&gt;n__0(GdUnit4.Core.Execution.ExecutionContext)
:: [28] void GdUnit4.Core.Execution.BeforeExecutionStage+&lt;Execute&gt;d__1.MoveNext()
:: [29] void System.Runtime.CompilerServices.AsyncMethodBuilderCore.Start&lt;TStateMachine&gt;(TStateMachine&amp;)
:: [30] System.Threading.Tasks.Task GdUnit4.Core.Execution.BeforeExecutionStage.Execute(GdUnit4.Core.Execution.ExecutionContext)
:: [31] void GdUnit4.Core.Execution.TestSuiteExecutionStage+&lt;Execute&gt;d__13.MoveNext()
:: [32] void System.Runtime.CompilerServices.AsyncMethodBuilderCore.Start&lt;TStateMachine&gt;(TStateMachine&amp;)
:: [33] System.Threading.Tasks.Task GdUnit4.Core.Execution.TestSuiteExecutionStage.Execute(GdUnit4.Core.Execution.ExecutionContext)
:: [34] void GdUnit4.Core.Commands.ExecuteTestSuiteCommand+&lt;Execute&gt;d__18.MoveNext()
:: [35] void System.Runtime.CompilerServices.AsyncTaskMethodBuilder`1+AsyncStateMachineBox`1.ExecutionContextCallback(object)
:: [36] void System.Threading.ExecutionContext.RunInternal(System.Threading.ExecutionContext, System.Threading.ContextCallback, object)
:: [37] void System.Runtime.CompilerServices.AsyncTaskMethodBuilder`1+AsyncStateMachineBox`1.MoveNext(System.Threading.Thread)
:: [38] void Godot.SignalAwaiter.SignalCallback(nint, Godot.NativeInterop.godot_variant**, int, Godot.NativeInterop.godot_bool*) (/root/godot/modules/mono/glue/GodotSharp/GodotSharp/Core/SignalAwaiter.cs:65)
:: ERROR: Failed loading resource: res://source/shaders/spiral_border.gdshader.
:: at: _load (core/io/resource_loader.cpp:343)
:: C# backtrace (most recent call first):
:: [0] Godot.GodotObject Godot.NativeCalls.godot_icall_3_761(nint, nint, string, string, int) (/root/godot/modules/mono/glue/GodotSharp/GodotSharp/Generated/NativeCalls.cs:6854)
:: [1] Godot.Resource Godot.ResourceLoader.Load(string, string, Godot.ResourceLoader+CacheMode) (/root/godot/modules/mono/glue/GodotSharp/GodotSharp/Generated/GodotObjects/ResourceLoader.cs:120)
:: [2] T Godot.ResourceLoader.Load&lt;T&gt;(string, string, Godot.ResourceLoader+CacheMode) (/root/godot/modules/mono/glue/GodotSharp/GodotSharp/Core/Extensions/ResourceLoaderExtensions.cs:27)
:: [3] T Godot.GD.Load&lt;T&gt;(string) (/root/godot/modules/mono/glue/GodotSharp/GodotSharp/Core/GD.cs:129)
:: [4] void OmegaSpiral.Source.Ui.Omega.OmegaBorderFrame.InitializeShader() (/home/adam/Dev/omega-spiral/chapter-zero/source/frontend/ui/omega/OmegaBorderFrame.cs:65)
:: [5] void OmegaSpiral.Source.Ui.Omega.OmegaBorderFrame._Ready() (/home/adam/Dev/omega-spiral/chapter-zero/source/frontend/ui/omega/OmegaBorderFrame.cs:49)
:: [6] bool Godot.Node.InvokeGodotClassMethod(Godot.NativeInterop.godot_string_name&amp;, Godot.NativeInterop.NativeVariantPtrArgs, Godot.NativeInterop.godot_variant&amp;) (/root/godot/modules/mono/glue/GodotSharp/GodotSharp/Generated/GodotObjects/Node.cs:2631)
:: [7] bool Godot.CanvasItem.InvokeGodotClassMethod(Godot.NativeInterop.godot_string_name&amp;, Godot.NativeInterop.NativeVariantPtrArgs, Godot.NativeInterop.godot_variant&amp;) (/root/godot/modules/mono/glue/GodotSharp/GodotSharp/Generated/GodotObjects/CanvasItem.cs:1786)
:: [8] bool Godot.Control.InvokeGodotClassMethod(Godot.NativeInterop.godot_string_name&amp;, Godot.NativeInterop.NativeVariantPtrArgs, Godot.NativeInterop.godot_variant&amp;) (/root/godot/modules/mono/glue/GodotSharp/GodotSharp/Generated/GodotObjects/Control.cs:3508)
:: [9] bool Godot.ColorRect.InvokeGodotClassMethod(Godot.NativeInterop.godot_string_name&amp;, Godot.NativeInterop.NativeVariantPtrArgs, Godot.NativeInterop.godot_variant&amp;) (/root/godot/modules/mono/glue/GodotSharp/GodotSharp/Generated/GodotObjects/ColorRect.cs:84)
:: [10] bool OmegaSpiral.Source.Ui.Omega.OmegaBorderFrame.InvokeGodotClassMethod(Godot.NativeInterop.godot_string_name&amp;, Godot.NativeInterop.NativeVariantPtrArgs, Godot.NativeInterop.godot_variant&amp;) (/home/adam/Dev/omega-spiral/chapter-zero/.godot/mono/temp/obj/Debug/Godot.SourceGenerators/Godot.SourceGenerators.ScriptMethodsGenerator/OmegaSpiral.Source.Ui.Omega.OmegaBorderFrame_ScriptMethods.generated.cs:130)
:: [11] Godot.NativeInterop.godot_bool Godot.Bridge.CSharpInstanceBridge.Call(nint, Godot.NativeInterop.godot_string_name*, Godot.NativeInterop.godot_variant**, int, Godot.NativeInterop.godot_variant_call_error*, Godot.NativeInterop.godot_variant*) (/root/godot/modules/mono/glue/GodotSharp/GodotSharp/Core/Bridge/CSharpInstanceBridge.cs:24)
:: [12] void Godot.NativeInterop.NativeFuncs.godotsharp_method_bind_ptrcall(nint, nint, System.Void**, System.Void*) (/root/godot/modules/mono/glue/GodotSharp/GodotSharp/Godot.SourceGenerators.Internal/Godot.SourceGenerators.Internal.UnmanagedCallbacksGenerator/Godot.NativeInterop.NativeFuncs.generated.cs:380)
:: [13] void Godot.NativeCalls.godot_icall_3_1042(nint, nint, nint, Godot.NativeInterop.godot_bool, int) (/root/godot/modules/mono/glue/GodotSharp/GodotSharp/Generated/NativeCalls.cs:9587)
:: [14] void Godot.Node.AddChild(Godot.Node, bool, Godot.Node+InternalMode) (/root/godot/modules/mono/glue/GodotSharp/GodotSharp/Generated/GodotObjects/Node.cs:821)
:: [15] void OmegaSpiral.Tests.Ui.Omega.OmegaBorderFrame_UnitTests+&lt;Setup&gt;d__2.MoveNext() (/home/adam/Dev/omega-spiral/chapter-zero/tests/ui/omega/OmegaBorderFrameTests.cs:39)
:: [16] void System.Runtime.CompilerServices.AsyncMethodBuilderCore.Start&lt;TStateMachine&gt;(TStateMachine&amp;)
:: [17] System.Threading.Tasks.Task OmegaSpiral.Tests.Ui.Omega.OmegaBorderFrame_UnitTests.Setup()
:: [18] object System.Reflection.MethodBaseInvoker.InterpretedInvoke_Method(object, System.IntPtr*)
:: [19] object System.Reflection.MethodBaseInvoker.InvokeWithNoArgs(object, System.Reflection.BindingFlags)
:: [20] object System.Reflection.RuntimeMethodInfo.Invoke(object, System.Reflection.BindingFlags, System.Reflection.Binder, System.Object[], System.Globalization.CultureInfo)
:: [21] void GdUnit4.Core.Execution.ExecutionStage`1+&lt;ExecuteStage&gt;d__37.MoveNext()
:: [22] void System.Runtime.CompilerServices.AsyncMethodBuilderCore.Start&lt;TStateMachine&gt;(TStateMachine&amp;)
:: [23] System.Threading.Tasks.Task GdUnit4.Core.Execution.ExecutionStage`1.ExecuteStage(GdUnit4.Core.Execution.ExecutionContext)
:: [24] void GdUnit4.Core.Execution.ExecutionStage`1+&lt;Execute&gt;d__30.MoveNext()
:: [25] void System.Runtime.CompilerServices.AsyncMethodBuilderCore.Start&lt;TStateMachine&gt;(TStateMachine&amp;)
:: [26] System.Threading.Tasks.Task GdUnit4.Core.Execution.ExecutionStage`1.Execute(GdUnit4.Core.Execution.ExecutionContext)
:: [27] System.Threading.Tasks.Task GdUnit4.Core.Execution.BeforeExecutionStage.&lt;&gt;n__0(GdUnit4.Core.Execution.ExecutionContext)
:: [28] void GdUnit4.Core.Execution.BeforeExecutionStage+&lt;Execute&gt;d__1.MoveNext()
:: [29] void System.Runtime.CompilerServices.AsyncMethodBuilderCore.Start&lt;TStateMachine&gt;(TStateMachine&amp;)
:: [30] System.Threading.Tasks.Task GdUnit4.Core.Execution.BeforeExecutionStage.Execute(GdUnit4.Core.Execution.ExecutionContext)
:: [31] void GdUnit4.Core.Execution.TestSuiteExecutionStage+&lt;Execute&gt;d__13.MoveNext()
:: [32] void System.Runtime.CompilerServices.AsyncMethodBuilderCore.Start&lt;TStateMachine&gt;(TStateMachine&amp;)
:: [33] System.Threading.Tasks.Task GdUnit4.Core.Execution.TestSuiteExecutionStage.Execute(GdUnit4.Core.Execution.ExecutionContext)
:: [34] void GdUnit4.Core.Commands.ExecuteTestSuiteCommand+&lt;Execute&gt;d__18.MoveNext()
:: [35] void System.Runtime.CompilerServices.AsyncTaskMethodBuilder`1+AsyncStateMachineBox`1.ExecutionContextCallback(object)
:: [36] void System.Threading.ExecutionContext.RunInternal(System.Threading.ExecutionContext, System.Threading.ContextCallback, object)
:: [37] void System.Runtime.CompilerServices.AsyncTaskMethodBuilder`1+AsyncStateMachineBox`1.MoveNext(System.Threading.Thread)
:: [38] void Godot.SignalAwaiter.SignalCallback(nint, Godot.NativeInterop.godot_variant**, int, Godot.NativeInterop.godot_bool*) (/root/godot/modules/mono/glue/GodotSharp/GodotSharp/Core/SignalAwaiter.cs:65)
:: ERROR: Error loading resource: 'res://source/shaders/spiral_border.gdshader'.
:: at: load (core/core_bind.cpp:76)
:: C# backtrace (most recent call first):
:: [0] Godot.GodotObject Godot.NativeCalls.godot_icall_3_761(nint, nint, string, string, int) (/root/godot/modules/mono/glue/GodotSharp/GodotSharp/Generated/NativeCalls.cs:6854)
:: [1] Godot.Resource Godot.ResourceLoader.Load(string, string, Godot.ResourceLoader+CacheMode) (/root/godot/modules/mono/glue/GodotSharp/GodotSharp/Generated/GodotObjects/ResourceLoader.cs:120)
:: [2] T Godot.ResourceLoader.Load&lt;T&gt;(string, string, Godot.ResourceLoader+CacheMode) (/root/godot/modules/mono/glue/GodotSharp/GodotSharp/Core/Extensions/ResourceLoaderExtensions.cs:27)
:: [3] T Godot.GD.Load&lt;T&gt;(string) (/root/godot/modules/mono/glue/GodotSharp/GodotSharp/Core/GD.cs:129)
:: [4] void OmegaSpiral.Source.Ui.Omega.OmegaBorderFrame.InitializeShader() (/home/adam/Dev/omega-spiral/chapter-zero/source/frontend/ui/omega/OmegaBorderFrame.cs:65)
:: [5] void OmegaSpiral.Source.Ui.Omega.OmegaBorderFrame._Ready() (/home/adam/Dev/omega-spiral/chapter-zero/source/frontend/ui/omega/OmegaBorderFrame.cs:49)
:: [6] bool Godot.Node.InvokeGodotClassMethod(Godot.NativeInterop.godot_string_name&amp;, Godot.NativeInterop.NativeVariantPtrArgs, Godot.NativeInterop.godot_variant&amp;) (/root/godot/modules/mono/glue/GodotSharp/GodotSharp/Generated/GodotObjects/Node.cs:2631)
:: [7] bool Godot.CanvasItem.InvokeGodotClassMethod(Godot.NativeInterop.godot_string_name&amp;, Godot.NativeInterop.NativeVariantPtrArgs, Godot.NativeInterop.godot_variant&amp;) (/root/godot/modules/mono/glue/GodotSharp/GodotSharp/Generated/GodotObjects/CanvasItem.cs:1786)
:: [8] bool Godot.Control.InvokeGodotClassMethod(Godot.NativeInterop.godot_string_name&amp;, Godot.NativeInterop.NativeVariantPtrArgs, Godot.NativeInterop.godot_variant&amp;) (/root/godot/modules/mono/glue/GodotSharp/GodotSharp/Generated/GodotObjects/Control.cs:3508)
:: [9] bool Godot.ColorRect.InvokeGodotClassMethod(Godot.NativeInterop.godot_string_name&amp;, Godot.NativeInterop.NativeVariantPtrArgs, Godot.NativeInterop.godot_variant&amp;) (/root/godot/modules/mono/glue/GodotSharp/GodotSharp/Generated/GodotObjects/ColorRect.cs:84)
:: [10] bool OmegaSpiral.Source.Ui.Omega.OmegaBorderFrame.InvokeGodotClassMethod(Godot.NativeInterop.godot_string_name&amp;, Godot.NativeInterop.NativeVariantPtrArgs, Godot.NativeInterop.godot_variant&amp;) (/home/adam/Dev/omega-spiral/chapter-zero/.godot/mono/temp/obj/Debug/Godot.SourceGenerators/Godot.SourceGenerators.ScriptMethodsGenerator/OmegaSpiral.Source.Ui.Omega.OmegaBorderFrame_ScriptMethods.generated.cs:130)
:: [11] Godot.NativeInterop.godot_bool Godot.Bridge.CSharpInstanceBridge.Call(nint, Godot.NativeInterop.godot_string_name*, Godot.NativeInterop.godot_variant**, int, Godot.NativeInterop.godot_variant_call_error*, Godot.NativeInterop.godot_variant*) (/root/godot/modules/mono/glue/GodotSharp/GodotSharp/Core/Bridge/CSharpInstanceBridge.cs:24)
:: [12] void Godot.NativeInterop.NativeFuncs.godotsharp_method_bind_ptrcall(nint, nint, System.Void**, System.Void*) (/root/godot/modules/mono/glue/GodotSharp/GodotSharp/Godot.SourceGenerators.Internal/Godot.SourceGenerators.Internal.UnmanagedCallbacksGenerator/Godot.NativeInterop.NativeFuncs.generated.cs:380)
:: [13] void Godot.NativeCalls.godot_icall_3_1042(nint, nint, nint, Godot.NativeInterop.godot_bool, int) (/root/godot/modules/mono/glue/GodotSharp/GodotSharp/Generated/NativeCalls.cs:9587)
:: [14] void Godot.Node.AddChild(Godot.Node, bool, Godot.Node+InternalMode) (/root/godot/modules/mono/glue/GodotSharp/GodotSharp/Generated/GodotObjects/Node.cs:821)
:: [15] void OmegaSpiral.Tests.Ui.Omega.OmegaBorderFrame_UnitTests+&lt;Setup&gt;d__2.MoveNext() (/home/adam/Dev/omega-spiral/chapter-zero/tests/ui/omega/OmegaBorderFrameTests.cs:39)
:: [16] void System.Runtime.CompilerServices.AsyncMethodBuilderCore.Start&lt;TStateMachine&gt;(TStateMachine&amp;)
:: [17] System.Threading.Tasks.Task OmegaSpiral.Tests.Ui.Omega.OmegaBorderFrame_UnitTests.Setup()
:: [18] object System.Reflection.MethodBaseInvoker.InterpretedInvoke_Method(object, System.IntPtr*)
:: [19] object System.Reflection.MethodBaseInvoker.InvokeWithNoArgs(object, System.Reflection.BindingFlags)
:: [20] object System.Reflection.RuntimeMethodInfo.Invoke(object, System.Reflection.BindingFlags, System.Reflection.Binder, System.Object[], System.Globalization.CultureInfo)
:: [21] void GdUnit4.Core.Execution.ExecutionStage`1+&lt;ExecuteStage&gt;d__37.MoveNext()
:: [22] void System.Runtime.CompilerServices.AsyncMethodBuilderCore.Start&lt;TStateMachine&gt;(TStateMachine&amp;)
:: [23] System.Threading.Tasks.Task GdUnit4.Core.Execution.ExecutionStage`1.ExecuteStage(GdUnit4.Core.Execution.ExecutionContext)
:: [24] void GdUnit4.Core.Execution.ExecutionStage`1+&lt;Execute&gt;d__30.MoveNext()
:: [25] void System.Runtime.CompilerServices.AsyncMethodBuilderCore.Start&lt;TStateMachine&gt;(TStateMachine&amp;)
:: [26] System.Threading.Tasks.Task GdUnit4.Core.Execution.ExecutionStage`1.Execute(GdUnit4.Core.Execution.ExecutionContext)
:: [27] System.Threading.Tasks.Task GdUnit4.Core.Execution.BeforeExecutionStage.&lt;&gt;n__0(GdUnit4.Core.Execution.ExecutionContext)
:: [28] void GdUnit4.Core.Execution.BeforeExecutionStage+&lt;Execute&gt;d__1.MoveNext()
:: [29] void System.Runtime.CompilerServices.AsyncMethodBuilderCore.Start&lt;TStateMachine&gt;(TStateMachine&amp;)
:: [30] System.Threading.Tasks.Task GdUnit4.Core.Execution.BeforeExecutionStage.Execute(GdUnit4.Core.Execution.ExecutionContext)
:: [31] void GdUnit4.Core.Execution.TestSuiteExecutionStage+&lt;Execute&gt;d__13.MoveNext()
:: [32] void System.Runtime.CompilerServices.AsyncMethodBuilderCore.Start&lt;TStateMachine&gt;(TStateMachine&amp;)
:: [33] System.Threading.Tasks.Task GdUnit4.Core.Execution.TestSuiteExecutionStage.Execute(GdUnit4.Core.Execution.ExecutionContext)
:: [34] void GdUnit4.Core.Commands.ExecuteTestSuiteCommand+&lt;Execute&gt;d__18.MoveNext()
:: [35] void System.Runtime.CompilerServices.AsyncTaskMethodBuilder`1+AsyncStateMachineBox`1.ExecutionContextCallback(object)
:: [36] void System.Threading.ExecutionContext.RunInternal(System.Threading.ExecutionContext, System.Threading.ContextCallback, object)
:: [37] void System.Runtime.CompilerServices.AsyncTaskMethodBuilder`1+AsyncStateMachineBox`1.MoveNext(System.Threading.Thread)
:: [38] void Godot.SignalAwaiter.SignalCallback(nint, Godot.NativeInterop.godot_variant**, int, Godot.NativeInterop.godot_bool*) (/root/godot/modules/mono/glue/GodotSharp/GodotSharp/Core/SignalAwaiter.cs:65)
:: ERROR: [OmegaBorderFrame] spiral_border.gdshader not found at res://source/shaders/spiral_border.gdshader
:: at: void OmegaSpiral.Source.Ui.Omega.OmegaBorderFrame.InitializeShader() (res://source/frontend/ui/omega/OmegaBorderFrame.cs:68)
:: C# backtrace (most recent call first):
:: [0] void Godot.GD.PushError(string) (/root/godot/modules/mono/glue/GodotSharp/GodotSharp/Core/GD.cs:366)
:: [1] void OmegaSpiral.Source.Ui.Omega.OmegaBorderFrame.InitializeShader() (/home/adam/Dev/omega-spiral/chapter-zero/source/frontend/ui/omega/OmegaBorderFrame.cs:68)
:: [2] void OmegaSpiral.Source.Ui.Omega.OmegaBorderFrame._Ready() (/home/adam/Dev/omega-spiral/chapter-zero/source/frontend/ui/omega/OmegaBorderFrame.cs:49)
:: [3] bool Godot.Node.InvokeGodotClassMethod(Godot.NativeInterop.godot_string_name&amp;, Godot.NativeInterop.NativeVariantPtrArgs, Godot.NativeInterop.godot_variant&amp;) (/root/godot/modules/mono/glue/GodotSharp/GodotSharp/Generated/GodotObjects/Node.cs:2631)
:: [4] bool Godot.CanvasItem.InvokeGodotClassMethod(Godot.NativeInterop.godot_string_name&amp;, Godot.NativeInterop.NativeVariantPtrArgs, Godot.NativeInterop.godot_variant&amp;) (/root/godot/modules/mono/glue/GodotSharp/GodotSharp/Generated/GodotObjects/CanvasItem.cs:1786)
:: [5] bool Godot.Control.InvokeGodotClassMethod(Godot.NativeInterop.godot_string_name&amp;, Godot.NativeInterop.NativeVariantPtrArgs, Godot.NativeInterop.godot_variant&amp;) (/root/godot/modules/mono/glue/GodotSharp/GodotSharp/Generated/GodotObjects/Control.cs:3508)
:: [6] bool Godot.ColorRect.InvokeGodotClassMethod(Godot.NativeInterop.godot_string_name&amp;, Godot.NativeInterop.NativeVariantPtrArgs, Godot.NativeInterop.godot_variant&amp;) (/root/godot/modules/mono/glue/GodotSharp/GodotSharp/Generated/GodotObjects/ColorRect.cs:84)
:: [7] bool OmegaSpiral.Source.Ui.Omega.OmegaBorderFrame.InvokeGodotClassMethod(Godot.NativeInterop.godot_string_name&amp;, Godot.NativeInterop.NativeVariantPtrArgs, Godot.NativeInterop.godot_variant&amp;) (/home/adam/Dev/omega-spiral/chapter-zero/.godot/mono/temp/obj/Debug/Godot.SourceGenerators/Godot.SourceGenerators.ScriptMethodsGenerator/OmegaSpiral.Source.Ui.Omega.OmegaBorderFrame_ScriptMethods.generated.cs:130)
:: [8] Godot.NativeInterop.godot_bool Godot.Bridge.CSharpInstanceBridge.Call(nint, Godot.NativeInterop.godot_string_name*, Godot.NativeInterop.godot_variant**, int, Godot.NativeInterop.godot_variant_call_error*, Godot.NativeInterop.godot_variant*) (/root/godot/modules/mono/glue/GodotSharp/GodotSharp/Core/Bridge/CSharpInstanceBridge.cs:24)
:: [9] void Godot.NativeInterop.NativeFuncs.godotsharp_method_bind_ptrcall(nint, nint, System.Void**, System.Void*) (/root/godot/modules/mono/glue/GodotSharp/GodotSharp/Godot.SourceGenerators.Internal/Godot.SourceGenerators.Internal.UnmanagedCallbacksGenerator/Godot.NativeInterop.NativeFuncs.generated.cs:380)
:: [10] void Godot.NativeCalls.godot_icall_3_1042(nint, nint, nint, Godot.NativeInterop.godot_bool, int) (/root/godot/modules/mono/glue/GodotSharp/GodotSharp/Generated/NativeCalls.cs:9587)
:: [11] void Godot.Node.AddChild(Godot.Node, bool, Godot.Node+InternalMode) (/root/godot/modules/mono/glue/GodotSharp/GodotSharp/Generated/GodotObjects/Node.cs:821)
:: [12] void OmegaSpiral.Tests.Ui.Omega.OmegaBorderFrame_UnitTests+&lt;Setup&gt;d__2.MoveNext() (/home/adam/Dev/omega-spiral/chapter-zero/tests/ui/omega/OmegaBorderFrameTests.cs:39)
:: [13] void System.Runtime.CompilerServices.AsyncMethodBuilderCore.Start&lt;TStateMachine&gt;(TStateMachine&amp;)
:: [14] System.Threading.Tasks.Task OmegaSpiral.Tests.Ui.Omega.OmegaBorderFrame_UnitTests.Setup()
:: [15] object System.Reflection.MethodBaseInvoker.InterpretedInvoke_Method(object, System.IntPtr*)
:: [16] object System.Reflection.MethodBaseInvoker.InvokeWithNoArgs(object, System.Reflection.BindingFlags)
:: [17] object System.Reflection.RuntimeMethodInfo.Invoke(object, System.Reflection.BindingFlags, System.Reflection.Binder, System.Object[], System.Globalization.CultureInfo)
:: [18] void GdUnit4.Core.Execution.ExecutionStage`1+&lt;ExecuteStage&gt;d__37.MoveNext()
:: [19] void System.Runtime.CompilerServices.AsyncMethodBuilderCore.Start&lt;TStateMachine&gt;(TStateMachine&amp;)
:: [20] System.Threading.Tasks.Task GdUnit4.Core.Execution.ExecutionStage`1.ExecuteStage(GdUnit4.Core.Execution.ExecutionContext)
:: [21] void GdUnit4.Core.Execution.ExecutionStage`1+&lt;Execute&gt;d__30.MoveNext()
:: [22] void System.Runtime.CompilerServices.AsyncMethodBuilderCore.Start&lt;TStateMachine&gt;(TStateMachine&amp;)
:: [23] System.Threading.Tasks.Task GdUnit4.Core.Execution.ExecutionStage`1.Execute(GdUnit4.Core.Execution.ExecutionContext)
:: [24] System.Threading.Tasks.Task GdUnit4.Core.Execution.BeforeExecutionStage.&lt;&gt;n__0(GdUnit4.Core.Execution.ExecutionContext)
:: [25] void GdUnit4.Core.Execution.BeforeExecutionStage+&lt;Execute&gt;d__1.MoveNext()
:: [26] void System.Runtime.CompilerServices.AsyncMethodBuilderCore.Start&lt;TStateMachine&gt;(TStateMachine&amp;)
:: [27] System.Threading.Tasks.Task GdUnit4.Core.Execution.BeforeExecutionStage.Execute(GdUnit4.Core.Execution.ExecutionContext)
:: [28] void GdUnit4.Core.Execution.TestSuiteExecutionStage+&lt;Execute&gt;d__13.MoveNext()
:: [29] void System.Runtime.CompilerServices.AsyncMethodBuilderCore.Start&lt;TStateMachine&gt;(TStateMachine&amp;)
:: [30] System.Threading.Tasks.Task GdUnit4.Core.Execution.TestSuiteExecutionStage.Execute(GdUnit4.Core.Execution.ExecutionContext)
:: [31] void GdUnit4.Core.Commands.ExecuteTestSuiteCommand+&lt;Execute&gt;d__18.MoveNext()
:: [32] void System.Runtime.CompilerServices.AsyncTaskMethodBuilder`1+AsyncStateMachineBox`1.ExecutionContextCallback(object)
:: [33] void System.Threading.ExecutionContext.RunInternal(System.Threading.ExecutionContext, System.Threading.ContextCallback, object)
:: [34] void System.Runtime.CompilerServices.AsyncTaskMethodBuilder`1+AsyncStateMachineBox`1.MoveNext(System.Threading.Thread)
:: [35] void Godot.SignalAwaiter.SignalCallback(nint, Godot.NativeInterop.godot_variant**, int, Godot.NativeInterop.godot_bool*) (/root/godot/modules/mono/glue/GodotSharp/GodotSharp/Core/SignalAwaiter.cs:65)
    [DesignConfigService] Loaded 13 colors and 7 shader defaults.
:: WARNING: [OmegaBorderFrame] Cannot configure animation - ShaderMaterial not initialized
:: at: void OmegaSpiral.Source.Ui.Omega.OmegaBorderFrame.ConfigureAnimationSpeed(float, float) (res://source/frontend/ui/omega/OmegaBorderFrame.cs:173)
:: C# backtrace (most recent call first):
:: [0] void Godot.GD.PushWarning(string) (/root/godot/modules/mono/glue/GodotSharp/GodotSharp/Core/GD.cs:396)
:: [1] void OmegaSpiral.Source.Ui.Omega.OmegaBorderFrame.ConfigureAnimationSpeed(float, float) (/home/adam/Dev/omega-spiral/chapter-zero/source/frontend/ui/omega/OmegaBorderFrame.cs:173)
:: [2] void OmegaSpiral.Tests.Ui.Omega.OmegaBorderFrame_UnitTests.ConfigureAnimationSpeed_UpdatesBothParameters() (/home/adam/Dev/omega-spiral/chapter-zero/tests/ui/omega/OmegaBorderFrameTests.cs:213)
:: [3] object System.Reflection.MethodBaseInvoker.InterpretedInvoke_Method(object, System.IntPtr*)
:: [4] object System.Reflection.MethodBaseInvoker.InvokeWithNoArgs(object, System.Reflection.BindingFlags)
:: [5] object System.Reflection.RuntimeMethodInfo.Invoke(object, System.Reflection.BindingFlags, System.Reflection.Binder, System.Object[], System.Globalization.CultureInfo)
:: [6] void GdUnit4.Core.Execution.ExecutionStage`1+&lt;ExecuteStage&gt;d__37.MoveNext()
:: [7] void System.Runtime.CompilerServices.AsyncMethodBuilderCore.Start&lt;TStateMachine&gt;(TStateMachine&amp;)
:: [8] System.Threading.Tasks.Task GdUnit4.Core.Execution.ExecutionStage`1.ExecuteStage(GdUnit4.Core.Execution.ExecutionContext)
:: [9] void GdUnit4.Core.Execution.ExecutionStage`1+&lt;Execute&gt;d__30.MoveNext()
:: [10] void System.Runtime.CompilerServices.AsyncMethodBuilderCore.Start&lt;TStateMachine&gt;(TStateMachine&amp;)
:: [11] System.Threading.Tasks.Task GdUnit4.Core.Execution.ExecutionStage`1.Execute(GdUnit4.Core.Execution.ExecutionContext)
:: [12] System.Threading.Tasks.Task GdUnit4.Core.Execution.TestCaseExecutionStage.&lt;&gt;n__0(GdUnit4.Core.Execution.ExecutionContext)
:: [13] void GdUnit4.Core.Execution.TestCaseExecutionStage+&lt;Execute&gt;d__1.MoveNext()
:: [14] void System.Runtime.CompilerServices.AsyncMethodBuilderCore.Start&lt;TStateMachine&gt;(TStateMachine&amp;)
:: [15] System.Threading.Tasks.Task GdUnit4.Core.Execution.TestCaseExecutionStage.Execute(GdUnit4.Core.Execution.ExecutionContext)
:: [16] void GdUnit4.Core.Execution.TestSuiteExecutionStage+&lt;RunTestCase&gt;d__15.MoveNext()
:: [17] void System.Threading.ExecutionContext.RunInternal(System.Threading.ExecutionContext, System.Threading.ContextCallback, object)
:: [18] void System.Runtime.CompilerServices.AsyncTaskMethodBuilder`1+AsyncStateMachineBox`1.MoveNext(System.Threading.Thread)
:: [19] void System.Threading.Tasks.AwaitTaskContinuation.RunCallback(System.Threading.ContextCallback, object, System.Threading.Tasks.Task&amp;)
:: [20] void System.Threading.Tasks.Task.RunContinuations(object)
:: [21] bool System.Threading.Tasks.Task`1.TrySetResult(TResult)
:: [22] void System.Runtime.CompilerServices.AsyncTaskMethodBuilder`1.SetExistingTaskResult(System.Threading.Tasks.Task`1[TResult], TResult)
:: [23] void GdUnit4.Core.Execution.BeforeTestExecutionStage+&lt;Execute&gt;d__1.MoveNext()
:: [24] void System.Threading.ExecutionContext.RunInternal(System.Threading.ExecutionContext, System.Threading.ContextCallback, object)
:: [25] void System.Runtime.CompilerServices.AsyncTaskMethodBuilder`1+AsyncStateMachineBox`1.MoveNext(System.Threading.Thread)
:: [26] void System.Threading.Tasks.AwaitTaskContinuation.RunCallback(System.Threading.ContextCallback, object, System.Threading.Tasks.Task&amp;)
:: [27] void System.Threading.Tasks.Task.RunContinuations(object)
:: [28] bool System.Threading.Tasks.Task`1.TrySetResult(TResult)
:: [29] void System.Runtime.CompilerServices.AsyncTaskMethodBuilder`1.SetExistingTaskResult(System.Threading.Tasks.Task`1[TResult], TResult)
:: [30] void GdUnit4.Core.Execution.ExecutionStage`1+&lt;Execute&gt;d__30.MoveNext()
:: [31] void System.Threading.ExecutionContext.RunInternal(System.Threading.ExecutionContext, System.Threading.ContextCallback, object)
:: [32] void System.Runtime.CompilerServices.AsyncTaskMethodBuilder`1+AsyncStateMachineBox`1.MoveNext(System.Threading.Thread)
:: [33] void Godot.GodotSynchronizationContext.ExecutePendingContinuations() (/root/godot/modules/mono/glue/GodotSharp/GodotSharp/Core/GodotSynchronizationContext.cs:51)
:: [34] void Godot.GodotTaskScheduler.Activate() (/root/godot/modules/mono/glue/GodotSharp/GodotSharp/Core/GodotTaskScheduler.cs:76)
:: [35] void Godot.Bridge.ScriptManagerBridge.FrameCallback() (/root/godot/modules/mono/glue/GodotSharp/GodotSharp/Core/Bridge/ScriptManagerBridge.cs:84)
:: WARNING: [OmegaBorderFrame] Cannot configure animation - ShaderMaterial not initialized
:: at: void OmegaSpiral.Source.Ui.Omega.OmegaBorderFrame.ConfigureAnimationSpeed(float, float) (res://source/frontend/ui/omega/OmegaBorderFrame.cs:173)
:: C# backtrace (most recent call first):
:: [0] void Godot.GD.PushWarning(string) (/root/godot/modules/mono/glue/GodotSharp/GodotSharp/Core/GD.cs:396)
:: [1] void OmegaSpiral.Source.Ui.Omega.OmegaBorderFrame.ConfigureAnimationSpeed(float, float) (/home/adam/Dev/omega-spiral/chapter-zero/source/frontend/ui/omega/OmegaBorderFrame.cs:173)
:: [2] void OmegaSpiral.Tests.Ui.Omega.OmegaBorderFrame_UnitTests.ConfigureAnimationSpeed_ClampsToValidRanges() (/home/adam/Dev/omega-spiral/chapter-zero/tests/ui/omega/OmegaBorderFrameTests.cs:230)
:: [3] object System.Reflection.MethodBaseInvoker.InterpretedInvoke_Method(object, System.IntPtr*)
:: [4] object System.Reflection.MethodBaseInvoker.InvokeWithNoArgs(object, System.Reflection.BindingFlags)
:: [5] object System.Reflection.RuntimeMethodInfo.Invoke(object, System.Reflection.BindingFlags, System.Reflection.Binder, System.Object[], System.Globalization.CultureInfo)
:: [6] void GdUnit4.Core.Execution.ExecutionStage`1+&lt;ExecuteStage&gt;d__37.MoveNext()
:: [7] void System.Runtime.CompilerServices.AsyncMethodBuilderCore.Start&lt;TStateMachine&gt;(TStateMachine&amp;)
:: [8] System.Threading.Tasks.Task GdUnit4.Core.Execution.ExecutionStage`1.ExecuteStage(GdUnit4.Core.Execution.ExecutionContext)
:: [9] void GdUnit4.Core.Execution.ExecutionStage`1+&lt;Execute&gt;d__30.MoveNext()
:: [10] void System.Runtime.CompilerServices.AsyncMethodBuilderCore.Start&lt;TStateMachine&gt;(TStateMachine&amp;)
:: [11] System.Threading.Tasks.Task GdUnit4.Core.Execution.ExecutionStage`1.Execute(GdUnit4.Core.Execution.ExecutionContext)
:: [12] System.Threading.Tasks.Task GdUnit4.Core.Execution.TestCaseExecutionStage.&lt;&gt;n__0(GdUnit4.Core.Execution.ExecutionContext)
:: [13] void GdUnit4.Core.Execution.TestCaseExecutionStage+&lt;Execute&gt;d__1.MoveNext()
:: [14] void System.Runtime.CompilerServices.AsyncMethodBuilderCore.Start&lt;TStateMachine&gt;(TStateMachine&amp;)
:: [15] System.Threading.Tasks.Task GdUnit4.Core.Execution.TestCaseExecutionStage.Execute(GdUnit4.Core.Execution.ExecutionContext)
:: [16] void GdUnit4.Core.Execution.TestSuiteExecutionStage+&lt;RunTestCase&gt;d__15.MoveNext()
:: [17] void System.Threading.ExecutionContext.RunInternal(System.Threading.ExecutionContext, System.Threading.ContextCallback, object)
:: [18] void System.Runtime.CompilerServices.AsyncTaskMethodBuilder`1+AsyncStateMachineBox`1.MoveNext(System.Threading.Thread)
:: [19] void System.Threading.Tasks.AwaitTaskContinuation.RunCallback(System.Threading.ContextCallback, object, System.Threading.Tasks.Task&amp;)
:: [20] void System.Threading.Tasks.Task.RunContinuations(object)
:: [21] bool System.Threading.Tasks.Task`1.TrySetResult(TResult)
:: [22] void System.Runtime.CompilerServices.AsyncTaskMethodBuilder`1.SetExistingTaskResult(System.Threading.Tasks.Task`1[TResult], TResult)
:: [23] void GdUnit4.Core.Execution.BeforeTestExecutionStage+&lt;Execute&gt;d__1.MoveNext()
:: [24] void System.Threading.ExecutionContext.RunInternal(System.Threading.ExecutionContext, System.Threading.ContextCallback, object)
:: [25] void System.Runtime.CompilerServices.AsyncTaskMethodBuilder`1+AsyncStateMachineBox`1.MoveNext(System.Threading.Thread)
:: [26] void System.Threading.Tasks.AwaitTaskContinuation.RunCallback(System.Threading.ContextCallback, object, System.Threading.Tasks.Task&amp;)
:: [27] void System.Threading.Tasks.Task.RunContinuations(object)
:: [28] bool System.Threading.Tasks.Task`1.TrySetResult(TResult)
:: [29] void System.Runtime.CompilerServices.AsyncTaskMethodBuilder`1.SetExistingTaskResult(System.Threading.Tasks.Task`1[TResult], TResult)
:: [30] void GdUnit4.Core.Execution.ExecutionStage`1+&lt;Execute&gt;d__30.MoveNext()
:: [31] void System.Threading.ExecutionContext.RunInternal(System.Threading.ExecutionContext, System.Threading.ContextCallback, object)
:: [32] void System.Runtime.CompilerServices.AsyncTaskMethodBuilder`1+AsyncStateMachineBox`1.MoveNext(System.Threading.Thread)
:: [33] void Godot.GodotSynchronizationContext.ExecutePendingContinuations() (/root/godot/modules/mono/glue/GodotSharp/GodotSharp/Core/GodotSynchronizationContext.cs:51)
:: [34] void Godot.GodotTaskScheduler.Activate() (/root/godot/modules/mono/glue/GodotSharp/GodotSharp/Core/GodotTaskScheduler.cs:76)
:: [35] void Godot.Bridge.ScriptManagerBridge.FrameCallback() (/root/godot/modules/mono/glue/GodotSharp/GodotSharp/Core/Bridge/ScriptManagerBridge.cs:84)
:: WARNING: [OmegaBorderFrame] Cannot configure animation - ShaderMaterial not initialized
:: at: void OmegaSpiral.Source.Ui.Omega.OmegaBorderFrame.ConfigureAnimationSpeed(float, float) (res://source/frontend/ui/omega/OmegaBorderFrame.cs:173)
:: C# backtrace (most recent call first):
:: [0] void Godot.GD.PushWarning(string) (/root/godot/modules/mono/glue/GodotSharp/GodotSharp/Core/GD.cs:396)
:: [1] void OmegaSpiral.Source.Ui.Omega.OmegaBorderFrame.ConfigureAnimationSpeed(float, float) (/home/adam/Dev/omega-spiral/chapter-zero/source/frontend/ui/omega/OmegaBorderFrame.cs:173)
:: [2] void OmegaSpiral.Tests.Ui.Omega.OmegaBorderFrame_UnitTests.ConfigureAnimationSpeed_AcceptsZero() (/home/adam/Dev/omega-spiral/chapter-zero/tests/ui/omega/OmegaBorderFrameTests.cs:245)
:: [3] object System.Reflection.MethodBaseInvoker.InterpretedInvoke_Method(object, System.IntPtr*)
:: [4] object System.Reflection.MethodBaseInvoker.InvokeWithNoArgs(object, System.Reflection.BindingFlags)
:: [5] object System.Reflection.RuntimeMethodInfo.Invoke(object, System.Reflection.BindingFlags, System.Reflection.Binder, System.Object[], System.Globalization.CultureInfo)
:: [6] void GdUnit4.Core.Execution.ExecutionStage`1+&lt;ExecuteStage&gt;d__37.MoveNext()
:: [7] void System.Runtime.CompilerServices.AsyncMethodBuilderCore.Start&lt;TStateMachine&gt;(TStateMachine&amp;)
:: [8] System.Threading.Tasks.Task GdUnit4.Core.Execution.ExecutionStage`1.ExecuteStage(GdUnit4.Core.Execution.ExecutionContext)
:: [9] void GdUnit4.Core.Execution.ExecutionStage`1+&lt;Execute&gt;d__30.MoveNext()
:: [10] void System.Runtime.CompilerServices.AsyncMethodBuilderCore.Start&lt;TStateMachine&gt;(TStateMachine&amp;)
:: [11] System.Threading.Tasks.Task GdUnit4.Core.Execution.ExecutionStage`1.Execute(GdUnit4.Core.Execution.ExecutionContext)
:: [12] System.Threading.Tasks.Task GdUnit4.Core.Execution.TestCaseExecutionStage.&lt;&gt;n__0(GdUnit4.Core.Execution.ExecutionContext)
:: [13] void GdUnit4.Core.Execution.TestCaseExecutionStage+&lt;Execute&gt;d__1.MoveNext()
:: [14] void System.Runtime.CompilerServices.AsyncMethodBuilderCore.Start&lt;TStateMachine&gt;(TStateMachine&amp;)
:: [15] System.Threading.Tasks.Task GdUnit4.Core.Execution.TestCaseExecutionStage.Execute(GdUnit4.Core.Execution.ExecutionContext)
:: [16] void GdUnit4.Core.Execution.TestSuiteExecutionStage+&lt;RunTestCase&gt;d__15.MoveNext()
:: [17] void System.Threading.ExecutionContext.RunInternal(System.Threading.ExecutionContext, System.Threading.ContextCallback, object)
:: [18] void System.Runtime.CompilerServices.AsyncTaskMethodBuilder`1+AsyncStateMachineBox`1.MoveNext(System.Threading.Thread)
:: [19] void System.Threading.Tasks.AwaitTaskContinuation.RunCallback(System.Threading.ContextCallback, object, System.Threading.Tasks.Task&amp;)
:: [20] void System.Threading.Tasks.Task.RunContinuations(object)
:: [21] bool System.Threading.Tasks.Task`1.TrySetResult(TResult)
:: [22] void System.Runtime.CompilerServices.AsyncTaskMethodBuilder`1.SetExistingTaskResult(System.Threading.Tasks.Task`1[TResult], TResult)
:: [23] void GdUnit4.Core.Execution.BeforeTestExecutionStage+&lt;Execute&gt;d__1.MoveNext()
:: [24] void System.Threading.ExecutionContext.RunInternal(System.Threading.ExecutionContext, System.Threading.ContextCallback, object)
:: [25] void System.Runtime.CompilerServices.AsyncTaskMethodBuilder`1+AsyncStateMachineBox`1.MoveNext(System.Threading.Thread)
:: [26] void System.Threading.Tasks.AwaitTaskContinuation.RunCallback(System.Threading.ContextCallback, object, System.Threading.Tasks.Task&amp;)
:: [27] void System.Threading.Tasks.Task.RunContinuations(object)
:: [28] bool System.Threading.Tasks.Task`1.TrySetResult(TResult)
:: [29] void System.Runtime.CompilerServices.AsyncTaskMethodBuilder`1.SetExistingTaskResult(System.Threading.Tasks.Task`1[TResult], TResult)
:: [30] void GdUnit4.Core.Execution.ExecutionStage`1+&lt;Execute&gt;d__30.MoveNext()
:: [31] void System.Threading.ExecutionContext.RunInternal(System.Threading.ExecutionContext, System.Threading.ContextCallback, object)
:: [32] void System.Runtime.CompilerServices.AsyncTaskMethodBuilder`1+AsyncStateMachineBox`1.MoveNext(System.Threading.Thread)
:: [33] void Godot.GodotSynchronizationContext.ExecutePendingContinuations() (/root/godot/modules/mono/glue/GodotSharp/GodotSharp/Core/GodotSynchronizationContext.cs:51)
:: [34] void Godot.GodotTaskScheduler.Activate() (/root/godot/modules/mono/glue/GodotSharp/GodotSharp/Core/GodotTaskScheduler.cs:76)
:: [35] void Godot.Bridge.ScriptManagerBridge.FrameCallback() (/root/godot/modules/mono/glue/GodotSharp/GodotSharp/Core/Bridge/ScriptManagerBridge.cs:84)
:: WARNING: [OmegaBorderFrame] Cannot update thread colors - ShaderMaterial not initialized
:: at: void OmegaSpiral.Source.Ui.Omega.OmegaBorderFrame.UpdateThreadColors(Godot.Color, Godot.Color, Godot.Color) (res://source/frontend/ui/omega/OmegaBorderFrame.cs:191)
:: C# backtrace (most recent call first):
:: [0] void Godot.GD.PushWarning(string) (/root/godot/modules/mono/glue/GodotSharp/GodotSharp/Core/GD.cs:396)
:: [1] void OmegaSpiral.Source.Ui.Omega.OmegaBorderFrame.UpdateThreadColors(Godot.Color, Godot.Color, Godot.Color) (/home/adam/Dev/omega-spiral/chapter-zero/source/frontend/ui/omega/OmegaBorderFrame.cs:191)
:: [2] void OmegaSpiral.Tests.Ui.Omega.OmegaBorderFrame_UnitTests.UpdateThreadColors_ChangesAllThreads() (/home/adam/Dev/omega-spiral/chapter-zero/tests/ui/omega/OmegaBorderFrameTests.cs:264)
:: [3] object System.Reflection.MethodBaseInvoker.InterpretedInvoke_Method(object, System.IntPtr*)
:: [4] object System.Reflection.MethodBaseInvoker.InvokeWithNoArgs(object, System.Reflection.BindingFlags)
:: [5] object System.Reflection.RuntimeMethodInfo.Invoke(object, System.Reflection.BindingFlags, System.Reflection.Binder, System.Object[], System.Globalization.CultureInfo)
:: [6] void GdUnit4.Core.Execution.ExecutionStage`1+&lt;ExecuteStage&gt;d__37.MoveNext()
:: [7] void System.Runtime.CompilerServices.AsyncMethodBuilderCore.Start&lt;TStateMachine&gt;(TStateMachine&amp;)
:: [8] System.Threading.Tasks.Task GdUnit4.Core.Execution.ExecutionStage`1.ExecuteStage(GdUnit4.Core.Execution.ExecutionContext)
:: [9] void GdUnit4.Core.Execution.ExecutionStage`1+&lt;Execute&gt;d__30.MoveNext()
:: [10] void System.Runtime.CompilerServices.AsyncMethodBuilderCore.Start&lt;TStateMachine&gt;(TStateMachine&amp;)
:: [11] System.Threading.Tasks.Task GdUnit4.Core.Execution.ExecutionStage`1.Execute(GdUnit4.Core.Execution.ExecutionContext)
:: [12] System.Threading.Tasks.Task GdUnit4.Core.Execution.TestCaseExecutionStage.&lt;&gt;n__0(GdUnit4.Core.Execution.ExecutionContext)
:: [13] void GdUnit4.Core.Execution.TestCaseExecutionStage+&lt;Execute&gt;d__1.MoveNext()
:: [14] void System.Runtime.CompilerServices.AsyncMethodBuilderCore.Start&lt;TStateMachine&gt;(TStateMachine&amp;)
:: [15] System.Threading.Tasks.Task GdUnit4.Core.Execution.TestCaseExecutionStage.Execute(GdUnit4.Core.Execution.ExecutionContext)
:: [16] void GdUnit4.Core.Execution.TestSuiteExecutionStage+&lt;RunTestCase&gt;d__15.MoveNext()
:: [17] void System.Threading.ExecutionContext.RunInternal(System.Threading.ExecutionContext, System.Threading.ContextCallback, object)
:: [18] void System.Runtime.CompilerServices.AsyncTaskMethodBuilder`1+AsyncStateMachineBox`1.MoveNext(System.Threading.Thread)
:: [19] void System.Threading.Tasks.AwaitTaskContinuation.RunCallback(System.Threading.ContextCallback, object, System.Threading.Tasks.Task&amp;)
:: [20] void System.Threading.Tasks.Task.RunContinuations(object)
:: [21] bool System.Threading.Tasks.Task`1.TrySetResult(TResult)
:: [22] void System.Runtime.CompilerServices.AsyncTaskMethodBuilder`1.SetExistingTaskResult(System.Threading.Tasks.Task`1[TResult], TResult)
:: [23] void GdUnit4.Core.Execution.BeforeTestExecutionStage+&lt;Execute&gt;d__1.MoveNext()
:: [24] void System.Threading.ExecutionContext.RunInternal(System.Threading.ExecutionContext, System.Threading.ContextCallback, object)
:: [25] void System.Runtime.CompilerServices.AsyncTaskMethodBuilder`1+AsyncStateMachineBox`1.MoveNext(System.Threading.Thread)
:: [26] void System.Threading.Tasks.AwaitTaskContinuation.RunCallback(System.Threading.ContextCallback, object, System.Threading.Tasks.Task&amp;)
:: [27] void System.Threading.Tasks.Task.RunContinuations(object)
:: [28] bool System.Threading.Tasks.Task`1.TrySetResult(TResult)
:: [29] void System.Runtime.CompilerServices.AsyncTaskMethodBuilder`1.SetExistingTaskResult(System.Threading.Tasks.Task`1[TResult], TResult)
:: [30] void GdUnit4.Core.Execution.ExecutionStage`1+&lt;Execute&gt;d__30.MoveNext()
:: [31] void System.Threading.ExecutionContext.RunInternal(System.Threading.ExecutionContext, System.Threading.ContextCallback, object)
:: [32] void System.Runtime.CompilerServices.AsyncTaskMethodBuilder`1+AsyncStateMachineBox`1.MoveNext(System.Threading.Thread)
:: [33] void Godot.GodotSynchronizationContext.ExecutePendingContinuations() (/root/godot/modules/mono/glue/GodotSharp/GodotSharp/Core/GodotSynchronizationContext.cs:51)
:: [34] void Godot.GodotTaskScheduler.Activate() (/root/godot/modules/mono/glue/GodotSharp/GodotSharp/Core/GodotTaskScheduler.cs:76)
:: [35] void Godot.Bridge.ScriptManagerBridge.FrameCallback() (/root/godot/modules/mono/glue/GodotSharp/GodotSharp/Core/Bridge/ScriptManagerBridge.cs:84)
:: WARNING: [OmegaBorderFrame] Cannot update thread colors - ShaderMaterial not initialized
:: at: void OmegaSpiral.Source.Ui.Omega.OmegaBorderFrame.UpdateThreadColors(Godot.Color, Godot.Color, Godot.Color) (res://source/frontend/ui/omega/OmegaBorderFrame.cs:191)
:: C# backtrace (most recent call first):
:: [0] void Godot.GD.PushWarning(string) (/root/godot/modules/mono/glue/GodotSharp/GodotSharp/Core/GD.cs:396)
:: [1] void OmegaSpiral.Source.Ui.Omega.OmegaBorderFrame.UpdateThreadColors(Godot.Color, Godot.Color, Godot.Color) (/home/adam/Dev/omega-spiral/chapter-zero/source/frontend/ui/omega/OmegaBorderFrame.cs:191)
:: [2] void OmegaSpiral.Tests.Ui.Omega.OmegaBorderFrame_UnitTests.UpdateThreadColors_CanRevertToDesignSystem() (/home/adam/Dev/omega-spiral/chapter-zero/tests/ui/omega/OmegaBorderFrameTests.cs:284)
:: [3] object System.Reflection.MethodBaseInvoker.InterpretedInvoke_Method(object, System.IntPtr*)
:: [4] object System.Reflection.MethodBaseInvoker.InvokeWithNoArgs(object, System.Reflection.BindingFlags)
:: [5] object System.Reflection.RuntimeMethodInfo.Invoke(object, System.Reflection.BindingFlags, System.Reflection.Binder, System.Object[], System.Globalization.CultureInfo)
:: [6] void GdUnit4.Core.Execution.ExecutionStage`1+&lt;ExecuteStage&gt;d__37.MoveNext()
:: [7] void System.Runtime.CompilerServices.AsyncMethodBuilderCore.Start&lt;TStateMachine&gt;(TStateMachine&amp;)
:: [8] System.Threading.Tasks.Task GdUnit4.Core.Execution.ExecutionStage`1.ExecuteStage(GdUnit4.Core.Execution.ExecutionContext)
:: [9] void GdUnit4.Core.Execution.ExecutionStage`1+&lt;Execute&gt;d__30.MoveNext()
:: [10] void System.Runtime.CompilerServices.AsyncMethodBuilderCore.Start&lt;TStateMachine&gt;(TStateMachine&amp;)
:: [11] System.Threading.Tasks.Task GdUnit4.Core.Execution.ExecutionStage`1.Execute(GdUnit4.Core.Execution.ExecutionContext)
:: [12] System.Threading.Tasks.Task GdUnit4.Core.Execution.TestCaseExecutionStage.&lt;&gt;n__0(GdUnit4.Core.Execution.ExecutionContext)
:: [13] void GdUnit4.Core.Execution.TestCaseExecutionStage+&lt;Execute&gt;d__1.MoveNext()
:: [14] void System.Runtime.CompilerServices.AsyncMethodBuilderCore.Start&lt;TStateMachine&gt;(TStateMachine&amp;)
:: [15] System.Threading.Tasks.Task GdUnit4.Core.Execution.TestCaseExecutionStage.Execute(GdUnit4.Core.Execution.ExecutionContext)
:: [16] void GdUnit4.Core.Execution.TestSuiteExecutionStage+&lt;RunTestCase&gt;d__15.MoveNext()
:: [17] void System.Threading.ExecutionContext.RunInternal(System.Threading.ExecutionContext, System.Threading.ContextCallback, object)
:: [18] void System.Runtime.CompilerServices.AsyncTaskMethodBuilder`1+AsyncStateMachineBox`1.MoveNext(System.Threading.Thread)
:: [19] void System.Threading.Tasks.AwaitTaskContinuation.RunCallback(System.Threading.ContextCallback, object, System.Threading.Tasks.Task&amp;)
:: [20] void System.Threading.Tasks.Task.RunContinuations(object)
:: [21] bool System.Threading.Tasks.Task`1.TrySetResult(TResult)
:: [22] void System.Runtime.CompilerServices.AsyncTaskMethodBuilder`1.SetExistingTaskResult(System.Threading.Tasks.Task`1[TResult], TResult)
:: [23] void GdUnit4.Core.Execution.BeforeTestExecutionStage+&lt;Execute&gt;d__1.MoveNext()
:: [24] void System.Threading.ExecutionContext.RunInternal(System.Threading.ExecutionContext, System.Threading.ContextCallback, object)
:: [25] void System.Runtime.CompilerServices.AsyncTaskMethodBuilder`1+AsyncStateMachineBox`1.MoveNext(System.Threading.Thread)
:: [26] void System.Threading.Tasks.AwaitTaskContinuation.RunCallback(System.Threading.ContextCallback, object, System.Threading.Tasks.Task&amp;)
:: [27] void System.Threading.Tasks.Task.RunContinuations(object)
:: [28] bool System.Threading.Tasks.Task`1.TrySetResult(TResult)
:: [29] void System.Runtime.CompilerServices.AsyncTaskMethodBuilder`1.SetExistingTaskResult(System.Threading.Tasks.Task`1[TResult], TResult)
:: [30] void GdUnit4.Core.Execution.ExecutionStage`1+&lt;Execute&gt;d__30.MoveNext()
:: [31] void System.Threading.ExecutionContext.RunInternal(System.Threading.ExecutionContext, System.Threading.ContextCallback, object)
:: [32] void System.Runtime.CompilerServices.AsyncTaskMethodBuilder`1+AsyncStateMachineBox`1.MoveNext(System.Threading.Thread)
:: [33] void Godot.GodotSynchronizationContext.ExecutePendingContinuations() (/root/godot/modules/mono/glue/GodotSharp/GodotSharp/Core/GodotSynchronizationContext.cs:51)
:: [34] void Godot.GodotTaskScheduler.Activate() (/root/godot/modules/mono/glue/GodotSharp/GodotSharp/Core/GodotTaskScheduler.cs:76)
:: [35] void Godot.Bridge.ScriptManagerBridge.FrameCallback() (/root/godot/modules/mono/glue/GodotSharp/GodotSharp/Core/Bridge/ScriptManagerBridge.cs:84)
:: WARNING: [OmegaBorderFrame] Cannot update thread colors - ShaderMaterial not initialized
:: at: void OmegaSpiral.Source.Ui.Omega.OmegaBorderFrame.UpdateThreadColors(Godot.Color, Godot.Color, Godot.Color) (res://source/frontend/ui/omega/OmegaBorderFrame.cs:191)
:: C# backtrace (most recent call first):
:: [0] void Godot.GD.PushWarning(string) (/root/godot/modules/mono/glue/GodotSharp/GodotSharp/Core/GD.cs:396)
:: [1] void OmegaSpiral.Source.Ui.Omega.OmegaBorderFrame.UpdateThreadColors(Godot.Color, Godot.Color, Godot.Color) (/home/adam/Dev/omega-spiral/chapter-zero/source/frontend/ui/omega/OmegaBorderFrame.cs:191)
:: [2] void OmegaSpiral.Tests.Ui.Omega.OmegaBorderFrame_UnitTests.UpdateThreadColors_CanRevertToDesignSystem() (/home/adam/Dev/omega-spiral/chapter-zero/tests/ui/omega/OmegaBorderFrameTests.cs:287)
:: [3] object System.Reflection.MethodBaseInvoker.InterpretedInvoke_Method(object, System.IntPtr*)
:: [4] object System.Reflection.MethodBaseInvoker.InvokeWithNoArgs(object, System.Reflection.BindingFlags)
:: [5] object System.Reflection.RuntimeMethodInfo.Invoke(object, System.Reflection.BindingFlags, System.Reflection.Binder, System.Object[], System.Globalization.CultureInfo)
:: [6] void GdUnit4.Core.Execution.ExecutionStage`1+&lt;ExecuteStage&gt;d__37.MoveNext()
:: [7] void System.Runtime.CompilerServices.AsyncMethodBuilderCore.Start&lt;TStateMachine&gt;(TStateMachine&amp;)
:: [8] System.Threading.Tasks.Task GdUnit4.Core.Execution.ExecutionStage`1.ExecuteStage(GdUnit4.Core.Execution.ExecutionContext)
:: [9] void GdUnit4.Core.Execution.ExecutionStage`1+&lt;Execute&gt;d__30.MoveNext()
:: [10] void System.Runtime.CompilerServices.AsyncMethodBuilderCore.Start&lt;TStateMachine&gt;(TStateMachine&amp;)
:: [11] System.Threading.Tasks.Task GdUnit4.Core.Execution.ExecutionStage`1.Execute(GdUnit4.Core.Execution.ExecutionContext)
:: [12] System.Threading.Tasks.Task GdUnit4.Core.Execution.TestCaseExecutionStage.&lt;&gt;n__0(GdUnit4.Core.Execution.ExecutionContext)
:: [13] void GdUnit4.Core.Execution.TestCaseExecutionStage+&lt;Execute&gt;d__1.MoveNext()
:: [14] void System.Runtime.CompilerServices.AsyncMethodBuilderCore.Start&lt;TStateMachine&gt;(TStateMachine&amp;)
:: [15] System.Threading.Tasks.Task GdUnit4.Core.Execution.TestCaseExecutionStage.Execute(GdUnit4.Core.Execution.ExecutionContext)
:: [16] void GdUnit4.Core.Execution.TestSuiteExecutionStage+&lt;RunTestCase&gt;d__15.MoveNext()
:: [17] void System.Threading.ExecutionContext.RunInternal(System.Threading.ExecutionContext, System.Threading.ContextCallback, object)
:: [18] void System.Runtime.CompilerServices.AsyncTaskMethodBuilder`1+AsyncStateMachineBox`1.MoveNext(System.Threading.Thread)
:: [19] void System.Threading.Tasks.AwaitTaskContinuation.RunCallback(System.Threading.ContextCallback, object, System.Threading.Tasks.Task&amp;)
:: [20] void System.Threading.Tasks.Task.RunContinuations(object)
:: [21] bool System.Threading.Tasks.Task`1.TrySetResult(TResult)
:: [22] void System.Runtime.CompilerServices.AsyncTaskMethodBuilder`1.SetExistingTaskResult(System.Threading.Tasks.Task`1[TResult], TResult)
:: [23] void GdUnit4.Core.Execution.BeforeTestExecutionStage+&lt;Execute&gt;d__1.MoveNext()
:: [24] void System.Threading.ExecutionContext.RunInternal(System.Threading.ExecutionContext, System.Threading.ContextCallback, object)
:: [25] void System.Runtime.CompilerServices.AsyncTaskMethodBuilder`1+AsyncStateMachineBox`1.MoveNext(System.Threading.Thread)
:: [26] void System.Threading.Tasks.AwaitTaskContinuation.RunCallback(System.Threading.ContextCallback, object, System.Threading.Tasks.Task&amp;)
:: [27] void System.Threading.Tasks.Task.RunContinuations(object)
:: [28] bool System.Threading.Tasks.Task`1.TrySetResult(TResult)
:: [29] void System.Runtime.CompilerServices.AsyncTaskMethodBuilder`1.SetExistingTaskResult(System.Threading.Tasks.Task`1[TResult], TResult)
:: [30] void GdUnit4.Core.Execution.ExecutionStage`1+&lt;Execute&gt;d__30.MoveNext()
:: [31] void System.Threading.ExecutionContext.RunInternal(System.Threading.ExecutionContext, System.Threading.ContextCallback, object)
:: [32] void System.Runtime.CompilerServices.AsyncTaskMethodBuilder`1+AsyncStateMachineBox`1.MoveNext(System.Threading.Thread)
:: [33] void Godot.GodotSynchronizationContext.ExecutePendingContinuations() (/root/godot/modules/mono/glue/GodotSharp/GodotSharp/Core/GodotSynchronizationContext.cs:51)
:: [34] void Godot.GodotTaskScheduler.Activate() (/root/godot/modules/mono/glue/GodotSharp/GodotSharp/Core/GodotTaskScheduler.cs:76)
:: [35] void Godot.Bridge.ScriptManagerBridge.FrameCallback() (/root/godot/modules/mono/glue/GodotSharp/GodotSharp/Core/Bridge/ScriptManagerBridge.cs:84)
:: WARNING: [DesignConfigService] Palette key 'neon_magenta' not found; falling back to white.
:: at: Godot.Color OmegaSpiral.Source.Design.DesignConfigService.GetColor(string) (res://source/frontend/design/DesignConfigService.cs:37)
:: C# backtrace (most recent call first):
:: [0] void Godot.GD.PushWarning(string) (/root/godot/modules/mono/glue/GodotSharp/GodotSharp/Core/GD.cs:396)
:: [1] Godot.Color OmegaSpiral.Source.Design.DesignConfigService.GetColor(string) (/home/adam/Dev/omega-spiral/chapter-zero/source/frontend/design/DesignConfigService.cs:37)
:: [2] Godot.Color OmegaSpiral.Source.Ui.Omega.OmegaSpiralColors.Get(string) (/home/adam/Dev/omega-spiral/chapter-zero/source/frontend/ui/omega/OmegaSpiralColors.cs:43)
:: [3] Godot.Color OmegaSpiral.Source.Ui.Omega.OmegaSpiralColors.get_NeonMagenta() (/home/adam/Dev/omega-spiral/chapter-zero/source/frontend/ui/omega/OmegaSpiralColors.cs:30)
:: [4] void OmegaSpiral.Tests.Unit.Common.Omega.OmegaSpiralColorsTests.NeonMagenta_MatchesDesignSpec() (/home/adam/Dev/omega-spiral/chapter-zero/tests/ui/omega/OmegaSpiralColorsTests.cs:60)
:: [5] object System.Reflection.MethodBaseInvoker.InterpretedInvoke_Method(object, System.IntPtr*)
:: [6] object System.Reflection.MethodBaseInvoker.InvokeWithNoArgs(object, System.Reflection.BindingFlags)
:: [7] object System.Reflection.RuntimeMethodInfo.Invoke(object, System.Reflection.BindingFlags, System.Reflection.Binder, System.Object[], System.Globalization.CultureInfo)
:: [8] void GdUnit4.Core.Execution.ExecutionStage`1+&lt;ExecuteStage&gt;d__37.MoveNext()
:: [9] void System.Runtime.CompilerServices.AsyncMethodBuilderCore.Start&lt;TStateMachine&gt;(TStateMachine&amp;)
:: [10] System.Threading.Tasks.Task GdUnit4.Core.Execution.ExecutionStage`1.ExecuteStage(GdUnit4.Core.Execution.ExecutionContext)
:: [11] void GdUnit4.Core.Execution.ExecutionStage`1+&lt;Execute&gt;d__30.MoveNext()
:: [12] void System.Runtime.CompilerServices.AsyncMethodBuilderCore.Start&lt;TStateMachine&gt;(TStateMachine&amp;)
:: [13] System.Threading.Tasks.Task GdUnit4.Core.Execution.ExecutionStage`1.Execute(GdUnit4.Core.Execution.ExecutionContext)
:: [14] System.Threading.Tasks.Task GdUnit4.Core.Execution.TestCaseExecutionStage.&lt;&gt;n__0(GdUnit4.Core.Execution.ExecutionContext)
:: [15] void GdUnit4.Core.Execution.TestCaseExecutionStage+&lt;Execute&gt;d__1.MoveNext()
:: [16] void System.Runtime.CompilerServices.AsyncMethodBuilderCore.Start&lt;TStateMachine&gt;(TStateMachine&amp;)
:: [17] System.Threading.Tasks.Task GdUnit4.Core.Execution.TestCaseExecutionStage.Execute(GdUnit4.Core.Execution.ExecutionContext)
:: [18] void GdUnit4.Core.Execution.TestSuiteExecutionStage+&lt;RunTestCase&gt;d__15.MoveNext()
:: [19] void System.Threading.ExecutionContext.RunInternal(System.Threading.ExecutionContext, System.Threading.ContextCallback, object)
:: [20] void System.Runtime.CompilerServices.AsyncTaskMethodBuilder`1+AsyncStateMachineBox`1.MoveNext(System.Threading.Thread)
:: [21] void System.Threading.Tasks.AwaitTaskContinuation.RunCallback(System.Threading.ContextCallback, object, System.Threading.Tasks.Task&amp;)
:: [22] void System.Threading.Tasks.Task.RunContinuations(object)
:: [23] bool System.Threading.Tasks.Task`1.TrySetResult(TResult)
:: [24] void System.Runtime.CompilerServices.AsyncTaskMethodBuilder`1.SetExistingTaskResult(System.Threading.Tasks.Task`1[TResult], TResult)
:: [25] void GdUnit4.Core.Execution.BeforeTestExecutionStage+&lt;Execute&gt;d__1.MoveNext()
:: [26] void System.Threading.ExecutionContext.RunInternal(System.Threading.ExecutionContext, System.Threading.ContextCallback, object)
:: [27] void System.Runtime.CompilerServices.AsyncTaskMethodBuilder`1+AsyncStateMachineBox`1.MoveNext(System.Threading.Thread)
:: [28] void System.Threading.Tasks.AwaitTaskContinuation.RunCallback(System.Threading.ContextCallback, object, System.Threading.Tasks.Task&amp;)
:: [29] void System.Threading.Tasks.Task.RunContinuations(object)
:: [30] bool System.Threading.Tasks.Task`1.TrySetResult(TResult)
:: [31] void System.Runtime.CompilerServices.AsyncTaskMethodBuilder`1.SetExistingTaskResult(System.Threading.Tasks.Task`1[TResult], TResult)
:: [32] void GdUnit4.Core.Execution.ExecutionStage`1+&lt;Execute&gt;d__30.MoveNext()
:: [33] void System.Threading.ExecutionContext.RunInternal(System.Threading.ExecutionContext, System.Threading.ContextCallback, object)
:: [34] void System.Runtime.CompilerServices.AsyncTaskMethodBuilder`1+AsyncStateMachineBox`1.MoveNext(System.Threading.Thread)
:: [35] void Godot.GodotSynchronizationContext.ExecutePendingContinuations() (/root/godot/modules/mono/glue/GodotSharp/GodotSharp/Core/GodotSynchronizationContext.cs:51)
:: [36] void Godot.GodotTaskScheduler.Activate() (/root/godot/modules/mono/glue/GodotSharp/GodotSharp/Core/GodotTaskScheduler.cs:76)
:: [37] void Godot.Bridge.ScriptManagerBridge.FrameCallback() (/root/godot/modules/mono/glue/GodotSharp/GodotSharp/Core/Bridge/ScriptManagerBridge.cs:84)
:: WARNING: [DesignConfigService] Palette key 'neon_magenta' not found; falling back to white.
:: at: Godot.Color OmegaSpiral.Source.Design.DesignConfigService.GetColor(string) (res://source/frontend/design/DesignConfigService.cs:37)
:: C# backtrace (most recent call first):
:: [0] void Godot.GD.PushWarning(string) (/root/godot/modules/mono/glue/GodotSharp/GodotSharp/Core/GD.cs:396)
:: [1] Godot.Color OmegaSpiral.Source.Design.DesignConfigService.GetColor(string) (/home/adam/Dev/omega-spiral/chapter-zero/source/frontend/design/DesignConfigService.cs:37)
:: [2] void OmegaSpiral.Tests.Unit.Common.Omega.OmegaSpiralColorsTests.NeonMagenta_MatchesDesignSpec() (/home/adam/Dev/omega-spiral/chapter-zero/tests/ui/omega/OmegaSpiralColorsTests.cs:61)
:: [3] object System.Reflection.MethodBaseInvoker.InterpretedInvoke_Method(object, System.IntPtr*)
:: [4] object System.Reflection.MethodBaseInvoker.InvokeWithNoArgs(object, System.Reflection.BindingFlags)
:: [5] object System.Reflection.RuntimeMethodInfo.Invoke(object, System.Reflection.BindingFlags, System.Reflection.Binder, System.Object[], System.Globalization.CultureInfo)
:: [6] void GdUnit4.Core.Execution.ExecutionStage`1+&lt;ExecuteStage&gt;d__37.MoveNext()
:: [7] void System.Runtime.CompilerServices.AsyncMethodBuilderCore.Start&lt;TStateMachine&gt;(TStateMachine&amp;)
:: [8] System.Threading.Tasks.Task GdUnit4.Core.Execution.ExecutionStage`1.ExecuteStage(GdUnit4.Core.Execution.ExecutionContext)
:: [9] void GdUnit4.Core.Execution.ExecutionStage`1+&lt;Execute&gt;d__30.MoveNext()
:: [10] void System.Runtime.CompilerServices.AsyncMethodBuilderCore.Start&lt;TStateMachine&gt;(TStateMachine&amp;)
:: [11] System.Threading.Tasks.Task GdUnit4.Core.Execution.ExecutionStage`1.Execute(GdUnit4.Core.Execution.ExecutionContext)
:: [12] System.Threading.Tasks.Task GdUnit4.Core.Execution.TestCaseExecutionStage.&lt;&gt;n__0(GdUnit4.Core.Execution.ExecutionContext)
:: [13] void GdUnit4.Core.Execution.TestCaseExecutionStage+&lt;Execute&gt;d__1.MoveNext()
:: [14] void System.Runtime.CompilerServices.AsyncMethodBuilderCore.Start&lt;TStateMachine&gt;(TStateMachine&amp;)
:: [15] System.Threading.Tasks.Task GdUnit4.Core.Execution.TestCaseExecutionStage.Execute(GdUnit4.Core.Execution.ExecutionContext)
:: [16] void GdUnit4.Core.Execution.TestSuiteExecutionStage+&lt;RunTestCase&gt;d__15.MoveNext()
:: [17] void System.Threading.ExecutionContext.RunInternal(System.Threading.ExecutionContext, System.Threading.ContextCallback, object)
:: [18] void System.Runtime.CompilerServices.AsyncTaskMethodBuilder`1+AsyncStateMachineBox`1.MoveNext(System.Threading.Thread)
:: [19] void System.Threading.Tasks.AwaitTaskContinuation.RunCallback(System.Threading.ContextCallback, object, System.Threading.Tasks.Task&amp;)
:: [20] void System.Threading.Tasks.Task.RunContinuations(object)
:: [21] bool System.Threading.Tasks.Task`1.TrySetResult(TResult)
:: [22] void System.Runtime.CompilerServices.AsyncTaskMethodBuilder`1.SetExistingTaskResult(System.Threading.Tasks.Task`1[TResult], TResult)
:: [23] void GdUnit4.Core.Execution.BeforeTestExecutionStage+&lt;Execute&gt;d__1.MoveNext()
:: [24] void System.Threading.ExecutionContext.RunInternal(System.Threading.ExecutionContext, System.Threading.ContextCallback, object)
:: [25] void System.Runtime.CompilerServices.AsyncTaskMethodBuilder`1+AsyncStateMachineBox`1.MoveNext(System.Threading.Thread)
:: [26] void System.Threading.Tasks.AwaitTaskContinuation.RunCallback(System.Threading.ContextCallback, object, System.Threading.Tasks.Task&amp;)
:: [27] void System.Threading.Tasks.Task.RunContinuations(object)
:: [28] bool System.Threading.Tasks.Task`1.TrySetResult(TResult)
:: [29] void System.Runtime.CompilerServices.AsyncTaskMethodBuilder`1.SetExistingTaskResult(System.Threading.Tasks.Task`1[TResult], TResult)
:: [30] void GdUnit4.Core.Execution.ExecutionStage`1+&lt;Execute&gt;d__30.MoveNext()
:: [31] void System.Threading.ExecutionContext.RunInternal(System.Threading.ExecutionContext, System.Threading.ContextCallback, object)
:: [32] void System.Runtime.CompilerServices.AsyncTaskMethodBuilder`1+AsyncStateMachineBox`1.MoveNext(System.Threading.Thread)
:: [33] void Godot.GodotSynchronizationContext.ExecutePendingContinuations() (/root/godot/modules/mono/glue/GodotSharp/GodotSharp/Core/GodotSynchronizationContext.cs:51)
:: [34] void Godot.GodotTaskScheduler.Activate() (/root/godot/modules/mono/glue/GodotSharp/GodotSharp/Core/GodotTaskScheduler.cs:76)
:: [35] void Godot.Bridge.ScriptManagerBridge.FrameCallback() (/root/godot/modules/mono/glue/GodotSharp/GodotSharp/Core/Bridge/ScriptManagerBridge.cs:84)
:: WARNING: [DesignConfigService] Palette key 'neon_magenta' not found; falling back to white.
:: at: Godot.Color OmegaSpiral.Source.Design.DesignConfigService.GetColor(string) (res://source/frontend/design/DesignConfigService.cs:37)
:: C# backtrace (most recent call first):
:: [0] void Godot.GD.PushWarning(string) (/root/godot/modules/mono/glue/GodotSharp/GodotSharp/Core/GD.cs:396)
:: [1] Godot.Color OmegaSpiral.Source.Design.DesignConfigService.GetColor(string) (/home/adam/Dev/omega-spiral/chapter-zero/source/frontend/design/DesignConfigService.cs:37)
:: [2] Godot.Color OmegaSpiral.Source.Ui.Omega.OmegaSpiralColors.Get(string) (/home/adam/Dev/omega-spiral/chapter-zero/source/frontend/ui/omega/OmegaSpiralColors.cs:43)
:: [3] Godot.Color OmegaSpiral.Source.Ui.Omega.OmegaSpiralColors.get_NeonMagenta() (/home/adam/Dev/omega-spiral/chapter-zero/source/frontend/ui/omega/OmegaSpiralColors.cs:30)
:: [4] void OmegaSpiral.Tests.Unit.Common.Omega.OmegaSpiralColorsTests.PrimaryColors_HaveFullOpacity() (/home/adam/Dev/omega-spiral/chapter-zero/tests/ui/omega/OmegaSpiralColorsTests.cs:252)
:: [5] object System.Reflection.MethodBaseInvoker.InterpretedInvoke_Method(object, System.IntPtr*)
:: [6] object System.Reflection.MethodBaseInvoker.InvokeWithNoArgs(object, System.Reflection.BindingFlags)
:: [7] object System.Reflection.RuntimeMethodInfo.Invoke(object, System.Reflection.BindingFlags, System.Reflection.Binder, System.Object[], System.Globalization.CultureInfo)
:: [8] void GdUnit4.Core.Execution.ExecutionStage`1+&lt;ExecuteStage&gt;d__37.MoveNext()
:: [9] void System.Runtime.CompilerServices.AsyncMethodBuilderCore.Start&lt;TStateMachine&gt;(TStateMachine&amp;)
:: [10] System.Threading.Tasks.Task GdUnit4.Core.Execution.ExecutionStage`1.ExecuteStage(GdUnit4.Core.Execution.ExecutionContext)
:: [11] void GdUnit4.Core.Execution.ExecutionStage`1+&lt;Execute&gt;d__30.MoveNext()
:: [12] void System.Runtime.CompilerServices.AsyncMethodBuilderCore.Start&lt;TStateMachine&gt;(TStateMachine&amp;)
:: [13] System.Threading.Tasks.Task GdUnit4.Core.Execution.ExecutionStage`1.Execute(GdUnit4.Core.Execution.ExecutionContext)
:: [14] System.Threading.Tasks.Task GdUnit4.Core.Execution.TestCaseExecutionStage.&lt;&gt;n__0(GdUnit4.Core.Execution.ExecutionContext)
:: [15] void GdUnit4.Core.Execution.TestCaseExecutionStage+&lt;Execute&gt;d__1.MoveNext()
:: [16] void System.Runtime.CompilerServices.AsyncMethodBuilderCore.Start&lt;TStateMachine&gt;(TStateMachine&amp;)
:: [17] System.Threading.Tasks.Task GdUnit4.Core.Execution.TestCaseExecutionStage.Execute(GdUnit4.Core.Execution.ExecutionContext)
:: [18] void GdUnit4.Core.Execution.TestSuiteExecutionStage+&lt;RunTestCase&gt;d__15.MoveNext()
:: [19] void System.Threading.ExecutionContext.RunInternal(System.Threading.ExecutionContext, System.Threading.ContextCallback, object)
:: [20] void System.Runtime.CompilerServices.AsyncTaskMethodBuilder`1+AsyncStateMachineBox`1.MoveNext(System.Threading.Thread)
:: [21] void System.Threading.Tasks.AwaitTaskContinuation.RunCallback(System.Threading.ContextCallback, object, System.Threading.Tasks.Task&amp;)
:: [22] void System.Threading.Tasks.Task.RunContinuations(object)
:: [23] bool System.Threading.Tasks.Task`1.TrySetResult(TResult)
:: [24] void System.Runtime.CompilerServices.AsyncTaskMethodBuilder`1.SetExistingTaskResult(System.Threading.Tasks.Task`1[TResult], TResult)
:: [25] void GdUnit4.Core.Execution.BeforeTestExecutionStage+&lt;Execute&gt;d__1.MoveNext()
:: [26] void System.Threading.ExecutionContext.RunInternal(System.Threading.ExecutionContext, System.Threading.ContextCallback, object)
:: [27] void System.Runtime.CompilerServices.AsyncTaskMethodBuilder`1+AsyncStateMachineBox`1.MoveNext(System.Threading.Thread)
:: [28] void System.Threading.Tasks.AwaitTaskContinuation.RunCallback(System.Threading.ContextCallback, object, System.Threading.Tasks.Task&amp;)
:: [29] void System.Threading.Tasks.Task.RunContinuations(object)
:: [30] bool System.Threading.Tasks.Task`1.TrySetResult(TResult)
:: [31] void System.Runtime.CompilerServices.AsyncTaskMethodBuilder`1.SetExistingTaskResult(System.Threading.Tasks.Task`1[TResult], TResult)
:: [32] void GdUnit4.Core.Execution.ExecutionStage`1+&lt;Execute&gt;d__30.MoveNext()
:: [33] void System.Threading.ExecutionContext.RunInternal(System.Threading.ExecutionContext, System.Threading.ContextCallback, object)
:: [34] void System.Runtime.CompilerServices.AsyncTaskMethodBuilder`1+AsyncStateMachineBox`1.MoveNext(System.Threading.Thread)
:: [35] void Godot.GodotSynchronizationContext.ExecutePendingContinuations() (/root/godot/modules/mono/glue/GodotSharp/GodotSharp/Core/GodotSynchronizationContext.cs:51)
:: [36] void Godot.GodotTaskScheduler.Activate() (/root/godot/modules/mono/glue/GodotSharp/GodotSharp/Core/GodotTaskScheduler.cs:76)
:: [37] void Godot.Bridge.ScriptManagerBridge.FrameCallback() (/root/godot/modules/mono/glue/GodotSharp/GodotSharp/Core/Bridge/ScriptManagerBridge.cs:84)
:: WARNING: 2 RIDs of type "CanvasItem" were leaked.
:: at: _free_rids (servers/rendering/renderer_canvas_cull.cpp:2692)
:: WARNING: ObjectDB instances leaked at exit (run with --verbose for details).
:: at: cleanup (core/object/object.cpp:2570)
:: ERROR: 26 resources still in use at exit (run with --verbose for details).
:: at: clear (core/io/resource.cpp:801)
GdUnit4 Godot Runtime Test Runner ends with exit code: 0

Completed tests for assembly: /home/adam/Dev/omega-spiral/chapter-zero/.godot/mono/temp/bin/Debug/chapter-zero.dll
Test execution stopped.
</StdOut>
    </Output>
    <RunInfos>
      <RunInfo computerName="omega" outcome="Error" timestamp="2025-10-30T13:16:38.8433449-04:00">
        <Text>Expecting be NOT &lt;Null&gt;:</Text>
      </RunInfo>
      <RunInfo computerName="omega" outcome="Error" timestamp="2025-10-30T13:16:38.8664514-04:00">
        <Text>Expecting be NOT &lt;Null&gt;:</Text>
      </RunInfo>
      <RunInfo computerName="omega" outcome="Error" timestamp="2025-10-30T13:16:38.8869956-04:00">
        <Text>Expecting be NOT &lt;Null&gt;:</Text>
      </RunInfo>
      <RunInfo computerName="omega" outcome="Error" timestamp="2025-10-30T13:16:38.9580910-04:00">
        <Text>Expecting be equal:
    '0.5' but is '0.05'</Text>
      </RunInfo>
      <RunInfo computerName="omega" outcome="Error" timestamp="2025-10-30T13:16:38.9687838-04:00">
        <Text>Expecting be equal:
    '2' but is '0.05'</Text>
      </RunInfo>
      <RunInfo computerName="omega" outcome="Error" timestamp="2025-10-30T13:16:38.9795540-04:00">
        <Text>Expecting be equal:
    '0' but is '0.05'</Text>
      </RunInfo>
      <RunInfo computerName="omega" outcome="Error" timestamp="2025-10-30T13:16:38.9924680-04:00">
        <Text>Object reference not set to an instance of an object.</Text>
      </RunInfo>
      <RunInfo computerName="omega" outcome="Error" timestamp="2025-10-30T13:16:39.0132153-04:00">
        <Text>Object reference not set to an instance of an object.</Text>
      </RunInfo>
    </RunInfos>
  </ResultSummary>
</TestRun>
