<?xml version="1.0" encoding="utf-8"?>
<TestRun id="fc96f2c7-5a43-4b4b-8989-94691bfcc034" name="@omega 2025-10-30 07:50:45" xmlns="http://microsoft.com/schemas/VisualStudio/TeamTest/2010">
  <Times creation="2025-10-30T07:50:45.8540084-04:00" queuing="2025-10-30T07:50:45.8540100-04:00" start="2025-10-30T07:50:26.2104549-04:00" finish="2025-10-30T07:50:48.1131283-04:00" />
  <TestSettings name="default" id="5d19f5cf-d678-4b9c-ade7-11db8a17712a">
    <Deployment runDeploymentRoot="_omega_2025-10-30_07_50_45" />
  </TestSettings>
  <Results>
    <UnitTestResult executionId="aed6aba9-cc52-4bb9-a790-740463067867" testId="939d9eda-cda8-4004-bb69-3a414b82c6c2" testName="[Before].LaunchButton_ExistsWithCorrectText" computerName="omega" startTime="2025-10-30T07:50:46.0833998-04:00" endTime="2025-10-30T07:50:46.0834059-04:00" testType="13cdc9d9-ddb5-4fa4-a97d-d965ccfc6d4b" outcome="Failed" testListId="8c84fa94-04c1-424b-9868-57a2d4851a1d" relativeResultsDirectory="aed6aba9-cc52-4bb9-a790-740463067867">
      <Output>
        <ErrorInfo>
          <Message>GdUnitSceneRunner: Can't load scene by given resource path: 'res://source/ui/menus/main_menu.tscn'. The resource does not exists.</Message>
          <StackTrace>   at GdUnit4.Core.SceneRunner.LoadScene(String resourcePath)
   at GdUnit4.Core.SceneRunner..ctor(String resourcePath, Boolean autoFree, Boolean verbose)
   at GdUnit4.ISceneRunner.Load(String resourcePath, Boolean autoFree, Boolean verbose)
   at OmegaSpiral.Tests.Ui.MainMenuTests.Setup() in /home/adam/Dev/omega-spiral/chapter-zero/tests/ui/menus/MainMenuTests.cs:line 34
   at GdUnit4.Core.Execution.ExecutionStage`1.ExecuteStage(ExecutionContext context)
   at GdUnit4.Core.Execution.ExecutionStage`1.Execute(ExecutionContext context)
</StackTrace>
        </ErrorInfo>
      </Output>
    </UnitTestResult>
    <UnitTestResult executionId="c962a96b-8e31-46b4-b5aa-51e8b2f46d7c" testId="bd5e9ccb-983f-40bc-a89f-c9a52fe5e868" testName="OmegaSpiral.Tests.Ui.Omega.OmegaBorderFrame_UnitTests.UpdateThreadColors_CanRevertToDesignSystem" computerName="omega" duration="00:00:00.0170000" startTime="2025-10-30T07:50:47.3540072-04:00" endTime="2025-10-30T07:50:47.3542877-04:00" testType="13cdc9d9-ddb5-4fa4-a97d-d965ccfc6d4b" outcome="Failed" testListId="8c84fa94-04c1-424b-9868-57a2d4851a1d" relativeResultsDirectory="c962a96b-8e31-46b4-b5aa-51e8b2f46d7c">
      <Output>
        <ErrorInfo>
          <Message>Object reference not set to an instance of an object.</Message>
          <StackTrace>   at OmegaSpiral.Tests.Ui.Omega.OmegaBorderFrame_UnitTests.UpdateThreadColors_CanRevertToDesignSystem() in /home/adam/Dev/omega-spiral/chapter-zero/tests/ui/omega/OmegaBorderFrameTests.cs:line 294
   at System.Reflection.MethodBaseInvoker.InterpretedInvoke_Method(Object obj, IntPtr* args)
   at System.Reflection.MethodBaseInvoker.InvokeWithNoArgs(Object obj, BindingFlags invokeAttr)
</StackTrace>
        </ErrorInfo>
      </Output>
    </UnitTestResult>
    <UnitTestResult executionId="95912031-85fc-45fc-9d2d-b35c0982d350" testId="939d9eda-cda8-4004-bb69-3a414b82c6c2" testName="OmegaSpiral.Tests.Ui.MainMenuTests.LaunchButton_ExistsWithCorrectText" computerName="omega" duration="00:00:00.0130000" startTime="2025-10-30T07:50:46.2122045-04:00" endTime="2025-10-30T07:50:46.2126003-04:00" testType="13cdc9d9-ddb5-4fa4-a97d-d965ccfc6d4b" outcome="Failed" testListId="8c84fa94-04c1-424b-9868-57a2d4851a1d" relativeResultsDirectory="95912031-85fc-45fc-9d2d-b35c0982d350">
      <Output>
        <ErrorInfo>
          <Message>Object reference not set to an instance of an object.</Message>
          <StackTrace>   at OmegaSpiral.Tests.Ui.MainMenuTests.LaunchButton_ExistsWithCorrectText() in /home/adam/Dev/omega-spiral/chapter-zero/tests/ui/menus/MainMenuTests.cs:line 169
   at System.Reflection.MethodBaseInvoker.InterpretedInvoke_Method(Object obj, IntPtr* args)
   at System.Reflection.MethodBaseInvoker.InvokeWithNoArgs(Object obj, BindingFlags invokeAttr)
</StackTrace>
        </ErrorInfo>
      </Output>
    </UnitTestResult>
    <UnitTestResult executionId="e922f122-2579-45c8-b7f6-6fef561b3edd" testId="f85710e0-be8f-4dc5-b037-3052fb22da2a" testName="[Before].ButtonContainer_CanAddButtons" computerName="omega" startTime="2025-10-30T07:50:46.5726541-04:00" endTime="2025-10-30T07:50:46.5726557-04:00" testType="13cdc9d9-ddb5-4fa4-a97d-d965ccfc6d4b" outcome="Failed" testListId="8c84fa94-04c1-424b-9868-57a2d4851a1d" relativeResultsDirectory="e922f122-2579-45c8-b7f6-6fef561b3edd">
      <Output>
        <ErrorInfo>
          <Message>GdUnitSceneRunner: Can't load scene by given resource path: 'res://tests/fixtures/ui/menus/base_menu_ui_test.tscn'. The resource does not exists.</Message>
          <StackTrace>   at GdUnit4.Core.SceneRunner.LoadScene(String resourcePath)
   at GdUnit4.Core.SceneRunner..ctor(String resourcePath, Boolean autoFree, Boolean verbose)
   at GdUnit4.ISceneRunner.Load(String resourcePath, Boolean autoFree, Boolean verbose)
   at OmegaSpiral.Tests.Ui.MenuUiTests.Setup() in /home/adam/Dev/omega-spiral/chapter-zero/tests/ui/menus/MenuUiTests.cs:line 32
   at GdUnit4.Core.Execution.ExecutionStage`1.ExecuteStage(ExecutionContext context)
   at GdUnit4.Core.Execution.ExecutionStage`1.Execute(ExecutionContext context)
</StackTrace>
        </ErrorInfo>
      </Output>
    </UnitTestResult>
    <UnitTestResult executionId="97d0002e-0cc3-4789-b250-5bfdbb9da70f" testId="916bbf06-994a-477e-8c8f-e4fa5782c8dc" testName="[Before].MenuUi_ExtendsOmegaContainer" computerName="omega" startTime="2025-10-30T07:50:46.5761486-04:00" endTime="2025-10-30T07:50:46.5761505-04:00" testType="13cdc9d9-ddb5-4fa4-a97d-d965ccfc6d4b" outcome="Failed" testListId="8c84fa94-04c1-424b-9868-57a2d4851a1d" relativeResultsDirectory="97d0002e-0cc3-4789-b250-5bfdbb9da70f">
      <Output>
        <ErrorInfo>
          <Message>GdUnitSceneRunner: Can't load scene by given resource path: 'res://tests/fixtures/ui/menus/base_menu_ui_test.tscn'. The resource does not exists.</Message>
          <StackTrace>   at GdUnit4.Core.SceneRunner.LoadScene(String resourcePath)
   at GdUnit4.Core.SceneRunner..ctor(String resourcePath, Boolean autoFree, Boolean verbose)
   at GdUnit4.ISceneRunner.Load(String resourcePath, Boolean autoFree, Boolean verbose)
   at OmegaSpiral.Tests.Ui.MenuUiTests.Setup() in /home/adam/Dev/omega-spiral/chapter-zero/tests/ui/menus/MenuUiTests.cs:line 32
   at GdUnit4.Core.Execution.ExecutionStage`1.ExecuteStage(ExecutionContext context)
   at GdUnit4.Core.Execution.ExecutionStage`1.Execute(ExecutionContext context)
</StackTrace>
        </ErrorInfo>
      </Output>
    </UnitTestResult>
    <UnitTestResult executionId="2ccde8f8-2941-4156-99f4-3444cf6ac03e" testId="22798fa9-3b8f-4df0-be98-8904218aeafa" testName="OmegaSpiral.Tests.Ui.MainMenuTests.Background_ShouldNotBeWhite" computerName="omega" duration="00:00:00.0210000" startTime="2025-10-30T07:50:46.5462638-04:00" endTime="2025-10-30T07:50:46.5466713-04:00" testType="13cdc9d9-ddb5-4fa4-a97d-d965ccfc6d4b" outcome="Failed" testListId="8c84fa94-04c1-424b-9868-57a2d4851a1d" relativeResultsDirectory="2ccde8f8-2941-4156-99f4-3444cf6ac03e">
      <Output>
        <ErrorInfo>
          <Message>Object reference not set to an instance of an object.</Message>
          <StackTrace>   at OmegaSpiral.Tests.Ui.MainMenuTests.Background_ShouldNotBeWhite() in /home/adam/Dev/omega-spiral/chapter-zero/tests/ui/menus/MainMenuTests.cs:line 470
   at System.Reflection.MethodBaseInvoker.InterpretedInvoke_Method(Object obj, IntPtr* args)
   at System.Reflection.MethodBaseInvoker.InvokeWithNoArgs(Object obj, BindingFlags invokeAttr)
</StackTrace>
        </ErrorInfo>
      </Output>
    </UnitTestResult>
    <UnitTestResult executionId="275a287d-bca8-40fd-883e-339627cbfb16" testId="e7d55661-d96b-4490-84e4-ccc724ed9e89" testName="OmegaSpiral.Tests.Ui.MainMenuTests.PhosphorLayer_IsVisibleWithCorrectOpacity" computerName="omega" duration="00:00:00.0130000" startTime="2025-10-30T07:50:46.4604835-04:00" endTime="2025-10-30T07:50:46.4609453-04:00" testType="13cdc9d9-ddb5-4fa4-a97d-d965ccfc6d4b" outcome="Failed" testListId="8c84fa94-04c1-424b-9868-57a2d4851a1d" relativeResultsDirectory="275a287d-bca8-40fd-883e-339627cbfb16">
      <Output>
        <ErrorInfo>
          <Message>Object reference not set to an instance of an object.</Message>
          <StackTrace>   at OmegaSpiral.Tests.Ui.MainMenuTests.PhosphorLayer_IsVisibleWithCorrectOpacity() in /home/adam/Dev/omega-spiral/chapter-zero/tests/ui/menus/MainMenuTests.cs:line 387
   at System.Reflection.MethodBaseInvoker.InterpretedInvoke_Method(Object obj, IntPtr* args)
   at System.Reflection.MethodBaseInvoker.InvokeWithNoArgs(Object obj, BindingFlags invokeAttr)
</StackTrace>
        </ErrorInfo>
      </Output>
    </UnitTestResult>
    <UnitTestResult executionId="8df587dd-c677-4c31-bcd3-298c054ac758" testId="71b5c0cf-ef6c-4be4-8c0c-4d76acd67cb2" testName="[Before].GetFocusedButton_ReturnsCorrectButton" computerName="omega" startTime="2025-10-30T07:50:46.8244488-04:00" endTime="2025-10-30T07:50:46.8244511-04:00" testType="13cdc9d9-ddb5-4fa4-a97d-d965ccfc6d4b" outcome="Failed" testListId="8c84fa94-04c1-424b-9868-57a2d4851a1d" relativeResultsDirectory="8df587dd-c677-4c31-bcd3-298c054ac758">
      <Output>
        <ErrorInfo>
          <Message>GdUnitSceneRunner: Can't load scene by given resource path: 'res://tests/fixtures/ui/menus/base_menu_ui_test.tscn'. The resource does not exists.</Message>
          <StackTrace>   at GdUnit4.Core.SceneRunner.LoadScene(String resourcePath)
   at GdUnit4.Core.SceneRunner..ctor(String resourcePath, Boolean autoFree, Boolean verbose)
   at GdUnit4.ISceneRunner.Load(String resourcePath, Boolean autoFree, Boolean verbose)
   at OmegaSpiral.Tests.Ui.MenuUiUnitTests.Setup() in /home/adam/Dev/omega-spiral/chapter-zero/tests/ui/menus/BaseMenuUiUnitTests.cs:line 30
   at GdUnit4.Core.Execution.ExecutionStage`1.ExecuteStage(ExecutionContext context)
   at GdUnit4.Core.Execution.ExecutionStage`1.Execute(ExecutionContext context)
</StackTrace>
        </ErrorInfo>
      </Output>
    </UnitTestResult>
    <UnitTestResult executionId="d5a72f75-829b-402d-9e10-9966d4892010" testId="e32e3c35-7732-41ef-b0b1-8fc388e2365e" testName="OmegaSpiral.Tests.Ui.MenuUiTests.MenuUi_ExposesProtectedHelpers" computerName="omega" duration="00:00:00.0240000" startTime="2025-10-30T07:50:46.6398434-04:00" endTime="2025-10-30T07:50:46.6402505-04:00" testType="13cdc9d9-ddb5-4fa4-a97d-d965ccfc6d4b" outcome="Passed" testListId="8c84fa94-04c1-424b-9868-57a2d4851a1d" relativeResultsDirectory="d5a72f75-829b-402d-9e10-9966d4892010" />
    <UnitTestResult executionId="ad90cb17-73cc-4a85-909c-01c6c67b0072" testId="bb5fbb05-5361-41df-92b1-b8b8e8dd0e3c" testName="OmegaSpiral.Tests.Ui.MainMenuTests.MenuTitle_IsHorizontallyCentered" computerName="omega" duration="00:00:00.0330000" startTime="2025-10-30T07:50:46.4329224-04:00" endTime="2025-10-30T07:50:46.4333181-04:00" testType="13cdc9d9-ddb5-4fa4-a97d-d965ccfc6d4b" outcome="Failed" testListId="8c84fa94-04c1-424b-9868-57a2d4851a1d" relativeResultsDirectory="ad90cb17-73cc-4a85-909c-01c6c67b0072">
      <Output>
        <ErrorInfo>
          <Message>Object reference not set to an instance of an object.</Message>
          <StackTrace>   at OmegaSpiral.Tests.Ui.MainMenuTests.MenuTitle_IsHorizontallyCentered() in /home/adam/Dev/omega-spiral/chapter-zero/tests/ui/menus/MainMenuTests.cs:line 355
   at System.Reflection.MethodBaseInvoker.InterpretedInvoke_Method(Object obj, IntPtr* args)
   at System.Reflection.MethodBaseInvoker.InvokeWithNoArgs(Object obj, BindingFlags invokeAttr)
</StackTrace>
        </ErrorInfo>
      </Output>
    </UnitTestResult>
    <UnitTestResult executionId="9a962d3e-8f31-4064-b68f-da05d44f8eac" testId="84dafe55-1e6e-4844-8808-548126f6e365" testName="OmegaSpiral.Tests.Ui.Omega.OmegaBorderFrame_UnitTests.ConfigureAnimationSpeed_ClampsToValidRanges" computerName="omega" duration="00:00:00.0120000" startTime="2025-10-30T07:50:47.2843052-04:00" endTime="2025-10-30T07:50:47.2856703-04:00" testType="13cdc9d9-ddb5-4fa4-a97d-d965ccfc6d4b" outcome="Failed" testListId="8c84fa94-04c1-424b-9868-57a2d4851a1d" relativeResultsDirectory="9a962d3e-8f31-4064-b68f-da05d44f8eac">
      <Output>
        <ErrorInfo>
          <Message>Expecting be equal:
    '2' but is '0.05'</Message>
          <StackTrace>   at OmegaSpiral.Tests.Ui.Omega.OmegaBorderFrame_UnitTests.ConfigureAnimationSpeed_ClampsToValidRanges() in /home/adam/Dev/omega-spiral/chapter-zero/tests/ui/omega/OmegaBorderFrameTests.cs:line 232
</StackTrace>
        </ErrorInfo>
      </Output>
    </UnitTestResult>
    <UnitTestResult executionId="3ac9b80c-e9e9-4787-a8e9-6953c98afc8a" testId="2bef795e-7696-4c26-b4ab-01877792054a" testName="OmegaSpiral.Tests.Ui.CreditsMenuTests.CreditsMenu_CanShowAndHide" computerName="omega" duration="00:00:00.0130000" startTime="2025-10-30T07:50:45.9379685-04:00" endTime="2025-10-30T07:50:45.9421825-04:00" testType="13cdc9d9-ddb5-4fa4-a97d-d965ccfc6d4b" outcome="Failed" testListId="8c84fa94-04c1-424b-9868-57a2d4851a1d" relativeResultsDirectory="3ac9b80c-e9e9-4787-a8e9-6953c98afc8a">
      <Output>
        <ErrorInfo>
          <Message>Object reference not set to an instance of an object.</Message>
          <StackTrace>   at OmegaSpiral.Tests.Ui.CreditsMenuTests.CreditsMenu_CanShowAndHide() in /home/adam/Dev/omega-spiral/chapter-zero/tests/ui/menus/CreditsMenuTests.cs:line 112
   at System.Reflection.MethodBaseInvoker.InterpretedInvoke_Method(Object obj, IntPtr* args)
   at System.Reflection.MethodBaseInvoker.InvokeWithNoArgs(Object obj, BindingFlags invokeAttr)
</StackTrace>
        </ErrorInfo>
      </Output>
    </UnitTestResult>
    <UnitTestResult executionId="8977bd9b-cfcb-467f-8b44-3d59a3c457d3" testId="60de319c-646f-4dbd-ab92-0917fa7a6e65" testName="[Before].CreditsMenu_PopulatesCredits" computerName="omega" startTime="2025-10-30T07:50:45.8098903-04:00" endTime="2025-10-30T07:50:45.8098936-04:00" testType="13cdc9d9-ddb5-4fa4-a97d-d965ccfc6d4b" outcome="Failed" testListId="8c84fa94-04c1-424b-9868-57a2d4851a1d" relativeResultsDirectory="8977bd9b-cfcb-467f-8b44-3d59a3c457d3">
      <Output>
        <ErrorInfo>
          <Message>GdUnitSceneRunner: Can't load scene by given resource path: 'res://source/ui/menus/credits_menu.tscn'. The resource does not exists.</Message>
          <StackTrace>   at GdUnit4.Core.SceneRunner.LoadScene(String resourcePath)
   at GdUnit4.Core.SceneRunner..ctor(String resourcePath, Boolean autoFree, Boolean verbose)
   at GdUnit4.ISceneRunner.Load(String resourcePath, Boolean autoFree, Boolean verbose)
   at OmegaSpiral.Tests.Ui.CreditsMenuTests.Setup() in /home/adam/Dev/omega-spiral/chapter-zero/tests/ui/menus/CreditsMenuTests.cs:line 33
   at GdUnit4.Core.Execution.ExecutionStage`1.ExecuteStage(ExecutionContext context)
   at GdUnit4.Core.Execution.ExecutionStage`1.Execute(ExecutionContext context)
</StackTrace>
        </ErrorInfo>
      </Output>
    </UnitTestResult>
    <UnitTestResult executionId="87b208b6-bc36-43db-a427-1a70f83c5310" testId="d67f1482-8a5c-41ac-9112-1bbd158b7ddd" testName="[Before].ScanlineLayer_IsVisibleWithCorrectOpacity" computerName="omega" startTime="2025-10-30T07:50:46.1008864-04:00" endTime="2025-10-30T07:50:46.1008908-04:00" testType="13cdc9d9-ddb5-4fa4-a97d-d965ccfc6d4b" outcome="Failed" testListId="8c84fa94-04c1-424b-9868-57a2d4851a1d" relativeResultsDirectory="87b208b6-bc36-43db-a427-1a70f83c5310">
      <Output>
        <ErrorInfo>
          <Message>GdUnitSceneRunner: Can't load scene by given resource path: 'res://source/ui/menus/main_menu.tscn'. The resource does not exists.</Message>
          <StackTrace>   at GdUnit4.Core.SceneRunner.LoadScene(String resourcePath)
   at GdUnit4.Core.SceneRunner..ctor(String resourcePath, Boolean autoFree, Boolean verbose)
   at GdUnit4.ISceneRunner.Load(String resourcePath, Boolean autoFree, Boolean verbose)
   at OmegaSpiral.Tests.Ui.MainMenuTests.Setup() in /home/adam/Dev/omega-spiral/chapter-zero/tests/ui/menus/MainMenuTests.cs:line 34
   at GdUnit4.Core.Execution.ExecutionStage`1.ExecuteStage(ExecutionContext context)
   at GdUnit4.Core.Execution.ExecutionStage`1.Execute(ExecutionContext context)
</StackTrace>
        </ErrorInfo>
      </Output>
    </UnitTestResult>
    <UnitTestResult executionId="9dfe5250-73ae-457e-b56e-d502e3973387" testId="9398d445-c1a3-4293-bb75-f3677539c3b6" testName="[Before].PauseMenu_CanShowAndHide" computerName="omega" startTime="2025-10-30T07:50:47.4190874-04:00" endTime="2025-10-30T07:50:47.4190919-04:00" testType="13cdc9d9-ddb5-4fa4-a97d-d965ccfc6d4b" outcome="Failed" testListId="8c84fa94-04c1-424b-9868-57a2d4851a1d" relativeResultsDirectory="9dfe5250-73ae-457e-b56e-d502e3973387">
      <Output>
        <ErrorInfo>
          <Message>GdUnitSceneRunner: Can't load scene by given resource path: 'res://source/ui/menus/pause_menu.tscn'. The resource does not exists.</Message>
          <StackTrace>   at GdUnit4.Core.SceneRunner.LoadScene(String resourcePath)
   at GdUnit4.Core.SceneRunner..ctor(String resourcePath, Boolean autoFree, Boolean verbose)
   at GdUnit4.ISceneRunner.Load(String resourcePath, Boolean autoFree, Boolean verbose)
   at OmegaSpiral.Tests.Ui.PauseMenuTests.Setup() in /home/adam/Dev/omega-spiral/chapter-zero/tests/ui/menus/PauseMenuTests.cs:line 29
   at GdUnit4.Core.Execution.ExecutionStage`1.ExecuteStage(ExecutionContext context)
   at GdUnit4.Core.Execution.ExecutionStage`1.Execute(ExecutionContext context)
</StackTrace>
        </ErrorInfo>
      </Output>
    </UnitTestResult>
    <UnitTestResult executionId="184e4245-c9a9-4c7e-9ce6-43a4b06959a6" testId="9102ffdb-ca2e-4f31-a799-0485fda43e26" testName="OmegaSpiral.Tests.Ui.Omega.OmegaBorderFrame_UnitTests.Constructor_InitializesSuccessfully" computerName="omega" duration="00:00:00.0220000" startTime="2025-10-30T07:50:47.0675088-04:00" endTime="2025-10-30T07:50:47.0679011-04:00" testType="13cdc9d9-ddb5-4fa4-a97d-d965ccfc6d4b" outcome="Passed" testListId="8c84fa94-04c1-424b-9868-57a2d4851a1d" relativeResultsDirectory="184e4245-c9a9-4c7e-9ce6-43a4b06959a6" />
    <UnitTestResult executionId="0cc1e54e-b35e-48ac-b810-1b9f8b969ee6" testId="b1a9a7b9-1ce9-402d-b04b-ca423505549f" testName="[Before].GlitchLayer_IsVisibleWithCorrectOpacity" computerName="omega" startTime="2025-10-30T07:50:46.0807425-04:00" endTime="2025-10-30T07:50:46.0807475-04:00" testType="13cdc9d9-ddb5-4fa4-a97d-d965ccfc6d4b" outcome="Failed" testListId="8c84fa94-04c1-424b-9868-57a2d4851a1d" relativeResultsDirectory="0cc1e54e-b35e-48ac-b810-1b9f8b969ee6">
      <Output>
        <ErrorInfo>
          <Message>GdUnitSceneRunner: Can't load scene by given resource path: 'res://source/ui/menus/main_menu.tscn'. The resource does not exists.</Message>
          <StackTrace>   at GdUnit4.Core.SceneRunner.LoadScene(String resourcePath)
   at GdUnit4.Core.SceneRunner..ctor(String resourcePath, Boolean autoFree, Boolean verbose)
   at GdUnit4.ISceneRunner.Load(String resourcePath, Boolean autoFree, Boolean verbose)
   at OmegaSpiral.Tests.Ui.MainMenuTests.Setup() in /home/adam/Dev/omega-spiral/chapter-zero/tests/ui/menus/MainMenuTests.cs:line 34
   at GdUnit4.Core.Execution.ExecutionStage`1.ExecuteStage(ExecutionContext context)
   at GdUnit4.Core.Execution.ExecutionStage`1.Execute(ExecutionContext context)
</StackTrace>
        </ErrorInfo>
      </Output>
    </UnitTestResult>
    <UnitTestResult executionId="c793933e-3d85-4520-b99c-6bffca3ed1e8" testId="62349407-d262-473a-9fb0-7ecb14d5b94c" testName="OmegaSpiral.Tests.Ui.MenuUiTests.ButtonContainer_Exists" computerName="omega" duration="00:00:00.0130000" startTime="2025-10-30T07:50:46.6820493-04:00" endTime="2025-10-30T07:50:46.6845348-04:00" testType="13cdc9d9-ddb5-4fa4-a97d-d965ccfc6d4b" outcome="Failed" testListId="8c84fa94-04c1-424b-9868-57a2d4851a1d" relativeResultsDirectory="c793933e-3d85-4520-b99c-6bffca3ed1e8">
      <Output>
        <ErrorInfo>
          <Message>Expecting be NOT &lt;Null&gt;:</Message>
          <StackTrace>   at OmegaSpiral.Tests.Ui.MenuUiTests.ButtonContainer_Exists() in /home/adam/Dev/omega-spiral/chapter-zero/tests/ui/menus/MenuUiTests.cs:line 124
</StackTrace>
        </ErrorInfo>
      </Output>
    </UnitTestResult>
    <UnitTestResult executionId="db1074ae-581e-4a69-8e45-8a1333d1781f" testId="22798fa9-3b8f-4df0-be98-8904218aeafa" testName="[Before].Background_ShouldNotBeWhite" computerName="omega" startTime="2025-10-30T07:50:46.0779916-04:00" endTime="2025-10-30T07:50:46.0779945-04:00" testType="13cdc9d9-ddb5-4fa4-a97d-d965ccfc6d4b" outcome="Failed" testListId="8c84fa94-04c1-424b-9868-57a2d4851a1d" relativeResultsDirectory="db1074ae-581e-4a69-8e45-8a1333d1781f">
      <Output>
        <ErrorInfo>
          <Message>GdUnitSceneRunner: Can't load scene by given resource path: 'res://source/ui/menus/main_menu.tscn'. The resource does not exists.</Message>
          <StackTrace>   at GdUnit4.Core.SceneRunner.LoadScene(String resourcePath)
   at GdUnit4.Core.SceneRunner..ctor(String resourcePath, Boolean autoFree, Boolean verbose)
   at GdUnit4.ISceneRunner.Load(String resourcePath, Boolean autoFree, Boolean verbose)
   at OmegaSpiral.Tests.Ui.MainMenuTests.Setup() in /home/adam/Dev/omega-spiral/chapter-zero/tests/ui/menus/MainMenuTests.cs:line 34
   at GdUnit4.Core.Execution.ExecutionStage`1.ExecuteStage(ExecutionContext context)
   at GdUnit4.Core.Execution.ExecutionStage`1.Execute(ExecutionContext context)
</StackTrace>
        </ErrorInfo>
      </Output>
    </UnitTestResult>
    <UnitTestResult executionId="a57acccb-239c-4c20-9e7d-f3573415c752" testId="02480e9c-bc2c-4ac1-a82d-eae843a9278a" testName="OmegaSpiral.Tests.Ui.MainMenuTests.LaunchButton_HasPressedSignalHandler" computerName="omega" duration="00:00:00.0200000" startTime="2025-10-30T07:50:46.2678574-04:00" endTime="2025-10-30T07:50:46.2690757-04:00" testType="13cdc9d9-ddb5-4fa4-a97d-d965ccfc6d4b" outcome="Failed" testListId="8c84fa94-04c1-424b-9868-57a2d4851a1d" relativeResultsDirectory="a57acccb-239c-4c20-9e7d-f3573415c752">
      <Output>
        <ErrorInfo>
          <Message>Object reference not set to an instance of an object.</Message>
          <StackTrace>   at OmegaSpiral.Tests.Ui.MainMenuTests.LaunchButton_HasPressedSignalHandler() in /home/adam/Dev/omega-spiral/chapter-zero/tests/ui/menus/MainMenuTests.cs:line 214
   at System.Reflection.MethodBaseInvoker.InterpretedInvoke_Method(Object obj, IntPtr* args)
   at System.Reflection.MethodBaseInvoker.InvokeWithNoArgs(Object obj, BindingFlags invokeAttr)
</StackTrace>
        </ErrorInfo>
      </Output>
    </UnitTestResult>
    <UnitTestResult executionId="958acee2-95ea-445f-bcf0-2af3f1893b64" testId="930c418d-364c-463e-877b-e59b76f9be97" testName="OmegaSpiral.Tests.Unit.Common.Omega.OmegaSpiralColorsTests.PhosphorPulseRange_HasCorrectMinMax" computerName="omega" duration="00:00:00.0200000" startTime="2025-10-30T07:50:47.8430841-04:00" endTime="2025-10-30T07:50:47.8433757-04:00" testType="13cdc9d9-ddb5-4fa4-a97d-d965ccfc6d4b" outcome="Passed" testListId="8c84fa94-04c1-424b-9868-57a2d4851a1d" relativeResultsDirectory="958acee2-95ea-445f-bcf0-2af3f1893b64" />
    <UnitTestResult executionId="875a6b42-8b07-41ef-8f26-3cc4a2dd0ed3" testId="2bef795e-7696-4c26-b4ab-01877792054a" testName="[Before].CreditsMenu_CanShowAndHide" computerName="omega" startTime="2025-10-30T07:50:45.8060855-04:00" endTime="2025-10-30T07:50:45.8060910-04:00" testType="13cdc9d9-ddb5-4fa4-a97d-d965ccfc6d4b" outcome="Failed" testListId="8c84fa94-04c1-424b-9868-57a2d4851a1d" relativeResultsDirectory="875a6b42-8b07-41ef-8f26-3cc4a2dd0ed3">
      <Output>
        <ErrorInfo>
          <Message>GdUnitSceneRunner: Can't load scene by given resource path: 'res://source/ui/menus/credits_menu.tscn'. The resource does not exists.</Message>
          <StackTrace>   at GdUnit4.Core.SceneRunner.LoadScene(String resourcePath)
   at GdUnit4.Core.SceneRunner..ctor(String resourcePath, Boolean autoFree, Boolean verbose)
   at GdUnit4.ISceneRunner.Load(String resourcePath, Boolean autoFree, Boolean verbose)
   at OmegaSpiral.Tests.Ui.CreditsMenuTests.Setup() in /home/adam/Dev/omega-spiral/chapter-zero/tests/ui/menus/CreditsMenuTests.cs:line 33
   at GdUnit4.Core.Execution.ExecutionStage`1.ExecuteStage(ExecutionContext context)
   at GdUnit4.Core.Execution.ExecutionStage`1.Execute(ExecutionContext context)
</StackTrace>
        </ErrorInfo>
      </Output>
    </UnitTestResult>
    <UnitTestResult executionId="7e148942-25af-40f6-b4ce-7b177af22ff4" testId="2be71772-6011-4a16-ad06-ada3326c1471" testName="[Before].PauseMenu_HasBackground" computerName="omega" startTime="2025-10-30T07:50:47.4204067-04:00" endTime="2025-10-30T07:50:47.4204081-04:00" testType="13cdc9d9-ddb5-4fa4-a97d-d965ccfc6d4b" outcome="Failed" testListId="8c84fa94-04c1-424b-9868-57a2d4851a1d" relativeResultsDirectory="7e148942-25af-40f6-b4ce-7b177af22ff4">
      <Output>
        <ErrorInfo>
          <Message>GdUnitSceneRunner: Can't load scene by given resource path: 'res://source/ui/menus/pause_menu.tscn'. The resource does not exists.</Message>
          <StackTrace>   at GdUnit4.Core.SceneRunner.LoadScene(String resourcePath)
   at GdUnit4.Core.SceneRunner..ctor(String resourcePath, Boolean autoFree, Boolean verbose)
   at GdUnit4.ISceneRunner.Load(String resourcePath, Boolean autoFree, Boolean verbose)
   at OmegaSpiral.Tests.Ui.PauseMenuTests.Setup() in /home/adam/Dev/omega-spiral/chapter-zero/tests/ui/menus/PauseMenuTests.cs:line 29
   at GdUnit4.Core.Execution.ExecutionStage`1.ExecuteStage(ExecutionContext context)
   at GdUnit4.Core.Execution.ExecutionStage`1.Execute(ExecutionContext context)
</StackTrace>
        </ErrorInfo>
      </Output>
    </UnitTestResult>
    <UnitTestResult executionId="1c768946-a720-4ac3-ad5d-c69915cf89a5" testId="8c3f0e6d-4610-497a-9d42-47347e4392bd" testName="OmegaSpiral.Tests.Unit.Common.Omega.OmegaSpiralColorsTests.ShaderLayerColors_AreWhiteWithVaryingOpacity" computerName="omega" duration="00:00:00.0130000" startTime="2025-10-30T07:50:47.9257579-04:00" endTime="2025-10-30T07:50:47.9260397-04:00" testType="13cdc9d9-ddb5-4fa4-a97d-d965ccfc6d4b" outcome="Passed" testListId="8c84fa94-04c1-424b-9868-57a2d4851a1d" relativeResultsDirectory="1c768946-a720-4ac3-ad5d-c69915cf89a5" />
    <UnitTestResult executionId="e522d5a7-aa37-441f-b9e0-3eeb26481dda" testId="002e14e0-c4ed-4afe-ab04-726a01604ea3" testName="OmegaSpiral.Tests.Unit.Common.Omega.OmegaSpiralColorsTests.DeepSpace_MatchesDesignSpec" computerName="omega" duration="00:00:00.0160000" startTime="2025-10-30T07:50:47.6705565-04:00" endTime="2025-10-30T07:50:47.6708801-04:00" testType="13cdc9d9-ddb5-4fa4-a97d-d965ccfc6d4b" outcome="Passed" testListId="8c84fa94-04c1-424b-9868-57a2d4851a1d" relativeResultsDirectory="e522d5a7-aa37-441f-b9e0-3eeb26481dda" />
    <UnitTestResult executionId="25c23fe3-f25a-4fe4-aa97-5dc1b23b3938" testId="a7c646f7-8b8a-4d80-b737-64198aa87080" testName="[Before].Background_UsesCorrectDarkColor" computerName="omega" startTime="2025-10-30T07:50:46.0783598-04:00" endTime="2025-10-30T07:50:46.0783620-04:00" testType="13cdc9d9-ddb5-4fa4-a97d-d965ccfc6d4b" outcome="Failed" testListId="8c84fa94-04c1-424b-9868-57a2d4851a1d" relativeResultsDirectory="25c23fe3-f25a-4fe4-aa97-5dc1b23b3938">
      <Output>
        <ErrorInfo>
          <Message>GdUnitSceneRunner: Can't load scene by given resource path: 'res://source/ui/menus/main_menu.tscn'. The resource does not exists.</Message>
          <StackTrace>   at GdUnit4.Core.SceneRunner.LoadScene(String resourcePath)
   at GdUnit4.Core.SceneRunner..ctor(String resourcePath, Boolean autoFree, Boolean verbose)
   at GdUnit4.ISceneRunner.Load(String resourcePath, Boolean autoFree, Boolean verbose)
   at OmegaSpiral.Tests.Ui.MainMenuTests.Setup() in /home/adam/Dev/omega-spiral/chapter-zero/tests/ui/menus/MainMenuTests.cs:line 34
   at GdUnit4.Core.Execution.ExecutionStage`1.ExecuteStage(ExecutionContext context)
   at GdUnit4.Core.Execution.ExecutionStage`1.Execute(ExecutionContext context)
</StackTrace>
        </ErrorInfo>
      </Output>
    </UnitTestResult>
    <UnitTestResult executionId="4ad12a75-d698-498d-bd05-ff8010ba6837" testId="38687d3d-c1d0-4e36-8ee6-ca4a50fc7f00" testName="OmegaSpiral.Tests.Ui.MainMenuTests.MenuActionBar_Exists" computerName="omega" duration="00:00:00.0100000" startTime="2025-10-30T07:50:46.1700161-04:00" endTime="2025-10-30T07:50:46.1705521-04:00" testType="13cdc9d9-ddb5-4fa4-a97d-d965ccfc6d4b" outcome="Failed" testListId="8c84fa94-04c1-424b-9868-57a2d4851a1d" relativeResultsDirectory="4ad12a75-d698-498d-bd05-ff8010ba6837">
      <Output>
        <ErrorInfo>
          <Message>Object reference not set to an instance of an object.</Message>
          <StackTrace>   at OmegaSpiral.Tests.Ui.MainMenuTests.MenuActionBar_Exists() in /home/adam/Dev/omega-spiral/chapter-zero/tests/ui/menus/MainMenuTests.cs:line 94
   at System.Reflection.MethodBaseInvoker.InterpretedInvoke_Method(Object obj, IntPtr* args)
   at System.Reflection.MethodBaseInvoker.InvokeWithNoArgs(Object obj, BindingFlags invokeAttr)
</StackTrace>
        </ErrorInfo>
      </Output>
    </UnitTestResult>
    <UnitTestResult executionId="75c57266-306d-43e6-a5e7-ee65789aff33" testId="4429e03d-3632-4c73-9ab7-1e6bd62d68b3" testName="OmegaSpiral.Tests.Ui.Omega.OmegaBorderFrame_UnitTests.UpdateThreadColors_ChangesAllThreads" computerName="omega" duration="00:00:00.0220000" startTime="2025-10-30T07:50:47.3355948-04:00" endTime="2025-10-30T07:50:47.3358883-04:00" testType="13cdc9d9-ddb5-4fa4-a97d-d965ccfc6d4b" outcome="Failed" testListId="8c84fa94-04c1-424b-9868-57a2d4851a1d" relativeResultsDirectory="75c57266-306d-43e6-a5e7-ee65789aff33">
      <Output>
        <ErrorInfo>
          <Message>Object reference not set to an instance of an object.</Message>
          <StackTrace>   at OmegaSpiral.Tests.Ui.Omega.OmegaBorderFrame_UnitTests.UpdateThreadColors_ChangesAllThreads() in /home/adam/Dev/omega-spiral/chapter-zero/tests/ui/omega/OmegaBorderFrameTests.cs:line 267
   at System.Reflection.MethodBaseInvoker.InterpretedInvoke_Method(Object obj, IntPtr* args)
   at System.Reflection.MethodBaseInvoker.InvokeWithNoArgs(Object obj, BindingFlags invokeAttr)
</StackTrace>
        </ErrorInfo>
      </Output>
    </UnitTestResult>
    <UnitTestResult executionId="a63d57f4-7ec5-4822-a422-cae25a34cb45" testId="43a82624-d1b1-419b-8335-5f0beb700da0" testName="OmegaSpiral.Tests.Ui.MenuUiUnitTests.GetFocusedButton_ReturnsNullWhenNoFocus" computerName="omega" duration="00:00:00.0250000" startTime="2025-10-30T07:50:46.9436938-04:00" endTime="2025-10-30T07:50:46.9440609-04:00" testType="13cdc9d9-ddb5-4fa4-a97d-d965ccfc6d4b" outcome="Failed" testListId="8c84fa94-04c1-424b-9868-57a2d4851a1d" relativeResultsDirectory="a63d57f4-7ec5-4822-a422-cae25a34cb45">
      <Output>
        <ErrorInfo>
          <Message>Expecting be NOT &lt;Null&gt;:</Message>
          <StackTrace>   at OmegaSpiral.Tests.Ui.MenuUiUnitTests.GetFocusedButton_ReturnsNullWhenNoFocus() in /home/adam/Dev/omega-spiral/chapter-zero/tests/ui/menus/BaseMenuUiUnitTests.cs:line 112
</StackTrace>
        </ErrorInfo>
      </Output>
    </UnitTestResult>
    <UnitTestResult executionId="12081eb8-37e1-4df2-b244-145cb55d09d5" testId="dd6b32a4-d6e1-4e4f-8c62-3eecec7076a1" testName="[Before].QuitButton_Exists" computerName="omega" startTime="2025-10-30T07:50:46.0992670-04:00" endTime="2025-10-30T07:50:46.0992710-04:00" testType="13cdc9d9-ddb5-4fa4-a97d-d965ccfc6d4b" outcome="Failed" testListId="8c84fa94-04c1-424b-9868-57a2d4851a1d" relativeResultsDirectory="12081eb8-37e1-4df2-b244-145cb55d09d5">
      <Output>
        <ErrorInfo>
          <Message>GdUnitSceneRunner: Can't load scene by given resource path: 'res://source/ui/menus/main_menu.tscn'. The resource does not exists.</Message>
          <StackTrace>   at GdUnit4.Core.SceneRunner.LoadScene(String resourcePath)
   at GdUnit4.Core.SceneRunner..ctor(String resourcePath, Boolean autoFree, Boolean verbose)
   at GdUnit4.ISceneRunner.Load(String resourcePath, Boolean autoFree, Boolean verbose)
   at OmegaSpiral.Tests.Ui.MainMenuTests.Setup() in /home/adam/Dev/omega-spiral/chapter-zero/tests/ui/menus/MainMenuTests.cs:line 34
   at GdUnit4.Core.Execution.ExecutionStage`1.ExecuteStage(ExecutionContext context)
   at GdUnit4.Core.Execution.ExecutionStage`1.Execute(ExecutionContext context)
</StackTrace>
        </ErrorInfo>
      </Output>
    </UnitTestResult>
    <UnitTestResult executionId="0732c266-4681-44b2-b2e3-4ff1bc560d40" testId="62349407-d262-473a-9fb0-7ecb14d5b94c" testName="[Before].ButtonContainer_Exists" computerName="omega" startTime="2025-10-30T07:50:46.5729947-04:00" endTime="2025-10-30T07:50:46.5729967-04:00" testType="13cdc9d9-ddb5-4fa4-a97d-d965ccfc6d4b" outcome="Failed" testListId="8c84fa94-04c1-424b-9868-57a2d4851a1d" relativeResultsDirectory="0732c266-4681-44b2-b2e3-4ff1bc560d40">
      <Output>
        <ErrorInfo>
          <Message>GdUnitSceneRunner: Can't load scene by given resource path: 'res://tests/fixtures/ui/menus/base_menu_ui_test.tscn'. The resource does not exists.</Message>
          <StackTrace>   at GdUnit4.Core.SceneRunner.LoadScene(String resourcePath)
   at GdUnit4.Core.SceneRunner..ctor(String resourcePath, Boolean autoFree, Boolean verbose)
   at GdUnit4.ISceneRunner.Load(String resourcePath, Boolean autoFree, Boolean verbose)
   at OmegaSpiral.Tests.Ui.MenuUiTests.Setup() in /home/adam/Dev/omega-spiral/chapter-zero/tests/ui/menus/MenuUiTests.cs:line 32
   at GdUnit4.Core.Execution.ExecutionStage`1.ExecuteStage(ExecutionContext context)
   at GdUnit4.Core.Execution.ExecutionStage`1.Execute(ExecutionContext context)
</StackTrace>
        </ErrorInfo>
      </Output>
    </UnitTestResult>
    <UnitTestResult executionId="53635da3-b72b-47b2-8a4e-8c8b857582db" testId="a2648689-5f1e-4361-b6af-bd9d64301b20" testName="OmegaSpiral.Tests.Ui.Omega.OmegaBorderFrame_UnitTests.ConfigureAnimationSpeed_AcceptsZero" computerName="omega" duration="00:00:00.0270000" startTime="2025-10-30T07:50:47.3118417-04:00" endTime="2025-10-30T07:50:47.3121156-04:00" testType="13cdc9d9-ddb5-4fa4-a97d-d965ccfc6d4b" outcome="Failed" testListId="8c84fa94-04c1-424b-9868-57a2d4851a1d" relativeResultsDirectory="53635da3-b72b-47b2-8a4e-8c8b857582db">
      <Output>
        <ErrorInfo>
          <Message>Expecting be equal:
    '0' but is '0.05'</Message>
          <StackTrace>   at OmegaSpiral.Tests.Ui.Omega.OmegaBorderFrame_UnitTests.ConfigureAnimationSpeed_AcceptsZero() in /home/adam/Dev/omega-spiral/chapter-zero/tests/ui/omega/OmegaBorderFrameTests.cs:line 247
</StackTrace>
        </ErrorInfo>
      </Output>
    </UnitTestResult>
    <UnitTestResult executionId="c3481e3a-b357-48e8-900e-323ab99ad8c3" testId="e7d55661-d96b-4490-84e4-ccc724ed9e89" testName="[Before].PhosphorLayer_IsVisibleWithCorrectOpacity" computerName="omega" startTime="2025-10-30T07:50:46.0987736-04:00" endTime="2025-10-30T07:50:46.0987799-04:00" testType="13cdc9d9-ddb5-4fa4-a97d-d965ccfc6d4b" outcome="Failed" testListId="8c84fa94-04c1-424b-9868-57a2d4851a1d" relativeResultsDirectory="c3481e3a-b357-48e8-900e-323ab99ad8c3">
      <Output>
        <ErrorInfo>
          <Message>GdUnitSceneRunner: Can't load scene by given resource path: 'res://source/ui/menus/main_menu.tscn'. The resource does not exists.</Message>
          <StackTrace>   at GdUnit4.Core.SceneRunner.LoadScene(String resourcePath)
   at GdUnit4.Core.SceneRunner..ctor(String resourcePath, Boolean autoFree, Boolean verbose)
   at GdUnit4.ISceneRunner.Load(String resourcePath, Boolean autoFree, Boolean verbose)
   at OmegaSpiral.Tests.Ui.MainMenuTests.Setup() in /home/adam/Dev/omega-spiral/chapter-zero/tests/ui/menus/MainMenuTests.cs:line 34
   at GdUnit4.Core.Execution.ExecutionStage`1.ExecuteStage(ExecutionContext context)
   at GdUnit4.Core.Execution.ExecutionStage`1.Execute(ExecutionContext context)
</StackTrace>
        </ErrorInfo>
      </Output>
    </UnitTestResult>
    <UnitTestResult executionId="eaf553d2-b947-4b91-9f60-edbe16552d0d" testId="69d64e1d-6788-4d28-acd1-a46bd7f6a193" testName="[Before].MenuButtonContainer_ExistsAndHasButtons" computerName="omega" startTime="2025-10-30T07:50:46.0875377-04:00" endTime="2025-10-30T07:50:46.0875418-04:00" testType="13cdc9d9-ddb5-4fa4-a97d-d965ccfc6d4b" outcome="Failed" testListId="8c84fa94-04c1-424b-9868-57a2d4851a1d" relativeResultsDirectory="eaf553d2-b947-4b91-9f60-edbe16552d0d">
      <Output>
        <ErrorInfo>
          <Message>GdUnitSceneRunner: Can't load scene by given resource path: 'res://source/ui/menus/main_menu.tscn'. The resource does not exists.</Message>
          <StackTrace>   at GdUnit4.Core.SceneRunner.LoadScene(String resourcePath)
   at GdUnit4.Core.SceneRunner..ctor(String resourcePath, Boolean autoFree, Boolean verbose)
   at GdUnit4.ISceneRunner.Load(String resourcePath, Boolean autoFree, Boolean verbose)
   at OmegaSpiral.Tests.Ui.MainMenuTests.Setup() in /home/adam/Dev/omega-spiral/chapter-zero/tests/ui/menus/MainMenuTests.cs:line 34
   at GdUnit4.Core.Execution.ExecutionStage`1.ExecuteStage(ExecutionContext context)
   at GdUnit4.Core.Execution.ExecutionStage`1.Execute(ExecutionContext context)
</StackTrace>
        </ErrorInfo>
      </Output>
    </UnitTestResult>
    <UnitTestResult executionId="4713f3d5-2a56-4b55-a5f8-42da0727b075" testId="39b03b19-3834-4ec3-a271-6d5bc6c1722f" testName="OmegaSpiral.Tests.Ui.MenuUiTests.GetFocusedButton_ReturnsCorrectButton" computerName="omega" duration="00:00:00.0200000" startTime="2025-10-30T07:50:46.7719692-04:00" endTime="2025-10-30T07:50:46.7725444-04:00" testType="13cdc9d9-ddb5-4fa4-a97d-d965ccfc6d4b" outcome="Failed" testListId="8c84fa94-04c1-424b-9868-57a2d4851a1d" relativeResultsDirectory="4713f3d5-2a56-4b55-a5f8-42da0727b075">
      <Output>
        <ErrorInfo>
          <Message>Expecting be NOT &lt;Null&gt;:</Message>
          <StackTrace>   at OmegaSpiral.Tests.Ui.MenuUiTests.GetFocusedButton_ReturnsCorrectButton() in /home/adam/Dev/omega-spiral/chapter-zero/tests/ui/menus/MenuUiTests.cs:line 223
</StackTrace>
        </ErrorInfo>
      </Output>
    </UnitTestResult>
    <UnitTestResult executionId="fd5025f6-570f-4c38-bca4-3694f81bd05b" testId="64adcc18-53a5-4ba2-907c-1c3bd8371a6d" testName="OmegaSpiral.Tests.Ui.MainMenuTests.MenuTitle_UsesCorrectFontSize" computerName="omega" duration="00:00:00.0120000" startTime="2025-10-30T07:50:46.3506733-04:00" endTime="2025-10-30T07:50:46.3511021-04:00" testType="13cdc9d9-ddb5-4fa4-a97d-d965ccfc6d4b" outcome="Failed" testListId="8c84fa94-04c1-424b-9868-57a2d4851a1d" relativeResultsDirectory="fd5025f6-570f-4c38-bca4-3694f81bd05b">
      <Output>
        <ErrorInfo>
          <Message>Object reference not set to an instance of an object.</Message>
          <StackTrace>   at OmegaSpiral.Tests.Ui.MainMenuTests.MenuTitle_UsesCorrectFontSize() in /home/adam/Dev/omega-spiral/chapter-zero/tests/ui/menus/MainMenuTests.cs:line 298
   at System.Reflection.MethodBaseInvoker.InterpretedInvoke_Method(Object obj, IntPtr* args)
   at System.Reflection.MethodBaseInvoker.InvokeWithNoArgs(Object obj, BindingFlags invokeAttr)
</StackTrace>
        </ErrorInfo>
      </Output>
    </UnitTestResult>
    <UnitTestResult executionId="53d8a61d-a964-4a33-b880-ad0a93072f94" testId="49adcff1-db80-467b-8515-a624dfa4509a" testName="OmegaSpiral.Tests.Unit.Common.Omega.OmegaSpiralColorsTests.WarmAmber_MatchesDesignSpec" computerName="omega" duration="00:00:00.0200000" startTime="2025-10-30T07:50:47.6156902-04:00" endTime="2025-10-30T07:50:47.6159915-04:00" testType="13cdc9d9-ddb5-4fa4-a97d-d965ccfc6d4b" outcome="Passed" testListId="8c84fa94-04c1-424b-9868-57a2d4851a1d" relativeResultsDirectory="53d8a61d-a964-4a33-b880-ad0a93072f94" />
    <UnitTestResult executionId="4bb17e66-b914-463d-a75c-3ad3ef05c7bc" testId="ea92b4a5-eafd-4c12-82f0-464d4059745f" testName="[Before].Menu_IsEnabledByDefault" computerName="omega" startTime="2025-10-30T07:50:46.5748065-04:00" endTime="2025-10-30T07:50:46.5748082-04:00" testType="13cdc9d9-ddb5-4fa4-a97d-d965ccfc6d4b" outcome="Failed" testListId="8c84fa94-04c1-424b-9868-57a2d4851a1d" relativeResultsDirectory="4bb17e66-b914-463d-a75c-3ad3ef05c7bc">
      <Output>
        <ErrorInfo>
          <Message>GdUnitSceneRunner: Can't load scene by given resource path: 'res://tests/fixtures/ui/menus/base_menu_ui_test.tscn'. The resource does not exists.</Message>
          <StackTrace>   at GdUnit4.Core.SceneRunner.LoadScene(String resourcePath)
   at GdUnit4.Core.SceneRunner..ctor(String resourcePath, Boolean autoFree, Boolean verbose)
   at GdUnit4.ISceneRunner.Load(String resourcePath, Boolean autoFree, Boolean verbose)
   at OmegaSpiral.Tests.Ui.MenuUiTests.Setup() in /home/adam/Dev/omega-spiral/chapter-zero/tests/ui/menus/MenuUiTests.cs:line 32
   at GdUnit4.Core.Execution.ExecutionStage`1.ExecuteStage(ExecutionContext context)
   at GdUnit4.Core.Execution.ExecutionStage`1.Execute(ExecutionContext context)
</StackTrace>
        </ErrorInfo>
      </Output>
    </UnitTestResult>
    <UnitTestResult executionId="10e9818e-2310-41b8-985a-15844ad412f1" testId="8c5fccc5-7be6-4a91-a2f1-46c4a81fff93" testName="[Before].FocusFirstButton_WorksCorrectly" computerName="omega" startTime="2025-10-30T07:50:46.8240432-04:00" endTime="2025-10-30T07:50:46.8240473-04:00" testType="13cdc9d9-ddb5-4fa4-a97d-d965ccfc6d4b" outcome="Failed" testListId="8c84fa94-04c1-424b-9868-57a2d4851a1d" relativeResultsDirectory="10e9818e-2310-41b8-985a-15844ad412f1">
      <Output>
        <ErrorInfo>
          <Message>GdUnitSceneRunner: Can't load scene by given resource path: 'res://tests/fixtures/ui/menus/base_menu_ui_test.tscn'. The resource does not exists.</Message>
          <StackTrace>   at GdUnit4.Core.SceneRunner.LoadScene(String resourcePath)
   at GdUnit4.Core.SceneRunner..ctor(String resourcePath, Boolean autoFree, Boolean verbose)
   at GdUnit4.ISceneRunner.Load(String resourcePath, Boolean autoFree, Boolean verbose)
   at OmegaSpiral.Tests.Ui.MenuUiUnitTests.Setup() in /home/adam/Dev/omega-spiral/chapter-zero/tests/ui/menus/BaseMenuUiUnitTests.cs:line 30
   at GdUnit4.Core.Execution.ExecutionStage`1.ExecuteStage(ExecutionContext context)
   at GdUnit4.Core.Execution.ExecutionStage`1.Execute(ExecutionContext context)
</StackTrace>
        </ErrorInfo>
      </Output>
    </UnitTestResult>
    <UnitTestResult executionId="8b93b49a-d783-49d9-bb52-09514999493d" testId="69d64e1d-6788-4d28-acd1-a46bd7f6a193" testName="OmegaSpiral.Tests.Ui.MainMenuTests.MenuButtonContainer_ExistsAndHasButtons" computerName="omega" duration="00:00:00.0320000" startTime="2025-10-30T07:50:46.1572912-04:00" endTime="2025-10-30T07:50:46.1580657-04:00" testType="13cdc9d9-ddb5-4fa4-a97d-d965ccfc6d4b" outcome="Failed" testListId="8c84fa94-04c1-424b-9868-57a2d4851a1d" relativeResultsDirectory="8b93b49a-d783-49d9-bb52-09514999493d">
      <Output>
        <ErrorInfo>
          <Message>Object reference not set to an instance of an object.</Message>
          <StackTrace>   at OmegaSpiral.Tests.Ui.MainMenuTests.MenuButtonContainer_ExistsAndHasButtons() in /home/adam/Dev/omega-spiral/chapter-zero/tests/ui/menus/MainMenuTests.cs:line 80
   at System.Reflection.MethodBaseInvoker.InterpretedInvoke_Method(Object obj, IntPtr* args)
   at System.Reflection.MethodBaseInvoker.InvokeWithNoArgs(Object obj, BindingFlags invokeAttr)
</StackTrace>
        </ErrorInfo>
      </Output>
    </UnitTestResult>
    <UnitTestResult executionId="6471050e-d751-4552-bd58-084069632efb" testId="d896e900-7f3b-48fb-a67a-6a7eeb56a803" testName="[Before].MenuTitle_UsesAmberDesignColor" computerName="omega" startTime="2025-10-30T07:50:46.0939917-04:00" endTime="2025-10-30T07:50:46.0939977-04:00" testType="13cdc9d9-ddb5-4fa4-a97d-d965ccfc6d4b" outcome="Failed" testListId="8c84fa94-04c1-424b-9868-57a2d4851a1d" relativeResultsDirectory="6471050e-d751-4552-bd58-084069632efb">
      <Output>
        <ErrorInfo>
          <Message>GdUnitSceneRunner: Can't load scene by given resource path: 'res://source/ui/menus/main_menu.tscn'. The resource does not exists.</Message>
          <StackTrace>   at GdUnit4.Core.SceneRunner.LoadScene(String resourcePath)
   at GdUnit4.Core.SceneRunner..ctor(String resourcePath, Boolean autoFree, Boolean verbose)
   at GdUnit4.ISceneRunner.Load(String resourcePath, Boolean autoFree, Boolean verbose)
   at OmegaSpiral.Tests.Ui.MainMenuTests.Setup() in /home/adam/Dev/omega-spiral/chapter-zero/tests/ui/menus/MainMenuTests.cs:line 34
   at GdUnit4.Core.Execution.ExecutionStage`1.ExecuteStage(ExecutionContext context)
   at GdUnit4.Core.Execution.ExecutionStage`1.Execute(ExecutionContext context)
</StackTrace>
        </ErrorInfo>
      </Output>
    </UnitTestResult>
    <UnitTestResult executionId="74f8d8dc-e218-4a7f-8131-c6e49c1dbbd1" testId="2a5b6fd6-ab89-41f4-81ad-87d34d60503f" testName="[Before].OptionsButton_HasPressedSignalHandler" computerName="omega" startTime="2025-10-30T07:50:46.0965400-04:00" endTime="2025-10-30T07:50:46.0965423-04:00" testType="13cdc9d9-ddb5-4fa4-a97d-d965ccfc6d4b" outcome="Failed" testListId="8c84fa94-04c1-424b-9868-57a2d4851a1d" relativeResultsDirectory="74f8d8dc-e218-4a7f-8131-c6e49c1dbbd1">
      <Output>
        <ErrorInfo>
          <Message>GdUnitSceneRunner: Can't load scene by given resource path: 'res://source/ui/menus/main_menu.tscn'. The resource does not exists.</Message>
          <StackTrace>   at GdUnit4.Core.SceneRunner.LoadScene(String resourcePath)
   at GdUnit4.Core.SceneRunner..ctor(String resourcePath, Boolean autoFree, Boolean verbose)
   at GdUnit4.ISceneRunner.Load(String resourcePath, Boolean autoFree, Boolean verbose)
   at OmegaSpiral.Tests.Ui.MainMenuTests.Setup() in /home/adam/Dev/omega-spiral/chapter-zero/tests/ui/menus/MainMenuTests.cs:line 34
   at GdUnit4.Core.Execution.ExecutionStage`1.ExecuteStage(ExecutionContext context)
   at GdUnit4.Core.Execution.ExecutionStage`1.Execute(ExecutionContext context)
</StackTrace>
        </ErrorInfo>
      </Output>
    </UnitTestResult>
    <UnitTestResult executionId="255c38fb-071c-4e1e-a66f-ba2a6cd58665" testId="dd6b32a4-d6e1-4e4f-8c62-3eecec7076a1" testName="OmegaSpiral.Tests.Ui.MainMenuTests.QuitButton_Exists" computerName="omega" duration="00:00:00.0200000" startTime="2025-10-30T07:50:46.2479383-04:00" endTime="2025-10-30T07:50:46.2486190-04:00" testType="13cdc9d9-ddb5-4fa4-a97d-d965ccfc6d4b" outcome="Failed" testListId="8c84fa94-04c1-424b-9868-57a2d4851a1d" relativeResultsDirectory="255c38fb-071c-4e1e-a66f-ba2a6cd58665">
      <Output>
        <ErrorInfo>
          <Message>Object reference not set to an instance of an object.</Message>
          <StackTrace>   at OmegaSpiral.Tests.Ui.MainMenuTests.QuitButton_Exists() in /home/adam/Dev/omega-spiral/chapter-zero/tests/ui/menus/MainMenuTests.cs:line 198
   at System.Reflection.MethodBaseInvoker.InterpretedInvoke_Method(Object obj, IntPtr* args)
   at System.Reflection.MethodBaseInvoker.InvokeWithNoArgs(Object obj, BindingFlags invokeAttr)
</StackTrace>
        </ErrorInfo>
      </Output>
    </UnitTestResult>
    <UnitTestResult executionId="c98e938d-64ea-4e9d-bf57-68ad1e5aed2e" testId="2ecae4da-054b-4403-8954-847d93c28d1d" testName="[Before].FocusFirstButton_WorksCorrectly" computerName="omega" startTime="2025-10-30T07:50:46.5741007-04:00" endTime="2025-10-30T07:50:46.5741024-04:00" testType="13cdc9d9-ddb5-4fa4-a97d-d965ccfc6d4b" outcome="Failed" testListId="8c84fa94-04c1-424b-9868-57a2d4851a1d" relativeResultsDirectory="c98e938d-64ea-4e9d-bf57-68ad1e5aed2e">
      <Output>
        <ErrorInfo>
          <Message>GdUnitSceneRunner: Can't load scene by given resource path: 'res://tests/fixtures/ui/menus/base_menu_ui_test.tscn'. The resource does not exists.</Message>
          <StackTrace>   at GdUnit4.Core.SceneRunner.LoadScene(String resourcePath)
   at GdUnit4.Core.SceneRunner..ctor(String resourcePath, Boolean autoFree, Boolean verbose)
   at GdUnit4.ISceneRunner.Load(String resourcePath, Boolean autoFree, Boolean verbose)
   at OmegaSpiral.Tests.Ui.MenuUiTests.Setup() in /home/adam/Dev/omega-spiral/chapter-zero/tests/ui/menus/MenuUiTests.cs:line 32
   at GdUnit4.Core.Execution.ExecutionStage`1.ExecuteStage(ExecutionContext context)
   at GdUnit4.Core.Execution.ExecutionStage`1.Execute(ExecutionContext context)
</StackTrace>
        </ErrorInfo>
      </Output>
    </UnitTestResult>
    <UnitTestResult executionId="f2a30e53-8422-4039-a4ca-5e2e0d4f6110" testId="2c66400f-8c24-442f-8720-5d1cdf36a44d" testName="OmegaSpiral.Tests.Ui.PauseMenuTests.PauseMenu_HasButtons" computerName="omega" duration="00:00:00.0200000" startTime="2025-10-30T07:50:47.4936982-04:00" endTime="2025-10-30T07:50:47.4939719-04:00" testType="13cdc9d9-ddb5-4fa4-a97d-d965ccfc6d4b" outcome="Failed" testListId="8c84fa94-04c1-424b-9868-57a2d4851a1d" relativeResultsDirectory="f2a30e53-8422-4039-a4ca-5e2e0d4f6110">
      <Output>
        <ErrorInfo>
          <Message>Object reference not set to an instance of an object.</Message>
          <StackTrace>   at OmegaSpiral.Tests.Ui.PauseMenuTests.PauseMenu_HasButtons() in /home/adam/Dev/omega-spiral/chapter-zero/tests/ui/menus/PauseMenuTests.cs:line 92
   at System.Reflection.MethodBaseInvoker.InterpretedInvoke_Method(Object obj, IntPtr* args)
   at System.Reflection.MethodBaseInvoker.InvokeWithNoArgs(Object obj, BindingFlags invokeAttr)
</StackTrace>
        </ErrorInfo>
      </Output>
    </UnitTestResult>
    <UnitTestResult executionId="77a3d0a4-5762-4425-b2a4-220832e1baad" testId="f85710e0-be8f-4dc5-b037-3052fb22da2a" testName="OmegaSpiral.Tests.Ui.MenuUiTests.ButtonContainer_CanAddButtons" computerName="omega" duration="00:00:00.0200000" startTime="2025-10-30T07:50:46.7229784-04:00" endTime="2025-10-30T07:50:46.7234764-04:00" testType="13cdc9d9-ddb5-4fa4-a97d-d965ccfc6d4b" outcome="Failed" testListId="8c84fa94-04c1-424b-9868-57a2d4851a1d" relativeResultsDirectory="77a3d0a4-5762-4425-b2a4-220832e1baad">
      <Output>
        <ErrorInfo>
          <Message>Expecting be NOT &lt;Null&gt;:</Message>
          <StackTrace>   at OmegaSpiral.Tests.Ui.MenuUiTests.ButtonContainer_CanAddButtons() in /home/adam/Dev/omega-spiral/chapter-zero/tests/ui/menus/MenuUiTests.cs:line 154
</StackTrace>
        </ErrorInfo>
      </Output>
    </UnitTestResult>
    <UnitTestResult executionId="0f06b1ab-699c-4fbf-be32-b948a44dd7f7" testId="e679231b-9fbc-4fd4-a6e5-2860c918c4c2" testName="OmegaSpiral.Tests.Ui.MainMenuTests.QuitButton_HasPressedSignalHandler" computerName="omega" duration="00:00:00.0110000" startTime="2025-10-30T07:50:46.3018480-04:00" endTime="2025-10-30T07:50:46.3022738-04:00" testType="13cdc9d9-ddb5-4fa4-a97d-d965ccfc6d4b" outcome="Failed" testListId="8c84fa94-04c1-424b-9868-57a2d4851a1d" relativeResultsDirectory="0f06b1ab-699c-4fbf-be32-b948a44dd7f7">
      <Output>
        <ErrorInfo>
          <Message>Object reference not set to an instance of an object.</Message>
          <StackTrace>   at OmegaSpiral.Tests.Ui.MainMenuTests.QuitButton_HasPressedSignalHandler() in /home/adam/Dev/omega-spiral/chapter-zero/tests/ui/menus/MainMenuTests.cs:line 242
   at System.Reflection.MethodBaseInvoker.InterpretedInvoke_Method(Object obj, IntPtr* args)
   at System.Reflection.MethodBaseInvoker.InvokeWithNoArgs(Object obj, BindingFlags invokeAttr)
</StackTrace>
        </ErrorInfo>
      </Output>
    </UnitTestResult>
    <UnitTestResult executionId="7c49de69-a5ba-4d47-83d3-ef57d46d40fb" testId="04a40bfb-2687-4aec-902b-3c89f90f986c" testName="OmegaSpiral.Tests.Unit.Common.Omega.OmegaSpiralColorsTests.PrimaryColors_HaveFullOpacity" computerName="omega" duration="00:00:00.0340000" startTime="2025-10-30T07:50:47.9120735-04:00" endTime="2025-10-30T07:50:47.9123532-04:00" testType="13cdc9d9-ddb5-4fa4-a97d-d965ccfc6d4b" outcome="Passed" testListId="8c84fa94-04c1-424b-9868-57a2d4851a1d" relativeResultsDirectory="7c49de69-a5ba-4d47-83d3-ef57d46d40fb" />
    <UnitTestResult executionId="d9d574d5-f321-4404-8d43-06a943fcb1a2" testId="b59c2d72-2720-4b66-8a9a-6e3b576e6c63" testName="[Before].ActionBar_Exists" computerName="omega" startTime="2025-10-30T07:50:46.5721902-04:00" endTime="2025-10-30T07:50:46.5721931-04:00" testType="13cdc9d9-ddb5-4fa4-a97d-d965ccfc6d4b" outcome="Failed" testListId="8c84fa94-04c1-424b-9868-57a2d4851a1d" relativeResultsDirectory="d9d574d5-f321-4404-8d43-06a943fcb1a2">
      <Output>
        <ErrorInfo>
          <Message>GdUnitSceneRunner: Can't load scene by given resource path: 'res://tests/fixtures/ui/menus/base_menu_ui_test.tscn'. The resource does not exists.</Message>
          <StackTrace>   at GdUnit4.Core.SceneRunner.LoadScene(String resourcePath)
   at GdUnit4.Core.SceneRunner..ctor(String resourcePath, Boolean autoFree, Boolean verbose)
   at GdUnit4.ISceneRunner.Load(String resourcePath, Boolean autoFree, Boolean verbose)
   at OmegaSpiral.Tests.Ui.MenuUiTests.Setup() in /home/adam/Dev/omega-spiral/chapter-zero/tests/ui/menus/MenuUiTests.cs:line 32
   at GdUnit4.Core.Execution.ExecutionStage`1.ExecuteStage(ExecutionContext context)
   at GdUnit4.Core.Execution.ExecutionStage`1.Execute(ExecutionContext context)
</StackTrace>
        </ErrorInfo>
      </Output>
    </UnitTestResult>
    <UnitTestResult executionId="0657fb2d-8508-4dd9-9c54-c84bea5a2806" testId="bb5fbb05-5361-41df-92b1-b8b8e8dd0e3c" testName="[Before].MenuTitle_IsHorizontallyCentered" computerName="omega" startTime="2025-10-30T07:50:46.0913064-04:00" endTime="2025-10-30T07:50:46.0913081-04:00" testType="13cdc9d9-ddb5-4fa4-a97d-d965ccfc6d4b" outcome="Failed" testListId="8c84fa94-04c1-424b-9868-57a2d4851a1d" relativeResultsDirectory="0657fb2d-8508-4dd9-9c54-c84bea5a2806">
      <Output>
        <ErrorInfo>
          <Message>GdUnitSceneRunner: Can't load scene by given resource path: 'res://source/ui/menus/main_menu.tscn'. The resource does not exists.</Message>
          <StackTrace>   at GdUnit4.Core.SceneRunner.LoadScene(String resourcePath)
   at GdUnit4.Core.SceneRunner..ctor(String resourcePath, Boolean autoFree, Boolean verbose)
   at GdUnit4.ISceneRunner.Load(String resourcePath, Boolean autoFree, Boolean verbose)
   at OmegaSpiral.Tests.Ui.MainMenuTests.Setup() in /home/adam/Dev/omega-spiral/chapter-zero/tests/ui/menus/MainMenuTests.cs:line 34
   at GdUnit4.Core.Execution.ExecutionStage`1.ExecuteStage(ExecutionContext context)
   at GdUnit4.Core.Execution.ExecutionStage`1.Execute(ExecutionContext context)
</StackTrace>
        </ErrorInfo>
      </Output>
    </UnitTestResult>
    <UnitTestResult executionId="44e66296-9d8d-4f3a-98db-6d2c888caffc" testId="cfb4faef-b04d-4976-91cd-e8331917b150" testName="OmegaSpiral.Tests.Unit.Common.Omega.OmegaSpiralColorsTests.PureWhite_MatchesDesignSpec" computerName="omega" duration="00:00:00.0130000" startTime="2025-10-30T07:50:47.6291526-04:00" endTime="2025-10-30T07:50:47.6294970-04:00" testType="13cdc9d9-ddb5-4fa4-a97d-d965ccfc6d4b" outcome="Passed" testListId="8c84fa94-04c1-424b-9868-57a2d4851a1d" relativeResultsDirectory="44e66296-9d8d-4f3a-98db-6d2c888caffc" />
    <UnitTestResult executionId="91eaeb0e-83a8-499d-a3be-63dcdc345c7c" testId="43a82624-d1b1-419b-8335-5f0beb700da0" testName="[Before].GetFocusedButton_ReturnsNullWhenNoFocus" computerName="omega" startTime="2025-10-30T07:50:46.8280612-04:00" endTime="2025-10-30T07:50:46.8280662-04:00" testType="13cdc9d9-ddb5-4fa4-a97d-d965ccfc6d4b" outcome="Failed" testListId="8c84fa94-04c1-424b-9868-57a2d4851a1d" relativeResultsDirectory="91eaeb0e-83a8-499d-a3be-63dcdc345c7c">
      <Output>
        <ErrorInfo>
          <Message>GdUnitSceneRunner: Can't load scene by given resource path: 'res://tests/fixtures/ui/menus/base_menu_ui_test.tscn'. The resource does not exists.</Message>
          <StackTrace>   at GdUnit4.Core.SceneRunner.LoadScene(String resourcePath)
   at GdUnit4.Core.SceneRunner..ctor(String resourcePath, Boolean autoFree, Boolean verbose)
   at GdUnit4.ISceneRunner.Load(String resourcePath, Boolean autoFree, Boolean verbose)
   at OmegaSpiral.Tests.Ui.MenuUiUnitTests.Setup() in /home/adam/Dev/omega-spiral/chapter-zero/tests/ui/menus/BaseMenuUiUnitTests.cs:line 30
   at GdUnit4.Core.Execution.ExecutionStage`1.ExecuteStage(ExecutionContext context)
   at GdUnit4.Core.Execution.ExecutionStage`1.Execute(ExecutionContext context)
</StackTrace>
        </ErrorInfo>
      </Output>
    </UnitTestResult>
    <UnitTestResult executionId="d32e03d5-2eb7-4ae0-bca4-bd2dca954100" testId="38687d3d-c1d0-4e36-8ee6-ca4a50fc7f00" testName="[Before].MenuActionBar_Exists" computerName="omega" startTime="2025-10-30T07:50:46.0864134-04:00" endTime="2025-10-30T07:50:46.0864175-04:00" testType="13cdc9d9-ddb5-4fa4-a97d-d965ccfc6d4b" outcome="Failed" testListId="8c84fa94-04c1-424b-9868-57a2d4851a1d" relativeResultsDirectory="d32e03d5-2eb7-4ae0-bca4-bd2dca954100">
      <Output>
        <ErrorInfo>
          <Message>GdUnitSceneRunner: Can't load scene by given resource path: 'res://source/ui/menus/main_menu.tscn'. The resource does not exists.</Message>
          <StackTrace>   at GdUnit4.Core.SceneRunner.LoadScene(String resourcePath)
   at GdUnit4.Core.SceneRunner..ctor(String resourcePath, Boolean autoFree, Boolean verbose)
   at GdUnit4.ISceneRunner.Load(String resourcePath, Boolean autoFree, Boolean verbose)
   at OmegaSpiral.Tests.Ui.MainMenuTests.Setup() in /home/adam/Dev/omega-spiral/chapter-zero/tests/ui/menus/MainMenuTests.cs:line 34
   at GdUnit4.Core.Execution.ExecutionStage`1.ExecuteStage(ExecutionContext context)
   at GdUnit4.Core.Execution.ExecutionStage`1.Execute(ExecutionContext context)
</StackTrace>
        </ErrorInfo>
      </Output>
    </UnitTestResult>
    <UnitTestResult executionId="108c9384-8ef6-4d91-958a-70e6f1e729b3" testId="49b1db18-dda3-4b66-8c96-6cdcdff9e392" testName="[Before].CreditsMenu_FocusesBackButton" computerName="omega" startTime="2025-10-30T07:50:45.8081102-04:00" endTime="2025-10-30T07:50:45.8081145-04:00" testType="13cdc9d9-ddb5-4fa4-a97d-d965ccfc6d4b" outcome="Failed" testListId="8c84fa94-04c1-424b-9868-57a2d4851a1d" relativeResultsDirectory="108c9384-8ef6-4d91-958a-70e6f1e729b3">
      <Output>
        <ErrorInfo>
          <Message>GdUnitSceneRunner: Can't load scene by given resource path: 'res://source/ui/menus/credits_menu.tscn'. The resource does not exists.</Message>
          <StackTrace>   at GdUnit4.Core.SceneRunner.LoadScene(String resourcePath)
   at GdUnit4.Core.SceneRunner..ctor(String resourcePath, Boolean autoFree, Boolean verbose)
   at GdUnit4.ISceneRunner.Load(String resourcePath, Boolean autoFree, Boolean verbose)
   at OmegaSpiral.Tests.Ui.CreditsMenuTests.Setup() in /home/adam/Dev/omega-spiral/chapter-zero/tests/ui/menus/CreditsMenuTests.cs:line 33
   at GdUnit4.Core.Execution.ExecutionStage`1.ExecuteStage(ExecutionContext context)
   at GdUnit4.Core.Execution.ExecutionStage`1.Execute(ExecutionContext context)
</StackTrace>
        </ErrorInfo>
      </Output>
    </UnitTestResult>
    <UnitTestResult executionId="cd367819-128f-46ba-893a-73b442638ae6" testId="75c0b2e6-47ff-4462-9f81-28cb9f945422" testName="[Before].MenuMode_DefaultsToStandard" computerName="omega" startTime="2025-10-30T07:50:46.5751310-04:00" endTime="2025-10-30T07:50:46.5751334-04:00" testType="13cdc9d9-ddb5-4fa4-a97d-d965ccfc6d4b" outcome="Failed" testListId="8c84fa94-04c1-424b-9868-57a2d4851a1d" relativeResultsDirectory="cd367819-128f-46ba-893a-73b442638ae6">
      <Output>
        <ErrorInfo>
          <Message>GdUnitSceneRunner: Can't load scene by given resource path: 'res://tests/fixtures/ui/menus/base_menu_ui_test.tscn'. The resource does not exists.</Message>
          <StackTrace>   at GdUnit4.Core.SceneRunner.LoadScene(String resourcePath)
   at GdUnit4.Core.SceneRunner..ctor(String resourcePath, Boolean autoFree, Boolean verbose)
   at GdUnit4.ISceneRunner.Load(String resourcePath, Boolean autoFree, Boolean verbose)
   at OmegaSpiral.Tests.Ui.MenuUiTests.Setup() in /home/adam/Dev/omega-spiral/chapter-zero/tests/ui/menus/MenuUiTests.cs:line 32
   at GdUnit4.Core.Execution.ExecutionStage`1.ExecuteStage(ExecutionContext context)
   at GdUnit4.Core.Execution.ExecutionStage`1.Execute(ExecutionContext context)
</StackTrace>
        </ErrorInfo>
      </Output>
    </UnitTestResult>
    <UnitTestResult executionId="5277c2f8-3caf-4767-afe6-0962407c9e19" testId="3e4f9abf-7b81-4bc7-bfb7-44860ee07250" testName="OmegaSpiral.Tests.Ui.CreditsMenuTests.CreditsMenu_HasScrollContainer" computerName="omega" duration="00:00:00.0200000" startTime="2025-10-30T07:50:45.9104195-04:00" endTime="2025-10-30T07:50:45.9107913-04:00" testType="13cdc9d9-ddb5-4fa4-a97d-d965ccfc6d4b" outcome="Failed" testListId="8c84fa94-04c1-424b-9868-57a2d4851a1d" relativeResultsDirectory="5277c2f8-3caf-4767-afe6-0962407c9e19">
      <Output>
        <ErrorInfo>
          <Message>Expecting be NOT &lt;Null&gt;:</Message>
          <StackTrace>   at OmegaSpiral.Tests.Ui.CreditsMenuTests.CreditsMenu_HasScrollContainer() in /home/adam/Dev/omega-spiral/chapter-zero/tests/ui/menus/CreditsMenuTests.cs:line 80
</StackTrace>
        </ErrorInfo>
      </Output>
    </UnitTestResult>
    <UnitTestResult executionId="d844830a-a412-47b5-bd47-eb2c1111cdac" testId="ca530e30-3548-4e5b-8e2d-934bdd54608b" testName="OmegaSpiral.Tests.Unit.Common.Omega.OmegaSpiralColorsTests.ScanlineOverlay_HasCorrectOpacity" computerName="omega" duration="00:00:00.0210000" startTime="2025-10-30T07:50:47.7143852-04:00" endTime="2025-10-30T07:50:47.7158048-04:00" testType="13cdc9d9-ddb5-4fa4-a97d-d965ccfc6d4b" outcome="Passed" testListId="8c84fa94-04c1-424b-9868-57a2d4851a1d" relativeResultsDirectory="d844830a-a412-47b5-bd47-eb2c1111cdac" />
    <UnitTestResult executionId="76a60eae-e5df-486a-9932-02430ae930f3" testId="60de319c-646f-4dbd-ab92-0917fa7a6e65" testName="OmegaSpiral.Tests.Ui.CreditsMenuTests.CreditsMenu_PopulatesCredits" computerName="omega" duration="00:00:00.0130000" startTime="2025-10-30T07:50:45.9241873-04:00" endTime="2025-10-30T07:50:45.9245667-04:00" testType="13cdc9d9-ddb5-4fa4-a97d-d965ccfc6d4b" outcome="Failed" testListId="8c84fa94-04c1-424b-9868-57a2d4851a1d" relativeResultsDirectory="76a60eae-e5df-486a-9932-02430ae930f3">
      <Output>
        <ErrorInfo>
          <Message>Expecting be NOT &lt;Null&gt;:</Message>
          <StackTrace>   at OmegaSpiral.Tests.Ui.CreditsMenuTests.CreditsMenu_PopulatesCredits() in /home/adam/Dev/omega-spiral/chapter-zero/tests/ui/menus/CreditsMenuTests.cs:line 92
</StackTrace>
        </ErrorInfo>
      </Output>
    </UnitTestResult>
    <UnitTestResult executionId="ddbd4123-bff2-44ef-8662-9c0cd742e1e9" testId="8e636d85-15bb-4700-a2d0-37b39f93d255" testName="OmegaSpiral.Tests.Ui.MainMenuTests.StageButtons_HaveCorrectTextFromManifest" computerName="omega" duration="00:00:00.0140000" startTime="2025-10-30T07:50:46.1983807-04:00" endTime="2025-10-30T07:50:46.1987685-04:00" testType="13cdc9d9-ddb5-4fa4-a97d-d965ccfc6d4b" outcome="Failed" testListId="8c84fa94-04c1-424b-9868-57a2d4851a1d" relativeResultsDirectory="ddbd4123-bff2-44ef-8662-9c0cd742e1e9">
      <Output>
        <ErrorInfo>
          <Message>Object reference not set to an instance of an object.</Message>
          <StackTrace>   at OmegaSpiral.Tests.Ui.MainMenuTests.StageButtons_HaveCorrectTextFromManifest() in /home/adam/Dev/omega-spiral/chapter-zero/tests/ui/menus/MainMenuTests.cs:line 141
   at System.Reflection.MethodBaseInvoker.InterpretedInvoke_Method(Object obj, IntPtr* args)
   at System.Reflection.MethodBaseInvoker.InvokeWithNoArgs(Object obj, BindingFlags invokeAttr)
</StackTrace>
        </ErrorInfo>
      </Output>
    </UnitTestResult>
    <UnitTestResult executionId="026b2f56-8abf-4f54-8762-ef17d5b4ddd3" testId="1af8da44-0cdf-4fdc-a99b-5987f706534e" testName="OmegaSpiral.Tests.Ui.Omega.OmegaBorderFrame_UnitTests.Layout_PropertiesAreCorrect" computerName="omega" duration="00:00:00.0110000" startTime="2025-10-30T07:50:47.0796848-04:00" endTime="2025-10-30T07:50:47.0818169-04:00" testType="13cdc9d9-ddb5-4fa4-a97d-d965ccfc6d4b" outcome="Passed" testListId="8c84fa94-04c1-424b-9868-57a2d4851a1d" relativeResultsDirectory="026b2f56-8abf-4f54-8762-ef17d5b4ddd3" />
    <UnitTestResult executionId="7d8116db-7d7d-4b6e-bffb-c63327c514d8" testId="e679231b-9fbc-4fd4-a6e5-2860c918c4c2" testName="[Before].QuitButton_HasPressedSignalHandler" computerName="omega" startTime="2025-10-30T07:50:46.1002167-04:00" endTime="2025-10-30T07:50:46.1002219-04:00" testType="13cdc9d9-ddb5-4fa4-a97d-d965ccfc6d4b" outcome="Failed" testListId="8c84fa94-04c1-424b-9868-57a2d4851a1d" relativeResultsDirectory="7d8116db-7d7d-4b6e-bffb-c63327c514d8">
      <Output>
        <ErrorInfo>
          <Message>GdUnitSceneRunner: Can't load scene by given resource path: 'res://source/ui/menus/main_menu.tscn'. The resource does not exists.</Message>
          <StackTrace>   at GdUnit4.Core.SceneRunner.LoadScene(String resourcePath)
   at GdUnit4.Core.SceneRunner..ctor(String resourcePath, Boolean autoFree, Boolean verbose)
   at GdUnit4.ISceneRunner.Load(String resourcePath, Boolean autoFree, Boolean verbose)
   at OmegaSpiral.Tests.Ui.MainMenuTests.Setup() in /home/adam/Dev/omega-spiral/chapter-zero/tests/ui/menus/MainMenuTests.cs:line 34
   at GdUnit4.Core.Execution.ExecutionStage`1.ExecuteStage(ExecutionContext context)
   at GdUnit4.Core.Execution.ExecutionStage`1.Execute(ExecutionContext context)
</StackTrace>
        </ErrorInfo>
      </Output>
    </UnitTestResult>
    <UnitTestResult executionId="2f7debc3-e7f5-4cd5-b278-f4d81a8016bf" testId="d67f1482-8a5c-41ac-9112-1bbd158b7ddd" testName="OmegaSpiral.Tests.Ui.MainMenuTests.ScanlineLayer_IsVisibleWithCorrectOpacity" computerName="omega" duration="00:00:00.0200000" startTime="2025-10-30T07:50:46.4813404-04:00" endTime="2025-10-30T07:50:46.4818338-04:00" testType="13cdc9d9-ddb5-4fa4-a97d-d965ccfc6d4b" outcome="Failed" testListId="8c84fa94-04c1-424b-9868-57a2d4851a1d" relativeResultsDirectory="2f7debc3-e7f5-4cd5-b278-f4d81a8016bf">
      <Output>
        <ErrorInfo>
          <Message>Object reference not set to an instance of an object.</Message>
          <StackTrace>   at OmegaSpiral.Tests.Ui.MainMenuTests.ScanlineLayer_IsVisibleWithCorrectOpacity() in /home/adam/Dev/omega-spiral/chapter-zero/tests/ui/menus/MainMenuTests.cs:line 408
   at System.Reflection.MethodBaseInvoker.InterpretedInvoke_Method(Object obj, IntPtr* args)
   at System.Reflection.MethodBaseInvoker.InvokeWithNoArgs(Object obj, BindingFlags invokeAttr)
</StackTrace>
        </ErrorInfo>
      </Output>
    </UnitTestResult>
    <UnitTestResult executionId="5344d261-c2de-4f87-950b-f50295c8cab5" testId="112316b9-5ed3-4d30-9b7f-f666521acef3" testName="OmegaSpiral.Tests.Ui.MainMenuTests.InheritsFromMenuUi" computerName="omega" duration="00:00:00.0320000" startTime="2025-10-30T07:50:46.1105181-04:00" endTime="2025-10-30T07:50:46.1109326-04:00" testType="13cdc9d9-ddb5-4fa4-a97d-d965ccfc6d4b" outcome="Failed" testListId="8c84fa94-04c1-424b-9868-57a2d4851a1d" relativeResultsDirectory="5344d261-c2de-4f87-950b-f50295c8cab5">
      <Output>
        <ErrorInfo>
          <Message>Expected be instance of:
    &lt;OmegaSpiral.Source.Ui.Menus.MenuUi&gt; but is &lt;Null&gt;</Message>
          <StackTrace>   at OmegaSpiral.Tests.Ui.MainMenuTests.InheritsFromMenuUi() in /home/adam/Dev/omega-spiral/chapter-zero/tests/ui/menus/MainMenuTests.cs:line 56
</StackTrace>
        </ErrorInfo>
      </Output>
    </UnitTestResult>
    <UnitTestResult executionId="e63364eb-a4b8-446b-bfa1-f6e2b00557ab" testId="b14f150b-3b50-472e-8372-0d273042e177" testName="OmegaSpiral.Tests.Ui.Omega.OmegaBorderFrame_UnitTests.ThreadColors_AppliedFromDesignSystem" computerName="omega" duration="00:00:00.0210000" startTime="2025-10-30T07:50:47.1572509-04:00" endTime="2025-10-30T07:50:47.1575815-04:00" testType="13cdc9d9-ddb5-4fa4-a97d-d965ccfc6d4b" outcome="Failed" testListId="8c84fa94-04c1-424b-9868-57a2d4851a1d" relativeResultsDirectory="e63364eb-a4b8-446b-bfa1-f6e2b00557ab">
      <Output>
        <ErrorInfo>
          <Message>Expecting be NOT &lt;Null&gt;:</Message>
          <StackTrace>   at OmegaSpiral.Tests.Ui.Omega.OmegaBorderFrame_UnitTests.ThreadColors_AppliedFromDesignSystem() in /home/adam/Dev/omega-spiral/chapter-zero/tests/ui/omega/OmegaBorderFrameTests.cs:line 126
</StackTrace>
        </ErrorInfo>
      </Output>
    </UnitTestResult>
    <UnitTestResult executionId="73e5069b-8de6-47ab-929d-93f58add00d0" testId="d7b38c5f-13d9-4d9b-8cdd-0f945ede0fd9" testName="OmegaSpiral.Tests.Unit.Common.Omega.OmegaSpiralColorsTests.OpacityTolerance_IsAppropriate" computerName="omega" duration="00:00:00.0130000" startTime="2025-10-30T07:50:47.8775564-04:00" endTime="2025-10-30T07:50:47.8779159-04:00" testType="13cdc9d9-ddb5-4fa4-a97d-d965ccfc6d4b" outcome="Passed" testListId="8c84fa94-04c1-424b-9868-57a2d4851a1d" relativeResultsDirectory="73e5069b-8de6-47ab-929d-93f58add00d0" />
    <UnitTestResult executionId="9d04540b-e8df-4dfc-81a2-d635af3c89fc" testId="84beb64b-c821-4d5c-90c1-bfee5cd1335e" testName="[Before].MenuUi_HasMenuModeEnum" computerName="omega" startTime="2025-10-30T07:50:46.5766263-04:00" endTime="2025-10-30T07:50:46.5766292-04:00" testType="13cdc9d9-ddb5-4fa4-a97d-d965ccfc6d4b" outcome="Failed" testListId="8c84fa94-04c1-424b-9868-57a2d4851a1d" relativeResultsDirectory="9d04540b-e8df-4dfc-81a2-d635af3c89fc">
      <Output>
        <ErrorInfo>
          <Message>GdUnitSceneRunner: Can't load scene by given resource path: 'res://tests/fixtures/ui/menus/base_menu_ui_test.tscn'. The resource does not exists.</Message>
          <StackTrace>   at GdUnit4.Core.SceneRunner.LoadScene(String resourcePath)
   at GdUnit4.Core.SceneRunner..ctor(String resourcePath, Boolean autoFree, Boolean verbose)
   at GdUnit4.ISceneRunner.Load(String resourcePath, Boolean autoFree, Boolean verbose)
   at OmegaSpiral.Tests.Ui.MenuUiTests.Setup() in /home/adam/Dev/omega-spiral/chapter-zero/tests/ui/menus/MenuUiTests.cs:line 32
   at GdUnit4.Core.Execution.ExecutionStage`1.ExecuteStage(ExecutionContext context)
   at GdUnit4.Core.Execution.ExecutionStage`1.Execute(ExecutionContext context)
</StackTrace>
        </ErrorInfo>
      </Output>
    </UnitTestResult>
    <UnitTestResult executionId="826e2b5a-ca07-452c-8223-2ed4241e06ef" testId="aecfdc9e-4c24-4ca1-bfc2-7af6ce58b8f4" testName="OmegaSpiral.Tests.Unit.Common.Omega.OmegaSpiralColorsTests.SpiralRotationSpeed_IsPiOver4" computerName="omega" duration="00:00:00.0130000" startTime="2025-10-30T07:50:47.7879059-04:00" endTime="2025-10-30T07:50:47.7881865-04:00" testType="13cdc9d9-ddb5-4fa4-a97d-d965ccfc6d4b" outcome="Passed" testListId="8c84fa94-04c1-424b-9868-57a2d4851a1d" relativeResultsDirectory="826e2b5a-ca07-452c-8223-2ed4241e06ef" />
    <UnitTestResult executionId="79ec1493-8238-4f4c-ae6c-ed265809dbed" testId="39b03b19-3834-4ec3-a271-6d5bc6c1722f" testName="[Before].GetFocusedButton_ReturnsCorrectButton" computerName="omega" startTime="2025-10-30T07:50:46.5744649-04:00" endTime="2025-10-30T07:50:46.5744667-04:00" testType="13cdc9d9-ddb5-4fa4-a97d-d965ccfc6d4b" outcome="Failed" testListId="8c84fa94-04c1-424b-9868-57a2d4851a1d" relativeResultsDirectory="79ec1493-8238-4f4c-ae6c-ed265809dbed">
      <Output>
        <ErrorInfo>
          <Message>GdUnitSceneRunner: Can't load scene by given resource path: 'res://tests/fixtures/ui/menus/base_menu_ui_test.tscn'. The resource does not exists.</Message>
          <StackTrace>   at GdUnit4.Core.SceneRunner.LoadScene(String resourcePath)
   at GdUnit4.Core.SceneRunner..ctor(String resourcePath, Boolean autoFree, Boolean verbose)
   at GdUnit4.ISceneRunner.Load(String resourcePath, Boolean autoFree, Boolean verbose)
   at OmegaSpiral.Tests.Ui.MenuUiTests.Setup() in /home/adam/Dev/omega-spiral/chapter-zero/tests/ui/menus/MenuUiTests.cs:line 32
   at GdUnit4.Core.Execution.ExecutionStage`1.ExecuteStage(ExecutionContext context)
   at GdUnit4.Core.Execution.ExecutionStage`1.Execute(ExecutionContext context)
</StackTrace>
        </ErrorInfo>
      </Output>
    </UnitTestResult>
    <UnitTestResult executionId="481e3b00-74c8-468d-a4ec-d889f7c3d114" testId="730c8323-67c3-4c6e-8fdb-257e7dac4159" testName="OmegaSpiral.Tests.Ui.MainMenuTests.ManifestLoads_SixStages_NoDuplicateFirst" computerName="omega" duration="00:00:00.0110000" startTime="2025-10-30T07:50:46.1828440-04:00" endTime="2025-10-30T07:50:46.1833133-04:00" testType="13cdc9d9-ddb5-4fa4-a97d-d965ccfc6d4b" outcome="Failed" testListId="8c84fa94-04c1-424b-9868-57a2d4851a1d" relativeResultsDirectory="481e3b00-74c8-468d-a4ec-d889f7c3d114">
      <Output>
        <ErrorInfo>
          <Message>Object reference not set to an instance of an object.</Message>
          <StackTrace>   at OmegaSpiral.Tests.Ui.MainMenuTests.ManifestLoads_SixStages_NoDuplicateFirst() in /home/adam/Dev/omega-spiral/chapter-zero/tests/ui/menus/MainMenuTests.cs:line 108
   at System.Reflection.MethodBaseInvoker.InterpretedInvoke_Method(Object obj, IntPtr* args)
   at System.Reflection.MethodBaseInvoker.InvokeWithNoArgs(Object obj, BindingFlags invokeAttr)
</StackTrace>
        </ErrorInfo>
      </Output>
    </UnitTestResult>
    <UnitTestResult executionId="ae159d68-0687-4205-8287-6ded966145f4" testId="7d579ca5-9097-4b12-b093-e916425d700f" testName="OmegaSpiral.Tests.Ui.MenuUiTests.MenuTitle_Exists" computerName="omega" duration="00:00:00.0130000" startTime="2025-10-30T07:50:46.6674715-04:00" endTime="2025-10-30T07:50:46.6678712-04:00" testType="13cdc9d9-ddb5-4fa4-a97d-d965ccfc6d4b" outcome="Failed" testListId="8c84fa94-04c1-424b-9868-57a2d4851a1d" relativeResultsDirectory="ae159d68-0687-4205-8287-6ded966145f4">
      <Output>
        <ErrorInfo>
          <Message>Expecting be NOT &lt;Null&gt;:</Message>
          <StackTrace>   at OmegaSpiral.Tests.Ui.MenuUiTests.MenuTitle_Exists() in /home/adam/Dev/omega-spiral/chapter-zero/tests/ui/menus/MenuUiTests.cs:line 109
</StackTrace>
        </ErrorInfo>
      </Output>
    </UnitTestResult>
    <UnitTestResult executionId="f2c882b4-b918-45a2-9cb6-a952c68815e1" testId="64bd9cb7-2c62-48d1-9ba8-23d0242dbeab" testName="[Before].ContentContainer_HasCorrectSectionSpacing" computerName="omega" startTime="2025-10-30T07:50:46.0793189-04:00" endTime="2025-10-30T07:50:46.0793227-04:00" testType="13cdc9d9-ddb5-4fa4-a97d-d965ccfc6d4b" outcome="Failed" testListId="8c84fa94-04c1-424b-9868-57a2d4851a1d" relativeResultsDirectory="f2c882b4-b918-45a2-9cb6-a952c68815e1">
      <Output>
        <ErrorInfo>
          <Message>GdUnitSceneRunner: Can't load scene by given resource path: 'res://source/ui/menus/main_menu.tscn'. The resource does not exists.</Message>
          <StackTrace>   at GdUnit4.Core.SceneRunner.LoadScene(String resourcePath)
   at GdUnit4.Core.SceneRunner..ctor(String resourcePath, Boolean autoFree, Boolean verbose)
   at GdUnit4.ISceneRunner.Load(String resourcePath, Boolean autoFree, Boolean verbose)
   at OmegaSpiral.Tests.Ui.MainMenuTests.Setup() in /home/adam/Dev/omega-spiral/chapter-zero/tests/ui/menus/MainMenuTests.cs:line 34
   at GdUnit4.Core.Execution.ExecutionStage`1.ExecuteStage(ExecutionContext context)
   at GdUnit4.Core.Execution.ExecutionStage`1.Execute(ExecutionContext context)
</StackTrace>
        </ErrorInfo>
      </Output>
    </UnitTestResult>
    <UnitTestResult executionId="d9621ad3-8c77-4b90-a044-ac83c33dd163" testId="7a55169c-27d7-4eac-bf03-9e692fb81f84" testName="OmegaSpiral.Tests.Ui.CreditsMenuTests.CreditsMenu_ExtendsMenuUi" computerName="omega" duration="00:00:00.0640000" startTime="2025-10-30T07:50:45.8707721-04:00" endTime="2025-10-30T07:50:45.8712117-04:00" testType="13cdc9d9-ddb5-4fa4-a97d-d965ccfc6d4b" outcome="Passed" testListId="8c84fa94-04c1-424b-9868-57a2d4851a1d" relativeResultsDirectory="d9621ad3-8c77-4b90-a044-ac83c33dd163" />
    <UnitTestResult executionId="632bc168-af27-4540-b325-c9dba7f0ff0e" testId="6d51cb03-8587-4be9-8518-2c08f2bb5769" testName="[Before].PauseMenu_HasTitle" computerName="omega" startTime="2025-10-30T07:50:47.4232338-04:00" endTime="2025-10-30T07:50:47.4232355-04:00" testType="13cdc9d9-ddb5-4fa4-a97d-d965ccfc6d4b" outcome="Failed" testListId="8c84fa94-04c1-424b-9868-57a2d4851a1d" relativeResultsDirectory="632bc168-af27-4540-b325-c9dba7f0ff0e">
      <Output>
        <ErrorInfo>
          <Message>GdUnitSceneRunner: Can't load scene by given resource path: 'res://source/ui/menus/pause_menu.tscn'. The resource does not exists.</Message>
          <StackTrace>   at GdUnit4.Core.SceneRunner.LoadScene(String resourcePath)
   at GdUnit4.Core.SceneRunner..ctor(String resourcePath, Boolean autoFree, Boolean verbose)
   at GdUnit4.ISceneRunner.Load(String resourcePath, Boolean autoFree, Boolean verbose)
   at OmegaSpiral.Tests.Ui.PauseMenuTests.Setup() in /home/adam/Dev/omega-spiral/chapter-zero/tests/ui/menus/PauseMenuTests.cs:line 29
   at GdUnit4.Core.Execution.ExecutionStage`1.ExecuteStage(ExecutionContext context)
   at GdUnit4.Core.Execution.ExecutionStage`1.Execute(ExecutionContext context)
</StackTrace>
        </ErrorInfo>
      </Output>
    </UnitTestResult>
    <UnitTestResult executionId="3ad35eb6-64d4-4541-b171-d251a8bc8a1e" testId="75c0b2e6-47ff-4462-9f81-28cb9f945422" testName="OmegaSpiral.Tests.Ui.MenuUiTests.MenuMode_DefaultsToStandard" computerName="omega" duration="00:00:00.0190000" startTime="2025-10-30T07:50:46.7946513-04:00" endTime="2025-10-30T07:50:46.7950231-04:00" testType="13cdc9d9-ddb5-4fa4-a97d-d965ccfc6d4b" outcome="Failed" testListId="8c84fa94-04c1-424b-9868-57a2d4851a1d" relativeResultsDirectory="3ad35eb6-64d4-4541-b171-d251a8bc8a1e">
      <Output>
        <ErrorInfo>
          <Message>Expecting be NOT &lt;Null&gt;:</Message>
          <StackTrace>   at OmegaSpiral.Tests.Ui.MenuUiTests.MenuMode_DefaultsToStandard() in /home/adam/Dev/omega-spiral/chapter-zero/tests/ui/menus/MenuUiTests.cs:line 247
</StackTrace>
        </ErrorInfo>
      </Output>
    </UnitTestResult>
    <UnitTestResult executionId="ea9e5959-4ba5-4aed-895a-1d990199e4e4" testId="edd92294-64fb-4d2b-ab1f-b0a0a4a89909" testName="OmegaSpiral.Tests.Ui.MainMenuTests.MenuButtonContainer_IsCenterAligned" computerName="omega" duration="00:00:00.0130000" startTime="2025-10-30T07:50:46.4467676-04:00" endTime="2025-10-30T07:50:46.4471596-04:00" testType="13cdc9d9-ddb5-4fa4-a97d-d965ccfc6d4b" outcome="Failed" testListId="8c84fa94-04c1-424b-9868-57a2d4851a1d" relativeResultsDirectory="ea9e5959-4ba5-4aed-895a-1d990199e4e4">
      <Output>
        <ErrorInfo>
          <Message>Object reference not set to an instance of an object.</Message>
          <StackTrace>   at OmegaSpiral.Tests.Ui.MainMenuTests.MenuButtonContainer_IsCenterAligned() in /home/adam/Dev/omega-spiral/chapter-zero/tests/ui/menus/MainMenuTests.cs:line 371
   at System.Reflection.MethodBaseInvoker.InterpretedInvoke_Method(Object obj, IntPtr* args)
   at System.Reflection.MethodBaseInvoker.InvokeWithNoArgs(Object obj, BindingFlags invokeAttr)
</StackTrace>
        </ErrorInfo>
      </Output>
    </UnitTestResult>
    <UnitTestResult executionId="de2df224-838b-474d-917b-72eb06b6f3c3" testId="6f2010d3-c6bc-4bda-ab69-1f1cfe3ec020" testName="[Before].OptionsButton_Exists" computerName="omega" startTime="2025-10-30T07:50:46.0961347-04:00" endTime="2025-10-30T07:50:46.0961384-04:00" testType="13cdc9d9-ddb5-4fa4-a97d-d965ccfc6d4b" outcome="Failed" testListId="8c84fa94-04c1-424b-9868-57a2d4851a1d" relativeResultsDirectory="de2df224-838b-474d-917b-72eb06b6f3c3">
      <Output>
        <ErrorInfo>
          <Message>GdUnitSceneRunner: Can't load scene by given resource path: 'res://source/ui/menus/main_menu.tscn'. The resource does not exists.</Message>
          <StackTrace>   at GdUnit4.Core.SceneRunner.LoadScene(String resourcePath)
   at GdUnit4.Core.SceneRunner..ctor(String resourcePath, Boolean autoFree, Boolean verbose)
   at GdUnit4.ISceneRunner.Load(String resourcePath, Boolean autoFree, Boolean verbose)
   at OmegaSpiral.Tests.Ui.MainMenuTests.Setup() in /home/adam/Dev/omega-spiral/chapter-zero/tests/ui/menus/MainMenuTests.cs:line 34
   at GdUnit4.Core.Execution.ExecutionStage`1.ExecuteStage(ExecutionContext context)
   at GdUnit4.Core.Execution.ExecutionStage`1.Execute(ExecutionContext context)
</StackTrace>
        </ErrorInfo>
      </Output>
    </UnitTestResult>
    <UnitTestResult executionId="abdfbd2c-4442-4531-9546-8a75b88e7563" testId="6806bf21-8b65-47e2-861e-99d268ba04e9" testName="AudioManagerTests.OnUiConfirm_DucksAmbientAndRestores" computerName="omega" duration="00:00:00.3510000" startTime="2025-10-30T07:50:45.7626653-04:00" endTime="2025-10-30T07:50:45.7630684-04:00" testType="13cdc9d9-ddb5-4fa4-a97d-d965ccfc6d4b" outcome="Passed" testListId="8c84fa94-04c1-424b-9868-57a2d4851a1d" relativeResultsDirectory="abdfbd2c-4442-4531-9546-8a75b88e7563">
      <Output>
        <StdOut>AudioManager: Initialized successfully</StdOut>
      </Output>
    </UnitTestResult>
    <UnitTestResult executionId="2b5d18ce-659a-43be-bf80-70cb7e74511f" testId="8e636d85-15bb-4700-a2d0-37b39f93d255" testName="[Before].StageButtons_HaveCorrectTextFromManifest" computerName="omega" startTime="2025-10-30T07:50:46.1014767-04:00" endTime="2025-10-30T07:50:46.1014803-04:00" testType="13cdc9d9-ddb5-4fa4-a97d-d965ccfc6d4b" outcome="Failed" testListId="8c84fa94-04c1-424b-9868-57a2d4851a1d" relativeResultsDirectory="2b5d18ce-659a-43be-bf80-70cb7e74511f">
      <Output>
        <ErrorInfo>
          <Message>GdUnitSceneRunner: Can't load scene by given resource path: 'res://source/ui/menus/main_menu.tscn'. The resource does not exists.</Message>
          <StackTrace>   at GdUnit4.Core.SceneRunner.LoadScene(String resourcePath)
   at GdUnit4.Core.SceneRunner..ctor(String resourcePath, Boolean autoFree, Boolean verbose)
   at GdUnit4.ISceneRunner.Load(String resourcePath, Boolean autoFree, Boolean verbose)
   at OmegaSpiral.Tests.Ui.MainMenuTests.Setup() in /home/adam/Dev/omega-spiral/chapter-zero/tests/ui/menus/MainMenuTests.cs:line 34
   at GdUnit4.Core.Execution.ExecutionStage`1.ExecuteStage(ExecutionContext context)
   at GdUnit4.Core.Execution.ExecutionStage`1.Execute(ExecutionContext context)
</StackTrace>
        </ErrorInfo>
      </Output>
    </UnitTestResult>
    <UnitTestResult executionId="033adf0c-ef26-4fda-9fae-6b122aed540e" testId="730c8323-67c3-4c6e-8fdb-257e7dac4159" testName="[Before].ManifestLoads_SixStages_NoDuplicateFirst" computerName="omega" startTime="2025-10-30T07:50:46.0856242-04:00" endTime="2025-10-30T07:50:46.0856308-04:00" testType="13cdc9d9-ddb5-4fa4-a97d-d965ccfc6d4b" outcome="Failed" testListId="8c84fa94-04c1-424b-9868-57a2d4851a1d" relativeResultsDirectory="033adf0c-ef26-4fda-9fae-6b122aed540e">
      <Output>
        <ErrorInfo>
          <Message>GdUnitSceneRunner: Can't load scene by given resource path: 'res://source/ui/menus/main_menu.tscn'. The resource does not exists.</Message>
          <StackTrace>   at GdUnit4.Core.SceneRunner.LoadScene(String resourcePath)
   at GdUnit4.Core.SceneRunner..ctor(String resourcePath, Boolean autoFree, Boolean verbose)
   at GdUnit4.ISceneRunner.Load(String resourcePath, Boolean autoFree, Boolean verbose)
   at OmegaSpiral.Tests.Ui.MainMenuTests.Setup() in /home/adam/Dev/omega-spiral/chapter-zero/tests/ui/menus/MainMenuTests.cs:line 34
   at GdUnit4.Core.Execution.ExecutionStage`1.ExecuteStage(ExecutionContext context)
   at GdUnit4.Core.Execution.ExecutionStage`1.Execute(ExecutionContext context)
</StackTrace>
        </ErrorInfo>
      </Output>
    </UnitTestResult>
    <UnitTestResult executionId="2ad9a40f-3d47-4ada-85f9-6ca912d3a2fd" testId="f698d87b-351d-4fef-8c21-dee1ac0860c8" testName="OmegaSpiral.Tests.Ui.Omega.OmegaBorderFrame_UnitTests.GetWaveSpeed_ReturnsCurrent" computerName="omega" duration="00:00:00.0200000" startTime="2025-10-30T07:50:47.2505131-04:00" endTime="2025-10-30T07:50:47.2508208-04:00" testType="13cdc9d9-ddb5-4fa4-a97d-d965ccfc6d4b" outcome="Passed" testListId="8c84fa94-04c1-424b-9868-57a2d4851a1d" relativeResultsDirectory="2ad9a40f-3d47-4ada-85f9-6ca912d3a2fd" />
    <UnitTestResult executionId="1de41919-fbe9-4d9e-8b40-69a35e7bbe43" testId="61ef0b0e-f6fe-48f1-8992-8f3a828fe3d4" testName="OmegaSpiral.Tests.Ui.Omega.OmegaBorderFrame_UnitTests.BorderFrame_IsVisibleByDefault" computerName="omega" duration="00:00:00.0260000" startTime="2025-10-30T07:50:47.3810850-04:00" endTime="2025-10-30T07:50:47.3818499-04:00" testType="13cdc9d9-ddb5-4fa4-a97d-d965ccfc6d4b" outcome="Passed" testListId="8c84fa94-04c1-424b-9868-57a2d4851a1d" relativeResultsDirectory="1de41919-fbe9-4d9e-8b40-69a35e7bbe43" />
    <UnitTestResult executionId="29d1c615-f2f6-47d2-bc61-6d2ccb157e25" testId="53290af8-65c2-4397-88e7-62105d2790d5" testName="OmegaSpiral.Tests.Ui.MenuUiUnitTests.ContentContainer_Exists" computerName="omega" duration="00:00:00.0350000" startTime="2025-10-30T07:50:46.8608088-04:00" endTime="2025-10-30T07:50:46.8612027-04:00" testType="13cdc9d9-ddb5-4fa4-a97d-d965ccfc6d4b" outcome="Failed" testListId="8c84fa94-04c1-424b-9868-57a2d4851a1d" relativeResultsDirectory="29d1c615-f2f6-47d2-bc61-6d2ccb157e25">
      <Output>
        <ErrorInfo>
          <Message>Expecting be NOT &lt;Null&gt;:</Message>
          <StackTrace>   at OmegaSpiral.Tests.Ui.MenuUiUnitTests.ContentContainer_Exists() in /home/adam/Dev/omega-spiral/chapter-zero/tests/ui/menus/BaseMenuUiUnitTests.cs:line 52
</StackTrace>
        </ErrorInfo>
      </Output>
    </UnitTestResult>
    <UnitTestResult executionId="982d18a0-ce49-4559-8f1c-08abcd0e3c39" testId="b672eca6-c691-4eb0-bb2d-f128d8679ca6" testName="[Before].ContentContainer_Exists" computerName="omega" startTime="2025-10-30T07:50:46.5737089-04:00" endTime="2025-10-30T07:50:46.5737119-04:00" testType="13cdc9d9-ddb5-4fa4-a97d-d965ccfc6d4b" outcome="Failed" testListId="8c84fa94-04c1-424b-9868-57a2d4851a1d" relativeResultsDirectory="982d18a0-ce49-4559-8f1c-08abcd0e3c39">
      <Output>
        <ErrorInfo>
          <Message>GdUnitSceneRunner: Can't load scene by given resource path: 'res://tests/fixtures/ui/menus/base_menu_ui_test.tscn'. The resource does not exists.</Message>
          <StackTrace>   at GdUnit4.Core.SceneRunner.LoadScene(String resourcePath)
   at GdUnit4.Core.SceneRunner..ctor(String resourcePath, Boolean autoFree, Boolean verbose)
   at GdUnit4.ISceneRunner.Load(String resourcePath, Boolean autoFree, Boolean verbose)
   at OmegaSpiral.Tests.Ui.MenuUiTests.Setup() in /home/adam/Dev/omega-spiral/chapter-zero/tests/ui/menus/MenuUiTests.cs:line 32
   at GdUnit4.Core.Execution.ExecutionStage`1.ExecuteStage(ExecutionContext context)
   at GdUnit4.Core.Execution.ExecutionStage`1.Execute(ExecutionContext context)
</StackTrace>
        </ErrorInfo>
      </Output>
    </UnitTestResult>
    <UnitTestResult executionId="69b7e55f-7f1c-49e7-896a-48ad19863650" testId="3eea9859-e5e4-4004-a00a-76619dc12725" testName="[Before].CreditsMenu_HasTitle" computerName="omega" startTime="2025-10-30T07:50:45.8091523-04:00" endTime="2025-10-30T07:50:45.8091543-04:00" testType="13cdc9d9-ddb5-4fa4-a97d-d965ccfc6d4b" outcome="Failed" testListId="8c84fa94-04c1-424b-9868-57a2d4851a1d" relativeResultsDirectory="69b7e55f-7f1c-49e7-896a-48ad19863650">
      <Output>
        <ErrorInfo>
          <Message>GdUnitSceneRunner: Can't load scene by given resource path: 'res://source/ui/menus/credits_menu.tscn'. The resource does not exists.</Message>
          <StackTrace>   at GdUnit4.Core.SceneRunner.LoadScene(String resourcePath)
   at GdUnit4.Core.SceneRunner..ctor(String resourcePath, Boolean autoFree, Boolean verbose)
   at GdUnit4.ISceneRunner.Load(String resourcePath, Boolean autoFree, Boolean verbose)
   at OmegaSpiral.Tests.Ui.CreditsMenuTests.Setup() in /home/adam/Dev/omega-spiral/chapter-zero/tests/ui/menus/CreditsMenuTests.cs:line 33
   at GdUnit4.Core.Execution.ExecutionStage`1.ExecuteStage(ExecutionContext context)
   at GdUnit4.Core.Execution.ExecutionStage`1.Execute(ExecutionContext context)
</StackTrace>
        </ErrorInfo>
      </Output>
    </UnitTestResult>
    <UnitTestResult executionId="1e61e3f8-59f9-4b7d-b37c-bb36d659081d" testId="992d5a6c-3932-48e3-bb87-1841ab351f13" testName="OmegaSpiral.Tests.Unit.Common.Omega.OmegaSpiralColorsTests.NeonMagenta_MatchesDesignSpec" computerName="omega" duration="00:00:00.0210000" startTime="2025-10-30T07:50:47.6508005-04:00" endTime="2025-10-30T07:50:47.6511213-04:00" testType="13cdc9d9-ddb5-4fa4-a97d-d965ccfc6d4b" outcome="Passed" testListId="8c84fa94-04c1-424b-9868-57a2d4851a1d" relativeResultsDirectory="1e61e3f8-59f9-4b7d-b37c-bb36d659081d" />
    <UnitTestResult executionId="f960d945-9b78-40f4-90a0-e2bb4fd0ea20" testId="01d903b4-9b87-48e1-bbe3-4c06c5bf101c" testName="OmegaSpiral.Tests.Unit.Common.Omega.OmegaSpiralColorsTests.AmbitionThread_MatchesDesignSpec" computerName="omega" duration="00:00:00.0130000" startTime="2025-10-30T07:50:47.7740210-04:00" endTime="2025-10-30T07:50:47.7743292-04:00" testType="13cdc9d9-ddb5-4fa4-a97d-d965ccfc6d4b" outcome="Passed" testListId="8c84fa94-04c1-424b-9868-57a2d4851a1d" relativeResultsDirectory="f960d945-9b78-40f4-90a0-e2bb4fd0ea20" />
    <UnitTestResult executionId="d42803d4-dbec-49f7-965d-ca5591937cfd" testId="b59c2d72-2720-4b66-8a9a-6e3b576e6c63" testName="OmegaSpiral.Tests.Ui.MenuUiTests.ActionBar_Exists" computerName="omega" duration="00:00:00.0200000" startTime="2025-10-30T07:50:46.7022715-04:00" endTime="2025-10-30T07:50:46.7032958-04:00" testType="13cdc9d9-ddb5-4fa4-a97d-d965ccfc6d4b" outcome="Failed" testListId="8c84fa94-04c1-424b-9868-57a2d4851a1d" relativeResultsDirectory="d42803d4-dbec-49f7-965d-ca5591937cfd">
      <Output>
        <ErrorInfo>
          <Message>Expecting be NOT &lt;Null&gt;:</Message>
          <StackTrace>   at OmegaSpiral.Tests.Ui.MenuUiTests.ActionBar_Exists() in /home/adam/Dev/omega-spiral/chapter-zero/tests/ui/menus/MenuUiTests.cs:line 138
</StackTrace>
        </ErrorInfo>
      </Output>
    </UnitTestResult>
    <UnitTestResult executionId="df7a8afe-e22e-4d87-9d15-abda9f9d1559" testId="ea92b4a5-eafd-4c12-82f0-464d4059745f" testName="OmegaSpiral.Tests.Ui.MenuUiTests.Menu_IsEnabledByDefault" computerName="omega" duration="00:00:00.0130000" startTime="2025-10-30T07:50:46.7366945-04:00" endTime="2025-10-30T07:50:46.7370562-04:00" testType="13cdc9d9-ddb5-4fa4-a97d-d965ccfc6d4b" outcome="Failed" testListId="8c84fa94-04c1-424b-9868-57a2d4851a1d" relativeResultsDirectory="df7a8afe-e22e-4d87-9d15-abda9f9d1559">
      <Output>
        <ErrorInfo>
          <Message>Expecting be NOT &lt;Null&gt;:</Message>
          <StackTrace>   at OmegaSpiral.Tests.Ui.MenuUiTests.Menu_IsEnabledByDefault() in /home/adam/Dev/omega-spiral/chapter-zero/tests/ui/menus/MenuUiTests.cs:line 174
</StackTrace>
        </ErrorInfo>
      </Output>
    </UnitTestResult>
    <UnitTestResult executionId="c93ad057-83e0-43c9-b1e8-ab0c67a6aeaf" testId="4a01fabb-b4a3-4c07-807a-f0f25ef7883f" testName="OmegaSpiral.Tests.Ui.Omega.OmegaBorderFrame_UnitTests.AnimationDefaults_AreSet" computerName="omega" duration="00:00:00.0180000" startTime="2025-10-30T07:50:47.1763086-04:00" endTime="2025-10-30T07:50:47.1769907-04:00" testType="13cdc9d9-ddb5-4fa4-a97d-d965ccfc6d4b" outcome="Failed" testListId="8c84fa94-04c1-424b-9868-57a2d4851a1d" relativeResultsDirectory="c93ad057-83e0-43c9-b1e8-ab0c67a6aeaf">
      <Output>
        <ErrorInfo>
          <Message>Expecting be NOT &lt;Null&gt;:</Message>
          <StackTrace>   at OmegaSpiral.Tests.Ui.Omega.OmegaBorderFrame_UnitTests.AnimationDefaults_AreSet() in /home/adam/Dev/omega-spiral/chapter-zero/tests/ui/omega/OmegaBorderFrameTests.cs:line 155
</StackTrace>
        </ErrorInfo>
      </Output>
    </UnitTestResult>
    <UnitTestResult executionId="b0cec33d-ffdd-4e34-b277-0e90d31338ea" testId="c88c7b31-d53e-48f3-ac73-e912699e23b2" testName="OmegaSpiral.Tests.Ui.CreditsMenuTests.CreditsMenu_StartsScrollingWhenShown" computerName="omega" duration="00:00:00.0200000" startTime="2025-10-30T07:50:45.9933231-04:00" endTime="2025-10-30T07:50:45.9936919-04:00" testType="13cdc9d9-ddb5-4fa4-a97d-d965ccfc6d4b" outcome="Failed" testListId="8c84fa94-04c1-424b-9868-57a2d4851a1d" relativeResultsDirectory="b0cec33d-ffdd-4e34-b277-0e90d31338ea">
      <Output>
        <ErrorInfo>
          <Message>Expecting be NOT &lt;Null&gt;:</Message>
          <StackTrace>   at OmegaSpiral.Tests.Ui.CreditsMenuTests.CreditsMenu_StartsScrollingWhenShown() in /home/adam/Dev/omega-spiral/chapter-zero/tests/ui/menus/CreditsMenuTests.cs:line 161
</StackTrace>
        </ErrorInfo>
      </Output>
    </UnitTestResult>
    <UnitTestResult executionId="3002523a-93a0-402c-818b-e113db744dc6" testId="9aab1fc6-f9d7-4d6f-a8ce-19869bef9bd5" testName="OmegaSpiral.Tests.Ui.Omega.OmegaBorderFrame_UnitTests.ShaderMaterial_IsConfigured" computerName="omega" duration="00:00:00.0320000" startTime="2025-10-30T07:50:47.1350988-04:00" endTime="2025-10-30T07:50:47.1365526-04:00" testType="13cdc9d9-ddb5-4fa4-a97d-d965ccfc6d4b" outcome="Failed" testListId="8c84fa94-04c1-424b-9868-57a2d4851a1d" relativeResultsDirectory="3002523a-93a0-402c-818b-e113db744dc6">
      <Output>
        <ErrorInfo>
          <Message>Expecting be NOT &lt;Null&gt;:</Message>
          <StackTrace>   at OmegaSpiral.Tests.Ui.Omega.OmegaBorderFrame_UnitTests.ShaderMaterial_IsConfigured() in /home/adam/Dev/omega-spiral/chapter-zero/tests/ui/omega/OmegaBorderFrameTests.cs:line 110
</StackTrace>
        </ErrorInfo>
      </Output>
    </UnitTestResult>
    <UnitTestResult executionId="f82b0b09-f40f-4316-a0a4-f08f58155227" testId="77947660-2aa9-4ce1-9b37-765e3ac023b9" testName="[Before].CreditsMenu_BackButtonEmitsSignal" computerName="omega" startTime="2025-10-30T07:50:45.8051306-04:00" endTime="2025-10-30T07:50:45.8051854-04:00" testType="13cdc9d9-ddb5-4fa4-a97d-d965ccfc6d4b" outcome="Failed" testListId="8c84fa94-04c1-424b-9868-57a2d4851a1d" relativeResultsDirectory="f82b0b09-f40f-4316-a0a4-f08f58155227">
      <Output>
        <ErrorInfo>
          <Message>GdUnitSceneRunner: Can't load scene by given resource path: 'res://source/ui/menus/credits_menu.tscn'. The resource does not exists.</Message>
          <StackTrace>   at GdUnit4.Core.SceneRunner.LoadScene(String resourcePath)
   at GdUnit4.Core.SceneRunner..ctor(String resourcePath, Boolean autoFree, Boolean verbose)
   at GdUnit4.ISceneRunner.Load(String resourcePath, Boolean autoFree, Boolean verbose)
   at OmegaSpiral.Tests.Ui.CreditsMenuTests.Setup() in /home/adam/Dev/omega-spiral/chapter-zero/tests/ui/menus/CreditsMenuTests.cs:line 33
   at GdUnit4.Core.Execution.ExecutionStage`1.ExecuteStage(ExecutionContext context)
   at GdUnit4.Core.Execution.ExecutionStage`1.Execute(ExecutionContext context)
</StackTrace>
        </ErrorInfo>
      </Output>
    </UnitTestResult>
    <UnitTestResult executionId="3bc9be68-502d-4d1c-a81f-3132c2852e5d" testId="64bd9cb7-2c62-48d1-9ba8-23d0242dbeab" testName="OmegaSpiral.Tests.Ui.MainMenuTests.ContentContainer_HasCorrectSectionSpacing" computerName="omega" duration="00:00:00.0330000" startTime="2025-10-30T07:50:46.3992049-04:00" endTime="2025-10-30T07:50:46.4007970-04:00" testType="13cdc9d9-ddb5-4fa4-a97d-d965ccfc6d4b" outcome="Failed" testListId="8c84fa94-04c1-424b-9868-57a2d4851a1d" relativeResultsDirectory="3bc9be68-502d-4d1c-a81f-3132c2852e5d">
      <Output>
        <ErrorInfo>
          <Message>Object reference not set to an instance of an object.</Message>
          <StackTrace>   at OmegaSpiral.Tests.Ui.MainMenuTests.ContentContainer_HasCorrectSectionSpacing() in /home/adam/Dev/omega-spiral/chapter-zero/tests/ui/menus/MainMenuTests.cs:line 338
   at System.Reflection.MethodBaseInvoker.InterpretedInvoke_Method(Object obj, IntPtr* args)
   at System.Reflection.MethodBaseInvoker.InvokeWithNoArgs(Object obj, BindingFlags invokeAttr)
</StackTrace>
        </ErrorInfo>
      </Output>
    </UnitTestResult>
    <UnitTestResult executionId="0bed1e01-195f-40aa-9803-35978c06111f" testId="8ebf65e4-0ddb-456e-9eb9-3905b2189024" testName="OmegaSpiral.Tests.Unit.Common.Omega.OmegaSpiralColorsTests.ShadowThread_MatchesDesignSpec" computerName="omega" duration="00:00:00.0200000" startTime="2025-10-30T07:50:47.7603191-04:00" endTime="2025-10-30T07:50:47.7606208-04:00" testType="13cdc9d9-ddb5-4fa4-a97d-d965ccfc6d4b" outcome="Passed" testListId="8c84fa94-04c1-424b-9868-57a2d4851a1d" relativeResultsDirectory="0bed1e01-195f-40aa-9803-35978c06111f" />
    <UnitTestResult executionId="e25c4e1d-67c0-4a2b-bc32-9fee9baf48fb" testId="2c66400f-8c24-442f-8720-5d1cdf36a44d" testName="[Before].PauseMenu_HasButtons" computerName="omega" startTime="2025-10-30T07:50:47.4229448-04:00" endTime="2025-10-30T07:50:47.4229490-04:00" testType="13cdc9d9-ddb5-4fa4-a97d-d965ccfc6d4b" outcome="Failed" testListId="8c84fa94-04c1-424b-9868-57a2d4851a1d" relativeResultsDirectory="e25c4e1d-67c0-4a2b-bc32-9fee9baf48fb">
      <Output>
        <ErrorInfo>
          <Message>GdUnitSceneRunner: Can't load scene by given resource path: 'res://source/ui/menus/pause_menu.tscn'. The resource does not exists.</Message>
          <StackTrace>   at GdUnit4.Core.SceneRunner.LoadScene(String resourcePath)
   at GdUnit4.Core.SceneRunner..ctor(String resourcePath, Boolean autoFree, Boolean verbose)
   at GdUnit4.ISceneRunner.Load(String resourcePath, Boolean autoFree, Boolean verbose)
   at OmegaSpiral.Tests.Ui.PauseMenuTests.Setup() in /home/adam/Dev/omega-spiral/chapter-zero/tests/ui/menus/PauseMenuTests.cs:line 29
   at GdUnit4.Core.Execution.ExecutionStage`1.ExecuteStage(ExecutionContext context)
   at GdUnit4.Core.Execution.ExecutionStage`1.Execute(ExecutionContext context)
</StackTrace>
        </ErrorInfo>
      </Output>
    </UnitTestResult>
    <UnitTestResult executionId="92d7f3de-8c1c-4e39-942f-4dc40d8046b1" testId="dfd3aa41-4730-4554-bb46-fad9f907dd80" testName="OmegaSpiral.Tests.Ui.MainMenuTests.MenuTitle_DisplaysOmegaSpiral" computerName="omega" duration="00:00:00.0130000" startTime="2025-10-30T07:50:46.1242541-04:00" endTime="2025-10-30T07:50:46.1249970-04:00" testType="13cdc9d9-ddb5-4fa4-a97d-d965ccfc6d4b" outcome="Failed" testListId="8c84fa94-04c1-424b-9868-57a2d4851a1d" relativeResultsDirectory="92d7f3de-8c1c-4e39-942f-4dc40d8046b1">
      <Output>
        <ErrorInfo>
          <Message>Object reference not set to an instance of an object.</Message>
          <StackTrace>   at OmegaSpiral.Tests.Ui.MainMenuTests.MenuTitle_DisplaysOmegaSpiral() in /home/adam/Dev/omega-spiral/chapter-zero/tests/ui/menus/MainMenuTests.cs:line 68
   at System.Reflection.MethodBaseInvoker.InterpretedInvoke_Method(Object obj, IntPtr* args)
   at System.Reflection.MethodBaseInvoker.InvokeWithNoArgs(Object obj, BindingFlags invokeAttr)
</StackTrace>
        </ErrorInfo>
      </Output>
    </UnitTestResult>
    <UnitTestResult executionId="fa01e766-c8f9-4516-b1b2-baed14aeedfd" testId="66c2df62-7350-41f2-b02e-72027bbed878" testName="AudioManagerTests.OnUiHover_EmitsCueStarted" computerName="omega" duration="00:00:00.0540000" startTime="2025-10-30T07:50:45.4160041-04:00" endTime="2025-10-30T07:50:45.4178301-04:00" testType="13cdc9d9-ddb5-4fa4-a97d-d965ccfc6d4b" outcome="Passed" testListId="8c84fa94-04c1-424b-9868-57a2d4851a1d" relativeResultsDirectory="fa01e766-c8f9-4516-b1b2-baed14aeedfd">
      <Output>
        <StdOut>AudioManager: Created audio bus 'Voice'
AudioManager: Created audio bus 'Ambient'
AudioManager: Initialized successfully</StdOut>
      </Output>
    </UnitTestResult>
    <UnitTestResult executionId="f33c2d5d-e362-42eb-b5a7-f73f940a0a6b" testId="e6385191-602d-4e7d-a610-6daf229dab86" testName="[Before].MenuButtonContainer_HasCorrectSpacing" computerName="omega" startTime="2025-10-30T07:50:46.0891311-04:00" endTime="2025-10-30T07:50:46.0891358-04:00" testType="13cdc9d9-ddb5-4fa4-a97d-d965ccfc6d4b" outcome="Failed" testListId="8c84fa94-04c1-424b-9868-57a2d4851a1d" relativeResultsDirectory="f33c2d5d-e362-42eb-b5a7-f73f940a0a6b">
      <Output>
        <ErrorInfo>
          <Message>GdUnitSceneRunner: Can't load scene by given resource path: 'res://source/ui/menus/main_menu.tscn'. The resource does not exists.</Message>
          <StackTrace>   at GdUnit4.Core.SceneRunner.LoadScene(String resourcePath)
   at GdUnit4.Core.SceneRunner..ctor(String resourcePath, Boolean autoFree, Boolean verbose)
   at GdUnit4.ISceneRunner.Load(String resourcePath, Boolean autoFree, Boolean verbose)
   at OmegaSpiral.Tests.Ui.MainMenuTests.Setup() in /home/adam/Dev/omega-spiral/chapter-zero/tests/ui/menus/MainMenuTests.cs:line 34
   at GdUnit4.Core.Execution.ExecutionStage`1.ExecuteStage(ExecutionContext context)
   at GdUnit4.Core.Execution.ExecutionStage`1.Execute(ExecutionContext context)
</StackTrace>
        </ErrorInfo>
      </Output>
    </UnitTestResult>
    <UnitTestResult executionId="70b809a2-5d71-4bc3-9f43-d085ca3f94ae" testId="e6385191-602d-4e7d-a610-6daf229dab86" testName="OmegaSpiral.Tests.Ui.MainMenuTests.MenuButtonContainer_HasCorrectSpacing" computerName="omega" duration="00:00:00.0130000" startTime="2025-10-30T07:50:46.3641812-04:00" endTime="2025-10-30T07:50:46.3646088-04:00" testType="13cdc9d9-ddb5-4fa4-a97d-d965ccfc6d4b" outcome="Failed" testListId="8c84fa94-04c1-424b-9868-57a2d4851a1d" relativeResultsDirectory="70b809a2-5d71-4bc3-9f43-d085ca3f94ae">
      <Output>
        <ErrorInfo>
          <Message>Object reference not set to an instance of an object.</Message>
          <StackTrace>   at OmegaSpiral.Tests.Ui.MainMenuTests.MenuButtonContainer_HasCorrectSpacing() in /home/adam/Dev/omega-spiral/chapter-zero/tests/ui/menus/MainMenuTests.cs:line 321
   at System.Reflection.MethodBaseInvoker.InterpretedInvoke_Method(Object obj, IntPtr* args)
   at System.Reflection.MethodBaseInvoker.InvokeWithNoArgs(Object obj, BindingFlags invokeAttr)
</StackTrace>
        </ErrorInfo>
      </Output>
    </UnitTestResult>
    <UnitTestResult executionId="de1762b6-071a-41d9-80b0-c63797cdbc8f" testId="8c5fccc5-7be6-4a91-a2f1-46c4a81fff93" testName="OmegaSpiral.Tests.Ui.MenuUiUnitTests.FocusFirstButton_WorksCorrectly" computerName="omega" duration="00:00:00.0330000" startTime="2025-10-30T07:50:46.8954987-04:00" endTime="2025-10-30T07:50:46.8958526-04:00" testType="13cdc9d9-ddb5-4fa4-a97d-d965ccfc6d4b" outcome="Failed" testListId="8c84fa94-04c1-424b-9868-57a2d4851a1d" relativeResultsDirectory="de1762b6-071a-41d9-80b0-c63797cdbc8f">
      <Output>
        <ErrorInfo>
          <Message>Expecting be NOT &lt;Null&gt;:</Message>
          <StackTrace>   at OmegaSpiral.Tests.Ui.MenuUiUnitTests.FocusFirstButton_WorksCorrectly() in /home/adam/Dev/omega-spiral/chapter-zero/tests/ui/menus/BaseMenuUiUnitTests.cs:line 63
</StackTrace>
        </ErrorInfo>
      </Output>
    </UnitTestResult>
    <UnitTestResult executionId="8b560efc-377d-4ef0-8a27-f55af823a51d" testId="53290af8-65c2-4397-88e7-62105d2790d5" testName="[Before].ContentContainer_Exists" computerName="omega" startTime="2025-10-30T07:50:46.8234815-04:00" endTime="2025-10-30T07:50:46.8234903-04:00" testType="13cdc9d9-ddb5-4fa4-a97d-d965ccfc6d4b" outcome="Failed" testListId="8c84fa94-04c1-424b-9868-57a2d4851a1d" relativeResultsDirectory="8b560efc-377d-4ef0-8a27-f55af823a51d">
      <Output>
        <ErrorInfo>
          <Message>GdUnitSceneRunner: Can't load scene by given resource path: 'res://tests/fixtures/ui/menus/base_menu_ui_test.tscn'. The resource does not exists.</Message>
          <StackTrace>   at GdUnit4.Core.SceneRunner.LoadScene(String resourcePath)
   at GdUnit4.Core.SceneRunner..ctor(String resourcePath, Boolean autoFree, Boolean verbose)
   at GdUnit4.ISceneRunner.Load(String resourcePath, Boolean autoFree, Boolean verbose)
   at OmegaSpiral.Tests.Ui.MenuUiUnitTests.Setup() in /home/adam/Dev/omega-spiral/chapter-zero/tests/ui/menus/BaseMenuUiUnitTests.cs:line 30
   at GdUnit4.Core.Execution.ExecutionStage`1.ExecuteStage(ExecutionContext context)
   at GdUnit4.Core.Execution.ExecutionStage`1.Execute(ExecutionContext context)
</StackTrace>
        </ErrorInfo>
      </Output>
    </UnitTestResult>
    <UnitTestResult executionId="bbcc2d83-0901-46c1-b87d-572b6daa5110" testId="73c6d5bf-3960-43ae-876e-897247d6a578" testName="OmegaSpiral.Tests.Unit.Common.Omega.OmegaSpiralColorsTests.PhosphorPulseFrequency_IsHalfHz" computerName="omega" duration="00:00:00.0130000" startTime="2025-10-30T07:50:47.8223699-04:00" endTime="2025-10-30T07:50:47.8226573-04:00" testType="13cdc9d9-ddb5-4fa4-a97d-d965ccfc6d4b" outcome="Passed" testListId="8c84fa94-04c1-424b-9868-57a2d4851a1d" relativeResultsDirectory="bbcc2d83-0901-46c1-b87d-572b6daa5110" />
    <UnitTestResult executionId="eafdc157-c981-4122-bd93-993fc3c8d724" testId="a7c646f7-8b8a-4d80-b737-64198aa87080" testName="OmegaSpiral.Tests.Ui.MainMenuTests.Background_UsesCorrectDarkColor" computerName="omega" duration="00:00:00.0200000" startTime="2025-10-30T07:50:46.5234019-04:00" endTime="2025-10-30T07:50:46.5238002-04:00" testType="13cdc9d9-ddb5-4fa4-a97d-d965ccfc6d4b" outcome="Failed" testListId="8c84fa94-04c1-424b-9868-57a2d4851a1d" relativeResultsDirectory="eafdc157-c981-4122-bd93-993fc3c8d724">
      <Output>
        <ErrorInfo>
          <Message>Object reference not set to an instance of an object.</Message>
          <StackTrace>   at OmegaSpiral.Tests.Ui.MainMenuTests.Background_UsesCorrectDarkColor() in /home/adam/Dev/omega-spiral/chapter-zero/tests/ui/menus/MainMenuTests.cs:line 448
   at System.Reflection.MethodBaseInvoker.InterpretedInvoke_Method(Object obj, IntPtr* args)
   at System.Reflection.MethodBaseInvoker.InvokeWithNoArgs(Object obj, BindingFlags invokeAttr)
</StackTrace>
        </ErrorInfo>
      </Output>
    </UnitTestResult>
    <UnitTestResult executionId="423f9e1f-197a-4dfb-96d4-afceda04299e" testId="4307b797-7242-428e-8f85-e62e202c4668" testName="[Before].AllStageButtons_HavePressedSignalHandlers" computerName="omega" startTime="2025-10-30T07:50:46.0775052-04:00" endTime="2025-10-30T07:50:46.0775090-04:00" testType="13cdc9d9-ddb5-4fa4-a97d-d965ccfc6d4b" outcome="Failed" testListId="8c84fa94-04c1-424b-9868-57a2d4851a1d" relativeResultsDirectory="423f9e1f-197a-4dfb-96d4-afceda04299e">
      <Output>
        <ErrorInfo>
          <Message>GdUnitSceneRunner: Can't load scene by given resource path: 'res://source/ui/menus/main_menu.tscn'. The resource does not exists.</Message>
          <StackTrace>   at GdUnit4.Core.SceneRunner.LoadScene(String resourcePath)
   at GdUnit4.Core.SceneRunner..ctor(String resourcePath, Boolean autoFree, Boolean verbose)
   at GdUnit4.ISceneRunner.Load(String resourcePath, Boolean autoFree, Boolean verbose)
   at OmegaSpiral.Tests.Ui.MainMenuTests.Setup() in /home/adam/Dev/omega-spiral/chapter-zero/tests/ui/menus/MainMenuTests.cs:line 34
   at GdUnit4.Core.Execution.ExecutionStage`1.ExecuteStage(ExecutionContext context)
   at GdUnit4.Core.Execution.ExecutionStage`1.Execute(ExecutionContext context)
</StackTrace>
        </ErrorInfo>
      </Output>
    </UnitTestResult>
    <UnitTestResult executionId="beb3a102-864e-48d4-9b63-24671f76c01f" testId="8eb0df5a-43fb-4a75-ad5b-c76b66f534ad" testName="[Before].PauseMenu_FocusesFirstButton" computerName="omega" startTime="2025-10-30T07:50:47.4201341-04:00" endTime="2025-10-30T07:50:47.4201363-04:00" testType="13cdc9d9-ddb5-4fa4-a97d-d965ccfc6d4b" outcome="Failed" testListId="8c84fa94-04c1-424b-9868-57a2d4851a1d" relativeResultsDirectory="beb3a102-864e-48d4-9b63-24671f76c01f">
      <Output>
        <ErrorInfo>
          <Message>GdUnitSceneRunner: Can't load scene by given resource path: 'res://source/ui/menus/pause_menu.tscn'. The resource does not exists.</Message>
          <StackTrace>   at GdUnit4.Core.SceneRunner.LoadScene(String resourcePath)
   at GdUnit4.Core.SceneRunner..ctor(String resourcePath, Boolean autoFree, Boolean verbose)
   at GdUnit4.ISceneRunner.Load(String resourcePath, Boolean autoFree, Boolean verbose)
   at OmegaSpiral.Tests.Ui.PauseMenuTests.Setup() in /home/adam/Dev/omega-spiral/chapter-zero/tests/ui/menus/PauseMenuTests.cs:line 29
   at GdUnit4.Core.Execution.ExecutionStage`1.ExecuteStage(ExecutionContext context)
   at GdUnit4.Core.Execution.ExecutionStage`1.Execute(ExecutionContext context)
</StackTrace>
        </ErrorInfo>
      </Output>
    </UnitTestResult>
    <UnitTestResult executionId="4408a479-4343-4144-a2ca-14ca46515a4c" testId="8eb0df5a-43fb-4a75-ad5b-c76b66f534ad" testName="OmegaSpiral.Tests.Ui.PauseMenuTests.PauseMenu_FocusesFirstButton" computerName="omega" duration="00:00:00.0330000" startTime="2025-10-30T07:50:47.5740046-04:00" endTime="2025-10-30T07:50:47.5743120-04:00" testType="13cdc9d9-ddb5-4fa4-a97d-d965ccfc6d4b" outcome="Failed" testListId="8c84fa94-04c1-424b-9868-57a2d4851a1d" relativeResultsDirectory="4408a479-4343-4144-a2ca-14ca46515a4c">
      <Output>
        <ErrorInfo>
          <Message>Object reference not set to an instance of an object.</Message>
          <StackTrace>   at OmegaSpiral.Tests.Ui.PauseMenuTests.PauseMenu_FocusesFirstButton() in /home/adam/Dev/omega-spiral/chapter-zero/tests/ui/menus/PauseMenuTests.cs:line 137
   at System.Reflection.MethodBaseInvoker.InterpretedInvoke_Method(Object obj, IntPtr* args)
   at System.Reflection.MethodBaseInvoker.InvokeWithNoArgs(Object obj, BindingFlags invokeAttr)
</StackTrace>
        </ErrorInfo>
      </Output>
    </UnitTestResult>
    <UnitTestResult executionId="070c81cc-8156-4cb9-9a11-8d2f0f38ea2d" testId="37b1d7a6-9019-4052-9d9c-665b2959274f" testName="OmegaSpiral.Tests.Ui.PauseMenuTests.PauseMenu_ExtendsMenuUi" computerName="omega" duration="00:00:00.0320000" startTime="2025-10-30T07:50:47.4512570-04:00" endTime="2025-10-30T07:50:47.4530107-04:00" testType="13cdc9d9-ddb5-4fa4-a97d-d965ccfc6d4b" outcome="Passed" testListId="8c84fa94-04c1-424b-9868-57a2d4851a1d" relativeResultsDirectory="070c81cc-8156-4cb9-9a11-8d2f0f38ea2d" />
    <UnitTestResult executionId="4154af77-8c2e-4e81-97e1-df643d955fd4" testId="77947660-2aa9-4ce1-9b37-765e3ac023b9" testName="OmegaSpiral.Tests.Ui.CreditsMenuTests.CreditsMenu_BackButtonEmitsSignal" computerName="omega" duration="00:00:00.0130000" startTime="2025-10-30T07:50:45.9724800-04:00" endTime="2025-10-30T07:50:45.9728462-04:00" testType="13cdc9d9-ddb5-4fa4-a97d-d965ccfc6d4b" outcome="Failed" testListId="8c84fa94-04c1-424b-9868-57a2d4851a1d" relativeResultsDirectory="4154af77-8c2e-4e81-97e1-df643d955fd4">
      <Output>
        <ErrorInfo>
          <Message>Expecting be NOT &lt;Null&gt;:</Message>
          <StackTrace>   at OmegaSpiral.Tests.Ui.CreditsMenuTests.CreditsMenu_BackButtonEmitsSignal() in /home/adam/Dev/omega-spiral/chapter-zero/tests/ui/menus/CreditsMenuTests.cs:line 143
</StackTrace>
        </ErrorInfo>
      </Output>
    </UnitTestResult>
    <UnitTestResult executionId="87bc18e5-7ae8-43bd-b330-2cf0156c06e0" testId="7a55169c-27d7-4eac-bf03-9e692fb81f84" testName="[Before].CreditsMenu_ExtendsMenuUi" computerName="omega" startTime="2025-10-30T07:50:45.8068676-04:00" endTime="2025-10-30T07:50:45.8072695-04:00" testType="13cdc9d9-ddb5-4fa4-a97d-d965ccfc6d4b" outcome="Failed" testListId="8c84fa94-04c1-424b-9868-57a2d4851a1d" relativeResultsDirectory="87bc18e5-7ae8-43bd-b330-2cf0156c06e0">
      <Output>
        <ErrorInfo>
          <Message>GdUnitSceneRunner: Can't load scene by given resource path: 'res://source/ui/menus/credits_menu.tscn'. The resource does not exists.</Message>
          <StackTrace>   at GdUnit4.Core.SceneRunner.LoadScene(String resourcePath)
   at GdUnit4.Core.SceneRunner..ctor(String resourcePath, Boolean autoFree, Boolean verbose)
   at GdUnit4.ISceneRunner.Load(String resourcePath, Boolean autoFree, Boolean verbose)
   at OmegaSpiral.Tests.Ui.CreditsMenuTests.Setup() in /home/adam/Dev/omega-spiral/chapter-zero/tests/ui/menus/CreditsMenuTests.cs:line 33
   at GdUnit4.Core.Execution.ExecutionStage`1.ExecuteStage(ExecutionContext context)
   at GdUnit4.Core.Execution.ExecutionStage`1.Execute(ExecutionContext context)
</StackTrace>
        </ErrorInfo>
      </Output>
    </UnitTestResult>
    <UnitTestResult executionId="318e762d-8b17-4735-9ff1-d18d61d1ea82" testId="2be71772-6011-4a16-ad06-ada3326c1471" testName="OmegaSpiral.Tests.Ui.PauseMenuTests.PauseMenu_HasBackground" computerName="omega" duration="00:00:00.0110000" startTime="2025-10-30T07:50:47.5063611-04:00" endTime="2025-10-30T07:50:47.5069035-04:00" testType="13cdc9d9-ddb5-4fa4-a97d-d965ccfc6d4b" outcome="Failed" testListId="8c84fa94-04c1-424b-9868-57a2d4851a1d" relativeResultsDirectory="318e762d-8b17-4735-9ff1-d18d61d1ea82">
      <Output>
        <ErrorInfo>
          <Message>Object reference not set to an instance of an object.</Message>
          <StackTrace>   at OmegaSpiral.Tests.Ui.PauseMenuTests.PauseMenu_HasBackground() in /home/adam/Dev/omega-spiral/chapter-zero/tests/ui/menus/PauseMenuTests.cs:line 109
   at System.Reflection.MethodBaseInvoker.InterpretedInvoke_Method(Object obj, IntPtr* args)
   at System.Reflection.MethodBaseInvoker.InvokeWithNoArgs(Object obj, BindingFlags invokeAttr)
</StackTrace>
        </ErrorInfo>
      </Output>
    </UnitTestResult>
    <UnitTestResult executionId="cdd664dd-e48c-4467-aac5-b8b5a84e9274" testId="e5594a54-9197-4880-b802-3c85f7591b5d" testName="OmegaSpiral.Tests.Unit.Common.Omega.OmegaSpiralColorsTests.PhosphorGlow_HasCorrectOpacity" computerName="omega" duration="00:00:00.0210000" startTime="2025-10-30T07:50:47.6924855-04:00" endTime="2025-10-30T07:50:47.6927786-04:00" testType="13cdc9d9-ddb5-4fa4-a97d-d965ccfc6d4b" outcome="Passed" testListId="8c84fa94-04c1-424b-9868-57a2d4851a1d" relativeResultsDirectory="cdd664dd-e48c-4467-aac5-b8b5a84e9274" />
    <UnitTestResult executionId="afcd6f36-391b-4b88-b9de-71b396979004" testId="916bbf06-994a-477e-8c8f-e4fa5782c8dc" testName="OmegaSpiral.Tests.Ui.MenuUiTests.MenuUi_ExtendsOmegaContainer" computerName="omega" duration="00:00:00.0210000" startTime="2025-10-30T07:50:46.5936921-04:00" endTime="2025-10-30T07:50:46.5941697-04:00" testType="13cdc9d9-ddb5-4fa4-a97d-d965ccfc6d4b" outcome="Passed" testListId="8c84fa94-04c1-424b-9868-57a2d4851a1d" relativeResultsDirectory="afcd6f36-391b-4b88-b9de-71b396979004" />
    <UnitTestResult executionId="06079b58-bf2d-4d55-8dc1-8190c9b2f3fb" testId="de62a095-818c-4eec-a25f-9709f098a110" testName="OmegaSpiral.Tests.Ui.Omega.OmegaBorderFrame_UnitTests.GetRotationSpeed_ReturnsCurrent" computerName="omega" duration="00:00:00.0520000" startTime="2025-10-30T07:50:47.2291010-04:00" endTime="2025-10-30T07:50:47.2302832-04:00" testType="13cdc9d9-ddb5-4fa4-a97d-d965ccfc6d4b" outcome="Passed" testListId="8c84fa94-04c1-424b-9868-57a2d4851a1d" relativeResultsDirectory="06079b58-bf2d-4d55-8dc1-8190c9b2f3fb">
      <Output>
        <StdOut>[DesignConfigService] Loaded 13 colors and 7 shader defaults.</StdOut>
      </Output>
    </UnitTestResult>
    <UnitTestResult executionId="08de2e73-6161-4762-86f0-bf1c5f099490" testId="49b1db18-dda3-4b66-8c96-6cdcdff9e392" testName="OmegaSpiral.Tests.Ui.CreditsMenuTests.CreditsMenu_FocusesBackButton" computerName="omega" duration="00:00:00.0200000" startTime="2025-10-30T07:50:45.9588087-04:00" endTime="2025-10-30T07:50:45.9591706-04:00" testType="13cdc9d9-ddb5-4fa4-a97d-d965ccfc6d4b" outcome="Failed" testListId="8c84fa94-04c1-424b-9868-57a2d4851a1d" relativeResultsDirectory="08de2e73-6161-4762-86f0-bf1c5f099490">
      <Output>
        <ErrorInfo>
          <Message>Expecting be NOT &lt;Null&gt;:</Message>
          <StackTrace>   at OmegaSpiral.Tests.Ui.CreditsMenuTests.CreditsMenu_FocusesBackButton() in /home/adam/Dev/omega-spiral/chapter-zero/tests/ui/menus/CreditsMenuTests.cs:line 128
</StackTrace>
        </ErrorInfo>
      </Output>
    </UnitTestResult>
    <UnitTestResult executionId="0c782291-853f-4fc2-9b40-e09466ae852d" testId="64adcc18-53a5-4ba2-907c-1c3bd8371a6d" testName="[Before].MenuTitle_UsesCorrectFontSize" computerName="omega" startTime="2025-10-30T07:50:46.0949578-04:00" endTime="2025-10-30T07:50:46.0949619-04:00" testType="13cdc9d9-ddb5-4fa4-a97d-d965ccfc6d4b" outcome="Failed" testListId="8c84fa94-04c1-424b-9868-57a2d4851a1d" relativeResultsDirectory="0c782291-853f-4fc2-9b40-e09466ae852d">
      <Output>
        <ErrorInfo>
          <Message>GdUnitSceneRunner: Can't load scene by given resource path: 'res://source/ui/menus/main_menu.tscn'. The resource does not exists.</Message>
          <StackTrace>   at GdUnit4.Core.SceneRunner.LoadScene(String resourcePath)
   at GdUnit4.Core.SceneRunner..ctor(String resourcePath, Boolean autoFree, Boolean verbose)
   at GdUnit4.ISceneRunner.Load(String resourcePath, Boolean autoFree, Boolean verbose)
   at OmegaSpiral.Tests.Ui.MainMenuTests.Setup() in /home/adam/Dev/omega-spiral/chapter-zero/tests/ui/menus/MainMenuTests.cs:line 34
   at GdUnit4.Core.Execution.ExecutionStage`1.ExecuteStage(ExecutionContext context)
   at GdUnit4.Core.Execution.ExecutionStage`1.Execute(ExecutionContext context)
</StackTrace>
        </ErrorInfo>
      </Output>
    </UnitTestResult>
    <UnitTestResult executionId="69f67074-ccf7-4e06-9210-a3666e4f351f" testId="ea7d58cd-2e43-403e-90ac-e065b87c1090" testName="OmegaSpiral.Tests.Ui.MainMenu_IntegrationTests.MainMenu_InheritsOmegaTheming" computerName="omega" duration="00:00:00.0200000" startTime="2025-10-30T07:50:46.0552876-04:00" endTime="2025-10-30T07:50:46.0556587-04:00" testType="13cdc9d9-ddb5-4fa4-a97d-d965ccfc6d4b" outcome="Failed" testListId="8c84fa94-04c1-424b-9868-57a2d4851a1d" relativeResultsDirectory="69f67074-ccf7-4e06-9210-a3666e4f351f">
      <Output>
        <ErrorInfo>
          <Message>Expected be instance of:
    &lt;OmegaSpiral.Source.Ui.Omega.OmegaContainer&gt; but is &lt;Null&gt;</Message>
          <StackTrace>   at OmegaSpiral.Tests.Ui.MainMenu_IntegrationTests.MainMenu_InheritsOmegaTheming() in /home/adam/Dev/omega-spiral/chapter-zero/tests/ui/menus/MainMenu_IntegrationTests.cs:line 79
</StackTrace>
        </ErrorInfo>
      </Output>
    </UnitTestResult>
    <UnitTestResult executionId="d4bb0c7a-a028-4a7f-bcae-fdd9885602ed" testId="6f2010d3-c6bc-4bda-ab69-1f1cfe3ec020" testName="OmegaSpiral.Tests.Ui.MainMenuTests.OptionsButton_Exists" computerName="omega" duration="00:00:00.0130000" startTime="2025-10-30T07:50:46.2264071-04:00" endTime="2025-10-30T07:50:46.2268054-04:00" testType="13cdc9d9-ddb5-4fa4-a97d-d965ccfc6d4b" outcome="Failed" testListId="8c84fa94-04c1-424b-9868-57a2d4851a1d" relativeResultsDirectory="d4bb0c7a-a028-4a7f-bcae-fdd9885602ed">
      <Output>
        <ErrorInfo>
          <Message>Object reference not set to an instance of an object.</Message>
          <StackTrace>   at OmegaSpiral.Tests.Ui.MainMenuTests.OptionsButton_Exists() in /home/adam/Dev/omega-spiral/chapter-zero/tests/ui/menus/MainMenuTests.cs:line 184
   at System.Reflection.MethodBaseInvoker.InterpretedInvoke_Method(Object obj, IntPtr* args)
   at System.Reflection.MethodBaseInvoker.InvokeWithNoArgs(Object obj, BindingFlags invokeAttr)
</StackTrace>
        </ErrorInfo>
      </Output>
    </UnitTestResult>
    <UnitTestResult executionId="71123325-54d8-48a8-bd6e-d39b7f4aa7d9" testId="9182eae3-b934-459c-abc4-8d1a6ddbd322" testName="OmegaSpiral.Tests.Ui.Omega.OmegaBorderFrame_UnitTests.BorderFrame_HasNonZeroSize" computerName="omega" duration="00:00:00.0240000" startTime="2025-10-30T07:50:47.0469135-04:00" endTime="2025-10-30T07:50:47.0473243-04:00" testType="13cdc9d9-ddb5-4fa4-a97d-d965ccfc6d4b" outcome="Passed" testListId="8c84fa94-04c1-424b-9868-57a2d4851a1d" relativeResultsDirectory="71123325-54d8-48a8-bd6e-d39b7f4aa7d9" />
    <UnitTestResult executionId="2808b1a2-5f76-44e8-ba97-78eb2c69ee18" testId="f68d4557-1b46-41a2-a2e2-524f57f82208" testName="OmegaSpiral.Tests.Ui.MainMenu_IntegrationTests.MainMenu_HasRequiredNodes" computerName="omega" duration="00:00:00.0120000" startTime="2025-10-30T07:50:46.0346476-04:00" endTime="2025-10-30T07:50:46.0350755-04:00" testType="13cdc9d9-ddb5-4fa4-a97d-d965ccfc6d4b" outcome="Failed" testListId="8c84fa94-04c1-424b-9868-57a2d4851a1d" relativeResultsDirectory="2808b1a2-5f76-44e8-ba97-78eb2c69ee18">
      <Output>
        <ErrorInfo>
          <Message>Expecting be NOT &lt;Null&gt;:</Message>
          <StackTrace>   at OmegaSpiral.Tests.Ui.MainMenu_IntegrationTests.MainMenu_HasRequiredNodes() in /home/adam/Dev/omega-spiral/chapter-zero/tests/ui/menus/MainMenu_IntegrationTests.cs:line 63
</StackTrace>
        </ErrorInfo>
      </Output>
    </UnitTestResult>
    <UnitTestResult executionId="19b52dd4-101e-4421-b032-fbcb621f5872" testId="02480e9c-bc2c-4ac1-a82d-eae843a9278a" testName="[Before].LaunchButton_HasPressedSignalHandler" computerName="omega" startTime="2025-10-30T07:50:46.0845420-04:00" endTime="2025-10-30T07:50:46.0845477-04:00" testType="13cdc9d9-ddb5-4fa4-a97d-d965ccfc6d4b" outcome="Failed" testListId="8c84fa94-04c1-424b-9868-57a2d4851a1d" relativeResultsDirectory="19b52dd4-101e-4421-b032-fbcb621f5872">
      <Output>
        <ErrorInfo>
          <Message>GdUnitSceneRunner: Can't load scene by given resource path: 'res://source/ui/menus/main_menu.tscn'. The resource does not exists.</Message>
          <StackTrace>   at GdUnit4.Core.SceneRunner.LoadScene(String resourcePath)
   at GdUnit4.Core.SceneRunner..ctor(String resourcePath, Boolean autoFree, Boolean verbose)
   at GdUnit4.ISceneRunner.Load(String resourcePath, Boolean autoFree, Boolean verbose)
   at OmegaSpiral.Tests.Ui.MainMenuTests.Setup() in /home/adam/Dev/omega-spiral/chapter-zero/tests/ui/menus/MainMenuTests.cs:line 34
   at GdUnit4.Core.Execution.ExecutionStage`1.ExecuteStage(ExecutionContext context)
   at GdUnit4.Core.Execution.ExecutionStage`1.Execute(ExecutionContext context)
</StackTrace>
        </ErrorInfo>
      </Output>
    </UnitTestResult>
    <UnitTestResult executionId="c0e124fd-71a1-4724-b234-4d8d64b668c7" testId="7d579ca5-9097-4b12-b093-e916425d700f" testName="[Before].MenuTitle_Exists" computerName="omega" startTime="2025-10-30T07:50:46.5754663-04:00" endTime="2025-10-30T07:50:46.5754677-04:00" testType="13cdc9d9-ddb5-4fa4-a97d-d965ccfc6d4b" outcome="Failed" testListId="8c84fa94-04c1-424b-9868-57a2d4851a1d" relativeResultsDirectory="c0e124fd-71a1-4724-b234-4d8d64b668c7">
      <Output>
        <ErrorInfo>
          <Message>GdUnitSceneRunner: Can't load scene by given resource path: 'res://tests/fixtures/ui/menus/base_menu_ui_test.tscn'. The resource does not exists.</Message>
          <StackTrace>   at GdUnit4.Core.SceneRunner.LoadScene(String resourcePath)
   at GdUnit4.Core.SceneRunner..ctor(String resourcePath, Boolean autoFree, Boolean verbose)
   at GdUnit4.ISceneRunner.Load(String resourcePath, Boolean autoFree, Boolean verbose)
   at OmegaSpiral.Tests.Ui.MenuUiTests.Setup() in /home/adam/Dev/omega-spiral/chapter-zero/tests/ui/menus/MenuUiTests.cs:line 32
   at GdUnit4.Core.Execution.ExecutionStage`1.ExecuteStage(ExecutionContext context)
   at GdUnit4.Core.Execution.ExecutionStage`1.Execute(ExecutionContext context)
</StackTrace>
        </ErrorInfo>
      </Output>
    </UnitTestResult>
    <UnitTestResult executionId="5a482589-ef05-4245-a382-706a38c33f74" testId="edd92294-64fb-4d2b-ab1f-b0a0a4a89909" testName="[Before].MenuButtonContainer_IsCenterAligned" computerName="omega" startTime="2025-10-30T07:50:46.0901765-04:00" endTime="2025-10-30T07:50:46.0901808-04:00" testType="13cdc9d9-ddb5-4fa4-a97d-d965ccfc6d4b" outcome="Failed" testListId="8c84fa94-04c1-424b-9868-57a2d4851a1d" relativeResultsDirectory="5a482589-ef05-4245-a382-706a38c33f74">
      <Output>
        <ErrorInfo>
          <Message>GdUnitSceneRunner: Can't load scene by given resource path: 'res://source/ui/menus/main_menu.tscn'. The resource does not exists.</Message>
          <StackTrace>   at GdUnit4.Core.SceneRunner.LoadScene(String resourcePath)
   at GdUnit4.Core.SceneRunner..ctor(String resourcePath, Boolean autoFree, Boolean verbose)
   at GdUnit4.ISceneRunner.Load(String resourcePath, Boolean autoFree, Boolean verbose)
   at OmegaSpiral.Tests.Ui.MainMenuTests.Setup() in /home/adam/Dev/omega-spiral/chapter-zero/tests/ui/menus/MainMenuTests.cs:line 34
   at GdUnit4.Core.Execution.ExecutionStage`1.ExecuteStage(ExecutionContext context)
   at GdUnit4.Core.Execution.ExecutionStage`1.Execute(ExecutionContext context)
</StackTrace>
        </ErrorInfo>
      </Output>
    </UnitTestResult>
    <UnitTestResult executionId="997b4191-498c-4e59-8552-a0d081673f65" testId="dfd3aa41-4730-4554-bb46-fad9f907dd80" testName="[Before].MenuTitle_DisplaysOmegaSpiral" computerName="omega" startTime="2025-10-30T07:50:46.0909677-04:00" endTime="2025-10-30T07:50:46.0909700-04:00" testType="13cdc9d9-ddb5-4fa4-a97d-d965ccfc6d4b" outcome="Failed" testListId="8c84fa94-04c1-424b-9868-57a2d4851a1d" relativeResultsDirectory="997b4191-498c-4e59-8552-a0d081673f65">
      <Output>
        <ErrorInfo>
          <Message>GdUnitSceneRunner: Can't load scene by given resource path: 'res://source/ui/menus/main_menu.tscn'. The resource does not exists.</Message>
          <StackTrace>   at GdUnit4.Core.SceneRunner.LoadScene(String resourcePath)
   at GdUnit4.Core.SceneRunner..ctor(String resourcePath, Boolean autoFree, Boolean verbose)
   at GdUnit4.ISceneRunner.Load(String resourcePath, Boolean autoFree, Boolean verbose)
   at OmegaSpiral.Tests.Ui.MainMenuTests.Setup() in /home/adam/Dev/omega-spiral/chapter-zero/tests/ui/menus/MainMenuTests.cs:line 34
   at GdUnit4.Core.Execution.ExecutionStage`1.ExecuteStage(ExecutionContext context)
   at GdUnit4.Core.Execution.ExecutionStage`1.Execute(ExecutionContext context)
</StackTrace>
        </ErrorInfo>
      </Output>
    </UnitTestResult>
    <UnitTestResult executionId="b3969ebb-0328-40c7-8882-da9d1707f568" testId="2014312e-be4f-4473-9011-127750f4c51f" testName="OmegaSpiral.Tests.Ui.Omega.OmegaBorderFrame_UnitTests.Anchors_FillParentBounds" computerName="omega" duration="00:00:00.0210000" startTime="2025-10-30T07:50:47.1015177-04:00" endTime="2025-10-30T07:50:47.1018977-04:00" testType="13cdc9d9-ddb5-4fa4-a97d-d965ccfc6d4b" outcome="Passed" testListId="8c84fa94-04c1-424b-9868-57a2d4851a1d" relativeResultsDirectory="b3969ebb-0328-40c7-8882-da9d1707f568" />
    <UnitTestResult executionId="42a66674-8d43-4d9a-8f8f-1933553e7fa0" testId="3e4f9abf-7b81-4bc7-bfb7-44860ee07250" testName="[Before].CreditsMenu_HasScrollContainer" computerName="omega" startTime="2025-10-30T07:50:45.8087251-04:00" endTime="2025-10-30T07:50:45.8087278-04:00" testType="13cdc9d9-ddb5-4fa4-a97d-d965ccfc6d4b" outcome="Failed" testListId="8c84fa94-04c1-424b-9868-57a2d4851a1d" relativeResultsDirectory="42a66674-8d43-4d9a-8f8f-1933553e7fa0">
      <Output>
        <ErrorInfo>
          <Message>GdUnitSceneRunner: Can't load scene by given resource path: 'res://source/ui/menus/credits_menu.tscn'. The resource does not exists.</Message>
          <StackTrace>   at GdUnit4.Core.SceneRunner.LoadScene(String resourcePath)
   at GdUnit4.Core.SceneRunner..ctor(String resourcePath, Boolean autoFree, Boolean verbose)
   at GdUnit4.ISceneRunner.Load(String resourcePath, Boolean autoFree, Boolean verbose)
   at OmegaSpiral.Tests.Ui.CreditsMenuTests.Setup() in /home/adam/Dev/omega-spiral/chapter-zero/tests/ui/menus/CreditsMenuTests.cs:line 33
   at GdUnit4.Core.Execution.ExecutionStage`1.ExecuteStage(ExecutionContext context)
   at GdUnit4.Core.Execution.ExecutionStage`1.Execute(ExecutionContext context)
</StackTrace>
        </ErrorInfo>
      </Output>
    </UnitTestResult>
    <UnitTestResult executionId="9063cdae-a3cc-44bf-b6c3-e2a4f8ae61c3" testId="9398d445-c1a3-4293-bb75-f3677539c3b6" testName="OmegaSpiral.Tests.Ui.PauseMenuTests.PauseMenu_CanShowAndHide" computerName="omega" duration="00:00:00.0320000" startTime="2025-10-30T07:50:47.5399001-04:00" endTime="2025-10-30T07:50:47.5401889-04:00" testType="13cdc9d9-ddb5-4fa4-a97d-d965ccfc6d4b" outcome="Failed" testListId="8c84fa94-04c1-424b-9868-57a2d4851a1d" relativeResultsDirectory="9063cdae-a3cc-44bf-b6c3-e2a4f8ae61c3">
      <Output>
        <ErrorInfo>
          <Message>Object reference not set to an instance of an object.</Message>
          <StackTrace>   at OmegaSpiral.Tests.Ui.PauseMenuTests.PauseMenu_CanShowAndHide() in /home/adam/Dev/omega-spiral/chapter-zero/tests/ui/menus/PauseMenuTests.cs:line 122
   at System.Reflection.MethodBaseInvoker.InterpretedInvoke_Method(Object obj, IntPtr* args)
   at System.Reflection.MethodBaseInvoker.InvokeWithNoArgs(Object obj, BindingFlags invokeAttr)
</StackTrace>
        </ErrorInfo>
      </Output>
    </UnitTestResult>
    <UnitTestResult executionId="428e09c0-f24b-4e20-a09b-ee411b1696a3" testId="b672eca6-c691-4eb0-bb2d-f128d8679ca6" testName="OmegaSpiral.Tests.Ui.MenuUiTests.ContentContainer_Exists" computerName="omega" duration="00:00:00.0130000" startTime="2025-10-30T07:50:46.6537047-04:00" endTime="2025-10-30T07:50:46.6554748-04:00" testType="13cdc9d9-ddb5-4fa4-a97d-d965ccfc6d4b" outcome="Failed" testListId="8c84fa94-04c1-424b-9868-57a2d4851a1d" relativeResultsDirectory="428e09c0-f24b-4e20-a09b-ee411b1696a3">
      <Output>
        <ErrorInfo>
          <Message>Expecting be NOT &lt;Null&gt;:</Message>
          <StackTrace>   at OmegaSpiral.Tests.Ui.MenuUiTests.ContentContainer_Exists() in /home/adam/Dev/omega-spiral/chapter-zero/tests/ui/menus/MenuUiTests.cs:line 95
</StackTrace>
        </ErrorInfo>
      </Output>
    </UnitTestResult>
    <UnitTestResult executionId="dfd08d4f-2a96-4604-bd70-839be64667f0" testId="b1a9a7b9-1ce9-402d-b04b-ca423505549f" testName="OmegaSpiral.Tests.Ui.MainMenuTests.GlitchLayer_IsVisibleWithCorrectOpacity" computerName="omega" duration="00:00:00.0200000" startTime="2025-10-30T07:50:46.5025379-04:00" endTime="2025-10-30T07:50:46.5029458-04:00" testType="13cdc9d9-ddb5-4fa4-a97d-d965ccfc6d4b" outcome="Failed" testListId="8c84fa94-04c1-424b-9868-57a2d4851a1d" relativeResultsDirectory="dfd08d4f-2a96-4604-bd70-839be64667f0">
      <Output>
        <ErrorInfo>
          <Message>Object reference not set to an instance of an object.</Message>
          <StackTrace>   at OmegaSpiral.Tests.Ui.MainMenuTests.GlitchLayer_IsVisibleWithCorrectOpacity() in /home/adam/Dev/omega-spiral/chapter-zero/tests/ui/menus/MainMenuTests.cs:line 428
   at System.Reflection.MethodBaseInvoker.InterpretedInvoke_Method(Object obj, IntPtr* args)
   at System.Reflection.MethodBaseInvoker.InvokeWithNoArgs(Object obj, BindingFlags invokeAttr)
</StackTrace>
        </ErrorInfo>
      </Output>
    </UnitTestResult>
    <UnitTestResult executionId="6f6141b2-2be5-465c-8b20-3b70ae058002" testId="3eea9859-e5e4-4004-a00a-76619dc12725" testName="OmegaSpiral.Tests.Ui.CreditsMenuTests.CreditsMenu_HasTitle" computerName="omega" duration="00:00:00.0200000" startTime="2025-10-30T07:50:45.8897927-04:00" endTime="2025-10-30T07:50:45.8901818-04:00" testType="13cdc9d9-ddb5-4fa4-a97d-d965ccfc6d4b" outcome="Failed" testListId="8c84fa94-04c1-424b-9868-57a2d4851a1d" relativeResultsDirectory="6f6141b2-2be5-465c-8b20-3b70ae058002">
      <Output>
        <ErrorInfo>
          <Message>Expecting be NOT &lt;Null&gt;:</Message>
          <StackTrace>   at OmegaSpiral.Tests.Ui.CreditsMenuTests.CreditsMenu_HasTitle() in /home/adam/Dev/omega-spiral/chapter-zero/tests/ui/menus/CreditsMenuTests.cs:line 66
</StackTrace>
        </ErrorInfo>
      </Output>
    </UnitTestResult>
    <UnitTestResult executionId="c6f40608-b8eb-41d9-99f1-e2a84de515f5" testId="d896e900-7f3b-48fb-a67a-6a7eeb56a803" testName="OmegaSpiral.Tests.Ui.MainMenuTests.MenuTitle_UsesAmberDesignColor" computerName="omega" duration="00:00:00.0130000" startTime="2025-10-30T07:50:46.3372723-04:00" endTime="2025-10-30T07:50:46.3377002-04:00" testType="13cdc9d9-ddb5-4fa4-a97d-d965ccfc6d4b" outcome="Failed" testListId="8c84fa94-04c1-424b-9868-57a2d4851a1d" relativeResultsDirectory="c6f40608-b8eb-41d9-99f1-e2a84de515f5">
      <Output>
        <ErrorInfo>
          <Message>Object reference not set to an instance of an object.</Message>
          <StackTrace>   at OmegaSpiral.Tests.Ui.MainMenuTests.MenuTitle_UsesAmberDesignColor() in /home/adam/Dev/omega-spiral/chapter-zero/tests/ui/menus/MainMenuTests.cs:line 277
   at System.Reflection.MethodBaseInvoker.InterpretedInvoke_Method(Object obj, IntPtr* args)
   at System.Reflection.MethodBaseInvoker.InvokeWithNoArgs(Object obj, BindingFlags invokeAttr)
</StackTrace>
        </ErrorInfo>
      </Output>
    </UnitTestResult>
    <UnitTestResult executionId="fb785270-762b-4777-a38f-0857f7c9ed3d" testId="112316b9-5ed3-4d30-9b7f-f666521acef3" testName="[Before].InheritsFromMenuUi" computerName="omega" startTime="2025-10-30T07:50:46.0813839-04:00" endTime="2025-10-30T07:50:46.0813869-04:00" testType="13cdc9d9-ddb5-4fa4-a97d-d965ccfc6d4b" outcome="Failed" testListId="8c84fa94-04c1-424b-9868-57a2d4851a1d" relativeResultsDirectory="fb785270-762b-4777-a38f-0857f7c9ed3d">
      <Output>
        <ErrorInfo>
          <Message>GdUnitSceneRunner: Can't load scene by given resource path: 'res://source/ui/menus/main_menu.tscn'. The resource does not exists.</Message>
          <StackTrace>   at GdUnit4.Core.SceneRunner.LoadScene(String resourcePath)
   at GdUnit4.Core.SceneRunner..ctor(String resourcePath, Boolean autoFree, Boolean verbose)
   at GdUnit4.ISceneRunner.Load(String resourcePath, Boolean autoFree, Boolean verbose)
   at OmegaSpiral.Tests.Ui.MainMenuTests.Setup() in /home/adam/Dev/omega-spiral/chapter-zero/tests/ui/menus/MainMenuTests.cs:line 34
   at GdUnit4.Core.Execution.ExecutionStage`1.ExecuteStage(ExecutionContext context)
   at GdUnit4.Core.Execution.ExecutionStage`1.Execute(ExecutionContext context)
</StackTrace>
        </ErrorInfo>
      </Output>
    </UnitTestResult>
    <UnitTestResult executionId="1534c7d9-148d-445d-a9fd-3d2b77cd1371" testId="0d205bca-a961-44e7-8e5d-82b4f7296b5d" testName="OmegaSpiral.Tests.Unit.Common.Omega.OmegaSpiralColorsTests.ColorCycleDuration_Is8Seconds" computerName="omega" duration="00:00:00.0200000" startTime="2025-10-30T07:50:47.8085810-04:00" endTime="2025-10-30T07:50:47.8088637-04:00" testType="13cdc9d9-ddb5-4fa4-a97d-d965ccfc6d4b" outcome="Passed" testListId="8c84fa94-04c1-424b-9868-57a2d4851a1d" relativeResultsDirectory="1534c7d9-148d-445d-a9fd-3d2b77cd1371" />
    <UnitTestResult executionId="6c699e35-d231-4402-83c7-006c3eab93c4" testId="ea7d58cd-2e43-403e-90ac-e065b87c1090" testName="[Before].MainMenu_InheritsOmegaTheming" computerName="omega" startTime="2025-10-30T07:50:46.0232937-04:00" endTime="2025-10-30T07:50:46.0232971-04:00" testType="13cdc9d9-ddb5-4fa4-a97d-d965ccfc6d4b" outcome="Failed" testListId="8c84fa94-04c1-424b-9868-57a2d4851a1d" relativeResultsDirectory="6c699e35-d231-4402-83c7-006c3eab93c4">
      <Output>
        <ErrorInfo>
          <Message>GdUnitSceneRunner: Can't load scene by given resource path: 'res://source/ui/menus/main_menu.tscn'. The resource does not exists.</Message>
          <StackTrace>   at GdUnit4.Core.SceneRunner.LoadScene(String resourcePath)
   at GdUnit4.Core.SceneRunner..ctor(String resourcePath, Boolean autoFree, Boolean verbose)
   at GdUnit4.ISceneRunner.Load(String resourcePath, Boolean autoFree, Boolean verbose)
   at OmegaSpiral.Tests.Ui.MainMenu_IntegrationTests.Setup() in /home/adam/Dev/omega-spiral/chapter-zero/tests/ui/menus/MainMenu_IntegrationTests.cs:line 32
   at GdUnit4.Core.Execution.ExecutionStage`1.ExecuteStage(ExecutionContext context)
   at GdUnit4.Core.Execution.ExecutionStage`1.Execute(ExecutionContext context)
</StackTrace>
        </ErrorInfo>
      </Output>
    </UnitTestResult>
    <UnitTestResult executionId="20096689-11d4-498f-9583-ce8b4b9b9ded" testId="71b5c0cf-ef6c-4be4-8c0c-4d76acd67cb2" testName="OmegaSpiral.Tests.Ui.MenuUiUnitTests.GetFocusedButton_ReturnsCorrectButton" computerName="omega" duration="00:00:00.0200000" startTime="2025-10-30T07:50:46.9204442-04:00" endTime="2025-10-30T07:50:46.9212656-04:00" testType="13cdc9d9-ddb5-4fa4-a97d-d965ccfc6d4b" outcome="Failed" testListId="8c84fa94-04c1-424b-9868-57a2d4851a1d" relativeResultsDirectory="20096689-11d4-498f-9583-ce8b4b9b9ded">
      <Output>
        <ErrorInfo>
          <Message>Expecting be NOT &lt;Null&gt;:</Message>
          <StackTrace>   at OmegaSpiral.Tests.Ui.MenuUiUnitTests.GetFocusedButton_ReturnsCorrectButton() in /home/adam/Dev/omega-spiral/chapter-zero/tests/ui/menus/BaseMenuUiUnitTests.cs:line 86
</StackTrace>
        </ErrorInfo>
      </Output>
    </UnitTestResult>
    <UnitTestResult executionId="3c65dfeb-87c3-482f-8e88-6e112fef984f" testId="83c8b836-cbdc-418a-9065-5591afe33b05" testName="OmegaSpiral.Tests.Unit.Common.Omega.OmegaSpiralColorsTests.GlitchDistortion_HasCorrectOpacity" computerName="omega" duration="00:00:00.0100000" startTime="2025-10-30T07:50:47.7263510-04:00" endTime="2025-10-30T07:50:47.7269830-04:00" testType="13cdc9d9-ddb5-4fa4-a97d-d965ccfc6d4b" outcome="Passed" testListId="8c84fa94-04c1-424b-9868-57a2d4851a1d" relativeResultsDirectory="3c65dfeb-87c3-482f-8e88-6e112fef984f" />
    <UnitTestResult executionId="65343817-1bd5-472d-8ed9-a49b3a86de07" testId="e32e3c35-7732-41ef-b0b1-8fc388e2365e" testName="[Before].MenuUi_ExposesProtectedHelpers" computerName="omega" startTime="2025-10-30T07:50:46.5758032-04:00" endTime="2025-10-30T07:50:46.5758051-04:00" testType="13cdc9d9-ddb5-4fa4-a97d-d965ccfc6d4b" outcome="Failed" testListId="8c84fa94-04c1-424b-9868-57a2d4851a1d" relativeResultsDirectory="65343817-1bd5-472d-8ed9-a49b3a86de07">
      <Output>
        <ErrorInfo>
          <Message>GdUnitSceneRunner: Can't load scene by given resource path: 'res://tests/fixtures/ui/menus/base_menu_ui_test.tscn'. The resource does not exists.</Message>
          <StackTrace>   at GdUnit4.Core.SceneRunner.LoadScene(String resourcePath)
   at GdUnit4.Core.SceneRunner..ctor(String resourcePath, Boolean autoFree, Boolean verbose)
   at GdUnit4.ISceneRunner.Load(String resourcePath, Boolean autoFree, Boolean verbose)
   at OmegaSpiral.Tests.Ui.MenuUiTests.Setup() in /home/adam/Dev/omega-spiral/chapter-zero/tests/ui/menus/MenuUiTests.cs:line 32
   at GdUnit4.Core.Execution.ExecutionStage`1.ExecuteStage(ExecutionContext context)
   at GdUnit4.Core.Execution.ExecutionStage`1.Execute(ExecutionContext context)
</StackTrace>
        </ErrorInfo>
      </Output>
    </UnitTestResult>
    <UnitTestResult executionId="1b196b55-0e28-4ca0-bc7e-51384ec2b556" testId="2a5b6fd6-ab89-41f4-81ad-87d34d60503f" testName="OmegaSpiral.Tests.Ui.MainMenuTests.OptionsButton_HasPressedSignalHandler" computerName="omega" duration="00:00:00.0210000" startTime="2025-10-30T07:50:46.2906903-04:00" endTime="2025-10-30T07:50:46.2911032-04:00" testType="13cdc9d9-ddb5-4fa4-a97d-d965ccfc6d4b" outcome="Failed" testListId="8c84fa94-04c1-424b-9868-57a2d4851a1d" relativeResultsDirectory="1b196b55-0e28-4ca0-bc7e-51384ec2b556">
      <Output>
        <ErrorInfo>
          <Message>Object reference not set to an instance of an object.</Message>
          <StackTrace>   at OmegaSpiral.Tests.Ui.MainMenuTests.OptionsButton_HasPressedSignalHandler() in /home/adam/Dev/omega-spiral/chapter-zero/tests/ui/menus/MainMenuTests.cs:line 228
   at System.Reflection.MethodBaseInvoker.InterpretedInvoke_Method(Object obj, IntPtr* args)
   at System.Reflection.MethodBaseInvoker.InvokeWithNoArgs(Object obj, BindingFlags invokeAttr)
</StackTrace>
        </ErrorInfo>
      </Output>
    </UnitTestResult>
    <UnitTestResult executionId="7d952cb2-b8ca-4ba4-9724-d9a9942e202c" testId="84beb64b-c821-4d5c-90c1-bfee5cd1335e" testName="OmegaSpiral.Tests.Ui.MenuUiTests.MenuUi_HasMenuModeEnum" computerName="omega" duration="00:00:00.0200000" startTime="2025-10-30T07:50:46.6147327-04:00" endTime="2025-10-30T07:50:46.6169822-04:00" testType="13cdc9d9-ddb5-4fa4-a97d-d965ccfc6d4b" outcome="Passed" testListId="8c84fa94-04c1-424b-9868-57a2d4851a1d" relativeResultsDirectory="7d952cb2-b8ca-4ba4-9724-d9a9942e202c" />
    <UnitTestResult executionId="7b23d964-8a19-44b8-baed-455b2dad2b89" testId="37b1d7a6-9019-4052-9d9c-665b2959274f" testName="[Before].PauseMenu_ExtendsMenuUi" computerName="omega" startTime="2025-10-30T07:50:47.4198186-04:00" endTime="2025-10-30T07:50:47.4198218-04:00" testType="13cdc9d9-ddb5-4fa4-a97d-d965ccfc6d4b" outcome="Failed" testListId="8c84fa94-04c1-424b-9868-57a2d4851a1d" relativeResultsDirectory="7b23d964-8a19-44b8-baed-455b2dad2b89">
      <Output>
        <ErrorInfo>
          <Message>GdUnitSceneRunner: Can't load scene by given resource path: 'res://source/ui/menus/pause_menu.tscn'. The resource does not exists.</Message>
          <StackTrace>   at GdUnit4.Core.SceneRunner.LoadScene(String resourcePath)
   at GdUnit4.Core.SceneRunner..ctor(String resourcePath, Boolean autoFree, Boolean verbose)
   at GdUnit4.ISceneRunner.Load(String resourcePath, Boolean autoFree, Boolean verbose)
   at OmegaSpiral.Tests.Ui.PauseMenuTests.Setup() in /home/adam/Dev/omega-spiral/chapter-zero/tests/ui/menus/PauseMenuTests.cs:line 29
   at GdUnit4.Core.Execution.ExecutionStage`1.ExecuteStage(ExecutionContext context)
   at GdUnit4.Core.Execution.ExecutionStage`1.Execute(ExecutionContext context)
</StackTrace>
        </ErrorInfo>
      </Output>
    </UnitTestResult>
    <UnitTestResult executionId="0fae3de1-c112-4a00-90ac-0bd02c15f403" testId="6d51cb03-8587-4be9-8518-2c08f2bb5769" testName="OmegaSpiral.Tests.Ui.PauseMenuTests.PauseMenu_HasTitle" computerName="omega" duration="00:00:00.0210000" startTime="2025-10-30T07:50:47.4729631-04:00" endTime="2025-10-30T07:50:47.4732481-04:00" testType="13cdc9d9-ddb5-4fa4-a97d-d965ccfc6d4b" outcome="Failed" testListId="8c84fa94-04c1-424b-9868-57a2d4851a1d" relativeResultsDirectory="0fae3de1-c112-4a00-90ac-0bd02c15f403">
      <Output>
        <ErrorInfo>
          <Message>Object reference not set to an instance of an object.</Message>
          <StackTrace>   at OmegaSpiral.Tests.Ui.PauseMenuTests.PauseMenu_HasTitle() in /home/adam/Dev/omega-spiral/chapter-zero/tests/ui/menus/PauseMenuTests.cs:line 82
   at System.Reflection.MethodBaseInvoker.InterpretedInvoke_Method(Object obj, IntPtr* args)
   at System.Reflection.MethodBaseInvoker.InvokeWithNoArgs(Object obj, BindingFlags invokeAttr)
</StackTrace>
        </ErrorInfo>
      </Output>
    </UnitTestResult>
    <UnitTestResult executionId="847c9255-65bf-4eae-afa4-643ed6bb47e9" testId="f68d4557-1b46-41a2-a2e2-524f57f82208" testName="[Before].MainMenu_HasRequiredNodes" computerName="omega" startTime="2025-10-30T07:50:46.0221752-04:00" endTime="2025-10-30T07:50:46.0221791-04:00" testType="13cdc9d9-ddb5-4fa4-a97d-d965ccfc6d4b" outcome="Failed" testListId="8c84fa94-04c1-424b-9868-57a2d4851a1d" relativeResultsDirectory="847c9255-65bf-4eae-afa4-643ed6bb47e9">
      <Output>
        <ErrorInfo>
          <Message>GdUnitSceneRunner: Can't load scene by given resource path: 'res://source/ui/menus/main_menu.tscn'. The resource does not exists.</Message>
          <StackTrace>   at GdUnit4.Core.SceneRunner.LoadScene(String resourcePath)
   at GdUnit4.Core.SceneRunner..ctor(String resourcePath, Boolean autoFree, Boolean verbose)
   at GdUnit4.ISceneRunner.Load(String resourcePath, Boolean autoFree, Boolean verbose)
   at OmegaSpiral.Tests.Ui.MainMenu_IntegrationTests.Setup() in /home/adam/Dev/omega-spiral/chapter-zero/tests/ui/menus/MainMenu_IntegrationTests.cs:line 32
   at GdUnit4.Core.Execution.ExecutionStage`1.ExecuteStage(ExecutionContext context)
   at GdUnit4.Core.Execution.ExecutionStage`1.Execute(ExecutionContext context)
</StackTrace>
        </ErrorInfo>
      </Output>
    </UnitTestResult>
    <UnitTestResult executionId="1736b53b-5885-4748-940c-c65f0a82fa70" testId="c88c7b31-d53e-48f3-ac73-e912699e23b2" testName="[Before].CreditsMenu_StartsScrollingWhenShown" computerName="omega" startTime="2025-10-30T07:50:45.8104539-04:00" endTime="2025-10-30T07:50:45.8104563-04:00" testType="13cdc9d9-ddb5-4fa4-a97d-d965ccfc6d4b" outcome="Failed" testListId="8c84fa94-04c1-424b-9868-57a2d4851a1d" relativeResultsDirectory="1736b53b-5885-4748-940c-c65f0a82fa70">
      <Output>
        <ErrorInfo>
          <Message>GdUnitSceneRunner: Can't load scene by given resource path: 'res://source/ui/menus/credits_menu.tscn'. The resource does not exists.</Message>
          <StackTrace>   at GdUnit4.Core.SceneRunner.LoadScene(String resourcePath)
   at GdUnit4.Core.SceneRunner..ctor(String resourcePath, Boolean autoFree, Boolean verbose)
   at GdUnit4.ISceneRunner.Load(String resourcePath, Boolean autoFree, Boolean verbose)
   at OmegaSpiral.Tests.Ui.CreditsMenuTests.Setup() in /home/adam/Dev/omega-spiral/chapter-zero/tests/ui/menus/CreditsMenuTests.cs:line 33
   at GdUnit4.Core.Execution.ExecutionStage`1.ExecuteStage(ExecutionContext context)
   at GdUnit4.Core.Execution.ExecutionStage`1.Execute(ExecutionContext context)
</StackTrace>
        </ErrorInfo>
      </Output>
    </UnitTestResult>
    <UnitTestResult executionId="19b1654c-86d2-42ca-9b27-dd983b70a553" testId="51ccf39c-05b8-4665-8a96-7a85dd4ac625" testName="OmegaSpiral.Tests.Ui.Omega.OmegaBorderFrame_UnitTests.ConfigureAnimationSpeed_UpdatesBothParameters" computerName="omega" duration="00:00:00.0200000" startTime="2025-10-30T07:50:47.2719077-04:00" endTime="2025-10-30T07:50:47.2721764-04:00" testType="13cdc9d9-ddb5-4fa4-a97d-d965ccfc6d4b" outcome="Failed" testListId="8c84fa94-04c1-424b-9868-57a2d4851a1d" relativeResultsDirectory="19b1654c-86d2-42ca-9b27-dd983b70a553">
      <Output>
        <ErrorInfo>
          <Message>Expecting be equal:
    '0.5' but is '0.05'</Message>
          <StackTrace>   at OmegaSpiral.Tests.Ui.Omega.OmegaBorderFrame_UnitTests.ConfigureAnimationSpeed_UpdatesBothParameters() in /home/adam/Dev/omega-spiral/chapter-zero/tests/ui/omega/OmegaBorderFrameTests.cs:line 215
</StackTrace>
        </ErrorInfo>
      </Output>
    </UnitTestResult>
    <UnitTestResult executionId="f2945b33-cdbb-442d-86b6-f354c9b2cfff" testId="04e915dd-1947-484e-9a2f-5a2560f14207" testName="OmegaSpiral.Tests.Unit.Common.Omega.OmegaSpiralColorsTests.ColorTolerance_IsAppropriate" computerName="omega" duration="00:00:00.0200000" startTime="2025-10-30T07:50:47.8654531-04:00" endTime="2025-10-30T07:50:47.8657616-04:00" testType="13cdc9d9-ddb5-4fa4-a97d-d965ccfc6d4b" outcome="Passed" testListId="8c84fa94-04c1-424b-9868-57a2d4851a1d" relativeResultsDirectory="f2945b33-cdbb-442d-86b6-f354c9b2cfff" />
    <UnitTestResult executionId="4461e279-96fe-4a27-9fdd-a32d16beee90" testId="512413a3-e156-427e-abfd-f01ed30c4cfc" testName="OmegaSpiral.Tests.Unit.Common.Omega.OmegaSpiralColorsTests.LightThread_MatchesDesignSpec" computerName="omega" duration="00:00:00.0120000" startTime="2025-10-30T07:50:47.7395078-04:00" endTime="2025-10-30T07:50:47.7398000-04:00" testType="13cdc9d9-ddb5-4fa4-a97d-d965ccfc6d4b" outcome="Passed" testListId="8c84fa94-04c1-424b-9868-57a2d4851a1d" relativeResultsDirectory="4461e279-96fe-4a27-9fdd-a32d16beee90" />
    <UnitTestResult executionId="3e24d249-2803-4e5f-9f1d-54b355aa0d0f" testId="2ecae4da-054b-4403-8954-847d93c28d1d" testName="OmegaSpiral.Tests.Ui.MenuUiTests.FocusFirstButton_WorksCorrectly" computerName="omega" duration="00:00:00.0130000" startTime="2025-10-30T07:50:46.7510405-04:00" endTime="2025-10-30T07:50:46.7515858-04:00" testType="13cdc9d9-ddb5-4fa4-a97d-d965ccfc6d4b" outcome="Failed" testListId="8c84fa94-04c1-424b-9868-57a2d4851a1d" relativeResultsDirectory="3e24d249-2803-4e5f-9f1d-54b355aa0d0f">
      <Output>
        <ErrorInfo>
          <Message>Expecting be NOT &lt;Null&gt;:</Message>
          <StackTrace>   at OmegaSpiral.Tests.Ui.MenuUiTests.FocusFirstButton_WorksCorrectly() in /home/adam/Dev/omega-spiral/chapter-zero/tests/ui/menus/MenuUiTests.cs:line 193
</StackTrace>
        </ErrorInfo>
      </Output>
    </UnitTestResult>
    <UnitTestResult executionId="3687df41-dbf4-4779-86a9-a046f336fa73" testId="4307b797-7242-428e-8f85-e62e202c4668" testName="OmegaSpiral.Tests.Ui.MainMenuTests.AllStageButtons_HavePressedSignalHandlers" computerName="omega" duration="00:00:00.0200000" startTime="2025-10-30T07:50:46.3226614-04:00" endTime="2025-10-30T07:50:46.3235530-04:00" testType="13cdc9d9-ddb5-4fa4-a97d-d965ccfc6d4b" outcome="Failed" testListId="8c84fa94-04c1-424b-9868-57a2d4851a1d" relativeResultsDirectory="3687df41-dbf4-4779-86a9-a046f336fa73">
      <Output>
        <ErrorInfo>
          <Message>Object reference not set to an instance of an object.</Message>
          <StackTrace>   at OmegaSpiral.Tests.Ui.MainMenuTests.AllStageButtons_HavePressedSignalHandlers() in /home/adam/Dev/omega-spiral/chapter-zero/tests/ui/menus/MainMenuTests.cs:line 256
   at System.Reflection.MethodBaseInvoker.InterpretedInvoke_Method(Object obj, IntPtr* args)
   at System.Reflection.MethodBaseInvoker.InvokeWithNoArgs(Object obj, BindingFlags invokeAttr)
</StackTrace>
        </ErrorInfo>
      </Output>
    </UnitTestResult>
  </Results>
  <TestDefinitions>
    <UnitTest name="MenuTitle_IsHorizontallyCentered" storage="/home/adam/dev/omega-spiral/chapter-zero/.godot/mono/temp/bin/debug/chapter-zero.dll" id="bb5fbb05-5361-41df-92b1-b8b8e8dd0e3c">
      <Execution id="0657fb2d-8508-4dd9-9c54-c84bea5a2806" />
      <TestMethod codeBase="/home/adam/Dev/omega-spiral/chapter-zero/.godot/mono/temp/bin/Debug/chapter-zero.dll" adapterTypeName="executor://gdunit4.testadapter/" className="OmegaSpiral.Tests.Ui.MainMenuTests" name="MenuTitle_IsHorizontallyCentered" />
    </UnitTest>
    <UnitTest name="AnimationDefaults_AreSet" storage="/home/adam/dev/omega-spiral/chapter-zero/.godot/mono/temp/bin/debug/chapter-zero.dll" id="4a01fabb-b4a3-4c07-807a-f0f25ef7883f">
      <Execution id="c93ad057-83e0-43c9-b1e8-ab0c67a6aeaf" />
      <TestMethod codeBase="/home/adam/Dev/omega-spiral/chapter-zero/.godot/mono/temp/bin/Debug/chapter-zero.dll" adapterTypeName="executor://gdunit4.testadapter/" className="OmegaSpiral.Tests.Ui.Omega.OmegaBorderFrame_UnitTests" name="AnimationDefaults_AreSet" />
    </UnitTest>
    <UnitTest name="ShaderMaterial_IsConfigured" storage="/home/adam/dev/omega-spiral/chapter-zero/.godot/mono/temp/bin/debug/chapter-zero.dll" id="9aab1fc6-f9d7-4d6f-a8ce-19869bef9bd5">
      <Execution id="3002523a-93a0-402c-818b-e113db744dc6" />
      <TestMethod codeBase="/home/adam/Dev/omega-spiral/chapter-zero/.godot/mono/temp/bin/Debug/chapter-zero.dll" adapterTypeName="executor://gdunit4.testadapter/" className="OmegaSpiral.Tests.Ui.Omega.OmegaBorderFrame_UnitTests" name="ShaderMaterial_IsConfigured" />
    </UnitTest>
    <UnitTest name="CreditsMenu_HasTitle" storage="/home/adam/dev/omega-spiral/chapter-zero/.godot/mono/temp/bin/debug/chapter-zero.dll" id="3eea9859-e5e4-4004-a00a-76619dc12725">
      <Execution id="69b7e55f-7f1c-49e7-896a-48ad19863650" />
      <TestMethod codeBase="/home/adam/Dev/omega-spiral/chapter-zero/.godot/mono/temp/bin/Debug/chapter-zero.dll" adapterTypeName="executor://gdunit4.testadapter/" className="OmegaSpiral.Tests.Ui.CreditsMenuTests" name="CreditsMenu_HasTitle" />
    </UnitTest>
    <UnitTest name="PrimaryColors_HaveFullOpacity" storage="/home/adam/dev/omega-spiral/chapter-zero/.godot/mono/temp/bin/debug/chapter-zero.dll" id="04a40bfb-2687-4aec-902b-3c89f90f986c">
      <Execution id="7c49de69-a5ba-4d47-83d3-ef57d46d40fb" />
      <TestMethod codeBase="/home/adam/Dev/omega-spiral/chapter-zero/.godot/mono/temp/bin/Debug/chapter-zero.dll" adapterTypeName="executor://gdunit4.testadapter/" className="OmegaSpiral.Tests.Unit.Common.Omega.OmegaSpiralColorsTests" name="PrimaryColors_HaveFullOpacity" />
    </UnitTest>
    <UnitTest name="ContentContainer_Exists" storage="/home/adam/dev/omega-spiral/chapter-zero/.godot/mono/temp/bin/debug/chapter-zero.dll" id="53290af8-65c2-4397-88e7-62105d2790d5">
      <Execution id="8b560efc-377d-4ef0-8a27-f55af823a51d" />
      <TestMethod codeBase="/home/adam/Dev/omega-spiral/chapter-zero/.godot/mono/temp/bin/Debug/chapter-zero.dll" adapterTypeName="executor://gdunit4.testadapter/" className="OmegaSpiral.Tests.Ui.MenuUiUnitTests" name="ContentContainer_Exists" />
    </UnitTest>
    <UnitTest name="LaunchButton_ExistsWithCorrectText" storage="/home/adam/dev/omega-spiral/chapter-zero/.godot/mono/temp/bin/debug/chapter-zero.dll" id="939d9eda-cda8-4004-bb69-3a414b82c6c2">
      <Execution id="aed6aba9-cc52-4bb9-a790-740463067867" />
      <TestMethod codeBase="/home/adam/Dev/omega-spiral/chapter-zero/.godot/mono/temp/bin/Debug/chapter-zero.dll" adapterTypeName="executor://gdunit4.testadapter/" className="OmegaSpiral.Tests.Ui.MainMenuTests" name="LaunchButton_ExistsWithCorrectText" />
    </UnitTest>
    <UnitTest name="MenuMode_DefaultsToStandard" storage="/home/adam/dev/omega-spiral/chapter-zero/.godot/mono/temp/bin/debug/chapter-zero.dll" id="75c0b2e6-47ff-4462-9f81-28cb9f945422">
      <Execution id="cd367819-128f-46ba-893a-73b442638ae6" />
      <TestMethod codeBase="/home/adam/Dev/omega-spiral/chapter-zero/.godot/mono/temp/bin/Debug/chapter-zero.dll" adapterTypeName="executor://gdunit4.testadapter/" className="OmegaSpiral.Tests.Ui.MenuUiTests" name="MenuMode_DefaultsToStandard" />
    </UnitTest>
    <UnitTest name="CreditsMenu_FocusesBackButton" storage="/home/adam/dev/omega-spiral/chapter-zero/.godot/mono/temp/bin/debug/chapter-zero.dll" id="49b1db18-dda3-4b66-8c96-6cdcdff9e392">
      <Execution id="108c9384-8ef6-4d91-958a-70e6f1e729b3" />
      <TestMethod codeBase="/home/adam/Dev/omega-spiral/chapter-zero/.godot/mono/temp/bin/Debug/chapter-zero.dll" adapterTypeName="executor://gdunit4.testadapter/" className="OmegaSpiral.Tests.Ui.CreditsMenuTests" name="CreditsMenu_FocusesBackButton" />
    </UnitTest>
    <UnitTest name="MainMenu_HasRequiredNodes" storage="/home/adam/dev/omega-spiral/chapter-zero/.godot/mono/temp/bin/debug/chapter-zero.dll" id="f68d4557-1b46-41a2-a2e2-524f57f82208">
      <Execution id="847c9255-65bf-4eae-afa4-643ed6bb47e9" />
      <TestMethod codeBase="/home/adam/Dev/omega-spiral/chapter-zero/.godot/mono/temp/bin/Debug/chapter-zero.dll" adapterTypeName="executor://gdunit4.testadapter/" className="OmegaSpiral.Tests.Ui.MainMenu_IntegrationTests" name="MainMenu_HasRequiredNodes" />
    </UnitTest>
    <UnitTest name="ThreadColors_AppliedFromDesignSystem" storage="/home/adam/dev/omega-spiral/chapter-zero/.godot/mono/temp/bin/debug/chapter-zero.dll" id="b14f150b-3b50-472e-8372-0d273042e177">
      <Execution id="e63364eb-a4b8-446b-bfa1-f6e2b00557ab" />
      <TestMethod codeBase="/home/adam/Dev/omega-spiral/chapter-zero/.godot/mono/temp/bin/Debug/chapter-zero.dll" adapterTypeName="executor://gdunit4.testadapter/" className="OmegaSpiral.Tests.Ui.Omega.OmegaBorderFrame_UnitTests" name="ThreadColors_AppliedFromDesignSystem" />
    </UnitTest>
    <UnitTest name="MenuButtonContainer_HasCorrectSpacing" storage="/home/adam/dev/omega-spiral/chapter-zero/.godot/mono/temp/bin/debug/chapter-zero.dll" id="e6385191-602d-4e7d-a610-6daf229dab86">
      <Execution id="f33c2d5d-e362-42eb-b5a7-f73f940a0a6b" />
      <TestMethod codeBase="/home/adam/Dev/omega-spiral/chapter-zero/.godot/mono/temp/bin/Debug/chapter-zero.dll" adapterTypeName="executor://gdunit4.testadapter/" className="OmegaSpiral.Tests.Ui.MainMenuTests" name="MenuButtonContainer_HasCorrectSpacing" />
    </UnitTest>
    <UnitTest name="Background_UsesCorrectDarkColor" storage="/home/adam/dev/omega-spiral/chapter-zero/.godot/mono/temp/bin/debug/chapter-zero.dll" id="a7c646f7-8b8a-4d80-b737-64198aa87080">
      <Execution id="25c23fe3-f25a-4fe4-aa97-5dc1b23b3938" />
      <TestMethod codeBase="/home/adam/Dev/omega-spiral/chapter-zero/.godot/mono/temp/bin/Debug/chapter-zero.dll" adapterTypeName="executor://gdunit4.testadapter/" className="OmegaSpiral.Tests.Ui.MainMenuTests" name="Background_UsesCorrectDarkColor" />
    </UnitTest>
    <UnitTest name="MainMenu_InheritsOmegaTheming" storage="/home/adam/dev/omega-spiral/chapter-zero/.godot/mono/temp/bin/debug/chapter-zero.dll" id="ea7d58cd-2e43-403e-90ac-e065b87c1090">
      <Execution id="6c699e35-d231-4402-83c7-006c3eab93c4" />
      <TestMethod codeBase="/home/adam/Dev/omega-spiral/chapter-zero/.godot/mono/temp/bin/Debug/chapter-zero.dll" adapterTypeName="executor://gdunit4.testadapter/" className="OmegaSpiral.Tests.Ui.MainMenu_IntegrationTests" name="MainMenu_InheritsOmegaTheming" />
    </UnitTest>
    <UnitTest name="LightThread_MatchesDesignSpec" storage="/home/adam/dev/omega-spiral/chapter-zero/.godot/mono/temp/bin/debug/chapter-zero.dll" id="512413a3-e156-427e-abfd-f01ed30c4cfc">
      <Execution id="4461e279-96fe-4a27-9fdd-a32d16beee90" />
      <TestMethod codeBase="/home/adam/Dev/omega-spiral/chapter-zero/.godot/mono/temp/bin/Debug/chapter-zero.dll" adapterTypeName="executor://gdunit4.testadapter/" className="OmegaSpiral.Tests.Unit.Common.Omega.OmegaSpiralColorsTests" name="LightThread_MatchesDesignSpec" />
    </UnitTest>
    <UnitTest name="PauseMenu_HasButtons" storage="/home/adam/dev/omega-spiral/chapter-zero/.godot/mono/temp/bin/debug/chapter-zero.dll" id="2c66400f-8c24-442f-8720-5d1cdf36a44d">
      <Execution id="e25c4e1d-67c0-4a2b-bc32-9fee9baf48fb" />
      <TestMethod codeBase="/home/adam/Dev/omega-spiral/chapter-zero/.godot/mono/temp/bin/Debug/chapter-zero.dll" adapterTypeName="executor://gdunit4.testadapter/" className="OmegaSpiral.Tests.Ui.PauseMenuTests" name="PauseMenu_HasButtons" />
    </UnitTest>
    <UnitTest name="CreditsMenu_CanShowAndHide" storage="/home/adam/dev/omega-spiral/chapter-zero/.godot/mono/temp/bin/debug/chapter-zero.dll" id="2bef795e-7696-4c26-b4ab-01877792054a">
      <Execution id="875a6b42-8b07-41ef-8f26-3cc4a2dd0ed3" />
      <TestMethod codeBase="/home/adam/Dev/omega-spiral/chapter-zero/.godot/mono/temp/bin/Debug/chapter-zero.dll" adapterTypeName="executor://gdunit4.testadapter/" className="OmegaSpiral.Tests.Ui.CreditsMenuTests" name="CreditsMenu_CanShowAndHide" />
    </UnitTest>
    <UnitTest name="MenuButtonContainer_IsCenterAligned" storage="/home/adam/dev/omega-spiral/chapter-zero/.godot/mono/temp/bin/debug/chapter-zero.dll" id="edd92294-64fb-4d2b-ab1f-b0a0a4a89909">
      <Execution id="5a482589-ef05-4245-a382-706a38c33f74" />
      <TestMethod codeBase="/home/adam/Dev/omega-spiral/chapter-zero/.godot/mono/temp/bin/Debug/chapter-zero.dll" adapterTypeName="executor://gdunit4.testadapter/" className="OmegaSpiral.Tests.Ui.MainMenuTests" name="MenuButtonContainer_IsCenterAligned" />
    </UnitTest>
    <UnitTest name="InheritsFromMenuUi" storage="/home/adam/dev/omega-spiral/chapter-zero/.godot/mono/temp/bin/debug/chapter-zero.dll" id="112316b9-5ed3-4d30-9b7f-f666521acef3">
      <Execution id="fb785270-762b-4777-a38f-0857f7c9ed3d" />
      <TestMethod codeBase="/home/adam/Dev/omega-spiral/chapter-zero/.godot/mono/temp/bin/Debug/chapter-zero.dll" adapterTypeName="executor://gdunit4.testadapter/" className="OmegaSpiral.Tests.Ui.MainMenuTests" name="InheritsFromMenuUi" />
    </UnitTest>
    <UnitTest name="PureWhite_MatchesDesignSpec" storage="/home/adam/dev/omega-spiral/chapter-zero/.godot/mono/temp/bin/debug/chapter-zero.dll" id="cfb4faef-b04d-4976-91cd-e8331917b150">
      <Execution id="44e66296-9d8d-4f3a-98db-6d2c888caffc" />
      <TestMethod codeBase="/home/adam/Dev/omega-spiral/chapter-zero/.godot/mono/temp/bin/Debug/chapter-zero.dll" adapterTypeName="executor://gdunit4.testadapter/" className="OmegaSpiral.Tests.Unit.Common.Omega.OmegaSpiralColorsTests" name="PureWhite_MatchesDesignSpec" />
    </UnitTest>
    <UnitTest name="MenuTitle_UsesCorrectFontSize" storage="/home/adam/dev/omega-spiral/chapter-zero/.godot/mono/temp/bin/debug/chapter-zero.dll" id="64adcc18-53a5-4ba2-907c-1c3bd8371a6d">
      <Execution id="0c782291-853f-4fc2-9b40-e09466ae852d" />
      <TestMethod codeBase="/home/adam/Dev/omega-spiral/chapter-zero/.godot/mono/temp/bin/Debug/chapter-zero.dll" adapterTypeName="executor://gdunit4.testadapter/" className="OmegaSpiral.Tests.Ui.MainMenuTests" name="MenuTitle_UsesCorrectFontSize" />
    </UnitTest>
    <UnitTest name="ContentContainer_HasCorrectSectionSpacing" storage="/home/adam/dev/omega-spiral/chapter-zero/.godot/mono/temp/bin/debug/chapter-zero.dll" id="64bd9cb7-2c62-48d1-9ba8-23d0242dbeab">
      <Execution id="f2c882b4-b918-45a2-9cb6-a952c68815e1" />
      <TestMethod codeBase="/home/adam/Dev/omega-spiral/chapter-zero/.godot/mono/temp/bin/Debug/chapter-zero.dll" adapterTypeName="executor://gdunit4.testadapter/" className="OmegaSpiral.Tests.Ui.MainMenuTests" name="ContentContainer_HasCorrectSectionSpacing" />
    </UnitTest>
    <UnitTest name="AllStageButtons_HavePressedSignalHandlers" storage="/home/adam/dev/omega-spiral/chapter-zero/.godot/mono/temp/bin/debug/chapter-zero.dll" id="4307b797-7242-428e-8f85-e62e202c4668">
      <Execution id="423f9e1f-197a-4dfb-96d4-afceda04299e" />
      <TestMethod codeBase="/home/adam/Dev/omega-spiral/chapter-zero/.godot/mono/temp/bin/Debug/chapter-zero.dll" adapterTypeName="executor://gdunit4.testadapter/" className="OmegaSpiral.Tests.Ui.MainMenuTests" name="AllStageButtons_HavePressedSignalHandlers" />
    </UnitTest>
    <UnitTest name="ColorCycleDuration_Is8Seconds" storage="/home/adam/dev/omega-spiral/chapter-zero/.godot/mono/temp/bin/debug/chapter-zero.dll" id="0d205bca-a961-44e7-8e5d-82b4f7296b5d">
      <Execution id="1534c7d9-148d-445d-a9fd-3d2b77cd1371" />
      <TestMethod codeBase="/home/adam/Dev/omega-spiral/chapter-zero/.godot/mono/temp/bin/Debug/chapter-zero.dll" adapterTypeName="executor://gdunit4.testadapter/" className="OmegaSpiral.Tests.Unit.Common.Omega.OmegaSpiralColorsTests" name="ColorCycleDuration_Is8Seconds" />
    </UnitTest>
    <UnitTest name="PauseMenu_ExtendsMenuUi" storage="/home/adam/dev/omega-spiral/chapter-zero/.godot/mono/temp/bin/debug/chapter-zero.dll" id="37b1d7a6-9019-4052-9d9c-665b2959274f">
      <Execution id="7b23d964-8a19-44b8-baed-455b2dad2b89" />
      <TestMethod codeBase="/home/adam/Dev/omega-spiral/chapter-zero/.godot/mono/temp/bin/Debug/chapter-zero.dll" adapterTypeName="executor://gdunit4.testadapter/" className="OmegaSpiral.Tests.Ui.PauseMenuTests" name="PauseMenu_ExtendsMenuUi" />
    </UnitTest>
    <UnitTest name="FocusFirstButton_WorksCorrectly" storage="/home/adam/dev/omega-spiral/chapter-zero/.godot/mono/temp/bin/debug/chapter-zero.dll" id="2ecae4da-054b-4403-8954-847d93c28d1d">
      <Execution id="c98e938d-64ea-4e9d-bf57-68ad1e5aed2e" />
      <TestMethod codeBase="/home/adam/Dev/omega-spiral/chapter-zero/.godot/mono/temp/bin/Debug/chapter-zero.dll" adapterTypeName="executor://gdunit4.testadapter/" className="OmegaSpiral.Tests.Ui.MenuUiTests" name="FocusFirstButton_WorksCorrectly" />
    </UnitTest>
    <UnitTest name="GlitchLayer_IsVisibleWithCorrectOpacity" storage="/home/adam/dev/omega-spiral/chapter-zero/.godot/mono/temp/bin/debug/chapter-zero.dll" id="b1a9a7b9-1ce9-402d-b04b-ca423505549f">
      <Execution id="0cc1e54e-b35e-48ac-b810-1b9f8b969ee6" />
      <TestMethod codeBase="/home/adam/Dev/omega-spiral/chapter-zero/.godot/mono/temp/bin/Debug/chapter-zero.dll" adapterTypeName="executor://gdunit4.testadapter/" className="OmegaSpiral.Tests.Ui.MainMenuTests" name="GlitchLayer_IsVisibleWithCorrectOpacity" />
    </UnitTest>
    <UnitTest name="ContentContainer_Exists" storage="/home/adam/dev/omega-spiral/chapter-zero/.godot/mono/temp/bin/debug/chapter-zero.dll" id="b672eca6-c691-4eb0-bb2d-f128d8679ca6">
      <Execution id="982d18a0-ce49-4559-8f1c-08abcd0e3c39" />
      <TestMethod codeBase="/home/adam/Dev/omega-spiral/chapter-zero/.godot/mono/temp/bin/Debug/chapter-zero.dll" adapterTypeName="executor://gdunit4.testadapter/" className="OmegaSpiral.Tests.Ui.MenuUiTests" name="ContentContainer_Exists" />
    </UnitTest>
    <UnitTest name="AmbitionThread_MatchesDesignSpec" storage="/home/adam/dev/omega-spiral/chapter-zero/.godot/mono/temp/bin/debug/chapter-zero.dll" id="01d903b4-9b87-48e1-bbe3-4c06c5bf101c">
      <Execution id="f960d945-9b78-40f4-90a0-e2bb4fd0ea20" />
      <TestMethod codeBase="/home/adam/Dev/omega-spiral/chapter-zero/.godot/mono/temp/bin/Debug/chapter-zero.dll" adapterTypeName="executor://gdunit4.testadapter/" className="OmegaSpiral.Tests.Unit.Common.Omega.OmegaSpiralColorsTests" name="AmbitionThread_MatchesDesignSpec" />
    </UnitTest>
    <UnitTest name="PauseMenu_CanShowAndHide" storage="/home/adam/dev/omega-spiral/chapter-zero/.godot/mono/temp/bin/debug/chapter-zero.dll" id="9398d445-c1a3-4293-bb75-f3677539c3b6">
      <Execution id="9dfe5250-73ae-457e-b56e-d502e3973387" />
      <TestMethod codeBase="/home/adam/Dev/omega-spiral/chapter-zero/.godot/mono/temp/bin/Debug/chapter-zero.dll" adapterTypeName="executor://gdunit4.testadapter/" className="OmegaSpiral.Tests.Ui.PauseMenuTests" name="PauseMenu_CanShowAndHide" />
    </UnitTest>
    <UnitTest name="ScanlineOverlay_HasCorrectOpacity" storage="/home/adam/dev/omega-spiral/chapter-zero/.godot/mono/temp/bin/debug/chapter-zero.dll" id="ca530e30-3548-4e5b-8e2d-934bdd54608b">
      <Execution id="d844830a-a412-47b5-bd47-eb2c1111cdac" />
      <TestMethod codeBase="/home/adam/Dev/omega-spiral/chapter-zero/.godot/mono/temp/bin/Debug/chapter-zero.dll" adapterTypeName="executor://gdunit4.testadapter/" className="OmegaSpiral.Tests.Unit.Common.Omega.OmegaSpiralColorsTests" name="ScanlineOverlay_HasCorrectOpacity" />
    </UnitTest>
    <UnitTest name="WarmAmber_MatchesDesignSpec" storage="/home/adam/dev/omega-spiral/chapter-zero/.godot/mono/temp/bin/debug/chapter-zero.dll" id="49adcff1-db80-467b-8515-a624dfa4509a">
      <Execution id="53d8a61d-a964-4a33-b880-ad0a93072f94" />
      <TestMethod codeBase="/home/adam/Dev/omega-spiral/chapter-zero/.godot/mono/temp/bin/Debug/chapter-zero.dll" adapterTypeName="executor://gdunit4.testadapter/" className="OmegaSpiral.Tests.Unit.Common.Omega.OmegaSpiralColorsTests" name="WarmAmber_MatchesDesignSpec" />
    </UnitTest>
    <UnitTest name="MenuActionBar_Exists" storage="/home/adam/dev/omega-spiral/chapter-zero/.godot/mono/temp/bin/debug/chapter-zero.dll" id="38687d3d-c1d0-4e36-8ee6-ca4a50fc7f00">
      <Execution id="d32e03d5-2eb7-4ae0-bca4-bd2dca954100" />
      <TestMethod codeBase="/home/adam/Dev/omega-spiral/chapter-zero/.godot/mono/temp/bin/Debug/chapter-zero.dll" adapterTypeName="executor://gdunit4.testadapter/" className="OmegaSpiral.Tests.Ui.MainMenuTests" name="MenuActionBar_Exists" />
    </UnitTest>
    <UnitTest name="ShadowThread_MatchesDesignSpec" storage="/home/adam/dev/omega-spiral/chapter-zero/.godot/mono/temp/bin/debug/chapter-zero.dll" id="8ebf65e4-0ddb-456e-9eb9-3905b2189024">
      <Execution id="0bed1e01-195f-40aa-9803-35978c06111f" />
      <TestMethod codeBase="/home/adam/Dev/omega-spiral/chapter-zero/.godot/mono/temp/bin/Debug/chapter-zero.dll" adapterTypeName="executor://gdunit4.testadapter/" className="OmegaSpiral.Tests.Unit.Common.Omega.OmegaSpiralColorsTests" name="ShadowThread_MatchesDesignSpec" />
    </UnitTest>
    <UnitTest name="CreditsMenu_HasScrollContainer" storage="/home/adam/dev/omega-spiral/chapter-zero/.godot/mono/temp/bin/debug/chapter-zero.dll" id="3e4f9abf-7b81-4bc7-bfb7-44860ee07250">
      <Execution id="42a66674-8d43-4d9a-8f8f-1933553e7fa0" />
      <TestMethod codeBase="/home/adam/Dev/omega-spiral/chapter-zero/.godot/mono/temp/bin/Debug/chapter-zero.dll" adapterTypeName="executor://gdunit4.testadapter/" className="OmegaSpiral.Tests.Ui.CreditsMenuTests" name="CreditsMenu_HasScrollContainer" />
    </UnitTest>
    <UnitTest name="CreditsMenu_StartsScrollingWhenShown" storage="/home/adam/dev/omega-spiral/chapter-zero/.godot/mono/temp/bin/debug/chapter-zero.dll" id="c88c7b31-d53e-48f3-ac73-e912699e23b2">
      <Execution id="1736b53b-5885-4748-940c-c65f0a82fa70" />
      <TestMethod codeBase="/home/adam/Dev/omega-spiral/chapter-zero/.godot/mono/temp/bin/Debug/chapter-zero.dll" adapterTypeName="executor://gdunit4.testadapter/" className="OmegaSpiral.Tests.Ui.CreditsMenuTests" name="CreditsMenu_StartsScrollingWhenShown" />
    </UnitTest>
    <UnitTest name="Layout_PropertiesAreCorrect" storage="/home/adam/dev/omega-spiral/chapter-zero/.godot/mono/temp/bin/debug/chapter-zero.dll" id="1af8da44-0cdf-4fdc-a99b-5987f706534e">
      <Execution id="026b2f56-8abf-4f54-8762-ef17d5b4ddd3" />
      <TestMethod codeBase="/home/adam/Dev/omega-spiral/chapter-zero/.godot/mono/temp/bin/Debug/chapter-zero.dll" adapterTypeName="executor://gdunit4.testadapter/" className="OmegaSpiral.Tests.Ui.Omega.OmegaBorderFrame_UnitTests" name="Layout_PropertiesAreCorrect" />
    </UnitTest>
    <UnitTest name="CreditsMenu_BackButtonEmitsSignal" storage="/home/adam/dev/omega-spiral/chapter-zero/.godot/mono/temp/bin/debug/chapter-zero.dll" id="77947660-2aa9-4ce1-9b37-765e3ac023b9">
      <Execution id="f82b0b09-f40f-4316-a0a4-f08f58155227" />
      <TestMethod codeBase="/home/adam/Dev/omega-spiral/chapter-zero/.godot/mono/temp/bin/Debug/chapter-zero.dll" adapterTypeName="executor://gdunit4.testadapter/" className="OmegaSpiral.Tests.Ui.CreditsMenuTests" name="CreditsMenu_BackButtonEmitsSignal" />
    </UnitTest>
    <UnitTest name="UpdateThreadColors_ChangesAllThreads" storage="/home/adam/dev/omega-spiral/chapter-zero/.godot/mono/temp/bin/debug/chapter-zero.dll" id="4429e03d-3632-4c73-9ab7-1e6bd62d68b3">
      <Execution id="75c57266-306d-43e6-a5e7-ee65789aff33" />
      <TestMethod codeBase="/home/adam/Dev/omega-spiral/chapter-zero/.godot/mono/temp/bin/Debug/chapter-zero.dll" adapterTypeName="executor://gdunit4.testadapter/" className="OmegaSpiral.Tests.Ui.Omega.OmegaBorderFrame_UnitTests" name="UpdateThreadColors_ChangesAllThreads" />
    </UnitTest>
    <UnitTest name="ActionBar_Exists" storage="/home/adam/dev/omega-spiral/chapter-zero/.godot/mono/temp/bin/debug/chapter-zero.dll" id="b59c2d72-2720-4b66-8a9a-6e3b576e6c63">
      <Execution id="d9d574d5-f321-4404-8d43-06a943fcb1a2" />
      <TestMethod codeBase="/home/adam/Dev/omega-spiral/chapter-zero/.godot/mono/temp/bin/Debug/chapter-zero.dll" adapterTypeName="executor://gdunit4.testadapter/" className="OmegaSpiral.Tests.Ui.MenuUiTests" name="ActionBar_Exists" />
    </UnitTest>
    <UnitTest name="ScanlineLayer_IsVisibleWithCorrectOpacity" storage="/home/adam/dev/omega-spiral/chapter-zero/.godot/mono/temp/bin/debug/chapter-zero.dll" id="d67f1482-8a5c-41ac-9112-1bbd158b7ddd">
      <Execution id="87b208b6-bc36-43db-a427-1a70f83c5310" />
      <TestMethod codeBase="/home/adam/Dev/omega-spiral/chapter-zero/.godot/mono/temp/bin/Debug/chapter-zero.dll" adapterTypeName="executor://gdunit4.testadapter/" className="OmegaSpiral.Tests.Ui.MainMenuTests" name="ScanlineLayer_IsVisibleWithCorrectOpacity" />
    </UnitTest>
    <UnitTest name="GetWaveSpeed_ReturnsCurrent" storage="/home/adam/dev/omega-spiral/chapter-zero/.godot/mono/temp/bin/debug/chapter-zero.dll" id="f698d87b-351d-4fef-8c21-dee1ac0860c8">
      <Execution id="2ad9a40f-3d47-4ada-85f9-6ca912d3a2fd" />
      <TestMethod codeBase="/home/adam/Dev/omega-spiral/chapter-zero/.godot/mono/temp/bin/Debug/chapter-zero.dll" adapterTypeName="executor://gdunit4.testadapter/" className="OmegaSpiral.Tests.Ui.Omega.OmegaBorderFrame_UnitTests" name="GetWaveSpeed_ReturnsCurrent" />
    </UnitTest>
    <UnitTest name="NeonMagenta_MatchesDesignSpec" storage="/home/adam/dev/omega-spiral/chapter-zero/.godot/mono/temp/bin/debug/chapter-zero.dll" id="992d5a6c-3932-48e3-bb87-1841ab351f13">
      <Execution id="1e61e3f8-59f9-4b7d-b37c-bb36d659081d" />
      <TestMethod codeBase="/home/adam/Dev/omega-spiral/chapter-zero/.godot/mono/temp/bin/Debug/chapter-zero.dll" adapterTypeName="executor://gdunit4.testadapter/" className="OmegaSpiral.Tests.Unit.Common.Omega.OmegaSpiralColorsTests" name="NeonMagenta_MatchesDesignSpec" />
    </UnitTest>
    <UnitTest name="MenuUi_ExposesProtectedHelpers" storage="/home/adam/dev/omega-spiral/chapter-zero/.godot/mono/temp/bin/debug/chapter-zero.dll" id="e32e3c35-7732-41ef-b0b1-8fc388e2365e">
      <Execution id="65343817-1bd5-472d-8ed9-a49b3a86de07" />
      <TestMethod codeBase="/home/adam/Dev/omega-spiral/chapter-zero/.godot/mono/temp/bin/Debug/chapter-zero.dll" adapterTypeName="executor://gdunit4.testadapter/" className="OmegaSpiral.Tests.Ui.MenuUiTests" name="MenuUi_ExposesProtectedHelpers" />
    </UnitTest>
    <UnitTest name="CreditsMenu_ExtendsMenuUi" storage="/home/adam/dev/omega-spiral/chapter-zero/.godot/mono/temp/bin/debug/chapter-zero.dll" id="7a55169c-27d7-4eac-bf03-9e692fb81f84">
      <Execution id="87bc18e5-7ae8-43bd-b330-2cf0156c06e0" />
      <TestMethod codeBase="/home/adam/Dev/omega-spiral/chapter-zero/.godot/mono/temp/bin/Debug/chapter-zero.dll" adapterTypeName="executor://gdunit4.testadapter/" className="OmegaSpiral.Tests.Ui.CreditsMenuTests" name="CreditsMenu_ExtendsMenuUi" />
    </UnitTest>
    <UnitTest name="OptionsButton_Exists" storage="/home/adam/dev/omega-spiral/chapter-zero/.godot/mono/temp/bin/debug/chapter-zero.dll" id="6f2010d3-c6bc-4bda-ab69-1f1cfe3ec020">
      <Execution id="de2df224-838b-474d-917b-72eb06b6f3c3" />
      <TestMethod codeBase="/home/adam/Dev/omega-spiral/chapter-zero/.godot/mono/temp/bin/Debug/chapter-zero.dll" adapterTypeName="executor://gdunit4.testadapter/" className="OmegaSpiral.Tests.Ui.MainMenuTests" name="OptionsButton_Exists" />
    </UnitTest>
    <UnitTest name="BorderFrame_HasNonZeroSize" storage="/home/adam/dev/omega-spiral/chapter-zero/.godot/mono/temp/bin/debug/chapter-zero.dll" id="9182eae3-b934-459c-abc4-8d1a6ddbd322">
      <Execution id="71123325-54d8-48a8-bd6e-d39b7f4aa7d9" />
      <TestMethod codeBase="/home/adam/Dev/omega-spiral/chapter-zero/.godot/mono/temp/bin/Debug/chapter-zero.dll" adapterTypeName="executor://gdunit4.testadapter/" className="OmegaSpiral.Tests.Ui.Omega.OmegaBorderFrame_UnitTests" name="BorderFrame_HasNonZeroSize" />
    </UnitTest>
    <UnitTest name="StageButtons_HaveCorrectTextFromManifest" storage="/home/adam/dev/omega-spiral/chapter-zero/.godot/mono/temp/bin/debug/chapter-zero.dll" id="8e636d85-15bb-4700-a2d0-37b39f93d255">
      <Execution id="2b5d18ce-659a-43be-bf80-70cb7e74511f" />
      <TestMethod codeBase="/home/adam/Dev/omega-spiral/chapter-zero/.godot/mono/temp/bin/Debug/chapter-zero.dll" adapterTypeName="executor://gdunit4.testadapter/" className="OmegaSpiral.Tests.Ui.MainMenuTests" name="StageButtons_HaveCorrectTextFromManifest" />
    </UnitTest>
    <UnitTest name="ConfigureAnimationSpeed_ClampsToValidRanges" storage="/home/adam/dev/omega-spiral/chapter-zero/.godot/mono/temp/bin/debug/chapter-zero.dll" id="84dafe55-1e6e-4844-8808-548126f6e365">
      <Execution id="9a962d3e-8f31-4064-b68f-da05d44f8eac" />
      <TestMethod codeBase="/home/adam/Dev/omega-spiral/chapter-zero/.godot/mono/temp/bin/Debug/chapter-zero.dll" adapterTypeName="executor://gdunit4.testadapter/" className="OmegaSpiral.Tests.Ui.Omega.OmegaBorderFrame_UnitTests" name="ConfigureAnimationSpeed_ClampsToValidRanges" />
    </UnitTest>
    <UnitTest name="MenuTitle_Exists" storage="/home/adam/dev/omega-spiral/chapter-zero/.godot/mono/temp/bin/debug/chapter-zero.dll" id="7d579ca5-9097-4b12-b093-e916425d700f">
      <Execution id="c0e124fd-71a1-4724-b234-4d8d64b668c7" />
      <TestMethod codeBase="/home/adam/Dev/omega-spiral/chapter-zero/.godot/mono/temp/bin/Debug/chapter-zero.dll" adapterTypeName="executor://gdunit4.testadapter/" className="OmegaSpiral.Tests.Ui.MenuUiTests" name="MenuTitle_Exists" />
    </UnitTest>
    <UnitTest name="OpacityTolerance_IsAppropriate" storage="/home/adam/dev/omega-spiral/chapter-zero/.godot/mono/temp/bin/debug/chapter-zero.dll" id="d7b38c5f-13d9-4d9b-8cdd-0f945ede0fd9">
      <Execution id="73e5069b-8de6-47ab-929d-93f58add00d0" />
      <TestMethod codeBase="/home/adam/Dev/omega-spiral/chapter-zero/.godot/mono/temp/bin/Debug/chapter-zero.dll" adapterTypeName="executor://gdunit4.testadapter/" className="OmegaSpiral.Tests.Unit.Common.Omega.OmegaSpiralColorsTests" name="OpacityTolerance_IsAppropriate" />
    </UnitTest>
    <UnitTest name="QuitButton_Exists" storage="/home/adam/dev/omega-spiral/chapter-zero/.godot/mono/temp/bin/debug/chapter-zero.dll" id="dd6b32a4-d6e1-4e4f-8c62-3eecec7076a1">
      <Execution id="12081eb8-37e1-4df2-b244-145cb55d09d5" />
      <TestMethod codeBase="/home/adam/Dev/omega-spiral/chapter-zero/.godot/mono/temp/bin/Debug/chapter-zero.dll" adapterTypeName="executor://gdunit4.testadapter/" className="OmegaSpiral.Tests.Ui.MainMenuTests" name="QuitButton_Exists" />
    </UnitTest>
    <UnitTest name="UpdateThreadColors_CanRevertToDesignSystem" storage="/home/adam/dev/omega-spiral/chapter-zero/.godot/mono/temp/bin/debug/chapter-zero.dll" id="bd5e9ccb-983f-40bc-a89f-c9a52fe5e868">
      <Execution id="c962a96b-8e31-46b4-b5aa-51e8b2f46d7c" />
      <TestMethod codeBase="/home/adam/Dev/omega-spiral/chapter-zero/.godot/mono/temp/bin/Debug/chapter-zero.dll" adapterTypeName="executor://gdunit4.testadapter/" className="OmegaSpiral.Tests.Ui.Omega.OmegaBorderFrame_UnitTests" name="UpdateThreadColors_CanRevertToDesignSystem" />
    </UnitTest>
    <UnitTest name="ConfigureAnimationSpeed_AcceptsZero" storage="/home/adam/dev/omega-spiral/chapter-zero/.godot/mono/temp/bin/debug/chapter-zero.dll" id="a2648689-5f1e-4361-b6af-bd9d64301b20">
      <Execution id="53635da3-b72b-47b2-8a4e-8c8b857582db" />
      <TestMethod codeBase="/home/adam/Dev/omega-spiral/chapter-zero/.godot/mono/temp/bin/Debug/chapter-zero.dll" adapterTypeName="executor://gdunit4.testadapter/" className="OmegaSpiral.Tests.Ui.Omega.OmegaBorderFrame_UnitTests" name="ConfigureAnimationSpeed_AcceptsZero" />
    </UnitTest>
    <UnitTest name="GetRotationSpeed_ReturnsCurrent" storage="/home/adam/dev/omega-spiral/chapter-zero/.godot/mono/temp/bin/debug/chapter-zero.dll" id="de62a095-818c-4eec-a25f-9709f098a110">
      <Execution id="06079b58-bf2d-4d55-8dc1-8190c9b2f3fb" />
      <TestMethod codeBase="/home/adam/Dev/omega-spiral/chapter-zero/.godot/mono/temp/bin/Debug/chapter-zero.dll" adapterTypeName="executor://gdunit4.testadapter/" className="OmegaSpiral.Tests.Ui.Omega.OmegaBorderFrame_UnitTests" name="GetRotationSpeed_ReturnsCurrent" />
    </UnitTest>
    <UnitTest name="LaunchButton_HasPressedSignalHandler" storage="/home/adam/dev/omega-spiral/chapter-zero/.godot/mono/temp/bin/debug/chapter-zero.dll" id="02480e9c-bc2c-4ac1-a82d-eae843a9278a">
      <Execution id="19b52dd4-101e-4421-b032-fbcb621f5872" />
      <TestMethod codeBase="/home/adam/Dev/omega-spiral/chapter-zero/.godot/mono/temp/bin/Debug/chapter-zero.dll" adapterTypeName="executor://gdunit4.testadapter/" className="OmegaSpiral.Tests.Ui.MainMenuTests" name="LaunchButton_HasPressedSignalHandler" />
    </UnitTest>
    <UnitTest name="PhosphorGlow_HasCorrectOpacity" storage="/home/adam/dev/omega-spiral/chapter-zero/.godot/mono/temp/bin/debug/chapter-zero.dll" id="e5594a54-9197-4880-b802-3c85f7591b5d">
      <Execution id="cdd664dd-e48c-4467-aac5-b8b5a84e9274" />
      <TestMethod codeBase="/home/adam/Dev/omega-spiral/chapter-zero/.godot/mono/temp/bin/Debug/chapter-zero.dll" adapterTypeName="executor://gdunit4.testadapter/" className="OmegaSpiral.Tests.Unit.Common.Omega.OmegaSpiralColorsTests" name="PhosphorGlow_HasCorrectOpacity" />
    </UnitTest>
    <UnitTest name="PauseMenu_HasBackground" storage="/home/adam/dev/omega-spiral/chapter-zero/.godot/mono/temp/bin/debug/chapter-zero.dll" id="2be71772-6011-4a16-ad06-ada3326c1471">
      <Execution id="7e148942-25af-40f6-b4ce-7b177af22ff4" />
      <TestMethod codeBase="/home/adam/Dev/omega-spiral/chapter-zero/.godot/mono/temp/bin/Debug/chapter-zero.dll" adapterTypeName="executor://gdunit4.testadapter/" className="OmegaSpiral.Tests.Ui.PauseMenuTests" name="PauseMenu_HasBackground" />
    </UnitTest>
    <UnitTest name="PhosphorPulseRange_HasCorrectMinMax" storage="/home/adam/dev/omega-spiral/chapter-zero/.godot/mono/temp/bin/debug/chapter-zero.dll" id="930c418d-364c-463e-877b-e59b76f9be97">
      <Execution id="958acee2-95ea-445f-bcf0-2af3f1893b64" />
      <TestMethod codeBase="/home/adam/Dev/omega-spiral/chapter-zero/.godot/mono/temp/bin/Debug/chapter-zero.dll" adapterTypeName="executor://gdunit4.testadapter/" className="OmegaSpiral.Tests.Unit.Common.Omega.OmegaSpiralColorsTests" name="PhosphorPulseRange_HasCorrectMinMax" />
    </UnitTest>
    <UnitTest name="ShaderLayerColors_AreWhiteWithVaryingOpacity" storage="/home/adam/dev/omega-spiral/chapter-zero/.godot/mono/temp/bin/debug/chapter-zero.dll" id="8c3f0e6d-4610-497a-9d42-47347e4392bd">
      <Execution id="1c768946-a720-4ac3-ad5d-c69915cf89a5" />
      <TestMethod codeBase="/home/adam/Dev/omega-spiral/chapter-zero/.godot/mono/temp/bin/Debug/chapter-zero.dll" adapterTypeName="executor://gdunit4.testadapter/" className="OmegaSpiral.Tests.Unit.Common.Omega.OmegaSpiralColorsTests" name="ShaderLayerColors_AreWhiteWithVaryingOpacity" />
    </UnitTest>
    <UnitTest name="SpiralRotationSpeed_IsPiOver4" storage="/home/adam/dev/omega-spiral/chapter-zero/.godot/mono/temp/bin/debug/chapter-zero.dll" id="aecfdc9e-4c24-4ca1-bfc2-7af6ce58b8f4">
      <Execution id="826e2b5a-ca07-452c-8223-2ed4241e06ef" />
      <TestMethod codeBase="/home/adam/Dev/omega-spiral/chapter-zero/.godot/mono/temp/bin/Debug/chapter-zero.dll" adapterTypeName="executor://gdunit4.testadapter/" className="OmegaSpiral.Tests.Unit.Common.Omega.OmegaSpiralColorsTests" name="SpiralRotationSpeed_IsPiOver4" />
    </UnitTest>
    <UnitTest name="GetFocusedButton_ReturnsNullWhenNoFocus" storage="/home/adam/dev/omega-spiral/chapter-zero/.godot/mono/temp/bin/debug/chapter-zero.dll" id="43a82624-d1b1-419b-8335-5f0beb700da0">
      <Execution id="91eaeb0e-83a8-499d-a3be-63dcdc345c7c" />
      <TestMethod codeBase="/home/adam/Dev/omega-spiral/chapter-zero/.godot/mono/temp/bin/Debug/chapter-zero.dll" adapterTypeName="executor://gdunit4.testadapter/" className="OmegaSpiral.Tests.Ui.MenuUiUnitTests" name="GetFocusedButton_ReturnsNullWhenNoFocus" />
    </UnitTest>
    <UnitTest name="DeepSpace_MatchesDesignSpec" storage="/home/adam/dev/omega-spiral/chapter-zero/.godot/mono/temp/bin/debug/chapter-zero.dll" id="002e14e0-c4ed-4afe-ab04-726a01604ea3">
      <Execution id="e522d5a7-aa37-441f-b9e0-3eeb26481dda" />
      <TestMethod codeBase="/home/adam/Dev/omega-spiral/chapter-zero/.godot/mono/temp/bin/Debug/chapter-zero.dll" adapterTypeName="executor://gdunit4.testadapter/" className="OmegaSpiral.Tests.Unit.Common.Omega.OmegaSpiralColorsTests" name="DeepSpace_MatchesDesignSpec" />
    </UnitTest>
    <UnitTest name="PauseMenu_HasTitle" storage="/home/adam/dev/omega-spiral/chapter-zero/.godot/mono/temp/bin/debug/chapter-zero.dll" id="6d51cb03-8587-4be9-8518-2c08f2bb5769">
      <Execution id="632bc168-af27-4540-b325-c9dba7f0ff0e" />
      <TestMethod codeBase="/home/adam/Dev/omega-spiral/chapter-zero/.godot/mono/temp/bin/Debug/chapter-zero.dll" adapterTypeName="executor://gdunit4.testadapter/" className="OmegaSpiral.Tests.Ui.PauseMenuTests" name="PauseMenu_HasTitle" />
    </UnitTest>
    <UnitTest name="ButtonContainer_Exists" storage="/home/adam/dev/omega-spiral/chapter-zero/.godot/mono/temp/bin/debug/chapter-zero.dll" id="62349407-d262-473a-9fb0-7ecb14d5b94c">
      <Execution id="0732c266-4681-44b2-b2e3-4ff1bc560d40" />
      <TestMethod codeBase="/home/adam/Dev/omega-spiral/chapter-zero/.godot/mono/temp/bin/Debug/chapter-zero.dll" adapterTypeName="executor://gdunit4.testadapter/" className="OmegaSpiral.Tests.Ui.MenuUiTests" name="ButtonContainer_Exists" />
    </UnitTest>
    <UnitTest name="OnUiConfirm_DucksAmbientAndRestores" storage="/home/adam/dev/omega-spiral/chapter-zero/.godot/mono/temp/bin/debug/chapter-zero.dll" id="6806bf21-8b65-47e2-861e-99d268ba04e9">
      <Execution id="abdfbd2c-4442-4531-9546-8a75b88e7563" />
      <TestMethod codeBase="/home/adam/Dev/omega-spiral/chapter-zero/.godot/mono/temp/bin/Debug/chapter-zero.dll" adapterTypeName="executor://gdunit4.testadapter/" className="AudioManagerTests" name="OnUiConfirm_DucksAmbientAndRestores" />
    </UnitTest>
    <UnitTest name="PhosphorLayer_IsVisibleWithCorrectOpacity" storage="/home/adam/dev/omega-spiral/chapter-zero/.godot/mono/temp/bin/debug/chapter-zero.dll" id="e7d55661-d96b-4490-84e4-ccc724ed9e89">
      <Execution id="c3481e3a-b357-48e8-900e-323ab99ad8c3" />
      <TestMethod codeBase="/home/adam/Dev/omega-spiral/chapter-zero/.godot/mono/temp/bin/Debug/chapter-zero.dll" adapterTypeName="executor://gdunit4.testadapter/" className="OmegaSpiral.Tests.Ui.MainMenuTests" name="PhosphorLayer_IsVisibleWithCorrectOpacity" />
    </UnitTest>
    <UnitTest name="Background_ShouldNotBeWhite" storage="/home/adam/dev/omega-spiral/chapter-zero/.godot/mono/temp/bin/debug/chapter-zero.dll" id="22798fa9-3b8f-4df0-be98-8904218aeafa">
      <Execution id="db1074ae-581e-4a69-8e45-8a1333d1781f" />
      <TestMethod codeBase="/home/adam/Dev/omega-spiral/chapter-zero/.godot/mono/temp/bin/Debug/chapter-zero.dll" adapterTypeName="executor://gdunit4.testadapter/" className="OmegaSpiral.Tests.Ui.MainMenuTests" name="Background_ShouldNotBeWhite" />
    </UnitTest>
    <UnitTest name="CreditsMenu_PopulatesCredits" storage="/home/adam/dev/omega-spiral/chapter-zero/.godot/mono/temp/bin/debug/chapter-zero.dll" id="60de319c-646f-4dbd-ab92-0917fa7a6e65">
      <Execution id="8977bd9b-cfcb-467f-8b44-3d59a3c457d3" />
      <TestMethod codeBase="/home/adam/Dev/omega-spiral/chapter-zero/.godot/mono/temp/bin/Debug/chapter-zero.dll" adapterTypeName="executor://gdunit4.testadapter/" className="OmegaSpiral.Tests.Ui.CreditsMenuTests" name="CreditsMenu_PopulatesCredits" />
    </UnitTest>
    <UnitTest name="GetFocusedButton_ReturnsCorrectButton" storage="/home/adam/dev/omega-spiral/chapter-zero/.godot/mono/temp/bin/debug/chapter-zero.dll" id="71b5c0cf-ef6c-4be4-8c0c-4d76acd67cb2">
      <Execution id="8df587dd-c677-4c31-bcd3-298c054ac758" />
      <TestMethod codeBase="/home/adam/Dev/omega-spiral/chapter-zero/.godot/mono/temp/bin/Debug/chapter-zero.dll" adapterTypeName="executor://gdunit4.testadapter/" className="OmegaSpiral.Tests.Ui.MenuUiUnitTests" name="GetFocusedButton_ReturnsCorrectButton" />
    </UnitTest>
    <UnitTest name="MenuUi_ExtendsOmegaContainer" storage="/home/adam/dev/omega-spiral/chapter-zero/.godot/mono/temp/bin/debug/chapter-zero.dll" id="916bbf06-994a-477e-8c8f-e4fa5782c8dc">
      <Execution id="97d0002e-0cc3-4789-b250-5bfdbb9da70f" />
      <TestMethod codeBase="/home/adam/Dev/omega-spiral/chapter-zero/.godot/mono/temp/bin/Debug/chapter-zero.dll" adapterTypeName="executor://gdunit4.testadapter/" className="OmegaSpiral.Tests.Ui.MenuUiTests" name="MenuUi_ExtendsOmegaContainer" />
    </UnitTest>
    <UnitTest name="PauseMenu_FocusesFirstButton" storage="/home/adam/dev/omega-spiral/chapter-zero/.godot/mono/temp/bin/debug/chapter-zero.dll" id="8eb0df5a-43fb-4a75-ad5b-c76b66f534ad">
      <Execution id="beb3a102-864e-48d4-9b63-24671f76c01f" />
      <TestMethod codeBase="/home/adam/Dev/omega-spiral/chapter-zero/.godot/mono/temp/bin/Debug/chapter-zero.dll" adapterTypeName="executor://gdunit4.testadapter/" className="OmegaSpiral.Tests.Ui.PauseMenuTests" name="PauseMenu_FocusesFirstButton" />
    </UnitTest>
    <UnitTest name="ConfigureAnimationSpeed_UpdatesBothParameters" storage="/home/adam/dev/omega-spiral/chapter-zero/.godot/mono/temp/bin/debug/chapter-zero.dll" id="51ccf39c-05b8-4665-8a96-7a85dd4ac625">
      <Execution id="19b1654c-86d2-42ca-9b27-dd983b70a553" />
      <TestMethod codeBase="/home/adam/Dev/omega-spiral/chapter-zero/.godot/mono/temp/bin/Debug/chapter-zero.dll" adapterTypeName="executor://gdunit4.testadapter/" className="OmegaSpiral.Tests.Ui.Omega.OmegaBorderFrame_UnitTests" name="ConfigureAnimationSpeed_UpdatesBothParameters" />
    </UnitTest>
    <UnitTest name="GlitchDistortion_HasCorrectOpacity" storage="/home/adam/dev/omega-spiral/chapter-zero/.godot/mono/temp/bin/debug/chapter-zero.dll" id="83c8b836-cbdc-418a-9065-5591afe33b05">
      <Execution id="3c65dfeb-87c3-482f-8e88-6e112fef984f" />
      <TestMethod codeBase="/home/adam/Dev/omega-spiral/chapter-zero/.godot/mono/temp/bin/Debug/chapter-zero.dll" adapterTypeName="executor://gdunit4.testadapter/" className="OmegaSpiral.Tests.Unit.Common.Omega.OmegaSpiralColorsTests" name="GlitchDistortion_HasCorrectOpacity" />
    </UnitTest>
    <UnitTest name="PhosphorPulseFrequency_IsHalfHz" storage="/home/adam/dev/omega-spiral/chapter-zero/.godot/mono/temp/bin/debug/chapter-zero.dll" id="73c6d5bf-3960-43ae-876e-897247d6a578">
      <Execution id="bbcc2d83-0901-46c1-b87d-572b6daa5110" />
      <TestMethod codeBase="/home/adam/Dev/omega-spiral/chapter-zero/.godot/mono/temp/bin/Debug/chapter-zero.dll" adapterTypeName="executor://gdunit4.testadapter/" className="OmegaSpiral.Tests.Unit.Common.Omega.OmegaSpiralColorsTests" name="PhosphorPulseFrequency_IsHalfHz" />
    </UnitTest>
    <UnitTest name="OptionsButton_HasPressedSignalHandler" storage="/home/adam/dev/omega-spiral/chapter-zero/.godot/mono/temp/bin/debug/chapter-zero.dll" id="2a5b6fd6-ab89-41f4-81ad-87d34d60503f">
      <Execution id="74f8d8dc-e218-4a7f-8131-c6e49c1dbbd1" />
      <TestMethod codeBase="/home/adam/Dev/omega-spiral/chapter-zero/.godot/mono/temp/bin/Debug/chapter-zero.dll" adapterTypeName="executor://gdunit4.testadapter/" className="OmegaSpiral.Tests.Ui.MainMenuTests" name="OptionsButton_HasPressedSignalHandler" />
    </UnitTest>
    <UnitTest name="BorderFrame_IsVisibleByDefault" storage="/home/adam/dev/omega-spiral/chapter-zero/.godot/mono/temp/bin/debug/chapter-zero.dll" id="61ef0b0e-f6fe-48f1-8992-8f3a828fe3d4">
      <Execution id="1de41919-fbe9-4d9e-8b40-69a35e7bbe43" />
      <TestMethod codeBase="/home/adam/Dev/omega-spiral/chapter-zero/.godot/mono/temp/bin/Debug/chapter-zero.dll" adapterTypeName="executor://gdunit4.testadapter/" className="OmegaSpiral.Tests.Ui.Omega.OmegaBorderFrame_UnitTests" name="BorderFrame_IsVisibleByDefault" />
    </UnitTest>
    <UnitTest name="MenuButtonContainer_ExistsAndHasButtons" storage="/home/adam/dev/omega-spiral/chapter-zero/.godot/mono/temp/bin/debug/chapter-zero.dll" id="69d64e1d-6788-4d28-acd1-a46bd7f6a193">
      <Execution id="eaf553d2-b947-4b91-9f60-edbe16552d0d" />
      <TestMethod codeBase="/home/adam/Dev/omega-spiral/chapter-zero/.godot/mono/temp/bin/Debug/chapter-zero.dll" adapterTypeName="executor://gdunit4.testadapter/" className="OmegaSpiral.Tests.Ui.MainMenuTests" name="MenuButtonContainer_ExistsAndHasButtons" />
    </UnitTest>
    <UnitTest name="ButtonContainer_CanAddButtons" storage="/home/adam/dev/omega-spiral/chapter-zero/.godot/mono/temp/bin/debug/chapter-zero.dll" id="f85710e0-be8f-4dc5-b037-3052fb22da2a">
      <Execution id="e922f122-2579-45c8-b7f6-6fef561b3edd" />
      <TestMethod codeBase="/home/adam/Dev/omega-spiral/chapter-zero/.godot/mono/temp/bin/Debug/chapter-zero.dll" adapterTypeName="executor://gdunit4.testadapter/" className="OmegaSpiral.Tests.Ui.MenuUiTests" name="ButtonContainer_CanAddButtons" />
    </UnitTest>
    <UnitTest name="FocusFirstButton_WorksCorrectly" storage="/home/adam/dev/omega-spiral/chapter-zero/.godot/mono/temp/bin/debug/chapter-zero.dll" id="8c5fccc5-7be6-4a91-a2f1-46c4a81fff93">
      <Execution id="10e9818e-2310-41b8-985a-15844ad412f1" />
      <TestMethod codeBase="/home/adam/Dev/omega-spiral/chapter-zero/.godot/mono/temp/bin/Debug/chapter-zero.dll" adapterTypeName="executor://gdunit4.testadapter/" className="OmegaSpiral.Tests.Ui.MenuUiUnitTests" name="FocusFirstButton_WorksCorrectly" />
    </UnitTest>
    <UnitTest name="MenuTitle_UsesAmberDesignColor" storage="/home/adam/dev/omega-spiral/chapter-zero/.godot/mono/temp/bin/debug/chapter-zero.dll" id="d896e900-7f3b-48fb-a67a-6a7eeb56a803">
      <Execution id="6471050e-d751-4552-bd58-084069632efb" />
      <TestMethod codeBase="/home/adam/Dev/omega-spiral/chapter-zero/.godot/mono/temp/bin/Debug/chapter-zero.dll" adapterTypeName="executor://gdunit4.testadapter/" className="OmegaSpiral.Tests.Ui.MainMenuTests" name="MenuTitle_UsesAmberDesignColor" />
    </UnitTest>
    <UnitTest name="Anchors_FillParentBounds" storage="/home/adam/dev/omega-spiral/chapter-zero/.godot/mono/temp/bin/debug/chapter-zero.dll" id="2014312e-be4f-4473-9011-127750f4c51f">
      <Execution id="b3969ebb-0328-40c7-8882-da9d1707f568" />
      <TestMethod codeBase="/home/adam/Dev/omega-spiral/chapter-zero/.godot/mono/temp/bin/Debug/chapter-zero.dll" adapterTypeName="executor://gdunit4.testadapter/" className="OmegaSpiral.Tests.Ui.Omega.OmegaBorderFrame_UnitTests" name="Anchors_FillParentBounds" />
    </UnitTest>
    <UnitTest name="QuitButton_HasPressedSignalHandler" storage="/home/adam/dev/omega-spiral/chapter-zero/.godot/mono/temp/bin/debug/chapter-zero.dll" id="e679231b-9fbc-4fd4-a6e5-2860c918c4c2">
      <Execution id="7d8116db-7d7d-4b6e-bffb-c63327c514d8" />
      <TestMethod codeBase="/home/adam/Dev/omega-spiral/chapter-zero/.godot/mono/temp/bin/Debug/chapter-zero.dll" adapterTypeName="executor://gdunit4.testadapter/" className="OmegaSpiral.Tests.Ui.MainMenuTests" name="QuitButton_HasPressedSignalHandler" />
    </UnitTest>
    <UnitTest name="MenuTitle_DisplaysOmegaSpiral" storage="/home/adam/dev/omega-spiral/chapter-zero/.godot/mono/temp/bin/debug/chapter-zero.dll" id="dfd3aa41-4730-4554-bb46-fad9f907dd80">
      <Execution id="997b4191-498c-4e59-8552-a0d081673f65" />
      <TestMethod codeBase="/home/adam/Dev/omega-spiral/chapter-zero/.godot/mono/temp/bin/Debug/chapter-zero.dll" adapterTypeName="executor://gdunit4.testadapter/" className="OmegaSpiral.Tests.Ui.MainMenuTests" name="MenuTitle_DisplaysOmegaSpiral" />
    </UnitTest>
    <UnitTest name="ManifestLoads_SixStages_NoDuplicateFirst" storage="/home/adam/dev/omega-spiral/chapter-zero/.godot/mono/temp/bin/debug/chapter-zero.dll" id="730c8323-67c3-4c6e-8fdb-257e7dac4159">
      <Execution id="033adf0c-ef26-4fda-9fae-6b122aed540e" />
      <TestMethod codeBase="/home/adam/Dev/omega-spiral/chapter-zero/.godot/mono/temp/bin/Debug/chapter-zero.dll" adapterTypeName="executor://gdunit4.testadapter/" className="OmegaSpiral.Tests.Ui.MainMenuTests" name="ManifestLoads_SixStages_NoDuplicateFirst" />
    </UnitTest>
    <UnitTest name="Constructor_InitializesSuccessfully" storage="/home/adam/dev/omega-spiral/chapter-zero/.godot/mono/temp/bin/debug/chapter-zero.dll" id="9102ffdb-ca2e-4f31-a799-0485fda43e26">
      <Execution id="184e4245-c9a9-4c7e-9ce6-43a4b06959a6" />
      <TestMethod codeBase="/home/adam/Dev/omega-spiral/chapter-zero/.godot/mono/temp/bin/Debug/chapter-zero.dll" adapterTypeName="executor://gdunit4.testadapter/" className="OmegaSpiral.Tests.Ui.Omega.OmegaBorderFrame_UnitTests" name="Constructor_InitializesSuccessfully" />
    </UnitTest>
    <UnitTest name="GetFocusedButton_ReturnsCorrectButton" storage="/home/adam/dev/omega-spiral/chapter-zero/.godot/mono/temp/bin/debug/chapter-zero.dll" id="39b03b19-3834-4ec3-a271-6d5bc6c1722f">
      <Execution id="79ec1493-8238-4f4c-ae6c-ed265809dbed" />
      <TestMethod codeBase="/home/adam/Dev/omega-spiral/chapter-zero/.godot/mono/temp/bin/Debug/chapter-zero.dll" adapterTypeName="executor://gdunit4.testadapter/" className="OmegaSpiral.Tests.Ui.MenuUiTests" name="GetFocusedButton_ReturnsCorrectButton" />
    </UnitTest>
    <UnitTest name="Menu_IsEnabledByDefault" storage="/home/adam/dev/omega-spiral/chapter-zero/.godot/mono/temp/bin/debug/chapter-zero.dll" id="ea92b4a5-eafd-4c12-82f0-464d4059745f">
      <Execution id="4bb17e66-b914-463d-a75c-3ad3ef05c7bc" />
      <TestMethod codeBase="/home/adam/Dev/omega-spiral/chapter-zero/.godot/mono/temp/bin/Debug/chapter-zero.dll" adapterTypeName="executor://gdunit4.testadapter/" className="OmegaSpiral.Tests.Ui.MenuUiTests" name="Menu_IsEnabledByDefault" />
    </UnitTest>
    <UnitTest name="MenuUi_HasMenuModeEnum" storage="/home/adam/dev/omega-spiral/chapter-zero/.godot/mono/temp/bin/debug/chapter-zero.dll" id="84beb64b-c821-4d5c-90c1-bfee5cd1335e">
      <Execution id="9d04540b-e8df-4dfc-81a2-d635af3c89fc" />
      <TestMethod codeBase="/home/adam/Dev/omega-spiral/chapter-zero/.godot/mono/temp/bin/Debug/chapter-zero.dll" adapterTypeName="executor://gdunit4.testadapter/" className="OmegaSpiral.Tests.Ui.MenuUiTests" name="MenuUi_HasMenuModeEnum" />
    </UnitTest>
    <UnitTest name="ColorTolerance_IsAppropriate" storage="/home/adam/dev/omega-spiral/chapter-zero/.godot/mono/temp/bin/debug/chapter-zero.dll" id="04e915dd-1947-484e-9a2f-5a2560f14207">
      <Execution id="f2945b33-cdbb-442d-86b6-f354c9b2cfff" />
      <TestMethod codeBase="/home/adam/Dev/omega-spiral/chapter-zero/.godot/mono/temp/bin/Debug/chapter-zero.dll" adapterTypeName="executor://gdunit4.testadapter/" className="OmegaSpiral.Tests.Unit.Common.Omega.OmegaSpiralColorsTests" name="ColorTolerance_IsAppropriate" />
    </UnitTest>
    <UnitTest name="OnUiHover_EmitsCueStarted" storage="/home/adam/dev/omega-spiral/chapter-zero/.godot/mono/temp/bin/debug/chapter-zero.dll" id="66c2df62-7350-41f2-b02e-72027bbed878">
      <Execution id="fa01e766-c8f9-4516-b1b2-baed14aeedfd" />
      <TestMethod codeBase="/home/adam/Dev/omega-spiral/chapter-zero/.godot/mono/temp/bin/Debug/chapter-zero.dll" adapterTypeName="executor://gdunit4.testadapter/" className="AudioManagerTests" name="OnUiHover_EmitsCueStarted" />
    </UnitTest>
  </TestDefinitions>
  <TestEntries>
    <TestEntry testId="939d9eda-cda8-4004-bb69-3a414b82c6c2" executionId="aed6aba9-cc52-4bb9-a790-740463067867" testListId="8c84fa94-04c1-424b-9868-57a2d4851a1d" />
    <TestEntry testId="bd5e9ccb-983f-40bc-a89f-c9a52fe5e868" executionId="c962a96b-8e31-46b4-b5aa-51e8b2f46d7c" testListId="8c84fa94-04c1-424b-9868-57a2d4851a1d" />
    <TestEntry testId="939d9eda-cda8-4004-bb69-3a414b82c6c2" executionId="95912031-85fc-45fc-9d2d-b35c0982d350" testListId="8c84fa94-04c1-424b-9868-57a2d4851a1d" />
    <TestEntry testId="f85710e0-be8f-4dc5-b037-3052fb22da2a" executionId="e922f122-2579-45c8-b7f6-6fef561b3edd" testListId="8c84fa94-04c1-424b-9868-57a2d4851a1d" />
    <TestEntry testId="916bbf06-994a-477e-8c8f-e4fa5782c8dc" executionId="97d0002e-0cc3-4789-b250-5bfdbb9da70f" testListId="8c84fa94-04c1-424b-9868-57a2d4851a1d" />
    <TestEntry testId="22798fa9-3b8f-4df0-be98-8904218aeafa" executionId="2ccde8f8-2941-4156-99f4-3444cf6ac03e" testListId="8c84fa94-04c1-424b-9868-57a2d4851a1d" />
    <TestEntry testId="e7d55661-d96b-4490-84e4-ccc724ed9e89" executionId="275a287d-bca8-40fd-883e-339627cbfb16" testListId="8c84fa94-04c1-424b-9868-57a2d4851a1d" />
    <TestEntry testId="71b5c0cf-ef6c-4be4-8c0c-4d76acd67cb2" executionId="8df587dd-c677-4c31-bcd3-298c054ac758" testListId="8c84fa94-04c1-424b-9868-57a2d4851a1d" />
    <TestEntry testId="e32e3c35-7732-41ef-b0b1-8fc388e2365e" executionId="d5a72f75-829b-402d-9e10-9966d4892010" testListId="8c84fa94-04c1-424b-9868-57a2d4851a1d" />
    <TestEntry testId="bb5fbb05-5361-41df-92b1-b8b8e8dd0e3c" executionId="ad90cb17-73cc-4a85-909c-01c6c67b0072" testListId="8c84fa94-04c1-424b-9868-57a2d4851a1d" />
    <TestEntry testId="84dafe55-1e6e-4844-8808-548126f6e365" executionId="9a962d3e-8f31-4064-b68f-da05d44f8eac" testListId="8c84fa94-04c1-424b-9868-57a2d4851a1d" />
    <TestEntry testId="2bef795e-7696-4c26-b4ab-01877792054a" executionId="3ac9b80c-e9e9-4787-a8e9-6953c98afc8a" testListId="8c84fa94-04c1-424b-9868-57a2d4851a1d" />
    <TestEntry testId="60de319c-646f-4dbd-ab92-0917fa7a6e65" executionId="8977bd9b-cfcb-467f-8b44-3d59a3c457d3" testListId="8c84fa94-04c1-424b-9868-57a2d4851a1d" />
    <TestEntry testId="d67f1482-8a5c-41ac-9112-1bbd158b7ddd" executionId="87b208b6-bc36-43db-a427-1a70f83c5310" testListId="8c84fa94-04c1-424b-9868-57a2d4851a1d" />
    <TestEntry testId="9398d445-c1a3-4293-bb75-f3677539c3b6" executionId="9dfe5250-73ae-457e-b56e-d502e3973387" testListId="8c84fa94-04c1-424b-9868-57a2d4851a1d" />
    <TestEntry testId="9102ffdb-ca2e-4f31-a799-0485fda43e26" executionId="184e4245-c9a9-4c7e-9ce6-43a4b06959a6" testListId="8c84fa94-04c1-424b-9868-57a2d4851a1d" />
    <TestEntry testId="b1a9a7b9-1ce9-402d-b04b-ca423505549f" executionId="0cc1e54e-b35e-48ac-b810-1b9f8b969ee6" testListId="8c84fa94-04c1-424b-9868-57a2d4851a1d" />
    <TestEntry testId="62349407-d262-473a-9fb0-7ecb14d5b94c" executionId="c793933e-3d85-4520-b99c-6bffca3ed1e8" testListId="8c84fa94-04c1-424b-9868-57a2d4851a1d" />
    <TestEntry testId="22798fa9-3b8f-4df0-be98-8904218aeafa" executionId="db1074ae-581e-4a69-8e45-8a1333d1781f" testListId="8c84fa94-04c1-424b-9868-57a2d4851a1d" />
    <TestEntry testId="02480e9c-bc2c-4ac1-a82d-eae843a9278a" executionId="a57acccb-239c-4c20-9e7d-f3573415c752" testListId="8c84fa94-04c1-424b-9868-57a2d4851a1d" />
    <TestEntry testId="930c418d-364c-463e-877b-e59b76f9be97" executionId="958acee2-95ea-445f-bcf0-2af3f1893b64" testListId="8c84fa94-04c1-424b-9868-57a2d4851a1d" />
    <TestEntry testId="2bef795e-7696-4c26-b4ab-01877792054a" executionId="875a6b42-8b07-41ef-8f26-3cc4a2dd0ed3" testListId="8c84fa94-04c1-424b-9868-57a2d4851a1d" />
    <TestEntry testId="2be71772-6011-4a16-ad06-ada3326c1471" executionId="7e148942-25af-40f6-b4ce-7b177af22ff4" testListId="8c84fa94-04c1-424b-9868-57a2d4851a1d" />
    <TestEntry testId="8c3f0e6d-4610-497a-9d42-47347e4392bd" executionId="1c768946-a720-4ac3-ad5d-c69915cf89a5" testListId="8c84fa94-04c1-424b-9868-57a2d4851a1d" />
    <TestEntry testId="002e14e0-c4ed-4afe-ab04-726a01604ea3" executionId="e522d5a7-aa37-441f-b9e0-3eeb26481dda" testListId="8c84fa94-04c1-424b-9868-57a2d4851a1d" />
    <TestEntry testId="a7c646f7-8b8a-4d80-b737-64198aa87080" executionId="25c23fe3-f25a-4fe4-aa97-5dc1b23b3938" testListId="8c84fa94-04c1-424b-9868-57a2d4851a1d" />
    <TestEntry testId="38687d3d-c1d0-4e36-8ee6-ca4a50fc7f00" executionId="4ad12a75-d698-498d-bd05-ff8010ba6837" testListId="8c84fa94-04c1-424b-9868-57a2d4851a1d" />
    <TestEntry testId="4429e03d-3632-4c73-9ab7-1e6bd62d68b3" executionId="75c57266-306d-43e6-a5e7-ee65789aff33" testListId="8c84fa94-04c1-424b-9868-57a2d4851a1d" />
    <TestEntry testId="43a82624-d1b1-419b-8335-5f0beb700da0" executionId="a63d57f4-7ec5-4822-a422-cae25a34cb45" testListId="8c84fa94-04c1-424b-9868-57a2d4851a1d" />
    <TestEntry testId="dd6b32a4-d6e1-4e4f-8c62-3eecec7076a1" executionId="12081eb8-37e1-4df2-b244-145cb55d09d5" testListId="8c84fa94-04c1-424b-9868-57a2d4851a1d" />
    <TestEntry testId="62349407-d262-473a-9fb0-7ecb14d5b94c" executionId="0732c266-4681-44b2-b2e3-4ff1bc560d40" testListId="8c84fa94-04c1-424b-9868-57a2d4851a1d" />
    <TestEntry testId="a2648689-5f1e-4361-b6af-bd9d64301b20" executionId="53635da3-b72b-47b2-8a4e-8c8b857582db" testListId="8c84fa94-04c1-424b-9868-57a2d4851a1d" />
    <TestEntry testId="e7d55661-d96b-4490-84e4-ccc724ed9e89" executionId="c3481e3a-b357-48e8-900e-323ab99ad8c3" testListId="8c84fa94-04c1-424b-9868-57a2d4851a1d" />
    <TestEntry testId="69d64e1d-6788-4d28-acd1-a46bd7f6a193" executionId="eaf553d2-b947-4b91-9f60-edbe16552d0d" testListId="8c84fa94-04c1-424b-9868-57a2d4851a1d" />
    <TestEntry testId="39b03b19-3834-4ec3-a271-6d5bc6c1722f" executionId="4713f3d5-2a56-4b55-a5f8-42da0727b075" testListId="8c84fa94-04c1-424b-9868-57a2d4851a1d" />
    <TestEntry testId="64adcc18-53a5-4ba2-907c-1c3bd8371a6d" executionId="fd5025f6-570f-4c38-bca4-3694f81bd05b" testListId="8c84fa94-04c1-424b-9868-57a2d4851a1d" />
    <TestEntry testId="49adcff1-db80-467b-8515-a624dfa4509a" executionId="53d8a61d-a964-4a33-b880-ad0a93072f94" testListId="8c84fa94-04c1-424b-9868-57a2d4851a1d" />
    <TestEntry testId="ea92b4a5-eafd-4c12-82f0-464d4059745f" executionId="4bb17e66-b914-463d-a75c-3ad3ef05c7bc" testListId="8c84fa94-04c1-424b-9868-57a2d4851a1d" />
    <TestEntry testId="8c5fccc5-7be6-4a91-a2f1-46c4a81fff93" executionId="10e9818e-2310-41b8-985a-15844ad412f1" testListId="8c84fa94-04c1-424b-9868-57a2d4851a1d" />
    <TestEntry testId="69d64e1d-6788-4d28-acd1-a46bd7f6a193" executionId="8b93b49a-d783-49d9-bb52-09514999493d" testListId="8c84fa94-04c1-424b-9868-57a2d4851a1d" />
    <TestEntry testId="d896e900-7f3b-48fb-a67a-6a7eeb56a803" executionId="6471050e-d751-4552-bd58-084069632efb" testListId="8c84fa94-04c1-424b-9868-57a2d4851a1d" />
    <TestEntry testId="2a5b6fd6-ab89-41f4-81ad-87d34d60503f" executionId="74f8d8dc-e218-4a7f-8131-c6e49c1dbbd1" testListId="8c84fa94-04c1-424b-9868-57a2d4851a1d" />
    <TestEntry testId="dd6b32a4-d6e1-4e4f-8c62-3eecec7076a1" executionId="255c38fb-071c-4e1e-a66f-ba2a6cd58665" testListId="8c84fa94-04c1-424b-9868-57a2d4851a1d" />
    <TestEntry testId="2ecae4da-054b-4403-8954-847d93c28d1d" executionId="c98e938d-64ea-4e9d-bf57-68ad1e5aed2e" testListId="8c84fa94-04c1-424b-9868-57a2d4851a1d" />
    <TestEntry testId="2c66400f-8c24-442f-8720-5d1cdf36a44d" executionId="f2a30e53-8422-4039-a4ca-5e2e0d4f6110" testListId="8c84fa94-04c1-424b-9868-57a2d4851a1d" />
    <TestEntry testId="f85710e0-be8f-4dc5-b037-3052fb22da2a" executionId="77a3d0a4-5762-4425-b2a4-220832e1baad" testListId="8c84fa94-04c1-424b-9868-57a2d4851a1d" />
    <TestEntry testId="e679231b-9fbc-4fd4-a6e5-2860c918c4c2" executionId="0f06b1ab-699c-4fbf-be32-b948a44dd7f7" testListId="8c84fa94-04c1-424b-9868-57a2d4851a1d" />
    <TestEntry testId="04a40bfb-2687-4aec-902b-3c89f90f986c" executionId="7c49de69-a5ba-4d47-83d3-ef57d46d40fb" testListId="8c84fa94-04c1-424b-9868-57a2d4851a1d" />
    <TestEntry testId="b59c2d72-2720-4b66-8a9a-6e3b576e6c63" executionId="d9d574d5-f321-4404-8d43-06a943fcb1a2" testListId="8c84fa94-04c1-424b-9868-57a2d4851a1d" />
    <TestEntry testId="bb5fbb05-5361-41df-92b1-b8b8e8dd0e3c" executionId="0657fb2d-8508-4dd9-9c54-c84bea5a2806" testListId="8c84fa94-04c1-424b-9868-57a2d4851a1d" />
    <TestEntry testId="cfb4faef-b04d-4976-91cd-e8331917b150" executionId="44e66296-9d8d-4f3a-98db-6d2c888caffc" testListId="8c84fa94-04c1-424b-9868-57a2d4851a1d" />
    <TestEntry testId="43a82624-d1b1-419b-8335-5f0beb700da0" executionId="91eaeb0e-83a8-499d-a3be-63dcdc345c7c" testListId="8c84fa94-04c1-424b-9868-57a2d4851a1d" />
    <TestEntry testId="38687d3d-c1d0-4e36-8ee6-ca4a50fc7f00" executionId="d32e03d5-2eb7-4ae0-bca4-bd2dca954100" testListId="8c84fa94-04c1-424b-9868-57a2d4851a1d" />
    <TestEntry testId="49b1db18-dda3-4b66-8c96-6cdcdff9e392" executionId="108c9384-8ef6-4d91-958a-70e6f1e729b3" testListId="8c84fa94-04c1-424b-9868-57a2d4851a1d" />
    <TestEntry testId="75c0b2e6-47ff-4462-9f81-28cb9f945422" executionId="cd367819-128f-46ba-893a-73b442638ae6" testListId="8c84fa94-04c1-424b-9868-57a2d4851a1d" />
    <TestEntry testId="3e4f9abf-7b81-4bc7-bfb7-44860ee07250" executionId="5277c2f8-3caf-4767-afe6-0962407c9e19" testListId="8c84fa94-04c1-424b-9868-57a2d4851a1d" />
    <TestEntry testId="ca530e30-3548-4e5b-8e2d-934bdd54608b" executionId="d844830a-a412-47b5-bd47-eb2c1111cdac" testListId="8c84fa94-04c1-424b-9868-57a2d4851a1d" />
    <TestEntry testId="60de319c-646f-4dbd-ab92-0917fa7a6e65" executionId="76a60eae-e5df-486a-9932-02430ae930f3" testListId="8c84fa94-04c1-424b-9868-57a2d4851a1d" />
    <TestEntry testId="8e636d85-15bb-4700-a2d0-37b39f93d255" executionId="ddbd4123-bff2-44ef-8662-9c0cd742e1e9" testListId="8c84fa94-04c1-424b-9868-57a2d4851a1d" />
    <TestEntry testId="1af8da44-0cdf-4fdc-a99b-5987f706534e" executionId="026b2f56-8abf-4f54-8762-ef17d5b4ddd3" testListId="8c84fa94-04c1-424b-9868-57a2d4851a1d" />
    <TestEntry testId="e679231b-9fbc-4fd4-a6e5-2860c918c4c2" executionId="7d8116db-7d7d-4b6e-bffb-c63327c514d8" testListId="8c84fa94-04c1-424b-9868-57a2d4851a1d" />
    <TestEntry testId="d67f1482-8a5c-41ac-9112-1bbd158b7ddd" executionId="2f7debc3-e7f5-4cd5-b278-f4d81a8016bf" testListId="8c84fa94-04c1-424b-9868-57a2d4851a1d" />
    <TestEntry testId="112316b9-5ed3-4d30-9b7f-f666521acef3" executionId="5344d261-c2de-4f87-950b-f50295c8cab5" testListId="8c84fa94-04c1-424b-9868-57a2d4851a1d" />
    <TestEntry testId="b14f150b-3b50-472e-8372-0d273042e177" executionId="e63364eb-a4b8-446b-bfa1-f6e2b00557ab" testListId="8c84fa94-04c1-424b-9868-57a2d4851a1d" />
    <TestEntry testId="d7b38c5f-13d9-4d9b-8cdd-0f945ede0fd9" executionId="73e5069b-8de6-47ab-929d-93f58add00d0" testListId="8c84fa94-04c1-424b-9868-57a2d4851a1d" />
    <TestEntry testId="84beb64b-c821-4d5c-90c1-bfee5cd1335e" executionId="9d04540b-e8df-4dfc-81a2-d635af3c89fc" testListId="8c84fa94-04c1-424b-9868-57a2d4851a1d" />
    <TestEntry testId="aecfdc9e-4c24-4ca1-bfc2-7af6ce58b8f4" executionId="826e2b5a-ca07-452c-8223-2ed4241e06ef" testListId="8c84fa94-04c1-424b-9868-57a2d4851a1d" />
    <TestEntry testId="39b03b19-3834-4ec3-a271-6d5bc6c1722f" executionId="79ec1493-8238-4f4c-ae6c-ed265809dbed" testListId="8c84fa94-04c1-424b-9868-57a2d4851a1d" />
    <TestEntry testId="730c8323-67c3-4c6e-8fdb-257e7dac4159" executionId="481e3b00-74c8-468d-a4ec-d889f7c3d114" testListId="8c84fa94-04c1-424b-9868-57a2d4851a1d" />
    <TestEntry testId="7d579ca5-9097-4b12-b093-e916425d700f" executionId="ae159d68-0687-4205-8287-6ded966145f4" testListId="8c84fa94-04c1-424b-9868-57a2d4851a1d" />
    <TestEntry testId="64bd9cb7-2c62-48d1-9ba8-23d0242dbeab" executionId="f2c882b4-b918-45a2-9cb6-a952c68815e1" testListId="8c84fa94-04c1-424b-9868-57a2d4851a1d" />
    <TestEntry testId="7a55169c-27d7-4eac-bf03-9e692fb81f84" executionId="d9621ad3-8c77-4b90-a044-ac83c33dd163" testListId="8c84fa94-04c1-424b-9868-57a2d4851a1d" />
    <TestEntry testId="6d51cb03-8587-4be9-8518-2c08f2bb5769" executionId="632bc168-af27-4540-b325-c9dba7f0ff0e" testListId="8c84fa94-04c1-424b-9868-57a2d4851a1d" />
    <TestEntry testId="75c0b2e6-47ff-4462-9f81-28cb9f945422" executionId="3ad35eb6-64d4-4541-b171-d251a8bc8a1e" testListId="8c84fa94-04c1-424b-9868-57a2d4851a1d" />
    <TestEntry testId="edd92294-64fb-4d2b-ab1f-b0a0a4a89909" executionId="ea9e5959-4ba5-4aed-895a-1d990199e4e4" testListId="8c84fa94-04c1-424b-9868-57a2d4851a1d" />
    <TestEntry testId="6f2010d3-c6bc-4bda-ab69-1f1cfe3ec020" executionId="de2df224-838b-474d-917b-72eb06b6f3c3" testListId="8c84fa94-04c1-424b-9868-57a2d4851a1d" />
    <TestEntry testId="6806bf21-8b65-47e2-861e-99d268ba04e9" executionId="abdfbd2c-4442-4531-9546-8a75b88e7563" testListId="8c84fa94-04c1-424b-9868-57a2d4851a1d" />
    <TestEntry testId="8e636d85-15bb-4700-a2d0-37b39f93d255" executionId="2b5d18ce-659a-43be-bf80-70cb7e74511f" testListId="8c84fa94-04c1-424b-9868-57a2d4851a1d" />
    <TestEntry testId="730c8323-67c3-4c6e-8fdb-257e7dac4159" executionId="033adf0c-ef26-4fda-9fae-6b122aed540e" testListId="8c84fa94-04c1-424b-9868-57a2d4851a1d" />
    <TestEntry testId="f698d87b-351d-4fef-8c21-dee1ac0860c8" executionId="2ad9a40f-3d47-4ada-85f9-6ca912d3a2fd" testListId="8c84fa94-04c1-424b-9868-57a2d4851a1d" />
    <TestEntry testId="61ef0b0e-f6fe-48f1-8992-8f3a828fe3d4" executionId="1de41919-fbe9-4d9e-8b40-69a35e7bbe43" testListId="8c84fa94-04c1-424b-9868-57a2d4851a1d" />
    <TestEntry testId="53290af8-65c2-4397-88e7-62105d2790d5" executionId="29d1c615-f2f6-47d2-bc61-6d2ccb157e25" testListId="8c84fa94-04c1-424b-9868-57a2d4851a1d" />
    <TestEntry testId="b672eca6-c691-4eb0-bb2d-f128d8679ca6" executionId="982d18a0-ce49-4559-8f1c-08abcd0e3c39" testListId="8c84fa94-04c1-424b-9868-57a2d4851a1d" />
    <TestEntry testId="3eea9859-e5e4-4004-a00a-76619dc12725" executionId="69b7e55f-7f1c-49e7-896a-48ad19863650" testListId="8c84fa94-04c1-424b-9868-57a2d4851a1d" />
    <TestEntry testId="992d5a6c-3932-48e3-bb87-1841ab351f13" executionId="1e61e3f8-59f9-4b7d-b37c-bb36d659081d" testListId="8c84fa94-04c1-424b-9868-57a2d4851a1d" />
    <TestEntry testId="01d903b4-9b87-48e1-bbe3-4c06c5bf101c" executionId="f960d945-9b78-40f4-90a0-e2bb4fd0ea20" testListId="8c84fa94-04c1-424b-9868-57a2d4851a1d" />
    <TestEntry testId="b59c2d72-2720-4b66-8a9a-6e3b576e6c63" executionId="d42803d4-dbec-49f7-965d-ca5591937cfd" testListId="8c84fa94-04c1-424b-9868-57a2d4851a1d" />
    <TestEntry testId="ea92b4a5-eafd-4c12-82f0-464d4059745f" executionId="df7a8afe-e22e-4d87-9d15-abda9f9d1559" testListId="8c84fa94-04c1-424b-9868-57a2d4851a1d" />
    <TestEntry testId="4a01fabb-b4a3-4c07-807a-f0f25ef7883f" executionId="c93ad057-83e0-43c9-b1e8-ab0c67a6aeaf" testListId="8c84fa94-04c1-424b-9868-57a2d4851a1d" />
    <TestEntry testId="c88c7b31-d53e-48f3-ac73-e912699e23b2" executionId="b0cec33d-ffdd-4e34-b277-0e90d31338ea" testListId="8c84fa94-04c1-424b-9868-57a2d4851a1d" />
    <TestEntry testId="9aab1fc6-f9d7-4d6f-a8ce-19869bef9bd5" executionId="3002523a-93a0-402c-818b-e113db744dc6" testListId="8c84fa94-04c1-424b-9868-57a2d4851a1d" />
    <TestEntry testId="77947660-2aa9-4ce1-9b37-765e3ac023b9" executionId="f82b0b09-f40f-4316-a0a4-f08f58155227" testListId="8c84fa94-04c1-424b-9868-57a2d4851a1d" />
    <TestEntry testId="64bd9cb7-2c62-48d1-9ba8-23d0242dbeab" executionId="3bc9be68-502d-4d1c-a81f-3132c2852e5d" testListId="8c84fa94-04c1-424b-9868-57a2d4851a1d" />
    <TestEntry testId="8ebf65e4-0ddb-456e-9eb9-3905b2189024" executionId="0bed1e01-195f-40aa-9803-35978c06111f" testListId="8c84fa94-04c1-424b-9868-57a2d4851a1d" />
    <TestEntry testId="2c66400f-8c24-442f-8720-5d1cdf36a44d" executionId="e25c4e1d-67c0-4a2b-bc32-9fee9baf48fb" testListId="8c84fa94-04c1-424b-9868-57a2d4851a1d" />
    <TestEntry testId="dfd3aa41-4730-4554-bb46-fad9f907dd80" executionId="92d7f3de-8c1c-4e39-942f-4dc40d8046b1" testListId="8c84fa94-04c1-424b-9868-57a2d4851a1d" />
    <TestEntry testId="66c2df62-7350-41f2-b02e-72027bbed878" executionId="fa01e766-c8f9-4516-b1b2-baed14aeedfd" testListId="8c84fa94-04c1-424b-9868-57a2d4851a1d" />
    <TestEntry testId="e6385191-602d-4e7d-a610-6daf229dab86" executionId="f33c2d5d-e362-42eb-b5a7-f73f940a0a6b" testListId="8c84fa94-04c1-424b-9868-57a2d4851a1d" />
    <TestEntry testId="e6385191-602d-4e7d-a610-6daf229dab86" executionId="70b809a2-5d71-4bc3-9f43-d085ca3f94ae" testListId="8c84fa94-04c1-424b-9868-57a2d4851a1d" />
    <TestEntry testId="8c5fccc5-7be6-4a91-a2f1-46c4a81fff93" executionId="de1762b6-071a-41d9-80b0-c63797cdbc8f" testListId="8c84fa94-04c1-424b-9868-57a2d4851a1d" />
    <TestEntry testId="53290af8-65c2-4397-88e7-62105d2790d5" executionId="8b560efc-377d-4ef0-8a27-f55af823a51d" testListId="8c84fa94-04c1-424b-9868-57a2d4851a1d" />
    <TestEntry testId="73c6d5bf-3960-43ae-876e-897247d6a578" executionId="bbcc2d83-0901-46c1-b87d-572b6daa5110" testListId="8c84fa94-04c1-424b-9868-57a2d4851a1d" />
    <TestEntry testId="a7c646f7-8b8a-4d80-b737-64198aa87080" executionId="eafdc157-c981-4122-bd93-993fc3c8d724" testListId="8c84fa94-04c1-424b-9868-57a2d4851a1d" />
    <TestEntry testId="4307b797-7242-428e-8f85-e62e202c4668" executionId="423f9e1f-197a-4dfb-96d4-afceda04299e" testListId="8c84fa94-04c1-424b-9868-57a2d4851a1d" />
    <TestEntry testId="8eb0df5a-43fb-4a75-ad5b-c76b66f534ad" executionId="beb3a102-864e-48d4-9b63-24671f76c01f" testListId="8c84fa94-04c1-424b-9868-57a2d4851a1d" />
    <TestEntry testId="8eb0df5a-43fb-4a75-ad5b-c76b66f534ad" executionId="4408a479-4343-4144-a2ca-14ca46515a4c" testListId="8c84fa94-04c1-424b-9868-57a2d4851a1d" />
    <TestEntry testId="37b1d7a6-9019-4052-9d9c-665b2959274f" executionId="070c81cc-8156-4cb9-9a11-8d2f0f38ea2d" testListId="8c84fa94-04c1-424b-9868-57a2d4851a1d" />
    <TestEntry testId="77947660-2aa9-4ce1-9b37-765e3ac023b9" executionId="4154af77-8c2e-4e81-97e1-df643d955fd4" testListId="8c84fa94-04c1-424b-9868-57a2d4851a1d" />
    <TestEntry testId="7a55169c-27d7-4eac-bf03-9e692fb81f84" executionId="87bc18e5-7ae8-43bd-b330-2cf0156c06e0" testListId="8c84fa94-04c1-424b-9868-57a2d4851a1d" />
    <TestEntry testId="2be71772-6011-4a16-ad06-ada3326c1471" executionId="318e762d-8b17-4735-9ff1-d18d61d1ea82" testListId="8c84fa94-04c1-424b-9868-57a2d4851a1d" />
    <TestEntry testId="e5594a54-9197-4880-b802-3c85f7591b5d" executionId="cdd664dd-e48c-4467-aac5-b8b5a84e9274" testListId="8c84fa94-04c1-424b-9868-57a2d4851a1d" />
    <TestEntry testId="916bbf06-994a-477e-8c8f-e4fa5782c8dc" executionId="afcd6f36-391b-4b88-b9de-71b396979004" testListId="8c84fa94-04c1-424b-9868-57a2d4851a1d" />
    <TestEntry testId="de62a095-818c-4eec-a25f-9709f098a110" executionId="06079b58-bf2d-4d55-8dc1-8190c9b2f3fb" testListId="8c84fa94-04c1-424b-9868-57a2d4851a1d" />
    <TestEntry testId="49b1db18-dda3-4b66-8c96-6cdcdff9e392" executionId="08de2e73-6161-4762-86f0-bf1c5f099490" testListId="8c84fa94-04c1-424b-9868-57a2d4851a1d" />
    <TestEntry testId="64adcc18-53a5-4ba2-907c-1c3bd8371a6d" executionId="0c782291-853f-4fc2-9b40-e09466ae852d" testListId="8c84fa94-04c1-424b-9868-57a2d4851a1d" />
    <TestEntry testId="ea7d58cd-2e43-403e-90ac-e065b87c1090" executionId="69f67074-ccf7-4e06-9210-a3666e4f351f" testListId="8c84fa94-04c1-424b-9868-57a2d4851a1d" />
    <TestEntry testId="6f2010d3-c6bc-4bda-ab69-1f1cfe3ec020" executionId="d4bb0c7a-a028-4a7f-bcae-fdd9885602ed" testListId="8c84fa94-04c1-424b-9868-57a2d4851a1d" />
    <TestEntry testId="9182eae3-b934-459c-abc4-8d1a6ddbd322" executionId="71123325-54d8-48a8-bd6e-d39b7f4aa7d9" testListId="8c84fa94-04c1-424b-9868-57a2d4851a1d" />
    <TestEntry testId="f68d4557-1b46-41a2-a2e2-524f57f82208" executionId="2808b1a2-5f76-44e8-ba97-78eb2c69ee18" testListId="8c84fa94-04c1-424b-9868-57a2d4851a1d" />
    <TestEntry testId="02480e9c-bc2c-4ac1-a82d-eae843a9278a" executionId="19b52dd4-101e-4421-b032-fbcb621f5872" testListId="8c84fa94-04c1-424b-9868-57a2d4851a1d" />
    <TestEntry testId="7d579ca5-9097-4b12-b093-e916425d700f" executionId="c0e124fd-71a1-4724-b234-4d8d64b668c7" testListId="8c84fa94-04c1-424b-9868-57a2d4851a1d" />
    <TestEntry testId="edd92294-64fb-4d2b-ab1f-b0a0a4a89909" executionId="5a482589-ef05-4245-a382-706a38c33f74" testListId="8c84fa94-04c1-424b-9868-57a2d4851a1d" />
    <TestEntry testId="dfd3aa41-4730-4554-bb46-fad9f907dd80" executionId="997b4191-498c-4e59-8552-a0d081673f65" testListId="8c84fa94-04c1-424b-9868-57a2d4851a1d" />
    <TestEntry testId="2014312e-be4f-4473-9011-127750f4c51f" executionId="b3969ebb-0328-40c7-8882-da9d1707f568" testListId="8c84fa94-04c1-424b-9868-57a2d4851a1d" />
    <TestEntry testId="3e4f9abf-7b81-4bc7-bfb7-44860ee07250" executionId="42a66674-8d43-4d9a-8f8f-1933553e7fa0" testListId="8c84fa94-04c1-424b-9868-57a2d4851a1d" />
    <TestEntry testId="9398d445-c1a3-4293-bb75-f3677539c3b6" executionId="9063cdae-a3cc-44bf-b6c3-e2a4f8ae61c3" testListId="8c84fa94-04c1-424b-9868-57a2d4851a1d" />
    <TestEntry testId="b672eca6-c691-4eb0-bb2d-f128d8679ca6" executionId="428e09c0-f24b-4e20-a09b-ee411b1696a3" testListId="8c84fa94-04c1-424b-9868-57a2d4851a1d" />
    <TestEntry testId="b1a9a7b9-1ce9-402d-b04b-ca423505549f" executionId="dfd08d4f-2a96-4604-bd70-839be64667f0" testListId="8c84fa94-04c1-424b-9868-57a2d4851a1d" />
    <TestEntry testId="3eea9859-e5e4-4004-a00a-76619dc12725" executionId="6f6141b2-2be5-465c-8b20-3b70ae058002" testListId="8c84fa94-04c1-424b-9868-57a2d4851a1d" />
    <TestEntry testId="d896e900-7f3b-48fb-a67a-6a7eeb56a803" executionId="c6f40608-b8eb-41d9-99f1-e2a84de515f5" testListId="8c84fa94-04c1-424b-9868-57a2d4851a1d" />
    <TestEntry testId="112316b9-5ed3-4d30-9b7f-f666521acef3" executionId="fb785270-762b-4777-a38f-0857f7c9ed3d" testListId="8c84fa94-04c1-424b-9868-57a2d4851a1d" />
    <TestEntry testId="0d205bca-a961-44e7-8e5d-82b4f7296b5d" executionId="1534c7d9-148d-445d-a9fd-3d2b77cd1371" testListId="8c84fa94-04c1-424b-9868-57a2d4851a1d" />
    <TestEntry testId="ea7d58cd-2e43-403e-90ac-e065b87c1090" executionId="6c699e35-d231-4402-83c7-006c3eab93c4" testListId="8c84fa94-04c1-424b-9868-57a2d4851a1d" />
    <TestEntry testId="71b5c0cf-ef6c-4be4-8c0c-4d76acd67cb2" executionId="20096689-11d4-498f-9583-ce8b4b9b9ded" testListId="8c84fa94-04c1-424b-9868-57a2d4851a1d" />
    <TestEntry testId="83c8b836-cbdc-418a-9065-5591afe33b05" executionId="3c65dfeb-87c3-482f-8e88-6e112fef984f" testListId="8c84fa94-04c1-424b-9868-57a2d4851a1d" />
    <TestEntry testId="e32e3c35-7732-41ef-b0b1-8fc388e2365e" executionId="65343817-1bd5-472d-8ed9-a49b3a86de07" testListId="8c84fa94-04c1-424b-9868-57a2d4851a1d" />
    <TestEntry testId="2a5b6fd6-ab89-41f4-81ad-87d34d60503f" executionId="1b196b55-0e28-4ca0-bc7e-51384ec2b556" testListId="8c84fa94-04c1-424b-9868-57a2d4851a1d" />
    <TestEntry testId="84beb64b-c821-4d5c-90c1-bfee5cd1335e" executionId="7d952cb2-b8ca-4ba4-9724-d9a9942e202c" testListId="8c84fa94-04c1-424b-9868-57a2d4851a1d" />
    <TestEntry testId="37b1d7a6-9019-4052-9d9c-665b2959274f" executionId="7b23d964-8a19-44b8-baed-455b2dad2b89" testListId="8c84fa94-04c1-424b-9868-57a2d4851a1d" />
    <TestEntry testId="6d51cb03-8587-4be9-8518-2c08f2bb5769" executionId="0fae3de1-c112-4a00-90ac-0bd02c15f403" testListId="8c84fa94-04c1-424b-9868-57a2d4851a1d" />
    <TestEntry testId="f68d4557-1b46-41a2-a2e2-524f57f82208" executionId="847c9255-65bf-4eae-afa4-643ed6bb47e9" testListId="8c84fa94-04c1-424b-9868-57a2d4851a1d" />
    <TestEntry testId="c88c7b31-d53e-48f3-ac73-e912699e23b2" executionId="1736b53b-5885-4748-940c-c65f0a82fa70" testListId="8c84fa94-04c1-424b-9868-57a2d4851a1d" />
    <TestEntry testId="51ccf39c-05b8-4665-8a96-7a85dd4ac625" executionId="19b1654c-86d2-42ca-9b27-dd983b70a553" testListId="8c84fa94-04c1-424b-9868-57a2d4851a1d" />
    <TestEntry testId="04e915dd-1947-484e-9a2f-5a2560f14207" executionId="f2945b33-cdbb-442d-86b6-f354c9b2cfff" testListId="8c84fa94-04c1-424b-9868-57a2d4851a1d" />
    <TestEntry testId="512413a3-e156-427e-abfd-f01ed30c4cfc" executionId="4461e279-96fe-4a27-9fdd-a32d16beee90" testListId="8c84fa94-04c1-424b-9868-57a2d4851a1d" />
    <TestEntry testId="2ecae4da-054b-4403-8954-847d93c28d1d" executionId="3e24d249-2803-4e5f-9f1d-54b355aa0d0f" testListId="8c84fa94-04c1-424b-9868-57a2d4851a1d" />
    <TestEntry testId="4307b797-7242-428e-8f85-e62e202c4668" executionId="3687df41-dbf4-4779-86a9-a046f336fa73" testListId="8c84fa94-04c1-424b-9868-57a2d4851a1d" />
  </TestEntries>
  <TestLists>
    <TestList name="Results Not in a List" id="8c84fa94-04c1-424b-9868-57a2d4851a1d" />
    <TestList name="All Loaded Results" id="19431567-8539-422a-85d7-44ee4e166bda" />
  </TestLists>
  <ResultSummary outcome="Failed">
    <Counters total="147" executed="147" passed="32" failed="115" error="0" timeout="0" aborted="0" inconclusive="0" passedButRunAborted="0" notRunnable="0" notExecuted="0" disconnected="0" warning="0" completed="0" inProgress="0" pending="0" />
    <Output>
      <StdOut>Running on GdUnit4 test engine version: 5.0.0.0
Discover tests from assembly: /home/adam/Dev/omega-spiral/chapter-zero/.godot/mono/temp/bin/Debug/chapter-zero.dll
Discover:  TestSuite AudioManagerTests with 2 TestCases found.
Discover:  TestSuite OmegaSpiral.Tests.Unit.Common.Omega.OmegaSpiralColorsTests with 18 TestCases found.
Discover:  TestSuite OmegaSpiral.Tests.Ui.MenuUiUnitTests with 4 TestCases found.
Discover:  TestSuite OmegaSpiral.Tests.Ui.CreditsMenuTests with 8 TestCases found.
Discover:  TestSuite OmegaSpiral.Tests.Ui.MainMenuTests with 24 TestCases found.
Discover:  TestSuite OmegaSpiral.Tests.Ui.MainMenu_IntegrationTests with 2 TestCases found.
Discover:  TestSuite OmegaSpiral.Tests.Ui.MenuUiTests with 12 TestCases found.
Discover:  TestSuite OmegaSpiral.Tests.Ui.PauseMenuTests with 6 TestCases found.
Discover:  TestSuite OmegaSpiral.Tests.Ui.Omega.OmegaBorderFrame_UnitTests with 15 TestCases found.
Discover tests done, 9 TestSuites and total 91 Tests found.
Running on GdUnit4 test engine version: 5.0.0.0
Set test session timeout to: 00:30:00
Detected IDE Unknown
Starting tests for assembly: /home/adam/Dev/omega-spiral/chapter-zero/.godot/mono/temp/bin/Debug/chapter-zero.dll
Search '.csproj' at /home/adam/Dev/omega-spiral/chapter-zero/.godot/mono/temp/bin/Debug/chapter-zero.dll
Set current working directory to: /home/adam/Dev/omega-spiral/chapter-zero
Starting GodotGdUnit4RestClient.
Working dir /home/adam/Dev/omega-spiral/chapter-zero
Rebuild Godot Project ... /home/adam/Godot_v4.6-dev2_mono_linux_x86_64/Godot_v4.6-dev2_mono_linux.x86_64 --path . -e --headless --quit-after 1000 --verbose
.. WorkerThreadPool: 6 threads, 4 max low-priority.
.. Godot Engine v4.6.dev2.mono.official.7864ac801 - https://godotengine.org
.. TextServer: Added interface "Dummy"
.. TextServer: Added interface "ICU / HarfBuzz / Graphite (Built-in)"
.. Unrecognized output string "misc2" in mapping:
.. 030000000d0f0000ab01000011010000,Horipad Steam,a:b0,b:b1,back:b10,dpdown:h0.4,dpleft:h0.8,dpright:h0.2,dpup:h0.1,guide:b12,leftshoulder:b6,leftstick:b13,lefttrigger:a5,leftx:a0,lefty:a1,misc2:b2,paddle1:b19,paddle2:b18,paddle3:b15,paddle4:b5,rightshoulder:b7,rightstick:b14,righttrigger:a4,rightx:a2,righty:a3,start:b11,x:b3,y:b4,platform:Linux,
.. Unrecognized output string "misc2" in mapping:
.. 050000000d0f00009601000091000000,Horipad Steam,a:b0,b:b1,back:b10,dpdown:h0.4,dpleft:h0.8,dpright:h0.2,dpup:h0.1,guide:b12,leftshoulder:b6,leftstick:b13,lefttrigger:a5,leftx:a0,lefty:a1,misc2:b2,paddle1:b19,paddle2:b18,paddle3:b15,paddle4:b5,rightshoulder:b7,rightstick:b14,righttrigger:a4,rightx:a2,righty:a3,start:b11,x:b3,y:b4,platform:Linux,
.. Unrecognized output string "misc2" in mapping:
.. 030000007e0500006920000011010000,Nintendo Switch 2 Pro Controller,a:b0,b:b1,back:b14,dpdown:b8,dpleft:b10,dpright:b9,dpup:b11,guide:b16,leftshoulder:b12,leftstick:b15,lefttrigger:b13,leftx:a0,lefty:a1~,misc1:b17,misc2:b20,paddle1:b18,paddle2:b19,rightshoulder:b4,rightstick:b7,righttrigger:b5,rightx:a2,righty:a3~,start:b6,x:b2,y:b3,platform:Linux,
.. SDL: Init OK!
.. Using "default" pen tablet driver...
.. TextServer: Primary interface set to: "ICU / HarfBuzz / Graphite (Built-in)".
.. .NET: Initializing module...
.. Found hostfxr: /usr/lib/dotnet/host/fxr/10.0.0-rc.2.25502.107/libhostfxr.so
.. .NET: hostfxr initialized
.. .NET: GodotPlugins initialized
.. Loading resource: res://theme.tres
.. Loading resource: res://default_bus_layout.tres
.. CORE API HASH: 3234800178
.. EDITOR API HASH: 4055853480
.. SceneTreeFTI: traversal method DEFAULT
.. Loading resource: res://addons/dialogic/Resources/TimelineResourceLoader.gd
.. Loading resource: res://addons/dialogic/Resources/CharacterResourceLoader.gd
.. Loading resource: res://addons/dialogic/Resources/TimelineResourceSaver.gd
.. Loading resource: res://addons/dialogic/Resources/CharacterResourceSaver.gd
.. Loading resource: /home/adam/.config/godot/editor_settings-4.6.tres
.. EditorSettings: Load OK!
.. EditorTheme: Generating new theme for the config '66886095'.
.. EditorTheme: Generating new icons.
.. EditorTheme: Generating new fonts.
.. EditorTheme: Generating new styles.
.. Found .NET Sdk version '10.0.100': /usr/lib/dotnet/sdk/10.0.100-rc.2.25502.107/
.. Loading resource: /home/adam/.cache/godot/editor_doc_cache-4.6.res
.. Loaded system CA certificates
.. Failed to bind socket. Error: 3.
.. Loading resource: res://addons/godot_xterm/themes/fonts/regular.tres
.. Loading resource: res://addons/godot_xterm/themes/fonts/jet_brains_mono/jet_brains_mono_nl-regular-2.304.ttf
.. Loading resource: res://.godot/imported/jet_brains_mono_nl-regular-2.304.ttf-96fa438503371775be3cc744a4450fc2.fontdata
.. Loading resource: res://addons/godot_xterm/icons/terminal_icon.svg
.. Loading resource: res://.godot/imported/terminal_icon.svg-2a4b198a0e3aa43f04b43cec3e3f109d.editor.ctex
.. Loading resource: res://addons/godot_xterm/shaders/background.gdshader
.. Loading resource: res://addons/godot_xterm/shaders/common.gdshaderinc
.. Loading resource: res://addons/godot_xterm/shaders/foreground.gdshader
.. [   0% ] \u001b[90m\u001b[1mfirst_scan_filesystem\u001b[22m | Started Project initialization (5 steps)\u001b[39m\u001b[0m
.. [   0% ] \u001b[90m\u001b[1mfirst_scan_filesystem\u001b[22m | Scanning file structure...\u001b[39m\u001b[0m
.. [  16% ] \u001b[90m\u001b[1mfirst_scan_filesystem\u001b[22m | Loading global class names...\u001b[39m\u001b[0m
.. [  33% ] \u001b[90m\u001b[1mfirst_scan_filesystem\u001b[22m | Verifying GDExtensions...\u001b[39m\u001b[0m
.. [  50% ] \u001b[90m\u001b[1mfirst_scan_filesystem\u001b[22m | Creating autoload scripts...\u001b[39m\u001b[0m
.. Loading resource: res://source/services/GameManager.cs
:: ERROR: Cannot open file 'res://source/services/GameManager.cs'.
.. Failed loading resource: res://source/services/GameManager.cs
.. Loading resource: res://source/services/SceneManager.cs
:: at: read_all_file_utf8 (modules/mono/utils/string_utils.cpp:152)
:: ERROR: Failed to read file: 'res://source/services/GameManager.cs'.
:: at: load_source_code (modules/mono/csharp_script.cpp:2772)
:: ERROR: Cannot load C# script file 'res://source/services/GameManager.cs'.
:: at: load (modules/mono/csharp_script.cpp:2852)
:: ERROR: Failed loading resource: res://source/services/GameManager.cs.
:: at: _load (core/io/resource_loader.cpp:343)
:: ERROR: Failed to create an autoload, can't load from path: res://source/services/GameManager.cs.
:: at: _create_autoload (editor/settings/editor_autoload_settings.cpp:405)
:: ERROR: Cannot open file 'res://source/services/SceneManager.cs'.
:: at: read_all_file_utf8 (modules/mono/utils/string_utils.cpp:152)
:: ERROR: Failed to read file: 'res://source/services/SceneManager.cs'.
:: at: load_source_code (modules/mono/csharp_script.cpp:2772)
:: ERROR: Cannot load C# script file 'res://source/services/SceneManager.cs'.
:: at: load (modules/mono/csharp_script.cpp:2852)
:: ERROR: Failed loading resource: res://source/services/SceneManager.cs.
:: at: _load (core/io/resource_loader.cpp:343)
:: ERROR: Failed to create an autoload, can't load from path: res://source/services/SceneManager.cs.
:: at: _create_autoload (editor/settings/editor_autoload_settings.cpp:405)
:: ERROR: Cannot open file 'res://source/common/GameState.cs'.
:: at: read_all_file_utf8 (modules/mono/utils/string_utils.cpp:152)
:: ERROR: Failed to read file: 'res://source/common/GameState.cs'.
:: at: load_source_code (modules/mono/csharp_script.cpp:2772)
:: ERROR: Cannot load C# script file 'res://source/common/GameState.cs'.
:: at: load (modules/mono/csharp_script.cpp:2852)
:: ERROR: Failed loading resource: res://source/common/GameState.cs.
:: at: _load (core/io/resource_loader.cpp:343)
:: ERROR: Failed to create an autoload, can't load from path: res://source/common/GameState.cs.
:: at: _create_autoload (editor/settings/editor_autoload_settings.cpp:405)
:: ERROR: Cannot open file 'res://source/field/FieldEvents.cs'.
:: at: read_all_file_utf8 (modules/mono/utils/string_utils.cpp:152)
:: ERROR: Failed to read file: 'res://source/field/FieldEvents.cs'.
:: at: load_source_code (modules/mono/csharp_script.cpp:2772)
:: ERROR: Cannot load C# script file 'res://source/field/FieldEvents.cs'.
:: at: load (modules/mono/csharp_script.cpp:2852)
:: ERROR: Failed loading resource: res://source/field/FieldEvents.cs.
:: at: _load (core/io/resource_loader.cpp:343)
:: ERROR: Failed to create an autoload, can't load from path: res://source/field/FieldEvents.cs.
:: at: _create_autoload (editor/settings/editor_autoload_settings.cpp:405)
:: ERROR: Cannot open file 'res://source/field/FieldCamera.cs'.
:: at: read_all_file_utf8 (modules/mono/utils/string_utils.cpp:152)
:: ERROR: Failed to read file: 'res://source/field/FieldCamera.cs'.
:: at: load_source_code (modules/mono/csharp_script.cpp:2772)
:: ERROR: Cannot load C# script file 'res://source/field/FieldCamera.cs'.
:: at: load (modules/mono/csharp_script.cpp:2852)
:: ERROR: Failed loading resource: res://source/field/FieldCamera.cs.
:: at: _load (core/io/resource_loader.cpp:343)
:: ERROR: Failed to create an autoload, can't load from path: res://source/field/FieldCamera.cs.
:: at: _create_autoload (editor/settings/editor_autoload_settings.cpp:405)
:: ERROR: Cannot open file 'res://source/field/gameboard/Gameboard.cs'.
:: at: read_all_file_utf8 (modules/mono/utils/string_utils.cpp:152)
:: ERROR: Failed to read file: 'res://source/field/gameboard/Gameboard.cs'.
:: at: load_source_code (modules/mono/csharp_script.cpp:2772)
:: ERROR: Cannot load C# script file 'res://source/field/gameboard/Gameboard.cs'.
:: at: load (modules/mono/csharp_script.cpp:2852)
:: ERROR: Failed loading resource: res://source/field/gameboard/Gameboard.cs.
:: at: _load (core/io/resource_loader.cpp:343)
:: ERROR: Failed to create an autoload, can't load from path: res://source/field/gameboard/Gameboard.cs.
:: at: _create_autoload (editor/settings/editor_autoload_settings.cpp:405)
:: ERROR: Cannot open file 'res://source/field/gamepieces/GamepieceRegistry.cs'.
:: at: read_all_file_utf8 (modules/mono/utils/string_utils.cpp:152)
:: ERROR: Failed to read file: 'res://source/field/gamepieces/GamepieceRegistry.cs'.
:: at: load_source_code (modules/mono/csharp_script.cpp:2772)
:: ERROR: Cannot load C# script file 'res://source/field/gamepieces/GamepieceRegistry.cs'.
:: at: load (modules/mono/csharp_script.cpp:2852)
:: ERROR: Failed loading resource: res://source/field/gamepieces/GamepieceRegistry.cs.
:: at: _load (core/io/resource_loader.cpp:343)
:: ERROR: Failed to create an autoload, can't load from path: res://source/field/gamepieces/GamepieceRegistry.cs.
:: at: _create_autoload (editor/settings/editor_autoload_settings.cpp:405)
:: ERROR: Cannot open file 'res://source/common/Player.cs'.
:: at: read_all_file_utf8 (modules/mono/utils/string_utils.cpp:152)
:: ERROR: Failed to read file: 'res://source/common/Player.cs'.
:: at: load_source_code (modules/mono/csharp_script.cpp:2772)
:: ERROR: Cannot load C# script file 'res://source/common/Player.cs'.
:: at: load (modules/mono/csharp_script.cpp:2852)
:: ERROR: Failed loading resource: res://source/common/Player.cs.
:: at: _load (core/io/resource_loader.cpp:343)
:: ERROR: Failed to create an autoload, can't load from path: res://source/common/Player.cs.
:: at: _create_autoload (editor/settings/editor_autoload_settings.cpp:405)
:: ERROR: Cannot open file 'res://source/combat/CombatEvents.cs'.
:: at: read_all_file_utf8 (modules/mono/utils/string_utils.cpp:152)
:: ERROR: Failed to read file: 'res://source/combat/CombatEvents.cs'.
:: at: load_source_code (modules/mono/csharp_script.cpp:2772)
:: ERROR: Cannot load C# script file 'res://source/combat/CombatEvents.cs'.
:: at: load (modules/mono/csharp_script.cpp:2852)
:: ERROR: Failed loading resource: res://source/combat/CombatEvents.cs.
:: at: _load (core/io/resource_loader.cpp:343)
:: ERROR: Failed to create an autoload, can't load from path: res://source/combat/CombatEvents.cs.
:: at: _create_autoload (editor/settings/editor_autoload_settings.cpp:405)
:: ERROR: Cannot open file 'res://source/audio/AudioManager.cs'.
:: at: read_all_file_utf8 (modules/mono/utils/string_utils.cpp:152)
:: ERROR: Failed to read file: 'res://source/audio/AudioManager.cs'.
:: at: load_source_code (modules/mono/csharp_script.cpp:2772)
:: ERROR: Cannot load C# script file 'res://source/audio/AudioManager.cs'.
:: at: load (modules/mono/csharp_script.cpp:2852)
:: ERROR: Failed loading resource: res://source/audio/AudioManager.cs.
:: at: _load (core/io/resource_loader.cpp:343)
:: ERROR: Failed to create an autoload, can't load from path: res://source/audio/AudioManager.cs.
:: at: _create_autoload (editor/settings/editor_autoload_settings.cpp:405)
:: ERROR: Cannot open file 'res://source/services/GameAppConfig.cs'.
:: at: read_all_file_utf8 (modules/mono/utils/string_utils.cpp:152)
:: ERROR: Failed to read file: 'res://source/services/GameAppConfig.cs'.
:: at: load_source_code (modules/mono/csharp_script.cpp:2772)
:: ERROR: Cannot load C# script file 'res://source/services/GameAppConfig.cs'.
:: at: load (modules/mono/csharp_script.cpp:2852)
:: ERROR: Failed loading resource: res://source/services/GameAppConfig.cs.
:: at: _load (core/io/resource_loader.cpp:343)
:: ERROR: Failed to create an autoload, can't load from path: res://source/services/GameAppConfig.cs.
:: at: _create_autoload (editor/settings/editor_autoload_settings.cpp:405)
.. Failed loading resource: res://source/services/SceneManager.cs
.. Loading resource: res://source/common/GameState.cs
.. Failed loading resource: res://source/common/GameState.cs
.. Loading resource: res://source/field/FieldEvents.cs
.. Failed loading resource: res://source/field/FieldEvents.cs
.. Loading resource: res://source/field/FieldCamera.cs
.. Failed loading resource: res://source/field/FieldCamera.cs
.. Loading resource: res://source/field/gameboard/Gameboard.cs
.. Failed loading resource: res://source/field/gameboard/Gameboard.cs
.. Loading resource: res://source/field/gamepieces/GamepieceRegistry.cs
.. Failed loading resource: res://source/field/gamepieces/GamepieceRegistry.cs
.. Loading resource: res://source/common/Player.cs
.. Failed loading resource: res://source/common/Player.cs
.. Loading resource: res://source/combat/CombatEvents.cs
.. Failed loading resource: res://source/combat/CombatEvents.cs
.. Loading resource: res://source/audio/AudioManager.cs
.. Failed loading resource: res://source/audio/AudioManager.cs
.. Loading resource: res://source/services/GameAppConfig.cs
.. Failed loading resource: res://source/services/GameAppConfig.cs
.. [  66% ] \u001b[90m\u001b[1mfirst_scan_filesystem\u001b[22m | Initializing plugins...\u001b[39m\u001b[0m
.. Loading resource: res://addons/dialogic/plugin.gd
.. Loading resource: res://addons/dialogic/Editor/editor_main.tscn
.. Loading resource: res://addons/dialogic/Editor/editor_main.gd
.. Loading resource: res://addons/dialogic/Editor/editors_manager.gd
.. Loading resource: res://addons/dialogic/Editor/Images/plugin-icon.svg
.. Loading resource: res://.godot/imported/plugin-icon.svg-aa6701e8ed73f5fe5d177dfddce3a0e3.editor.ctex
.. Loading resource: res://addons/dialogic/Editor/Common/side_bar.tscn
.. Loading resource: res://addons/dialogic/Editor/Images/Pieces/close-icon.svg
.. Loading resource: res://.godot/imported/close-icon.svg-c630c93ada599b08938f4854f5376f2f.editor.ctex
.. Loading resource: res://addons/dialogic/Editor/Images/Pieces/closed-icon.svg
.. Loading resource: res://.godot/imported/closed-icon.svg-b4f16653b91d6792313a130565319b2f.editor.ctex
.. Loading resource: res://addons/dialogic/Editor/Common/toolbar.gd
.. Loading resource: res://addons/dialogic/Editor/Images/Resources/character.svg
.. Loading resource: res://.godot/imported/character.svg-48bc1c93fa13733a935ca2c669d933a7.editor.ctex
.. Loading resource: res://addons/dialogic/Modules/Glossary/icon.svg
.. Loading resource: res://.godot/imported/icon.svg-4fc0c12c53379638e37d654e7bbaea1a.editor.ctex
.. Loading resource: res://addons/dialogic/Modules/StyleEditor/styles_icon.svg
.. Loading resource: res://.godot/imported/styles_icon.svg-c55f9f7d15c3512c8b20dbf30eed7047.editor.ctex
.. Loading resource: res://addons/dialogic/Modules/Variable/variable.svg
.. Loading resource: res://.godot/imported/variable.svg-52aeb47fe1705a3f04d919f8dcd5d319.editor.ctex
.. Loading resource: res://addons/dialogic/Editor/Common/reference_manager.tscn
.. Loading resource: res://addons/dialogic/Editor/Common/reference_manager.gd
.. Loading resource: res://addons/dialogic/Editor/Common/broken_reference_manager.gd
.. Loading resource: res://addons/dialogic/Editor/Common/ReferenceManager_AddReplacementPanel.gd
.. Loading resource: res://addons/dialogic/Editor/Events/Fields/field_options_dynamic.tscn
.. Loading resource: res://addons/dialogic/Editor/Events/Fields/field_options_dynamic.gd
.. Loading resource: res://addons/dialogic/Editor/Common/unique_identifiers_manager.gd
.. Loading resource: res://addons/dialogic/Editor/Common/reference_manager_window.gd
.. Loading resource: res://addons/dialogic/Editor/TimelineEditor/TextEditor/CodeCompletionHelper.gd
.. Loading resource: res://addons/dialogic/Editor/Common/update_manager.gd
.. Loading resource: res://addons/dialogic/Editor/Common/update_install_window.tscn
.. Loading resource: res://addons/dialogic/Editor/Common/update_install_window.gd
.. Loading resource: res://addons/dialogic/Editor/TimelineEditor/TextEditor/syntax_highlighter.gd
.. Loading resource: res://addons/dialogic/Editor/Images/dialogic-logo.svg
.. Loading resource: res://.godot/imported/dialogic-logo.svg-e43201cabc9573eeb3f78fd91ea9d909.ctex
.. Loading resource: res://addons/dialogic/Editor/HomePage/home_page.tscn
.. Loading resource: res://addons/dialogic/Editor/HomePage/home_page.gd
.. Loading resource: res://addons/dialogic/Editor/HomePage/icon_bg.png
.. Loading resource: res://.godot/imported/icon_bg.png-5937ce0a857c4a8a9d624ea9ebf09a97.ctex
.. Loading resource: res://addons/dialogic/Editor/TimelineEditor/timeline_editor.tscn
.. Loading resource: res://addons/dialogic/Editor/TimelineEditor/timeline_editor.gd
.. Loading resource: res://addons/dialogic/Editor/TimelineEditor/VisualEditor/timeline_editor_visual.tscn
.. Loading resource: res://addons/dialogic/Editor/TimelineEditor/VisualEditor/timeline_editor_visual.gd
.. Loading resource: res://addons/dialogic/Editor/Theme/MainTheme.tres
.. Loading resource: res://addons/dialogic/Editor/TimelineEditor/VisualEditor/TimelineArea.gd
.. Loading resource: res://addons/dialogic/Editor/Events/EventBlock/event_right_click_menu.gd
.. Loading resource: res://addons/dialogic/Editor/Common/hint_tooltip_icon.tscn
.. Loading resource: res://addons/dialogic/Editor/Common/hint_tooltip_icon.gd
.. Loading resource: res://addons/dialogic/Editor/TimelineEditor/TextEditor/timeline_editor_text.tscn
.. Loading resource: res://addons/dialogic/Editor/TimelineEditor/TextEditor/timeline_editor_text.gd
.. Loading resource: res://addons/dialogic/Editor/Events/EventBlock/event_block.tscn
.. Loading resource: res://addons/dialogic/Editor/Events/EventBlock/event_block.gd
.. Loading resource: res://addons/dialogic/Editor/Events/styles/unselected_stylebox.tres
.. Loading resource: res://addons/dialogic/Editor/CharacterEditor/character_editor.tscn
.. Loading resource: res://addons/dialogic/Editor/CharacterEditor/character_editor.gd
.. Loading resource: res://addons/dialogic/Editor/Common/hint_tooltip_icon.tscn
.. Loading resource: res://addons/dialogic/Editor/CharacterEditor/character_editor_portrait_tree.gd
.. Loading resource: res://addons/dialogic/Editor/Images/Pieces/add-folder.svg
.. Loading resource: res://.godot/imported/add-folder.svg-41a970370f904038e63c13bddbdb6450.editor.ctex
.. Loading resource: res://addons/dialogic/Modules/Signal/index.gd
.. Loading resource: res://addons/dialogic/Modules/Voice/index.gd
.. Loading resource: res://addons/dialogic/Modules/StyleEditor/index.gd
.. Loading resource: res://addons/dialogic/Modules/Text/index.gd
.. Loading resource: res://addons/dialogic/Modules/Jump/index.gd
.. Loading resource: res://addons/dialogic/Modules/Condition/index.gd
.. Loading resource: res://addons/dialogic/Modules/Choice/index.gd
.. Loading resource: res://addons/dialogic/Modules/History/index.gd
.. Loading resource: res://addons/dialogic/Modules/Audio/index.gd
.. Loading resource: res://addons/dialogic/Modules/LayeredPortrait/index.gd
.. Loading resource: res://addons/dialogic/Modules/Character/index.gd
.. Loading resource: res://addons/dialogic/Modules/Variable/index.gd
.. Loading resource: res://addons/dialogic/Modules/Save/index.gd
.. Loading resource: res://addons/dialogic/Modules/Glossary/index.gd
.. Loading resource: res://addons/dialogic/Modules/Comment/index.gd
.. Loading resource: res://addons/dialogic/Modules/HighlightPortrait/index.gd
.. Loading resource: res://addons/dialogic/Modules/Call/index.gd
.. Loading resource: res://addons/dialogic/Modules/Clear/index.gd
.. Loading resource: res://addons/dialogic/Modules/Core/index.gd
.. Loading resource: res://addons/dialogic/Modules/Background/index.gd
.. Loading resource: res://addons/dialogic/Modules/DefaultLayoutParts/index.gd
.. Loading resource: res://addons/dialogic/Modules/Settings/index.gd
.. Loading resource: res://addons/dialogic/Modules/TextInput/index.gd
.. Loading resource: res://addons/dialogic/Modules/WaitInput/index.gd
.. Loading resource: res://addons/dialogic/Modules/Wait/index.gd
.. Loading resource: res://addons/dialogic/Modules/Style/index.gd
.. Loading resource: res://addons/dialogic/Modules/End/index.gd
.. Loading resource: res://addons/dialogic/Modules/StyleEditor/style_editor.tscn
.. Loading resource: res://addons/dialogic/Modules/StyleEditor/style_editor.gd
.. Loading resource: res://addons/dialogic/Editor/Common/hint_tooltip_icon.tscn
.. Loading resource: res://addons/dialogic/Modules/StyleEditor/style_layer_editor.gd
.. Loading resource: res://addons/dialogic/Modules/StyleEditor/Components/style_layer_tree.gd
.. Loading resource: res://addons/dialogic/Modules/StyleEditor/Components/style_browser_window.gd
.. Loading resource: res://addons/dialogic/Modules/StyleEditor/Components/style_browser.tscn
.. Loading resource: res://addons/dialogic/Modules/StyleEditor/Components/style_browser.gd
.. Loading resource: res://addons/dialogic/Editor/Common/BrowserItem.tscn
.. Loading resource: res://addons/dialogic/Editor/Common/BrowserItem.gd
.. Loading resource: res://addons/dialogic/Modules/Variable/variables_editor/variables_editor.tscn
.. Loading resource: res://addons/dialogic/Modules/Variable/variables_editor/variables_editor.gd
.. Loading resource: res://addons/dialogic/Modules/Variable/variables_editor/variable_tree.gd
.. Loading resource: res://addons/dialogic/Modules/Glossary/glossary_editor.tscn
.. Loading resource: res://addons/dialogic/Modules/Glossary/glossary_editor.gd
.. Loading resource: res://addons/dialogic/Modules/Glossary/add-glossary.svg
.. Loading resource: res://.godot/imported/add-glossary.svg-1cde77c043d3874d9bc84cc14d0ec9dc.editor.ctex
.. Loading resource: res://addons/dialogic/Editor/Settings/settings_editor.tscn
.. Loading resource: res://addons/dialogic/Editor/Settings/settings_editor.gd
.. Loading resource: res://addons/dialogic/Editor/Settings/settings_general.tscn
.. Loading resource: res://addons/dialogic/Editor/Settings/settings_general.gd
.. Loading resource: res://addons/dialogic/Editor/Common/hint_tooltip_icon.tscn
.. Loading resource: res://addons/dialogic/Editor/Events/Fields/field_file.tscn
.. Loading resource: res://addons/dialogic/Editor/Events/Fields/field_file.gd
.. Loading resource: res://addons/dialogic/Editor/Settings/settings_translation.tscn
.. Loading resource: res://addons/dialogic/Editor/Settings/settings_translation.gd
.. Loading resource: res://addons/dialogic/Editor/Common/hint_tooltip_icon.tscn
.. Loading resource: res://addons/dialogic/Editor/Events/Fields/field_file.tscn
.. Loading resource: res://addons/dialogic/Editor/Settings/settings_modules.tscn
.. Loading resource: res://addons/dialogic/Editor/Settings/settings_modules.gd
.. Loading resource: res://addons/dialogic/Modules/Text/settings_text.tscn
.. Loading resource: res://addons/dialogic/Modules/Text/settings_text.gd
.. Loading resource: res://addons/dialogic/Editor/Common/hint_tooltip_icon.tscn
.. Loading resource: res://addons/dialogic/Modules/Choice/settings_choices.tscn
.. Loading resource: res://addons/dialogic/Modules/Choice/settings_choices.gd
.. Loading resource: res://addons/dialogic/Editor/Common/hint_tooltip_icon.tscn
.. Loading resource: res://addons/dialogic/Modules/History/settings_history.tscn
.. Loading resource: res://addons/dialogic/Modules/History/settings_history.gd
.. Loading resource: res://addons/dialogic/Editor/Common/hint_tooltip_icon.tscn
.. Loading resource: res://addons/dialogic/Modules/Audio/settings_audio.tscn
.. Loading resource: res://addons/dialogic/Modules/Audio/settings_audio.gd
.. Loading resource: res://addons/dialogic/Editor/Common/hint_tooltip_icon.tscn
.. Loading resource: res://addons/dialogic/Modules/Character/settings_portraits.tscn
.. Loading resource: res://addons/dialogic/Modules/Character/settings_portraits.gd
.. Loading resource: res://addons/dialogic/Editor/Common/hint_tooltip_icon.tscn
.. Loading resource: res://addons/dialogic/Editor/Events/Fields/field_file.tscn
.. Loading resource: res://addons/dialogic/Modules/Save/settings_save.tscn
.. Loading resource: res://addons/dialogic/Modules/Save/settings_save.gd
.. Loading resource: res://addons/dialogic/Editor/Common/hint_tooltip_icon.tscn
.. Loading resource: res://addons/dialogic/Editor/Events/styles/ResourceMenuPanelBackground.tres
.. Loading resource: res://addons/dialogic/Editor/Common/hint_tooltip_icon.tscn
.. Loading resource: res://addons/dialogic/Editor/Images/Toolbar/add-timeline.svg
.. Loading resource: res://.godot/imported/add-timeline.svg-86961b528ebdf01f585931a15fea1755.editor.ctex
.. Loading resource: res://addons/dialogic/Editor/TimelineEditor/VisualEditor/AddEventButton.tscn
.. Loading resource: res://addons/dialogic/Editor/TimelineEditor/VisualEditor/AddEventButton.gd
.. Loading resource: res://addons/dialogic/Modules/Signal/event_signal.gd
.. Loading resource: res://addons/dialogic/Modules/Jump/event_return.gd
.. Loading resource: res://addons/dialogic/Modules/Condition/event_condition.gd
.. Loading resource: res://addons/dialogic/Modules/History/event_history.gd
.. Loading resource: res://addons/dialogic/Modules/Audio/event_music.gd
.. Loading resource: res://addons/dialogic/Modules/Audio/event_sound.gd
.. Loading resource: res://addons/dialogic/Modules/Variable/event_variable.gd
.. Loading resource: res://addons/dialogic/Modules/Save/event_save.gd
.. Loading resource: res://addons/dialogic/Modules/Comment/event_comment.gd
.. Loading resource: res://addons/dialogic/Modules/Call/event_call.gd
.. Loading resource: res://addons/dialogic/Modules/Clear/event_clear.gd
.. Loading resource: res://addons/dialogic/Modules/Background/event_background.gd
.. Loading resource: res://addons/dialogic/Modules/Settings/event_setting.gd
.. Loading resource: res://addons/dialogic/Modules/TextInput/event_text_input.gd
.. Loading resource: res://addons/dialogic/Modules/WaitInput/event_wait_input.gd
.. Loading resource: res://addons/dialogic/Modules/Wait/event_wait.gd
.. Loading resource: res://addons/dialogic/Modules/Style/event_style.gd
.. Loading resource: res://addons/dialogic/Modules/End/event_end.gd
.. Loading resource: res://addons/dialogic/Modules/Signal/icon.png
.. Loading resource: res://.godot/imported/icon.png-5e2e422904d471016252dff8d4bdfa96.ctex
.. Loading resource: res://addons/dialogic/Modules/Voice/icon.png
.. Loading resource: res://.godot/imported/icon.png-85989da147a1404ecd08c88eac72cda1.ctex
.. Loading resource: res://addons/dialogic/Modules/Jump/icon_jump.png
.. Loading resource: res://.godot/imported/icon_jump.png-50f6cdd715fcbdbed16b43c5beb6b851.ctex
.. Loading resource: res://addons/dialogic/Modules/Jump/icon_label.png
.. Loading resource: res://.godot/imported/icon_label.png-3923bd1131990c8869923c838ffdb9ae.ctex
.. Loading resource: res://addons/dialogic/Modules/Jump/icon_return.svg
.. Loading resource: res://.godot/imported/icon_return.svg-dc7fb704ff391638f73cbbc2b30b32fa.editor.ctex
.. Loading resource: res://addons/dialogic/Modules/Condition/icon.svg
.. Loading resource: res://.godot/imported/icon.svg-502d45c064cc30f576b7b105a01357ce.editor.ctex
.. Loading resource: res://addons/dialogic/Modules/Choice/icon.svg
.. Loading resource: res://.godot/imported/icon.svg-372a9bfce8bea67fff1988d7acf09a9a.editor.ctex
.. Loading resource: res://addons/dialogic/Modules/History/icon.svg
.. Loading resource: res://.godot/imported/icon.svg-82841efe3f86e947d4f66fd24dc8f52c.editor.ctex
.. Loading resource: res://addons/dialogic/Modules/Audio/icon_music.png
.. Loading resource: res://.godot/imported/icon_music.png-ffc971ba1265164a55f745186974be5f.ctex
.. Loading resource: res://addons/dialogic/Modules/Audio/icon_sound.png
.. Loading resource: res://.godot/imported/icon_sound.png-7a1a8a5533773d97969b6311b6a9133f.ctex
.. Loading resource: res://addons/dialogic/Modules/Character/icon.svg
.. Loading resource: res://.godot/imported/icon.svg-4f340f6efbb83004dbd5c761dd1dc448.editor.ctex
.. Loading resource: res://addons/dialogic/Modules/Variable/icon.png
.. Loading resource: res://.godot/imported/icon.png-99064bb3920f49262c581fccbfcfc353.ctex
.. Loading resource: res://addons/dialogic/Modules/Save/icon.svg
.. Loading resource: res://.godot/imported/icon.svg-aad0408eebe298e9d92c76d6f2c79cf6.editor.ctex
.. Loading resource: res://addons/dialogic/Modules/Comment/icon.png
.. Loading resource: res://.godot/imported/icon.png-fab76b8a5886dac0012cf73c317dbee4.ctex
.. Loading resource: res://addons/dialogic/Modules/Call/icon.png
.. Loading resource: res://.godot/imported/icon.png-12e444f0ed59397c7537943ea85b475c.ctex
.. Loading resource: res://addons/dialogic/Modules/Clear/icon.png
.. Loading resource: res://.godot/imported/icon.png-b4986c88bf1e20891dc480c8f4703ca4.ctex
.. Loading resource: res://addons/dialogic/Modules/Background/icon.png
.. Loading resource: res://.godot/imported/icon.png-cab4c78f59b171335e340ba590cf5991.ctex
.. Loading resource: res://addons/dialogic/Modules/Settings/icon.svg
.. Loading resource: res://.godot/imported/icon.svg-d4407cb145fa5c1d965de3d2bd63ce5f.editor.ctex
.. Loading resource: res://addons/dialogic/Modules/TextInput/icon.png
.. Loading resource: res://.godot/imported/icon.png-aea103d18fdc694e2da87b3c5a56be35.ctex
.. Loading resource: res://addons/dialogic/Modules/WaitInput/icon.svg
.. Loading resource: res://.godot/imported/icon.svg-cb8e50b081a310c64183b12c6d12fcf2.editor.ctex
.. Loading resource: res://addons/dialogic/Modules/Wait/icon.svg
.. Loading resource: res://.godot/imported/icon.svg-7e9f52b17ae6e5e1f284e12048cb8f05.editor.ctex
.. Loading resource: res://addons/dialogic/Modules/Style/icon.png
.. Loading resource: res://.godot/imported/icon.png-ee52cc92a2b11ac2a101ff92d2eaaa7c.ctex
.. Loading resource: res://addons/dialogic/Modules/End/icon.png
.. Loading resource: res://.godot/imported/icon.png-8e345f81e023043fdbb4f75b1b0e9bb0.ctex
.. Loading resource: res://addons/dialogic/Modules/Text/icon.svg
.. Loading resource: res://.godot/imported/icon.svg-e2501ddcdef01c7f2c3538940f5abfc1.editor.ctex
.. Loading resource: res://addons/dialogic/Editor/Images/Toolbar/add-character.svg
.. Loading resource: res://.godot/imported/add-character.svg-a658b65c1225b02657a50d5c965e0d5e.editor.ctex
.. Loading resource: res://addons/dialogic/Editor/TimelineEditor/VisualEditor/AddEventButton.tscn
.. Loading resource: res://addons/dialogic/Editor/CharacterEditor/char_edit_section_general.tscn
.. Loading resource: res://addons/dialogic/Editor/CharacterEditor/char_edit_section_general.gd
.. Loading resource: res://addons/dialogic/Editor/Common/hint_tooltip_icon.tscn
.. Loading resource: res://addons/dialogic/Editor/CharacterEditor/char_edit_section_portraits.tscn
.. Loading resource: res://addons/dialogic/Editor/CharacterEditor/char_edit_section_portraits.gd
.. Loading resource: res://addons/dialogic/Editor/Events/Fields/field_vector2.tscn
.. Loading resource: res://addons/dialogic/Editor/Events/Fields/field_vector2.gd
.. Loading resource: res://addons/dialogic/Editor/Events/Fields/field_number.tscn
.. Loading resource: res://addons/dialogic/Editor/Images/Interactable/increment_icon.svg
.. Loading resource: res://.godot/imported/increment_icon.svg-081e6509e76349f0628c55a41e85fd65.editor.ctex
.. Loading resource: res://addons/dialogic/Editor/Images/Interactable/decrement_icon.svg
.. Loading resource: res://.godot/imported/decrement_icon.svg-9556cf56db91e200fb946372e010fd5e.editor.ctex
.. Loading resource: res://addons/dialogic/Editor/Images/Resources/portrait.svg
.. Loading resource: res://.godot/imported/portrait.svg-7d29c7cfe3e086d65dce33c3d66c48cd.editor.ctex
.. Loading resource: res://addons/dialogic/Editor/CharacterEditor/char_edit_p_section_main_exports.tscn
.. Loading resource: res://addons/dialogic/Editor/CharacterEditor/char_edit_p_section_main_exports.gd
.. Loading resource: res://addons/dialogic/Editor/CharacterEditor/char_edit_p_section_exports.tscn
.. Loading resource: res://addons/dialogic/Editor/CharacterEditor/char_edit_p_section_exports.gd
.. Loading resource: res://addons/dialogic/Editor/CharacterEditor/char_edit_p_section_main.tscn
.. Loading resource: res://addons/dialogic/Editor/CharacterEditor/char_edit_p_section_main.gd
.. Loading resource: res://addons/dialogic/Editor/Events/Fields/field_file.tscn
.. Loading resource: res://addons/dialogic/Editor/CharacterEditor/portrait_scene_browser.tscn
.. Loading resource: res://addons/dialogic/Editor/CharacterEditor/portrait_scene_browser.gd
.. Loading resource: res://addons/dialogic/Editor/Common/hint_tooltip_icon.tscn
.. Loading resource: res://addons/dialogic/Editor/CharacterEditor/char_edit_p_section_layout.tscn
.. Loading resource: res://addons/dialogic/Editor/CharacterEditor/char_edit_p_section_layout.gd
.. Loading resource: res://addons/dialogic/Editor/Events/Fields/field_vector2.tscn
.. Loading resource: res://addons/dialogic/Editor/Events/Fields/field_number.tscn
.. Loading resource: res://addons/dialogic/Modules/Text/character_settings/character_moods_settings.tscn
.. Loading resource: res://addons/dialogic/Modules/Text/character_settings/character_moods_settings.gd
.. Loading resource: res://addons/dialogic/Editor/Events/Fields/field_file.tscn
.. Loading resource: res://addons/dialogic/Editor/Events/Fields/field_number.tscn
.. Loading resource: res://addons/dialogic/Modules/Text/node_type_sound.gd
.. Loading resource: res://addons/dialogic/Editor/Common/hint_tooltip_icon.tscn
.. Loading resource: res://addons/dialogic/Modules/Text/character_settings/character_portrait_mood_settings.tscn
.. Loading resource: res://addons/dialogic/Modules/Text/character_settings/character_portrait_mood_settings.gd
.. Loading resource: res://addons/dialogic/Modules/Style/character_settings_style.tscn
.. Loading resource: res://addons/dialogic/Modules/Style/character_settings_style.gd
.. Loading resource: res://addons/dialogic/Editor/Common/hint_tooltip_icon.tscn
.. Loading resource: res://addons/dialogic/Editor/Inspector/inspector_plugin.gd
.. Loading resource: res://addons/gdUnit4/plugin.gd
.. \u001b[38;2;218;165;32mIt was recognized that GdUnit4 is running in a test environment, therefore the GdUnit4 plugin will not be executed!\u001b[0m
.. Loading resource: res://addons/godot_xterm/plugin.gd
.. Loading resource: res://addons/godot_xterm/editor_plugins/terminal/terminal_panel.tscn
.. Loading resource: res://addons/godot_xterm/editor_plugins/terminal/terminal_panel.gd
.. Loading resource: res://addons/godot_xterm/editor_plugins/terminal/editor_terminal.tscn
.. Loading resource: res://addons/godot_xterm/editor_plugins/terminal/editor_terminal.gd
.. Loading resource: res://addons/godot_xterm/editor_plugins/terminal/settings/default_new_terminal_shortcut.tres
.. Loading resource: res://addons/godot_xterm/editor_plugins/terminal/settings/default_kill_terminal_shortcut.tres
.. Loading resource: res://addons/godot_xterm/editor_plugins/terminal/settings/default_copy_shortcut.tres
.. Loading resource: res://addons/godot_xterm/editor_plugins/terminal/settings/default_paste_shortcut.tres
.. Loading resource: res://addons/godot_xterm/editor_plugins/terminal/settings/default_tab_right_shortcut.tres
.. Loading resource: res://addons/godot_xterm/editor_plugins/terminal/settings/default_tab_left_shortcut.tres
.. Loading resource: res://addons/type_writer_label/twl_init.gd
.. Loading resource: res://addons/type_writer_label/classes/type_writer_label_icon.svg
.. Loading resource: res://.godot/imported/type_writer_label_icon.svg-4ed2f6ad1e9b0ca97691e0060c880e78.ctex
.. [  83% ] \u001b[90m\u001b[1mfirst_scan_filesystem\u001b[22m | Starting file scan...\u001b[39m\u001b[0m
.. \u001b[92m[ DONE ]\u001b[39m \u001b[1mfirst_scan_filesystem\u001b[22m
.. \u001b[0m
:: ERROR: Unrecognized UID: "uid://b3vx8y2h1qm4p".
:: at: get_id_path (core/io/resource_uid.cpp:199)
:: ERROR: Unrecognized UID: "uid://b3vx8y2h1qm4p".
:: at: get_id_path (core/io/resource_uid.cpp:199)
:: ERROR: Unrecognized UID: "uid://b3vx8y2h1qm4p".
:: at: get_id_path (core/io/resource_uid.cpp:199)
:: ERROR: Unrecognized UID: "uid://b3vx8y2h1qm4p".
:: at: get_id_path (core/io/resource_uid.cpp:199)
:: ERROR: Unrecognized UID: "uid://b3vx8y2h1qm4p".
:: at: get_id_path (core/io/resource_uid.cpp:199)
:: ERROR: Unrecognized UID: "uid://b3vx8y2h1qm4p".
:: at: get_id_path (core/io/resource_uid.cpp:199)
:: ERROR: Unrecognized UID: "uid://b3vx8y2h1qm4p".
:: at: get_id_path (core/io/resource_uid.cpp:199)
:: ERROR: Unrecognized UID: "uid://b3vx8y2h1qm4p".
:: at: get_id_path (core/io/resource_uid.cpp:199)
:: ERROR: Unrecognized UID: "uid://b3vx8y2h1qm4p".
:: at: get_id_path (core/io/resource_uid.cpp:199)
:: ERROR: Unrecognized UID: "uid://b3vx8y2h1qm4p".
:: at: get_id_path (core/io/resource_uid.cpp:199)
:: ERROR: Unrecognized UID: "uid://b3vx8y2h1qm4p".
:: at: get_id_path (core/io/resource_uid.cpp:199)
:: ERROR: Unrecognized UID: "uid://b3vx8y2h1qm4p".
:: at: get_id_path (core/io/resource_uid.cpp:199)
:: ERROR: Unrecognized UID: "uid://b3vx8y2h1qm4p".
:: at: get_id_path (core/io/resource_uid.cpp:199)
:: ERROR: Unrecognized UID: "uid://b3vx8y2h1qm4p".
:: at: get_id_path (core/io/resource_uid.cpp:199)
:: ERROR: Unrecognized UID: "uid://b3vx8y2h1qm4p".
:: at: get_id_path (core/io/resource_uid.cpp:199)
:: ERROR: Unrecognized UID: "uid://b3vx8y2h1qm4p".
:: at: get_id_path (core/io/resource_uid.cpp:199)
:: ERROR: Unrecognized UID: "uid://b3vx8y2h1qm4p".
:: at: get_id_path (core/io/resource_uid.cpp:199)
:: ERROR: Unrecognized UID: "uid://b3vx8y2h1qm4p".
:: at: get_id_path (core/io/resource_uid.cpp:199)
:: ERROR: Unrecognized UID: "uid://b3vx8y2h1qm4p".
:: at: get_id_path (core/io/resource_uid.cpp:199)
:: ERROR: Unrecognized UID: "uid://b3vx8y2h1qm4p".
:: at: get_id_path (core/io/resource_uid.cpp:199)
:: ERROR: Unrecognized UID: "uid://b3vx8y2h1qm4p".
:: at: get_id_path (core/io/resource_uid.cpp:199)
:: ERROR: Unrecognized UID: "uid://b3vx8y2h1qm4p".
:: at: get_id_path (core/io/resource_uid.cpp:199)
:: ERROR: Unrecognized UID: "uid://b3vx8y2h1qm4p".
:: at: get_id_path (core/io/resource_uid.cpp:199)
:: ERROR: Unrecognized UID: "uid://b3vx8y2h1qm4p".
:: at: get_id_path (core/io/resource_uid.cpp:199)
:: ERROR: Unrecognized UID: "uid://b3vx8y2h1qm4p".
:: at: get_id_path (core/io/resource_uid.cpp:199)
:: ERROR: Unrecognized UID: "uid://b3vx8y2h1qm4p".
:: at: get_id_path (core/io/resource_uid.cpp:199)
:: ERROR: Unrecognized UID: "uid://b3vx8y2h1qm4p".
:: at: get_id_path (core/io/resource_uid.cpp:199)
:: ERROR: Unrecognized UID: "uid://b3vx8y2h1qm4p".
:: at: get_id_path (core/io/resource_uid.cpp:199)
:: ERROR: Unrecognized UID: "uid://b3vx8y2h1qm4p".
:: at: get_id_path (core/io/resource_uid.cpp:199)
:: ERROR: Unrecognized UID: "uid://b3vx8y2h1qm4p".
:: at: get_id_path (core/io/resource_uid.cpp:199)
:: ERROR: Unrecognized UID: "uid://b3vx8y2h1qm4p".
:: at: get_id_path (core/io/resource_uid.cpp:199)
:: ERROR: Unrecognized UID: "uid://b3vx8y2h1qm4p".
:: at: get_id_path (core/io/resource_uid.cpp:199)
:: ERROR: Unrecognized UID: "uid://b3vx8y2h1qm4p".
:: at: get_id_path (core/io/resource_uid.cpp:199)
:: ERROR: Unrecognized UID: "uid://b3vx8y2h1qm4p".
:: at: get_id_path (core/io/resource_uid.cpp:199)
:: ERROR: Unrecognized UID: "uid://b3vx8y2h1qm4p".
:: at: get_id_path (core/io/resource_uid.cpp:199)
:: ERROR: Unrecognized UID: "uid://b3vx8y2h1qm4p".
:: at: get_id_path (core/io/resource_uid.cpp:199)
:: ERROR: Unrecognized UID: "uid://b3vx8y2h1qm4p".
:: at: get_id_path (core/io/resource_uid.cpp:199)
:: ERROR: Unrecognized UID: "uid://b3vx8y2h1qm4p".
:: at: get_id_path (core/io/resource_uid.cpp:199)
:: ERROR: Unrecognized UID: "uid://b3vx8y2h1qm4p".
:: at: get_id_path (core/io/resource_uid.cpp:199)
:: ERROR: Unrecognized UID: "uid://b3vx8y2h1qm4p".
:: at: get_id_path (core/io/resource_uid.cpp:199)
:: ERROR: Unrecognized UID: "uid://b3vx8y2h1qm4p".
:: at: get_id_path (core/io/resource_uid.cpp:199)
:: ERROR: Unrecognized UID: "uid://b3vx8y2h1qm4p".
:: at: get_id_path (core/io/resource_uid.cpp:199)
:: ERROR: Unrecognized UID: "uid://b3vx8y2h1qm4p".
:: at: get_id_path (core/io/resource_uid.cpp:199)
:: ERROR: Unrecognized UID: "uid://b3vx8y2h1qm4p".
:: at: get_id_path (core/io/resource_uid.cpp:199)
:: ERROR: Unrecognized UID: "uid://b3vx8y2h1qm4p".
:: at: get_id_path (core/io/resource_uid.cpp:199)
:: ERROR: Unrecognized UID: "uid://b3vx8y2h1qm4p".
:: at: get_id_path (core/io/resource_uid.cpp:199)
:: ERROR: Unrecognized UID: "uid://b3vx8y2h1qm4p".
:: at: get_id_path (core/io/resource_uid.cpp:199)
:: ERROR: Unrecognized UID: "uid://b3vx8y2h1qm4p".
:: at: get_id_path (core/io/resource_uid.cpp:199)
:: ERROR: Unrecognized UID: "uid://b3vx8y2h1qm4p".
:: at: get_id_path (core/io/resource_uid.cpp:199)
:: ERROR: Unrecognized UID: "uid://b3vx8y2h1qm4p".
:: at: get_id_path (core/io/resource_uid.cpp:199)
:: ERROR: Unrecognized UID: "uid://b3vx8y2h1qm4p".
:: at: get_id_path (core/io/resource_uid.cpp:199)
:: ERROR: Unrecognized UID: "uid://b3vx8y2h1qm4p".
:: at: get_id_path (core/io/resource_uid.cpp:199)
:: ERROR: Unrecognized UID: "uid://b3vx8y2h1qm4p".
:: at: get_id_path (core/io/resource_uid.cpp:199)
:: ERROR: Unrecognized UID: "uid://b3vx8y2h1qm4p".
:: at: get_id_path (core/io/resource_uid.cpp:199)
:: ERROR: Unrecognized UID: "uid://b3vx8y2h1qm4p".
:: at: get_id_path (core/io/resource_uid.cpp:199)
:: ERROR: Unrecognized UID: "uid://b3vx8y2h1qm4p".
:: at: get_id_path (core/io/resource_uid.cpp:199)
:: ERROR: Unrecognized UID: "uid://b3vx8y2h1qm4p".
:: at: get_id_path (core/io/resource_uid.cpp:199)
:: ERROR: Unrecognized UID: "uid://b3vx8y2h1qm4p".
:: at: get_id_path (core/io/resource_uid.cpp:199)
:: ERROR: Unrecognized UID: "uid://b3vx8y2h1qm4p".
:: at: get_id_path (core/io/resource_uid.cpp:199)
:: ERROR: Unrecognized UID: "uid://b3vx8y2h1qm4p".
:: at: get_id_path (core/io/resource_uid.cpp:199)
:: ERROR: Unrecognized UID: "uid://b3vx8y2h1qm4p".
:: at: get_id_path (core/io/resource_uid.cpp:199)
:: ERROR: Unrecognized UID: "uid://b3vx8y2h1qm4p".
:: at: get_id_path (core/io/resource_uid.cpp:199)
:: ERROR: Unrecognized UID: "uid://b3vx8y2h1qm4p".
:: at: get_id_path (core/io/resource_uid.cpp:199)
:: ERROR: Unrecognized UID: "uid://b3vx8y2h1qm4p".
:: at: get_id_path (core/io/resource_uid.cpp:199)
:: ERROR: Unrecognized UID: "uid://b3vx8y2h1qm4p".
:: at: get_id_path (core/io/resource_uid.cpp:199)
:: ERROR: Unrecognized UID: "uid://b3vx8y2h1qm4p".
:: at: get_id_path (core/io/resource_uid.cpp:199)
:: ERROR: Unrecognized UID: "uid://b3vx8y2h1qm4p".
:: at: get_id_path (core/io/resource_uid.cpp:199)
:: ERROR: Unrecognized UID: "uid://b3vx8y2h1qm4p".
:: at: get_id_path (core/io/resource_uid.cpp:199)
:: ERROR: Unrecognized UID: "uid://b3vx8y2h1qm4p".
:: at: get_id_path (core/io/resource_uid.cpp:199)
:: ERROR: Unrecognized UID: "uid://b3vx8y2h1qm4p".
:: at: get_id_path (core/io/resource_uid.cpp:199)
:: ERROR: Unrecognized UID: "uid://b3vx8y2h1qm4p".
:: at: get_id_path (core/io/resource_uid.cpp:199)
:: ERROR: Unrecognized UID: "uid://b3vx8y2h1qm4p".
:: at: get_id_path (core/io/resource_uid.cpp:199)
:: ERROR: Unrecognized UID: "uid://b3vx8y2h1qm4p".
:: at: get_id_path (core/io/resource_uid.cpp:199)
:: ERROR: Unrecognized UID: "uid://b3vx8y2h1qm4p".
:: at: get_id_path (core/io/resource_uid.cpp:199)
:: ERROR: Unrecognized UID: "uid://b3vx8y2h1qm4p".
:: at: get_id_path (core/io/resource_uid.cpp:199)
:: ERROR: Unrecognized UID: "uid://b3vx8y2h1qm4p".
:: at: get_id_path (core/io/resource_uid.cpp:199)
:: ERROR: Unrecognized UID: "uid://b3vx8y2h1qm4p".
:: at: get_id_path (core/io/resource_uid.cpp:199)
:: ERROR: Unrecognized UID: "uid://b3vx8y2h1qm4p".
:: at: get_id_path (core/io/resource_uid.cpp:199)
:: ERROR: Unrecognized UID: "uid://b3vx8y2h1qm4p".
:: at: get_id_path (core/io/resource_uid.cpp:199)
:: ERROR: Unrecognized UID: "uid://b3vx8y2h1qm4p".
:: at: get_id_path (core/io/resource_uid.cpp:199)
:: ERROR: Unrecognized UID: "uid://b3vx8y2h1qm4p".
:: at: get_id_path (core/io/resource_uid.cpp:199)
:: ERROR: Unrecognized UID: "uid://b3vx8y2h1qm4p".
:: at: get_id_path (core/io/resource_uid.cpp:199)
:: ERROR: Unrecognized UID: "uid://b3vx8y2h1qm4p".
:: at: get_id_path (core/io/resource_uid.cpp:199)
:: ERROR: Unrecognized UID: "uid://b3vx8y2h1qm4p".
:: at: get_id_path (core/io/resource_uid.cpp:199)
:: ERROR: Unrecognized UID: "uid://b3vx8y2h1qm4p".
:: at: get_id_path (core/io/resource_uid.cpp:199)
:: ERROR: Unrecognized UID: "uid://b3vx8y2h1qm4p".
:: at: get_id_path (core/io/resource_uid.cpp:199)
:: ERROR: Unrecognized UID: "uid://b3vx8y2h1qm4p".
:: at: get_id_path (core/io/resource_uid.cpp:199)
:: ERROR: Unrecognized UID: "uid://b3vx8y2h1qm4p".
:: at: get_id_path (core/io/resource_uid.cpp:199)
:: ERROR: Unrecognized UID: "uid://b3vx8y2h1qm4p".
:: at: get_id_path (core/io/resource_uid.cpp:199)
:: ERROR: Unrecognized UID: "uid://b3vx8y2h1qm4p".
:: at: get_id_path (core/io/resource_uid.cpp:199)
:: ERROR: Unrecognized UID: "uid://b3vx8y2h1qm4p".
:: at: get_id_path (core/io/resource_uid.cpp:199)
:: ERROR: Unrecognized UID: "uid://b3vx8y2h1qm4p".
:: at: get_id_path (core/io/resource_uid.cpp:199)
:: ERROR: Unrecognized UID: "uid://b3vx8y2h1qm4p".
:: at: get_id_path (core/io/resource_uid.cpp:199)
:: ERROR: Unrecognized UID: "uid://b3vx8y2h1qm4p".
:: at: get_id_path (core/io/resource_uid.cpp:199)
:: ERROR: Unrecognized UID: "uid://b3vx8y2h1qm4p".
:: at: get_id_path (core/io/resource_uid.cpp:199)
:: ERROR: Unrecognized UID: "uid://b3vx8y2h1qm4p".
:: at: get_id_path (core/io/resource_uid.cpp:199)
:: ERROR: Unrecognized UID: "uid://b3vx8y2h1qm4p".
:: at: get_id_path (core/io/resource_uid.cpp:199)
:: ERROR: Unrecognized UID: "uid://b3vx8y2h1qm4p".
:: at: get_id_path (core/io/resource_uid.cpp:199)
:: ERROR: Unrecognized UID: "uid://b3vx8y2h1qm4p".
:: at: get_id_path (core/io/resource_uid.cpp:199)
:: ERROR: Unrecognized UID: "uid://b3vx8y2h1qm4p".
:: at: get_id_path (core/io/resource_uid.cpp:199)
:: ERROR: Unrecognized UID: "uid://b3vx8y2h1qm4p".
:: at: get_id_path (core/io/resource_uid.cpp:199)
:: ERROR: Unrecognized UID: "uid://b3vx8y2h1qm4p".
:: at: get_id_path (core/io/resource_uid.cpp:199)
:: ERROR: Unrecognized UID: "uid://b3vx8y2h1qm4p".
:: at: get_id_path (core/io/resource_uid.cpp:199)
:: ERROR: Unrecognized UID: "uid://b3vx8y2h1qm4p".
:: at: get_id_path (core/io/resource_uid.cpp:199)
:: ERROR: Unrecognized UID: "uid://b3vx8y2h1qm4p".
:: at: get_id_path (core/io/resource_uid.cpp:199)
:: ERROR: Unrecognized UID: "uid://b3vx8y2h1qm4p".
:: at: get_id_path (core/io/resource_uid.cpp:199)
:: ERROR: Unrecognized UID: "uid://b3vx8y2h1qm4p".
:: at: get_id_path (core/io/resource_uid.cpp:199)
:: ERROR: Unrecognized UID: "uid://b3vx8y2h1qm4p".
:: at: get_id_path (core/io/resource_uid.cpp:199)
:: ERROR: Unrecognized UID: "uid://b3vx8y2h1qm4p".
:: at: get_id_path (core/io/resource_uid.cpp:199)
:: ERROR: Unrecognized UID: "uid://b3vx8y2h1qm4p".
:: at: get_id_path (core/io/resource_uid.cpp:199)
:: ERROR: Unrecognized UID: "uid://b3vx8y2h1qm4p".
:: at: get_id_path (core/io/resource_uid.cpp:199)
:: ERROR: Unrecognized UID: "uid://b3vx8y2h1qm4p".
:: at: get_id_path (core/io/resource_uid.cpp:199)
:: ERROR: Unrecognized UID: "uid://b3vx8y2h1qm4p".
:: at: get_id_path (core/io/resource_uid.cpp:199)
:: ERROR: Unrecognized UID: "uid://b3vx8y2h1qm4p".
:: at: get_id_path (core/io/resource_uid.cpp:199)
:: ERROR: Unrecognized UID: "uid://b3vx8y2h1qm4p".
:: at: get_id_path (core/io/resource_uid.cpp:199)
:: ERROR: Unrecognized UID: "uid://b3vx8y2h1qm4p".
:: at: get_id_path (core/io/resource_uid.cpp:199)
:: ERROR: Unrecognized UID: "uid://b3vx8y2h1qm4p".
:: at: get_id_path (core/io/resource_uid.cpp:199)
:: ERROR: Unrecognized UID: "uid://b3vx8y2h1qm4p".
:: at: get_id_path (core/io/resource_uid.cpp:199)
:: ERROR: Unrecognized UID: "uid://b3vx8y2h1qm4p".
:: at: get_id_path (core/io/resource_uid.cpp:199)
:: ERROR: Unrecognized UID: "uid://b3vx8y2h1qm4p".
:: at: get_id_path (core/io/resource_uid.cpp:199)
:: ERROR: Unrecognized UID: "uid://b3vx8y2h1qm4p".
:: at: get_id_path (core/io/resource_uid.cpp:199)
:: ERROR: Unrecognized UID: "uid://b3vx8y2h1qm4p".
:: at: get_id_path (core/io/resource_uid.cpp:199)
:: ERROR: Unrecognized UID: "uid://b3vx8y2h1qm4p".
:: at: get_id_path (core/io/resource_uid.cpp:199)
:: ERROR: Unrecognized UID: "uid://b3vx8y2h1qm4p".
:: at: get_id_path (core/io/resource_uid.cpp:199)
:: ERROR: Unrecognized UID: "uid://b3vx8y2h1qm4p".
:: at: get_id_path (core/io/resource_uid.cpp:199)
:: ERROR: Unrecognized UID: "uid://b3vx8y2h1qm4p".
:: at: get_id_path (core/io/resource_uid.cpp:199)
:: ERROR: Unrecognized UID: "uid://b3vx8y2h1qm4p".
:: at: get_id_path (core/io/resource_uid.cpp:199)
:: ERROR: Unrecognized UID: "uid://b3vx8y2h1qm4p".
:: at: get_id_path (core/io/resource_uid.cpp:199)
:: ERROR: Unrecognized UID: "uid://b3vx8y2h1qm4p".
:: at: get_id_path (core/io/resource_uid.cpp:199)
:: ERROR: Unrecognized UID: "uid://b3vx8y2h1qm4p".
:: at: get_id_path (core/io/resource_uid.cpp:199)
:: ERROR: Unrecognized UID: "uid://b3vx8y2h1qm4p".
:: at: get_id_path (core/io/resource_uid.cpp:199)
:: ERROR: Unrecognized UID: "uid://b3vx8y2h1qm4p".
:: at: get_id_path (core/io/resource_uid.cpp:199)
:: ERROR: Unrecognized UID: "uid://b3vx8y2h1qm4p".
:: at: get_id_path (core/io/resource_uid.cpp:199)
:: ERROR: Unrecognized UID: "uid://b3vx8y2h1qm4p".
:: at: get_id_path (core/io/resource_uid.cpp:199)
:: ERROR: Unrecognized UID: "uid://b3vx8y2h1qm4p".
:: at: get_id_path (core/io/resource_uid.cpp:199)
:: ERROR: Unrecognized UID: "uid://b3vx8y2h1qm4p".
:: at: get_id_path (core/io/resource_uid.cpp:199)
:: ERROR: Unrecognized UID: "uid://b3vx8y2h1qm4p".
:: at: get_id_path (core/io/resource_uid.cpp:199)
:: ERROR: Unrecognized UID: "uid://b3vx8y2h1qm4p".
:: at: get_id_path (core/io/resource_uid.cpp:199)
:: ERROR: Unrecognized UID: "uid://b3vx8y2h1qm4p".
:: at: get_id_path (core/io/resource_uid.cpp:199)
:: ERROR: Unrecognized UID: "uid://b3vx8y2h1qm4p".
:: at: get_id_path (core/io/resource_uid.cpp:199)
:: ERROR: Unrecognized UID: "uid://b3vx8y2h1qm4p".
:: at: get_id_path (core/io/resource_uid.cpp:199)
:: ERROR: Unrecognized UID: "uid://b3vx8y2h1qm4p".
:: at: get_id_path (core/io/resource_uid.cpp:199)
:: ERROR: Unrecognized UID: "uid://b3vx8y2h1qm4p".
:: at: get_id_path (core/io/resource_uid.cpp:199)
:: ERROR: Unrecognized UID: "uid://b3vx8y2h1qm4p".
:: at: get_id_path (core/io/resource_uid.cpp:199)
:: ERROR: Unrecognized UID: "uid://b3vx8y2h1qm4p".
:: at: get_id_path (core/io/resource_uid.cpp:199)
:: ERROR: Unrecognized UID: "uid://b3vx8y2h1qm4p".
:: at: get_id_path (core/io/resource_uid.cpp:199)
:: ERROR: Unrecognized UID: "uid://b3vx8y2h1qm4p".
:: at: get_id_path (core/io/resource_uid.cpp:199)
:: ERROR: Unrecognized UID: "uid://b3vx8y2h1qm4p".
:: at: get_id_path (core/io/resource_uid.cpp:199)
:: ERROR: Unrecognized UID: "uid://b3vx8y2h1qm4p".
:: at: get_id_path (core/io/resource_uid.cpp:199)
:: ERROR: Unrecognized UID: "uid://b3vx8y2h1qm4p".
:: at: get_id_path (core/io/resource_uid.cpp:199)
:: ERROR: Unrecognized UID: "uid://b3vx8y2h1qm4p".
:: at: get_id_path (core/io/resource_uid.cpp:199)
:: ERROR: Unrecognized UID: "uid://b3vx8y2h1qm4p".
:: at: get_id_path (core/io/resource_uid.cpp:199)
:: ERROR: Unrecognized UID: "uid://b3vx8y2h1qm4p".
:: at: get_id_path (core/io/resource_uid.cpp:199)
:: ERROR: Unrecognized UID: "uid://b3vx8y2h1qm4p".
:: at: get_id_path (core/io/resource_uid.cpp:199)
:: ERROR: Unrecognized UID: "uid://b3vx8y2h1qm4p".
:: at: get_id_path (core/io/resource_uid.cpp:199)
:: ERROR: Unrecognized UID: "uid://b3vx8y2h1qm4p".
:: at: get_id_path (core/io/resource_uid.cpp:199)
:: ERROR: Unrecognized UID: "uid://b3vx8y2h1qm4p".
:: at: get_id_path (core/io/resource_uid.cpp:199)
:: ERROR: Unrecognized UID: "uid://b3vx8y2h1qm4p".
:: at: get_id_path (core/io/resource_uid.cpp:199)
:: ERROR: Unrecognized UID: "uid://b3vx8y2h1qm4p".
:: at: get_id_path (core/io/resource_uid.cpp:199)
:: ERROR: Unrecognized UID: "uid://b3vx8y2h1qm4p".
:: at: get_id_path (core/io/resource_uid.cpp:199)
:: ERROR: Unrecognized UID: "uid://b3vx8y2h1qm4p".
:: at: get_id_path (core/io/resource_uid.cpp:199)
:: ERROR: Unrecognized UID: "uid://b3vx8y2h1qm4p".
:: at: get_id_path (core/io/resource_uid.cpp:199)
:: ERROR: Unrecognized UID: "uid://b3vx8y2h1qm4p".
:: at: get_id_path (core/io/resource_uid.cpp:199)
:: ERROR: Unrecognized UID: "uid://b3vx8y2h1qm4p".
:: at: get_id_path (core/io/resource_uid.cpp:199)
:: ERROR: Unrecognized UID: "uid://b3vx8y2h1qm4p".
:: at: get_id_path (core/io/resource_uid.cpp:199)
:: ERROR: Unrecognized UID: "uid://b3vx8y2h1qm4p".
:: at: get_id_path (core/io/resource_uid.cpp:199)
:: ERROR: Unrecognized UID: "uid://b3vx8y2h1qm4p".
:: at: get_id_path (core/io/resource_uid.cpp:199)
:: ERROR: Unrecognized UID: "uid://b3vx8y2h1qm4p".
:: at: get_id_path (core/io/resource_uid.cpp:199)
:: ERROR: Unrecognized UID: "uid://b3vx8y2h1qm4p".
:: at: get_id_path (core/io/resource_uid.cpp:199)
:: ERROR: Unrecognized UID: "uid://b3vx8y2h1qm4p".
:: at: get_id_path (core/io/resource_uid.cpp:199)
:: ERROR: Unrecognized UID: "uid://b3vx8y2h1qm4p".
:: at: get_id_path (core/io/resource_uid.cpp:199)
:: ERROR: Unrecognized UID: "uid://b3vx8y2h1qm4p".
:: at: get_id_path (core/io/resource_uid.cpp:199)
:: ERROR: Unrecognized UID: "uid://b3vx8y2h1qm4p".
:: at: get_id_path (core/io/resource_uid.cpp:199)
:: ERROR: Unrecognized UID: "uid://b3vx8y2h1qm4p".
:: at: get_id_path (core/io/resource_uid.cpp:199)
:: ERROR: Unrecognized UID: "uid://b3vx8y2h1qm4p".
:: at: get_id_path (core/io/resource_uid.cpp:199)
:: ERROR: Unrecognized UID: "uid://b3vx8y2h1qm4p".
:: at: get_id_path (core/io/resource_uid.cpp:199)
:: ERROR: Unrecognized UID: "uid://b3vx8y2h1qm4p".
:: at: get_id_path (core/io/resource_uid.cpp:199)
:: ERROR: Unrecognized UID: "uid://b3vx8y2h1qm4p".
:: at: get_id_path (core/io/resource_uid.cpp:199)
:: ERROR: Unrecognized UID: "uid://b3vx8y2h1qm4p".
:: at: get_id_path (core/io/resource_uid.cpp:199)
:: ERROR: Unrecognized UID: "uid://b3vx8y2h1qm4p".
:: at: get_id_path (core/io/resource_uid.cpp:199)
:: ERROR: Unrecognized UID: "uid://b3vx8y2h1qm4p".
:: at: get_id_path (core/io/resource_uid.cpp:199)
:: ERROR: Unrecognized UID: "uid://b3vx8y2h1qm4p".
:: at: get_id_path (core/io/resource_uid.cpp:199)
:: ERROR: Unrecognized UID: "uid://b3vx8y2h1qm4p".
:: at: get_id_path (core/io/resource_uid.cpp:199)
:: ERROR: Unrecognized UID: "uid://b3vx8y2h1qm4p".
:: at: get_id_path (core/io/resource_uid.cpp:199)
:: ERROR: Unrecognized UID: "uid://b3vx8y2h1qm4p".
:: at: get_id_path (core/io/resource_uid.cpp:199)
:: ERROR: Unrecognized UID: "uid://b3vx8y2h1qm4p".
:: at: get_id_path (core/io/resource_uid.cpp:199)
:: ERROR: Unrecognized UID: "uid://b3vx8y2h1qm4p".
:: at: get_id_path (core/io/resource_uid.cpp:199)
:: ERROR: Unrecognized UID: "uid://b3vx8y2h1qm4p".
:: at: get_id_path (core/io/resource_uid.cpp:199)
:: ERROR: Unrecognized UID: "uid://b3vx8y2h1qm4p".
:: at: get_id_path (core/io/resource_uid.cpp:199)
:: ERROR: Unrecognized UID: "uid://b3vx8y2h1qm4p".
:: at: get_id_path (core/io/resource_uid.cpp:199)
:: ERROR: Unrecognized UID: "uid://b3vx8y2h1qm4p".
:: at: get_id_path (core/io/resource_uid.cpp:199)
:: ERROR: Unrecognized UID: "uid://b3vx8y2h1qm4p".
:: at: get_id_path (core/io/resource_uid.cpp:199)
:: ERROR: Unrecognized UID: "uid://b3vx8y2h1qm4p".
:: at: get_id_path (core/io/resource_uid.cpp:199)
:: ERROR: Unrecognized UID: "uid://b3vx8y2h1qm4p".
:: at: get_id_path (core/io/resource_uid.cpp:199)
:: ERROR: Unrecognized UID: "uid://b3vx8y2h1qm4p".
:: at: get_id_path (core/io/resource_uid.cpp:199)
:: ERROR: Unrecognized UID: "uid://b3vx8y2h1qm4p".
:: at: get_id_path (core/io/resource_uid.cpp:199)
:: ERROR: Unrecognized UID: "uid://b3vx8y2h1qm4p".
:: at: get_id_path (core/io/resource_uid.cpp:199)
:: ERROR: Unrecognized UID: "uid://b3vx8y2h1qm4p".
:: at: get_id_path (core/io/resource_uid.cpp:199)
:: ERROR: Unrecognized UID: "uid://b3vx8y2h1qm4p".
:: at: get_id_path (core/io/resource_uid.cpp:199)
:: ERROR: Unrecognized UID: "uid://b3vx8y2h1qm4p".
:: at: get_id_path (core/io/resource_uid.cpp:199)
:: ERROR: Unrecognized UID: "uid://b3vx8y2h1qm4p".
:: at: get_id_path (core/io/resource_uid.cpp:199)
:: ERROR: Unrecognized UID: "uid://b3vx8y2h1qm4p".
:: at: get_id_path (core/io/resource_uid.cpp:199)
:: ERROR: Unrecognized UID: "uid://b3vx8y2h1qm4p".
:: at: get_id_path (core/io/resource_uid.cpp:199)
:: ERROR: Unrecognized UID: "uid://b3vx8y2h1qm4p".
:: at: get_id_path (core/io/resource_uid.cpp:199)
:: ERROR: Unrecognized UID: "uid://b3vx8y2h1qm4p".
:: at: get_id_path (core/io/resource_uid.cpp:199)
:: ERROR: Unrecognized UID: "uid://b3vx8y2h1qm4p".
:: at: get_id_path (core/io/resource_uid.cpp:199)
:: ERROR: Unrecognized UID: "uid://b3vx8y2h1qm4p".
:: at: get_id_path (core/io/resource_uid.cpp:199)
:: ERROR: Unrecognized UID: "uid://b3vx8y2h1qm4p".
:: at: get_id_path (core/io/resource_uid.cpp:199)
:: ERROR: Unrecognized UID: "uid://b3vx8y2h1qm4p".
:: at: get_id_path (core/io/resource_uid.cpp:199)
:: ERROR: Unrecognized UID: "uid://b3vx8y2h1qm4p".
:: at: get_id_path (core/io/resource_uid.cpp:199)
:: ERROR: Unrecognized UID: "uid://b3vx8y2h1qm4p".
:: at: get_id_path (core/io/resource_uid.cpp:199)
:: ERROR: Unrecognized UID: "uid://b3vx8y2h1qm4p".
:: at: get_id_path (core/io/resource_uid.cpp:199)
:: ERROR: Unrecognized UID: "uid://b3vx8y2h1qm4p".
:: at: get_id_path (core/io/resource_uid.cpp:199)
:: ERROR: Unrecognized UID: "uid://b3vx8y2h1qm4p".
:: at: get_id_path (core/io/resource_uid.cpp:199)
:: ERROR: Unrecognized UID: "uid://b3vx8y2h1qm4p".
:: at: get_id_path (core/io/resource_uid.cpp:199)
:: ERROR: Unrecognized UID: "uid://b3vx8y2h1qm4p".
:: at: get_id_path (core/io/resource_uid.cpp:199)
:: ERROR: Unrecognized UID: "uid://b3vx8y2h1qm4p".
:: at: get_id_path (core/io/resource_uid.cpp:199)
:: ERROR: Unrecognized UID: "uid://b3vx8y2h1qm4p".
:: at: get_id_path (core/io/resource_uid.cpp:199)
:: ERROR: Unrecognized UID: "uid://b3vx8y2h1qm4p".
:: at: get_id_path (core/io/resource_uid.cpp:199)
:: ERROR: Unrecognized UID: "uid://b3vx8y2h1qm4p".
:: at: get_id_path (core/io/resource_uid.cpp:199)
:: ERROR: Unrecognized UID: "uid://b3vx8y2h1qm4p".
:: at: get_id_path (core/io/resource_uid.cpp:199)
:: ERROR: Unrecognized UID: "uid://b3vx8y2h1qm4p".
:: at: get_id_path (core/io/resource_uid.cpp:199)
:: ERROR: Unrecognized UID: "uid://b3vx8y2h1qm4p".
:: at: get_id_path (core/io/resource_uid.cpp:199)
:: ERROR: Unrecognized UID: "uid://b3vx8y2h1qm4p".
:: at: get_id_path (core/io/resource_uid.cpp:199)
:: ERROR: Unrecognized UID: "uid://b3vx8y2h1qm4p".
:: at: get_id_path (core/io/resource_uid.cpp:199)
:: ERROR: Unrecognized UID: "uid://b3vx8y2h1qm4p".
:: at: get_id_path (core/io/resource_uid.cpp:199)
:: ERROR: Unrecognized UID: "uid://b3vx8y2h1qm4p".
:: at: get_id_path (core/io/resource_uid.cpp:199)
:: ERROR: Unrecognized UID: "uid://b3vx8y2h1qm4p".
:: at: get_id_path (core/io/resource_uid.cpp:199)
:: ERROR: Unrecognized UID: "uid://b3vx8y2h1qm4p".
:: at: get_id_path (core/io/resource_uid.cpp:199)
:: ERROR: Unrecognized UID: "uid://b3vx8y2h1qm4p".
:: at: get_id_path (core/io/resource_uid.cpp:199)
:: ERROR: Unrecognized UID: "uid://b3vx8y2h1qm4p".
:: at: get_id_path (core/io/resource_uid.cpp:199)
:: ERROR: Unrecognized UID: "uid://b3vx8y2h1qm4p".
:: at: get_id_path (core/io/resource_uid.cpp:199)
:: ERROR: Unrecognized UID: "uid://b3vx8y2h1qm4p".
:: at: get_id_path (core/io/resource_uid.cpp:199)
:: ERROR: Unrecognized UID: "uid://b3vx8y2h1qm4p".
:: at: get_id_path (core/io/resource_uid.cpp:199)
:: ERROR: Unrecognized UID: "uid://b3vx8y2h1qm4p".
:: at: get_id_path (core/io/resource_uid.cpp:199)
:: ERROR: Unrecognized UID: "uid://b3vx8y2h1qm4p".
:: at: get_id_path (core/io/resource_uid.cpp:199)
:: ERROR: Unrecognized UID: "uid://b3vx8y2h1qm4p".
:: at: get_id_path (core/io/resource_uid.cpp:199)
:: ERROR: Unrecognized UID: "uid://b3vx8y2h1qm4p".
:: at: get_id_path (core/io/resource_uid.cpp:199)
:: ERROR: Unrecognized UID: "uid://b3vx8y2h1qm4p".
:: at: get_id_path (core/io/resource_uid.cpp:199)
:: ERROR: Unrecognized UID: "uid://b3vx8y2h1qm4p".
:: at: get_id_path (core/io/resource_uid.cpp:199)
:: ERROR: Unrecognized UID: "uid://b3vx8y2h1qm4p".
:: at: get_id_path (core/io/resource_uid.cpp:199)
:: ERROR: Unrecognized UID: "uid://b3vx8y2h1qm4p".
:: at: get_id_path (core/io/resource_uid.cpp:199)
:: ERROR: Unrecognized UID: "uid://b3vx8y2h1qm4p".
:: at: get_id_path (core/io/resource_uid.cpp:199)
:: ERROR: Unrecognized UID: "uid://b3vx8y2h1qm4p".
:: at: get_id_path (core/io/resource_uid.cpp:199)
:: ERROR: Unrecognized UID: "uid://b3vx8y2h1qm4p".
:: at: get_id_path (core/io/resource_uid.cpp:199)
:: ERROR: Unrecognized UID: "uid://b3vx8y2h1qm4p".
:: at: get_id_path (core/io/resource_uid.cpp:199)
:: ERROR: Unrecognized UID: "uid://b3vx8y2h1qm4p".
:: at: get_id_path (core/io/resource_uid.cpp:199)
:: ERROR: Unrecognized UID: "uid://b3vx8y2h1qm4p".
:: at: get_id_path (core/io/resource_uid.cpp:199)
:: ERROR: Unrecognized UID: "uid://b3vx8y2h1qm4p".
:: at: get_id_path (core/io/resource_uid.cpp:199)
:: ERROR: Unrecognized UID: "uid://b3vx8y2h1qm4p".
:: at: get_id_path (core/io/resource_uid.cpp:199)
:: ERROR: Unrecognized UID: "uid://b3vx8y2h1qm4p".
:: at: get_id_path (core/io/resource_uid.cpp:199)
:: ERROR: Unrecognized UID: "uid://b3vx8y2h1qm4p".
:: at: get_id_path (core/io/resource_uid.cpp:199)
:: ERROR: Unrecognized UID: "uid://b3vx8y2h1qm4p".
:: at: get_id_path (core/io/resource_uid.cpp:199)
:: ERROR: Unrecognized UID: "uid://b3vx8y2h1qm4p".
:: at: get_id_path (core/io/resource_uid.cpp:199)
:: ERROR: Unrecognized UID: "uid://b3vx8y2h1qm4p".
:: at: get_id_path (core/io/resource_uid.cpp:199)
:: ERROR: Unrecognized UID: "uid://b3vx8y2h1qm4p".
:: at: get_id_path (core/io/resource_uid.cpp:199)
:: ERROR: Unrecognized UID: "uid://b3vx8y2h1qm4p".
:: at: get_id_path (core/io/resource_uid.cpp:199)
:: ERROR: Unrecognized UID: "uid://b3vx8y2h1qm4p".
:: at: get_id_path (core/io/resource_uid.cpp:199)
:: ERROR: Unrecognized UID: "uid://b3vx8y2h1qm4p".
:: at: get_id_path (core/io/resource_uid.cpp:199)
:: ERROR: Unrecognized UID: "uid://b3vx8y2h1qm4p".
:: at: get_id_path (core/io/resource_uid.cpp:199)
:: ERROR: Unrecognized UID: "uid://b3vx8y2h1qm4p".
:: at: get_id_path (core/io/resource_uid.cpp:199)
:: ERROR: Unrecognized UID: "uid://b3vx8y2h1qm4p".
:: at: get_id_path (core/io/resource_uid.cpp:199)
:: ERROR: Unrecognized UID: "uid://b3vx8y2h1qm4p".
:: at: get_id_path (core/io/resource_uid.cpp:199)
:: ERROR: Unrecognized UID: "uid://b3vx8y2h1qm4p".
:: at: get_id_path (core/io/resource_uid.cpp:199)
:: ERROR: Unrecognized UID: "uid://b3vx8y2h1qm4p".
:: at: get_id_path (core/io/resource_uid.cpp:199)
:: ERROR: Unrecognized UID: "uid://b3vx8y2h1qm4p".
:: at: get_id_path (core/io/resource_uid.cpp:199)
:: ERROR: Unrecognized UID: "uid://b3vx8y2h1qm4p".
:: at: get_id_path (core/io/resource_uid.cpp:199)
:: ERROR: Unrecognized UID: "uid://b3vx8y2h1qm4p".
:: at: get_id_path (core/io/resource_uid.cpp:199)
:: ERROR: Unrecognized UID: "uid://b3vx8y2h1qm4p".
:: at: get_id_path (core/io/resource_uid.cpp:199)
:: ERROR: Unrecognized UID: "uid://b3vx8y2h1qm4p".
:: at: get_id_path (core/io/resource_uid.cpp:199)
:: ERROR: Unrecognized UID: "uid://b3vx8y2h1qm4p".
:: at: get_id_path (core/io/resource_uid.cpp:199)
:: ERROR: Unrecognized UID: "uid://b3vx8y2h1qm4p".
:: at: get_id_path (core/io/resource_uid.cpp:199)
:: ERROR: Unrecognized UID: "uid://b3vx8y2h1qm4p".
:: at: get_id_path (core/io/resource_uid.cpp:199)
:: ERROR: Unrecognized UID: "uid://b3vx8y2h1qm4p".
:: at: get_id_path (core/io/resource_uid.cpp:199)
:: ERROR: Unrecognized UID: "uid://b3vx8y2h1qm4p".
:: at: get_id_path (core/io/resource_uid.cpp:199)
:: ERROR: Unrecognized UID: "uid://b3vx8y2h1qm4p".
:: at: get_id_path (core/io/resource_uid.cpp:199)
:: ERROR: Unrecognized UID: "uid://b3vx8y2h1qm4p".
:: at: get_id_path (core/io/resource_uid.cpp:199)
:: ERROR: Unrecognized UID: "uid://b3vx8y2h1qm4p".
:: at: get_id_path (core/io/resource_uid.cpp:199)
:: ERROR: Unrecognized UID: "uid://b3vx8y2h1qm4p".
:: at: get_id_path (core/io/resource_uid.cpp:199)
:: ERROR: Unrecognized UID: "uid://b3vx8y2h1qm4p".
:: at: get_id_path (core/io/resource_uid.cpp:199)
:: ERROR: Unrecognized UID: "uid://b3vx8y2h1qm4p".
:: at: get_id_path (core/io/resource_uid.cpp:199)
:: ERROR: Unrecognized UID: "uid://b3vx8y2h1qm4p".
:: at: get_id_path (core/io/resource_uid.cpp:199)
:: ERROR: Unrecognized UID: "uid://b3vx8y2h1qm4p".
:: at: get_id_path (core/io/resource_uid.cpp:199)
:: ERROR: Unrecognized UID: "uid://b3vx8y2h1qm4p".
:: at: get_id_path (core/io/resource_uid.cpp:199)
:: ERROR: Unrecognized UID: "uid://b3vx8y2h1qm4p".
:: at: get_id_path (core/io/resource_uid.cpp:199)
:: ERROR: Unrecognized UID: "uid://b3vx8y2h1qm4p".
:: at: get_id_path (core/io/resource_uid.cpp:199)
:: ERROR: Unrecognized UID: "uid://b3vx8y2h1qm4p".
:: at: get_id_path (core/io/resource_uid.cpp:199)
:: ERROR: Unrecognized UID: "uid://b3vx8y2h1qm4p".
:: at: get_id_path (core/io/resource_uid.cpp:199)
:: ERROR: Unrecognized UID: "uid://b3vx8y2h1qm4p".
:: at: get_id_path (core/io/resource_uid.cpp:199)
:: ERROR: Unrecognized UID: "uid://b3vx8y2h1qm4p".
:: at: get_id_path (core/io/resource_uid.cpp:199)
:: ERROR: Unrecognized UID: "uid://b3vx8y2h1qm4p".
:: at: get_id_path (core/io/resource_uid.cpp:199)
:: ERROR: Unrecognized UID: "uid://b3vx8y2h1qm4p".
:: at: get_id_path (core/io/resource_uid.cpp:199)
:: ERROR: Unrecognized UID: "uid://b3vx8y2h1qm4p".
:: at: get_id_path (core/io/resource_uid.cpp:199)
:: ERROR: Unrecognized UID: "uid://b3vx8y2h1qm4p".
:: at: get_id_path (core/io/resource_uid.cpp:199)
:: ERROR: Unrecognized UID: "uid://b3vx8y2h1qm4p".
:: at: get_id_path (core/io/resource_uid.cpp:199)
:: ERROR: Unrecognized UID: "uid://b3vx8y2h1qm4p".
:: at: get_id_path (core/io/resource_uid.cpp:199)
:: ERROR: Unrecognized UID: "uid://b3vx8y2h1qm4p".
:: at: get_id_path (core/io/resource_uid.cpp:199)
:: ERROR: Unrecognized UID: "uid://b3vx8y2h1qm4p".
:: at: get_id_path (core/io/resource_uid.cpp:199)
:: ERROR: Unrecognized UID: "uid://b3vx8y2h1qm4p".
:: at: get_id_path (core/io/resource_uid.cpp:199)
:: ERROR: Unrecognized UID: "uid://b3vx8y2h1qm4p".
:: at: get_id_path (core/io/resource_uid.cpp:199)
:: ERROR: Unrecognized UID: "uid://b3vx8y2h1qm4p".
:: at: get_id_path (core/io/resource_uid.cpp:199)
:: ERROR: Unrecognized UID: "uid://b3vx8y2h1qm4p".
:: at: get_id_path (core/io/resource_uid.cpp:199)
:: ERROR: Unrecognized UID: "uid://b3vx8y2h1qm4p".
:: at: get_id_path (core/io/resource_uid.cpp:199)
:: ERROR: Unrecognized UID: "uid://b3vx8y2h1qm4p".
:: at: get_id_path (core/io/resource_uid.cpp:199)
:: ERROR: Unrecognized UID: "uid://b3vx8y2h1qm4p".
:: at: get_id_path (core/io/resource_uid.cpp:199)
:: ERROR: Unrecognized UID: "uid://b3vx8y2h1qm4p".
:: at: get_id_path (core/io/resource_uid.cpp:199)
:: ERROR: Unrecognized UID: "uid://b3vx8y2h1qm4p".
:: at: get_id_path (core/io/resource_uid.cpp:199)
:: ERROR: Unrecognized UID: "uid://b3vx8y2h1qm4p".
:: at: get_id_path (core/io/resource_uid.cpp:199)
:: ERROR: Unrecognized UID: "uid://b3vx8y2h1qm4p".
:: at: get_id_path (core/io/resource_uid.cpp:199)
:: ERROR: Unrecognized UID: "uid://b3vx8y2h1qm4p".
:: at: get_id_path (core/io/resource_uid.cpp:199)
:: ERROR: Unrecognized UID: "uid://b3vx8y2h1qm4p".
:: at: get_id_path (core/io/resource_uid.cpp:199)
:: ERROR: Unrecognized UID: "uid://b3vx8y2h1qm4p".
:: at: get_id_path (core/io/resource_uid.cpp:199)
:: ERROR: Unrecognized UID: "uid://b3vx8y2h1qm4p".
:: at: get_id_path (core/io/resource_uid.cpp:199)
:: ERROR: Unrecognized UID: "uid://b3vx8y2h1qm4p".
:: at: get_id_path (core/io/resource_uid.cpp:199)
:: ERROR: Unrecognized UID: "uid://b3vx8y2h1qm4p".
:: at: get_id_path (core/io/resource_uid.cpp:199)
:: ERROR: Unrecognized UID: "uid://b3vx8y2h1qm4p".
:: at: get_id_path (core/io/resource_uid.cpp:199)
:: ERROR: Unrecognized UID: "uid://b3vx8y2h1qm4p".
:: at: get_id_path (core/io/resource_uid.cpp:199)
:: ERROR: Unrecognized UID: "uid://b3vx8y2h1qm4p".
:: at: get_id_path (core/io/resource_uid.cpp:199)
:: ERROR: Unrecognized UID: "uid://b3vx8y2h1qm4p".
:: at: get_id_path (core/io/resource_uid.cpp:199)
:: ERROR: Unrecognized UID: "uid://b3vx8y2h1qm4p".
:: at: get_id_path (core/io/resource_uid.cpp:199)
:: ERROR: Unrecognized UID: "uid://b3vx8y2h1qm4p".
:: at: get_id_path (core/io/resource_uid.cpp:199)
:: ERROR: Unrecognized UID: "uid://b3vx8y2h1qm4p".
:: at: get_id_path (core/io/resource_uid.cpp:199)
:: ERROR: Unrecognized UID: "uid://b3vx8y2h1qm4p".
:: at: get_id_path (core/io/resource_uid.cpp:199)
:: ERROR: Unrecognized UID: "uid://b3vx8y2h1qm4p".
:: at: get_id_path (core/io/resource_uid.cpp:199)
:: ERROR: Unrecognized UID: "uid://b3vx8y2h1qm4p".
:: at: get_id_path (core/io/resource_uid.cpp:199)
:: ERROR: Unrecognized UID: "uid://b3vx8y2h1qm4p".
:: at: get_id_path (core/io/resource_uid.cpp:199)
:: ERROR: Unrecognized UID: "uid://b3vx8y2h1qm4p".
:: at: get_id_path (core/io/resource_uid.cpp:199)
:: ERROR: Unrecognized UID: "uid://b3vx8y2h1qm4p".
:: at: get_id_path (core/io/resource_uid.cpp:199)
:: ERROR: Unrecognized UID: "uid://b3vx8y2h1qm4p".
:: at: get_id_path (core/io/resource_uid.cpp:199)
:: ERROR: Unrecognized UID: "uid://b3vx8y2h1qm4p".
:: at: get_id_path (core/io/resource_uid.cpp:199)
:: ERROR: Unrecognized UID: "uid://b3vx8y2h1qm4p".
:: at: get_id_path (core/io/resource_uid.cpp:199)
:: ERROR: Unrecognized UID: "uid://b3vx8y2h1qm4p".
:: at: get_id_path (core/io/resource_uid.cpp:199)
:: ERROR: Unrecognized UID: "uid://b3vx8y2h1qm4p".
:: at: get_id_path (core/io/resource_uid.cpp:199)
:: ERROR: Unrecognized UID: "uid://b3vx8y2h1qm4p".
:: at: get_id_path (core/io/resource_uid.cpp:199)
:: ERROR: Unrecognized UID: "uid://b3vx8y2h1qm4p".
:: at: get_id_path (core/io/resource_uid.cpp:199)
:: ERROR: Unrecognized UID: "uid://b3vx8y2h1qm4p".
:: at: get_id_path (core/io/resource_uid.cpp:199)
:: ERROR: Unrecognized UID: "uid://b3vx8y2h1qm4p".
:: at: get_id_path (core/io/resource_uid.cpp:199)
:: ERROR: Unrecognized UID: "uid://b3vx8y2h1qm4p".
:: at: get_id_path (core/io/resource_uid.cpp:199)
:: ERROR: Unrecognized UID: "uid://b3vx8y2h1qm4p".
:: at: get_id_path (core/io/resource_uid.cpp:199)
:: ERROR: Unrecognized UID: "uid://b3vx8y2h1qm4p".
:: at: get_id_path (core/io/resource_uid.cpp:199)
:: ERROR: Unrecognized UID: "uid://b3vx8y2h1qm4p".
:: at: get_id_path (core/io/resource_uid.cpp:199)
:: ERROR: Unrecognized UID: "uid://b3vx8y2h1qm4p".
:: at: get_id_path (core/io/resource_uid.cpp:199)
:: ERROR: Unrecognized UID: "uid://b3vx8y2h1qm4p".
:: at: get_id_path (core/io/resource_uid.cpp:199)
:: ERROR: Unrecognized UID: "uid://b3vx8y2h1qm4p".
:: at: get_id_path (core/io/resource_uid.cpp:199)
:: ERROR: Unrecognized UID: "uid://b3vx8y2h1qm4p".
:: at: get_id_path (core/io/resource_uid.cpp:199)
:: ERROR: Unrecognized UID: "uid://b3vx8y2h1qm4p".
:: at: get_id_path (core/io/resource_uid.cpp:199)
:: ERROR: Unrecognized UID: "uid://b3vx8y2h1qm4p".
:: at: get_id_path (core/io/resource_uid.cpp:199)
:: ERROR: Unrecognized UID: "uid://b3vx8y2h1qm4p".
:: at: get_id_path (core/io/resource_uid.cpp:199)
:: ERROR: Unrecognized UID: "uid://b3vx8y2h1qm4p".
:: at: get_id_path (core/io/resource_uid.cpp:199)
:: ERROR: Unrecognized UID: "uid://b3vx8y2h1qm4p".
:: at: get_id_path (core/io/resource_uid.cpp:199)
:: ERROR: Unrecognized UID: "uid://b3vx8y2h1qm4p".
:: at: get_id_path (core/io/resource_uid.cpp:199)
:: ERROR: Unrecognized UID: "uid://b3vx8y2h1qm4p".
:: at: get_id_path (core/io/resource_uid.cpp:199)
:: ERROR: Unrecognized UID: "uid://b3vx8y2h1qm4p".
:: at: get_id_path (core/io/resource_uid.cpp:199)
:: ERROR: Unrecognized UID: "uid://b3vx8y2h1qm4p".
:: at: get_id_path (core/io/resource_uid.cpp:199)
:: ERROR: Unrecognized UID: "uid://b3vx8y2h1qm4p".
:: at: get_id_path (core/io/resource_uid.cpp:199)
:: ERROR: Unrecognized UID: "uid://b3vx8y2h1qm4p".
:: at: get_id_path (core/io/resource_uid.cpp:199)
:: ERROR: Unrecognized UID: "uid://b3vx8y2h1qm4p".
:: at: get_id_path (core/io/resource_uid.cpp:199)
:: ERROR: Unrecognized UID: "uid://b3vx8y2h1qm4p".
:: at: get_id_path (core/io/resource_uid.cpp:199)
:: ERROR: Unrecognized UID: "uid://b3vx8y2h1qm4p".
:: at: get_id_path (core/io/resource_uid.cpp:199)
:: ERROR: Unrecognized UID: "uid://b3vx8y2h1qm4p".
:: at: get_id_path (core/io/resource_uid.cpp:199)
:: ERROR: Unrecognized UID: "uid://b3vx8y2h1qm4p".
:: at: get_id_path (core/io/resource_uid.cpp:199)
:: ERROR: Unrecognized UID: "uid://b3vx8y2h1qm4p".
:: at: get_id_path (core/io/resource_uid.cpp:199)
:: ERROR: Unrecognized UID: "uid://b3vx8y2h1qm4p".
:: at: get_id_path (core/io/resource_uid.cpp:199)
:: ERROR: Unrecognized UID: "uid://b3vx8y2h1qm4p".
:: at: get_id_path (core/io/resource_uid.cpp:199)
:: ERROR: Unrecognized UID: "uid://b3vx8y2h1qm4p".
:: at: get_id_path (core/io/resource_uid.cpp:199)
:: ERROR: Unrecognized UID: "uid://b3vx8y2h1qm4p".
:: at: get_id_path (core/io/resource_uid.cpp:199)
:: ERROR: Unrecognized UID: "uid://b3vx8y2h1qm4p".
:: at: get_id_path (core/io/resource_uid.cpp:199)
:: ERROR: Unrecognized UID: "uid://b3vx8y2h1qm4p".
:: at: get_id_path (core/io/resource_uid.cpp:199)
:: ERROR: Unrecognized UID: "uid://b3vx8y2h1qm4p".
:: at: get_id_path (core/io/resource_uid.cpp:199)
:: ERROR: Unrecognized UID: "uid://b3vx8y2h1qm4p".
:: at: get_id_path (core/io/resource_uid.cpp:199)
:: ERROR: Unrecognized UID: "uid://b3vx8y2h1qm4p".
:: at: get_id_path (core/io/resource_uid.cpp:199)
:: ERROR: Unrecognized UID: "uid://b3vx8y2h1qm4p".
:: at: get_id_path (core/io/resource_uid.cpp:199)
:: ERROR: Unrecognized UID: "uid://b3vx8y2h1qm4p".
:: at: get_id_path (core/io/resource_uid.cpp:199)
:: ERROR: Unrecognized UID: "uid://b3vx8y2h1qm4p".
:: at: get_id_path (core/io/resource_uid.cpp:199)
:: ERROR: Unrecognized UID: "uid://b3vx8y2h1qm4p".
:: at: get_id_path (core/io/resource_uid.cpp:199)
:: ERROR: Unrecognized UID: "uid://b3vx8y2h1qm4p".
:: at: get_id_path (core/io/resource_uid.cpp:199)
:: ERROR: Unrecognized UID: "uid://b3vx8y2h1qm4p".
:: at: get_id_path (core/io/resource_uid.cpp:199)
:: ERROR: Unrecognized UID: "uid://b3vx8y2h1qm4p".
:: at: get_id_path (core/io/resource_uid.cpp:199)
:: ERROR: Unrecognized UID: "uid://b3vx8y2h1qm4p".
:: at: get_id_path (core/io/resource_uid.cpp:199)
:: ERROR: Unrecognized UID: "uid://b3vx8y2h1qm4p".
:: at: get_id_path (core/io/resource_uid.cpp:199)
:: ERROR: Unrecognized UID: "uid://b3vx8y2h1qm4p".
:: at: get_id_path (core/io/resource_uid.cpp:199)
:: ERROR: Unrecognized UID: "uid://b3vx8y2h1qm4p".
:: at: get_id_path (core/io/resource_uid.cpp:199)
:: ERROR: Unrecognized UID: "uid://b3vx8y2h1qm4p".
:: at: get_id_path (core/io/resource_uid.cpp:199)
:: ERROR: Unrecognized UID: "uid://b3vx8y2h1qm4p".
:: at: get_id_path (core/io/resource_uid.cpp:199)
:: ERROR: Unrecognized UID: "uid://b3vx8y2h1qm4p".
:: at: get_id_path (core/io/resource_uid.cpp:199)
:: ERROR: Unrecognized UID: "uid://b3vx8y2h1qm4p".
:: at: get_id_path (core/io/resource_uid.cpp:199)
:: ERROR: Unrecognized UID: "uid://b3vx8y2h1qm4p".
:: at: get_id_path (core/io/resource_uid.cpp:199)
:: ERROR: Unrecognized UID: "uid://b3vx8y2h1qm4p".
:: at: get_id_path (core/io/resource_uid.cpp:199)
:: ERROR: Unrecognized UID: "uid://b3vx8y2h1qm4p".
:: at: get_id_path (core/io/resource_uid.cpp:199)
:: ERROR: Unrecognized UID: "uid://b3vx8y2h1qm4p".
:: at: get_id_path (core/io/resource_uid.cpp:199)
:: ERROR: Unrecognized UID: "uid://b3vx8y2h1qm4p".
:: at: get_id_path (core/io/resource_uid.cpp:199)
:: ERROR: Unrecognized UID: "uid://b3vx8y2h1qm4p".
:: at: get_id_path (core/io/resource_uid.cpp:199)
:: ERROR: Unrecognized UID: "uid://b3vx8y2h1qm4p".
:: at: get_id_path (core/io/resource_uid.cpp:199)
:: ERROR: Unrecognized UID: "uid://b3vx8y2h1qm4p".
:: at: get_id_path (core/io/resource_uid.cpp:199)
:: ERROR: Unrecognized UID: "uid://b3vx8y2h1qm4p".
:: at: get_id_path (core/io/resource_uid.cpp:199)
:: ERROR: Unrecognized UID: "uid://b3vx8y2h1qm4p".
:: at: get_id_path (core/io/resource_uid.cpp:199)
:: ERROR: Unrecognized UID: "uid://b3vx8y2h1qm4p".
:: at: get_id_path (core/io/resource_uid.cpp:199)
:: ERROR: Unrecognized UID: "uid://b3vx8y2h1qm4p".
:: at: get_id_path (core/io/resource_uid.cpp:199)
:: ERROR: Unrecognized UID: "uid://b3vx8y2h1qm4p".
:: at: get_id_path (core/io/resource_uid.cpp:199)
:: ERROR: Unrecognized UID: "uid://b3vx8y2h1qm4p".
:: at: get_id_path (core/io/resource_uid.cpp:199)
:: ERROR: Unrecognized UID: "uid://b3vx8y2h1qm4p".
:: at: get_id_path (core/io/resource_uid.cpp:199)
:: ERROR: Unrecognized UID: "uid://b3vx8y2h1qm4p".
:: at: get_id_path (core/io/resource_uid.cpp:199)
:: ERROR: Unrecognized UID: "uid://b3vx8y2h1qm4p".
:: at: get_id_path (core/io/resource_uid.cpp:199)
:: ERROR: Unrecognized UID: "uid://b3vx8y2h1qm4p".
:: at: get_id_path (core/io/resource_uid.cpp:199)
:: ERROR: Unrecognized UID: "uid://b3vx8y2h1qm4p".
:: at: get_id_path (core/io/resource_uid.cpp:199)
:: ERROR: Unrecognized UID: "uid://b3vx8y2h1qm4p".
:: at: get_id_path (core/io/resource_uid.cpp:199)
:: ERROR: Unrecognized UID: "uid://b3vx8y2h1qm4p".
:: at: get_id_path (core/io/resource_uid.cpp:199)
:: ERROR: Unrecognized UID: "uid://b3vx8y2h1qm4p".
:: at: get_id_path (core/io/resource_uid.cpp:199)
:: ERROR: Unrecognized UID: "uid://b3vx8y2h1qm4p".
:: at: get_id_path (core/io/resource_uid.cpp:199)
:: ERROR: Unrecognized UID: "uid://b3vx8y2h1qm4p".
:: at: get_id_path (core/io/resource_uid.cpp:199)
:: ERROR: Unrecognized UID: "uid://b3vx8y2h1qm4p".
:: at: get_id_path (core/io/resource_uid.cpp:199)
:: ERROR: Unrecognized UID: "uid://b3vx8y2h1qm4p".
:: at: get_id_path (core/io/resource_uid.cpp:199)
:: ERROR: Unrecognized UID: "uid://b3vx8y2h1qm4p".
:: at: get_id_path (core/io/resource_uid.cpp:199)
.. [   0% ] \u001b[90m\u001b[1mloading_editor_layout\u001b[22m | Started Loading editor (5 steps)\u001b[39m\u001b[0m
.. [   0% ] \u001b[90m\u001b[1mloading_editor_layout\u001b[22m | Loading editor layout...\u001b[39m\u001b[0m
.. [  16% ] \u001b[90m\u001b[1mloading_editor_layout\u001b[22m | Loading docks...\u001b[39m\u001b[0m
:: ERROR: Unrecognized UID: "uid://b3vx8y2h1qm4p".
:: at: get_id_path (core/io/resource_uid.cpp:199)
:: ERROR: Unrecognized UID: "uid://b3vx8y2h1qm4p".
:: at: get_id_path (core/io/resource_uid.cpp:199)
:: ERROR: Unrecognized UID: "uid://b3vx8y2h1qm4p".
:: at: get_id_path (core/io/resource_uid.cpp:199)
:: ERROR: Unrecognized UID: "uid://b3vx8y2h1qm4p".
:: at: get_id_path (core/io/resource_uid.cpp:199)
:: ERROR: Unrecognized UID: "uid://b3vx8y2h1qm4p".
:: at: get_id_path (core/io/resource_uid.cpp:199)
:: ERROR: Unrecognized UID: "uid://b3vx8y2h1qm4p".
:: at: get_id_path (core/io/resource_uid.cpp:199)
:: ERROR: Unrecognized UID: "uid://b3vx8y2h1qm4p".
:: at: get_id_path (core/io/resource_uid.cpp:199)
:: ERROR: Unrecognized UID: "uid://b3vx8y2h1qm4p".
:: at: get_id_path (core/io/resource_uid.cpp:199)
:: ERROR: Unrecognized UID: "uid://b3vx8y2h1qm4p".
:: at: get_id_path (core/io/resource_uid.cpp:199)
:: ERROR: Unrecognized UID: "uid://b3vx8y2h1qm4p".
:: at: get_id_path (core/io/resource_uid.cpp:199)
:: ERROR: Unrecognized UID: "uid://b3vx8y2h1qm4p".
:: at: get_id_path (core/io/resource_uid.cpp:199)
:: ERROR: Unrecognized UID: "uid://b3vx8y2h1qm4p".
:: at: get_id_path (core/io/resource_uid.cpp:199)
:: ERROR: Unrecognized UID: "uid://b3vx8y2h1qm4p".
:: at: get_id_path (core/io/resource_uid.cpp:199)
:: ERROR: Unrecognized UID: "uid://b3vx8y2h1qm4p".
:: at: get_id_path (core/io/resource_uid.cpp:199)
:: ERROR: Unrecognized UID: "uid://b3vx8y2h1qm4p".
:: at: get_id_path (core/io/resource_uid.cpp:199)
:: ERROR: Unrecognized UID: "uid://b3vx8y2h1qm4p".
:: at: get_id_path (core/io/resource_uid.cpp:199)
:: ERROR: Unrecognized UID: "uid://b3vx8y2h1qm4p".
:: at: get_id_path (core/io/resource_uid.cpp:199)
:: ERROR: Unrecognized UID: "uid://b3vx8y2h1qm4p".
:: at: get_id_path (core/io/resource_uid.cpp:199)
:: ERROR: Unrecognized UID: "uid://b3vx8y2h1qm4p".
:: at: get_id_path (core/io/resource_uid.cpp:199)
:: ERROR: Unrecognized UID: "uid://b3vx8y2h1qm4p".
:: at: get_id_path (core/io/resource_uid.cpp:199)
:: ERROR: Unrecognized UID: "uid://b3vx8y2h1qm4p".
:: at: get_id_path (core/io/resource_uid.cpp:199)
:: ERROR: Unrecognized UID: "uid://b3vx8y2h1qm4p".
:: at: get_id_path (core/io/resource_uid.cpp:199)
:: ERROR: Unrecognized UID: "uid://b3vx8y2h1qm4p".
:: at: get_id_path (core/io/resource_uid.cpp:199)
:: ERROR: Unrecognized UID: "uid://b3vx8y2h1qm4p".
:: at: get_id_path (core/io/resource_uid.cpp:199)
:: ERROR: Unrecognized UID: "uid://b3vx8y2h1qm4p".
:: at: get_id_path (core/io/resource_uid.cpp:199)
:: ERROR: Unrecognized UID: "uid://b3vx8y2h1qm4p".
:: at: get_id_path (core/io/resource_uid.cpp:199)
:: ERROR: Unrecognized UID: "uid://b3vx8y2h1qm4p".
:: at: get_id_path (core/io/resource_uid.cpp:199)
:: ERROR: Unrecognized UID: "uid://b3vx8y2h1qm4p".
:: at: get_id_path (core/io/resource_uid.cpp:199)
:: ERROR: Unrecognized UID: "uid://b3vx8y2h1qm4p".
:: at: get_id_path (core/io/resource_uid.cpp:199)
:: ERROR: Unrecognized UID: "uid://b3vx8y2h1qm4p".
:: at: get_id_path (core/io/resource_uid.cpp:199)
:: ERROR: Unrecognized UID: "uid://b3vx8y2h1qm4p".
:: at: get_id_path (core/io/resource_uid.cpp:199)
:: ERROR: Unrecognized UID: "uid://b3vx8y2h1qm4p".
:: at: get_id_path (core/io/resource_uid.cpp:199)
:: ERROR: Unrecognized UID: "uid://b3vx8y2h1qm4p".
:: at: get_id_path (core/io/resource_uid.cpp:199)
:: ERROR: Unrecognized UID: "uid://b3vx8y2h1qm4p".
:: at: get_id_path (core/io/resource_uid.cpp:199)
:: ERROR: Unrecognized UID: "uid://b3vx8y2h1qm4p".
:: at: get_id_path (core/io/resource_uid.cpp:199)
:: ERROR: Unrecognized UID: "uid://b3vx8y2h1qm4p".
:: at: get_id_path (core/io/resource_uid.cpp:199)
:: ERROR: Unrecognized UID: "uid://b3vx8y2h1qm4p".
:: at: get_id_path (core/io/resource_uid.cpp:199)
:: ERROR: Unrecognized UID: "uid://b3vx8y2h1qm4p".
:: at: get_id_path (core/io/resource_uid.cpp:199)
:: ERROR: Unrecognized UID: "uid://b3vx8y2h1qm4p".
:: at: get_id_path (core/io/resource_uid.cpp:199)
:: ERROR: Unrecognized UID: "uid://b3vx8y2h1qm4p".
:: at: get_id_path (core/io/resource_uid.cpp:199)
:: ERROR: Unrecognized UID: "uid://b3vx8y2h1qm4p".
:: at: get_id_path (core/io/resource_uid.cpp:199)
:: ERROR: Unrecognized UID: "uid://b3vx8y2h1qm4p".
:: at: get_id_path (core/io/resource_uid.cpp:199)
:: ERROR: Unrecognized UID: "uid://b3vx8y2h1qm4p".
:: at: get_id_path (core/io/resource_uid.cpp:199)
:: ERROR: Unrecognized UID: "uid://b3vx8y2h1qm4p".
:: at: get_id_path (core/io/resource_uid.cpp:199)
:: ERROR: Unrecognized UID: "uid://b3vx8y2h1qm4p".
:: at: get_id_path (core/io/resource_uid.cpp:199)
:: ERROR: Unrecognized UID: "uid://b3vx8y2h1qm4p".
:: at: get_id_path (core/io/resource_uid.cpp:199)
:: ERROR: Unrecognized UID: "uid://b3vx8y2h1qm4p".
:: at: get_id_path (core/io/resource_uid.cpp:199)
:: ERROR: Unrecognized UID: "uid://b3vx8y2h1qm4p".
:: at: get_id_path (core/io/resource_uid.cpp:199)
:: ERROR: Unrecognized UID: "uid://b3vx8y2h1qm4p".
:: at: get_id_path (core/io/resource_uid.cpp:199)
:: ERROR: Unrecognized UID: "uid://b3vx8y2h1qm4p".
:: at: get_id_path (core/io/resource_uid.cpp:199)
:: ERROR: Unrecognized UID: "uid://b3vx8y2h1qm4p".
:: at: get_id_path (core/io/resource_uid.cpp:199)
:: ERROR: Unrecognized UID: "uid://b3vx8y2h1qm4p".
:: at: get_id_path (core/io/resource_uid.cpp:199)
:: ERROR: Unrecognized UID: "uid://b3vx8y2h1qm4p".
:: at: get_id_path (core/io/resource_uid.cpp:199)
:: ERROR: Unrecognized UID: "uid://b3vx8y2h1qm4p".
:: at: get_id_path (core/io/resource_uid.cpp:199)
:: ERROR: Unrecognized UID: "uid://b3vx8y2h1qm4p".
:: at: get_id_path (core/io/resource_uid.cpp:199)
:: ERROR: Unrecognized UID: "uid://b3vx8y2h1qm4p".
:: at: get_id_path (core/io/resource_uid.cpp:199)
:: ERROR: Unrecognized UID: "uid://b3vx8y2h1qm4p".
:: at: get_id_path (core/io/resource_uid.cpp:199)
:: ERROR: Unrecognized UID: "uid://b3vx8y2h1qm4p".
:: at: get_id_path (core/io/resource_uid.cpp:199)
:: ERROR: Unrecognized UID: "uid://b3vx8y2h1qm4p".
:: at: get_id_path (core/io/resource_uid.cpp:199)
:: ERROR: Unrecognized UID: "uid://b3vx8y2h1qm4p".
:: at: get_id_path (core/io/resource_uid.cpp:199)
:: ERROR: Unrecognized UID: "uid://b3vx8y2h1qm4p".
:: at: get_id_path (core/io/resource_uid.cpp:199)
:: ERROR: Unrecognized UID: "uid://b3vx8y2h1qm4p".
:: at: get_id_path (core/io/resource_uid.cpp:199)
:: ERROR: Unrecognized UID: "uid://b3vx8y2h1qm4p".
:: at: get_id_path (core/io/resource_uid.cpp:199)
:: ERROR: Unrecognized UID: "uid://b3vx8y2h1qm4p".
:: at: get_id_path (core/io/resource_uid.cpp:199)
:: ERROR: Unrecognized UID: "uid://b3vx8y2h1qm4p".
:: at: get_id_path (core/io/resource_uid.cpp:199)
:: ERROR: Unrecognized UID: "uid://b3vx8y2h1qm4p".
:: at: get_id_path (core/io/resource_uid.cpp:199)
:: ERROR: Unrecognized UID: "uid://b3vx8y2h1qm4p".
:: at: get_id_path (core/io/resource_uid.cpp:199)
:: ERROR: Unrecognized UID: "uid://b3vx8y2h1qm4p".
:: at: get_id_path (core/io/resource_uid.cpp:199)
:: ERROR: Unrecognized UID: "uid://b3vx8y2h1qm4p".
:: at: get_id_path (core/io/resource_uid.cpp:199)
:: ERROR: Unrecognized UID: "uid://b3vx8y2h1qm4p".
:: at: get_id_path (core/io/resource_uid.cpp:199)
:: ERROR: Unrecognized UID: "uid://b3vx8y2h1qm4p".
:: at: get_id_path (core/io/resource_uid.cpp:199)
:: ERROR: Unrecognized UID: "uid://b3vx8y2h1qm4p".
:: at: get_id_path (core/io/resource_uid.cpp:199)
:: ERROR: Unrecognized UID: "uid://b3vx8y2h1qm4p".
:: at: get_id_path (core/io/resource_uid.cpp:199)
:: ERROR: Unrecognized UID: "uid://b3vx8y2h1qm4p".
:: at: get_id_path (core/io/resource_uid.cpp:199)
:: ERROR: Unrecognized UID: "uid://b3vx8y2h1qm4p".
:: at: get_id_path (core/io/resource_uid.cpp:199)
:: ERROR: Unrecognized UID: "uid://b3vx8y2h1qm4p".
:: at: get_id_path (core/io/resource_uid.cpp:199)
:: ERROR: Unrecognized UID: "uid://b3vx8y2h1qm4p".
:: at: get_id_path (core/io/resource_uid.cpp:199)
:: ERROR: Unrecognized UID: "uid://b3vx8y2h1qm4p".
:: at: get_id_path (core/io/resource_uid.cpp:199)
:: ERROR: Unrecognized UID: "uid://b3vx8y2h1qm4p".
:: at: get_id_path (core/io/resource_uid.cpp:199)
:: ERROR: Unrecognized UID: "uid://b3vx8y2h1qm4p".
:: at: get_id_path (core/io/resource_uid.cpp:199)
:: ERROR: Unrecognized UID: "uid://b3vx8y2h1qm4p".
:: at: get_id_path (core/io/resource_uid.cpp:199)
:: ERROR: Unrecognized UID: "uid://b3vx8y2h1qm4p".
:: at: get_id_path (core/io/resource_uid.cpp:199)
:: ERROR: Unrecognized UID: "uid://b3vx8y2h1qm4p".
:: at: get_id_path (core/io/resource_uid.cpp:199)
:: ERROR: Unrecognized UID: "uid://b3vx8y2h1qm4p".
:: at: get_id_path (core/io/resource_uid.cpp:199)
:: ERROR: Unrecognized UID: "uid://b3vx8y2h1qm4p".
:: at: get_id_path (core/io/resource_uid.cpp:199)
:: ERROR: Unrecognized UID: "uid://b3vx8y2h1qm4p".
:: at: get_id_path (core/io/resource_uid.cpp:199)
:: ERROR: Unrecognized UID: "uid://b3vx8y2h1qm4p".
:: at: get_id_path (core/io/resource_uid.cpp:199)
:: ERROR: Unrecognized UID: "uid://b3vx8y2h1qm4p".
:: at: get_id_path (core/io/resource_uid.cpp:199)
:: ERROR: Unrecognized UID: "uid://b3vx8y2h1qm4p".
:: at: get_id_path (core/io/resource_uid.cpp:199)
:: ERROR: Unrecognized UID: "uid://b3vx8y2h1qm4p".
:: at: get_id_path (core/io/resource_uid.cpp:199)
:: ERROR: Unrecognized UID: "uid://b3vx8y2h1qm4p".
:: at: get_id_path (core/io/resource_uid.cpp:199)
:: ERROR: Unrecognized UID: "uid://b3vx8y2h1qm4p".
:: at: get_id_path (core/io/resource_uid.cpp:199)
:: ERROR: Unrecognized UID: "uid://b3vx8y2h1qm4p".
:: at: get_id_path (core/io/resource_uid.cpp:199)
:: ERROR: Unrecognized UID: "uid://b3vx8y2h1qm4p".
:: at: get_id_path (core/io/resource_uid.cpp:199)
:: ERROR: Unrecognized UID: "uid://b3vx8y2h1qm4p".
:: at: get_id_path (core/io/resource_uid.cpp:199)
:: ERROR: Unrecognized UID: "uid://b3vx8y2h1qm4p".
:: at: get_id_path (core/io/resource_uid.cpp:199)
:: ERROR: Unrecognized UID: "uid://b3vx8y2h1qm4p".
:: at: get_id_path (core/io/resource_uid.cpp:199)
:: ERROR: Unrecognized UID: "uid://b3vx8y2h1qm4p".
:: at: get_id_path (core/io/resource_uid.cpp:199)
:: ERROR: Unrecognized UID: "uid://b3vx8y2h1qm4p".
:: at: get_id_path (core/io/resource_uid.cpp:199)
:: ERROR: Unrecognized UID: "uid://b3vx8y2h1qm4p".
:: at: get_id_path (core/io/resource_uid.cpp:199)
:: ERROR: Unrecognized UID: "uid://b3vx8y2h1qm4p".
:: at: get_id_path (core/io/resource_uid.cpp:199)
:: ERROR: Unrecognized UID: "uid://b3vx8y2h1qm4p".
:: at: get_id_path (core/io/resource_uid.cpp:199)
:: ERROR: Unrecognized UID: "uid://b3vx8y2h1qm4p".
:: at: get_id_path (core/io/resource_uid.cpp:199)
:: ERROR: Unrecognized UID: "uid://b3vx8y2h1qm4p".
:: at: get_id_path (core/io/resource_uid.cpp:199)
:: ERROR: Unrecognized UID: "uid://b3vx8y2h1qm4p".
:: at: get_id_path (core/io/resource_uid.cpp:199)
:: ERROR: Unrecognized UID: "uid://b3vx8y2h1qm4p".
:: at: get_id_path (core/io/resource_uid.cpp:199)
:: ERROR: Unrecognized UID: "uid://b3vx8y2h1qm4p".
:: at: get_id_path (core/io/resource_uid.cpp:199)
:: ERROR: Unrecognized UID: "uid://b3vx8y2h1qm4p".
:: at: get_id_path (core/io/resource_uid.cpp:199)
:: ERROR: Unrecognized UID: "uid://b3vx8y2h1qm4p".
:: at: get_id_path (core/io/resource_uid.cpp:199)
:: ERROR: Unrecognized UID: "uid://b3vx8y2h1qm4p".
:: at: get_id_path (core/io/resource_uid.cpp:199)
:: ERROR: Unrecognized UID: "uid://b3vx8y2h1qm4p".
:: at: get_id_path (core/io/resource_uid.cpp:199)
:: ERROR: Unrecognized UID: "uid://b3vx8y2h1qm4p".
:: at: get_id_path (core/io/resource_uid.cpp:199)
:: ERROR: Unrecognized UID: "uid://b3vx8y2h1qm4p".
:: at: get_id_path (core/io/resource_uid.cpp:199)
:: ERROR: Unrecognized UID: "uid://b3vx8y2h1qm4p".
:: at: get_id_path (core/io/resource_uid.cpp:199)
:: ERROR: Unrecognized UID: "uid://b3vx8y2h1qm4p".
:: at: get_id_path (core/io/resource_uid.cpp:199)
:: ERROR: Unrecognized UID: "uid://b3vx8y2h1qm4p".
:: at: get_id_path (core/io/resource_uid.cpp:199)
:: ERROR: Unrecognized UID: "uid://b3vx8y2h1qm4p".
:: at: get_id_path (core/io/resource_uid.cpp:199)
:: ERROR: Unrecognized UID: "uid://b3vx8y2h1qm4p".
:: at: get_id_path (core/io/resource_uid.cpp:199)
:: ERROR: Unrecognized UID: "uid://b3vx8y2h1qm4p".
:: at: get_id_path (core/io/resource_uid.cpp:199)
:: ERROR: Unrecognized UID: "uid://b3vx8y2h1qm4p".
:: at: get_id_path (core/io/resource_uid.cpp:199)
:: ERROR: Unrecognized UID: "uid://b3vx8y2h1qm4p".
:: at: get_id_path (core/io/resource_uid.cpp:199)
:: ERROR: Unrecognized UID: "uid://b3vx8y2h1qm4p".
:: at: get_id_path (core/io/resource_uid.cpp:199)
:: ERROR: Unrecognized UID: "uid://b3vx8y2h1qm4p".
:: at: get_id_path (core/io/resource_uid.cpp:199)
:: ERROR: Unrecognized UID: "uid://b3vx8y2h1qm4p".
:: at: get_id_path (core/io/resource_uid.cpp:199)
:: ERROR: Unrecognized UID: "uid://b3vx8y2h1qm4p".
:: at: get_id_path (core/io/resource_uid.cpp:199)
:: ERROR: Unrecognized UID: "uid://b3vx8y2h1qm4p".
:: at: get_id_path (core/io/resource_uid.cpp:199)
:: ERROR: Unrecognized UID: "uid://b3vx8y2h1qm4p".
:: at: get_id_path (core/io/resource_uid.cpp:199)
:: ERROR: Unrecognized UID: "uid://b3vx8y2h1qm4p".
:: at: get_id_path (core/io/resource_uid.cpp:199)
:: ERROR: Unrecognized UID: "uid://b3vx8y2h1qm4p".
:: at: get_id_path (core/io/resource_uid.cpp:199)
:: ERROR: Unrecognized UID: "uid://b3vx8y2h1qm4p".
:: at: get_id_path (core/io/resource_uid.cpp:199)
:: ERROR: Unrecognized UID: "uid://b3vx8y2h1qm4p".
:: at: get_id_path (core/io/resource_uid.cpp:199)
:: ERROR: Unrecognized UID: "uid://b3vx8y2h1qm4p".
:: at: get_id_path (core/io/resource_uid.cpp:199)
:: ERROR: Unrecognized UID: "uid://b3vx8y2h1qm4p".
:: at: get_id_path (core/io/resource_uid.cpp:199)
:: ERROR: Unrecognized UID: "uid://b3vx8y2h1qm4p".
:: at: get_id_path (core/io/resource_uid.cpp:199)
:: ERROR: Unrecognized UID: "uid://b3vx8y2h1qm4p".
:: at: get_id_path (core/io/resource_uid.cpp:199)
:: ERROR: Unrecognized UID: "uid://b3vx8y2h1qm4p".
:: at: get_id_path (core/io/resource_uid.cpp:199)
:: ERROR: Unrecognized UID: "uid://b3vx8y2h1qm4p".
:: at: get_id_path (core/io/resource_uid.cpp:199)
:: ERROR: Unrecognized UID: "uid://b3vx8y2h1qm4p".
:: at: get_id_path (core/io/resource_uid.cpp:199)
:: ERROR: Unrecognized UID: "uid://b3vx8y2h1qm4p".
:: at: get_id_path (core/io/resource_uid.cpp:199)
:: ERROR: Unrecognized UID: "uid://b3vx8y2h1qm4p".
:: at: get_id_path (core/io/resource_uid.cpp:199)
:: ERROR: Unrecognized UID: "uid://b3vx8y2h1qm4p".
:: at: get_id_path (core/io/resource_uid.cpp:199)
:: ERROR: Unrecognized UID: "uid://b3vx8y2h1qm4p".
:: at: get_id_path (core/io/resource_uid.cpp:199)
:: ERROR: Unrecognized UID: "uid://b3vx8y2h1qm4p".
:: at: get_id_path (core/io/resource_uid.cpp:199)
:: ERROR: Unrecognized UID: "uid://b3vx8y2h1qm4p".
:: at: get_id_path (core/io/resource_uid.cpp:199)
:: ERROR: Unrecognized UID: "uid://b3vx8y2h1qm4p".
:: at: get_id_path (core/io/resource_uid.cpp:199)
:: ERROR: Unrecognized UID: "uid://b3vx8y2h1qm4p".
:: at: get_id_path (core/io/resource_uid.cpp:199)
:: ERROR: Unrecognized UID: "uid://b3vx8y2h1qm4p".
:: at: get_id_path (core/io/resource_uid.cpp:199)
:: ERROR: Unrecognized UID: "uid://b3vx8y2h1qm4p".
:: at: get_id_path (core/io/resource_uid.cpp:199)
:: ERROR: Unrecognized UID: "uid://b3vx8y2h1qm4p".
:: at: get_id_path (core/io/resource_uid.cpp:199)
:: ERROR: Unrecognized UID: "uid://b3vx8y2h1qm4p".
:: at: get_id_path (core/io/resource_uid.cpp:199)
:: ERROR: Unrecognized UID: "uid://b3vx8y2h1qm4p".
:: at: get_id_path (core/io/resource_uid.cpp:199)
:: ERROR: Unrecognized UID: "uid://b3vx8y2h1qm4p".
:: at: get_id_path (core/io/resource_uid.cpp:199)
:: ERROR: Unrecognized UID: "uid://b3vx8y2h1qm4p".
:: at: get_id_path (core/io/resource_uid.cpp:199)
:: ERROR: Unrecognized UID: "uid://b3vx8y2h1qm4p".
:: at: get_id_path (core/io/resource_uid.cpp:199)
:: ERROR: Unrecognized UID: "uid://b3vx8y2h1qm4p".
:: at: get_id_path (core/io/resource_uid.cpp:199)
:: ERROR: Unrecognized UID: "uid://b3vx8y2h1qm4p".
:: at: get_id_path (core/io/resource_uid.cpp:199)
:: ERROR: Unrecognized UID: "uid://b3vx8y2h1qm4p".
:: at: get_id_path (core/io/resource_uid.cpp:199)
:: ERROR: Unrecognized UID: "uid://b3vx8y2h1qm4p".
:: at: get_id_path (core/io/resource_uid.cpp:199)
:: ERROR: Unrecognized UID: "uid://b3vx8y2h1qm4p".
:: at: get_id_path (core/io/resource_uid.cpp:199)
:: ERROR: Unrecognized UID: "uid://b3vx8y2h1qm4p".
:: at: get_id_path (core/io/resource_uid.cpp:199)
:: ERROR: Unrecognized UID: "uid://b3vx8y2h1qm4p".
:: at: get_id_path (core/io/resource_uid.cpp:199)
:: ERROR: Unrecognized UID: "uid://b3vx8y2h1qm4p".
:: at: get_id_path (core/io/resource_uid.cpp:199)
:: ERROR: Unrecognized UID: "uid://b3vx8y2h1qm4p".
:: at: get_id_path (core/io/resource_uid.cpp:199)
:: ERROR: Unrecognized UID: "uid://b3vx8y2h1qm4p".
:: at: get_id_path (core/io/resource_uid.cpp:199)
:: ERROR: Unrecognized UID: "uid://b3vx8y2h1qm4p".
:: at: get_id_path (core/io/resource_uid.cpp:199)
:: ERROR: Unrecognized UID: "uid://b3vx8y2h1qm4p".
:: at: get_id_path (core/io/resource_uid.cpp:199)
:: ERROR: Unrecognized UID: "uid://b3vx8y2h1qm4p".
:: at: get_id_path (core/io/resource_uid.cpp:199)
:: ERROR: Unrecognized UID: "uid://b3vx8y2h1qm4p".
:: at: get_id_path (core/io/resource_uid.cpp:199)
:: ERROR: Unrecognized UID: "uid://b3vx8y2h1qm4p".
:: at: get_id_path (core/io/resource_uid.cpp:199)
:: ERROR: Unrecognized UID: "uid://b3vx8y2h1qm4p".
:: at: get_id_path (core/io/resource_uid.cpp:199)
:: ERROR: Unrecognized UID: "uid://b3vx8y2h1qm4p".
:: at: get_id_path (core/io/resource_uid.cpp:199)
:: ERROR: Unrecognized UID: "uid://b3vx8y2h1qm4p".
:: at: get_id_path (core/io/resource_uid.cpp:199)
:: ERROR: Unrecognized UID: "uid://b3vx8y2h1qm4p".
:: at: get_id_path (core/io/resource_uid.cpp:199)
:: ERROR: Unrecognized UID: "uid://b3vx8y2h1qm4p".
:: at: get_id_path (core/io/resource_uid.cpp:199)
:: ERROR: Unrecognized UID: "uid://b3vx8y2h1qm4p".
:: at: get_id_path (core/io/resource_uid.cpp:199)
:: ERROR: Unrecognized UID: "uid://b3vx8y2h1qm4p".
:: at: get_id_path (core/io/resource_uid.cpp:199)
:: ERROR: Unrecognized UID: "uid://b3vx8y2h1qm4p".
:: at: get_id_path (core/io/resource_uid.cpp:199)
:: ERROR: Unrecognized UID: "uid://b3vx8y2h1qm4p".
:: at: get_id_path (core/io/resource_uid.cpp:199)
:: ERROR: Unrecognized UID: "uid://b3vx8y2h1qm4p".
:: at: get_id_path (core/io/resource_uid.cpp:199)
:: ERROR: Unrecognized UID: "uid://b3vx8y2h1qm4p".
:: at: get_id_path (core/io/resource_uid.cpp:199)
:: ERROR: Unrecognized UID: "uid://b3vx8y2h1qm4p".
:: at: get_id_path (core/io/resource_uid.cpp:199)
:: ERROR: Unrecognized UID: "uid://b3vx8y2h1qm4p".
:: at: get_id_path (core/io/resource_uid.cpp:199)
:: ERROR: Unrecognized UID: "uid://b3vx8y2h1qm4p".
:: at: get_id_path (core/io/resource_uid.cpp:199)
:: ERROR: Unrecognized UID: "uid://b3vx8y2h1qm4p".
:: at: get_id_path (core/io/resource_uid.cpp:199)
:: ERROR: Unrecognized UID: "uid://b3vx8y2h1qm4p".
:: at: get_id_path (core/io/resource_uid.cpp:199)
:: ERROR: Unrecognized UID: "uid://b3vx8y2h1qm4p".
:: at: get_id_path (core/io/resource_uid.cpp:199)
:: ERROR: Unrecognized UID: "uid://b3vx8y2h1qm4p".
:: at: get_id_path (core/io/resource_uid.cpp:199)
:: ERROR: Unrecognized UID: "uid://b3vx8y2h1qm4p".
:: at: get_id_path (core/io/resource_uid.cpp:199)
:: ERROR: Unrecognized UID: "uid://b3vx8y2h1qm4p".
:: at: get_id_path (core/io/resource_uid.cpp:199)
:: ERROR: Unrecognized UID: "uid://b3vx8y2h1qm4p".
:: at: get_id_path (core/io/resource_uid.cpp:199)
:: ERROR: Unrecognized UID: "uid://b3vx8y2h1qm4p".
:: at: get_id_path (core/io/resource_uid.cpp:199)
:: ERROR: Unrecognized UID: "uid://b3vx8y2h1qm4p".
:: at: get_id_path (core/io/resource_uid.cpp:199)
:: ERROR: Unrecognized UID: "uid://b3vx8y2h1qm4p".
:: at: get_id_path (core/io/resource_uid.cpp:199)
:: ERROR: Unrecognized UID: "uid://b3vx8y2h1qm4p".
:: at: get_id_path (core/io/resource_uid.cpp:199)
:: ERROR: Unrecognized UID: "uid://b3vx8y2h1qm4p".
:: at: get_id_path (core/io/resource_uid.cpp:199)
:: ERROR: Unrecognized UID: "uid://b3vx8y2h1qm4p".
:: at: get_id_path (core/io/resource_uid.cpp:199)
:: ERROR: Unrecognized UID: "uid://b3vx8y2h1qm4p".
:: at: get_id_path (core/io/resource_uid.cpp:199)
:: ERROR: Unrecognized UID: "uid://b3vx8y2h1qm4p".
:: at: get_id_path (core/io/resource_uid.cpp:199)
:: ERROR: Unrecognized UID: "uid://b3vx8y2h1qm4p".
:: at: get_id_path (core/io/resource_uid.cpp:199)
:: ERROR: Unrecognized UID: "uid://b3vx8y2h1qm4p".
:: at: get_id_path (core/io/resource_uid.cpp:199)
:: ERROR: Unrecognized UID: "uid://b3vx8y2h1qm4p".
:: at: get_id_path (core/io/resource_uid.cpp:199)
:: ERROR: Unrecognized UID: "uid://b3vx8y2h1qm4p".
:: at: get_id_path (core/io/resource_uid.cpp:199)
:: ERROR: Unrecognized UID: "uid://b3vx8y2h1qm4p".
:: at: get_id_path (core/io/resource_uid.cpp:199)
:: ERROR: Unrecognized UID: "uid://b3vx8y2h1qm4p".
:: at: get_id_path (core/io/resource_uid.cpp:199)
:: ERROR: Unrecognized UID: "uid://b3vx8y2h1qm4p".
:: at: get_id_path (core/io/resource_uid.cpp:199)
:: ERROR: Unrecognized UID: "uid://b3vx8y2h1qm4p".
:: at: get_id_path (core/io/resource_uid.cpp:199)
:: ERROR: Unrecognized UID: "uid://b3vx8y2h1qm4p".
:: at: get_id_path (core/io/resource_uid.cpp:199)
:: ERROR: Unrecognized UID: "uid://b3vx8y2h1qm4p".
:: at: get_id_path (core/io/resource_uid.cpp:199)
:: ERROR: Unrecognized UID: "uid://b3vx8y2h1qm4p".
:: at: get_id_path (core/io/resource_uid.cpp:199)
:: ERROR: Unrecognized UID: "uid://b3vx8y2h1qm4p".
:: at: get_id_path (core/io/resource_uid.cpp:199)
:: ERROR: Unrecognized UID: "uid://b3vx8y2h1qm4p".
:: at: get_id_path (core/io/resource_uid.cpp:199)
:: ERROR: Unrecognized UID: "uid://b3vx8y2h1qm4p".
:: at: get_id_path (core/io/resource_uid.cpp:199)
:: ERROR: Unrecognized UID: "uid://b3vx8y2h1qm4p".
:: at: get_id_path (core/io/resource_uid.cpp:199)
:: ERROR: Unrecognized UID: "uid://b3vx8y2h1qm4p".
:: at: get_id_path (core/io/resource_uid.cpp:199)
:: ERROR: Unrecognized UID: "uid://b3vx8y2h1qm4p".
:: at: get_id_path (core/io/resource_uid.cpp:199)
:: ERROR: Unrecognized UID: "uid://b3vx8y2h1qm4p".
:: at: get_id_path (core/io/resource_uid.cpp:199)
:: ERROR: Unrecognized UID: "uid://b3vx8y2h1qm4p".
:: at: get_id_path (core/io/resource_uid.cpp:199)
:: ERROR: Unrecognized UID: "uid://b3vx8y2h1qm4p".
:: at: get_id_path (core/io/resource_uid.cpp:199)
:: ERROR: Unrecognized UID: "uid://b3vx8y2h1qm4p".
:: at: get_id_path (core/io/resource_uid.cpp:199)
:: ERROR: Unrecognized UID: "uid://b3vx8y2h1qm4p".
:: at: get_id_path (core/io/resource_uid.cpp:199)
:: ERROR: Unrecognized UID: "uid://b3vx8y2h1qm4p".
:: at: get_id_path (core/io/resource_uid.cpp:199)
:: ERROR: Unrecognized UID: "uid://b3vx8y2h1qm4p".
:: at: get_id_path (core/io/resource_uid.cpp:199)
:: ERROR: Unrecognized UID: "uid://b3vx8y2h1qm4p".
:: at: get_id_path (core/io/resource_uid.cpp:199)
:: ERROR: Unrecognized UID: "uid://b3vx8y2h1qm4p".
:: at: get_id_path (core/io/resource_uid.cpp:199)
:: ERROR: Unrecognized UID: "uid://b3vx8y2h1qm4p".
:: at: get_id_path (core/io/resource_uid.cpp:199)
:: ERROR: Unrecognized UID: "uid://b3vx8y2h1qm4p".
:: at: get_id_path (core/io/resource_uid.cpp:199)
:: ERROR: Unrecognized UID: "uid://b3vx8y2h1qm4p".
:: at: get_id_path (core/io/resource_uid.cpp:199)
:: ERROR: Unrecognized UID: "uid://b3vx8y2h1qm4p".
:: at: get_id_path (core/io/resource_uid.cpp:199)
:: ERROR: Unrecognized UID: "uid://b3vx8y2h1qm4p".
:: at: get_id_path (core/io/resource_uid.cpp:199)
:: ERROR: Unrecognized UID: "uid://b3vx8y2h1qm4p".
:: at: get_id_path (core/io/resource_uid.cpp:199)
:: ERROR: Unrecognized UID: "uid://b3vx8y2h1qm4p".
:: at: get_id_path (core/io/resource_uid.cpp:199)
:: ERROR: Unrecognized UID: "uid://b3vx8y2h1qm4p".
:: at: get_id_path (core/io/resource_uid.cpp:199)
:: ERROR: Unrecognized UID: "uid://b3vx8y2h1qm4p".
:: at: get_id_path (core/io/resource_uid.cpp:199)
:: ERROR: Unrecognized UID: "uid://b3vx8y2h1qm4p".
:: at: get_id_path (core/io/resource_uid.cpp:199)
:: ERROR: Unrecognized UID: "uid://b3vx8y2h1qm4p".
:: at: get_id_path (core/io/resource_uid.cpp:199)
:: ERROR: Unrecognized UID: "uid://b3vx8y2h1qm4p".
:: at: get_id_path (core/io/resource_uid.cpp:199)
:: ERROR: Unrecognized UID: "uid://b3vx8y2h1qm4p".
:: at: get_id_path (core/io/resource_uid.cpp:199)
:: ERROR: Unrecognized UID: "uid://b3vx8y2h1qm4p".
:: at: get_id_path (core/io/resource_uid.cpp:199)
:: ERROR: Unrecognized UID: "uid://b3vx8y2h1qm4p".
:: at: get_id_path (core/io/resource_uid.cpp:199)
:: ERROR: Unrecognized UID: "uid://b3vx8y2h1qm4p".
:: at: get_id_path (core/io/resource_uid.cpp:199)
:: ERROR: Unrecognized UID: "uid://b3vx8y2h1qm4p".
:: at: get_id_path (core/io/resource_uid.cpp:199)
:: ERROR: Unrecognized UID: "uid://b3vx8y2h1qm4p".
:: at: get_id_path (core/io/resource_uid.cpp:199)
:: ERROR: Unrecognized UID: "uid://b3vx8y2h1qm4p".
:: at: get_id_path (core/io/resource_uid.cpp:199)
:: ERROR: Unrecognized UID: "uid://b3vx8y2h1qm4p".
:: at: get_id_path (core/io/resource_uid.cpp:199)
:: ERROR: Unrecognized UID: "uid://b3vx8y2h1qm4p".
:: at: get_id_path (core/io/resource_uid.cpp:199)
:: ERROR: Unrecognized UID: "uid://b3vx8y2h1qm4p".
:: at: get_id_path (core/io/resource_uid.cpp:199)
:: ERROR: Unrecognized UID: "uid://b3vx8y2h1qm4p".
:: at: get_id_path (core/io/resource_uid.cpp:199)
:: ERROR: Unrecognized UID: "uid://b3vx8y2h1qm4p".
:: at: get_id_path (core/io/resource_uid.cpp:199)
:: ERROR: Unrecognized UID: "uid://b3vx8y2h1qm4p".
:: at: get_id_path (core/io/resource_uid.cpp:199)
:: ERROR: Unrecognized UID: "uid://b3vx8y2h1qm4p".
:: at: get_id_path (core/io/resource_uid.cpp:199)
:: ERROR: Unrecognized UID: "uid://b3vx8y2h1qm4p".
:: at: get_id_path (core/io/resource_uid.cpp:199)
:: ERROR: Unrecognized UID: "uid://b3vx8y2h1qm4p".
:: at: get_id_path (core/io/resource_uid.cpp:199)
:: ERROR: Unrecognized UID: "uid://b3vx8y2h1qm4p".
:: at: get_id_path (core/io/resource_uid.cpp:199)
:: ERROR: Unrecognized UID: "uid://b3vx8y2h1qm4p".
:: at: get_id_path (core/io/resource_uid.cpp:199)
:: ERROR: Unrecognized UID: "uid://b3vx8y2h1qm4p".
:: at: get_id_path (core/io/resource_uid.cpp:199)
:: ERROR: Unrecognized UID: "uid://b3vx8y2h1qm4p".
:: at: get_id_path (core/io/resource_uid.cpp:199)
:: ERROR: Unrecognized UID: "uid://b3vx8y2h1qm4p".
:: at: get_id_path (core/io/resource_uid.cpp:199)
:: ERROR: Unrecognized UID: "uid://b3vx8y2h1qm4p".
:: at: get_id_path (core/io/resource_uid.cpp:199)
:: ERROR: Unrecognized UID: "uid://b3vx8y2h1qm4p".
:: at: get_id_path (core/io/resource_uid.cpp:199)
:: ERROR: Unrecognized UID: "uid://b3vx8y2h1qm4p".
:: at: get_id_path (core/io/resource_uid.cpp:199)
:: ERROR: Unrecognized UID: "uid://b3vx8y2h1qm4p".
:: at: get_id_path (core/io/resource_uid.cpp:199)
:: ERROR: Unrecognized UID: "uid://b3vx8y2h1qm4p".
:: at: get_id_path (core/io/resource_uid.cpp:199)
:: ERROR: Unrecognized UID: "uid://b3vx8y2h1qm4p".
:: at: get_id_path (core/io/resource_uid.cpp:199)
:: ERROR: Unrecognized UID: "uid://b3vx8y2h1qm4p".
:: at: get_id_path (core/io/resource_uid.cpp:199)
:: ERROR: Unrecognized UID: "uid://b3vx8y2h1qm4p".
:: at: get_id_path (core/io/resource_uid.cpp:199)
:: ERROR: Unrecognized UID: "uid://b3vx8y2h1qm4p".
:: at: get_id_path (core/io/resource_uid.cpp:199)
:: ERROR: Unrecognized UID: "uid://b3vx8y2h1qm4p".
:: at: get_id_path (core/io/resource_uid.cpp:199)
:: ERROR: Unrecognized UID: "uid://b3vx8y2h1qm4p".
:: at: get_id_path (core/io/resource_uid.cpp:199)
:: ERROR: Unrecognized UID: "uid://b3vx8y2h1qm4p".
:: at: get_id_path (core/io/resource_uid.cpp:199)
:: ERROR: Unrecognized UID: "uid://b3vx8y2h1qm4p".
:: at: get_id_path (core/io/resource_uid.cpp:199)
:: ERROR: Unrecognized UID: "uid://b3vx8y2h1qm4p".
:: at: get_id_path (core/io/resource_uid.cpp:199)
:: ERROR: Unrecognized UID: "uid://b3vx8y2h1qm4p".
:: at: get_id_path (core/io/resource_uid.cpp:199)
:: ERROR: Unrecognized UID: "uid://b3vx8y2h1qm4p".
:: at: get_id_path (core/io/resource_uid.cpp:199)
:: ERROR: Unrecognized UID: "uid://b3vx8y2h1qm4p".
:: at: get_id_path (core/io/resource_uid.cpp:199)
:: ERROR: Unrecognized UID: "uid://b3vx8y2h1qm4p".
:: at: get_id_path (core/io/resource_uid.cpp:199)
:: ERROR: Unrecognized UID: "uid://b3vx8y2h1qm4p".
:: at: get_id_path (core/io/resource_uid.cpp:199)
:: ERROR: Unrecognized UID: "uid://b3vx8y2h1qm4p".
:: at: get_id_path (core/io/resource_uid.cpp:199)
:: ERROR: Unrecognized UID: "uid://b3vx8y2h1qm4p".
:: at: get_id_path (core/io/resource_uid.cpp:199)
:: ERROR: Unrecognized UID: "uid://b3vx8y2h1qm4p".
:: at: get_id_path (core/io/resource_uid.cpp:199)
:: ERROR: Unrecognized UID: "uid://b3vx8y2h1qm4p".
:: at: get_id_path (core/io/resource_uid.cpp:199)
:: ERROR: Unrecognized UID: "uid://b3vx8y2h1qm4p".
:: at: get_id_path (core/io/resource_uid.cpp:199)
:: ERROR: Unrecognized UID: "uid://b3vx8y2h1qm4p".
:: at: get_id_path (core/io/resource_uid.cpp:199)
:: ERROR: Unrecognized UID: "uid://b3vx8y2h1qm4p".
:: at: get_id_path (core/io/resource_uid.cpp:199)
:: ERROR: Unrecognized UID: "uid://b3vx8y2h1qm4p".
:: at: get_id_path (core/io/resource_uid.cpp:199)
:: ERROR: Unrecognized UID: "uid://b3vx8y2h1qm4p".
:: at: get_id_path (core/io/resource_uid.cpp:199)
:: ERROR: Unrecognized UID: "uid://b3vx8y2h1qm4p".
:: at: get_id_path (core/io/resource_uid.cpp:199)
:: ERROR: Unrecognized UID: "uid://b3vx8y2h1qm4p".
:: at: get_id_path (core/io/resource_uid.cpp:199)
:: ERROR: Unrecognized UID: "uid://b3vx8y2h1qm4p".
:: at: get_id_path (core/io/resource_uid.cpp:199)
:: ERROR: Unrecognized UID: "uid://b3vx8y2h1qm4p".
:: at: get_id_path (core/io/resource_uid.cpp:199)
:: ERROR: Unrecognized UID: "uid://b3vx8y2h1qm4p".
:: at: get_id_path (core/io/resource_uid.cpp:199)
:: ERROR: Unrecognized UID: "uid://b3vx8y2h1qm4p".
:: at: get_id_path (core/io/resource_uid.cpp:199)
:: ERROR: Unrecognized UID: "uid://b3vx8y2h1qm4p".
:: at: get_id_path (core/io/resource_uid.cpp:199)
:: ERROR: Unrecognized UID: "uid://b3vx8y2h1qm4p".
:: at: get_id_path (core/io/resource_uid.cpp:199)
:: ERROR: Unrecognized UID: "uid://b3vx8y2h1qm4p".
:: at: get_id_path (core/io/resource_uid.cpp:199)
:: ERROR: Unrecognized UID: "uid://b3vx8y2h1qm4p".
:: at: get_id_path (core/io/resource_uid.cpp:199)
:: ERROR: Unrecognized UID: "uid://b3vx8y2h1qm4p".
:: at: get_id_path (core/io/resource_uid.cpp:199)
:: ERROR: Unrecognized UID: "uid://b3vx8y2h1qm4p".
:: at: get_id_path (core/io/resource_uid.cpp:199)
:: ERROR: Unrecognized UID: "uid://b3vx8y2h1qm4p".
:: at: get_id_path (core/io/resource_uid.cpp:199)
:: ERROR: Unrecognized UID: "uid://b3vx8y2h1qm4p".
:: at: get_id_path (core/io/resource_uid.cpp:199)
:: ERROR: Unrecognized UID: "uid://b3vx8y2h1qm4p".
:: at: get_id_path (core/io/resource_uid.cpp:199)
:: ERROR: Unrecognized UID: "uid://b3vx8y2h1qm4p".
:: at: get_id_path (core/io/resource_uid.cpp:199)
:: ERROR: Unrecognized UID: "uid://b3vx8y2h1qm4p".
:: at: get_id_path (core/io/resource_uid.cpp:199)
:: ERROR: Unrecognized UID: "uid://b3vx8y2h1qm4p".
:: at: get_id_path (core/io/resource_uid.cpp:199)
:: ERROR: Unrecognized UID: "uid://b3vx8y2h1qm4p".
:: at: get_id_path (core/io/resource_uid.cpp:199)
:: ERROR: Unrecognized UID: "uid://b3vx8y2h1qm4p".
:: at: get_id_path (core/io/resource_uid.cpp:199)
:: ERROR: Unrecognized UID: "uid://b3vx8y2h1qm4p".
:: at: get_id_path (core/io/resource_uid.cpp:199)
:: ERROR: Unrecognized UID: "uid://b3vx8y2h1qm4p".
:: at: get_id_path (core/io/resource_uid.cpp:199)
:: ERROR: Unrecognized UID: "uid://b3vx8y2h1qm4p".
:: at: get_id_path (core/io/resource_uid.cpp:199)
:: ERROR: Unrecognized UID: "uid://b3vx8y2h1qm4p".
:: at: get_id_path (core/io/resource_uid.cpp:199)
:: ERROR: Unrecognized UID: "uid://b3vx8y2h1qm4p".
:: at: get_id_path (core/io/resource_uid.cpp:199)
:: ERROR: Unrecognized UID: "uid://b3vx8y2h1qm4p".
:: at: get_id_path (core/io/resource_uid.cpp:199)
:: ERROR: Unrecognized UID: "uid://b3vx8y2h1qm4p".
:: at: get_id_path (core/io/resource_uid.cpp:199)
:: ERROR: Unrecognized UID: "uid://b3vx8y2h1qm4p".
:: at: get_id_path (core/io/resource_uid.cpp:199)
:: ERROR: Unrecognized UID: "uid://b3vx8y2h1qm4p".
:: at: get_id_path (core/io/resource_uid.cpp:199)
:: ERROR: Unrecognized UID: "uid://b3vx8y2h1qm4p".
:: at: get_id_path (core/io/resource_uid.cpp:199)
:: ERROR: Unrecognized UID: "uid://b3vx8y2h1qm4p".
:: at: get_id_path (core/io/resource_uid.cpp:199)
:: ERROR: Unrecognized UID: "uid://b3vx8y2h1qm4p".
:: at: get_id_path (core/io/resource_uid.cpp:199)
:: ERROR: Unrecognized UID: "uid://b3vx8y2h1qm4p".
:: at: get_id_path (core/io/resource_uid.cpp:199)
:: ERROR: Unrecognized UID: "uid://b3vx8y2h1qm4p".
:: at: get_id_path (core/io/resource_uid.cpp:199)
:: ERROR: Unrecognized UID: "uid://b3vx8y2h1qm4p".
:: at: get_id_path (core/io/resource_uid.cpp:199)
:: ERROR: Unrecognized UID: "uid://b3vx8y2h1qm4p".
:: at: get_id_path (core/io/resource_uid.cpp:199)
:: ERROR: Unrecognized UID: "uid://b3vx8y2h1qm4p".
:: at: get_id_path (core/io/resource_uid.cpp:199)
:: ERROR: Unrecognized UID: "uid://b3vx8y2h1qm4p".
:: at: get_id_path (core/io/resource_uid.cpp:199)
:: ERROR: Unrecognized UID: "uid://b3vx8y2h1qm4p".
:: at: get_id_path (core/io/resource_uid.cpp:199)
:: ERROR: Unrecognized UID: "uid://b3vx8y2h1qm4p".
:: at: get_id_path (core/io/resource_uid.cpp:199)
:: ERROR: Unrecognized UID: "uid://b3vx8y2h1qm4p".
:: at: get_id_path (core/io/resource_uid.cpp:199)
:: ERROR: Unrecognized UID: "uid://b3vx8y2h1qm4p".
:: at: get_id_path (core/io/resource_uid.cpp:199)
:: ERROR: Unrecognized UID: "uid://b3vx8y2h1qm4p".
:: at: get_id_path (core/io/resource_uid.cpp:199)
:: ERROR: Unrecognized UID: "uid://b3vx8y2h1qm4p".
:: at: get_id_path (core/io/resource_uid.cpp:199)
:: ERROR: Unrecognized UID: "uid://b3vx8y2h1qm4p".
:: at: get_id_path (core/io/resource_uid.cpp:199)
:: ERROR: Unrecognized UID: "uid://b3vx8y2h1qm4p".
:: at: get_id_path (core/io/resource_uid.cpp:199)
:: ERROR: Unrecognized UID: "uid://b3vx8y2h1qm4p".
:: at: get_id_path (core/io/resource_uid.cpp:199)
:: ERROR: Unrecognized UID: "uid://b3vx8y2h1qm4p".
:: at: get_id_path (core/io/resource_uid.cpp:199)
:: ERROR: Unrecognized UID: "uid://b3vx8y2h1qm4p".
:: at: get_id_path (core/io/resource_uid.cpp:199)
:: ERROR: Unrecognized UID: "uid://b3vx8y2h1qm4p".
:: at: get_id_path (core/io/resource_uid.cpp:199)
:: ERROR: Unrecognized UID: "uid://b3vx8y2h1qm4p".
:: at: get_id_path (core/io/resource_uid.cpp:199)
:: ERROR: Unrecognized UID: "uid://b3vx8y2h1qm4p".
:: at: get_id_path (core/io/resource_uid.cpp:199)
:: ERROR: Unrecognized UID: "uid://b3vx8y2h1qm4p".
:: at: get_id_path (core/io/resource_uid.cpp:199)
:: ERROR: Unrecognized UID: "uid://b3vx8y2h1qm4p".
:: at: get_id_path (core/io/resource_uid.cpp:199)
:: ERROR: Unrecognized UID: "uid://b3vx8y2h1qm4p".
:: at: get_id_path (core/io/resource_uid.cpp:199)
:: ERROR: Unrecognized UID: "uid://b3vx8y2h1qm4p".
:: at: get_id_path (core/io/resource_uid.cpp:199)
:: ERROR: Unrecognized UID: "uid://b3vx8y2h1qm4p".
:: at: get_id_path (core/io/resource_uid.cpp:199)
:: ERROR: Unrecognized UID: "uid://b3vx8y2h1qm4p".
:: at: get_id_path (core/io/resource_uid.cpp:199)
:: ERROR: Unrecognized UID: "uid://b3vx8y2h1qm4p".
:: at: get_id_path (core/io/resource_uid.cpp:199)
:: ERROR: Unrecognized UID: "uid://b3vx8y2h1qm4p".
:: at: get_id_path (core/io/resource_uid.cpp:199)
:: ERROR: Unrecognized UID: "uid://b3vx8y2h1qm4p".
:: at: get_id_path (core/io/resource_uid.cpp:199)
:: ERROR: Unrecognized UID: "uid://b3vx8y2h1qm4p".
:: at: get_id_path (core/io/resource_uid.cpp:199)
:: ERROR: Unrecognized UID: "uid://b3vx8y2h1qm4p".
:: at: get_id_path (core/io/resource_uid.cpp:199)
:: ERROR: Unrecognized UID: "uid://b3vx8y2h1qm4p".
:: at: get_id_path (core/io/resource_uid.cpp:199)
:: ERROR: Unrecognized UID: "uid://b3vx8y2h1qm4p".
:: at: get_id_path (core/io/resource_uid.cpp:199)
:: ERROR: Unrecognized UID: "uid://b3vx8y2h1qm4p".
:: at: get_id_path (core/io/resource_uid.cpp:199)
:: ERROR: Unrecognized UID: "uid://b3vx8y2h1qm4p".
:: at: get_id_path (core/io/resource_uid.cpp:199)
:: ERROR: Unrecognized UID: "uid://b3vx8y2h1qm4p".
:: at: get_id_path (core/io/resource_uid.cpp:199)
:: ERROR: Unrecognized UID: "uid://b3vx8y2h1qm4p".
:: at: get_id_path (core/io/resource_uid.cpp:199)
:: ERROR: Unrecognized UID: "uid://b3vx8y2h1qm4p".
:: at: get_id_path (core/io/resource_uid.cpp:199)
:: ERROR: Unrecognized UID: "uid://b3vx8y2h1qm4p".
:: at: get_id_path (core/io/resource_uid.cpp:199)
:: ERROR: Unrecognized UID: "uid://b3vx8y2h1qm4p".
:: at: get_id_path (core/io/resource_uid.cpp:199)
:: ERROR: Unrecognized UID: "uid://b3vx8y2h1qm4p".
:: at: get_id_path (core/io/resource_uid.cpp:199)
:: ERROR: Unrecognized UID: "uid://b3vx8y2h1qm4p".
:: at: get_id_path (core/io/resource_uid.cpp:199)
:: ERROR: Unrecognized UID: "uid://b3vx8y2h1qm4p".
:: at: get_id_path (core/io/resource_uid.cpp:199)
:: ERROR: Unrecognized UID: "uid://b3vx8y2h1qm4p".
:: at: get_id_path (core/io/resource_uid.cpp:199)
:: ERROR: Unrecognized UID: "uid://b3vx8y2h1qm4p".
:: at: get_id_path (core/io/resource_uid.cpp:199)
:: ERROR: Unrecognized UID: "uid://b3vx8y2h1qm4p".
:: at: get_id_path (core/io/resource_uid.cpp:199)
:: ERROR: Unrecognized UID: "uid://b3vx8y2h1qm4p".
:: at: get_id_path (core/io/resource_uid.cpp:199)
:: ERROR: Unrecognized UID: "uid://b3vx8y2h1qm4p".
:: at: get_id_path (core/io/resource_uid.cpp:199)
:: ERROR: Unrecognized UID: "uid://b3vx8y2h1qm4p".
:: at: get_id_path (core/io/resource_uid.cpp:199)
:: ERROR: Unrecognized UID: "uid://b3vx8y2h1qm4p".
:: at: get_id_path (core/io/resource_uid.cpp:199)
:: ERROR: Unrecognized UID: "uid://b3vx8y2h1qm4p".
:: at: get_id_path (core/io/resource_uid.cpp:199)
:: ERROR: Unrecognized UID: "uid://b3vx8y2h1qm4p".
:: at: get_id_path (core/io/resource_uid.cpp:199)
:: ERROR: Unrecognized UID: "uid://b3vx8y2h1qm4p".
:: at: get_id_path (core/io/resource_uid.cpp:199)
:: ERROR: Unrecognized UID: "uid://b3vx8y2h1qm4p".
:: at: get_id_path (core/io/resource_uid.cpp:199)
:: ERROR: Unrecognized UID: "uid://b3vx8y2h1qm4p".
:: at: get_id_path (core/io/resource_uid.cpp:199)
:: ERROR: Unrecognized UID: "uid://b3vx8y2h1qm4p".
:: at: get_id_path (core/io/resource_uid.cpp:199)
:: ERROR: Unrecognized UID: "uid://b3vx8y2h1qm4p".
:: at: get_id_path (core/io/resource_uid.cpp:199)
:: ERROR: Unrecognized UID: "uid://b3vx8y2h1qm4p".
:: at: get_id_path (core/io/resource_uid.cpp:199)
:: ERROR: Unrecognized UID: "uid://b3vx8y2h1qm4p".
:: at: get_id_path (core/io/resource_uid.cpp:199)
:: ERROR: Unrecognized UID: "uid://b3vx8y2h1qm4p".
:: at: get_id_path (core/io/resource_uid.cpp:199)
:: ERROR: Unrecognized UID: "uid://b3vx8y2h1qm4p".
:: at: get_id_path (core/io/resource_uid.cpp:199)
:: ERROR: Unrecognized UID: "uid://b3vx8y2h1qm4p".
:: at: get_id_path (core/io/resource_uid.cpp:199)
:: ERROR: Unrecognized UID: "uid://b3vx8y2h1qm4p".
:: at: get_id_path (core/io/resource_uid.cpp:199)
:: ERROR: Unrecognized UID: "uid://b3vx8y2h1qm4p".
:: at: get_id_path (core/io/resource_uid.cpp:199)
:: ERROR: Unrecognized UID: "uid://b3vx8y2h1qm4p".
:: at: get_id_path (core/io/resource_uid.cpp:199)
:: ERROR: Unrecognized UID: "uid://b3vx8y2h1qm4p".
:: at: get_id_path (core/io/resource_uid.cpp:199)
:: ERROR: Unrecognized UID: "uid://b3vx8y2h1qm4p".
:: at: get_id_path (core/io/resource_uid.cpp:199)
:: ERROR: Unrecognized UID: "uid://b3vx8y2h1qm4p".
:: at: get_id_path (core/io/resource_uid.cpp:199)
:: ERROR: Unrecognized UID: "uid://b3vx8y2h1qm4p".
:: at: get_id_path (core/io/resource_uid.cpp:199)
:: ERROR: Unrecognized UID: "uid://b3vx8y2h1qm4p".
:: at: get_id_path (core/io/resource_uid.cpp:199)
:: ERROR: Unrecognized UID: "uid://b3vx8y2h1qm4p".
:: at: get_id_path (core/io/resource_uid.cpp:199)
:: ERROR: Unrecognized UID: "uid://b3vx8y2h1qm4p".
:: at: get_id_path (core/io/resource_uid.cpp:199)
:: ERROR: Unrecognized UID: "uid://b3vx8y2h1qm4p".
:: at: get_id_path (core/io/resource_uid.cpp:199)
:: ERROR: Unrecognized UID: "uid://b3vx8y2h1qm4p".
:: at: get_id_path (core/io/resource_uid.cpp:199)
:: ERROR: Unrecognized UID: "uid://b3vx8y2h1qm4p".
:: at: get_id_path (core/io/resource_uid.cpp:199)
:: ERROR: Unrecognized UID: "uid://b3vx8y2h1qm4p".
:: at: get_id_path (core/io/resource_uid.cpp:199)
:: ERROR: Unrecognized UID: "uid://b3vx8y2h1qm4p".
:: at: get_id_path (core/io/resource_uid.cpp:199)
:: ERROR: Unrecognized UID: "uid://b3vx8y2h1qm4p".
:: at: get_id_path (core/io/resource_uid.cpp:199)
:: ERROR: Unrecognized UID: "uid://b3vx8y2h1qm4p".
:: at: get_id_path (core/io/resource_uid.cpp:199)
:: ERROR: Unrecognized UID: "uid://b3vx8y2h1qm4p".
:: at: get_id_path (core/io/resource_uid.cpp:199)
:: ERROR: Unrecognized UID: "uid://b3vx8y2h1qm4p".
:: at: get_id_path (core/io/resource_uid.cpp:199)
:: ERROR: Unrecognized UID: "uid://b3vx8y2h1qm4p".
:: at: get_id_path (core/io/resource_uid.cpp:199)
:: ERROR: Unrecognized UID: "uid://b3vx8y2h1qm4p".
:: at: get_id_path (core/io/resource_uid.cpp:199)
:: ERROR: Unrecognized UID: "uid://b3vx8y2h1qm4p".
:: at: get_id_path (core/io/resource_uid.cpp:199)
:: ERROR: Unrecognized UID: "uid://b3vx8y2h1qm4p".
:: at: get_id_path (core/io/resource_uid.cpp:199)
:: ERROR: Unrecognized UID: "uid://b3vx8y2h1qm4p".
:: at: get_id_path (core/io/resource_uid.cpp:199)
:: ERROR: Unrecognized UID: "uid://b3vx8y2h1qm4p".
:: at: get_id_path (core/io/resource_uid.cpp:199)
:: ERROR: Unrecognized UID: "uid://b3vx8y2h1qm4p".
:: at: get_id_path (core/io/resource_uid.cpp:199)
:: ERROR: Unrecognized UID: "uid://b3vx8y2h1qm4p".
:: at: get_id_path (core/io/resource_uid.cpp:199)
:: ERROR: Unrecognized UID: "uid://b3vx8y2h1qm4p".
:: at: get_id_path (core/io/resource_uid.cpp:199)
:: ERROR: Unrecognized UID: "uid://b3vx8y2h1qm4p".
:: at: get_id_path (core/io/resource_uid.cpp:199)
:: ERROR: Unrecognized UID: "uid://b3vx8y2h1qm4p".
:: at: get_id_path (core/io/resource_uid.cpp:199)
:: ERROR: Unrecognized UID: "uid://b3vx8y2h1qm4p".
:: at: get_id_path (core/io/resource_uid.cpp:199)
:: ERROR: Unrecognized UID: "uid://b3vx8y2h1qm4p".
:: at: get_id_path (core/io/resource_uid.cpp:199)
:: ERROR: Unrecognized UID: "uid://b3vx8y2h1qm4p".
:: at: get_id_path (core/io/resource_uid.cpp:199)
:: ERROR: Unrecognized UID: "uid://b3vx8y2h1qm4p".
:: at: get_id_path (core/io/resource_uid.cpp:199)
.. [  33% ] \u001b[90m\u001b[1mloading_editor_layout\u001b[22m | Reopening scenes...\u001b[39m\u001b[0m
.. [  50% ] \u001b[90m\u001b[1mloading_editor_layout\u001b[22m | Loading central editor layout...\u001b[39m\u001b[0m
.. [  66% ] \u001b[90m\u001b[1mloading_editor_layout\u001b[22m | Loading plugin window layout...\u001b[39m\u001b[0m
.. [  83% ] \u001b[90m\u001b[1mloading_editor_layout\u001b[22m | Editor layout ready.\u001b[39m\u001b[0m
.. \u001b[92m[ DONE ]\u001b[39m \u001b[1mloading_editor_layout\u001b[22m
.. \u001b[0m
.. Loading resource: res://source/frontend/ui/menus/main_menu.tscn
:: ERROR: Cannot open file 'res://source/frontend/ui/menus/main_menu.tscn'.
:: at: load (scene/resources/resource_format_text.cpp:1409)
:: ERROR: Failed loading resource: res://source/frontend/ui/menus/main_menu.tscn.
:: at: _load (core/io/resource_loader.cpp:343)
.. Failed loading resource: res://source/frontend/ui/menus/main_menu.tscn
.. Failed to bind socket. Error: 3.
.. thirdparty/mbedtls/library/ssl_tls13_generic.c:1552: 0x45351e18: Perform PSA-based ECDH/FFDH computation.
.. thirdparty/mbedtls/library/ssl_tls13_client.c:1950: 0x45351e18: Switch to handshake keys for inbound traffic
.. thirdparty/mbedtls/library/ssl_tls13_generic.c:0403: 0x45351e18: mbedtls_ssl_tls13_process_certificate_verify() returned 0 (-0x0000)
.. thirdparty/mbedtls/library/ssl_tls13_client.c:2639: 0x45351e18: Switch to handshake traffic keys for outbound traffic
.. thirdparty/mbedtls/library/ssl_tls13_generic.c:1235: 0x45351e18: Switch to application keys for inbound traffic
.. thirdparty/mbedtls/library/ssl_tls13_generic.c:1238: 0x45351e18: Switch to application keys for outbound traffic
.. Unloading addon: res://addons/dialogic/plugin.cfg
.. Unloading addon: res://addons/gdUnit4/plugin.cfg
.. Unloading addon: res://addons/godot_xterm/plugin.cfg
.. Unloading addon: res://addons/type_writer_label/plugin.cfg
.. Script docs haven't been properly loaded or regenerated, so don't save them to disk.
.. EditorSettings: Save OK!
.. Unloading: Disposing tracked instances...
.. Unloading: Finished disposing tracked instances.
.. XR: Clearing primary interface
.. XR: Removed interface "Native mobile"
.. XR: Removed interface "OpenXR"
:: WARNING: ObjectDB instances leaked at exit (run with --verbose for details).
:: at: cleanup (core/object/object.cpp:2570)
.. Leaked instance: UndoRedo:2144061182421
.. Hint: Leaked instances typically happen when nodes are removed from the scene tree (with `remove_child()`) but not freed (with `free()` or `queue_free()`).
.. Orphan StringName: RenderingDevice (static: 2, total: 4)
.. Orphan StringName: Mesh (static: 18, total: 22)
.. Orphan StringName: Tween (static: 2, total: 6)
.. Orphan StringName: Shader (static: 3, total: 7)
.. Orphan StringName: JSON (static: 2, total: 4)
.. Orphan StringName: PTY (static: 0, total: 2)
.. Orphan StringName: ImageTexture (static: 5, total: 7)
.. Orphan StringName: Semaphore (static: 2, total: 4)
.. Orphan StringName: Terminal (static: 0, total: 2)
.. Orphan StringName: MainLoop (static: 3, total: 7)
.. Orphan StringName: TriangleMesh (static: 2, total: 6)
.. Orphan StringName: InputEvent (static: 18, total: 22)
.. Orphan StringName: InputEventMouse (static: 4, total: 6)
.. Orphan StringName: ThemeDB (static: 2, total: 4)
.. Orphan StringName: InputEventWithModifiers (static: 9, total: 11)
.. Orphan StringName: Control (static: 218, total: 220)
.. Orphan StringName: Shape3D (static: 11, total: 15)
.. Orphan StringName: Input (static: 2, total: 4)
.. Orphan StringName: InputEventFromWindow (static: 12, total: 14)
.. Orphan StringName: ResourceLoader (static: 2, total: 6)
.. Orphan StringName: SchemaValidationResult (static: 0, total: 2)
.. Orphan StringName: Font (static: 5, total: 9)
.. Orphan StringName: RenderingServer (static: 2, total: 4)
.. Orphan StringName: Image (static: 2, total: 6)
.. Orphan StringName: Resource (static: 463, total: 467)
.. Orphan StringName: StyleBoxFlat (static: 5, total: 7)
.. Orphan StringName: Schema (static: 0, total: 2)
.. Orphan StringName: OS (static: 2, total: 4)
.. Orphan StringName: Viewport (static: 59, total: 63)
.. Orphan StringName: MultiplayerAPI (static: 4, total: 8)
.. Orphan StringName: Timer (static: 2, total: 4)
.. Orphan StringName: DisplayServer (static: 2, total: 4)
.. Orphan StringName: Marshalls (static: 2, total: 4)
.. Orphan StringName: FileAccess (static: 2, total: 4)
.. Orphan StringName: Mutex (static: 2, total: 6)
.. Orphan StringName: ConcavePolygonShape3D (static: 2, total: 6)
.. Orphan StringName: Thread (static: 2, total: 4)
.. Orphan StringName: RegExMatch (static: 2, total: 4)
.. Orphan StringName: CanvasItem (static: 266, total: 270)
.. Orphan StringName: SceneTree (static: 2, total: 6)
.. Orphan StringName: InputEventMouseMotion (static: 2, total: 4)
.. Orphan StringName: InputEventMouseButton (static: 2, total: 4)
.. Orphan StringName: WeakRef (static: 2, total: 4)
.. Orphan StringName: YAMLSecurity (static: 0, total: 2)
.. Orphan StringName: Texture (static: 44, total: 48)
.. Orphan StringName: CanvasLayer (static: 3, total: 7)
.. Orphan StringName: World2D (static: 2, total: 6)
.. Orphan StringName: ShaderMaterial (static: 2, total: 4)
.. Orphan StringName: Material (static: 13, total: 17)
.. Orphan StringName: Node (static: 560, total: 565)
.. Orphan StringName: ProjectSettings (static: 2, total: 6)
.. Orphan StringName: TextServer (static: 5, total: 9)
.. Orphan StringName: RefCounted (static: 788, total: 792)
.. Orphan StringName: Object (static: 1464, total: 1468)
.. Orphan StringName: Theme (static: 3, total: 7)
.. Orphan StringName: YAMLResult (static: 0, total: 2)
.. Orphan StringName: YAMLStyle (static: 0, total: 2)
.. Orphan StringName: RDPipelineSpecializationConstant (static: 2, total: 4)
.. Orphan StringName: ConvexPolygonShape3D (static: 2, total: 6)
.. Orphan StringName: InputEventKey (static: 2, total: 4)
.. Orphan StringName: ResourceFormatLoader (static: 2, total: 6)
.. Orphan StringName: MultiMesh (static: 2, total: 6)
.. Orphan StringName: Texture2D (static: 20, total: 24)
.. Orphan StringName: Window (static: 62, total: 66)
.. Orphan StringName: StyleBox (static: 6, total: 10)
.. Orphan StringName: ClassDB (static: 2, total: 6)
.. Orphan StringName: RegEx (static: 2, total: 4)
.. Orphan StringName: Script (static: 12, total: 14)
.. Orphan StringName: YAML (static: 0, total: 2)
.. StringName: 69 unclaimed string names at exit.
Rebuild Godot Project ends with exit code: 0

======== Running GdUnit4 Godot Runtime Test Runner ========
:: ERROR: Cannot open file 'res://source/services/GameManager.cs'.
:: at: read_all_file_utf8 (modules/mono/utils/string_utils.cpp:152)
:: ERROR: Failed to read file: 'res://source/services/GameManager.cs'.
:: at: load_source_code (modules/mono/csharp_script.cpp:2772)
:: ERROR: Cannot load C# script file 'res://source/services/GameManager.cs'.
:: at: load (modules/mono/csharp_script.cpp:2852)
:: ERROR: Failed loading resource: res://source/services/GameManager.cs.
:: at: _load (core/io/resource_loader.cpp:343)
:: ERROR: Failed to instantiate an autoload, can't load from path: res://source/services/GameManager.cs.
:: at: start (main/main.cpp:4270)
:: ERROR: Cannot open file 'res://source/services/SceneManager.cs'.
:: at: read_all_file_utf8 (modules/mono/utils/string_utils.cpp:152)
:: ERROR: Failed to read file: 'res://source/services/SceneManager.cs'.
:: at: load_source_code (modules/mono/csharp_script.cpp:2772)
:: ERROR: Cannot load C# script file 'res://source/services/SceneManager.cs'.
:: at: load (modules/mono/csharp_script.cpp:2852)
:: ERROR: Failed loading resource: res://source/services/SceneManager.cs.
:: at: _load (core/io/resource_loader.cpp:343)
:: ERROR: Failed to instantiate an autoload, can't load from path: res://source/services/SceneManager.cs.
:: at: start (main/main.cpp:4270)
:: ERROR: Cannot open file 'res://source/common/GameState.cs'.
:: at: read_all_file_utf8 (modules/mono/utils/string_utils.cpp:152)
:: ERROR: Failed to read file: 'res://source/common/GameState.cs'.
:: at: load_source_code (modules/mono/csharp_script.cpp:2772)
:: ERROR: Cannot load C# script file 'res://source/common/GameState.cs'.
:: at: load (modules/mono/csharp_script.cpp:2852)
:: ERROR: Failed loading resource: res://source/common/GameState.cs.
:: at: _load (core/io/resource_loader.cpp:343)
:: ERROR: Failed to instantiate an autoload, can't load from path: res://source/common/GameState.cs.
:: at: start (main/main.cpp:4270)
:: ERROR: Cannot open file 'res://source/field/FieldEvents.cs'.
:: at: read_all_file_utf8 (modules/mono/utils/string_utils.cpp:152)
:: ERROR: Failed to read file: 'res://source/field/FieldEvents.cs'.
:: at: load_source_code (modules/mono/csharp_script.cpp:2772)
:: ERROR: Cannot load C# script file 'res://source/field/FieldEvents.cs'.
:: at: load (modules/mono/csharp_script.cpp:2852)
:: ERROR: Failed loading resource: res://source/field/FieldEvents.cs.
:: at: _load (core/io/resource_loader.cpp:343)
:: ERROR: Failed to instantiate an autoload, can't load from path: res://source/field/FieldEvents.cs.
:: at: start (main/main.cpp:4270)
:: ERROR: Cannot open file 'res://source/field/FieldCamera.cs'.
:: at: read_all_file_utf8 (modules/mono/utils/string_utils.cpp:152)
:: ERROR: Failed to read file: 'res://source/field/FieldCamera.cs'.
:: at: load_source_code (modules/mono/csharp_script.cpp:2772)
:: ERROR: Cannot load C# script file 'res://source/field/FieldCamera.cs'.
:: at: load (modules/mono/csharp_script.cpp:2852)
:: ERROR: Failed loading resource: res://source/field/FieldCamera.cs.
:: at: _load (core/io/resource_loader.cpp:343)
:: ERROR: Failed to instantiate an autoload, can't load from path: res://source/field/FieldCamera.cs.
:: at: start (main/main.cpp:4270)
:: ERROR: Cannot open file 'res://source/field/gameboard/Gameboard.cs'.
:: at: read_all_file_utf8 (modules/mono/utils/string_utils.cpp:152)
:: ERROR: Failed to read file: 'res://source/field/gameboard/Gameboard.cs'.
:: at: load_source_code (modules/mono/csharp_script.cpp:2772)
:: ERROR: Cannot load C# script file 'res://source/field/gameboard/Gameboard.cs'.
:: at: load (modules/mono/csharp_script.cpp:2852)
:: ERROR: Failed loading resource: res://source/field/gameboard/Gameboard.cs.
:: at: _load (core/io/resource_loader.cpp:343)
:: ERROR: Failed to instantiate an autoload, can't load from path: res://source/field/gameboard/Gameboard.cs.
:: at: start (main/main.cpp:4270)
:: ERROR: Cannot open file 'res://source/field/gamepieces/GamepieceRegistry.cs'.
:: at: read_all_file_utf8 (modules/mono/utils/string_utils.cpp:152)
:: ERROR: Failed to read file: 'res://source/field/gamepieces/GamepieceRegistry.cs'.
:: at: load_source_code (modules/mono/csharp_script.cpp:2772)
:: ERROR: Cannot load C# script file 'res://source/field/gamepieces/GamepieceRegistry.cs'.
:: at: load (modules/mono/csharp_script.cpp:2852)
:: ERROR: Failed loading resource: res://source/field/gamepieces/GamepieceRegistry.cs.
:: at: _load (core/io/resource_loader.cpp:343)
:: ERROR: Failed to instantiate an autoload, can't load from path: res://source/field/gamepieces/GamepieceRegistry.cs.
:: at: start (main/main.cpp:4270)
:: ERROR: Cannot open file 'res://source/common/Player.cs'.
:: at: read_all_file_utf8 (modules/mono/utils/string_utils.cpp:152)
:: ERROR: Failed to read file: 'res://source/common/Player.cs'.
:: at: load_source_code (modules/mono/csharp_script.cpp:2772)
:: ERROR: Cannot load C# script file 'res://source/common/Player.cs'.
:: at: load (modules/mono/csharp_script.cpp:2852)
:: ERROR: Failed loading resource: res://source/common/Player.cs.
:: at: _load (core/io/resource_loader.cpp:343)
:: ERROR: Failed to instantiate an autoload, can't load from path: res://source/common/Player.cs.
:: at: start (main/main.cpp:4270)
:: ERROR: Cannot open file 'res://source/combat/CombatEvents.cs'.
:: at: read_all_file_utf8 (modules/mono/utils/string_utils.cpp:152)
:: ERROR: Failed to read file: 'res://source/combat/CombatEvents.cs'.
:: at: load_source_code (modules/mono/csharp_script.cpp:2772)
:: ERROR: Cannot load C# script file 'res://source/combat/CombatEvents.cs'.
:: at: load (modules/mono/csharp_script.cpp:2852)
:: ERROR: Failed loading resource: res://source/combat/CombatEvents.cs.
:: at: _load (core/io/resource_loader.cpp:343)
:: ERROR: Failed to instantiate an autoload, can't load from path: res://source/combat/CombatEvents.cs.
:: at: start (main/main.cpp:4270)
:: ERROR: Cannot open file 'res://source/audio/AudioManager.cs'.
:: at: read_all_file_utf8 (modules/mono/utils/string_utils.cpp:152)
:: ERROR: Failed to read file: 'res://source/audio/AudioManager.cs'.
:: at: load_source_code (modules/mono/csharp_script.cpp:2772)
:: ERROR: Cannot load C# script file 'res://source/audio/AudioManager.cs'.
:: at: load (modules/mono/csharp_script.cpp:2852)
:: ERROR: Failed loading resource: res://source/audio/AudioManager.cs.
:: at: _load (core/io/resource_loader.cpp:343)
:: ERROR: Failed to instantiate an autoload, can't load from path: res://source/audio/AudioManager.cs.
:: at: start (main/main.cpp:4270)
:: ERROR: Cannot open file 'res://source/services/GameAppConfig.cs'.
:: at: read_all_file_utf8 (modules/mono/utils/string_utils.cpp:152)
:: ERROR: Failed to read file: 'res://source/services/GameAppConfig.cs'.
:: at: load_source_code (modules/mono/csharp_script.cpp:2772)
:: ERROR: Cannot load C# script file 'res://source/services/GameAppConfig.cs'.
:: at: load (modules/mono/csharp_script.cpp:2852)
:: ERROR: Failed loading resource: res://source/services/GameAppConfig.cs.
:: at: _load (core/io/resource_loader.cpp:343)
:: ERROR: Failed to instantiate an autoload, can't load from path: res://source/services/GameAppConfig.cs.
:: at: start (main/main.cpp:4270)
    AudioManager: Created audio bus &amp;#x27;Voice&amp;#x27;
    AudioManager: Created audio bus &amp;#x27;Ambient&amp;#x27;
    AudioManager: Initialized successfully
    AudioManager: Initialized successfully
:: ERROR: Cannot open file 'res://tests/ui/menus/CreditsMenuTests.cs'.
:: at: read_all_file_utf8 (modules/mono/utils/string_utils.cpp:152)
:: C# backtrace (most recent call first):
:: [0] void Godot.Bridge.ScriptManagerBridge.GetOrLoadOrCreateScriptForType(System.Type, Godot.NativeInterop.godot_ref*) (/root/godot/modules/mono/glue/GodotSharp/GodotSharp/Core/Bridge/ScriptManagerBridge.cs:583)
:: [1] void Godot.NativeInterop.InteropUtils.TieManagedToUnmanaged(Godot.GodotObject, nint, Godot.StringName, bool, System.Type, System.Type) (/root/godot/modules/mono/glue/GodotSharp/GodotSharp/Core/NativeInterop/InteropUtils.cs:70)
:: [2] void Godot.GodotObject.ConstructAndInitialize(System.IntPtr(Godot.NativeInterop.godot_bool), Godot.StringName, System.Type, bool) (/root/godot/modules/mono/glue/GodotSharp/GodotSharp/Core/GodotObject.base.cs:61)
:: [3] Godot.Node..ctor() (/root/godot/modules/mono/glue/GodotSharp/GodotSharp/Generated/GodotObjects/Node.cs:593)
:: [4] OmegaSpiral.Tests.Ui.CreditsMenuTests..ctor() (/home/adam/Dev/omega-spiral/chapter-zero/tests/ui/menus/CreditsMenuTests.cs:23)
:: [5] object System.RuntimeType.CreateInstanceDefaultCtor(bool, bool)
:: [6] GdUnit4.Core.Execution.TestSuite..ctor(System.Type, System.Collections.Generic.List`1[GdUnit4.Api.TestCaseNode], string)
:: [7] GdUnit4.Core.Execution.TestSuite..ctor(GdUnit4.Api.TestSuiteNode)
:: [8] void GdUnit4.Core.Commands.ExecuteTestSuiteCommand+&lt;Execute&gt;d__18.MoveNext()
:: [9] void System.Runtime.CompilerServices.AsyncMethodBuilderCore.Start&lt;TStateMachine&gt;(TStateMachine&amp;)
:: [10] System.Threading.Tasks.Task`1[GdUnit4.Core.Commands.Response] GdUnit4.Core.Commands.ExecuteTestSuiteCommand.Execute(GdUnit4.Api.ITestEventListener)
:: [11] void GdUnit4.Core.Runners.GodotGdUnit4RestServer+&lt;ProcessCommand&gt;d__15.MoveNext()
:: [12] void System.Runtime.CompilerServices.AsyncMethodBuilderCore.Start&lt;TStateMachine&gt;(TStateMachine&amp;)
:: [13] System.Threading.Tasks.Task`1[GdUnit4.Core.Commands.Response] GdUnit4.Core.Runners.GodotGdUnit4RestServer.ProcessCommand(GdUnit4.Core.Commands.BaseCommand, GdUnit4.Api.ITestEventListener)
:: [14] void GdUnit4.Core.Runners.GodotGdUnit4RestServer+&lt;Process&gt;d__12.MoveNext()
:: [15] void System.Threading.ExecutionContext.RunInternal(System.Threading.ExecutionContext, System.Threading.ContextCallback, object)
:: [16] void System.Runtime.CompilerServices.AsyncTaskMethodBuilder`1+AsyncStateMachineBox`1.MoveNext(System.Threading.Thread)
:: [17] void Godot.GodotSynchronizationContext.ExecutePendingContinuations() (/root/godot/modules/mono/glue/GodotSharp/GodotSharp/Core/GodotSynchronizationContext.cs:51)
:: [18] void Godot.GodotTaskScheduler.Activate() (/root/godot/modules/mono/glue/GodotSharp/GodotSharp/Core/GodotTaskScheduler.cs:76)
:: [19] void Godot.Bridge.ScriptManagerBridge.FrameCallback() (/root/godot/modules/mono/glue/GodotSharp/GodotSharp/Core/Bridge/ScriptManagerBridge.cs:84)
:: ERROR: Failed to read file: 'res://tests/ui/menus/CreditsMenuTests.cs'.
:: at: load_source_code (modules/mono/csharp_script.cpp:2772)
:: C# backtrace (most recent call first):
:: [0] void Godot.Bridge.ScriptManagerBridge.GetOrLoadOrCreateScriptForType(System.Type, Godot.NativeInterop.godot_ref*) (/root/godot/modules/mono/glue/GodotSharp/GodotSharp/Core/Bridge/ScriptManagerBridge.cs:583)
:: [1] void Godot.NativeInterop.InteropUtils.TieManagedToUnmanaged(Godot.GodotObject, nint, Godot.StringName, bool, System.Type, System.Type) (/root/godot/modules/mono/glue/GodotSharp/GodotSharp/Core/NativeInterop/InteropUtils.cs:70)
:: [2] void Godot.GodotObject.ConstructAndInitialize(System.IntPtr(Godot.NativeInterop.godot_bool), Godot.StringName, System.Type, bool) (/root/godot/modules/mono/glue/GodotSharp/GodotSharp/Core/GodotObject.base.cs:61)
:: [3] Godot.Node..ctor() (/root/godot/modules/mono/glue/GodotSharp/GodotSharp/Generated/GodotObjects/Node.cs:593)
:: [4] OmegaSpiral.Tests.Ui.CreditsMenuTests..ctor() (/home/adam/Dev/omega-spiral/chapter-zero/tests/ui/menus/CreditsMenuTests.cs:23)
:: [5] object System.RuntimeType.CreateInstanceDefaultCtor(bool, bool)
:: [6] GdUnit4.Core.Execution.TestSuite..ctor(System.Type, System.Collections.Generic.List`1[GdUnit4.Api.TestCaseNode], string)
:: [7] GdUnit4.Core.Execution.TestSuite..ctor(GdUnit4.Api.TestSuiteNode)
:: [8] void GdUnit4.Core.Commands.ExecuteTestSuiteCommand+&lt;Execute&gt;d__18.MoveNext()
:: [9] void System.Runtime.CompilerServices.AsyncMethodBuilderCore.Start&lt;TStateMachine&gt;(TStateMachine&amp;)
:: [10] System.Threading.Tasks.Task`1[GdUnit4.Core.Commands.Response] GdUnit4.Core.Commands.ExecuteTestSuiteCommand.Execute(GdUnit4.Api.ITestEventListener)
:: [11] void GdUnit4.Core.Runners.GodotGdUnit4RestServer+&lt;ProcessCommand&gt;d__15.MoveNext()
:: [12] void System.Runtime.CompilerServices.AsyncMethodBuilderCore.Start&lt;TStateMachine&gt;(TStateMachine&amp;)
:: [13] System.Threading.Tasks.Task`1[GdUnit4.Core.Commands.Response] GdUnit4.Core.Runners.GodotGdUnit4RestServer.ProcessCommand(GdUnit4.Core.Commands.BaseCommand, GdUnit4.Api.ITestEventListener)
:: [14] void GdUnit4.Core.Runners.GodotGdUnit4RestServer+&lt;Process&gt;d__12.MoveNext()
:: [15] void System.Threading.ExecutionContext.RunInternal(System.Threading.ExecutionContext, System.Threading.ContextCallback, object)
:: [16] void System.Runtime.CompilerServices.AsyncTaskMethodBuilder`1+AsyncStateMachineBox`1.MoveNext(System.Threading.Thread)
:: [17] void Godot.GodotSynchronizationContext.ExecutePendingContinuations() (/root/godot/modules/mono/glue/GodotSharp/GodotSharp/Core/GodotSynchronizationContext.cs:51)
:: [18] void Godot.GodotTaskScheduler.Activate() (/root/godot/modules/mono/glue/GodotSharp/GodotSharp/Core/GodotTaskScheduler.cs:76)
:: [19] void Godot.Bridge.ScriptManagerBridge.FrameCallback() (/root/godot/modules/mono/glue/GodotSharp/GodotSharp/Core/Bridge/ScriptManagerBridge.cs:84)
:: ERROR: Cannot load C# script file 'res://tests/ui/menus/CreditsMenuTests.cs'.
:: at: load (modules/mono/csharp_script.cpp:2852)
:: C# backtrace (most recent call first):
:: [0] void Godot.Bridge.ScriptManagerBridge.GetOrLoadOrCreateScriptForType(System.Type, Godot.NativeInterop.godot_ref*) (/root/godot/modules/mono/glue/GodotSharp/GodotSharp/Core/Bridge/ScriptManagerBridge.cs:583)
:: [1] void Godot.NativeInterop.InteropUtils.TieManagedToUnmanaged(Godot.GodotObject, nint, Godot.StringName, bool, System.Type, System.Type) (/root/godot/modules/mono/glue/GodotSharp/GodotSharp/Core/NativeInterop/InteropUtils.cs:70)
:: [2] void Godot.GodotObject.ConstructAndInitialize(System.IntPtr(Godot.NativeInterop.godot_bool), Godot.StringName, System.Type, bool) (/root/godot/modules/mono/glue/GodotSharp/GodotSharp/Core/GodotObject.base.cs:61)
:: [3] Godot.Node..ctor() (/root/godot/modules/mono/glue/GodotSharp/GodotSharp/Generated/GodotObjects/Node.cs:593)
:: [4] OmegaSpiral.Tests.Ui.CreditsMenuTests..ctor() (/home/adam/Dev/omega-spiral/chapter-zero/tests/ui/menus/CreditsMenuTests.cs:23)
:: [5] object System.RuntimeType.CreateInstanceDefaultCtor(bool, bool)
:: [6] GdUnit4.Core.Execution.TestSuite..ctor(System.Type, System.Collections.Generic.List`1[GdUnit4.Api.TestCaseNode], string)
:: [7] GdUnit4.Core.Execution.TestSuite..ctor(GdUnit4.Api.TestSuiteNode)
:: [8] void GdUnit4.Core.Commands.ExecuteTestSuiteCommand+&lt;Execute&gt;d__18.MoveNext()
:: [9] void System.Runtime.CompilerServices.AsyncMethodBuilderCore.Start&lt;TStateMachine&gt;(TStateMachine&amp;)
:: [10] System.Threading.Tasks.Task`1[GdUnit4.Core.Commands.Response] GdUnit4.Core.Commands.ExecuteTestSuiteCommand.Execute(GdUnit4.Api.ITestEventListener)
:: [11] void GdUnit4.Core.Runners.GodotGdUnit4RestServer+&lt;ProcessCommand&gt;d__15.MoveNext()
:: [12] void System.Runtime.CompilerServices.AsyncMethodBuilderCore.Start&lt;TStateMachine&gt;(TStateMachine&amp;)
:: [13] System.Threading.Tasks.Task`1[GdUnit4.Core.Commands.Response] GdUnit4.Core.Runners.GodotGdUnit4RestServer.ProcessCommand(GdUnit4.Core.Commands.BaseCommand, GdUnit4.Api.ITestEventListener)
:: [14] void GdUnit4.Core.Runners.GodotGdUnit4RestServer+&lt;Process&gt;d__12.MoveNext()
:: [15] void System.Threading.ExecutionContext.RunInternal(System.Threading.ExecutionContext, System.Threading.ContextCallback, object)
:: [16] void System.Runtime.CompilerServices.AsyncTaskMethodBuilder`1+AsyncStateMachineBox`1.MoveNext(System.Threading.Thread)
:: [17] void Godot.GodotSynchronizationContext.ExecutePendingContinuations() (/root/godot/modules/mono/glue/GodotSharp/GodotSharp/Core/GodotSynchronizationContext.cs:51)
:: [18] void Godot.GodotTaskScheduler.Activate() (/root/godot/modules/mono/glue/GodotSharp/GodotSharp/Core/GodotTaskScheduler.cs:76)
:: [19] void Godot.Bridge.ScriptManagerBridge.FrameCallback() (/root/godot/modules/mono/glue/GodotSharp/GodotSharp/Core/Bridge/ScriptManagerBridge.cs:84)
:: ERROR: Failed loading resource: res://tests/ui/menus/CreditsMenuTests.cs.
:: at: _load (core/io/resource_loader.cpp:343)
:: C# backtrace (most recent call first):
:: [0] void Godot.Bridge.ScriptManagerBridge.GetOrLoadOrCreateScriptForType(System.Type, Godot.NativeInterop.godot_ref*) (/root/godot/modules/mono/glue/GodotSharp/GodotSharp/Core/Bridge/ScriptManagerBridge.cs:583)
:: [1] void Godot.NativeInterop.InteropUtils.TieManagedToUnmanaged(Godot.GodotObject, nint, Godot.StringName, bool, System.Type, System.Type) (/root/godot/modules/mono/glue/GodotSharp/GodotSharp/Core/NativeInterop/InteropUtils.cs:70)
:: [2] void Godot.GodotObject.ConstructAndInitialize(System.IntPtr(Godot.NativeInterop.godot_bool), Godot.StringName, System.Type, bool) (/root/godot/modules/mono/glue/GodotSharp/GodotSharp/Core/GodotObject.base.cs:61)
:: [3] Godot.Node..ctor() (/root/godot/modules/mono/glue/GodotSharp/GodotSharp/Generated/GodotObjects/Node.cs:593)
:: [4] OmegaSpiral.Tests.Ui.CreditsMenuTests..ctor() (/home/adam/Dev/omega-spiral/chapter-zero/tests/ui/menus/CreditsMenuTests.cs:23)
:: [5] object System.RuntimeType.CreateInstanceDefaultCtor(bool, bool)
:: [6] GdUnit4.Core.Execution.TestSuite..ctor(System.Type, System.Collections.Generic.List`1[GdUnit4.Api.TestCaseNode], string)
:: [7] GdUnit4.Core.Execution.TestSuite..ctor(GdUnit4.Api.TestSuiteNode)
:: [8] void GdUnit4.Core.Commands.ExecuteTestSuiteCommand+&lt;Execute&gt;d__18.MoveNext()
:: [9] void System.Runtime.CompilerServices.AsyncMethodBuilderCore.Start&lt;TStateMachine&gt;(TStateMachine&amp;)
:: [10] System.Threading.Tasks.Task`1[GdUnit4.Core.Commands.Response] GdUnit4.Core.Commands.ExecuteTestSuiteCommand.Execute(GdUnit4.Api.ITestEventListener)
:: [11] void GdUnit4.Core.Runners.GodotGdUnit4RestServer+&lt;ProcessCommand&gt;d__15.MoveNext()
:: [12] void System.Runtime.CompilerServices.AsyncMethodBuilderCore.Start&lt;TStateMachine&gt;(TStateMachine&amp;)
:: [13] System.Threading.Tasks.Task`1[GdUnit4.Core.Commands.Response] GdUnit4.Core.Runners.GodotGdUnit4RestServer.ProcessCommand(GdUnit4.Core.Commands.BaseCommand, GdUnit4.Api.ITestEventListener)
:: [14] void GdUnit4.Core.Runners.GodotGdUnit4RestServer+&lt;Process&gt;d__12.MoveNext()
:: [15] void System.Threading.ExecutionContext.RunInternal(System.Threading.ExecutionContext, System.Threading.ContextCallback, object)
:: [16] void System.Runtime.CompilerServices.AsyncTaskMethodBuilder`1+AsyncStateMachineBox`1.MoveNext(System.Threading.Thread)
:: [17] void Godot.GodotSynchronizationContext.ExecutePendingContinuations() (/root/godot/modules/mono/glue/GodotSharp/GodotSharp/Core/GodotSynchronizationContext.cs:51)
:: [18] void Godot.GodotTaskScheduler.Activate() (/root/godot/modules/mono/glue/GodotSharp/GodotSharp/Core/GodotTaskScheduler.cs:76)
:: [19] void Godot.Bridge.ScriptManagerBridge.FrameCallback() (/root/godot/modules/mono/glue/GodotSharp/GodotSharp/Core/Bridge/ScriptManagerBridge.cs:84)
:: ERROR: Cannot load script for type 'OmegaSpiral.Tests.Ui.CreditsMenuTests'. Path: 'res://tests/ui/menus/CreditsMenuTests.cs'.
:: at: void Godot.Bridge.ScriptManagerBridge.GetOrLoadOrCreateScriptForType(System.Type, Godot.NativeInterop.godot_ref*) (/root/godot/modules/mono/glue/GodotSharp/GodotSharp/Core/Bridge/ScriptManagerBridge.cs:585)
:: C# backtrace (most recent call first):
:: [0] void Godot.GD.PushError(string) (/root/godot/modules/mono/glue/GodotSharp/GodotSharp/Core/GD.cs:366)
:: [1] void Godot.Bridge.ScriptManagerBridge.GetOrLoadOrCreateScriptForType(System.Type, Godot.NativeInterop.godot_ref*) (/root/godot/modules/mono/glue/GodotSharp/GodotSharp/Core/Bridge/ScriptManagerBridge.cs:585)
:: [2] void Godot.NativeInterop.InteropUtils.TieManagedToUnmanaged(Godot.GodotObject, nint, Godot.StringName, bool, System.Type, System.Type) (/root/godot/modules/mono/glue/GodotSharp/GodotSharp/Core/NativeInterop/InteropUtils.cs:70)
:: [3] void Godot.GodotObject.ConstructAndInitialize(System.IntPtr(Godot.NativeInterop.godot_bool), Godot.StringName, System.Type, bool) (/root/godot/modules/mono/glue/GodotSharp/GodotSharp/Core/GodotObject.base.cs:61)
:: [4] Godot.Node..ctor() (/root/godot/modules/mono/glue/GodotSharp/GodotSharp/Generated/GodotObjects/Node.cs:593)
:: [5] OmegaSpiral.Tests.Ui.CreditsMenuTests..ctor() (/home/adam/Dev/omega-spiral/chapter-zero/tests/ui/menus/CreditsMenuTests.cs:23)
:: [6] object System.RuntimeType.CreateInstanceDefaultCtor(bool, bool)
:: [7] GdUnit4.Core.Execution.TestSuite..ctor(System.Type, System.Collections.Generic.List`1[GdUnit4.Api.TestCaseNode], string)
:: [8] GdUnit4.Core.Execution.TestSuite..ctor(GdUnit4.Api.TestSuiteNode)
:: [9] void GdUnit4.Core.Commands.ExecuteTestSuiteCommand+&lt;Execute&gt;d__18.MoveNext()
:: [10] void System.Runtime.CompilerServices.AsyncMethodBuilderCore.Start&lt;TStateMachine&gt;(TStateMachine&amp;)
:: [11] System.Threading.Tasks.Task`1[GdUnit4.Core.Commands.Response] GdUnit4.Core.Commands.ExecuteTestSuiteCommand.Execute(GdUnit4.Api.ITestEventListener)
:: [12] void GdUnit4.Core.Runners.GodotGdUnit4RestServer+&lt;ProcessCommand&gt;d__15.MoveNext()
:: [13] void System.Runtime.CompilerServices.AsyncMethodBuilderCore.Start&lt;TStateMachine&gt;(TStateMachine&amp;)
:: [14] System.Threading.Tasks.Task`1[GdUnit4.Core.Commands.Response] GdUnit4.Core.Runners.GodotGdUnit4RestServer.ProcessCommand(GdUnit4.Core.Commands.BaseCommand, GdUnit4.Api.ITestEventListener)
:: [15] void GdUnit4.Core.Runners.GodotGdUnit4RestServer+&lt;Process&gt;d__12.MoveNext()
:: [16] void System.Threading.ExecutionContext.RunInternal(System.Threading.ExecutionContext, System.Threading.ContextCallback, object)
:: [17] void System.Runtime.CompilerServices.AsyncTaskMethodBuilder`1+AsyncStateMachineBox`1.MoveNext(System.Threading.Thread)
:: [18] void Godot.GodotSynchronizationContext.ExecutePendingContinuations() (/root/godot/modules/mono/glue/GodotSharp/GodotSharp/Core/GodotSynchronizationContext.cs:51)
:: [19] void Godot.GodotTaskScheduler.Activate() (/root/godot/modules/mono/glue/GodotSharp/GodotSharp/Core/GodotTaskScheduler.cs:76)
:: [20] void Godot.Bridge.ScriptManagerBridge.FrameCallback() (/root/godot/modules/mono/glue/GodotSharp/GodotSharp/Core/Bridge/ScriptManagerBridge.cs:84)
:: ERROR: Cannot open file 'res://tests/ui/menus/MainMenuTests.cs'.
:: at: read_all_file_utf8 (modules/mono/utils/string_utils.cpp:152)
:: C# backtrace (most recent call first):
:: [0] void Godot.Bridge.ScriptManagerBridge.GetOrLoadOrCreateScriptForType(System.Type, Godot.NativeInterop.godot_ref*) (/root/godot/modules/mono/glue/GodotSharp/GodotSharp/Core/Bridge/ScriptManagerBridge.cs:583)
:: [1] void Godot.NativeInterop.InteropUtils.TieManagedToUnmanaged(Godot.GodotObject, nint, Godot.StringName, bool, System.Type, System.Type) (/root/godot/modules/mono/glue/GodotSharp/GodotSharp/Core/NativeInterop/InteropUtils.cs:70)
:: [2] void Godot.GodotObject.ConstructAndInitialize(System.IntPtr(Godot.NativeInterop.godot_bool), Godot.StringName, System.Type, bool) (/root/godot/modules/mono/glue/GodotSharp/GodotSharp/Core/GodotObject.base.cs:61)
:: [3] Godot.Node..ctor() (/root/godot/modules/mono/glue/GodotSharp/GodotSharp/Generated/GodotObjects/Node.cs:593)
:: [4] OmegaSpiral.Tests.Ui.MainMenuTests..ctor() (/home/adam/Dev/omega-spiral/chapter-zero/tests/ui/menus/MainMenuTests.cs:29)
:: [5] object System.RuntimeType.CreateInstanceDefaultCtor(bool, bool)
:: [6] GdUnit4.Core.Execution.TestSuite..ctor(System.Type, System.Collections.Generic.List`1[GdUnit4.Api.TestCaseNode], string)
:: [7] GdUnit4.Core.Execution.TestSuite..ctor(GdUnit4.Api.TestSuiteNode)
:: [8] void GdUnit4.Core.Commands.ExecuteTestSuiteCommand+&lt;Execute&gt;d__18.MoveNext()
:: [9] void System.Runtime.CompilerServices.AsyncMethodBuilderCore.Start&lt;TStateMachine&gt;(TStateMachine&amp;)
:: [10] System.Threading.Tasks.Task`1[GdUnit4.Core.Commands.Response] GdUnit4.Core.Commands.ExecuteTestSuiteCommand.Execute(GdUnit4.Api.ITestEventListener)
:: [11] void GdUnit4.Core.Runners.GodotGdUnit4RestServer+&lt;ProcessCommand&gt;d__15.MoveNext()
:: [12] void System.Runtime.CompilerServices.AsyncMethodBuilderCore.Start&lt;TStateMachine&gt;(TStateMachine&amp;)
:: [13] System.Threading.Tasks.Task`1[GdUnit4.Core.Commands.Response] GdUnit4.Core.Runners.GodotGdUnit4RestServer.ProcessCommand(GdUnit4.Core.Commands.BaseCommand, GdUnit4.Api.ITestEventListener)
:: [14] void GdUnit4.Core.Runners.GodotGdUnit4RestServer+&lt;Process&gt;d__12.MoveNext()
:: [15] void System.Threading.ExecutionContext.RunInternal(System.Threading.ExecutionContext, System.Threading.ContextCallback, object)
:: [16] void System.Runtime.CompilerServices.AsyncTaskMethodBuilder`1+AsyncStateMachineBox`1.MoveNext(System.Threading.Thread)
:: [17] void Godot.GodotSynchronizationContext.ExecutePendingContinuations() (/root/godot/modules/mono/glue/GodotSharp/GodotSharp/Core/GodotSynchronizationContext.cs:51)
:: [18] void Godot.GodotTaskScheduler.Activate() (/root/godot/modules/mono/glue/GodotSharp/GodotSharp/Core/GodotTaskScheduler.cs:76)
:: [19] void Godot.Bridge.ScriptManagerBridge.FrameCallback() (/root/godot/modules/mono/glue/GodotSharp/GodotSharp/Core/Bridge/ScriptManagerBridge.cs:84)
:: ERROR: Failed to read file: 'res://tests/ui/menus/MainMenuTests.cs'.
:: at: load_source_code (modules/mono/csharp_script.cpp:2772)
:: C# backtrace (most recent call first):
:: [0] void Godot.Bridge.ScriptManagerBridge.GetOrLoadOrCreateScriptForType(System.Type, Godot.NativeInterop.godot_ref*) (/root/godot/modules/mono/glue/GodotSharp/GodotSharp/Core/Bridge/ScriptManagerBridge.cs:583)
:: [1] void Godot.NativeInterop.InteropUtils.TieManagedToUnmanaged(Godot.GodotObject, nint, Godot.StringName, bool, System.Type, System.Type) (/root/godot/modules/mono/glue/GodotSharp/GodotSharp/Core/NativeInterop/InteropUtils.cs:70)
:: [2] void Godot.GodotObject.ConstructAndInitialize(System.IntPtr(Godot.NativeInterop.godot_bool), Godot.StringName, System.Type, bool) (/root/godot/modules/mono/glue/GodotSharp/GodotSharp/Core/GodotObject.base.cs:61)
:: [3] Godot.Node..ctor() (/root/godot/modules/mono/glue/GodotSharp/GodotSharp/Generated/GodotObjects/Node.cs:593)
:: [4] OmegaSpiral.Tests.Ui.MainMenuTests..ctor() (/home/adam/Dev/omega-spiral/chapter-zero/tests/ui/menus/MainMenuTests.cs:29)
:: [5] object System.RuntimeType.CreateInstanceDefaultCtor(bool, bool)
:: [6] GdUnit4.Core.Execution.TestSuite..ctor(System.Type, System.Collections.Generic.List`1[GdUnit4.Api.TestCaseNode], string)
:: [7] GdUnit4.Core.Execution.TestSuite..ctor(GdUnit4.Api.TestSuiteNode)
:: [8] void GdUnit4.Core.Commands.ExecuteTestSuiteCommand+&lt;Execute&gt;d__18.MoveNext()
:: [9] void System.Runtime.CompilerServices.AsyncMethodBuilderCore.Start&lt;TStateMachine&gt;(TStateMachine&amp;)
:: [10] System.Threading.Tasks.Task`1[GdUnit4.Core.Commands.Response] GdUnit4.Core.Commands.ExecuteTestSuiteCommand.Execute(GdUnit4.Api.ITestEventListener)
:: [11] void GdUnit4.Core.Runners.GodotGdUnit4RestServer+&lt;ProcessCommand&gt;d__15.MoveNext()
:: [12] void System.Runtime.CompilerServices.AsyncMethodBuilderCore.Start&lt;TStateMachine&gt;(TStateMachine&amp;)
:: [13] System.Threading.Tasks.Task`1[GdUnit4.Core.Commands.Response] GdUnit4.Core.Runners.GodotGdUnit4RestServer.ProcessCommand(GdUnit4.Core.Commands.BaseCommand, GdUnit4.Api.ITestEventListener)
:: [14] void GdUnit4.Core.Runners.GodotGdUnit4RestServer+&lt;Process&gt;d__12.MoveNext()
:: [15] void System.Threading.ExecutionContext.RunInternal(System.Threading.ExecutionContext, System.Threading.ContextCallback, object)
:: [16] void System.Runtime.CompilerServices.AsyncTaskMethodBuilder`1+AsyncStateMachineBox`1.MoveNext(System.Threading.Thread)
:: [17] void Godot.GodotSynchronizationContext.ExecutePendingContinuations() (/root/godot/modules/mono/glue/GodotSharp/GodotSharp/Core/GodotSynchronizationContext.cs:51)
:: [18] void Godot.GodotTaskScheduler.Activate() (/root/godot/modules/mono/glue/GodotSharp/GodotSharp/Core/GodotTaskScheduler.cs:76)
:: [19] void Godot.Bridge.ScriptManagerBridge.FrameCallback() (/root/godot/modules/mono/glue/GodotSharp/GodotSharp/Core/Bridge/ScriptManagerBridge.cs:84)
:: ERROR: Cannot load C# script file 'res://tests/ui/menus/MainMenuTests.cs'.
:: at: load (modules/mono/csharp_script.cpp:2852)
:: C# backtrace (most recent call first):
:: [0] void Godot.Bridge.ScriptManagerBridge.GetOrLoadOrCreateScriptForType(System.Type, Godot.NativeInterop.godot_ref*) (/root/godot/modules/mono/glue/GodotSharp/GodotSharp/Core/Bridge/ScriptManagerBridge.cs:583)
:: [1] void Godot.NativeInterop.InteropUtils.TieManagedToUnmanaged(Godot.GodotObject, nint, Godot.StringName, bool, System.Type, System.Type) (/root/godot/modules/mono/glue/GodotSharp/GodotSharp/Core/NativeInterop/InteropUtils.cs:70)
:: [2] void Godot.GodotObject.ConstructAndInitialize(System.IntPtr(Godot.NativeInterop.godot_bool), Godot.StringName, System.Type, bool) (/root/godot/modules/mono/glue/GodotSharp/GodotSharp/Core/GodotObject.base.cs:61)
:: [3] Godot.Node..ctor() (/root/godot/modules/mono/glue/GodotSharp/GodotSharp/Generated/GodotObjects/Node.cs:593)
:: [4] OmegaSpiral.Tests.Ui.MainMenuTests..ctor() (/home/adam/Dev/omega-spiral/chapter-zero/tests/ui/menus/MainMenuTests.cs:29)
:: [5] object System.RuntimeType.CreateInstanceDefaultCtor(bool, bool)
:: [6] GdUnit4.Core.Execution.TestSuite..ctor(System.Type, System.Collections.Generic.List`1[GdUnit4.Api.TestCaseNode], string)
:: [7] GdUnit4.Core.Execution.TestSuite..ctor(GdUnit4.Api.TestSuiteNode)
:: [8] void GdUnit4.Core.Commands.ExecuteTestSuiteCommand+&lt;Execute&gt;d__18.MoveNext()
:: [9] void System.Runtime.CompilerServices.AsyncMethodBuilderCore.Start&lt;TStateMachine&gt;(TStateMachine&amp;)
:: [10] System.Threading.Tasks.Task`1[GdUnit4.Core.Commands.Response] GdUnit4.Core.Commands.ExecuteTestSuiteCommand.Execute(GdUnit4.Api.ITestEventListener)
:: [11] void GdUnit4.Core.Runners.GodotGdUnit4RestServer+&lt;ProcessCommand&gt;d__15.MoveNext()
:: [12] void System.Runtime.CompilerServices.AsyncMethodBuilderCore.Start&lt;TStateMachine&gt;(TStateMachine&amp;)
:: [13] System.Threading.Tasks.Task`1[GdUnit4.Core.Commands.Response] GdUnit4.Core.Runners.GodotGdUnit4RestServer.ProcessCommand(GdUnit4.Core.Commands.BaseCommand, GdUnit4.Api.ITestEventListener)
:: [14] void GdUnit4.Core.Runners.GodotGdUnit4RestServer+&lt;Process&gt;d__12.MoveNext()
:: [15] void System.Threading.ExecutionContext.RunInternal(System.Threading.ExecutionContext, System.Threading.ContextCallback, object)
:: [16] void System.Runtime.CompilerServices.AsyncTaskMethodBuilder`1+AsyncStateMachineBox`1.MoveNext(System.Threading.Thread)
:: [17] void Godot.GodotSynchronizationContext.ExecutePendingContinuations() (/root/godot/modules/mono/glue/GodotSharp/GodotSharp/Core/GodotSynchronizationContext.cs:51)
:: [18] void Godot.GodotTaskScheduler.Activate() (/root/godot/modules/mono/glue/GodotSharp/GodotSharp/Core/GodotTaskScheduler.cs:76)
:: [19] void Godot.Bridge.ScriptManagerBridge.FrameCallback() (/root/godot/modules/mono/glue/GodotSharp/GodotSharp/Core/Bridge/ScriptManagerBridge.cs:84)
:: ERROR: Failed loading resource: res://tests/ui/menus/MainMenuTests.cs.
:: at: _load (core/io/resource_loader.cpp:343)
:: C# backtrace (most recent call first):
:: [0] void Godot.Bridge.ScriptManagerBridge.GetOrLoadOrCreateScriptForType(System.Type, Godot.NativeInterop.godot_ref*) (/root/godot/modules/mono/glue/GodotSharp/GodotSharp/Core/Bridge/ScriptManagerBridge.cs:583)
:: [1] void Godot.NativeInterop.InteropUtils.TieManagedToUnmanaged(Godot.GodotObject, nint, Godot.StringName, bool, System.Type, System.Type) (/root/godot/modules/mono/glue/GodotSharp/GodotSharp/Core/NativeInterop/InteropUtils.cs:70)
:: [2] void Godot.GodotObject.ConstructAndInitialize(System.IntPtr(Godot.NativeInterop.godot_bool), Godot.StringName, System.Type, bool) (/root/godot/modules/mono/glue/GodotSharp/GodotSharp/Core/GodotObject.base.cs:61)
:: [3] Godot.Node..ctor() (/root/godot/modules/mono/glue/GodotSharp/GodotSharp/Generated/GodotObjects/Node.cs:593)
:: [4] OmegaSpiral.Tests.Ui.MainMenuTests..ctor() (/home/adam/Dev/omega-spiral/chapter-zero/tests/ui/menus/MainMenuTests.cs:29)
:: [5] object System.RuntimeType.CreateInstanceDefaultCtor(bool, bool)
:: [6] GdUnit4.Core.Execution.TestSuite..ctor(System.Type, System.Collections.Generic.List`1[GdUnit4.Api.TestCaseNode], string)
:: [7] GdUnit4.Core.Execution.TestSuite..ctor(GdUnit4.Api.TestSuiteNode)
:: [8] void GdUnit4.Core.Commands.ExecuteTestSuiteCommand+&lt;Execute&gt;d__18.MoveNext()
:: [9] void System.Runtime.CompilerServices.AsyncMethodBuilderCore.Start&lt;TStateMachine&gt;(TStateMachine&amp;)
:: [10] System.Threading.Tasks.Task`1[GdUnit4.Core.Commands.Response] GdUnit4.Core.Commands.ExecuteTestSuiteCommand.Execute(GdUnit4.Api.ITestEventListener)
:: [11] void GdUnit4.Core.Runners.GodotGdUnit4RestServer+&lt;ProcessCommand&gt;d__15.MoveNext()
:: [12] void System.Runtime.CompilerServices.AsyncMethodBuilderCore.Start&lt;TStateMachine&gt;(TStateMachine&amp;)
:: [13] System.Threading.Tasks.Task`1[GdUnit4.Core.Commands.Response] GdUnit4.Core.Runners.GodotGdUnit4RestServer.ProcessCommand(GdUnit4.Core.Commands.BaseCommand, GdUnit4.Api.ITestEventListener)
:: [14] void GdUnit4.Core.Runners.GodotGdUnit4RestServer+&lt;Process&gt;d__12.MoveNext()
:: [15] void System.Threading.ExecutionContext.RunInternal(System.Threading.ExecutionContext, System.Threading.ContextCallback, object)
:: [16] void System.Runtime.CompilerServices.AsyncTaskMethodBuilder`1+AsyncStateMachineBox`1.MoveNext(System.Threading.Thread)
:: [17] void Godot.GodotSynchronizationContext.ExecutePendingContinuations() (/root/godot/modules/mono/glue/GodotSharp/GodotSharp/Core/GodotSynchronizationContext.cs:51)
:: [18] void Godot.GodotTaskScheduler.Activate() (/root/godot/modules/mono/glue/GodotSharp/GodotSharp/Core/GodotTaskScheduler.cs:76)
:: [19] void Godot.Bridge.ScriptManagerBridge.FrameCallback() (/root/godot/modules/mono/glue/GodotSharp/GodotSharp/Core/Bridge/ScriptManagerBridge.cs:84)
:: ERROR: Cannot load script for type 'OmegaSpiral.Tests.Ui.MainMenuTests'. Path: 'res://tests/ui/menus/MainMenuTests.cs'.
:: at: void Godot.Bridge.ScriptManagerBridge.GetOrLoadOrCreateScriptForType(System.Type, Godot.NativeInterop.godot_ref*) (/root/godot/modules/mono/glue/GodotSharp/GodotSharp/Core/Bridge/ScriptManagerBridge.cs:585)
:: C# backtrace (most recent call first):
:: [0] void Godot.GD.PushError(string) (/root/godot/modules/mono/glue/GodotSharp/GodotSharp/Core/GD.cs:366)
:: [1] void Godot.Bridge.ScriptManagerBridge.GetOrLoadOrCreateScriptForType(System.Type, Godot.NativeInterop.godot_ref*) (/root/godot/modules/mono/glue/GodotSharp/GodotSharp/Core/Bridge/ScriptManagerBridge.cs:585)
:: [2] void Godot.NativeInterop.InteropUtils.TieManagedToUnmanaged(Godot.GodotObject, nint, Godot.StringName, bool, System.Type, System.Type) (/root/godot/modules/mono/glue/GodotSharp/GodotSharp/Core/NativeInterop/InteropUtils.cs:70)
:: [3] void Godot.GodotObject.ConstructAndInitialize(System.IntPtr(Godot.NativeInterop.godot_bool), Godot.StringName, System.Type, bool) (/root/godot/modules/mono/glue/GodotSharp/GodotSharp/Core/GodotObject.base.cs:61)
:: [4] Godot.Node..ctor() (/root/godot/modules/mono/glue/GodotSharp/GodotSharp/Generated/GodotObjects/Node.cs:593)
:: [5] OmegaSpiral.Tests.Ui.MainMenuTests..ctor() (/home/adam/Dev/omega-spiral/chapter-zero/tests/ui/menus/MainMenuTests.cs:29)
:: [6] object System.RuntimeType.CreateInstanceDefaultCtor(bool, bool)
:: [7] GdUnit4.Core.Execution.TestSuite..ctor(System.Type, System.Collections.Generic.List`1[GdUnit4.Api.TestCaseNode], string)
:: [8] GdUnit4.Core.Execution.TestSuite..ctor(GdUnit4.Api.TestSuiteNode)
:: [9] void GdUnit4.Core.Commands.ExecuteTestSuiteCommand+&lt;Execute&gt;d__18.MoveNext()
:: [10] void System.Runtime.CompilerServices.AsyncMethodBuilderCore.Start&lt;TStateMachine&gt;(TStateMachine&amp;)
:: [11] System.Threading.Tasks.Task`1[GdUnit4.Core.Commands.Response] GdUnit4.Core.Commands.ExecuteTestSuiteCommand.Execute(GdUnit4.Api.ITestEventListener)
:: [12] void GdUnit4.Core.Runners.GodotGdUnit4RestServer+&lt;ProcessCommand&gt;d__15.MoveNext()
:: [13] void System.Runtime.CompilerServices.AsyncMethodBuilderCore.Start&lt;TStateMachine&gt;(TStateMachine&amp;)
:: [14] System.Threading.Tasks.Task`1[GdUnit4.Core.Commands.Response] GdUnit4.Core.Runners.GodotGdUnit4RestServer.ProcessCommand(GdUnit4.Core.Commands.BaseCommand, GdUnit4.Api.ITestEventListener)
:: [15] void GdUnit4.Core.Runners.GodotGdUnit4RestServer+&lt;Process&gt;d__12.MoveNext()
:: [16] void System.Threading.ExecutionContext.RunInternal(System.Threading.ExecutionContext, System.Threading.ContextCallback, object)
:: [17] void System.Runtime.CompilerServices.AsyncTaskMethodBuilder`1+AsyncStateMachineBox`1.MoveNext(System.Threading.Thread)
:: [18] void Godot.GodotSynchronizationContext.ExecutePendingContinuations() (/root/godot/modules/mono/glue/GodotSharp/GodotSharp/Core/GodotSynchronizationContext.cs:51)
:: [19] void Godot.GodotTaskScheduler.Activate() (/root/godot/modules/mono/glue/GodotSharp/GodotSharp/Core/GodotTaskScheduler.cs:76)
:: [20] void Godot.Bridge.ScriptManagerBridge.FrameCallback() (/root/godot/modules/mono/glue/GodotSharp/GodotSharp/Core/Bridge/ScriptManagerBridge.cs:84)
:: ERROR: Cannot load shader: res://source/shaders/spiral_border.gdshader
:: at: load (scene/resources/shader.cpp:311)
:: C# backtrace (most recent call first):
:: [0] Godot.GodotObject Godot.NativeCalls.godot_icall_3_761(nint, nint, string, string, int) (/root/godot/modules/mono/glue/GodotSharp/GodotSharp/Generated/NativeCalls.cs:6854)
:: [1] Godot.Resource Godot.ResourceLoader.Load(string, string, Godot.ResourceLoader+CacheMode) (/root/godot/modules/mono/glue/GodotSharp/GodotSharp/Generated/GodotObjects/ResourceLoader.cs:120)
:: [2] T Godot.ResourceLoader.Load&lt;T&gt;(string, string, Godot.ResourceLoader+CacheMode) (/root/godot/modules/mono/glue/GodotSharp/GodotSharp/Core/Extensions/ResourceLoaderExtensions.cs:27)
:: [3] T Godot.GD.Load&lt;T&gt;(string) (/root/godot/modules/mono/glue/GodotSharp/GodotSharp/Core/GD.cs:129)
:: [4] void OmegaSpiral.Source.Ui.Omega.OmegaBorderFrame.InitializeShader() (/home/adam/Dev/omega-spiral/chapter-zero/source/frontend/ui/omega/OmegaBorderFrame.cs:65)
:: [5] void OmegaSpiral.Source.Ui.Omega.OmegaBorderFrame._Ready() (/home/adam/Dev/omega-spiral/chapter-zero/source/frontend/ui/omega/OmegaBorderFrame.cs:49)
:: [6] bool Godot.Node.InvokeGodotClassMethod(Godot.NativeInterop.godot_string_name&amp;, Godot.NativeInterop.NativeVariantPtrArgs, Godot.NativeInterop.godot_variant&amp;) (/root/godot/modules/mono/glue/GodotSharp/GodotSharp/Generated/GodotObjects/Node.cs:2631)
:: [7] bool Godot.CanvasItem.InvokeGodotClassMethod(Godot.NativeInterop.godot_string_name&amp;, Godot.NativeInterop.NativeVariantPtrArgs, Godot.NativeInterop.godot_variant&amp;) (/root/godot/modules/mono/glue/GodotSharp/GodotSharp/Generated/GodotObjects/CanvasItem.cs:1786)
:: [8] bool Godot.Control.InvokeGodotClassMethod(Godot.NativeInterop.godot_string_name&amp;, Godot.NativeInterop.NativeVariantPtrArgs, Godot.NativeInterop.godot_variant&amp;) (/root/godot/modules/mono/glue/GodotSharp/GodotSharp/Generated/GodotObjects/Control.cs:3508)
:: [9] bool Godot.ColorRect.InvokeGodotClassMethod(Godot.NativeInterop.godot_string_name&amp;, Godot.NativeInterop.NativeVariantPtrArgs, Godot.NativeInterop.godot_variant&amp;) (/root/godot/modules/mono/glue/GodotSharp/GodotSharp/Generated/GodotObjects/ColorRect.cs:84)
:: [10] bool OmegaSpiral.Source.Ui.Omega.OmegaBorderFrame.InvokeGodotClassMethod(Godot.NativeInterop.godot_string_name&amp;, Godot.NativeInterop.NativeVariantPtrArgs, Godot.NativeInterop.godot_variant&amp;) (/home/adam/Dev/omega-spiral/chapter-zero/.godot/mono/temp/obj/Debug/Godot.SourceGenerators/Godot.SourceGenerators.ScriptMethodsGenerator/OmegaSpiral.Source.Ui.Omega.OmegaBorderFrame_ScriptMethods.generated.cs:130)
:: [11] Godot.NativeInterop.godot_bool Godot.Bridge.CSharpInstanceBridge.Call(nint, Godot.NativeInterop.godot_string_name*, Godot.NativeInterop.godot_variant**, int, Godot.NativeInterop.godot_variant_call_error*, Godot.NativeInterop.godot_variant*) (/root/godot/modules/mono/glue/GodotSharp/GodotSharp/Core/Bridge/CSharpInstanceBridge.cs:24)
:: [12] void Godot.NativeInterop.NativeFuncs.godotsharp_method_bind_ptrcall(nint, nint, System.Void**, System.Void*) (/root/godot/modules/mono/glue/GodotSharp/GodotSharp/Godot.SourceGenerators.Internal/Godot.SourceGenerators.Internal.UnmanagedCallbacksGenerator/Godot.NativeInterop.NativeFuncs.generated.cs:380)
:: [13] void Godot.NativeCalls.godot_icall_3_1042(nint, nint, nint, Godot.NativeInterop.godot_bool, int) (/root/godot/modules/mono/glue/GodotSharp/GodotSharp/Generated/NativeCalls.cs:9587)
:: [14] void Godot.Node.AddChild(Godot.Node, bool, Godot.Node+InternalMode) (/root/godot/modules/mono/glue/GodotSharp/GodotSharp/Generated/GodotObjects/Node.cs:821)
:: [15] void OmegaSpiral.Tests.Ui.Omega.OmegaBorderFrame_UnitTests+&lt;Setup&gt;d__2.MoveNext() (/home/adam/Dev/omega-spiral/chapter-zero/tests/ui/omega/OmegaBorderFrameTests.cs:39)
:: [16] void System.Runtime.CompilerServices.AsyncMethodBuilderCore.Start&lt;TStateMachine&gt;(TStateMachine&amp;)
:: [17] System.Threading.Tasks.Task OmegaSpiral.Tests.Ui.Omega.OmegaBorderFrame_UnitTests.Setup()
:: [18] object System.Reflection.MethodBaseInvoker.InterpretedInvoke_Method(object, System.IntPtr*)
:: [19] object System.Reflection.MethodBaseInvoker.InvokeWithNoArgs(object, System.Reflection.BindingFlags)
:: [20] object System.Reflection.RuntimeMethodInfo.Invoke(object, System.Reflection.BindingFlags, System.Reflection.Binder, System.Object[], System.Globalization.CultureInfo)
:: [21] void GdUnit4.Core.Execution.ExecutionStage`1+&lt;ExecuteStage&gt;d__37.MoveNext()
:: [22] void System.Runtime.CompilerServices.AsyncMethodBuilderCore.Start&lt;TStateMachine&gt;(TStateMachine&amp;)
:: [23] System.Threading.Tasks.Task GdUnit4.Core.Execution.ExecutionStage`1.ExecuteStage(GdUnit4.Core.Execution.ExecutionContext)
:: [24] void GdUnit4.Core.Execution.ExecutionStage`1+&lt;Execute&gt;d__30.MoveNext()
:: [25] void System.Runtime.CompilerServices.AsyncMethodBuilderCore.Start&lt;TStateMachine&gt;(TStateMachine&amp;)
:: [26] System.Threading.Tasks.Task GdUnit4.Core.Execution.ExecutionStage`1.Execute(GdUnit4.Core.Execution.ExecutionContext)
:: [27] System.Threading.Tasks.Task GdUnit4.Core.Execution.BeforeExecutionStage.&lt;&gt;n__0(GdUnit4.Core.Execution.ExecutionContext)
:: [28] void GdUnit4.Core.Execution.BeforeExecutionStage+&lt;Execute&gt;d__1.MoveNext()
:: [29] void System.Runtime.CompilerServices.AsyncMethodBuilderCore.Start&lt;TStateMachine&gt;(TStateMachine&amp;)
:: [30] System.Threading.Tasks.Task GdUnit4.Core.Execution.BeforeExecutionStage.Execute(GdUnit4.Core.Execution.ExecutionContext)
:: [31] void GdUnit4.Core.Execution.TestSuiteExecutionStage+&lt;Execute&gt;d__13.MoveNext()
:: [32] void System.Runtime.CompilerServices.AsyncMethodBuilderCore.Start&lt;TStateMachine&gt;(TStateMachine&amp;)
:: [33] System.Threading.Tasks.Task GdUnit4.Core.Execution.TestSuiteExecutionStage.Execute(GdUnit4.Core.Execution.ExecutionContext)
:: [34] void GdUnit4.Core.Commands.ExecuteTestSuiteCommand+&lt;Execute&gt;d__18.MoveNext()
:: [35] void System.Runtime.CompilerServices.AsyncTaskMethodBuilder`1+AsyncStateMachineBox`1.ExecutionContextCallback(object)
:: [36] void System.Threading.ExecutionContext.RunInternal(System.Threading.ExecutionContext, System.Threading.ContextCallback, object)
:: [37] void System.Runtime.CompilerServices.AsyncTaskMethodBuilder`1+AsyncStateMachineBox`1.MoveNext(System.Threading.Thread)
:: [38] void Godot.SignalAwaiter.SignalCallback(nint, Godot.NativeInterop.godot_variant**, int, Godot.NativeInterop.godot_bool*) (/root/godot/modules/mono/glue/GodotSharp/GodotSharp/Core/SignalAwaiter.cs:65)
:: ERROR: Failed loading resource: res://source/shaders/spiral_border.gdshader.
:: at: _load (core/io/resource_loader.cpp:343)
:: C# backtrace (most recent call first):
:: [0] Godot.GodotObject Godot.NativeCalls.godot_icall_3_761(nint, nint, string, string, int) (/root/godot/modules/mono/glue/GodotSharp/GodotSharp/Generated/NativeCalls.cs:6854)
:: [1] Godot.Resource Godot.ResourceLoader.Load(string, string, Godot.ResourceLoader+CacheMode) (/root/godot/modules/mono/glue/GodotSharp/GodotSharp/Generated/GodotObjects/ResourceLoader.cs:120)
:: [2] T Godot.ResourceLoader.Load&lt;T&gt;(string, string, Godot.ResourceLoader+CacheMode) (/root/godot/modules/mono/glue/GodotSharp/GodotSharp/Core/Extensions/ResourceLoaderExtensions.cs:27)
:: [3] T Godot.GD.Load&lt;T&gt;(string) (/root/godot/modules/mono/glue/GodotSharp/GodotSharp/Core/GD.cs:129)
:: [4] void OmegaSpiral.Source.Ui.Omega.OmegaBorderFrame.InitializeShader() (/home/adam/Dev/omega-spiral/chapter-zero/source/frontend/ui/omega/OmegaBorderFrame.cs:65)
:: [5] void OmegaSpiral.Source.Ui.Omega.OmegaBorderFrame._Ready() (/home/adam/Dev/omega-spiral/chapter-zero/source/frontend/ui/omega/OmegaBorderFrame.cs:49)
:: [6] bool Godot.Node.InvokeGodotClassMethod(Godot.NativeInterop.godot_string_name&amp;, Godot.NativeInterop.NativeVariantPtrArgs, Godot.NativeInterop.godot_variant&amp;) (/root/godot/modules/mono/glue/GodotSharp/GodotSharp/Generated/GodotObjects/Node.cs:2631)
:: [7] bool Godot.CanvasItem.InvokeGodotClassMethod(Godot.NativeInterop.godot_string_name&amp;, Godot.NativeInterop.NativeVariantPtrArgs, Godot.NativeInterop.godot_variant&amp;) (/root/godot/modules/mono/glue/GodotSharp/GodotSharp/Generated/GodotObjects/CanvasItem.cs:1786)
:: [8] bool Godot.Control.InvokeGodotClassMethod(Godot.NativeInterop.godot_string_name&amp;, Godot.NativeInterop.NativeVariantPtrArgs, Godot.NativeInterop.godot_variant&amp;) (/root/godot/modules/mono/glue/GodotSharp/GodotSharp/Generated/GodotObjects/Control.cs:3508)
:: [9] bool Godot.ColorRect.InvokeGodotClassMethod(Godot.NativeInterop.godot_string_name&amp;, Godot.NativeInterop.NativeVariantPtrArgs, Godot.NativeInterop.godot_variant&amp;) (/root/godot/modules/mono/glue/GodotSharp/GodotSharp/Generated/GodotObjects/ColorRect.cs:84)
:: [10] bool OmegaSpiral.Source.Ui.Omega.OmegaBorderFrame.InvokeGodotClassMethod(Godot.NativeInterop.godot_string_name&amp;, Godot.NativeInterop.NativeVariantPtrArgs, Godot.NativeInterop.godot_variant&amp;) (/home/adam/Dev/omega-spiral/chapter-zero/.godot/mono/temp/obj/Debug/Godot.SourceGenerators/Godot.SourceGenerators.ScriptMethodsGenerator/OmegaSpiral.Source.Ui.Omega.OmegaBorderFrame_ScriptMethods.generated.cs:130)
:: [11] Godot.NativeInterop.godot_bool Godot.Bridge.CSharpInstanceBridge.Call(nint, Godot.NativeInterop.godot_string_name*, Godot.NativeInterop.godot_variant**, int, Godot.NativeInterop.godot_variant_call_error*, Godot.NativeInterop.godot_variant*) (/root/godot/modules/mono/glue/GodotSharp/GodotSharp/Core/Bridge/CSharpInstanceBridge.cs:24)
:: [12] void Godot.NativeInterop.NativeFuncs.godotsharp_method_bind_ptrcall(nint, nint, System.Void**, System.Void*) (/root/godot/modules/mono/glue/GodotSharp/GodotSharp/Godot.SourceGenerators.Internal/Godot.SourceGenerators.Internal.UnmanagedCallbacksGenerator/Godot.NativeInterop.NativeFuncs.generated.cs:380)
:: [13] void Godot.NativeCalls.godot_icall_3_1042(nint, nint, nint, Godot.NativeInterop.godot_bool, int) (/root/godot/modules/mono/glue/GodotSharp/GodotSharp/Generated/NativeCalls.cs:9587)
:: [14] void Godot.Node.AddChild(Godot.Node, bool, Godot.Node+InternalMode) (/root/godot/modules/mono/glue/GodotSharp/GodotSharp/Generated/GodotObjects/Node.cs:821)
:: [15] void OmegaSpiral.Tests.Ui.Omega.OmegaBorderFrame_UnitTests+&lt;Setup&gt;d__2.MoveNext() (/home/adam/Dev/omega-spiral/chapter-zero/tests/ui/omega/OmegaBorderFrameTests.cs:39)
:: [16] void System.Runtime.CompilerServices.AsyncMethodBuilderCore.Start&lt;TStateMachine&gt;(TStateMachine&amp;)
:: [17] System.Threading.Tasks.Task OmegaSpiral.Tests.Ui.Omega.OmegaBorderFrame_UnitTests.Setup()
:: [18] object System.Reflection.MethodBaseInvoker.InterpretedInvoke_Method(object, System.IntPtr*)
:: [19] object System.Reflection.MethodBaseInvoker.InvokeWithNoArgs(object, System.Reflection.BindingFlags)
:: [20] object System.Reflection.RuntimeMethodInfo.Invoke(object, System.Reflection.BindingFlags, System.Reflection.Binder, System.Object[], System.Globalization.CultureInfo)
:: [21] void GdUnit4.Core.Execution.ExecutionStage`1+&lt;ExecuteStage&gt;d__37.MoveNext()
:: [22] void System.Runtime.CompilerServices.AsyncMethodBuilderCore.Start&lt;TStateMachine&gt;(TStateMachine&amp;)
:: [23] System.Threading.Tasks.Task GdUnit4.Core.Execution.ExecutionStage`1.ExecuteStage(GdUnit4.Core.Execution.ExecutionContext)
:: [24] void GdUnit4.Core.Execution.ExecutionStage`1+&lt;Execute&gt;d__30.MoveNext()
:: [25] void System.Runtime.CompilerServices.AsyncMethodBuilderCore.Start&lt;TStateMachine&gt;(TStateMachine&amp;)
:: [26] System.Threading.Tasks.Task GdUnit4.Core.Execution.ExecutionStage`1.Execute(GdUnit4.Core.Execution.ExecutionContext)
:: [27] System.Threading.Tasks.Task GdUnit4.Core.Execution.BeforeExecutionStage.&lt;&gt;n__0(GdUnit4.Core.Execution.ExecutionContext)
:: [28] void GdUnit4.Core.Execution.BeforeExecutionStage+&lt;Execute&gt;d__1.MoveNext()
:: [29] void System.Runtime.CompilerServices.AsyncMethodBuilderCore.Start&lt;TStateMachine&gt;(TStateMachine&amp;)
:: [30] System.Threading.Tasks.Task GdUnit4.Core.Execution.BeforeExecutionStage.Execute(GdUnit4.Core.Execution.ExecutionContext)
:: [31] void GdUnit4.Core.Execution.TestSuiteExecutionStage+&lt;Execute&gt;d__13.MoveNext()
:: [32] void System.Runtime.CompilerServices.AsyncMethodBuilderCore.Start&lt;TStateMachine&gt;(TStateMachine&amp;)
:: [33] System.Threading.Tasks.Task GdUnit4.Core.Execution.TestSuiteExecutionStage.Execute(GdUnit4.Core.Execution.ExecutionContext)
:: [34] void GdUnit4.Core.Commands.ExecuteTestSuiteCommand+&lt;Execute&gt;d__18.MoveNext()
:: [35] void System.Runtime.CompilerServices.AsyncTaskMethodBuilder`1+AsyncStateMachineBox`1.ExecutionContextCallback(object)
:: [36] void System.Threading.ExecutionContext.RunInternal(System.Threading.ExecutionContext, System.Threading.ContextCallback, object)
:: [37] void System.Runtime.CompilerServices.AsyncTaskMethodBuilder`1+AsyncStateMachineBox`1.MoveNext(System.Threading.Thread)
:: [38] void Godot.SignalAwaiter.SignalCallback(nint, Godot.NativeInterop.godot_variant**, int, Godot.NativeInterop.godot_bool*) (/root/godot/modules/mono/glue/GodotSharp/GodotSharp/Core/SignalAwaiter.cs:65)
:: ERROR: Error loading resource: 'res://source/shaders/spiral_border.gdshader'.
:: at: load (core/core_bind.cpp:76)
:: C# backtrace (most recent call first):
:: [0] Godot.GodotObject Godot.NativeCalls.godot_icall_3_761(nint, nint, string, string, int) (/root/godot/modules/mono/glue/GodotSharp/GodotSharp/Generated/NativeCalls.cs:6854)
:: [1] Godot.Resource Godot.ResourceLoader.Load(string, string, Godot.ResourceLoader+CacheMode) (/root/godot/modules/mono/glue/GodotSharp/GodotSharp/Generated/GodotObjects/ResourceLoader.cs:120)
:: [2] T Godot.ResourceLoader.Load&lt;T&gt;(string, string, Godot.ResourceLoader+CacheMode) (/root/godot/modules/mono/glue/GodotSharp/GodotSharp/Core/Extensions/ResourceLoaderExtensions.cs:27)
:: [3] T Godot.GD.Load&lt;T&gt;(string) (/root/godot/modules/mono/glue/GodotSharp/GodotSharp/Core/GD.cs:129)
:: [4] void OmegaSpiral.Source.Ui.Omega.OmegaBorderFrame.InitializeShader() (/home/adam/Dev/omega-spiral/chapter-zero/source/frontend/ui/omega/OmegaBorderFrame.cs:65)
:: [5] void OmegaSpiral.Source.Ui.Omega.OmegaBorderFrame._Ready() (/home/adam/Dev/omega-spiral/chapter-zero/source/frontend/ui/omega/OmegaBorderFrame.cs:49)
:: [6] bool Godot.Node.InvokeGodotClassMethod(Godot.NativeInterop.godot_string_name&amp;, Godot.NativeInterop.NativeVariantPtrArgs, Godot.NativeInterop.godot_variant&amp;) (/root/godot/modules/mono/glue/GodotSharp/GodotSharp/Generated/GodotObjects/Node.cs:2631)
:: [7] bool Godot.CanvasItem.InvokeGodotClassMethod(Godot.NativeInterop.godot_string_name&amp;, Godot.NativeInterop.NativeVariantPtrArgs, Godot.NativeInterop.godot_variant&amp;) (/root/godot/modules/mono/glue/GodotSharp/GodotSharp/Generated/GodotObjects/CanvasItem.cs:1786)
:: [8] bool Godot.Control.InvokeGodotClassMethod(Godot.NativeInterop.godot_string_name&amp;, Godot.NativeInterop.NativeVariantPtrArgs, Godot.NativeInterop.godot_variant&amp;) (/root/godot/modules/mono/glue/GodotSharp/GodotSharp/Generated/GodotObjects/Control.cs:3508)
:: [9] bool Godot.ColorRect.InvokeGodotClassMethod(Godot.NativeInterop.godot_string_name&amp;, Godot.NativeInterop.NativeVariantPtrArgs, Godot.NativeInterop.godot_variant&amp;) (/root/godot/modules/mono/glue/GodotSharp/GodotSharp/Generated/GodotObjects/ColorRect.cs:84)
:: [10] bool OmegaSpiral.Source.Ui.Omega.OmegaBorderFrame.InvokeGodotClassMethod(Godot.NativeInterop.godot_string_name&amp;, Godot.NativeInterop.NativeVariantPtrArgs, Godot.NativeInterop.godot_variant&amp;) (/home/adam/Dev/omega-spiral/chapter-zero/.godot/mono/temp/obj/Debug/Godot.SourceGenerators/Godot.SourceGenerators.ScriptMethodsGenerator/OmegaSpiral.Source.Ui.Omega.OmegaBorderFrame_ScriptMethods.generated.cs:130)
:: [11] Godot.NativeInterop.godot_bool Godot.Bridge.CSharpInstanceBridge.Call(nint, Godot.NativeInterop.godot_string_name*, Godot.NativeInterop.godot_variant**, int, Godot.NativeInterop.godot_variant_call_error*, Godot.NativeInterop.godot_variant*) (/root/godot/modules/mono/glue/GodotSharp/GodotSharp/Core/Bridge/CSharpInstanceBridge.cs:24)
:: [12] void Godot.NativeInterop.NativeFuncs.godotsharp_method_bind_ptrcall(nint, nint, System.Void**, System.Void*) (/root/godot/modules/mono/glue/GodotSharp/GodotSharp/Godot.SourceGenerators.Internal/Godot.SourceGenerators.Internal.UnmanagedCallbacksGenerator/Godot.NativeInterop.NativeFuncs.generated.cs:380)
:: [13] void Godot.NativeCalls.godot_icall_3_1042(nint, nint, nint, Godot.NativeInterop.godot_bool, int) (/root/godot/modules/mono/glue/GodotSharp/GodotSharp/Generated/NativeCalls.cs:9587)
:: [14] void Godot.Node.AddChild(Godot.Node, bool, Godot.Node+InternalMode) (/root/godot/modules/mono/glue/GodotSharp/GodotSharp/Generated/GodotObjects/Node.cs:821)
:: [15] void OmegaSpiral.Tests.Ui.Omega.OmegaBorderFrame_UnitTests+&lt;Setup&gt;d__2.MoveNext() (/home/adam/Dev/omega-spiral/chapter-zero/tests/ui/omega/OmegaBorderFrameTests.cs:39)
:: [16] void System.Runtime.CompilerServices.AsyncMethodBuilderCore.Start&lt;TStateMachine&gt;(TStateMachine&amp;)
:: [17] System.Threading.Tasks.Task OmegaSpiral.Tests.Ui.Omega.OmegaBorderFrame_UnitTests.Setup()
:: [18] object System.Reflection.MethodBaseInvoker.InterpretedInvoke_Method(object, System.IntPtr*)
:: [19] object System.Reflection.MethodBaseInvoker.InvokeWithNoArgs(object, System.Reflection.BindingFlags)
:: [20] object System.Reflection.RuntimeMethodInfo.Invoke(object, System.Reflection.BindingFlags, System.Reflection.Binder, System.Object[], System.Globalization.CultureInfo)
:: [21] void GdUnit4.Core.Execution.ExecutionStage`1+&lt;ExecuteStage&gt;d__37.MoveNext()
:: [22] void System.Runtime.CompilerServices.AsyncMethodBuilderCore.Start&lt;TStateMachine&gt;(TStateMachine&amp;)
:: [23] System.Threading.Tasks.Task GdUnit4.Core.Execution.ExecutionStage`1.ExecuteStage(GdUnit4.Core.Execution.ExecutionContext)
:: [24] void GdUnit4.Core.Execution.ExecutionStage`1+&lt;Execute&gt;d__30.MoveNext()
:: [25] void System.Runtime.CompilerServices.AsyncMethodBuilderCore.Start&lt;TStateMachine&gt;(TStateMachine&amp;)
:: [26] System.Threading.Tasks.Task GdUnit4.Core.Execution.ExecutionStage`1.Execute(GdUnit4.Core.Execution.ExecutionContext)
:: [27] System.Threading.Tasks.Task GdUnit4.Core.Execution.BeforeExecutionStage.&lt;&gt;n__0(GdUnit4.Core.Execution.ExecutionContext)
:: [28] void GdUnit4.Core.Execution.BeforeExecutionStage+&lt;Execute&gt;d__1.MoveNext()
:: [29] void System.Runtime.CompilerServices.AsyncMethodBuilderCore.Start&lt;TStateMachine&gt;(TStateMachine&amp;)
:: [30] System.Threading.Tasks.Task GdUnit4.Core.Execution.BeforeExecutionStage.Execute(GdUnit4.Core.Execution.ExecutionContext)
:: [31] void GdUnit4.Core.Execution.TestSuiteExecutionStage+&lt;Execute&gt;d__13.MoveNext()
:: [32] void System.Runtime.CompilerServices.AsyncMethodBuilderCore.Start&lt;TStateMachine&gt;(TStateMachine&amp;)
:: [33] System.Threading.Tasks.Task GdUnit4.Core.Execution.TestSuiteExecutionStage.Execute(GdUnit4.Core.Execution.ExecutionContext)
:: [34] void GdUnit4.Core.Commands.ExecuteTestSuiteCommand+&lt;Execute&gt;d__18.MoveNext()
:: [35] void System.Runtime.CompilerServices.AsyncTaskMethodBuilder`1+AsyncStateMachineBox`1.ExecutionContextCallback(object)
:: [36] void System.Threading.ExecutionContext.RunInternal(System.Threading.ExecutionContext, System.Threading.ContextCallback, object)
:: [37] void System.Runtime.CompilerServices.AsyncTaskMethodBuilder`1+AsyncStateMachineBox`1.MoveNext(System.Threading.Thread)
:: [38] void Godot.SignalAwaiter.SignalCallback(nint, Godot.NativeInterop.godot_variant**, int, Godot.NativeInterop.godot_bool*) (/root/godot/modules/mono/glue/GodotSharp/GodotSharp/Core/SignalAwaiter.cs:65)
:: ERROR: [OmegaBorderFrame] spiral_border.gdshader not found at res://source/shaders/spiral_border.gdshader
:: at: void OmegaSpiral.Source.Ui.Omega.OmegaBorderFrame.InitializeShader() (res://source/frontend/ui/omega/OmegaBorderFrame.cs:68)
:: C# backtrace (most recent call first):
:: [0] void Godot.GD.PushError(string) (/root/godot/modules/mono/glue/GodotSharp/GodotSharp/Core/GD.cs:366)
:: [1] void OmegaSpiral.Source.Ui.Omega.OmegaBorderFrame.InitializeShader() (/home/adam/Dev/omega-spiral/chapter-zero/source/frontend/ui/omega/OmegaBorderFrame.cs:68)
:: [2] void OmegaSpiral.Source.Ui.Omega.OmegaBorderFrame._Ready() (/home/adam/Dev/omega-spiral/chapter-zero/source/frontend/ui/omega/OmegaBorderFrame.cs:49)
:: [3] bool Godot.Node.InvokeGodotClassMethod(Godot.NativeInterop.godot_string_name&amp;, Godot.NativeInterop.NativeVariantPtrArgs, Godot.NativeInterop.godot_variant&amp;) (/root/godot/modules/mono/glue/GodotSharp/GodotSharp/Generated/GodotObjects/Node.cs:2631)
:: [4] bool Godot.CanvasItem.InvokeGodotClassMethod(Godot.NativeInterop.godot_string_name&amp;, Godot.NativeInterop.NativeVariantPtrArgs, Godot.NativeInterop.godot_variant&amp;) (/root/godot/modules/mono/glue/GodotSharp/GodotSharp/Generated/GodotObjects/CanvasItem.cs:1786)
:: [5] bool Godot.Control.InvokeGodotClassMethod(Godot.NativeInterop.godot_string_name&amp;, Godot.NativeInterop.NativeVariantPtrArgs, Godot.NativeInterop.godot_variant&amp;) (/root/godot/modules/mono/glue/GodotSharp/GodotSharp/Generated/GodotObjects/Control.cs:3508)
:: [6] bool Godot.ColorRect.InvokeGodotClassMethod(Godot.NativeInterop.godot_string_name&amp;, Godot.NativeInterop.NativeVariantPtrArgs, Godot.NativeInterop.godot_variant&amp;) (/root/godot/modules/mono/glue/GodotSharp/GodotSharp/Generated/GodotObjects/ColorRect.cs:84)
:: [7] bool OmegaSpiral.Source.Ui.Omega.OmegaBorderFrame.InvokeGodotClassMethod(Godot.NativeInterop.godot_string_name&amp;, Godot.NativeInterop.NativeVariantPtrArgs, Godot.NativeInterop.godot_variant&amp;) (/home/adam/Dev/omega-spiral/chapter-zero/.godot/mono/temp/obj/Debug/Godot.SourceGenerators/Godot.SourceGenerators.ScriptMethodsGenerator/OmegaSpiral.Source.Ui.Omega.OmegaBorderFrame_ScriptMethods.generated.cs:130)
:: [8] Godot.NativeInterop.godot_bool Godot.Bridge.CSharpInstanceBridge.Call(nint, Godot.NativeInterop.godot_string_name*, Godot.NativeInterop.godot_variant**, int, Godot.NativeInterop.godot_variant_call_error*, Godot.NativeInterop.godot_variant*) (/root/godot/modules/mono/glue/GodotSharp/GodotSharp/Core/Bridge/CSharpInstanceBridge.cs:24)
:: [9] void Godot.NativeInterop.NativeFuncs.godotsharp_method_bind_ptrcall(nint, nint, System.Void**, System.Void*) (/root/godot/modules/mono/glue/GodotSharp/GodotSharp/Godot.SourceGenerators.Internal/Godot.SourceGenerators.Internal.UnmanagedCallbacksGenerator/Godot.NativeInterop.NativeFuncs.generated.cs:380)
:: [10] void Godot.NativeCalls.godot_icall_3_1042(nint, nint, nint, Godot.NativeInterop.godot_bool, int) (/root/godot/modules/mono/glue/GodotSharp/GodotSharp/Generated/NativeCalls.cs:9587)
:: [11] void Godot.Node.AddChild(Godot.Node, bool, Godot.Node+InternalMode) (/root/godot/modules/mono/glue/GodotSharp/GodotSharp/Generated/GodotObjects/Node.cs:821)
:: [12] void OmegaSpiral.Tests.Ui.Omega.OmegaBorderFrame_UnitTests+&lt;Setup&gt;d__2.MoveNext() (/home/adam/Dev/omega-spiral/chapter-zero/tests/ui/omega/OmegaBorderFrameTests.cs:39)
:: [13] void System.Runtime.CompilerServices.AsyncMethodBuilderCore.Start&lt;TStateMachine&gt;(TStateMachine&amp;)
:: [14] System.Threading.Tasks.Task OmegaSpiral.Tests.Ui.Omega.OmegaBorderFrame_UnitTests.Setup()
:: [15] object System.Reflection.MethodBaseInvoker.InterpretedInvoke_Method(object, System.IntPtr*)
:: [16] object System.Reflection.MethodBaseInvoker.InvokeWithNoArgs(object, System.Reflection.BindingFlags)
:: [17] object System.Reflection.RuntimeMethodInfo.Invoke(object, System.Reflection.BindingFlags, System.Reflection.Binder, System.Object[], System.Globalization.CultureInfo)
:: [18] void GdUnit4.Core.Execution.ExecutionStage`1+&lt;ExecuteStage&gt;d__37.MoveNext()
:: [19] void System.Runtime.CompilerServices.AsyncMethodBuilderCore.Start&lt;TStateMachine&gt;(TStateMachine&amp;)
:: [20] System.Threading.Tasks.Task GdUnit4.Core.Execution.ExecutionStage`1.ExecuteStage(GdUnit4.Core.Execution.ExecutionContext)
:: [21] void GdUnit4.Core.Execution.ExecutionStage`1+&lt;Execute&gt;d__30.MoveNext()
:: [22] void System.Runtime.CompilerServices.AsyncMethodBuilderCore.Start&lt;TStateMachine&gt;(TStateMachine&amp;)
:: [23] System.Threading.Tasks.Task GdUnit4.Core.Execution.ExecutionStage`1.Execute(GdUnit4.Core.Execution.ExecutionContext)
:: [24] System.Threading.Tasks.Task GdUnit4.Core.Execution.BeforeExecutionStage.&lt;&gt;n__0(GdUnit4.Core.Execution.ExecutionContext)
:: [25] void GdUnit4.Core.Execution.BeforeExecutionStage+&lt;Execute&gt;d__1.MoveNext()
:: [26] void System.Runtime.CompilerServices.AsyncMethodBuilderCore.Start&lt;TStateMachine&gt;(TStateMachine&amp;)
:: [27] System.Threading.Tasks.Task GdUnit4.Core.Execution.BeforeExecutionStage.Execute(GdUnit4.Core.Execution.ExecutionContext)
:: [28] void GdUnit4.Core.Execution.TestSuiteExecutionStage+&lt;Execute&gt;d__13.MoveNext()
:: [29] void System.Runtime.CompilerServices.AsyncMethodBuilderCore.Start&lt;TStateMachine&gt;(TStateMachine&amp;)
:: [30] System.Threading.Tasks.Task GdUnit4.Core.Execution.TestSuiteExecutionStage.Execute(GdUnit4.Core.Execution.ExecutionContext)
:: [31] void GdUnit4.Core.Commands.ExecuteTestSuiteCommand+&lt;Execute&gt;d__18.MoveNext()
:: [32] void System.Runtime.CompilerServices.AsyncTaskMethodBuilder`1+AsyncStateMachineBox`1.ExecutionContextCallback(object)
:: [33] void System.Threading.ExecutionContext.RunInternal(System.Threading.ExecutionContext, System.Threading.ContextCallback, object)
:: [34] void System.Runtime.CompilerServices.AsyncTaskMethodBuilder`1+AsyncStateMachineBox`1.MoveNext(System.Threading.Thread)
:: [35] void Godot.SignalAwaiter.SignalCallback(nint, Godot.NativeInterop.godot_variant**, int, Godot.NativeInterop.godot_bool*) (/root/godot/modules/mono/glue/GodotSharp/GodotSharp/Core/SignalAwaiter.cs:65)
    [DesignConfigService] Loaded 13 colors and 7 shader defaults.
:: WARNING: [OmegaBorderFrame] Cannot configure animation - ShaderMaterial not initialized
:: at: void OmegaSpiral.Source.Ui.Omega.OmegaBorderFrame.ConfigureAnimationSpeed(float, float) (res://source/frontend/ui/omega/OmegaBorderFrame.cs:173)
:: C# backtrace (most recent call first):
:: [0] void Godot.GD.PushWarning(string) (/root/godot/modules/mono/glue/GodotSharp/GodotSharp/Core/GD.cs:396)
:: [1] void OmegaSpiral.Source.Ui.Omega.OmegaBorderFrame.ConfigureAnimationSpeed(float, float) (/home/adam/Dev/omega-spiral/chapter-zero/source/frontend/ui/omega/OmegaBorderFrame.cs:173)
:: [2] void OmegaSpiral.Tests.Ui.Omega.OmegaBorderFrame_UnitTests.ConfigureAnimationSpeed_UpdatesBothParameters() (/home/adam/Dev/omega-spiral/chapter-zero/tests/ui/omega/OmegaBorderFrameTests.cs:213)
:: [3] object System.Reflection.MethodBaseInvoker.InterpretedInvoke_Method(object, System.IntPtr*)
:: [4] object System.Reflection.MethodBaseInvoker.InvokeWithNoArgs(object, System.Reflection.BindingFlags)
:: [5] object System.Reflection.RuntimeMethodInfo.Invoke(object, System.Reflection.BindingFlags, System.Reflection.Binder, System.Object[], System.Globalization.CultureInfo)
:: [6] void GdUnit4.Core.Execution.ExecutionStage`1+&lt;ExecuteStage&gt;d__37.MoveNext()
:: [7] void System.Runtime.CompilerServices.AsyncMethodBuilderCore.Start&lt;TStateMachine&gt;(TStateMachine&amp;)
:: [8] System.Threading.Tasks.Task GdUnit4.Core.Execution.ExecutionStage`1.ExecuteStage(GdUnit4.Core.Execution.ExecutionContext)
:: [9] void GdUnit4.Core.Execution.ExecutionStage`1+&lt;Execute&gt;d__30.MoveNext()
:: [10] void System.Runtime.CompilerServices.AsyncMethodBuilderCore.Start&lt;TStateMachine&gt;(TStateMachine&amp;)
:: [11] System.Threading.Tasks.Task GdUnit4.Core.Execution.ExecutionStage`1.Execute(GdUnit4.Core.Execution.ExecutionContext)
:: [12] System.Threading.Tasks.Task GdUnit4.Core.Execution.TestCaseExecutionStage.&lt;&gt;n__0(GdUnit4.Core.Execution.ExecutionContext)
:: [13] void GdUnit4.Core.Execution.TestCaseExecutionStage+&lt;Execute&gt;d__1.MoveNext()
:: [14] void System.Runtime.CompilerServices.AsyncMethodBuilderCore.Start&lt;TStateMachine&gt;(TStateMachine&amp;)
:: [15] System.Threading.Tasks.Task GdUnit4.Core.Execution.TestCaseExecutionStage.Execute(GdUnit4.Core.Execution.ExecutionContext)
:: [16] void GdUnit4.Core.Execution.TestSuiteExecutionStage+&lt;RunTestCase&gt;d__15.MoveNext()
:: [17] void System.Threading.ExecutionContext.RunInternal(System.Threading.ExecutionContext, System.Threading.ContextCallback, object)
:: [18] void System.Runtime.CompilerServices.AsyncTaskMethodBuilder`1+AsyncStateMachineBox`1.MoveNext(System.Threading.Thread)
:: [19] void System.Threading.Tasks.AwaitTaskContinuation.RunCallback(System.Threading.ContextCallback, object, System.Threading.Tasks.Task&amp;)
:: [20] void System.Threading.Tasks.Task.RunContinuations(object)
:: [21] bool System.Threading.Tasks.Task`1.TrySetResult(TResult)
:: [22] void System.Runtime.CompilerServices.AsyncTaskMethodBuilder`1.SetExistingTaskResult(System.Threading.Tasks.Task`1[TResult], TResult)
:: [23] void GdUnit4.Core.Execution.BeforeTestExecutionStage+&lt;Execute&gt;d__1.MoveNext()
:: [24] void System.Threading.ExecutionContext.RunInternal(System.Threading.ExecutionContext, System.Threading.ContextCallback, object)
:: [25] void System.Runtime.CompilerServices.AsyncTaskMethodBuilder`1+AsyncStateMachineBox`1.MoveNext(System.Threading.Thread)
:: [26] void System.Threading.Tasks.AwaitTaskContinuation.RunCallback(System.Threading.ContextCallback, object, System.Threading.Tasks.Task&amp;)
:: [27] void System.Threading.Tasks.Task.RunContinuations(object)
:: [28] bool System.Threading.Tasks.Task`1.TrySetResult(TResult)
:: [29] void System.Runtime.CompilerServices.AsyncTaskMethodBuilder`1.SetExistingTaskResult(System.Threading.Tasks.Task`1[TResult], TResult)
:: [30] void GdUnit4.Core.Execution.ExecutionStage`1+&lt;Execute&gt;d__30.MoveNext()
:: [31] void System.Threading.ExecutionContext.RunInternal(System.Threading.ExecutionContext, System.Threading.ContextCallback, object)
:: [32] void System.Runtime.CompilerServices.AsyncTaskMethodBuilder`1+AsyncStateMachineBox`1.MoveNext(System.Threading.Thread)
:: [33] void Godot.GodotSynchronizationContext.ExecutePendingContinuations() (/root/godot/modules/mono/glue/GodotSharp/GodotSharp/Core/GodotSynchronizationContext.cs:51)
:: [34] void Godot.GodotTaskScheduler.Activate() (/root/godot/modules/mono/glue/GodotSharp/GodotSharp/Core/GodotTaskScheduler.cs:76)
:: [35] void Godot.Bridge.ScriptManagerBridge.FrameCallback() (/root/godot/modules/mono/glue/GodotSharp/GodotSharp/Core/Bridge/ScriptManagerBridge.cs:84)
:: WARNING: [OmegaBorderFrame] Cannot configure animation - ShaderMaterial not initialized
:: at: void OmegaSpiral.Source.Ui.Omega.OmegaBorderFrame.ConfigureAnimationSpeed(float, float) (res://source/frontend/ui/omega/OmegaBorderFrame.cs:173)
:: C# backtrace (most recent call first):
:: [0] void Godot.GD.PushWarning(string) (/root/godot/modules/mono/glue/GodotSharp/GodotSharp/Core/GD.cs:396)
:: [1] void OmegaSpiral.Source.Ui.Omega.OmegaBorderFrame.ConfigureAnimationSpeed(float, float) (/home/adam/Dev/omega-spiral/chapter-zero/source/frontend/ui/omega/OmegaBorderFrame.cs:173)
:: [2] void OmegaSpiral.Tests.Ui.Omega.OmegaBorderFrame_UnitTests.ConfigureAnimationSpeed_ClampsToValidRanges() (/home/adam/Dev/omega-spiral/chapter-zero/tests/ui/omega/OmegaBorderFrameTests.cs:230)
:: [3] object System.Reflection.MethodBaseInvoker.InterpretedInvoke_Method(object, System.IntPtr*)
:: [4] object System.Reflection.MethodBaseInvoker.InvokeWithNoArgs(object, System.Reflection.BindingFlags)
:: [5] object System.Reflection.RuntimeMethodInfo.Invoke(object, System.Reflection.BindingFlags, System.Reflection.Binder, System.Object[], System.Globalization.CultureInfo)
:: [6] void GdUnit4.Core.Execution.ExecutionStage`1+&lt;ExecuteStage&gt;d__37.MoveNext()
:: [7] void System.Runtime.CompilerServices.AsyncMethodBuilderCore.Start&lt;TStateMachine&gt;(TStateMachine&amp;)
:: [8] System.Threading.Tasks.Task GdUnit4.Core.Execution.ExecutionStage`1.ExecuteStage(GdUnit4.Core.Execution.ExecutionContext)
:: [9] void GdUnit4.Core.Execution.ExecutionStage`1+&lt;Execute&gt;d__30.MoveNext()
:: [10] void System.Runtime.CompilerServices.AsyncMethodBuilderCore.Start&lt;TStateMachine&gt;(TStateMachine&amp;)
:: [11] System.Threading.Tasks.Task GdUnit4.Core.Execution.ExecutionStage`1.Execute(GdUnit4.Core.Execution.ExecutionContext)
:: [12] System.Threading.Tasks.Task GdUnit4.Core.Execution.TestCaseExecutionStage.&lt;&gt;n__0(GdUnit4.Core.Execution.ExecutionContext)
:: [13] void GdUnit4.Core.Execution.TestCaseExecutionStage+&lt;Execute&gt;d__1.MoveNext()
:: [14] void System.Runtime.CompilerServices.AsyncMethodBuilderCore.Start&lt;TStateMachine&gt;(TStateMachine&amp;)
:: [15] System.Threading.Tasks.Task GdUnit4.Core.Execution.TestCaseExecutionStage.Execute(GdUnit4.Core.Execution.ExecutionContext)
:: [16] void GdUnit4.Core.Execution.TestSuiteExecutionStage+&lt;RunTestCase&gt;d__15.MoveNext()
:: [17] void System.Threading.ExecutionContext.RunInternal(System.Threading.ExecutionContext, System.Threading.ContextCallback, object)
:: [18] void System.Runtime.CompilerServices.AsyncTaskMethodBuilder`1+AsyncStateMachineBox`1.MoveNext(System.Threading.Thread)
:: [19] void System.Threading.Tasks.AwaitTaskContinuation.RunCallback(System.Threading.ContextCallback, object, System.Threading.Tasks.Task&amp;)
:: [20] void System.Threading.Tasks.Task.RunContinuations(object)
:: [21] bool System.Threading.Tasks.Task`1.TrySetResult(TResult)
:: [22] void System.Runtime.CompilerServices.AsyncTaskMethodBuilder`1.SetExistingTaskResult(System.Threading.Tasks.Task`1[TResult], TResult)
:: [23] void GdUnit4.Core.Execution.BeforeTestExecutionStage+&lt;Execute&gt;d__1.MoveNext()
:: [24] void System.Threading.ExecutionContext.RunInternal(System.Threading.ExecutionContext, System.Threading.ContextCallback, object)
:: [25] void System.Runtime.CompilerServices.AsyncTaskMethodBuilder`1+AsyncStateMachineBox`1.MoveNext(System.Threading.Thread)
:: [26] void System.Threading.Tasks.AwaitTaskContinuation.RunCallback(System.Threading.ContextCallback, object, System.Threading.Tasks.Task&amp;)
:: [27] void System.Threading.Tasks.Task.RunContinuations(object)
:: [28] bool System.Threading.Tasks.Task`1.TrySetResult(TResult)
:: [29] void System.Runtime.CompilerServices.AsyncTaskMethodBuilder`1.SetExistingTaskResult(System.Threading.Tasks.Task`1[TResult], TResult)
:: [30] void GdUnit4.Core.Execution.ExecutionStage`1+&lt;Execute&gt;d__30.MoveNext()
:: [31] void System.Threading.ExecutionContext.RunInternal(System.Threading.ExecutionContext, System.Threading.ContextCallback, object)
:: [32] void System.Runtime.CompilerServices.AsyncTaskMethodBuilder`1+AsyncStateMachineBox`1.MoveNext(System.Threading.Thread)
:: [33] void Godot.GodotSynchronizationContext.ExecutePendingContinuations() (/root/godot/modules/mono/glue/GodotSharp/GodotSharp/Core/GodotSynchronizationContext.cs:51)
:: [34] void Godot.GodotTaskScheduler.Activate() (/root/godot/modules/mono/glue/GodotSharp/GodotSharp/Core/GodotTaskScheduler.cs:76)
:: [35] void Godot.Bridge.ScriptManagerBridge.FrameCallback() (/root/godot/modules/mono/glue/GodotSharp/GodotSharp/Core/Bridge/ScriptManagerBridge.cs:84)
:: WARNING: [OmegaBorderFrame] Cannot configure animation - ShaderMaterial not initialized
:: at: void OmegaSpiral.Source.Ui.Omega.OmegaBorderFrame.ConfigureAnimationSpeed(float, float) (res://source/frontend/ui/omega/OmegaBorderFrame.cs:173)
:: C# backtrace (most recent call first):
:: [0] void Godot.GD.PushWarning(string) (/root/godot/modules/mono/glue/GodotSharp/GodotSharp/Core/GD.cs:396)
:: [1] void OmegaSpiral.Source.Ui.Omega.OmegaBorderFrame.ConfigureAnimationSpeed(float, float) (/home/adam/Dev/omega-spiral/chapter-zero/source/frontend/ui/omega/OmegaBorderFrame.cs:173)
:: [2] void OmegaSpiral.Tests.Ui.Omega.OmegaBorderFrame_UnitTests.ConfigureAnimationSpeed_AcceptsZero() (/home/adam/Dev/omega-spiral/chapter-zero/tests/ui/omega/OmegaBorderFrameTests.cs:245)
:: [3] object System.Reflection.MethodBaseInvoker.InterpretedInvoke_Method(object, System.IntPtr*)
:: [4] object System.Reflection.MethodBaseInvoker.InvokeWithNoArgs(object, System.Reflection.BindingFlags)
:: [5] object System.Reflection.RuntimeMethodInfo.Invoke(object, System.Reflection.BindingFlags, System.Reflection.Binder, System.Object[], System.Globalization.CultureInfo)
:: [6] void GdUnit4.Core.Execution.ExecutionStage`1+&lt;ExecuteStage&gt;d__37.MoveNext()
:: [7] void System.Runtime.CompilerServices.AsyncMethodBuilderCore.Start&lt;TStateMachine&gt;(TStateMachine&amp;)
:: [8] System.Threading.Tasks.Task GdUnit4.Core.Execution.ExecutionStage`1.ExecuteStage(GdUnit4.Core.Execution.ExecutionContext)
:: [9] void GdUnit4.Core.Execution.ExecutionStage`1+&lt;Execute&gt;d__30.MoveNext()
:: [10] void System.Runtime.CompilerServices.AsyncMethodBuilderCore.Start&lt;TStateMachine&gt;(TStateMachine&amp;)
:: [11] System.Threading.Tasks.Task GdUnit4.Core.Execution.ExecutionStage`1.Execute(GdUnit4.Core.Execution.ExecutionContext)
:: [12] System.Threading.Tasks.Task GdUnit4.Core.Execution.TestCaseExecutionStage.&lt;&gt;n__0(GdUnit4.Core.Execution.ExecutionContext)
:: [13] void GdUnit4.Core.Execution.TestCaseExecutionStage+&lt;Execute&gt;d__1.MoveNext()
:: [14] void System.Runtime.CompilerServices.AsyncMethodBuilderCore.Start&lt;TStateMachine&gt;(TStateMachine&amp;)
:: [15] System.Threading.Tasks.Task GdUnit4.Core.Execution.TestCaseExecutionStage.Execute(GdUnit4.Core.Execution.ExecutionContext)
:: [16] void GdUnit4.Core.Execution.TestSuiteExecutionStage+&lt;RunTestCase&gt;d__15.MoveNext()
:: [17] void System.Threading.ExecutionContext.RunInternal(System.Threading.ExecutionContext, System.Threading.ContextCallback, object)
:: [18] void System.Runtime.CompilerServices.AsyncTaskMethodBuilder`1+AsyncStateMachineBox`1.MoveNext(System.Threading.Thread)
:: [19] void System.Threading.Tasks.AwaitTaskContinuation.RunCallback(System.Threading.ContextCallback, object, System.Threading.Tasks.Task&amp;)
:: [20] void System.Threading.Tasks.Task.RunContinuations(object)
:: [21] bool System.Threading.Tasks.Task`1.TrySetResult(TResult)
:: [22] void System.Runtime.CompilerServices.AsyncTaskMethodBuilder`1.SetExistingTaskResult(System.Threading.Tasks.Task`1[TResult], TResult)
:: [23] void GdUnit4.Core.Execution.BeforeTestExecutionStage+&lt;Execute&gt;d__1.MoveNext()
:: [24] void System.Threading.ExecutionContext.RunInternal(System.Threading.ExecutionContext, System.Threading.ContextCallback, object)
:: [25] void System.Runtime.CompilerServices.AsyncTaskMethodBuilder`1+AsyncStateMachineBox`1.MoveNext(System.Threading.Thread)
:: [26] void System.Threading.Tasks.AwaitTaskContinuation.RunCallback(System.Threading.ContextCallback, object, System.Threading.Tasks.Task&amp;)
:: [27] void System.Threading.Tasks.Task.RunContinuations(object)
:: [28] bool System.Threading.Tasks.Task`1.TrySetResult(TResult)
:: [29] void System.Runtime.CompilerServices.AsyncTaskMethodBuilder`1.SetExistingTaskResult(System.Threading.Tasks.Task`1[TResult], TResult)
:: [30] void GdUnit4.Core.Execution.ExecutionStage`1+&lt;Execute&gt;d__30.MoveNext()
:: [31] void System.Threading.ExecutionContext.RunInternal(System.Threading.ExecutionContext, System.Threading.ContextCallback, object)
:: [32] void System.Runtime.CompilerServices.AsyncTaskMethodBuilder`1+AsyncStateMachineBox`1.MoveNext(System.Threading.Thread)
:: [33] void Godot.GodotSynchronizationContext.ExecutePendingContinuations() (/root/godot/modules/mono/glue/GodotSharp/GodotSharp/Core/GodotSynchronizationContext.cs:51)
:: [34] void Godot.GodotTaskScheduler.Activate() (/root/godot/modules/mono/glue/GodotSharp/GodotSharp/Core/GodotTaskScheduler.cs:76)
:: [35] void Godot.Bridge.ScriptManagerBridge.FrameCallback() (/root/godot/modules/mono/glue/GodotSharp/GodotSharp/Core/Bridge/ScriptManagerBridge.cs:84)
:: WARNING: [OmegaBorderFrame] Cannot update thread colors - ShaderMaterial not initialized
:: at: void OmegaSpiral.Source.Ui.Omega.OmegaBorderFrame.UpdateThreadColors(Godot.Color, Godot.Color, Godot.Color) (res://source/frontend/ui/omega/OmegaBorderFrame.cs:191)
:: C# backtrace (most recent call first):
:: [0] void Godot.GD.PushWarning(string) (/root/godot/modules/mono/glue/GodotSharp/GodotSharp/Core/GD.cs:396)
:: [1] void OmegaSpiral.Source.Ui.Omega.OmegaBorderFrame.UpdateThreadColors(Godot.Color, Godot.Color, Godot.Color) (/home/adam/Dev/omega-spiral/chapter-zero/source/frontend/ui/omega/OmegaBorderFrame.cs:191)
:: [2] void OmegaSpiral.Tests.Ui.Omega.OmegaBorderFrame_UnitTests.UpdateThreadColors_ChangesAllThreads() (/home/adam/Dev/omega-spiral/chapter-zero/tests/ui/omega/OmegaBorderFrameTests.cs:264)
:: [3] object System.Reflection.MethodBaseInvoker.InterpretedInvoke_Method(object, System.IntPtr*)
:: [4] object System.Reflection.MethodBaseInvoker.InvokeWithNoArgs(object, System.Reflection.BindingFlags)
:: [5] object System.Reflection.RuntimeMethodInfo.Invoke(object, System.Reflection.BindingFlags, System.Reflection.Binder, System.Object[], System.Globalization.CultureInfo)
:: [6] void GdUnit4.Core.Execution.ExecutionStage`1+&lt;ExecuteStage&gt;d__37.MoveNext()
:: [7] void System.Runtime.CompilerServices.AsyncMethodBuilderCore.Start&lt;TStateMachine&gt;(TStateMachine&amp;)
:: [8] System.Threading.Tasks.Task GdUnit4.Core.Execution.ExecutionStage`1.ExecuteStage(GdUnit4.Core.Execution.ExecutionContext)
:: [9] void GdUnit4.Core.Execution.ExecutionStage`1+&lt;Execute&gt;d__30.MoveNext()
:: [10] void System.Runtime.CompilerServices.AsyncMethodBuilderCore.Start&lt;TStateMachine&gt;(TStateMachine&amp;)
:: [11] System.Threading.Tasks.Task GdUnit4.Core.Execution.ExecutionStage`1.Execute(GdUnit4.Core.Execution.ExecutionContext)
:: [12] System.Threading.Tasks.Task GdUnit4.Core.Execution.TestCaseExecutionStage.&lt;&gt;n__0(GdUnit4.Core.Execution.ExecutionContext)
:: [13] void GdUnit4.Core.Execution.TestCaseExecutionStage+&lt;Execute&gt;d__1.MoveNext()
:: [14] void System.Runtime.CompilerServices.AsyncMethodBuilderCore.Start&lt;TStateMachine&gt;(TStateMachine&amp;)
:: [15] System.Threading.Tasks.Task GdUnit4.Core.Execution.TestCaseExecutionStage.Execute(GdUnit4.Core.Execution.ExecutionContext)
:: [16] void GdUnit4.Core.Execution.TestSuiteExecutionStage+&lt;RunTestCase&gt;d__15.MoveNext()
:: [17] void System.Threading.ExecutionContext.RunInternal(System.Threading.ExecutionContext, System.Threading.ContextCallback, object)
:: [18] void System.Runtime.CompilerServices.AsyncTaskMethodBuilder`1+AsyncStateMachineBox`1.MoveNext(System.Threading.Thread)
:: [19] void System.Threading.Tasks.AwaitTaskContinuation.RunCallback(System.Threading.ContextCallback, object, System.Threading.Tasks.Task&amp;)
:: [20] void System.Threading.Tasks.Task.RunContinuations(object)
:: [21] bool System.Threading.Tasks.Task`1.TrySetResult(TResult)
:: [22] void System.Runtime.CompilerServices.AsyncTaskMethodBuilder`1.SetExistingTaskResult(System.Threading.Tasks.Task`1[TResult], TResult)
:: [23] void GdUnit4.Core.Execution.BeforeTestExecutionStage+&lt;Execute&gt;d__1.MoveNext()
:: [24] void System.Threading.ExecutionContext.RunInternal(System.Threading.ExecutionContext, System.Threading.ContextCallback, object)
:: [25] void System.Runtime.CompilerServices.AsyncTaskMethodBuilder`1+AsyncStateMachineBox`1.MoveNext(System.Threading.Thread)
:: [26] void System.Threading.Tasks.AwaitTaskContinuation.RunCallback(System.Threading.ContextCallback, object, System.Threading.Tasks.Task&amp;)
:: [27] void System.Threading.Tasks.Task.RunContinuations(object)
:: [28] bool System.Threading.Tasks.Task`1.TrySetResult(TResult)
:: [29] void System.Runtime.CompilerServices.AsyncTaskMethodBuilder`1.SetExistingTaskResult(System.Threading.Tasks.Task`1[TResult], TResult)
:: [30] void GdUnit4.Core.Execution.ExecutionStage`1+&lt;Execute&gt;d__30.MoveNext()
:: [31] void System.Threading.ExecutionContext.RunInternal(System.Threading.ExecutionContext, System.Threading.ContextCallback, object)
:: [32] void System.Runtime.CompilerServices.AsyncTaskMethodBuilder`1+AsyncStateMachineBox`1.MoveNext(System.Threading.Thread)
:: [33] void Godot.GodotSynchronizationContext.ExecutePendingContinuations() (/root/godot/modules/mono/glue/GodotSharp/GodotSharp/Core/GodotSynchronizationContext.cs:51)
:: [34] void Godot.GodotTaskScheduler.Activate() (/root/godot/modules/mono/glue/GodotSharp/GodotSharp/Core/GodotTaskScheduler.cs:76)
:: [35] void Godot.Bridge.ScriptManagerBridge.FrameCallback() (/root/godot/modules/mono/glue/GodotSharp/GodotSharp/Core/Bridge/ScriptManagerBridge.cs:84)
:: WARNING: [OmegaBorderFrame] Cannot update thread colors - ShaderMaterial not initialized
:: at: void OmegaSpiral.Source.Ui.Omega.OmegaBorderFrame.UpdateThreadColors(Godot.Color, Godot.Color, Godot.Color) (res://source/frontend/ui/omega/OmegaBorderFrame.cs:191)
:: C# backtrace (most recent call first):
:: [0] void Godot.GD.PushWarning(string) (/root/godot/modules/mono/glue/GodotSharp/GodotSharp/Core/GD.cs:396)
:: [1] void OmegaSpiral.Source.Ui.Omega.OmegaBorderFrame.UpdateThreadColors(Godot.Color, Godot.Color, Godot.Color) (/home/adam/Dev/omega-spiral/chapter-zero/source/frontend/ui/omega/OmegaBorderFrame.cs:191)
:: [2] void OmegaSpiral.Tests.Ui.Omega.OmegaBorderFrame_UnitTests.UpdateThreadColors_CanRevertToDesignSystem() (/home/adam/Dev/omega-spiral/chapter-zero/tests/ui/omega/OmegaBorderFrameTests.cs:284)
:: [3] object System.Reflection.MethodBaseInvoker.InterpretedInvoke_Method(object, System.IntPtr*)
:: [4] object System.Reflection.MethodBaseInvoker.InvokeWithNoArgs(object, System.Reflection.BindingFlags)
:: [5] object System.Reflection.RuntimeMethodInfo.Invoke(object, System.Reflection.BindingFlags, System.Reflection.Binder, System.Object[], System.Globalization.CultureInfo)
:: [6] void GdUnit4.Core.Execution.ExecutionStage`1+&lt;ExecuteStage&gt;d__37.MoveNext()
:: [7] void System.Runtime.CompilerServices.AsyncMethodBuilderCore.Start&lt;TStateMachine&gt;(TStateMachine&amp;)
:: [8] System.Threading.Tasks.Task GdUnit4.Core.Execution.ExecutionStage`1.ExecuteStage(GdUnit4.Core.Execution.ExecutionContext)
:: [9] void GdUnit4.Core.Execution.ExecutionStage`1+&lt;Execute&gt;d__30.MoveNext()
:: [10] void System.Runtime.CompilerServices.AsyncMethodBuilderCore.Start&lt;TStateMachine&gt;(TStateMachine&amp;)
:: [11] System.Threading.Tasks.Task GdUnit4.Core.Execution.ExecutionStage`1.Execute(GdUnit4.Core.Execution.ExecutionContext)
:: [12] System.Threading.Tasks.Task GdUnit4.Core.Execution.TestCaseExecutionStage.&lt;&gt;n__0(GdUnit4.Core.Execution.ExecutionContext)
:: [13] void GdUnit4.Core.Execution.TestCaseExecutionStage+&lt;Execute&gt;d__1.MoveNext()
:: [14] void System.Runtime.CompilerServices.AsyncMethodBuilderCore.Start&lt;TStateMachine&gt;(TStateMachine&amp;)
:: [15] System.Threading.Tasks.Task GdUnit4.Core.Execution.TestCaseExecutionStage.Execute(GdUnit4.Core.Execution.ExecutionContext)
:: [16] void GdUnit4.Core.Execution.TestSuiteExecutionStage+&lt;RunTestCase&gt;d__15.MoveNext()
:: [17] void System.Threading.ExecutionContext.RunInternal(System.Threading.ExecutionContext, System.Threading.ContextCallback, object)
:: [18] void System.Runtime.CompilerServices.AsyncTaskMethodBuilder`1+AsyncStateMachineBox`1.MoveNext(System.Threading.Thread)
:: [19] void System.Threading.Tasks.AwaitTaskContinuation.RunCallback(System.Threading.ContextCallback, object, System.Threading.Tasks.Task&amp;)
:: [20] void System.Threading.Tasks.Task.RunContinuations(object)
:: [21] bool System.Threading.Tasks.Task`1.TrySetResult(TResult)
:: [22] void System.Runtime.CompilerServices.AsyncTaskMethodBuilder`1.SetExistingTaskResult(System.Threading.Tasks.Task`1[TResult], TResult)
:: [23] void GdUnit4.Core.Execution.BeforeTestExecutionStage+&lt;Execute&gt;d__1.MoveNext()
:: [24] void System.Threading.ExecutionContext.RunInternal(System.Threading.ExecutionContext, System.Threading.ContextCallback, object)
:: [25] void System.Runtime.CompilerServices.AsyncTaskMethodBuilder`1+AsyncStateMachineBox`1.MoveNext(System.Threading.Thread)
:: [26] void System.Threading.Tasks.AwaitTaskContinuation.RunCallback(System.Threading.ContextCallback, object, System.Threading.Tasks.Task&amp;)
:: [27] void System.Threading.Tasks.Task.RunContinuations(object)
:: [28] bool System.Threading.Tasks.Task`1.TrySetResult(TResult)
:: [29] void System.Runtime.CompilerServices.AsyncTaskMethodBuilder`1.SetExistingTaskResult(System.Threading.Tasks.Task`1[TResult], TResult)
:: [30] void GdUnit4.Core.Execution.ExecutionStage`1+&lt;Execute&gt;d__30.MoveNext()
:: [31] void System.Threading.ExecutionContext.RunInternal(System.Threading.ExecutionContext, System.Threading.ContextCallback, object)
:: [32] void System.Runtime.CompilerServices.AsyncTaskMethodBuilder`1+AsyncStateMachineBox`1.MoveNext(System.Threading.Thread)
:: [33] void Godot.GodotSynchronizationContext.ExecutePendingContinuations() (/root/godot/modules/mono/glue/GodotSharp/GodotSharp/Core/GodotSynchronizationContext.cs:51)
:: [34] void Godot.GodotTaskScheduler.Activate() (/root/godot/modules/mono/glue/GodotSharp/GodotSharp/Core/GodotTaskScheduler.cs:76)
:: [35] void Godot.Bridge.ScriptManagerBridge.FrameCallback() (/root/godot/modules/mono/glue/GodotSharp/GodotSharp/Core/Bridge/ScriptManagerBridge.cs:84)
:: WARNING: [OmegaBorderFrame] Cannot update thread colors - ShaderMaterial not initialized
:: at: void OmegaSpiral.Source.Ui.Omega.OmegaBorderFrame.UpdateThreadColors(Godot.Color, Godot.Color, Godot.Color) (res://source/frontend/ui/omega/OmegaBorderFrame.cs:191)
:: C# backtrace (most recent call first):
:: [0] void Godot.GD.PushWarning(string) (/root/godot/modules/mono/glue/GodotSharp/GodotSharp/Core/GD.cs:396)
:: [1] void OmegaSpiral.Source.Ui.Omega.OmegaBorderFrame.UpdateThreadColors(Godot.Color, Godot.Color, Godot.Color) (/home/adam/Dev/omega-spiral/chapter-zero/source/frontend/ui/omega/OmegaBorderFrame.cs:191)
:: [2] void OmegaSpiral.Tests.Ui.Omega.OmegaBorderFrame_UnitTests.UpdateThreadColors_CanRevertToDesignSystem() (/home/adam/Dev/omega-spiral/chapter-zero/tests/ui/omega/OmegaBorderFrameTests.cs:287)
:: [3] object System.Reflection.MethodBaseInvoker.InterpretedInvoke_Method(object, System.IntPtr*)
:: [4] object System.Reflection.MethodBaseInvoker.InvokeWithNoArgs(object, System.Reflection.BindingFlags)
:: [5] object System.Reflection.RuntimeMethodInfo.Invoke(object, System.Reflection.BindingFlags, System.Reflection.Binder, System.Object[], System.Globalization.CultureInfo)
:: [6] void GdUnit4.Core.Execution.ExecutionStage`1+&lt;ExecuteStage&gt;d__37.MoveNext()
:: [7] void System.Runtime.CompilerServices.AsyncMethodBuilderCore.Start&lt;TStateMachine&gt;(TStateMachine&amp;)
:: [8] System.Threading.Tasks.Task GdUnit4.Core.Execution.ExecutionStage`1.ExecuteStage(GdUnit4.Core.Execution.ExecutionContext)
:: [9] void GdUnit4.Core.Execution.ExecutionStage`1+&lt;Execute&gt;d__30.MoveNext()
:: [10] void System.Runtime.CompilerServices.AsyncMethodBuilderCore.Start&lt;TStateMachine&gt;(TStateMachine&amp;)
:: [11] System.Threading.Tasks.Task GdUnit4.Core.Execution.ExecutionStage`1.Execute(GdUnit4.Core.Execution.ExecutionContext)
:: [12] System.Threading.Tasks.Task GdUnit4.Core.Execution.TestCaseExecutionStage.&lt;&gt;n__0(GdUnit4.Core.Execution.ExecutionContext)
:: [13] void GdUnit4.Core.Execution.TestCaseExecutionStage+&lt;Execute&gt;d__1.MoveNext()
:: [14] void System.Runtime.CompilerServices.AsyncMethodBuilderCore.Start&lt;TStateMachine&gt;(TStateMachine&amp;)
:: [15] System.Threading.Tasks.Task GdUnit4.Core.Execution.TestCaseExecutionStage.Execute(GdUnit4.Core.Execution.ExecutionContext)
:: [16] void GdUnit4.Core.Execution.TestSuiteExecutionStage+&lt;RunTestCase&gt;d__15.MoveNext()
:: [17] void System.Threading.ExecutionContext.RunInternal(System.Threading.ExecutionContext, System.Threading.ContextCallback, object)
:: [18] void System.Runtime.CompilerServices.AsyncTaskMethodBuilder`1+AsyncStateMachineBox`1.MoveNext(System.Threading.Thread)
:: [19] void System.Threading.Tasks.AwaitTaskContinuation.RunCallback(System.Threading.ContextCallback, object, System.Threading.Tasks.Task&amp;)
:: [20] void System.Threading.Tasks.Task.RunContinuations(object)
:: [21] bool System.Threading.Tasks.Task`1.TrySetResult(TResult)
:: [22] void System.Runtime.CompilerServices.AsyncTaskMethodBuilder`1.SetExistingTaskResult(System.Threading.Tasks.Task`1[TResult], TResult)
:: [23] void GdUnit4.Core.Execution.BeforeTestExecutionStage+&lt;Execute&gt;d__1.MoveNext()
:: [24] void System.Threading.ExecutionContext.RunInternal(System.Threading.ExecutionContext, System.Threading.ContextCallback, object)
:: [25] void System.Runtime.CompilerServices.AsyncTaskMethodBuilder`1+AsyncStateMachineBox`1.MoveNext(System.Threading.Thread)
:: [26] void System.Threading.Tasks.AwaitTaskContinuation.RunCallback(System.Threading.ContextCallback, object, System.Threading.Tasks.Task&amp;)
:: [27] void System.Threading.Tasks.Task.RunContinuations(object)
:: [28] bool System.Threading.Tasks.Task`1.TrySetResult(TResult)
:: [29] void System.Runtime.CompilerServices.AsyncTaskMethodBuilder`1.SetExistingTaskResult(System.Threading.Tasks.Task`1[TResult], TResult)
:: [30] void GdUnit4.Core.Execution.ExecutionStage`1+&lt;Execute&gt;d__30.MoveNext()
:: [31] void System.Threading.ExecutionContext.RunInternal(System.Threading.ExecutionContext, System.Threading.ContextCallback, object)
:: [32] void System.Runtime.CompilerServices.AsyncTaskMethodBuilder`1+AsyncStateMachineBox`1.MoveNext(System.Threading.Thread)
:: [33] void Godot.GodotSynchronizationContext.ExecutePendingContinuations() (/root/godot/modules/mono/glue/GodotSharp/GodotSharp/Core/GodotSynchronizationContext.cs:51)
:: [34] void Godot.GodotTaskScheduler.Activate() (/root/godot/modules/mono/glue/GodotSharp/GodotSharp/Core/GodotTaskScheduler.cs:76)
:: [35] void Godot.Bridge.ScriptManagerBridge.FrameCallback() (/root/godot/modules/mono/glue/GodotSharp/GodotSharp/Core/Bridge/ScriptManagerBridge.cs:84)
:: ERROR: Cannot open file 'res://tests/ui/menus/PauseMenuTests.cs'.
:: at: read_all_file_utf8 (modules/mono/utils/string_utils.cpp:152)
:: C# backtrace (most recent call first):
:: [0] void Godot.Bridge.ScriptManagerBridge.GetOrLoadOrCreateScriptForType(System.Type, Godot.NativeInterop.godot_ref*) (/root/godot/modules/mono/glue/GodotSharp/GodotSharp/Core/Bridge/ScriptManagerBridge.cs:583)
:: [1] void Godot.NativeInterop.InteropUtils.TieManagedToUnmanaged(Godot.GodotObject, nint, Godot.StringName, bool, System.Type, System.Type) (/root/godot/modules/mono/glue/GodotSharp/GodotSharp/Core/NativeInterop/InteropUtils.cs:70)
:: [2] void Godot.GodotObject.ConstructAndInitialize(System.IntPtr(Godot.NativeInterop.godot_bool), Godot.StringName, System.Type, bool) (/root/godot/modules/mono/glue/GodotSharp/GodotSharp/Core/GodotObject.base.cs:61)
:: [3] Godot.Node..ctor() (/root/godot/modules/mono/glue/GodotSharp/GodotSharp/Generated/GodotObjects/Node.cs:593)
:: [4] OmegaSpiral.Tests.Ui.PauseMenuTests..ctor()
:: [5] object System.RuntimeType.CreateInstanceDefaultCtor(bool, bool)
:: [6] GdUnit4.Core.Execution.TestSuite..ctor(System.Type, System.Collections.Generic.List`1[GdUnit4.Api.TestCaseNode], string)
:: [7] GdUnit4.Core.Execution.TestSuite..ctor(GdUnit4.Api.TestSuiteNode)
:: [8] void GdUnit4.Core.Commands.ExecuteTestSuiteCommand+&lt;Execute&gt;d__18.MoveNext()
:: [9] void System.Runtime.CompilerServices.AsyncMethodBuilderCore.Start&lt;TStateMachine&gt;(TStateMachine&amp;)
:: [10] System.Threading.Tasks.Task`1[GdUnit4.Core.Commands.Response] GdUnit4.Core.Commands.ExecuteTestSuiteCommand.Execute(GdUnit4.Api.ITestEventListener)
:: [11] void GdUnit4.Core.Runners.GodotGdUnit4RestServer+&lt;ProcessCommand&gt;d__15.MoveNext()
:: [12] void System.Runtime.CompilerServices.AsyncMethodBuilderCore.Start&lt;TStateMachine&gt;(TStateMachine&amp;)
:: [13] System.Threading.Tasks.Task`1[GdUnit4.Core.Commands.Response] GdUnit4.Core.Runners.GodotGdUnit4RestServer.ProcessCommand(GdUnit4.Core.Commands.BaseCommand, GdUnit4.Api.ITestEventListener)
:: [14] void GdUnit4.Core.Runners.GodotGdUnit4RestServer+&lt;Process&gt;d__12.MoveNext()
:: [15] void System.Threading.ExecutionContext.RunInternal(System.Threading.ExecutionContext, System.Threading.ContextCallback, object)
:: [16] void System.Runtime.CompilerServices.AsyncTaskMethodBuilder`1+AsyncStateMachineBox`1.MoveNext(System.Threading.Thread)
:: [17] void Godot.GodotSynchronizationContext.ExecutePendingContinuations() (/root/godot/modules/mono/glue/GodotSharp/GodotSharp/Core/GodotSynchronizationContext.cs:51)
:: [18] void Godot.GodotTaskScheduler.Activate() (/root/godot/modules/mono/glue/GodotSharp/GodotSharp/Core/GodotTaskScheduler.cs:76)
:: [19] void Godot.Bridge.ScriptManagerBridge.FrameCallback() (/root/godot/modules/mono/glue/GodotSharp/GodotSharp/Core/Bridge/ScriptManagerBridge.cs:84)
:: ERROR: Failed to read file: 'res://tests/ui/menus/PauseMenuTests.cs'.
:: at: load_source_code (modules/mono/csharp_script.cpp:2772)
:: C# backtrace (most recent call first):
:: [0] void Godot.Bridge.ScriptManagerBridge.GetOrLoadOrCreateScriptForType(System.Type, Godot.NativeInterop.godot_ref*) (/root/godot/modules/mono/glue/GodotSharp/GodotSharp/Core/Bridge/ScriptManagerBridge.cs:583)
:: [1] void Godot.NativeInterop.InteropUtils.TieManagedToUnmanaged(Godot.GodotObject, nint, Godot.StringName, bool, System.Type, System.Type) (/root/godot/modules/mono/glue/GodotSharp/GodotSharp/Core/NativeInterop/InteropUtils.cs:70)
:: [2] void Godot.GodotObject.ConstructAndInitialize(System.IntPtr(Godot.NativeInterop.godot_bool), Godot.StringName, System.Type, bool) (/root/godot/modules/mono/glue/GodotSharp/GodotSharp/Core/GodotObject.base.cs:61)
:: [3] Godot.Node..ctor() (/root/godot/modules/mono/glue/GodotSharp/GodotSharp/Generated/GodotObjects/Node.cs:593)
:: [4] OmegaSpiral.Tests.Ui.PauseMenuTests..ctor()
:: [5] object System.RuntimeType.CreateInstanceDefaultCtor(bool, bool)
:: [6] GdUnit4.Core.Execution.TestSuite..ctor(System.Type, System.Collections.Generic.List`1[GdUnit4.Api.TestCaseNode], string)
:: [7] GdUnit4.Core.Execution.TestSuite..ctor(GdUnit4.Api.TestSuiteNode)
:: [8] void GdUnit4.Core.Commands.ExecuteTestSuiteCommand+&lt;Execute&gt;d__18.MoveNext()
:: [9] void System.Runtime.CompilerServices.AsyncMethodBuilderCore.Start&lt;TStateMachine&gt;(TStateMachine&amp;)
:: [10] System.Threading.Tasks.Task`1[GdUnit4.Core.Commands.Response] GdUnit4.Core.Commands.ExecuteTestSuiteCommand.Execute(GdUnit4.Api.ITestEventListener)
:: [11] void GdUnit4.Core.Runners.GodotGdUnit4RestServer+&lt;ProcessCommand&gt;d__15.MoveNext()
:: [12] void System.Runtime.CompilerServices.AsyncMethodBuilderCore.Start&lt;TStateMachine&gt;(TStateMachine&amp;)
:: [13] System.Threading.Tasks.Task`1[GdUnit4.Core.Commands.Response] GdUnit4.Core.Runners.GodotGdUnit4RestServer.ProcessCommand(GdUnit4.Core.Commands.BaseCommand, GdUnit4.Api.ITestEventListener)
:: [14] void GdUnit4.Core.Runners.GodotGdUnit4RestServer+&lt;Process&gt;d__12.MoveNext()
:: [15] void System.Threading.ExecutionContext.RunInternal(System.Threading.ExecutionContext, System.Threading.ContextCallback, object)
:: [16] void System.Runtime.CompilerServices.AsyncTaskMethodBuilder`1+AsyncStateMachineBox`1.MoveNext(System.Threading.Thread)
:: [17] void Godot.GodotSynchronizationContext.ExecutePendingContinuations() (/root/godot/modules/mono/glue/GodotSharp/GodotSharp/Core/GodotSynchronizationContext.cs:51)
:: [18] void Godot.GodotTaskScheduler.Activate() (/root/godot/modules/mono/glue/GodotSharp/GodotSharp/Core/GodotTaskScheduler.cs:76)
:: [19] void Godot.Bridge.ScriptManagerBridge.FrameCallback() (/root/godot/modules/mono/glue/GodotSharp/GodotSharp/Core/Bridge/ScriptManagerBridge.cs:84)
:: ERROR: Cannot load C# script file 'res://tests/ui/menus/PauseMenuTests.cs'.
:: at: load (modules/mono/csharp_script.cpp:2852)
:: C# backtrace (most recent call first):
:: [0] void Godot.Bridge.ScriptManagerBridge.GetOrLoadOrCreateScriptForType(System.Type, Godot.NativeInterop.godot_ref*) (/root/godot/modules/mono/glue/GodotSharp/GodotSharp/Core/Bridge/ScriptManagerBridge.cs:583)
:: [1] void Godot.NativeInterop.InteropUtils.TieManagedToUnmanaged(Godot.GodotObject, nint, Godot.StringName, bool, System.Type, System.Type) (/root/godot/modules/mono/glue/GodotSharp/GodotSharp/Core/NativeInterop/InteropUtils.cs:70)
:: [2] void Godot.GodotObject.ConstructAndInitialize(System.IntPtr(Godot.NativeInterop.godot_bool), Godot.StringName, System.Type, bool) (/root/godot/modules/mono/glue/GodotSharp/GodotSharp/Core/GodotObject.base.cs:61)
:: [3] Godot.Node..ctor() (/root/godot/modules/mono/glue/GodotSharp/GodotSharp/Generated/GodotObjects/Node.cs:593)
:: [4] OmegaSpiral.Tests.Ui.PauseMenuTests..ctor()
:: [5] object System.RuntimeType.CreateInstanceDefaultCtor(bool, bool)
:: [6] GdUnit4.Core.Execution.TestSuite..ctor(System.Type, System.Collections.Generic.List`1[GdUnit4.Api.TestCaseNode], string)
:: [7] GdUnit4.Core.Execution.TestSuite..ctor(GdUnit4.Api.TestSuiteNode)
:: [8] void GdUnit4.Core.Commands.ExecuteTestSuiteCommand+&lt;Execute&gt;d__18.MoveNext()
:: [9] void System.Runtime.CompilerServices.AsyncMethodBuilderCore.Start&lt;TStateMachine&gt;(TStateMachine&amp;)
:: [10] System.Threading.Tasks.Task`1[GdUnit4.Core.Commands.Response] GdUnit4.Core.Commands.ExecuteTestSuiteCommand.Execute(GdUnit4.Api.ITestEventListener)
:: [11] void GdUnit4.Core.Runners.GodotGdUnit4RestServer+&lt;ProcessCommand&gt;d__15.MoveNext()
:: [12] void System.Runtime.CompilerServices.AsyncMethodBuilderCore.Start&lt;TStateMachine&gt;(TStateMachine&amp;)
:: [13] System.Threading.Tasks.Task`1[GdUnit4.Core.Commands.Response] GdUnit4.Core.Runners.GodotGdUnit4RestServer.ProcessCommand(GdUnit4.Core.Commands.BaseCommand, GdUnit4.Api.ITestEventListener)
:: [14] void GdUnit4.Core.Runners.GodotGdUnit4RestServer+&lt;Process&gt;d__12.MoveNext()
:: [15] void System.Threading.ExecutionContext.RunInternal(System.Threading.ExecutionContext, System.Threading.ContextCallback, object)
:: [16] void System.Runtime.CompilerServices.AsyncTaskMethodBuilder`1+AsyncStateMachineBox`1.MoveNext(System.Threading.Thread)
:: [17] void Godot.GodotSynchronizationContext.ExecutePendingContinuations() (/root/godot/modules/mono/glue/GodotSharp/GodotSharp/Core/GodotSynchronizationContext.cs:51)
:: [18] void Godot.GodotTaskScheduler.Activate() (/root/godot/modules/mono/glue/GodotSharp/GodotSharp/Core/GodotTaskScheduler.cs:76)
:: [19] void Godot.Bridge.ScriptManagerBridge.FrameCallback() (/root/godot/modules/mono/glue/GodotSharp/GodotSharp/Core/Bridge/ScriptManagerBridge.cs:84)
:: ERROR: Failed loading resource: res://tests/ui/menus/PauseMenuTests.cs.
:: at: _load (core/io/resource_loader.cpp:343)
:: C# backtrace (most recent call first):
:: [0] void Godot.Bridge.ScriptManagerBridge.GetOrLoadOrCreateScriptForType(System.Type, Godot.NativeInterop.godot_ref*) (/root/godot/modules/mono/glue/GodotSharp/GodotSharp/Core/Bridge/ScriptManagerBridge.cs:583)
:: [1] void Godot.NativeInterop.InteropUtils.TieManagedToUnmanaged(Godot.GodotObject, nint, Godot.StringName, bool, System.Type, System.Type) (/root/godot/modules/mono/glue/GodotSharp/GodotSharp/Core/NativeInterop/InteropUtils.cs:70)
:: [2] void Godot.GodotObject.ConstructAndInitialize(System.IntPtr(Godot.NativeInterop.godot_bool), Godot.StringName, System.Type, bool) (/root/godot/modules/mono/glue/GodotSharp/GodotSharp/Core/GodotObject.base.cs:61)
:: [3] Godot.Node..ctor() (/root/godot/modules/mono/glue/GodotSharp/GodotSharp/Generated/GodotObjects/Node.cs:593)
:: [4] OmegaSpiral.Tests.Ui.PauseMenuTests..ctor()
:: [5] object System.RuntimeType.CreateInstanceDefaultCtor(bool, bool)
:: [6] GdUnit4.Core.Execution.TestSuite..ctor(System.Type, System.Collections.Generic.List`1[GdUnit4.Api.TestCaseNode], string)
:: [7] GdUnit4.Core.Execution.TestSuite..ctor(GdUnit4.Api.TestSuiteNode)
:: [8] void GdUnit4.Core.Commands.ExecuteTestSuiteCommand+&lt;Execute&gt;d__18.MoveNext()
:: [9] void System.Runtime.CompilerServices.AsyncMethodBuilderCore.Start&lt;TStateMachine&gt;(TStateMachine&amp;)
:: [10] System.Threading.Tasks.Task`1[GdUnit4.Core.Commands.Response] GdUnit4.Core.Commands.ExecuteTestSuiteCommand.Execute(GdUnit4.Api.ITestEventListener)
:: [11] void GdUnit4.Core.Runners.GodotGdUnit4RestServer+&lt;ProcessCommand&gt;d__15.MoveNext()
:: [12] void System.Runtime.CompilerServices.AsyncMethodBuilderCore.Start&lt;TStateMachine&gt;(TStateMachine&amp;)
:: [13] System.Threading.Tasks.Task`1[GdUnit4.Core.Commands.Response] GdUnit4.Core.Runners.GodotGdUnit4RestServer.ProcessCommand(GdUnit4.Core.Commands.BaseCommand, GdUnit4.Api.ITestEventListener)
:: [14] void GdUnit4.Core.Runners.GodotGdUnit4RestServer+&lt;Process&gt;d__12.MoveNext()
:: [15] void System.Threading.ExecutionContext.RunInternal(System.Threading.ExecutionContext, System.Threading.ContextCallback, object)
:: [16] void System.Runtime.CompilerServices.AsyncTaskMethodBuilder`1+AsyncStateMachineBox`1.MoveNext(System.Threading.Thread)
:: [17] void Godot.GodotSynchronizationContext.ExecutePendingContinuations() (/root/godot/modules/mono/glue/GodotSharp/GodotSharp/Core/GodotSynchronizationContext.cs:51)
:: [18] void Godot.GodotTaskScheduler.Activate() (/root/godot/modules/mono/glue/GodotSharp/GodotSharp/Core/GodotTaskScheduler.cs:76)
:: [19] void Godot.Bridge.ScriptManagerBridge.FrameCallback() (/root/godot/modules/mono/glue/GodotSharp/GodotSharp/Core/Bridge/ScriptManagerBridge.cs:84)
:: ERROR: Cannot load script for type 'OmegaSpiral.Tests.Ui.PauseMenuTests'. Path: 'res://tests/ui/menus/PauseMenuTests.cs'.
:: at: void Godot.Bridge.ScriptManagerBridge.GetOrLoadOrCreateScriptForType(System.Type, Godot.NativeInterop.godot_ref*) (/root/godot/modules/mono/glue/GodotSharp/GodotSharp/Core/Bridge/ScriptManagerBridge.cs:585)
:: C# backtrace (most recent call first):
:: [0] void Godot.GD.PushError(string) (/root/godot/modules/mono/glue/GodotSharp/GodotSharp/Core/GD.cs:366)
:: [1] void Godot.Bridge.ScriptManagerBridge.GetOrLoadOrCreateScriptForType(System.Type, Godot.NativeInterop.godot_ref*) (/root/godot/modules/mono/glue/GodotSharp/GodotSharp/Core/Bridge/ScriptManagerBridge.cs:585)
:: [2] void Godot.NativeInterop.InteropUtils.TieManagedToUnmanaged(Godot.GodotObject, nint, Godot.StringName, bool, System.Type, System.Type) (/root/godot/modules/mono/glue/GodotSharp/GodotSharp/Core/NativeInterop/InteropUtils.cs:70)
:: [3] void Godot.GodotObject.ConstructAndInitialize(System.IntPtr(Godot.NativeInterop.godot_bool), Godot.StringName, System.Type, bool) (/root/godot/modules/mono/glue/GodotSharp/GodotSharp/Core/GodotObject.base.cs:61)
:: [4] Godot.Node..ctor() (/root/godot/modules/mono/glue/GodotSharp/GodotSharp/Generated/GodotObjects/Node.cs:593)
:: [5] OmegaSpiral.Tests.Ui.PauseMenuTests..ctor()
:: [6] object System.RuntimeType.CreateInstanceDefaultCtor(bool, bool)
:: [7] GdUnit4.Core.Execution.TestSuite..ctor(System.Type, System.Collections.Generic.List`1[GdUnit4.Api.TestCaseNode], string)
:: [8] GdUnit4.Core.Execution.TestSuite..ctor(GdUnit4.Api.TestSuiteNode)
:: [9] void GdUnit4.Core.Commands.ExecuteTestSuiteCommand+&lt;Execute&gt;d__18.MoveNext()
:: [10] void System.Runtime.CompilerServices.AsyncMethodBuilderCore.Start&lt;TStateMachine&gt;(TStateMachine&amp;)
:: [11] System.Threading.Tasks.Task`1[GdUnit4.Core.Commands.Response] GdUnit4.Core.Commands.ExecuteTestSuiteCommand.Execute(GdUnit4.Api.ITestEventListener)
:: [12] void GdUnit4.Core.Runners.GodotGdUnit4RestServer+&lt;ProcessCommand&gt;d__15.MoveNext()
:: [13] void System.Runtime.CompilerServices.AsyncMethodBuilderCore.Start&lt;TStateMachine&gt;(TStateMachine&amp;)
:: [14] System.Threading.Tasks.Task`1[GdUnit4.Core.Commands.Response] GdUnit4.Core.Runners.GodotGdUnit4RestServer.ProcessCommand(GdUnit4.Core.Commands.BaseCommand, GdUnit4.Api.ITestEventListener)
:: [15] void GdUnit4.Core.Runners.GodotGdUnit4RestServer+&lt;Process&gt;d__12.MoveNext()
:: [16] void System.Threading.ExecutionContext.RunInternal(System.Threading.ExecutionContext, System.Threading.ContextCallback, object)
:: [17] void System.Runtime.CompilerServices.AsyncTaskMethodBuilder`1+AsyncStateMachineBox`1.MoveNext(System.Threading.Thread)
:: [18] void Godot.GodotSynchronizationContext.ExecutePendingContinuations() (/root/godot/modules/mono/glue/GodotSharp/GodotSharp/Core/GodotSynchronizationContext.cs:51)
:: [19] void Godot.GodotTaskScheduler.Activate() (/root/godot/modules/mono/glue/GodotSharp/GodotSharp/Core/GodotTaskScheduler.cs:76)
:: [20] void Godot.Bridge.ScriptManagerBridge.FrameCallback() (/root/godot/modules/mono/glue/GodotSharp/GodotSharp/Core/Bridge/ScriptManagerBridge.cs:84)
:: WARNING: [DesignConfigService] Palette key 'neon_magenta' not found; falling back to white.
:: at: Godot.Color OmegaSpiral.Source.Design.DesignConfigService.GetColor(string) (res://source/frontend/design/DesignConfigService.cs:37)
:: C# backtrace (most recent call first):
:: [0] void Godot.GD.PushWarning(string) (/root/godot/modules/mono/glue/GodotSharp/GodotSharp/Core/GD.cs:396)
:: [1] Godot.Color OmegaSpiral.Source.Design.DesignConfigService.GetColor(string) (/home/adam/Dev/omega-spiral/chapter-zero/source/frontend/design/DesignConfigService.cs:37)
:: [2] Godot.Color OmegaSpiral.Source.Ui.Omega.OmegaSpiralColors.Get(string) (/home/adam/Dev/omega-spiral/chapter-zero/source/frontend/ui/omega/OmegaSpiralColors.cs:43)
:: [3] Godot.Color OmegaSpiral.Source.Ui.Omega.OmegaSpiralColors.get_NeonMagenta() (/home/adam/Dev/omega-spiral/chapter-zero/source/frontend/ui/omega/OmegaSpiralColors.cs:30)
:: [4] void OmegaSpiral.Tests.Unit.Common.Omega.OmegaSpiralColorsTests.NeonMagenta_MatchesDesignSpec() (/home/adam/Dev/omega-spiral/chapter-zero/tests/ui/omega/OmegaSpiralColorsTests.cs:60)
:: [5] object System.Reflection.MethodBaseInvoker.InterpretedInvoke_Method(object, System.IntPtr*)
:: [6] object System.Reflection.MethodBaseInvoker.InvokeWithNoArgs(object, System.Reflection.BindingFlags)
:: [7] object System.Reflection.RuntimeMethodInfo.Invoke(object, System.Reflection.BindingFlags, System.Reflection.Binder, System.Object[], System.Globalization.CultureInfo)
:: [8] void GdUnit4.Core.Execution.ExecutionStage`1+&lt;ExecuteStage&gt;d__37.MoveNext()
:: [9] void System.Runtime.CompilerServices.AsyncMethodBuilderCore.Start&lt;TStateMachine&gt;(TStateMachine&amp;)
:: [10] System.Threading.Tasks.Task GdUnit4.Core.Execution.ExecutionStage`1.ExecuteStage(GdUnit4.Core.Execution.ExecutionContext)
:: [11] void GdUnit4.Core.Execution.ExecutionStage`1+&lt;Execute&gt;d__30.MoveNext()
:: [12] void System.Runtime.CompilerServices.AsyncMethodBuilderCore.Start&lt;TStateMachine&gt;(TStateMachine&amp;)
:: [13] System.Threading.Tasks.Task GdUnit4.Core.Execution.ExecutionStage`1.Execute(GdUnit4.Core.Execution.ExecutionContext)
:: [14] System.Threading.Tasks.Task GdUnit4.Core.Execution.TestCaseExecutionStage.&lt;&gt;n__0(GdUnit4.Core.Execution.ExecutionContext)
:: [15] void GdUnit4.Core.Execution.TestCaseExecutionStage+&lt;Execute&gt;d__1.MoveNext()
:: [16] void System.Runtime.CompilerServices.AsyncMethodBuilderCore.Start&lt;TStateMachine&gt;(TStateMachine&amp;)
:: [17] System.Threading.Tasks.Task GdUnit4.Core.Execution.TestCaseExecutionStage.Execute(GdUnit4.Core.Execution.ExecutionContext)
:: [18] void GdUnit4.Core.Execution.TestSuiteExecutionStage+&lt;RunTestCase&gt;d__15.MoveNext()
:: [19] void System.Threading.ExecutionContext.RunInternal(System.Threading.ExecutionContext, System.Threading.ContextCallback, object)
:: [20] void System.Runtime.CompilerServices.AsyncTaskMethodBuilder`1+AsyncStateMachineBox`1.MoveNext(System.Threading.Thread)
:: [21] void System.Threading.Tasks.AwaitTaskContinuation.RunCallback(System.Threading.ContextCallback, object, System.Threading.Tasks.Task&amp;)
:: [22] void System.Threading.Tasks.Task.RunContinuations(object)
:: [23] bool System.Threading.Tasks.Task`1.TrySetResult(TResult)
:: [24] void System.Runtime.CompilerServices.AsyncTaskMethodBuilder`1.SetExistingTaskResult(System.Threading.Tasks.Task`1[TResult], TResult)
:: [25] void GdUnit4.Core.Execution.BeforeTestExecutionStage+&lt;Execute&gt;d__1.MoveNext()
:: [26] void System.Threading.ExecutionContext.RunInternal(System.Threading.ExecutionContext, System.Threading.ContextCallback, object)
:: [27] void System.Runtime.CompilerServices.AsyncTaskMethodBuilder`1+AsyncStateMachineBox`1.MoveNext(System.Threading.Thread)
:: [28] void System.Threading.Tasks.AwaitTaskContinuation.RunCallback(System.Threading.ContextCallback, object, System.Threading.Tasks.Task&amp;)
:: [29] void System.Threading.Tasks.Task.RunContinuations(object)
:: [30] bool System.Threading.Tasks.Task`1.TrySetResult(TResult)
:: [31] void System.Runtime.CompilerServices.AsyncTaskMethodBuilder`1.SetExistingTaskResult(System.Threading.Tasks.Task`1[TResult], TResult)
:: [32] void GdUnit4.Core.Execution.ExecutionStage`1+&lt;Execute&gt;d__30.MoveNext()
:: [33] void System.Threading.ExecutionContext.RunInternal(System.Threading.ExecutionContext, System.Threading.ContextCallback, object)
:: [34] void System.Runtime.CompilerServices.AsyncTaskMethodBuilder`1+AsyncStateMachineBox`1.MoveNext(System.Threading.Thread)
:: [35] void Godot.GodotSynchronizationContext.ExecutePendingContinuations() (/root/godot/modules/mono/glue/GodotSharp/GodotSharp/Core/GodotSynchronizationContext.cs:51)
:: [36] void Godot.GodotTaskScheduler.Activate() (/root/godot/modules/mono/glue/GodotSharp/GodotSharp/Core/GodotTaskScheduler.cs:76)
:: [37] void Godot.Bridge.ScriptManagerBridge.FrameCallback() (/root/godot/modules/mono/glue/GodotSharp/GodotSharp/Core/Bridge/ScriptManagerBridge.cs:84)
:: WARNING: [DesignConfigService] Palette key 'neon_magenta' not found; falling back to white.
:: at: Godot.Color OmegaSpiral.Source.Design.DesignConfigService.GetColor(string) (res://source/frontend/design/DesignConfigService.cs:37)
:: C# backtrace (most recent call first):
:: [0] void Godot.GD.PushWarning(string) (/root/godot/modules/mono/glue/GodotSharp/GodotSharp/Core/GD.cs:396)
:: [1] Godot.Color OmegaSpiral.Source.Design.DesignConfigService.GetColor(string) (/home/adam/Dev/omega-spiral/chapter-zero/source/frontend/design/DesignConfigService.cs:37)
:: [2] void OmegaSpiral.Tests.Unit.Common.Omega.OmegaSpiralColorsTests.NeonMagenta_MatchesDesignSpec() (/home/adam/Dev/omega-spiral/chapter-zero/tests/ui/omega/OmegaSpiralColorsTests.cs:61)
:: [3] object System.Reflection.MethodBaseInvoker.InterpretedInvoke_Method(object, System.IntPtr*)
:: [4] object System.Reflection.MethodBaseInvoker.InvokeWithNoArgs(object, System.Reflection.BindingFlags)
:: [5] object System.Reflection.RuntimeMethodInfo.Invoke(object, System.Reflection.BindingFlags, System.Reflection.Binder, System.Object[], System.Globalization.CultureInfo)
:: [6] void GdUnit4.Core.Execution.ExecutionStage`1+&lt;ExecuteStage&gt;d__37.MoveNext()
:: [7] void System.Runtime.CompilerServices.AsyncMethodBuilderCore.Start&lt;TStateMachine&gt;(TStateMachine&amp;)
:: [8] System.Threading.Tasks.Task GdUnit4.Core.Execution.ExecutionStage`1.ExecuteStage(GdUnit4.Core.Execution.ExecutionContext)
:: [9] void GdUnit4.Core.Execution.ExecutionStage`1+&lt;Execute&gt;d__30.MoveNext()
:: [10] void System.Runtime.CompilerServices.AsyncMethodBuilderCore.Start&lt;TStateMachine&gt;(TStateMachine&amp;)
:: [11] System.Threading.Tasks.Task GdUnit4.Core.Execution.ExecutionStage`1.Execute(GdUnit4.Core.Execution.ExecutionContext)
:: [12] System.Threading.Tasks.Task GdUnit4.Core.Execution.TestCaseExecutionStage.&lt;&gt;n__0(GdUnit4.Core.Execution.ExecutionContext)
:: [13] void GdUnit4.Core.Execution.TestCaseExecutionStage+&lt;Execute&gt;d__1.MoveNext()
:: [14] void System.Runtime.CompilerServices.AsyncMethodBuilderCore.Start&lt;TStateMachine&gt;(TStateMachine&amp;)
:: [15] System.Threading.Tasks.Task GdUnit4.Core.Execution.TestCaseExecutionStage.Execute(GdUnit4.Core.Execution.ExecutionContext)
:: [16] void GdUnit4.Core.Execution.TestSuiteExecutionStage+&lt;RunTestCase&gt;d__15.MoveNext()
:: [17] void System.Threading.ExecutionContext.RunInternal(System.Threading.ExecutionContext, System.Threading.ContextCallback, object)
:: [18] void System.Runtime.CompilerServices.AsyncTaskMethodBuilder`1+AsyncStateMachineBox`1.MoveNext(System.Threading.Thread)
:: [19] void System.Threading.Tasks.AwaitTaskContinuation.RunCallback(System.Threading.ContextCallback, object, System.Threading.Tasks.Task&amp;)
:: [20] void System.Threading.Tasks.Task.RunContinuations(object)
:: [21] bool System.Threading.Tasks.Task`1.TrySetResult(TResult)
:: [22] void System.Runtime.CompilerServices.AsyncTaskMethodBuilder`1.SetExistingTaskResult(System.Threading.Tasks.Task`1[TResult], TResult)
:: [23] void GdUnit4.Core.Execution.BeforeTestExecutionStage+&lt;Execute&gt;d__1.MoveNext()
:: [24] void System.Threading.ExecutionContext.RunInternal(System.Threading.ExecutionContext, System.Threading.ContextCallback, object)
:: [25] void System.Runtime.CompilerServices.AsyncTaskMethodBuilder`1+AsyncStateMachineBox`1.MoveNext(System.Threading.Thread)
:: [26] void System.Threading.Tasks.AwaitTaskContinuation.RunCallback(System.Threading.ContextCallback, object, System.Threading.Tasks.Task&amp;)
:: [27] void System.Threading.Tasks.Task.RunContinuations(object)
:: [28] bool System.Threading.Tasks.Task`1.TrySetResult(TResult)
:: [29] void System.Runtime.CompilerServices.AsyncTaskMethodBuilder`1.SetExistingTaskResult(System.Threading.Tasks.Task`1[TResult], TResult)
:: [30] void GdUnit4.Core.Execution.ExecutionStage`1+&lt;Execute&gt;d__30.MoveNext()
:: [31] void System.Threading.ExecutionContext.RunInternal(System.Threading.ExecutionContext, System.Threading.ContextCallback, object)
:: [32] void System.Runtime.CompilerServices.AsyncTaskMethodBuilder`1+AsyncStateMachineBox`1.MoveNext(System.Threading.Thread)
:: [33] void Godot.GodotSynchronizationContext.ExecutePendingContinuations() (/root/godot/modules/mono/glue/GodotSharp/GodotSharp/Core/GodotSynchronizationContext.cs:51)
:: [34] void Godot.GodotTaskScheduler.Activate() (/root/godot/modules/mono/glue/GodotSharp/GodotSharp/Core/GodotTaskScheduler.cs:76)
:: [35] void Godot.Bridge.ScriptManagerBridge.FrameCallback() (/root/godot/modules/mono/glue/GodotSharp/GodotSharp/Core/Bridge/ScriptManagerBridge.cs:84)
:: WARNING: [DesignConfigService] Palette key 'neon_magenta' not found; falling back to white.
:: at: Godot.Color OmegaSpiral.Source.Design.DesignConfigService.GetColor(string) (res://source/frontend/design/DesignConfigService.cs:37)
:: C# backtrace (most recent call first):
:: [0] void Godot.GD.PushWarning(string) (/root/godot/modules/mono/glue/GodotSharp/GodotSharp/Core/GD.cs:396)
:: [1] Godot.Color OmegaSpiral.Source.Design.DesignConfigService.GetColor(string) (/home/adam/Dev/omega-spiral/chapter-zero/source/frontend/design/DesignConfigService.cs:37)
:: [2] Godot.Color OmegaSpiral.Source.Ui.Omega.OmegaSpiralColors.Get(string) (/home/adam/Dev/omega-spiral/chapter-zero/source/frontend/ui/omega/OmegaSpiralColors.cs:43)
:: [3] Godot.Color OmegaSpiral.Source.Ui.Omega.OmegaSpiralColors.get_NeonMagenta() (/home/adam/Dev/omega-spiral/chapter-zero/source/frontend/ui/omega/OmegaSpiralColors.cs:30)
:: [4] void OmegaSpiral.Tests.Unit.Common.Omega.OmegaSpiralColorsTests.PrimaryColors_HaveFullOpacity() (/home/adam/Dev/omega-spiral/chapter-zero/tests/ui/omega/OmegaSpiralColorsTests.cs:252)
:: [5] object System.Reflection.MethodBaseInvoker.InterpretedInvoke_Method(object, System.IntPtr*)
:: [6] object System.Reflection.MethodBaseInvoker.InvokeWithNoArgs(object, System.Reflection.BindingFlags)
:: [7] object System.Reflection.RuntimeMethodInfo.Invoke(object, System.Reflection.BindingFlags, System.Reflection.Binder, System.Object[], System.Globalization.CultureInfo)
:: [8] void GdUnit4.Core.Execution.ExecutionStage`1+&lt;ExecuteStage&gt;d__37.MoveNext()
:: [9] void System.Runtime.CompilerServices.AsyncMethodBuilderCore.Start&lt;TStateMachine&gt;(TStateMachine&amp;)
:: [10] System.Threading.Tasks.Task GdUnit4.Core.Execution.ExecutionStage`1.ExecuteStage(GdUnit4.Core.Execution.ExecutionContext)
:: [11] void GdUnit4.Core.Execution.ExecutionStage`1+&lt;Execute&gt;d__30.MoveNext()
:: [12] void System.Runtime.CompilerServices.AsyncMethodBuilderCore.Start&lt;TStateMachine&gt;(TStateMachine&amp;)
:: [13] System.Threading.Tasks.Task GdUnit4.Core.Execution.ExecutionStage`1.Execute(GdUnit4.Core.Execution.ExecutionContext)
:: [14] System.Threading.Tasks.Task GdUnit4.Core.Execution.TestCaseExecutionStage.&lt;&gt;n__0(GdUnit4.Core.Execution.ExecutionContext)
:: [15] void GdUnit4.Core.Execution.TestCaseExecutionStage+&lt;Execute&gt;d__1.MoveNext()
:: [16] void System.Runtime.CompilerServices.AsyncMethodBuilderCore.Start&lt;TStateMachine&gt;(TStateMachine&amp;)
:: [17] System.Threading.Tasks.Task GdUnit4.Core.Execution.TestCaseExecutionStage.Execute(GdUnit4.Core.Execution.ExecutionContext)
:: [18] void GdUnit4.Core.Execution.TestSuiteExecutionStage+&lt;RunTestCase&gt;d__15.MoveNext()
:: [19] void System.Threading.ExecutionContext.RunInternal(System.Threading.ExecutionContext, System.Threading.ContextCallback, object)
:: [20] void System.Runtime.CompilerServices.AsyncTaskMethodBuilder`1+AsyncStateMachineBox`1.MoveNext(System.Threading.Thread)
:: [21] void System.Threading.Tasks.AwaitTaskContinuation.RunCallback(System.Threading.ContextCallback, object, System.Threading.Tasks.Task&amp;)
:: [22] void System.Threading.Tasks.Task.RunContinuations(object)
:: [23] bool System.Threading.Tasks.Task`1.TrySetResult(TResult)
:: [24] void System.Runtime.CompilerServices.AsyncTaskMethodBuilder`1.SetExistingTaskResult(System.Threading.Tasks.Task`1[TResult], TResult)
:: [25] void GdUnit4.Core.Execution.BeforeTestExecutionStage+&lt;Execute&gt;d__1.MoveNext()
:: [26] void System.Threading.ExecutionContext.RunInternal(System.Threading.ExecutionContext, System.Threading.ContextCallback, object)
:: [27] void System.Runtime.CompilerServices.AsyncTaskMethodBuilder`1+AsyncStateMachineBox`1.MoveNext(System.Threading.Thread)
:: [28] void System.Threading.Tasks.AwaitTaskContinuation.RunCallback(System.Threading.ContextCallback, object, System.Threading.Tasks.Task&amp;)
:: [29] void System.Threading.Tasks.Task.RunContinuations(object)
:: [30] bool System.Threading.Tasks.Task`1.TrySetResult(TResult)
:: [31] void System.Runtime.CompilerServices.AsyncTaskMethodBuilder`1.SetExistingTaskResult(System.Threading.Tasks.Task`1[TResult], TResult)
:: [32] void GdUnit4.Core.Execution.ExecutionStage`1+&lt;Execute&gt;d__30.MoveNext()
:: [33] void System.Threading.ExecutionContext.RunInternal(System.Threading.ExecutionContext, System.Threading.ContextCallback, object)
:: [34] void System.Runtime.CompilerServices.AsyncTaskMethodBuilder`1+AsyncStateMachineBox`1.MoveNext(System.Threading.Thread)
:: [35] void Godot.GodotSynchronizationContext.ExecutePendingContinuations() (/root/godot/modules/mono/glue/GodotSharp/GodotSharp/Core/GodotSynchronizationContext.cs:51)
:: [36] void Godot.GodotTaskScheduler.Activate() (/root/godot/modules/mono/glue/GodotSharp/GodotSharp/Core/GodotTaskScheduler.cs:76)
:: [37] void Godot.Bridge.ScriptManagerBridge.FrameCallback() (/root/godot/modules/mono/glue/GodotSharp/GodotSharp/Core/Bridge/ScriptManagerBridge.cs:84)
:: WARNING: 2 RIDs of type "CanvasItem" were leaked.
:: at: _free_rids (servers/rendering/renderer_canvas_cull.cpp:2692)
:: WARNING: ObjectDB instances leaked at exit (run with --verbose for details).
:: at: cleanup (core/object/object.cpp:2570)
:: ERROR: 26 resources still in use at exit (run with --verbose for details).
:: at: clear (core/io/resource.cpp:801)
GdUnit4 Godot Runtime Test Runner ends with exit code: 0

Completed tests for assembly: /home/adam/Dev/omega-spiral/chapter-zero/.godot/mono/temp/bin/Debug/chapter-zero.dll
Test execution stopped.
</StdOut>
    </Output>
    <RunInfos>
      <RunInfo computerName="omega" outcome="Error" timestamp="2025-10-30T07:50:45.8066551-04:00">
        <Text>GdUnitSceneRunner: Can't load scene by given resource path: 'res://source/ui/menus/credits_menu.tscn'. The resource does not exists.</Text>
      </RunInfo>
      <RunInfo computerName="omega" outcome="Error" timestamp="2025-10-30T07:50:45.8068049-04:00">
        <Text>GdUnitSceneRunner: Can't load scene by given resource path: 'res://source/ui/menus/credits_menu.tscn'. The resource does not exists.</Text>
      </RunInfo>
      <RunInfo computerName="omega" outcome="Error" timestamp="2025-10-30T07:50:45.8079131-04:00">
        <Text>GdUnitSceneRunner: Can't load scene by given resource path: 'res://source/ui/menus/credits_menu.tscn'. The resource does not exists.</Text>
      </RunInfo>
      <RunInfo computerName="omega" outcome="Error" timestamp="2025-10-30T07:50:45.8085626-04:00">
        <Text>GdUnitSceneRunner: Can't load scene by given resource path: 'res://source/ui/menus/credits_menu.tscn'. The resource does not exists.</Text>
      </RunInfo>
      <RunInfo computerName="omega" outcome="Error" timestamp="2025-10-30T07:50:45.8091286-04:00">
        <Text>GdUnitSceneRunner: Can't load scene by given resource path: 'res://source/ui/menus/credits_menu.tscn'. The resource does not exists.</Text>
      </RunInfo>
      <RunInfo computerName="omega" outcome="Error" timestamp="2025-10-30T07:50:45.8100252-04:00">
        <Text>GdUnitSceneRunner: Can't load scene by given resource path: 'res://source/ui/menus/credits_menu.tscn'. The resource does not exists.</Text>
      </RunInfo>
      <RunInfo computerName="omega" outcome="Error" timestamp="2025-10-30T07:50:45.8111812-04:00">
        <Text>GdUnitSceneRunner: Can't load scene by given resource path: 'res://source/ui/menus/credits_menu.tscn'. The resource does not exists.</Text>
      </RunInfo>
      <RunInfo computerName="omega" outcome="Error" timestamp="2025-10-30T07:50:45.8118593-04:00">
        <Text>GdUnitSceneRunner: Can't load scene by given resource path: 'res://source/ui/menus/credits_menu.tscn'. The resource does not exists.</Text>
      </RunInfo>
      <RunInfo computerName="omega" outcome="Error" timestamp="2025-10-30T07:50:45.8906598-04:00">
        <Text>Expecting be NOT &lt;Null&gt;:</Text>
      </RunInfo>
      <RunInfo computerName="omega" outcome="Error" timestamp="2025-10-30T07:50:45.9112571-04:00">
        <Text>Expecting be NOT &lt;Null&gt;:</Text>
      </RunInfo>
      <RunInfo computerName="omega" outcome="Error" timestamp="2025-10-30T07:50:45.9250557-04:00">
        <Text>Expecting be NOT &lt;Null&gt;:</Text>
      </RunInfo>
      <RunInfo computerName="omega" outcome="Error" timestamp="2025-10-30T07:50:45.9427370-04:00">
        <Text>Object reference not set to an instance of an object.</Text>
      </RunInfo>
      <RunInfo computerName="omega" outcome="Error" timestamp="2025-10-30T07:50:45.9596625-04:00">
        <Text>Expecting be NOT &lt;Null&gt;:</Text>
      </RunInfo>
      <RunInfo computerName="omega" outcome="Error" timestamp="2025-10-30T07:50:45.9733139-04:00">
        <Text>Expecting be NOT &lt;Null&gt;:</Text>
      </RunInfo>
      <RunInfo computerName="omega" outcome="Error" timestamp="2025-10-30T07:50:45.9941166-04:00">
        <Text>Expecting be NOT &lt;Null&gt;:</Text>
      </RunInfo>
      <RunInfo computerName="omega" outcome="Error" timestamp="2025-10-30T07:50:46.0258131-04:00">
        <Text>GdUnitSceneRunner: Can't load scene by given resource path: 'res://source/ui/menus/main_menu.tscn'. The resource does not exists.</Text>
      </RunInfo>
      <RunInfo computerName="omega" outcome="Error" timestamp="2025-10-30T07:50:46.0266011-04:00">
        <Text>GdUnitSceneRunner: Can't load scene by given resource path: 'res://source/ui/menus/main_menu.tscn'. The resource does not exists.</Text>
      </RunInfo>
      <RunInfo computerName="omega" outcome="Error" timestamp="2025-10-30T07:50:46.0361342-04:00">
        <Text>Expecting be NOT &lt;Null&gt;:</Text>
      </RunInfo>
      <RunInfo computerName="omega" outcome="Error" timestamp="2025-10-30T07:50:46.0568489-04:00">
        <Text>Expected be instance of:
    &lt;OmegaSpiral.Source.Ui.Omega.OmegaContainer&gt; but is &lt;Null&gt;</Text>
      </RunInfo>
      <RunInfo computerName="omega" outcome="Error" timestamp="2025-10-30T07:50:46.0780763-04:00">
        <Text>GdUnitSceneRunner: Can't load scene by given resource path: 'res://source/ui/menus/main_menu.tscn'. The resource does not exists.</Text>
      </RunInfo>
      <RunInfo computerName="omega" outcome="Error" timestamp="2025-10-30T07:50:46.0783908-04:00">
        <Text>GdUnitSceneRunner: Can't load scene by given resource path: 'res://source/ui/menus/main_menu.tscn'. The resource does not exists.</Text>
      </RunInfo>
      <RunInfo computerName="omega" outcome="Error" timestamp="2025-10-30T07:50:46.0793652-04:00">
        <Text>GdUnitSceneRunner: Can't load scene by given resource path: 'res://source/ui/menus/main_menu.tscn'. The resource does not exists.</Text>
      </RunInfo>
      <RunInfo computerName="omega" outcome="Error" timestamp="2025-10-30T07:50:46.0807751-04:00">
        <Text>GdUnitSceneRunner: Can't load scene by given resource path: 'res://source/ui/menus/main_menu.tscn'. The resource does not exists.</Text>
      </RunInfo>
      <RunInfo computerName="omega" outcome="Error" timestamp="2025-10-30T07:50:46.0819483-04:00">
        <Text>GdUnitSceneRunner: Can't load scene by given resource path: 'res://source/ui/menus/main_menu.tscn'. The resource does not exists.</Text>
      </RunInfo>
      <RunInfo computerName="omega" outcome="Error" timestamp="2025-10-30T07:50:46.0819764-04:00">
        <Text>GdUnitSceneRunner: Can't load scene by given resource path: 'res://source/ui/menus/main_menu.tscn'. The resource does not exists.</Text>
      </RunInfo>
      <RunInfo computerName="omega" outcome="Error" timestamp="2025-10-30T07:50:46.0917368-04:00">
        <Text>GdUnitSceneRunner: Can't load scene by given resource path: 'res://source/ui/menus/main_menu.tscn'. The resource does not exists.</Text>
      </RunInfo>
      <RunInfo computerName="omega" outcome="Error" timestamp="2025-10-30T07:50:46.0917444-04:00">
        <Text>GdUnitSceneRunner: Can't load scene by given resource path: 'res://source/ui/menus/main_menu.tscn'. The resource does not exists.</Text>
      </RunInfo>
      <RunInfo computerName="omega" outcome="Error" timestamp="2025-10-30T07:50:46.0917491-04:00">
        <Text>GdUnitSceneRunner: Can't load scene by given resource path: 'res://source/ui/menus/main_menu.tscn'. The resource does not exists.</Text>
      </RunInfo>
      <RunInfo computerName="omega" outcome="Error" timestamp="2025-10-30T07:50:46.0917542-04:00">
        <Text>GdUnitSceneRunner: Can't load scene by given resource path: 'res://source/ui/menus/main_menu.tscn'. The resource does not exists.</Text>
      </RunInfo>
      <RunInfo computerName="omega" outcome="Error" timestamp="2025-10-30T07:50:46.0917624-04:00">
        <Text>GdUnitSceneRunner: Can't load scene by given resource path: 'res://source/ui/menus/main_menu.tscn'. The resource does not exists.</Text>
      </RunInfo>
      <RunInfo computerName="omega" outcome="Error" timestamp="2025-10-30T07:50:46.0917670-04:00">
        <Text>GdUnitSceneRunner: Can't load scene by given resource path: 'res://source/ui/menus/main_menu.tscn'. The resource does not exists.</Text>
      </RunInfo>
      <RunInfo computerName="omega" outcome="Error" timestamp="2025-10-30T07:50:46.0917717-04:00">
        <Text>GdUnitSceneRunner: Can't load scene by given resource path: 'res://source/ui/menus/main_menu.tscn'. The resource does not exists.</Text>
      </RunInfo>
      <RunInfo computerName="omega" outcome="Error" timestamp="2025-10-30T07:50:46.0919287-04:00">
        <Text>GdUnitSceneRunner: Can't load scene by given resource path: 'res://source/ui/menus/main_menu.tscn'. The resource does not exists.</Text>
      </RunInfo>
      <RunInfo computerName="omega" outcome="Error" timestamp="2025-10-30T07:50:46.0922865-04:00">
        <Text>GdUnitSceneRunner: Can't load scene by given resource path: 'res://source/ui/menus/main_menu.tscn'. The resource does not exists.</Text>
      </RunInfo>
      <RunInfo computerName="omega" outcome="Error" timestamp="2025-10-30T07:50:46.0981417-04:00">
        <Text>GdUnitSceneRunner: Can't load scene by given resource path: 'res://source/ui/menus/main_menu.tscn'. The resource does not exists.</Text>
      </RunInfo>
      <RunInfo computerName="omega" outcome="Error" timestamp="2025-10-30T07:50:46.0981483-04:00">
        <Text>GdUnitSceneRunner: Can't load scene by given resource path: 'res://source/ui/menus/main_menu.tscn'. The resource does not exists.</Text>
      </RunInfo>
      <RunInfo computerName="omega" outcome="Error" timestamp="2025-10-30T07:50:46.0981526-04:00">
        <Text>GdUnitSceneRunner: Can't load scene by given resource path: 'res://source/ui/menus/main_menu.tscn'. The resource does not exists.</Text>
      </RunInfo>
      <RunInfo computerName="omega" outcome="Error" timestamp="2025-10-30T07:50:46.0990634-04:00">
        <Text>GdUnitSceneRunner: Can't load scene by given resource path: 'res://source/ui/menus/main_menu.tscn'. The resource does not exists.</Text>
      </RunInfo>
      <RunInfo computerName="omega" outcome="Error" timestamp="2025-10-30T07:50:46.0997193-04:00">
        <Text>GdUnitSceneRunner: Can't load scene by given resource path: 'res://source/ui/menus/main_menu.tscn'. The resource does not exists.</Text>
      </RunInfo>
      <RunInfo computerName="omega" outcome="Error" timestamp="2025-10-30T07:50:46.1002267-04:00">
        <Text>GdUnitSceneRunner: Can't load scene by given resource path: 'res://source/ui/menus/main_menu.tscn'. The resource does not exists.</Text>
      </RunInfo>
      <RunInfo computerName="omega" outcome="Error" timestamp="2025-10-30T07:50:46.1008157-04:00">
        <Text>GdUnitSceneRunner: Can't load scene by given resource path: 'res://source/ui/menus/main_menu.tscn'. The resource does not exists.</Text>
      </RunInfo>
      <RunInfo computerName="omega" outcome="Error" timestamp="2025-10-30T07:50:46.1014218-04:00">
        <Text>GdUnitSceneRunner: Can't load scene by given resource path: 'res://source/ui/menus/main_menu.tscn'. The resource does not exists.</Text>
      </RunInfo>
      <RunInfo computerName="omega" outcome="Error" timestamp="2025-10-30T07:50:46.1019653-04:00">
        <Text>GdUnitSceneRunner: Can't load scene by given resource path: 'res://source/ui/menus/main_menu.tscn'. The resource does not exists.</Text>
      </RunInfo>
      <RunInfo computerName="omega" outcome="Error" timestamp="2025-10-30T07:50:46.1114446-04:00">
        <Text>Expected be instance of:
    &lt;OmegaSpiral.Source.Ui.Menus.MenuUi&gt; but is &lt;Null&gt;</Text>
      </RunInfo>
      <RunInfo computerName="omega" outcome="Error" timestamp="2025-10-30T07:50:46.1255368-04:00">
        <Text>Object reference not set to an instance of an object.</Text>
      </RunInfo>
      <RunInfo computerName="omega" outcome="Error" timestamp="2025-10-30T07:50:46.1596524-04:00">
        <Text>Object reference not set to an instance of an object.</Text>
      </RunInfo>
      <RunInfo computerName="omega" outcome="Error" timestamp="2025-10-30T07:50:46.1721751-04:00">
        <Text>Object reference not set to an instance of an object.</Text>
      </RunInfo>
      <RunInfo computerName="omega" outcome="Error" timestamp="2025-10-30T07:50:46.1838526-04:00">
        <Text>Object reference not set to an instance of an object.</Text>
      </RunInfo>
      <RunInfo computerName="omega" outcome="Error" timestamp="2025-10-30T07:50:46.1992378-04:00">
        <Text>Object reference not set to an instance of an object.</Text>
      </RunInfo>
      <RunInfo computerName="omega" outcome="Error" timestamp="2025-10-30T07:50:46.2132351-04:00">
        <Text>Object reference not set to an instance of an object.</Text>
      </RunInfo>
      <RunInfo computerName="omega" outcome="Error" timestamp="2025-10-30T07:50:46.2277273-04:00">
        <Text>Object reference not set to an instance of an object.</Text>
      </RunInfo>
      <RunInfo computerName="omega" outcome="Error" timestamp="2025-10-30T07:50:46.2493055-04:00">
        <Text>Object reference not set to an instance of an object.</Text>
      </RunInfo>
      <RunInfo computerName="omega" outcome="Error" timestamp="2025-10-30T07:50:46.2697470-04:00">
        <Text>Object reference not set to an instance of an object.</Text>
      </RunInfo>
      <RunInfo computerName="omega" outcome="Error" timestamp="2025-10-30T07:50:46.2917232-04:00">
        <Text>Object reference not set to an instance of an object.</Text>
      </RunInfo>
      <RunInfo computerName="omega" outcome="Error" timestamp="2025-10-30T07:50:46.3044824-04:00">
        <Text>Object reference not set to an instance of an object.</Text>
      </RunInfo>
      <RunInfo computerName="omega" outcome="Error" timestamp="2025-10-30T07:50:46.3240873-04:00">
        <Text>Object reference not set to an instance of an object.</Text>
      </RunInfo>
      <RunInfo computerName="omega" outcome="Error" timestamp="2025-10-30T07:50:46.3387589-04:00">
        <Text>Object reference not set to an instance of an object.</Text>
      </RunInfo>
      <RunInfo computerName="omega" outcome="Error" timestamp="2025-10-30T07:50:46.3516739-04:00">
        <Text>Object reference not set to an instance of an object.</Text>
      </RunInfo>
      <RunInfo computerName="omega" outcome="Error" timestamp="2025-10-30T07:50:46.3651907-04:00">
        <Text>Object reference not set to an instance of an object.</Text>
      </RunInfo>
      <RunInfo computerName="omega" outcome="Error" timestamp="2025-10-30T07:50:46.4016085-04:00">
        <Text>Object reference not set to an instance of an object.</Text>
      </RunInfo>
      <RunInfo computerName="omega" outcome="Error" timestamp="2025-10-30T07:50:46.4338537-04:00">
        <Text>Object reference not set to an instance of an object.</Text>
      </RunInfo>
      <RunInfo computerName="omega" outcome="Error" timestamp="2025-10-30T07:50:46.4476530-04:00">
        <Text>Object reference not set to an instance of an object.</Text>
      </RunInfo>
      <RunInfo computerName="omega" outcome="Error" timestamp="2025-10-30T07:50:46.4614432-04:00">
        <Text>Object reference not set to an instance of an object.</Text>
      </RunInfo>
      <RunInfo computerName="omega" outcome="Error" timestamp="2025-10-30T07:50:46.4823081-04:00">
        <Text>Object reference not set to an instance of an object.</Text>
      </RunInfo>
      <RunInfo computerName="omega" outcome="Error" timestamp="2025-10-30T07:50:46.5039503-04:00">
        <Text>Object reference not set to an instance of an object.</Text>
      </RunInfo>
      <RunInfo computerName="omega" outcome="Error" timestamp="2025-10-30T07:50:46.5244791-04:00">
        <Text>Object reference not set to an instance of an object.</Text>
      </RunInfo>
      <RunInfo computerName="omega" outcome="Error" timestamp="2025-10-30T07:50:46.5476282-04:00">
        <Text>Object reference not set to an instance of an object.</Text>
      </RunInfo>
      <RunInfo computerName="omega" outcome="Error" timestamp="2025-10-30T07:50:46.5727343-04:00">
        <Text>GdUnitSceneRunner: Can't load scene by given resource path: 'res://tests/fixtures/ui/menus/base_menu_ui_test.tscn'. The resource does not exists.</Text>
      </RunInfo>
      <RunInfo computerName="omega" outcome="Error" timestamp="2025-10-30T07:50:46.5730340-04:00">
        <Text>GdUnitSceneRunner: Can't load scene by given resource path: 'res://tests/fixtures/ui/menus/base_menu_ui_test.tscn'. The resource does not exists.</Text>
      </RunInfo>
      <RunInfo computerName="omega" outcome="Error" timestamp="2025-10-30T07:50:46.5733569-04:00">
        <Text>GdUnitSceneRunner: Can't load scene by given resource path: 'res://tests/fixtures/ui/menus/base_menu_ui_test.tscn'. The resource does not exists.</Text>
      </RunInfo>
      <RunInfo computerName="omega" outcome="Error" timestamp="2025-10-30T07:50:46.5773004-04:00">
        <Text>GdUnitSceneRunner: Can't load scene by given resource path: 'res://tests/fixtures/ui/menus/base_menu_ui_test.tscn'. The resource does not exists.</Text>
      </RunInfo>
      <RunInfo computerName="omega" outcome="Error" timestamp="2025-10-30T07:50:46.5773207-04:00">
        <Text>GdUnitSceneRunner: Can't load scene by given resource path: 'res://tests/fixtures/ui/menus/base_menu_ui_test.tscn'. The resource does not exists.</Text>
      </RunInfo>
      <RunInfo computerName="omega" outcome="Error" timestamp="2025-10-30T07:50:46.5773397-04:00">
        <Text>GdUnitSceneRunner: Can't load scene by given resource path: 'res://tests/fixtures/ui/menus/base_menu_ui_test.tscn'. The resource does not exists.</Text>
      </RunInfo>
      <RunInfo computerName="omega" outcome="Error" timestamp="2025-10-30T07:50:46.5773570-04:00">
        <Text>GdUnitSceneRunner: Can't load scene by given resource path: 'res://tests/fixtures/ui/menus/base_menu_ui_test.tscn'. The resource does not exists.</Text>
      </RunInfo>
      <RunInfo computerName="omega" outcome="Error" timestamp="2025-10-30T07:50:46.5773751-04:00">
        <Text>GdUnitSceneRunner: Can't load scene by given resource path: 'res://tests/fixtures/ui/menus/base_menu_ui_test.tscn'. The resource does not exists.</Text>
      </RunInfo>
      <RunInfo computerName="omega" outcome="Error" timestamp="2025-10-30T07:50:46.5773800-04:00">
        <Text>GdUnitSceneRunner: Can't load scene by given resource path: 'res://tests/fixtures/ui/menus/base_menu_ui_test.tscn'. The resource does not exists.</Text>
      </RunInfo>
      <RunInfo computerName="omega" outcome="Error" timestamp="2025-10-30T07:50:46.5773845-04:00">
        <Text>GdUnitSceneRunner: Can't load scene by given resource path: 'res://tests/fixtures/ui/menus/base_menu_ui_test.tscn'. The resource does not exists.</Text>
      </RunInfo>
      <RunInfo computerName="omega" outcome="Error" timestamp="2025-10-30T07:50:46.5773886-04:00">
        <Text>GdUnitSceneRunner: Can't load scene by given resource path: 'res://tests/fixtures/ui/menus/base_menu_ui_test.tscn'. The resource does not exists.</Text>
      </RunInfo>
      <RunInfo computerName="omega" outcome="Error" timestamp="2025-10-30T07:50:46.5773985-04:00">
        <Text>GdUnitSceneRunner: Can't load scene by given resource path: 'res://tests/fixtures/ui/menus/base_menu_ui_test.tscn'. The resource does not exists.</Text>
      </RunInfo>
      <RunInfo computerName="omega" outcome="Error" timestamp="2025-10-30T07:50:46.6564343-04:00">
        <Text>Expecting be NOT &lt;Null&gt;:</Text>
      </RunInfo>
      <RunInfo computerName="omega" outcome="Error" timestamp="2025-10-30T07:50:46.6687526-04:00">
        <Text>Expecting be NOT &lt;Null&gt;:</Text>
      </RunInfo>
      <RunInfo computerName="omega" outcome="Error" timestamp="2025-10-30T07:50:46.6852254-04:00">
        <Text>Expecting be NOT &lt;Null&gt;:</Text>
      </RunInfo>
      <RunInfo computerName="omega" outcome="Error" timestamp="2025-10-30T07:50:46.7041105-04:00">
        <Text>Expecting be NOT &lt;Null&gt;:</Text>
      </RunInfo>
      <RunInfo computerName="omega" outcome="Error" timestamp="2025-10-30T07:50:46.7240279-04:00">
        <Text>Expecting be NOT &lt;Null&gt;:</Text>
      </RunInfo>
      <RunInfo computerName="omega" outcome="Error" timestamp="2025-10-30T07:50:46.7374816-04:00">
        <Text>Expecting be NOT &lt;Null&gt;:</Text>
      </RunInfo>
      <RunInfo computerName="omega" outcome="Error" timestamp="2025-10-30T07:50:46.7523720-04:00">
        <Text>Expecting be NOT &lt;Null&gt;:</Text>
      </RunInfo>
      <RunInfo computerName="omega" outcome="Error" timestamp="2025-10-30T07:50:46.7732144-04:00">
        <Text>Expecting be NOT &lt;Null&gt;:</Text>
      </RunInfo>
      <RunInfo computerName="omega" outcome="Error" timestamp="2025-10-30T07:50:46.7982657-04:00">
        <Text>Expecting be NOT &lt;Null&gt;:</Text>
      </RunInfo>
      <RunInfo computerName="omega" outcome="Error" timestamp="2025-10-30T07:50:46.8250125-04:00">
        <Text>GdUnitSceneRunner: Can't load scene by given resource path: 'res://tests/fixtures/ui/menus/base_menu_ui_test.tscn'. The resource does not exists.</Text>
      </RunInfo>
      <RunInfo computerName="omega" outcome="Error" timestamp="2025-10-30T07:50:46.8250250-04:00">
        <Text>GdUnitSceneRunner: Can't load scene by given resource path: 'res://tests/fixtures/ui/menus/base_menu_ui_test.tscn'. The resource does not exists.</Text>
      </RunInfo>
      <RunInfo computerName="omega" outcome="Error" timestamp="2025-10-30T07:50:46.8285792-04:00">
        <Text>GdUnitSceneRunner: Can't load scene by given resource path: 'res://tests/fixtures/ui/menus/base_menu_ui_test.tscn'. The resource does not exists.</Text>
      </RunInfo>
      <RunInfo computerName="omega" outcome="Error" timestamp="2025-10-30T07:50:46.8285905-04:00">
        <Text>GdUnitSceneRunner: Can't load scene by given resource path: 'res://tests/fixtures/ui/menus/base_menu_ui_test.tscn'. The resource does not exists.</Text>
      </RunInfo>
      <RunInfo computerName="omega" outcome="Error" timestamp="2025-10-30T07:50:46.8617124-04:00">
        <Text>Expecting be NOT &lt;Null&gt;:</Text>
      </RunInfo>
      <RunInfo computerName="omega" outcome="Error" timestamp="2025-10-30T07:50:46.8995660-04:00">
        <Text>Expecting be NOT &lt;Null&gt;:</Text>
      </RunInfo>
      <RunInfo computerName="omega" outcome="Error" timestamp="2025-10-30T07:50:46.9227148-04:00">
        <Text>Expecting be NOT &lt;Null&gt;:</Text>
      </RunInfo>
      <RunInfo computerName="omega" outcome="Error" timestamp="2025-10-30T07:50:46.9451848-04:00">
        <Text>Expecting be NOT &lt;Null&gt;:</Text>
      </RunInfo>
      <RunInfo computerName="omega" outcome="Error" timestamp="2025-10-30T07:50:47.1374600-04:00">
        <Text>Expecting be NOT &lt;Null&gt;:</Text>
      </RunInfo>
      <RunInfo computerName="omega" outcome="Error" timestamp="2025-10-30T07:50:47.1581870-04:00">
        <Text>Expecting be NOT &lt;Null&gt;:</Text>
      </RunInfo>
      <RunInfo computerName="omega" outcome="Error" timestamp="2025-10-30T07:50:47.1774811-04:00">
        <Text>Expecting be NOT &lt;Null&gt;:</Text>
      </RunInfo>
      <RunInfo computerName="omega" outcome="Error" timestamp="2025-10-30T07:50:47.2726556-04:00">
        <Text>Expecting be equal:
    '0.5' but is '0.05'</Text>
      </RunInfo>
      <RunInfo computerName="omega" outcome="Error" timestamp="2025-10-30T07:50:47.2866211-04:00">
        <Text>Expecting be equal:
    '2' but is '0.05'</Text>
      </RunInfo>
      <RunInfo computerName="omega" outcome="Error" timestamp="2025-10-30T07:50:47.3127551-04:00">
        <Text>Expecting be equal:
    '0' but is '0.05'</Text>
      </RunInfo>
      <RunInfo computerName="omega" outcome="Error" timestamp="2025-10-30T07:50:47.3366597-04:00">
        <Text>Object reference not set to an instance of an object.</Text>
      </RunInfo>
      <RunInfo computerName="omega" outcome="Error" timestamp="2025-10-30T07:50:47.3554873-04:00">
        <Text>Object reference not set to an instance of an object.</Text>
      </RunInfo>
      <RunInfo computerName="omega" outcome="Error" timestamp="2025-10-30T07:50:47.4227446-04:00">
        <Text>GdUnitSceneRunner: Can't load scene by given resource path: 'res://source/ui/menus/pause_menu.tscn'. The resource does not exists.</Text>
      </RunInfo>
      <RunInfo computerName="omega" outcome="Error" timestamp="2025-10-30T07:50:47.4271174-04:00">
        <Text>GdUnitSceneRunner: Can't load scene by given resource path: 'res://source/ui/menus/pause_menu.tscn'. The resource does not exists.</Text>
      </RunInfo>
      <RunInfo computerName="omega" outcome="Error" timestamp="2025-10-30T07:50:47.4271231-04:00">
        <Text>GdUnitSceneRunner: Can't load scene by given resource path: 'res://source/ui/menus/pause_menu.tscn'. The resource does not exists.</Text>
      </RunInfo>
      <RunInfo computerName="omega" outcome="Error" timestamp="2025-10-30T07:50:47.4271284-04:00">
        <Text>GdUnitSceneRunner: Can't load scene by given resource path: 'res://source/ui/menus/pause_menu.tscn'. The resource does not exists.</Text>
      </RunInfo>
      <RunInfo computerName="omega" outcome="Error" timestamp="2025-10-30T07:50:47.4271327-04:00">
        <Text>GdUnitSceneRunner: Can't load scene by given resource path: 'res://source/ui/menus/pause_menu.tscn'. The resource does not exists.</Text>
      </RunInfo>
      <RunInfo computerName="omega" outcome="Error" timestamp="2025-10-30T07:50:47.4271369-04:00">
        <Text>GdUnitSceneRunner: Can't load scene by given resource path: 'res://source/ui/menus/pause_menu.tscn'. The resource does not exists.</Text>
      </RunInfo>
      <RunInfo computerName="omega" outcome="Error" timestamp="2025-10-30T07:50:47.4744883-04:00">
        <Text>Object reference not set to an instance of an object.</Text>
      </RunInfo>
      <RunInfo computerName="omega" outcome="Error" timestamp="2025-10-30T07:50:47.4959101-04:00">
        <Text>Object reference not set to an instance of an object.</Text>
      </RunInfo>
      <RunInfo computerName="omega" outcome="Error" timestamp="2025-10-30T07:50:47.5076788-04:00">
        <Text>Object reference not set to an instance of an object.</Text>
      </RunInfo>
      <RunInfo computerName="omega" outcome="Error" timestamp="2025-10-30T07:50:47.5412569-04:00">
        <Text>Object reference not set to an instance of an object.</Text>
      </RunInfo>
      <RunInfo computerName="omega" outcome="Error" timestamp="2025-10-30T07:50:47.5746841-04:00">
        <Text>Object reference not set to an instance of an object.</Text>
      </RunInfo>
    </RunInfos>
  </ResultSummary>
</TestRun>
