<?xml version="1.0" encoding="utf-8"?>
<TestRun id="fa001318-61f7-4964-9dc0-d00ce2bba3c7" name="@omega 2025-10-24 14:20:46" xmlns="http://microsoft.com/schemas/VisualStudio/TeamTest/2010">
  <Times creation="2025-10-24T14:20:46.9185039-04:00" queuing="2025-10-24T14:20:46.9185040-04:00" start="2025-10-24T14:20:46.2177418-04:00" finish="2025-10-24T14:20:46.9189088-04:00" />
  <TestSettings name="default" id="7e602fd7-f5af-4dfa-bc57-f80f367bd487">
    <Deployment runDeploymentRoot="_omega_2025-10-24_14_20_46" />
  </TestSettings>
  <TestLists>
    <TestList name="Results Not in a List" id="8c84fa94-04c1-424b-9868-57a2d4851a1d" />
    <TestList name="All Loaded Results" id="19431567-8539-422a-85d7-44ee4e166bda" />
  </TestLists>
  <ResultSummary outcome="Failed">
    <Counters total="0" executed="0" passed="0" failed="0" error="0" timeout="0" aborted="0" inconclusive="0" passedButRunAborted="0" notRunnable="0" notExecuted="0" disconnected="0" warning="0" completed="0" inProgress="0" pending="0" />
    <Output>
      <StdOut>Running on GdUnit4 test engine version: 5.0.0.0
Discover tests from assembly: /home/adam/Dev/omega-spiral/chapter-zero/.godot/mono/temp/bin/Debug/chapter-zero.dll
Discover:  TestSuite TerminalWindowTestsNew with 11 TestCases found.
Discover:  TestSuite OmegaSpiral.Tests.Ui.TestHarness.UiTestHarnessScreenshotTests with 1 TestCases found.
Discover:  TestSuite OmegaSpiral.Tests.Ui.Terminal.TerminalWindowFrameLayoutTests with 8 TestCases found.
Discover:  TestSuite OmegaSpiral.Tests.Ui.Menus.MainMenuLayoutTests with 6 TestCases found.
Discover:  TestSuite OmegaSpiral.Tests.Ui.Menus.MainMenuRenderingTests with 21 TestCases found.
Discover:  TestSuite OmegaSpiral.Tests.Ui.Components.BackgroundComponentTests with 13 TestCases found.
Discover:  TestSuite OmegaSpiral.Tests.Ui.Components.FrameComponentTests with 5 TestCases found.
Discover:  TestSuite OmegaSpiral.Tests.Stages.Stage2.NethackDirectorTests with 1 TestCases found.
Discover:  TestSuite OmegaSpiral.Tests.Stages.Stage1.GhostTerminalCinematicDirectorTests with 1 TestCases found.
Discover:  TestSuite OmegaSpiral.Tests.Stages.Stage1.Stage1MenuIntegrationTests with 9 TestCases found.
Discover:  TestSuite OmegaSpiral.Tests.Stages.Stage1.TerminalTextVisualTest with 0 TestCases found.
Discover:  TestSuite OmegaSpiral.Tests.Integration.SceneLoadingAndViewportTests with 5 TestCases found.
Discover:  TestSuite OmegaSpiral.Tests.Integration.Ui.Menus.MainMenuTests with 3 TestCases found.
Discover:  TestSuite OmegaSpiral.Tests.Integration.Ui.Menus.MenuUiTests with 5 TestCases found.
Discover:  TestSuite OmegaSpiral.Tests.Integration.System.BackgroundViewportFillTests with 1 TestCases found.
Discover:  TestSuite OmegaSpiral.Tests.Unit.Ui.MainMenuTests with 7 TestCases found.
Discover:  TestSuite OmegaSpiral.Tests.Unit.Ui.MenuUiTests with 12 TestCases found.
Discover:  TestSuite OmegaSpiral.Tests.Unit.Ui.OmegaUiTests with 6 TestCases found.
Discover:  TestSuite OmegaSpiral.Tests.Unit.Ui.OmegaUi_IntegrationTests with 2 TestCases found.
Discover:  TestSuite OmegaSpiral.Tests.Unit.Ui.OmegaUi_UnitTests with 6 TestCases found.
Discover:  TestSuite OmegaSpiral.Tests.Unit.Persistence.SaveLoadManagerTests with 7 TestCases found.
Discover:  TestSuite OmegaSpiral.Tests.Unit.Infrastructure.SceneManagerMappingTests with 17 TestCases found.
Discover:  TestSuite OmegaSpiral.Tests.Unit.Common.GameStateTests with 6 TestCases found.
Discover:  TestSuite OmegaSpiral.Tests.Unit.Common.SceneManagerTests with 6 TestCases found.
Discover:  TestSuite OmegaSpiral.Tests.Unit.Common.Terminal.TerminalShaderControllerTests with 11 TestCases found.
Discover:  TestSuite OmegaSpiral.Tests.Unit.Common.Terminal.TerminalTextRendererTests with 12 TestCases found.
Discover:  TestSuite OmegaSpiral.Tests.Common.GameStateSignalTests with 5 TestCases found.
Discover tests done, 27 TestSuites and total 187 Tests found.
Running on GdUnit4 test engine version: 5.0.0.0
Set test session timeout to: 00:30:00
Detected IDE Unknown
Test execution stopped.
</StdOut>
    </Output>
    <RunInfos>
      <RunInfo computerName="omega" outcome="Warning" timestamp="2025-10-24T14:20:46.7777388-04:00">
        <Text>No test matches the given testcase filter `Class=GhostTerminalCinematicDirectorTests` in /home/adam/Dev/omega-spiral/chapter-zero/.godot/mono/temp/bin/Debug/chapter-zero.dll</Text>
      </RunInfo>
    </RunInfos>
  </ResultSummary>
</TestRun>
