<?xml version="1.0" encoding="utf-8"?>
<TestRun id="fb4aee1c-6a67-436f-88ae-67834c04e139" name="@omega 2025-10-25 12:57:07" xmlns="http://microsoft.com/schemas/VisualStudio/TeamTest/2010">
  <Times creation="2025-10-25T12:57:07.6420066-04:00" queuing="2025-10-25T12:57:07.6420067-04:00" start="2025-10-25T12:56:44.2950284-04:00" finish="2025-10-25T12:57:23.2811697-04:00" />
  <TestSettings name="default" id="49a6ef59-dc95-4df9-84e8-c28a20c8dc4e">
    <Deployment runDeploymentRoot="_omega_2025-10-25_12_57_07" />
  </TestSettings>
  <Results>
    <UnitTestResult executionId="68ec1119-68d3-42f6-ab0c-1ba6a239eec1" testId="2f7f2b6b-ef30-4dc7-b3b8-a142cd5e2478" testName="OmegaSpiral.Tests.Common.GameStateSignalTests.PlayerProgressionChangedSignal_EmittedWhenMilestoneReached_SignalReceived" computerName="omega" duration="00:00:01.0490000" startTime="2025-10-25T12:57:08.1895115-04:00" endTime="2025-10-25T12:57:08.1909443-04:00" testType="13cdc9d9-ddb5-4fa4-a97d-d965ccfc6d4b" outcome="Failed" testListId="8c84fa94-04c1-424b-9868-57a2d4851a1d" relativeResultsDirectory="68ec1119-68d3-42f6-ab0c-1ba6a239eec1">
      <Output>
        <ErrorInfo>
          <Message>Expecting do emitting signal:
    "PlayerProgressionChanged(&lt;Empty&gt;)"
 by
    &lt;OmegaSpiral.Source.Scripts.GameStateSignals&gt; (objId: 62243473142)</Message>
          <StackTrace>   at GdUnit4.Asserts.SignalAssert.ThrowTestFailureReport(String message, Int32 lineNumber)
</StackTrace>
        </ErrorInfo>
      </Output>
    </UnitTestResult>
    <UnitTestResult executionId="ae2913ab-7878-4f3c-8a52-df1c60136931" testId="003fddb7-d767-4c44-a9a7-b88fcc48c783" testName="OmegaSpiral.Tests.Integration.Ui.CreditsMenuTests.CreditsMenu_FocusesBackButton" computerName="omega" duration="00:00:00.0110000" startTime="2025-10-25T12:57:12.7181751-04:00" endTime="2025-10-25T12:57:12.7185071-04:00" testType="13cdc9d9-ddb5-4fa4-a97d-d965ccfc6d4b" outcome="Failed" testListId="8c84fa94-04c1-424b-9868-57a2d4851a1d" relativeResultsDirectory="ae2913ab-7878-4f3c-8a52-df1c60136931">
      <Output>
        <ErrorInfo>
          <Message>Expecting: 'True' but is 'False'</Message>
          <StackTrace>   at OmegaSpiral.Tests.Integration.Ui.CreditsMenuTests.CreditsMenu_FocusesBackButton() in /home/adam/Dev/omega-spiral/chapter-zero/tests/integration/ui/CreditsMenuTests.cs:line 117
</StackTrace>
        </ErrorInfo>
      </Output>
    </UnitTestResult>
    <UnitTestResult executionId="3d5c6045-b94f-4f49-9124-1dde545d75e5" testId="805b8ebf-8c4c-4ae5-8387-38478703e8d8" testName="[After].TextDisplayPath_HasDefault" computerName="omega" startTime="2025-10-25T12:57:13.7013245-04:00" endTime="2025-10-25T12:57:13.7013251-04:00" testType="13cdc9d9-ddb5-4fa4-a97d-d965ccfc6d4b" outcome="Failed" testListId="8c84fa94-04c1-424b-9868-57a2d4851a1d" relativeResultsDirectory="3d5c6045-b94f-4f49-9124-1dde545d75e5">
      <Output>
        <StdErr>Warning:
    Detected &lt;9&gt; orphan nodes during test suite setup stage!
    Check Setup:24 and Cleanup:32 for unfreed instances!</StdErr>
        <ErrorInfo>
          <Message>Warning:
    Detected &lt;9&gt; orphan nodes during test suite setup stage!
    Check Setup:24 and Cleanup:32 for unfreed instances!</Message>
        </ErrorInfo>
      </Output>
    </UnitTestResult>
    <UnitTestResult executionId="d3bc4d96-c72e-4393-b393-986c0b4a3ecb" testId="7de8ee44-d015-4fba-93e6-7ad00b78c8a5" testName="OmegaSpiral.Tests.Unit.Common.GameStateTests.GethighestscoringdreamweaverHandlesties" computerName="omega" duration="00:00:00.0130000" startTime="2025-10-25T12:57:14.3595949-04:00" endTime="2025-10-25T12:57:14.3600097-04:00" testType="13cdc9d9-ddb5-4fa4-a97d-d965ccfc6d4b" outcome="Passed" testListId="8c84fa94-04c1-424b-9868-57a2d4851a1d" relativeResultsDirectory="d3bc4d96-c72e-4393-b393-986c0b4a3ecb">
      <Output>
        <StdErr>Warning:
    Detected &lt;1&gt; orphan nodes during test execution!</StdErr>
        <ErrorInfo>
          <Message>Warning:
    Detected &lt;1&gt; orphan nodes during test execution!</Message>
        </ErrorInfo>
      </Output>
    </UnitTestResult>
    <UnitTestResult executionId="0ce597ac-eaaa-44f0-ba97-5918b032a916" testId="8b38e362-83bc-4302-8a76-cb16d0c26612" testName="OmegaSpiral.Tests.Integration.Ui.TerminalUITests.InheritsFromOmegaUI" computerName="omega" duration="00:00:00.0100000" startTime="2025-10-25T12:57:13.8674824-04:00" endTime="2025-10-25T12:57:13.8678109-04:00" testType="13cdc9d9-ddb5-4fa4-a97d-d965ccfc6d4b" outcome="Passed" testListId="8c84fa94-04c1-424b-9868-57a2d4851a1d" relativeResultsDirectory="0ce597ac-eaaa-44f0-ba97-5918b032a916" />
    <UnitTestResult executionId="1d20a7ee-a2f7-4763-9fba-62e0fe677e04" testId="b82739c3-6008-4c31-a5c4-50dc2a100528" testName="OmegaSpiral.Tests.Unit.Common.Terminal.TerminalTextRendererTests.SetTextColor_ChangesColorOfSubsequentText" computerName="omega" duration="00:00:00.2820000" startTime="2025-10-25T12:57:18.6581214-04:00" endTime="2025-10-25T12:57:18.6584258-04:00" testType="13cdc9d9-ddb5-4fa4-a97d-d965ccfc6d4b" outcome="Passed" testListId="8c84fa94-04c1-424b-9868-57a2d4851a1d" relativeResultsDirectory="1d20a7ee-a2f7-4763-9fba-62e0fe677e04" />
    <UnitTestResult executionId="cb2821c5-71ef-4bef-880a-82aa9fe47b33" testId="f0032702-b9e8-4ae4-9896-a1976bb444a1" testName="OmegaSpiral.Tests.Common.GameStateSignalTests.InventoryUpdatedSignal_EmittedWhenInventoryChanges_SignalReceived" computerName="omega" duration="00:00:01.0370000" startTime="2025-10-25T12:57:09.2269541-04:00" endTime="2025-10-25T12:57:09.2277976-04:00" testType="13cdc9d9-ddb5-4fa4-a97d-d965ccfc6d4b" outcome="Failed" testListId="8c84fa94-04c1-424b-9868-57a2d4851a1d" relativeResultsDirectory="cb2821c5-71ef-4bef-880a-82aa9fe47b33">
      <Output>
        <ErrorInfo>
          <Message>Expecting do emitting signal:
    "InventoryUpdated(&lt;Empty&gt;)"
 by
    &lt;OmegaSpiral.Source.Scripts.GameStateSignals&gt; (objId: 62377690870)</Message>
          <StackTrace>   at GdUnit4.Asserts.SignalAssert.ThrowTestFailureReport(String message, Int32 lineNumber)
</StackTrace>
        </ErrorInfo>
      </Output>
    </UnitTestResult>
    <UnitTestResult executionId="01a909af-65cb-41e4-a964-9f1afc40cb10" testId="e1a6a6bb-d190-4ef7-b913-a4cf04c38e81" testName="TerminalWindowTestsNew.TerminalWindow_IsControlNode" computerName="omega" duration="00:00:00.0210000" startTime="2025-10-25T12:57:22.7283219-04:00" endTime="2025-10-25T12:57:22.7286914-04:00" testType="13cdc9d9-ddb5-4fa4-a97d-d965ccfc6d4b" outcome="Passed" testListId="8c84fa94-04c1-424b-9868-57a2d4851a1d" relativeResultsDirectory="01a909af-65cb-41e4-a964-9f1afc40cb10" />
    <UnitTestResult executionId="1851ddab-73ea-401e-88f4-7f15eb62801a" testId="21a8a002-8964-45aa-8853-2057d79a76cf" testName="OmegaSpiral.Tests.Integration.Ui.Menus.MainMenuTests.Description_IsVisible" computerName="omega" duration="00:00:00.0340000" startTime="2025-10-25T12:57:12.9952746-04:00" endTime="2025-10-25T12:57:12.9956346-04:00" testType="13cdc9d9-ddb5-4fa4-a97d-d965ccfc6d4b" outcome="Failed" testListId="8c84fa94-04c1-424b-9868-57a2d4851a1d" relativeResultsDirectory="1851ddab-73ea-401e-88f4-7f15eb62801a">
      <Output>
        <ErrorInfo>
          <Message>Expecting be NOT &lt;Null&gt;:</Message>
          <StackTrace>   at OmegaSpiral.Tests.Integration.Ui.Menus.MainMenuTests.Description_IsVisible() in /home/adam/Dev/omega-spiral/chapter-zero/tests/integration/ui/menus/MainMenuTests.cs:line 167
</StackTrace>
        </ErrorInfo>
      </Output>
    </UnitTestResult>
    <UnitTestResult executionId="f56c39d8-07c8-4834-91f6-56ee3b5ef0cd" testId="e90a2e47-744f-456e-908e-64c960637dc1" testName="OmegaSpiral.Tests.Integration.Ui.PauseMenuTests.PauseMenu_FocusesFirstButton" computerName="omega" duration="00:00:00.0210000" startTime="2025-10-25T12:57:13.8158465-04:00" endTime="2025-10-25T12:57:13.8161510-04:00" testType="13cdc9d9-ddb5-4fa4-a97d-d965ccfc6d4b" outcome="Failed" testListId="8c84fa94-04c1-424b-9868-57a2d4851a1d" relativeResultsDirectory="f56c39d8-07c8-4834-91f6-56ee3b5ef0cd">
      <Output>
        <ErrorInfo>
          <Message>Object reference not set to an instance of an object.</Message>
          <StackTrace>   at OmegaSpiral.Source.Ui.Menus.PauseMenu.ShowPauseMenu() in /home/adam/Dev/omega-spiral/chapter-zero/source/ui/menus/PauseMenu.cs:line 82
   at OmegaSpiral.Tests.Integration.Ui.PauseMenuTests.PauseMenu_FocusesFirstButton() in /home/adam/Dev/omega-spiral/chapter-zero/tests/integration/ui/PauseMenuTests.cs:line 114
   at System.RuntimeMethodHandle.InvokeMethod(ObjectHandleOnStack target, Void** arguments, ObjectHandleOnStack sig, BOOL isConstructor, ObjectHandleOnStack result)
   at System.RuntimeMethodHandle.InvokeMethod(ObjectHandleOnStack target, Void** arguments, ObjectHandleOnStack sig, BOOL isConstructor, ObjectHandleOnStack result)
   at System.Reflection.MethodBaseInvoker.InterpretedInvoke_Method(Object obj, IntPtr* args)
   at System.Reflection.RuntimeMethodInfo.Invoke(Object obj, BindingFlags invokeAttr, Binder binder, Object[] parameters, CultureInfo culture)
</StackTrace>
        </ErrorInfo>
      </Output>
    </UnitTestResult>
    <UnitTestResult executionId="06dc3459-bcdc-4989-8a45-ff0cd7c6824d" testId="8657b6e5-4f51-45c6-8ccf-4be87f5ff305" testName="OmegaSpiral.Tests.Integration.Ui.CreditsMenuTests.CreditsMenu_PopulatesCredits" computerName="omega" duration="00:00:00.0210000" startTime="2025-10-25T12:57:12.6853771-04:00" endTime="2025-10-25T12:57:12.6858142-04:00" testType="13cdc9d9-ddb5-4fa4-a97d-d965ccfc6d4b" outcome="Passed" testListId="8c84fa94-04c1-424b-9868-57a2d4851a1d" relativeResultsDirectory="06dc3459-bcdc-4989-8a45-ff0cd7c6824d" />
    <UnitTestResult executionId="63e2f760-577f-42e0-9c6e-f0b400bcf97e" testId="aef02711-6d36-4a84-b9c7-caeca0ef2c6d" testName="OmegaSpiral.Tests.Unit.Common.SceneManagerTests.SetPlayerNameStoresValueCorrectly" computerName="omega" duration="00:00:00.0130000" startTime="2025-10-25T12:57:14.4423574-04:00" endTime="2025-10-25T12:57:14.4426784-04:00" testType="13cdc9d9-ddb5-4fa4-a97d-d965ccfc6d4b" outcome="Passed" testListId="8c84fa94-04c1-424b-9868-57a2d4851a1d" relativeResultsDirectory="63e2f760-577f-42e0-9c6e-f0b400bcf97e">
      <Output>
        <StdOut>Player name set to: NewPlayer</StdOut>
      </Output>
    </UnitTestResult>
    <UnitTestResult executionId="d8dba041-fb56-4bd8-b010-4659737f870e" testId="382e8e84-9175-4ffa-b63e-fcb360ff6122" testName="OmegaSpiral.Tests.Integration.Ui.OmegaUiTests.Root_HasFullScreenAnchors" computerName="omega" duration="00:00:00.0210000" startTime="2025-10-25T12:57:13.3322872-04:00" endTime="2025-10-25T12:57:13.3326282-04:00" testType="13cdc9d9-ddb5-4fa4-a97d-d965ccfc6d4b" outcome="Passed" testListId="8c84fa94-04c1-424b-9868-57a2d4851a1d" relativeResultsDirectory="d8dba041-fb56-4bd8-b010-4659737f870e" />
    <UnitTestResult executionId="989d6c49-4c79-4102-a08e-b3881b7f5208" testId="382e8e84-9175-4ffa-b63e-fcb360ff6122" testName="[After].Root_HasFullScreenAnchors" computerName="omega" startTime="2025-10-25T12:57:13.6966893-04:00" endTime="2025-10-25T12:57:13.6966912-04:00" testType="13cdc9d9-ddb5-4fa4-a97d-d965ccfc6d4b" outcome="Failed" testListId="8c84fa94-04c1-424b-9868-57a2d4851a1d" relativeResultsDirectory="989d6c49-4c79-4102-a08e-b3881b7f5208">
      <Output>
        <StdErr>Warning:
    Detected &lt;9&gt; orphan nodes during test suite setup stage!
    Check Setup:24 and Cleanup:32 for unfreed instances!</StdErr>
        <ErrorInfo>
          <Message>Warning:
    Detected &lt;9&gt; orphan nodes during test suite setup stage!
    Check Setup:24 and Cleanup:32 for unfreed instances!</Message>
        </ErrorInfo>
      </Output>
    </UnitTestResult>
    <UnitTestResult executionId="d830fbb4-3552-4e92-9eb6-28fef1c57e23" testId="e333887f-48d9-4b05-830b-fbf3d70cc81d" testName="OmegaSpiral.Tests.Unit.Common.Terminal.TerminalChoicePresenterTests.PresentChoicesAsync_MultipleSelection_ReturnsSelectedIndices" computerName="omega" duration="00:00:00.1230000" startTime="2025-10-25T12:57:14.7803754-04:00" endTime="2025-10-25T12:57:14.7807025-04:00" testType="13cdc9d9-ddb5-4fa4-a97d-d965ccfc6d4b" outcome="Passed" testListId="8c84fa94-04c1-424b-9868-57a2d4851a1d" relativeResultsDirectory="d830fbb4-3552-4e92-9eb6-28fef1c57e23">
      <Output>
        <StdOut>\u001b[96m[TerminalChoicePresenter.PresentChoicesAsync]\u001b[39m Presenting 3 string choices\u001b[0m
\u001b[38;5;208m[TerminalChoicePresenter.ClearChoiceButtons]\u001b[39m Clearing 3 buttons from container\u001b[0m
\u001b[92m  ✓ All 0 buttons cleared\u001b[39m\u001b[0m
\u001b[93m  → Created button 0: 'Choice 1'\u001b[39m\u001b[0m
\u001b[93m  → Created button 1: 'Choice 2'\u001b[39m\u001b[0m
\u001b[93m  → Created button 2: 'Choice 3'\u001b[39m\u001b[0m
\u001b[96m  Ready to wait for selection from 3 buttons\u001b[39m\u001b[0m
\u001b[95m[TerminalChoicePresenter.OnChoiceSelected]\u001b[39m Choice 1 selected\u001b[0m
\u001b[92m  ✓ Selection processed, TrySetResult=True\u001b[39m\u001b[0m
\u001b[92m  Selection received: indices=1\u001b[39m\u001b[0m</StdOut>
        <StdErr>Warning:
    Detected &lt;3&gt; orphan nodes during test execution!</StdErr>
        <ErrorInfo>
          <Message>Warning:
    Detected &lt;3&gt; orphan nodes during test execution!</Message>
        </ErrorInfo>
      </Output>
    </UnitTestResult>
    <UnitTestResult executionId="c16f3733-6910-4e62-956f-15bdf6e09f35" testId="096d2f9f-7c5f-4a52-925e-d82874df1749" testName="OmegaSpiral.Tests.Integration.Ui.MenuUiTests.ButtonContainer_CanAddButtons" computerName="omega" duration="00:00:00.0130000" startTime="2025-10-25T12:57:13.1942131-04:00" endTime="2025-10-25T12:57:13.1945802-04:00" testType="13cdc9d9-ddb5-4fa4-a97d-d965ccfc6d4b" outcome="Passed" testListId="8c84fa94-04c1-424b-9868-57a2d4851a1d" relativeResultsDirectory="c16f3733-6910-4e62-956f-15bdf6e09f35" />
    <UnitTestResult executionId="3d7f28c5-c89c-4e77-9c10-31801d658a39" testId="2a46e688-79f5-40f1-a8ef-3f178bed52b1" testName="OmegaSpiral.Tests.Unit.Common.Terminal.TerminalTextRendererTests.IsAnimating_DuringTextAppending_ReturnsTrue" computerName="omega" duration="00:00:01.3240000" startTime="2025-10-25T12:57:22.3701882-04:00" endTime="2025-10-25T12:57:22.3705232-04:00" testType="13cdc9d9-ddb5-4fa4-a97d-d965ccfc6d4b" outcome="Passed" testListId="8c84fa94-04c1-424b-9868-57a2d4851a1d" relativeResultsDirectory="3d7f28c5-c89c-4e77-9c10-31801d658a39" />
    <UnitTestResult executionId="7f1247dc-a629-4817-b7f3-323c0fb99760" testId="9d2e9445-d93b-4a77-8bdc-2eb6b4943924" testName="OmegaSpiral.Tests.Integration.Ui.MenuUiTests.MenuMode_DefaultsToStandard" computerName="omega" duration="00:00:00.0190000" startTime="2025-10-25T12:57:13.2701193-04:00" endTime="2025-10-25T12:57:13.2711666-04:00" testType="13cdc9d9-ddb5-4fa4-a97d-d965ccfc6d4b" outcome="Passed" testListId="8c84fa94-04c1-424b-9868-57a2d4851a1d" relativeResultsDirectory="7f1247dc-a629-4817-b7f3-323c0fb99760" />
    <UnitTestResult executionId="04323020-e7c8-4455-ad8f-369c161bfd51" testId="4285828a-1743-4b55-be4b-bb93922c5bb2" testName="OmegaSpiral.Tests.Unit.Ui.OmegaUi_UnitTests.AppendTextAsync_DelegatesToTextRenderer" computerName="omega" duration="00:00:00.0920000" startTime="2025-10-25T12:57:22.5060043-04:00" endTime="2025-10-25T12:57:22.5063220-04:00" testType="13cdc9d9-ddb5-4fa4-a97d-d965ccfc6d4b" outcome="Passed" testListId="8c84fa94-04c1-424b-9868-57a2d4851a1d" relativeResultsDirectory="04323020-e7c8-4455-ad8f-369c161bfd51">
      <Output>
        <StdErr>Warning:
    Detected &lt;1&gt; orphan nodes during test execution!</StdErr>
        <ErrorInfo>
          <Message>Warning:
    Detected &lt;1&gt; orphan nodes during test execution!</Message>
        </ErrorInfo>
      </Output>
    </UnitTestResult>
    <UnitTestResult executionId="ca291ea9-8205-4ef6-a152-61f23c5f4030" testId="c1d04021-0876-4e6e-93c1-1a6f062db9df" testName="OmegaSpiral.Tests.Integration.Ui.PauseMenuTests.PauseMenu_CanShowAndHide" computerName="omega" duration="00:00:00.0130000" startTime="2025-10-25T12:57:13.7952251-04:00" endTime="2025-10-25T12:57:13.7955841-04:00" testType="13cdc9d9-ddb5-4fa4-a97d-d965ccfc6d4b" outcome="Failed" testListId="8c84fa94-04c1-424b-9868-57a2d4851a1d" relativeResultsDirectory="ca291ea9-8205-4ef6-a152-61f23c5f4030">
      <Output>
        <ErrorInfo>
          <Message>Object reference not set to an instance of an object.</Message>
          <StackTrace>   at OmegaSpiral.Source.Ui.Menus.PauseMenu.HidePauseMenu() in /home/adam/Dev/omega-spiral/chapter-zero/source/ui/menus/PauseMenu.cs:line 93
   at OmegaSpiral.Tests.Integration.Ui.PauseMenuTests.PauseMenu_CanShowAndHide() in /home/adam/Dev/omega-spiral/chapter-zero/tests/integration/ui/PauseMenuTests.cs:line 98
   at System.RuntimeMethodHandle.InvokeMethod(ObjectHandleOnStack target, Void** arguments, ObjectHandleOnStack sig, BOOL isConstructor, ObjectHandleOnStack result)
   at System.RuntimeMethodHandle.InvokeMethod(ObjectHandleOnStack target, Void** arguments, ObjectHandleOnStack sig, BOOL isConstructor, ObjectHandleOnStack result)
   at System.Reflection.MethodBaseInvoker.InterpretedInvoke_Method(Object obj, IntPtr* args)
   at System.Reflection.RuntimeMethodInfo.Invoke(Object obj, BindingFlags invokeAttr, Binder binder, Object[] parameters, CultureInfo culture)
</StackTrace>
        </ErrorInfo>
      </Output>
    </UnitTestResult>
    <UnitTestResult executionId="0369f31c-c7b7-4b1b-80eb-17a96008df64" testId="7a4808fe-c932-454e-9f30-c0a755dfdcb3" testName="[Before].DefaultMode_IsFull" computerName="omega" startTime="2025-10-25T12:57:13.8577883-04:00" endTime="2025-10-25T12:57:13.8577890-04:00" testType="13cdc9d9-ddb5-4fa4-a97d-d965ccfc6d4b" outcome="Failed" testListId="8c84fa94-04c1-424b-9868-57a2d4851a1d" relativeResultsDirectory="0369f31c-c7b7-4b1b-80eb-17a96008df64">
      <Output>
        <ErrorInfo>
          <Message>Failed to create ChoicePresenter. See inner exception.</Message>
          <StackTrace>   at OmegaSpiral.Source.Ui.Terminal.TerminalUi.InitializeTerminalComponents() in /home/adam/Dev/omega-spiral/chapter-zero/source/ui/terminal/TerminalUi.cs:line 125
   at OmegaSpiral.Source.Ui.Terminal.TerminalUi._Ready() in /home/adam/Dev/omega-spiral/chapter-zero/source/ui/terminal/TerminalUi.cs:line 78
   at OmegaSpiral.Tests.Integration.Ui.TerminalUITests.Setup() in /home/adam/Dev/omega-spiral/chapter-zero/tests/integration/ui/TerminalUiTests.cs:line 28
   at System.RuntimeMethodHandle.InvokeMethod(ObjectHandleOnStack target, Void** arguments, ObjectHandleOnStack sig, BOOL isConstructor, ObjectHandleOnStack result)
   at System.RuntimeMethodHandle.InvokeMethod(ObjectHandleOnStack target, Void** arguments, ObjectHandleOnStack sig, BOOL isConstructor, ObjectHandleOnStack result)
   at System.Reflection.MethodBaseInvoker.InterpretedInvoke_Method(Object obj, IntPtr* args)
   at System.Reflection.RuntimeMethodInfo.Invoke(Object obj, BindingFlags invokeAttr, Binder binder, Object[] parameters, CultureInfo culture)
</StackTrace>
        </ErrorInfo>
      </Output>
    </UnitTestResult>
    <UnitTestResult executionId="c1f3173f-3140-4cba-aa46-7b61804e2e86" testId="2b73e095-a7f6-4071-b083-82f2560984b1" testName="OmegaSpiral.Tests.Unit.Common.Terminal.TerminalShaderControllerTests.Constructor_WithNullDisplay_ThrowsArgumentNullException" computerName="omega" duration="00:00:00.0200000" startTime="2025-10-25T12:57:15.1680292-04:00" endTime="2025-10-25T12:57:15.1683354-04:00" testType="13cdc9d9-ddb5-4fa4-a97d-d965ccfc6d4b" outcome="Passed" testListId="8c84fa94-04c1-424b-9868-57a2d4851a1d" relativeResultsDirectory="c1f3173f-3140-4cba-aa46-7b61804e2e86" />
    <UnitTestResult executionId="9edf0bb9-a515-4c1d-86a0-d1629b421ac4" testId="58de3984-46c3-47f3-b341-e8f1cb44a93a" testName="OmegaSpiral.Tests.Unit.Common.Terminal.TerminalTextRendererTests.AppendTextAsync_DefaultParameters_AppendsTextCorrectly" computerName="omega" duration="00:00:00.3950000" startTime="2025-10-25T12:57:17.3273384-04:00" endTime="2025-10-25T12:57:17.3309429-04:00" testType="13cdc9d9-ddb5-4fa4-a97d-d965ccfc6d4b" outcome="Passed" testListId="8c84fa94-04c1-424b-9868-57a2d4851a1d" relativeResultsDirectory="9edf0bb9-a515-4c1d-86a0-d1629b421ac4" />
    <UnitTestResult executionId="e4a3628b-9da8-49be-9ba0-2327bbcac2b1" testId="d0de3826-2f15-4208-87df-3734fa2f8963" testName="TerminalWindowTestsNew.TerminalWindow_AnchorsAndMarginsWork" computerName="omega" duration="00:00:00.0130000" startTime="2025-10-25T12:57:22.9137446-04:00" endTime="2025-10-25T12:57:22.9141181-04:00" testType="13cdc9d9-ddb5-4fa4-a97d-d965ccfc6d4b" outcome="Passed" testListId="8c84fa94-04c1-424b-9868-57a2d4851a1d" relativeResultsDirectory="e4a3628b-9da8-49be-9ba0-2327bbcac2b1" />
    <UnitTestResult executionId="e9ed2e3b-2f12-4498-b62e-8a56318123aa" testId="a9bd1254-7a5c-44fc-baf3-02dc24b7163e" testName="OmegaSpiral.Tests.Common.GameStateSignalTests.DreamweaverInfluenceChangedSignal_EmittedWhenInfluenceChanges_SignalReceived" computerName="omega" duration="00:00:01.0410000" startTime="2025-10-25T12:57:11.3279500-04:00" endTime="2025-10-25T12:57:11.3282701-04:00" testType="13cdc9d9-ddb5-4fa4-a97d-d965ccfc6d4b" outcome="Failed" testListId="8c84fa94-04c1-424b-9868-57a2d4851a1d" relativeResultsDirectory="e9ed2e3b-2f12-4498-b62e-8a56318123aa">
      <Output>
        <ErrorInfo>
          <Message>Expecting do emitting signal:
    "DreamweaverInfluenceChanged(&lt;Empty&gt;)"
 by
    &lt;OmegaSpiral.Source.Scripts.GameStateSignals&gt; (objId: 62646126326)</Message>
          <StackTrace>   at GdUnit4.Asserts.SignalAssert.ThrowTestFailureReport(String message, Int32 lineNumber)
</StackTrace>
        </ErrorInfo>
      </Output>
    </UnitTestResult>
    <UnitTestResult executionId="199bdec4-b31d-490c-909e-59bc15c586ba" testId="48a819e7-f522-41b2-847e-d2228ec845d7" testName="[After].GlitchLayer_Exists" computerName="omega" startTime="2025-10-25T12:57:13.6942736-04:00" endTime="2025-10-25T12:57:13.6942750-04:00" testType="13cdc9d9-ddb5-4fa4-a97d-d965ccfc6d4b" outcome="Failed" testListId="8c84fa94-04c1-424b-9868-57a2d4851a1d" relativeResultsDirectory="199bdec4-b31d-490c-909e-59bc15c586ba">
      <Output>
        <StdErr>Warning:
    Detected &lt;9&gt; orphan nodes during test suite setup stage!
    Check Setup:24 and Cleanup:32 for unfreed instances!</StdErr>
        <ErrorInfo>
          <Message>Warning:
    Detected &lt;9&gt; orphan nodes during test suite setup stage!
    Check Setup:24 and Cleanup:32 for unfreed instances!</Message>
        </ErrorInfo>
      </Output>
    </UnitTestResult>
    <UnitTestResult executionId="91afcb26-f439-469a-9e03-cadf5ca0212c" testId="098c5fd4-7441-4029-b2a4-1c6de45f2a44" testName="TerminalWindowTestsNew.TerminalWindow_SupportsVariousMinimumSizes.TerminalWindow_SupportsVariousMinimumSizes:2 (1920, 1080)" computerName="omega" duration="00:00:00.0130000" startTime="2025-10-25T12:57:22.9027589-04:00" endTime="2025-10-25T12:57:22.9030803-04:00" testType="13cdc9d9-ddb5-4fa4-a97d-d965ccfc6d4b" outcome="Passed" testListId="8c84fa94-04c1-424b-9868-57a2d4851a1d" relativeResultsDirectory="91afcb26-f439-469a-9e03-cadf5ca0212c" />
    <UnitTestResult executionId="8bd8e672-186c-4adf-b61a-1b910d527640" testId="158a51fc-547c-492c-9ab4-efa8d309d118" testName="OmegaSpiral.Tests.Integration.Ui.CreditsMenuTests.CreditsMenu_StartsScrollingWhenShown" computerName="omega" duration="00:00:00.0200000" startTime="2025-10-25T12:57:12.7389717-04:00" endTime="2025-10-25T12:57:12.7393254-04:00" testType="13cdc9d9-ddb5-4fa4-a97d-d965ccfc6d4b" outcome="Failed" testListId="8c84fa94-04c1-424b-9868-57a2d4851a1d" relativeResultsDirectory="8bd8e672-186c-4adf-b61a-1b910d527640">
      <Output>
        <ErrorInfo>
          <Message>Expecting to be greater than:
    '0' but is '0'</Message>
          <StackTrace>   at OmegaSpiral.Tests.Integration.Ui.CreditsMenuTests.CreditsMenu_StartsScrollingWhenShown() in /home/adam/Dev/omega-spiral/chapter-zero/tests/integration/ui/CreditsMenuTests.cs:line 141
</StackTrace>
        </ErrorInfo>
      </Output>
    </UnitTestResult>
    <UnitTestResult executionId="9d36d67e-9e14-4299-aafe-d2902f514e1b" testId="135ce941-2f02-4123-898e-84b9335fe677" testName="OmegaSpiral.Tests.Integration.Ui.TerminalUITests.HasContentContainer" computerName="omega" duration="00:00:00.0100000" startTime="2025-10-25T12:57:13.8781408-04:00" endTime="2025-10-25T12:57:13.8784852-04:00" testType="13cdc9d9-ddb5-4fa4-a97d-d965ccfc6d4b" outcome="Failed" testListId="8c84fa94-04c1-424b-9868-57a2d4851a1d" relativeResultsDirectory="9d36d67e-9e14-4299-aafe-d2902f514e1b">
      <Output>
        <ErrorInfo>
          <Message>Expecting be NOT &lt;Null&gt;:</Message>
          <StackTrace>   at OmegaSpiral.Tests.Integration.Ui.TerminalUITests.HasContentContainer() in /home/adam/Dev/omega-spiral/chapter-zero/tests/integration/ui/TerminalUiTests.cs:line 55
</StackTrace>
        </ErrorInfo>
      </Output>
    </UnitTestResult>
    <UnitTestResult executionId="b27ed7e2-cd0a-4f1c-ad52-dbef9a46323c" testId="d506a8df-45e0-47e7-8db9-d1a5d3fc891f" testName="[Before].InitializesTextRenderer" computerName="omega" startTime="2025-10-25T12:57:13.8611327-04:00" endTime="2025-10-25T12:57:13.8611419-04:00" testType="13cdc9d9-ddb5-4fa4-a97d-d965ccfc6d4b" outcome="Failed" testListId="8c84fa94-04c1-424b-9868-57a2d4851a1d" relativeResultsDirectory="b27ed7e2-cd0a-4f1c-ad52-dbef9a46323c">
      <Output>
        <ErrorInfo>
          <Message>Failed to create ChoicePresenter. See inner exception.</Message>
          <StackTrace>   at OmegaSpiral.Source.Ui.Terminal.TerminalUi.InitializeTerminalComponents() in /home/adam/Dev/omega-spiral/chapter-zero/source/ui/terminal/TerminalUi.cs:line 125
   at OmegaSpiral.Source.Ui.Terminal.TerminalUi._Ready() in /home/adam/Dev/omega-spiral/chapter-zero/source/ui/terminal/TerminalUi.cs:line 78
   at OmegaSpiral.Tests.Integration.Ui.TerminalUITests.Setup() in /home/adam/Dev/omega-spiral/chapter-zero/tests/integration/ui/TerminalUiTests.cs:line 28
   at System.RuntimeMethodHandle.InvokeMethod(ObjectHandleOnStack target, Void** arguments, ObjectHandleOnStack sig, BOOL isConstructor, ObjectHandleOnStack result)
   at System.RuntimeMethodHandle.InvokeMethod(ObjectHandleOnStack target, Void** arguments, ObjectHandleOnStack sig, BOOL isConstructor, ObjectHandleOnStack result)
   at System.Reflection.MethodBaseInvoker.InterpretedInvoke_Method(Object obj, IntPtr* args)
   at System.Reflection.RuntimeMethodInfo.Invoke(Object obj, BindingFlags invokeAttr, Binder binder, Object[] parameters, CultureInfo culture)
</StackTrace>
        </ErrorInfo>
      </Output>
    </UnitTestResult>
    <UnitTestResult executionId="09de0572-e384-4631-b139-5243f3884349" testId="8d60aedc-a649-4d7e-a2f7-94779a8bee7a" testName="OmegaSpiral.Tests.Integration.Ui.OmegaUiTests.ScanlineLayer_Exists" computerName="omega" duration="00:00:00.0140000" startTime="2025-10-25T12:57:13.4225496-04:00" endTime="2025-10-25T12:57:13.4228646-04:00" testType="13cdc9d9-ddb5-4fa4-a97d-d965ccfc6d4b" outcome="Passed" testListId="8c84fa94-04c1-424b-9868-57a2d4851a1d" relativeResultsDirectory="09de0572-e384-4631-b139-5243f3884349" />
    <UnitTestResult executionId="813a4579-1401-41d6-ae00-cd494a644a4a" testId="cf64f248-594e-4c3f-941d-5bef01c5de48" testName="[After].ApplyVisualPresetAsync_GlitchPreset_AppliesCorrectShader" computerName="omega" startTime="2025-10-25T12:57:16.8711956-04:00" endTime="2025-10-25T12:57:16.8711986-04:00" testType="13cdc9d9-ddb5-4fa4-a97d-d965ccfc6d4b" outcome="Passed" testListId="8c84fa94-04c1-424b-9868-57a2d4851a1d" relativeResultsDirectory="813a4579-1401-41d6-ae00-cd494a644a4a">
      <Output>
        <StdErr>Warning:
    Detected &lt;1&gt; orphan nodes during test suite setup stage!
    Check Setup:26 and Cleanup:36 for unfreed instances!</StdErr>
        <ErrorInfo>
          <Message>Warning:
    Detected &lt;1&gt; orphan nodes during test suite setup stage!
    Check Setup:26 and Cleanup:36 for unfreed instances!</Message>
        </ErrorInfo>
      </Output>
    </UnitTestResult>
    <UnitTestResult executionId="bf15e1d6-0a3b-4ab3-8263-72b9350d3567" testId="3b696f2c-b42b-46c3-82ed-ef01e304f2f0" testName="OmegaSpiral.Tests.Integration.Ui.OmegaUiTests.TextDisplay_Exists" computerName="omega" duration="00:00:00.0200000" startTime="2025-10-25T12:57:13.5047494-04:00" endTime="2025-10-25T12:57:13.5050757-04:00" testType="13cdc9d9-ddb5-4fa4-a97d-d965ccfc6d4b" outcome="Passed" testListId="8c84fa94-04c1-424b-9868-57a2d4851a1d" relativeResultsDirectory="bf15e1d6-0a3b-4ab3-8263-72b9350d3567" />
    <UnitTestResult executionId="75d9fdbf-3948-470e-b94d-b6ea2fd0f64f" testId="e582db70-a37f-4a12-a5ec-4fef472f0bb8" testName="OmegaSpiral.Tests.Unit.Common.Terminal.TerminalShaderControllerTests.ApplyVisualPresetAsync_TerminalPreset_RemovesShader" computerName="omega" duration="00:00:00.0410000" startTime="2025-10-25T12:57:16.8641430-04:00" endTime="2025-10-25T12:57:16.8645428-04:00" testType="13cdc9d9-ddb5-4fa4-a97d-d965ccfc6d4b" outcome="Passed" testListId="8c84fa94-04c1-424b-9868-57a2d4851a1d" relativeResultsDirectory="75d9fdbf-3948-470e-b94d-b6ea2fd0f64f" />
    <UnitTestResult executionId="603b2669-2358-42a0-99c4-342bb6dba20a" testId="f9c01979-321e-4940-a214-7b8abd486f86" testName="TerminalWindowTestsNew.TerminalWindow_SupportsVariousMinimumSizes.TerminalWindow_SupportsVariousMinimumSizes:0 (400, 300)" computerName="omega" duration="00:00:00.0210000" startTime="2025-10-25T12:57:22.8670159-04:00" endTime="2025-10-25T12:57:22.8673407-04:00" testType="13cdc9d9-ddb5-4fa4-a97d-d965ccfc6d4b" outcome="Passed" testListId="8c84fa94-04c1-424b-9868-57a2d4851a1d" relativeResultsDirectory="603b2669-2358-42a0-99c4-342bb6dba20a" />
    <UnitTestResult executionId="6b5d2c95-b19a-4c0c-8b8c-0709dbcc4526" testId="89a31c53-93dd-4b2a-bb62-924a6089e425" testName="OmegaSpiral.Tests.Unit.Common.Terminal.TerminalTextRendererTests.IsAnimating_WhenNotAnimating_ReturnsFalse" computerName="omega" duration="00:00:00.0200000" startTime="2025-10-25T12:57:21.0454939-04:00" endTime="2025-10-25T12:57:21.0463719-04:00" testType="13cdc9d9-ddb5-4fa4-a97d-d965ccfc6d4b" outcome="Passed" testListId="8c84fa94-04c1-424b-9868-57a2d4851a1d" relativeResultsDirectory="6b5d2c95-b19a-4c0c-8b8c-0709dbcc4526" />
    <UnitTestResult executionId="f2474b0c-5b00-4dd4-a964-5235e23705c2" testId="2e445fcf-f48e-42ef-8936-ef1a8f2f2d6e" testName="[After].PhosphorLayer_Exists" computerName="omega" startTime="2025-10-25T12:57:13.6961225-04:00" endTime="2025-10-25T12:57:13.6961238-04:00" testType="13cdc9d9-ddb5-4fa4-a97d-d965ccfc6d4b" outcome="Failed" testListId="8c84fa94-04c1-424b-9868-57a2d4851a1d" relativeResultsDirectory="f2474b0c-5b00-4dd4-a964-5235e23705c2">
      <Output>
        <StdErr>Warning:
    Detected &lt;9&gt; orphan nodes during test suite setup stage!
    Check Setup:24 and Cleanup:32 for unfreed instances!</StdErr>
        <ErrorInfo>
          <Message>Warning:
    Detected &lt;9&gt; orphan nodes during test suite setup stage!
    Check Setup:24 and Cleanup:32 for unfreed instances!</Message>
        </ErrorInfo>
      </Output>
    </UnitTestResult>
    <UnitTestResult executionId="34638905-70cb-4715-9405-e8f89cc94369" testId="50fa60b0-5514-4293-9d40-2fac272f3fce" testName="OmegaSpiral.Tests.Integration.Ui.MenuUiTests.ActionBar_Exists" computerName="omega" duration="00:00:00.0130000" startTime="2025-10-25T12:57:13.1801491-04:00" endTime="2025-10-25T12:57:13.1804726-04:00" testType="13cdc9d9-ddb5-4fa4-a97d-d965ccfc6d4b" outcome="Passed" testListId="8c84fa94-04c1-424b-9868-57a2d4851a1d" relativeResultsDirectory="34638905-70cb-4715-9405-e8f89cc94369" />
    <UnitTestResult executionId="e7c3ed34-d759-4b09-9a35-b575e0c77743" testId="785827c7-48cf-4bfb-b133-ebc9d5df2435" testName="OmegaSpiral.Tests.Integration.Ui.OmegaUiTests.PhosphorLayerPath_HasDefault" computerName="omega" duration="00:00:00.0200000" startTime="2025-10-25T12:57:13.5944437-04:00" endTime="2025-10-25T12:57:13.5947893-04:00" testType="13cdc9d9-ddb5-4fa4-a97d-d965ccfc6d4b" outcome="Passed" testListId="8c84fa94-04c1-424b-9868-57a2d4851a1d" relativeResultsDirectory="e7c3ed34-d759-4b09-9a35-b575e0c77743" />
    <UnitTestResult executionId="d9ba6868-2fe3-4ff9-a465-94aa4a5fc49a" testId="4ea6a1b6-e8d6-4b20-9a36-9af95390cf08" testName="OmegaSpiral.Tests.Unit.Common.Terminal.TerminalTextRendererTests.Constructor_WithValidTextDisplay_InitializesCorrectly" computerName="omega" duration="00:00:00.0210000" startTime="2025-10-25T12:57:16.9107373-04:00" endTime="2025-10-25T12:57:16.9110595-04:00" testType="13cdc9d9-ddb5-4fa4-a97d-d965ccfc6d4b" outcome="Passed" testListId="8c84fa94-04c1-424b-9868-57a2d4851a1d" relativeResultsDirectory="d9ba6868-2fe3-4ff9-a465-94aa4a5fc49a" />
    <UnitTestResult executionId="76204978-dbd6-4bef-8e0b-8d6c6a32b517" testId="12de98c9-e011-4a3e-aeb8-7c1da6a5d769" testName="[After].TransitionToScenePerformsSceneTransition" computerName="omega" startTime="2025-10-25T12:57:14.4919481-04:00" endTime="2025-10-25T12:57:14.4919495-04:00" testType="13cdc9d9-ddb5-4fa4-a97d-d965ccfc6d4b" outcome="Passed" testListId="8c84fa94-04c1-424b-9868-57a2d4851a1d" relativeResultsDirectory="76204978-dbd6-4bef-8e0b-8d6c6a32b517">
      <Output>
        <StdErr>Warning:
    Detected &lt;1&gt; orphan nodes during test suite setup stage!
    Check Setup:21 and Cleanup:31 for unfreed instances!</StdErr>
        <ErrorInfo>
          <Message>Warning:
    Detected &lt;1&gt; orphan nodes during test suite setup stage!
    Check Setup:21 and Cleanup:31 for unfreed instances!</Message>
        </ErrorInfo>
      </Output>
    </UnitTestResult>
    <UnitTestResult executionId="d57ea2f8-d041-4267-8ba3-cbe90e1a9cd6" testId="0c3c2aa9-5b0d-4850-bf4f-0780dc8ad56f" testName="[Before].DisabledMode_CanBeSet" computerName="omega" startTime="2025-10-25T12:57:13.8580467-04:00" endTime="2025-10-25T12:57:13.8580473-04:00" testType="13cdc9d9-ddb5-4fa4-a97d-d965ccfc6d4b" outcome="Failed" testListId="8c84fa94-04c1-424b-9868-57a2d4851a1d" relativeResultsDirectory="d57ea2f8-d041-4267-8ba3-cbe90e1a9cd6">
      <Output>
        <ErrorInfo>
          <Message>Failed to create ChoicePresenter. See inner exception.</Message>
          <StackTrace>   at OmegaSpiral.Source.Ui.Terminal.TerminalUi.InitializeTerminalComponents() in /home/adam/Dev/omega-spiral/chapter-zero/source/ui/terminal/TerminalUi.cs:line 125
   at OmegaSpiral.Source.Ui.Terminal.TerminalUi._Ready() in /home/adam/Dev/omega-spiral/chapter-zero/source/ui/terminal/TerminalUi.cs:line 78
   at OmegaSpiral.Tests.Integration.Ui.TerminalUITests.Setup() in /home/adam/Dev/omega-spiral/chapter-zero/tests/integration/ui/TerminalUiTests.cs:line 28
   at System.RuntimeMethodHandle.InvokeMethod(ObjectHandleOnStack target, Void** arguments, ObjectHandleOnStack sig, BOOL isConstructor, ObjectHandleOnStack result)
   at System.RuntimeMethodHandle.InvokeMethod(ObjectHandleOnStack target, Void** arguments, ObjectHandleOnStack sig, BOOL isConstructor, ObjectHandleOnStack result)
   at System.Reflection.MethodBaseInvoker.InterpretedInvoke_Method(Object obj, IntPtr* args)
   at System.Reflection.RuntimeMethodInfo.Invoke(Object obj, BindingFlags invokeAttr, Binder binder, Object[] parameters, CultureInfo culture)
</StackTrace>
        </ErrorInfo>
      </Output>
    </UnitTestResult>
    <UnitTestResult executionId="047e9c56-f557-42d0-aded-43c3c6630e86" testId="1fdc7479-a38a-4c19-83b2-e199c507e26f" testName="OmegaSpiral.Tests.Integration.Ui.OmegaUiTests.ContentContainer_HasFullScreenAnchors" computerName="omega" duration="00:00:00.0130000" startTime="2025-10-25T12:57:13.3874806-04:00" endTime="2025-10-25T12:57:13.3878072-04:00" testType="13cdc9d9-ddb5-4fa4-a97d-d965ccfc6d4b" outcome="Passed" testListId="8c84fa94-04c1-424b-9868-57a2d4851a1d" relativeResultsDirectory="047e9c56-f557-42d0-aded-43c3c6630e86" />
    <UnitTestResult executionId="8a3a3620-2627-4e84-8026-5d0d53bfc8d6" testId="50298cae-1a95-43a6-a5da-cebc329f7d41" testName="OmegaSpiral.Tests.Unit.Common.Terminal.TerminalChoicePresenterTests.PresentChoicesAsync_SingleSelection_ReturnsSelectedIndex" computerName="omega" duration="00:00:00.1500000" startTime="2025-10-25T12:57:14.6564396-04:00" endTime="2025-10-25T12:57:14.6567573-04:00" testType="13cdc9d9-ddb5-4fa4-a97d-d965ccfc6d4b" outcome="Passed" testListId="8c84fa94-04c1-424b-9868-57a2d4851a1d" relativeResultsDirectory="8a3a3620-2627-4e84-8026-5d0d53bfc8d6">
      <Output>
        <StdOut>\u001b[96m[TerminalChoicePresenter.PresentChoicesAsync]\u001b[39m Presenting 3 string choices\u001b[0m
\u001b[38;5;208m[TerminalChoicePresenter.ClearChoiceButtons]\u001b[39m Clearing 0 buttons from container\u001b[0m
\u001b[92m  ✓ All 0 buttons cleared\u001b[39m\u001b[0m
\u001b[93m  → Created button 0: 'Choice 1'\u001b[39m\u001b[0m
\u001b[93m  → Created button 1: 'Choice 2'\u001b[39m\u001b[0m
\u001b[93m  → Created button 2: 'Choice 3'\u001b[39m\u001b[0m
\u001b[96m  Ready to wait for selection from 3 buttons\u001b[39m\u001b[0m
\u001b[95m[TerminalChoicePresenter.OnChoiceSelected]\u001b[39m Choice 1 selected\u001b[0m
\u001b[92m  ✓ Selection processed, TrySetResult=True\u001b[39m\u001b[0m
\u001b[92m  Selection received: indices=1\u001b[39m\u001b[0m</StdOut>
        <StdErr>Warning:
    Detected &lt;3&gt; orphan nodes during test execution!</StdErr>
        <ErrorInfo>
          <Message>Warning:
    Detected &lt;3&gt; orphan nodes during test execution!</Message>
        </ErrorInfo>
      </Output>
    </UnitTestResult>
    <UnitTestResult executionId="b0381988-11ee-40af-9ec4-b67b37c4a79e" testId="43c0074c-e80e-4d38-90b2-fa290f5db782" testName="OmegaSpiral.Tests.Unit.Ui.OmegaUi_UnitTests.AppendTextAsync_GracefulFailureWhenRendererNull" computerName="omega" duration="00:00:00.0210000" startTime="2025-10-25T12:57:22.5288138-04:00" endTime="2025-10-25T12:57:22.5291472-04:00" testType="13cdc9d9-ddb5-4fa4-a97d-d965ccfc6d4b" outcome="Passed" testListId="8c84fa94-04c1-424b-9868-57a2d4851a1d" relativeResultsDirectory="b0381988-11ee-40af-9ec4-b67b37c4a79e">
      <Output>
        <StdErr>Warning:
    Detected &lt;1&gt; orphan nodes during test execution!</StdErr>
        <ErrorInfo>
          <Message>Warning:
    Detected &lt;1&gt; orphan nodes during test execution!</Message>
        </ErrorInfo>
      </Output>
    </UnitTestResult>
    <UnitTestResult executionId="ee162c6f-8216-44c9-b032-892cc0b3f3fd" testId="893a907a-b49f-4039-9a5c-33c27f7cd5a1" testName="[After].ApplyVisualPresetAsync_InvalidPreset_ThrowsArgumentException" computerName="omega" startTime="2025-10-25T12:57:16.8715875-04:00" endTime="2025-10-25T12:57:16.8715887-04:00" testType="13cdc9d9-ddb5-4fa4-a97d-d965ccfc6d4b" outcome="Passed" testListId="8c84fa94-04c1-424b-9868-57a2d4851a1d" relativeResultsDirectory="ee162c6f-8216-44c9-b032-892cc0b3f3fd">
      <Output>
        <StdErr>Warning:
    Detected &lt;1&gt; orphan nodes during test suite setup stage!
    Check Setup:26 and Cleanup:36 for unfreed instances!</StdErr>
        <ErrorInfo>
          <Message>Warning:
    Detected &lt;1&gt; orphan nodes during test suite setup stage!
    Check Setup:26 and Cleanup:36 for unfreed instances!</Message>
        </ErrorInfo>
      </Output>
    </UnitTestResult>
    <UnitTestResult executionId="47a58c0c-d615-46aa-8bd9-57e5966c0ca1" testId="23aa5f76-fb40-4bf8-8f4f-44a17310832a" testName="[After].TransitionToScenePreservesGameState" computerName="omega" startTime="2025-10-25T12:57:14.4922467-04:00" endTime="2025-10-25T12:57:14.4922483-04:00" testType="13cdc9d9-ddb5-4fa4-a97d-d965ccfc6d4b" outcome="Passed" testListId="8c84fa94-04c1-424b-9868-57a2d4851a1d" relativeResultsDirectory="47a58c0c-d615-46aa-8bd9-57e5966c0ca1">
      <Output>
        <StdErr>Warning:
    Detected &lt;1&gt; orphan nodes during test suite setup stage!
    Check Setup:21 and Cleanup:31 for unfreed instances!</StdErr>
        <ErrorInfo>
          <Message>Warning:
    Detected &lt;1&gt; orphan nodes during test suite setup stage!
    Check Setup:21 and Cleanup:31 for unfreed instances!</Message>
        </ErrorInfo>
      </Output>
    </UnitTestResult>
    <UnitTestResult executionId="bbe53962-de81-46d0-8ee7-ac344b53f68c" testId="135ce941-2f02-4123-898e-84b9335fe677" testName="[Before].HasContentContainer" computerName="omega" startTime="2025-10-25T12:57:13.8589014-04:00" endTime="2025-10-25T12:57:13.8589028-04:00" testType="13cdc9d9-ddb5-4fa4-a97d-d965ccfc6d4b" outcome="Failed" testListId="8c84fa94-04c1-424b-9868-57a2d4851a1d" relativeResultsDirectory="bbe53962-de81-46d0-8ee7-ac344b53f68c">
      <Output>
        <ErrorInfo>
          <Message>Failed to create ChoicePresenter. See inner exception.</Message>
          <StackTrace>   at OmegaSpiral.Source.Ui.Terminal.TerminalUi.InitializeTerminalComponents() in /home/adam/Dev/omega-spiral/chapter-zero/source/ui/terminal/TerminalUi.cs:line 125
   at OmegaSpiral.Source.Ui.Terminal.TerminalUi._Ready() in /home/adam/Dev/omega-spiral/chapter-zero/source/ui/terminal/TerminalUi.cs:line 78
   at OmegaSpiral.Tests.Integration.Ui.TerminalUITests.Setup() in /home/adam/Dev/omega-spiral/chapter-zero/tests/integration/ui/TerminalUiTests.cs:line 28
   at System.RuntimeMethodHandle.InvokeMethod(ObjectHandleOnStack target, Void** arguments, ObjectHandleOnStack sig, BOOL isConstructor, ObjectHandleOnStack result)
   at System.RuntimeMethodHandle.InvokeMethod(ObjectHandleOnStack target, Void** arguments, ObjectHandleOnStack sig, BOOL isConstructor, ObjectHandleOnStack result)
   at System.Reflection.MethodBaseInvoker.InterpretedInvoke_Method(Object obj, IntPtr* args)
   at System.Reflection.RuntimeMethodInfo.Invoke(Object obj, BindingFlags invokeAttr, Binder binder, Object[] parameters, CultureInfo culture)
</StackTrace>
        </ErrorInfo>
      </Output>
    </UnitTestResult>
    <UnitTestResult executionId="1cf56141-41b9-42a3-8a95-75b33adbd3af" testId="cf64f248-594e-4c3f-941d-5bef01c5de48" testName="OmegaSpiral.Tests.Unit.Common.Terminal.TerminalShaderControllerTests.ApplyVisualPresetAsync_GlitchPreset_AppliesCorrectShader" computerName="omega" duration="00:00:00.0300000" startTime="2025-10-25T12:57:15.2565857-04:00" endTime="2025-10-25T12:57:15.2568966-04:00" testType="13cdc9d9-ddb5-4fa4-a97d-d965ccfc6d4b" outcome="Passed" testListId="8c84fa94-04c1-424b-9868-57a2d4851a1d" relativeResultsDirectory="1cf56141-41b9-42a3-8a95-75b33adbd3af" />
    <UnitTestResult executionId="2e875e9f-36d2-4167-b662-879e0bac4903" testId="0204db3a-300d-4af3-8180-a0cb419e56cc" testName="OmegaSpiral.Tests.Unit.Common.GameStateTests.UpdatedreamweaverscoreAddspointscorrectly" computerName="omega" duration="00:00:00.0130000" startTime="2025-10-25T12:57:14.3112523-04:00" endTime="2025-10-25T12:57:14.3116115-04:00" testType="13cdc9d9-ddb5-4fa4-a97d-d965ccfc6d4b" outcome="Passed" testListId="8c84fa94-04c1-424b-9868-57a2d4851a1d" relativeResultsDirectory="2e875e9f-36d2-4167-b662-879e0bac4903">
      <Output>
        <StdErr>Warning:
    Detected &lt;1&gt; orphan nodes during test execution!</StdErr>
        <ErrorInfo>
          <Message>Warning:
    Detected &lt;1&gt; orphan nodes during test execution!</Message>
        </ErrorInfo>
      </Output>
    </UnitTestResult>
    <UnitTestResult executionId="b1f6e6af-62b1-4949-b2af-c746eaec6f1c" testId="229799b7-b6df-49b5-8943-37afe0461d80" testName="OmegaSpiral.Tests.Integration.Common.TerminalIntegrationTests.ComponentLifecycle_ManagedProperly" computerName="omega" duration="00:00:00.0270000" startTime="2025-10-25T12:57:12.4463448-04:00" endTime="2025-10-25T12:57:12.4467164-04:00" testType="13cdc9d9-ddb5-4fa4-a97d-d965ccfc6d4b" outcome="Passed" testListId="8c84fa94-04c1-424b-9868-57a2d4851a1d" relativeResultsDirectory="b1f6e6af-62b1-4949-b2af-c746eaec6f1c">
      <Output>
        <StdOut>\u001b[96m[TerminalChoicePresenter.PresentChoicesAsync]\u001b[39m Presenting 2 TerminalChoiceOption choices\u001b[0m
\u001b[38;5;208m[TerminalChoicePresenter.ClearChoiceButtons]\u001b[39m Clearing 2 buttons from container\u001b[0m
\u001b[92m  ✓ All 0 buttons cleared\u001b[39m\u001b[0m
\u001b[93m  → Created button 0: 'Lifecycle Test 1'\u001b[39m\u001b[0m
\u001b[93m  → Created button 1: 'Lifecycle Test 2'\u001b[39m\u001b[0m
\u001b[96m  Ready to wait for selection from 2 buttons\u001b[39m\u001b[0m
\u001b[94m[TerminalChoicePresenter.AreChoicesVisible]\u001b[39m → True (2 buttons)\u001b[0m
\u001b[95m[TerminalChoicePresenter.SimulateChoiceSelection]\u001b[39m Simulating selection of index 0\u001b[0m
\u001b[95m[TerminalChoicePresenter.OnChoiceSelected]\u001b[39m Choice 0 selected\u001b[0m
\u001b[92m  ✓ Selection processed, TrySetResult=True\u001b[39m\u001b[0m
\u001b[92m  Selection received: index=0\u001b[39m\u001b[0m
\u001b[92m✓ Component lifecycle managed properly\u001b[39m\u001b[0m</StdOut>
        <StdErr>Warning:
    Detected &lt;2&gt; orphan nodes during test execution!</StdErr>
        <ErrorInfo>
          <Message>Warning:
    Detected &lt;2&gt; orphan nodes during test execution!</Message>
        </ErrorInfo>
      </Output>
    </UnitTestResult>
    <UnitTestResult executionId="a1bb7be7-86fa-4869-aac4-3096147cfc8f" testId="1e2ca2aa-1bf1-4fc8-9bea-9822d333bc3e" testName="OmegaSpiral.Tests.Integration.Common.TerminalIntegrationTests.Components_InitializeWithoutConflicts" computerName="omega" duration="00:00:00.0030000" startTime="2025-10-25T12:57:11.3621566-04:00" endTime="2025-10-25T12:57:11.3633146-04:00" testType="13cdc9d9-ddb5-4fa4-a97d-d965ccfc6d4b" outcome="Passed" testListId="8c84fa94-04c1-424b-9868-57a2d4851a1d" relativeResultsDirectory="a1bb7be7-86fa-4869-aac4-3096147cfc8f" />
    <UnitTestResult executionId="59ac408e-448a-4bff-bbfd-0012161d02ce" testId="fe0a8e7f-1c5f-4833-ac2e-388d877ebdfd" testName="[After].ContentContainer_Exists" computerName="omega" startTime="2025-10-25T12:57:13.6933383-04:00" endTime="2025-10-25T12:57:13.6933400-04:00" testType="13cdc9d9-ddb5-4fa4-a97d-d965ccfc6d4b" outcome="Failed" testListId="8c84fa94-04c1-424b-9868-57a2d4851a1d" relativeResultsDirectory="59ac408e-448a-4bff-bbfd-0012161d02ce">
      <Output>
        <StdErr>Warning:
    Detected &lt;9&gt; orphan nodes during test suite setup stage!
    Check Setup:24 and Cleanup:32 for unfreed instances!</StdErr>
        <ErrorInfo>
          <Message>Warning:
    Detected &lt;9&gt; orphan nodes during test suite setup stage!
    Check Setup:24 and Cleanup:32 for unfreed instances!</Message>
        </ErrorInfo>
      </Output>
    </UnitTestResult>
    <UnitTestResult executionId="353d97d1-e2a8-4bec-a1a5-c0dcf7b08dc7" testId="30f82a21-276d-4203-ad95-b0b1732a4085" testName="OmegaSpiral.Tests.Unit.Common.Terminal.TerminalTextRendererTests.GetCurrentText_WhenEmpty_ReturnsEmptyString" computerName="omega" duration="00:00:00.0130000" startTime="2025-10-25T12:57:18.6719288-04:00" endTime="2025-10-25T12:57:18.6722390-04:00" testType="13cdc9d9-ddb5-4fa4-a97d-d965ccfc6d4b" outcome="Failed" testListId="8c84fa94-04c1-424b-9868-57a2d4851a1d" relativeResultsDirectory="353d97d1-e2a8-4bec-a1a5-c0dcf7b08dc7">
      <Output>
        <ErrorInfo>
          <Message>Expecting be equal:
    ""
 but is
    "Red Text"</Message>
          <StackTrace>   at OmegaSpiral.Tests.Unit.Common.Terminal.TerminalTextRendererTests.GetCurrentText_WhenEmpty_ReturnsEmptyString() in /home/adam/Dev/omega-spiral/chapter-zero/tests/integration/ui/terminal/TerminalTextRendererTests.cs:line 182
</StackTrace>
        </ErrorInfo>
      </Output>
    </UnitTestResult>
    <UnitTestResult executionId="074e762e-b948-4825-8f3b-fd0ab187e98f" testId="88ea7a77-3a0a-412c-8c6d-dc8c69d91ef8" testName="OmegaSpiral.Tests.Integration.Ui.Menus.MainMenuTests.StartButton_ExistsWithCorrectText" computerName="omega" duration="00:00:00.0120000" startTime="2025-10-25T12:57:12.8907971-04:00" endTime="2025-10-25T12:57:12.8911414-04:00" testType="13cdc9d9-ddb5-4fa4-a97d-d965ccfc6d4b" outcome="Failed" testListId="8c84fa94-04c1-424b-9868-57a2d4851a1d" relativeResultsDirectory="074e762e-b948-4825-8f3b-fd0ab187e98f">
      <Output>
        <ErrorInfo>
          <Message>Expecting be NOT &lt;Null&gt;:</Message>
          <StackTrace>   at OmegaSpiral.Tests.Integration.Ui.Menus.MainMenuTests.StartButton_ExistsWithCorrectText() in /home/adam/Dev/omega-spiral/chapter-zero/tests/integration/ui/menus/MainMenuTests.cs:line 115
</StackTrace>
        </ErrorInfo>
      </Output>
    </UnitTestResult>
    <UnitTestResult executionId="62420cfa-ece9-466e-bb6d-8ccb3b02f838" testId="611929d0-45a1-4955-96b5-95ec6e03a108" testName="OmegaSpiral.Tests.Integration.Ui.CreditsMenuTests.CreditsMenu_ExtendsMenuUi" computerName="omega" duration="00:00:00.0100000" startTime="2025-10-25T12:57:12.6421280-04:00" endTime="2025-10-25T12:57:12.6424700-04:00" testType="13cdc9d9-ddb5-4fa4-a97d-d965ccfc6d4b" outcome="Passed" testListId="8c84fa94-04c1-424b-9868-57a2d4851a1d" relativeResultsDirectory="62420cfa-ece9-466e-bb6d-8ccb3b02f838" />
    <UnitTestResult executionId="a47920cc-c68c-441c-adb4-20ed43177809" testId="4f362fde-2e34-45d3-9bb5-b19cb0bd2857" testName="[Before].ContentContainer_WithinBounds" computerName="omega" startTime="2025-10-25T12:57:13.8575057-04:00" endTime="2025-10-25T12:57:13.8575072-04:00" testType="13cdc9d9-ddb5-4fa4-a97d-d965ccfc6d4b" outcome="Failed" testListId="8c84fa94-04c1-424b-9868-57a2d4851a1d" relativeResultsDirectory="a47920cc-c68c-441c-adb4-20ed43177809">
      <Output>
        <ErrorInfo>
          <Message>Failed to create ChoicePresenter. See inner exception.</Message>
          <StackTrace>   at OmegaSpiral.Source.Ui.Terminal.TerminalUi.InitializeTerminalComponents() in /home/adam/Dev/omega-spiral/chapter-zero/source/ui/terminal/TerminalUi.cs:line 125
   at OmegaSpiral.Source.Ui.Terminal.TerminalUi._Ready() in /home/adam/Dev/omega-spiral/chapter-zero/source/ui/terminal/TerminalUi.cs:line 78
   at OmegaSpiral.Tests.Integration.Ui.TerminalUITests.Setup() in /home/adam/Dev/omega-spiral/chapter-zero/tests/integration/ui/TerminalUiTests.cs:line 28
   at System.RuntimeMethodHandle.InvokeMethod(ObjectHandleOnStack target, Void** arguments, ObjectHandleOnStack sig, BOOL isConstructor, ObjectHandleOnStack result)
   at System.RuntimeMethodHandle.InvokeMethod(ObjectHandleOnStack target, Void** arguments, ObjectHandleOnStack sig, BOOL isConstructor, ObjectHandleOnStack result)
   at System.Reflection.MethodBaseInvoker.InterpretedInvoke_Method(Object obj, IntPtr* args)
   at System.Reflection.RuntimeMethodInfo.Invoke(Object obj, BindingFlags invokeAttr, Binder binder, Object[] parameters, CultureInfo culture)
</StackTrace>
        </ErrorInfo>
      </Output>
    </UnitTestResult>
    <UnitTestResult executionId="a655005a-ae74-48ba-a620-f1eb3d0acc3a" testId="2e445fcf-f48e-42ef-8936-ef1a8f2f2d6e" testName="OmegaSpiral.Tests.Integration.Ui.OmegaUiTests.PhosphorLayer_Exists" computerName="omega" duration="00:00:00.0200000" startTime="2025-10-25T12:57:13.4081738-04:00" endTime="2025-10-25T12:57:13.4084965-04:00" testType="13cdc9d9-ddb5-4fa4-a97d-d965ccfc6d4b" outcome="Passed" testListId="8c84fa94-04c1-424b-9868-57a2d4851a1d" relativeResultsDirectory="a655005a-ae74-48ba-a620-f1eb3d0acc3a" />
    <UnitTestResult executionId="71dd2b65-fa21-46ac-a5ae-1305cf343abb" testId="c6a0b764-d63d-4a6f-95a1-eb1c019dc2fe" testName="OmegaSpiral.Tests.Ui.Terminal.TerminalWindowFrameLayoutTests.MainLayout_FillsBezelContainer" computerName="omega" duration="00:00:00.0130000" startTime="2025-10-25T12:57:14.2146879-04:00" endTime="2025-10-25T12:57:14.2150040-04:00" testType="13cdc9d9-ddb5-4fa4-a97d-d965ccfc6d4b" outcome="Failed" testListId="8c84fa94-04c1-424b-9868-57a2d4851a1d" relativeResultsDirectory="71dd2b65-fa21-46ac-a5ae-1305cf343abb">
      <Output>
        <ErrorInfo>
          <Message>Expecting be NOT &lt;Null&gt;:</Message>
          <StackTrace>   at OmegaSpiral.Tests.Ui.Terminal.TerminalWindowFrameLayoutTests.MainLayout_FillsBezelContainer() in /home/adam/Dev/omega-spiral/chapter-zero/tests/integration/ui/terminal/TerminalWindowFrameLayoutTests.cs:line 156
</StackTrace>
        </ErrorInfo>
      </Output>
    </UnitTestResult>
    <UnitTestResult executionId="c2ccd22d-a52e-420c-8d41-3ee5905507ed" testId="7b37ab8d-adf0-4b6b-867c-9fde77cff883" testName="OmegaSpiral.Tests.Unit.Common.Terminal.TerminalShaderControllerTests.ResetShaderEffects_AfterApplyingPreset_RemovesMaterial" computerName="omega" duration="00:00:00.0260000" startTime="2025-10-25T12:57:16.7953619-04:00" endTime="2025-10-25T12:57:16.7957108-04:00" testType="13cdc9d9-ddb5-4fa4-a97d-d965ccfc6d4b" outcome="Passed" testListId="8c84fa94-04c1-424b-9868-57a2d4851a1d" relativeResultsDirectory="c2ccd22d-a52e-420c-8d41-3ee5905507ed" />
    <UnitTestResult executionId="2f9aca2e-9ef1-4ce2-b140-8ca60d454c15" testId="f5cdea7e-1f1a-4fb3-bb39-b3e0dc22610e" testName="OmegaSpiral.Tests.Unit.Common.Terminal.TerminalTextRendererTests.Constructor_WithNullTextDisplay_ThrowsArgumentNullException" computerName="omega" duration="00:00:00.0200000" startTime="2025-10-25T12:57:16.9306722-04:00" endTime="2025-10-25T12:57:16.9309961-04:00" testType="13cdc9d9-ddb5-4fa4-a97d-d965ccfc6d4b" outcome="Passed" testListId="8c84fa94-04c1-424b-9868-57a2d4851a1d" relativeResultsDirectory="2f9aca2e-9ef1-4ce2-b140-8ca60d454c15" />
    <UnitTestResult executionId="e6359304-5812-4fc0-9509-b97a63571143" testId="a08b3c37-3224-40e1-ad5a-b14c5a01fd94" testName="TerminalWindowTestsNew.TerminalWindow_InitializesSuccessfully" computerName="omega" duration="00:00:00.0320000" startTime="2025-10-25T12:57:22.7071747-04:00" endTime="2025-10-25T12:57:22.7083758-04:00" testType="13cdc9d9-ddb5-4fa4-a97d-d965ccfc6d4b" outcome="Passed" testListId="8c84fa94-04c1-424b-9868-57a2d4851a1d" relativeResultsDirectory="e6359304-5812-4fc0-9509-b97a63571143" />
    <UnitTestResult executionId="17e5c380-8371-47b0-b982-5cb04fcd86b7" testId="1fdc7479-a38a-4c19-83b2-e199c507e26f" testName="[After].ContentContainer_HasFullScreenAnchors" computerName="omega" startTime="2025-10-25T12:57:13.6936440-04:00" endTime="2025-10-25T12:57:13.6936454-04:00" testType="13cdc9d9-ddb5-4fa4-a97d-d965ccfc6d4b" outcome="Failed" testListId="8c84fa94-04c1-424b-9868-57a2d4851a1d" relativeResultsDirectory="17e5c380-8371-47b0-b982-5cb04fcd86b7">
      <Output>
        <StdErr>Warning:
    Detected &lt;9&gt; orphan nodes during test suite setup stage!
    Check Setup:24 and Cleanup:32 for unfreed instances!</StdErr>
        <ErrorInfo>
          <Message>Warning:
    Detected &lt;9&gt; orphan nodes during test suite setup stage!
    Check Setup:24 and Cleanup:32 for unfreed instances!</Message>
        </ErrorInfo>
      </Output>
    </UnitTestResult>
    <UnitTestResult executionId="1dfc293a-e5a9-4bd8-a0bd-3cad5b88a270" testId="ea5f12a5-fa13-4bdf-ad2c-51da877be7b4" testName="TerminalWindowTestsNew.TerminalWindow_SupportsVariousMinimumSizes.TerminalWindow_SupportsVariousMinimumSizes:1 (800, 600)" computerName="omega" duration="00:00:00.0190000" startTime="2025-10-25T12:57:22.8870389-04:00" endTime="2025-10-25T12:57:22.8873694-04:00" testType="13cdc9d9-ddb5-4fa4-a97d-d965ccfc6d4b" outcome="Passed" testListId="8c84fa94-04c1-424b-9868-57a2d4851a1d" relativeResultsDirectory="1dfc293a-e5a9-4bd8-a0bd-3cad5b88a270" />
    <UnitTestResult executionId="450dcd2d-4d96-4da9-bd68-8a1967be6e7f" testId="1c2bcb68-f7c1-492f-87d6-b390d97bcb9e" testName="[After].ApplyVisualPresetAsync_PhosphorPreset_AppliesCorrectShader" computerName="omega" startTime="2025-10-25T12:57:16.8718568-04:00" endTime="2025-10-25T12:57:16.8718575-04:00" testType="13cdc9d9-ddb5-4fa4-a97d-d965ccfc6d4b" outcome="Passed" testListId="8c84fa94-04c1-424b-9868-57a2d4851a1d" relativeResultsDirectory="450dcd2d-4d96-4da9-bd68-8a1967be6e7f">
      <Output>
        <StdErr>Warning:
    Detected &lt;1&gt; orphan nodes during test suite setup stage!
    Check Setup:26 and Cleanup:36 for unfreed instances!</StdErr>
        <ErrorInfo>
          <Message>Warning:
    Detected &lt;1&gt; orphan nodes during test suite setup stage!
    Check Setup:26 and Cleanup:36 for unfreed instances!</Message>
        </ErrorInfo>
      </Output>
    </UnitTestResult>
    <UnitTestResult executionId="33af6764-c764-41c8-8d8f-cdb436fc3bb4" testId="6d1c79ee-2752-42d1-ba93-0ca10b3c86ed" testName="TerminalWindowTestsNew.TerminalWindow_CanStoreCustomData" computerName="omega" duration="00:00:00.0210000" startTime="2025-10-25T12:57:22.7792993-04:00" endTime="2025-10-25T12:57:22.7802385-04:00" testType="13cdc9d9-ddb5-4fa4-a97d-d965ccfc6d4b" outcome="Passed" testListId="8c84fa94-04c1-424b-9868-57a2d4851a1d" relativeResultsDirectory="33af6764-c764-41c8-8d8f-cdb436fc3bb4" />
    <UnitTestResult executionId="d63ccffb-96b4-40c6-8692-d781072172ac" testId="cc739285-051e-4c1c-9ae7-4b61bb1ede9a" testName="[After].UpdateCurrentSceneUpdatesIndexCorrectly" computerName="omega" startTime="2025-10-25T12:57:14.4925065-04:00" endTime="2025-10-25T12:57:14.4925073-04:00" testType="13cdc9d9-ddb5-4fa4-a97d-d965ccfc6d4b" outcome="Passed" testListId="8c84fa94-04c1-424b-9868-57a2d4851a1d" relativeResultsDirectory="d63ccffb-96b4-40c6-8692-d781072172ac">
      <Output>
        <StdErr>Warning:
    Detected &lt;1&gt; orphan nodes during test suite setup stage!
    Check Setup:21 and Cleanup:31 for unfreed instances!</StdErr>
        <ErrorInfo>
          <Message>Warning:
    Detected &lt;1&gt; orphan nodes during test suite setup stage!
    Check Setup:21 and Cleanup:31 for unfreed instances!</Message>
        </ErrorInfo>
      </Output>
    </UnitTestResult>
    <UnitTestResult executionId="7312a93e-f1bf-4bec-9c05-a577cc7adddd" testId="a1b5fff2-056e-4ca9-a568-9ea5561e531c" testName="[Before].ChoiceContainer_StartsInvisible" computerName="omega" startTime="2025-10-25T12:57:13.8572038-04:00" endTime="2025-10-25T12:57:13.8572066-04:00" testType="13cdc9d9-ddb5-4fa4-a97d-d965ccfc6d4b" outcome="Failed" testListId="8c84fa94-04c1-424b-9868-57a2d4851a1d" relativeResultsDirectory="7312a93e-f1bf-4bec-9c05-a577cc7adddd">
      <Output>
        <ErrorInfo>
          <Message>Failed to create ChoicePresenter. See inner exception.</Message>
          <StackTrace>   at OmegaSpiral.Source.Ui.Terminal.TerminalUi.InitializeTerminalComponents() in /home/adam/Dev/omega-spiral/chapter-zero/source/ui/terminal/TerminalUi.cs:line 125
   at OmegaSpiral.Source.Ui.Terminal.TerminalUi._Ready() in /home/adam/Dev/omega-spiral/chapter-zero/source/ui/terminal/TerminalUi.cs:line 78
   at OmegaSpiral.Tests.Integration.Ui.TerminalUITests.Setup() in /home/adam/Dev/omega-spiral/chapter-zero/tests/integration/ui/TerminalUiTests.cs:line 28
   at System.RuntimeMethodHandle.InvokeMethod(ObjectHandleOnStack target, Void** arguments, ObjectHandleOnStack sig, BOOL isConstructor, ObjectHandleOnStack result)
   at System.RuntimeMethodHandle.InvokeMethod(ObjectHandleOnStack target, Void** arguments, ObjectHandleOnStack sig, BOOL isConstructor, ObjectHandleOnStack result)
   at System.Reflection.MethodBaseInvoker.InterpretedInvoke_Method(Object obj, IntPtr* args)
   at System.Reflection.RuntimeMethodInfo.Invoke(Object obj, BindingFlags invokeAttr, Binder binder, Object[] parameters, CultureInfo culture)
</StackTrace>
        </ErrorInfo>
      </Output>
    </UnitTestResult>
    <UnitTestResult executionId="823e7c96-ad59-4145-bfc7-08128974d75e" testId="fac80ce3-d3ce-4a47-acb1-46b4b00a07b0" testName="OmegaSpiral.Tests.Integration.Ui.MenuUiTests.MenuTitle_Exists" computerName="omega" duration="00:00:00.0130000" startTime="2025-10-25T12:57:13.1525799-04:00" endTime="2025-10-25T12:57:13.1529060-04:00" testType="13cdc9d9-ddb5-4fa4-a97d-d965ccfc6d4b" outcome="Failed" testListId="8c84fa94-04c1-424b-9868-57a2d4851a1d" relativeResultsDirectory="823e7c96-ad59-4145-bfc7-08128974d75e">
      <Output>
        <ErrorInfo>
          <Message>Expecting be equal:
    "Test Menu"
 but is
    ""</Message>
          <StackTrace>   at OmegaSpiral.Tests.Integration.Ui.MenuUiTests.MenuTitle_Exists() in /home/adam/Dev/omega-spiral/chapter-zero/tests/integration/ui/MenuUiTests.cs:line 95
</StackTrace>
        </ErrorInfo>
      </Output>
    </UnitTestResult>
    <UnitTestResult executionId="9afbf215-489a-495f-ac0c-add68f42b66c" testId="3917f2fc-e1a8-4d85-aa6b-f1143589250f" testName="OmegaSpiral.Tests.Integration.Ui.PauseMenuTests.PauseMenu_HasTitle" computerName="omega" duration="00:00:00.0200000" startTime="2025-10-25T12:57:13.7480806-04:00" endTime="2025-10-25T12:57:13.7483871-04:00" testType="13cdc9d9-ddb5-4fa4-a97d-d965ccfc6d4b" outcome="Failed" testListId="8c84fa94-04c1-424b-9868-57a2d4851a1d" relativeResultsDirectory="9afbf215-489a-495f-ac0c-add68f42b66c">
      <Output>
        <ErrorInfo>
          <Message>Expecting be equal:
    "PAUSED"
 but is
    ""</Message>
          <StackTrace>   at OmegaSpiral.Tests.Integration.Ui.PauseMenuTests.PauseMenu_HasTitle() in /home/adam/Dev/omega-spiral/chapter-zero/tests/integration/ui/PauseMenuTests.cs:line 51
</StackTrace>
        </ErrorInfo>
      </Output>
    </UnitTestResult>
    <UnitTestResult executionId="91fbc425-9263-43ed-9006-92951d6b0beb" testId="67bba415-5c64-4f2c-bff1-2e6b61dd3bd0" testName="OmegaSpiral.Tests.Ui.Terminal.TerminalWindowFrameLayoutTests.TerminalFrame_ShouldBeCompletelyVisibleInViewport" computerName="omega" duration="00:00:00.0130000" startTime="2025-10-25T12:57:14.1871118-04:00" endTime="2025-10-25T12:57:14.1874217-04:00" testType="13cdc9d9-ddb5-4fa4-a97d-d965ccfc6d4b" outcome="Failed" testListId="8c84fa94-04c1-424b-9868-57a2d4851a1d" relativeResultsDirectory="91fbc425-9263-43ed-9006-92951d6b0beb">
      <Output>
        <ErrorInfo>
          <Message>Expecting be NOT &lt;Null&gt;:</Message>
          <StackTrace>   at OmegaSpiral.Tests.Ui.Terminal.TerminalWindowFrameLayoutTests.TerminalFrame_ShouldBeCompletelyVisibleInViewport() in /home/adam/Dev/omega-spiral/chapter-zero/tests/integration/ui/terminal/TerminalWindowFrameLayoutTests.cs:line 111
</StackTrace>
        </ErrorInfo>
      </Output>
    </UnitTestResult>
    <UnitTestResult executionId="8181a1a4-45f7-4081-99da-c954007ec283" testId="be055c64-2af3-48bb-84e5-ac4ce71b813a" testName="OmegaSpiral.Tests.Integration.Ui.MenuUiTests.ButtonContainer_Exists" computerName="omega" duration="00:00:00.0130000" startTime="2025-10-25T12:57:13.1663797-04:00" endTime="2025-10-25T12:57:13.1667060-04:00" testType="13cdc9d9-ddb5-4fa4-a97d-d965ccfc6d4b" outcome="Passed" testListId="8c84fa94-04c1-424b-9868-57a2d4851a1d" relativeResultsDirectory="8181a1a4-45f7-4081-99da-c954007ec283" />
    <UnitTestResult executionId="03077565-1d81-4552-9f5a-fb69eaef384b" testId="61a2bce6-4abe-4b69-ba88-471e71e91415" testName="OmegaSpiral.Tests.Stages.Stage2.NethackDirectorTests.GetPlan_ReturnsNonNull" computerName="omega" duration="00:00:00.0910000" startTime="2025-10-25T12:57:14.1179562-04:00" endTime="2025-10-25T12:57:14.1182602-04:00" testType="13cdc9d9-ddb5-4fa4-a97d-d965ccfc6d4b" outcome="Passed" testListId="8c84fa94-04c1-424b-9868-57a2d4851a1d" relativeResultsDirectory="03077565-1d81-4552-9f5a-fb69eaef384b" />
    <UnitTestResult executionId="73dcccfa-2b83-4cc0-bce1-263dd573eda3" testId="551b8110-83cc-4aad-ada6-aa617a0175c6" testName="OmegaSpiral.Tests.Integration.Ui.OmegaUiTests.GlitchLayerPath_HasDefault" computerName="omega" duration="00:00:00.0130000" startTime="2025-10-25T12:57:13.6289249-04:00" endTime="2025-10-25T12:57:13.6295952-04:00" testType="13cdc9d9-ddb5-4fa4-a97d-d965ccfc6d4b" outcome="Passed" testListId="8c84fa94-04c1-424b-9868-57a2d4851a1d" relativeResultsDirectory="73dcccfa-2b83-4cc0-bce1-263dd573eda3" />
    <UnitTestResult executionId="ebfe5085-8efa-4a05-8a0f-3bb24f552de1" testId="d87577aa-31e0-4546-8696-79344f1d7e33" testName="OmegaSpiral.Tests.Unit.Common.Terminal.TerminalTextRendererTests.AppendTextAsync_CustomTypingSpeed_AppendsTextCorrectly" computerName="omega" duration="00:00:00.2130000" startTime="2025-10-25T12:57:17.5403356-04:00" endTime="2025-10-25T12:57:17.5406422-04:00" testType="13cdc9d9-ddb5-4fa4-a97d-d965ccfc6d4b" outcome="Passed" testListId="8c84fa94-04c1-424b-9868-57a2d4851a1d" relativeResultsDirectory="ebfe5085-8efa-4a05-8a0f-3bb24f552de1" />
    <UnitTestResult executionId="de7023bb-95eb-4fb8-a923-39b5365a6012" testId="c2b4a871-6b5f-4b72-b587-56563716deca" testName="OmegaSpiral.Tests.Integration.Ui.MenuUiTests.ContentContainer_Exists" computerName="omega" duration="00:00:00.0190000" startTime="2025-10-25T12:57:13.1387791-04:00" endTime="2025-10-25T12:57:13.1390939-04:00" testType="13cdc9d9-ddb5-4fa4-a97d-d965ccfc6d4b" outcome="Failed" testListId="8c84fa94-04c1-424b-9868-57a2d4851a1d" relativeResultsDirectory="de7023bb-95eb-4fb8-a923-39b5365a6012">
      <Output>
        <ErrorInfo>
          <Message>Expecting be NOT &lt;Null&gt;:</Message>
          <StackTrace>   at OmegaSpiral.Tests.Integration.Ui.MenuUiTests.ContentContainer_Exists() in /home/adam/Dev/omega-spiral/chapter-zero/tests/integration/ui/MenuUiTests.cs:line 83
</StackTrace>
        </ErrorInfo>
      </Output>
    </UnitTestResult>
    <UnitTestResult executionId="44bac8e0-576a-419d-a426-5fc7338876af" testId="58aaf37e-43d3-4676-9087-a047af02e3a8" testName="OmegaSpiral.Tests.Unit.Common.Terminal.TerminalTextRendererTests.AppendTextAsync_WithDelay_DelaysBeforeStarting" computerName="omega" duration="00:00:00.5170000" startTime="2025-10-25T12:57:18.0578182-04:00" endTime="2025-10-25T12:57:18.0581125-04:00" testType="13cdc9d9-ddb5-4fa4-a97d-d965ccfc6d4b" outcome="Passed" testListId="8c84fa94-04c1-424b-9868-57a2d4851a1d" relativeResultsDirectory="44bac8e0-576a-419d-a426-5fc7338876af" />
    <UnitTestResult executionId="5d842d66-14f7-4849-8553-5f5d088d454b" testId="fad46e58-1db7-4105-affc-baaf306a0101" testName="OmegaSpiral.Tests.Unit.Common.Terminal.TerminalTextRendererTests.ClearText_AfterAppendingText_RemovesAllContent" computerName="omega" duration="00:00:00.3170000" startTime="2025-10-25T12:57:18.3751997-04:00" endTime="2025-10-25T12:57:18.3755198-04:00" testType="13cdc9d9-ddb5-4fa4-a97d-d965ccfc6d4b" outcome="Passed" testListId="8c84fa94-04c1-424b-9868-57a2d4851a1d" relativeResultsDirectory="5d842d66-14f7-4849-8553-5f5d088d454b" />
    <UnitTestResult executionId="36bd9df3-81ce-4a1d-83f8-d2ed07f1eebf" testId="d927fb26-b1bc-49d2-a5c8-a48ca257dc95" testName="OmegaSpiral.Tests.Unit.Common.Terminal.TerminalTextRendererTests.AppendTextAsync__EmptyText_DoesNothing" computerName="omega" duration="00:00:00.0200000" startTime="2025-10-25T12:57:22.3914153-04:00" endTime="2025-10-25T12:57:22.3926994-04:00" testType="13cdc9d9-ddb5-4fa4-a97d-d965ccfc6d4b" outcome="Passed" testListId="8c84fa94-04c1-424b-9868-57a2d4851a1d" relativeResultsDirectory="36bd9df3-81ce-4a1d-83f8-d2ed07f1eebf" />
    <UnitTestResult executionId="28c65610-1fe2-40aa-abeb-8fcaeca1940b" testId="73b71969-3721-4130-8c52-584ab386976c" testName="OmegaSpiral.Tests.Integration.Ui.Menus.MainMenuTests.QuitButton_Exists" computerName="omega" duration="00:00:00.0200000" startTime="2025-10-25T12:57:12.9253896-04:00" endTime="2025-10-25T12:57:12.9257224-04:00" testType="13cdc9d9-ddb5-4fa4-a97d-d965ccfc6d4b" outcome="Failed" testListId="8c84fa94-04c1-424b-9868-57a2d4851a1d" relativeResultsDirectory="28c65610-1fe2-40aa-abeb-8fcaeca1940b">
      <Output>
        <ErrorInfo>
          <Message>Expecting be NOT &lt;Null&gt;:</Message>
          <StackTrace>   at OmegaSpiral.Tests.Integration.Ui.Menus.MainMenuTests.QuitButton_Exists() in /home/adam/Dev/omega-spiral/chapter-zero/tests/integration/ui/menus/MainMenuTests.cs:line 140
</StackTrace>
        </ErrorInfo>
      </Output>
    </UnitTestResult>
    <UnitTestResult executionId="35c5803f-0d1b-4cf3-baba-ea2b904bead5" testId="66ebab1a-5405-4d6a-a33e-c9d87b370c0b" testName="TerminalWindowTestsNew.TerminalWindow_ProcessesInputEvents" computerName="omega" duration="00:00:00.0190000" startTime="2025-10-25T12:57:22.8451512-04:00" endTime="2025-10-25T12:57:22.8454740-04:00" testType="13cdc9d9-ddb5-4fa4-a97d-d965ccfc6d4b" outcome="Passed" testListId="8c84fa94-04c1-424b-9868-57a2d4851a1d" relativeResultsDirectory="35c5803f-0d1b-4cf3-baba-ea2b904bead5" />
    <UnitTestResult executionId="d0b8c55c-ba7a-4b92-a0be-1b36d0f22113" testId="8b38e362-83bc-4302-8a76-cb16d0c26612" testName="[Before].InheritsFromOmegaUI" computerName="omega" startTime="2025-10-25T12:57:13.8607945-04:00" endTime="2025-10-25T12:57:13.8607975-04:00" testType="13cdc9d9-ddb5-4fa4-a97d-d965ccfc6d4b" outcome="Failed" testListId="8c84fa94-04c1-424b-9868-57a2d4851a1d" relativeResultsDirectory="d0b8c55c-ba7a-4b92-a0be-1b36d0f22113">
      <Output>
        <ErrorInfo>
          <Message>Failed to create ChoicePresenter. See inner exception.</Message>
          <StackTrace>   at OmegaSpiral.Source.Ui.Terminal.TerminalUi.InitializeTerminalComponents() in /home/adam/Dev/omega-spiral/chapter-zero/source/ui/terminal/TerminalUi.cs:line 125
   at OmegaSpiral.Source.Ui.Terminal.TerminalUi._Ready() in /home/adam/Dev/omega-spiral/chapter-zero/source/ui/terminal/TerminalUi.cs:line 78
   at OmegaSpiral.Tests.Integration.Ui.TerminalUITests.Setup() in /home/adam/Dev/omega-spiral/chapter-zero/tests/integration/ui/TerminalUiTests.cs:line 28
   at System.RuntimeMethodHandle.InvokeMethod(ObjectHandleOnStack target, Void** arguments, ObjectHandleOnStack sig, BOOL isConstructor, ObjectHandleOnStack result)
   at System.RuntimeMethodHandle.InvokeMethod(ObjectHandleOnStack target, Void** arguments, ObjectHandleOnStack sig, BOOL isConstructor, ObjectHandleOnStack result)
   at System.Reflection.MethodBaseInvoker.InterpretedInvoke_Method(Object obj, IntPtr* args)
   at System.Reflection.RuntimeMethodInfo.Invoke(Object obj, BindingFlags invokeAttr, Binder binder, Object[] parameters, CultureInfo culture)
</StackTrace>
        </ErrorInfo>
      </Output>
    </UnitTestResult>
    <UnitTestResult executionId="dfca2d42-1775-455f-86d8-da1bd4e2611a" testId="4b33e314-3dd0-463a-80a0-89bd6d935730" testName="[After].TextRenderer_IsCreated" computerName="omega" startTime="2025-10-25T12:57:13.7015907-04:00" endTime="2025-10-25T12:57:13.7015914-04:00" testType="13cdc9d9-ddb5-4fa4-a97d-d965ccfc6d4b" outcome="Failed" testListId="8c84fa94-04c1-424b-9868-57a2d4851a1d" relativeResultsDirectory="dfca2d42-1775-455f-86d8-da1bd4e2611a">
      <Output>
        <StdErr>Warning:
    Detected &lt;9&gt; orphan nodes during test suite setup stage!
    Check Setup:24 and Cleanup:32 for unfreed instances!</StdErr>
        <ErrorInfo>
          <Message>Warning:
    Detected &lt;9&gt; orphan nodes during test suite setup stage!
    Check Setup:24 and Cleanup:32 for unfreed instances!</Message>
        </ErrorInfo>
      </Output>
    </UnitTestResult>
    <UnitTestResult executionId="4e03b8bc-1a0e-43e2-a8ec-c15a60030167" testId="a62115f3-6f35-4237-9935-6d7e10addbcc" testName="OmegaSpiral.Tests.Unit.Common.Terminal.TerminalChoicePresenterTests.PresentChoicesAsync_NullChoiceOptions_ThrowsArgumentNullException" computerName="omega" duration="00:00:00.0200000" startTime="2025-10-25T12:57:15.1049465-04:00" endTime="2025-10-25T12:57:15.1052703-04:00" testType="13cdc9d9-ddb5-4fa4-a97d-d965ccfc6d4b" outcome="Passed" testListId="8c84fa94-04c1-424b-9868-57a2d4851a1d" relativeResultsDirectory="4e03b8bc-1a0e-43e2-a8ec-c15a60030167" />
    <UnitTestResult executionId="8bb1b579-d850-49bd-afa6-bf7a9c147215" testId="11d6ada8-e5d8-4c4c-99e0-c46242fb4c1a" testName="OmegaSpiral.Tests.Integration.Ui.Menus.MainMenuTests.Labels_InCorrectContainers" computerName="omega" duration="00:00:00.0210000" startTime="2025-10-25T12:57:13.0394603-04:00" endTime="2025-10-25T12:57:13.0398466-04:00" testType="13cdc9d9-ddb5-4fa4-a97d-d965ccfc6d4b" outcome="Failed" testListId="8c84fa94-04c1-424b-9868-57a2d4851a1d" relativeResultsDirectory="8bb1b579-d850-49bd-afa6-bf7a9c147215">
      <Output>
        <ErrorInfo>
          <Message>Expecting be NOT &lt;Null&gt;:</Message>
          <StackTrace>   at OmegaSpiral.Tests.Integration.Ui.Menus.MainMenuTests.Labels_InCorrectContainers() in /home/adam/Dev/omega-spiral/chapter-zero/tests/integration/ui/menus/MainMenuTests.cs:line 196
</StackTrace>
        </ErrorInfo>
      </Output>
    </UnitTestResult>
    <UnitTestResult executionId="c086dea7-99bb-46af-87d1-e7f46720589c" testId="b844631e-9c69-49db-822a-6758c75ee2e1" testName="OmegaSpiral.Tests.Integration.Ui.OmegaUiTests.Background_IsVisibleAndBehind" computerName="omega" duration="00:00:00.0130000" startTime="2025-10-25T12:57:13.6703336-04:00" endTime="2025-10-25T12:57:13.6706530-04:00" testType="13cdc9d9-ddb5-4fa4-a97d-d965ccfc6d4b" outcome="Passed" testListId="8c84fa94-04c1-424b-9868-57a2d4851a1d" relativeResultsDirectory="c086dea7-99bb-46af-87d1-e7f46720589c" />
    <UnitTestResult executionId="94fc0c23-16fb-42cf-a250-7267f1cb051a" testId="7d463adf-90fb-4f96-abb4-6fae309dac66" testName="OmegaSpiral.Tests.Unit.Common.Terminal.TerminalChoicePresenterTests.PresentChoicesAsync_EmptyChoices_ThrowsArgumentException" computerName="omega" duration="00:00:00.0130000" startTime="2025-10-25T12:57:15.0632971-04:00" endTime="2025-10-25T12:57:15.0645485-04:00" testType="13cdc9d9-ddb5-4fa4-a97d-d965ccfc6d4b" outcome="Passed" testListId="8c84fa94-04c1-424b-9868-57a2d4851a1d" relativeResultsDirectory="94fc0c23-16fb-42cf-a250-7267f1cb051a" />
    <UnitTestResult executionId="2164cdd6-0663-4848-af71-b7f0e65325fb" testId="d506a8df-45e0-47e7-8db9-d1a5d3fc891f" testName="OmegaSpiral.Tests.Integration.Ui.TerminalUITests.InitializesTextRenderer" computerName="omega" duration="00:00:00.0340000" startTime="2025-10-25T12:57:13.9855596-04:00" endTime="2025-10-25T12:57:13.9858782-04:00" testType="13cdc9d9-ddb5-4fa4-a97d-d965ccfc6d4b" outcome="Failed" testListId="8c84fa94-04c1-424b-9868-57a2d4851a1d" relativeResultsDirectory="2164cdd6-0663-4848-af71-b7f0e65325fb">
      <Output>
        <ErrorInfo>
          <Message>Expecting be NOT &lt;Null&gt;:</Message>
          <StackTrace>   at OmegaSpiral.Tests.Integration.Ui.TerminalUITests.InitializesTextRenderer() in /home/adam/Dev/omega-spiral/chapter-zero/tests/integration/ui/TerminalUiTests.cs:line 121
</StackTrace>
        </ErrorInfo>
      </Output>
    </UnitTestResult>
    <UnitTestResult executionId="061a182e-1db3-4b78-9be2-aa846189b372" testId="fe0a8e7f-1c5f-4833-ac2e-388d877ebdfd" testName="OmegaSpiral.Tests.Integration.Ui.OmegaUiTests.ContentContainer_Exists" computerName="omega" duration="00:00:00.0270000" startTime="2025-10-25T12:57:13.3598778-04:00" endTime="2025-10-25T12:57:13.3602162-04:00" testType="13cdc9d9-ddb5-4fa4-a97d-d965ccfc6d4b" outcome="Passed" testListId="8c84fa94-04c1-424b-9868-57a2d4851a1d" relativeResultsDirectory="061a182e-1db3-4b78-9be2-aa846189b372" />
    <UnitTestResult executionId="c94e603a-61f5-4e62-ad1c-2410a680a492" testId="eaad6042-f0ef-4396-9367-54eab9bc8fe9" testName="OmegaSpiral.Tests.Integration.Ui.MenuUiTests.MenuUi_HasMenuModeEnum" computerName="omega" duration="00:00:00.0130000" startTime="2025-10-25T12:57:13.0973257-04:00" endTime="2025-10-25T12:57:13.0976575-04:00" testType="13cdc9d9-ddb5-4fa4-a97d-d965ccfc6d4b" outcome="Passed" testListId="8c84fa94-04c1-424b-9868-57a2d4851a1d" relativeResultsDirectory="c94e603a-61f5-4e62-ad1c-2410a680a492" />
    <UnitTestResult executionId="885b7a34-3786-4a54-a5a7-edd15df62ed0" testId="62fe23ce-1c87-4c24-9094-db6983985ab6" testName="OmegaSpiral.Tests.Integration.Ui.OmegaUiTests.Initialization_EmitsCompletedSignal" computerName="omega" duration="00:00:00.0130000" startTime="2025-10-25T12:57:13.5392911-04:00" endTime="2025-10-25T12:57:13.5396092-04:00" testType="13cdc9d9-ddb5-4fa4-a97d-d965ccfc6d4b" outcome="Passed" testListId="8c84fa94-04c1-424b-9868-57a2d4851a1d" relativeResultsDirectory="885b7a34-3786-4a54-a5a7-edd15df62ed0" />
    <UnitTestResult executionId="6a073c3b-fe99-4389-b812-75772345dc1e" testId="c0caf962-23fa-4bf9-a842-aced24428719" testName="OmegaSpiral.Tests.Unit.Common.Terminal.TerminalShaderControllerTests.Constructor_WithValidDisplay_InitializesCorrectly" computerName="omega" duration="00:00:00.0120000" startTime="2025-10-25T12:57:15.1463942-04:00" endTime="2025-10-25T12:57:15.1467187-04:00" testType="13cdc9d9-ddb5-4fa4-a97d-d965ccfc6d4b" outcome="Passed" testListId="8c84fa94-04c1-424b-9868-57a2d4851a1d" relativeResultsDirectory="6a073c3b-fe99-4389-b812-75772345dc1e" />
    <UnitTestResult executionId="3111dc90-da7f-489e-8c67-baf11cff94c5" testId="c3ce54d8-b069-4013-8051-650940683b9c" testName="OmegaSpiral.Tests.Integration.Ui.Menus.MainMenuTests.StageButtons_HaveCorrectText" computerName="omega" duration="00:00:00.0130000" startTime="2025-10-25T12:57:12.8214716-04:00" endTime="2025-10-25T12:57:12.8218737-04:00" testType="13cdc9d9-ddb5-4fa4-a97d-d965ccfc6d4b" outcome="Failed" testListId="8c84fa94-04c1-424b-9868-57a2d4851a1d" relativeResultsDirectory="3111dc90-da7f-489e-8c67-baf11cff94c5">
      <Output>
        <ErrorInfo>
          <Message>Expecting be NOT &lt;Null&gt;:</Message>
          <StackTrace>   at OmegaSpiral.Tests.Integration.Ui.Menus.MainMenuTests.StageButtons_HaveCorrectText() in /home/adam/Dev/omega-spiral/chapter-zero/tests/integration/ui/menus/MainMenuTests.cs:line 56
</StackTrace>
        </ErrorInfo>
      </Output>
    </UnitTestResult>
    <UnitTestResult executionId="2f63f418-dc56-41ad-bc8f-e9ff996f19b3" testId="9f44d3eb-a003-4e6c-91d4-4add7173babb" testName="OmegaSpiral.Tests.Unit.Ui.OmegaUi_UnitTests.ApplyVisualPresetAsync_DelegatesToShaderController" computerName="omega" duration="00:00:00.0180000" startTime="2025-10-25T12:57:22.5465617-04:00" endTime="2025-10-25T12:57:22.5468813-04:00" testType="13cdc9d9-ddb5-4fa4-a97d-d965ccfc6d4b" outcome="Passed" testListId="8c84fa94-04c1-424b-9868-57a2d4851a1d" relativeResultsDirectory="2f63f418-dc56-41ad-bc8f-e9ff996f19b3">
      <Output>
        <StdErr>Warning:
    Detected &lt;1&gt; orphan nodes during test execution!</StdErr>
        <ErrorInfo>
          <Message>Warning:
    Detected &lt;1&gt; orphan nodes during test execution!</Message>
        </ErrorInfo>
      </Output>
    </UnitTestResult>
    <UnitTestResult executionId="1dba8e0f-6f2a-4b9a-a253-75ef791575be" testId="7b37ab8d-adf0-4b6b-867c-9fde77cff883" testName="[After].ResetShaderEffects_AfterApplyingPreset_RemovesMaterial" computerName="omega" startTime="2025-10-25T12:57:16.8741440-04:00" endTime="2025-10-25T12:57:16.8741453-04:00" testType="13cdc9d9-ddb5-4fa4-a97d-d965ccfc6d4b" outcome="Passed" testListId="8c84fa94-04c1-424b-9868-57a2d4851a1d" relativeResultsDirectory="1dba8e0f-6f2a-4b9a-a253-75ef791575be">
      <Output>
        <StdErr>Warning:
    Detected &lt;1&gt; orphan nodes during test suite setup stage!
    Check Setup:26 and Cleanup:36 for unfreed instances!</StdErr>
        <ErrorInfo>
          <Message>Warning:
    Detected &lt;1&gt; orphan nodes during test suite setup stage!
    Check Setup:26 and Cleanup:36 for unfreed instances!</Message>
        </ErrorInfo>
      </Output>
    </UnitTestResult>
    <UnitTestResult executionId="cf17c2bc-9f1c-4568-9108-eb9c0888d555" testId="bdb9783f-a60b-404f-8756-221fd69e1f1f" testName="OmegaSpiral.Tests.Unit.Common.Terminal.TerminalChoicePresenterTests.AreChoicesVisible_Initially_ReturnsFalse" computerName="omega" duration="00:00:00.0130000" startTime="2025-10-25T12:57:15.0495996-04:00" endTime="2025-10-25T12:57:15.0499111-04:00" testType="13cdc9d9-ddb5-4fa4-a97d-d965ccfc6d4b" outcome="Passed" testListId="8c84fa94-04c1-424b-9868-57a2d4851a1d" relativeResultsDirectory="cf17c2bc-9f1c-4568-9108-eb9c0888d555">
      <Output>
        <StdOut>\u001b[94m[TerminalChoicePresenter.AreChoicesVisible]\u001b[39m → False (0 buttons)\u001b[0m</StdOut>
      </Output>
    </UnitTestResult>
    <UnitTestResult executionId="d81bb94d-abc3-4166-97e3-7cc3bd9d0a22" testId="71382143-2945-45a0-b170-252498931537" testName="OmegaSpiral.Tests.Unit.Ui.OmegaUi_UnitTests.Dispose_CallsDisposeOnComponentsAndNullsReferences" computerName="omega" duration="00:00:00.0350000" startTime="2025-10-25T12:57:22.6100636-04:00" endTime="2025-10-25T12:57:22.6103954-04:00" testType="13cdc9d9-ddb5-4fa4-a97d-d965ccfc6d4b" outcome="Passed" testListId="8c84fa94-04c1-424b-9868-57a2d4851a1d" relativeResultsDirectory="d81bb94d-abc3-4166-97e3-7cc3bd9d0a22">
      <Output>
        <StdErr>Warning:
    Detected &lt;1&gt; orphan nodes during test execution!</StdErr>
        <ErrorInfo>
          <Message>Warning:
    Detected &lt;1&gt; orphan nodes during test execution!</Message>
        </ErrorInfo>
      </Output>
    </UnitTestResult>
    <UnitTestResult executionId="bc65a888-91ef-4484-bfa4-f8fa650a2413" testId="2c2d7479-3ffc-4e10-b38c-aa5ad5c491f1" testName="OmegaSpiral.Tests.Unit.Common.GameStateTests.GethighestscoringdreamweaverReturnscorrectdreamweaver" computerName="omega" duration="00:00:00.0130000" startTime="2025-10-25T12:57:14.3457797-04:00" endTime="2025-10-25T12:57:14.3462479-04:00" testType="13cdc9d9-ddb5-4fa4-a97d-d965ccfc6d4b" outcome="Passed" testListId="8c84fa94-04c1-424b-9868-57a2d4851a1d" relativeResultsDirectory="bc65a888-91ef-4484-bfa4-f8fa650a2413">
      <Output>
        <StdErr>Warning:
    Detected &lt;1&gt; orphan nodes during test execution!</StdErr>
        <ErrorInfo>
          <Message>Warning:
    Detected &lt;1&gt; orphan nodes during test execution!</Message>
        </ErrorInfo>
      </Output>
    </UnitTestResult>
    <UnitTestResult executionId="9e28fc33-f21a-4b74-9612-c31b8b576e66" testId="62fe23ce-1c87-4c24-9094-db6983985ab6" testName="[After].Initialization_EmitsCompletedSignal" computerName="omega" startTime="2025-10-25T12:57:13.6955690-04:00" endTime="2025-10-25T12:57:13.6955712-04:00" testType="13cdc9d9-ddb5-4fa4-a97d-d965ccfc6d4b" outcome="Failed" testListId="8c84fa94-04c1-424b-9868-57a2d4851a1d" relativeResultsDirectory="9e28fc33-f21a-4b74-9612-c31b8b576e66">
      <Output>
        <StdErr>Warning:
    Detected &lt;9&gt; orphan nodes during test suite setup stage!
    Check Setup:24 and Cleanup:32 for unfreed instances!</StdErr>
        <ErrorInfo>
          <Message>Warning:
    Detected &lt;9&gt; orphan nodes during test suite setup stage!
    Check Setup:24 and Cleanup:32 for unfreed instances!</Message>
        </ErrorInfo>
      </Output>
    </UnitTestResult>
    <UnitTestResult executionId="e9f470ea-49c9-4538-af0d-9d8b2d2e9363" testId="9f48434e-b477-4781-b5de-7e86ea5cac11" testName="OmegaSpiral.Tests.Integration.Ui.OmegaUiTests.ScanlineLayerPath_HasDefault" computerName="omega" duration="00:00:00.0200000" startTime="2025-10-25T12:57:13.6151442-04:00" endTime="2025-10-25T12:57:13.6154577-04:00" testType="13cdc9d9-ddb5-4fa4-a97d-d965ccfc6d4b" outcome="Passed" testListId="8c84fa94-04c1-424b-9868-57a2d4851a1d" relativeResultsDirectory="e9f470ea-49c9-4538-af0d-9d8b2d2e9363" />
    <UnitTestResult executionId="7d59ef84-01d9-4524-8707-f6564bb38c31" testId="f6f1db29-cafe-46d7-9771-825b2f0275b7" testName="OmegaSpiral.Tests.Unit.Common.Terminal.TerminalShaderControllerTests.PixelDissolveAsync_CustomDuration_CompletesInCorrectTime" computerName="omega" duration="00:00:00.5040000" startTime="2025-10-25T12:57:16.7689814-04:00" endTime="2025-10-25T12:57:16.7693124-04:00" testType="13cdc9d9-ddb5-4fa4-a97d-d965ccfc6d4b" outcome="Passed" testListId="8c84fa94-04c1-424b-9868-57a2d4851a1d" relativeResultsDirectory="7d59ef84-01d9-4524-8707-f6564bb38c31" />
    <UnitTestResult executionId="0ba809fe-0083-4b57-8e29-9216926a0d68" testId="10dbfd72-fb33-4bb3-9d2a-e6698c0cdb1a" testName="OmegaSpiral.Tests.Integration.Ui.Menus.MainMenuTests.StageButton_Click_TriggersNavigation" computerName="omega" duration="00:00:00.0340000" startTime="2025-10-25T12:57:12.8774746-04:00" endTime="2025-10-25T12:57:12.8787694-04:00" testType="13cdc9d9-ddb5-4fa4-a97d-d965ccfc6d4b" outcome="Failed" testListId="8c84fa94-04c1-424b-9868-57a2d4851a1d" relativeResultsDirectory="0ba809fe-0083-4b57-8e29-9216926a0d68">
      <Output>
        <ErrorInfo>
          <Message>Expecting be NOT &lt;Null&gt;:</Message>
          <StackTrace>   at OmegaSpiral.Tests.Integration.Ui.Menus.MainMenuTests.StageButton_Click_TriggersNavigation() in /home/adam/Dev/omega-spiral/chapter-zero/tests/integration/ui/menus/MainMenuTests.cs:line 97
</StackTrace>
        </ErrorInfo>
      </Output>
    </UnitTestResult>
    <UnitTestResult executionId="78640604-1697-4420-bc68-bceb4d03e7bc" testId="0b4933d9-059c-4075-87f4-f0cc0fb52256" testName="OmegaSpiral.Tests.Common.GameStateSignalTests.AffinityScoreUpdatedSignal_EmittedWhenAffinityChanges_SignalReceived" computerName="omega" duration="00:00:01.0750000" startTime="2025-10-25T12:57:07.1418234-04:00" endTime="2025-10-25T12:57:07.1437615-04:00" testType="13cdc9d9-ddb5-4fa4-a97d-d965ccfc6d4b" outcome="Failed" testListId="8c84fa94-04c1-424b-9868-57a2d4851a1d" relativeResultsDirectory="78640604-1697-4420-bc68-bceb4d03e7bc">
      <Output>
        <ErrorInfo>
          <Message>Expecting do emitting signal:
    "AffinityScoreUpdated(&lt;Empty&gt;)"
 by
    &lt;OmegaSpiral.Source.Scripts.GameStateSignals&gt; (objId: 62075700982)</Message>
          <StackTrace>   at GdUnit4.Asserts.SignalAssert.ThrowTestFailureReport(String message, Int32 lineNumber)
</StackTrace>
        </ErrorInfo>
      </Output>
    </UnitTestResult>
    <UnitTestResult executionId="0203b25b-e90a-4adc-bfb7-a2d7fe096ddf" testId="785a16f4-b6a1-4886-9331-d6a7172a9674" testName="OmegaSpiral.Tests.Ui.Terminal.TerminalWindowFrameLayoutTests.Header_ExistsWithTitleAndIndicators" computerName="omega" duration="00:00:00.0130000" startTime="2025-10-25T12:57:14.2285020-04:00" endTime="2025-10-25T12:57:14.2288509-04:00" testType="13cdc9d9-ddb5-4fa4-a97d-d965ccfc6d4b" outcome="Failed" testListId="8c84fa94-04c1-424b-9868-57a2d4851a1d" relativeResultsDirectory="0203b25b-e90a-4adc-bfb7-a2d7fe096ddf">
      <Output>
        <ErrorInfo>
          <Message>Expecting be NOT &lt;Null&gt;:</Message>
          <StackTrace>   at OmegaSpiral.Tests.Ui.Terminal.TerminalWindowFrameLayoutTests.Header_ExistsWithTitleAndIndicators() in /home/adam/Dev/omega-spiral/chapter-zero/tests/integration/ui/terminal/TerminalWindowFrameLayoutTests.cs:line 182
</StackTrace>
        </ErrorInfo>
      </Output>
    </UnitTestResult>
    <UnitTestResult executionId="ebaf14a6-a14f-4fe4-922d-0d9b704c3b53" testId="fc8e81ed-ec8c-4598-8b0d-6fcf3e962c97" testName="OmegaSpiral.Tests.Integration.Ui.PauseMenuTests.PauseMenu_ExtendsMenuUi" computerName="omega" duration="00:00:00.0100000" startTime="2025-10-25T12:57:13.7276562-04:00" endTime="2025-10-25T12:57:13.7279837-04:00" testType="13cdc9d9-ddb5-4fa4-a97d-d965ccfc6d4b" outcome="Passed" testListId="8c84fa94-04c1-424b-9868-57a2d4851a1d" relativeResultsDirectory="ebaf14a6-a14f-4fe4-922d-0d9b704c3b53" />
    <UnitTestResult executionId="8e378595-4819-4a14-9bd4-0c6e7028cbe9" testId="40da7309-51bb-4dfb-976c-659f17738125" testName="OmegaSpiral.Tests.Integration.Ui.Menus.MainMenuTests.Title_IsVisible" computerName="omega" duration="00:00:00.0330000" startTime="2025-10-25T12:57:12.9604679-04:00" endTime="2025-10-25T12:57:12.9621176-04:00" testType="13cdc9d9-ddb5-4fa4-a97d-d965ccfc6d4b" outcome="Failed" testListId="8c84fa94-04c1-424b-9868-57a2d4851a1d" relativeResultsDirectory="8e378595-4819-4a14-9bd4-0c6e7028cbe9">
      <Output>
        <ErrorInfo>
          <Message>Expecting be NOT &lt;Null&gt;:</Message>
          <StackTrace>   at OmegaSpiral.Tests.Integration.Ui.Menus.MainMenuTests.Title_IsVisible() in /home/adam/Dev/omega-spiral/chapter-zero/tests/integration/ui/menus/MainMenuTests.cs:line 154
</StackTrace>
        </ErrorInfo>
      </Output>
    </UnitTestResult>
    <UnitTestResult executionId="1b9eb7da-9e59-42f9-9c92-d157d84799b6" testId="51ea4243-e900-4811-b008-ab38f86c645c" testName="OmegaSpiral.Tests.Unit.Common.Terminal.TerminalShaderControllerTests.ApplyVisualPresetAsync_ScanlinesPreset_AppliesCorrectShader" computerName="omega" duration="00:00:00.0310000" startTime="2025-10-25T12:57:15.2256490-04:00" endTime="2025-10-25T12:57:15.2259582-04:00" testType="13cdc9d9-ddb5-4fa4-a97d-d965ccfc6d4b" outcome="Passed" testListId="8c84fa94-04c1-424b-9868-57a2d4851a1d" relativeResultsDirectory="1b9eb7da-9e59-42f9-9c92-d157d84799b6" />
    <UnitTestResult executionId="011d8291-e1a5-4f1c-9587-1015fa43912e" testId="23aa5f76-fb40-4bf8-8f4f-44a17310832a" testName="OmegaSpiral.Tests.Unit.Common.SceneManagerTests.TransitionToScenePreservesGameState" computerName="omega" duration="00:00:00.0130000" startTime="2025-10-25T12:57:14.4285508-04:00" endTime="2025-10-25T12:57:14.4288613-04:00" testType="13cdc9d9-ddb5-4fa4-a97d-d965ccfc6d4b" outcome="Passed" testListId="8c84fa94-04c1-424b-9868-57a2d4851a1d" relativeResultsDirectory="011d8291-e1a5-4f1c-9587-1015fa43912e">
      <Output>
        <StdOut>Player name set to: TestPlayer
Dreamweaver thread set to: hero
Updated current scene to: 2</StdOut>
      </Output>
    </UnitTestResult>
    <UnitTestResult executionId="af15d4ac-2d5b-4971-bf15-bf2be02620e0" testId="e19db2c8-98ae-445e-8285-f6118d1cd4b4" testName="OmegaSpiral.Tests.Integration.Ui.CreditsMenuTests.CreditsMenu_HasTitle" computerName="omega" duration="00:00:00.0100000" startTime="2025-10-25T12:57:12.6530206-04:00" endTime="2025-10-25T12:57:12.6534287-04:00" testType="13cdc9d9-ddb5-4fa4-a97d-d965ccfc6d4b" outcome="Failed" testListId="8c84fa94-04c1-424b-9868-57a2d4851a1d" relativeResultsDirectory="af15d4ac-2d5b-4971-bf15-bf2be02620e0">
      <Output>
        <ErrorInfo>
          <Message>Expecting be equal:
    "CREDITS"
 but is
    ""</Message>
          <StackTrace>   at OmegaSpiral.Tests.Integration.Ui.CreditsMenuTests.CreditsMenu_HasTitle() in /home/adam/Dev/omega-spiral/chapter-zero/tests/integration/ui/CreditsMenuTests.cs:line 51
</StackTrace>
        </ErrorInfo>
      </Output>
    </UnitTestResult>
    <UnitTestResult executionId="37bd35c9-3b8f-46e0-be69-71518db2eac2" testId="619c66b8-647a-4011-b4a9-42d581c18696" testName="OmegaSpiral.Tests.Ui.Terminal.TerminalWindowFrameLayoutTests.TerminalFrame_HasVisibleBorder" computerName="omega" duration="00:00:00.0100000" startTime="2025-10-25T12:57:14.1516241-04:00" endTime="2025-10-25T12:57:14.1519378-04:00" testType="13cdc9d9-ddb5-4fa4-a97d-d965ccfc6d4b" outcome="Failed" testListId="8c84fa94-04c1-424b-9868-57a2d4851a1d" relativeResultsDirectory="37bd35c9-3b8f-46e0-be69-71518db2eac2">
      <Output>
        <ErrorInfo>
          <Message>Expecting be NOT &lt;Null&gt;:</Message>
          <StackTrace>   at OmegaSpiral.Tests.Ui.Terminal.TerminalWindowFrameLayoutTests.TerminalFrame_HasVisibleBorder() in /home/adam/Dev/omega-spiral/chapter-zero/tests/integration/ui/terminal/TerminalWindowFrameLayoutTests.cs:line 42
</StackTrace>
        </ErrorInfo>
      </Output>
    </UnitTestResult>
    <UnitTestResult executionId="b1329f76-5b91-4854-9c8f-468ab48c4e6e" testId="87908779-63cb-4dd7-a0e8-b53bee9f8a2c" testName="OmegaSpiral.Tests.Integration.Ui.Menus.MainMenuTests.Text_UsesCenterAlignment" computerName="omega" duration="00:00:00.0200000" startTime="2025-10-25T12:57:13.0157377-04:00" endTime="2025-10-25T12:57:13.0160527-04:00" testType="13cdc9d9-ddb5-4fa4-a97d-d965ccfc6d4b" outcome="Failed" testListId="8c84fa94-04c1-424b-9868-57a2d4851a1d" relativeResultsDirectory="b1329f76-5b91-4854-9c8f-468ab48c4e6e">
      <Output>
        <ErrorInfo>
          <Message>Expecting be NOT &lt;Null&gt;:</Message>
          <StackTrace>   at OmegaSpiral.Tests.Integration.Ui.Menus.MainMenuTests.Text_UsesCenterAlignment() in /home/adam/Dev/omega-spiral/chapter-zero/tests/integration/ui/menus/MainMenuTests.cs:line 181
</StackTrace>
        </ErrorInfo>
      </Output>
    </UnitTestResult>
    <UnitTestResult executionId="413474a0-ade8-45b3-8c08-95afed7e7584" testId="0d4b201e-dab2-4b7d-a97f-6846414e575b" testName="TerminalWindowTestsNew.TerminalWindow_CanSetSize" computerName="omega" duration="00:00:00.0230000" startTime="2025-10-25T12:57:22.8032455-04:00" endTime="2025-10-25T12:57:22.8035762-04:00" testType="13cdc9d9-ddb5-4fa4-a97d-d965ccfc6d4b" outcome="Passed" testListId="8c84fa94-04c1-424b-9868-57a2d4851a1d" relativeResultsDirectory="413474a0-ade8-45b3-8c08-95afed7e7584" />
    <UnitTestResult executionId="e06c7dcd-62a3-44a7-a995-5945a4d9d038" testId="48a819e7-f522-41b2-847e-d2228ec845d7" testName="OmegaSpiral.Tests.Integration.Ui.OmegaUiTests.GlitchLayer_Exists" computerName="omega" duration="00:00:00.0260000" startTime="2025-10-25T12:57:13.4498912-04:00" endTime="2025-10-25T12:57:13.4502054-04:00" testType="13cdc9d9-ddb5-4fa4-a97d-d965ccfc6d4b" outcome="Passed" testListId="8c84fa94-04c1-424b-9868-57a2d4851a1d" relativeResultsDirectory="e06c7dcd-62a3-44a7-a995-5945a4d9d038" />
    <UnitTestResult executionId="dcbbb8cc-f2d7-4374-98f5-c692ff622ae5" testId="b6605709-64c6-41b3-b37d-dee911142d5b" testName="OmegaSpiral.Tests.Unit.Common.Terminal.TerminalChoicePresenterTests.PresentChoicesAsync_NullChoices_ThrowsArgumentNullException" computerName="omega" duration="00:00:00.0130000" startTime="2025-10-25T12:57:15.0837343-04:00" endTime="2025-10-25T12:57:15.0840630-04:00" testType="13cdc9d9-ddb5-4fa4-a97d-d965ccfc6d4b" outcome="Passed" testListId="8c84fa94-04c1-424b-9868-57a2d4851a1d" relativeResultsDirectory="dcbbb8cc-f2d7-4374-98f5-c692ff622ae5" />
    <UnitTestResult executionId="120ee684-d6e3-4af5-a88d-c245188bff76" testId="b844631e-9c69-49db-822a-6758c75ee2e1" testName="[After].Background_IsVisibleAndBehind" computerName="omega" startTime="2025-10-25T12:57:13.6928323-04:00" endTime="2025-10-25T12:57:13.6928849-04:00" testType="13cdc9d9-ddb5-4fa4-a97d-d965ccfc6d4b" outcome="Failed" testListId="8c84fa94-04c1-424b-9868-57a2d4851a1d" relativeResultsDirectory="120ee684-d6e3-4af5-a88d-c245188bff76">
      <Output>
        <StdErr>Warning:
    Detected &lt;9&gt; orphan nodes during test suite setup stage!
    Check Setup:24 and Cleanup:32 for unfreed instances!</StdErr>
        <ErrorInfo>
          <Message>Warning:
    Detected &lt;9&gt; orphan nodes during test suite setup stage!
    Check Setup:24 and Cleanup:32 for unfreed instances!</Message>
        </ErrorInfo>
      </Output>
    </UnitTestResult>
    <UnitTestResult executionId="ff8189f9-645e-4ec2-8aa8-052c9c435b5a" testId="e7eb7a5e-3c91-4a70-b3c4-7cdd2cd7a611" testName="OmegaSpiral.Tests.Unit.Common.Terminal.TerminalChoicePresenterTests.PresentChoicesAsync_WithChoiceOptions_ReturnsSelectedIndex" computerName="omega" duration="00:00:00.1240000" startTime="2025-10-25T12:57:14.9046580-04:00" endTime="2025-10-25T12:57:14.9049659-04:00" testType="13cdc9d9-ddb5-4fa4-a97d-d965ccfc6d4b" outcome="Passed" testListId="8c84fa94-04c1-424b-9868-57a2d4851a1d" relativeResultsDirectory="ff8189f9-645e-4ec2-8aa8-052c9c435b5a">
      <Output>
        <StdOut>\u001b[96m[TerminalChoicePresenter.PresentChoicesAsync]\u001b[39m Presenting 3 TerminalChoiceOption choices\u001b[0m
\u001b[38;5;208m[TerminalChoicePresenter.ClearChoiceButtons]\u001b[39m Clearing 3 buttons from container\u001b[0m
\u001b[92m  ✓ All 0 buttons cleared\u001b[39m\u001b[0m
\u001b[93m  → Created button 0: 'Option 1'\u001b[39m\u001b[0m
\u001b[93m  → Created button 1: 'Option 2'\u001b[39m\u001b[0m
\u001b[93m  → Created button 2: 'Option 3'\u001b[39m\u001b[0m
\u001b[96m  Ready to wait for selection from 3 buttons\u001b[39m\u001b[0m
\u001b[95m[TerminalChoicePresenter.OnChoiceSelected]\u001b[39m Choice 2 selected\u001b[0m
\u001b[92m  ✓ Selection processed, TrySetResult=True\u001b[39m\u001b[0m
\u001b[92m  Selection received: index=2\u001b[39m\u001b[0m</StdOut>
        <StdErr>Warning:
    Detected &lt;3&gt; orphan nodes during test execution!</StdErr>
        <ErrorInfo>
          <Message>Warning:
    Detected &lt;3&gt; orphan nodes during test execution!</Message>
        </ErrorInfo>
      </Output>
    </UnitTestResult>
    <UnitTestResult executionId="7e8e1452-b585-4556-9a38-a2521b4d23e7" testId="f6f1db29-cafe-46d7-9771-825b2f0275b7" testName="[After].PixelDissolveAsync_CustomDuration_CompletesInCorrectTime" computerName="omega" startTime="2025-10-25T12:57:16.8736394-04:00" endTime="2025-10-25T12:57:16.8736400-04:00" testType="13cdc9d9-ddb5-4fa4-a97d-d965ccfc6d4b" outcome="Passed" testListId="8c84fa94-04c1-424b-9868-57a2d4851a1d" relativeResultsDirectory="7e8e1452-b585-4556-9a38-a2521b4d23e7">
      <Output>
        <StdErr>Warning:
    Detected &lt;1&gt; orphan nodes during test suite setup stage!
    Check Setup:26 and Cleanup:36 for unfreed instances!</StdErr>
        <ErrorInfo>
          <Message>Warning:
    Detected &lt;1&gt; orphan nodes during test suite setup stage!
    Check Setup:26 and Cleanup:36 for unfreed instances!</Message>
        </ErrorInfo>
      </Output>
    </UnitTestResult>
    <UnitTestResult executionId="bce1e2b6-39fc-4c04-b659-a8b1a0ca9333" testId="d8fc12b5-c078-4bef-ad14-4b985cb25ec1" testName="OmegaSpiral.Tests.Integration.Ui.OmegaUiTests.ContentContainer_IsDirectChild" computerName="omega" duration="00:00:00.0130000" startTime="2025-10-25T12:57:13.3736527-04:00" endTime="2025-10-25T12:57:13.3739779-04:00" testType="13cdc9d9-ddb5-4fa4-a97d-d965ccfc6d4b" outcome="Passed" testListId="8c84fa94-04c1-424b-9868-57a2d4851a1d" relativeResultsDirectory="bce1e2b6-39fc-4c04-b659-a8b1a0ca9333" />
    <UnitTestResult executionId="0d096081-a89f-4300-82b1-0c64adf94ef4" testId="d8fc12b5-c078-4bef-ad14-4b985cb25ec1" testName="[After].ContentContainer_IsDirectChild" computerName="omega" startTime="2025-10-25T12:57:13.6939496-04:00" endTime="2025-10-25T12:57:13.6939504-04:00" testType="13cdc9d9-ddb5-4fa4-a97d-d965ccfc6d4b" outcome="Failed" testListId="8c84fa94-04c1-424b-9868-57a2d4851a1d" relativeResultsDirectory="0d096081-a89f-4300-82b1-0c64adf94ef4">
      <Output>
        <StdErr>Warning:
    Detected &lt;9&gt; orphan nodes during test suite setup stage!
    Check Setup:24 and Cleanup:32 for unfreed instances!</StdErr>
        <ErrorInfo>
          <Message>Warning:
    Detected &lt;9&gt; orphan nodes during test suite setup stage!
    Check Setup:24 and Cleanup:32 for unfreed instances!</Message>
        </ErrorInfo>
      </Output>
    </UnitTestResult>
    <UnitTestResult executionId="f7ad99b0-10fa-465a-b89c-260af0acf1a8" testId="162c62c4-d025-446c-9e0f-f17ee5c1a0da" testName="OmegaSpiral.Tests.Integration.Common.TerminalIntegrationTests.ShaderAndText_InteractWithoutInterference" computerName="omega" duration="00:00:00.4550000" startTime="2025-10-25T12:57:11.8184046-04:00" endTime="2025-10-25T12:57:11.8188895-04:00" testType="13cdc9d9-ddb5-4fa4-a97d-d965ccfc6d4b" outcome="Passed" testListId="8c84fa94-04c1-424b-9868-57a2d4851a1d" relativeResultsDirectory="f7ad99b0-10fa-465a-b89c-260af0acf1a8" />
    <UnitTestResult executionId="4ed4838a-8033-4e85-8958-598878d37749" testId="2b73e095-a7f6-4071-b083-82f2560984b1" testName="[After].Constructor_WithNullDisplay_ThrowsArgumentNullException" computerName="omega" startTime="2025-10-25T12:57:16.8726264-04:00" endTime="2025-10-25T12:57:16.8726272-04:00" testType="13cdc9d9-ddb5-4fa4-a97d-d965ccfc6d4b" outcome="Passed" testListId="8c84fa94-04c1-424b-9868-57a2d4851a1d" relativeResultsDirectory="4ed4838a-8033-4e85-8958-598878d37749">
      <Output>
        <StdErr>Warning:
    Detected &lt;1&gt; orphan nodes during test suite setup stage!
    Check Setup:26 and Cleanup:36 for unfreed instances!</StdErr>
        <ErrorInfo>
          <Message>Warning:
    Detected &lt;1&gt; orphan nodes during test suite setup stage!
    Check Setup:26 and Cleanup:36 for unfreed instances!</Message>
        </ErrorInfo>
      </Output>
    </UnitTestResult>
    <UnitTestResult executionId="c68130ff-06a0-4743-81d0-8c1d1b358f51" testId="f4f8adb9-c890-4f3b-aa25-b9d27b9b9808" testName="TerminalWindowTestsNew.TerminalWindow_CanBeAddedToGroups" computerName="omega" duration="00:00:00.0260000" startTime="2025-10-25T12:57:22.7566181-04:00" endTime="2025-10-25T12:57:22.7578240-04:00" testType="13cdc9d9-ddb5-4fa4-a97d-d965ccfc6d4b" outcome="Passed" testListId="8c84fa94-04c1-424b-9868-57a2d4851a1d" relativeResultsDirectory="c68130ff-06a0-4743-81d0-8c1d1b358f51" />
    <UnitTestResult executionId="dbd65970-4549-4704-aae2-efe919dfb145" testId="426ca7a8-2af8-4620-b3c0-37a79c6301be" testName="OmegaSpiral.Tests.Integration.Ui.MenuUiTests.MenuUi_ExtendsOmegaUi" computerName="omega" duration="00:00:00.0100000" startTime="2025-10-25T12:57:13.0836493-04:00" endTime="2025-10-25T12:57:13.0840734-04:00" testType="13cdc9d9-ddb5-4fa4-a97d-d965ccfc6d4b" outcome="Passed" testListId="8c84fa94-04c1-424b-9868-57a2d4851a1d" relativeResultsDirectory="dbd65970-4549-4704-aae2-efe919dfb145" />
    <UnitTestResult executionId="741f94aa-7518-437b-aad9-7133efc90fe1" testId="4f362fde-2e34-45d3-9bb5-b19cb0bd2857" testName="OmegaSpiral.Tests.Integration.Ui.TerminalUITests.ContentContainer_WithinBounds" computerName="omega" duration="00:00:00.0200000" startTime="2025-10-25T12:57:14.0059858-04:00" endTime="2025-10-25T12:57:14.0063094-04:00" testType="13cdc9d9-ddb5-4fa4-a97d-d965ccfc6d4b" outcome="Failed" testListId="8c84fa94-04c1-424b-9868-57a2d4851a1d" relativeResultsDirectory="741f94aa-7518-437b-aad9-7133efc90fe1">
      <Output>
        <ErrorInfo>
          <Message>Expecting be NOT &lt;Null&gt;:</Message>
          <StackTrace>   at OmegaSpiral.Tests.Integration.Ui.TerminalUITests.ContentContainer_WithinBounds() in /home/adam/Dev/omega-spiral/chapter-zero/tests/integration/ui/TerminalUiTests.cs:line 133
</StackTrace>
        </ErrorInfo>
      </Output>
    </UnitTestResult>
    <UnitTestResult executionId="3a971e93-1506-4570-8e8e-f2142b2ee3ee" testId="2f017908-7f02-4e98-97db-687b7ee713e9" testName="[Before].Captions_DisabledByDefault" computerName="omega" startTime="2025-10-25T12:57:13.8566427-04:00" endTime="2025-10-25T12:57:13.8566454-04:00" testType="13cdc9d9-ddb5-4fa4-a97d-d965ccfc6d4b" outcome="Failed" testListId="8c84fa94-04c1-424b-9868-57a2d4851a1d" relativeResultsDirectory="3a971e93-1506-4570-8e8e-f2142b2ee3ee">
      <Output>
        <ErrorInfo>
          <Message>Failed to create ChoicePresenter. See inner exception.</Message>
          <StackTrace>   at OmegaSpiral.Source.Ui.Terminal.TerminalUi.InitializeTerminalComponents() in /home/adam/Dev/omega-spiral/chapter-zero/source/ui/terminal/TerminalUi.cs:line 125
   at OmegaSpiral.Source.Ui.Terminal.TerminalUi._Ready() in /home/adam/Dev/omega-spiral/chapter-zero/source/ui/terminal/TerminalUi.cs:line 78
   at OmegaSpiral.Tests.Integration.Ui.TerminalUITests.Setup() in /home/adam/Dev/omega-spiral/chapter-zero/tests/integration/ui/TerminalUiTests.cs:line 28
   at System.RuntimeMethodHandle.InvokeMethod(ObjectHandleOnStack target, Void** arguments, ObjectHandleOnStack sig, BOOL isConstructor, ObjectHandleOnStack result)
   at System.RuntimeMethodHandle.InvokeMethod(ObjectHandleOnStack target, Void** arguments, ObjectHandleOnStack sig, BOOL isConstructor, ObjectHandleOnStack result)
   at System.Reflection.MethodBaseInvoker.InterpretedInvoke_Method(Object obj, IntPtr* args)
   at System.Reflection.RuntimeMethodInfo.Invoke(Object obj, BindingFlags invokeAttr, Binder binder, Object[] parameters, CultureInfo culture)
</StackTrace>
        </ErrorInfo>
      </Output>
    </UnitTestResult>
    <UnitTestResult executionId="e67f9b4d-8d7d-4d25-a1dd-ce0cf13c95e1" testId="25e8215d-d931-40a4-a0e8-28b11a687663" testName="OmegaSpiral.Tests.Integration.Ui.OmegaUiTests.ShaderController_IsCreated" computerName="omega" duration="00:00:00.0130000" startTime="2025-10-25T12:57:13.5530888-04:00" endTime="2025-10-25T12:57:13.5534086-04:00" testType="13cdc9d9-ddb5-4fa4-a97d-d965ccfc6d4b" outcome="Passed" testListId="8c84fa94-04c1-424b-9868-57a2d4851a1d" relativeResultsDirectory="e67f9b4d-8d7d-4d25-a1dd-ce0cf13c95e1" />
    <UnitTestResult executionId="483a7abb-e8fb-43db-83b6-60956a5f6eae" testId="a1b5fff2-056e-4ca9-a568-9ea5561e531c" testName="OmegaSpiral.Tests.Integration.Ui.TerminalUITests.ChoiceContainer_StartsInvisible" computerName="omega" duration="00:00:00.0130000" startTime="2025-10-25T12:57:13.9372974-04:00" endTime="2025-10-25T12:57:13.9376249-04:00" testType="13cdc9d9-ddb5-4fa4-a97d-d965ccfc6d4b" outcome="Failed" testListId="8c84fa94-04c1-424b-9868-57a2d4851a1d" relativeResultsDirectory="483a7abb-e8fb-43db-83b6-60956a5f6eae">
      <Output>
        <ErrorInfo>
          <Message>Expecting be NOT &lt;Null&gt;:</Message>
          <StackTrace>   at OmegaSpiral.Tests.Integration.Ui.TerminalUITests.ChoiceContainer_StartsInvisible() in /home/adam/Dev/omega-spiral/chapter-zero/tests/integration/ui/TerminalUiTests.cs:line 98
</StackTrace>
        </ErrorInfo>
      </Output>
    </UnitTestResult>
    <UnitTestResult executionId="f1fea89b-9a5d-4b5e-a406-ec17a0117e67" testId="0511831f-c302-4c6b-a6b2-0c4c00d360df" testName="OmegaSpiral.Tests.Integration.Ui.MenuUiTests.MenuUi_ExposesProtectedHelpers" computerName="omega" duration="00:00:00.0200000" startTime="2025-10-25T12:57:13.1197270-04:00" endTime="2025-10-25T12:57:13.1212827-04:00" testType="13cdc9d9-ddb5-4fa4-a97d-d965ccfc6d4b" outcome="Passed" testListId="8c84fa94-04c1-424b-9868-57a2d4851a1d" relativeResultsDirectory="f1fea89b-9a5d-4b5e-a406-ec17a0117e67" />
    <UnitTestResult executionId="f07416f7-239c-4ee7-8466-3ff292c23c12" testId="844fa2a0-03c9-44ff-958d-e57f7cbaad10" testName="[After].OmegaUi_IsVisibleByDefault" computerName="omega" startTime="2025-10-25T12:57:13.6958607-04:00" endTime="2025-10-25T12:57:13.6958614-04:00" testType="13cdc9d9-ddb5-4fa4-a97d-d965ccfc6d4b" outcome="Failed" testListId="8c84fa94-04c1-424b-9868-57a2d4851a1d" relativeResultsDirectory="f07416f7-239c-4ee7-8466-3ff292c23c12">
      <Output>
        <StdErr>Warning:
    Detected &lt;9&gt; orphan nodes during test suite setup stage!
    Check Setup:24 and Cleanup:32 for unfreed instances!</StdErr>
        <ErrorInfo>
          <Message>Warning:
    Detected &lt;9&gt; orphan nodes during test suite setup stage!
    Check Setup:24 and Cleanup:32 for unfreed instances!</Message>
        </ErrorInfo>
      </Output>
    </UnitTestResult>
    <UnitTestResult executionId="88b2521c-34db-4f01-a76e-af641171a423" testId="9f48434e-b477-4781-b5de-7e86ea5cac11" testName="[After].ScanlineLayerPath_HasDefault" computerName="omega" startTime="2025-10-25T12:57:13.6979793-04:00" endTime="2025-10-25T12:57:13.6979813-04:00" testType="13cdc9d9-ddb5-4fa4-a97d-d965ccfc6d4b" outcome="Failed" testListId="8c84fa94-04c1-424b-9868-57a2d4851a1d" relativeResultsDirectory="88b2521c-34db-4f01-a76e-af641171a423">
      <Output>
        <StdErr>Warning:
    Detected &lt;9&gt; orphan nodes during test suite setup stage!
    Check Setup:24 and Cleanup:32 for unfreed instances!</StdErr>
        <ErrorInfo>
          <Message>Warning:
    Detected &lt;9&gt; orphan nodes during test suite setup stage!
    Check Setup:24 and Cleanup:32 for unfreed instances!</Message>
        </ErrorInfo>
      </Output>
    </UnitTestResult>
    <UnitTestResult executionId="033df739-dc95-44b9-bfe8-a3d5a0e3439c" testId="3e7a5ee8-893f-4e99-b0eb-db139db632a5" testName="OmegaSpiral.Tests.Integration.Ui.MenuUiTests.Menu_IsEnabledByDefault" computerName="omega" duration="00:00:00.0200000" startTime="2025-10-25T12:57:13.2148658-04:00" endTime="2025-10-25T12:57:13.2151910-04:00" testType="13cdc9d9-ddb5-4fa4-a97d-d965ccfc6d4b" outcome="Passed" testListId="8c84fa94-04c1-424b-9868-57a2d4851a1d" relativeResultsDirectory="033df739-dc95-44b9-bfe8-a3d5a0e3439c" />
    <UnitTestResult executionId="c5796f57-d08c-435d-9a04-4ab41d4907b2" testId="7a4808fe-c932-454e-9f30-c0a755dfdcb3" testName="OmegaSpiral.Tests.Integration.Ui.TerminalUITests.DefaultMode_IsFull" computerName="omega" duration="00:00:00.0130000" startTime="2025-10-25T12:57:13.9022245-04:00" endTime="2025-10-25T12:57:13.9025477-04:00" testType="13cdc9d9-ddb5-4fa4-a97d-d965ccfc6d4b" outcome="Passed" testListId="8c84fa94-04c1-424b-9868-57a2d4851a1d" relativeResultsDirectory="c5796f57-d08c-435d-9a04-4ab41d4907b2" />
    <UnitTestResult executionId="ef604ad4-0059-44c5-a0ce-df6faba3866a" testId="1c96ddd7-6b4c-4f49-9b9c-0a4a6b8cd48d" testName="OmegaSpiral.Tests.Integration.SceneLoadingAndViewportTests.CreateCenteredXControl" computerName="omega" duration="00:00:00.0290000" startTime="2025-10-25T12:57:12.4968860-04:00" endTime="2025-10-25T12:57:12.4972277-04:00" testType="13cdc9d9-ddb5-4fa4-a97d-d965ccfc6d4b" outcome="Passed" testListId="8c84fa94-04c1-424b-9868-57a2d4851a1d" relativeResultsDirectory="ef604ad4-0059-44c5-a0ce-df6faba3866a">
      <Output>
        <StdOut>Expected viewport center: (960, 540)
Expected label rect: (935, 515), (50, 50)</StdOut>
        <StdErr>Warning:
    Detected &lt;1&gt; orphan nodes during test execution!</StdErr>
        <ErrorInfo>
          <Message>Warning:
    Detected &lt;1&gt; orphan nodes during test execution!</Message>
        </ErrorInfo>
      </Output>
    </UnitTestResult>
    <UnitTestResult executionId="7ea08a1c-cd0b-4217-a3ba-ce9bf3bedff8" testId="39eae8b2-02db-4964-9247-4c2e3f3fbff6" testName="OmegaSpiral.Tests.Integration.Ui.Menus.MainMenuTests.OptionsButton_Exists" computerName="omega" duration="00:00:00.0120000" startTime="2025-10-25T12:57:12.9049051-04:00" endTime="2025-10-25T12:57:12.9052398-04:00" testType="13cdc9d9-ddb5-4fa4-a97d-d965ccfc6d4b" outcome="Failed" testListId="8c84fa94-04c1-424b-9868-57a2d4851a1d" relativeResultsDirectory="7ea08a1c-cd0b-4217-a3ba-ce9bf3bedff8">
      <Output>
        <ErrorInfo>
          <Message>Expecting be NOT &lt;Null&gt;:</Message>
          <StackTrace>   at OmegaSpiral.Tests.Integration.Ui.Menus.MainMenuTests.OptionsButton_Exists() in /home/adam/Dev/omega-spiral/chapter-zero/tests/integration/ui/menus/MainMenuTests.cs:line 128
</StackTrace>
        </ErrorInfo>
      </Output>
    </UnitTestResult>
    <UnitTestResult executionId="f9933afc-bfc0-4b3f-a448-876230faed6a" testId="aef02711-6d36-4a84-b9c7-caeca0ef2c6d" testName="[After].SetPlayerNameStoresValueCorrectly" computerName="omega" startTime="2025-10-25T12:57:14.4914223-04:00" endTime="2025-10-25T12:57:14.4914236-04:00" testType="13cdc9d9-ddb5-4fa4-a97d-d965ccfc6d4b" outcome="Passed" testListId="8c84fa94-04c1-424b-9868-57a2d4851a1d" relativeResultsDirectory="f9933afc-bfc0-4b3f-a448-876230faed6a">
      <Output>
        <StdErr>Warning:
    Detected &lt;1&gt; orphan nodes during test suite setup stage!
    Check Setup:21 and Cleanup:31 for unfreed instances!</StdErr>
        <ErrorInfo>
          <Message>Warning:
    Detected &lt;1&gt; orphan nodes during test suite setup stage!
    Check Setup:21 and Cleanup:31 for unfreed instances!</Message>
        </ErrorInfo>
      </Output>
    </UnitTestResult>
    <UnitTestResult executionId="76371852-dc0d-40c2-9c47-edf1713e1fe9" testId="60aee972-5eb1-4cd7-bc91-2236ac63c680" testName="OmegaSpiral.Tests.Integration.SceneLoadingAndViewportTests.Scene_LoadsConsistentlyAcrossMultipleInstances" computerName="omega" duration="00:00:00.0130000" startTime="2025-10-25T12:57:12.5522242-04:00" endTime="2025-10-25T12:57:12.5525856-04:00" testType="13cdc9d9-ddb5-4fa4-a97d-d965ccfc6d4b" outcome="Failed" testListId="8c84fa94-04c1-424b-9868-57a2d4851a1d" relativeResultsDirectory="76371852-dc0d-40c2-9c47-edf1713e1fe9">
      <Output>
        <ErrorInfo>
          <Message>Object reference not set to an instance of an object.</Message>
          <StackTrace>   at OmegaSpiral.Tests.Integration.SceneLoadingAndViewportTests.Scene_LoadsConsistentlyAcrossMultipleInstances() in /home/adam/Dev/omega-spiral/chapter-zero/tests/integration/SceneLoadingAndViewportTests.cs:line 155
   at System.RuntimeMethodHandle.InvokeMethod(ObjectHandleOnStack target, Void** arguments, ObjectHandleOnStack sig, BOOL isConstructor, ObjectHandleOnStack result)
   at System.RuntimeMethodHandle.InvokeMethod(ObjectHandleOnStack target, Void** arguments, ObjectHandleOnStack sig, BOOL isConstructor, ObjectHandleOnStack result)
   at System.Reflection.MethodBaseInvoker.InterpretedInvoke_Method(Object obj, IntPtr* args)
   at System.Reflection.RuntimeMethodInfo.Invoke(Object obj, BindingFlags invokeAttr, Binder binder, Object[] parameters, CultureInfo culture)
</StackTrace>
        </ErrorInfo>
      </Output>
    </UnitTestResult>
    <UnitTestResult executionId="2da41b7b-4741-4eb5-bda9-18ef5e38174d" testId="36e01349-c31c-4a07-93f2-adeb2b7b7031" testName="OmegaSpiral.Tests.Unit.Common.SceneManagerTests.SetDreamweaverThreadStoresValueCorrectly" computerName="omega" duration="00:00:00.0130000" startTime="2025-10-25T12:57:14.4561860-04:00" endTime="2025-10-25T12:57:14.4565830-04:00" testType="13cdc9d9-ddb5-4fa4-a97d-d965ccfc6d4b" outcome="Passed" testListId="8c84fa94-04c1-424b-9868-57a2d4851a1d" relativeResultsDirectory="2da41b7b-4741-4eb5-bda9-18ef5e38174d">
      <Output>
        <StdOut>Dreamweaver thread set to: shadow</StdOut>
      </Output>
    </UnitTestResult>
    <UnitTestResult executionId="57930ce6-9162-4679-bf0a-83ed72f3e897" testId="bdec14e9-9633-4780-a32e-aa61e919c23b" testName="OmegaSpiral.Tests.Integration.Ui.OmegaUiTests.ShaderLayers_IgnoreMouseInput" computerName="omega" duration="00:00:00.0120000" startTime="2025-10-25T12:57:13.4840285-04:00" endTime="2025-10-25T12:57:13.4843310-04:00" testType="13cdc9d9-ddb5-4fa4-a97d-d965ccfc6d4b" outcome="Passed" testListId="8c84fa94-04c1-424b-9868-57a2d4851a1d" relativeResultsDirectory="57930ce6-9162-4679-bf0a-83ed72f3e897" />
    <UnitTestResult executionId="3a0fa5e0-906a-4a5f-9c11-634a29c62237" testId="3b696f2c-b42b-46c3-82ed-ef01e304f2f0" testName="[After].TextDisplay_Exists" computerName="omega" startTime="2025-10-25T12:57:13.7006484-04:00" endTime="2025-10-25T12:57:13.7006494-04:00" testType="13cdc9d9-ddb5-4fa4-a97d-d965ccfc6d4b" outcome="Failed" testListId="8c84fa94-04c1-424b-9868-57a2d4851a1d" relativeResultsDirectory="3a0fa5e0-906a-4a5f-9c11-634a29c62237">
      <Output>
        <StdErr>Warning:
    Detected &lt;9&gt; orphan nodes during test suite setup stage!
    Check Setup:24 and Cleanup:32 for unfreed instances!</StdErr>
        <ErrorInfo>
          <Message>Warning:
    Detected &lt;9&gt; orphan nodes during test suite setup stage!
    Check Setup:24 and Cleanup:32 for unfreed instances!</Message>
        </ErrorInfo>
      </Output>
    </UnitTestResult>
    <UnitTestResult executionId="dfcbc12e-f036-4419-8fd0-30f4070805ff" testId="12de98c9-e011-4a3e-aeb8-7c1da6a5d769" testName="OmegaSpiral.Tests.Unit.Common.SceneManagerTests.TransitionToScenePerformsSceneTransition" computerName="omega" duration="00:00:00.0130000" startTime="2025-10-25T12:57:14.4147330-04:00" endTime="2025-10-25T12:57:14.4150430-04:00" testType="13cdc9d9-ddb5-4fa4-a97d-d965ccfc6d4b" outcome="Passed" testListId="8c84fa94-04c1-424b-9868-57a2d4851a1d" relativeResultsDirectory="dfcbc12e-f036-4419-8fd0-30f4070805ff" />
    <UnitTestResult executionId="f7a28e6e-2745-42a6-8a03-016dce0fa647" testId="5719ba57-423e-4244-aca9-432278cc1d3e" testName="[After].GetCurrentShaderMaterial_NoShaderApplied_ReturnsNull" computerName="omega" startTime="2025-10-25T12:57:16.8733781-04:00" endTime="2025-10-25T12:57:16.8733789-04:00" testType="13cdc9d9-ddb5-4fa4-a97d-d965ccfc6d4b" outcome="Passed" testListId="8c84fa94-04c1-424b-9868-57a2d4851a1d" relativeResultsDirectory="f7a28e6e-2745-42a6-8a03-016dce0fa647">
      <Output>
        <StdErr>Warning:
    Detected &lt;1&gt; orphan nodes during test suite setup stage!
    Check Setup:26 and Cleanup:36 for unfreed instances!</StdErr>
        <ErrorInfo>
          <Message>Warning:
    Detected &lt;1&gt; orphan nodes during test suite setup stage!
    Check Setup:26 and Cleanup:36 for unfreed instances!</Message>
        </ErrorInfo>
      </Output>
    </UnitTestResult>
    <UnitTestResult executionId="33b6a920-188d-4e47-be18-181ef466ccf6" testId="92c4837d-9635-4796-819d-218d08d85020" testName="[After].ValidateStateForTransitionReturnsTrueForValidTransitions" computerName="omega" startTime="2025-10-25T12:57:14.4927739-04:00" endTime="2025-10-25T12:57:14.4927748-04:00" testType="13cdc9d9-ddb5-4fa4-a97d-d965ccfc6d4b" outcome="Passed" testListId="8c84fa94-04c1-424b-9868-57a2d4851a1d" relativeResultsDirectory="33b6a920-188d-4e47-be18-181ef466ccf6">
      <Output>
        <StdErr>Warning:
    Detected &lt;1&gt; orphan nodes during test suite setup stage!
    Check Setup:21 and Cleanup:31 for unfreed instances!</StdErr>
        <ErrorInfo>
          <Message>Warning:
    Detected &lt;1&gt; orphan nodes during test suite setup stage!
    Check Setup:21 and Cleanup:31 for unfreed instances!</Message>
        </ErrorInfo>
      </Output>
    </UnitTestResult>
    <UnitTestResult executionId="bbfdbaf2-1d30-417c-a31e-6e64f9274c59" testId="6618d47b-4d32-40dd-9dc1-c18dbf3f3f6e" testName="OmegaSpiral.Tests.Integration.Common.TerminalIntegrationTests.TerminalInput_AcceptsSelection_ReturnsCorrectIndex" computerName="omega" duration="00:00:00.0180000" startTime="2025-10-25T12:57:11.8377174-04:00" endTime="2025-10-25T12:57:11.8380503-04:00" testType="13cdc9d9-ddb5-4fa4-a97d-d965ccfc6d4b" outcome="Passed" testListId="8c84fa94-04c1-424b-9868-57a2d4851a1d" relativeResultsDirectory="bbfdbaf2-1d30-417c-a31e-6e64f9274c59">
      <Output>
        <StdOut>\u001b[96m[TerminalChoicePresenter.PresentChoicesAsync]\u001b[39m Presenting 2 TerminalChoiceOption choices\u001b[0m
\u001b[38;5;208m[TerminalChoicePresenter.ClearChoiceButtons]\u001b[39m Clearing 0 buttons from container\u001b[0m
\u001b[92m  ✓ All 0 buttons cleared\u001b[39m\u001b[0m
\u001b[93m  → Created button 0: 'Option A'\u001b[39m\u001b[0m
\u001b[93m  → Created button 1: 'Option B'\u001b[39m\u001b[0m
\u001b[96m  Ready to wait for selection from 2 buttons\u001b[39m\u001b[0m
\u001b[94m[TerminalChoicePresenter.AreChoicesVisible]\u001b[39m → True (2 buttons)\u001b[0m
\u001b[95m[TerminalChoicePresenter.SimulateChoiceSelection]\u001b[39m Simulating selection of index 1\u001b[0m
\u001b[95m[TerminalChoicePresenter.OnChoiceSelected]\u001b[39m Choice 1 selected\u001b[0m
\u001b[92m  ✓ Selection processed, TrySetResult=True\u001b[39m\u001b[0m
\u001b[92m  Selection received: index=1\u001b[39m\u001b[0m</StdOut>
        <StdErr>Warning:
    Detected &lt;2&gt; orphan nodes during test execution!</StdErr>
        <ErrorInfo>
          <Message>Warning:
    Detected &lt;2&gt; orphan nodes during test execution!</Message>
        </ErrorInfo>
      </Output>
    </UnitTestResult>
    <UnitTestResult executionId="6241083a-d9e4-46bf-a4c6-fb814c5780ab" testId="1c2bcb68-f7c1-492f-87d6-b390d97bcb9e" testName="OmegaSpiral.Tests.Unit.Common.Terminal.TerminalShaderControllerTests.ApplyVisualPresetAsync_PhosphorPreset_AppliesCorrectShader" computerName="omega" duration="00:00:00.0260000" startTime="2025-10-25T12:57:15.1948720-04:00" endTime="2025-10-25T12:57:15.1951887-04:00" testType="13cdc9d9-ddb5-4fa4-a97d-d965ccfc6d4b" outcome="Passed" testListId="8c84fa94-04c1-424b-9868-57a2d4851a1d" relativeResultsDirectory="6241083a-d9e4-46bf-a4c6-fb814c5780ab" />
    <UnitTestResult executionId="6aebe1d5-4bb4-4ea5-ab86-f2c4c73e382a" testId="d0526b07-a327-4a32-a224-93df1afbf89f" testName="OmegaSpiral.Tests.Integration.Ui.OmegaUiTests.TextDisplay_HasBBCodeEnabled" computerName="omega" duration="00:00:00.0200000" startTime="2025-10-25T12:57:13.5262456-04:00" endTime="2025-10-25T12:57:13.5267076-04:00" testType="13cdc9d9-ddb5-4fa4-a97d-d965ccfc6d4b" outcome="Failed" testListId="8c84fa94-04c1-424b-9868-57a2d4851a1d" relativeResultsDirectory="6aebe1d5-4bb4-4ea5-ab86-f2c4c73e382a">
      <Output>
        <ErrorInfo>
          <Message>ObjectAssert initial error: current is primitive &lt;System.Boolean&gt;</Message>
          <StackTrace>   at OmegaSpiral.Tests.Integration.Ui.OmegaUiTests.TextDisplay_HasBBCodeEnabled() in /home/adam/Dev/omega-spiral/chapter-zero/tests/integration/ui/OmegaUiTests.cs:line 184
</StackTrace>
        </ErrorInfo>
      </Output>
    </UnitTestResult>
    <UnitTestResult executionId="92903c03-fda3-443a-811f-d5afb36bb620" testId="c28d303d-38cf-4e25-a423-999c343cfc89" testName="OmegaSpiral.Tests.Integration.Ui.MenuUiTests.FocusFirstButton_WorksCorrectly" computerName="omega" duration="00:00:00.0200000" startTime="2025-10-25T12:57:13.2354117-04:00" endTime="2025-10-25T12:57:13.2357427-04:00" testType="13cdc9d9-ddb5-4fa4-a97d-d965ccfc6d4b" outcome="Failed" testListId="8c84fa94-04c1-424b-9868-57a2d4851a1d" relativeResultsDirectory="92903c03-fda3-443a-811f-d5afb36bb620">
      <Output>
        <ErrorInfo>
          <Message>Expecting to be greater than:
    '0' but is '0'</Message>
          <StackTrace>   at OmegaSpiral.Tests.Integration.Ui.MenuUiTests.FocusFirstButton_WorksCorrectly() in /home/adam/Dev/omega-spiral/chapter-zero/tests/integration/ui/MenuUiTests.cs:line 163
</StackTrace>
        </ErrorInfo>
      </Output>
    </UnitTestResult>
    <UnitTestResult executionId="f366d487-c76b-41de-ae63-702001c123f3" testId="541bc5ff-316c-40ac-859e-2126ff5c06c5" testName="OmegaSpiral.Tests.Ui.Terminal.TerminalWindowFrameLayoutTests.TerminalFrame_ShouldBeCenteredVertically" computerName="omega" duration="00:00:00.0100000" startTime="2025-10-25T12:57:14.1732532-04:00" endTime="2025-10-25T12:57:14.1735746-04:00" testType="13cdc9d9-ddb5-4fa4-a97d-d965ccfc6d4b" outcome="Failed" testListId="8c84fa94-04c1-424b-9868-57a2d4851a1d" relativeResultsDirectory="f366d487-c76b-41de-ae63-702001c123f3">
      <Output>
        <ErrorInfo>
          <Message>Expecting be NOT &lt;Null&gt;:</Message>
          <StackTrace>   at OmegaSpiral.Tests.Ui.Terminal.TerminalWindowFrameLayoutTests.TerminalFrame_ShouldBeCenteredVertically() in /home/adam/Dev/omega-spiral/chapter-zero/tests/integration/ui/terminal/TerminalWindowFrameLayoutTests.cs:line 91
</StackTrace>
        </ErrorInfo>
      </Output>
    </UnitTestResult>
    <UnitTestResult executionId="7eb89284-97e3-4edc-a21a-d533674dfd17" testId="22931cca-a312-42b1-b00d-a4710c7fd904" testName="[After].ShaderLayers_HaveFullScreenAnchors" computerName="omega" startTime="2025-10-25T12:57:13.6999470-04:00" endTime="2025-10-25T12:57:13.6999506-04:00" testType="13cdc9d9-ddb5-4fa4-a97d-d965ccfc6d4b" outcome="Failed" testListId="8c84fa94-04c1-424b-9868-57a2d4851a1d" relativeResultsDirectory="7eb89284-97e3-4edc-a21a-d533674dfd17">
      <Output>
        <StdErr>Warning:
    Detected &lt;9&gt; orphan nodes during test suite setup stage!
    Check Setup:24 and Cleanup:32 for unfreed instances!</StdErr>
        <ErrorInfo>
          <Message>Warning:
    Detected &lt;9&gt; orphan nodes during test suite setup stage!
    Check Setup:24 and Cleanup:32 for unfreed instances!</Message>
        </ErrorInfo>
      </Output>
    </UnitTestResult>
    <UnitTestResult executionId="4cbc4bea-f79c-4378-b25e-0ab8536f0607" testId="3e65bad0-1dfe-4a8f-b282-2a134f6fca7f" testName="OmegaSpiral.Tests.Integration.Ui.MenuUiTests.GetFocusedButton_ReturnsCorrectButton" computerName="omega" duration="00:00:00.0130000" startTime="2025-10-25T12:57:13.2491584-04:00" endTime="2025-10-25T12:57:13.2494951-04:00" testType="13cdc9d9-ddb5-4fa4-a97d-d965ccfc6d4b" outcome="Failed" testListId="8c84fa94-04c1-424b-9868-57a2d4851a1d" relativeResultsDirectory="4cbc4bea-f79c-4378-b25e-0ab8536f0607">
      <Output>
        <ErrorInfo>
          <Message>Expecting be equal:
    &lt;Godot.Button&gt; (objId: 68467820286) but is &lt;Null&gt;</Message>
          <StackTrace>   at OmegaSpiral.Tests.Integration.Ui.MenuUiTests.GetFocusedButton_ReturnsCorrectButton() in /home/adam/Dev/omega-spiral/chapter-zero/tests/integration/ui/MenuUiTests.cs:line 216
</StackTrace>
        </ErrorInfo>
      </Output>
    </UnitTestResult>
    <UnitTestResult executionId="e74cb1a5-a594-43e3-add8-35bf1cb3e249" testId="048df4e9-8d17-45c5-bf36-090974e1cf52" testName="OmegaSpiral.Tests.Integration.Ui.OmegaUiTests.ShaderLayers_AreVisibleAndLayered" computerName="omega" duration="00:00:00.0130000" startTime="2025-10-25T12:57:13.6842081-04:00" endTime="2025-10-25T12:57:13.6845334-04:00" testType="13cdc9d9-ddb5-4fa4-a97d-d965ccfc6d4b" outcome="Failed" testListId="8c84fa94-04c1-424b-9868-57a2d4851a1d" relativeResultsDirectory="e74cb1a5-a594-43e3-add8-35bf1cb3e249">
      <Output>
        <ErrorInfo>
          <Message>ObjectAssert initial error: current is primitive &lt;System.Boolean&gt;</Message>
          <StackTrace>   at OmegaSpiral.Tests.Integration.Ui.OmegaUiTests.ShaderLayers_AreVisibleAndLayered() in /home/adam/Dev/omega-spiral/chapter-zero/tests/integration/ui/OmegaUiTests.cs:line 294
</StackTrace>
        </ErrorInfo>
      </Output>
    </UnitTestResult>
    <UnitTestResult executionId="69c49578-4cf4-4eec-9c7c-1ef39c5ffa56" testId="540495d7-a853-4c69-a5f6-5b8955472ecc" testName="OmegaSpiral.Tests.Unit.Ui.OmegaUi_UnitTests.Dispose_CalledTwice_OnlyExecutesOnce" computerName="omega" duration="00:00:00.0340000" startTime="2025-10-25T12:57:22.6457134-04:00" endTime="2025-10-25T12:57:22.6460435-04:00" testType="13cdc9d9-ddb5-4fa4-a97d-d965ccfc6d4b" outcome="Passed" testListId="8c84fa94-04c1-424b-9868-57a2d4851a1d" relativeResultsDirectory="69c49578-4cf4-4eec-9c7c-1ef39c5ffa56">
      <Output>
        <StdErr>Warning:
    Detected &lt;1&gt; orphan nodes during test execution!</StdErr>
        <ErrorInfo>
          <Message>Warning:
    Detected &lt;1&gt; orphan nodes during test execution!</Message>
        </ErrorInfo>
      </Output>
    </UnitTestResult>
    <UnitTestResult executionId="44042bbb-4e55-44bf-8aab-95c48b459e2e" testId="551b8110-83cc-4aad-ada6-aa617a0175c6" testName="[After].GlitchLayerPath_HasDefault" computerName="omega" startTime="2025-10-25T12:57:13.6951627-04:00" endTime="2025-10-25T12:57:13.6951653-04:00" testType="13cdc9d9-ddb5-4fa4-a97d-d965ccfc6d4b" outcome="Failed" testListId="8c84fa94-04c1-424b-9868-57a2d4851a1d" relativeResultsDirectory="44042bbb-4e55-44bf-8aab-95c48b459e2e">
      <Output>
        <StdErr>Warning:
    Detected &lt;9&gt; orphan nodes during test suite setup stage!
    Check Setup:24 and Cleanup:32 for unfreed instances!</StdErr>
        <ErrorInfo>
          <Message>Warning:
    Detected &lt;9&gt; orphan nodes during test suite setup stage!
    Check Setup:24 and Cleanup:32 for unfreed instances!</Message>
        </ErrorInfo>
      </Output>
    </UnitTestResult>
    <UnitTestResult executionId="847ed338-1ff0-4be8-9098-4b39cc4f2ae3" testId="0c3c2aa9-5b0d-4850-bf4f-0780dc8ad56f" testName="OmegaSpiral.Tests.Integration.Ui.TerminalUITests.DisabledMode_CanBeSet" computerName="omega" duration="00:00:00.0200000" startTime="2025-10-25T12:57:13.9228656-04:00" endTime="2025-10-25T12:57:13.9232600-04:00" testType="13cdc9d9-ddb5-4fa4-a97d-d965ccfc6d4b" outcome="Passed" testListId="8c84fa94-04c1-424b-9868-57a2d4851a1d" relativeResultsDirectory="847ed338-1ff0-4be8-9098-4b39cc4f2ae3" />
    <UnitTestResult executionId="850b5bdc-ecf8-470a-9c9e-5fdae5a949e5" testId="d0526b07-a327-4a32-a224-93df1afbf89f" testName="[After].TextDisplay_HasBBCodeEnabled" computerName="omega" startTime="2025-10-25T12:57:13.7010570-04:00" endTime="2025-10-25T12:57:13.7010584-04:00" testType="13cdc9d9-ddb5-4fa4-a97d-d965ccfc6d4b" outcome="Failed" testListId="8c84fa94-04c1-424b-9868-57a2d4851a1d" relativeResultsDirectory="850b5bdc-ecf8-470a-9c9e-5fdae5a949e5">
      <Output>
        <StdErr>Warning:
    Detected &lt;9&gt; orphan nodes during test suite setup stage!
    Check Setup:24 and Cleanup:32 for unfreed instances!</StdErr>
        <ErrorInfo>
          <Message>Warning:
    Detected &lt;9&gt; orphan nodes during test suite setup stage!
    Check Setup:24 and Cleanup:32 for unfreed instances!</Message>
        </ErrorInfo>
      </Output>
    </UnitTestResult>
    <UnitTestResult executionId="23700870-7d23-484d-9812-fc907a1300fa" testId="4592c34b-6a3f-4cfd-8782-4fee018dc080" testName="OmegaSpiral.Tests.Integration.Common.TerminalIntegrationTests.TextDisplay_AndChoiceInput_DontInterfere" computerName="omega" duration="00:00:00.5810000" startTime="2025-10-25T12:57:12.4187217-04:00" endTime="2025-10-25T12:57:12.4191025-04:00" testType="13cdc9d9-ddb5-4fa4-a97d-d965ccfc6d4b" outcome="Passed" testListId="8c84fa94-04c1-424b-9868-57a2d4851a1d" relativeResultsDirectory="23700870-7d23-484d-9812-fc907a1300fa">
      <Output>
        <StdOut>\u001b[96m[TerminalChoicePresenter.PresentChoicesAsync]\u001b[39m Presenting 2 TerminalChoiceOption choices\u001b[0m
\u001b[38;5;208m[TerminalChoicePresenter.ClearChoiceButtons]\u001b[39m Clearing 2 buttons from container\u001b[0m
\u001b[92m  ✓ All 0 buttons cleared\u001b[39m\u001b[0m
\u001b[93m  → Created button 0: 'Continue'\u001b[39m\u001b[0m
\u001b[93m  → Created button 1: 'Exit'\u001b[39m\u001b[0m
\u001b[96m  Ready to wait for selection from 2 buttons\u001b[39m\u001b[0m
\u001b[94m[TerminalChoicePresenter.AreChoicesVisible]\u001b[39m → True (2 buttons)\u001b[0m
\u001b[95m[TerminalChoicePresenter.SimulateChoiceSelection]\u001b[39m Simulating selection of index 0\u001b[0m
\u001b[95m[TerminalChoicePresenter.OnChoiceSelected]\u001b[39m Choice 0 selected\u001b[0m
\u001b[92m  Selection received: index=0\u001b[39m\u001b[0m
\u001b[92m  ✓ Selection processed, TrySetResult=True\u001b[39m\u001b[0m</StdOut>
        <StdErr>Warning:
    Detected &lt;2&gt; orphan nodes during test execution!</StdErr>
        <ErrorInfo>
          <Message>Warning:
    Detected &lt;2&gt; orphan nodes during test execution!</Message>
        </ErrorInfo>
      </Output>
    </UnitTestResult>
    <UnitTestResult executionId="1fa2a7ca-cace-4f6a-86bc-b54a465899b3" testId="1c5aabf0-63e0-444f-9fe3-be0e2cfb4053" testName="OmegaSpiral.Tests.Ui.Terminal.TerminalWindowFrameLayoutTests.TerminalFrame_ShouldBeCenteredHorizontally" computerName="omega" duration="00:00:00.0100000" startTime="2025-10-25T12:57:14.1623277-04:00" endTime="2025-10-25T12:57:14.1628424-04:00" testType="13cdc9d9-ddb5-4fa4-a97d-d965ccfc6d4b" outcome="Failed" testListId="8c84fa94-04c1-424b-9868-57a2d4851a1d" relativeResultsDirectory="1fa2a7ca-cace-4f6a-86bc-b54a465899b3">
      <Output>
        <ErrorInfo>
          <Message>Expecting be NOT &lt;Null&gt;:</Message>
          <StackTrace>   at OmegaSpiral.Tests.Ui.Terminal.TerminalWindowFrameLayoutTests.TerminalFrame_ShouldBeCenteredHorizontally() in /home/adam/Dev/omega-spiral/chapter-zero/tests/integration/ui/terminal/TerminalWindowFrameLayoutTests.cs:line 71
</StackTrace>
        </ErrorInfo>
      </Output>
    </UnitTestResult>
    <UnitTestResult executionId="6065bd40-737b-4e39-8b00-9f49abd63b7c" testId="59c9b782-aacb-4a66-bdd9-7cb97c8023c1" testName="OmegaSpiral.Tests.Unit.Common.Terminal.TerminalTextRendererTests.ScrollToBottom_AfterAddingText_ScrollsCorrectly" computerName="omega" duration="00:00:02.3520000" startTime="2025-10-25T12:57:21.0247091-04:00" endTime="2025-10-25T12:57:21.0250918-04:00" testType="13cdc9d9-ddb5-4fa4-a97d-d965ccfc6d4b" outcome="Passed" testListId="8c84fa94-04c1-424b-9868-57a2d4851a1d" relativeResultsDirectory="6065bd40-737b-4e39-8b00-9f49abd63b7c" />
    <UnitTestResult executionId="4100b183-188b-4f9d-97d3-49f801ab73c3" testId="86e6b017-679c-4159-9a5e-29cadad6bad5" testName="TerminalWindowTestsNew.TerminalWindow_IsProperlyParentedInScene" computerName="omega" duration="00:00:00.0210000" startTime="2025-10-25T12:57:22.8270638-04:00" endTime="2025-10-25T12:57:22.8274070-04:00" testType="13cdc9d9-ddb5-4fa4-a97d-d965ccfc6d4b" outcome="Passed" testListId="8c84fa94-04c1-424b-9868-57a2d4851a1d" relativeResultsDirectory="4100b183-188b-4f9d-97d3-49f801ab73c3" />
    <UnitTestResult executionId="978beeae-22e2-44d6-824f-88ee50b97c44" testId="edc6f2c8-f74b-461e-8208-8295e8943509" testName="OmegaSpiral.Tests.Integration.Ui.TerminalUITests.HasChoiceContainer" computerName="omega" duration="00:00:00.0100000" startTime="2025-10-25T12:57:13.8887539-04:00" endTime="2025-10-25T12:57:13.8890627-04:00" testType="13cdc9d9-ddb5-4fa4-a97d-d965ccfc6d4b" outcome="Failed" testListId="8c84fa94-04c1-424b-9868-57a2d4851a1d" relativeResultsDirectory="978beeae-22e2-44d6-824f-88ee50b97c44">
      <Output>
        <ErrorInfo>
          <Message>Expecting be NOT &lt;Null&gt;:</Message>
          <StackTrace>   at OmegaSpiral.Tests.Integration.Ui.TerminalUITests.HasChoiceContainer() in /home/adam/Dev/omega-spiral/chapter-zero/tests/integration/ui/TerminalUiTests.cs:line 65
</StackTrace>
        </ErrorInfo>
      </Output>
    </UnitTestResult>
    <UnitTestResult executionId="6e96945f-5cc4-47db-a3f0-62d43749ad4f" testId="805b8ebf-8c4c-4ae5-8387-38478703e8d8" testName="OmegaSpiral.Tests.Integration.Ui.OmegaUiTests.TextDisplayPath_HasDefault" computerName="omega" duration="00:00:00.0130000" startTime="2025-10-25T12:57:13.6427442-04:00" endTime="2025-10-25T12:57:13.6432684-04:00" testType="13cdc9d9-ddb5-4fa4-a97d-d965ccfc6d4b" outcome="Passed" testListId="8c84fa94-04c1-424b-9868-57a2d4851a1d" relativeResultsDirectory="6e96945f-5cc4-47db-a3f0-62d43749ad4f" />
    <UnitTestResult executionId="5a484694-71ef-4abe-898c-865b7b6ecfa7" testId="a145e83f-c127-43c8-aab8-2599b060cab4" testName="OmegaSpiral.Tests.Integration.SceneLoadingAndViewportTests.AnyScene_LoadsWithinViewportBounds" computerName="omega" duration="00:00:00.0100000" startTime="2025-10-25T12:57:12.5388242-04:00" endTime="2025-10-25T12:57:12.5391925-04:00" testType="13cdc9d9-ddb5-4fa4-a97d-d965ccfc6d4b" outcome="Failed" testListId="8c84fa94-04c1-424b-9868-57a2d4851a1d" relativeResultsDirectory="5a484694-71ef-4abe-898c-865b7b6ecfa7">
      <Output>
        <ErrorInfo>
          <Message>Expecting be NOT &lt;Null&gt;:</Message>
          <StackTrace>   at OmegaSpiral.Tests.Integration.SceneLoadingAndViewportTests.AnyScene_LoadsWithinViewportBounds() in /home/adam/Dev/omega-spiral/chapter-zero/tests/integration/SceneLoadingAndViewportTests.cs:line 108
</StackTrace>
        </ErrorInfo>
      </Output>
    </UnitTestResult>
    <UnitTestResult executionId="b3fb967b-3583-4ada-918e-a34e1c10670b" testId="92c4837d-9635-4796-819d-218d08d85020" testName="OmegaSpiral.Tests.Unit.Common.SceneManagerTests.ValidateStateForTransitionReturnsTrueForValidTransitions" computerName="omega" duration="00:00:00.0130000" startTime="2025-10-25T12:57:14.4838214-04:00" endTime="2025-10-25T12:57:14.4841372-04:00" testType="13cdc9d9-ddb5-4fa4-a97d-d965ccfc6d4b" outcome="Passed" testListId="8c84fa94-04c1-424b-9868-57a2d4851a1d" relativeResultsDirectory="b3fb967b-3583-4ada-918e-a34e1c10670b">
      <Output>
        <StdOut>Validating transition to: res://source/ui/menus/main_menu.tscn</StdOut>
      </Output>
    </UnitTestResult>
    <UnitTestResult executionId="0adea8ce-c4ca-4d3a-98d8-53e8326f1915" testId="5719ba57-423e-4244-aca9-432278cc1d3e" testName="OmegaSpiral.Tests.Unit.Common.Terminal.TerminalShaderControllerTests.GetCurrentShaderMaterial_NoShaderApplied_ReturnsNull" computerName="omega" duration="00:00:00.0270000" startTime="2025-10-25T12:57:16.8228195-04:00" endTime="2025-10-25T12:57:16.8231299-04:00" testType="13cdc9d9-ddb5-4fa4-a97d-d965ccfc6d4b" outcome="Passed" testListId="8c84fa94-04c1-424b-9868-57a2d4851a1d" relativeResultsDirectory="0adea8ce-c4ca-4d3a-98d8-53e8326f1915" />
    <UnitTestResult executionId="9bb186dd-8f85-411e-819c-3a810ddb56f6" testId="4eec089b-bfc9-41db-acb9-41e1e79105c8" testName="OmegaSpiral.Tests.Integration.Ui.Menus.MainMenuTests.LoadsStagesFromManifest" computerName="omega" duration="00:00:00.0240000" startTime="2025-10-25T12:57:12.8077048-04:00" endTime="2025-10-25T12:57:12.8081852-04:00" testType="13cdc9d9-ddb5-4fa4-a97d-d965ccfc6d4b" outcome="Failed" testListId="8c84fa94-04c1-424b-9868-57a2d4851a1d" relativeResultsDirectory="9bb186dd-8f85-411e-819c-3a810ddb56f6">
      <Output>
        <ErrorInfo>
          <Message>Expecting be NOT &lt;Null&gt;:</Message>
          <StackTrace>   at OmegaSpiral.Tests.Integration.Ui.Menus.MainMenuTests.LoadsStagesFromManifest() in /home/adam/Dev/omega-spiral/chapter-zero/tests/integration/ui/menus/MainMenuTests.cs:line 43
</StackTrace>
        </ErrorInfo>
      </Output>
    </UnitTestResult>
    <UnitTestResult executionId="4f21c09a-f4f4-4a10-af15-a9da9b2bd002" testId="51ea4243-e900-4811-b008-ab38f86c645c" testName="[After].ApplyVisualPresetAsync_ScanlinesPreset_AppliesCorrectShader" computerName="omega" startTime="2025-10-25T12:57:16.8721150-04:00" endTime="2025-10-25T12:57:16.8721157-04:00" testType="13cdc9d9-ddb5-4fa4-a97d-d965ccfc6d4b" outcome="Passed" testListId="8c84fa94-04c1-424b-9868-57a2d4851a1d" relativeResultsDirectory="4f21c09a-f4f4-4a10-af15-a9da9b2bd002">
      <Output>
        <StdErr>Warning:
    Detected &lt;1&gt; orphan nodes during test suite setup stage!
    Check Setup:26 and Cleanup:36 for unfreed instances!</StdErr>
        <ErrorInfo>
          <Message>Warning:
    Detected &lt;1&gt; orphan nodes during test suite setup stage!
    Check Setup:26 and Cleanup:36 for unfreed instances!</Message>
        </ErrorInfo>
      </Output>
    </UnitTestResult>
    <UnitTestResult executionId="758dc17e-45b2-49c2-b263-533808b0f7ba" testId="8d60aedc-a649-4d7e-a2f7-94779a8bee7a" testName="[After].ScanlineLayer_Exists" computerName="omega" startTime="2025-10-25T12:57:13.6976450-04:00" endTime="2025-10-25T12:57:13.6976483-04:00" testType="13cdc9d9-ddb5-4fa4-a97d-d965ccfc6d4b" outcome="Failed" testListId="8c84fa94-04c1-424b-9868-57a2d4851a1d" relativeResultsDirectory="758dc17e-45b2-49c2-b263-533808b0f7ba">
      <Output>
        <StdErr>Warning:
    Detected &lt;9&gt; orphan nodes during test suite setup stage!
    Check Setup:24 and Cleanup:32 for unfreed instances!</StdErr>
        <ErrorInfo>
          <Message>Warning:
    Detected &lt;9&gt; orphan nodes during test suite setup stage!
    Check Setup:24 and Cleanup:32 for unfreed instances!</Message>
        </ErrorInfo>
      </Output>
    </UnitTestResult>
    <UnitTestResult executionId="96a91a78-d39f-49b3-b153-e65206bfd40a" testId="c0caf962-23fa-4bf9-a842-aced24428719" testName="[After].Constructor_WithValidDisplay_InitializesCorrectly" computerName="omega" startTime="2025-10-25T12:57:16.8731009-04:00" endTime="2025-10-25T12:57:16.8731021-04:00" testType="13cdc9d9-ddb5-4fa4-a97d-d965ccfc6d4b" outcome="Passed" testListId="8c84fa94-04c1-424b-9868-57a2d4851a1d" relativeResultsDirectory="96a91a78-d39f-49b3-b153-e65206bfd40a">
      <Output>
        <StdErr>Warning:
    Detected &lt;1&gt; orphan nodes during test suite setup stage!
    Check Setup:26 and Cleanup:36 for unfreed instances!</StdErr>
        <ErrorInfo>
          <Message>Warning:
    Detected &lt;1&gt; orphan nodes during test suite setup stage!
    Check Setup:26 and Cleanup:36 for unfreed instances!</Message>
        </ErrorInfo>
      </Output>
    </UnitTestResult>
    <UnitTestResult executionId="9460e502-1697-4cdd-8ec5-aecefc5a4436" testId="dd2b3bb1-178c-4557-abbd-4b9f77cf66a0" testName="OmegaSpiral.Tests.Unit.Common.Terminal.TerminalShaderControllerTests.PixelDissolveAsync_DefaultDuration_CompletesSuccessfully" computerName="omega" duration="00:00:00.9930000" startTime="2025-10-25T12:57:16.2638898-04:00" endTime="2025-10-25T12:57:16.2641970-04:00" testType="13cdc9d9-ddb5-4fa4-a97d-d965ccfc6d4b" outcome="Passed" testListId="8c84fa94-04c1-424b-9868-57a2d4851a1d" relativeResultsDirectory="9460e502-1697-4cdd-8ec5-aecefc5a4436" />
    <UnitTestResult executionId="098cea4a-757f-4960-bd12-f08557989d18" testId="edc6f2c8-f74b-461e-8208-8295e8943509" testName="[Before].HasChoiceContainer" computerName="omega" startTime="2025-10-25T12:57:13.8585715-04:00" endTime="2025-10-25T12:57:13.8585731-04:00" testType="13cdc9d9-ddb5-4fa4-a97d-d965ccfc6d4b" outcome="Failed" testListId="8c84fa94-04c1-424b-9868-57a2d4851a1d" relativeResultsDirectory="098cea4a-757f-4960-bd12-f08557989d18">
      <Output>
        <ErrorInfo>
          <Message>Failed to create ChoicePresenter. See inner exception.</Message>
          <StackTrace>   at OmegaSpiral.Source.Ui.Terminal.TerminalUi.InitializeTerminalComponents() in /home/adam/Dev/omega-spiral/chapter-zero/source/ui/terminal/TerminalUi.cs:line 125
   at OmegaSpiral.Source.Ui.Terminal.TerminalUi._Ready() in /home/adam/Dev/omega-spiral/chapter-zero/source/ui/terminal/TerminalUi.cs:line 78
   at OmegaSpiral.Tests.Integration.Ui.TerminalUITests.Setup() in /home/adam/Dev/omega-spiral/chapter-zero/tests/integration/ui/TerminalUiTests.cs:line 28
   at System.RuntimeMethodHandle.InvokeMethod(ObjectHandleOnStack target, Void** arguments, ObjectHandleOnStack sig, BOOL isConstructor, ObjectHandleOnStack result)
   at System.RuntimeMethodHandle.InvokeMethod(ObjectHandleOnStack target, Void** arguments, ObjectHandleOnStack sig, BOOL isConstructor, ObjectHandleOnStack result)
   at System.Reflection.MethodBaseInvoker.InterpretedInvoke_Method(Object obj, IntPtr* args)
   at System.Reflection.RuntimeMethodInfo.Invoke(Object obj, BindingFlags invokeAttr, Binder binder, Object[] parameters, CultureInfo culture)
</StackTrace>
        </ErrorInfo>
      </Output>
    </UnitTestResult>
    <UnitTestResult executionId="9670382b-026d-49d8-9978-a5dcee223fde" testId="423034ee-b97a-4c52-b9a5-67f6ae5c9317" testName="OmegaSpiral.Tests.Integration.Ui.Menus.MainMenuTests.StageHeader_ReflectsStageCount" computerName="omega" duration="00:00:00.0200000" startTime="2025-10-25T12:57:12.8421611-04:00" endTime="2025-10-25T12:57:12.8425091-04:00" testType="13cdc9d9-ddb5-4fa4-a97d-d965ccfc6d4b" outcome="Failed" testListId="8c84fa94-04c1-424b-9868-57a2d4851a1d" relativeResultsDirectory="9670382b-026d-49d8-9978-a5dcee223fde">
      <Output>
        <ErrorInfo>
          <Message>Expecting be NOT &lt;Null&gt;:</Message>
          <StackTrace>   at OmegaSpiral.Tests.Integration.Ui.Menus.MainMenuTests.StageHeader_ReflectsStageCount() in /home/adam/Dev/omega-spiral/chapter-zero/tests/integration/ui/menus/MainMenuTests.cs:line 76
</StackTrace>
        </ErrorInfo>
      </Output>
    </UnitTestResult>
    <UnitTestResult executionId="08885bf1-5409-40c4-b0d6-ea82325cd918" testId="048df4e9-8d17-45c5-bf36-090974e1cf52" testName="[After].ShaderLayers_AreVisibleAndLayered" computerName="omega" startTime="2025-10-25T12:57:13.6988317-04:00" endTime="2025-10-25T12:57:13.6988335-04:00" testType="13cdc9d9-ddb5-4fa4-a97d-d965ccfc6d4b" outcome="Failed" testListId="8c84fa94-04c1-424b-9868-57a2d4851a1d" relativeResultsDirectory="08885bf1-5409-40c4-b0d6-ea82325cd918">
      <Output>
        <StdErr>Warning:
    Detected &lt;9&gt; orphan nodes during test suite setup stage!
    Check Setup:24 and Cleanup:32 for unfreed instances!</StdErr>
        <ErrorInfo>
          <Message>Warning:
    Detected &lt;9&gt; orphan nodes during test suite setup stage!
    Check Setup:24 and Cleanup:32 for unfreed instances!</Message>
        </ErrorInfo>
      </Output>
    </UnitTestResult>
    <UnitTestResult executionId="59280fda-8a8f-433e-bff4-83e6800c2c6a" testId="caa85ef0-051c-4d0b-bd19-945d547a8a50" testName="OmegaSpiral.Tests.Integration.SceneLoadingAndViewportTests.MenuFixture_NeverRendersOffscreen" computerName="omega" duration="00:00:00.0310000" startTime="2025-10-25T12:57:12.5281644-04:00" endTime="2025-10-25T12:57:12.5291610-04:00" testType="13cdc9d9-ddb5-4fa4-a97d-d965ccfc6d4b" outcome="Failed" testListId="8c84fa94-04c1-424b-9868-57a2d4851a1d" relativeResultsDirectory="59280fda-8a8f-433e-bff4-83e6800c2c6a">
      <Output>
        <ErrorInfo>
          <Message>Object reference not set to an instance of an object.</Message>
          <StackTrace>   at OmegaSpiral.Tests.Integration.SceneLoadingAndViewportTests.MenuFixture_NeverRendersOffscreen() in /home/adam/Dev/omega-spiral/chapter-zero/tests/integration/SceneLoadingAndViewportTests.cs:line 77
   at System.RuntimeMethodHandle.InvokeMethod(ObjectHandleOnStack target, Void** arguments, ObjectHandleOnStack sig, BOOL isConstructor, ObjectHandleOnStack result)
   at System.RuntimeMethodHandle.InvokeMethod(ObjectHandleOnStack target, Void** arguments, ObjectHandleOnStack sig, BOOL isConstructor, ObjectHandleOnStack result)
   at System.Reflection.MethodBaseInvoker.InterpretedInvoke_Method(Object obj, IntPtr* args)
   at System.Reflection.RuntimeMethodInfo.Invoke(Object obj, BindingFlags invokeAttr, Binder binder, Object[] parameters, CultureInfo culture)
</StackTrace>
        </ErrorInfo>
      </Output>
    </UnitTestResult>
    <UnitTestResult executionId="1cf26605-aa64-4452-8ef9-2063cb302eac" testId="7839c530-3ecc-4de6-9a44-8235918483cb" testName="OmegaSpiral.Tests.Integration.Ui.PauseMenuTests.PauseMenu_HasBackground" computerName="omega" duration="00:00:00.0200000" startTime="2025-10-25T12:57:13.7808185-04:00" endTime="2025-10-25T12:57:13.7811473-04:00" testType="13cdc9d9-ddb5-4fa4-a97d-d965ccfc6d4b" outcome="Failed" testListId="8c84fa94-04c1-424b-9868-57a2d4851a1d" relativeResultsDirectory="1cf26605-aa64-4452-8ef9-2063cb302eac">
      <Output>
        <ErrorInfo>
          <Message>Expecting be NOT &lt;Null&gt;:</Message>
          <StackTrace>   at OmegaSpiral.Tests.Integration.Ui.PauseMenuTests.PauseMenu_HasBackground() in /home/adam/Dev/omega-spiral/chapter-zero/tests/integration/ui/PauseMenuTests.cs:line 83
</StackTrace>
        </ErrorInfo>
      </Output>
    </UnitTestResult>
    <UnitTestResult executionId="500ee26b-d1d9-4196-9238-e113d5581f2f" testId="39e0d760-20b8-485a-aded-11fd5532a4f0" testName="OmegaSpiral.Tests.Integration.Ui.Menus.MainMenuTests.InheritsFromMenuUI" computerName="omega" duration="00:00:00.0110000" startTime="2025-10-25T12:57:13.0490124-04:00" endTime="2025-10-25T12:57:13.0493519-04:00" testType="13cdc9d9-ddb5-4fa4-a97d-d965ccfc6d4b" outcome="Passed" testListId="8c84fa94-04c1-424b-9868-57a2d4851a1d" relativeResultsDirectory="500ee26b-d1d9-4196-9238-e113d5581f2f" />
    <UnitTestResult executionId="8c435202-c66c-45d7-9a71-fd50e90ffbc7" testId="438c8dde-7679-4f81-b2f5-4fca0f9e2b5a" testName="OmegaSpiral.Tests.Unit.Common.GameStateTests.ConstructorInitializeswithzeroscores" computerName="omega" duration="00:00:00.0200000" startTime="2025-10-25T12:57:14.2977599-04:00" endTime="2025-10-25T12:57:14.2980704-04:00" testType="13cdc9d9-ddb5-4fa4-a97d-d965ccfc6d4b" outcome="Passed" testListId="8c84fa94-04c1-424b-9868-57a2d4851a1d" relativeResultsDirectory="8c435202-c66c-45d7-9a71-fd50e90ffbc7">
      <Output>
        <StdErr>Warning:
    Detected &lt;1&gt; orphan nodes during test execution!</StdErr>
        <ErrorInfo>
          <Message>Warning:
    Detected &lt;1&gt; orphan nodes during test execution!</Message>
        </ErrorInfo>
      </Output>
    </UnitTestResult>
    <UnitTestResult executionId="de9ba061-1676-4b57-9ebb-64eb0830aff0" testId="81afce74-817b-42ac-94a2-86a991a715df" testName="OmegaSpiral.Tests.Integration.SceneLoadingAndViewportTests.Scene_HasValidDimensions" computerName="omega" duration="00:00:00.0200000" startTime="2025-10-25T12:57:12.5728491-04:00" endTime="2025-10-25T12:57:12.5732082-04:00" testType="13cdc9d9-ddb5-4fa4-a97d-d965ccfc6d4b" outcome="Failed" testListId="8c84fa94-04c1-424b-9868-57a2d4851a1d" relativeResultsDirectory="de9ba061-1676-4b57-9ebb-64eb0830aff0">
      <Output>
        <ErrorInfo>
          <Message>Object reference not set to an instance of an object.</Message>
          <StackTrace>   at OmegaSpiral.Tests.Integration.SceneLoadingAndViewportTests.Scene_HasValidDimensions() in /home/adam/Dev/omega-spiral/chapter-zero/tests/integration/SceneLoadingAndViewportTests.cs:line 183
   at System.RuntimeMethodHandle.InvokeMethod(ObjectHandleOnStack target, Void** arguments, ObjectHandleOnStack sig, BOOL isConstructor, ObjectHandleOnStack result)
   at System.RuntimeMethodHandle.InvokeMethod(ObjectHandleOnStack target, Void** arguments, ObjectHandleOnStack sig, BOOL isConstructor, ObjectHandleOnStack result)
   at System.Reflection.MethodBaseInvoker.InterpretedInvoke_Method(Object obj, IntPtr* args)
   at System.Reflection.RuntimeMethodInfo.Invoke(Object obj, BindingFlags invokeAttr, Binder binder, Object[] parameters, CultureInfo culture)
</StackTrace>
        </ErrorInfo>
      </Output>
    </UnitTestResult>
    <UnitTestResult executionId="5ef32abe-f559-47ea-a685-fd13f2c08be9" testId="c9b8f693-86dc-43cf-90c0-8037995d6d6f" testName="OmegaSpiral.Tests.Integration.Ui.PauseMenuTests.PauseMenu_HasAllButtons" computerName="omega" duration="00:00:00.0110000" startTime="2025-10-25T12:57:13.7600348-04:00" endTime="2025-10-25T12:57:13.7603488-04:00" testType="13cdc9d9-ddb5-4fa4-a97d-d965ccfc6d4b" outcome="Failed" testListId="8c84fa94-04c1-424b-9868-57a2d4851a1d" relativeResultsDirectory="5ef32abe-f559-47ea-a685-fd13f2c08be9">
      <Output>
        <ErrorInfo>
          <Message>Expecting be equal:
    "Resume Game"
 but is
    "Resume"</Message>
          <StackTrace>   at OmegaSpiral.Tests.Integration.Ui.PauseMenuTests.PauseMenu_HasAllButtons() in /home/adam/Dev/omega-spiral/chapter-zero/tests/integration/ui/PauseMenuTests.cs:line 70
</StackTrace>
        </ErrorInfo>
      </Output>
    </UnitTestResult>
    <UnitTestResult executionId="c3b18180-3e4f-4ab5-ac77-f9f494a5644d" testId="8747850d-fc94-4543-a381-09737e2da48f" testName="OmegaSpiral.Tests.Unit.Common.GameStateTests.UpdatedreamweaverscoreHandlesnegativechanges" computerName="omega" duration="00:00:00.0200000" startTime="2025-10-25T12:57:14.3320352-04:00" endTime="2025-10-25T12:57:14.3323431-04:00" testType="13cdc9d9-ddb5-4fa4-a97d-d965ccfc6d4b" outcome="Passed" testListId="8c84fa94-04c1-424b-9868-57a2d4851a1d" relativeResultsDirectory="c3b18180-3e4f-4ab5-ac77-f9f494a5644d">
      <Output>
        <StdErr>Warning:
    Detected &lt;1&gt; orphan nodes during test execution!</StdErr>
        <ErrorInfo>
          <Message>Warning:
    Detected &lt;1&gt; orphan nodes during test execution!</Message>
        </ErrorInfo>
      </Output>
    </UnitTestResult>
    <UnitTestResult executionId="fe3f7527-3aca-471c-b771-ab9ad2368b62" testId="844fa2a0-03c9-44ff-958d-e57f7cbaad10" testName="OmegaSpiral.Tests.Integration.Ui.OmegaUiTests.OmegaUi_IsVisibleByDefault" computerName="omega" duration="00:00:00.0130000" startTime="2025-10-25T12:57:13.6565467-04:00" endTime="2025-10-25T12:57:13.6568766-04:00" testType="13cdc9d9-ddb5-4fa4-a97d-d965ccfc6d4b" outcome="Passed" testListId="8c84fa94-04c1-424b-9868-57a2d4851a1d" relativeResultsDirectory="fe3f7527-3aca-471c-b771-ab9ad2368b62" />
    <UnitTestResult executionId="e888bd63-8c14-4a9b-a520-b87e3acfcc8f" testId="4b33e314-3dd0-463a-80a0-89bd6d935730" testName="OmegaSpiral.Tests.Integration.Ui.OmegaUiTests.TextRenderer_IsCreated" computerName="omega" duration="00:00:00.0200000" startTime="2025-10-25T12:57:13.5737719-04:00" endTime="2025-10-25T12:57:13.5744985-04:00" testType="13cdc9d9-ddb5-4fa4-a97d-d965ccfc6d4b" outcome="Passed" testListId="8c84fa94-04c1-424b-9868-57a2d4851a1d" relativeResultsDirectory="e888bd63-8c14-4a9b-a520-b87e3acfcc8f" />
    <UnitTestResult executionId="7b8b61d3-077a-4859-8874-44e509f3dbf5" testId="dd2b3bb1-178c-4557-abbd-4b9f77cf66a0" testName="[After].PixelDissolveAsync_DefaultDuration_CompletesSuccessfully" computerName="omega" startTime="2025-10-25T12:57:16.8738900-04:00" endTime="2025-10-25T12:57:16.8738909-04:00" testType="13cdc9d9-ddb5-4fa4-a97d-d965ccfc6d4b" outcome="Passed" testListId="8c84fa94-04c1-424b-9868-57a2d4851a1d" relativeResultsDirectory="7b8b61d3-077a-4859-8874-44e509f3dbf5">
      <Output>
        <StdErr>Warning:
    Detected &lt;1&gt; orphan nodes during test suite setup stage!
    Check Setup:26 and Cleanup:36 for unfreed instances!</StdErr>
        <ErrorInfo>
          <Message>Warning:
    Detected &lt;1&gt; orphan nodes during test suite setup stage!
    Check Setup:26 and Cleanup:36 for unfreed instances!</Message>
        </ErrorInfo>
      </Output>
    </UnitTestResult>
    <UnitTestResult executionId="9bf5f2e7-056a-47d4-9cb4-a7ec81139110" testId="e97904f8-5f03-4e4b-8644-bac2dcd6aa0d" testName="OmegaSpiral.Tests.Integration.Ui.CreditsMenuTests.CreditsMenu_CanShowAndHide" computerName="omega" duration="00:00:00.0200000" startTime="2025-10-25T12:57:12.7060952-04:00" endTime="2025-10-25T12:57:12.7064296-04:00" testType="13cdc9d9-ddb5-4fa4-a97d-d965ccfc6d4b" outcome="Passed" testListId="8c84fa94-04c1-424b-9868-57a2d4851a1d" relativeResultsDirectory="9bf5f2e7-056a-47d4-9cb4-a7ec81139110" />
    <UnitTestResult executionId="e1e6805d-2140-4ec5-9d57-1b0083e2c637" testId="25e8215d-d931-40a4-a0e8-28b11a687663" testName="[After].ShaderController_IsCreated" computerName="omega" startTime="2025-10-25T12:57:13.6982675-04:00" endTime="2025-10-25T12:57:13.6982683-04:00" testType="13cdc9d9-ddb5-4fa4-a97d-d965ccfc6d4b" outcome="Failed" testListId="8c84fa94-04c1-424b-9868-57a2d4851a1d" relativeResultsDirectory="e1e6805d-2140-4ec5-9d57-1b0083e2c637">
      <Output>
        <StdErr>Warning:
    Detected &lt;9&gt; orphan nodes during test suite setup stage!
    Check Setup:24 and Cleanup:32 for unfreed instances!</StdErr>
        <ErrorInfo>
          <Message>Warning:
    Detected &lt;9&gt; orphan nodes during test suite setup stage!
    Check Setup:24 and Cleanup:32 for unfreed instances!</Message>
        </ErrorInfo>
      </Output>
    </UnitTestResult>
    <UnitTestResult executionId="b9b5a23c-782e-4822-b950-57cb3ffc4ad3" testId="4800d139-d261-4946-a180-deb00541e645" testName="OmegaSpiral.Tests.Unit.Ui.OmegaUi_UnitTests.ApplyVisualPresetAsync_GracefulFailureWhenControllerNull" computerName="omega" duration="00:00:00.0270000" startTime="2025-10-25T12:57:22.5743211-04:00" endTime="2025-10-25T12:57:22.5748200-04:00" testType="13cdc9d9-ddb5-4fa4-a97d-d965ccfc6d4b" outcome="Passed" testListId="8c84fa94-04c1-424b-9868-57a2d4851a1d" relativeResultsDirectory="b9b5a23c-782e-4822-b950-57cb3ffc4ad3">
      <Output>
        <StdErr>Warning:
    Detected &lt;1&gt; orphan nodes during test execution!</StdErr>
        <ErrorInfo>
          <Message>Warning:
    Detected &lt;1&gt; orphan nodes during test execution!</Message>
        </ErrorInfo>
      </Output>
    </UnitTestResult>
    <UnitTestResult executionId="2912eee5-922b-4e74-86ff-1ea96d28131b" testId="1545c4d3-7d80-42b2-b7b5-329d2d2dce6f" testName="OmegaSpiral.Tests.Ui.Terminal.TerminalWindowFrameLayoutTests.ScreenLayout_IsEmptyContentInsertionPoint" computerName="omega" duration="00:00:00.0130000" startTime="2025-10-25T12:57:14.2423038-04:00" endTime="2025-10-25T12:57:14.2426555-04:00" testType="13cdc9d9-ddb5-4fa4-a97d-d965ccfc6d4b" outcome="Failed" testListId="8c84fa94-04c1-424b-9868-57a2d4851a1d" relativeResultsDirectory="2912eee5-922b-4e74-86ff-1ea96d28131b">
      <Output>
        <ErrorInfo>
          <Message>Expecting be NOT &lt;Null&gt;:</Message>
          <StackTrace>   at OmegaSpiral.Tests.Ui.Terminal.TerminalWindowFrameLayoutTests.ScreenLayout_IsEmptyContentInsertionPoint() in /home/adam/Dev/omega-spiral/chapter-zero/tests/integration/ui/terminal/TerminalWindowFrameLayoutTests.cs:line 201
</StackTrace>
        </ErrorInfo>
      </Output>
    </UnitTestResult>
    <UnitTestResult executionId="71c6cde7-3497-471f-8c45-ff9b4b61a918" testId="785827c7-48cf-4bfb-b133-ebc9d5df2435" testName="[After].PhosphorLayerPath_HasDefault" computerName="omega" startTime="2025-10-25T12:57:13.6964012-04:00" endTime="2025-10-25T12:57:13.6964019-04:00" testType="13cdc9d9-ddb5-4fa4-a97d-d965ccfc6d4b" outcome="Failed" testListId="8c84fa94-04c1-424b-9868-57a2d4851a1d" relativeResultsDirectory="71c6cde7-3497-471f-8c45-ff9b4b61a918">
      <Output>
        <StdErr>Warning:
    Detected &lt;9&gt; orphan nodes during test suite setup stage!
    Check Setup:24 and Cleanup:32 for unfreed instances!</StdErr>
        <ErrorInfo>
          <Message>Warning:
    Detected &lt;9&gt; orphan nodes during test suite setup stage!
    Check Setup:24 and Cleanup:32 for unfreed instances!</Message>
        </ErrorInfo>
      </Output>
    </UnitTestResult>
    <UnitTestResult executionId="08cffc99-9089-43f0-aff1-6747550c9561" testId="a3e3bd09-0160-458d-a32a-0961f37325cc" testName="OmegaSpiral.Tests.Ui.Terminal.TerminalWindowFrameLayoutTests.Bezel_FillsViewportWithBackground" computerName="omega" duration="00:00:00.0130000" startTime="2025-10-25T12:57:14.2008781-04:00" endTime="2025-10-25T12:57:14.2011885-04:00" testType="13cdc9d9-ddb5-4fa4-a97d-d965ccfc6d4b" outcome="Failed" testListId="8c84fa94-04c1-424b-9868-57a2d4851a1d" relativeResultsDirectory="08cffc99-9089-43f0-aff1-6747550c9561">
      <Output>
        <ErrorInfo>
          <Message>Object reference not set to an instance of an object.</Message>
          <StackTrace>   at OmegaSpiral.Tests.Ui.Terminal.TerminalWindowFrameLayoutTests.Bezel_FillsViewportWithBackground() in /home/adam/Dev/omega-spiral/chapter-zero/tests/integration/ui/terminal/TerminalWindowFrameLayoutTests.cs:line 133
   at System.RuntimeMethodHandle.InvokeMethod(ObjectHandleOnStack target, Void** arguments, ObjectHandleOnStack sig, BOOL isConstructor, ObjectHandleOnStack result)
   at System.RuntimeMethodHandle.InvokeMethod(ObjectHandleOnStack target, Void** arguments, ObjectHandleOnStack sig, BOOL isConstructor, ObjectHandleOnStack result)
   at System.Reflection.MethodBaseInvoker.InterpretedInvoke_Method(Object obj, IntPtr* args)
   at System.Reflection.RuntimeMethodInfo.Invoke(Object obj, BindingFlags invokeAttr, Binder binder, Object[] parameters, CultureInfo culture)
</StackTrace>
        </ErrorInfo>
      </Output>
    </UnitTestResult>
    <UnitTestResult executionId="35ea1c9e-483e-478e-bb15-161018d9eb74" testId="04303a62-e7b3-4689-a467-2f8525cf3af7" testName="OmegaSpiral.Tests.Unit.Common.GameStateTests.GettotalscoreReturnssumofallscores" computerName="omega" duration="00:00:00.0200000" startTime="2025-10-25T12:57:14.3802847-04:00" endTime="2025-10-25T12:57:14.3805975-04:00" testType="13cdc9d9-ddb5-4fa4-a97d-d965ccfc6d4b" outcome="Passed" testListId="8c84fa94-04c1-424b-9868-57a2d4851a1d" relativeResultsDirectory="35ea1c9e-483e-478e-bb15-161018d9eb74">
      <Output>
        <StdErr>Warning:
    Detected &lt;1&gt; orphan nodes during test execution!</StdErr>
        <ErrorInfo>
          <Message>Warning:
    Detected &lt;1&gt; orphan nodes during test execution!</Message>
        </ErrorInfo>
      </Output>
    </UnitTestResult>
    <UnitTestResult executionId="4ab5fec6-b7d7-4108-b1a0-a08d62dd572f" testId="893a907a-b49f-4039-9a5c-33c27f7cd5a1" testName="OmegaSpiral.Tests.Unit.Common.Terminal.TerminalShaderControllerTests.ApplyVisualPresetAsync_InvalidPreset_ThrowsArgumentException" computerName="omega" duration="00:00:00.0130000" startTime="2025-10-25T12:57:15.2710153-04:00" endTime="2025-10-25T12:57:15.2713485-04:00" testType="13cdc9d9-ddb5-4fa4-a97d-d965ccfc6d4b" outcome="Passed" testListId="8c84fa94-04c1-424b-9868-57a2d4851a1d" relativeResultsDirectory="4ab5fec6-b7d7-4108-b1a0-a08d62dd572f" />
    <UnitTestResult executionId="37409c60-9590-4d1c-a8a7-1e05379c305f" testId="cc739285-051e-4c1c-9ae7-4b61bb1ede9a" testName="OmegaSpiral.Tests.Unit.Common.SceneManagerTests.UpdateCurrentSceneUpdatesIndexCorrectly" computerName="omega" duration="00:00:00.0130000" startTime="2025-10-25T12:57:14.4700115-04:00" endTime="2025-10-25T12:57:14.4703176-04:00" testType="13cdc9d9-ddb5-4fa4-a97d-d965ccfc6d4b" outcome="Passed" testListId="8c84fa94-04c1-424b-9868-57a2d4851a1d" relativeResultsDirectory="37409c60-9590-4d1c-a8a7-1e05379c305f">
      <Output>
        <StdOut>Updated current scene to: 3</StdOut>
      </Output>
    </UnitTestResult>
    <UnitTestResult executionId="65effef7-6c9c-4de3-8faf-f93e719823a9" testId="287f0a3f-c6b3-4192-a418-679460e0a9e5" testName="OmegaSpiral.Tests.Common.GameStateSignalTests.CharacterPartyChangedSignal_EmittedWhenPartyChanges_SignalReceived" computerName="omega" duration="00:00:01.0540000" startTime="2025-10-25T12:57:10.2849575-04:00" endTime="2025-10-25T12:57:10.2870346-04:00" testType="13cdc9d9-ddb5-4fa4-a97d-d965ccfc6d4b" outcome="Failed" testListId="8c84fa94-04c1-424b-9868-57a2d4851a1d" relativeResultsDirectory="65effef7-6c9c-4de3-8faf-f93e719823a9">
      <Output>
        <ErrorInfo>
          <Message>Expecting do emitting signal:
    "CharacterPartyChanged(&lt;Empty&gt;)"
 by
    &lt;OmegaSpiral.Source.Scripts.GameStateSignals&gt; (objId: 62511908598)</Message>
          <StackTrace>   at GdUnit4.Asserts.SignalAssert.ThrowTestFailureReport(String message, Int32 lineNumber)
</StackTrace>
        </ErrorInfo>
      </Output>
    </UnitTestResult>
    <UnitTestResult executionId="a4d85778-801c-449b-9cb3-ed25373cd0c7" testId="9f330bc9-bf3f-4947-9720-a8b3a811e6e2" testName="OmegaSpiral.Tests.Integration.Ui.CreditsMenuTests.CreditsMenu_HasScrollContainer" computerName="omega" duration="00:00:00.0100000" startTime="2025-10-25T12:57:12.6640610-04:00" endTime="2025-10-25T12:57:12.6644559-04:00" testType="13cdc9d9-ddb5-4fa4-a97d-d965ccfc6d4b" outcome="Passed" testListId="8c84fa94-04c1-424b-9868-57a2d4851a1d" relativeResultsDirectory="a4d85778-801c-449b-9cb3-ed25373cd0c7" />
    <UnitTestResult executionId="9bc6a564-4213-41a4-8315-6cce69d2af73" testId="2f017908-7f02-4e98-97db-687b7ee713e9" testName="OmegaSpiral.Tests.Integration.Ui.TerminalUITests.Captions_DisabledByDefault" computerName="omega" duration="00:00:00.0130000" startTime="2025-10-25T12:57:13.9504193-04:00" endTime="2025-10-25T12:57:13.9507478-04:00" testType="13cdc9d9-ddb5-4fa4-a97d-d965ccfc6d4b" outcome="Passed" testListId="8c84fa94-04c1-424b-9868-57a2d4851a1d" relativeResultsDirectory="9bc6a564-4213-41a4-8315-6cce69d2af73" />
    <UnitTestResult executionId="a62445b5-f301-4d8a-808d-2f3e2a0655fe" testId="36e01349-c31c-4a07-93f2-adeb2b7b7031" testName="[After].SetDreamweaverThreadStoresValueCorrectly" computerName="omega" startTime="2025-10-25T12:57:14.4910188-04:00" endTime="2025-10-25T12:57:14.4910214-04:00" testType="13cdc9d9-ddb5-4fa4-a97d-d965ccfc6d4b" outcome="Passed" testListId="8c84fa94-04c1-424b-9868-57a2d4851a1d" relativeResultsDirectory="a62445b5-f301-4d8a-808d-2f3e2a0655fe">
      <Output>
        <StdErr>Warning:
    Detected &lt;1&gt; orphan nodes during test suite setup stage!
    Check Setup:21 and Cleanup:31 for unfreed instances!</StdErr>
        <ErrorInfo>
          <Message>Warning:
    Detected &lt;1&gt; orphan nodes during test suite setup stage!
    Check Setup:21 and Cleanup:31 for unfreed instances!</Message>
        </ErrorInfo>
      </Output>
    </UnitTestResult>
    <UnitTestResult executionId="9f5a5cb0-1505-4d13-a1ea-83061ae9d52b" testId="22931cca-a312-42b1-b00d-a4710c7fd904" testName="OmegaSpiral.Tests.Integration.Ui.OmegaUiTests.ShaderLayers_HaveFullScreenAnchors" computerName="omega" duration="00:00:00.0210000" startTime="2025-10-25T12:57:13.4711331-04:00" endTime="2025-10-25T12:57:13.4734887-04:00" testType="13cdc9d9-ddb5-4fa4-a97d-d965ccfc6d4b" outcome="Passed" testListId="8c84fa94-04c1-424b-9868-57a2d4851a1d" relativeResultsDirectory="9f5a5cb0-1505-4d13-a1ea-83061ae9d52b" />
    <UnitTestResult executionId="f4560cd8-4736-4ff7-9f87-e94b8edd5fe7" testId="e582db70-a37f-4a12-a5ec-4fef472f0bb8" testName="[After].ApplyVisualPresetAsync_TerminalPreset_RemovesShader" computerName="omega" startTime="2025-10-25T12:57:16.8723687-04:00" endTime="2025-10-25T12:57:16.8723694-04:00" testType="13cdc9d9-ddb5-4fa4-a97d-d965ccfc6d4b" outcome="Passed" testListId="8c84fa94-04c1-424b-9868-57a2d4851a1d" relativeResultsDirectory="f4560cd8-4736-4ff7-9f87-e94b8edd5fe7">
      <Output>
        <StdErr>Warning:
    Detected &lt;1&gt; orphan nodes during test suite setup stage!
    Check Setup:26 and Cleanup:36 for unfreed instances!</StdErr>
        <ErrorInfo>
          <Message>Warning:
    Detected &lt;1&gt; orphan nodes during test suite setup stage!
    Check Setup:26 and Cleanup:36 for unfreed instances!</Message>
        </ErrorInfo>
      </Output>
    </UnitTestResult>
    <UnitTestResult executionId="cf0e88fb-d6d9-4727-910c-c152e158931f" testId="26699eb8-8a18-4a19-b15c-07c4c935881a" testName="OmegaSpiral.Tests.Unit.Common.Terminal.TerminalChoicePresenterTests.HideChoices_AfterPresentingChoices_RemovesFromDisplay" computerName="omega" duration="00:00:00.1300000" startTime="2025-10-25T12:57:15.0357775-04:00" endTime="2025-10-25T12:57:15.0360885-04:00" testType="13cdc9d9-ddb5-4fa4-a97d-d965ccfc6d4b" outcome="Passed" testListId="8c84fa94-04c1-424b-9868-57a2d4851a1d" relativeResultsDirectory="cf0e88fb-d6d9-4727-910c-c152e158931f">
      <Output>
        <StdOut>\u001b[96m[TerminalChoicePresenter.PresentChoicesAsync]\u001b[39m Presenting 2 string choices\u001b[0m
\u001b[38;5;208m[TerminalChoicePresenter.ClearChoiceButtons]\u001b[39m Clearing 3 buttons from container\u001b[0m
\u001b[92m  ✓ All 0 buttons cleared\u001b[39m\u001b[0m
\u001b[93m  → Created button 0: 'Choice 1'\u001b[39m\u001b[0m
\u001b[93m  → Created button 1: 'Choice 2'\u001b[39m\u001b[0m
\u001b[96m  Ready to wait for selection from 2 buttons\u001b[39m\u001b[0m
\u001b[95m[TerminalChoicePresenter.OnChoiceSelected]\u001b[39m Choice 0 selected\u001b[0m
\u001b[92m  ✓ Selection processed, TrySetResult=True\u001b[39m\u001b[0m
\u001b[92m  Selection received: indices=0\u001b[39m\u001b[0m
\u001b[38;5;208m[TerminalChoicePresenter.HideChoices]\u001b[39m Clearing 2 buttons\u001b[0m
\u001b[38;5;208m[TerminalChoicePresenter.ClearChoiceButtons]\u001b[39m Clearing 2 buttons from container\u001b[0m
\u001b[92m  ✓ All 0 buttons cleared\u001b[39m\u001b[0m
\u001b[92m  ✓ Choices hidden successfully\u001b[39m\u001b[0m
\u001b[94m[TerminalChoicePresenter.AreChoicesVisible]\u001b[39m → False (0 buttons)\u001b[0m</StdOut>
        <StdErr>Warning:
    Detected &lt;2&gt; orphan nodes during test execution!</StdErr>
        <ErrorInfo>
          <Message>Warning:
    Detected &lt;2&gt; orphan nodes during test execution!</Message>
        </ErrorInfo>
      </Output>
    </UnitTestResult>
    <UnitTestResult executionId="c0b7759b-8a97-4f01-8a70-110bb3abfdae" testId="bdec14e9-9633-4780-a32e-aa61e919c23b" testName="[After].ShaderLayers_IgnoreMouseInput" computerName="omega" startTime="2025-10-25T12:57:13.7003289-04:00" endTime="2025-10-25T12:57:13.7003318-04:00" testType="13cdc9d9-ddb5-4fa4-a97d-d965ccfc6d4b" outcome="Failed" testListId="8c84fa94-04c1-424b-9868-57a2d4851a1d" relativeResultsDirectory="c0b7759b-8a97-4f01-8a70-110bb3abfdae">
      <Output>
        <StdErr>Warning:
    Detected &lt;9&gt; orphan nodes during test suite setup stage!
    Check Setup:24 and Cleanup:32 for unfreed instances!</StdErr>
        <ErrorInfo>
          <Message>Warning:
    Detected &lt;9&gt; orphan nodes during test suite setup stage!
    Check Setup:24 and Cleanup:32 for unfreed instances!</Message>
        </ErrorInfo>
      </Output>
    </UnitTestResult>
  </Results>
  <TestDefinitions>
    <UnitTest name="Dispose_CallsDisposeOnComponentsAndNullsReferences" storage="/home/adam/dev/omega-spiral/chapter-zero/.godot/mono/temp/bin/debug/chapter-zero.dll" id="71382143-2945-45a0-b170-252498931537">
      <Execution id="d81bb94d-abc3-4166-97e3-7cc3bd9d0a22" />
      <TestMethod codeBase="/home/adam/Dev/omega-spiral/chapter-zero/.godot/mono/temp/bin/Debug/chapter-zero.dll" adapterTypeName="executor://gdunit4.testadapter/" className="OmegaSpiral.Tests.Unit.Ui.OmegaUi_UnitTests" name="Dispose_CallsDisposeOnComponentsAndNullsReferences" />
    </UnitTest>
    <UnitTest name="SetDreamweaverThreadStoresValueCorrectly" storage="/home/adam/dev/omega-spiral/chapter-zero/.godot/mono/temp/bin/debug/chapter-zero.dll" id="36e01349-c31c-4a07-93f2-adeb2b7b7031">
      <Execution id="2da41b7b-4741-4eb5-bda9-18ef5e38174d" />
      <TestMethod codeBase="/home/adam/Dev/omega-spiral/chapter-zero/.godot/mono/temp/bin/Debug/chapter-zero.dll" adapterTypeName="executor://gdunit4.testadapter/" className="OmegaSpiral.Tests.Unit.Common.SceneManagerTests" name="SetDreamweaverThreadStoresValueCorrectly" />
    </UnitTest>
    <UnitTest name="OptionsButton_Exists" storage="/home/adam/dev/omega-spiral/chapter-zero/.godot/mono/temp/bin/debug/chapter-zero.dll" id="39eae8b2-02db-4964-9247-4c2e3f3fbff6">
      <Execution id="7ea08a1c-cd0b-4217-a3ba-ce9bf3bedff8" />
      <TestMethod codeBase="/home/adam/Dev/omega-spiral/chapter-zero/.godot/mono/temp/bin/Debug/chapter-zero.dll" adapterTypeName="executor://gdunit4.testadapter/" className="OmegaSpiral.Tests.Integration.Ui.Menus.MainMenuTests" name="OptionsButton_Exists" />
    </UnitTest>
    <UnitTest name="ShaderLayers_AreVisibleAndLayered" storage="/home/adam/dev/omega-spiral/chapter-zero/.godot/mono/temp/bin/debug/chapter-zero.dll" id="048df4e9-8d17-45c5-bf36-090974e1cf52">
      <Execution id="e74cb1a5-a594-43e3-add8-35bf1cb3e249" />
      <TestMethod codeBase="/home/adam/Dev/omega-spiral/chapter-zero/.godot/mono/temp/bin/Debug/chapter-zero.dll" adapterTypeName="executor://gdunit4.testadapter/" className="OmegaSpiral.Tests.Integration.Ui.OmegaUiTests" name="ShaderLayers_AreVisibleAndLayered" />
    </UnitTest>
    <UnitTest name="MenuFixture_NeverRendersOffscreen" storage="/home/adam/dev/omega-spiral/chapter-zero/.godot/mono/temp/bin/debug/chapter-zero.dll" id="caa85ef0-051c-4d0b-bd19-945d547a8a50">
      <Execution id="59280fda-8a8f-433e-bff4-83e6800c2c6a" />
      <TestMethod codeBase="/home/adam/Dev/omega-spiral/chapter-zero/.godot/mono/temp/bin/Debug/chapter-zero.dll" adapterTypeName="executor://gdunit4.testadapter/" className="OmegaSpiral.Tests.Integration.SceneLoadingAndViewportTests" name="MenuFixture_NeverRendersOffscreen" />
    </UnitTest>
    <UnitTest name="Title_IsVisible" storage="/home/adam/dev/omega-spiral/chapter-zero/.godot/mono/temp/bin/debug/chapter-zero.dll" id="40da7309-51bb-4dfb-976c-659f17738125">
      <Execution id="8e378595-4819-4a14-9bd4-0c6e7028cbe9" />
      <TestMethod codeBase="/home/adam/Dev/omega-spiral/chapter-zero/.godot/mono/temp/bin/Debug/chapter-zero.dll" adapterTypeName="executor://gdunit4.testadapter/" className="OmegaSpiral.Tests.Integration.Ui.Menus.MainMenuTests" name="Title_IsVisible" />
    </UnitTest>
    <UnitTest name="DreamweaverInfluenceChangedSignal_EmittedWhenInfluenceChanges_SignalReceived" storage="/home/adam/dev/omega-spiral/chapter-zero/.godot/mono/temp/bin/debug/chapter-zero.dll" id="a9bd1254-7a5c-44fc-baf3-02dc24b7163e">
      <Execution id="e9ed2e3b-2f12-4498-b62e-8a56318123aa" />
      <TestMethod codeBase="/home/adam/Dev/omega-spiral/chapter-zero/.godot/mono/temp/bin/Debug/chapter-zero.dll" adapterTypeName="executor://gdunit4.testadapter/" className="OmegaSpiral.Tests.Common.GameStateSignalTests" name="DreamweaverInfluenceChangedSignal_EmittedWhenInfluenceChanges_SignalReceived" />
    </UnitTest>
    <UnitTest name="PresentChoicesAsync_WithChoiceOptions_ReturnsSelectedIndex" storage="/home/adam/dev/omega-spiral/chapter-zero/.godot/mono/temp/bin/debug/chapter-zero.dll" id="e7eb7a5e-3c91-4a70-b3c4-7cdd2cd7a611">
      <Execution id="ff8189f9-645e-4ec2-8aa8-052c9c435b5a" />
      <TestMethod codeBase="/home/adam/Dev/omega-spiral/chapter-zero/.godot/mono/temp/bin/Debug/chapter-zero.dll" adapterTypeName="executor://gdunit4.testadapter/" className="OmegaSpiral.Tests.Unit.Common.Terminal.TerminalChoicePresenterTests" name="PresentChoicesAsync_WithChoiceOptions_ReturnsSelectedIndex" />
    </UnitTest>
    <UnitTest name="MenuMode_DefaultsToStandard" storage="/home/adam/dev/omega-spiral/chapter-zero/.godot/mono/temp/bin/debug/chapter-zero.dll" id="9d2e9445-d93b-4a77-8bdc-2eb6b4943924">
      <Execution id="7f1247dc-a629-4817-b7f3-323c0fb99760" />
      <TestMethod codeBase="/home/adam/Dev/omega-spiral/chapter-zero/.godot/mono/temp/bin/Debug/chapter-zero.dll" adapterTypeName="executor://gdunit4.testadapter/" className="OmegaSpiral.Tests.Integration.Ui.MenuUiTests" name="MenuMode_DefaultsToStandard" />
    </UnitTest>
    <UnitTest name="Initialization_EmitsCompletedSignal" storage="/home/adam/dev/omega-spiral/chapter-zero/.godot/mono/temp/bin/debug/chapter-zero.dll" id="62fe23ce-1c87-4c24-9094-db6983985ab6">
      <Execution id="885b7a34-3786-4a54-a5a7-edd15df62ed0" />
      <TestMethod codeBase="/home/adam/Dev/omega-spiral/chapter-zero/.godot/mono/temp/bin/Debug/chapter-zero.dll" adapterTypeName="executor://gdunit4.testadapter/" className="OmegaSpiral.Tests.Integration.Ui.OmegaUiTests" name="Initialization_EmitsCompletedSignal" />
    </UnitTest>
    <UnitTest name="UpdateCurrentSceneUpdatesIndexCorrectly" storage="/home/adam/dev/omega-spiral/chapter-zero/.godot/mono/temp/bin/debug/chapter-zero.dll" id="cc739285-051e-4c1c-9ae7-4b61bb1ede9a">
      <Execution id="37409c60-9590-4d1c-a8a7-1e05379c305f" />
      <TestMethod codeBase="/home/adam/Dev/omega-spiral/chapter-zero/.godot/mono/temp/bin/Debug/chapter-zero.dll" adapterTypeName="executor://gdunit4.testadapter/" className="OmegaSpiral.Tests.Unit.Common.SceneManagerTests" name="UpdateCurrentSceneUpdatesIndexCorrectly" />
    </UnitTest>
    <UnitTest name="TerminalFrame_ShouldBeCompletelyVisibleInViewport" storage="/home/adam/dev/omega-spiral/chapter-zero/.godot/mono/temp/bin/debug/chapter-zero.dll" id="67bba415-5c64-4f2c-bff1-2e6b61dd3bd0">
      <Execution id="91fbc425-9263-43ed-9006-92951d6b0beb" />
      <TestMethod codeBase="/home/adam/Dev/omega-spiral/chapter-zero/.godot/mono/temp/bin/Debug/chapter-zero.dll" adapterTypeName="executor://gdunit4.testadapter/" className="OmegaSpiral.Tests.Ui.Terminal.TerminalWindowFrameLayoutTests" name="TerminalFrame_ShouldBeCompletelyVisibleInViewport" />
    </UnitTest>
    <UnitTest name="PauseMenu_FocusesFirstButton" storage="/home/adam/dev/omega-spiral/chapter-zero/.godot/mono/temp/bin/debug/chapter-zero.dll" id="e90a2e47-744f-456e-908e-64c960637dc1">
      <Execution id="f56c39d8-07c8-4834-91f6-56ee3b5ef0cd" />
      <TestMethod codeBase="/home/adam/Dev/omega-spiral/chapter-zero/.godot/mono/temp/bin/Debug/chapter-zero.dll" adapterTypeName="executor://gdunit4.testadapter/" className="OmegaSpiral.Tests.Integration.Ui.PauseMenuTests" name="PauseMenu_FocusesFirstButton" />
    </UnitTest>
    <UnitTest name="CreditsMenu_HasTitle" storage="/home/adam/dev/omega-spiral/chapter-zero/.godot/mono/temp/bin/debug/chapter-zero.dll" id="e19db2c8-98ae-445e-8285-f6118d1cd4b4">
      <Execution id="af15d4ac-2d5b-4971-bf15-bf2be02620e0" />
      <TestMethod codeBase="/home/adam/Dev/omega-spiral/chapter-zero/.godot/mono/temp/bin/Debug/chapter-zero.dll" adapterTypeName="executor://gdunit4.testadapter/" className="OmegaSpiral.Tests.Integration.Ui.CreditsMenuTests" name="CreditsMenu_HasTitle" />
    </UnitTest>
    <UnitTest name="GethighestscoringdreamweaverHandlesties" storage="/home/adam/dev/omega-spiral/chapter-zero/.godot/mono/temp/bin/debug/chapter-zero.dll" id="7de8ee44-d015-4fba-93e6-7ad00b78c8a5">
      <Execution id="d3bc4d96-c72e-4393-b393-986c0b4a3ecb" />
      <TestMethod codeBase="/home/adam/Dev/omega-spiral/chapter-zero/.godot/mono/temp/bin/Debug/chapter-zero.dll" adapterTypeName="executor://gdunit4.testadapter/" className="OmegaSpiral.Tests.Unit.Common.GameStateTests" name="GethighestscoringdreamweaverHandlesties" />
    </UnitTest>
    <UnitTest name="PresentChoicesAsync_NullChoices_ThrowsArgumentNullException" storage="/home/adam/dev/omega-spiral/chapter-zero/.godot/mono/temp/bin/debug/chapter-zero.dll" id="b6605709-64c6-41b3-b37d-dee911142d5b">
      <Execution id="dcbbb8cc-f2d7-4374-98f5-c692ff622ae5" />
      <TestMethod codeBase="/home/adam/Dev/omega-spiral/chapter-zero/.godot/mono/temp/bin/Debug/chapter-zero.dll" adapterTypeName="executor://gdunit4.testadapter/" className="OmegaSpiral.Tests.Unit.Common.Terminal.TerminalChoicePresenterTests" name="PresentChoicesAsync_NullChoices_ThrowsArgumentNullException" />
    </UnitTest>
    <UnitTest name="ApplyVisualPresetAsync_GracefulFailureWhenControllerNull" storage="/home/adam/dev/omega-spiral/chapter-zero/.godot/mono/temp/bin/debug/chapter-zero.dll" id="4800d139-d261-4946-a180-deb00541e645">
      <Execution id="b9b5a23c-782e-4822-b950-57cb3ffc4ad3" />
      <TestMethod codeBase="/home/adam/Dev/omega-spiral/chapter-zero/.godot/mono/temp/bin/Debug/chapter-zero.dll" adapterTypeName="executor://gdunit4.testadapter/" className="OmegaSpiral.Tests.Unit.Ui.OmegaUi_UnitTests" name="ApplyVisualPresetAsync_GracefulFailureWhenControllerNull" />
    </UnitTest>
    <UnitTest name="PauseMenu_HasAllButtons" storage="/home/adam/dev/omega-spiral/chapter-zero/.godot/mono/temp/bin/debug/chapter-zero.dll" id="c9b8f693-86dc-43cf-90c0-8037995d6d6f">
      <Execution id="5ef32abe-f559-47ea-a685-fd13f2c08be9" />
      <TestMethod codeBase="/home/adam/Dev/omega-spiral/chapter-zero/.godot/mono/temp/bin/Debug/chapter-zero.dll" adapterTypeName="executor://gdunit4.testadapter/" className="OmegaSpiral.Tests.Integration.Ui.PauseMenuTests" name="PauseMenu_HasAllButtons" />
    </UnitTest>
    <UnitTest name="GlitchLayer_Exists" storage="/home/adam/dev/omega-spiral/chapter-zero/.godot/mono/temp/bin/debug/chapter-zero.dll" id="48a819e7-f522-41b2-847e-d2228ec845d7">
      <Execution id="e06c7dcd-62a3-44a7-a995-5945a4d9d038" />
      <TestMethod codeBase="/home/adam/Dev/omega-spiral/chapter-zero/.godot/mono/temp/bin/Debug/chapter-zero.dll" adapterTypeName="executor://gdunit4.testadapter/" className="OmegaSpiral.Tests.Integration.Ui.OmegaUiTests" name="GlitchLayer_Exists" />
    </UnitTest>
    <UnitTest name="PresentChoicesAsync_EmptyChoices_ThrowsArgumentException" storage="/home/adam/dev/omega-spiral/chapter-zero/.godot/mono/temp/bin/debug/chapter-zero.dll" id="7d463adf-90fb-4f96-abb4-6fae309dac66">
      <Execution id="94fc0c23-16fb-42cf-a250-7267f1cb051a" />
      <TestMethod codeBase="/home/adam/Dev/omega-spiral/chapter-zero/.godot/mono/temp/bin/Debug/chapter-zero.dll" adapterTypeName="executor://gdunit4.testadapter/" className="OmegaSpiral.Tests.Unit.Common.Terminal.TerminalChoicePresenterTests" name="PresentChoicesAsync_EmptyChoices_ThrowsArgumentException" />
    </UnitTest>
    <UnitTest name="GetFocusedButton_ReturnsCorrectButton" storage="/home/adam/dev/omega-spiral/chapter-zero/.godot/mono/temp/bin/debug/chapter-zero.dll" id="3e65bad0-1dfe-4a8f-b282-2a134f6fca7f">
      <Execution id="4cbc4bea-f79c-4378-b25e-0ab8536f0607" />
      <TestMethod codeBase="/home/adam/Dev/omega-spiral/chapter-zero/.godot/mono/temp/bin/Debug/chapter-zero.dll" adapterTypeName="executor://gdunit4.testadapter/" className="OmegaSpiral.Tests.Integration.Ui.MenuUiTests" name="GetFocusedButton_ReturnsCorrectButton" />
    </UnitTest>
    <UnitTest name="CharacterPartyChangedSignal_EmittedWhenPartyChanges_SignalReceived" storage="/home/adam/dev/omega-spiral/chapter-zero/.godot/mono/temp/bin/debug/chapter-zero.dll" id="287f0a3f-c6b3-4192-a418-679460e0a9e5">
      <Execution id="65effef7-6c9c-4de3-8faf-f93e719823a9" />
      <TestMethod codeBase="/home/adam/Dev/omega-spiral/chapter-zero/.godot/mono/temp/bin/Debug/chapter-zero.dll" adapterTypeName="executor://gdunit4.testadapter/" className="OmegaSpiral.Tests.Common.GameStateSignalTests" name="CharacterPartyChangedSignal_EmittedWhenPartyChanges_SignalReceived" />
    </UnitTest>
    <UnitTest name="StageButton_Click_TriggersNavigation" storage="/home/adam/dev/omega-spiral/chapter-zero/.godot/mono/temp/bin/debug/chapter-zero.dll" id="10dbfd72-fb33-4bb3-9d2a-e6698c0cdb1a">
      <Execution id="0ba809fe-0083-4b57-8e29-9216926a0d68" />
      <TestMethod codeBase="/home/adam/Dev/omega-spiral/chapter-zero/.godot/mono/temp/bin/Debug/chapter-zero.dll" adapterTypeName="executor://gdunit4.testadapter/" className="OmegaSpiral.Tests.Integration.Ui.Menus.MainMenuTests" name="StageButton_Click_TriggersNavigation" />
    </UnitTest>
    <UnitTest name="PlayerProgressionChangedSignal_EmittedWhenMilestoneReached_SignalReceived" storage="/home/adam/dev/omega-spiral/chapter-zero/.godot/mono/temp/bin/debug/chapter-zero.dll" id="2f7f2b6b-ef30-4dc7-b3b8-a142cd5e2478">
      <Execution id="68ec1119-68d3-42f6-ab0c-1ba6a239eec1" />
      <TestMethod codeBase="/home/adam/Dev/omega-spiral/chapter-zero/.godot/mono/temp/bin/Debug/chapter-zero.dll" adapterTypeName="executor://gdunit4.testadapter/" className="OmegaSpiral.Tests.Common.GameStateSignalTests" name="PlayerProgressionChangedSignal_EmittedWhenMilestoneReached_SignalReceived" />
    </UnitTest>
    <UnitTest name="Labels_InCorrectContainers" storage="/home/adam/dev/omega-spiral/chapter-zero/.godot/mono/temp/bin/debug/chapter-zero.dll" id="11d6ada8-e5d8-4c4c-99e0-c46242fb4c1a">
      <Execution id="8bb1b579-d850-49bd-afa6-bf7a9c147215" />
      <TestMethod codeBase="/home/adam/Dev/omega-spiral/chapter-zero/.godot/mono/temp/bin/Debug/chapter-zero.dll" adapterTypeName="executor://gdunit4.testadapter/" className="OmegaSpiral.Tests.Integration.Ui.Menus.MainMenuTests" name="Labels_InCorrectContainers" />
    </UnitTest>
    <UnitTest name="CreditsMenu_HasScrollContainer" storage="/home/adam/dev/omega-spiral/chapter-zero/.godot/mono/temp/bin/debug/chapter-zero.dll" id="9f330bc9-bf3f-4947-9720-a8b3a811e6e2">
      <Execution id="a4d85778-801c-449b-9cb3-ed25373cd0c7" />
      <TestMethod codeBase="/home/adam/Dev/omega-spiral/chapter-zero/.godot/mono/temp/bin/Debug/chapter-zero.dll" adapterTypeName="executor://gdunit4.testadapter/" className="OmegaSpiral.Tests.Integration.Ui.CreditsMenuTests" name="CreditsMenu_HasScrollContainer" />
    </UnitTest>
    <UnitTest name="AppendTextAsync_DelegatesToTextRenderer" storage="/home/adam/dev/omega-spiral/chapter-zero/.godot/mono/temp/bin/debug/chapter-zero.dll" id="4285828a-1743-4b55-be4b-bb93922c5bb2">
      <Execution id="04323020-e7c8-4455-ad8f-369c161bfd51" />
      <TestMethod codeBase="/home/adam/Dev/omega-spiral/chapter-zero/.godot/mono/temp/bin/Debug/chapter-zero.dll" adapterTypeName="executor://gdunit4.testadapter/" className="OmegaSpiral.Tests.Unit.Ui.OmegaUi_UnitTests" name="AppendTextAsync_DelegatesToTextRenderer" />
    </UnitTest>
    <UnitTest name="GetCurrentShaderMaterial_NoShaderApplied_ReturnsNull" storage="/home/adam/dev/omega-spiral/chapter-zero/.godot/mono/temp/bin/debug/chapter-zero.dll" id="5719ba57-423e-4244-aca9-432278cc1d3e">
      <Execution id="0adea8ce-c4ca-4d3a-98d8-53e8326f1915" />
      <TestMethod codeBase="/home/adam/Dev/omega-spiral/chapter-zero/.godot/mono/temp/bin/Debug/chapter-zero.dll" adapterTypeName="executor://gdunit4.testadapter/" className="OmegaSpiral.Tests.Unit.Common.Terminal.TerminalShaderControllerTests" name="GetCurrentShaderMaterial_NoShaderApplied_ReturnsNull" />
    </UnitTest>
    <UnitTest name="Description_IsVisible" storage="/home/adam/dev/omega-spiral/chapter-zero/.godot/mono/temp/bin/debug/chapter-zero.dll" id="21a8a002-8964-45aa-8853-2057d79a76cf">
      <Execution id="1851ddab-73ea-401e-88f4-7f15eb62801a" />
      <TestMethod codeBase="/home/adam/Dev/omega-spiral/chapter-zero/.godot/mono/temp/bin/Debug/chapter-zero.dll" adapterTypeName="executor://gdunit4.testadapter/" className="OmegaSpiral.Tests.Integration.Ui.Menus.MainMenuTests" name="Description_IsVisible" />
    </UnitTest>
    <UnitTest name="AreChoicesVisible_Initially_ReturnsFalse" storage="/home/adam/dev/omega-spiral/chapter-zero/.godot/mono/temp/bin/debug/chapter-zero.dll" id="bdb9783f-a60b-404f-8756-221fd69e1f1f">
      <Execution id="cf17c2bc-9f1c-4568-9108-eb9c0888d555" />
      <TestMethod codeBase="/home/adam/Dev/omega-spiral/chapter-zero/.godot/mono/temp/bin/Debug/chapter-zero.dll" adapterTypeName="executor://gdunit4.testadapter/" className="OmegaSpiral.Tests.Unit.Common.Terminal.TerminalChoicePresenterTests" name="AreChoicesVisible_Initially_ReturnsFalse" />
    </UnitTest>
    <UnitTest name="Header_ExistsWithTitleAndIndicators" storage="/home/adam/dev/omega-spiral/chapter-zero/.godot/mono/temp/bin/debug/chapter-zero.dll" id="785a16f4-b6a1-4886-9331-d6a7172a9674">
      <Execution id="0203b25b-e90a-4adc-bfb7-a2d7fe096ddf" />
      <TestMethod codeBase="/home/adam/Dev/omega-spiral/chapter-zero/.godot/mono/temp/bin/Debug/chapter-zero.dll" adapterTypeName="executor://gdunit4.testadapter/" className="OmegaSpiral.Tests.Ui.Terminal.TerminalWindowFrameLayoutTests" name="Header_ExistsWithTitleAndIndicators" />
    </UnitTest>
    <UnitTest name="AppendTextAsync_WithDelay_DelaysBeforeStarting" storage="/home/adam/dev/omega-spiral/chapter-zero/.godot/mono/temp/bin/debug/chapter-zero.dll" id="58aaf37e-43d3-4676-9087-a047af02e3a8">
      <Execution id="44bac8e0-576a-419d-a426-5fc7338876af" />
      <TestMethod codeBase="/home/adam/Dev/omega-spiral/chapter-zero/.godot/mono/temp/bin/Debug/chapter-zero.dll" adapterTypeName="executor://gdunit4.testadapter/" className="OmegaSpiral.Tests.Unit.Common.Terminal.TerminalTextRendererTests" name="AppendTextAsync_WithDelay_DelaysBeforeStarting" />
    </UnitTest>
    <UnitTest name="TerminalWindow_SupportsVariousMinimumSizes:0 (400, 300)" storage="/home/adam/dev/omega-spiral/chapter-zero/.godot/mono/temp/bin/debug/chapter-zero.dll" id="f9c01979-321e-4940-a214-7b8abd486f86">
      <Execution id="603b2669-2358-42a0-99c4-342bb6dba20a" />
      <TestMethod codeBase="/home/adam/Dev/omega-spiral/chapter-zero/.godot/mono/temp/bin/Debug/chapter-zero.dll" adapterTypeName="executor://gdunit4.testadapter/" className="TerminalWindowTestsNew.TerminalWindow_SupportsVariousMinimumSizes" name="TerminalWindow_SupportsVariousMinimumSizes:0 (400, 300)" />
    </UnitTest>
    <UnitTest name="ScanlineLayer_Exists" storage="/home/adam/dev/omega-spiral/chapter-zero/.godot/mono/temp/bin/debug/chapter-zero.dll" id="8d60aedc-a649-4d7e-a2f7-94779a8bee7a">
      <Execution id="09de0572-e384-4631-b139-5243f3884349" />
      <TestMethod codeBase="/home/adam/Dev/omega-spiral/chapter-zero/.godot/mono/temp/bin/Debug/chapter-zero.dll" adapterTypeName="executor://gdunit4.testadapter/" className="OmegaSpiral.Tests.Integration.Ui.OmegaUiTests" name="ScanlineLayer_Exists" />
    </UnitTest>
    <UnitTest name="Scene_HasValidDimensions" storage="/home/adam/dev/omega-spiral/chapter-zero/.godot/mono/temp/bin/debug/chapter-zero.dll" id="81afce74-817b-42ac-94a2-86a991a715df">
      <Execution id="de9ba061-1676-4b57-9ebb-64eb0830aff0" />
      <TestMethod codeBase="/home/adam/Dev/omega-spiral/chapter-zero/.godot/mono/temp/bin/Debug/chapter-zero.dll" adapterTypeName="executor://gdunit4.testadapter/" className="OmegaSpiral.Tests.Integration.SceneLoadingAndViewportTests" name="Scene_HasValidDimensions" />
    </UnitTest>
    <UnitTest name="ApplyVisualPresetAsync_GlitchPreset_AppliesCorrectShader" storage="/home/adam/dev/omega-spiral/chapter-zero/.godot/mono/temp/bin/debug/chapter-zero.dll" id="cf64f248-594e-4c3f-941d-5bef01c5de48">
      <Execution id="1cf56141-41b9-42a3-8a95-75b33adbd3af" />
      <TestMethod codeBase="/home/adam/Dev/omega-spiral/chapter-zero/.godot/mono/temp/bin/Debug/chapter-zero.dll" adapterTypeName="executor://gdunit4.testadapter/" className="OmegaSpiral.Tests.Unit.Common.Terminal.TerminalShaderControllerTests" name="ApplyVisualPresetAsync_GlitchPreset_AppliesCorrectShader" />
    </UnitTest>
    <UnitTest name="CreditsMenu_CanShowAndHide" storage="/home/adam/dev/omega-spiral/chapter-zero/.godot/mono/temp/bin/debug/chapter-zero.dll" id="e97904f8-5f03-4e4b-8644-bac2dcd6aa0d">
      <Execution id="9bf5f2e7-056a-47d4-9cb4-a7ec81139110" />
      <TestMethod codeBase="/home/adam/Dev/omega-spiral/chapter-zero/.godot/mono/temp/bin/Debug/chapter-zero.dll" adapterTypeName="executor://gdunit4.testadapter/" className="OmegaSpiral.Tests.Integration.Ui.CreditsMenuTests" name="CreditsMenu_CanShowAndHide" />
    </UnitTest>
    <UnitTest name="ButtonContainer_Exists" storage="/home/adam/dev/omega-spiral/chapter-zero/.godot/mono/temp/bin/debug/chapter-zero.dll" id="be055c64-2af3-48bb-84e5-ac4ce71b813a">
      <Execution id="8181a1a4-45f7-4081-99da-c954007ec283" />
      <TestMethod codeBase="/home/adam/Dev/omega-spiral/chapter-zero/.godot/mono/temp/bin/Debug/chapter-zero.dll" adapterTypeName="executor://gdunit4.testadapter/" className="OmegaSpiral.Tests.Integration.Ui.MenuUiTests" name="ButtonContainer_Exists" />
    </UnitTest>
    <UnitTest name="ConstructorInitializeswithzeroscores" storage="/home/adam/dev/omega-spiral/chapter-zero/.godot/mono/temp/bin/debug/chapter-zero.dll" id="438c8dde-7679-4f81-b2f5-4fca0f9e2b5a">
      <Execution id="8c435202-c66c-45d7-9a71-fd50e90ffbc7" />
      <TestMethod codeBase="/home/adam/Dev/omega-spiral/chapter-zero/.godot/mono/temp/bin/Debug/chapter-zero.dll" adapterTypeName="executor://gdunit4.testadapter/" className="OmegaSpiral.Tests.Unit.Common.GameStateTests" name="ConstructorInitializeswithzeroscores" />
    </UnitTest>
    <UnitTest name="ContentContainer_Exists" storage="/home/adam/dev/omega-spiral/chapter-zero/.godot/mono/temp/bin/debug/chapter-zero.dll" id="fe0a8e7f-1c5f-4833-ac2e-388d877ebdfd">
      <Execution id="061a182e-1db3-4b78-9be2-aa846189b372" />
      <TestMethod codeBase="/home/adam/Dev/omega-spiral/chapter-zero/.godot/mono/temp/bin/Debug/chapter-zero.dll" adapterTypeName="executor://gdunit4.testadapter/" className="OmegaSpiral.Tests.Integration.Ui.OmegaUiTests" name="ContentContainer_Exists" />
    </UnitTest>
    <UnitTest name="SetPlayerNameStoresValueCorrectly" storage="/home/adam/dev/omega-spiral/chapter-zero/.godot/mono/temp/bin/debug/chapter-zero.dll" id="aef02711-6d36-4a84-b9c7-caeca0ef2c6d">
      <Execution id="63e2f760-577f-42e0-9c6e-f0b400bcf97e" />
      <TestMethod codeBase="/home/adam/Dev/omega-spiral/chapter-zero/.godot/mono/temp/bin/Debug/chapter-zero.dll" adapterTypeName="executor://gdunit4.testadapter/" className="OmegaSpiral.Tests.Unit.Common.SceneManagerTests" name="SetPlayerNameStoresValueCorrectly" />
    </UnitTest>
    <UnitTest name="TextDisplay_HasBBCodeEnabled" storage="/home/adam/dev/omega-spiral/chapter-zero/.godot/mono/temp/bin/debug/chapter-zero.dll" id="d0526b07-a327-4a32-a224-93df1afbf89f">
      <Execution id="6aebe1d5-4bb4-4ea5-ab86-f2c4c73e382a" />
      <TestMethod codeBase="/home/adam/Dev/omega-spiral/chapter-zero/.godot/mono/temp/bin/Debug/chapter-zero.dll" adapterTypeName="executor://gdunit4.testadapter/" className="OmegaSpiral.Tests.Integration.Ui.OmegaUiTests" name="TextDisplay_HasBBCodeEnabled" />
    </UnitTest>
    <UnitTest name="AppendTextAsync_CustomTypingSpeed_AppendsTextCorrectly" storage="/home/adam/dev/omega-spiral/chapter-zero/.godot/mono/temp/bin/debug/chapter-zero.dll" id="d87577aa-31e0-4546-8696-79344f1d7e33">
      <Execution id="ebfe5085-8efa-4a05-8a0f-3bb24f552de1" />
      <TestMethod codeBase="/home/adam/Dev/omega-spiral/chapter-zero/.godot/mono/temp/bin/Debug/chapter-zero.dll" adapterTypeName="executor://gdunit4.testadapter/" className="OmegaSpiral.Tests.Unit.Common.Terminal.TerminalTextRendererTests" name="AppendTextAsync_CustomTypingSpeed_AppendsTextCorrectly" />
    </UnitTest>
    <UnitTest name="PresentChoicesAsync_NullChoiceOptions_ThrowsArgumentNullException" storage="/home/adam/dev/omega-spiral/chapter-zero/.godot/mono/temp/bin/debug/chapter-zero.dll" id="a62115f3-6f35-4237-9935-6d7e10addbcc">
      <Execution id="4e03b8bc-1a0e-43e2-a8ec-c15a60030167" />
      <TestMethod codeBase="/home/adam/Dev/omega-spiral/chapter-zero/.godot/mono/temp/bin/Debug/chapter-zero.dll" adapterTypeName="executor://gdunit4.testadapter/" className="OmegaSpiral.Tests.Unit.Common.Terminal.TerminalChoicePresenterTests" name="PresentChoicesAsync_NullChoiceOptions_ThrowsArgumentNullException" />
    </UnitTest>
    <UnitTest name="Constructor_WithValidDisplay_InitializesCorrectly" storage="/home/adam/dev/omega-spiral/chapter-zero/.godot/mono/temp/bin/debug/chapter-zero.dll" id="c0caf962-23fa-4bf9-a842-aced24428719">
      <Execution id="6a073c3b-fe99-4389-b812-75772345dc1e" />
      <TestMethod codeBase="/home/adam/Dev/omega-spiral/chapter-zero/.godot/mono/temp/bin/Debug/chapter-zero.dll" adapterTypeName="executor://gdunit4.testadapter/" className="OmegaSpiral.Tests.Unit.Common.Terminal.TerminalShaderControllerTests" name="Constructor_WithValidDisplay_InitializesCorrectly" />
    </UnitTest>
    <UnitTest name="TerminalFrame_ShouldBeCenteredHorizontally" storage="/home/adam/dev/omega-spiral/chapter-zero/.godot/mono/temp/bin/debug/chapter-zero.dll" id="1c5aabf0-63e0-444f-9fe3-be0e2cfb4053">
      <Execution id="1fa2a7ca-cace-4f6a-86bc-b54a465899b3" />
      <TestMethod codeBase="/home/adam/Dev/omega-spiral/chapter-zero/.godot/mono/temp/bin/Debug/chapter-zero.dll" adapterTypeName="executor://gdunit4.testadapter/" className="OmegaSpiral.Tests.Ui.Terminal.TerminalWindowFrameLayoutTests" name="TerminalFrame_ShouldBeCenteredHorizontally" />
    </UnitTest>
    <UnitTest name="UpdatedreamweaverscoreAddspointscorrectly" storage="/home/adam/dev/omega-spiral/chapter-zero/.godot/mono/temp/bin/debug/chapter-zero.dll" id="0204db3a-300d-4af3-8180-a0cb419e56cc">
      <Execution id="2e875e9f-36d2-4167-b662-879e0bac4903" />
      <TestMethod codeBase="/home/adam/Dev/omega-spiral/chapter-zero/.godot/mono/temp/bin/Debug/chapter-zero.dll" adapterTypeName="executor://gdunit4.testadapter/" className="OmegaSpiral.Tests.Unit.Common.GameStateTests" name="UpdatedreamweaverscoreAddspointscorrectly" />
    </UnitTest>
    <UnitTest name="InheritsFromMenuUI" storage="/home/adam/dev/omega-spiral/chapter-zero/.godot/mono/temp/bin/debug/chapter-zero.dll" id="39e0d760-20b8-485a-aded-11fd5532a4f0">
      <Execution id="500ee26b-d1d9-4196-9238-e113d5581f2f" />
      <TestMethod codeBase="/home/adam/Dev/omega-spiral/chapter-zero/.godot/mono/temp/bin/Debug/chapter-zero.dll" adapterTypeName="executor://gdunit4.testadapter/" className="OmegaSpiral.Tests.Integration.Ui.Menus.MainMenuTests" name="InheritsFromMenuUI" />
    </UnitTest>
    <UnitTest name="FocusFirstButton_WorksCorrectly" storage="/home/adam/dev/omega-spiral/chapter-zero/.godot/mono/temp/bin/debug/chapter-zero.dll" id="c28d303d-38cf-4e25-a423-999c343cfc89">
      <Execution id="92903c03-fda3-443a-811f-d5afb36bb620" />
      <TestMethod codeBase="/home/adam/Dev/omega-spiral/chapter-zero/.godot/mono/temp/bin/Debug/chapter-zero.dll" adapterTypeName="executor://gdunit4.testadapter/" className="OmegaSpiral.Tests.Integration.Ui.MenuUiTests" name="FocusFirstButton_WorksCorrectly" />
    </UnitTest>
    <UnitTest name="Constructor_WithValidTextDisplay_InitializesCorrectly" storage="/home/adam/dev/omega-spiral/chapter-zero/.godot/mono/temp/bin/debug/chapter-zero.dll" id="4ea6a1b6-e8d6-4b20-9a36-9af95390cf08">
      <Execution id="d9ba6868-2fe3-4ff9-a465-94aa4a5fc49a" />
      <TestMethod codeBase="/home/adam/Dev/omega-spiral/chapter-zero/.godot/mono/temp/bin/Debug/chapter-zero.dll" adapterTypeName="executor://gdunit4.testadapter/" className="OmegaSpiral.Tests.Unit.Common.Terminal.TerminalTextRendererTests" name="Constructor_WithValidTextDisplay_InitializesCorrectly" />
    </UnitTest>
    <UnitTest name="HideChoices_AfterPresentingChoices_RemovesFromDisplay" storage="/home/adam/dev/omega-spiral/chapter-zero/.godot/mono/temp/bin/debug/chapter-zero.dll" id="26699eb8-8a18-4a19-b15c-07c4c935881a">
      <Execution id="cf0e88fb-d6d9-4727-910c-c152e158931f" />
      <TestMethod codeBase="/home/adam/Dev/omega-spiral/chapter-zero/.godot/mono/temp/bin/Debug/chapter-zero.dll" adapterTypeName="executor://gdunit4.testadapter/" className="OmegaSpiral.Tests.Unit.Common.Terminal.TerminalChoicePresenterTests" name="HideChoices_AfterPresentingChoices_RemovesFromDisplay" />
    </UnitTest>
    <UnitTest name="ScrollToBottom_AfterAddingText_ScrollsCorrectly" storage="/home/adam/dev/omega-spiral/chapter-zero/.godot/mono/temp/bin/debug/chapter-zero.dll" id="59c9b782-aacb-4a66-bdd9-7cb97c8023c1">
      <Execution id="6065bd40-737b-4e39-8b00-9f49abd63b7c" />
      <TestMethod codeBase="/home/adam/Dev/omega-spiral/chapter-zero/.godot/mono/temp/bin/Debug/chapter-zero.dll" adapterTypeName="executor://gdunit4.testadapter/" className="OmegaSpiral.Tests.Unit.Common.Terminal.TerminalTextRendererTests" name="ScrollToBottom_AfterAddingText_ScrollsCorrectly" />
    </UnitTest>
    <UnitTest name="Constructor_WithNullTextDisplay_ThrowsArgumentNullException" storage="/home/adam/dev/omega-spiral/chapter-zero/.godot/mono/temp/bin/debug/chapter-zero.dll" id="f5cdea7e-1f1a-4fb3-bb39-b3e0dc22610e">
      <Execution id="2f9aca2e-9ef1-4ce2-b140-8ca60d454c15" />
      <TestMethod codeBase="/home/adam/Dev/omega-spiral/chapter-zero/.godot/mono/temp/bin/Debug/chapter-zero.dll" adapterTypeName="executor://gdunit4.testadapter/" className="OmegaSpiral.Tests.Unit.Common.Terminal.TerminalTextRendererTests" name="Constructor_WithNullTextDisplay_ThrowsArgumentNullException" />
    </UnitTest>
    <UnitTest name="TerminalWindow_CanStoreCustomData" storage="/home/adam/dev/omega-spiral/chapter-zero/.godot/mono/temp/bin/debug/chapter-zero.dll" id="6d1c79ee-2752-42d1-ba93-0ca10b3c86ed">
      <Execution id="33af6764-c764-41c8-8d8f-cdb436fc3bb4" />
      <TestMethod codeBase="/home/adam/Dev/omega-spiral/chapter-zero/.godot/mono/temp/bin/Debug/chapter-zero.dll" adapterTypeName="executor://gdunit4.testadapter/" className="TerminalWindowTestsNew" name="TerminalWindow_CanStoreCustomData" />
    </UnitTest>
    <UnitTest name="ScanlineLayerPath_HasDefault" storage="/home/adam/dev/omega-spiral/chapter-zero/.godot/mono/temp/bin/debug/chapter-zero.dll" id="9f48434e-b477-4781-b5de-7e86ea5cac11">
      <Execution id="e9f470ea-49c9-4538-af0d-9d8b2d2e9363" />
      <TestMethod codeBase="/home/adam/Dev/omega-spiral/chapter-zero/.godot/mono/temp/bin/Debug/chapter-zero.dll" adapterTypeName="executor://gdunit4.testadapter/" className="OmegaSpiral.Tests.Integration.Ui.OmegaUiTests" name="ScanlineLayerPath_HasDefault" />
    </UnitTest>
    <UnitTest name="Components_InitializeWithoutConflicts" storage="/home/adam/dev/omega-spiral/chapter-zero/.godot/mono/temp/bin/debug/chapter-zero.dll" id="1e2ca2aa-1bf1-4fc8-9bea-9822d333bc3e">
      <Execution id="a1bb7be7-86fa-4869-aac4-3096147cfc8f" />
      <TestMethod codeBase="/home/adam/Dev/omega-spiral/chapter-zero/.godot/mono/temp/bin/Debug/chapter-zero.dll" adapterTypeName="executor://gdunit4.testadapter/" className="OmegaSpiral.Tests.Integration.Common.TerminalIntegrationTests" name="Components_InitializeWithoutConflicts" />
    </UnitTest>
    <UnitTest name="TerminalWindow_InitializesSuccessfully" storage="/home/adam/dev/omega-spiral/chapter-zero/.godot/mono/temp/bin/debug/chapter-zero.dll" id="a08b3c37-3224-40e1-ad5a-b14c5a01fd94">
      <Execution id="e6359304-5812-4fc0-9509-b97a63571143" />
      <TestMethod codeBase="/home/adam/Dev/omega-spiral/chapter-zero/.godot/mono/temp/bin/Debug/chapter-zero.dll" adapterTypeName="executor://gdunit4.testadapter/" className="TerminalWindowTestsNew" name="TerminalWindow_InitializesSuccessfully" />
    </UnitTest>
    <UnitTest name="StageButtons_HaveCorrectText" storage="/home/adam/dev/omega-spiral/chapter-zero/.godot/mono/temp/bin/debug/chapter-zero.dll" id="c3ce54d8-b069-4013-8051-650940683b9c">
      <Execution id="3111dc90-da7f-489e-8c67-baf11cff94c5" />
      <TestMethod codeBase="/home/adam/Dev/omega-spiral/chapter-zero/.godot/mono/temp/bin/Debug/chapter-zero.dll" adapterTypeName="executor://gdunit4.testadapter/" className="OmegaSpiral.Tests.Integration.Ui.Menus.MainMenuTests" name="StageButtons_HaveCorrectText" />
    </UnitTest>
    <UnitTest name="AnyScene_LoadsWithinViewportBounds" storage="/home/adam/dev/omega-spiral/chapter-zero/.godot/mono/temp/bin/debug/chapter-zero.dll" id="a145e83f-c127-43c8-aab8-2599b060cab4">
      <Execution id="5a484694-71ef-4abe-898c-865b7b6ecfa7" />
      <TestMethod codeBase="/home/adam/Dev/omega-spiral/chapter-zero/.godot/mono/temp/bin/Debug/chapter-zero.dll" adapterTypeName="executor://gdunit4.testadapter/" className="OmegaSpiral.Tests.Integration.SceneLoadingAndViewportTests" name="AnyScene_LoadsWithinViewportBounds" />
    </UnitTest>
    <UnitTest name="CreditsMenu_StartsScrollingWhenShown" storage="/home/adam/dev/omega-spiral/chapter-zero/.godot/mono/temp/bin/debug/chapter-zero.dll" id="158a51fc-547c-492c-9ab4-efa8d309d118">
      <Execution id="8bd8e672-186c-4adf-b61a-1b910d527640" />
      <TestMethod codeBase="/home/adam/Dev/omega-spiral/chapter-zero/.godot/mono/temp/bin/Debug/chapter-zero.dll" adapterTypeName="executor://gdunit4.testadapter/" className="OmegaSpiral.Tests.Integration.Ui.CreditsMenuTests" name="CreditsMenu_StartsScrollingWhenShown" />
    </UnitTest>
    <UnitTest name="TerminalWindow_AnchorsAndMarginsWork" storage="/home/adam/dev/omega-spiral/chapter-zero/.godot/mono/temp/bin/debug/chapter-zero.dll" id="d0de3826-2f15-4208-87df-3734fa2f8963">
      <Execution id="e4a3628b-9da8-49be-9ba0-2327bbcac2b1" />
      <TestMethod codeBase="/home/adam/Dev/omega-spiral/chapter-zero/.godot/mono/temp/bin/Debug/chapter-zero.dll" adapterTypeName="executor://gdunit4.testadapter/" className="TerminalWindowTestsNew" name="TerminalWindow_AnchorsAndMarginsWork" />
    </UnitTest>
    <UnitTest name="TerminalWindow_CanSetSize" storage="/home/adam/dev/omega-spiral/chapter-zero/.godot/mono/temp/bin/debug/chapter-zero.dll" id="0d4b201e-dab2-4b7d-a97f-6846414e575b">
      <Execution id="413474a0-ade8-45b3-8c08-95afed7e7584" />
      <TestMethod codeBase="/home/adam/Dev/omega-spiral/chapter-zero/.godot/mono/temp/bin/Debug/chapter-zero.dll" adapterTypeName="executor://gdunit4.testadapter/" className="TerminalWindowTestsNew" name="TerminalWindow_CanSetSize" />
    </UnitTest>
    <UnitTest name="TerminalWindow_IsProperlyParentedInScene" storage="/home/adam/dev/omega-spiral/chapter-zero/.godot/mono/temp/bin/debug/chapter-zero.dll" id="86e6b017-679c-4159-9a5e-29cadad6bad5">
      <Execution id="4100b183-188b-4f9d-97d3-49f801ab73c3" />
      <TestMethod codeBase="/home/adam/Dev/omega-spiral/chapter-zero/.godot/mono/temp/bin/Debug/chapter-zero.dll" adapterTypeName="executor://gdunit4.testadapter/" className="TerminalWindowTestsNew" name="TerminalWindow_IsProperlyParentedInScene" />
    </UnitTest>
    <UnitTest name="ShaderController_IsCreated" storage="/home/adam/dev/omega-spiral/chapter-zero/.godot/mono/temp/bin/debug/chapter-zero.dll" id="25e8215d-d931-40a4-a0e8-28b11a687663">
      <Execution id="e67f9b4d-8d7d-4d25-a1dd-ce0cf13c95e1" />
      <TestMethod codeBase="/home/adam/Dev/omega-spiral/chapter-zero/.godot/mono/temp/bin/Debug/chapter-zero.dll" adapterTypeName="executor://gdunit4.testadapter/" className="OmegaSpiral.Tests.Integration.Ui.OmegaUiTests" name="ShaderController_IsCreated" />
    </UnitTest>
    <UnitTest name="PixelDissolveAsync_DefaultDuration_CompletesSuccessfully" storage="/home/adam/dev/omega-spiral/chapter-zero/.godot/mono/temp/bin/debug/chapter-zero.dll" id="dd2b3bb1-178c-4557-abbd-4b9f77cf66a0">
      <Execution id="9460e502-1697-4cdd-8ec5-aecefc5a4436" />
      <TestMethod codeBase="/home/adam/Dev/omega-spiral/chapter-zero/.godot/mono/temp/bin/Debug/chapter-zero.dll" adapterTypeName="executor://gdunit4.testadapter/" className="OmegaSpiral.Tests.Unit.Common.Terminal.TerminalShaderControllerTests" name="PixelDissolveAsync_DefaultDuration_CompletesSuccessfully" />
    </UnitTest>
    <UnitTest name="ChoiceContainer_StartsInvisible" storage="/home/adam/dev/omega-spiral/chapter-zero/.godot/mono/temp/bin/debug/chapter-zero.dll" id="a1b5fff2-056e-4ca9-a568-9ea5561e531c">
      <Execution id="7312a93e-f1bf-4bec-9c05-a577cc7adddd" />
      <TestMethod codeBase="/home/adam/Dev/omega-spiral/chapter-zero/.godot/mono/temp/bin/Debug/chapter-zero.dll" adapterTypeName="executor://gdunit4.testadapter/" className="OmegaSpiral.Tests.Integration.Ui.TerminalUITests" name="ChoiceContainer_StartsInvisible" />
    </UnitTest>
    <UnitTest name="Dispose_CalledTwice_OnlyExecutesOnce" storage="/home/adam/dev/omega-spiral/chapter-zero/.godot/mono/temp/bin/debug/chapter-zero.dll" id="540495d7-a853-4c69-a5f6-5b8955472ecc">
      <Execution id="69c49578-4cf4-4eec-9c7c-1ef39c5ffa56" />
      <TestMethod codeBase="/home/adam/Dev/omega-spiral/chapter-zero/.godot/mono/temp/bin/Debug/chapter-zero.dll" adapterTypeName="executor://gdunit4.testadapter/" className="OmegaSpiral.Tests.Unit.Ui.OmegaUi_UnitTests" name="Dispose_CalledTwice_OnlyExecutesOnce" />
    </UnitTest>
    <UnitTest name="Background_IsVisibleAndBehind" storage="/home/adam/dev/omega-spiral/chapter-zero/.godot/mono/temp/bin/debug/chapter-zero.dll" id="b844631e-9c69-49db-822a-6758c75ee2e1">
      <Execution id="c086dea7-99bb-46af-87d1-e7f46720589c" />
      <TestMethod codeBase="/home/adam/Dev/omega-spiral/chapter-zero/.godot/mono/temp/bin/Debug/chapter-zero.dll" adapterTypeName="executor://gdunit4.testadapter/" className="OmegaSpiral.Tests.Integration.Ui.OmegaUiTests" name="Background_IsVisibleAndBehind" />
    </UnitTest>
    <UnitTest name="Constructor_WithNullDisplay_ThrowsArgumentNullException" storage="/home/adam/dev/omega-spiral/chapter-zero/.godot/mono/temp/bin/debug/chapter-zero.dll" id="2b73e095-a7f6-4071-b083-82f2560984b1">
      <Execution id="c1f3173f-3140-4cba-aa46-7b61804e2e86" />
      <TestMethod codeBase="/home/adam/Dev/omega-spiral/chapter-zero/.godot/mono/temp/bin/Debug/chapter-zero.dll" adapterTypeName="executor://gdunit4.testadapter/" className="OmegaSpiral.Tests.Unit.Common.Terminal.TerminalShaderControllerTests" name="Constructor_WithNullDisplay_ThrowsArgumentNullException" />
    </UnitTest>
    <UnitTest name="TextRenderer_IsCreated" storage="/home/adam/dev/omega-spiral/chapter-zero/.godot/mono/temp/bin/debug/chapter-zero.dll" id="4b33e314-3dd0-463a-80a0-89bd6d935730">
      <Execution id="e888bd63-8c14-4a9b-a520-b87e3acfcc8f" />
      <TestMethod codeBase="/home/adam/Dev/omega-spiral/chapter-zero/.godot/mono/temp/bin/Debug/chapter-zero.dll" adapterTypeName="executor://gdunit4.testadapter/" className="OmegaSpiral.Tests.Integration.Ui.OmegaUiTests" name="TextRenderer_IsCreated" />
    </UnitTest>
    <UnitTest name="GettotalscoreReturnssumofallscores" storage="/home/adam/dev/omega-spiral/chapter-zero/.godot/mono/temp/bin/debug/chapter-zero.dll" id="04303a62-e7b3-4689-a467-2f8525cf3af7">
      <Execution id="35ea1c9e-483e-478e-bb15-161018d9eb74" />
      <TestMethod codeBase="/home/adam/Dev/omega-spiral/chapter-zero/.godot/mono/temp/bin/Debug/chapter-zero.dll" adapterTypeName="executor://gdunit4.testadapter/" className="OmegaSpiral.Tests.Unit.Common.GameStateTests" name="GettotalscoreReturnssumofallscores" />
    </UnitTest>
    <UnitTest name="ApplyVisualPresetAsync_InvalidPreset_ThrowsArgumentException" storage="/home/adam/dev/omega-spiral/chapter-zero/.godot/mono/temp/bin/debug/chapter-zero.dll" id="893a907a-b49f-4039-9a5c-33c27f7cd5a1">
      <Execution id="4ab5fec6-b7d7-4108-b1a0-a08d62dd572f" />
      <TestMethod codeBase="/home/adam/Dev/omega-spiral/chapter-zero/.godot/mono/temp/bin/Debug/chapter-zero.dll" adapterTypeName="executor://gdunit4.testadapter/" className="OmegaSpiral.Tests.Unit.Common.Terminal.TerminalShaderControllerTests" name="ApplyVisualPresetAsync_InvalidPreset_ThrowsArgumentException" />
    </UnitTest>
    <UnitTest name="Scene_LoadsConsistentlyAcrossMultipleInstances" storage="/home/adam/dev/omega-spiral/chapter-zero/.godot/mono/temp/bin/debug/chapter-zero.dll" id="60aee972-5eb1-4cd7-bc91-2236ac63c680">
      <Execution id="76371852-dc0d-40c2-9c47-edf1713e1fe9" />
      <TestMethod codeBase="/home/adam/Dev/omega-spiral/chapter-zero/.godot/mono/temp/bin/Debug/chapter-zero.dll" adapterTypeName="executor://gdunit4.testadapter/" className="OmegaSpiral.Tests.Integration.SceneLoadingAndViewportTests" name="Scene_LoadsConsistentlyAcrossMultipleInstances" />
    </UnitTest>
    <UnitTest name="InitializesTextRenderer" storage="/home/adam/dev/omega-spiral/chapter-zero/.godot/mono/temp/bin/debug/chapter-zero.dll" id="d506a8df-45e0-47e7-8db9-d1a5d3fc891f">
      <Execution id="b27ed7e2-cd0a-4f1c-ad52-dbef9a46323c" />
      <TestMethod codeBase="/home/adam/Dev/omega-spiral/chapter-zero/.godot/mono/temp/bin/Debug/chapter-zero.dll" adapterTypeName="executor://gdunit4.testadapter/" className="OmegaSpiral.Tests.Integration.Ui.TerminalUITests" name="InitializesTextRenderer" />
    </UnitTest>
    <UnitTest name="ClearText_AfterAppendingText_RemovesAllContent" storage="/home/adam/dev/omega-spiral/chapter-zero/.godot/mono/temp/bin/debug/chapter-zero.dll" id="fad46e58-1db7-4105-affc-baaf306a0101">
      <Execution id="5d842d66-14f7-4849-8553-5f5d088d454b" />
      <TestMethod codeBase="/home/adam/Dev/omega-spiral/chapter-zero/.godot/mono/temp/bin/Debug/chapter-zero.dll" adapterTypeName="executor://gdunit4.testadapter/" className="OmegaSpiral.Tests.Unit.Common.Terminal.TerminalTextRendererTests" name="ClearText_AfterAppendingText_RemovesAllContent" />
    </UnitTest>
    <UnitTest name="ValidateStateForTransitionReturnsTrueForValidTransitions" storage="/home/adam/dev/omega-spiral/chapter-zero/.godot/mono/temp/bin/debug/chapter-zero.dll" id="92c4837d-9635-4796-819d-218d08d85020">
      <Execution id="b3fb967b-3583-4ada-918e-a34e1c10670b" />
      <TestMethod codeBase="/home/adam/Dev/omega-spiral/chapter-zero/.godot/mono/temp/bin/Debug/chapter-zero.dll" adapterTypeName="executor://gdunit4.testadapter/" className="OmegaSpiral.Tests.Unit.Common.SceneManagerTests" name="ValidateStateForTransitionReturnsTrueForValidTransitions" />
    </UnitTest>
    <UnitTest name="GetCurrentText_WhenEmpty_ReturnsEmptyString" storage="/home/adam/dev/omega-spiral/chapter-zero/.godot/mono/temp/bin/debug/chapter-zero.dll" id="30f82a21-276d-4203-ad95-b0b1732a4085">
      <Execution id="353d97d1-e2a8-4bec-a1a5-c0dcf7b08dc7" />
      <TestMethod codeBase="/home/adam/Dev/omega-spiral/chapter-zero/.godot/mono/temp/bin/Debug/chapter-zero.dll" adapterTypeName="executor://gdunit4.testadapter/" className="OmegaSpiral.Tests.Unit.Common.Terminal.TerminalTextRendererTests" name="GetCurrentText_WhenEmpty_ReturnsEmptyString" />
    </UnitTest>
    <UnitTest name="CreditsMenu_ExtendsMenuUi" storage="/home/adam/dev/omega-spiral/chapter-zero/.godot/mono/temp/bin/debug/chapter-zero.dll" id="611929d0-45a1-4955-96b5-95ec6e03a108">
      <Execution id="62420cfa-ece9-466e-bb6d-8ccb3b02f838" />
      <TestMethod codeBase="/home/adam/Dev/omega-spiral/chapter-zero/.godot/mono/temp/bin/Debug/chapter-zero.dll" adapterTypeName="executor://gdunit4.testadapter/" className="OmegaSpiral.Tests.Integration.Ui.CreditsMenuTests" name="CreditsMenu_ExtendsMenuUi" />
    </UnitTest>
    <UnitTest name="PauseMenu_CanShowAndHide" storage="/home/adam/dev/omega-spiral/chapter-zero/.godot/mono/temp/bin/debug/chapter-zero.dll" id="c1d04021-0876-4e6e-93c1-1a6f062db9df">
      <Execution id="ca291ea9-8205-4ef6-a152-61f23c5f4030" />
      <TestMethod codeBase="/home/adam/Dev/omega-spiral/chapter-zero/.godot/mono/temp/bin/Debug/chapter-zero.dll" adapterTypeName="executor://gdunit4.testadapter/" className="OmegaSpiral.Tests.Integration.Ui.PauseMenuTests" name="PauseMenu_CanShowAndHide" />
    </UnitTest>
    <UnitTest name="CreditsMenu_PopulatesCredits" storage="/home/adam/dev/omega-spiral/chapter-zero/.godot/mono/temp/bin/debug/chapter-zero.dll" id="8657b6e5-4f51-45c6-8ccf-4be87f5ff305">
      <Execution id="06dc3459-bcdc-4989-8a45-ff0cd7c6824d" />
      <TestMethod codeBase="/home/adam/Dev/omega-spiral/chapter-zero/.godot/mono/temp/bin/Debug/chapter-zero.dll" adapterTypeName="executor://gdunit4.testadapter/" className="OmegaSpiral.Tests.Integration.Ui.CreditsMenuTests" name="CreditsMenu_PopulatesCredits" />
    </UnitTest>
    <UnitTest name="StageHeader_ReflectsStageCount" storage="/home/adam/dev/omega-spiral/chapter-zero/.godot/mono/temp/bin/debug/chapter-zero.dll" id="423034ee-b97a-4c52-b9a5-67f6ae5c9317">
      <Execution id="9670382b-026d-49d8-9978-a5dcee223fde" />
      <TestMethod codeBase="/home/adam/Dev/omega-spiral/chapter-zero/.godot/mono/temp/bin/Debug/chapter-zero.dll" adapterTypeName="executor://gdunit4.testadapter/" className="OmegaSpiral.Tests.Integration.Ui.Menus.MainMenuTests" name="StageHeader_ReflectsStageCount" />
    </UnitTest>
    <UnitTest name="InventoryUpdatedSignal_EmittedWhenInventoryChanges_SignalReceived" storage="/home/adam/dev/omega-spiral/chapter-zero/.godot/mono/temp/bin/debug/chapter-zero.dll" id="f0032702-b9e8-4ae4-9896-a1976bb444a1">
      <Execution id="cb2821c5-71ef-4bef-880a-82aa9fe47b33" />
      <TestMethod codeBase="/home/adam/Dev/omega-spiral/chapter-zero/.godot/mono/temp/bin/Debug/chapter-zero.dll" adapterTypeName="executor://gdunit4.testadapter/" className="OmegaSpiral.Tests.Common.GameStateSignalTests" name="InventoryUpdatedSignal_EmittedWhenInventoryChanges_SignalReceived" />
    </UnitTest>
    <UnitTest name="Captions_DisabledByDefault" storage="/home/adam/dev/omega-spiral/chapter-zero/.godot/mono/temp/bin/debug/chapter-zero.dll" id="2f017908-7f02-4e98-97db-687b7ee713e9">
      <Execution id="3a971e93-1506-4570-8e8e-f2142b2ee3ee" />
      <TestMethod codeBase="/home/adam/Dev/omega-spiral/chapter-zero/.godot/mono/temp/bin/Debug/chapter-zero.dll" adapterTypeName="executor://gdunit4.testadapter/" className="OmegaSpiral.Tests.Integration.Ui.TerminalUITests" name="Captions_DisabledByDefault" />
    </UnitTest>
    <UnitTest name="PixelDissolveAsync_CustomDuration_CompletesInCorrectTime" storage="/home/adam/dev/omega-spiral/chapter-zero/.godot/mono/temp/bin/debug/chapter-zero.dll" id="f6f1db29-cafe-46d7-9771-825b2f0275b7">
      <Execution id="7d59ef84-01d9-4524-8707-f6564bb38c31" />
      <TestMethod codeBase="/home/adam/Dev/omega-spiral/chapter-zero/.godot/mono/temp/bin/Debug/chapter-zero.dll" adapterTypeName="executor://gdunit4.testadapter/" className="OmegaSpiral.Tests.Unit.Common.Terminal.TerminalShaderControllerTests" name="PixelDissolveAsync_CustomDuration_CompletesInCorrectTime" />
    </UnitTest>
    <UnitTest name="MainLayout_FillsBezelContainer" storage="/home/adam/dev/omega-spiral/chapter-zero/.godot/mono/temp/bin/debug/chapter-zero.dll" id="c6a0b764-d63d-4a6f-95a1-eb1c019dc2fe">
      <Execution id="71dd2b65-fa21-46ac-a5ae-1305cf343abb" />
      <TestMethod codeBase="/home/adam/Dev/omega-spiral/chapter-zero/.godot/mono/temp/bin/Debug/chapter-zero.dll" adapterTypeName="executor://gdunit4.testadapter/" className="OmegaSpiral.Tests.Ui.Terminal.TerminalWindowFrameLayoutTests" name="MainLayout_FillsBezelContainer" />
    </UnitTest>
    <UnitTest name="DisabledMode_CanBeSet" storage="/home/adam/dev/omega-spiral/chapter-zero/.godot/mono/temp/bin/debug/chapter-zero.dll" id="0c3c2aa9-5b0d-4850-bf4f-0780dc8ad56f">
      <Execution id="d57ea2f8-d041-4267-8ba3-cbe90e1a9cd6" />
      <TestMethod codeBase="/home/adam/Dev/omega-spiral/chapter-zero/.godot/mono/temp/bin/Debug/chapter-zero.dll" adapterTypeName="executor://gdunit4.testadapter/" className="OmegaSpiral.Tests.Integration.Ui.TerminalUITests" name="DisabledMode_CanBeSet" />
    </UnitTest>
    <UnitTest name="LoadsStagesFromManifest" storage="/home/adam/dev/omega-spiral/chapter-zero/.godot/mono/temp/bin/debug/chapter-zero.dll" id="4eec089b-bfc9-41db-acb9-41e1e79105c8">
      <Execution id="9bb186dd-8f85-411e-819c-3a810ddb56f6" />
      <TestMethod codeBase="/home/adam/Dev/omega-spiral/chapter-zero/.godot/mono/temp/bin/Debug/chapter-zero.dll" adapterTypeName="executor://gdunit4.testadapter/" className="OmegaSpiral.Tests.Integration.Ui.Menus.MainMenuTests" name="LoadsStagesFromManifest" />
    </UnitTest>
    <UnitTest name="TerminalFrame_HasVisibleBorder" storage="/home/adam/dev/omega-spiral/chapter-zero/.godot/mono/temp/bin/debug/chapter-zero.dll" id="619c66b8-647a-4011-b4a9-42d581c18696">
      <Execution id="37bd35c9-3b8f-46e0-be69-71518db2eac2" />
      <TestMethod codeBase="/home/adam/Dev/omega-spiral/chapter-zero/.godot/mono/temp/bin/Debug/chapter-zero.dll" adapterTypeName="executor://gdunit4.testadapter/" className="OmegaSpiral.Tests.Ui.Terminal.TerminalWindowFrameLayoutTests" name="TerminalFrame_HasVisibleBorder" />
    </UnitTest>
    <UnitTest name="HasChoiceContainer" storage="/home/adam/dev/omega-spiral/chapter-zero/.godot/mono/temp/bin/debug/chapter-zero.dll" id="edc6f2c8-f74b-461e-8208-8295e8943509">
      <Execution id="098cea4a-757f-4960-bd12-f08557989d18" />
      <TestMethod codeBase="/home/adam/Dev/omega-spiral/chapter-zero/.godot/mono/temp/bin/Debug/chapter-zero.dll" adapterTypeName="executor://gdunit4.testadapter/" className="OmegaSpiral.Tests.Integration.Ui.TerminalUITests" name="HasChoiceContainer" />
    </UnitTest>
    <UnitTest name="SetTextColor_ChangesColorOfSubsequentText" storage="/home/adam/dev/omega-spiral/chapter-zero/.godot/mono/temp/bin/debug/chapter-zero.dll" id="b82739c3-6008-4c31-a5c4-50dc2a100528">
      <Execution id="1d20a7ee-a2f7-4763-9fba-62e0fe677e04" />
      <TestMethod codeBase="/home/adam/Dev/omega-spiral/chapter-zero/.godot/mono/temp/bin/Debug/chapter-zero.dll" adapterTypeName="executor://gdunit4.testadapter/" className="OmegaSpiral.Tests.Unit.Common.Terminal.TerminalTextRendererTests" name="SetTextColor_ChangesColorOfSubsequentText" />
    </UnitTest>
    <UnitTest name="Menu_IsEnabledByDefault" storage="/home/adam/dev/omega-spiral/chapter-zero/.godot/mono/temp/bin/debug/chapter-zero.dll" id="3e7a5ee8-893f-4e99-b0eb-db139db632a5">
      <Execution id="033df739-dc95-44b9-bfe8-a3d5a0e3439c" />
      <TestMethod codeBase="/home/adam/Dev/omega-spiral/chapter-zero/.godot/mono/temp/bin/Debug/chapter-zero.dll" adapterTypeName="executor://gdunit4.testadapter/" className="OmegaSpiral.Tests.Integration.Ui.MenuUiTests" name="Menu_IsEnabledByDefault" />
    </UnitTest>
    <UnitTest name="ShaderLayers_HaveFullScreenAnchors" storage="/home/adam/dev/omega-spiral/chapter-zero/.godot/mono/temp/bin/debug/chapter-zero.dll" id="22931cca-a312-42b1-b00d-a4710c7fd904">
      <Execution id="9f5a5cb0-1505-4d13-a1ea-83061ae9d52b" />
      <TestMethod codeBase="/home/adam/Dev/omega-spiral/chapter-zero/.godot/mono/temp/bin/Debug/chapter-zero.dll" adapterTypeName="executor://gdunit4.testadapter/" className="OmegaSpiral.Tests.Integration.Ui.OmegaUiTests" name="ShaderLayers_HaveFullScreenAnchors" />
    </UnitTest>
    <UnitTest name="TerminalWindow_SupportsVariousMinimumSizes:1 (800, 600)" storage="/home/adam/dev/omega-spiral/chapter-zero/.godot/mono/temp/bin/debug/chapter-zero.dll" id="ea5f12a5-fa13-4bdf-ad2c-51da877be7b4">
      <Execution id="1dfc293a-e5a9-4bd8-a0bd-3cad5b88a270" />
      <TestMethod codeBase="/home/adam/Dev/omega-spiral/chapter-zero/.godot/mono/temp/bin/Debug/chapter-zero.dll" adapterTypeName="executor://gdunit4.testadapter/" className="TerminalWindowTestsNew.TerminalWindow_SupportsVariousMinimumSizes" name="TerminalWindow_SupportsVariousMinimumSizes:1 (800, 600)" />
    </UnitTest>
    <UnitTest name="TerminalWindow_ProcessesInputEvents" storage="/home/adam/dev/omega-spiral/chapter-zero/.godot/mono/temp/bin/debug/chapter-zero.dll" id="66ebab1a-5405-4d6a-a33e-c9d87b370c0b">
      <Execution id="35c5803f-0d1b-4cf3-baba-ea2b904bead5" />
      <TestMethod codeBase="/home/adam/Dev/omega-spiral/chapter-zero/.godot/mono/temp/bin/Debug/chapter-zero.dll" adapterTypeName="executor://gdunit4.testadapter/" className="TerminalWindowTestsNew" name="TerminalWindow_ProcessesInputEvents" />
    </UnitTest>
    <UnitTest name="HasContentContainer" storage="/home/adam/dev/omega-spiral/chapter-zero/.godot/mono/temp/bin/debug/chapter-zero.dll" id="135ce941-2f02-4123-898e-84b9335fe677">
      <Execution id="bbe53962-de81-46d0-8ee7-ac344b53f68c" />
      <TestMethod codeBase="/home/adam/Dev/omega-spiral/chapter-zero/.godot/mono/temp/bin/Debug/chapter-zero.dll" adapterTypeName="executor://gdunit4.testadapter/" className="OmegaSpiral.Tests.Integration.Ui.TerminalUITests" name="HasContentContainer" />
    </UnitTest>
    <UnitTest name="ApplyVisualPresetAsync_DelegatesToShaderController" storage="/home/adam/dev/omega-spiral/chapter-zero/.godot/mono/temp/bin/debug/chapter-zero.dll" id="9f44d3eb-a003-4e6c-91d4-4add7173babb">
      <Execution id="2f63f418-dc56-41ad-bc8f-e9ff996f19b3" />
      <TestMethod codeBase="/home/adam/Dev/omega-spiral/chapter-zero/.godot/mono/temp/bin/Debug/chapter-zero.dll" adapterTypeName="executor://gdunit4.testadapter/" className="OmegaSpiral.Tests.Unit.Ui.OmegaUi_UnitTests" name="ApplyVisualPresetAsync_DelegatesToShaderController" />
    </UnitTest>
    <UnitTest name="TerminalFrame_ShouldBeCenteredVertically" storage="/home/adam/dev/omega-spiral/chapter-zero/.godot/mono/temp/bin/debug/chapter-zero.dll" id="541bc5ff-316c-40ac-859e-2126ff5c06c5">
      <Execution id="f366d487-c76b-41de-ae63-702001c123f3" />
      <TestMethod codeBase="/home/adam/Dev/omega-spiral/chapter-zero/.godot/mono/temp/bin/Debug/chapter-zero.dll" adapterTypeName="executor://gdunit4.testadapter/" className="OmegaSpiral.Tests.Ui.Terminal.TerminalWindowFrameLayoutTests" name="TerminalFrame_ShouldBeCenteredVertically" />
    </UnitTest>
    <UnitTest name="IsAnimating_DuringTextAppending_ReturnsTrue" storage="/home/adam/dev/omega-spiral/chapter-zero/.godot/mono/temp/bin/debug/chapter-zero.dll" id="2a46e688-79f5-40f1-a8ef-3f178bed52b1">
      <Execution id="3d7f28c5-c89c-4e77-9c10-31801d658a39" />
      <TestMethod codeBase="/home/adam/Dev/omega-spiral/chapter-zero/.godot/mono/temp/bin/Debug/chapter-zero.dll" adapterTypeName="executor://gdunit4.testadapter/" className="OmegaSpiral.Tests.Unit.Common.Terminal.TerminalTextRendererTests" name="IsAnimating_DuringTextAppending_ReturnsTrue" />
    </UnitTest>
    <UnitTest name="CreateCenteredXControl" storage="/home/adam/dev/omega-spiral/chapter-zero/.godot/mono/temp/bin/debug/chapter-zero.dll" id="1c96ddd7-6b4c-4f49-9b9c-0a4a6b8cd48d">
      <Execution id="ef604ad4-0059-44c5-a0ce-df6faba3866a" />
      <TestMethod codeBase="/home/adam/Dev/omega-spiral/chapter-zero/.godot/mono/temp/bin/Debug/chapter-zero.dll" adapterTypeName="executor://gdunit4.testadapter/" className="OmegaSpiral.Tests.Integration.SceneLoadingAndViewportTests" name="CreateCenteredXControl" />
    </UnitTest>
    <UnitTest name="TerminalWindow_SupportsVariousMinimumSizes:2 (1920, 1080)" storage="/home/adam/dev/omega-spiral/chapter-zero/.godot/mono/temp/bin/debug/chapter-zero.dll" id="098c5fd4-7441-4029-b2a4-1c6de45f2a44">
      <Execution id="91afcb26-f439-469a-9e03-cadf5ca0212c" />
      <TestMethod codeBase="/home/adam/Dev/omega-spiral/chapter-zero/.godot/mono/temp/bin/Debug/chapter-zero.dll" adapterTypeName="executor://gdunit4.testadapter/" className="TerminalWindowTestsNew.TerminalWindow_SupportsVariousMinimumSizes" name="TerminalWindow_SupportsVariousMinimumSizes:2 (1920, 1080)" />
    </UnitTest>
    <UnitTest name="AppendTextAsync__EmptyText_DoesNothing" storage="/home/adam/dev/omega-spiral/chapter-zero/.godot/mono/temp/bin/debug/chapter-zero.dll" id="d927fb26-b1bc-49d2-a5c8-a48ca257dc95">
      <Execution id="36bd9df3-81ce-4a1d-83f8-d2ed07f1eebf" />
      <TestMethod codeBase="/home/adam/Dev/omega-spiral/chapter-zero/.godot/mono/temp/bin/Debug/chapter-zero.dll" adapterTypeName="executor://gdunit4.testadapter/" className="OmegaSpiral.Tests.Unit.Common.Terminal.TerminalTextRendererTests" name="AppendTextAsync__EmptyText_DoesNothing" />
    </UnitTest>
    <UnitTest name="InheritsFromOmegaUI" storage="/home/adam/dev/omega-spiral/chapter-zero/.godot/mono/temp/bin/debug/chapter-zero.dll" id="8b38e362-83bc-4302-8a76-cb16d0c26612">
      <Execution id="d0b8c55c-ba7a-4b92-a0be-1b36d0f22113" />
      <TestMethod codeBase="/home/adam/Dev/omega-spiral/chapter-zero/.godot/mono/temp/bin/Debug/chapter-zero.dll" adapterTypeName="executor://gdunit4.testadapter/" className="OmegaSpiral.Tests.Integration.Ui.TerminalUITests" name="InheritsFromOmegaUI" />
    </UnitTest>
    <UnitTest name="AppendTextAsync_GracefulFailureWhenRendererNull" storage="/home/adam/dev/omega-spiral/chapter-zero/.godot/mono/temp/bin/debug/chapter-zero.dll" id="43c0074c-e80e-4d38-90b2-fa290f5db782">
      <Execution id="b0381988-11ee-40af-9ec4-b67b37c4a79e" />
      <TestMethod codeBase="/home/adam/Dev/omega-spiral/chapter-zero/.godot/mono/temp/bin/Debug/chapter-zero.dll" adapterTypeName="executor://gdunit4.testadapter/" className="OmegaSpiral.Tests.Unit.Ui.OmegaUi_UnitTests" name="AppendTextAsync_GracefulFailureWhenRendererNull" />
    </UnitTest>
    <UnitTest name="Root_HasFullScreenAnchors" storage="/home/adam/dev/omega-spiral/chapter-zero/.godot/mono/temp/bin/debug/chapter-zero.dll" id="382e8e84-9175-4ffa-b63e-fcb360ff6122">
      <Execution id="d8dba041-fb56-4bd8-b010-4659737f870e" />
      <TestMethod codeBase="/home/adam/Dev/omega-spiral/chapter-zero/.godot/mono/temp/bin/Debug/chapter-zero.dll" adapterTypeName="executor://gdunit4.testadapter/" className="OmegaSpiral.Tests.Integration.Ui.OmegaUiTests" name="Root_HasFullScreenAnchors" />
    </UnitTest>
    <UnitTest name="ApplyVisualPresetAsync_TerminalPreset_RemovesShader" storage="/home/adam/dev/omega-spiral/chapter-zero/.godot/mono/temp/bin/debug/chapter-zero.dll" id="e582db70-a37f-4a12-a5ec-4fef472f0bb8">
      <Execution id="75d9fdbf-3948-470e-b94d-b6ea2fd0f64f" />
      <TestMethod codeBase="/home/adam/Dev/omega-spiral/chapter-zero/.godot/mono/temp/bin/Debug/chapter-zero.dll" adapterTypeName="executor://gdunit4.testadapter/" className="OmegaSpiral.Tests.Unit.Common.Terminal.TerminalShaderControllerTests" name="ApplyVisualPresetAsync_TerminalPreset_RemovesShader" />
    </UnitTest>
    <UnitTest name="MenuUi_HasMenuModeEnum" storage="/home/adam/dev/omega-spiral/chapter-zero/.godot/mono/temp/bin/debug/chapter-zero.dll" id="eaad6042-f0ef-4396-9367-54eab9bc8fe9">
      <Execution id="c94e603a-61f5-4e62-ad1c-2410a680a492" />
      <TestMethod codeBase="/home/adam/Dev/omega-spiral/chapter-zero/.godot/mono/temp/bin/Debug/chapter-zero.dll" adapterTypeName="executor://gdunit4.testadapter/" className="OmegaSpiral.Tests.Integration.Ui.MenuUiTests" name="MenuUi_HasMenuModeEnum" />
    </UnitTest>
    <UnitTest name="AppendTextAsync_DefaultParameters_AppendsTextCorrectly" storage="/home/adam/dev/omega-spiral/chapter-zero/.godot/mono/temp/bin/debug/chapter-zero.dll" id="58de3984-46c3-47f3-b341-e8f1cb44a93a">
      <Execution id="9edf0bb9-a515-4c1d-86a0-d1629b421ac4" />
      <TestMethod codeBase="/home/adam/Dev/omega-spiral/chapter-zero/.godot/mono/temp/bin/Debug/chapter-zero.dll" adapterTypeName="executor://gdunit4.testadapter/" className="OmegaSpiral.Tests.Unit.Common.Terminal.TerminalTextRendererTests" name="AppendTextAsync_DefaultParameters_AppendsTextCorrectly" />
    </UnitTest>
    <UnitTest name="ShaderAndText_InteractWithoutInterference" storage="/home/adam/dev/omega-spiral/chapter-zero/.godot/mono/temp/bin/debug/chapter-zero.dll" id="162c62c4-d025-446c-9e0f-f17ee5c1a0da">
      <Execution id="f7ad99b0-10fa-465a-b89c-260af0acf1a8" />
      <TestMethod codeBase="/home/adam/Dev/omega-spiral/chapter-zero/.godot/mono/temp/bin/Debug/chapter-zero.dll" adapterTypeName="executor://gdunit4.testadapter/" className="OmegaSpiral.Tests.Integration.Common.TerminalIntegrationTests" name="ShaderAndText_InteractWithoutInterference" />
    </UnitTest>
    <UnitTest name="StartButton_ExistsWithCorrectText" storage="/home/adam/dev/omega-spiral/chapter-zero/.godot/mono/temp/bin/debug/chapter-zero.dll" id="88ea7a77-3a0a-412c-8c6d-dc8c69d91ef8">
      <Execution id="074e762e-b948-4825-8f3b-fd0ab187e98f" />
      <TestMethod codeBase="/home/adam/Dev/omega-spiral/chapter-zero/.godot/mono/temp/bin/Debug/chapter-zero.dll" adapterTypeName="executor://gdunit4.testadapter/" className="OmegaSpiral.Tests.Integration.Ui.Menus.MainMenuTests" name="StartButton_ExistsWithCorrectText" />
    </UnitTest>
    <UnitTest name="ComponentLifecycle_ManagedProperly" storage="/home/adam/dev/omega-spiral/chapter-zero/.godot/mono/temp/bin/debug/chapter-zero.dll" id="229799b7-b6df-49b5-8943-37afe0461d80">
      <Execution id="b1f6e6af-62b1-4949-b2af-c746eaec6f1c" />
      <TestMethod codeBase="/home/adam/Dev/omega-spiral/chapter-zero/.godot/mono/temp/bin/Debug/chapter-zero.dll" adapterTypeName="executor://gdunit4.testadapter/" className="OmegaSpiral.Tests.Integration.Common.TerminalIntegrationTests" name="ComponentLifecycle_ManagedProperly" />
    </UnitTest>
    <UnitTest name="AffinityScoreUpdatedSignal_EmittedWhenAffinityChanges_SignalReceived" storage="/home/adam/dev/omega-spiral/chapter-zero/.godot/mono/temp/bin/debug/chapter-zero.dll" id="0b4933d9-059c-4075-87f4-f0cc0fb52256">
      <Execution id="78640604-1697-4420-bc68-bceb4d03e7bc" />
      <TestMethod codeBase="/home/adam/Dev/omega-spiral/chapter-zero/.godot/mono/temp/bin/Debug/chapter-zero.dll" adapterTypeName="executor://gdunit4.testadapter/" className="OmegaSpiral.Tests.Common.GameStateSignalTests" name="AffinityScoreUpdatedSignal_EmittedWhenAffinityChanges_SignalReceived" />
    </UnitTest>
    <UnitTest name="DefaultMode_IsFull" storage="/home/adam/dev/omega-spiral/chapter-zero/.godot/mono/temp/bin/debug/chapter-zero.dll" id="7a4808fe-c932-454e-9f30-c0a755dfdcb3">
      <Execution id="0369f31c-c7b7-4b1b-80eb-17a96008df64" />
      <TestMethod codeBase="/home/adam/Dev/omega-spiral/chapter-zero/.godot/mono/temp/bin/Debug/chapter-zero.dll" adapterTypeName="executor://gdunit4.testadapter/" className="OmegaSpiral.Tests.Integration.Ui.TerminalUITests" name="DefaultMode_IsFull" />
    </UnitTest>
    <UnitTest name="PauseMenu_ExtendsMenuUi" storage="/home/adam/dev/omega-spiral/chapter-zero/.godot/mono/temp/bin/debug/chapter-zero.dll" id="fc8e81ed-ec8c-4598-8b0d-6fcf3e962c97">
      <Execution id="ebaf14a6-a14f-4fe4-922d-0d9b704c3b53" />
      <TestMethod codeBase="/home/adam/Dev/omega-spiral/chapter-zero/.godot/mono/temp/bin/Debug/chapter-zero.dll" adapterTypeName="executor://gdunit4.testadapter/" className="OmegaSpiral.Tests.Integration.Ui.PauseMenuTests" name="PauseMenu_ExtendsMenuUi" />
    </UnitTest>
    <UnitTest name="ContentContainer_HasFullScreenAnchors" storage="/home/adam/dev/omega-spiral/chapter-zero/.godot/mono/temp/bin/debug/chapter-zero.dll" id="1fdc7479-a38a-4c19-83b2-e199c507e26f">
      <Execution id="047e9c56-f557-42d0-aded-43c3c6630e86" />
      <TestMethod codeBase="/home/adam/Dev/omega-spiral/chapter-zero/.godot/mono/temp/bin/Debug/chapter-zero.dll" adapterTypeName="executor://gdunit4.testadapter/" className="OmegaSpiral.Tests.Integration.Ui.OmegaUiTests" name="ContentContainer_HasFullScreenAnchors" />
    </UnitTest>
    <UnitTest name="ApplyVisualPresetAsync_ScanlinesPreset_AppliesCorrectShader" storage="/home/adam/dev/omega-spiral/chapter-zero/.godot/mono/temp/bin/debug/chapter-zero.dll" id="51ea4243-e900-4811-b008-ab38f86c645c">
      <Execution id="1b9eb7da-9e59-42f9-9c92-d157d84799b6" />
      <TestMethod codeBase="/home/adam/Dev/omega-spiral/chapter-zero/.godot/mono/temp/bin/Debug/chapter-zero.dll" adapterTypeName="executor://gdunit4.testadapter/" className="OmegaSpiral.Tests.Unit.Common.Terminal.TerminalShaderControllerTests" name="ApplyVisualPresetAsync_ScanlinesPreset_AppliesCorrectShader" />
    </UnitTest>
    <UnitTest name="TransitionToScenePreservesGameState" storage="/home/adam/dev/omega-spiral/chapter-zero/.godot/mono/temp/bin/debug/chapter-zero.dll" id="23aa5f76-fb40-4bf8-8f4f-44a17310832a">
      <Execution id="011d8291-e1a5-4f1c-9587-1015fa43912e" />
      <TestMethod codeBase="/home/adam/Dev/omega-spiral/chapter-zero/.godot/mono/temp/bin/Debug/chapter-zero.dll" adapterTypeName="executor://gdunit4.testadapter/" className="OmegaSpiral.Tests.Unit.Common.SceneManagerTests" name="TransitionToScenePreservesGameState" />
    </UnitTest>
    <UnitTest name="PauseMenu_HasBackground" storage="/home/adam/dev/omega-spiral/chapter-zero/.godot/mono/temp/bin/debug/chapter-zero.dll" id="7839c530-3ecc-4de6-9a44-8235918483cb">
      <Execution id="1cf26605-aa64-4452-8ef9-2063cb302eac" />
      <TestMethod codeBase="/home/adam/Dev/omega-spiral/chapter-zero/.godot/mono/temp/bin/Debug/chapter-zero.dll" adapterTypeName="executor://gdunit4.testadapter/" className="OmegaSpiral.Tests.Integration.Ui.PauseMenuTests" name="PauseMenu_HasBackground" />
    </UnitTest>
    <UnitTest name="ScreenLayout_IsEmptyContentInsertionPoint" storage="/home/adam/dev/omega-spiral/chapter-zero/.godot/mono/temp/bin/debug/chapter-zero.dll" id="1545c4d3-7d80-42b2-b7b5-329d2d2dce6f">
      <Execution id="2912eee5-922b-4e74-86ff-1ea96d28131b" />
      <TestMethod codeBase="/home/adam/Dev/omega-spiral/chapter-zero/.godot/mono/temp/bin/Debug/chapter-zero.dll" adapterTypeName="executor://gdunit4.testadapter/" className="OmegaSpiral.Tests.Ui.Terminal.TerminalWindowFrameLayoutTests" name="ScreenLayout_IsEmptyContentInsertionPoint" />
    </UnitTest>
    <UnitTest name="ContentContainer_Exists" storage="/home/adam/dev/omega-spiral/chapter-zero/.godot/mono/temp/bin/debug/chapter-zero.dll" id="c2b4a871-6b5f-4b72-b587-56563716deca">
      <Execution id="de7023bb-95eb-4fb8-a923-39b5365a6012" />
      <TestMethod codeBase="/home/adam/Dev/omega-spiral/chapter-zero/.godot/mono/temp/bin/Debug/chapter-zero.dll" adapterTypeName="executor://gdunit4.testadapter/" className="OmegaSpiral.Tests.Integration.Ui.MenuUiTests" name="ContentContainer_Exists" />
    </UnitTest>
    <UnitTest name="PresentChoicesAsync_SingleSelection_ReturnsSelectedIndex" storage="/home/adam/dev/omega-spiral/chapter-zero/.godot/mono/temp/bin/debug/chapter-zero.dll" id="50298cae-1a95-43a6-a5da-cebc329f7d41">
      <Execution id="8a3a3620-2627-4e84-8026-5d0d53bfc8d6" />
      <TestMethod codeBase="/home/adam/Dev/omega-spiral/chapter-zero/.godot/mono/temp/bin/Debug/chapter-zero.dll" adapterTypeName="executor://gdunit4.testadapter/" className="OmegaSpiral.Tests.Unit.Common.Terminal.TerminalChoicePresenterTests" name="PresentChoicesAsync_SingleSelection_ReturnsSelectedIndex" />
    </UnitTest>
    <UnitTest name="MenuUi_ExtendsOmegaUi" storage="/home/adam/dev/omega-spiral/chapter-zero/.godot/mono/temp/bin/debug/chapter-zero.dll" id="426ca7a8-2af8-4620-b3c0-37a79c6301be">
      <Execution id="dbd65970-4549-4704-aae2-efe919dfb145" />
      <TestMethod codeBase="/home/adam/Dev/omega-spiral/chapter-zero/.godot/mono/temp/bin/Debug/chapter-zero.dll" adapterTypeName="executor://gdunit4.testadapter/" className="OmegaSpiral.Tests.Integration.Ui.MenuUiTests" name="MenuUi_ExtendsOmegaUi" />
    </UnitTest>
    <UnitTest name="TerminalWindow_IsControlNode" storage="/home/adam/dev/omega-spiral/chapter-zero/.godot/mono/temp/bin/debug/chapter-zero.dll" id="e1a6a6bb-d190-4ef7-b913-a4cf04c38e81">
      <Execution id="01a909af-65cb-41e4-a964-9f1afc40cb10" />
      <TestMethod codeBase="/home/adam/Dev/omega-spiral/chapter-zero/.godot/mono/temp/bin/Debug/chapter-zero.dll" adapterTypeName="executor://gdunit4.testadapter/" className="TerminalWindowTestsNew" name="TerminalWindow_IsControlNode" />
    </UnitTest>
    <UnitTest name="ApplyVisualPresetAsync_PhosphorPreset_AppliesCorrectShader" storage="/home/adam/dev/omega-spiral/chapter-zero/.godot/mono/temp/bin/debug/chapter-zero.dll" id="1c2bcb68-f7c1-492f-87d6-b390d97bcb9e">
      <Execution id="6241083a-d9e4-46bf-a4c6-fb814c5780ab" />
      <TestMethod codeBase="/home/adam/Dev/omega-spiral/chapter-zero/.godot/mono/temp/bin/Debug/chapter-zero.dll" adapterTypeName="executor://gdunit4.testadapter/" className="OmegaSpiral.Tests.Unit.Common.Terminal.TerminalShaderControllerTests" name="ApplyVisualPresetAsync_PhosphorPreset_AppliesCorrectShader" />
    </UnitTest>
    <UnitTest name="GlitchLayerPath_HasDefault" storage="/home/adam/dev/omega-spiral/chapter-zero/.godot/mono/temp/bin/debug/chapter-zero.dll" id="551b8110-83cc-4aad-ada6-aa617a0175c6">
      <Execution id="73dcccfa-2b83-4cc0-bce1-263dd573eda3" />
      <TestMethod codeBase="/home/adam/Dev/omega-spiral/chapter-zero/.godot/mono/temp/bin/Debug/chapter-zero.dll" adapterTypeName="executor://gdunit4.testadapter/" className="OmegaSpiral.Tests.Integration.Ui.OmegaUiTests" name="GlitchLayerPath_HasDefault" />
    </UnitTest>
    <UnitTest name="PauseMenu_HasTitle" storage="/home/adam/dev/omega-spiral/chapter-zero/.godot/mono/temp/bin/debug/chapter-zero.dll" id="3917f2fc-e1a8-4d85-aa6b-f1143589250f">
      <Execution id="9afbf215-489a-495f-ac0c-add68f42b66c" />
      <TestMethod codeBase="/home/adam/Dev/omega-spiral/chapter-zero/.godot/mono/temp/bin/Debug/chapter-zero.dll" adapterTypeName="executor://gdunit4.testadapter/" className="OmegaSpiral.Tests.Integration.Ui.PauseMenuTests" name="PauseMenu_HasTitle" />
    </UnitTest>
    <UnitTest name="ActionBar_Exists" storage="/home/adam/dev/omega-spiral/chapter-zero/.godot/mono/temp/bin/debug/chapter-zero.dll" id="50fa60b0-5514-4293-9d40-2fac272f3fce">
      <Execution id="34638905-70cb-4715-9405-e8f89cc94369" />
      <TestMethod codeBase="/home/adam/Dev/omega-spiral/chapter-zero/.godot/mono/temp/bin/Debug/chapter-zero.dll" adapterTypeName="executor://gdunit4.testadapter/" className="OmegaSpiral.Tests.Integration.Ui.MenuUiTests" name="ActionBar_Exists" />
    </UnitTest>
    <UnitTest name="TextDisplay_Exists" storage="/home/adam/dev/omega-spiral/chapter-zero/.godot/mono/temp/bin/debug/chapter-zero.dll" id="3b696f2c-b42b-46c3-82ed-ef01e304f2f0">
      <Execution id="bf15e1d6-0a3b-4ab3-8263-72b9350d3567" />
      <TestMethod codeBase="/home/adam/Dev/omega-spiral/chapter-zero/.godot/mono/temp/bin/Debug/chapter-zero.dll" adapterTypeName="executor://gdunit4.testadapter/" className="OmegaSpiral.Tests.Integration.Ui.OmegaUiTests" name="TextDisplay_Exists" />
    </UnitTest>
    <UnitTest name="PhosphorLayer_Exists" storage="/home/adam/dev/omega-spiral/chapter-zero/.godot/mono/temp/bin/debug/chapter-zero.dll" id="2e445fcf-f48e-42ef-8936-ef1a8f2f2d6e">
      <Execution id="a655005a-ae74-48ba-a620-f1eb3d0acc3a" />
      <TestMethod codeBase="/home/adam/Dev/omega-spiral/chapter-zero/.godot/mono/temp/bin/Debug/chapter-zero.dll" adapterTypeName="executor://gdunit4.testadapter/" className="OmegaSpiral.Tests.Integration.Ui.OmegaUiTests" name="PhosphorLayer_Exists" />
    </UnitTest>
    <UnitTest name="ButtonContainer_CanAddButtons" storage="/home/adam/dev/omega-spiral/chapter-zero/.godot/mono/temp/bin/debug/chapter-zero.dll" id="096d2f9f-7c5f-4a52-925e-d82874df1749">
      <Execution id="c16f3733-6910-4e62-956f-15bdf6e09f35" />
      <TestMethod codeBase="/home/adam/Dev/omega-spiral/chapter-zero/.godot/mono/temp/bin/Debug/chapter-zero.dll" adapterTypeName="executor://gdunit4.testadapter/" className="OmegaSpiral.Tests.Integration.Ui.MenuUiTests" name="ButtonContainer_CanAddButtons" />
    </UnitTest>
    <UnitTest name="OmegaUi_IsVisibleByDefault" storage="/home/adam/dev/omega-spiral/chapter-zero/.godot/mono/temp/bin/debug/chapter-zero.dll" id="844fa2a0-03c9-44ff-958d-e57f7cbaad10">
      <Execution id="fe3f7527-3aca-471c-b771-ab9ad2368b62" />
      <TestMethod codeBase="/home/adam/Dev/omega-spiral/chapter-zero/.godot/mono/temp/bin/Debug/chapter-zero.dll" adapterTypeName="executor://gdunit4.testadapter/" className="OmegaSpiral.Tests.Integration.Ui.OmegaUiTests" name="OmegaUi_IsVisibleByDefault" />
    </UnitTest>
    <UnitTest name="TransitionToScenePerformsSceneTransition" storage="/home/adam/dev/omega-spiral/chapter-zero/.godot/mono/temp/bin/debug/chapter-zero.dll" id="12de98c9-e011-4a3e-aeb8-7c1da6a5d769">
      <Execution id="dfcbc12e-f036-4419-8fd0-30f4070805ff" />
      <TestMethod codeBase="/home/adam/Dev/omega-spiral/chapter-zero/.godot/mono/temp/bin/Debug/chapter-zero.dll" adapterTypeName="executor://gdunit4.testadapter/" className="OmegaSpiral.Tests.Unit.Common.SceneManagerTests" name="TransitionToScenePerformsSceneTransition" />
    </UnitTest>
    <UnitTest name="QuitButton_Exists" storage="/home/adam/dev/omega-spiral/chapter-zero/.godot/mono/temp/bin/debug/chapter-zero.dll" id="73b71969-3721-4130-8c52-584ab386976c">
      <Execution id="28c65610-1fe2-40aa-abeb-8fcaeca1940b" />
      <TestMethod codeBase="/home/adam/Dev/omega-spiral/chapter-zero/.godot/mono/temp/bin/Debug/chapter-zero.dll" adapterTypeName="executor://gdunit4.testadapter/" className="OmegaSpiral.Tests.Integration.Ui.Menus.MainMenuTests" name="QuitButton_Exists" />
    </UnitTest>
    <UnitTest name="MenuUi_ExposesProtectedHelpers" storage="/home/adam/dev/omega-spiral/chapter-zero/.godot/mono/temp/bin/debug/chapter-zero.dll" id="0511831f-c302-4c6b-a6b2-0c4c00d360df">
      <Execution id="f1fea89b-9a5d-4b5e-a406-ec17a0117e67" />
      <TestMethod codeBase="/home/adam/Dev/omega-spiral/chapter-zero/.godot/mono/temp/bin/Debug/chapter-zero.dll" adapterTypeName="executor://gdunit4.testadapter/" className="OmegaSpiral.Tests.Integration.Ui.MenuUiTests" name="MenuUi_ExposesProtectedHelpers" />
    </UnitTest>
    <UnitTest name="ShaderLayers_IgnoreMouseInput" storage="/home/adam/dev/omega-spiral/chapter-zero/.godot/mono/temp/bin/debug/chapter-zero.dll" id="bdec14e9-9633-4780-a32e-aa61e919c23b">
      <Execution id="57930ce6-9162-4679-bf0a-83ed72f3e897" />
      <TestMethod codeBase="/home/adam/Dev/omega-spiral/chapter-zero/.godot/mono/temp/bin/Debug/chapter-zero.dll" adapterTypeName="executor://gdunit4.testadapter/" className="OmegaSpiral.Tests.Integration.Ui.OmegaUiTests" name="ShaderLayers_IgnoreMouseInput" />
    </UnitTest>
    <UnitTest name="PresentChoicesAsync_MultipleSelection_ReturnsSelectedIndices" storage="/home/adam/dev/omega-spiral/chapter-zero/.godot/mono/temp/bin/debug/chapter-zero.dll" id="e333887f-48d9-4b05-830b-fbf3d70cc81d">
      <Execution id="d830fbb4-3552-4e92-9eb6-28fef1c57e23" />
      <TestMethod codeBase="/home/adam/Dev/omega-spiral/chapter-zero/.godot/mono/temp/bin/Debug/chapter-zero.dll" adapterTypeName="executor://gdunit4.testadapter/" className="OmegaSpiral.Tests.Unit.Common.Terminal.TerminalChoicePresenterTests" name="PresentChoicesAsync_MultipleSelection_ReturnsSelectedIndices" />
    </UnitTest>
    <UnitTest name="PhosphorLayerPath_HasDefault" storage="/home/adam/dev/omega-spiral/chapter-zero/.godot/mono/temp/bin/debug/chapter-zero.dll" id="785827c7-48cf-4bfb-b133-ebc9d5df2435">
      <Execution id="e7c3ed34-d759-4b09-9a35-b575e0c77743" />
      <TestMethod codeBase="/home/adam/Dev/omega-spiral/chapter-zero/.godot/mono/temp/bin/Debug/chapter-zero.dll" adapterTypeName="executor://gdunit4.testadapter/" className="OmegaSpiral.Tests.Integration.Ui.OmegaUiTests" name="PhosphorLayerPath_HasDefault" />
    </UnitTest>
    <UnitTest name="UpdatedreamweaverscoreHandlesnegativechanges" storage="/home/adam/dev/omega-spiral/chapter-zero/.godot/mono/temp/bin/debug/chapter-zero.dll" id="8747850d-fc94-4543-a381-09737e2da48f">
      <Execution id="c3b18180-3e4f-4ab5-ac77-f9f494a5644d" />
      <TestMethod codeBase="/home/adam/Dev/omega-spiral/chapter-zero/.godot/mono/temp/bin/Debug/chapter-zero.dll" adapterTypeName="executor://gdunit4.testadapter/" className="OmegaSpiral.Tests.Unit.Common.GameStateTests" name="UpdatedreamweaverscoreHandlesnegativechanges" />
    </UnitTest>
    <UnitTest name="GetPlan_ReturnsNonNull" storage="/home/adam/dev/omega-spiral/chapter-zero/.godot/mono/temp/bin/debug/chapter-zero.dll" id="61a2bce6-4abe-4b69-ba88-471e71e91415">
      <Execution id="03077565-1d81-4552-9f5a-fb69eaef384b" />
      <TestMethod codeBase="/home/adam/Dev/omega-spiral/chapter-zero/.godot/mono/temp/bin/Debug/chapter-zero.dll" adapterTypeName="executor://gdunit4.testadapter/" className="OmegaSpiral.Tests.Stages.Stage2.NethackDirectorTests" name="GetPlan_ReturnsNonNull" />
    </UnitTest>
    <UnitTest name="TextDisplay_AndChoiceInput_DontInterfere" storage="/home/adam/dev/omega-spiral/chapter-zero/.godot/mono/temp/bin/debug/chapter-zero.dll" id="4592c34b-6a3f-4cfd-8782-4fee018dc080">
      <Execution id="23700870-7d23-484d-9812-fc907a1300fa" />
      <TestMethod codeBase="/home/adam/Dev/omega-spiral/chapter-zero/.godot/mono/temp/bin/Debug/chapter-zero.dll" adapterTypeName="executor://gdunit4.testadapter/" className="OmegaSpiral.Tests.Integration.Common.TerminalIntegrationTests" name="TextDisplay_AndChoiceInput_DontInterfere" />
    </UnitTest>
    <UnitTest name="MenuTitle_Exists" storage="/home/adam/dev/omega-spiral/chapter-zero/.godot/mono/temp/bin/debug/chapter-zero.dll" id="fac80ce3-d3ce-4a47-acb1-46b4b00a07b0">
      <Execution id="823e7c96-ad59-4145-bfc7-08128974d75e" />
      <TestMethod codeBase="/home/adam/Dev/omega-spiral/chapter-zero/.godot/mono/temp/bin/Debug/chapter-zero.dll" adapterTypeName="executor://gdunit4.testadapter/" className="OmegaSpiral.Tests.Integration.Ui.MenuUiTests" name="MenuTitle_Exists" />
    </UnitTest>
    <UnitTest name="ContentContainer_IsDirectChild" storage="/home/adam/dev/omega-spiral/chapter-zero/.godot/mono/temp/bin/debug/chapter-zero.dll" id="d8fc12b5-c078-4bef-ad14-4b985cb25ec1">
      <Execution id="bce1e2b6-39fc-4c04-b659-a8b1a0ca9333" />
      <TestMethod codeBase="/home/adam/Dev/omega-spiral/chapter-zero/.godot/mono/temp/bin/Debug/chapter-zero.dll" adapterTypeName="executor://gdunit4.testadapter/" className="OmegaSpiral.Tests.Integration.Ui.OmegaUiTests" name="ContentContainer_IsDirectChild" />
    </UnitTest>
    <UnitTest name="ResetShaderEffects_AfterApplyingPreset_RemovesMaterial" storage="/home/adam/dev/omega-spiral/chapter-zero/.godot/mono/temp/bin/debug/chapter-zero.dll" id="7b37ab8d-adf0-4b6b-867c-9fde77cff883">
      <Execution id="c2ccd22d-a52e-420c-8d41-3ee5905507ed" />
      <TestMethod codeBase="/home/adam/Dev/omega-spiral/chapter-zero/.godot/mono/temp/bin/Debug/chapter-zero.dll" adapterTypeName="executor://gdunit4.testadapter/" className="OmegaSpiral.Tests.Unit.Common.Terminal.TerminalShaderControllerTests" name="ResetShaderEffects_AfterApplyingPreset_RemovesMaterial" />
    </UnitTest>
    <UnitTest name="GethighestscoringdreamweaverReturnscorrectdreamweaver" storage="/home/adam/dev/omega-spiral/chapter-zero/.godot/mono/temp/bin/debug/chapter-zero.dll" id="2c2d7479-3ffc-4e10-b38c-aa5ad5c491f1">
      <Execution id="bc65a888-91ef-4484-bfa4-f8fa650a2413" />
      <TestMethod codeBase="/home/adam/Dev/omega-spiral/chapter-zero/.godot/mono/temp/bin/Debug/chapter-zero.dll" adapterTypeName="executor://gdunit4.testadapter/" className="OmegaSpiral.Tests.Unit.Common.GameStateTests" name="GethighestscoringdreamweaverReturnscorrectdreamweaver" />
    </UnitTest>
    <UnitTest name="IsAnimating_WhenNotAnimating_ReturnsFalse" storage="/home/adam/dev/omega-spiral/chapter-zero/.godot/mono/temp/bin/debug/chapter-zero.dll" id="89a31c53-93dd-4b2a-bb62-924a6089e425">
      <Execution id="6b5d2c95-b19a-4c0c-8b8c-0709dbcc4526" />
      <TestMethod codeBase="/home/adam/Dev/omega-spiral/chapter-zero/.godot/mono/temp/bin/Debug/chapter-zero.dll" adapterTypeName="executor://gdunit4.testadapter/" className="OmegaSpiral.Tests.Unit.Common.Terminal.TerminalTextRendererTests" name="IsAnimating_WhenNotAnimating_ReturnsFalse" />
    </UnitTest>
    <UnitTest name="ContentContainer_WithinBounds" storage="/home/adam/dev/omega-spiral/chapter-zero/.godot/mono/temp/bin/debug/chapter-zero.dll" id="4f362fde-2e34-45d3-9bb5-b19cb0bd2857">
      <Execution id="a47920cc-c68c-441c-adb4-20ed43177809" />
      <TestMethod codeBase="/home/adam/Dev/omega-spiral/chapter-zero/.godot/mono/temp/bin/Debug/chapter-zero.dll" adapterTypeName="executor://gdunit4.testadapter/" className="OmegaSpiral.Tests.Integration.Ui.TerminalUITests" name="ContentContainer_WithinBounds" />
    </UnitTest>
    <UnitTest name="Bezel_FillsViewportWithBackground" storage="/home/adam/dev/omega-spiral/chapter-zero/.godot/mono/temp/bin/debug/chapter-zero.dll" id="a3e3bd09-0160-458d-a32a-0961f37325cc">
      <Execution id="08cffc99-9089-43f0-aff1-6747550c9561" />
      <TestMethod codeBase="/home/adam/Dev/omega-spiral/chapter-zero/.godot/mono/temp/bin/Debug/chapter-zero.dll" adapterTypeName="executor://gdunit4.testadapter/" className="OmegaSpiral.Tests.Ui.Terminal.TerminalWindowFrameLayoutTests" name="Bezel_FillsViewportWithBackground" />
    </UnitTest>
    <UnitTest name="Text_UsesCenterAlignment" storage="/home/adam/dev/omega-spiral/chapter-zero/.godot/mono/temp/bin/debug/chapter-zero.dll" id="87908779-63cb-4dd7-a0e8-b53bee9f8a2c">
      <Execution id="b1329f76-5b91-4854-9c8f-468ab48c4e6e" />
      <TestMethod codeBase="/home/adam/Dev/omega-spiral/chapter-zero/.godot/mono/temp/bin/Debug/chapter-zero.dll" adapterTypeName="executor://gdunit4.testadapter/" className="OmegaSpiral.Tests.Integration.Ui.Menus.MainMenuTests" name="Text_UsesCenterAlignment" />
    </UnitTest>
    <UnitTest name="TextDisplayPath_HasDefault" storage="/home/adam/dev/omega-spiral/chapter-zero/.godot/mono/temp/bin/debug/chapter-zero.dll" id="805b8ebf-8c4c-4ae5-8387-38478703e8d8">
      <Execution id="6e96945f-5cc4-47db-a3f0-62d43749ad4f" />
      <TestMethod codeBase="/home/adam/Dev/omega-spiral/chapter-zero/.godot/mono/temp/bin/Debug/chapter-zero.dll" adapterTypeName="executor://gdunit4.testadapter/" className="OmegaSpiral.Tests.Integration.Ui.OmegaUiTests" name="TextDisplayPath_HasDefault" />
    </UnitTest>
    <UnitTest name="TerminalInput_AcceptsSelection_ReturnsCorrectIndex" storage="/home/adam/dev/omega-spiral/chapter-zero/.godot/mono/temp/bin/debug/chapter-zero.dll" id="6618d47b-4d32-40dd-9dc1-c18dbf3f3f6e">
      <Execution id="bbfdbaf2-1d30-417c-a31e-6e64f9274c59" />
      <TestMethod codeBase="/home/adam/Dev/omega-spiral/chapter-zero/.godot/mono/temp/bin/Debug/chapter-zero.dll" adapterTypeName="executor://gdunit4.testadapter/" className="OmegaSpiral.Tests.Integration.Common.TerminalIntegrationTests" name="TerminalInput_AcceptsSelection_ReturnsCorrectIndex" />
    </UnitTest>
    <UnitTest name="TerminalWindow_CanBeAddedToGroups" storage="/home/adam/dev/omega-spiral/chapter-zero/.godot/mono/temp/bin/debug/chapter-zero.dll" id="f4f8adb9-c890-4f3b-aa25-b9d27b9b9808">
      <Execution id="c68130ff-06a0-4743-81d0-8c1d1b358f51" />
      <TestMethod codeBase="/home/adam/Dev/omega-spiral/chapter-zero/.godot/mono/temp/bin/Debug/chapter-zero.dll" adapterTypeName="executor://gdunit4.testadapter/" className="TerminalWindowTestsNew" name="TerminalWindow_CanBeAddedToGroups" />
    </UnitTest>
    <UnitTest name="CreditsMenu_FocusesBackButton" storage="/home/adam/dev/omega-spiral/chapter-zero/.godot/mono/temp/bin/debug/chapter-zero.dll" id="003fddb7-d767-4c44-a9a7-b88fcc48c783">
      <Execution id="ae2913ab-7878-4f3c-8a52-df1c60136931" />
      <TestMethod codeBase="/home/adam/Dev/omega-spiral/chapter-zero/.godot/mono/temp/bin/Debug/chapter-zero.dll" adapterTypeName="executor://gdunit4.testadapter/" className="OmegaSpiral.Tests.Integration.Ui.CreditsMenuTests" name="CreditsMenu_FocusesBackButton" />
    </UnitTest>
  </TestDefinitions>
  <TestEntries>
    <TestEntry testId="2f7f2b6b-ef30-4dc7-b3b8-a142cd5e2478" executionId="68ec1119-68d3-42f6-ab0c-1ba6a239eec1" testListId="8c84fa94-04c1-424b-9868-57a2d4851a1d" />
    <TestEntry testId="003fddb7-d767-4c44-a9a7-b88fcc48c783" executionId="ae2913ab-7878-4f3c-8a52-df1c60136931" testListId="8c84fa94-04c1-424b-9868-57a2d4851a1d" />
    <TestEntry testId="805b8ebf-8c4c-4ae5-8387-38478703e8d8" executionId="3d5c6045-b94f-4f49-9124-1dde545d75e5" testListId="8c84fa94-04c1-424b-9868-57a2d4851a1d" />
    <TestEntry testId="7de8ee44-d015-4fba-93e6-7ad00b78c8a5" executionId="d3bc4d96-c72e-4393-b393-986c0b4a3ecb" testListId="8c84fa94-04c1-424b-9868-57a2d4851a1d" />
    <TestEntry testId="8b38e362-83bc-4302-8a76-cb16d0c26612" executionId="0ce597ac-eaaa-44f0-ba97-5918b032a916" testListId="8c84fa94-04c1-424b-9868-57a2d4851a1d" />
    <TestEntry testId="b82739c3-6008-4c31-a5c4-50dc2a100528" executionId="1d20a7ee-a2f7-4763-9fba-62e0fe677e04" testListId="8c84fa94-04c1-424b-9868-57a2d4851a1d" />
    <TestEntry testId="f0032702-b9e8-4ae4-9896-a1976bb444a1" executionId="cb2821c5-71ef-4bef-880a-82aa9fe47b33" testListId="8c84fa94-04c1-424b-9868-57a2d4851a1d" />
    <TestEntry testId="e1a6a6bb-d190-4ef7-b913-a4cf04c38e81" executionId="01a909af-65cb-41e4-a964-9f1afc40cb10" testListId="8c84fa94-04c1-424b-9868-57a2d4851a1d" />
    <TestEntry testId="21a8a002-8964-45aa-8853-2057d79a76cf" executionId="1851ddab-73ea-401e-88f4-7f15eb62801a" testListId="8c84fa94-04c1-424b-9868-57a2d4851a1d" />
    <TestEntry testId="e90a2e47-744f-456e-908e-64c960637dc1" executionId="f56c39d8-07c8-4834-91f6-56ee3b5ef0cd" testListId="8c84fa94-04c1-424b-9868-57a2d4851a1d" />
    <TestEntry testId="8657b6e5-4f51-45c6-8ccf-4be87f5ff305" executionId="06dc3459-bcdc-4989-8a45-ff0cd7c6824d" testListId="8c84fa94-04c1-424b-9868-57a2d4851a1d" />
    <TestEntry testId="aef02711-6d36-4a84-b9c7-caeca0ef2c6d" executionId="63e2f760-577f-42e0-9c6e-f0b400bcf97e" testListId="8c84fa94-04c1-424b-9868-57a2d4851a1d" />
    <TestEntry testId="382e8e84-9175-4ffa-b63e-fcb360ff6122" executionId="d8dba041-fb56-4bd8-b010-4659737f870e" testListId="8c84fa94-04c1-424b-9868-57a2d4851a1d" />
    <TestEntry testId="382e8e84-9175-4ffa-b63e-fcb360ff6122" executionId="989d6c49-4c79-4102-a08e-b3881b7f5208" testListId="8c84fa94-04c1-424b-9868-57a2d4851a1d" />
    <TestEntry testId="e333887f-48d9-4b05-830b-fbf3d70cc81d" executionId="d830fbb4-3552-4e92-9eb6-28fef1c57e23" testListId="8c84fa94-04c1-424b-9868-57a2d4851a1d" />
    <TestEntry testId="096d2f9f-7c5f-4a52-925e-d82874df1749" executionId="c16f3733-6910-4e62-956f-15bdf6e09f35" testListId="8c84fa94-04c1-424b-9868-57a2d4851a1d" />
    <TestEntry testId="2a46e688-79f5-40f1-a8ef-3f178bed52b1" executionId="3d7f28c5-c89c-4e77-9c10-31801d658a39" testListId="8c84fa94-04c1-424b-9868-57a2d4851a1d" />
    <TestEntry testId="9d2e9445-d93b-4a77-8bdc-2eb6b4943924" executionId="7f1247dc-a629-4817-b7f3-323c0fb99760" testListId="8c84fa94-04c1-424b-9868-57a2d4851a1d" />
    <TestEntry testId="4285828a-1743-4b55-be4b-bb93922c5bb2" executionId="04323020-e7c8-4455-ad8f-369c161bfd51" testListId="8c84fa94-04c1-424b-9868-57a2d4851a1d" />
    <TestEntry testId="c1d04021-0876-4e6e-93c1-1a6f062db9df" executionId="ca291ea9-8205-4ef6-a152-61f23c5f4030" testListId="8c84fa94-04c1-424b-9868-57a2d4851a1d" />
    <TestEntry testId="7a4808fe-c932-454e-9f30-c0a755dfdcb3" executionId="0369f31c-c7b7-4b1b-80eb-17a96008df64" testListId="8c84fa94-04c1-424b-9868-57a2d4851a1d" />
    <TestEntry testId="2b73e095-a7f6-4071-b083-82f2560984b1" executionId="c1f3173f-3140-4cba-aa46-7b61804e2e86" testListId="8c84fa94-04c1-424b-9868-57a2d4851a1d" />
    <TestEntry testId="58de3984-46c3-47f3-b341-e8f1cb44a93a" executionId="9edf0bb9-a515-4c1d-86a0-d1629b421ac4" testListId="8c84fa94-04c1-424b-9868-57a2d4851a1d" />
    <TestEntry testId="d0de3826-2f15-4208-87df-3734fa2f8963" executionId="e4a3628b-9da8-49be-9ba0-2327bbcac2b1" testListId="8c84fa94-04c1-424b-9868-57a2d4851a1d" />
    <TestEntry testId="a9bd1254-7a5c-44fc-baf3-02dc24b7163e" executionId="e9ed2e3b-2f12-4498-b62e-8a56318123aa" testListId="8c84fa94-04c1-424b-9868-57a2d4851a1d" />
    <TestEntry testId="48a819e7-f522-41b2-847e-d2228ec845d7" executionId="199bdec4-b31d-490c-909e-59bc15c586ba" testListId="8c84fa94-04c1-424b-9868-57a2d4851a1d" />
    <TestEntry testId="098c5fd4-7441-4029-b2a4-1c6de45f2a44" executionId="91afcb26-f439-469a-9e03-cadf5ca0212c" testListId="8c84fa94-04c1-424b-9868-57a2d4851a1d" />
    <TestEntry testId="158a51fc-547c-492c-9ab4-efa8d309d118" executionId="8bd8e672-186c-4adf-b61a-1b910d527640" testListId="8c84fa94-04c1-424b-9868-57a2d4851a1d" />
    <TestEntry testId="135ce941-2f02-4123-898e-84b9335fe677" executionId="9d36d67e-9e14-4299-aafe-d2902f514e1b" testListId="8c84fa94-04c1-424b-9868-57a2d4851a1d" />
    <TestEntry testId="d506a8df-45e0-47e7-8db9-d1a5d3fc891f" executionId="b27ed7e2-cd0a-4f1c-ad52-dbef9a46323c" testListId="8c84fa94-04c1-424b-9868-57a2d4851a1d" />
    <TestEntry testId="8d60aedc-a649-4d7e-a2f7-94779a8bee7a" executionId="09de0572-e384-4631-b139-5243f3884349" testListId="8c84fa94-04c1-424b-9868-57a2d4851a1d" />
    <TestEntry testId="cf64f248-594e-4c3f-941d-5bef01c5de48" executionId="813a4579-1401-41d6-ae00-cd494a644a4a" testListId="8c84fa94-04c1-424b-9868-57a2d4851a1d" />
    <TestEntry testId="3b696f2c-b42b-46c3-82ed-ef01e304f2f0" executionId="bf15e1d6-0a3b-4ab3-8263-72b9350d3567" testListId="8c84fa94-04c1-424b-9868-57a2d4851a1d" />
    <TestEntry testId="e582db70-a37f-4a12-a5ec-4fef472f0bb8" executionId="75d9fdbf-3948-470e-b94d-b6ea2fd0f64f" testListId="8c84fa94-04c1-424b-9868-57a2d4851a1d" />
    <TestEntry testId="f9c01979-321e-4940-a214-7b8abd486f86" executionId="603b2669-2358-42a0-99c4-342bb6dba20a" testListId="8c84fa94-04c1-424b-9868-57a2d4851a1d" />
    <TestEntry testId="89a31c53-93dd-4b2a-bb62-924a6089e425" executionId="6b5d2c95-b19a-4c0c-8b8c-0709dbcc4526" testListId="8c84fa94-04c1-424b-9868-57a2d4851a1d" />
    <TestEntry testId="2e445fcf-f48e-42ef-8936-ef1a8f2f2d6e" executionId="f2474b0c-5b00-4dd4-a964-5235e23705c2" testListId="8c84fa94-04c1-424b-9868-57a2d4851a1d" />
    <TestEntry testId="50fa60b0-5514-4293-9d40-2fac272f3fce" executionId="34638905-70cb-4715-9405-e8f89cc94369" testListId="8c84fa94-04c1-424b-9868-57a2d4851a1d" />
    <TestEntry testId="785827c7-48cf-4bfb-b133-ebc9d5df2435" executionId="e7c3ed34-d759-4b09-9a35-b575e0c77743" testListId="8c84fa94-04c1-424b-9868-57a2d4851a1d" />
    <TestEntry testId="4ea6a1b6-e8d6-4b20-9a36-9af95390cf08" executionId="d9ba6868-2fe3-4ff9-a465-94aa4a5fc49a" testListId="8c84fa94-04c1-424b-9868-57a2d4851a1d" />
    <TestEntry testId="12de98c9-e011-4a3e-aeb8-7c1da6a5d769" executionId="76204978-dbd6-4bef-8e0b-8d6c6a32b517" testListId="8c84fa94-04c1-424b-9868-57a2d4851a1d" />
    <TestEntry testId="0c3c2aa9-5b0d-4850-bf4f-0780dc8ad56f" executionId="d57ea2f8-d041-4267-8ba3-cbe90e1a9cd6" testListId="8c84fa94-04c1-424b-9868-57a2d4851a1d" />
    <TestEntry testId="1fdc7479-a38a-4c19-83b2-e199c507e26f" executionId="047e9c56-f557-42d0-aded-43c3c6630e86" testListId="8c84fa94-04c1-424b-9868-57a2d4851a1d" />
    <TestEntry testId="50298cae-1a95-43a6-a5da-cebc329f7d41" executionId="8a3a3620-2627-4e84-8026-5d0d53bfc8d6" testListId="8c84fa94-04c1-424b-9868-57a2d4851a1d" />
    <TestEntry testId="43c0074c-e80e-4d38-90b2-fa290f5db782" executionId="b0381988-11ee-40af-9ec4-b67b37c4a79e" testListId="8c84fa94-04c1-424b-9868-57a2d4851a1d" />
    <TestEntry testId="893a907a-b49f-4039-9a5c-33c27f7cd5a1" executionId="ee162c6f-8216-44c9-b032-892cc0b3f3fd" testListId="8c84fa94-04c1-424b-9868-57a2d4851a1d" />
    <TestEntry testId="23aa5f76-fb40-4bf8-8f4f-44a17310832a" executionId="47a58c0c-d615-46aa-8bd9-57e5966c0ca1" testListId="8c84fa94-04c1-424b-9868-57a2d4851a1d" />
    <TestEntry testId="135ce941-2f02-4123-898e-84b9335fe677" executionId="bbe53962-de81-46d0-8ee7-ac344b53f68c" testListId="8c84fa94-04c1-424b-9868-57a2d4851a1d" />
    <TestEntry testId="cf64f248-594e-4c3f-941d-5bef01c5de48" executionId="1cf56141-41b9-42a3-8a95-75b33adbd3af" testListId="8c84fa94-04c1-424b-9868-57a2d4851a1d" />
    <TestEntry testId="0204db3a-300d-4af3-8180-a0cb419e56cc" executionId="2e875e9f-36d2-4167-b662-879e0bac4903" testListId="8c84fa94-04c1-424b-9868-57a2d4851a1d" />
    <TestEntry testId="229799b7-b6df-49b5-8943-37afe0461d80" executionId="b1f6e6af-62b1-4949-b2af-c746eaec6f1c" testListId="8c84fa94-04c1-424b-9868-57a2d4851a1d" />
    <TestEntry testId="1e2ca2aa-1bf1-4fc8-9bea-9822d333bc3e" executionId="a1bb7be7-86fa-4869-aac4-3096147cfc8f" testListId="8c84fa94-04c1-424b-9868-57a2d4851a1d" />
    <TestEntry testId="fe0a8e7f-1c5f-4833-ac2e-388d877ebdfd" executionId="59ac408e-448a-4bff-bbfd-0012161d02ce" testListId="8c84fa94-04c1-424b-9868-57a2d4851a1d" />
    <TestEntry testId="30f82a21-276d-4203-ad95-b0b1732a4085" executionId="353d97d1-e2a8-4bec-a1a5-c0dcf7b08dc7" testListId="8c84fa94-04c1-424b-9868-57a2d4851a1d" />
    <TestEntry testId="88ea7a77-3a0a-412c-8c6d-dc8c69d91ef8" executionId="074e762e-b948-4825-8f3b-fd0ab187e98f" testListId="8c84fa94-04c1-424b-9868-57a2d4851a1d" />
    <TestEntry testId="611929d0-45a1-4955-96b5-95ec6e03a108" executionId="62420cfa-ece9-466e-bb6d-8ccb3b02f838" testListId="8c84fa94-04c1-424b-9868-57a2d4851a1d" />
    <TestEntry testId="4f362fde-2e34-45d3-9bb5-b19cb0bd2857" executionId="a47920cc-c68c-441c-adb4-20ed43177809" testListId="8c84fa94-04c1-424b-9868-57a2d4851a1d" />
    <TestEntry testId="2e445fcf-f48e-42ef-8936-ef1a8f2f2d6e" executionId="a655005a-ae74-48ba-a620-f1eb3d0acc3a" testListId="8c84fa94-04c1-424b-9868-57a2d4851a1d" />
    <TestEntry testId="c6a0b764-d63d-4a6f-95a1-eb1c019dc2fe" executionId="71dd2b65-fa21-46ac-a5ae-1305cf343abb" testListId="8c84fa94-04c1-424b-9868-57a2d4851a1d" />
    <TestEntry testId="7b37ab8d-adf0-4b6b-867c-9fde77cff883" executionId="c2ccd22d-a52e-420c-8d41-3ee5905507ed" testListId="8c84fa94-04c1-424b-9868-57a2d4851a1d" />
    <TestEntry testId="f5cdea7e-1f1a-4fb3-bb39-b3e0dc22610e" executionId="2f9aca2e-9ef1-4ce2-b140-8ca60d454c15" testListId="8c84fa94-04c1-424b-9868-57a2d4851a1d" />
    <TestEntry testId="a08b3c37-3224-40e1-ad5a-b14c5a01fd94" executionId="e6359304-5812-4fc0-9509-b97a63571143" testListId="8c84fa94-04c1-424b-9868-57a2d4851a1d" />
    <TestEntry testId="1fdc7479-a38a-4c19-83b2-e199c507e26f" executionId="17e5c380-8371-47b0-b982-5cb04fcd86b7" testListId="8c84fa94-04c1-424b-9868-57a2d4851a1d" />
    <TestEntry testId="ea5f12a5-fa13-4bdf-ad2c-51da877be7b4" executionId="1dfc293a-e5a9-4bd8-a0bd-3cad5b88a270" testListId="8c84fa94-04c1-424b-9868-57a2d4851a1d" />
    <TestEntry testId="1c2bcb68-f7c1-492f-87d6-b390d97bcb9e" executionId="450dcd2d-4d96-4da9-bd68-8a1967be6e7f" testListId="8c84fa94-04c1-424b-9868-57a2d4851a1d" />
    <TestEntry testId="6d1c79ee-2752-42d1-ba93-0ca10b3c86ed" executionId="33af6764-c764-41c8-8d8f-cdb436fc3bb4" testListId="8c84fa94-04c1-424b-9868-57a2d4851a1d" />
    <TestEntry testId="cc739285-051e-4c1c-9ae7-4b61bb1ede9a" executionId="d63ccffb-96b4-40c6-8692-d781072172ac" testListId="8c84fa94-04c1-424b-9868-57a2d4851a1d" />
    <TestEntry testId="a1b5fff2-056e-4ca9-a568-9ea5561e531c" executionId="7312a93e-f1bf-4bec-9c05-a577cc7adddd" testListId="8c84fa94-04c1-424b-9868-57a2d4851a1d" />
    <TestEntry testId="fac80ce3-d3ce-4a47-acb1-46b4b00a07b0" executionId="823e7c96-ad59-4145-bfc7-08128974d75e" testListId="8c84fa94-04c1-424b-9868-57a2d4851a1d" />
    <TestEntry testId="3917f2fc-e1a8-4d85-aa6b-f1143589250f" executionId="9afbf215-489a-495f-ac0c-add68f42b66c" testListId="8c84fa94-04c1-424b-9868-57a2d4851a1d" />
    <TestEntry testId="67bba415-5c64-4f2c-bff1-2e6b61dd3bd0" executionId="91fbc425-9263-43ed-9006-92951d6b0beb" testListId="8c84fa94-04c1-424b-9868-57a2d4851a1d" />
    <TestEntry testId="be055c64-2af3-48bb-84e5-ac4ce71b813a" executionId="8181a1a4-45f7-4081-99da-c954007ec283" testListId="8c84fa94-04c1-424b-9868-57a2d4851a1d" />
    <TestEntry testId="61a2bce6-4abe-4b69-ba88-471e71e91415" executionId="03077565-1d81-4552-9f5a-fb69eaef384b" testListId="8c84fa94-04c1-424b-9868-57a2d4851a1d" />
    <TestEntry testId="551b8110-83cc-4aad-ada6-aa617a0175c6" executionId="73dcccfa-2b83-4cc0-bce1-263dd573eda3" testListId="8c84fa94-04c1-424b-9868-57a2d4851a1d" />
    <TestEntry testId="d87577aa-31e0-4546-8696-79344f1d7e33" executionId="ebfe5085-8efa-4a05-8a0f-3bb24f552de1" testListId="8c84fa94-04c1-424b-9868-57a2d4851a1d" />
    <TestEntry testId="c2b4a871-6b5f-4b72-b587-56563716deca" executionId="de7023bb-95eb-4fb8-a923-39b5365a6012" testListId="8c84fa94-04c1-424b-9868-57a2d4851a1d" />
    <TestEntry testId="58aaf37e-43d3-4676-9087-a047af02e3a8" executionId="44bac8e0-576a-419d-a426-5fc7338876af" testListId="8c84fa94-04c1-424b-9868-57a2d4851a1d" />
    <TestEntry testId="fad46e58-1db7-4105-affc-baaf306a0101" executionId="5d842d66-14f7-4849-8553-5f5d088d454b" testListId="8c84fa94-04c1-424b-9868-57a2d4851a1d" />
    <TestEntry testId="d927fb26-b1bc-49d2-a5c8-a48ca257dc95" executionId="36bd9df3-81ce-4a1d-83f8-d2ed07f1eebf" testListId="8c84fa94-04c1-424b-9868-57a2d4851a1d" />
    <TestEntry testId="73b71969-3721-4130-8c52-584ab386976c" executionId="28c65610-1fe2-40aa-abeb-8fcaeca1940b" testListId="8c84fa94-04c1-424b-9868-57a2d4851a1d" />
    <TestEntry testId="66ebab1a-5405-4d6a-a33e-c9d87b370c0b" executionId="35c5803f-0d1b-4cf3-baba-ea2b904bead5" testListId="8c84fa94-04c1-424b-9868-57a2d4851a1d" />
    <TestEntry testId="8b38e362-83bc-4302-8a76-cb16d0c26612" executionId="d0b8c55c-ba7a-4b92-a0be-1b36d0f22113" testListId="8c84fa94-04c1-424b-9868-57a2d4851a1d" />
    <TestEntry testId="4b33e314-3dd0-463a-80a0-89bd6d935730" executionId="dfca2d42-1775-455f-86d8-da1bd4e2611a" testListId="8c84fa94-04c1-424b-9868-57a2d4851a1d" />
    <TestEntry testId="a62115f3-6f35-4237-9935-6d7e10addbcc" executionId="4e03b8bc-1a0e-43e2-a8ec-c15a60030167" testListId="8c84fa94-04c1-424b-9868-57a2d4851a1d" />
    <TestEntry testId="11d6ada8-e5d8-4c4c-99e0-c46242fb4c1a" executionId="8bb1b579-d850-49bd-afa6-bf7a9c147215" testListId="8c84fa94-04c1-424b-9868-57a2d4851a1d" />
    <TestEntry testId="b844631e-9c69-49db-822a-6758c75ee2e1" executionId="c086dea7-99bb-46af-87d1-e7f46720589c" testListId="8c84fa94-04c1-424b-9868-57a2d4851a1d" />
    <TestEntry testId="7d463adf-90fb-4f96-abb4-6fae309dac66" executionId="94fc0c23-16fb-42cf-a250-7267f1cb051a" testListId="8c84fa94-04c1-424b-9868-57a2d4851a1d" />
    <TestEntry testId="d506a8df-45e0-47e7-8db9-d1a5d3fc891f" executionId="2164cdd6-0663-4848-af71-b7f0e65325fb" testListId="8c84fa94-04c1-424b-9868-57a2d4851a1d" />
    <TestEntry testId="fe0a8e7f-1c5f-4833-ac2e-388d877ebdfd" executionId="061a182e-1db3-4b78-9be2-aa846189b372" testListId="8c84fa94-04c1-424b-9868-57a2d4851a1d" />
    <TestEntry testId="eaad6042-f0ef-4396-9367-54eab9bc8fe9" executionId="c94e603a-61f5-4e62-ad1c-2410a680a492" testListId="8c84fa94-04c1-424b-9868-57a2d4851a1d" />
    <TestEntry testId="62fe23ce-1c87-4c24-9094-db6983985ab6" executionId="885b7a34-3786-4a54-a5a7-edd15df62ed0" testListId="8c84fa94-04c1-424b-9868-57a2d4851a1d" />
    <TestEntry testId="c0caf962-23fa-4bf9-a842-aced24428719" executionId="6a073c3b-fe99-4389-b812-75772345dc1e" testListId="8c84fa94-04c1-424b-9868-57a2d4851a1d" />
    <TestEntry testId="c3ce54d8-b069-4013-8051-650940683b9c" executionId="3111dc90-da7f-489e-8c67-baf11cff94c5" testListId="8c84fa94-04c1-424b-9868-57a2d4851a1d" />
    <TestEntry testId="9f44d3eb-a003-4e6c-91d4-4add7173babb" executionId="2f63f418-dc56-41ad-bc8f-e9ff996f19b3" testListId="8c84fa94-04c1-424b-9868-57a2d4851a1d" />
    <TestEntry testId="7b37ab8d-adf0-4b6b-867c-9fde77cff883" executionId="1dba8e0f-6f2a-4b9a-a253-75ef791575be" testListId="8c84fa94-04c1-424b-9868-57a2d4851a1d" />
    <TestEntry testId="bdb9783f-a60b-404f-8756-221fd69e1f1f" executionId="cf17c2bc-9f1c-4568-9108-eb9c0888d555" testListId="8c84fa94-04c1-424b-9868-57a2d4851a1d" />
    <TestEntry testId="71382143-2945-45a0-b170-252498931537" executionId="d81bb94d-abc3-4166-97e3-7cc3bd9d0a22" testListId="8c84fa94-04c1-424b-9868-57a2d4851a1d" />
    <TestEntry testId="2c2d7479-3ffc-4e10-b38c-aa5ad5c491f1" executionId="bc65a888-91ef-4484-bfa4-f8fa650a2413" testListId="8c84fa94-04c1-424b-9868-57a2d4851a1d" />
    <TestEntry testId="62fe23ce-1c87-4c24-9094-db6983985ab6" executionId="9e28fc33-f21a-4b74-9612-c31b8b576e66" testListId="8c84fa94-04c1-424b-9868-57a2d4851a1d" />
    <TestEntry testId="9f48434e-b477-4781-b5de-7e86ea5cac11" executionId="e9f470ea-49c9-4538-af0d-9d8b2d2e9363" testListId="8c84fa94-04c1-424b-9868-57a2d4851a1d" />
    <TestEntry testId="f6f1db29-cafe-46d7-9771-825b2f0275b7" executionId="7d59ef84-01d9-4524-8707-f6564bb38c31" testListId="8c84fa94-04c1-424b-9868-57a2d4851a1d" />
    <TestEntry testId="10dbfd72-fb33-4bb3-9d2a-e6698c0cdb1a" executionId="0ba809fe-0083-4b57-8e29-9216926a0d68" testListId="8c84fa94-04c1-424b-9868-57a2d4851a1d" />
    <TestEntry testId="0b4933d9-059c-4075-87f4-f0cc0fb52256" executionId="78640604-1697-4420-bc68-bceb4d03e7bc" testListId="8c84fa94-04c1-424b-9868-57a2d4851a1d" />
    <TestEntry testId="785a16f4-b6a1-4886-9331-d6a7172a9674" executionId="0203b25b-e90a-4adc-bfb7-a2d7fe096ddf" testListId="8c84fa94-04c1-424b-9868-57a2d4851a1d" />
    <TestEntry testId="fc8e81ed-ec8c-4598-8b0d-6fcf3e962c97" executionId="ebaf14a6-a14f-4fe4-922d-0d9b704c3b53" testListId="8c84fa94-04c1-424b-9868-57a2d4851a1d" />
    <TestEntry testId="40da7309-51bb-4dfb-976c-659f17738125" executionId="8e378595-4819-4a14-9bd4-0c6e7028cbe9" testListId="8c84fa94-04c1-424b-9868-57a2d4851a1d" />
    <TestEntry testId="51ea4243-e900-4811-b008-ab38f86c645c" executionId="1b9eb7da-9e59-42f9-9c92-d157d84799b6" testListId="8c84fa94-04c1-424b-9868-57a2d4851a1d" />
    <TestEntry testId="23aa5f76-fb40-4bf8-8f4f-44a17310832a" executionId="011d8291-e1a5-4f1c-9587-1015fa43912e" testListId="8c84fa94-04c1-424b-9868-57a2d4851a1d" />
    <TestEntry testId="e19db2c8-98ae-445e-8285-f6118d1cd4b4" executionId="af15d4ac-2d5b-4971-bf15-bf2be02620e0" testListId="8c84fa94-04c1-424b-9868-57a2d4851a1d" />
    <TestEntry testId="619c66b8-647a-4011-b4a9-42d581c18696" executionId="37bd35c9-3b8f-46e0-be69-71518db2eac2" testListId="8c84fa94-04c1-424b-9868-57a2d4851a1d" />
    <TestEntry testId="87908779-63cb-4dd7-a0e8-b53bee9f8a2c" executionId="b1329f76-5b91-4854-9c8f-468ab48c4e6e" testListId="8c84fa94-04c1-424b-9868-57a2d4851a1d" />
    <TestEntry testId="0d4b201e-dab2-4b7d-a97f-6846414e575b" executionId="413474a0-ade8-45b3-8c08-95afed7e7584" testListId="8c84fa94-04c1-424b-9868-57a2d4851a1d" />
    <TestEntry testId="48a819e7-f522-41b2-847e-d2228ec845d7" executionId="e06c7dcd-62a3-44a7-a995-5945a4d9d038" testListId="8c84fa94-04c1-424b-9868-57a2d4851a1d" />
    <TestEntry testId="b6605709-64c6-41b3-b37d-dee911142d5b" executionId="dcbbb8cc-f2d7-4374-98f5-c692ff622ae5" testListId="8c84fa94-04c1-424b-9868-57a2d4851a1d" />
    <TestEntry testId="b844631e-9c69-49db-822a-6758c75ee2e1" executionId="120ee684-d6e3-4af5-a88d-c245188bff76" testListId="8c84fa94-04c1-424b-9868-57a2d4851a1d" />
    <TestEntry testId="e7eb7a5e-3c91-4a70-b3c4-7cdd2cd7a611" executionId="ff8189f9-645e-4ec2-8aa8-052c9c435b5a" testListId="8c84fa94-04c1-424b-9868-57a2d4851a1d" />
    <TestEntry testId="f6f1db29-cafe-46d7-9771-825b2f0275b7" executionId="7e8e1452-b585-4556-9a38-a2521b4d23e7" testListId="8c84fa94-04c1-424b-9868-57a2d4851a1d" />
    <TestEntry testId="d8fc12b5-c078-4bef-ad14-4b985cb25ec1" executionId="bce1e2b6-39fc-4c04-b659-a8b1a0ca9333" testListId="8c84fa94-04c1-424b-9868-57a2d4851a1d" />
    <TestEntry testId="d8fc12b5-c078-4bef-ad14-4b985cb25ec1" executionId="0d096081-a89f-4300-82b1-0c64adf94ef4" testListId="8c84fa94-04c1-424b-9868-57a2d4851a1d" />
    <TestEntry testId="162c62c4-d025-446c-9e0f-f17ee5c1a0da" executionId="f7ad99b0-10fa-465a-b89c-260af0acf1a8" testListId="8c84fa94-04c1-424b-9868-57a2d4851a1d" />
    <TestEntry testId="2b73e095-a7f6-4071-b083-82f2560984b1" executionId="4ed4838a-8033-4e85-8958-598878d37749" testListId="8c84fa94-04c1-424b-9868-57a2d4851a1d" />
    <TestEntry testId="f4f8adb9-c890-4f3b-aa25-b9d27b9b9808" executionId="c68130ff-06a0-4743-81d0-8c1d1b358f51" testListId="8c84fa94-04c1-424b-9868-57a2d4851a1d" />
    <TestEntry testId="426ca7a8-2af8-4620-b3c0-37a79c6301be" executionId="dbd65970-4549-4704-aae2-efe919dfb145" testListId="8c84fa94-04c1-424b-9868-57a2d4851a1d" />
    <TestEntry testId="4f362fde-2e34-45d3-9bb5-b19cb0bd2857" executionId="741f94aa-7518-437b-aad9-7133efc90fe1" testListId="8c84fa94-04c1-424b-9868-57a2d4851a1d" />
    <TestEntry testId="2f017908-7f02-4e98-97db-687b7ee713e9" executionId="3a971e93-1506-4570-8e8e-f2142b2ee3ee" testListId="8c84fa94-04c1-424b-9868-57a2d4851a1d" />
    <TestEntry testId="25e8215d-d931-40a4-a0e8-28b11a687663" executionId="e67f9b4d-8d7d-4d25-a1dd-ce0cf13c95e1" testListId="8c84fa94-04c1-424b-9868-57a2d4851a1d" />
    <TestEntry testId="a1b5fff2-056e-4ca9-a568-9ea5561e531c" executionId="483a7abb-e8fb-43db-83b6-60956a5f6eae" testListId="8c84fa94-04c1-424b-9868-57a2d4851a1d" />
    <TestEntry testId="0511831f-c302-4c6b-a6b2-0c4c00d360df" executionId="f1fea89b-9a5d-4b5e-a406-ec17a0117e67" testListId="8c84fa94-04c1-424b-9868-57a2d4851a1d" />
    <TestEntry testId="844fa2a0-03c9-44ff-958d-e57f7cbaad10" executionId="f07416f7-239c-4ee7-8466-3ff292c23c12" testListId="8c84fa94-04c1-424b-9868-57a2d4851a1d" />
    <TestEntry testId="9f48434e-b477-4781-b5de-7e86ea5cac11" executionId="88b2521c-34db-4f01-a76e-af641171a423" testListId="8c84fa94-04c1-424b-9868-57a2d4851a1d" />
    <TestEntry testId="3e7a5ee8-893f-4e99-b0eb-db139db632a5" executionId="033df739-dc95-44b9-bfe8-a3d5a0e3439c" testListId="8c84fa94-04c1-424b-9868-57a2d4851a1d" />
    <TestEntry testId="7a4808fe-c932-454e-9f30-c0a755dfdcb3" executionId="c5796f57-d08c-435d-9a04-4ab41d4907b2" testListId="8c84fa94-04c1-424b-9868-57a2d4851a1d" />
    <TestEntry testId="1c96ddd7-6b4c-4f49-9b9c-0a4a6b8cd48d" executionId="ef604ad4-0059-44c5-a0ce-df6faba3866a" testListId="8c84fa94-04c1-424b-9868-57a2d4851a1d" />
    <TestEntry testId="39eae8b2-02db-4964-9247-4c2e3f3fbff6" executionId="7ea08a1c-cd0b-4217-a3ba-ce9bf3bedff8" testListId="8c84fa94-04c1-424b-9868-57a2d4851a1d" />
    <TestEntry testId="aef02711-6d36-4a84-b9c7-caeca0ef2c6d" executionId="f9933afc-bfc0-4b3f-a448-876230faed6a" testListId="8c84fa94-04c1-424b-9868-57a2d4851a1d" />
    <TestEntry testId="60aee972-5eb1-4cd7-bc91-2236ac63c680" executionId="76371852-dc0d-40c2-9c47-edf1713e1fe9" testListId="8c84fa94-04c1-424b-9868-57a2d4851a1d" />
    <TestEntry testId="36e01349-c31c-4a07-93f2-adeb2b7b7031" executionId="2da41b7b-4741-4eb5-bda9-18ef5e38174d" testListId="8c84fa94-04c1-424b-9868-57a2d4851a1d" />
    <TestEntry testId="bdec14e9-9633-4780-a32e-aa61e919c23b" executionId="57930ce6-9162-4679-bf0a-83ed72f3e897" testListId="8c84fa94-04c1-424b-9868-57a2d4851a1d" />
    <TestEntry testId="3b696f2c-b42b-46c3-82ed-ef01e304f2f0" executionId="3a0fa5e0-906a-4a5f-9c11-634a29c62237" testListId="8c84fa94-04c1-424b-9868-57a2d4851a1d" />
    <TestEntry testId="12de98c9-e011-4a3e-aeb8-7c1da6a5d769" executionId="dfcbc12e-f036-4419-8fd0-30f4070805ff" testListId="8c84fa94-04c1-424b-9868-57a2d4851a1d" />
    <TestEntry testId="5719ba57-423e-4244-aca9-432278cc1d3e" executionId="f7a28e6e-2745-42a6-8a03-016dce0fa647" testListId="8c84fa94-04c1-424b-9868-57a2d4851a1d" />
    <TestEntry testId="92c4837d-9635-4796-819d-218d08d85020" executionId="33b6a920-188d-4e47-be18-181ef466ccf6" testListId="8c84fa94-04c1-424b-9868-57a2d4851a1d" />
    <TestEntry testId="6618d47b-4d32-40dd-9dc1-c18dbf3f3f6e" executionId="bbfdbaf2-1d30-417c-a31e-6e64f9274c59" testListId="8c84fa94-04c1-424b-9868-57a2d4851a1d" />
    <TestEntry testId="1c2bcb68-f7c1-492f-87d6-b390d97bcb9e" executionId="6241083a-d9e4-46bf-a4c6-fb814c5780ab" testListId="8c84fa94-04c1-424b-9868-57a2d4851a1d" />
    <TestEntry testId="d0526b07-a327-4a32-a224-93df1afbf89f" executionId="6aebe1d5-4bb4-4ea5-ab86-f2c4c73e382a" testListId="8c84fa94-04c1-424b-9868-57a2d4851a1d" />
    <TestEntry testId="c28d303d-38cf-4e25-a423-999c343cfc89" executionId="92903c03-fda3-443a-811f-d5afb36bb620" testListId="8c84fa94-04c1-424b-9868-57a2d4851a1d" />
    <TestEntry testId="541bc5ff-316c-40ac-859e-2126ff5c06c5" executionId="f366d487-c76b-41de-ae63-702001c123f3" testListId="8c84fa94-04c1-424b-9868-57a2d4851a1d" />
    <TestEntry testId="22931cca-a312-42b1-b00d-a4710c7fd904" executionId="7eb89284-97e3-4edc-a21a-d533674dfd17" testListId="8c84fa94-04c1-424b-9868-57a2d4851a1d" />
    <TestEntry testId="3e65bad0-1dfe-4a8f-b282-2a134f6fca7f" executionId="4cbc4bea-f79c-4378-b25e-0ab8536f0607" testListId="8c84fa94-04c1-424b-9868-57a2d4851a1d" />
    <TestEntry testId="048df4e9-8d17-45c5-bf36-090974e1cf52" executionId="e74cb1a5-a594-43e3-add8-35bf1cb3e249" testListId="8c84fa94-04c1-424b-9868-57a2d4851a1d" />
    <TestEntry testId="540495d7-a853-4c69-a5f6-5b8955472ecc" executionId="69c49578-4cf4-4eec-9c7c-1ef39c5ffa56" testListId="8c84fa94-04c1-424b-9868-57a2d4851a1d" />
    <TestEntry testId="551b8110-83cc-4aad-ada6-aa617a0175c6" executionId="44042bbb-4e55-44bf-8aab-95c48b459e2e" testListId="8c84fa94-04c1-424b-9868-57a2d4851a1d" />
    <TestEntry testId="0c3c2aa9-5b0d-4850-bf4f-0780dc8ad56f" executionId="847ed338-1ff0-4be8-9098-4b39cc4f2ae3" testListId="8c84fa94-04c1-424b-9868-57a2d4851a1d" />
    <TestEntry testId="d0526b07-a327-4a32-a224-93df1afbf89f" executionId="850b5bdc-ecf8-470a-9c9e-5fdae5a949e5" testListId="8c84fa94-04c1-424b-9868-57a2d4851a1d" />
    <TestEntry testId="4592c34b-6a3f-4cfd-8782-4fee018dc080" executionId="23700870-7d23-484d-9812-fc907a1300fa" testListId="8c84fa94-04c1-424b-9868-57a2d4851a1d" />
    <TestEntry testId="1c5aabf0-63e0-444f-9fe3-be0e2cfb4053" executionId="1fa2a7ca-cace-4f6a-86bc-b54a465899b3" testListId="8c84fa94-04c1-424b-9868-57a2d4851a1d" />
    <TestEntry testId="59c9b782-aacb-4a66-bdd9-7cb97c8023c1" executionId="6065bd40-737b-4e39-8b00-9f49abd63b7c" testListId="8c84fa94-04c1-424b-9868-57a2d4851a1d" />
    <TestEntry testId="86e6b017-679c-4159-9a5e-29cadad6bad5" executionId="4100b183-188b-4f9d-97d3-49f801ab73c3" testListId="8c84fa94-04c1-424b-9868-57a2d4851a1d" />
    <TestEntry testId="edc6f2c8-f74b-461e-8208-8295e8943509" executionId="978beeae-22e2-44d6-824f-88ee50b97c44" testListId="8c84fa94-04c1-424b-9868-57a2d4851a1d" />
    <TestEntry testId="805b8ebf-8c4c-4ae5-8387-38478703e8d8" executionId="6e96945f-5cc4-47db-a3f0-62d43749ad4f" testListId="8c84fa94-04c1-424b-9868-57a2d4851a1d" />
    <TestEntry testId="a145e83f-c127-43c8-aab8-2599b060cab4" executionId="5a484694-71ef-4abe-898c-865b7b6ecfa7" testListId="8c84fa94-04c1-424b-9868-57a2d4851a1d" />
    <TestEntry testId="92c4837d-9635-4796-819d-218d08d85020" executionId="b3fb967b-3583-4ada-918e-a34e1c10670b" testListId="8c84fa94-04c1-424b-9868-57a2d4851a1d" />
    <TestEntry testId="5719ba57-423e-4244-aca9-432278cc1d3e" executionId="0adea8ce-c4ca-4d3a-98d8-53e8326f1915" testListId="8c84fa94-04c1-424b-9868-57a2d4851a1d" />
    <TestEntry testId="4eec089b-bfc9-41db-acb9-41e1e79105c8" executionId="9bb186dd-8f85-411e-819c-3a810ddb56f6" testListId="8c84fa94-04c1-424b-9868-57a2d4851a1d" />
    <TestEntry testId="51ea4243-e900-4811-b008-ab38f86c645c" executionId="4f21c09a-f4f4-4a10-af15-a9da9b2bd002" testListId="8c84fa94-04c1-424b-9868-57a2d4851a1d" />
    <TestEntry testId="8d60aedc-a649-4d7e-a2f7-94779a8bee7a" executionId="758dc17e-45b2-49c2-b263-533808b0f7ba" testListId="8c84fa94-04c1-424b-9868-57a2d4851a1d" />
    <TestEntry testId="c0caf962-23fa-4bf9-a842-aced24428719" executionId="96a91a78-d39f-49b3-b153-e65206bfd40a" testListId="8c84fa94-04c1-424b-9868-57a2d4851a1d" />
    <TestEntry testId="dd2b3bb1-178c-4557-abbd-4b9f77cf66a0" executionId="9460e502-1697-4cdd-8ec5-aecefc5a4436" testListId="8c84fa94-04c1-424b-9868-57a2d4851a1d" />
    <TestEntry testId="edc6f2c8-f74b-461e-8208-8295e8943509" executionId="098cea4a-757f-4960-bd12-f08557989d18" testListId="8c84fa94-04c1-424b-9868-57a2d4851a1d" />
    <TestEntry testId="423034ee-b97a-4c52-b9a5-67f6ae5c9317" executionId="9670382b-026d-49d8-9978-a5dcee223fde" testListId="8c84fa94-04c1-424b-9868-57a2d4851a1d" />
    <TestEntry testId="048df4e9-8d17-45c5-bf36-090974e1cf52" executionId="08885bf1-5409-40c4-b0d6-ea82325cd918" testListId="8c84fa94-04c1-424b-9868-57a2d4851a1d" />
    <TestEntry testId="caa85ef0-051c-4d0b-bd19-945d547a8a50" executionId="59280fda-8a8f-433e-bff4-83e6800c2c6a" testListId="8c84fa94-04c1-424b-9868-57a2d4851a1d" />
    <TestEntry testId="7839c530-3ecc-4de6-9a44-8235918483cb" executionId="1cf26605-aa64-4452-8ef9-2063cb302eac" testListId="8c84fa94-04c1-424b-9868-57a2d4851a1d" />
    <TestEntry testId="39e0d760-20b8-485a-aded-11fd5532a4f0" executionId="500ee26b-d1d9-4196-9238-e113d5581f2f" testListId="8c84fa94-04c1-424b-9868-57a2d4851a1d" />
    <TestEntry testId="438c8dde-7679-4f81-b2f5-4fca0f9e2b5a" executionId="8c435202-c66c-45d7-9a71-fd50e90ffbc7" testListId="8c84fa94-04c1-424b-9868-57a2d4851a1d" />
    <TestEntry testId="81afce74-817b-42ac-94a2-86a991a715df" executionId="de9ba061-1676-4b57-9ebb-64eb0830aff0" testListId="8c84fa94-04c1-424b-9868-57a2d4851a1d" />
    <TestEntry testId="c9b8f693-86dc-43cf-90c0-8037995d6d6f" executionId="5ef32abe-f559-47ea-a685-fd13f2c08be9" testListId="8c84fa94-04c1-424b-9868-57a2d4851a1d" />
    <TestEntry testId="8747850d-fc94-4543-a381-09737e2da48f" executionId="c3b18180-3e4f-4ab5-ac77-f9f494a5644d" testListId="8c84fa94-04c1-424b-9868-57a2d4851a1d" />
    <TestEntry testId="844fa2a0-03c9-44ff-958d-e57f7cbaad10" executionId="fe3f7527-3aca-471c-b771-ab9ad2368b62" testListId="8c84fa94-04c1-424b-9868-57a2d4851a1d" />
    <TestEntry testId="4b33e314-3dd0-463a-80a0-89bd6d935730" executionId="e888bd63-8c14-4a9b-a520-b87e3acfcc8f" testListId="8c84fa94-04c1-424b-9868-57a2d4851a1d" />
    <TestEntry testId="dd2b3bb1-178c-4557-abbd-4b9f77cf66a0" executionId="7b8b61d3-077a-4859-8874-44e509f3dbf5" testListId="8c84fa94-04c1-424b-9868-57a2d4851a1d" />
    <TestEntry testId="e97904f8-5f03-4e4b-8644-bac2dcd6aa0d" executionId="9bf5f2e7-056a-47d4-9cb4-a7ec81139110" testListId="8c84fa94-04c1-424b-9868-57a2d4851a1d" />
    <TestEntry testId="25e8215d-d931-40a4-a0e8-28b11a687663" executionId="e1e6805d-2140-4ec5-9d57-1b0083e2c637" testListId="8c84fa94-04c1-424b-9868-57a2d4851a1d" />
    <TestEntry testId="4800d139-d261-4946-a180-deb00541e645" executionId="b9b5a23c-782e-4822-b950-57cb3ffc4ad3" testListId="8c84fa94-04c1-424b-9868-57a2d4851a1d" />
    <TestEntry testId="1545c4d3-7d80-42b2-b7b5-329d2d2dce6f" executionId="2912eee5-922b-4e74-86ff-1ea96d28131b" testListId="8c84fa94-04c1-424b-9868-57a2d4851a1d" />
    <TestEntry testId="785827c7-48cf-4bfb-b133-ebc9d5df2435" executionId="71c6cde7-3497-471f-8c45-ff9b4b61a918" testListId="8c84fa94-04c1-424b-9868-57a2d4851a1d" />
    <TestEntry testId="a3e3bd09-0160-458d-a32a-0961f37325cc" executionId="08cffc99-9089-43f0-aff1-6747550c9561" testListId="8c84fa94-04c1-424b-9868-57a2d4851a1d" />
    <TestEntry testId="04303a62-e7b3-4689-a467-2f8525cf3af7" executionId="35ea1c9e-483e-478e-bb15-161018d9eb74" testListId="8c84fa94-04c1-424b-9868-57a2d4851a1d" />
    <TestEntry testId="893a907a-b49f-4039-9a5c-33c27f7cd5a1" executionId="4ab5fec6-b7d7-4108-b1a0-a08d62dd572f" testListId="8c84fa94-04c1-424b-9868-57a2d4851a1d" />
    <TestEntry testId="cc739285-051e-4c1c-9ae7-4b61bb1ede9a" executionId="37409c60-9590-4d1c-a8a7-1e05379c305f" testListId="8c84fa94-04c1-424b-9868-57a2d4851a1d" />
    <TestEntry testId="287f0a3f-c6b3-4192-a418-679460e0a9e5" executionId="65effef7-6c9c-4de3-8faf-f93e719823a9" testListId="8c84fa94-04c1-424b-9868-57a2d4851a1d" />
    <TestEntry testId="9f330bc9-bf3f-4947-9720-a8b3a811e6e2" executionId="a4d85778-801c-449b-9cb3-ed25373cd0c7" testListId="8c84fa94-04c1-424b-9868-57a2d4851a1d" />
    <TestEntry testId="2f017908-7f02-4e98-97db-687b7ee713e9" executionId="9bc6a564-4213-41a4-8315-6cce69d2af73" testListId="8c84fa94-04c1-424b-9868-57a2d4851a1d" />
    <TestEntry testId="36e01349-c31c-4a07-93f2-adeb2b7b7031" executionId="a62445b5-f301-4d8a-808d-2f3e2a0655fe" testListId="8c84fa94-04c1-424b-9868-57a2d4851a1d" />
    <TestEntry testId="22931cca-a312-42b1-b00d-a4710c7fd904" executionId="9f5a5cb0-1505-4d13-a1ea-83061ae9d52b" testListId="8c84fa94-04c1-424b-9868-57a2d4851a1d" />
    <TestEntry testId="e582db70-a37f-4a12-a5ec-4fef472f0bb8" executionId="f4560cd8-4736-4ff7-9f87-e94b8edd5fe7" testListId="8c84fa94-04c1-424b-9868-57a2d4851a1d" />
    <TestEntry testId="26699eb8-8a18-4a19-b15c-07c4c935881a" executionId="cf0e88fb-d6d9-4727-910c-c152e158931f" testListId="8c84fa94-04c1-424b-9868-57a2d4851a1d" />
    <TestEntry testId="bdec14e9-9633-4780-a32e-aa61e919c23b" executionId="c0b7759b-8a97-4f01-8a70-110bb3abfdae" testListId="8c84fa94-04c1-424b-9868-57a2d4851a1d" />
  </TestEntries>
  <TestLists>
    <TestList name="Results Not in a List" id="8c84fa94-04c1-424b-9868-57a2d4851a1d" />
    <TestList name="All Loaded Results" id="19431567-8539-422a-85d7-44ee4e166bda" />
  </TestLists>
  <ResultSummary outcome="Failed">
    <Counters total="198" executed="198" passed="120" failed="78" error="0" timeout="0" aborted="0" inconclusive="0" passedButRunAborted="0" notRunnable="0" notExecuted="0" disconnected="0" warning="0" completed="0" inProgress="0" pending="0" />
    <Output>
      <StdOut>Running on GdUnit4 test engine version: 5.0.0.0
Discover tests from assembly: /home/adam/Dev/omega-spiral/chapter-zero/.godot/mono/temp/bin/Debug/chapter-zero.dll
Discover:  TestSuite TerminalWindowTestsNew with 11 TestCases found.
Discover:  TestSuite OmegaSpiral.Tests.Ui.Terminal.TerminalWindowFrameLayoutTests with 8 TestCases found.
Discover:  TestSuite OmegaSpiral.Tests.Stages.Stage2.NethackDirectorTests with 1 TestCases found.
Discover:  TestSuite OmegaSpiral.Tests.Integration.SceneLoadingAndViewportTests with 5 TestCases found.
Discover:  TestSuite OmegaSpiral.Tests.Integration.Ui.CreditsMenuTests with 7 TestCases found.
Discover:  TestSuite OmegaSpiral.Tests.Integration.Ui.MenuUiTests with 12 TestCases found.
Discover:  TestSuite OmegaSpiral.Tests.Integration.Ui.OmegaUiTests with 21 TestCases found.
Discover:  TestSuite OmegaSpiral.Tests.Integration.Ui.PauseMenuTests with 6 TestCases found.
Discover:  TestSuite OmegaSpiral.Tests.Integration.Ui.TerminalUITests with 9 TestCases found.
Discover:  TestSuite OmegaSpiral.Tests.Integration.Ui.Menus.MainMenuTests with 12 TestCases found.
Discover:  TestSuite OmegaSpiral.Tests.Integration.Common.TerminalIntegrationTests with 5 TestCases found.
Discover:  TestSuite OmegaSpiral.Tests.Unit.Ui.OmegaUi_UnitTests with 6 TestCases found.
Discover:  TestSuite OmegaSpiral.Tests.Unit.Common.GameStateTests with 6 TestCases found.
Discover:  TestSuite OmegaSpiral.Tests.Unit.Common.SceneManagerTests with 6 TestCases found.
Discover:  TestSuite OmegaSpiral.Tests.Unit.Common.Terminal.TerminalChoicePresenterTests with 8 TestCases found.
Discover:  TestSuite OmegaSpiral.Tests.Unit.Common.Terminal.TerminalShaderControllerTests with 11 TestCases found.
Discover:  TestSuite OmegaSpiral.Tests.Unit.Common.Terminal.TerminalTextRendererTests with 12 TestCases found.
Discover:  TestSuite OmegaSpiral.Tests.Common.GameStateSignalTests with 5 TestCases found.
Discover tests done, 18 TestSuites and total 151 Tests found.
Running on GdUnit4 test engine version: 5.0.0.0
Set test session timeout to: 00:30:00
Detected IDE Unknown
Starting tests for assembly: /home/adam/Dev/omega-spiral/chapter-zero/.godot/mono/temp/bin/Debug/chapter-zero.dll
Search '.csproj' at /home/adam/Dev/omega-spiral/chapter-zero/.godot/mono/temp/bin/Debug/chapter-zero.dll
Set current working directory to: /home/adam/Dev/omega-spiral/chapter-zero
Starting GodotGdUnit4RestClient.
Working dir /home/adam/Dev/omega-spiral/chapter-zero
Rebuild Godot Project ... /home/adam/Godot_v4.6-dev2_mono_linux_x86_64/Godot_v4.6-dev2_mono_linux.x86_64 --path . -e --headless --quit-after 1000 --verbose
.. WorkerThreadPool: 6 threads, 4 max low-priority.
.. Godot Engine v4.6.dev2.mono.official.7864ac801 - https://godotengine.org
.. TextServer: Added interface "Dummy"
.. TextServer: Added interface "ICU / HarfBuzz / Graphite (Built-in)"
.. Unrecognized output string "misc2" in mapping:
.. 030000000d0f0000ab01000011010000,Horipad Steam,a:b0,b:b1,back:b10,dpdown:h0.4,dpleft:h0.8,dpright:h0.2,dpup:h0.1,guide:b12,leftshoulder:b6,leftstick:b13,lefttrigger:a5,leftx:a0,lefty:a1,misc2:b2,paddle1:b19,paddle2:b18,paddle3:b15,paddle4:b5,rightshoulder:b7,rightstick:b14,righttrigger:a4,rightx:a2,righty:a3,start:b11,x:b3,y:b4,platform:Linux,
.. Unrecognized output string "misc2" in mapping:
.. 050000000d0f00009601000091000000,Horipad Steam,a:b0,b:b1,back:b10,dpdown:h0.4,dpleft:h0.8,dpright:h0.2,dpup:h0.1,guide:b12,leftshoulder:b6,leftstick:b13,lefttrigger:a5,leftx:a0,lefty:a1,misc2:b2,paddle1:b19,paddle2:b18,paddle3:b15,paddle4:b5,rightshoulder:b7,rightstick:b14,righttrigger:a4,rightx:a2,righty:a3,start:b11,x:b3,y:b4,platform:Linux,
.. Unrecognized output string "misc2" in mapping:
.. 030000007e0500006920000011010000,Nintendo Switch 2 Pro Controller,a:b0,b:b1,back:b14,dpdown:b8,dpleft:b10,dpright:b9,dpup:b11,guide:b16,leftshoulder:b12,leftstick:b15,lefttrigger:b13,leftx:a0,lefty:a1~,misc1:b17,misc2:b20,paddle1:b18,paddle2:b19,rightshoulder:b4,rightstick:b7,righttrigger:b5,rightx:a2,righty:a3~,start:b6,x:b2,y:b3,platform:Linux,
.. SDL: Init OK!
.. Using "default" pen tablet driver...
.. TextServer: Primary interface set to: "ICU / HarfBuzz / Graphite (Built-in)".
.. .NET: Initializing module...
.. Found hostfxr: /usr/lib/dotnet/host/fxr/10.0.0-rc.2.25502.107/libhostfxr.so
.. .NET: hostfxr initialized
.. .NET: GodotPlugins initialized
.. Loading resource: res://theme.tres
.. Loading resource: res://default_bus_layout.tres
.. CORE API HASH: 3234800178
.. EDITOR API HASH: 4055853480
.. SceneTreeFTI: traversal method DEFAULT
.. Loading resource: res://addons/dialogic/Resources/CharacterResourceLoader.gd
.. Loading resource: res://addons/dialogic/Resources/TimelineResourceLoader.gd
.. Loading resource: res://addons/dialogic/Resources/CharacterResourceSaver.gd
.. Loading resource: res://addons/dialogic/Resources/TimelineResourceSaver.gd
.. Loading resource: /home/adam/.config/godot/editor_settings-4.6.tres
.. EditorSettings: Load OK!
.. EditorTheme: Generating new theme for the config '66886095'.
.. EditorTheme: Generating new icons.
.. EditorTheme: Generating new fonts.
.. EditorTheme: Generating new styles.
.. Found .NET Sdk version '10.0.100': /usr/lib/dotnet/sdk/10.0.100-rc.2.25502.107/
.. Loading resource: /home/adam/.cache/godot/editor_doc_cache-4.6.res
.. Loaded system CA certificates
.. Failed to bind socket. Error: 3.
.. Loading resource: res://addons/godot_xterm/themes/fonts/regular.tres
.. Loading resource: res://addons/godot_xterm/themes/fonts/jet_brains_mono/jet_brains_mono_nl-regular-2.304.ttf
.. Loading resource: res://.godot/imported/jet_brains_mono_nl-regular-2.304.ttf-96fa438503371775be3cc744a4450fc2.fontdata
.. Loading resource: res://addons/godot_xterm/icons/terminal_icon.svg
.. Loading resource: res://.godot/imported/terminal_icon.svg-2a4b198a0e3aa43f04b43cec3e3f109d.editor.ctex
.. Loading resource: res://addons/godot_xterm/shaders/background.gdshader
.. Loading resource: res://addons/godot_xterm/shaders/common.gdshaderinc
.. Loading resource: res://addons/godot_xterm/shaders/foreground.gdshader
.. [   0% ] \u001b[90m\u001b[1mfirst_scan_filesystem\u001b[22m | Started Project initialization (5 steps)\u001b[39m\u001b[0m
.. [   0% ] \u001b[90m\u001b[1mfirst_scan_filesystem\u001b[22m | Scanning file structure...\u001b[39m\u001b[0m
.. [  16% ] \u001b[90m\u001b[1mfirst_scan_filesystem\u001b[22m | Loading global class names...\u001b[39m\u001b[0m
.. [  33% ] \u001b[90m\u001b[1mfirst_scan_filesystem\u001b[22m | Verifying GDExtensions...\u001b[39m\u001b[0m
.. [  50% ] \u001b[90m\u001b[1mfirst_scan_filesystem\u001b[22m | Creating autoload scripts...\u001b[39m\u001b[0m
.. Loading resource: res://source/infrastructure/GameManager.cs
.. Loading resource: res://source/scripts/SceneManager.cs
.. Loading resource: res://source/common/GameState.cs
.. Loading resource: res://source/field/FieldEvents.cs
.. Loading resource: res://source/field/FieldCamera.cs
.. Loading resource: res://source/field/gameboard/Gameboard.cs
.. Loading resource: res://source/field/gamepieces/GamepieceRegistry.cs
.. Loading resource: res://source/common/Player.cs
.. Loading resource: res://source/combat/CombatEvents.cs
.. Loading resource: res://source/audio/AudioManager.cs
.. [  66% ] \u001b[90m\u001b[1mfirst_scan_filesystem\u001b[22m | Initializing plugins...\u001b[39m\u001b[0m
.. Loading resource: res://addons/fuku/fuku.gd
.. Loading resource: res://addons/fuku/control.tscn
.. Loading resource: res://addons/fuku/control.gd
.. Loading resource: res://addons/fuku/JetBrainsMono-Medium.ttf
.. Loading resource: res://.godot/imported/JetBrainsMono-Medium.ttf-73d5538132d4c3677152115b43368fec.fontdata
.. Loading resource: res://addons/fuku/JetBrainsMono-ExtraBold.ttf
.. Loading resource: res://.godot/imported/JetBrainsMono-ExtraBold.ttf-924649c1cb7e0fb1c1793bd53f941716.fontdata
.. Loading resource: res://addons/fuku/fuku.png
.. Loading resource: res://.godot/imported/fuku.png-400f2ee485d6a2332e8c6e01d6c4d42e.ctex
.. No .env file found at: res://addons/fuku/.env
.. Loading resource: res://addons/gdUnit4/plugin.gd
.. \u001b[38;2;218;165;32mIt was recognized that GdUnit4 is running in a test environment, therefore the GdUnit4 plugin will not be executed!\u001b[0m
.. Loading resource: res://addons/godot_xterm/plugin.gd
.. Loading resource: res://addons/godot_xterm/editor_plugins/terminal/terminal_panel.tscn
.. Loading resource: res://addons/godot_xterm/editor_plugins/terminal/terminal_panel.gd
.. Loading resource: res://addons/godot_xterm/editor_plugins/terminal/editor_terminal.tscn
.. Loading resource: res://addons/godot_xterm/editor_plugins/terminal/editor_terminal.gd
.. Loading resource: res://addons/godot_xterm/editor_plugins/terminal/settings/default_new_terminal_shortcut.tres
.. Loading resource: res://addons/godot_xterm/editor_plugins/terminal/settings/default_kill_terminal_shortcut.tres
.. Loading resource: res://addons/godot_xterm/editor_plugins/terminal/settings/default_copy_shortcut.tres
.. Loading resource: res://addons/godot_xterm/editor_plugins/terminal/settings/default_paste_shortcut.tres
.. Loading resource: res://addons/godot_xterm/editor_plugins/terminal/settings/default_tab_right_shortcut.tres
.. Loading resource: res://addons/godot_xterm/editor_plugins/terminal/settings/default_tab_left_shortcut.tres
.. Loading resource: res://addons/type_writer_label/twl_init.gd
.. Loading resource: res://addons/type_writer_label/classes/type_writer_label_icon.svg
.. Loading resource: res://.godot/imported/type_writer_label_icon.svg-4ed2f6ad1e9b0ca97691e0060c880e78.ctex
.. Loading resource: res://addons/yaml/plugin.gd
.. Loading resource: res://addons/yaml/editor/yaml_editor.tscn
.. Loading resource: res://addons/yaml/editor/yaml_editor.gd
.. Loading resource: res://addons/yaml/icon.svg
.. Loading resource: res://.godot/imported/icon.svg-ad4bce00ca28a384cd5c86906720a0a3.ctex
.. Loading resource: res://addons/dialogic/plugin.gd
.. Loading resource: res://addons/dialogic/Editor/editor_main.tscn
.. Loading resource: res://addons/dialogic/Editor/editor_main.gd
.. Loading resource: res://addons/dialogic/Editor/editors_manager.gd
.. Loading resource: res://addons/dialogic/Editor/Images/plugin-icon.svg
.. Loading resource: res://.godot/imported/plugin-icon.svg-aa6701e8ed73f5fe5d177dfddce3a0e3.editor.ctex
.. Loading resource: res://addons/dialogic/Editor/Common/side_bar.tscn
.. Loading resource: res://addons/dialogic/Editor/Images/Pieces/close-icon.svg
.. Loading resource: res://.godot/imported/close-icon.svg-c630c93ada599b08938f4854f5376f2f.editor.ctex
.. Loading resource: res://addons/dialogic/Editor/Images/Pieces/closed-icon.svg
.. Loading resource: res://.godot/imported/closed-icon.svg-b4f16653b91d6792313a130565319b2f.editor.ctex
.. Loading resource: res://addons/dialogic/Editor/Common/toolbar.gd
.. Loading resource: res://addons/dialogic/Editor/Images/Resources/character.svg
.. Loading resource: res://.godot/imported/character.svg-48bc1c93fa13733a935ca2c669d933a7.editor.ctex
.. Loading resource: res://addons/dialogic/Modules/Glossary/icon.svg
.. Loading resource: res://.godot/imported/icon.svg-4fc0c12c53379638e37d654e7bbaea1a.editor.ctex
.. Loading resource: res://addons/dialogic/Modules/StyleEditor/styles_icon.svg
.. Loading resource: res://.godot/imported/styles_icon.svg-c55f9f7d15c3512c8b20dbf30eed7047.editor.ctex
.. Loading resource: res://addons/dialogic/Modules/Variable/variable.svg
.. Loading resource: res://.godot/imported/variable.svg-52aeb47fe1705a3f04d919f8dcd5d319.editor.ctex
.. Loading resource: res://addons/dialogic/Editor/Common/reference_manager.tscn
.. Loading resource: res://addons/dialogic/Editor/Common/reference_manager.gd
.. Loading resource: res://addons/dialogic/Editor/Common/broken_reference_manager.gd
.. Loading resource: res://addons/dialogic/Editor/Common/ReferenceManager_AddReplacementPanel.gd
.. Loading resource: res://addons/dialogic/Editor/Events/Fields/field_options_dynamic.tscn
.. Loading resource: res://addons/dialogic/Editor/Events/Fields/field_options_dynamic.gd
.. Loading resource: res://addons/dialogic/Editor/Common/unique_identifiers_manager.gd
.. Loading resource: res://addons/dialogic/Editor/Common/reference_manager_window.gd
.. Loading resource: res://addons/dialogic/Editor/TimelineEditor/TextEditor/CodeCompletionHelper.gd
.. Loading resource: res://addons/dialogic/Editor/Common/update_manager.gd
.. Loading resource: res://addons/dialogic/Editor/Common/update_install_window.tscn
.. Loading resource: res://addons/dialogic/Editor/Common/update_install_window.gd
.. Loading resource: res://addons/dialogic/Editor/TimelineEditor/TextEditor/syntax_highlighter.gd
.. Loading resource: res://addons/dialogic/Editor/Images/dialogic-logo.svg
.. Loading resource: res://.godot/imported/dialogic-logo.svg-e43201cabc9573eeb3f78fd91ea9d909.ctex
.. Loading resource: res://addons/dialogic/Editor/HomePage/home_page.tscn
.. Loading resource: res://addons/dialogic/Editor/HomePage/home_page.gd
.. Loading resource: res://addons/dialogic/Editor/HomePage/icon_bg.png
.. Loading resource: res://.godot/imported/icon_bg.png-5937ce0a857c4a8a9d624ea9ebf09a97.ctex
.. Loading resource: res://addons/dialogic/Editor/TimelineEditor/timeline_editor.tscn
.. Loading resource: res://addons/dialogic/Editor/TimelineEditor/timeline_editor.gd
.. Loading resource: res://addons/dialogic/Editor/TimelineEditor/VisualEditor/timeline_editor_visual.tscn
.. Loading resource: res://addons/dialogic/Editor/TimelineEditor/VisualEditor/timeline_editor_visual.gd
.. Loading resource: res://addons/dialogic/Editor/Theme/MainTheme.tres
.. Loading resource: res://addons/dialogic/Editor/TimelineEditor/VisualEditor/TimelineArea.gd
.. Loading resource: res://addons/dialogic/Editor/Events/EventBlock/event_right_click_menu.gd
.. Loading resource: res://addons/dialogic/Editor/Common/hint_tooltip_icon.tscn
.. Loading resource: res://addons/dialogic/Editor/Common/hint_tooltip_icon.gd
.. Loading resource: res://addons/dialogic/Editor/TimelineEditor/TextEditor/timeline_editor_text.tscn
.. Loading resource: res://addons/dialogic/Editor/TimelineEditor/TextEditor/timeline_editor_text.gd
.. Loading resource: res://addons/dialogic/Editor/Events/EventBlock/event_block.tscn
.. Loading resource: res://addons/dialogic/Editor/Events/EventBlock/event_block.gd
.. Loading resource: res://addons/dialogic/Editor/Events/styles/unselected_stylebox.tres
.. Loading resource: res://addons/dialogic/Editor/CharacterEditor/character_editor.tscn
.. Loading resource: res://addons/dialogic/Editor/CharacterEditor/character_editor.gd
.. Loading resource: res://addons/dialogic/Editor/Common/hint_tooltip_icon.tscn
.. Loading resource: res://addons/dialogic/Editor/CharacterEditor/character_editor_portrait_tree.gd
.. Loading resource: res://addons/dialogic/Editor/Images/Pieces/add-folder.svg
.. Loading resource: res://.godot/imported/add-folder.svg-41a970370f904038e63c13bddbdb6450.editor.ctex
.. Loading resource: res://addons/dialogic/Modules/Signal/index.gd
.. Loading resource: res://addons/dialogic/Modules/Voice/index.gd
.. Loading resource: res://addons/dialogic/Modules/StyleEditor/index.gd
.. Loading resource: res://addons/dialogic/Modules/Text/index.gd
.. Loading resource: res://addons/dialogic/Modules/Jump/index.gd
.. Loading resource: res://addons/dialogic/Modules/Condition/index.gd
.. Loading resource: res://addons/dialogic/Modules/Choice/index.gd
.. Loading resource: res://addons/dialogic/Modules/History/index.gd
.. Loading resource: res://addons/dialogic/Modules/Audio/index.gd
.. Loading resource: res://addons/dialogic/Modules/LayeredPortrait/index.gd
.. Loading resource: res://addons/dialogic/Modules/Character/index.gd
.. Loading resource: res://addons/dialogic/Modules/Variable/index.gd
.. Loading resource: res://addons/dialogic/Modules/Save/index.gd
.. Loading resource: res://addons/dialogic/Modules/Glossary/index.gd
.. Loading resource: res://addons/dialogic/Modules/Comment/index.gd
.. Loading resource: res://addons/dialogic/Modules/HighlightPortrait/index.gd
.. Loading resource: res://addons/dialogic/Modules/Call/index.gd
.. Loading resource: res://addons/dialogic/Modules/Clear/index.gd
.. Loading resource: res://addons/dialogic/Modules/Core/index.gd
.. Loading resource: res://addons/dialogic/Modules/Background/index.gd
.. Loading resource: res://addons/dialogic/Modules/DefaultLayoutParts/index.gd
.. Loading resource: res://addons/dialogic/Modules/Settings/index.gd
.. Loading resource: res://addons/dialogic/Modules/TextInput/index.gd
.. Loading resource: res://addons/dialogic/Modules/WaitInput/index.gd
.. Loading resource: res://addons/dialogic/Modules/Wait/index.gd
.. Loading resource: res://addons/dialogic/Modules/Style/index.gd
.. Loading resource: res://addons/dialogic/Modules/End/index.gd
.. Loading resource: res://addons/dialogic/Modules/StyleEditor/style_editor.tscn
.. Loading resource: res://addons/dialogic/Modules/StyleEditor/style_editor.gd
.. Loading resource: res://addons/dialogic/Editor/Common/hint_tooltip_icon.tscn
.. Loading resource: res://addons/dialogic/Modules/StyleEditor/style_layer_editor.gd
.. Loading resource: res://addons/dialogic/Modules/StyleEditor/Components/style_layer_tree.gd
.. Loading resource: res://addons/dialogic/Modules/StyleEditor/Components/style_browser_window.gd
.. Loading resource: res://addons/dialogic/Modules/StyleEditor/Components/style_browser.tscn
.. Loading resource: res://addons/dialogic/Modules/StyleEditor/Components/style_browser.gd
.. Loading resource: res://addons/dialogic/Editor/Common/BrowserItem.tscn
.. Loading resource: res://addons/dialogic/Editor/Common/BrowserItem.gd
.. Loading resource: res://addons/dialogic/Modules/Variable/variables_editor/variables_editor.tscn
.. Loading resource: res://addons/dialogic/Modules/Variable/variables_editor/variables_editor.gd
.. Loading resource: res://addons/dialogic/Modules/Variable/variables_editor/variable_tree.gd
.. Loading resource: res://addons/dialogic/Modules/Glossary/glossary_editor.tscn
.. Loading resource: res://addons/dialogic/Modules/Glossary/glossary_editor.gd
.. Loading resource: res://addons/dialogic/Modules/Glossary/add-glossary.svg
.. Loading resource: res://.godot/imported/add-glossary.svg-1cde77c043d3874d9bc84cc14d0ec9dc.editor.ctex
.. Loading resource: res://addons/dialogic/Editor/Settings/settings_editor.tscn
.. Loading resource: res://addons/dialogic/Editor/Settings/settings_editor.gd
.. Loading resource: res://addons/dialogic/Editor/Settings/settings_general.tscn
.. Loading resource: res://addons/dialogic/Editor/Settings/settings_general.gd
.. Loading resource: res://addons/dialogic/Editor/Common/hint_tooltip_icon.tscn
.. Loading resource: res://addons/dialogic/Editor/Events/Fields/field_file.tscn
.. Loading resource: res://addons/dialogic/Editor/Events/Fields/field_file.gd
.. Loading resource: res://addons/dialogic/Editor/Settings/settings_translation.tscn
.. Loading resource: res://addons/dialogic/Editor/Settings/settings_translation.gd
.. Loading resource: res://addons/dialogic/Editor/Common/hint_tooltip_icon.tscn
.. Loading resource: res://addons/dialogic/Editor/Events/Fields/field_file.tscn
.. Loading resource: res://addons/dialogic/Editor/Settings/settings_modules.tscn
.. Loading resource: res://addons/dialogic/Editor/Settings/settings_modules.gd
.. Loading resource: res://addons/dialogic/Modules/Text/settings_text.tscn
.. Loading resource: res://addons/dialogic/Modules/Text/settings_text.gd
.. Loading resource: res://addons/dialogic/Editor/Common/hint_tooltip_icon.tscn
.. Loading resource: res://addons/dialogic/Modules/Choice/settings_choices.tscn
.. Loading resource: res://addons/dialogic/Modules/Choice/settings_choices.gd
.. Loading resource: res://addons/dialogic/Editor/Common/hint_tooltip_icon.tscn
.. Loading resource: res://addons/dialogic/Modules/History/settings_history.tscn
.. Loading resource: res://addons/dialogic/Modules/History/settings_history.gd
.. Loading resource: res://addons/dialogic/Editor/Common/hint_tooltip_icon.tscn
.. Loading resource: res://addons/dialogic/Modules/Audio/settings_audio.tscn
.. Loading resource: res://addons/dialogic/Modules/Audio/settings_audio.gd
.. Loading resource: res://addons/dialogic/Editor/Common/hint_tooltip_icon.tscn
.. Loading resource: res://addons/dialogic/Modules/Character/settings_portraits.tscn
.. Loading resource: res://addons/dialogic/Modules/Character/settings_portraits.gd
.. Loading resource: res://addons/dialogic/Editor/Common/hint_tooltip_icon.tscn
.. Loading resource: res://addons/dialogic/Editor/Events/Fields/field_file.tscn
.. Loading resource: res://addons/dialogic/Modules/Save/settings_save.tscn
.. Loading resource: res://addons/dialogic/Modules/Save/settings_save.gd
.. Loading resource: res://addons/dialogic/Editor/Common/hint_tooltip_icon.tscn
.. Loading resource: res://addons/dialogic/Editor/Events/styles/ResourceMenuPanelBackground.tres
.. Loading resource: res://addons/dialogic/Editor/Common/hint_tooltip_icon.tscn
.. Loading resource: res://addons/dialogic/Editor/Images/Toolbar/add-timeline.svg
.. Loading resource: res://.godot/imported/add-timeline.svg-86961b528ebdf01f585931a15fea1755.editor.ctex
.. Loading resource: res://addons/dialogic/Editor/TimelineEditor/VisualEditor/AddEventButton.tscn
.. Loading resource: res://addons/dialogic/Editor/TimelineEditor/VisualEditor/AddEventButton.gd
.. Loading resource: res://addons/dialogic/Modules/Signal/event_signal.gd
.. Loading resource: res://addons/dialogic/Modules/Jump/event_return.gd
.. Loading resource: res://addons/dialogic/Modules/Condition/event_condition.gd
.. Loading resource: res://addons/dialogic/Modules/History/event_history.gd
.. Loading resource: res://addons/dialogic/Modules/Audio/event_music.gd
.. Loading resource: res://addons/dialogic/Modules/Audio/event_sound.gd
.. Loading resource: res://addons/dialogic/Modules/Variable/event_variable.gd
.. Loading resource: res://addons/dialogic/Modules/Save/event_save.gd
.. Loading resource: res://addons/dialogic/Modules/Comment/event_comment.gd
.. Loading resource: res://addons/dialogic/Modules/Call/event_call.gd
.. Loading resource: res://addons/dialogic/Modules/Clear/event_clear.gd
.. Loading resource: res://addons/dialogic/Modules/Background/event_background.gd
.. Loading resource: res://addons/dialogic/Modules/Settings/event_setting.gd
.. Loading resource: res://addons/dialogic/Modules/TextInput/event_text_input.gd
.. Loading resource: res://addons/dialogic/Modules/WaitInput/event_wait_input.gd
.. Loading resource: res://addons/dialogic/Modules/Wait/event_wait.gd
.. Loading resource: res://addons/dialogic/Modules/Style/event_style.gd
.. Loading resource: res://addons/dialogic/Modules/End/event_end.gd
.. Loading resource: res://addons/dialogic/Modules/Signal/icon.png
.. Loading resource: res://.godot/imported/icon.png-5e2e422904d471016252dff8d4bdfa96.ctex
.. Loading resource: res://addons/dialogic/Modules/Voice/icon.png
.. Loading resource: res://.godot/imported/icon.png-85989da147a1404ecd08c88eac72cda1.ctex
.. Loading resource: res://addons/dialogic/Modules/Jump/icon_jump.png
.. Loading resource: res://.godot/imported/icon_jump.png-50f6cdd715fcbdbed16b43c5beb6b851.ctex
.. Loading resource: res://addons/dialogic/Modules/Jump/icon_label.png
.. Loading resource: res://.godot/imported/icon_label.png-3923bd1131990c8869923c838ffdb9ae.ctex
.. Loading resource: res://addons/dialogic/Modules/Jump/icon_return.svg
.. Loading resource: res://.godot/imported/icon_return.svg-dc7fb704ff391638f73cbbc2b30b32fa.editor.ctex
.. Loading resource: res://addons/dialogic/Modules/Condition/icon.svg
.. Loading resource: res://.godot/imported/icon.svg-502d45c064cc30f576b7b105a01357ce.editor.ctex
.. Loading resource: res://addons/dialogic/Modules/Choice/icon.svg
.. Loading resource: res://.godot/imported/icon.svg-372a9bfce8bea67fff1988d7acf09a9a.editor.ctex
.. Loading resource: res://addons/dialogic/Modules/History/icon.svg
.. Loading resource: res://.godot/imported/icon.svg-82841efe3f86e947d4f66fd24dc8f52c.editor.ctex
.. Loading resource: res://addons/dialogic/Modules/Audio/icon_music.png
.. Loading resource: res://.godot/imported/icon_music.png-ffc971ba1265164a55f745186974be5f.ctex
.. Loading resource: res://addons/dialogic/Modules/Audio/icon_sound.png
.. Loading resource: res://.godot/imported/icon_sound.png-7a1a8a5533773d97969b6311b6a9133f.ctex
.. Loading resource: res://addons/dialogic/Modules/Character/icon.svg
.. Loading resource: res://.godot/imported/icon.svg-4f340f6efbb83004dbd5c761dd1dc448.editor.ctex
.. Loading resource: res://addons/dialogic/Modules/Variable/icon.png
.. Loading resource: res://.godot/imported/icon.png-99064bb3920f49262c581fccbfcfc353.ctex
.. Loading resource: res://addons/dialogic/Modules/Save/icon.svg
.. Loading resource: res://.godot/imported/icon.svg-aad0408eebe298e9d92c76d6f2c79cf6.editor.ctex
.. Loading resource: res://addons/dialogic/Modules/Comment/icon.png
.. Loading resource: res://.godot/imported/icon.png-fab76b8a5886dac0012cf73c317dbee4.ctex
.. Loading resource: res://addons/dialogic/Modules/Call/icon.png
.. Loading resource: res://.godot/imported/icon.png-12e444f0ed59397c7537943ea85b475c.ctex
.. Loading resource: res://addons/dialogic/Modules/Clear/icon.png
.. Loading resource: res://.godot/imported/icon.png-b4986c88bf1e20891dc480c8f4703ca4.ctex
.. Loading resource: res://addons/dialogic/Modules/Background/icon.png
.. Loading resource: res://.godot/imported/icon.png-cab4c78f59b171335e340ba590cf5991.ctex
.. Loading resource: res://addons/dialogic/Modules/Settings/icon.svg
.. Loading resource: res://.godot/imported/icon.svg-d4407cb145fa5c1d965de3d2bd63ce5f.editor.ctex
.. Loading resource: res://addons/dialogic/Modules/TextInput/icon.png
.. Loading resource: res://.godot/imported/icon.png-aea103d18fdc694e2da87b3c5a56be35.ctex
.. Loading resource: res://addons/dialogic/Modules/WaitInput/icon.svg
.. Loading resource: res://.godot/imported/icon.svg-cb8e50b081a310c64183b12c6d12fcf2.editor.ctex
.. Loading resource: res://addons/dialogic/Modules/Wait/icon.svg
.. Loading resource: res://.godot/imported/icon.svg-7e9f52b17ae6e5e1f284e12048cb8f05.editor.ctex
.. Loading resource: res://addons/dialogic/Modules/Style/icon.png
.. Loading resource: res://.godot/imported/icon.png-ee52cc92a2b11ac2a101ff92d2eaaa7c.ctex
.. Loading resource: res://addons/dialogic/Modules/End/icon.png
.. Loading resource: res://.godot/imported/icon.png-8e345f81e023043fdbb4f75b1b0e9bb0.ctex
.. Loading resource: res://addons/dialogic/Modules/Text/icon.svg
.. Loading resource: res://.godot/imported/icon.svg-e2501ddcdef01c7f2c3538940f5abfc1.editor.ctex
.. Loading resource: res://addons/dialogic/Editor/Images/Toolbar/add-character.svg
.. Loading resource: res://.godot/imported/add-character.svg-a658b65c1225b02657a50d5c965e0d5e.editor.ctex
.. Loading resource: res://addons/dialogic/Editor/TimelineEditor/VisualEditor/AddEventButton.tscn
.. Loading resource: res://addons/dialogic/Editor/CharacterEditor/char_edit_section_general.tscn
.. Loading resource: res://addons/dialogic/Editor/CharacterEditor/char_edit_section_general.gd
.. Loading resource: res://addons/dialogic/Editor/Common/hint_tooltip_icon.tscn
.. Loading resource: res://addons/dialogic/Editor/CharacterEditor/char_edit_section_portraits.tscn
.. Loading resource: res://addons/dialogic/Editor/CharacterEditor/char_edit_section_portraits.gd
.. Loading resource: res://addons/dialogic/Editor/Events/Fields/field_vector2.tscn
.. Loading resource: res://addons/dialogic/Editor/Events/Fields/field_vector2.gd
.. Loading resource: res://addons/dialogic/Editor/Events/Fields/field_number.tscn
.. Loading resource: res://addons/dialogic/Editor/Images/Interactable/increment_icon.svg
.. Loading resource: res://.godot/imported/increment_icon.svg-081e6509e76349f0628c55a41e85fd65.editor.ctex
.. Loading resource: res://addons/dialogic/Editor/Images/Interactable/decrement_icon.svg
.. Loading resource: res://.godot/imported/decrement_icon.svg-9556cf56db91e200fb946372e010fd5e.editor.ctex
.. Loading resource: res://addons/dialogic/Editor/Images/Resources/portrait.svg
.. Loading resource: res://.godot/imported/portrait.svg-7d29c7cfe3e086d65dce33c3d66c48cd.editor.ctex
.. Loading resource: res://addons/dialogic/Editor/CharacterEditor/char_edit_p_section_main_exports.tscn
.. Loading resource: res://addons/dialogic/Editor/CharacterEditor/char_edit_p_section_main_exports.gd
.. Loading resource: res://addons/dialogic/Editor/CharacterEditor/char_edit_p_section_exports.tscn
.. Loading resource: res://addons/dialogic/Editor/CharacterEditor/char_edit_p_section_exports.gd
.. Loading resource: res://addons/dialogic/Editor/CharacterEditor/char_edit_p_section_main.tscn
.. Loading resource: res://addons/dialogic/Editor/CharacterEditor/char_edit_p_section_main.gd
.. Loading resource: res://addons/dialogic/Editor/Events/Fields/field_file.tscn
.. Loading resource: res://addons/dialogic/Editor/CharacterEditor/portrait_scene_browser.tscn
.. Loading resource: res://addons/dialogic/Editor/CharacterEditor/portrait_scene_browser.gd
.. Loading resource: res://addons/dialogic/Editor/Common/hint_tooltip_icon.tscn
.. Loading resource: res://addons/dialogic/Editor/CharacterEditor/char_edit_p_section_layout.tscn
.. Loading resource: res://addons/dialogic/Editor/CharacterEditor/char_edit_p_section_layout.gd
.. Loading resource: res://addons/dialogic/Editor/Events/Fields/field_vector2.tscn
.. Loading resource: res://addons/dialogic/Editor/Events/Fields/field_number.tscn
.. Loading resource: res://addons/dialogic/Modules/Text/character_settings/character_moods_settings.tscn
.. Loading resource: res://addons/dialogic/Modules/Text/character_settings/character_moods_settings.gd
.. Loading resource: res://addons/dialogic/Editor/Events/Fields/field_file.tscn
.. Loading resource: res://addons/dialogic/Editor/Events/Fields/field_number.tscn
.. Loading resource: res://addons/dialogic/Modules/Text/node_type_sound.gd
.. Loading resource: res://addons/dialogic/Editor/Common/hint_tooltip_icon.tscn
.. Loading resource: res://addons/dialogic/Modules/Text/character_settings/character_portrait_mood_settings.tscn
.. Loading resource: res://addons/dialogic/Modules/Text/character_settings/character_portrait_mood_settings.gd
.. Loading resource: res://addons/dialogic/Modules/Style/character_settings_style.tscn
.. Loading resource: res://addons/dialogic/Modules/Style/character_settings_style.gd
.. Loading resource: res://addons/dialogic/Editor/Common/hint_tooltip_icon.tscn
.. Loading resource: res://addons/dialogic/Editor/Inspector/inspector_plugin.gd
.. [  83% ] \u001b[90m\u001b[1mfirst_scan_filesystem\u001b[22m | Starting file scan...\u001b[39m\u001b[0m
.. \u001b[92m[ DONE ]\u001b[39m \u001b[1mfirst_scan_filesystem\u001b[22m
.. \u001b[0m
:: WARNING: Missing .uid file for path "res://qodana.yaml". The file was re-created from cache.
:: at: _process_file_system (editor/file_system/editor_file_system.cpp:1363)
.. [   0% ] \u001b[90m\u001b[1mloading_editor_layout\u001b[22m | Started Loading editor (5 steps)\u001b[39m\u001b[0m
.. [   0% ] \u001b[90m\u001b[1mloading_editor_layout\u001b[22m | Loading editor layout...\u001b[39m\u001b[0m
.. [  16% ] \u001b[90m\u001b[1mloading_editor_layout\u001b[22m | Loading docks...\u001b[39m\u001b[0m
.. [  33% ] \u001b[90m\u001b[1mloading_editor_layout\u001b[22m | Reopening scenes...\u001b[39m\u001b[0m
.. [  50% ] \u001b[90m\u001b[1mloading_editor_layout\u001b[22m | Loading central editor layout...\u001b[39m\u001b[0m
.. [  66% ] \u001b[90m\u001b[1mloading_editor_layout\u001b[22m | Loading plugin window layout...\u001b[39m\u001b[0m
.. [  83% ] \u001b[90m\u001b[1mloading_editor_layout\u001b[22m | Editor layout ready.\u001b[39m\u001b[0m
.. \u001b[92m[ DONE ]\u001b[39m \u001b[1mloading_editor_layout\u001b[22m
.. \u001b[0m
.. Loading resource: res://source/ui/menus/main_menu.tscn
.. Loading resource: res://source/ui/menus/MainMenu.cs
.. Loading resource: res://source/ui/omega/OmegaUi.cs
.. Loading resource: res://source/shaders/pulsing_background.tres
.. Loading resource: res://source/shaders/pulsing_background.gdshader
.. Loading resource: res://source/shaders/crt_phosphor.tres
.. Loading resource: res://source/shaders/crt_phosphor.gdshader
.. Loading resource: res://source/shaders/crt_scanlines.tres
.. Loading resource: res://source/shaders/crt_scanlines.gdshader
.. Loading resource: res://source/shaders/crt_glitch.tres
.. Loading resource: res://source/shaders/crt_glitch.gdshader
.. Failed to bind socket. Error: 3.
.. thirdparty/mbedtls/library/ssl_tls13_generic.c:1552: 0x428647d8: Perform PSA-based ECDH/FFDH computation.
.. thirdparty/mbedtls/library/ssl_tls13_client.c:1950: 0x428647d8: Switch to handshake keys for inbound traffic
.. thirdparty/mbedtls/library/ssl_tls13_generic.c:0403: 0x428647d8: mbedtls_ssl_tls13_process_certificate_verify() returned 0 (-0x0000)
.. thirdparty/mbedtls/library/ssl_tls13_client.c:2639: 0x428647d8: Switch to handshake traffic keys for outbound traffic
.. thirdparty/mbedtls/library/ssl_tls13_generic.c:1235: 0x428647d8: Switch to application keys for inbound traffic
.. thirdparty/mbedtls/library/ssl_tls13_generic.c:1238: 0x428647d8: Switch to application keys for outbound traffic
.. Unloading addon: res://addons/fuku/plugin.cfg
.. Unloading addon: res://addons/gdUnit4/plugin.cfg
.. Unloading addon: res://addons/godot_xterm/plugin.cfg
.. Unloading addon: res://addons/type_writer_label/plugin.cfg
.. Unloading addon: res://addons/yaml/plugin.cfg
:: ERROR: Condition "i &gt;= loader_count" is true.
:: at: remove_resource_format_loader (core/io/resource_loader.cpp:1061)
:: GDScript backtrace (most recent call first):
:: [0] _exit_tree (res://addons/yaml/plugin.gd:62)
:: ERROR: Condition "i &gt;= saver_count" is true.
:: at: remove_resource_format_saver (core/io/resource_saver.cpp:210)
:: GDScript backtrace (most recent call first):
:: [0] _exit_tree (res://addons/yaml/plugin.gd:63)
.. Unloading addon: res://addons/dialogic/plugin.cfg
.. Script docs haven't been properly loaded or regenerated, so don't save them to disk.
.. EditorSettings: Save OK!
:: ERROR: Condition "!EditorSettings::get_singleton() || !EditorSettings::get_singleton()-&gt;has_setting(p_setting)" is true. Returning: Variant()
:: at: _EDITOR_GET (editor/settings/editor_settings.cpp:1518)
.. Unloading: Disposing tracked instances...
.. Unloading: Finished disposing tracked instances.
.. XR: Clearing primary interface
.. XR: Removed interface "Native mobile"
.. XR: Removed interface "OpenXR"
:: WARNING: ObjectDB instances leaked at exit (run with --verbose for details).
:: at: cleanup (core/object/object.cpp:2570)
.. Leaked instance: UndoRedo:2199644099704
.. Hint: Leaked instances typically happen when nodes are removed from the scene tree (with `remove_child()`) but not freed (with `free()` or `queue_free()`).
.. Orphan StringName: RenderingDevice (static: 2, total: 4)
.. Orphan StringName: Mesh (static: 18, total: 22)
.. Orphan StringName: Tween (static: 2, total: 6)
.. Orphan StringName: Shader (static: 3, total: 7)
.. Orphan StringName: JSON (static: 2, total: 4)
.. Orphan StringName: PTY (static: 0, total: 2)
.. Orphan StringName: ImageTexture (static: 5, total: 7)
.. Orphan StringName: Semaphore (static: 2, total: 4)
.. Orphan StringName: Terminal (static: 0, total: 2)
.. Orphan StringName: MainLoop (static: 3, total: 7)
.. Orphan StringName: TriangleMesh (static: 2, total: 6)
.. Orphan StringName: InputEvent (static: 18, total: 22)
.. Orphan StringName: InputEventMouse (static: 4, total: 6)
.. Orphan StringName: ThemeDB (static: 2, total: 4)
.. Orphan StringName: InputEventWithModifiers (static: 9, total: 11)
.. Orphan StringName: Control (static: 218, total: 220)
.. Orphan StringName: Shape3D (static: 11, total: 15)
.. Orphan StringName: Input (static: 2, total: 4)
.. Orphan StringName: InputEventFromWindow (static: 12, total: 14)
.. Orphan StringName: ResourceLoader (static: 2, total: 6)
.. Orphan StringName: SchemaValidationResult (static: 0, total: 2)
.. Orphan StringName: Font (static: 5, total: 9)
.. Orphan StringName: RenderingServer (static: 2, total: 4)
.. Orphan StringName: Image (static: 2, total: 6)
.. Orphan StringName: Resource (static: 463, total: 467)
.. Orphan StringName: StyleBoxFlat (static: 5, total: 7)
.. Orphan StringName: Schema (static: 0, total: 2)
.. Orphan StringName: OS (static: 2, total: 4)
.. Orphan StringName: Viewport (static: 59, total: 63)
.. Orphan StringName: MultiplayerAPI (static: 4, total: 8)
.. Orphan StringName: Timer (static: 2, total: 4)
.. Orphan StringName: DisplayServer (static: 2, total: 4)
.. Orphan StringName: Marshalls (static: 2, total: 4)
.. Orphan StringName: FileAccess (static: 2, total: 4)
.. Orphan StringName: Mutex (static: 2, total: 6)
.. Orphan StringName: ConcavePolygonShape3D (static: 2, total: 6)
.. Orphan StringName: Thread (static: 2, total: 4)
.. Orphan StringName: RegExMatch (static: 2, total: 4)
.. Orphan StringName: CanvasItem (static: 266, total: 270)
.. Orphan StringName: SceneTree (static: 2, total: 6)
.. Orphan StringName: InputEventMouseMotion (static: 2, total: 4)
.. Orphan StringName: InputEventMouseButton (static: 2, total: 4)
.. Orphan StringName: WeakRef (static: 2, total: 4)
.. Orphan StringName: YAMLSecurity (static: 0, total: 2)
.. Orphan StringName: Texture (static: 44, total: 48)
.. Orphan StringName: CanvasLayer (static: 3, total: 7)
.. Orphan StringName: World2D (static: 2, total: 6)
.. Orphan StringName: ShaderMaterial (static: 2, total: 4)
.. Orphan StringName: Material (static: 13, total: 17)
.. Orphan StringName: Node (static: 560, total: 565)
.. Orphan StringName: ProjectSettings (static: 2, total: 6)
.. Orphan StringName: TextServer (static: 5, total: 9)
.. Orphan StringName: RefCounted (static: 788, total: 792)
.. Orphan StringName: Object (static: 1464, total: 1468)
.. Orphan StringName: Theme (static: 3, total: 7)
.. Orphan StringName: YAMLResult (static: 0, total: 2)
.. Orphan StringName: YAMLStyle (static: 0, total: 2)
.. Orphan StringName: RDPipelineSpecializationConstant (static: 2, total: 4)
.. Orphan StringName: ConvexPolygonShape3D (static: 2, total: 6)
.. Orphan StringName: InputEventKey (static: 2, total: 4)
.. Orphan StringName: ResourceFormatLoader (static: 2, total: 6)
.. Orphan StringName: MultiMesh (static: 2, total: 6)
.. Orphan StringName: Texture2D (static: 20, total: 24)
.. Orphan StringName: Window (static: 62, total: 66)
.. Orphan StringName: StyleBox (static: 6, total: 10)
.. Orphan StringName: ClassDB (static: 2, total: 6)
.. Orphan StringName: RegEx (static: 2, total: 4)
.. Orphan StringName: Script (static: 12, total: 14)
.. Orphan StringName: YAML (static: 0, total: 2)
.. StringName: 69 unclaimed string names at exit.
Rebuild Godot Project ends with exit code: 0

======== Running GdUnit4 Godot Runtime Test Runner ========
    &amp;#x1B;[96m[TerminalChoicePresenter.PresentChoicesAsync]&amp;#x1B;[39m Presenting 2 TerminalChoiceOption choices&amp;#x1B;[0m
    &amp;#x1B;[38;5;208m[TerminalChoicePresenter.ClearChoiceButtons]&amp;#x1B;[39m Clearing 0 buttons from container&amp;#x1B;[0m
    &amp;#x1B;[92m  &amp;#x2713; All 0 buttons cleared&amp;#x1B;[39m&amp;#x1B;[0m
    &amp;#x1B;[93m  &amp;#x2192; Created button 0: &amp;#x27;Option A&amp;#x27;&amp;#x1B;[39m&amp;#x1B;[0m
    &amp;#x1B;[93m  &amp;#x2192; Created button 1: &amp;#x27;Option B&amp;#x27;&amp;#x1B;[39m&amp;#x1B;[0m
    &amp;#x1B;[96m  Ready to wait for selection from 2 buttons&amp;#x1B;[39m&amp;#x1B;[0m
    &amp;#x1B;[94m[TerminalChoicePresenter.AreChoicesVisible]&amp;#x1B;[39m &amp;#x2192; True (2 buttons)&amp;#x1B;[0m
    &amp;#x1B;[95m[TerminalChoicePresenter.SimulateChoiceSelection]&amp;#x1B;[39m Simulating selection of index 1&amp;#x1B;[0m
    &amp;#x1B;[95m[TerminalChoicePresenter.OnChoiceSelected]&amp;#x1B;[39m Choice 1 selected&amp;#x1B;[0m
    &amp;#x1B;[92m  &amp;#x2713; Selection processed, TrySetResult=True&amp;#x1B;[39m&amp;#x1B;[0m
    &amp;#x1B;[92m  Selection received: index=1&amp;#x1B;[39m&amp;#x1B;[0m
    &amp;#x1B;[96m[TerminalChoicePresenter.PresentChoicesAsync]&amp;#x1B;[39m Presenting 2 TerminalChoiceOption choices&amp;#x1B;[0m
    &amp;#x1B;[38;5;208m[TerminalChoicePresenter.ClearChoiceButtons]&amp;#x1B;[39m Clearing 2 buttons from container&amp;#x1B;[0m
    &amp;#x1B;[92m  &amp;#x2713; All 0 buttons cleared&amp;#x1B;[39m&amp;#x1B;[0m
    &amp;#x1B;[93m  &amp;#x2192; Created button 0: &amp;#x27;Continue&amp;#x27;&amp;#x1B;[39m&amp;#x1B;[0m
    &amp;#x1B;[93m  &amp;#x2192; Created button 1: &amp;#x27;Exit&amp;#x27;&amp;#x1B;[39m&amp;#x1B;[0m
    &amp;#x1B;[96m  Ready to wait for selection from 2 buttons&amp;#x1B;[39m&amp;#x1B;[0m
    &amp;#x1B;[94m[TerminalChoicePresenter.AreChoicesVisible]&amp;#x1B;[39m &amp;#x2192; True (2 buttons)&amp;#x1B;[0m
    &amp;#x1B;[95m[TerminalChoicePresenter.SimulateChoiceSelection]&amp;#x1B;[39m Simulating selection of index 0&amp;#x1B;[0m
    &amp;#x1B;[95m[TerminalChoicePresenter.OnChoiceSelected]&amp;#x1B;[39m Choice 0 selected&amp;#x1B;[0m
    &amp;#x1B;[92m  Selection received: index=0&amp;#x1B;[39m&amp;#x1B;[0m
    &amp;#x1B;[92m  &amp;#x2713; Selection processed, TrySetResult=True&amp;#x1B;[39m&amp;#x1B;[0m
    &amp;#x1B;[96m[TerminalChoicePresenter.PresentChoicesAsync]&amp;#x1B;[39m Presenting 2 TerminalChoiceOption choices&amp;#x1B;[0m
    &amp;#x1B;[38;5;208m[TerminalChoicePresenter.ClearChoiceButtons]&amp;#x1B;[39m Clearing 2 buttons from container&amp;#x1B;[0m
    &amp;#x1B;[92m  &amp;#x2713; All 0 buttons cleared&amp;#x1B;[39m&amp;#x1B;[0m
    &amp;#x1B;[93m  &amp;#x2192; Created button 0: &amp;#x27;Lifecycle Test 1&amp;#x27;&amp;#x1B;[39m&amp;#x1B;[0m
    &amp;#x1B;[93m  &amp;#x2192; Created button 1: &amp;#x27;Lifecycle Test 2&amp;#x27;&amp;#x1B;[39m&amp;#x1B;[0m
    &amp;#x1B;[96m  Ready to wait for selection from 2 buttons&amp;#x1B;[39m&amp;#x1B;[0m
    &amp;#x1B;[94m[TerminalChoicePresenter.AreChoicesVisible]&amp;#x1B;[39m &amp;#x2192; True (2 buttons)&amp;#x1B;[0m
    &amp;#x1B;[95m[TerminalChoicePresenter.SimulateChoiceSelection]&amp;#x1B;[39m Simulating selection of index 0&amp;#x1B;[0m
    &amp;#x1B;[95m[TerminalChoicePresenter.OnChoiceSelected]&amp;#x1B;[39m Choice 0 selected&amp;#x1B;[0m
    &amp;#x1B;[92m  &amp;#x2713; Selection processed, TrySetResult=True&amp;#x1B;[39m&amp;#x1B;[0m
    &amp;#x1B;[92m  Selection received: index=0&amp;#x1B;[39m&amp;#x1B;[0m
    &amp;#x1B;[92m&amp;#x2713; Component lifecycle managed properly&amp;#x1B;[39m&amp;#x1B;[0m
    Expected viewport center: (960, 540)
    Expected label rect: (935, 515), (50, 50)
:: ERROR: Cannot open file 'res://tests/fixtures/menu_ui_test_fixture.tscn'.
:: at: load (scene/resources/resource_format_text.cpp:1409)
:: C# backtrace (most recent call first):
:: [0] Godot.GodotObject Godot.NativeCalls.godot_icall_3_761(nint, nint, string, string, int) (/root/godot/modules/mono/glue/GodotSharp/GodotSharp/Generated/NativeCalls.cs:6854)
:: [1] Godot.Resource Godot.ResourceLoader.Load(string, string, Godot.ResourceLoader+CacheMode) (/root/godot/modules/mono/glue/GodotSharp/GodotSharp/Generated/GodotObjects/ResourceLoader.cs:120)
:: [2] T Godot.ResourceLoader.Load&lt;T&gt;(string, string, Godot.ResourceLoader+CacheMode) (/root/godot/modules/mono/glue/GodotSharp/GodotSharp/Core/Extensions/ResourceLoaderExtensions.cs:27)
:: [3] T Godot.GD.Load&lt;T&gt;(string) (/root/godot/modules/mono/glue/GodotSharp/GodotSharp/Core/GD.cs:129)
:: [4] void OmegaSpiral.Tests.Integration.SceneLoadingAndViewportTests.MenuFixture_NeverRendersOffscreen() (/home/adam/Dev/omega-spiral/chapter-zero/tests/integration/SceneLoadingAndViewportTests.cs:76)
:: [5] void System.RuntimeMethodHandle.InvokeMethod(System.Runtime.CompilerServices.ObjectHandleOnStack, System.Void**, System.Runtime.CompilerServices.ObjectHandleOnStack, Interop+BOOL, System.Runtime.CompilerServices.ObjectHandleOnStack)
:: [6] void System.RuntimeMethodHandle.InvokeMethod(System.Runtime.CompilerServices.ObjectHandleOnStack, System.Void**, System.Runtime.CompilerServices.ObjectHandleOnStack, Interop+BOOL, System.Runtime.CompilerServices.ObjectHandleOnStack)
:: [7] object System.Reflection.MethodBaseInvoker.InterpretedInvoke_Method(object, System.IntPtr*)
:: [8] object System.Reflection.RuntimeMethodInfo.Invoke(object, System.Reflection.BindingFlags, System.Reflection.Binder, System.Object[], System.Globalization.CultureInfo)
:: [9] void GdUnit4.Core.Execution.ExecutionStage`1+&lt;ExecuteStage&gt;d__37.MoveNext()
:: [10] void System.Runtime.CompilerServices.AsyncTaskMethodBuilder.Start&lt;TStateMachine&gt;(TStateMachine&amp;)
:: [11] System.Threading.Tasks.Task GdUnit4.Core.Execution.ExecutionStage`1.ExecuteStage(GdUnit4.Core.Execution.ExecutionContext)
:: [12] void GdUnit4.Core.Execution.ExecutionStage`1+&lt;Execute&gt;d__30.MoveNext()
:: [13] void System.Runtime.CompilerServices.AsyncTaskMethodBuilder.Start&lt;TStateMachine&gt;(TStateMachine&amp;)
:: [14] System.Threading.Tasks.Task GdUnit4.Core.Execution.ExecutionStage`1.Execute(GdUnit4.Core.Execution.ExecutionContext)
:: [15] System.Threading.Tasks.Task GdUnit4.Core.Execution.TestCaseExecutionStage.&lt;&gt;n__0(GdUnit4.Core.Execution.ExecutionContext)
:: [16] void GdUnit4.Core.Execution.TestCaseExecutionStage+&lt;Execute&gt;d__1.MoveNext()
:: [17] void System.Runtime.CompilerServices.AsyncTaskMethodBuilder.Start&lt;TStateMachine&gt;(TStateMachine&amp;)
:: [18] System.Threading.Tasks.Task GdUnit4.Core.Execution.TestCaseExecutionStage.Execute(GdUnit4.Core.Execution.ExecutionContext)
:: [19] void GdUnit4.Core.Execution.TestSuiteExecutionStage+&lt;RunTestCase&gt;d__15.MoveNext()
:: [20] void System.Threading.ExecutionContext.RunInternal(System.Threading.ExecutionContext, System.Threading.ContextCallback, object)
:: [21] void System.Runtime.CompilerServices.AsyncTaskMethodBuilder`1+AsyncStateMachineBox`1.MoveNext(System.Threading.Thread)
:: [22] void System.Threading.Tasks.AwaitTaskContinuation.RunCallback(System.Threading.ContextCallback, object, System.Threading.Tasks.Task&amp;)
:: [23] void System.Threading.Tasks.Task.RunContinuations(object)
:: [24] void System.Runtime.CompilerServices.AsyncTaskMethodBuilder.SetResult()
:: [25] void GdUnit4.Core.Execution.BeforeTestExecutionStage+&lt;Execute&gt;d__1.MoveNext()
:: [26] void System.Threading.ExecutionContext.RunInternal(System.Threading.ExecutionContext, System.Threading.ContextCallback, object)
:: [27] void System.Runtime.CompilerServices.AsyncTaskMethodBuilder`1+AsyncStateMachineBox`1.MoveNext(System.Threading.Thread)
:: [28] void System.Threading.Tasks.AwaitTaskContinuation.RunCallback(System.Threading.ContextCallback, object, System.Threading.Tasks.Task&amp;)
:: [29] void System.Threading.Tasks.Task.RunContinuations(object)
:: [30] void System.Runtime.CompilerServices.AsyncTaskMethodBuilder.SetResult()
:: [31] void GdUnit4.Core.Execution.ExecutionStage`1+&lt;Execute&gt;d__30.MoveNext()
:: [32] void System.Threading.ExecutionContext.RunInternal(System.Threading.ExecutionContext, System.Threading.ContextCallback, object)
:: [33] void System.Runtime.CompilerServices.AsyncTaskMethodBuilder`1+AsyncStateMachineBox`1.MoveNext(System.Threading.Thread)
:: [34] void Godot.GodotSynchronizationContext.ExecutePendingContinuations() (/root/godot/modules/mono/glue/GodotSharp/GodotSharp/Core/GodotSynchronizationContext.cs:51)
:: [35] void Godot.GodotTaskScheduler.Activate() (/root/godot/modules/mono/glue/GodotSharp/GodotSharp/Core/GodotTaskScheduler.cs:76)
:: [36] void Godot.Bridge.ScriptManagerBridge.FrameCallback() (/root/godot/modules/mono/glue/GodotSharp/GodotSharp/Core/Bridge/ScriptManagerBridge.cs:84)
:: ERROR: Failed loading resource: res://tests/fixtures/menu_ui_test_fixture.tscn.
:: at: _load (core/io/resource_loader.cpp:343)
:: C# backtrace (most recent call first):
:: [0] Godot.GodotObject Godot.NativeCalls.godot_icall_3_761(nint, nint, string, string, int) (/root/godot/modules/mono/glue/GodotSharp/GodotSharp/Generated/NativeCalls.cs:6854)
:: [1] Godot.Resource Godot.ResourceLoader.Load(string, string, Godot.ResourceLoader+CacheMode) (/root/godot/modules/mono/glue/GodotSharp/GodotSharp/Generated/GodotObjects/ResourceLoader.cs:120)
:: [2] T Godot.ResourceLoader.Load&lt;T&gt;(string, string, Godot.ResourceLoader+CacheMode) (/root/godot/modules/mono/glue/GodotSharp/GodotSharp/Core/Extensions/ResourceLoaderExtensions.cs:27)
:: [3] T Godot.GD.Load&lt;T&gt;(string) (/root/godot/modules/mono/glue/GodotSharp/GodotSharp/Core/GD.cs:129)
:: [4] void OmegaSpiral.Tests.Integration.SceneLoadingAndViewportTests.MenuFixture_NeverRendersOffscreen() (/home/adam/Dev/omega-spiral/chapter-zero/tests/integration/SceneLoadingAndViewportTests.cs:76)
:: [5] void System.RuntimeMethodHandle.InvokeMethod(System.Runtime.CompilerServices.ObjectHandleOnStack, System.Void**, System.Runtime.CompilerServices.ObjectHandleOnStack, Interop+BOOL, System.Runtime.CompilerServices.ObjectHandleOnStack)
:: [6] void System.RuntimeMethodHandle.InvokeMethod(System.Runtime.CompilerServices.ObjectHandleOnStack, System.Void**, System.Runtime.CompilerServices.ObjectHandleOnStack, Interop+BOOL, System.Runtime.CompilerServices.ObjectHandleOnStack)
:: [7] object System.Reflection.MethodBaseInvoker.InterpretedInvoke_Method(object, System.IntPtr*)
:: [8] object System.Reflection.RuntimeMethodInfo.Invoke(object, System.Reflection.BindingFlags, System.Reflection.Binder, System.Object[], System.Globalization.CultureInfo)
:: [9] void GdUnit4.Core.Execution.ExecutionStage`1+&lt;ExecuteStage&gt;d__37.MoveNext()
:: [10] void System.Runtime.CompilerServices.AsyncTaskMethodBuilder.Start&lt;TStateMachine&gt;(TStateMachine&amp;)
:: [11] System.Threading.Tasks.Task GdUnit4.Core.Execution.ExecutionStage`1.ExecuteStage(GdUnit4.Core.Execution.ExecutionContext)
:: [12] void GdUnit4.Core.Execution.ExecutionStage`1+&lt;Execute&gt;d__30.MoveNext()
:: [13] void System.Runtime.CompilerServices.AsyncTaskMethodBuilder.Start&lt;TStateMachine&gt;(TStateMachine&amp;)
:: [14] System.Threading.Tasks.Task GdUnit4.Core.Execution.ExecutionStage`1.Execute(GdUnit4.Core.Execution.ExecutionContext)
:: [15] System.Threading.Tasks.Task GdUnit4.Core.Execution.TestCaseExecutionStage.&lt;&gt;n__0(GdUnit4.Core.Execution.ExecutionContext)
:: [16] void GdUnit4.Core.Execution.TestCaseExecutionStage+&lt;Execute&gt;d__1.MoveNext()
:: [17] void System.Runtime.CompilerServices.AsyncTaskMethodBuilder.Start&lt;TStateMachine&gt;(TStateMachine&amp;)
:: [18] System.Threading.Tasks.Task GdUnit4.Core.Execution.TestCaseExecutionStage.Execute(GdUnit4.Core.Execution.ExecutionContext)
:: [19] void GdUnit4.Core.Execution.TestSuiteExecutionStage+&lt;RunTestCase&gt;d__15.MoveNext()
:: [20] void System.Threading.ExecutionContext.RunInternal(System.Threading.ExecutionContext, System.Threading.ContextCallback, object)
:: [21] void System.Runtime.CompilerServices.AsyncTaskMethodBuilder`1+AsyncStateMachineBox`1.MoveNext(System.Threading.Thread)
:: [22] void System.Threading.Tasks.AwaitTaskContinuation.RunCallback(System.Threading.ContextCallback, object, System.Threading.Tasks.Task&amp;)
:: [23] void System.Threading.Tasks.Task.RunContinuations(object)
:: [24] void System.Runtime.CompilerServices.AsyncTaskMethodBuilder.SetResult()
:: [25] void GdUnit4.Core.Execution.BeforeTestExecutionStage+&lt;Execute&gt;d__1.MoveNext()
:: [26] void System.Threading.ExecutionContext.RunInternal(System.Threading.ExecutionContext, System.Threading.ContextCallback, object)
:: [27] void System.Runtime.CompilerServices.AsyncTaskMethodBuilder`1+AsyncStateMachineBox`1.MoveNext(System.Threading.Thread)
:: [28] void System.Threading.Tasks.AwaitTaskContinuation.RunCallback(System.Threading.ContextCallback, object, System.Threading.Tasks.Task&amp;)
:: [29] void System.Threading.Tasks.Task.RunContinuations(object)
:: [30] void System.Runtime.CompilerServices.AsyncTaskMethodBuilder.SetResult()
:: [31] void GdUnit4.Core.Execution.ExecutionStage`1+&lt;Execute&gt;d__30.MoveNext()
:: [32] void System.Threading.ExecutionContext.RunInternal(System.Threading.ExecutionContext, System.Threading.ContextCallback, object)
:: [33] void System.Runtime.CompilerServices.AsyncTaskMethodBuilder`1+AsyncStateMachineBox`1.MoveNext(System.Threading.Thread)
:: [34] void Godot.GodotSynchronizationContext.ExecutePendingContinuations() (/root/godot/modules/mono/glue/GodotSharp/GodotSharp/Core/GodotSynchronizationContext.cs:51)
:: [35] void Godot.GodotTaskScheduler.Activate() (/root/godot/modules/mono/glue/GodotSharp/GodotSharp/Core/GodotTaskScheduler.cs:76)
:: [36] void Godot.Bridge.ScriptManagerBridge.FrameCallback() (/root/godot/modules/mono/glue/GodotSharp/GodotSharp/Core/Bridge/ScriptManagerBridge.cs:84)
:: ERROR: Error loading resource: 'res://tests/fixtures/menu_ui_test_fixture.tscn'.
:: at: load (core/core_bind.cpp:76)
:: C# backtrace (most recent call first):
:: [0] Godot.GodotObject Godot.NativeCalls.godot_icall_3_761(nint, nint, string, string, int) (/root/godot/modules/mono/glue/GodotSharp/GodotSharp/Generated/NativeCalls.cs:6854)
:: [1] Godot.Resource Godot.ResourceLoader.Load(string, string, Godot.ResourceLoader+CacheMode) (/root/godot/modules/mono/glue/GodotSharp/GodotSharp/Generated/GodotObjects/ResourceLoader.cs:120)
:: [2] T Godot.ResourceLoader.Load&lt;T&gt;(string, string, Godot.ResourceLoader+CacheMode) (/root/godot/modules/mono/glue/GodotSharp/GodotSharp/Core/Extensions/ResourceLoaderExtensions.cs:27)
:: [3] T Godot.GD.Load&lt;T&gt;(string) (/root/godot/modules/mono/glue/GodotSharp/GodotSharp/Core/GD.cs:129)
:: [4] void OmegaSpiral.Tests.Integration.SceneLoadingAndViewportTests.MenuFixture_NeverRendersOffscreen() (/home/adam/Dev/omega-spiral/chapter-zero/tests/integration/SceneLoadingAndViewportTests.cs:76)
:: [5] void System.RuntimeMethodHandle.InvokeMethod(System.Runtime.CompilerServices.ObjectHandleOnStack, System.Void**, System.Runtime.CompilerServices.ObjectHandleOnStack, Interop+BOOL, System.Runtime.CompilerServices.ObjectHandleOnStack)
:: [6] void System.RuntimeMethodHandle.InvokeMethod(System.Runtime.CompilerServices.ObjectHandleOnStack, System.Void**, System.Runtime.CompilerServices.ObjectHandleOnStack, Interop+BOOL, System.Runtime.CompilerServices.ObjectHandleOnStack)
:: [7] object System.Reflection.MethodBaseInvoker.InterpretedInvoke_Method(object, System.IntPtr*)
:: [8] object System.Reflection.RuntimeMethodInfo.Invoke(object, System.Reflection.BindingFlags, System.Reflection.Binder, System.Object[], System.Globalization.CultureInfo)
:: [9] void GdUnit4.Core.Execution.ExecutionStage`1+&lt;ExecuteStage&gt;d__37.MoveNext()
:: [10] void System.Runtime.CompilerServices.AsyncTaskMethodBuilder.Start&lt;TStateMachine&gt;(TStateMachine&amp;)
:: [11] System.Threading.Tasks.Task GdUnit4.Core.Execution.ExecutionStage`1.ExecuteStage(GdUnit4.Core.Execution.ExecutionContext)
:: [12] void GdUnit4.Core.Execution.ExecutionStage`1+&lt;Execute&gt;d__30.MoveNext()
:: [13] void System.Runtime.CompilerServices.AsyncTaskMethodBuilder.Start&lt;TStateMachine&gt;(TStateMachine&amp;)
:: [14] System.Threading.Tasks.Task GdUnit4.Core.Execution.ExecutionStage`1.Execute(GdUnit4.Core.Execution.ExecutionContext)
:: [15] System.Threading.Tasks.Task GdUnit4.Core.Execution.TestCaseExecutionStage.&lt;&gt;n__0(GdUnit4.Core.Execution.ExecutionContext)
:: [16] void GdUnit4.Core.Execution.TestCaseExecutionStage+&lt;Execute&gt;d__1.MoveNext()
:: [17] void System.Runtime.CompilerServices.AsyncTaskMethodBuilder.Start&lt;TStateMachine&gt;(TStateMachine&amp;)
:: [18] System.Threading.Tasks.Task GdUnit4.Core.Execution.TestCaseExecutionStage.Execute(GdUnit4.Core.Execution.ExecutionContext)
:: [19] void GdUnit4.Core.Execution.TestSuiteExecutionStage+&lt;RunTestCase&gt;d__15.MoveNext()
:: [20] void System.Threading.ExecutionContext.RunInternal(System.Threading.ExecutionContext, System.Threading.ContextCallback, object)
:: [21] void System.Runtime.CompilerServices.AsyncTaskMethodBuilder`1+AsyncStateMachineBox`1.MoveNext(System.Threading.Thread)
:: [22] void System.Threading.Tasks.AwaitTaskContinuation.RunCallback(System.Threading.ContextCallback, object, System.Threading.Tasks.Task&amp;)
:: [23] void System.Threading.Tasks.Task.RunContinuations(object)
:: [24] void System.Runtime.CompilerServices.AsyncTaskMethodBuilder.SetResult()
:: [25] void GdUnit4.Core.Execution.BeforeTestExecutionStage+&lt;Execute&gt;d__1.MoveNext()
:: [26] void System.Threading.ExecutionContext.RunInternal(System.Threading.ExecutionContext, System.Threading.ContextCallback, object)
:: [27] void System.Runtime.CompilerServices.AsyncTaskMethodBuilder`1+AsyncStateMachineBox`1.MoveNext(System.Threading.Thread)
:: [28] void System.Threading.Tasks.AwaitTaskContinuation.RunCallback(System.Threading.ContextCallback, object, System.Threading.Tasks.Task&amp;)
:: [29] void System.Threading.Tasks.Task.RunContinuations(object)
:: [30] void System.Runtime.CompilerServices.AsyncTaskMethodBuilder.SetResult()
:: [31] void GdUnit4.Core.Execution.ExecutionStage`1+&lt;Execute&gt;d__30.MoveNext()
:: [32] void System.Threading.ExecutionContext.RunInternal(System.Threading.ExecutionContext, System.Threading.ContextCallback, object)
:: [33] void System.Runtime.CompilerServices.AsyncTaskMethodBuilder`1+AsyncStateMachineBox`1.MoveNext(System.Threading.Thread)
:: [34] void Godot.GodotSynchronizationContext.ExecutePendingContinuations() (/root/godot/modules/mono/glue/GodotSharp/GodotSharp/Core/GodotSynchronizationContext.cs:51)
:: [35] void Godot.GodotTaskScheduler.Activate() (/root/godot/modules/mono/glue/GodotSharp/GodotSharp/Core/GodotTaskScheduler.cs:76)
:: [36] void Godot.Bridge.ScriptManagerBridge.FrameCallback() (/root/godot/modules/mono/glue/GodotSharp/GodotSharp/Core/Bridge/ScriptManagerBridge.cs:84)
:: ERROR: Cannot open file 'res://source/stages/stage_0_start/main_menu.tscn'.
:: at: load (scene/resources/resource_format_text.cpp:1409)
:: C# backtrace (most recent call first):
:: [0] Godot.GodotObject Godot.NativeCalls.godot_icall_3_761(nint, nint, string, string, int) (/root/godot/modules/mono/glue/GodotSharp/GodotSharp/Generated/NativeCalls.cs:6854)
:: [1] Godot.Resource Godot.ResourceLoader.Load(string, string, Godot.ResourceLoader+CacheMode) (/root/godot/modules/mono/glue/GodotSharp/GodotSharp/Generated/GodotObjects/ResourceLoader.cs:120)
:: [2] T Godot.ResourceLoader.Load&lt;T&gt;(string, string, Godot.ResourceLoader+CacheMode) (/root/godot/modules/mono/glue/GodotSharp/GodotSharp/Core/Extensions/ResourceLoaderExtensions.cs:27)
:: [3] T Godot.GD.Load&lt;T&gt;(string) (/root/godot/modules/mono/glue/GodotSharp/GodotSharp/Core/GD.cs:129)
:: [4] void OmegaSpiral.Tests.Integration.SceneLoadingAndViewportTests.AnyScene_LoadsWithinViewportBounds() (/home/adam/Dev/omega-spiral/chapter-zero/tests/integration/SceneLoadingAndViewportTests.cs:107)
:: [5] void System.RuntimeMethodHandle.InvokeMethod(System.Runtime.CompilerServices.ObjectHandleOnStack, System.Void**, System.Runtime.CompilerServices.ObjectHandleOnStack, Interop+BOOL, System.Runtime.CompilerServices.ObjectHandleOnStack)
:: [6] void System.RuntimeMethodHandle.InvokeMethod(System.Runtime.CompilerServices.ObjectHandleOnStack, System.Void**, System.Runtime.CompilerServices.ObjectHandleOnStack, Interop+BOOL, System.Runtime.CompilerServices.ObjectHandleOnStack)
:: [7] object System.Reflection.MethodBaseInvoker.InterpretedInvoke_Method(object, System.IntPtr*)
:: [8] object System.Reflection.RuntimeMethodInfo.Invoke(object, System.Reflection.BindingFlags, System.Reflection.Binder, System.Object[], System.Globalization.CultureInfo)
:: [9] void GdUnit4.Core.Execution.ExecutionStage`1+&lt;ExecuteStage&gt;d__37.MoveNext()
:: [10] void System.Runtime.CompilerServices.AsyncTaskMethodBuilder.Start&lt;TStateMachine&gt;(TStateMachine&amp;)
:: [11] System.Threading.Tasks.Task GdUnit4.Core.Execution.ExecutionStage`1.ExecuteStage(GdUnit4.Core.Execution.ExecutionContext)
:: [12] void GdUnit4.Core.Execution.ExecutionStage`1+&lt;Execute&gt;d__30.MoveNext()
:: [13] void System.Runtime.CompilerServices.AsyncTaskMethodBuilder.Start&lt;TStateMachine&gt;(TStateMachine&amp;)
:: [14] System.Threading.Tasks.Task GdUnit4.Core.Execution.ExecutionStage`1.Execute(GdUnit4.Core.Execution.ExecutionContext)
:: [15] System.Threading.Tasks.Task GdUnit4.Core.Execution.TestCaseExecutionStage.&lt;&gt;n__0(GdUnit4.Core.Execution.ExecutionContext)
:: [16] void GdUnit4.Core.Execution.TestCaseExecutionStage+&lt;Execute&gt;d__1.MoveNext()
:: [17] void System.Runtime.CompilerServices.AsyncTaskMethodBuilder.Start&lt;TStateMachine&gt;(TStateMachine&amp;)
:: [18] System.Threading.Tasks.Task GdUnit4.Core.Execution.TestCaseExecutionStage.Execute(GdUnit4.Core.Execution.ExecutionContext)
:: [19] void GdUnit4.Core.Execution.TestSuiteExecutionStage+&lt;RunTestCase&gt;d__15.MoveNext()
:: [20] void System.Threading.ExecutionContext.RunInternal(System.Threading.ExecutionContext, System.Threading.ContextCallback, object)
:: [21] void System.Runtime.CompilerServices.AsyncTaskMethodBuilder`1+AsyncStateMachineBox`1.MoveNext(System.Threading.Thread)
:: [22] void System.Threading.Tasks.AwaitTaskContinuation.RunCallback(System.Threading.ContextCallback, object, System.Threading.Tasks.Task&amp;)
:: [23] void System.Threading.Tasks.Task.RunContinuations(object)
:: [24] void System.Runtime.CompilerServices.AsyncTaskMethodBuilder.SetResult()
:: [25] void GdUnit4.Core.Execution.BeforeTestExecutionStage+&lt;Execute&gt;d__1.MoveNext()
:: [26] void System.Threading.ExecutionContext.RunInternal(System.Threading.ExecutionContext, System.Threading.ContextCallback, object)
:: [27] void System.Runtime.CompilerServices.AsyncTaskMethodBuilder`1+AsyncStateMachineBox`1.MoveNext(System.Threading.Thread)
:: [28] void System.Threading.Tasks.AwaitTaskContinuation.RunCallback(System.Threading.ContextCallback, object, System.Threading.Tasks.Task&amp;)
:: [29] void System.Threading.Tasks.Task.RunContinuations(object)
:: [30] void System.Runtime.CompilerServices.AsyncTaskMethodBuilder.SetResult()
:: [31] void GdUnit4.Core.Execution.ExecutionStage`1+&lt;Execute&gt;d__30.MoveNext()
:: [32] void System.Threading.ExecutionContext.RunInternal(System.Threading.ExecutionContext, System.Threading.ContextCallback, object)
:: [33] void System.Runtime.CompilerServices.AsyncTaskMethodBuilder`1+AsyncStateMachineBox`1.MoveNext(System.Threading.Thread)
:: [34] void Godot.GodotSynchronizationContext.ExecutePendingContinuations() (/root/godot/modules/mono/glue/GodotSharp/GodotSharp/Core/GodotSynchronizationContext.cs:51)
:: [35] void Godot.GodotTaskScheduler.Activate() (/root/godot/modules/mono/glue/GodotSharp/GodotSharp/Core/GodotTaskScheduler.cs:76)
:: [36] void Godot.Bridge.ScriptManagerBridge.FrameCallback() (/root/godot/modules/mono/glue/GodotSharp/GodotSharp/Core/Bridge/ScriptManagerBridge.cs:84)
:: ERROR: Failed loading resource: res://source/stages/stage_0_start/main_menu.tscn.
:: at: _load (core/io/resource_loader.cpp:343)
:: C# backtrace (most recent call first):
:: [0] Godot.GodotObject Godot.NativeCalls.godot_icall_3_761(nint, nint, string, string, int) (/root/godot/modules/mono/glue/GodotSharp/GodotSharp/Generated/NativeCalls.cs:6854)
:: [1] Godot.Resource Godot.ResourceLoader.Load(string, string, Godot.ResourceLoader+CacheMode) (/root/godot/modules/mono/glue/GodotSharp/GodotSharp/Generated/GodotObjects/ResourceLoader.cs:120)
:: [2] T Godot.ResourceLoader.Load&lt;T&gt;(string, string, Godot.ResourceLoader+CacheMode) (/root/godot/modules/mono/glue/GodotSharp/GodotSharp/Core/Extensions/ResourceLoaderExtensions.cs:27)
:: [3] T Godot.GD.Load&lt;T&gt;(string) (/root/godot/modules/mono/glue/GodotSharp/GodotSharp/Core/GD.cs:129)
:: [4] void OmegaSpiral.Tests.Integration.SceneLoadingAndViewportTests.AnyScene_LoadsWithinViewportBounds() (/home/adam/Dev/omega-spiral/chapter-zero/tests/integration/SceneLoadingAndViewportTests.cs:107)
:: [5] void System.RuntimeMethodHandle.InvokeMethod(System.Runtime.CompilerServices.ObjectHandleOnStack, System.Void**, System.Runtime.CompilerServices.ObjectHandleOnStack, Interop+BOOL, System.Runtime.CompilerServices.ObjectHandleOnStack)
:: [6] void System.RuntimeMethodHandle.InvokeMethod(System.Runtime.CompilerServices.ObjectHandleOnStack, System.Void**, System.Runtime.CompilerServices.ObjectHandleOnStack, Interop+BOOL, System.Runtime.CompilerServices.ObjectHandleOnStack)
:: [7] object System.Reflection.MethodBaseInvoker.InterpretedInvoke_Method(object, System.IntPtr*)
:: [8] object System.Reflection.RuntimeMethodInfo.Invoke(object, System.Reflection.BindingFlags, System.Reflection.Binder, System.Object[], System.Globalization.CultureInfo)
:: [9] void GdUnit4.Core.Execution.ExecutionStage`1+&lt;ExecuteStage&gt;d__37.MoveNext()
:: [10] void System.Runtime.CompilerServices.AsyncTaskMethodBuilder.Start&lt;TStateMachine&gt;(TStateMachine&amp;)
:: [11] System.Threading.Tasks.Task GdUnit4.Core.Execution.ExecutionStage`1.ExecuteStage(GdUnit4.Core.Execution.ExecutionContext)
:: [12] void GdUnit4.Core.Execution.ExecutionStage`1+&lt;Execute&gt;d__30.MoveNext()
:: [13] void System.Runtime.CompilerServices.AsyncTaskMethodBuilder.Start&lt;TStateMachine&gt;(TStateMachine&amp;)
:: [14] System.Threading.Tasks.Task GdUnit4.Core.Execution.ExecutionStage`1.Execute(GdUnit4.Core.Execution.ExecutionContext)
:: [15] System.Threading.Tasks.Task GdUnit4.Core.Execution.TestCaseExecutionStage.&lt;&gt;n__0(GdUnit4.Core.Execution.ExecutionContext)
:: [16] void GdUnit4.Core.Execution.TestCaseExecutionStage+&lt;Execute&gt;d__1.MoveNext()
:: [17] void System.Runtime.CompilerServices.AsyncTaskMethodBuilder.Start&lt;TStateMachine&gt;(TStateMachine&amp;)
:: [18] System.Threading.Tasks.Task GdUnit4.Core.Execution.TestCaseExecutionStage.Execute(GdUnit4.Core.Execution.ExecutionContext)
:: [19] void GdUnit4.Core.Execution.TestSuiteExecutionStage+&lt;RunTestCase&gt;d__15.MoveNext()
:: [20] void System.Threading.ExecutionContext.RunInternal(System.Threading.ExecutionContext, System.Threading.ContextCallback, object)
:: [21] void System.Runtime.CompilerServices.AsyncTaskMethodBuilder`1+AsyncStateMachineBox`1.MoveNext(System.Threading.Thread)
:: [22] void System.Threading.Tasks.AwaitTaskContinuation.RunCallback(System.Threading.ContextCallback, object, System.Threading.Tasks.Task&amp;)
:: [23] void System.Threading.Tasks.Task.RunContinuations(object)
:: [24] void System.Runtime.CompilerServices.AsyncTaskMethodBuilder.SetResult()
:: [25] void GdUnit4.Core.Execution.BeforeTestExecutionStage+&lt;Execute&gt;d__1.MoveNext()
:: [26] void System.Threading.ExecutionContext.RunInternal(System.Threading.ExecutionContext, System.Threading.ContextCallback, object)
:: [27] void System.Runtime.CompilerServices.AsyncTaskMethodBuilder`1+AsyncStateMachineBox`1.MoveNext(System.Threading.Thread)
:: [28] void System.Threading.Tasks.AwaitTaskContinuation.RunCallback(System.Threading.ContextCallback, object, System.Threading.Tasks.Task&amp;)
:: [29] void System.Threading.Tasks.Task.RunContinuations(object)
:: [30] void System.Runtime.CompilerServices.AsyncTaskMethodBuilder.SetResult()
:: [31] void GdUnit4.Core.Execution.ExecutionStage`1+&lt;Execute&gt;d__30.MoveNext()
:: [32] void System.Threading.ExecutionContext.RunInternal(System.Threading.ExecutionContext, System.Threading.ContextCallback, object)
:: [33] void System.Runtime.CompilerServices.AsyncTaskMethodBuilder`1+AsyncStateMachineBox`1.MoveNext(System.Threading.Thread)
:: [34] void Godot.GodotSynchronizationContext.ExecutePendingContinuations() (/root/godot/modules/mono/glue/GodotSharp/GodotSharp/Core/GodotSynchronizationContext.cs:51)
:: [35] void Godot.GodotTaskScheduler.Activate() (/root/godot/modules/mono/glue/GodotSharp/GodotSharp/Core/GodotTaskScheduler.cs:76)
:: [36] void Godot.Bridge.ScriptManagerBridge.FrameCallback() (/root/godot/modules/mono/glue/GodotSharp/GodotSharp/Core/Bridge/ScriptManagerBridge.cs:84)
:: ERROR: Error loading resource: 'res://source/stages/stage_0_start/main_menu.tscn'.
:: at: load (core/core_bind.cpp:76)
:: C# backtrace (most recent call first):
:: [0] Godot.GodotObject Godot.NativeCalls.godot_icall_3_761(nint, nint, string, string, int) (/root/godot/modules/mono/glue/GodotSharp/GodotSharp/Generated/NativeCalls.cs:6854)
:: [1] Godot.Resource Godot.ResourceLoader.Load(string, string, Godot.ResourceLoader+CacheMode) (/root/godot/modules/mono/glue/GodotSharp/GodotSharp/Generated/GodotObjects/ResourceLoader.cs:120)
:: [2] T Godot.ResourceLoader.Load&lt;T&gt;(string, string, Godot.ResourceLoader+CacheMode) (/root/godot/modules/mono/glue/GodotSharp/GodotSharp/Core/Extensions/ResourceLoaderExtensions.cs:27)
:: [3] T Godot.GD.Load&lt;T&gt;(string) (/root/godot/modules/mono/glue/GodotSharp/GodotSharp/Core/GD.cs:129)
:: [4] void OmegaSpiral.Tests.Integration.SceneLoadingAndViewportTests.AnyScene_LoadsWithinViewportBounds() (/home/adam/Dev/omega-spiral/chapter-zero/tests/integration/SceneLoadingAndViewportTests.cs:107)
:: [5] void System.RuntimeMethodHandle.InvokeMethod(System.Runtime.CompilerServices.ObjectHandleOnStack, System.Void**, System.Runtime.CompilerServices.ObjectHandleOnStack, Interop+BOOL, System.Runtime.CompilerServices.ObjectHandleOnStack)
:: [6] void System.RuntimeMethodHandle.InvokeMethod(System.Runtime.CompilerServices.ObjectHandleOnStack, System.Void**, System.Runtime.CompilerServices.ObjectHandleOnStack, Interop+BOOL, System.Runtime.CompilerServices.ObjectHandleOnStack)
:: [7] object System.Reflection.MethodBaseInvoker.InterpretedInvoke_Method(object, System.IntPtr*)
:: [8] object System.Reflection.RuntimeMethodInfo.Invoke(object, System.Reflection.BindingFlags, System.Reflection.Binder, System.Object[], System.Globalization.CultureInfo)
:: [9] void GdUnit4.Core.Execution.ExecutionStage`1+&lt;ExecuteStage&gt;d__37.MoveNext()
:: [10] void System.Runtime.CompilerServices.AsyncTaskMethodBuilder.Start&lt;TStateMachine&gt;(TStateMachine&amp;)
:: [11] System.Threading.Tasks.Task GdUnit4.Core.Execution.ExecutionStage`1.ExecuteStage(GdUnit4.Core.Execution.ExecutionContext)
:: [12] void GdUnit4.Core.Execution.ExecutionStage`1+&lt;Execute&gt;d__30.MoveNext()
:: [13] void System.Runtime.CompilerServices.AsyncTaskMethodBuilder.Start&lt;TStateMachine&gt;(TStateMachine&amp;)
:: [14] System.Threading.Tasks.Task GdUnit4.Core.Execution.ExecutionStage`1.Execute(GdUnit4.Core.Execution.ExecutionContext)
:: [15] System.Threading.Tasks.Task GdUnit4.Core.Execution.TestCaseExecutionStage.&lt;&gt;n__0(GdUnit4.Core.Execution.ExecutionContext)
:: [16] void GdUnit4.Core.Execution.TestCaseExecutionStage+&lt;Execute&gt;d__1.MoveNext()
:: [17] void System.Runtime.CompilerServices.AsyncTaskMethodBuilder.Start&lt;TStateMachine&gt;(TStateMachine&amp;)
:: [18] System.Threading.Tasks.Task GdUnit4.Core.Execution.TestCaseExecutionStage.Execute(GdUnit4.Core.Execution.ExecutionContext)
:: [19] void GdUnit4.Core.Execution.TestSuiteExecutionStage+&lt;RunTestCase&gt;d__15.MoveNext()
:: [20] void System.Threading.ExecutionContext.RunInternal(System.Threading.ExecutionContext, System.Threading.ContextCallback, object)
:: [21] void System.Runtime.CompilerServices.AsyncTaskMethodBuilder`1+AsyncStateMachineBox`1.MoveNext(System.Threading.Thread)
:: [22] void System.Threading.Tasks.AwaitTaskContinuation.RunCallback(System.Threading.ContextCallback, object, System.Threading.Tasks.Task&amp;)
:: [23] void System.Threading.Tasks.Task.RunContinuations(object)
:: [24] void System.Runtime.CompilerServices.AsyncTaskMethodBuilder.SetResult()
:: [25] void GdUnit4.Core.Execution.BeforeTestExecutionStage+&lt;Execute&gt;d__1.MoveNext()
:: [26] void System.Threading.ExecutionContext.RunInternal(System.Threading.ExecutionContext, System.Threading.ContextCallback, object)
:: [27] void System.Runtime.CompilerServices.AsyncTaskMethodBuilder`1+AsyncStateMachineBox`1.MoveNext(System.Threading.Thread)
:: [28] void System.Threading.Tasks.AwaitTaskContinuation.RunCallback(System.Threading.ContextCallback, object, System.Threading.Tasks.Task&amp;)
:: [29] void System.Threading.Tasks.Task.RunContinuations(object)
:: [30] void System.Runtime.CompilerServices.AsyncTaskMethodBuilder.SetResult()
:: [31] void GdUnit4.Core.Execution.ExecutionStage`1+&lt;Execute&gt;d__30.MoveNext()
:: [32] void System.Threading.ExecutionContext.RunInternal(System.Threading.ExecutionContext, System.Threading.ContextCallback, object)
:: [33] void System.Runtime.CompilerServices.AsyncTaskMethodBuilder`1+AsyncStateMachineBox`1.MoveNext(System.Threading.Thread)
:: [34] void Godot.GodotSynchronizationContext.ExecutePendingContinuations() (/root/godot/modules/mono/glue/GodotSharp/GodotSharp/Core/GodotSynchronizationContext.cs:51)
:: [35] void Godot.GodotTaskScheduler.Activate() (/root/godot/modules/mono/glue/GodotSharp/GodotSharp/Core/GodotTaskScheduler.cs:76)
:: [36] void Godot.Bridge.ScriptManagerBridge.FrameCallback() (/root/godot/modules/mono/glue/GodotSharp/GodotSharp/Core/Bridge/ScriptManagerBridge.cs:84)
:: ERROR: Cannot open file 'res://source/stages/stage_0_start/main_menu.tscn'.
:: at: load (scene/resources/resource_format_text.cpp:1409)
:: C# backtrace (most recent call first):
:: [0] Godot.GodotObject Godot.NativeCalls.godot_icall_3_761(nint, nint, string, string, int) (/root/godot/modules/mono/glue/GodotSharp/GodotSharp/Generated/NativeCalls.cs:6854)
:: [1] Godot.Resource Godot.ResourceLoader.Load(string, string, Godot.ResourceLoader+CacheMode) (/root/godot/modules/mono/glue/GodotSharp/GodotSharp/Generated/GodotObjects/ResourceLoader.cs:120)
:: [2] T Godot.ResourceLoader.Load&lt;T&gt;(string, string, Godot.ResourceLoader+CacheMode) (/root/godot/modules/mono/glue/GodotSharp/GodotSharp/Core/Extensions/ResourceLoaderExtensions.cs:27)
:: [3] T Godot.GD.Load&lt;T&gt;(string) (/root/godot/modules/mono/glue/GodotSharp/GodotSharp/Core/GD.cs:129)
:: [4] void OmegaSpiral.Tests.Integration.SceneLoadingAndViewportTests.Scene_LoadsConsistentlyAcrossMultipleInstances() (/home/adam/Dev/omega-spiral/chapter-zero/tests/integration/SceneLoadingAndViewportTests.cs:154)
:: [5] void System.RuntimeMethodHandle.InvokeMethod(System.Runtime.CompilerServices.ObjectHandleOnStack, System.Void**, System.Runtime.CompilerServices.ObjectHandleOnStack, Interop+BOOL, System.Runtime.CompilerServices.ObjectHandleOnStack)
:: [6] void System.RuntimeMethodHandle.InvokeMethod(System.Runtime.CompilerServices.ObjectHandleOnStack, System.Void**, System.Runtime.CompilerServices.ObjectHandleOnStack, Interop+BOOL, System.Runtime.CompilerServices.ObjectHandleOnStack)
:: [7] object System.Reflection.MethodBaseInvoker.InterpretedInvoke_Method(object, System.IntPtr*)
:: [8] object System.Reflection.RuntimeMethodInfo.Invoke(object, System.Reflection.BindingFlags, System.Reflection.Binder, System.Object[], System.Globalization.CultureInfo)
:: [9] void GdUnit4.Core.Execution.ExecutionStage`1+&lt;ExecuteStage&gt;d__37.MoveNext()
:: [10] void System.Runtime.CompilerServices.AsyncTaskMethodBuilder.Start&lt;TStateMachine&gt;(TStateMachine&amp;)
:: [11] System.Threading.Tasks.Task GdUnit4.Core.Execution.ExecutionStage`1.ExecuteStage(GdUnit4.Core.Execution.ExecutionContext)
:: [12] void GdUnit4.Core.Execution.ExecutionStage`1+&lt;Execute&gt;d__30.MoveNext()
:: [13] void System.Runtime.CompilerServices.AsyncTaskMethodBuilder.Start&lt;TStateMachine&gt;(TStateMachine&amp;)
:: [14] System.Threading.Tasks.Task GdUnit4.Core.Execution.ExecutionStage`1.Execute(GdUnit4.Core.Execution.ExecutionContext)
:: [15] System.Threading.Tasks.Task GdUnit4.Core.Execution.TestCaseExecutionStage.&lt;&gt;n__0(GdUnit4.Core.Execution.ExecutionContext)
:: [16] void GdUnit4.Core.Execution.TestCaseExecutionStage+&lt;Execute&gt;d__1.MoveNext()
:: [17] void System.Runtime.CompilerServices.AsyncTaskMethodBuilder.Start&lt;TStateMachine&gt;(TStateMachine&amp;)
:: [18] System.Threading.Tasks.Task GdUnit4.Core.Execution.TestCaseExecutionStage.Execute(GdUnit4.Core.Execution.ExecutionContext)
:: [19] void GdUnit4.Core.Execution.TestSuiteExecutionStage+&lt;RunTestCase&gt;d__15.MoveNext()
:: [20] void System.Threading.ExecutionContext.RunInternal(System.Threading.ExecutionContext, System.Threading.ContextCallback, object)
:: [21] void System.Runtime.CompilerServices.AsyncTaskMethodBuilder`1+AsyncStateMachineBox`1.MoveNext(System.Threading.Thread)
:: [22] void System.Threading.Tasks.AwaitTaskContinuation.RunCallback(System.Threading.ContextCallback, object, System.Threading.Tasks.Task&amp;)
:: [23] void System.Threading.Tasks.Task.RunContinuations(object)
:: [24] void System.Runtime.CompilerServices.AsyncTaskMethodBuilder.SetResult()
:: [25] void GdUnit4.Core.Execution.BeforeTestExecutionStage+&lt;Execute&gt;d__1.MoveNext()
:: [26] void System.Threading.ExecutionContext.RunInternal(System.Threading.ExecutionContext, System.Threading.ContextCallback, object)
:: [27] void System.Runtime.CompilerServices.AsyncTaskMethodBuilder`1+AsyncStateMachineBox`1.MoveNext(System.Threading.Thread)
:: [28] void System.Threading.Tasks.AwaitTaskContinuation.RunCallback(System.Threading.ContextCallback, object, System.Threading.Tasks.Task&amp;)
:: [29] void System.Threading.Tasks.Task.RunContinuations(object)
:: [30] void System.Runtime.CompilerServices.AsyncTaskMethodBuilder.SetResult()
:: [31] void GdUnit4.Core.Execution.ExecutionStage`1+&lt;Execute&gt;d__30.MoveNext()
:: [32] void System.Threading.ExecutionContext.RunInternal(System.Threading.ExecutionContext, System.Threading.ContextCallback, object)
:: [33] void System.Runtime.CompilerServices.AsyncTaskMethodBuilder`1+AsyncStateMachineBox`1.MoveNext(System.Threading.Thread)
:: [34] void Godot.GodotSynchronizationContext.ExecutePendingContinuations() (/root/godot/modules/mono/glue/GodotSharp/GodotSharp/Core/GodotSynchronizationContext.cs:51)
:: [35] void Godot.GodotTaskScheduler.Activate() (/root/godot/modules/mono/glue/GodotSharp/GodotSharp/Core/GodotTaskScheduler.cs:76)
:: [36] void Godot.Bridge.ScriptManagerBridge.FrameCallback() (/root/godot/modules/mono/glue/GodotSharp/GodotSharp/Core/Bridge/ScriptManagerBridge.cs:84)
:: ERROR: Failed loading resource: res://source/stages/stage_0_start/main_menu.tscn.
:: at: _load (core/io/resource_loader.cpp:343)
:: C# backtrace (most recent call first):
:: [0] Godot.GodotObject Godot.NativeCalls.godot_icall_3_761(nint, nint, string, string, int) (/root/godot/modules/mono/glue/GodotSharp/GodotSharp/Generated/NativeCalls.cs:6854)
:: [1] Godot.Resource Godot.ResourceLoader.Load(string, string, Godot.ResourceLoader+CacheMode) (/root/godot/modules/mono/glue/GodotSharp/GodotSharp/Generated/GodotObjects/ResourceLoader.cs:120)
:: [2] T Godot.ResourceLoader.Load&lt;T&gt;(string, string, Godot.ResourceLoader+CacheMode) (/root/godot/modules/mono/glue/GodotSharp/GodotSharp/Core/Extensions/ResourceLoaderExtensions.cs:27)
:: [3] T Godot.GD.Load&lt;T&gt;(string) (/root/godot/modules/mono/glue/GodotSharp/GodotSharp/Core/GD.cs:129)
:: [4] void OmegaSpiral.Tests.Integration.SceneLoadingAndViewportTests.Scene_LoadsConsistentlyAcrossMultipleInstances() (/home/adam/Dev/omega-spiral/chapter-zero/tests/integration/SceneLoadingAndViewportTests.cs:154)
:: [5] void System.RuntimeMethodHandle.InvokeMethod(System.Runtime.CompilerServices.ObjectHandleOnStack, System.Void**, System.Runtime.CompilerServices.ObjectHandleOnStack, Interop+BOOL, System.Runtime.CompilerServices.ObjectHandleOnStack)
:: [6] void System.RuntimeMethodHandle.InvokeMethod(System.Runtime.CompilerServices.ObjectHandleOnStack, System.Void**, System.Runtime.CompilerServices.ObjectHandleOnStack, Interop+BOOL, System.Runtime.CompilerServices.ObjectHandleOnStack)
:: [7] object System.Reflection.MethodBaseInvoker.InterpretedInvoke_Method(object, System.IntPtr*)
:: [8] object System.Reflection.RuntimeMethodInfo.Invoke(object, System.Reflection.BindingFlags, System.Reflection.Binder, System.Object[], System.Globalization.CultureInfo)
:: [9] void GdUnit4.Core.Execution.ExecutionStage`1+&lt;ExecuteStage&gt;d__37.MoveNext()
:: [10] void System.Runtime.CompilerServices.AsyncTaskMethodBuilder.Start&lt;TStateMachine&gt;(TStateMachine&amp;)
:: [11] System.Threading.Tasks.Task GdUnit4.Core.Execution.ExecutionStage`1.ExecuteStage(GdUnit4.Core.Execution.ExecutionContext)
:: [12] void GdUnit4.Core.Execution.ExecutionStage`1+&lt;Execute&gt;d__30.MoveNext()
:: [13] void System.Runtime.CompilerServices.AsyncTaskMethodBuilder.Start&lt;TStateMachine&gt;(TStateMachine&amp;)
:: [14] System.Threading.Tasks.Task GdUnit4.Core.Execution.ExecutionStage`1.Execute(GdUnit4.Core.Execution.ExecutionContext)
:: [15] System.Threading.Tasks.Task GdUnit4.Core.Execution.TestCaseExecutionStage.&lt;&gt;n__0(GdUnit4.Core.Execution.ExecutionContext)
:: [16] void GdUnit4.Core.Execution.TestCaseExecutionStage+&lt;Execute&gt;d__1.MoveNext()
:: [17] void System.Runtime.CompilerServices.AsyncTaskMethodBuilder.Start&lt;TStateMachine&gt;(TStateMachine&amp;)
:: [18] System.Threading.Tasks.Task GdUnit4.Core.Execution.TestCaseExecutionStage.Execute(GdUnit4.Core.Execution.ExecutionContext)
:: [19] void GdUnit4.Core.Execution.TestSuiteExecutionStage+&lt;RunTestCase&gt;d__15.MoveNext()
:: [20] void System.Threading.ExecutionContext.RunInternal(System.Threading.ExecutionContext, System.Threading.ContextCallback, object)
:: [21] void System.Runtime.CompilerServices.AsyncTaskMethodBuilder`1+AsyncStateMachineBox`1.MoveNext(System.Threading.Thread)
:: [22] void System.Threading.Tasks.AwaitTaskContinuation.RunCallback(System.Threading.ContextCallback, object, System.Threading.Tasks.Task&amp;)
:: [23] void System.Threading.Tasks.Task.RunContinuations(object)
:: [24] void System.Runtime.CompilerServices.AsyncTaskMethodBuilder.SetResult()
:: [25] void GdUnit4.Core.Execution.BeforeTestExecutionStage+&lt;Execute&gt;d__1.MoveNext()
:: [26] void System.Threading.ExecutionContext.RunInternal(System.Threading.ExecutionContext, System.Threading.ContextCallback, object)
:: [27] void System.Runtime.CompilerServices.AsyncTaskMethodBuilder`1+AsyncStateMachineBox`1.MoveNext(System.Threading.Thread)
:: [28] void System.Threading.Tasks.AwaitTaskContinuation.RunCallback(System.Threading.ContextCallback, object, System.Threading.Tasks.Task&amp;)
:: [29] void System.Threading.Tasks.Task.RunContinuations(object)
:: [30] void System.Runtime.CompilerServices.AsyncTaskMethodBuilder.SetResult()
:: [31] void GdUnit4.Core.Execution.ExecutionStage`1+&lt;Execute&gt;d__30.MoveNext()
:: [32] void System.Threading.ExecutionContext.RunInternal(System.Threading.ExecutionContext, System.Threading.ContextCallback, object)
:: [33] void System.Runtime.CompilerServices.AsyncTaskMethodBuilder`1+AsyncStateMachineBox`1.MoveNext(System.Threading.Thread)
:: [34] void Godot.GodotSynchronizationContext.ExecutePendingContinuations() (/root/godot/modules/mono/glue/GodotSharp/GodotSharp/Core/GodotSynchronizationContext.cs:51)
:: [35] void Godot.GodotTaskScheduler.Activate() (/root/godot/modules/mono/glue/GodotSharp/GodotSharp/Core/GodotTaskScheduler.cs:76)
:: [36] void Godot.Bridge.ScriptManagerBridge.FrameCallback() (/root/godot/modules/mono/glue/GodotSharp/GodotSharp/Core/Bridge/ScriptManagerBridge.cs:84)
:: ERROR: Error loading resource: 'res://source/stages/stage_0_start/main_menu.tscn'.
:: at: load (core/core_bind.cpp:76)
:: C# backtrace (most recent call first):
:: [0] Godot.GodotObject Godot.NativeCalls.godot_icall_3_761(nint, nint, string, string, int) (/root/godot/modules/mono/glue/GodotSharp/GodotSharp/Generated/NativeCalls.cs:6854)
:: [1] Godot.Resource Godot.ResourceLoader.Load(string, string, Godot.ResourceLoader+CacheMode) (/root/godot/modules/mono/glue/GodotSharp/GodotSharp/Generated/GodotObjects/ResourceLoader.cs:120)
:: [2] T Godot.ResourceLoader.Load&lt;T&gt;(string, string, Godot.ResourceLoader+CacheMode) (/root/godot/modules/mono/glue/GodotSharp/GodotSharp/Core/Extensions/ResourceLoaderExtensions.cs:27)
:: [3] T Godot.GD.Load&lt;T&gt;(string) (/root/godot/modules/mono/glue/GodotSharp/GodotSharp/Core/GD.cs:129)
:: [4] void OmegaSpiral.Tests.Integration.SceneLoadingAndViewportTests.Scene_LoadsConsistentlyAcrossMultipleInstances() (/home/adam/Dev/omega-spiral/chapter-zero/tests/integration/SceneLoadingAndViewportTests.cs:154)
:: [5] void System.RuntimeMethodHandle.InvokeMethod(System.Runtime.CompilerServices.ObjectHandleOnStack, System.Void**, System.Runtime.CompilerServices.ObjectHandleOnStack, Interop+BOOL, System.Runtime.CompilerServices.ObjectHandleOnStack)
:: [6] void System.RuntimeMethodHandle.InvokeMethod(System.Runtime.CompilerServices.ObjectHandleOnStack, System.Void**, System.Runtime.CompilerServices.ObjectHandleOnStack, Interop+BOOL, System.Runtime.CompilerServices.ObjectHandleOnStack)
:: [7] object System.Reflection.MethodBaseInvoker.InterpretedInvoke_Method(object, System.IntPtr*)
:: [8] object System.Reflection.RuntimeMethodInfo.Invoke(object, System.Reflection.BindingFlags, System.Reflection.Binder, System.Object[], System.Globalization.CultureInfo)
:: [9] void GdUnit4.Core.Execution.ExecutionStage`1+&lt;ExecuteStage&gt;d__37.MoveNext()
:: [10] void System.Runtime.CompilerServices.AsyncTaskMethodBuilder.Start&lt;TStateMachine&gt;(TStateMachine&amp;)
:: [11] System.Threading.Tasks.Task GdUnit4.Core.Execution.ExecutionStage`1.ExecuteStage(GdUnit4.Core.Execution.ExecutionContext)
:: [12] void GdUnit4.Core.Execution.ExecutionStage`1+&lt;Execute&gt;d__30.MoveNext()
:: [13] void System.Runtime.CompilerServices.AsyncTaskMethodBuilder.Start&lt;TStateMachine&gt;(TStateMachine&amp;)
:: [14] System.Threading.Tasks.Task GdUnit4.Core.Execution.ExecutionStage`1.Execute(GdUnit4.Core.Execution.ExecutionContext)
:: [15] System.Threading.Tasks.Task GdUnit4.Core.Execution.TestCaseExecutionStage.&lt;&gt;n__0(GdUnit4.Core.Execution.ExecutionContext)
:: [16] void GdUnit4.Core.Execution.TestCaseExecutionStage+&lt;Execute&gt;d__1.MoveNext()
:: [17] void System.Runtime.CompilerServices.AsyncTaskMethodBuilder.Start&lt;TStateMachine&gt;(TStateMachine&amp;)
:: [18] System.Threading.Tasks.Task GdUnit4.Core.Execution.TestCaseExecutionStage.Execute(GdUnit4.Core.Execution.ExecutionContext)
:: [19] void GdUnit4.Core.Execution.TestSuiteExecutionStage+&lt;RunTestCase&gt;d__15.MoveNext()
:: [20] void System.Threading.ExecutionContext.RunInternal(System.Threading.ExecutionContext, System.Threading.ContextCallback, object)
:: [21] void System.Runtime.CompilerServices.AsyncTaskMethodBuilder`1+AsyncStateMachineBox`1.MoveNext(System.Threading.Thread)
:: [22] void System.Threading.Tasks.AwaitTaskContinuation.RunCallback(System.Threading.ContextCallback, object, System.Threading.Tasks.Task&amp;)
:: [23] void System.Threading.Tasks.Task.RunContinuations(object)
:: [24] void System.Runtime.CompilerServices.AsyncTaskMethodBuilder.SetResult()
:: [25] void GdUnit4.Core.Execution.BeforeTestExecutionStage+&lt;Execute&gt;d__1.MoveNext()
:: [26] void System.Threading.ExecutionContext.RunInternal(System.Threading.ExecutionContext, System.Threading.ContextCallback, object)
:: [27] void System.Runtime.CompilerServices.AsyncTaskMethodBuilder`1+AsyncStateMachineBox`1.MoveNext(System.Threading.Thread)
:: [28] void System.Threading.Tasks.AwaitTaskContinuation.RunCallback(System.Threading.ContextCallback, object, System.Threading.Tasks.Task&amp;)
:: [29] void System.Threading.Tasks.Task.RunContinuations(object)
:: [30] void System.Runtime.CompilerServices.AsyncTaskMethodBuilder.SetResult()
:: [31] void GdUnit4.Core.Execution.ExecutionStage`1+&lt;Execute&gt;d__30.MoveNext()
:: [32] void System.Threading.ExecutionContext.RunInternal(System.Threading.ExecutionContext, System.Threading.ContextCallback, object)
:: [33] void System.Runtime.CompilerServices.AsyncTaskMethodBuilder`1+AsyncStateMachineBox`1.MoveNext(System.Threading.Thread)
:: [34] void Godot.GodotSynchronizationContext.ExecutePendingContinuations() (/root/godot/modules/mono/glue/GodotSharp/GodotSharp/Core/GodotSynchronizationContext.cs:51)
:: [35] void Godot.GodotTaskScheduler.Activate() (/root/godot/modules/mono/glue/GodotSharp/GodotSharp/Core/GodotTaskScheduler.cs:76)
:: [36] void Godot.Bridge.ScriptManagerBridge.FrameCallback() (/root/godot/modules/mono/glue/GodotSharp/GodotSharp/Core/Bridge/ScriptManagerBridge.cs:84)
:: ERROR: Cannot open file 'res://source/ui/menus/stage_select_menu.tscn'.
:: at: load (scene/resources/resource_format_text.cpp:1409)
:: C# backtrace (most recent call first):
:: [0] Godot.GodotObject Godot.NativeCalls.godot_icall_3_761(nint, nint, string, string, int) (/root/godot/modules/mono/glue/GodotSharp/GodotSharp/Generated/NativeCalls.cs:6854)
:: [1] Godot.Resource Godot.ResourceLoader.Load(string, string, Godot.ResourceLoader+CacheMode) (/root/godot/modules/mono/glue/GodotSharp/GodotSharp/Generated/GodotObjects/ResourceLoader.cs:120)
:: [2] T Godot.ResourceLoader.Load&lt;T&gt;(string, string, Godot.ResourceLoader+CacheMode) (/root/godot/modules/mono/glue/GodotSharp/GodotSharp/Core/Extensions/ResourceLoaderExtensions.cs:27)
:: [3] T Godot.GD.Load&lt;T&gt;(string) (/root/godot/modules/mono/glue/GodotSharp/GodotSharp/Core/GD.cs:129)
:: [4] void OmegaSpiral.Tests.Integration.SceneLoadingAndViewportTests.Scene_HasValidDimensions() (/home/adam/Dev/omega-spiral/chapter-zero/tests/integration/SceneLoadingAndViewportTests.cs:182)
:: [5] void System.RuntimeMethodHandle.InvokeMethod(System.Runtime.CompilerServices.ObjectHandleOnStack, System.Void**, System.Runtime.CompilerServices.ObjectHandleOnStack, Interop+BOOL, System.Runtime.CompilerServices.ObjectHandleOnStack)
:: [6] void System.RuntimeMethodHandle.InvokeMethod(System.Runtime.CompilerServices.ObjectHandleOnStack, System.Void**, System.Runtime.CompilerServices.ObjectHandleOnStack, Interop+BOOL, System.Runtime.CompilerServices.ObjectHandleOnStack)
:: [7] object System.Reflection.MethodBaseInvoker.InterpretedInvoke_Method(object, System.IntPtr*)
:: [8] object System.Reflection.RuntimeMethodInfo.Invoke(object, System.Reflection.BindingFlags, System.Reflection.Binder, System.Object[], System.Globalization.CultureInfo)
:: [9] void GdUnit4.Core.Execution.ExecutionStage`1+&lt;ExecuteStage&gt;d__37.MoveNext()
:: [10] void System.Runtime.CompilerServices.AsyncTaskMethodBuilder.Start&lt;TStateMachine&gt;(TStateMachine&amp;)
:: [11] System.Threading.Tasks.Task GdUnit4.Core.Execution.ExecutionStage`1.ExecuteStage(GdUnit4.Core.Execution.ExecutionContext)
:: [12] void GdUnit4.Core.Execution.ExecutionStage`1+&lt;Execute&gt;d__30.MoveNext()
:: [13] void System.Runtime.CompilerServices.AsyncTaskMethodBuilder.Start&lt;TStateMachine&gt;(TStateMachine&amp;)
:: [14] System.Threading.Tasks.Task GdUnit4.Core.Execution.ExecutionStage`1.Execute(GdUnit4.Core.Execution.ExecutionContext)
:: [15] System.Threading.Tasks.Task GdUnit4.Core.Execution.TestCaseExecutionStage.&lt;&gt;n__0(GdUnit4.Core.Execution.ExecutionContext)
:: [16] void GdUnit4.Core.Execution.TestCaseExecutionStage+&lt;Execute&gt;d__1.MoveNext()
:: [17] void System.Runtime.CompilerServices.AsyncTaskMethodBuilder.Start&lt;TStateMachine&gt;(TStateMachine&amp;)
:: [18] System.Threading.Tasks.Task GdUnit4.Core.Execution.TestCaseExecutionStage.Execute(GdUnit4.Core.Execution.ExecutionContext)
:: [19] void GdUnit4.Core.Execution.TestSuiteExecutionStage+&lt;RunTestCase&gt;d__15.MoveNext()
:: [20] void System.Threading.ExecutionContext.RunInternal(System.Threading.ExecutionContext, System.Threading.ContextCallback, object)
:: [21] void System.Runtime.CompilerServices.AsyncTaskMethodBuilder`1+AsyncStateMachineBox`1.MoveNext(System.Threading.Thread)
:: [22] void System.Threading.Tasks.AwaitTaskContinuation.RunCallback(System.Threading.ContextCallback, object, System.Threading.Tasks.Task&amp;)
:: [23] void System.Threading.Tasks.Task.RunContinuations(object)
:: [24] void System.Runtime.CompilerServices.AsyncTaskMethodBuilder.SetResult()
:: [25] void GdUnit4.Core.Execution.BeforeTestExecutionStage+&lt;Execute&gt;d__1.MoveNext()
:: [26] void System.Threading.ExecutionContext.RunInternal(System.Threading.ExecutionContext, System.Threading.ContextCallback, object)
:: [27] void System.Runtime.CompilerServices.AsyncTaskMethodBuilder`1+AsyncStateMachineBox`1.MoveNext(System.Threading.Thread)
:: [28] void System.Threading.Tasks.AwaitTaskContinuation.RunCallback(System.Threading.ContextCallback, object, System.Threading.Tasks.Task&amp;)
:: [29] void System.Threading.Tasks.Task.RunContinuations(object)
:: [30] void System.Runtime.CompilerServices.AsyncTaskMethodBuilder.SetResult()
:: [31] void GdUnit4.Core.Execution.ExecutionStage`1+&lt;Execute&gt;d__30.MoveNext()
:: [32] void System.Threading.ExecutionContext.RunInternal(System.Threading.ExecutionContext, System.Threading.ContextCallback, object)
:: [33] void System.Runtime.CompilerServices.AsyncTaskMethodBuilder`1+AsyncStateMachineBox`1.MoveNext(System.Threading.Thread)
:: [34] void Godot.GodotSynchronizationContext.ExecutePendingContinuations() (/root/godot/modules/mono/glue/GodotSharp/GodotSharp/Core/GodotSynchronizationContext.cs:51)
:: [35] void Godot.GodotTaskScheduler.Activate() (/root/godot/modules/mono/glue/GodotSharp/GodotSharp/Core/GodotTaskScheduler.cs:76)
:: [36] void Godot.Bridge.ScriptManagerBridge.FrameCallback() (/root/godot/modules/mono/glue/GodotSharp/GodotSharp/Core/Bridge/ScriptManagerBridge.cs:84)
:: ERROR: Failed loading resource: res://source/ui/menus/stage_select_menu.tscn.
:: at: _load (core/io/resource_loader.cpp:343)
:: C# backtrace (most recent call first):
:: [0] Godot.GodotObject Godot.NativeCalls.godot_icall_3_761(nint, nint, string, string, int) (/root/godot/modules/mono/glue/GodotSharp/GodotSharp/Generated/NativeCalls.cs:6854)
:: [1] Godot.Resource Godot.ResourceLoader.Load(string, string, Godot.ResourceLoader+CacheMode) (/root/godot/modules/mono/glue/GodotSharp/GodotSharp/Generated/GodotObjects/ResourceLoader.cs:120)
:: [2] T Godot.ResourceLoader.Load&lt;T&gt;(string, string, Godot.ResourceLoader+CacheMode) (/root/godot/modules/mono/glue/GodotSharp/GodotSharp/Core/Extensions/ResourceLoaderExtensions.cs:27)
:: [3] T Godot.GD.Load&lt;T&gt;(string) (/root/godot/modules/mono/glue/GodotSharp/GodotSharp/Core/GD.cs:129)
:: [4] void OmegaSpiral.Tests.Integration.SceneLoadingAndViewportTests.Scene_HasValidDimensions() (/home/adam/Dev/omega-spiral/chapter-zero/tests/integration/SceneLoadingAndViewportTests.cs:182)
:: [5] void System.RuntimeMethodHandle.InvokeMethod(System.Runtime.CompilerServices.ObjectHandleOnStack, System.Void**, System.Runtime.CompilerServices.ObjectHandleOnStack, Interop+BOOL, System.Runtime.CompilerServices.ObjectHandleOnStack)
:: [6] void System.RuntimeMethodHandle.InvokeMethod(System.Runtime.CompilerServices.ObjectHandleOnStack, System.Void**, System.Runtime.CompilerServices.ObjectHandleOnStack, Interop+BOOL, System.Runtime.CompilerServices.ObjectHandleOnStack)
:: [7] object System.Reflection.MethodBaseInvoker.InterpretedInvoke_Method(object, System.IntPtr*)
:: [8] object System.Reflection.RuntimeMethodInfo.Invoke(object, System.Reflection.BindingFlags, System.Reflection.Binder, System.Object[], System.Globalization.CultureInfo)
:: [9] void GdUnit4.Core.Execution.ExecutionStage`1+&lt;ExecuteStage&gt;d__37.MoveNext()
:: [10] void System.Runtime.CompilerServices.AsyncTaskMethodBuilder.Start&lt;TStateMachine&gt;(TStateMachine&amp;)
:: [11] System.Threading.Tasks.Task GdUnit4.Core.Execution.ExecutionStage`1.ExecuteStage(GdUnit4.Core.Execution.ExecutionContext)
:: [12] void GdUnit4.Core.Execution.ExecutionStage`1+&lt;Execute&gt;d__30.MoveNext()
:: [13] void System.Runtime.CompilerServices.AsyncTaskMethodBuilder.Start&lt;TStateMachine&gt;(TStateMachine&amp;)
:: [14] System.Threading.Tasks.Task GdUnit4.Core.Execution.ExecutionStage`1.Execute(GdUnit4.Core.Execution.ExecutionContext)
:: [15] System.Threading.Tasks.Task GdUnit4.Core.Execution.TestCaseExecutionStage.&lt;&gt;n__0(GdUnit4.Core.Execution.ExecutionContext)
:: [16] void GdUnit4.Core.Execution.TestCaseExecutionStage+&lt;Execute&gt;d__1.MoveNext()
:: [17] void System.Runtime.CompilerServices.AsyncTaskMethodBuilder.Start&lt;TStateMachine&gt;(TStateMachine&amp;)
:: [18] System.Threading.Tasks.Task GdUnit4.Core.Execution.TestCaseExecutionStage.Execute(GdUnit4.Core.Execution.ExecutionContext)
:: [19] void GdUnit4.Core.Execution.TestSuiteExecutionStage+&lt;RunTestCase&gt;d__15.MoveNext()
:: [20] void System.Threading.ExecutionContext.RunInternal(System.Threading.ExecutionContext, System.Threading.ContextCallback, object)
:: [21] void System.Runtime.CompilerServices.AsyncTaskMethodBuilder`1+AsyncStateMachineBox`1.MoveNext(System.Threading.Thread)
:: [22] void System.Threading.Tasks.AwaitTaskContinuation.RunCallback(System.Threading.ContextCallback, object, System.Threading.Tasks.Task&amp;)
:: [23] void System.Threading.Tasks.Task.RunContinuations(object)
:: [24] void System.Runtime.CompilerServices.AsyncTaskMethodBuilder.SetResult()
:: [25] void GdUnit4.Core.Execution.BeforeTestExecutionStage+&lt;Execute&gt;d__1.MoveNext()
:: [26] void System.Threading.ExecutionContext.RunInternal(System.Threading.ExecutionContext, System.Threading.ContextCallback, object)
:: [27] void System.Runtime.CompilerServices.AsyncTaskMethodBuilder`1+AsyncStateMachineBox`1.MoveNext(System.Threading.Thread)
:: [28] void System.Threading.Tasks.AwaitTaskContinuation.RunCallback(System.Threading.ContextCallback, object, System.Threading.Tasks.Task&amp;)
:: [29] void System.Threading.Tasks.Task.RunContinuations(object)
:: [30] void System.Runtime.CompilerServices.AsyncTaskMethodBuilder.SetResult()
:: [31] void GdUnit4.Core.Execution.ExecutionStage`1+&lt;Execute&gt;d__30.MoveNext()
:: [32] void System.Threading.ExecutionContext.RunInternal(System.Threading.ExecutionContext, System.Threading.ContextCallback, object)
:: [33] void System.Runtime.CompilerServices.AsyncTaskMethodBuilder`1+AsyncStateMachineBox`1.MoveNext(System.Threading.Thread)
:: [34] void Godot.GodotSynchronizationContext.ExecutePendingContinuations() (/root/godot/modules/mono/glue/GodotSharp/GodotSharp/Core/GodotSynchronizationContext.cs:51)
:: [35] void Godot.GodotTaskScheduler.Activate() (/root/godot/modules/mono/glue/GodotSharp/GodotSharp/Core/GodotTaskScheduler.cs:76)
:: [36] void Godot.Bridge.ScriptManagerBridge.FrameCallback() (/root/godot/modules/mono/glue/GodotSharp/GodotSharp/Core/Bridge/ScriptManagerBridge.cs:84)
:: ERROR: Error loading resource: 'res://source/ui/menus/stage_select_menu.tscn'.
:: at: load (core/core_bind.cpp:76)
:: C# backtrace (most recent call first):
:: [0] Godot.GodotObject Godot.NativeCalls.godot_icall_3_761(nint, nint, string, string, int) (/root/godot/modules/mono/glue/GodotSharp/GodotSharp/Generated/NativeCalls.cs:6854)
:: [1] Godot.Resource Godot.ResourceLoader.Load(string, string, Godot.ResourceLoader+CacheMode) (/root/godot/modules/mono/glue/GodotSharp/GodotSharp/Generated/GodotObjects/ResourceLoader.cs:120)
:: [2] T Godot.ResourceLoader.Load&lt;T&gt;(string, string, Godot.ResourceLoader+CacheMode) (/root/godot/modules/mono/glue/GodotSharp/GodotSharp/Core/Extensions/ResourceLoaderExtensions.cs:27)
:: [3] T Godot.GD.Load&lt;T&gt;(string) (/root/godot/modules/mono/glue/GodotSharp/GodotSharp/Core/GD.cs:129)
:: [4] void OmegaSpiral.Tests.Integration.SceneLoadingAndViewportTests.Scene_HasValidDimensions() (/home/adam/Dev/omega-spiral/chapter-zero/tests/integration/SceneLoadingAndViewportTests.cs:182)
:: [5] void System.RuntimeMethodHandle.InvokeMethod(System.Runtime.CompilerServices.ObjectHandleOnStack, System.Void**, System.Runtime.CompilerServices.ObjectHandleOnStack, Interop+BOOL, System.Runtime.CompilerServices.ObjectHandleOnStack)
:: [6] void System.RuntimeMethodHandle.InvokeMethod(System.Runtime.CompilerServices.ObjectHandleOnStack, System.Void**, System.Runtime.CompilerServices.ObjectHandleOnStack, Interop+BOOL, System.Runtime.CompilerServices.ObjectHandleOnStack)
:: [7] object System.Reflection.MethodBaseInvoker.InterpretedInvoke_Method(object, System.IntPtr*)
:: [8] object System.Reflection.RuntimeMethodInfo.Invoke(object, System.Reflection.BindingFlags, System.Reflection.Binder, System.Object[], System.Globalization.CultureInfo)
:: [9] void GdUnit4.Core.Execution.ExecutionStage`1+&lt;ExecuteStage&gt;d__37.MoveNext()
:: [10] void System.Runtime.CompilerServices.AsyncTaskMethodBuilder.Start&lt;TStateMachine&gt;(TStateMachine&amp;)
:: [11] System.Threading.Tasks.Task GdUnit4.Core.Execution.ExecutionStage`1.ExecuteStage(GdUnit4.Core.Execution.ExecutionContext)
:: [12] void GdUnit4.Core.Execution.ExecutionStage`1+&lt;Execute&gt;d__30.MoveNext()
:: [13] void System.Runtime.CompilerServices.AsyncTaskMethodBuilder.Start&lt;TStateMachine&gt;(TStateMachine&amp;)
:: [14] System.Threading.Tasks.Task GdUnit4.Core.Execution.ExecutionStage`1.Execute(GdUnit4.Core.Execution.ExecutionContext)
:: [15] System.Threading.Tasks.Task GdUnit4.Core.Execution.TestCaseExecutionStage.&lt;&gt;n__0(GdUnit4.Core.Execution.ExecutionContext)
:: [16] void GdUnit4.Core.Execution.TestCaseExecutionStage+&lt;Execute&gt;d__1.MoveNext()
:: [17] void System.Runtime.CompilerServices.AsyncTaskMethodBuilder.Start&lt;TStateMachine&gt;(TStateMachine&amp;)
:: [18] System.Threading.Tasks.Task GdUnit4.Core.Execution.TestCaseExecutionStage.Execute(GdUnit4.Core.Execution.ExecutionContext)
:: [19] void GdUnit4.Core.Execution.TestSuiteExecutionStage+&lt;RunTestCase&gt;d__15.MoveNext()
:: [20] void System.Threading.ExecutionContext.RunInternal(System.Threading.ExecutionContext, System.Threading.ContextCallback, object)
:: [21] void System.Runtime.CompilerServices.AsyncTaskMethodBuilder`1+AsyncStateMachineBox`1.MoveNext(System.Threading.Thread)
:: [22] void System.Threading.Tasks.AwaitTaskContinuation.RunCallback(System.Threading.ContextCallback, object, System.Threading.Tasks.Task&amp;)
:: [23] void System.Threading.Tasks.Task.RunContinuations(object)
:: [24] void System.Runtime.CompilerServices.AsyncTaskMethodBuilder.SetResult()
:: [25] void GdUnit4.Core.Execution.BeforeTestExecutionStage+&lt;Execute&gt;d__1.MoveNext()
:: [26] void System.Threading.ExecutionContext.RunInternal(System.Threading.ExecutionContext, System.Threading.ContextCallback, object)
:: [27] void System.Runtime.CompilerServices.AsyncTaskMethodBuilder`1+AsyncStateMachineBox`1.MoveNext(System.Threading.Thread)
:: [28] void System.Threading.Tasks.AwaitTaskContinuation.RunCallback(System.Threading.ContextCallback, object, System.Threading.Tasks.Task&amp;)
:: [29] void System.Threading.Tasks.Task.RunContinuations(object)
:: [30] void System.Runtime.CompilerServices.AsyncTaskMethodBuilder.SetResult()
:: [31] void GdUnit4.Core.Execution.ExecutionStage`1+&lt;Execute&gt;d__30.MoveNext()
:: [32] void System.Threading.ExecutionContext.RunInternal(System.Threading.ExecutionContext, System.Threading.ContextCallback, object)
:: [33] void System.Runtime.CompilerServices.AsyncTaskMethodBuilder`1+AsyncStateMachineBox`1.MoveNext(System.Threading.Thread)
:: [34] void Godot.GodotSynchronizationContext.ExecutePendingContinuations() (/root/godot/modules/mono/glue/GodotSharp/GodotSharp/Core/GodotSynchronizationContext.cs:51)
:: [35] void Godot.GodotTaskScheduler.Activate() (/root/godot/modules/mono/glue/GodotSharp/GodotSharp/Core/GodotTaskScheduler.cs:76)
:: [36] void Godot.Bridge.ScriptManagerBridge.FrameCallback() (/root/godot/modules/mono/glue/GodotSharp/GodotSharp/Core/Bridge/ScriptManagerBridge.cs:84)
:: ERROR: Condition "!is_inside_tree()" is true.
:: at: grab_focus (scene/gui/control.cpp:2350)
:: C# backtrace (most recent call first):
:: [0] void Godot.NativeCalls.godot_icall_0_26(nint, nint) (/root/godot/modules/mono/glue/GodotSharp/GodotSharp/Generated/NativeCalls.cs:228)
:: [1] void Godot.Control.GrabFocus() (/root/godot/modules/mono/glue/GodotSharp/GodotSharp/Generated/GodotObjects/Control.cs:3189)
:: [2] void OmegaSpiral.Source.Ui.Menus.MenuUi.FocusFirstButton() (/home/adam/Dev/omega-spiral/chapter-zero/source/ui/menus/MenuBase.cs:332)
:: [3] void OmegaSpiral.Source.Ui.Menus.CreditsMenu.ShowCredits() (/home/adam/Dev/omega-spiral/chapter-zero/source/ui/menus/CreditsMenu.cs:152)
:: [4] void OmegaSpiral.Tests.Integration.Ui.CreditsMenuTests.CreditsMenu_CanShowAndHide() (/home/adam/Dev/omega-spiral/chapter-zero/tests/integration/ui/CreditsMenuTests.cs:101)
:: [5] void System.RuntimeMethodHandle.InvokeMethod(System.Runtime.CompilerServices.ObjectHandleOnStack, System.Void**, System.Runtime.CompilerServices.ObjectHandleOnStack, Interop+BOOL, System.Runtime.CompilerServices.ObjectHandleOnStack)
:: [6] void System.RuntimeMethodHandle.InvokeMethod(System.Runtime.CompilerServices.ObjectHandleOnStack, System.Void**, System.Runtime.CompilerServices.ObjectHandleOnStack, Interop+BOOL, System.Runtime.CompilerServices.ObjectHandleOnStack)
:: [7] object System.Reflection.MethodBaseInvoker.InterpretedInvoke_Method(object, System.IntPtr*)
:: [8] object System.Reflection.RuntimeMethodInfo.Invoke(object, System.Reflection.BindingFlags, System.Reflection.Binder, System.Object[], System.Globalization.CultureInfo)
:: [9] void GdUnit4.Core.Execution.ExecutionStage`1+&lt;ExecuteStage&gt;d__37.MoveNext()
:: [10] void System.Runtime.CompilerServices.AsyncTaskMethodBuilder.Start&lt;TStateMachine&gt;(TStateMachine&amp;)
:: [11] System.Threading.Tasks.Task GdUnit4.Core.Execution.ExecutionStage`1.ExecuteStage(GdUnit4.Core.Execution.ExecutionContext)
:: [12] void GdUnit4.Core.Execution.ExecutionStage`1+&lt;Execute&gt;d__30.MoveNext()
:: [13] void System.Runtime.CompilerServices.AsyncTaskMethodBuilder.Start&lt;TStateMachine&gt;(TStateMachine&amp;)
:: [14] System.Threading.Tasks.Task GdUnit4.Core.Execution.ExecutionStage`1.Execute(GdUnit4.Core.Execution.ExecutionContext)
:: [15] System.Threading.Tasks.Task GdUnit4.Core.Execution.TestCaseExecutionStage.&lt;&gt;n__0(GdUnit4.Core.Execution.ExecutionContext)
:: [16] void GdUnit4.Core.Execution.TestCaseExecutionStage+&lt;Execute&gt;d__1.MoveNext()
:: [17] void System.Runtime.CompilerServices.AsyncTaskMethodBuilder.Start&lt;TStateMachine&gt;(TStateMachine&amp;)
:: [18] System.Threading.Tasks.Task GdUnit4.Core.Execution.TestCaseExecutionStage.Execute(GdUnit4.Core.Execution.ExecutionContext)
:: [19] void GdUnit4.Core.Execution.TestSuiteExecutionStage+&lt;RunTestCase&gt;d__15.MoveNext()
:: [20] void System.Threading.ExecutionContext.RunInternal(System.Threading.ExecutionContext, System.Threading.ContextCallback, object)
:: [21] void System.Runtime.CompilerServices.AsyncTaskMethodBuilder`1+AsyncStateMachineBox`1.MoveNext(System.Threading.Thread)
:: [22] void System.Threading.Tasks.AwaitTaskContinuation.RunCallback(System.Threading.ContextCallback, object, System.Threading.Tasks.Task&amp;)
:: [23] void System.Threading.Tasks.Task.RunContinuations(object)
:: [24] void System.Runtime.CompilerServices.AsyncTaskMethodBuilder.SetResult()
:: [25] void GdUnit4.Core.Execution.BeforeTestExecutionStage+&lt;Execute&gt;d__1.MoveNext()
:: [26] void System.Threading.ExecutionContext.RunInternal(System.Threading.ExecutionContext, System.Threading.ContextCallback, object)
:: [27] void System.Runtime.CompilerServices.AsyncTaskMethodBuilder`1+AsyncStateMachineBox`1.MoveNext(System.Threading.Thread)
:: [28] void System.Threading.Tasks.AwaitTaskContinuation.RunCallback(System.Threading.ContextCallback, object, System.Threading.Tasks.Task&amp;)
:: [29] void System.Threading.Tasks.Task.RunContinuations(object)
:: [30] void System.Runtime.CompilerServices.AsyncTaskMethodBuilder.SetResult()
:: [31] void GdUnit4.Core.Execution.ExecutionStage`1+&lt;Execute&gt;d__30.MoveNext()
:: [32] void System.Threading.ExecutionContext.RunInternal(System.Threading.ExecutionContext, System.Threading.ContextCallback, object)
:: [33] void System.Runtime.CompilerServices.AsyncTaskMethodBuilder`1+AsyncStateMachineBox`1.MoveNext(System.Threading.Thread)
:: [34] void Godot.GodotSynchronizationContext.ExecutePendingContinuations() (/root/godot/modules/mono/glue/GodotSharp/GodotSharp/Core/GodotSynchronizationContext.cs:51)
:: [35] void Godot.GodotTaskScheduler.Activate() (/root/godot/modules/mono/glue/GodotSharp/GodotSharp/Core/GodotTaskScheduler.cs:76)
:: [36] void Godot.Bridge.ScriptManagerBridge.FrameCallback() (/root/godot/modules/mono/glue/GodotSharp/GodotSharp/Core/Bridge/ScriptManagerBridge.cs:84)
:: ERROR: Condition "!is_inside_tree()" is true.
:: at: grab_focus (scene/gui/control.cpp:2350)
:: C# backtrace (most recent call first):
:: [0] void Godot.NativeCalls.godot_icall_0_26(nint, nint) (/root/godot/modules/mono/glue/GodotSharp/GodotSharp/Generated/NativeCalls.cs:228)
:: [1] void Godot.Control.GrabFocus() (/root/godot/modules/mono/glue/GodotSharp/GodotSharp/Generated/GodotObjects/Control.cs:3189)
:: [2] void OmegaSpiral.Source.Ui.Menus.MenuUi.FocusFirstButton() (/home/adam/Dev/omega-spiral/chapter-zero/source/ui/menus/MenuBase.cs:332)
:: [3] void OmegaSpiral.Source.Ui.Menus.CreditsMenu.ShowCredits() (/home/adam/Dev/omega-spiral/chapter-zero/source/ui/menus/CreditsMenu.cs:152)
:: [4] void OmegaSpiral.Tests.Integration.Ui.CreditsMenuTests.CreditsMenu_FocusesBackButton() (/home/adam/Dev/omega-spiral/chapter-zero/tests/integration/ui/CreditsMenuTests.cs:114)
:: [5] void System.RuntimeMethodHandle.InvokeMethod(System.Runtime.CompilerServices.ObjectHandleOnStack, System.Void**, System.Runtime.CompilerServices.ObjectHandleOnStack, Interop+BOOL, System.Runtime.CompilerServices.ObjectHandleOnStack)
:: [6] void System.RuntimeMethodHandle.InvokeMethod(System.Runtime.CompilerServices.ObjectHandleOnStack, System.Void**, System.Runtime.CompilerServices.ObjectHandleOnStack, Interop+BOOL, System.Runtime.CompilerServices.ObjectHandleOnStack)
:: [7] object System.Reflection.MethodBaseInvoker.InterpretedInvoke_Method(object, System.IntPtr*)
:: [8] object System.Reflection.RuntimeMethodInfo.Invoke(object, System.Reflection.BindingFlags, System.Reflection.Binder, System.Object[], System.Globalization.CultureInfo)
:: [9] void GdUnit4.Core.Execution.ExecutionStage`1+&lt;ExecuteStage&gt;d__37.MoveNext()
:: [10] void System.Runtime.CompilerServices.AsyncTaskMethodBuilder.Start&lt;TStateMachine&gt;(TStateMachine&amp;)
:: [11] System.Threading.Tasks.Task GdUnit4.Core.Execution.ExecutionStage`1.ExecuteStage(GdUnit4.Core.Execution.ExecutionContext)
:: [12] void GdUnit4.Core.Execution.ExecutionStage`1+&lt;Execute&gt;d__30.MoveNext()
:: [13] void System.Runtime.CompilerServices.AsyncTaskMethodBuilder.Start&lt;TStateMachine&gt;(TStateMachine&amp;)
:: [14] System.Threading.Tasks.Task GdUnit4.Core.Execution.ExecutionStage`1.Execute(GdUnit4.Core.Execution.ExecutionContext)
:: [15] System.Threading.Tasks.Task GdUnit4.Core.Execution.TestCaseExecutionStage.&lt;&gt;n__0(GdUnit4.Core.Execution.ExecutionContext)
:: [16] void GdUnit4.Core.Execution.TestCaseExecutionStage+&lt;Execute&gt;d__1.MoveNext()
:: [17] void System.Runtime.CompilerServices.AsyncTaskMethodBuilder.Start&lt;TStateMachine&gt;(TStateMachine&amp;)
:: [18] System.Threading.Tasks.Task GdUnit4.Core.Execution.TestCaseExecutionStage.Execute(GdUnit4.Core.Execution.ExecutionContext)
:: [19] void GdUnit4.Core.Execution.TestSuiteExecutionStage+&lt;RunTestCase&gt;d__15.MoveNext()
:: [20] void System.Threading.ExecutionContext.RunInternal(System.Threading.ExecutionContext, System.Threading.ContextCallback, object)
:: [21] void System.Runtime.CompilerServices.AsyncTaskMethodBuilder`1+AsyncStateMachineBox`1.MoveNext(System.Threading.Thread)
:: [22] void System.Threading.Tasks.AwaitTaskContinuation.RunCallback(System.Threading.ContextCallback, object, System.Threading.Tasks.Task&amp;)
:: [23] void System.Threading.Tasks.Task.RunContinuations(object)
:: [24] void System.Runtime.CompilerServices.AsyncTaskMethodBuilder.SetResult()
:: [25] void GdUnit4.Core.Execution.BeforeTestExecutionStage+&lt;Execute&gt;d__1.MoveNext()
:: [26] void System.Threading.ExecutionContext.RunInternal(System.Threading.ExecutionContext, System.Threading.ContextCallback, object)
:: [27] void System.Runtime.CompilerServices.AsyncTaskMethodBuilder`1+AsyncStateMachineBox`1.MoveNext(System.Threading.Thread)
:: [28] void System.Threading.Tasks.AwaitTaskContinuation.RunCallback(System.Threading.ContextCallback, object, System.Threading.Tasks.Task&amp;)
:: [29] void System.Threading.Tasks.Task.RunContinuations(object)
:: [30] void System.Runtime.CompilerServices.AsyncTaskMethodBuilder.SetResult()
:: [31] void GdUnit4.Core.Execution.ExecutionStage`1+&lt;Execute&gt;d__30.MoveNext()
:: [32] void System.Threading.ExecutionContext.RunInternal(System.Threading.ExecutionContext, System.Threading.ContextCallback, object)
:: [33] void System.Runtime.CompilerServices.AsyncTaskMethodBuilder`1+AsyncStateMachineBox`1.MoveNext(System.Threading.Thread)
:: [34] void Godot.GodotSynchronizationContext.ExecutePendingContinuations() (/root/godot/modules/mono/glue/GodotSharp/GodotSharp/Core/GodotSynchronizationContext.cs:51)
:: [35] void Godot.GodotTaskScheduler.Activate() (/root/godot/modules/mono/glue/GodotSharp/GodotSharp/Core/GodotTaskScheduler.cs:76)
:: [36] void Godot.Bridge.ScriptManagerBridge.FrameCallback() (/root/godot/modules/mono/glue/GodotSharp/GodotSharp/Core/Bridge/ScriptManagerBridge.cs:84)
:: ERROR: Condition "!is_inside_tree()" is true.
:: at: grab_focus (scene/gui/control.cpp:2350)
:: C# backtrace (most recent call first):
:: [0] void Godot.NativeCalls.godot_icall_0_26(nint, nint) (/root/godot/modules/mono/glue/GodotSharp/GodotSharp/Generated/NativeCalls.cs:228)
:: [1] void Godot.Control.GrabFocus() (/root/godot/modules/mono/glue/GodotSharp/GodotSharp/Generated/GodotObjects/Control.cs:3189)
:: [2] void OmegaSpiral.Source.Ui.Menus.MenuUi.FocusFirstButton() (/home/adam/Dev/omega-spiral/chapter-zero/source/ui/menus/MenuBase.cs:332)
:: [3] void OmegaSpiral.Source.Ui.Menus.CreditsMenu.ShowCredits() (/home/adam/Dev/omega-spiral/chapter-zero/source/ui/menus/CreditsMenu.cs:152)
:: [4] void OmegaSpiral.Tests.Integration.Ui.CreditsMenuTests.CreditsMenu_StartsScrollingWhenShown() (/home/adam/Dev/omega-spiral/chapter-zero/tests/integration/ui/CreditsMenuTests.cs:132)
:: [5] void System.RuntimeMethodHandle.InvokeMethod(System.Runtime.CompilerServices.ObjectHandleOnStack, System.Void**, System.Runtime.CompilerServices.ObjectHandleOnStack, Interop+BOOL, System.Runtime.CompilerServices.ObjectHandleOnStack)
:: [6] void System.RuntimeMethodHandle.InvokeMethod(System.Runtime.CompilerServices.ObjectHandleOnStack, System.Void**, System.Runtime.CompilerServices.ObjectHandleOnStack, Interop+BOOL, System.Runtime.CompilerServices.ObjectHandleOnStack)
:: [7] object System.Reflection.MethodBaseInvoker.InterpretedInvoke_Method(object, System.IntPtr*)
:: [8] object System.Reflection.RuntimeMethodInfo.Invoke(object, System.Reflection.BindingFlags, System.Reflection.Binder, System.Object[], System.Globalization.CultureInfo)
:: [9] void GdUnit4.Core.Execution.ExecutionStage`1+&lt;ExecuteStage&gt;d__37.MoveNext()
:: [10] void System.Runtime.CompilerServices.AsyncTaskMethodBuilder.Start&lt;TStateMachine&gt;(TStateMachine&amp;)
:: [11] System.Threading.Tasks.Task GdUnit4.Core.Execution.ExecutionStage`1.ExecuteStage(GdUnit4.Core.Execution.ExecutionContext)
:: [12] void GdUnit4.Core.Execution.ExecutionStage`1+&lt;Execute&gt;d__30.MoveNext()
:: [13] void System.Runtime.CompilerServices.AsyncTaskMethodBuilder.Start&lt;TStateMachine&gt;(TStateMachine&amp;)
:: [14] System.Threading.Tasks.Task GdUnit4.Core.Execution.ExecutionStage`1.Execute(GdUnit4.Core.Execution.ExecutionContext)
:: [15] System.Threading.Tasks.Task GdUnit4.Core.Execution.TestCaseExecutionStage.&lt;&gt;n__0(GdUnit4.Core.Execution.ExecutionContext)
:: [16] void GdUnit4.Core.Execution.TestCaseExecutionStage+&lt;Execute&gt;d__1.MoveNext()
:: [17] void System.Runtime.CompilerServices.AsyncTaskMethodBuilder.Start&lt;TStateMachine&gt;(TStateMachine&amp;)
:: [18] System.Threading.Tasks.Task GdUnit4.Core.Execution.TestCaseExecutionStage.Execute(GdUnit4.Core.Execution.ExecutionContext)
:: [19] void GdUnit4.Core.Execution.TestSuiteExecutionStage+&lt;RunTestCase&gt;d__15.MoveNext()
:: [20] void System.Threading.ExecutionContext.RunInternal(System.Threading.ExecutionContext, System.Threading.ContextCallback, object)
:: [21] void System.Runtime.CompilerServices.AsyncTaskMethodBuilder`1+AsyncStateMachineBox`1.MoveNext(System.Threading.Thread)
:: [22] void System.Threading.Tasks.AwaitTaskContinuation.RunCallback(System.Threading.ContextCallback, object, System.Threading.Tasks.Task&amp;)
:: [23] void System.Threading.Tasks.Task.RunContinuations(object)
:: [24] void System.Runtime.CompilerServices.AsyncTaskMethodBuilder.SetResult()
:: [25] void GdUnit4.Core.Execution.BeforeTestExecutionStage+&lt;Execute&gt;d__1.MoveNext()
:: [26] void System.Threading.ExecutionContext.RunInternal(System.Threading.ExecutionContext, System.Threading.ContextCallback, object)
:: [27] void System.Runtime.CompilerServices.AsyncTaskMethodBuilder`1+AsyncStateMachineBox`1.MoveNext(System.Threading.Thread)
:: [28] void System.Threading.Tasks.AwaitTaskContinuation.RunCallback(System.Threading.ContextCallback, object, System.Threading.Tasks.Task&amp;)
:: [29] void System.Threading.Tasks.Task.RunContinuations(object)
:: [30] void System.Runtime.CompilerServices.AsyncTaskMethodBuilder.SetResult()
:: [31] void GdUnit4.Core.Execution.ExecutionStage`1+&lt;Execute&gt;d__30.MoveNext()
:: [32] void System.Threading.ExecutionContext.RunInternal(System.Threading.ExecutionContext, System.Threading.ContextCallback, object)
:: [33] void System.Runtime.CompilerServices.AsyncTaskMethodBuilder`1+AsyncStateMachineBox`1.MoveNext(System.Threading.Thread)
:: [34] void Godot.GodotSynchronizationContext.ExecutePendingContinuations() (/root/godot/modules/mono/glue/GodotSharp/GodotSharp/Core/GodotSynchronizationContext.cs:51)
:: [35] void Godot.GodotTaskScheduler.Activate() (/root/godot/modules/mono/glue/GodotSharp/GodotSharp/Core/GodotTaskScheduler.cs:76)
:: [36] void Godot.Bridge.ScriptManagerBridge.FrameCallback() (/root/godot/modules/mono/glue/GodotSharp/GodotSharp/Core/Bridge/ScriptManagerBridge.cs:84)
:: ERROR: Condition "!is_inside_tree()" is true. Returning: Rect2()
:: at: get_viewport_rect (scene/main/canvas_item.cpp:1131)
:: C# backtrace (most recent call first):
:: [0] Godot.Rect2 Godot.NativeCalls.godot_icall_0_95(nint, nint) (/root/godot/modules/mono/glue/GodotSharp/GodotSharp/Generated/NativeCalls.cs:847)
:: [1] Godot.Rect2 Godot.CanvasItem.GetViewportRect() (/root/godot/modules/mono/glue/GodotSharp/GodotSharp/Generated/GodotObjects/CanvasItem.cs:1178)
:: [2] void OmegaSpiral.Source.Ui.Menus.CreditsMenu._Process(double) (/home/adam/Dev/omega-spiral/chapter-zero/source/ui/menus/CreditsMenu.cs:122)
:: [3] void OmegaSpiral.Tests.Integration.Ui.CreditsMenuTests.CreditsMenu_StartsScrollingWhenShown() (/home/adam/Dev/omega-spiral/chapter-zero/tests/integration/ui/CreditsMenuTests.cs:137)
:: [4] void System.RuntimeMethodHandle.InvokeMethod(System.Runtime.CompilerServices.ObjectHandleOnStack, System.Void**, System.Runtime.CompilerServices.ObjectHandleOnStack, Interop+BOOL, System.Runtime.CompilerServices.ObjectHandleOnStack)
:: [5] void System.RuntimeMethodHandle.InvokeMethod(System.Runtime.CompilerServices.ObjectHandleOnStack, System.Void**, System.Runtime.CompilerServices.ObjectHandleOnStack, Interop+BOOL, System.Runtime.CompilerServices.ObjectHandleOnStack)
:: [6] object System.Reflection.MethodBaseInvoker.InterpretedInvoke_Method(object, System.IntPtr*)
:: [7] object System.Reflection.RuntimeMethodInfo.Invoke(object, System.Reflection.BindingFlags, System.Reflection.Binder, System.Object[], System.Globalization.CultureInfo)
:: [8] void GdUnit4.Core.Execution.ExecutionStage`1+&lt;ExecuteStage&gt;d__37.MoveNext()
:: [9] void System.Runtime.CompilerServices.AsyncTaskMethodBuilder.Start&lt;TStateMachine&gt;(TStateMachine&amp;)
:: [10] System.Threading.Tasks.Task GdUnit4.Core.Execution.ExecutionStage`1.ExecuteStage(GdUnit4.Core.Execution.ExecutionContext)
:: [11] void GdUnit4.Core.Execution.ExecutionStage`1+&lt;Execute&gt;d__30.MoveNext()
:: [12] void System.Runtime.CompilerServices.AsyncTaskMethodBuilder.Start&lt;TStateMachine&gt;(TStateMachine&amp;)
:: [13] System.Threading.Tasks.Task GdUnit4.Core.Execution.ExecutionStage`1.Execute(GdUnit4.Core.Execution.ExecutionContext)
:: [14] System.Threading.Tasks.Task GdUnit4.Core.Execution.TestCaseExecutionStage.&lt;&gt;n__0(GdUnit4.Core.Execution.ExecutionContext)
:: [15] void GdUnit4.Core.Execution.TestCaseExecutionStage+&lt;Execute&gt;d__1.MoveNext()
:: [16] void System.Runtime.CompilerServices.AsyncTaskMethodBuilder.Start&lt;TStateMachine&gt;(TStateMachine&amp;)
:: [17] System.Threading.Tasks.Task GdUnit4.Core.Execution.TestCaseExecutionStage.Execute(GdUnit4.Core.Execution.ExecutionContext)
:: [18] void GdUnit4.Core.Execution.TestSuiteExecutionStage+&lt;RunTestCase&gt;d__15.MoveNext()
:: [19] void System.Threading.ExecutionContext.RunInternal(System.Threading.ExecutionContext, System.Threading.ContextCallback, object)
:: [20] void System.Runtime.CompilerServices.AsyncTaskMethodBuilder`1+AsyncStateMachineBox`1.MoveNext(System.Threading.Thread)
:: [21] void System.Threading.Tasks.AwaitTaskContinuation.RunCallback(System.Threading.ContextCallback, object, System.Threading.Tasks.Task&amp;)
:: [22] void System.Threading.Tasks.Task.RunContinuations(object)
:: [23] void System.Runtime.CompilerServices.AsyncTaskMethodBuilder.SetResult()
:: [24] void GdUnit4.Core.Execution.BeforeTestExecutionStage+&lt;Execute&gt;d__1.MoveNext()
:: [25] void System.Threading.ExecutionContext.RunInternal(System.Threading.ExecutionContext, System.Threading.ContextCallback, object)
:: [26] void System.Runtime.CompilerServices.AsyncTaskMethodBuilder`1+AsyncStateMachineBox`1.MoveNext(System.Threading.Thread)
:: [27] void System.Threading.Tasks.AwaitTaskContinuation.RunCallback(System.Threading.ContextCallback, object, System.Threading.Tasks.Task&amp;)
:: [28] void System.Threading.Tasks.Task.RunContinuations(object)
:: [29] void System.Runtime.CompilerServices.AsyncTaskMethodBuilder.SetResult()
:: [30] void GdUnit4.Core.Execution.ExecutionStage`1+&lt;Execute&gt;d__30.MoveNext()
:: [31] void System.Threading.ExecutionContext.RunInternal(System.Threading.ExecutionContext, System.Threading.ContextCallback, object)
:: [32] void System.Runtime.CompilerServices.AsyncTaskMethodBuilder`1+AsyncStateMachineBox`1.MoveNext(System.Threading.Thread)
:: [33] void Godot.GodotSynchronizationContext.ExecutePendingContinuations() (/root/godot/modules/mono/glue/GodotSharp/GodotSharp/Core/GodotSynchronizationContext.cs:51)
:: [34] void Godot.GodotTaskScheduler.Activate() (/root/godot/modules/mono/glue/GodotSharp/GodotSharp/Core/GodotTaskScheduler.cs:76)
:: [35] void Godot.Bridge.ScriptManagerBridge.FrameCallback() (/root/godot/modules/mono/glue/GodotSharp/GodotSharp/Core/Bridge/ScriptManagerBridge.cs:84)
:: ERROR: Condition "!is_inside_tree()" is true. Returning: Rect2()
:: at: get_viewport_rect (scene/main/canvas_item.cpp:1131)
:: C# backtrace (most recent call first):
:: [0] Godot.Rect2 Godot.NativeCalls.godot_icall_0_95(nint, nint) (/root/godot/modules/mono/glue/GodotSharp/GodotSharp/Generated/NativeCalls.cs:847)
:: [1] Godot.Rect2 Godot.CanvasItem.GetViewportRect() (/root/godot/modules/mono/glue/GodotSharp/GodotSharp/Generated/GodotObjects/CanvasItem.cs:1178)
:: [2] void OmegaSpiral.Source.Ui.Menus.CreditsMenu._Process(double) (/home/adam/Dev/omega-spiral/chapter-zero/source/ui/menus/CreditsMenu.cs:122)
:: [3] void OmegaSpiral.Tests.Integration.Ui.CreditsMenuTests.CreditsMenu_StartsScrollingWhenShown() (/home/adam/Dev/omega-spiral/chapter-zero/tests/integration/ui/CreditsMenuTests.cs:137)
:: [4] void System.RuntimeMethodHandle.InvokeMethod(System.Runtime.CompilerServices.ObjectHandleOnStack, System.Void**, System.Runtime.CompilerServices.ObjectHandleOnStack, Interop+BOOL, System.Runtime.CompilerServices.ObjectHandleOnStack)
:: [5] void System.RuntimeMethodHandle.InvokeMethod(System.Runtime.CompilerServices.ObjectHandleOnStack, System.Void**, System.Runtime.CompilerServices.ObjectHandleOnStack, Interop+BOOL, System.Runtime.CompilerServices.ObjectHandleOnStack)
:: [6] object System.Reflection.MethodBaseInvoker.InterpretedInvoke_Method(object, System.IntPtr*)
:: [7] object System.Reflection.RuntimeMethodInfo.Invoke(object, System.Reflection.BindingFlags, System.Reflection.Binder, System.Object[], System.Globalization.CultureInfo)
:: [8] void GdUnit4.Core.Execution.ExecutionStage`1+&lt;ExecuteStage&gt;d__37.MoveNext()
:: [9] void System.Runtime.CompilerServices.AsyncTaskMethodBuilder.Start&lt;TStateMachine&gt;(TStateMachine&amp;)
:: [10] System.Threading.Tasks.Task GdUnit4.Core.Execution.ExecutionStage`1.ExecuteStage(GdUnit4.Core.Execution.ExecutionContext)
:: [11] void GdUnit4.Core.Execution.ExecutionStage`1+&lt;Execute&gt;d__30.MoveNext()
:: [12] void System.Runtime.CompilerServices.AsyncTaskMethodBuilder.Start&lt;TStateMachine&gt;(TStateMachine&amp;)
:: [13] System.Threading.Tasks.Task GdUnit4.Core.Execution.ExecutionStage`1.Execute(GdUnit4.Core.Execution.ExecutionContext)
:: [14] System.Threading.Tasks.Task GdUnit4.Core.Execution.TestCaseExecutionStage.&lt;&gt;n__0(GdUnit4.Core.Execution.ExecutionContext)
:: [15] void GdUnit4.Core.Execution.TestCaseExecutionStage+&lt;Execute&gt;d__1.MoveNext()
:: [16] void System.Runtime.CompilerServices.AsyncTaskMethodBuilder.Start&lt;TStateMachine&gt;(TStateMachine&amp;)
:: [17] System.Threading.Tasks.Task GdUnit4.Core.Execution.TestCaseExecutionStage.Execute(GdUnit4.Core.Execution.ExecutionContext)
:: [18] void GdUnit4.Core.Execution.TestSuiteExecutionStage+&lt;RunTestCase&gt;d__15.MoveNext()
:: [19] void System.Threading.ExecutionContext.RunInternal(System.Threading.ExecutionContext, System.Threading.ContextCallback, object)
:: [20] void System.Runtime.CompilerServices.AsyncTaskMethodBuilder`1+AsyncStateMachineBox`1.MoveNext(System.Threading.Thread)
:: [21] void System.Threading.Tasks.AwaitTaskContinuation.RunCallback(System.Threading.ContextCallback, object, System.Threading.Tasks.Task&amp;)
:: [22] void System.Threading.Tasks.Task.RunContinuations(object)
:: [23] void System.Runtime.CompilerServices.AsyncTaskMethodBuilder.SetResult()
:: [24] void GdUnit4.Core.Execution.BeforeTestExecutionStage+&lt;Execute&gt;d__1.MoveNext()
:: [25] void System.Threading.ExecutionContext.RunInternal(System.Threading.ExecutionContext, System.Threading.ContextCallback, object)
:: [26] void System.Runtime.CompilerServices.AsyncTaskMethodBuilder`1+AsyncStateMachineBox`1.MoveNext(System.Threading.Thread)
:: [27] void System.Threading.Tasks.AwaitTaskContinuation.RunCallback(System.Threading.ContextCallback, object, System.Threading.Tasks.Task&amp;)
:: [28] void System.Threading.Tasks.Task.RunContinuations(object)
:: [29] void System.Runtime.CompilerServices.AsyncTaskMethodBuilder.SetResult()
:: [30] void GdUnit4.Core.Execution.ExecutionStage`1+&lt;Execute&gt;d__30.MoveNext()
:: [31] void System.Threading.ExecutionContext.RunInternal(System.Threading.ExecutionContext, System.Threading.ContextCallback, object)
:: [32] void System.Runtime.CompilerServices.AsyncTaskMethodBuilder`1+AsyncStateMachineBox`1.MoveNext(System.Threading.Thread)
:: [33] void Godot.GodotSynchronizationContext.ExecutePendingContinuations() (/root/godot/modules/mono/glue/GodotSharp/GodotSharp/Core/GodotSynchronizationContext.cs:51)
:: [34] void Godot.GodotTaskScheduler.Activate() (/root/godot/modules/mono/glue/GodotSharp/GodotSharp/Core/GodotTaskScheduler.cs:76)
:: [35] void Godot.Bridge.ScriptManagerBridge.FrameCallback() (/root/godot/modules/mono/glue/GodotSharp/GodotSharp/Core/Bridge/ScriptManagerBridge.cs:84)
:: ERROR: Condition "!is_inside_tree()" is true. Returning: Rect2()
:: at: get_viewport_rect (scene/main/canvas_item.cpp:1131)
:: C# backtrace (most recent call first):
:: [0] Godot.Rect2 Godot.NativeCalls.godot_icall_0_95(nint, nint) (/root/godot/modules/mono/glue/GodotSharp/GodotSharp/Generated/NativeCalls.cs:847)
:: [1] Godot.Rect2 Godot.CanvasItem.GetViewportRect() (/root/godot/modules/mono/glue/GodotSharp/GodotSharp/Generated/GodotObjects/CanvasItem.cs:1178)
:: [2] void OmegaSpiral.Source.Ui.Menus.CreditsMenu._Process(double) (/home/adam/Dev/omega-spiral/chapter-zero/source/ui/menus/CreditsMenu.cs:122)
:: [3] void OmegaSpiral.Tests.Integration.Ui.CreditsMenuTests.CreditsMenu_StartsScrollingWhenShown() (/home/adam/Dev/omega-spiral/chapter-zero/tests/integration/ui/CreditsMenuTests.cs:137)
:: [4] void System.RuntimeMethodHandle.InvokeMethod(System.Runtime.CompilerServices.ObjectHandleOnStack, System.Void**, System.Runtime.CompilerServices.ObjectHandleOnStack, Interop+BOOL, System.Runtime.CompilerServices.ObjectHandleOnStack)
:: [5] void System.RuntimeMethodHandle.InvokeMethod(System.Runtime.CompilerServices.ObjectHandleOnStack, System.Void**, System.Runtime.CompilerServices.ObjectHandleOnStack, Interop+BOOL, System.Runtime.CompilerServices.ObjectHandleOnStack)
:: [6] object System.Reflection.MethodBaseInvoker.InterpretedInvoke_Method(object, System.IntPtr*)
:: [7] object System.Reflection.RuntimeMethodInfo.Invoke(object, System.Reflection.BindingFlags, System.Reflection.Binder, System.Object[], System.Globalization.CultureInfo)
:: [8] void GdUnit4.Core.Execution.ExecutionStage`1+&lt;ExecuteStage&gt;d__37.MoveNext()
:: [9] void System.Runtime.CompilerServices.AsyncTaskMethodBuilder.Start&lt;TStateMachine&gt;(TStateMachine&amp;)
:: [10] System.Threading.Tasks.Task GdUnit4.Core.Execution.ExecutionStage`1.ExecuteStage(GdUnit4.Core.Execution.ExecutionContext)
:: [11] void GdUnit4.Core.Execution.ExecutionStage`1+&lt;Execute&gt;d__30.MoveNext()
:: [12] void System.Runtime.CompilerServices.AsyncTaskMethodBuilder.Start&lt;TStateMachine&gt;(TStateMachine&amp;)
:: [13] System.Threading.Tasks.Task GdUnit4.Core.Execution.ExecutionStage`1.Execute(GdUnit4.Core.Execution.ExecutionContext)
:: [14] System.Threading.Tasks.Task GdUnit4.Core.Execution.TestCaseExecutionStage.&lt;&gt;n__0(GdUnit4.Core.Execution.ExecutionContext)
:: [15] void GdUnit4.Core.Execution.TestCaseExecutionStage+&lt;Execute&gt;d__1.MoveNext()
:: [16] void System.Runtime.CompilerServices.AsyncTaskMethodBuilder.Start&lt;TStateMachine&gt;(TStateMachine&amp;)
:: [17] System.Threading.Tasks.Task GdUnit4.Core.Execution.TestCaseExecutionStage.Execute(GdUnit4.Core.Execution.ExecutionContext)
:: [18] void GdUnit4.Core.Execution.TestSuiteExecutionStage+&lt;RunTestCase&gt;d__15.MoveNext()
:: [19] void System.Threading.ExecutionContext.RunInternal(System.Threading.ExecutionContext, System.Threading.ContextCallback, object)
:: [20] void System.Runtime.CompilerServices.AsyncTaskMethodBuilder`1+AsyncStateMachineBox`1.MoveNext(System.Threading.Thread)
:: [21] void System.Threading.Tasks.AwaitTaskContinuation.RunCallback(System.Threading.ContextCallback, object, System.Threading.Tasks.Task&amp;)
:: [22] void System.Threading.Tasks.Task.RunContinuations(object)
:: [23] void System.Runtime.CompilerServices.AsyncTaskMethodBuilder.SetResult()
:: [24] void GdUnit4.Core.Execution.BeforeTestExecutionStage+&lt;Execute&gt;d__1.MoveNext()
:: [25] void System.Threading.ExecutionContext.RunInternal(System.Threading.ExecutionContext, System.Threading.ContextCallback, object)
:: [26] void System.Runtime.CompilerServices.AsyncTaskMethodBuilder`1+AsyncStateMachineBox`1.MoveNext(System.Threading.Thread)
:: [27] void System.Threading.Tasks.AwaitTaskContinuation.RunCallback(System.Threading.ContextCallback, object, System.Threading.Tasks.Task&amp;)
:: [28] void System.Threading.Tasks.Task.RunContinuations(object)
:: [29] void System.Runtime.CompilerServices.AsyncTaskMethodBuilder.SetResult()
:: [30] void GdUnit4.Core.Execution.ExecutionStage`1+&lt;Execute&gt;d__30.MoveNext()
:: [31] void System.Threading.ExecutionContext.RunInternal(System.Threading.ExecutionContext, System.Threading.ContextCallback, object)
:: [32] void System.Runtime.CompilerServices.AsyncTaskMethodBuilder`1+AsyncStateMachineBox`1.MoveNext(System.Threading.Thread)
:: [33] void Godot.GodotSynchronizationContext.ExecutePendingContinuations() (/root/godot/modules/mono/glue/GodotSharp/GodotSharp/Core/GodotSynchronizationContext.cs:51)
:: [34] void Godot.GodotTaskScheduler.Activate() (/root/godot/modules/mono/glue/GodotSharp/GodotSharp/Core/GodotTaskScheduler.cs:76)
:: [35] void Godot.Bridge.ScriptManagerBridge.FrameCallback() (/root/godot/modules/mono/glue/GodotSharp/GodotSharp/Core/Bridge/ScriptManagerBridge.cs:84)
:: ERROR: Condition "!is_inside_tree()" is true. Returning: Rect2()
:: at: get_viewport_rect (scene/main/canvas_item.cpp:1131)
:: C# backtrace (most recent call first):
:: [0] Godot.Rect2 Godot.NativeCalls.godot_icall_0_95(nint, nint) (/root/godot/modules/mono/glue/GodotSharp/GodotSharp/Generated/NativeCalls.cs:847)
:: [1] Godot.Rect2 Godot.CanvasItem.GetViewportRect() (/root/godot/modules/mono/glue/GodotSharp/GodotSharp/Generated/GodotObjects/CanvasItem.cs:1178)
:: [2] void OmegaSpiral.Source.Ui.Menus.CreditsMenu._Process(double) (/home/adam/Dev/omega-spiral/chapter-zero/source/ui/menus/CreditsMenu.cs:122)
:: [3] void OmegaSpiral.Tests.Integration.Ui.CreditsMenuTests.CreditsMenu_StartsScrollingWhenShown() (/home/adam/Dev/omega-spiral/chapter-zero/tests/integration/ui/CreditsMenuTests.cs:137)
:: [4] void System.RuntimeMethodHandle.InvokeMethod(System.Runtime.CompilerServices.ObjectHandleOnStack, System.Void**, System.Runtime.CompilerServices.ObjectHandleOnStack, Interop+BOOL, System.Runtime.CompilerServices.ObjectHandleOnStack)
:: [5] void System.RuntimeMethodHandle.InvokeMethod(System.Runtime.CompilerServices.ObjectHandleOnStack, System.Void**, System.Runtime.CompilerServices.ObjectHandleOnStack, Interop+BOOL, System.Runtime.CompilerServices.ObjectHandleOnStack)
:: [6] object System.Reflection.MethodBaseInvoker.InterpretedInvoke_Method(object, System.IntPtr*)
:: [7] object System.Reflection.RuntimeMethodInfo.Invoke(object, System.Reflection.BindingFlags, System.Reflection.Binder, System.Object[], System.Globalization.CultureInfo)
:: [8] void GdUnit4.Core.Execution.ExecutionStage`1+&lt;ExecuteStage&gt;d__37.MoveNext()
:: [9] void System.Runtime.CompilerServices.AsyncTaskMethodBuilder.Start&lt;TStateMachine&gt;(TStateMachine&amp;)
:: [10] System.Threading.Tasks.Task GdUnit4.Core.Execution.ExecutionStage`1.ExecuteStage(GdUnit4.Core.Execution.ExecutionContext)
:: [11] void GdUnit4.Core.Execution.ExecutionStage`1+&lt;Execute&gt;d__30.MoveNext()
:: [12] void System.Runtime.CompilerServices.AsyncTaskMethodBuilder.Start&lt;TStateMachine&gt;(TStateMachine&amp;)
:: [13] System.Threading.Tasks.Task GdUnit4.Core.Execution.ExecutionStage`1.Execute(GdUnit4.Core.Execution.ExecutionContext)
:: [14] System.Threading.Tasks.Task GdUnit4.Core.Execution.TestCaseExecutionStage.&lt;&gt;n__0(GdUnit4.Core.Execution.ExecutionContext)
:: [15] void GdUnit4.Core.Execution.TestCaseExecutionStage+&lt;Execute&gt;d__1.MoveNext()
:: [16] void System.Runtime.CompilerServices.AsyncTaskMethodBuilder.Start&lt;TStateMachine&gt;(TStateMachine&amp;)
:: [17] System.Threading.Tasks.Task GdUnit4.Core.Execution.TestCaseExecutionStage.Execute(GdUnit4.Core.Execution.ExecutionContext)
:: [18] void GdUnit4.Core.Execution.TestSuiteExecutionStage+&lt;RunTestCase&gt;d__15.MoveNext()
:: [19] void System.Threading.ExecutionContext.RunInternal(System.Threading.ExecutionContext, System.Threading.ContextCallback, object)
:: [20] void System.Runtime.CompilerServices.AsyncTaskMethodBuilder`1+AsyncStateMachineBox`1.MoveNext(System.Threading.Thread)
:: [21] void System.Threading.Tasks.AwaitTaskContinuation.RunCallback(System.Threading.ContextCallback, object, System.Threading.Tasks.Task&amp;)
:: [22] void System.Threading.Tasks.Task.RunContinuations(object)
:: [23] void System.Runtime.CompilerServices.AsyncTaskMethodBuilder.SetResult()
:: [24] void GdUnit4.Core.Execution.BeforeTestExecutionStage+&lt;Execute&gt;d__1.MoveNext()
:: [25] void System.Threading.ExecutionContext.RunInternal(System.Threading.ExecutionContext, System.Threading.ContextCallback, object)
:: [26] void System.Runtime.CompilerServices.AsyncTaskMethodBuilder`1+AsyncStateMachineBox`1.MoveNext(System.Threading.Thread)
:: [27] void System.Threading.Tasks.AwaitTaskContinuation.RunCallback(System.Threading.ContextCallback, object, System.Threading.Tasks.Task&amp;)
:: [28] void System.Threading.Tasks.Task.RunContinuations(object)
:: [29] void System.Runtime.CompilerServices.AsyncTaskMethodBuilder.SetResult()
:: [30] void GdUnit4.Core.Execution.ExecutionStage`1+&lt;Execute&gt;d__30.MoveNext()
:: [31] void System.Threading.ExecutionContext.RunInternal(System.Threading.ExecutionContext, System.Threading.ContextCallback, object)
:: [32] void System.Runtime.CompilerServices.AsyncTaskMethodBuilder`1+AsyncStateMachineBox`1.MoveNext(System.Threading.Thread)
:: [33] void Godot.GodotSynchronizationContext.ExecutePendingContinuations() (/root/godot/modules/mono/glue/GodotSharp/GodotSharp/Core/GodotSynchronizationContext.cs:51)
:: [34] void Godot.GodotTaskScheduler.Activate() (/root/godot/modules/mono/glue/GodotSharp/GodotSharp/Core/GodotTaskScheduler.cs:76)
:: [35] void Godot.Bridge.ScriptManagerBridge.FrameCallback() (/root/godot/modules/mono/glue/GodotSharp/GodotSharp/Core/Bridge/ScriptManagerBridge.cs:84)
:: ERROR: Condition "!is_inside_tree()" is true. Returning: Rect2()
:: at: get_viewport_rect (scene/main/canvas_item.cpp:1131)
:: C# backtrace (most recent call first):
:: [0] Godot.Rect2 Godot.NativeCalls.godot_icall_0_95(nint, nint) (/root/godot/modules/mono/glue/GodotSharp/GodotSharp/Generated/NativeCalls.cs:847)
:: [1] Godot.Rect2 Godot.CanvasItem.GetViewportRect() (/root/godot/modules/mono/glue/GodotSharp/GodotSharp/Generated/GodotObjects/CanvasItem.cs:1178)
:: [2] void OmegaSpiral.Source.Ui.Menus.CreditsMenu._Process(double) (/home/adam/Dev/omega-spiral/chapter-zero/source/ui/menus/CreditsMenu.cs:122)
:: [3] void OmegaSpiral.Tests.Integration.Ui.CreditsMenuTests.CreditsMenu_StartsScrollingWhenShown() (/home/adam/Dev/omega-spiral/chapter-zero/tests/integration/ui/CreditsMenuTests.cs:137)
:: [4] void System.RuntimeMethodHandle.InvokeMethod(System.Runtime.CompilerServices.ObjectHandleOnStack, System.Void**, System.Runtime.CompilerServices.ObjectHandleOnStack, Interop+BOOL, System.Runtime.CompilerServices.ObjectHandleOnStack)
:: [5] void System.RuntimeMethodHandle.InvokeMethod(System.Runtime.CompilerServices.ObjectHandleOnStack, System.Void**, System.Runtime.CompilerServices.ObjectHandleOnStack, Interop+BOOL, System.Runtime.CompilerServices.ObjectHandleOnStack)
:: [6] object System.Reflection.MethodBaseInvoker.InterpretedInvoke_Method(object, System.IntPtr*)
:: [7] object System.Reflection.RuntimeMethodInfo.Invoke(object, System.Reflection.BindingFlags, System.Reflection.Binder, System.Object[], System.Globalization.CultureInfo)
:: [8] void GdUnit4.Core.Execution.ExecutionStage`1+&lt;ExecuteStage&gt;d__37.MoveNext()
:: [9] void System.Runtime.CompilerServices.AsyncTaskMethodBuilder.Start&lt;TStateMachine&gt;(TStateMachine&amp;)
:: [10] System.Threading.Tasks.Task GdUnit4.Core.Execution.ExecutionStage`1.ExecuteStage(GdUnit4.Core.Execution.ExecutionContext)
:: [11] void GdUnit4.Core.Execution.ExecutionStage`1+&lt;Execute&gt;d__30.MoveNext()
:: [12] void System.Runtime.CompilerServices.AsyncTaskMethodBuilder.Start&lt;TStateMachine&gt;(TStateMachine&amp;)
:: [13] System.Threading.Tasks.Task GdUnit4.Core.Execution.ExecutionStage`1.Execute(GdUnit4.Core.Execution.ExecutionContext)
:: [14] System.Threading.Tasks.Task GdUnit4.Core.Execution.TestCaseExecutionStage.&lt;&gt;n__0(GdUnit4.Core.Execution.ExecutionContext)
:: [15] void GdUnit4.Core.Execution.TestCaseExecutionStage+&lt;Execute&gt;d__1.MoveNext()
:: [16] void System.Runtime.CompilerServices.AsyncTaskMethodBuilder.Start&lt;TStateMachine&gt;(TStateMachine&amp;)
:: [17] System.Threading.Tasks.Task GdUnit4.Core.Execution.TestCaseExecutionStage.Execute(GdUnit4.Core.Execution.ExecutionContext)
:: [18] void GdUnit4.Core.Execution.TestSuiteExecutionStage+&lt;RunTestCase&gt;d__15.MoveNext()
:: [19] void System.Threading.ExecutionContext.RunInternal(System.Threading.ExecutionContext, System.Threading.ContextCallback, object)
:: [20] void System.Runtime.CompilerServices.AsyncTaskMethodBuilder`1+AsyncStateMachineBox`1.MoveNext(System.Threading.Thread)
:: [21] void System.Threading.Tasks.AwaitTaskContinuation.RunCallback(System.Threading.ContextCallback, object, System.Threading.Tasks.Task&amp;)
:: [22] void System.Threading.Tasks.Task.RunContinuations(object)
:: [23] void System.Runtime.CompilerServices.AsyncTaskMethodBuilder.SetResult()
:: [24] void GdUnit4.Core.Execution.BeforeTestExecutionStage+&lt;Execute&gt;d__1.MoveNext()
:: [25] void System.Threading.ExecutionContext.RunInternal(System.Threading.ExecutionContext, System.Threading.ContextCallback, object)
:: [26] void System.Runtime.CompilerServices.AsyncTaskMethodBuilder`1+AsyncStateMachineBox`1.MoveNext(System.Threading.Thread)
:: [27] void System.Threading.Tasks.AwaitTaskContinuation.RunCallback(System.Threading.ContextCallback, object, System.Threading.Tasks.Task&amp;)
:: [28] void System.Threading.Tasks.Task.RunContinuations(object)
:: [29] void System.Runtime.CompilerServices.AsyncTaskMethodBuilder.SetResult()
:: [30] void GdUnit4.Core.Execution.ExecutionStage`1+&lt;Execute&gt;d__30.MoveNext()
:: [31] void System.Threading.ExecutionContext.RunInternal(System.Threading.ExecutionContext, System.Threading.ContextCallback, object)
:: [32] void System.Runtime.CompilerServices.AsyncTaskMethodBuilder`1+AsyncStateMachineBox`1.MoveNext(System.Threading.Thread)
:: [33] void Godot.GodotSynchronizationContext.ExecutePendingContinuations() (/root/godot/modules/mono/glue/GodotSharp/GodotSharp/Core/GodotSynchronizationContext.cs:51)
:: [34] void Godot.GodotTaskScheduler.Activate() (/root/godot/modules/mono/glue/GodotSharp/GodotSharp/Core/GodotTaskScheduler.cs:76)
:: [35] void Godot.Bridge.ScriptManagerBridge.FrameCallback() (/root/godot/modules/mono/glue/GodotSharp/GodotSharp/Core/Bridge/ScriptManagerBridge.cs:84)
:: ERROR: Condition "!is_inside_tree()" is true. Returning: Rect2()
:: at: get_viewport_rect (scene/main/canvas_item.cpp:1131)
:: C# backtrace (most recent call first):
:: [0] Godot.Rect2 Godot.NativeCalls.godot_icall_0_95(nint, nint) (/root/godot/modules/mono/glue/GodotSharp/GodotSharp/Generated/NativeCalls.cs:847)
:: [1] Godot.Rect2 Godot.CanvasItem.GetViewportRect() (/root/godot/modules/mono/glue/GodotSharp/GodotSharp/Generated/GodotObjects/CanvasItem.cs:1178)
:: [2] void OmegaSpiral.Source.Ui.Menus.CreditsMenu._Process(double) (/home/adam/Dev/omega-spiral/chapter-zero/source/ui/menus/CreditsMenu.cs:122)
:: [3] void OmegaSpiral.Tests.Integration.Ui.CreditsMenuTests.CreditsMenu_StartsScrollingWhenShown() (/home/adam/Dev/omega-spiral/chapter-zero/tests/integration/ui/CreditsMenuTests.cs:137)
:: [4] void System.RuntimeMethodHandle.InvokeMethod(System.Runtime.CompilerServices.ObjectHandleOnStack, System.Void**, System.Runtime.CompilerServices.ObjectHandleOnStack, Interop+BOOL, System.Runtime.CompilerServices.ObjectHandleOnStack)
:: [5] void System.RuntimeMethodHandle.InvokeMethod(System.Runtime.CompilerServices.ObjectHandleOnStack, System.Void**, System.Runtime.CompilerServices.ObjectHandleOnStack, Interop+BOOL, System.Runtime.CompilerServices.ObjectHandleOnStack)
:: [6] object System.Reflection.MethodBaseInvoker.InterpretedInvoke_Method(object, System.IntPtr*)
:: [7] object System.Reflection.RuntimeMethodInfo.Invoke(object, System.Reflection.BindingFlags, System.Reflection.Binder, System.Object[], System.Globalization.CultureInfo)
:: [8] void GdUnit4.Core.Execution.ExecutionStage`1+&lt;ExecuteStage&gt;d__37.MoveNext()
:: [9] void System.Runtime.CompilerServices.AsyncTaskMethodBuilder.Start&lt;TStateMachine&gt;(TStateMachine&amp;)
:: [10] System.Threading.Tasks.Task GdUnit4.Core.Execution.ExecutionStage`1.ExecuteStage(GdUnit4.Core.Execution.ExecutionContext)
:: [11] void GdUnit4.Core.Execution.ExecutionStage`1+&lt;Execute&gt;d__30.MoveNext()
:: [12] void System.Runtime.CompilerServices.AsyncTaskMethodBuilder.Start&lt;TStateMachine&gt;(TStateMachine&amp;)
:: [13] System.Threading.Tasks.Task GdUnit4.Core.Execution.ExecutionStage`1.Execute(GdUnit4.Core.Execution.ExecutionContext)
:: [14] System.Threading.Tasks.Task GdUnit4.Core.Execution.TestCaseExecutionStage.&lt;&gt;n__0(GdUnit4.Core.Execution.ExecutionContext)
:: [15] void GdUnit4.Core.Execution.TestCaseExecutionStage+&lt;Execute&gt;d__1.MoveNext()
:: [16] void System.Runtime.CompilerServices.AsyncTaskMethodBuilder.Start&lt;TStateMachine&gt;(TStateMachine&amp;)
:: [17] System.Threading.Tasks.Task GdUnit4.Core.Execution.TestCaseExecutionStage.Execute(GdUnit4.Core.Execution.ExecutionContext)
:: [18] void GdUnit4.Core.Execution.TestSuiteExecutionStage+&lt;RunTestCase&gt;d__15.MoveNext()
:: [19] void System.Threading.ExecutionContext.RunInternal(System.Threading.ExecutionContext, System.Threading.ContextCallback, object)
:: [20] void System.Runtime.CompilerServices.AsyncTaskMethodBuilder`1+AsyncStateMachineBox`1.MoveNext(System.Threading.Thread)
:: [21] void System.Threading.Tasks.AwaitTaskContinuation.RunCallback(System.Threading.ContextCallback, object, System.Threading.Tasks.Task&amp;)
:: [22] void System.Threading.Tasks.Task.RunContinuations(object)
:: [23] void System.Runtime.CompilerServices.AsyncTaskMethodBuilder.SetResult()
:: [24] void GdUnit4.Core.Execution.BeforeTestExecutionStage+&lt;Execute&gt;d__1.MoveNext()
:: [25] void System.Threading.ExecutionContext.RunInternal(System.Threading.ExecutionContext, System.Threading.ContextCallback, object)
:: [26] void System.Runtime.CompilerServices.AsyncTaskMethodBuilder`1+AsyncStateMachineBox`1.MoveNext(System.Threading.Thread)
:: [27] void System.Threading.Tasks.AwaitTaskContinuation.RunCallback(System.Threading.ContextCallback, object, System.Threading.Tasks.Task&amp;)
:: [28] void System.Threading.Tasks.Task.RunContinuations(object)
:: [29] void System.Runtime.CompilerServices.AsyncTaskMethodBuilder.SetResult()
:: [30] void GdUnit4.Core.Execution.ExecutionStage`1+&lt;Execute&gt;d__30.MoveNext()
:: [31] void System.Threading.ExecutionContext.RunInternal(System.Threading.ExecutionContext, System.Threading.ContextCallback, object)
:: [32] void System.Runtime.CompilerServices.AsyncTaskMethodBuilder`1+AsyncStateMachineBox`1.MoveNext(System.Threading.Thread)
:: [33] void Godot.GodotSynchronizationContext.ExecutePendingContinuations() (/root/godot/modules/mono/glue/GodotSharp/GodotSharp/Core/GodotSynchronizationContext.cs:51)
:: [34] void Godot.GodotTaskScheduler.Activate() (/root/godot/modules/mono/glue/GodotSharp/GodotSharp/Core/GodotTaskScheduler.cs:76)
:: [35] void Godot.Bridge.ScriptManagerBridge.FrameCallback() (/root/godot/modules/mono/glue/GodotSharp/GodotSharp/Core/Bridge/ScriptManagerBridge.cs:84)
:: ERROR: Condition "!is_inside_tree()" is true. Returning: Rect2()
:: at: get_viewport_rect (scene/main/canvas_item.cpp:1131)
:: C# backtrace (most recent call first):
:: [0] Godot.Rect2 Godot.NativeCalls.godot_icall_0_95(nint, nint) (/root/godot/modules/mono/glue/GodotSharp/GodotSharp/Generated/NativeCalls.cs:847)
:: [1] Godot.Rect2 Godot.CanvasItem.GetViewportRect() (/root/godot/modules/mono/glue/GodotSharp/GodotSharp/Generated/GodotObjects/CanvasItem.cs:1178)
:: [2] void OmegaSpiral.Source.Ui.Menus.CreditsMenu._Process(double) (/home/adam/Dev/omega-spiral/chapter-zero/source/ui/menus/CreditsMenu.cs:122)
:: [3] void OmegaSpiral.Tests.Integration.Ui.CreditsMenuTests.CreditsMenu_StartsScrollingWhenShown() (/home/adam/Dev/omega-spiral/chapter-zero/tests/integration/ui/CreditsMenuTests.cs:137)
:: [4] void System.RuntimeMethodHandle.InvokeMethod(System.Runtime.CompilerServices.ObjectHandleOnStack, System.Void**, System.Runtime.CompilerServices.ObjectHandleOnStack, Interop+BOOL, System.Runtime.CompilerServices.ObjectHandleOnStack)
:: [5] void System.RuntimeMethodHandle.InvokeMethod(System.Runtime.CompilerServices.ObjectHandleOnStack, System.Void**, System.Runtime.CompilerServices.ObjectHandleOnStack, Interop+BOOL, System.Runtime.CompilerServices.ObjectHandleOnStack)
:: [6] object System.Reflection.MethodBaseInvoker.InterpretedInvoke_Method(object, System.IntPtr*)
:: [7] object System.Reflection.RuntimeMethodInfo.Invoke(object, System.Reflection.BindingFlags, System.Reflection.Binder, System.Object[], System.Globalization.CultureInfo)
:: [8] void GdUnit4.Core.Execution.ExecutionStage`1+&lt;ExecuteStage&gt;d__37.MoveNext()
:: [9] void System.Runtime.CompilerServices.AsyncTaskMethodBuilder.Start&lt;TStateMachine&gt;(TStateMachine&amp;)
:: [10] System.Threading.Tasks.Task GdUnit4.Core.Execution.ExecutionStage`1.ExecuteStage(GdUnit4.Core.Execution.ExecutionContext)
:: [11] void GdUnit4.Core.Execution.ExecutionStage`1+&lt;Execute&gt;d__30.MoveNext()
:: [12] void System.Runtime.CompilerServices.AsyncTaskMethodBuilder.Start&lt;TStateMachine&gt;(TStateMachine&amp;)
:: [13] System.Threading.Tasks.Task GdUnit4.Core.Execution.ExecutionStage`1.Execute(GdUnit4.Core.Execution.ExecutionContext)
:: [14] System.Threading.Tasks.Task GdUnit4.Core.Execution.TestCaseExecutionStage.&lt;&gt;n__0(GdUnit4.Core.Execution.ExecutionContext)
:: [15] void GdUnit4.Core.Execution.TestCaseExecutionStage+&lt;Execute&gt;d__1.MoveNext()
:: [16] void System.Runtime.CompilerServices.AsyncTaskMethodBuilder.Start&lt;TStateMachine&gt;(TStateMachine&amp;)
:: [17] System.Threading.Tasks.Task GdUnit4.Core.Execution.TestCaseExecutionStage.Execute(GdUnit4.Core.Execution.ExecutionContext)
:: [18] void GdUnit4.Core.Execution.TestSuiteExecutionStage+&lt;RunTestCase&gt;d__15.MoveNext()
:: [19] void System.Threading.ExecutionContext.RunInternal(System.Threading.ExecutionContext, System.Threading.ContextCallback, object)
:: [20] void System.Runtime.CompilerServices.AsyncTaskMethodBuilder`1+AsyncStateMachineBox`1.MoveNext(System.Threading.Thread)
:: [21] void System.Threading.Tasks.AwaitTaskContinuation.RunCallback(System.Threading.ContextCallback, object, System.Threading.Tasks.Task&amp;)
:: [22] void System.Threading.Tasks.Task.RunContinuations(object)
:: [23] void System.Runtime.CompilerServices.AsyncTaskMethodBuilder.SetResult()
:: [24] void GdUnit4.Core.Execution.BeforeTestExecutionStage+&lt;Execute&gt;d__1.MoveNext()
:: [25] void System.Threading.ExecutionContext.RunInternal(System.Threading.ExecutionContext, System.Threading.ContextCallback, object)
:: [26] void System.Runtime.CompilerServices.AsyncTaskMethodBuilder`1+AsyncStateMachineBox`1.MoveNext(System.Threading.Thread)
:: [27] void System.Threading.Tasks.AwaitTaskContinuation.RunCallback(System.Threading.ContextCallback, object, System.Threading.Tasks.Task&amp;)
:: [28] void System.Threading.Tasks.Task.RunContinuations(object)
:: [29] void System.Runtime.CompilerServices.AsyncTaskMethodBuilder.SetResult()
:: [30] void GdUnit4.Core.Execution.ExecutionStage`1+&lt;Execute&gt;d__30.MoveNext()
:: [31] void System.Threading.ExecutionContext.RunInternal(System.Threading.ExecutionContext, System.Threading.ContextCallback, object)
:: [32] void System.Runtime.CompilerServices.AsyncTaskMethodBuilder`1+AsyncStateMachineBox`1.MoveNext(System.Threading.Thread)
:: [33] void Godot.GodotSynchronizationContext.ExecutePendingContinuations() (/root/godot/modules/mono/glue/GodotSharp/GodotSharp/Core/GodotSynchronizationContext.cs:51)
:: [34] void Godot.GodotTaskScheduler.Activate() (/root/godot/modules/mono/glue/GodotSharp/GodotSharp/Core/GodotTaskScheduler.cs:76)
:: [35] void Godot.Bridge.ScriptManagerBridge.FrameCallback() (/root/godot/modules/mono/glue/GodotSharp/GodotSharp/Core/Bridge/ScriptManagerBridge.cs:84)
:: ERROR: Condition "!is_inside_tree()" is true. Returning: Rect2()
:: at: get_viewport_rect (scene/main/canvas_item.cpp:1131)
:: C# backtrace (most recent call first):
:: [0] Godot.Rect2 Godot.NativeCalls.godot_icall_0_95(nint, nint) (/root/godot/modules/mono/glue/GodotSharp/GodotSharp/Generated/NativeCalls.cs:847)
:: [1] Godot.Rect2 Godot.CanvasItem.GetViewportRect() (/root/godot/modules/mono/glue/GodotSharp/GodotSharp/Generated/GodotObjects/CanvasItem.cs:1178)
:: [2] void OmegaSpiral.Source.Ui.Menus.CreditsMenu._Process(double) (/home/adam/Dev/omega-spiral/chapter-zero/source/ui/menus/CreditsMenu.cs:122)
:: [3] void OmegaSpiral.Tests.Integration.Ui.CreditsMenuTests.CreditsMenu_StartsScrollingWhenShown() (/home/adam/Dev/omega-spiral/chapter-zero/tests/integration/ui/CreditsMenuTests.cs:137)
:: [4] void System.RuntimeMethodHandle.InvokeMethod(System.Runtime.CompilerServices.ObjectHandleOnStack, System.Void**, System.Runtime.CompilerServices.ObjectHandleOnStack, Interop+BOOL, System.Runtime.CompilerServices.ObjectHandleOnStack)
:: [5] void System.RuntimeMethodHandle.InvokeMethod(System.Runtime.CompilerServices.ObjectHandleOnStack, System.Void**, System.Runtime.CompilerServices.ObjectHandleOnStack, Interop+BOOL, System.Runtime.CompilerServices.ObjectHandleOnStack)
:: [6] object System.Reflection.MethodBaseInvoker.InterpretedInvoke_Method(object, System.IntPtr*)
:: [7] object System.Reflection.RuntimeMethodInfo.Invoke(object, System.Reflection.BindingFlags, System.Reflection.Binder, System.Object[], System.Globalization.CultureInfo)
:: [8] void GdUnit4.Core.Execution.ExecutionStage`1+&lt;ExecuteStage&gt;d__37.MoveNext()
:: [9] void System.Runtime.CompilerServices.AsyncTaskMethodBuilder.Start&lt;TStateMachine&gt;(TStateMachine&amp;)
:: [10] System.Threading.Tasks.Task GdUnit4.Core.Execution.ExecutionStage`1.ExecuteStage(GdUnit4.Core.Execution.ExecutionContext)
:: [11] void GdUnit4.Core.Execution.ExecutionStage`1+&lt;Execute&gt;d__30.MoveNext()
:: [12] void System.Runtime.CompilerServices.AsyncTaskMethodBuilder.Start&lt;TStateMachine&gt;(TStateMachine&amp;)
:: [13] System.Threading.Tasks.Task GdUnit4.Core.Execution.ExecutionStage`1.Execute(GdUnit4.Core.Execution.ExecutionContext)
:: [14] System.Threading.Tasks.Task GdUnit4.Core.Execution.TestCaseExecutionStage.&lt;&gt;n__0(GdUnit4.Core.Execution.ExecutionContext)
:: [15] void GdUnit4.Core.Execution.TestCaseExecutionStage+&lt;Execute&gt;d__1.MoveNext()
:: [16] void System.Runtime.CompilerServices.AsyncTaskMethodBuilder.Start&lt;TStateMachine&gt;(TStateMachine&amp;)
:: [17] System.Threading.Tasks.Task GdUnit4.Core.Execution.TestCaseExecutionStage.Execute(GdUnit4.Core.Execution.ExecutionContext)
:: [18] void GdUnit4.Core.Execution.TestSuiteExecutionStage+&lt;RunTestCase&gt;d__15.MoveNext()
:: [19] void System.Threading.ExecutionContext.RunInternal(System.Threading.ExecutionContext, System.Threading.ContextCallback, object)
:: [20] void System.Runtime.CompilerServices.AsyncTaskMethodBuilder`1+AsyncStateMachineBox`1.MoveNext(System.Threading.Thread)
:: [21] void System.Threading.Tasks.AwaitTaskContinuation.RunCallback(System.Threading.ContextCallback, object, System.Threading.Tasks.Task&amp;)
:: [22] void System.Threading.Tasks.Task.RunContinuations(object)
:: [23] void System.Runtime.CompilerServices.AsyncTaskMethodBuilder.SetResult()
:: [24] void GdUnit4.Core.Execution.BeforeTestExecutionStage+&lt;Execute&gt;d__1.MoveNext()
:: [25] void System.Threading.ExecutionContext.RunInternal(System.Threading.ExecutionContext, System.Threading.ContextCallback, object)
:: [26] void System.Runtime.CompilerServices.AsyncTaskMethodBuilder`1+AsyncStateMachineBox`1.MoveNext(System.Threading.Thread)
:: [27] void System.Threading.Tasks.AwaitTaskContinuation.RunCallback(System.Threading.ContextCallback, object, System.Threading.Tasks.Task&amp;)
:: [28] void System.Threading.Tasks.Task.RunContinuations(object)
:: [29] void System.Runtime.CompilerServices.AsyncTaskMethodBuilder.SetResult()
:: [30] void GdUnit4.Core.Execution.ExecutionStage`1+&lt;Execute&gt;d__30.MoveNext()
:: [31] void System.Threading.ExecutionContext.RunInternal(System.Threading.ExecutionContext, System.Threading.ContextCallback, object)
:: [32] void System.Runtime.CompilerServices.AsyncTaskMethodBuilder`1+AsyncStateMachineBox`1.MoveNext(System.Threading.Thread)
:: [33] void Godot.GodotSynchronizationContext.ExecutePendingContinuations() (/root/godot/modules/mono/glue/GodotSharp/GodotSharp/Core/GodotSynchronizationContext.cs:51)
:: [34] void Godot.GodotTaskScheduler.Activate() (/root/godot/modules/mono/glue/GodotSharp/GodotSharp/Core/GodotTaskScheduler.cs:76)
:: [35] void Godot.Bridge.ScriptManagerBridge.FrameCallback() (/root/godot/modules/mono/glue/GodotSharp/GodotSharp/Core/Bridge/ScriptManagerBridge.cs:84)
:: ERROR: Condition "!is_inside_tree()" is true. Returning: Rect2()
:: at: get_viewport_rect (scene/main/canvas_item.cpp:1131)
:: C# backtrace (most recent call first):
:: [0] Godot.Rect2 Godot.NativeCalls.godot_icall_0_95(nint, nint) (/root/godot/modules/mono/glue/GodotSharp/GodotSharp/Generated/NativeCalls.cs:847)
:: [1] Godot.Rect2 Godot.CanvasItem.GetViewportRect() (/root/godot/modules/mono/glue/GodotSharp/GodotSharp/Generated/GodotObjects/CanvasItem.cs:1178)
:: [2] void OmegaSpiral.Source.Ui.Menus.CreditsMenu._Process(double) (/home/adam/Dev/omega-spiral/chapter-zero/source/ui/menus/CreditsMenu.cs:122)
:: [3] void OmegaSpiral.Tests.Integration.Ui.CreditsMenuTests.CreditsMenu_StartsScrollingWhenShown() (/home/adam/Dev/omega-spiral/chapter-zero/tests/integration/ui/CreditsMenuTests.cs:137)
:: [4] void System.RuntimeMethodHandle.InvokeMethod(System.Runtime.CompilerServices.ObjectHandleOnStack, System.Void**, System.Runtime.CompilerServices.ObjectHandleOnStack, Interop+BOOL, System.Runtime.CompilerServices.ObjectHandleOnStack)
:: [5] void System.RuntimeMethodHandle.InvokeMethod(System.Runtime.CompilerServices.ObjectHandleOnStack, System.Void**, System.Runtime.CompilerServices.ObjectHandleOnStack, Interop+BOOL, System.Runtime.CompilerServices.ObjectHandleOnStack)
:: [6] object System.Reflection.MethodBaseInvoker.InterpretedInvoke_Method(object, System.IntPtr*)
:: [7] object System.Reflection.RuntimeMethodInfo.Invoke(object, System.Reflection.BindingFlags, System.Reflection.Binder, System.Object[], System.Globalization.CultureInfo)
:: [8] void GdUnit4.Core.Execution.ExecutionStage`1+&lt;ExecuteStage&gt;d__37.MoveNext()
:: [9] void System.Runtime.CompilerServices.AsyncTaskMethodBuilder.Start&lt;TStateMachine&gt;(TStateMachine&amp;)
:: [10] System.Threading.Tasks.Task GdUnit4.Core.Execution.ExecutionStage`1.ExecuteStage(GdUnit4.Core.Execution.ExecutionContext)
:: [11] void GdUnit4.Core.Execution.ExecutionStage`1+&lt;Execute&gt;d__30.MoveNext()
:: [12] void System.Runtime.CompilerServices.AsyncTaskMethodBuilder.Start&lt;TStateMachine&gt;(TStateMachine&amp;)
:: [13] System.Threading.Tasks.Task GdUnit4.Core.Execution.ExecutionStage`1.Execute(GdUnit4.Core.Execution.ExecutionContext)
:: [14] System.Threading.Tasks.Task GdUnit4.Core.Execution.TestCaseExecutionStage.&lt;&gt;n__0(GdUnit4.Core.Execution.ExecutionContext)
:: [15] void GdUnit4.Core.Execution.TestCaseExecutionStage+&lt;Execute&gt;d__1.MoveNext()
:: [16] void System.Runtime.CompilerServices.AsyncTaskMethodBuilder.Start&lt;TStateMachine&gt;(TStateMachine&amp;)
:: [17] System.Threading.Tasks.Task GdUnit4.Core.Execution.TestCaseExecutionStage.Execute(GdUnit4.Core.Execution.ExecutionContext)
:: [18] void GdUnit4.Core.Execution.TestSuiteExecutionStage+&lt;RunTestCase&gt;d__15.MoveNext()
:: [19] void System.Threading.ExecutionContext.RunInternal(System.Threading.ExecutionContext, System.Threading.ContextCallback, object)
:: [20] void System.Runtime.CompilerServices.AsyncTaskMethodBuilder`1+AsyncStateMachineBox`1.MoveNext(System.Threading.Thread)
:: [21] void System.Threading.Tasks.AwaitTaskContinuation.RunCallback(System.Threading.ContextCallback, object, System.Threading.Tasks.Task&amp;)
:: [22] void System.Threading.Tasks.Task.RunContinuations(object)
:: [23] void System.Runtime.CompilerServices.AsyncTaskMethodBuilder.SetResult()
:: [24] void GdUnit4.Core.Execution.BeforeTestExecutionStage+&lt;Execute&gt;d__1.MoveNext()
:: [25] void System.Threading.ExecutionContext.RunInternal(System.Threading.ExecutionContext, System.Threading.ContextCallback, object)
:: [26] void System.Runtime.CompilerServices.AsyncTaskMethodBuilder`1+AsyncStateMachineBox`1.MoveNext(System.Threading.Thread)
:: [27] void System.Threading.Tasks.AwaitTaskContinuation.RunCallback(System.Threading.ContextCallback, object, System.Threading.Tasks.Task&amp;)
:: [28] void System.Threading.Tasks.Task.RunContinuations(object)
:: [29] void System.Runtime.CompilerServices.AsyncTaskMethodBuilder.SetResult()
:: [30] void GdUnit4.Core.Execution.ExecutionStage`1+&lt;Execute&gt;d__30.MoveNext()
:: [31] void System.Threading.ExecutionContext.RunInternal(System.Threading.ExecutionContext, System.Threading.ContextCallback, object)
:: [32] void System.Runtime.CompilerServices.AsyncTaskMethodBuilder`1+AsyncStateMachineBox`1.MoveNext(System.Threading.Thread)
:: [33] void Godot.GodotSynchronizationContext.ExecutePendingContinuations() (/root/godot/modules/mono/glue/GodotSharp/GodotSharp/Core/GodotSynchronizationContext.cs:51)
:: [34] void Godot.GodotTaskScheduler.Activate() (/root/godot/modules/mono/glue/GodotSharp/GodotSharp/Core/GodotTaskScheduler.cs:76)
:: [35] void Godot.Bridge.ScriptManagerBridge.FrameCallback() (/root/godot/modules/mono/glue/GodotSharp/GodotSharp/Core/Bridge/ScriptManagerBridge.cs:84)
:: ERROR: Condition "!is_inside_tree()" is true. Returning: Rect2()
:: at: get_viewport_rect (scene/main/canvas_item.cpp:1131)
:: C# backtrace (most recent call first):
:: [0] Godot.Rect2 Godot.NativeCalls.godot_icall_0_95(nint, nint) (/root/godot/modules/mono/glue/GodotSharp/GodotSharp/Generated/NativeCalls.cs:847)
:: [1] Godot.Rect2 Godot.CanvasItem.GetViewportRect() (/root/godot/modules/mono/glue/GodotSharp/GodotSharp/Generated/GodotObjects/CanvasItem.cs:1178)
:: [2] void OmegaSpiral.Source.Ui.Menus.CreditsMenu._Process(double) (/home/adam/Dev/omega-spiral/chapter-zero/source/ui/menus/CreditsMenu.cs:122)
:: [3] void OmegaSpiral.Tests.Integration.Ui.CreditsMenuTests.CreditsMenu_StartsScrollingWhenShown() (/home/adam/Dev/omega-spiral/chapter-zero/tests/integration/ui/CreditsMenuTests.cs:137)
:: [4] void System.RuntimeMethodHandle.InvokeMethod(System.Runtime.CompilerServices.ObjectHandleOnStack, System.Void**, System.Runtime.CompilerServices.ObjectHandleOnStack, Interop+BOOL, System.Runtime.CompilerServices.ObjectHandleOnStack)
:: [5] void System.RuntimeMethodHandle.InvokeMethod(System.Runtime.CompilerServices.ObjectHandleOnStack, System.Void**, System.Runtime.CompilerServices.ObjectHandleOnStack, Interop+BOOL, System.Runtime.CompilerServices.ObjectHandleOnStack)
:: [6] object System.Reflection.MethodBaseInvoker.InterpretedInvoke_Method(object, System.IntPtr*)
:: [7] object System.Reflection.RuntimeMethodInfo.Invoke(object, System.Reflection.BindingFlags, System.Reflection.Binder, System.Object[], System.Globalization.CultureInfo)
:: [8] void GdUnit4.Core.Execution.ExecutionStage`1+&lt;ExecuteStage&gt;d__37.MoveNext()
:: [9] void System.Runtime.CompilerServices.AsyncTaskMethodBuilder.Start&lt;TStateMachine&gt;(TStateMachine&amp;)
:: [10] System.Threading.Tasks.Task GdUnit4.Core.Execution.ExecutionStage`1.ExecuteStage(GdUnit4.Core.Execution.ExecutionContext)
:: [11] void GdUnit4.Core.Execution.ExecutionStage`1+&lt;Execute&gt;d__30.MoveNext()
:: [12] void System.Runtime.CompilerServices.AsyncTaskMethodBuilder.Start&lt;TStateMachine&gt;(TStateMachine&amp;)
:: [13] System.Threading.Tasks.Task GdUnit4.Core.Execution.ExecutionStage`1.Execute(GdUnit4.Core.Execution.ExecutionContext)
:: [14] System.Threading.Tasks.Task GdUnit4.Core.Execution.TestCaseExecutionStage.&lt;&gt;n__0(GdUnit4.Core.Execution.ExecutionContext)
:: [15] void GdUnit4.Core.Execution.TestCaseExecutionStage+&lt;Execute&gt;d__1.MoveNext()
:: [16] void System.Runtime.CompilerServices.AsyncTaskMethodBuilder.Start&lt;TStateMachine&gt;(TStateMachine&amp;)
:: [17] System.Threading.Tasks.Task GdUnit4.Core.Execution.TestCaseExecutionStage.Execute(GdUnit4.Core.Execution.ExecutionContext)
:: [18] void GdUnit4.Core.Execution.TestSuiteExecutionStage+&lt;RunTestCase&gt;d__15.MoveNext()
:: [19] void System.Threading.ExecutionContext.RunInternal(System.Threading.ExecutionContext, System.Threading.ContextCallback, object)
:: [20] void System.Runtime.CompilerServices.AsyncTaskMethodBuilder`1+AsyncStateMachineBox`1.MoveNext(System.Threading.Thread)
:: [21] void System.Threading.Tasks.AwaitTaskContinuation.RunCallback(System.Threading.ContextCallback, object, System.Threading.Tasks.Task&amp;)
:: [22] void System.Threading.Tasks.Task.RunContinuations(object)
:: [23] void System.Runtime.CompilerServices.AsyncTaskMethodBuilder.SetResult()
:: [24] void GdUnit4.Core.Execution.BeforeTestExecutionStage+&lt;Execute&gt;d__1.MoveNext()
:: [25] void System.Threading.ExecutionContext.RunInternal(System.Threading.ExecutionContext, System.Threading.ContextCallback, object)
:: [26] void System.Runtime.CompilerServices.AsyncTaskMethodBuilder`1+AsyncStateMachineBox`1.MoveNext(System.Threading.Thread)
:: [27] void System.Threading.Tasks.AwaitTaskContinuation.RunCallback(System.Threading.ContextCallback, object, System.Threading.Tasks.Task&amp;)
:: [28] void System.Threading.Tasks.Task.RunContinuations(object)
:: [29] void System.Runtime.CompilerServices.AsyncTaskMethodBuilder.SetResult()
:: [30] void GdUnit4.Core.Execution.ExecutionStage`1+&lt;Execute&gt;d__30.MoveNext()
:: [31] void System.Threading.ExecutionContext.RunInternal(System.Threading.ExecutionContext, System.Threading.ContextCallback, object)
:: [32] void System.Runtime.CompilerServices.AsyncTaskMethodBuilder`1+AsyncStateMachineBox`1.MoveNext(System.Threading.Thread)
:: [33] void Godot.GodotSynchronizationContext.ExecutePendingContinuations() (/root/godot/modules/mono/glue/GodotSharp/GodotSharp/Core/GodotSynchronizationContext.cs:51)
:: [34] void Godot.GodotTaskScheduler.Activate() (/root/godot/modules/mono/glue/GodotSharp/GodotSharp/Core/GodotTaskScheduler.cs:76)
:: [35] void Godot.Bridge.ScriptManagerBridge.FrameCallback() (/root/godot/modules/mono/glue/GodotSharp/GodotSharp/Core/Bridge/ScriptManagerBridge.cs:84)
:: ERROR: Condition "!is_inside_tree()" is true.
:: at: grab_focus (scene/gui/control.cpp:2350)
:: C# backtrace (most recent call first):
:: [0] void Godot.NativeCalls.godot_icall_0_26(nint, nint) (/root/godot/modules/mono/glue/GodotSharp/GodotSharp/Generated/NativeCalls.cs:228)
:: [1] void Godot.Control.GrabFocus() (/root/godot/modules/mono/glue/GodotSharp/GodotSharp/Generated/GodotObjects/Control.cs:3189)
:: [2] void OmegaSpiral.Source.Ui.Menus.MenuUi.FocusFirstButton() (/home/adam/Dev/omega-spiral/chapter-zero/source/ui/menus/MenuBase.cs:332)
:: [3] void OmegaSpiral.Source.Stages.Stage0Start.MainMenu.AddMainMenuActions() (/home/adam/Dev/omega-spiral/chapter-zero/source/ui/menus/MainMenu.cs:107)
:: [4] void OmegaSpiral.Source.Stages.Stage0Start.MainMenu.PopulateMenuButtons() (/home/adam/Dev/omega-spiral/chapter-zero/source/ui/menus/MainMenu.cs:59)
:: [5] void OmegaSpiral.Source.Ui.Menus.MenuUi._Ready() (/home/adam/Dev/omega-spiral/chapter-zero/source/ui/menus/MenuBase.cs:79)
:: [6] void OmegaSpiral.Source.Stages.Stage0Start.MainMenu._Ready() (/home/adam/Dev/omega-spiral/chapter-zero/source/ui/menus/MainMenu.cs:46)
:: [7] void OmegaSpiral.Tests.Integration.Ui.Menus.MainMenuTests.Setup() (/home/adam/Dev/omega-spiral/chapter-zero/tests/integration/ui/menus/MainMenuTests.cs:30)
:: [8] void System.RuntimeMethodHandle.InvokeMethod(System.Runtime.CompilerServices.ObjectHandleOnStack, System.Void**, System.Runtime.CompilerServices.ObjectHandleOnStack, Interop+BOOL, System.Runtime.CompilerServices.ObjectHandleOnStack)
:: [9] void System.RuntimeMethodHandle.InvokeMethod(System.Runtime.CompilerServices.ObjectHandleOnStack, System.Void**, System.Runtime.CompilerServices.ObjectHandleOnStack, Interop+BOOL, System.Runtime.CompilerServices.ObjectHandleOnStack)
:: [10] object System.Reflection.MethodBaseInvoker.InterpretedInvoke_Method(object, System.IntPtr*)
:: [11] object System.Reflection.RuntimeMethodInfo.Invoke(object, System.Reflection.BindingFlags, System.Reflection.Binder, System.Object[], System.Globalization.CultureInfo)
:: [12] void GdUnit4.Core.Execution.ExecutionStage`1+&lt;ExecuteStage&gt;d__37.MoveNext()
:: [13] void System.Runtime.CompilerServices.AsyncTaskMethodBuilder.Start&lt;TStateMachine&gt;(TStateMachine&amp;)
:: [14] System.Threading.Tasks.Task GdUnit4.Core.Execution.ExecutionStage`1.ExecuteStage(GdUnit4.Core.Execution.ExecutionContext)
:: [15] void GdUnit4.Core.Execution.ExecutionStage`1+&lt;Execute&gt;d__30.MoveNext()
:: [16] void System.Runtime.CompilerServices.AsyncTaskMethodBuilder.Start&lt;TStateMachine&gt;(TStateMachine&amp;)
:: [17] System.Threading.Tasks.Task GdUnit4.Core.Execution.ExecutionStage`1.Execute(GdUnit4.Core.Execution.ExecutionContext)
:: [18] System.Threading.Tasks.Task GdUnit4.Core.Execution.BeforeExecutionStage.&lt;&gt;n__0(GdUnit4.Core.Execution.ExecutionContext)
:: [19] void GdUnit4.Core.Execution.BeforeExecutionStage+&lt;Execute&gt;d__1.MoveNext()
:: [20] void System.Runtime.CompilerServices.AsyncTaskMethodBuilder.Start&lt;TStateMachine&gt;(TStateMachine&amp;)
:: [21] System.Threading.Tasks.Task GdUnit4.Core.Execution.BeforeExecutionStage.Execute(GdUnit4.Core.Execution.ExecutionContext)
:: [22] void GdUnit4.Core.Execution.TestSuiteExecutionStage+&lt;Execute&gt;d__13.MoveNext()
:: [23] void System.Runtime.CompilerServices.AsyncTaskMethodBuilder.Start&lt;TStateMachine&gt;(TStateMachine&amp;)
:: [24] System.Threading.Tasks.Task GdUnit4.Core.Execution.TestSuiteExecutionStage.Execute(GdUnit4.Core.Execution.ExecutionContext)
:: [25] void GdUnit4.Core.Commands.ExecuteTestSuiteCommand+&lt;Execute&gt;d__18.MoveNext()
:: [26] void System.Runtime.CompilerServices.AsyncTaskMethodBuilder`1+AsyncStateMachineBox`1.ExecutionContextCallback(object)
:: [27] void System.Threading.ExecutionContext.RunInternal(System.Threading.ExecutionContext, System.Threading.ContextCallback, object)
:: [28] void System.Runtime.CompilerServices.AsyncTaskMethodBuilder`1+AsyncStateMachineBox`1.MoveNext(System.Threading.Thread)
:: [29] void Godot.SignalAwaiter.SignalCallback(nint, Godot.NativeInterop.godot_variant**, int, Godot.NativeInterop.godot_bool*) (/root/godot/modules/mono/glue/GodotSharp/GodotSharp/Core/SignalAwaiter.cs:65)
:: ERROR: Can't use get_node() with absolute paths from outside the active scene tree.
:: at: get_node_or_null (scene/main/node.cpp:1892)
:: C# backtrace (most recent call first):
:: [0] Godot.GodotObject Godot.NativeCalls.godot_icall_1_1044(nint, nint, Godot.NativeInterop.godot_node_path) (/root/godot/modules/mono/glue/GodotSharp/GodotSharp/Generated/NativeCalls.cs:9605)
:: [1] Godot.Node Godot.Node.GetNodeOrNull(Godot.NodePath) (/root/godot/modules/mono/glue/GodotSharp/GodotSharp/Generated/GodotObjects/Node.cs:945)
:: [2] T Godot.Node.GetNodeOrNull&lt;T&gt;(Godot.NodePath) (/root/godot/modules/mono/glue/GodotSharp/GodotSharp/Core/Extensions/NodeExtensions.cs:82)
:: [3] void OmegaSpiral.Source.Stages.Stage0Start.MainMenu._Ready() (/home/adam/Dev/omega-spiral/chapter-zero/source/ui/menus/MainMenu.cs:48)
:: [4] void OmegaSpiral.Tests.Integration.Ui.Menus.MainMenuTests.Setup() (/home/adam/Dev/omega-spiral/chapter-zero/tests/integration/ui/menus/MainMenuTests.cs:30)
:: [5] void System.RuntimeMethodHandle.InvokeMethod(System.Runtime.CompilerServices.ObjectHandleOnStack, System.Void**, System.Runtime.CompilerServices.ObjectHandleOnStack, Interop+BOOL, System.Runtime.CompilerServices.ObjectHandleOnStack)
:: [6] void System.RuntimeMethodHandle.InvokeMethod(System.Runtime.CompilerServices.ObjectHandleOnStack, System.Void**, System.Runtime.CompilerServices.ObjectHandleOnStack, Interop+BOOL, System.Runtime.CompilerServices.ObjectHandleOnStack)
:: [7] object System.Reflection.MethodBaseInvoker.InterpretedInvoke_Method(object, System.IntPtr*)
:: [8] object System.Reflection.RuntimeMethodInfo.Invoke(object, System.Reflection.BindingFlags, System.Reflection.Binder, System.Object[], System.Globalization.CultureInfo)
:: [9] void GdUnit4.Core.Execution.ExecutionStage`1+&lt;ExecuteStage&gt;d__37.MoveNext()
:: [10] void System.Runtime.CompilerServices.AsyncTaskMethodBuilder.Start&lt;TStateMachine&gt;(TStateMachine&amp;)
:: [11] System.Threading.Tasks.Task GdUnit4.Core.Execution.ExecutionStage`1.ExecuteStage(GdUnit4.Core.Execution.ExecutionContext)
:: [12] void GdUnit4.Core.Execution.ExecutionStage`1+&lt;Execute&gt;d__30.MoveNext()
:: [13] void System.Runtime.CompilerServices.AsyncTaskMethodBuilder.Start&lt;TStateMachine&gt;(TStateMachine&amp;)
:: [14] System.Threading.Tasks.Task GdUnit4.Core.Execution.ExecutionStage`1.Execute(GdUnit4.Core.Execution.ExecutionContext)
:: [15] System.Threading.Tasks.Task GdUnit4.Core.Execution.BeforeExecutionStage.&lt;&gt;n__0(GdUnit4.Core.Execution.ExecutionContext)
:: [16] void GdUnit4.Core.Execution.BeforeExecutionStage+&lt;Execute&gt;d__1.MoveNext()
:: [17] void System.Runtime.CompilerServices.AsyncTaskMethodBuilder.Start&lt;TStateMachine&gt;(TStateMachine&amp;)
:: [18] System.Threading.Tasks.Task GdUnit4.Core.Execution.BeforeExecutionStage.Execute(GdUnit4.Core.Execution.ExecutionContext)
:: [19] void GdUnit4.Core.Execution.TestSuiteExecutionStage+&lt;Execute&gt;d__13.MoveNext()
:: [20] void System.Runtime.CompilerServices.AsyncTaskMethodBuilder.Start&lt;TStateMachine&gt;(TStateMachine&amp;)
:: [21] System.Threading.Tasks.Task GdUnit4.Core.Execution.TestSuiteExecutionStage.Execute(GdUnit4.Core.Execution.ExecutionContext)
:: [22] void GdUnit4.Core.Commands.ExecuteTestSuiteCommand+&lt;Execute&gt;d__18.MoveNext()
:: [23] void System.Runtime.CompilerServices.AsyncTaskMethodBuilder`1+AsyncStateMachineBox`1.ExecutionContextCallback(object)
:: [24] void System.Threading.ExecutionContext.RunInternal(System.Threading.ExecutionContext, System.Threading.ContextCallback, object)
:: [25] void System.Runtime.CompilerServices.AsyncTaskMethodBuilder`1+AsyncStateMachineBox`1.MoveNext(System.Threading.Thread)
:: [26] void Godot.SignalAwaiter.SignalCallback(nint, Godot.NativeInterop.godot_variant**, int, Godot.NativeInterop.godot_bool*) (/root/godot/modules/mono/glue/GodotSharp/GodotSharp/Core/SignalAwaiter.cs:65)
:: ERROR: Condition "!is_inside_tree()" is true.
:: at: grab_focus (scene/gui/control.cpp:2350)
:: C# backtrace (most recent call first):
:: [0] void Godot.NativeCalls.godot_icall_0_26(nint, nint) (/root/godot/modules/mono/glue/GodotSharp/GodotSharp/Generated/NativeCalls.cs:228)
:: [1] void Godot.Control.GrabFocus() (/root/godot/modules/mono/glue/GodotSharp/GodotSharp/Generated/GodotObjects/Control.cs:3189)
:: [2] void OmegaSpiral.Tests.Integration.Ui.MenuUiTests.GetFocusedButton_ReturnsCorrectButton() (/home/adam/Dev/omega-spiral/chapter-zero/tests/integration/ui/MenuUiTests.cs:213)
:: [3] void System.RuntimeMethodHandle.InvokeMethod(System.Runtime.CompilerServices.ObjectHandleOnStack, System.Void**, System.Runtime.CompilerServices.ObjectHandleOnStack, Interop+BOOL, System.Runtime.CompilerServices.ObjectHandleOnStack)
:: [4] void System.RuntimeMethodHandle.InvokeMethod(System.Runtime.CompilerServices.ObjectHandleOnStack, System.Void**, System.Runtime.CompilerServices.ObjectHandleOnStack, Interop+BOOL, System.Runtime.CompilerServices.ObjectHandleOnStack)
:: [5] object System.Reflection.MethodBaseInvoker.InterpretedInvoke_Method(object, System.IntPtr*)
:: [6] object System.Reflection.RuntimeMethodInfo.Invoke(object, System.Reflection.BindingFlags, System.Reflection.Binder, System.Object[], System.Globalization.CultureInfo)
:: [7] void GdUnit4.Core.Execution.ExecutionStage`1+&lt;ExecuteStage&gt;d__37.MoveNext()
:: [8] void System.Runtime.CompilerServices.AsyncTaskMethodBuilder.Start&lt;TStateMachine&gt;(TStateMachine&amp;)
:: [9] System.Threading.Tasks.Task GdUnit4.Core.Execution.ExecutionStage`1.ExecuteStage(GdUnit4.Core.Execution.ExecutionContext)
:: [10] void GdUnit4.Core.Execution.ExecutionStage`1+&lt;Execute&gt;d__30.MoveNext()
:: [11] void System.Runtime.CompilerServices.AsyncTaskMethodBuilder.Start&lt;TStateMachine&gt;(TStateMachine&amp;)
:: [12] System.Threading.Tasks.Task GdUnit4.Core.Execution.ExecutionStage`1.Execute(GdUnit4.Core.Execution.ExecutionContext)
:: [13] System.Threading.Tasks.Task GdUnit4.Core.Execution.TestCaseExecutionStage.&lt;&gt;n__0(GdUnit4.Core.Execution.ExecutionContext)
:: [14] void GdUnit4.Core.Execution.TestCaseExecutionStage+&lt;Execute&gt;d__1.MoveNext()
:: [15] void System.Runtime.CompilerServices.AsyncTaskMethodBuilder.Start&lt;TStateMachine&gt;(TStateMachine&amp;)
:: [16] System.Threading.Tasks.Task GdUnit4.Core.Execution.TestCaseExecutionStage.Execute(GdUnit4.Core.Execution.ExecutionContext)
:: [17] void GdUnit4.Core.Execution.TestSuiteExecutionStage+&lt;RunTestCase&gt;d__15.MoveNext()
:: [18] void System.Threading.ExecutionContext.RunInternal(System.Threading.ExecutionContext, System.Threading.ContextCallback, object)
:: [19] void System.Runtime.CompilerServices.AsyncTaskMethodBuilder`1+AsyncStateMachineBox`1.MoveNext(System.Threading.Thread)
:: [20] void System.Threading.Tasks.AwaitTaskContinuation.RunCallback(System.Threading.ContextCallback, object, System.Threading.Tasks.Task&amp;)
:: [21] void System.Threading.Tasks.Task.RunContinuations(object)
:: [22] void System.Runtime.CompilerServices.AsyncTaskMethodBuilder.SetResult()
:: [23] void GdUnit4.Core.Execution.BeforeTestExecutionStage+&lt;Execute&gt;d__1.MoveNext()
:: [24] void System.Threading.ExecutionContext.RunInternal(System.Threading.ExecutionContext, System.Threading.ContextCallback, object)
:: [25] void System.Runtime.CompilerServices.AsyncTaskMethodBuilder`1+AsyncStateMachineBox`1.MoveNext(System.Threading.Thread)
:: [26] void System.Threading.Tasks.AwaitTaskContinuation.RunCallback(System.Threading.ContextCallback, object, System.Threading.Tasks.Task&amp;)
:: [27] void System.Threading.Tasks.Task.RunContinuations(object)
:: [28] void System.Runtime.CompilerServices.AsyncTaskMethodBuilder.SetResult()
:: [29] void GdUnit4.Core.Execution.ExecutionStage`1+&lt;Execute&gt;d__30.MoveNext()
:: [30] void System.Threading.ExecutionContext.RunInternal(System.Threading.ExecutionContext, System.Threading.ContextCallback, object)
:: [31] void System.Runtime.CompilerServices.AsyncTaskMethodBuilder`1+AsyncStateMachineBox`1.MoveNext(System.Threading.Thread)
:: [32] void Godot.GodotSynchronizationContext.ExecutePendingContinuations() (/root/godot/modules/mono/glue/GodotSharp/GodotSharp/Core/GodotSynchronizationContext.cs:51)
:: [33] void Godot.GodotTaskScheduler.Activate() (/root/godot/modules/mono/glue/GodotSharp/GodotSharp/Core/GodotTaskScheduler.cs:76)
:: [34] void Godot.Bridge.ScriptManagerBridge.FrameCallback() (/root/godot/modules/mono/glue/GodotSharp/GodotSharp/Core/Bridge/ScriptManagerBridge.cs:84)
:: ERROR: Condition "!int_resources.has(id)" is true. Returning: ERR_INVALID_PARAMETER
:: at: _parse_sub_resource (scene/resources/resource_format_text.cpp:113)
:: C# backtrace (most recent call first):
:: [0] Godot.GodotObject Godot.NativeCalls.godot_icall_3_761(nint, nint, string, string, int) (/root/godot/modules/mono/glue/GodotSharp/GodotSharp/Generated/NativeCalls.cs:6854)
:: [1] Godot.Resource Godot.ResourceLoader.Load(string, string, Godot.ResourceLoader+CacheMode) (/root/godot/modules/mono/glue/GodotSharp/GodotSharp/Generated/GodotObjects/ResourceLoader.cs:120)
:: [2] Godot.Node GdUnit4.Core.SceneRunner.LoadScene(string)
:: [3] GdUnit4.Core.SceneRunner..ctor(string, bool, bool)
:: [4] GdUnit4.ISceneRunner GdUnit4.ISceneRunner.Load(string, bool, bool)
:: [5] void OmegaSpiral.Tests.Integration.Ui.OmegaUiTests.Setup() (/home/adam/Dev/omega-spiral/chapter-zero/tests/integration/ui/OmegaUiTests.cs:27)
:: [6] void System.RuntimeMethodHandle.InvokeMethod(System.Runtime.CompilerServices.ObjectHandleOnStack, System.Void**, System.Runtime.CompilerServices.ObjectHandleOnStack, Interop+BOOL, System.Runtime.CompilerServices.ObjectHandleOnStack)
:: [7] void System.RuntimeMethodHandle.InvokeMethod(System.Runtime.CompilerServices.ObjectHandleOnStack, System.Void**, System.Runtime.CompilerServices.ObjectHandleOnStack, Interop+BOOL, System.Runtime.CompilerServices.ObjectHandleOnStack)
:: [8] object System.Reflection.MethodBaseInvoker.InterpretedInvoke_Method(object, System.IntPtr*)
:: [9] object System.Reflection.RuntimeMethodInfo.Invoke(object, System.Reflection.BindingFlags, System.Reflection.Binder, System.Object[], System.Globalization.CultureInfo)
:: [10] void GdUnit4.Core.Execution.ExecutionStage`1+&lt;ExecuteStage&gt;d__37.MoveNext()
:: [11] void System.Runtime.CompilerServices.AsyncTaskMethodBuilder.Start&lt;TStateMachine&gt;(TStateMachine&amp;)
:: [12] System.Threading.Tasks.Task GdUnit4.Core.Execution.ExecutionStage`1.ExecuteStage(GdUnit4.Core.Execution.ExecutionContext)
:: [13] void GdUnit4.Core.Execution.ExecutionStage`1+&lt;Execute&gt;d__30.MoveNext()
:: [14] void System.Runtime.CompilerServices.AsyncTaskMethodBuilder.Start&lt;TStateMachine&gt;(TStateMachine&amp;)
:: [15] System.Threading.Tasks.Task GdUnit4.Core.Execution.ExecutionStage`1.Execute(GdUnit4.Core.Execution.ExecutionContext)
:: [16] System.Threading.Tasks.Task GdUnit4.Core.Execution.BeforeExecutionStage.&lt;&gt;n__0(GdUnit4.Core.Execution.ExecutionContext)
:: [17] void GdUnit4.Core.Execution.BeforeExecutionStage+&lt;Execute&gt;d__1.MoveNext()
:: [18] void System.Runtime.CompilerServices.AsyncTaskMethodBuilder.Start&lt;TStateMachine&gt;(TStateMachine&amp;)
:: [19] System.Threading.Tasks.Task GdUnit4.Core.Execution.BeforeExecutionStage.Execute(GdUnit4.Core.Execution.ExecutionContext)
:: [20] void GdUnit4.Core.Execution.TestSuiteExecutionStage+&lt;Execute&gt;d__13.MoveNext()
:: [21] void System.Runtime.CompilerServices.AsyncTaskMethodBuilder.Start&lt;TStateMachine&gt;(TStateMachine&amp;)
:: [22] System.Threading.Tasks.Task GdUnit4.Core.Execution.TestSuiteExecutionStage.Execute(GdUnit4.Core.Execution.ExecutionContext)
:: [23] void GdUnit4.Core.Commands.ExecuteTestSuiteCommand+&lt;Execute&gt;d__18.MoveNext()
:: [24] void System.Runtime.CompilerServices.AsyncTaskMethodBuilder`1+AsyncStateMachineBox`1.ExecutionContextCallback(object)
:: [25] void System.Threading.ExecutionContext.RunInternal(System.Threading.ExecutionContext, System.Threading.ContextCallback, object)
:: [26] void System.Runtime.CompilerServices.AsyncTaskMethodBuilder`1+AsyncStateMachineBox`1.MoveNext(System.Threading.Thread)
:: [27] void Godot.SignalAwaiter.SignalCallback(nint, Godot.NativeInterop.godot_variant**, int, Godot.NativeInterop.godot_bool*) (/root/godot/modules/mono/glue/GodotSharp/GodotSharp/Core/SignalAwaiter.cs:65)
:: ERROR: res://source/ui/omega/omega_ui.theme.tres:20 - Parse Error: .
:: at: _printerr (scene/resources/resource_format_text.cpp:40)
:: C# backtrace (most recent call first):
:: [0] Godot.GodotObject Godot.NativeCalls.godot_icall_3_761(nint, nint, string, string, int) (/root/godot/modules/mono/glue/GodotSharp/GodotSharp/Generated/NativeCalls.cs:6854)
:: [1] Godot.Resource Godot.ResourceLoader.Load(string, string, Godot.ResourceLoader+CacheMode) (/root/godot/modules/mono/glue/GodotSharp/GodotSharp/Generated/GodotObjects/ResourceLoader.cs:120)
:: [2] Godot.Node GdUnit4.Core.SceneRunner.LoadScene(string)
:: [3] GdUnit4.Core.SceneRunner..ctor(string, bool, bool)
:: [4] GdUnit4.ISceneRunner GdUnit4.ISceneRunner.Load(string, bool, bool)
:: [5] void OmegaSpiral.Tests.Integration.Ui.OmegaUiTests.Setup() (/home/adam/Dev/omega-spiral/chapter-zero/tests/integration/ui/OmegaUiTests.cs:27)
:: [6] void System.RuntimeMethodHandle.InvokeMethod(System.Runtime.CompilerServices.ObjectHandleOnStack, System.Void**, System.Runtime.CompilerServices.ObjectHandleOnStack, Interop+BOOL, System.Runtime.CompilerServices.ObjectHandleOnStack)
:: [7] void System.RuntimeMethodHandle.InvokeMethod(System.Runtime.CompilerServices.ObjectHandleOnStack, System.Void**, System.Runtime.CompilerServices.ObjectHandleOnStack, Interop+BOOL, System.Runtime.CompilerServices.ObjectHandleOnStack)
:: [8] object System.Reflection.MethodBaseInvoker.InterpretedInvoke_Method(object, System.IntPtr*)
:: [9] object System.Reflection.RuntimeMethodInfo.Invoke(object, System.Reflection.BindingFlags, System.Reflection.Binder, System.Object[], System.Globalization.CultureInfo)
:: [10] void GdUnit4.Core.Execution.ExecutionStage`1+&lt;ExecuteStage&gt;d__37.MoveNext()
:: [11] void System.Runtime.CompilerServices.AsyncTaskMethodBuilder.Start&lt;TStateMachine&gt;(TStateMachine&amp;)
:: [12] System.Threading.Tasks.Task GdUnit4.Core.Execution.ExecutionStage`1.ExecuteStage(GdUnit4.Core.Execution.ExecutionContext)
:: [13] void GdUnit4.Core.Execution.ExecutionStage`1+&lt;Execute&gt;d__30.MoveNext()
:: [14] void System.Runtime.CompilerServices.AsyncTaskMethodBuilder.Start&lt;TStateMachine&gt;(TStateMachine&amp;)
:: [15] System.Threading.Tasks.Task GdUnit4.Core.Execution.ExecutionStage`1.Execute(GdUnit4.Core.Execution.ExecutionContext)
:: [16] System.Threading.Tasks.Task GdUnit4.Core.Execution.BeforeExecutionStage.&lt;&gt;n__0(GdUnit4.Core.Execution.ExecutionContext)
:: [17] void GdUnit4.Core.Execution.BeforeExecutionStage+&lt;Execute&gt;d__1.MoveNext()
:: [18] void System.Runtime.CompilerServices.AsyncTaskMethodBuilder.Start&lt;TStateMachine&gt;(TStateMachine&amp;)
:: [19] System.Threading.Tasks.Task GdUnit4.Core.Execution.BeforeExecutionStage.Execute(GdUnit4.Core.Execution.ExecutionContext)
:: [20] void GdUnit4.Core.Execution.TestSuiteExecutionStage+&lt;Execute&gt;d__13.MoveNext()
:: [21] void System.Runtime.CompilerServices.AsyncTaskMethodBuilder.Start&lt;TStateMachine&gt;(TStateMachine&amp;)
:: [22] System.Threading.Tasks.Task GdUnit4.Core.Execution.TestSuiteExecutionStage.Execute(GdUnit4.Core.Execution.ExecutionContext)
:: [23] void GdUnit4.Core.Commands.ExecuteTestSuiteCommand+&lt;Execute&gt;d__18.MoveNext()
:: [24] void System.Runtime.CompilerServices.AsyncTaskMethodBuilder`1+AsyncStateMachineBox`1.ExecutionContextCallback(object)
:: [25] void System.Threading.ExecutionContext.RunInternal(System.Threading.ExecutionContext, System.Threading.ContextCallback, object)
:: [26] void System.Runtime.CompilerServices.AsyncTaskMethodBuilder`1+AsyncStateMachineBox`1.MoveNext(System.Threading.Thread)
:: [27] void Godot.SignalAwaiter.SignalCallback(nint, Godot.NativeInterop.godot_variant**, int, Godot.NativeInterop.godot_bool*) (/root/godot/modules/mono/glue/GodotSharp/GodotSharp/Core/SignalAwaiter.cs:65)
:: ERROR: Failed loading resource: res://source/ui/omega/omega_ui.theme.tres.
:: at: _load (core/io/resource_loader.cpp:343)
:: C# backtrace (most recent call first):
:: [0] Godot.GodotObject Godot.NativeCalls.godot_icall_3_761(nint, nint, string, string, int) (/root/godot/modules/mono/glue/GodotSharp/GodotSharp/Generated/NativeCalls.cs:6854)
:: [1] Godot.Resource Godot.ResourceLoader.Load(string, string, Godot.ResourceLoader+CacheMode) (/root/godot/modules/mono/glue/GodotSharp/GodotSharp/Generated/GodotObjects/ResourceLoader.cs:120)
:: [2] Godot.Node GdUnit4.Core.SceneRunner.LoadScene(string)
:: [3] GdUnit4.Core.SceneRunner..ctor(string, bool, bool)
:: [4] GdUnit4.ISceneRunner GdUnit4.ISceneRunner.Load(string, bool, bool)
:: [5] void OmegaSpiral.Tests.Integration.Ui.OmegaUiTests.Setup() (/home/adam/Dev/omega-spiral/chapter-zero/tests/integration/ui/OmegaUiTests.cs:27)
:: [6] void System.RuntimeMethodHandle.InvokeMethod(System.Runtime.CompilerServices.ObjectHandleOnStack, System.Void**, System.Runtime.CompilerServices.ObjectHandleOnStack, Interop+BOOL, System.Runtime.CompilerServices.ObjectHandleOnStack)
:: [7] void System.RuntimeMethodHandle.InvokeMethod(System.Runtime.CompilerServices.ObjectHandleOnStack, System.Void**, System.Runtime.CompilerServices.ObjectHandleOnStack, Interop+BOOL, System.Runtime.CompilerServices.ObjectHandleOnStack)
:: [8] object System.Reflection.MethodBaseInvoker.InterpretedInvoke_Method(object, System.IntPtr*)
:: [9] object System.Reflection.RuntimeMethodInfo.Invoke(object, System.Reflection.BindingFlags, System.Reflection.Binder, System.Object[], System.Globalization.CultureInfo)
:: [10] void GdUnit4.Core.Execution.ExecutionStage`1+&lt;ExecuteStage&gt;d__37.MoveNext()
:: [11] void System.Runtime.CompilerServices.AsyncTaskMethodBuilder.Start&lt;TStateMachine&gt;(TStateMachine&amp;)
:: [12] System.Threading.Tasks.Task GdUnit4.Core.Execution.ExecutionStage`1.ExecuteStage(GdUnit4.Core.Execution.ExecutionContext)
:: [13] void GdUnit4.Core.Execution.ExecutionStage`1+&lt;Execute&gt;d__30.MoveNext()
:: [14] void System.Runtime.CompilerServices.AsyncTaskMethodBuilder.Start&lt;TStateMachine&gt;(TStateMachine&amp;)
:: [15] System.Threading.Tasks.Task GdUnit4.Core.Execution.ExecutionStage`1.Execute(GdUnit4.Core.Execution.ExecutionContext)
:: [16] System.Threading.Tasks.Task GdUnit4.Core.Execution.BeforeExecutionStage.&lt;&gt;n__0(GdUnit4.Core.Execution.ExecutionContext)
:: [17] void GdUnit4.Core.Execution.BeforeExecutionStage+&lt;Execute&gt;d__1.MoveNext()
:: [18] void System.Runtime.CompilerServices.AsyncTaskMethodBuilder.Start&lt;TStateMachine&gt;(TStateMachine&amp;)
:: [19] System.Threading.Tasks.Task GdUnit4.Core.Execution.BeforeExecutionStage.Execute(GdUnit4.Core.Execution.ExecutionContext)
:: [20] void GdUnit4.Core.Execution.TestSuiteExecutionStage+&lt;Execute&gt;d__13.MoveNext()
:: [21] void System.Runtime.CompilerServices.AsyncTaskMethodBuilder.Start&lt;TStateMachine&gt;(TStateMachine&amp;)
:: [22] System.Threading.Tasks.Task GdUnit4.Core.Execution.TestSuiteExecutionStage.Execute(GdUnit4.Core.Execution.ExecutionContext)
:: [23] void GdUnit4.Core.Commands.ExecuteTestSuiteCommand+&lt;Execute&gt;d__18.MoveNext()
:: [24] void System.Runtime.CompilerServices.AsyncTaskMethodBuilder`1+AsyncStateMachineBox`1.ExecutionContextCallback(object)
:: [25] void System.Threading.ExecutionContext.RunInternal(System.Threading.ExecutionContext, System.Threading.ContextCallback, object)
:: [26] void System.Runtime.CompilerServices.AsyncTaskMethodBuilder`1+AsyncStateMachineBox`1.MoveNext(System.Threading.Thread)
:: [27] void Godot.SignalAwaiter.SignalCallback(nint, Godot.NativeInterop.godot_variant**, int, Godot.NativeInterop.godot_bool*) (/root/godot/modules/mono/glue/GodotSharp/GodotSharp/Core/SignalAwaiter.cs:65)
:: ERROR: res://source/ui/omega/omega_ui.tscn:17 - Parse Error: [ext_resource] referenced non-existent resource at: res://source/ui/omega/omega_ui.theme.tres.
:: at: _printerr (scene/resources/resource_format_text.cpp:40)
:: C# backtrace (most recent call first):
:: [0] Godot.GodotObject Godot.NativeCalls.godot_icall_3_761(nint, nint, string, string, int) (/root/godot/modules/mono/glue/GodotSharp/GodotSharp/Generated/NativeCalls.cs:6854)
:: [1] Godot.Resource Godot.ResourceLoader.Load(string, string, Godot.ResourceLoader+CacheMode) (/root/godot/modules/mono/glue/GodotSharp/GodotSharp/Generated/GodotObjects/ResourceLoader.cs:120)
:: [2] Godot.Node GdUnit4.Core.SceneRunner.LoadScene(string)
:: [3] GdUnit4.Core.SceneRunner..ctor(string, bool, bool)
:: [4] GdUnit4.ISceneRunner GdUnit4.ISceneRunner.Load(string, bool, bool)
:: [5] void OmegaSpiral.Tests.Integration.Ui.OmegaUiTests.Setup() (/home/adam/Dev/omega-spiral/chapter-zero/tests/integration/ui/OmegaUiTests.cs:27)
:: [6] void System.RuntimeMethodHandle.InvokeMethod(System.Runtime.CompilerServices.ObjectHandleOnStack, System.Void**, System.Runtime.CompilerServices.ObjectHandleOnStack, Interop+BOOL, System.Runtime.CompilerServices.ObjectHandleOnStack)
:: [7] void System.RuntimeMethodHandle.InvokeMethod(System.Runtime.CompilerServices.ObjectHandleOnStack, System.Void**, System.Runtime.CompilerServices.ObjectHandleOnStack, Interop+BOOL, System.Runtime.CompilerServices.ObjectHandleOnStack)
:: [8] object System.Reflection.MethodBaseInvoker.InterpretedInvoke_Method(object, System.IntPtr*)
:: [9] object System.Reflection.RuntimeMethodInfo.Invoke(object, System.Reflection.BindingFlags, System.Reflection.Binder, System.Object[], System.Globalization.CultureInfo)
:: [10] void GdUnit4.Core.Execution.ExecutionStage`1+&lt;ExecuteStage&gt;d__37.MoveNext()
:: [11] void System.Runtime.CompilerServices.AsyncTaskMethodBuilder.Start&lt;TStateMachine&gt;(TStateMachine&amp;)
:: [12] System.Threading.Tasks.Task GdUnit4.Core.Execution.ExecutionStage`1.ExecuteStage(GdUnit4.Core.Execution.ExecutionContext)
:: [13] void GdUnit4.Core.Execution.ExecutionStage`1+&lt;Execute&gt;d__30.MoveNext()
:: [14] void System.Runtime.CompilerServices.AsyncTaskMethodBuilder.Start&lt;TStateMachine&gt;(TStateMachine&amp;)
:: [15] System.Threading.Tasks.Task GdUnit4.Core.Execution.ExecutionStage`1.Execute(GdUnit4.Core.Execution.ExecutionContext)
:: [16] System.Threading.Tasks.Task GdUnit4.Core.Execution.BeforeExecutionStage.&lt;&gt;n__0(GdUnit4.Core.Execution.ExecutionContext)
:: [17] void GdUnit4.Core.Execution.BeforeExecutionStage+&lt;Execute&gt;d__1.MoveNext()
:: [18] void System.Runtime.CompilerServices.AsyncTaskMethodBuilder.Start&lt;TStateMachine&gt;(TStateMachine&amp;)
:: [19] System.Threading.Tasks.Task GdUnit4.Core.Execution.BeforeExecutionStage.Execute(GdUnit4.Core.Execution.ExecutionContext)
:: [20] void GdUnit4.Core.Execution.TestSuiteExecutionStage+&lt;Execute&gt;d__13.MoveNext()
:: [21] void System.Runtime.CompilerServices.AsyncTaskMethodBuilder.Start&lt;TStateMachine&gt;(TStateMachine&amp;)
:: [22] System.Threading.Tasks.Task GdUnit4.Core.Execution.TestSuiteExecutionStage.Execute(GdUnit4.Core.Execution.ExecutionContext)
:: [23] void GdUnit4.Core.Commands.ExecuteTestSuiteCommand+&lt;Execute&gt;d__18.MoveNext()
:: [24] void System.Runtime.CompilerServices.AsyncTaskMethodBuilder`1+AsyncStateMachineBox`1.ExecutionContextCallback(object)
:: [25] void System.Threading.ExecutionContext.RunInternal(System.Threading.ExecutionContext, System.Threading.ContextCallback, object)
:: [26] void System.Runtime.CompilerServices.AsyncTaskMethodBuilder`1+AsyncStateMachineBox`1.MoveNext(System.Threading.Thread)
:: [27] void Godot.SignalAwaiter.SignalCallback(nint, Godot.NativeInterop.godot_variant**, int, Godot.NativeInterop.godot_bool*) (/root/godot/modules/mono/glue/GodotSharp/GodotSharp/Core/SignalAwaiter.cs:65)
:: ERROR: Parameter "data.tree" is null.
:: at: get_tree (scene/main/node.h:546)
:: C# backtrace (most recent call first):
:: [0] Godot.GodotObject Godot.NativeCalls.godot_icall_0_41(nint, nint) (/root/godot/modules/mono/glue/GodotSharp/GodotSharp/Generated/NativeCalls.cs:375)
:: [1] Godot.SceneTree Godot.Node.GetTree() (/root/godot/modules/mono/glue/GodotSharp/GodotSharp/Generated/GodotObjects/Node.cs:1840)
:: [2] void OmegaSpiral.Source.Ui.Menus.PauseMenu.HidePauseMenu() (/home/adam/Dev/omega-spiral/chapter-zero/source/ui/menus/PauseMenu.cs:93)
:: [3] void OmegaSpiral.Tests.Integration.Ui.PauseMenuTests.PauseMenu_CanShowAndHide() (/home/adam/Dev/omega-spiral/chapter-zero/tests/integration/ui/PauseMenuTests.cs:98)
:: [4] void System.RuntimeMethodHandle.InvokeMethod(System.Runtime.CompilerServices.ObjectHandleOnStack, System.Void**, System.Runtime.CompilerServices.ObjectHandleOnStack, Interop+BOOL, System.Runtime.CompilerServices.ObjectHandleOnStack)
:: [5] void System.RuntimeMethodHandle.InvokeMethod(System.Runtime.CompilerServices.ObjectHandleOnStack, System.Void**, System.Runtime.CompilerServices.ObjectHandleOnStack, Interop+BOOL, System.Runtime.CompilerServices.ObjectHandleOnStack)
:: [6] object System.Reflection.MethodBaseInvoker.InterpretedInvoke_Method(object, System.IntPtr*)
:: [7] object System.Reflection.RuntimeMethodInfo.Invoke(object, System.Reflection.BindingFlags, System.Reflection.Binder, System.Object[], System.Globalization.CultureInfo)
:: [8] void GdUnit4.Core.Execution.ExecutionStage`1+&lt;ExecuteStage&gt;d__37.MoveNext()
:: [9] void System.Runtime.CompilerServices.AsyncTaskMethodBuilder.Start&lt;TStateMachine&gt;(TStateMachine&amp;)
:: [10] System.Threading.Tasks.Task GdUnit4.Core.Execution.ExecutionStage`1.ExecuteStage(GdUnit4.Core.Execution.ExecutionContext)
:: [11] void GdUnit4.Core.Execution.ExecutionStage`1+&lt;Execute&gt;d__30.MoveNext()
:: [12] void System.Runtime.CompilerServices.AsyncTaskMethodBuilder.Start&lt;TStateMachine&gt;(TStateMachine&amp;)
:: [13] System.Threading.Tasks.Task GdUnit4.Core.Execution.ExecutionStage`1.Execute(GdUnit4.Core.Execution.ExecutionContext)
:: [14] System.Threading.Tasks.Task GdUnit4.Core.Execution.TestCaseExecutionStage.&lt;&gt;n__0(GdUnit4.Core.Execution.ExecutionContext)
:: [15] void GdUnit4.Core.Execution.TestCaseExecutionStage+&lt;Execute&gt;d__1.MoveNext()
:: [16] void System.Runtime.CompilerServices.AsyncTaskMethodBuilder.Start&lt;TStateMachine&gt;(TStateMachine&amp;)
:: [17] System.Threading.Tasks.Task GdUnit4.Core.Execution.TestCaseExecutionStage.Execute(GdUnit4.Core.Execution.ExecutionContext)
:: [18] void GdUnit4.Core.Execution.TestSuiteExecutionStage+&lt;RunTestCase&gt;d__15.MoveNext()
:: [19] void System.Threading.ExecutionContext.RunInternal(System.Threading.ExecutionContext, System.Threading.ContextCallback, object)
:: [20] void System.Runtime.CompilerServices.AsyncTaskMethodBuilder`1+AsyncStateMachineBox`1.MoveNext(System.Threading.Thread)
:: [21] void System.Threading.Tasks.AwaitTaskContinuation.RunCallback(System.Threading.ContextCallback, object, System.Threading.Tasks.Task&amp;)
:: [22] void System.Threading.Tasks.Task.RunContinuations(object)
:: [23] void System.Runtime.CompilerServices.AsyncTaskMethodBuilder.SetResult()
:: [24] void GdUnit4.Core.Execution.BeforeTestExecutionStage+&lt;Execute&gt;d__1.MoveNext()
:: [25] void System.Threading.ExecutionContext.RunInternal(System.Threading.ExecutionContext, System.Threading.ContextCallback, object)
:: [26] void System.Runtime.CompilerServices.AsyncTaskMethodBuilder`1+AsyncStateMachineBox`1.MoveNext(System.Threading.Thread)
:: [27] void System.Threading.Tasks.AwaitTaskContinuation.RunCallback(System.Threading.ContextCallback, object, System.Threading.Tasks.Task&amp;)
:: [28] void System.Threading.Tasks.Task.RunContinuations(object)
:: [29] void System.Runtime.CompilerServices.AsyncTaskMethodBuilder.SetResult()
:: [30] void GdUnit4.Core.Execution.ExecutionStage`1+&lt;Execute&gt;d__30.MoveNext()
:: [31] void System.Threading.ExecutionContext.RunInternal(System.Threading.ExecutionContext, System.Threading.ContextCallback, object)
:: [32] void System.Runtime.CompilerServices.AsyncTaskMethodBuilder`1+AsyncStateMachineBox`1.MoveNext(System.Threading.Thread)
:: [33] void Godot.GodotSynchronizationContext.ExecutePendingContinuations() (/root/godot/modules/mono/glue/GodotSharp/GodotSharp/Core/GodotSynchronizationContext.cs:51)
:: [34] void Godot.GodotTaskScheduler.Activate() (/root/godot/modules/mono/glue/GodotSharp/GodotSharp/Core/GodotTaskScheduler.cs:76)
:: [35] void Godot.Bridge.ScriptManagerBridge.FrameCallback() (/root/godot/modules/mono/glue/GodotSharp/GodotSharp/Core/Bridge/ScriptManagerBridge.cs:84)
:: [OmegaUi] Ui initialization failed: Required node 'ChoiceContainer' not found in TerminalUi scene.
:: ERROR: Can't use get_node() with absolute paths from outside the active scene tree.
:: at: get_node_or_null (scene/main/node.cpp:1892)
:: C# backtrace (most recent call first):
:: [0] Godot.GodotObject Godot.NativeCalls.godot_icall_1_1044(nint, nint, Godot.NativeInterop.godot_node_path) (/root/godot/modules/mono/glue/GodotSharp/GodotSharp/Generated/NativeCalls.cs:9605)
:: [1] Godot.Node Godot.Node.GetNodeOrNull(Godot.NodePath) (/root/godot/modules/mono/glue/GodotSharp/GodotSharp/Generated/GodotObjects/Node.cs:945)
:: [2] T Godot.Node.GetNodeOrNull&lt;T&gt;(Godot.NodePath) (/root/godot/modules/mono/glue/GodotSharp/GodotSharp/Core/Extensions/NodeExtensions.cs:82)
:: [3] void OmegaSpiral.Source.Ui.Terminal.TerminalUi._Ready() (/home/adam/Dev/omega-spiral/chapter-zero/source/ui/terminal/TerminalUi.cs:70)
:: [4] void OmegaSpiral.Tests.Integration.Ui.TerminalUITests.Setup() (/home/adam/Dev/omega-spiral/chapter-zero/tests/integration/ui/TerminalUiTests.cs:28)
:: [5] void System.RuntimeMethodHandle.InvokeMethod(System.Runtime.CompilerServices.ObjectHandleOnStack, System.Void**, System.Runtime.CompilerServices.ObjectHandleOnStack, Interop+BOOL, System.Runtime.CompilerServices.ObjectHandleOnStack)
:: [6] void System.RuntimeMethodHandle.InvokeMethod(System.Runtime.CompilerServices.ObjectHandleOnStack, System.Void**, System.Runtime.CompilerServices.ObjectHandleOnStack, Interop+BOOL, System.Runtime.CompilerServices.ObjectHandleOnStack)
:: [7] object System.Reflection.MethodBaseInvoker.InterpretedInvoke_Method(object, System.IntPtr*)
:: [8] object System.Reflection.RuntimeMethodInfo.Invoke(object, System.Reflection.BindingFlags, System.Reflection.Binder, System.Object[], System.Globalization.CultureInfo)
:: [9] void GdUnit4.Core.Execution.ExecutionStage`1+&lt;ExecuteStage&gt;d__37.MoveNext()
:: [10] void System.Runtime.CompilerServices.AsyncTaskMethodBuilder.Start&lt;TStateMachine&gt;(TStateMachine&amp;)
:: [11] System.Threading.Tasks.Task GdUnit4.Core.Execution.ExecutionStage`1.ExecuteStage(GdUnit4.Core.Execution.ExecutionContext)
:: [12] void GdUnit4.Core.Execution.ExecutionStage`1+&lt;Execute&gt;d__30.MoveNext()
:: [13] void System.Runtime.CompilerServices.AsyncTaskMethodBuilder.Start&lt;TStateMachine&gt;(TStateMachine&amp;)
:: [14] System.Threading.Tasks.Task GdUnit4.Core.Execution.ExecutionStage`1.Execute(GdUnit4.Core.Execution.ExecutionContext)
:: [15] System.Threading.Tasks.Task GdUnit4.Core.Execution.BeforeExecutionStage.&lt;&gt;n__0(GdUnit4.Core.Execution.ExecutionContext)
:: [16] void GdUnit4.Core.Execution.BeforeExecutionStage+&lt;Execute&gt;d__1.MoveNext()
:: [17] void System.Runtime.CompilerServices.AsyncTaskMethodBuilder.Start&lt;TStateMachine&gt;(TStateMachine&amp;)
:: [18] System.Threading.Tasks.Task GdUnit4.Core.Execution.BeforeExecutionStage.Execute(GdUnit4.Core.Execution.ExecutionContext)
:: [19] void GdUnit4.Core.Execution.TestSuiteExecutionStage+&lt;Execute&gt;d__13.MoveNext()
:: [20] void System.Runtime.CompilerServices.AsyncTaskMethodBuilder.Start&lt;TStateMachine&gt;(TStateMachine&amp;)
:: [21] System.Threading.Tasks.Task GdUnit4.Core.Execution.TestSuiteExecutionStage.Execute(GdUnit4.Core.Execution.ExecutionContext)
:: [22] void GdUnit4.Core.Commands.ExecuteTestSuiteCommand+&lt;Execute&gt;d__18.MoveNext()
:: [23] void System.Runtime.CompilerServices.AsyncTaskMethodBuilder`1+AsyncStateMachineBox`1.ExecutionContextCallback(object)
:: [24] void System.Threading.ExecutionContext.RunInternal(System.Threading.ExecutionContext, System.Threading.ContextCallback, object)
:: [25] void System.Runtime.CompilerServices.AsyncTaskMethodBuilder`1+AsyncStateMachineBox`1.MoveNext(System.Threading.Thread)
:: [26] void Godot.SignalAwaiter.SignalCallback(nint, Godot.NativeInterop.godot_variant**, int, Godot.NativeInterop.godot_bool*) (/root/godot/modules/mono/glue/GodotSharp/GodotSharp/Core/SignalAwaiter.cs:65)
:: ERROR: Can't use get_node() with absolute paths from outside the active scene tree.
:: at: get_node_or_null (scene/main/node.cpp:1892)
:: C# backtrace (most recent call first):
:: [0] Godot.GodotObject Godot.NativeCalls.godot_icall_1_1044(nint, nint, Godot.NativeInterop.godot_node_path) (/root/godot/modules/mono/glue/GodotSharp/GodotSharp/Generated/NativeCalls.cs:9605)
:: [1] Godot.Node Godot.Node.GetNodeOrNull(Godot.NodePath) (/root/godot/modules/mono/glue/GodotSharp/GodotSharp/Generated/GodotObjects/Node.cs:945)
:: [2] T Godot.Node.GetNodeOrNull&lt;T&gt;(Godot.NodePath) (/root/godot/modules/mono/glue/GodotSharp/GodotSharp/Core/Extensions/NodeExtensions.cs:82)
:: [3] void OmegaSpiral.Source.Ui.Terminal.TerminalUi._Ready() (/home/adam/Dev/omega-spiral/chapter-zero/source/ui/terminal/TerminalUi.cs:71)
:: [4] void OmegaSpiral.Tests.Integration.Ui.TerminalUITests.Setup() (/home/adam/Dev/omega-spiral/chapter-zero/tests/integration/ui/TerminalUiTests.cs:28)
:: [5] void System.RuntimeMethodHandle.InvokeMethod(System.Runtime.CompilerServices.ObjectHandleOnStack, System.Void**, System.Runtime.CompilerServices.ObjectHandleOnStack, Interop+BOOL, System.Runtime.CompilerServices.ObjectHandleOnStack)
:: [6] void System.RuntimeMethodHandle.InvokeMethod(System.Runtime.CompilerServices.ObjectHandleOnStack, System.Void**, System.Runtime.CompilerServices.ObjectHandleOnStack, Interop+BOOL, System.Runtime.CompilerServices.ObjectHandleOnStack)
:: [7] object System.Reflection.MethodBaseInvoker.InterpretedInvoke_Method(object, System.IntPtr*)
:: [8] object System.Reflection.RuntimeMethodInfo.Invoke(object, System.Reflection.BindingFlags, System.Reflection.Binder, System.Object[], System.Globalization.CultureInfo)
:: [9] void GdUnit4.Core.Execution.ExecutionStage`1+&lt;ExecuteStage&gt;d__37.MoveNext()
:: [10] void System.Runtime.CompilerServices.AsyncTaskMethodBuilder.Start&lt;TStateMachine&gt;(TStateMachine&amp;)
:: [11] System.Threading.Tasks.Task GdUnit4.Core.Execution.ExecutionStage`1.ExecuteStage(GdUnit4.Core.Execution.ExecutionContext)
:: [12] void GdUnit4.Core.Execution.ExecutionStage`1+&lt;Execute&gt;d__30.MoveNext()
:: [13] void System.Runtime.CompilerServices.AsyncTaskMethodBuilder.Start&lt;TStateMachine&gt;(TStateMachine&amp;)
:: [14] System.Threading.Tasks.Task GdUnit4.Core.Execution.ExecutionStage`1.Execute(GdUnit4.Core.Execution.ExecutionContext)
:: [15] System.Threading.Tasks.Task GdUnit4.Core.Execution.BeforeExecutionStage.&lt;&gt;n__0(GdUnit4.Core.Execution.ExecutionContext)
:: [16] void GdUnit4.Core.Execution.BeforeExecutionStage+&lt;Execute&gt;d__1.MoveNext()
:: [17] void System.Runtime.CompilerServices.AsyncTaskMethodBuilder.Start&lt;TStateMachine&gt;(TStateMachine&amp;)
:: [18] System.Threading.Tasks.Task GdUnit4.Core.Execution.BeforeExecutionStage.Execute(GdUnit4.Core.Execution.ExecutionContext)
:: [19] void GdUnit4.Core.Execution.TestSuiteExecutionStage+&lt;Execute&gt;d__13.MoveNext()
:: [20] void System.Runtime.CompilerServices.AsyncTaskMethodBuilder.Start&lt;TStateMachine&gt;(TStateMachine&amp;)
:: [21] System.Threading.Tasks.Task GdUnit4.Core.Execution.TestSuiteExecutionStage.Execute(GdUnit4.Core.Execution.ExecutionContext)
:: [22] void GdUnit4.Core.Commands.ExecuteTestSuiteCommand+&lt;Execute&gt;d__18.MoveNext()
:: [23] void System.Runtime.CompilerServices.AsyncTaskMethodBuilder`1+AsyncStateMachineBox`1.ExecutionContextCallback(object)
:: [24] void System.Threading.ExecutionContext.RunInternal(System.Threading.ExecutionContext, System.Threading.ContextCallback, object)
:: [25] void System.Runtime.CompilerServices.AsyncTaskMethodBuilder`1+AsyncStateMachineBox`1.MoveNext(System.Threading.Thread)
:: [26] void Godot.SignalAwaiter.SignalCallback(nint, Godot.NativeInterop.godot_variant**, int, Godot.NativeInterop.godot_bool*) (/root/godot/modules/mono/glue/GodotSharp/GodotSharp/Core/SignalAwaiter.cs:65)
:: WARNING: [TerminalUi] SceneManager autoload not found.
:: at: void OmegaSpiral.Source.Ui.Terminal.TerminalUi._Ready() (res://source/ui/terminal/TerminalUi.cs:73)
:: C# backtrace (most recent call first):
:: [0] void Godot.GD.PushWarning(string) (/root/godot/modules/mono/glue/GodotSharp/GodotSharp/Core/GD.cs:396)
:: [1] void OmegaSpiral.Source.Ui.Terminal.TerminalUi._Ready() (/home/adam/Dev/omega-spiral/chapter-zero/source/ui/terminal/TerminalUi.cs:73)
:: [2] void OmegaSpiral.Tests.Integration.Ui.TerminalUITests.Setup() (/home/adam/Dev/omega-spiral/chapter-zero/tests/integration/ui/TerminalUiTests.cs:28)
:: [3] void System.RuntimeMethodHandle.InvokeMethod(System.Runtime.CompilerServices.ObjectHandleOnStack, System.Void**, System.Runtime.CompilerServices.ObjectHandleOnStack, Interop+BOOL, System.Runtime.CompilerServices.ObjectHandleOnStack)
:: [4] void System.RuntimeMethodHandle.InvokeMethod(System.Runtime.CompilerServices.ObjectHandleOnStack, System.Void**, System.Runtime.CompilerServices.ObjectHandleOnStack, Interop+BOOL, System.Runtime.CompilerServices.ObjectHandleOnStack)
:: [5] object System.Reflection.MethodBaseInvoker.InterpretedInvoke_Method(object, System.IntPtr*)
:: [6] object System.Reflection.RuntimeMethodInfo.Invoke(object, System.Reflection.BindingFlags, System.Reflection.Binder, System.Object[], System.Globalization.CultureInfo)
:: [7] void GdUnit4.Core.Execution.ExecutionStage`1+&lt;ExecuteStage&gt;d__37.MoveNext()
:: [8] void System.Runtime.CompilerServices.AsyncTaskMethodBuilder.Start&lt;TStateMachine&gt;(TStateMachine&amp;)
:: [9] System.Threading.Tasks.Task GdUnit4.Core.Execution.ExecutionStage`1.ExecuteStage(GdUnit4.Core.Execution.ExecutionContext)
:: [10] void GdUnit4.Core.Execution.ExecutionStage`1+&lt;Execute&gt;d__30.MoveNext()
:: [11] void System.Runtime.CompilerServices.AsyncTaskMethodBuilder.Start&lt;TStateMachine&gt;(TStateMachine&amp;)
:: [12] System.Threading.Tasks.Task GdUnit4.Core.Execution.ExecutionStage`1.Execute(GdUnit4.Core.Execution.ExecutionContext)
:: [13] System.Threading.Tasks.Task GdUnit4.Core.Execution.BeforeExecutionStage.&lt;&gt;n__0(GdUnit4.Core.Execution.ExecutionContext)
:: [14] void GdUnit4.Core.Execution.BeforeExecutionStage+&lt;Execute&gt;d__1.MoveNext()
:: [15] void System.Runtime.CompilerServices.AsyncTaskMethodBuilder.Start&lt;TStateMachine&gt;(TStateMachine&amp;)
:: [16] System.Threading.Tasks.Task GdUnit4.Core.Execution.BeforeExecutionStage.Execute(GdUnit4.Core.Execution.ExecutionContext)
:: [17] void GdUnit4.Core.Execution.TestSuiteExecutionStage+&lt;Execute&gt;d__13.MoveNext()
:: [18] void System.Runtime.CompilerServices.AsyncTaskMethodBuilder.Start&lt;TStateMachine&gt;(TStateMachine&amp;)
:: [19] System.Threading.Tasks.Task GdUnit4.Core.Execution.TestSuiteExecutionStage.Execute(GdUnit4.Core.Execution.ExecutionContext)
:: [20] void GdUnit4.Core.Commands.ExecuteTestSuiteCommand+&lt;Execute&gt;d__18.MoveNext()
:: [21] void System.Runtime.CompilerServices.AsyncTaskMethodBuilder`1+AsyncStateMachineBox`1.ExecutionContextCallback(object)
:: [22] void System.Threading.ExecutionContext.RunInternal(System.Threading.ExecutionContext, System.Threading.ContextCallback, object)
:: [23] void System.Runtime.CompilerServices.AsyncTaskMethodBuilder`1+AsyncStateMachineBox`1.MoveNext(System.Threading.Thread)
:: [24] void Godot.SignalAwaiter.SignalCallback(nint, Godot.NativeInterop.godot_variant**, int, Godot.NativeInterop.godot_bool*) (/root/godot/modules/mono/glue/GodotSharp/GodotSharp/Core/SignalAwaiter.cs:65)
:: WARNING: [TerminalUi] GameState autoload not found.
:: at: void OmegaSpiral.Source.Ui.Terminal.TerminalUi._Ready() (res://source/ui/terminal/TerminalUi.cs:74)
:: C# backtrace (most recent call first):
:: [0] void Godot.GD.PushWarning(string) (/root/godot/modules/mono/glue/GodotSharp/GodotSharp/Core/GD.cs:396)
:: [1] void OmegaSpiral.Source.Ui.Terminal.TerminalUi._Ready() (/home/adam/Dev/omega-spiral/chapter-zero/source/ui/terminal/TerminalUi.cs:74)
:: [2] void OmegaSpiral.Tests.Integration.Ui.TerminalUITests.Setup() (/home/adam/Dev/omega-spiral/chapter-zero/tests/integration/ui/TerminalUiTests.cs:28)
:: [3] void System.RuntimeMethodHandle.InvokeMethod(System.Runtime.CompilerServices.ObjectHandleOnStack, System.Void**, System.Runtime.CompilerServices.ObjectHandleOnStack, Interop+BOOL, System.Runtime.CompilerServices.ObjectHandleOnStack)
:: [4] void System.RuntimeMethodHandle.InvokeMethod(System.Runtime.CompilerServices.ObjectHandleOnStack, System.Void**, System.Runtime.CompilerServices.ObjectHandleOnStack, Interop+BOOL, System.Runtime.CompilerServices.ObjectHandleOnStack)
:: [5] object System.Reflection.MethodBaseInvoker.InterpretedInvoke_Method(object, System.IntPtr*)
:: [6] object System.Reflection.RuntimeMethodInfo.Invoke(object, System.Reflection.BindingFlags, System.Reflection.Binder, System.Object[], System.Globalization.CultureInfo)
:: [7] void GdUnit4.Core.Execution.ExecutionStage`1+&lt;ExecuteStage&gt;d__37.MoveNext()
:: [8] void System.Runtime.CompilerServices.AsyncTaskMethodBuilder.Start&lt;TStateMachine&gt;(TStateMachine&amp;)
:: [9] System.Threading.Tasks.Task GdUnit4.Core.Execution.ExecutionStage`1.ExecuteStage(GdUnit4.Core.Execution.ExecutionContext)
:: [10] void GdUnit4.Core.Execution.ExecutionStage`1+&lt;Execute&gt;d__30.MoveNext()
:: [11] void System.Runtime.CompilerServices.AsyncTaskMethodBuilder.Start&lt;TStateMachine&gt;(TStateMachine&amp;)
:: [12] System.Threading.Tasks.Task GdUnit4.Core.Execution.ExecutionStage`1.Execute(GdUnit4.Core.Execution.ExecutionContext)
:: [13] System.Threading.Tasks.Task GdUnit4.Core.Execution.BeforeExecutionStage.&lt;&gt;n__0(GdUnit4.Core.Execution.ExecutionContext)
:: [14] void GdUnit4.Core.Execution.BeforeExecutionStage+&lt;Execute&gt;d__1.MoveNext()
:: [15] void System.Runtime.CompilerServices.AsyncTaskMethodBuilder.Start&lt;TStateMachine&gt;(TStateMachine&amp;)
:: [16] System.Threading.Tasks.Task GdUnit4.Core.Execution.BeforeExecutionStage.Execute(GdUnit4.Core.Execution.ExecutionContext)
:: [17] void GdUnit4.Core.Execution.TestSuiteExecutionStage+&lt;Execute&gt;d__13.MoveNext()
:: [18] void System.Runtime.CompilerServices.AsyncTaskMethodBuilder.Start&lt;TStateMachine&gt;(TStateMachine&amp;)
:: [19] System.Threading.Tasks.Task GdUnit4.Core.Execution.TestSuiteExecutionStage.Execute(GdUnit4.Core.Execution.ExecutionContext)
:: [20] void GdUnit4.Core.Commands.ExecuteTestSuiteCommand+&lt;Execute&gt;d__18.MoveNext()
:: [21] void System.Runtime.CompilerServices.AsyncTaskMethodBuilder`1+AsyncStateMachineBox`1.ExecutionContextCallback(object)
:: [22] void System.Threading.ExecutionContext.RunInternal(System.Threading.ExecutionContext, System.Threading.ContextCallback, object)
:: [23] void System.Runtime.CompilerServices.AsyncTaskMethodBuilder`1+AsyncStateMachineBox`1.MoveNext(System.Threading.Thread)
:: [24] void Godot.SignalAwaiter.SignalCallback(nint, Godot.NativeInterop.godot_variant**, int, Godot.NativeInterop.godot_bool*) (/root/godot/modules/mono/glue/GodotSharp/GodotSharp/Core/SignalAwaiter.cs:65)
:: [TerminalUi] Failed to create ChoicePresenter: Value cannot be null. (Parameter 'choiceContainer')
:: [TerminalUi] Terminal-specific initialization failed: Failed to create ChoicePresenter. See inner exception.
:: [TerminalWindow] CRITICAL: Required nodes missing. Cannot initialize.
    Player name set to: TestPlayer
    Dreamweaver thread set to: hero
    Updated current scene to: 2
    Player name set to: NewPlayer
    Dreamweaver thread set to: shadow
    Updated current scene to: 3
    Validating transition to: res://source/ui/menus/main_menu.tscn
    &amp;#x1B;[96m[TerminalChoicePresenter.PresentChoicesAsync]&amp;#x1B;[39m Presenting 3 string choices&amp;#x1B;[0m
    &amp;#x1B;[38;5;208m[TerminalChoicePresenter.ClearChoiceButtons]&amp;#x1B;[39m Clearing 0 buttons from container&amp;#x1B;[0m
    &amp;#x1B;[92m  &amp;#x2713; All 0 buttons cleared&amp;#x1B;[39m&amp;#x1B;[0m
    &amp;#x1B;[93m  &amp;#x2192; Created button 0: &amp;#x27;Choice 1&amp;#x27;&amp;#x1B;[39m&amp;#x1B;[0m
    &amp;#x1B;[93m  &amp;#x2192; Created button 1: &amp;#x27;Choice 2&amp;#x27;&amp;#x1B;[39m&amp;#x1B;[0m
    &amp;#x1B;[93m  &amp;#x2192; Created button 2: &amp;#x27;Choice 3&amp;#x27;&amp;#x1B;[39m&amp;#x1B;[0m
    &amp;#x1B;[96m  Ready to wait for selection from 3 buttons&amp;#x1B;[39m&amp;#x1B;[0m
    &amp;#x1B;[95m[TerminalChoicePresenter.OnChoiceSelected]&amp;#x1B;[39m Choice 1 selected&amp;#x1B;[0m
    &amp;#x1B;[92m  &amp;#x2713; Selection processed, TrySetResult=True&amp;#x1B;[39m&amp;#x1B;[0m
    &amp;#x1B;[92m  Selection received: indices=1&amp;#x1B;[39m&amp;#x1B;[0m
    &amp;#x1B;[96m[TerminalChoicePresenter.PresentChoicesAsync]&amp;#x1B;[39m Presenting 3 string choices&amp;#x1B;[0m
    &amp;#x1B;[38;5;208m[TerminalChoicePresenter.ClearChoiceButtons]&amp;#x1B;[39m Clearing 3 buttons from container&amp;#x1B;[0m
    &amp;#x1B;[92m  &amp;#x2713; All 0 buttons cleared&amp;#x1B;[39m&amp;#x1B;[0m
    &amp;#x1B;[93m  &amp;#x2192; Created button 0: &amp;#x27;Choice 1&amp;#x27;&amp;#x1B;[39m&amp;#x1B;[0m
    &amp;#x1B;[93m  &amp;#x2192; Created button 1: &amp;#x27;Choice 2&amp;#x27;&amp;#x1B;[39m&amp;#x1B;[0m
    &amp;#x1B;[93m  &amp;#x2192; Created button 2: &amp;#x27;Choice 3&amp;#x27;&amp;#x1B;[39m&amp;#x1B;[0m
    &amp;#x1B;[96m  Ready to wait for selection from 3 buttons&amp;#x1B;[39m&amp;#x1B;[0m
    &amp;#x1B;[95m[TerminalChoicePresenter.OnChoiceSelected]&amp;#x1B;[39m Choice 1 selected&amp;#x1B;[0m
    &amp;#x1B;[92m  &amp;#x2713; Selection processed, TrySetResult=True&amp;#x1B;[39m&amp;#x1B;[0m
    &amp;#x1B;[92m  Selection received: indices=1&amp;#x1B;[39m&amp;#x1B;[0m
    &amp;#x1B;[96m[TerminalChoicePresenter.PresentChoicesAsync]&amp;#x1B;[39m Presenting 3 TerminalChoiceOption choices&amp;#x1B;[0m
    &amp;#x1B;[38;5;208m[TerminalChoicePresenter.ClearChoiceButtons]&amp;#x1B;[39m Clearing 3 buttons from container&amp;#x1B;[0m
    &amp;#x1B;[92m  &amp;#x2713; All 0 buttons cleared&amp;#x1B;[39m&amp;#x1B;[0m
    &amp;#x1B;[93m  &amp;#x2192; Created button 0: &amp;#x27;Option 1&amp;#x27;&amp;#x1B;[39m&amp;#x1B;[0m
    &amp;#x1B;[93m  &amp;#x2192; Created button 1: &amp;#x27;Option 2&amp;#x27;&amp;#x1B;[39m&amp;#x1B;[0m
    &amp;#x1B;[93m  &amp;#x2192; Created button 2: &amp;#x27;Option 3&amp;#x27;&amp;#x1B;[39m&amp;#x1B;[0m
    &amp;#x1B;[96m  Ready to wait for selection from 3 buttons&amp;#x1B;[39m&amp;#x1B;[0m
    &amp;#x1B;[95m[TerminalChoicePresenter.OnChoiceSelected]&amp;#x1B;[39m Choice 2 selected&amp;#x1B;[0m
    &amp;#x1B;[92m  &amp;#x2713; Selection processed, TrySetResult=True&amp;#x1B;[39m&amp;#x1B;[0m
    &amp;#x1B;[92m  Selection received: index=2&amp;#x1B;[39m&amp;#x1B;[0m
    &amp;#x1B;[96m[TerminalChoicePresenter.PresentChoicesAsync]&amp;#x1B;[39m Presenting 2 string choices&amp;#x1B;[0m
    &amp;#x1B;[38;5;208m[TerminalChoicePresenter.ClearChoiceButtons]&amp;#x1B;[39m Clearing 3 buttons from container&amp;#x1B;[0m
    &amp;#x1B;[92m  &amp;#x2713; All 0 buttons cleared&amp;#x1B;[39m&amp;#x1B;[0m
    &amp;#x1B;[93m  &amp;#x2192; Created button 0: &amp;#x27;Choice 1&amp;#x27;&amp;#x1B;[39m&amp;#x1B;[0m
    &amp;#x1B;[93m  &amp;#x2192; Created button 1: &amp;#x27;Choice 2&amp;#x27;&amp;#x1B;[39m&amp;#x1B;[0m
    &amp;#x1B;[96m  Ready to wait for selection from 2 buttons&amp;#x1B;[39m&amp;#x1B;[0m
    &amp;#x1B;[95m[TerminalChoicePresenter.OnChoiceSelected]&amp;#x1B;[39m Choice 0 selected&amp;#x1B;[0m
    &amp;#x1B;[92m  &amp;#x2713; Selection processed, TrySetResult=True&amp;#x1B;[39m&amp;#x1B;[0m
    &amp;#x1B;[92m  Selection received: indices=0&amp;#x1B;[39m&amp;#x1B;[0m
    &amp;#x1B;[38;5;208m[TerminalChoicePresenter.HideChoices]&amp;#x1B;[39m Clearing 2 buttons&amp;#x1B;[0m
    &amp;#x1B;[38;5;208m[TerminalChoicePresenter.ClearChoiceButtons]&amp;#x1B;[39m Clearing 2 buttons from container&amp;#x1B;[0m
    &amp;#x1B;[92m  &amp;#x2713; All 0 buttons cleared&amp;#x1B;[39m&amp;#x1B;[0m
    &amp;#x1B;[92m  &amp;#x2713; Choices hidden successfully&amp;#x1B;[39m&amp;#x1B;[0m
    &amp;#x1B;[94m[TerminalChoicePresenter.AreChoicesVisible]&amp;#x1B;[39m &amp;#x2192; False (0 buttons)&amp;#x1B;[0m
    &amp;#x1B;[94m[TerminalChoicePresenter.AreChoicesVisible]&amp;#x1B;[39m &amp;#x2192; False (0 buttons)&amp;#x1B;[0m
:: [TerminalChoicePresenter.PresentChoicesAsync] Exception: ArgumentException - Choices list cannot be empty (Parameter 'choices')
:: [TerminalChoicePresenter.PresentChoicesAsync] Exception: ArgumentNullException - Value cannot be null. (Parameter 'choices')
:: [TerminalChoicePresenter.PresentChoicesAsync] Exception: ArgumentNullException - Value cannot be null. (Parameter 'choiceOptions')
:: WARNING: [OmegaUi] Cannot append text - TextRenderer not initialized.
:: at: void OmegaSpiral.Source.Ui.Omega.OmegaUi+&lt;AppendTextAsync&gt;d__48.MoveNext() (res://source/ui/omega/OmegaUi.cs:293)
:: C# backtrace (most recent call first):
:: [0] void Godot.GD.PushWarning(string) (/root/godot/modules/mono/glue/GodotSharp/GodotSharp/Core/GD.cs:396)
:: [1] void OmegaSpiral.Source.Ui.Omega.OmegaUi+&lt;AppendTextAsync&gt;d__48.MoveNext() (/home/adam/Dev/omega-spiral/chapter-zero/source/ui/omega/OmegaUi.cs:293)
:: [2] void System.Runtime.CompilerServices.AsyncTaskMethodBuilder.Start&lt;TStateMachine&gt;(TStateMachine&amp;)
:: [3] System.Threading.Tasks.Task OmegaSpiral.Source.Ui.Omega.OmegaUi.AppendTextAsync(string, float, float)
:: [4] void OmegaSpiral.Tests.Unit.Ui.OmegaUi_UnitTests+&lt;AppendTextAsync_GracefulFailureWhenRendererNull&gt;d__1.MoveNext() (/home/adam/Dev/omega-spiral/chapter-zero/tests/unit/OmegaUI_UnitTests.cs:44)
:: [5] void System.Runtime.CompilerServices.AsyncTaskMethodBuilder.Start&lt;TStateMachine&gt;(TStateMachine&amp;)
:: [6] System.Threading.Tasks.Task OmegaSpiral.Tests.Unit.Ui.OmegaUi_UnitTests.AppendTextAsync_GracefulFailureWhenRendererNull()
:: [7] void System.RuntimeMethodHandle.InvokeMethod(System.Runtime.CompilerServices.ObjectHandleOnStack, System.Void**, System.Runtime.CompilerServices.ObjectHandleOnStack, Interop+BOOL, System.Runtime.CompilerServices.ObjectHandleOnStack)
:: [8] void System.RuntimeMethodHandle.InvokeMethod(System.Runtime.CompilerServices.ObjectHandleOnStack, System.Void**, System.Runtime.CompilerServices.ObjectHandleOnStack, Interop+BOOL, System.Runtime.CompilerServices.ObjectHandleOnStack)
:: [9] object System.Reflection.MethodBaseInvoker.InterpretedInvoke_Method(object, System.IntPtr*)
:: [10] object System.Reflection.RuntimeMethodInfo.Invoke(object, System.Reflection.BindingFlags, System.Reflection.Binder, System.Object[], System.Globalization.CultureInfo)
:: [11] void GdUnit4.Core.Execution.ExecutionStage`1+&lt;ExecuteStage&gt;d__37.MoveNext()
:: [12] void System.Runtime.CompilerServices.AsyncTaskMethodBuilder.Start&lt;TStateMachine&gt;(TStateMachine&amp;)
:: [13] System.Threading.Tasks.Task GdUnit4.Core.Execution.ExecutionStage`1.ExecuteStage(GdUnit4.Core.Execution.ExecutionContext)
:: [14] void GdUnit4.Core.Execution.ExecutionStage`1+&lt;Execute&gt;d__30.MoveNext()
:: [15] void System.Runtime.CompilerServices.AsyncTaskMethodBuilder.Start&lt;TStateMachine&gt;(TStateMachine&amp;)
:: [16] System.Threading.Tasks.Task GdUnit4.Core.Execution.ExecutionStage`1.Execute(GdUnit4.Core.Execution.ExecutionContext)
:: [17] System.Threading.Tasks.Task GdUnit4.Core.Execution.TestCaseExecutionStage.&lt;&gt;n__0(GdUnit4.Core.Execution.ExecutionContext)
:: [18] void GdUnit4.Core.Execution.TestCaseExecutionStage+&lt;Execute&gt;d__1.MoveNext()
:: [19] void System.Runtime.CompilerServices.AsyncTaskMethodBuilder.Start&lt;TStateMachine&gt;(TStateMachine&amp;)
:: [20] System.Threading.Tasks.Task GdUnit4.Core.Execution.TestCaseExecutionStage.Execute(GdUnit4.Core.Execution.ExecutionContext)
:: [21] void GdUnit4.Core.Execution.TestSuiteExecutionStage+&lt;RunTestCase&gt;d__15.MoveNext()
:: [22] void System.Threading.ExecutionContext.RunInternal(System.Threading.ExecutionContext, System.Threading.ContextCallback, object)
:: [23] void System.Runtime.CompilerServices.AsyncTaskMethodBuilder`1+AsyncStateMachineBox`1.MoveNext(System.Threading.Thread)
:: [24] void System.Threading.Tasks.AwaitTaskContinuation.RunCallback(System.Threading.ContextCallback, object, System.Threading.Tasks.Task&amp;)
:: [25] void System.Threading.Tasks.Task.RunContinuations(object)
:: [26] void System.Runtime.CompilerServices.AsyncTaskMethodBuilder.SetResult()
:: [27] void GdUnit4.Core.Execution.BeforeTestExecutionStage+&lt;Execute&gt;d__1.MoveNext()
:: [28] void System.Threading.ExecutionContext.RunInternal(System.Threading.ExecutionContext, System.Threading.ContextCallback, object)
:: [29] void System.Runtime.CompilerServices.AsyncTaskMethodBuilder`1+AsyncStateMachineBox`1.MoveNext(System.Threading.Thread)
:: [30] void System.Threading.Tasks.AwaitTaskContinuation.RunCallback(System.Threading.ContextCallback, object, System.Threading.Tasks.Task&amp;)
:: [31] void System.Threading.Tasks.Task.RunContinuations(object)
:: [32] void System.Runtime.CompilerServices.AsyncTaskMethodBuilder.SetResult()
:: [33] void GdUnit4.Core.Execution.ExecutionStage`1+&lt;Execute&gt;d__30.MoveNext()
:: [34] void System.Threading.ExecutionContext.RunInternal(System.Threading.ExecutionContext, System.Threading.ContextCallback, object)
:: [35] void System.Runtime.CompilerServices.AsyncTaskMethodBuilder`1+AsyncStateMachineBox`1.MoveNext(System.Threading.Thread)
:: [36] void Godot.GodotSynchronizationContext.ExecutePendingContinuations() (/root/godot/modules/mono/glue/GodotSharp/GodotSharp/Core/GodotSynchronizationContext.cs:51)
:: [37] void Godot.GodotTaskScheduler.Activate() (/root/godot/modules/mono/glue/GodotSharp/GodotSharp/Core/GodotTaskScheduler.cs:76)
:: [38] void Godot.Bridge.ScriptManagerBridge.FrameCallback() (/root/godot/modules/mono/glue/GodotSharp/GodotSharp/Core/Bridge/ScriptManagerBridge.cs:84)
:: WARNING: [OmegaUi] Cannot apply visual preset - ShaderController not initialized.
:: at: void OmegaSpiral.Source.Ui.Omega.OmegaUi+&lt;ApplyVisualPresetAsync&gt;d__50.MoveNext() (res://source/ui/omega/OmegaUi.cs:322)
:: C# backtrace (most recent call first):
:: [0] void Godot.GD.PushWarning(string) (/root/godot/modules/mono/glue/GodotSharp/GodotSharp/Core/GD.cs:396)
:: [1] void OmegaSpiral.Source.Ui.Omega.OmegaUi+&lt;ApplyVisualPresetAsync&gt;d__50.MoveNext() (/home/adam/Dev/omega-spiral/chapter-zero/source/ui/omega/OmegaUi.cs:322)
:: [2] void System.Runtime.CompilerServices.AsyncTaskMethodBuilder.Start&lt;TStateMachine&gt;(TStateMachine&amp;)
:: [3] System.Threading.Tasks.Task OmegaSpiral.Source.Ui.Omega.OmegaUi.ApplyVisualPresetAsync(string)
:: [4] void OmegaSpiral.Tests.Unit.Ui.OmegaUi_UnitTests+&lt;ApplyVisualPresetAsync_GracefulFailureWhenControllerNull&gt;d__3.MoveNext() (/home/adam/Dev/omega-spiral/chapter-zero/tests/unit/OmegaUI_UnitTests.cs:72)
:: [5] void System.Runtime.CompilerServices.AsyncTaskMethodBuilder.Start&lt;TStateMachine&gt;(TStateMachine&amp;)
:: [6] System.Threading.Tasks.Task OmegaSpiral.Tests.Unit.Ui.OmegaUi_UnitTests.ApplyVisualPresetAsync_GracefulFailureWhenControllerNull()
:: [7] void System.RuntimeMethodHandle.InvokeMethod(System.Runtime.CompilerServices.ObjectHandleOnStack, System.Void**, System.Runtime.CompilerServices.ObjectHandleOnStack, Interop+BOOL, System.Runtime.CompilerServices.ObjectHandleOnStack)
:: [8] void System.RuntimeMethodHandle.InvokeMethod(System.Runtime.CompilerServices.ObjectHandleOnStack, System.Void**, System.Runtime.CompilerServices.ObjectHandleOnStack, Interop+BOOL, System.Runtime.CompilerServices.ObjectHandleOnStack)
:: [9] object System.Reflection.MethodBaseInvoker.InterpretedInvoke_Method(object, System.IntPtr*)
:: [10] object System.Reflection.RuntimeMethodInfo.Invoke(object, System.Reflection.BindingFlags, System.Reflection.Binder, System.Object[], System.Globalization.CultureInfo)
:: [11] void GdUnit4.Core.Execution.ExecutionStage`1+&lt;ExecuteStage&gt;d__37.MoveNext()
:: [12] void System.Runtime.CompilerServices.AsyncTaskMethodBuilder.Start&lt;TStateMachine&gt;(TStateMachine&amp;)
:: [13] System.Threading.Tasks.Task GdUnit4.Core.Execution.ExecutionStage`1.ExecuteStage(GdUnit4.Core.Execution.ExecutionContext)
:: [14] void GdUnit4.Core.Execution.ExecutionStage`1+&lt;Execute&gt;d__30.MoveNext()
:: [15] void System.Runtime.CompilerServices.AsyncTaskMethodBuilder.Start&lt;TStateMachine&gt;(TStateMachine&amp;)
:: [16] System.Threading.Tasks.Task GdUnit4.Core.Execution.ExecutionStage`1.Execute(GdUnit4.Core.Execution.ExecutionContext)
:: [17] System.Threading.Tasks.Task GdUnit4.Core.Execution.TestCaseExecutionStage.&lt;&gt;n__0(GdUnit4.Core.Execution.ExecutionContext)
:: [18] void GdUnit4.Core.Execution.TestCaseExecutionStage+&lt;Execute&gt;d__1.MoveNext()
:: [19] void System.Runtime.CompilerServices.AsyncTaskMethodBuilder.Start&lt;TStateMachine&gt;(TStateMachine&amp;)
:: [20] System.Threading.Tasks.Task GdUnit4.Core.Execution.TestCaseExecutionStage.Execute(GdUnit4.Core.Execution.ExecutionContext)
:: [21] void GdUnit4.Core.Execution.TestSuiteExecutionStage+&lt;RunTestCase&gt;d__15.MoveNext()
:: [22] void System.Threading.ExecutionContext.RunInternal(System.Threading.ExecutionContext, System.Threading.ContextCallback, object)
:: [23] void System.Runtime.CompilerServices.AsyncTaskMethodBuilder`1+AsyncStateMachineBox`1.MoveNext(System.Threading.Thread)
:: [24] void System.Threading.Tasks.AwaitTaskContinuation.RunCallback(System.Threading.ContextCallback, object, System.Threading.Tasks.Task&amp;)
:: [25] void System.Threading.Tasks.Task.RunContinuations(object)
:: [26] void System.Runtime.CompilerServices.AsyncTaskMethodBuilder.SetResult()
:: [27] void GdUnit4.Core.Execution.BeforeTestExecutionStage+&lt;Execute&gt;d__1.MoveNext()
:: [28] void System.Threading.ExecutionContext.RunInternal(System.Threading.ExecutionContext, System.Threading.ContextCallback, object)
:: [29] void System.Runtime.CompilerServices.AsyncTaskMethodBuilder`1+AsyncStateMachineBox`1.MoveNext(System.Threading.Thread)
:: [30] void System.Threading.Tasks.AwaitTaskContinuation.RunCallback(System.Threading.ContextCallback, object, System.Threading.Tasks.Task&amp;)
:: [31] void System.Threading.Tasks.Task.RunContinuations(object)
:: [32] void System.Runtime.CompilerServices.AsyncTaskMethodBuilder.SetResult()
:: [33] void GdUnit4.Core.Execution.ExecutionStage`1+&lt;Execute&gt;d__30.MoveNext()
:: [34] void System.Threading.ExecutionContext.RunInternal(System.Threading.ExecutionContext, System.Threading.ContextCallback, object)
:: [35] void System.Runtime.CompilerServices.AsyncTaskMethodBuilder`1+AsyncStateMachineBox`1.MoveNext(System.Threading.Thread)
:: [36] void Godot.GodotSynchronizationContext.ExecutePendingContinuations() (/root/godot/modules/mono/glue/GodotSharp/GodotSharp/Core/GodotSynchronizationContext.cs:51)
:: [37] void Godot.GodotTaskScheduler.Activate() (/root/godot/modules/mono/glue/GodotSharp/GodotSharp/Core/GodotTaskScheduler.cs:76)
:: [38] void Godot.Bridge.ScriptManagerBridge.FrameCallback() (/root/godot/modules/mono/glue/GodotSharp/GodotSharp/Core/Bridge/ScriptManagerBridge.cs:84)
:: WARNING: 14 RIDs of type "CanvasItem" were leaked.
:: at: _free_rids (servers/rendering/renderer_canvas_cull.cpp:2692)
:: ERROR: 1 RID allocations of type 'PN13RendererDummy14TextureStorage12DummyTextureE' were leaked at exit.
:: ERROR: 4 RID allocations of type 'N13RendererDummy15MaterialStorage13DummyMaterialE' were leaked at exit.
:: ERROR: 4 RID allocations of type 'N13RendererDummy15MaterialStorage11DummyShaderE' were leaked at exit.
:: ERROR: 3 RID allocations of type 'PN18TextServerAdvanced22ShapedTextDataAdvancedE' were leaked at exit.
:: ERROR: 1 RID allocations of type 'PN18TextServerAdvanced12FontAdvancedE' were leaked at exit.
:: WARNING: ObjectDB instances leaked at exit (run with --verbose for details).
:: at: cleanup (core/object/object.cpp:2570)
:: ERROR: 34 resources still in use at exit (run with --verbose for details).
:: at: clear (core/io/resource.cpp:801)
GdUnit4 Godot Runtime Test Runner ends with exit code: 0

Completed tests for assembly: /home/adam/Dev/omega-spiral/chapter-zero/.godot/mono/temp/bin/Debug/chapter-zero.dll
Test execution stopped.
</StdOut>
    </Output>
    <RunInfos>
      <RunInfo computerName="omega" outcome="Error" timestamp="2025-10-25T12:57:07.1535792-04:00">
        <Text>Expecting do emitting signal:
    "AffinityScoreUpdated(&lt;Empty&gt;)"
 by
    &lt;OmegaSpiral.Source.Scripts.GameStateSignals&gt; (objId: 62075700982)</Text>
      </RunInfo>
      <RunInfo computerName="omega" outcome="Error" timestamp="2025-10-25T12:57:08.1976308-04:00">
        <Text>Expecting do emitting signal:
    "PlayerProgressionChanged(&lt;Empty&gt;)"
 by
    &lt;OmegaSpiral.Source.Scripts.GameStateSignals&gt; (objId: 62243473142)</Text>
      </RunInfo>
      <RunInfo computerName="omega" outcome="Error" timestamp="2025-10-25T12:57:09.2333836-04:00">
        <Text>Expecting do emitting signal:
    "InventoryUpdated(&lt;Empty&gt;)"
 by
    &lt;OmegaSpiral.Source.Scripts.GameStateSignals&gt; (objId: 62377690870)</Text>
      </RunInfo>
      <RunInfo computerName="omega" outcome="Error" timestamp="2025-10-25T12:57:10.2955567-04:00">
        <Text>Expecting do emitting signal:
    "CharacterPartyChanged(&lt;Empty&gt;)"
 by
    &lt;OmegaSpiral.Source.Scripts.GameStateSignals&gt; (objId: 62511908598)</Text>
      </RunInfo>
      <RunInfo computerName="omega" outcome="Error" timestamp="2025-10-25T12:57:11.3289500-04:00">
        <Text>Expecting do emitting signal:
    "DreamweaverInfluenceChanged(&lt;Empty&gt;)"
 by
    &lt;OmegaSpiral.Source.Scripts.GameStateSignals&gt; (objId: 62646126326)</Text>
      </RunInfo>
      <RunInfo computerName="omega" outcome="Warning" timestamp="2025-10-25T12:57:11.8412199-04:00">
        <Text>Warning:
    Detected &lt;2&gt; orphan nodes during test execution!</Text>
      </RunInfo>
      <RunInfo computerName="omega" outcome="Warning" timestamp="2025-10-25T12:57:12.4210607-04:00">
        <Text>Warning:
    Detected &lt;2&gt; orphan nodes during test execution!</Text>
      </RunInfo>
      <RunInfo computerName="omega" outcome="Warning" timestamp="2025-10-25T12:57:12.4477639-04:00">
        <Text>Warning:
    Detected &lt;2&gt; orphan nodes during test execution!</Text>
      </RunInfo>
      <RunInfo computerName="omega" outcome="Warning" timestamp="2025-10-25T12:57:12.4980803-04:00">
        <Text>Warning:
    Detected &lt;1&gt; orphan nodes during test execution!</Text>
      </RunInfo>
      <RunInfo computerName="omega" outcome="Error" timestamp="2025-10-25T12:57:12.5302397-04:00">
        <Text>Object reference not set to an instance of an object.</Text>
      </RunInfo>
      <RunInfo computerName="omega" outcome="Error" timestamp="2025-10-25T12:57:12.5396328-04:00">
        <Text>Expecting be NOT &lt;Null&gt;:</Text>
      </RunInfo>
      <RunInfo computerName="omega" outcome="Error" timestamp="2025-10-25T12:57:12.5532234-04:00">
        <Text>Object reference not set to an instance of an object.</Text>
      </RunInfo>
      <RunInfo computerName="omega" outcome="Error" timestamp="2025-10-25T12:57:12.5738116-04:00">
        <Text>Object reference not set to an instance of an object.</Text>
      </RunInfo>
      <RunInfo computerName="omega" outcome="Error" timestamp="2025-10-25T12:57:12.6541297-04:00">
        <Text>Expecting be equal:
    "CREDITS"
 but is
    ""</Text>
      </RunInfo>
      <RunInfo computerName="omega" outcome="Error" timestamp="2025-10-25T12:57:12.7189961-04:00">
        <Text>Expecting: 'True' but is 'False'</Text>
      </RunInfo>
      <RunInfo computerName="omega" outcome="Error" timestamp="2025-10-25T12:57:12.7398419-04:00">
        <Text>Expecting to be greater than:
    '0' but is '0'</Text>
      </RunInfo>
      <RunInfo computerName="omega" outcome="Error" timestamp="2025-10-25T12:57:12.8087036-04:00">
        <Text>Expecting be NOT &lt;Null&gt;:</Text>
      </RunInfo>
      <RunInfo computerName="omega" outcome="Error" timestamp="2025-10-25T12:57:12.8224741-04:00">
        <Text>Expecting be NOT &lt;Null&gt;:</Text>
      </RunInfo>
      <RunInfo computerName="omega" outcome="Error" timestamp="2025-10-25T12:57:12.8435681-04:00">
        <Text>Expecting be NOT &lt;Null&gt;:</Text>
      </RunInfo>
      <RunInfo computerName="omega" outcome="Error" timestamp="2025-10-25T12:57:12.8797714-04:00">
        <Text>Expecting be NOT &lt;Null&gt;:</Text>
      </RunInfo>
      <RunInfo computerName="omega" outcome="Error" timestamp="2025-10-25T12:57:12.8919517-04:00">
        <Text>Expecting be NOT &lt;Null&gt;:</Text>
      </RunInfo>
      <RunInfo computerName="omega" outcome="Error" timestamp="2025-10-25T12:57:12.9058537-04:00">
        <Text>Expecting be NOT &lt;Null&gt;:</Text>
      </RunInfo>
      <RunInfo computerName="omega" outcome="Error" timestamp="2025-10-25T12:57:12.9276397-04:00">
        <Text>Expecting be NOT &lt;Null&gt;:</Text>
      </RunInfo>
      <RunInfo computerName="omega" outcome="Error" timestamp="2025-10-25T12:57:12.9650698-04:00">
        <Text>Expecting be NOT &lt;Null&gt;:</Text>
      </RunInfo>
      <RunInfo computerName="omega" outcome="Error" timestamp="2025-10-25T12:57:12.9963516-04:00">
        <Text>Expecting be NOT &lt;Null&gt;:</Text>
      </RunInfo>
      <RunInfo computerName="omega" outcome="Error" timestamp="2025-10-25T12:57:13.0166160-04:00">
        <Text>Expecting be NOT &lt;Null&gt;:</Text>
      </RunInfo>
      <RunInfo computerName="omega" outcome="Error" timestamp="2025-10-25T12:57:13.0403960-04:00">
        <Text>Expecting be NOT &lt;Null&gt;:</Text>
      </RunInfo>
      <RunInfo computerName="omega" outcome="Error" timestamp="2025-10-25T12:57:13.1396685-04:00">
        <Text>Expecting be NOT &lt;Null&gt;:</Text>
      </RunInfo>
      <RunInfo computerName="omega" outcome="Error" timestamp="2025-10-25T12:57:13.1533262-04:00">
        <Text>Expecting be equal:
    "Test Menu"
 but is
    ""</Text>
      </RunInfo>
      <RunInfo computerName="omega" outcome="Error" timestamp="2025-10-25T12:57:13.2362691-04:00">
        <Text>Expecting to be greater than:
    '0' but is '0'</Text>
      </RunInfo>
      <RunInfo computerName="omega" outcome="Error" timestamp="2025-10-25T12:57:13.2499263-04:00">
        <Text>Expecting be equal:
    &lt;Godot.Button&gt; (objId: 68467820286) but is &lt;Null&gt;</Text>
      </RunInfo>
      <RunInfo computerName="omega" outcome="Error" timestamp="2025-10-25T12:57:13.5273980-04:00">
        <Text>ObjectAssert initial error: current is primitive &lt;System.Boolean&gt;</Text>
      </RunInfo>
      <RunInfo computerName="omega" outcome="Error" timestamp="2025-10-25T12:57:13.6849898-04:00">
        <Text>ObjectAssert initial error: current is primitive &lt;System.Boolean&gt;</Text>
      </RunInfo>
      <RunInfo computerName="omega" outcome="Warning" timestamp="2025-10-25T12:57:13.6934432-04:00">
        <Text>Warning:
    Detected &lt;9&gt; orphan nodes during test suite setup stage!
    Check Setup:24 and Cleanup:32 for unfreed instances!</Text>
      </RunInfo>
      <RunInfo computerName="omega" outcome="Warning" timestamp="2025-10-25T12:57:13.6936973-04:00">
        <Text>Warning:
    Detected &lt;9&gt; orphan nodes during test suite setup stage!
    Check Setup:24 and Cleanup:32 for unfreed instances!</Text>
      </RunInfo>
      <RunInfo computerName="omega" outcome="Warning" timestamp="2025-10-25T12:57:13.6939860-04:00">
        <Text>Warning:
    Detected &lt;9&gt; orphan nodes during test suite setup stage!
    Check Setup:24 and Cleanup:32 for unfreed instances!</Text>
      </RunInfo>
      <RunInfo computerName="omega" outcome="Warning" timestamp="2025-10-25T12:57:13.6946346-04:00">
        <Text>Warning:
    Detected &lt;9&gt; orphan nodes during test suite setup stage!
    Check Setup:24 and Cleanup:32 for unfreed instances!</Text>
      </RunInfo>
      <RunInfo computerName="omega" outcome="Warning" timestamp="2025-10-25T12:57:13.6946980-04:00">
        <Text>Warning:
    Detected &lt;9&gt; orphan nodes during test suite setup stage!
    Check Setup:24 and Cleanup:32 for unfreed instances!</Text>
      </RunInfo>
      <RunInfo computerName="omega" outcome="Warning" timestamp="2025-10-25T12:57:13.6970618-04:00">
        <Text>Warning:
    Detected &lt;9&gt; orphan nodes during test suite setup stage!
    Check Setup:24 and Cleanup:32 for unfreed instances!</Text>
      </RunInfo>
      <RunInfo computerName="omega" outcome="Warning" timestamp="2025-10-25T12:57:13.6970702-04:00">
        <Text>Warning:
    Detected &lt;9&gt; orphan nodes during test suite setup stage!
    Check Setup:24 and Cleanup:32 for unfreed instances!</Text>
      </RunInfo>
      <RunInfo computerName="omega" outcome="Warning" timestamp="2025-10-25T12:57:13.6970778-04:00">
        <Text>Warning:
    Detected &lt;9&gt; orphan nodes during test suite setup stage!
    Check Setup:24 and Cleanup:32 for unfreed instances!</Text>
      </RunInfo>
      <RunInfo computerName="omega" outcome="Warning" timestamp="2025-10-25T12:57:13.6972634-04:00">
        <Text>Warning:
    Detected &lt;9&gt; orphan nodes during test suite setup stage!
    Check Setup:24 and Cleanup:32 for unfreed instances!</Text>
      </RunInfo>
      <RunInfo computerName="omega" outcome="Warning" timestamp="2025-10-25T12:57:13.6972883-04:00">
        <Text>Warning:
    Detected &lt;9&gt; orphan nodes during test suite setup stage!
    Check Setup:24 and Cleanup:32 for unfreed instances!</Text>
      </RunInfo>
      <RunInfo computerName="omega" outcome="Warning" timestamp="2025-10-25T12:57:13.6989343-04:00">
        <Text>Warning:
    Detected &lt;9&gt; orphan nodes during test suite setup stage!
    Check Setup:24 and Cleanup:32 for unfreed instances!</Text>
      </RunInfo>
      <RunInfo computerName="omega" outcome="Warning" timestamp="2025-10-25T12:57:13.6989551-04:00">
        <Text>Warning:
    Detected &lt;9&gt; orphan nodes during test suite setup stage!
    Check Setup:24 and Cleanup:32 for unfreed instances!</Text>
      </RunInfo>
      <RunInfo computerName="omega" outcome="Warning" timestamp="2025-10-25T12:57:13.6990629-04:00">
        <Text>Warning:
    Detected &lt;9&gt; orphan nodes during test suite setup stage!
    Check Setup:24 and Cleanup:32 for unfreed instances!</Text>
      </RunInfo>
      <RunInfo computerName="omega" outcome="Warning" timestamp="2025-10-25T12:57:13.6990778-04:00">
        <Text>Warning:
    Detected &lt;9&gt; orphan nodes during test suite setup stage!
    Check Setup:24 and Cleanup:32 for unfreed instances!</Text>
      </RunInfo>
      <RunInfo computerName="omega" outcome="Warning" timestamp="2025-10-25T12:57:13.7003681-04:00">
        <Text>Warning:
    Detected &lt;9&gt; orphan nodes during test suite setup stage!
    Check Setup:24 and Cleanup:32 for unfreed instances!</Text>
      </RunInfo>
      <RunInfo computerName="omega" outcome="Warning" timestamp="2025-10-25T12:57:13.7007878-04:00">
        <Text>Warning:
    Detected &lt;9&gt; orphan nodes during test suite setup stage!
    Check Setup:24 and Cleanup:32 for unfreed instances!</Text>
      </RunInfo>
      <RunInfo computerName="omega" outcome="Warning" timestamp="2025-10-25T12:57:13.7008706-04:00">
        <Text>Warning:
    Detected &lt;9&gt; orphan nodes during test suite setup stage!
    Check Setup:24 and Cleanup:32 for unfreed instances!</Text>
      </RunInfo>
      <RunInfo computerName="omega" outcome="Warning" timestamp="2025-10-25T12:57:13.7011552-04:00">
        <Text>Warning:
    Detected &lt;9&gt; orphan nodes during test suite setup stage!
    Check Setup:24 and Cleanup:32 for unfreed instances!</Text>
      </RunInfo>
      <RunInfo computerName="omega" outcome="Warning" timestamp="2025-10-25T12:57:13.7013586-04:00">
        <Text>Warning:
    Detected &lt;9&gt; orphan nodes during test suite setup stage!
    Check Setup:24 and Cleanup:32 for unfreed instances!</Text>
      </RunInfo>
      <RunInfo computerName="omega" outcome="Warning" timestamp="2025-10-25T12:57:13.7016255-04:00">
        <Text>Warning:
    Detected &lt;9&gt; orphan nodes during test suite setup stage!
    Check Setup:24 and Cleanup:32 for unfreed instances!</Text>
      </RunInfo>
      <RunInfo computerName="omega" outcome="Warning" timestamp="2025-10-25T12:57:13.7019044-04:00">
        <Text>Warning:
    Detected &lt;9&gt; orphan nodes during test suite setup stage!
    Check Setup:24 and Cleanup:32 for unfreed instances!</Text>
      </RunInfo>
      <RunInfo computerName="omega" outcome="Error" timestamp="2025-10-25T12:57:13.7488994-04:00">
        <Text>Expecting be equal:
    "PAUSED"
 but is
    ""</Text>
      </RunInfo>
      <RunInfo computerName="omega" outcome="Error" timestamp="2025-10-25T12:57:13.7609826-04:00">
        <Text>Expecting be equal:
    "Resume Game"
 but is
    "Resume"</Text>
      </RunInfo>
      <RunInfo computerName="omega" outcome="Error" timestamp="2025-10-25T12:57:13.7816157-04:00">
        <Text>Expecting be NOT &lt;Null&gt;:</Text>
      </RunInfo>
      <RunInfo computerName="omega" outcome="Error" timestamp="2025-10-25T12:57:13.7960558-04:00">
        <Text>Object reference not set to an instance of an object.</Text>
      </RunInfo>
      <RunInfo computerName="omega" outcome="Error" timestamp="2025-10-25T12:57:13.8165673-04:00">
        <Text>Object reference not set to an instance of an object.</Text>
      </RunInfo>
      <RunInfo computerName="omega" outcome="Error" timestamp="2025-10-25T12:57:13.8594704-04:00">
        <Text>Failed to create ChoicePresenter. See inner exception.</Text>
      </RunInfo>
      <RunInfo computerName="omega" outcome="Error" timestamp="2025-10-25T12:57:13.8595803-04:00">
        <Text>Failed to create ChoicePresenter. See inner exception.</Text>
      </RunInfo>
      <RunInfo computerName="omega" outcome="Error" timestamp="2025-10-25T12:57:13.8595853-04:00">
        <Text>Failed to create ChoicePresenter. See inner exception.</Text>
      </RunInfo>
      <RunInfo computerName="omega" outcome="Error" timestamp="2025-10-25T12:57:13.8595906-04:00">
        <Text>Failed to create ChoicePresenter. See inner exception.</Text>
      </RunInfo>
      <RunInfo computerName="omega" outcome="Error" timestamp="2025-10-25T12:57:13.8595949-04:00">
        <Text>Failed to create ChoicePresenter. See inner exception.</Text>
      </RunInfo>
      <RunInfo computerName="omega" outcome="Error" timestamp="2025-10-25T12:57:13.8610685-04:00">
        <Text>Failed to create ChoicePresenter. See inner exception.</Text>
      </RunInfo>
      <RunInfo computerName="omega" outcome="Error" timestamp="2025-10-25T12:57:13.8610924-04:00">
        <Text>Failed to create ChoicePresenter. See inner exception.</Text>
      </RunInfo>
      <RunInfo computerName="omega" outcome="Error" timestamp="2025-10-25T12:57:13.8612206-04:00">
        <Text>Failed to create ChoicePresenter. See inner exception.</Text>
      </RunInfo>
      <RunInfo computerName="omega" outcome="Error" timestamp="2025-10-25T12:57:13.8614715-04:00">
        <Text>Failed to create ChoicePresenter. See inner exception.</Text>
      </RunInfo>
      <RunInfo computerName="omega" outcome="Error" timestamp="2025-10-25T12:57:13.8799210-04:00">
        <Text>Expecting be NOT &lt;Null&gt;:</Text>
      </RunInfo>
      <RunInfo computerName="omega" outcome="Error" timestamp="2025-10-25T12:57:13.8894580-04:00">
        <Text>Expecting be NOT &lt;Null&gt;:</Text>
      </RunInfo>
      <RunInfo computerName="omega" outcome="Error" timestamp="2025-10-25T12:57:13.9380374-04:00">
        <Text>Expecting be NOT &lt;Null&gt;:</Text>
      </RunInfo>
      <RunInfo computerName="omega" outcome="Error" timestamp="2025-10-25T12:57:13.9866438-04:00">
        <Text>Expecting be NOT &lt;Null&gt;:</Text>
      </RunInfo>
      <RunInfo computerName="omega" outcome="Error" timestamp="2025-10-25T12:57:14.0076451-04:00">
        <Text>Expecting be NOT &lt;Null&gt;:</Text>
      </RunInfo>
      <RunInfo computerName="omega" outcome="Error" timestamp="2025-10-25T12:57:14.1523861-04:00">
        <Text>Expecting be NOT &lt;Null&gt;:</Text>
      </RunInfo>
      <RunInfo computerName="omega" outcome="Error" timestamp="2025-10-25T12:57:14.1632796-04:00">
        <Text>Expecting be NOT &lt;Null&gt;:</Text>
      </RunInfo>
      <RunInfo computerName="omega" outcome="Error" timestamp="2025-10-25T12:57:14.1739991-04:00">
        <Text>Expecting be NOT &lt;Null&gt;:</Text>
      </RunInfo>
      <RunInfo computerName="omega" outcome="Error" timestamp="2025-10-25T12:57:14.1878385-04:00">
        <Text>Expecting be NOT &lt;Null&gt;:</Text>
      </RunInfo>
      <RunInfo computerName="omega" outcome="Error" timestamp="2025-10-25T12:57:14.2016168-04:00">
        <Text>Object reference not set to an instance of an object.</Text>
      </RunInfo>
      <RunInfo computerName="omega" outcome="Error" timestamp="2025-10-25T12:57:14.2153866-04:00">
        <Text>Expecting be NOT &lt;Null&gt;:</Text>
      </RunInfo>
      <RunInfo computerName="omega" outcome="Error" timestamp="2025-10-25T12:57:14.2293027-04:00">
        <Text>Expecting be NOT &lt;Null&gt;:</Text>
      </RunInfo>
      <RunInfo computerName="omega" outcome="Error" timestamp="2025-10-25T12:57:14.2430710-04:00">
        <Text>Expecting be NOT &lt;Null&gt;:</Text>
      </RunInfo>
      <RunInfo computerName="omega" outcome="Warning" timestamp="2025-10-25T12:57:14.2984883-04:00">
        <Text>Warning:
    Detected &lt;1&gt; orphan nodes during test execution!</Text>
      </RunInfo>
      <RunInfo computerName="omega" outcome="Warning" timestamp="2025-10-25T12:57:14.3120347-04:00">
        <Text>Warning:
    Detected &lt;1&gt; orphan nodes during test execution!</Text>
      </RunInfo>
      <RunInfo computerName="omega" outcome="Warning" timestamp="2025-10-25T12:57:14.3327692-04:00">
        <Text>Warning:
    Detected &lt;1&gt; orphan nodes during test execution!</Text>
      </RunInfo>
      <RunInfo computerName="omega" outcome="Warning" timestamp="2025-10-25T12:57:14.3467238-04:00">
        <Text>Warning:
    Detected &lt;1&gt; orphan nodes during test execution!</Text>
      </RunInfo>
      <RunInfo computerName="omega" outcome="Warning" timestamp="2025-10-25T12:57:14.3606985-04:00">
        <Text>Warning:
    Detected &lt;1&gt; orphan nodes during test execution!</Text>
      </RunInfo>
      <RunInfo computerName="omega" outcome="Warning" timestamp="2025-10-25T12:57:14.3810912-04:00">
        <Text>Warning:
    Detected &lt;1&gt; orphan nodes during test execution!</Text>
      </RunInfo>
      <RunInfo computerName="omega" outcome="Warning" timestamp="2025-10-25T12:57:14.4915125-04:00">
        <Text>Warning:
    Detected &lt;1&gt; orphan nodes during test suite setup stage!
    Check Setup:21 and Cleanup:31 for unfreed instances!</Text>
      </RunInfo>
      <RunInfo computerName="omega" outcome="Warning" timestamp="2025-10-25T12:57:14.4917798-04:00">
        <Text>Warning:
    Detected &lt;1&gt; orphan nodes during test suite setup stage!
    Check Setup:21 and Cleanup:31 for unfreed instances!</Text>
      </RunInfo>
      <RunInfo computerName="omega" outcome="Warning" timestamp="2025-10-25T12:57:14.4953667-04:00">
        <Text>Warning:
    Detected &lt;1&gt; orphan nodes during test suite setup stage!
    Check Setup:21 and Cleanup:31 for unfreed instances!</Text>
      </RunInfo>
      <RunInfo computerName="omega" outcome="Warning" timestamp="2025-10-25T12:57:14.4953741-04:00">
        <Text>Warning:
    Detected &lt;1&gt; orphan nodes during test suite setup stage!
    Check Setup:21 and Cleanup:31 for unfreed instances!</Text>
      </RunInfo>
      <RunInfo computerName="omega" outcome="Warning" timestamp="2025-10-25T12:57:14.4953793-04:00">
        <Text>Warning:
    Detected &lt;1&gt; orphan nodes during test suite setup stage!
    Check Setup:21 and Cleanup:31 for unfreed instances!</Text>
      </RunInfo>
      <RunInfo computerName="omega" outcome="Warning" timestamp="2025-10-25T12:57:14.4953838-04:00">
        <Text>Warning:
    Detected &lt;1&gt; orphan nodes during test suite setup stage!
    Check Setup:21 and Cleanup:31 for unfreed instances!</Text>
      </RunInfo>
      <RunInfo computerName="omega" outcome="Warning" timestamp="2025-10-25T12:57:14.6592963-04:00">
        <Text>Warning:
    Detected &lt;3&gt; orphan nodes during test execution!</Text>
      </RunInfo>
      <RunInfo computerName="omega" outcome="Warning" timestamp="2025-10-25T12:57:14.7816316-04:00">
        <Text>Warning:
    Detected &lt;3&gt; orphan nodes during test execution!</Text>
      </RunInfo>
      <RunInfo computerName="omega" outcome="Warning" timestamp="2025-10-25T12:57:14.9057100-04:00">
        <Text>Warning:
    Detected &lt;3&gt; orphan nodes during test execution!</Text>
      </RunInfo>
      <RunInfo computerName="omega" outcome="Warning" timestamp="2025-10-25T12:57:15.0371010-04:00">
        <Text>Warning:
    Detected &lt;2&gt; orphan nodes during test execution!</Text>
      </RunInfo>
      <RunInfo computerName="omega" outcome="Warning" timestamp="2025-10-25T12:57:16.8716649-04:00">
        <Text>Warning:
    Detected &lt;1&gt; orphan nodes during test suite setup stage!
    Check Setup:26 and Cleanup:36 for unfreed instances!</Text>
      </RunInfo>
      <RunInfo computerName="omega" outcome="Warning" timestamp="2025-10-25T12:57:16.8718898-04:00">
        <Text>Warning:
    Detected &lt;1&gt; orphan nodes during test suite setup stage!
    Check Setup:26 and Cleanup:36 for unfreed instances!</Text>
      </RunInfo>
      <RunInfo computerName="omega" outcome="Warning" timestamp="2025-10-25T12:57:16.8721494-04:00">
        <Text>Warning:
    Detected &lt;1&gt; orphan nodes during test suite setup stage!
    Check Setup:26 and Cleanup:36 for unfreed instances!</Text>
      </RunInfo>
      <RunInfo computerName="omega" outcome="Warning" timestamp="2025-10-25T12:57:16.8723970-04:00">
        <Text>Warning:
    Detected &lt;1&gt; orphan nodes during test suite setup stage!
    Check Setup:26 and Cleanup:36 for unfreed instances!</Text>
      </RunInfo>
      <RunInfo computerName="omega" outcome="Warning" timestamp="2025-10-25T12:57:16.8726578-04:00">
        <Text>Warning:
    Detected &lt;1&gt; orphan nodes during test suite setup stage!
    Check Setup:26 and Cleanup:36 for unfreed instances!</Text>
      </RunInfo>
      <RunInfo computerName="omega" outcome="Warning" timestamp="2025-10-25T12:57:16.8729006-04:00">
        <Text>Warning:
    Detected &lt;1&gt; orphan nodes during test suite setup stage!
    Check Setup:26 and Cleanup:36 for unfreed instances!</Text>
      </RunInfo>
      <RunInfo computerName="omega" outcome="Warning" timestamp="2025-10-25T12:57:16.8742010-04:00">
        <Text>Warning:
    Detected &lt;1&gt; orphan nodes during test suite setup stage!
    Check Setup:26 and Cleanup:36 for unfreed instances!</Text>
      </RunInfo>
      <RunInfo computerName="omega" outcome="Warning" timestamp="2025-10-25T12:57:16.8742099-04:00">
        <Text>Warning:
    Detected &lt;1&gt; orphan nodes during test suite setup stage!
    Check Setup:26 and Cleanup:36 for unfreed instances!</Text>
      </RunInfo>
      <RunInfo computerName="omega" outcome="Warning" timestamp="2025-10-25T12:57:16.8742145-04:00">
        <Text>Warning:
    Detected &lt;1&gt; orphan nodes during test suite setup stage!
    Check Setup:26 and Cleanup:36 for unfreed instances!</Text>
      </RunInfo>
      <RunInfo computerName="omega" outcome="Warning" timestamp="2025-10-25T12:57:16.8742186-04:00">
        <Text>Warning:
    Detected &lt;1&gt; orphan nodes during test suite setup stage!
    Check Setup:26 and Cleanup:36 for unfreed instances!</Text>
      </RunInfo>
      <RunInfo computerName="omega" outcome="Warning" timestamp="2025-10-25T12:57:16.8745586-04:00">
        <Text>Warning:
    Detected &lt;1&gt; orphan nodes during test suite setup stage!
    Check Setup:26 and Cleanup:36 for unfreed instances!</Text>
      </RunInfo>
      <RunInfo computerName="omega" outcome="Error" timestamp="2025-10-25T12:57:18.6727894-04:00">
        <Text>Expecting be equal:
    ""
 but is
    "Red Text"</Text>
      </RunInfo>
      <RunInfo computerName="omega" outcome="Warning" timestamp="2025-10-25T12:57:22.5071922-04:00">
        <Text>Warning:
    Detected &lt;1&gt; orphan nodes during test execution!</Text>
      </RunInfo>
      <RunInfo computerName="omega" outcome="Warning" timestamp="2025-10-25T12:57:22.5298704-04:00">
        <Text>Warning:
    Detected &lt;1&gt; orphan nodes during test execution!</Text>
      </RunInfo>
      <RunInfo computerName="omega" outcome="Warning" timestamp="2025-10-25T12:57:22.5473183-04:00">
        <Text>Warning:
    Detected &lt;1&gt; orphan nodes during test execution!</Text>
      </RunInfo>
      <RunInfo computerName="omega" outcome="Warning" timestamp="2025-10-25T12:57:22.5767976-04:00">
        <Text>Warning:
    Detected &lt;1&gt; orphan nodes during test execution!</Text>
      </RunInfo>
      <RunInfo computerName="omega" outcome="Warning" timestamp="2025-10-25T12:57:22.6108460-04:00">
        <Text>Warning:
    Detected &lt;1&gt; orphan nodes during test execution!</Text>
      </RunInfo>
      <RunInfo computerName="omega" outcome="Warning" timestamp="2025-10-25T12:57:22.6464677-04:00">
        <Text>Warning:
    Detected &lt;1&gt; orphan nodes during test execution!</Text>
      </RunInfo>
    </RunInfos>
  </ResultSummary>
</TestRun>