<?xml version="1.0" encoding="utf-8"?>
<TestRun id="d8a8ac1f-71b2-4eb5-aa10-5bf45f757948" name="@omega 2025-10-29 10:12:09" xmlns="http://microsoft.com/schemas/VisualStudio/TeamTest/2010">
  <Times creation="2025-10-29T10:12:09.9005254-04:00" queuing="2025-10-29T10:12:09.9005254-04:00" start="2025-10-29T10:11:47.7236423-04:00" finish="2025-10-29T10:21:48.6852790-04:00" />
  <TestSettings name="default" id="ab9a44d5-88be-46e2-be58-1dac62b1d463">
    <Deployment runDeploymentRoot="_omega_2025-10-29_10_12_09" />
  </TestSettings>
  <Results>
    <UnitTestResult executionId="3d27152c-f7e8-4b62-94b3-469ca046efa7" testId="8f6159f7-3e56-41a0-86f4-6c1abc7afbc3" testName="MenuButtonContainer_ExistsAndHasButtons" computerName="omega" duration="00:00:00.0330000" startTime="2025-10-29T10:12:09.9655845-04:00" endTime="2025-10-29T10:12:09.9656002-04:00" testType="13cdc9d9-ddb5-4fa4-a97d-d965ccfc6d4b" outcome="Failed" testListId="8c84fa94-04c1-424b-9868-57a2d4851a1d" relativeResultsDirectory="3d27152c-f7e8-4b62-94b3-469ca046efa7">
      <Output>
        <ErrorInfo>
          <Message>Expecting be NOT &lt;Null&gt;:</Message>
          <StackTrace>   at OmegaSpiral.Tests.Ui.MainMenuTests.MenuButtonContainer_ExistsAndHasButtons() in /home/adam/Dev/omega-spiral/chapter-zero/tests/ui/menus/MainMenuTests.cs:line 80
</StackTrace>
        </ErrorInfo>
      </Output>
    </UnitTestResult>
    <UnitTestResult executionId="3c57b318-7285-435a-9b81-8072d73f9f7f" testId="c0bfabf1-3263-4ee6-b33c-3de9daa38cb0" testName="MenuButtonContainer_IsCenterAligned" computerName="omega" duration="00:00:00.0320000" startTime="2025-10-29T10:12:10.5065661-04:00" endTime="2025-10-29T10:12:10.5065767-04:00" testType="13cdc9d9-ddb5-4fa4-a97d-d965ccfc6d4b" outcome="Failed" testListId="8c84fa94-04c1-424b-9868-57a2d4851a1d" relativeResultsDirectory="3c57b318-7285-435a-9b81-8072d73f9f7f">
      <Output>
        <ErrorInfo>
          <Message>Expecting be NOT &lt;Null&gt;:</Message>
          <StackTrace>   at OmegaSpiral.Tests.Ui.MainMenuTests.MenuButtonContainer_IsCenterAligned() in /home/adam/Dev/omega-spiral/chapter-zero/tests/ui/menus/MainMenuTests.cs:line 370
</StackTrace>
        </ErrorInfo>
      </Output>
    </UnitTestResult>
    <UnitTestResult executionId="92b0aec8-332f-4b36-a082-26194f065291" testId="0b9e4a5a-3d5a-41c9-8ca8-c593163d79a0" testName="[After].ScanlineLayer_IsVisibleWithCorrectOpacity" computerName="omega" startTime="2025-10-29T10:12:10.6844475-04:00" endTime="2025-10-29T10:12:10.6844486-04:00" testType="13cdc9d9-ddb5-4fa4-a97d-d965ccfc6d4b" outcome="Failed" testListId="8c84fa94-04c1-424b-9868-57a2d4851a1d" relativeResultsDirectory="92b0aec8-332f-4b36-a082-26194f065291">
      <Output>
        <StdErr>WARNING:
    Detected &lt;10&gt; orphan nodes during test suite setup stage!
    Check Setup:28 and Cleanup:39 for unfreed instances!</StdErr>
        <ErrorInfo>
          <Message>WARNING:
    Detected &lt;10&gt; orphan nodes during test suite setup stage!
    Check Setup:28 and Cleanup:39 for unfreed instances!</Message>
        </ErrorInfo>
      </Output>
    </UnitTestResult>
    <UnitTestResult executionId="d70d76aa-30c0-474c-9fef-32c980a5ab8b" testId="35f74bfe-3e5a-4911-8a9f-4e0d869799fd" testName="PauseMenu_HasButtons" computerName="omega" duration="00:00:00.0330000" startTime="2025-10-29T10:12:13.0684656-04:00" endTime="2025-10-29T10:12:13.0684731-04:00" testType="13cdc9d9-ddb5-4fa4-a97d-d965ccfc6d4b" outcome="Failed" testListId="8c84fa94-04c1-424b-9868-57a2d4851a1d" relativeResultsDirectory="d70d76aa-30c0-474c-9fef-32c980a5ab8b">
      <Output>
        <ErrorInfo>
          <Message>Expecting be equal:
    "Restart"
 but is
    "Restart Level"</Message>
          <StackTrace>   at OmegaSpiral.Tests.Ui.PauseMenuTests.PauseMenu_HasButtons() in /home/adam/Dev/omega-spiral/chapter-zero/tests/ui/menus/PauseMenuTests.cs:line 98
</StackTrace>
        </ErrorInfo>
      </Output>
    </UnitTestResult>
    <UnitTestResult executionId="92b115d0-5262-44b2-b571-c8c1f8ac733d" testId="fb593468-38a5-4579-8d49-b7348df18550" testName="PhosphorPulseFrequency_IsHalfHz" computerName="omega" duration="00:00:00.0330000" startTime="2025-10-29T10:12:13.8000370-04:00" endTime="2025-10-29T10:12:13.8000464-04:00" testType="13cdc9d9-ddb5-4fa4-a97d-d965ccfc6d4b" outcome="Passed" testListId="8c84fa94-04c1-424b-9868-57a2d4851a1d" relativeResultsDirectory="92b115d0-5262-44b2-b571-c8c1f8ac733d" />
    <UnitTestResult executionId="51ecba8f-7995-41ff-8f44-e4edf6c85887" testId="d446cded-36bf-48f7-a69e-35cd10938430" testName="PauseMenu_HasTitle" computerName="omega" duration="00:00:00.0330000" startTime="2025-10-29T10:12:13.0348867-04:00" endTime="2025-10-29T10:12:13.0348946-04:00" testType="13cdc9d9-ddb5-4fa4-a97d-d965ccfc6d4b" outcome="Failed" testListId="8c84fa94-04c1-424b-9868-57a2d4851a1d" relativeResultsDirectory="51ecba8f-7995-41ff-8f44-e4edf6c85887">
      <Output>
        <ErrorInfo>
          <Message>Expecting be NOT &lt;Null&gt;:</Message>
          <StackTrace>   at OmegaSpiral.Tests.Ui.PauseMenuTests.PauseMenu_HasTitle() in /home/adam/Dev/omega-spiral/chapter-zero/tests/ui/menus/PauseMenuTests.cs:line 82
</StackTrace>
        </ErrorInfo>
      </Output>
    </UnitTestResult>
    <UnitTestResult executionId="a44440a4-745e-4e15-80a8-13de28f11d59" testId="fe25957b-1663-468b-b59b-350b265a1d4f" testName="PauseMenu_ExtendsMenuUi" computerName="omega" duration="00:00:00.0320000" startTime="2025-10-29T10:12:13.0014329-04:00" endTime="2025-10-29T10:12:13.0014493-04:00" testType="13cdc9d9-ddb5-4fa4-a97d-d965ccfc6d4b" outcome="Passed" testListId="8c84fa94-04c1-424b-9868-57a2d4851a1d" relativeResultsDirectory="a44440a4-745e-4e15-80a8-13de28f11d59" />
    <UnitTestResult executionId="edbee3bc-072b-4ce2-aed1-b96e35a3c25f" testId="39e00aaa-1858-4311-bf79-e982e7b21e08" testName="ThreadColors_AppliedFromDesignSystem" computerName="omega" duration="00:00:00.0340000" startTime="2025-10-29T10:12:12.2176617-04:00" endTime="2025-10-29T10:12:12.2176710-04:00" testType="13cdc9d9-ddb5-4fa4-a97d-d965ccfc6d4b" outcome="Passed" testListId="8c84fa94-04c1-424b-9868-57a2d4851a1d" relativeResultsDirectory="edbee3bc-072b-4ce2-aed1-b96e35a3c25f" />
    <UnitTestResult executionId="6e1f1371-b0f9-446a-943f-251c96206c8d" testId="81184e8d-cf15-46a3-9892-08742a34f875" testName="GetWaveSpeed_ReturnsCurrent" computerName="omega" duration="00:00:00.0330000" startTime="2025-10-29T10:12:12.3179787-04:00" endTime="2025-10-29T10:12:12.3179888-04:00" testType="13cdc9d9-ddb5-4fa4-a97d-d965ccfc6d4b" outcome="Passed" testListId="8c84fa94-04c1-424b-9868-57a2d4851a1d" relativeResultsDirectory="6e1f1371-b0f9-446a-943f-251c96206c8d" />
    <UnitTestResult executionId="d0f3260f-5dbc-4427-a974-9ba9cab731ab" testId="1ac701ae-53a3-4f25-b170-e8d5d1dbf10b" testName="TextRenderer_IsNullByDefault" computerName="omega" duration="00:00:00.0320000" startTime="2025-10-29T10:12:12.6990683-04:00" endTime="2025-10-29T10:12:12.6990770-04:00" testType="13cdc9d9-ddb5-4fa4-a97d-d965ccfc6d4b" outcome="Passed" testListId="8c84fa94-04c1-424b-9868-57a2d4851a1d" relativeResultsDirectory="d0f3260f-5dbc-4427-a974-9ba9cab731ab" />
    <UnitTestResult executionId="c70a4b4f-052c-4778-a82c-f446b4856498" testId="49069a1d-81cb-4e0f-a75f-8a1e53b3b368" testName="ActionBar_Exists" computerName="omega" duration="00:00:00.0330000" startTime="2025-10-29T10:12:11.1320267-04:00" endTime="2025-10-29T10:12:11.1320350-04:00" testType="13cdc9d9-ddb5-4fa4-a97d-d965ccfc6d4b" outcome="Passed" testListId="8c84fa94-04c1-424b-9868-57a2d4851a1d" relativeResultsDirectory="c70a4b4f-052c-4778-a82c-f446b4856498" />
    <UnitTestResult executionId="a1ea5c56-c974-43fd-95ec-f62f089825dd" testId="0b2f96db-6152-4037-8394-f64a0dddfd53" testName="PhosphorGlow_Has18PercentOpacity" computerName="omega" duration="00:00:00.0330000" startTime="2025-10-29T10:12:13.6332155-04:00" endTime="2025-10-29T10:12:13.6332250-04:00" testType="13cdc9d9-ddb5-4fa4-a97d-d965ccfc6d4b" outcome="Passed" testListId="8c84fa94-04c1-424b-9868-57a2d4851a1d" relativeResultsDirectory="a1ea5c56-c974-43fd-95ec-f62f089825dd" />
    <UnitTestResult executionId="3de96e52-96af-4bc5-a2e3-9079e17ce3be" testId="afd89144-a647-45b3-8b69-8d7a76f278be" testName="[After].Background_ShouldNotBeWhite" computerName="omega" startTime="2025-10-29T10:12:10.6830299-04:00" endTime="2025-10-29T10:12:10.6830314-04:00" testType="13cdc9d9-ddb5-4fa4-a97d-d965ccfc6d4b" outcome="Failed" testListId="8c84fa94-04c1-424b-9868-57a2d4851a1d" relativeResultsDirectory="3de96e52-96af-4bc5-a2e3-9079e17ce3be">
      <Output>
        <StdErr>WARNING:
    Detected &lt;10&gt; orphan nodes during test suite setup stage!
    Check Setup:28 and Cleanup:39 for unfreed instances!</StdErr>
        <ErrorInfo>
          <Message>WARNING:
    Detected &lt;10&gt; orphan nodes during test suite setup stage!
    Check Setup:28 and Cleanup:39 for unfreed instances!</Message>
        </ErrorInfo>
      </Output>
    </UnitTestResult>
    <UnitTestResult executionId="5f138e3d-752e-4d64-86b9-87693b479829" testId="daaad9d9-4922-48a6-aeed-bac22f99ddca" testName="GhostYaml_OpeningScene_ContainsExpectedLines" computerName="omega" duration="00:00:00.0160000" startTime="2025-10-29T10:12:09.2779968-04:00" endTime="2025-10-29T10:12:09.2780129-04:00" testType="13cdc9d9-ddb5-4fa4-a97d-d965ccfc6d4b" outcome="Failed" testListId="8c84fa94-04c1-424b-9868-57a2d4851a1d" relativeResultsDirectory="5f138e3d-752e-4d64-86b9-87693b479829">
      <Output>
        <ErrorInfo>
          <Message>Object reference not set to an instance of an object.</Message>
          <StackTrace>   at OmegaSpiral.Tests.Stages.Stage1Ghost.GhostYamlPlaybackTests.GhostYaml_OpeningScene_ContainsExpectedLines() in /home/adam/Dev/omega-spiral/chapter-zero/tests/stages/stage_1_ghost/GhostYamlPlaybackTests.cs:line 108
   at System.RuntimeMethodHandle.InvokeMethod(ObjectHandleOnStack target, Void** arguments, ObjectHandleOnStack sig, BOOL isConstructor, ObjectHandleOnStack result)
   at System.RuntimeMethodHandle.InvokeMethod(ObjectHandleOnStack target, Void** arguments, ObjectHandleOnStack sig, BOOL isConstructor, ObjectHandleOnStack result)
   at System.Reflection.MethodBaseInvoker.InterpretedInvoke_Method(Object obj, IntPtr* args)
   at System.Reflection.RuntimeMethodInfo.Invoke(Object obj, BindingFlags invokeAttr, Binder binder, Object[] parameters, CultureInfo culture)
</StackTrace>
        </ErrorInfo>
      </Output>
    </UnitTestResult>
    <UnitTestResult executionId="9dd60e4f-1af4-409f-a491-511b14752884" testId="eb672363-b7c4-4ae4-88de-f1d30e353c80" testName="OmegaContainer_ExtendsControl" computerName="omega" duration="00:00:00.0290000" startTime="2025-10-29T10:12:12.5998063-04:00" endTime="2025-10-29T10:12:12.5998155-04:00" testType="13cdc9d9-ddb5-4fa4-a97d-d965ccfc6d4b" outcome="Passed" testListId="8c84fa94-04c1-424b-9868-57a2d4851a1d" relativeResultsDirectory="9dd60e4f-1af4-409f-a491-511b14752884" />
    <UnitTestResult executionId="cca09e1b-bd01-46f0-88e5-57b4fb33741d" testId="5f008b70-cd0d-4ee6-9448-7f2ef121e658" testName="MenuUi_ExposesProtectedHelpers" computerName="omega" duration="00:00:00.0320000" startTime="2025-10-29T10:12:10.9987091-04:00" endTime="2025-10-29T10:12:10.9987188-04:00" testType="13cdc9d9-ddb5-4fa4-a97d-d965ccfc6d4b" outcome="Passed" testListId="8c84fa94-04c1-424b-9868-57a2d4851a1d" relativeResultsDirectory="cca09e1b-bd01-46f0-88e5-57b4fb33741d" />
    <UnitTestResult executionId="1664f44a-6f61-441f-ba2e-67adcdd06b0b" testId="636ec8fa-d7b3-4be8-8c37-ca53471bfd50" testName="AnimationDefaults_AreSet" computerName="omega" duration="00:00:00.0320000" startTime="2025-10-29T10:12:12.2501137-04:00" endTime="2025-10-29T10:12:12.2501488-04:00" testType="13cdc9d9-ddb5-4fa4-a97d-d965ccfc6d4b" outcome="Passed" testListId="8c84fa94-04c1-424b-9868-57a2d4851a1d" relativeResultsDirectory="1664f44a-6f61-441f-ba2e-67adcdd06b0b" />
    <UnitTestResult executionId="8f6e3c15-6482-4ec9-aa21-0e0cc53258a1" testId="d1764770-3a42-4d2f-b064-674f81e2bcc6" testName="TestButtonPaddingVLoaded" computerName="omega" duration="00:00:00.0320000" startTime="2025-10-29T10:12:14.2498934-04:00" endTime="2025-10-29T10:12:14.2499043-04:00" testType="13cdc9d9-ddb5-4fa4-a97d-d965ccfc6d4b" outcome="Passed" testListId="8c84fa94-04c1-424b-9868-57a2d4851a1d" relativeResultsDirectory="8f6e3c15-6482-4ec9-aa21-0e0cc53258a1" />
    <UnitTestResult executionId="d1da41dc-545e-4644-a910-54316d98427e" testId="4396087a-6b90-4b4b-93ea-ab2f5e80edf9" testName="ButtonContainer_Exists" computerName="omega" duration="00:00:00.0320000" startTime="2025-10-29T10:12:11.0986051-04:00" endTime="2025-10-29T10:12:11.0986149-04:00" testType="13cdc9d9-ddb5-4fa4-a97d-d965ccfc6d4b" outcome="Passed" testListId="8c84fa94-04c1-424b-9868-57a2d4851a1d" relativeResultsDirectory="d1da41dc-545e-4644-a910-54316d98427e" />
    <UnitTestResult executionId="edffc790-b11a-43da-8e45-59d4e3d2e9a4" testId="518dc950-17b0-4ca6-a2b4-1af955af22f9" testName="GetRotationSpeed_ReturnsCurrent" computerName="omega" duration="00:00:00.0330000" startTime="2025-10-29T10:12:12.2842029-04:00" endTime="2025-10-29T10:12:12.2842127-04:00" testType="13cdc9d9-ddb5-4fa4-a97d-d965ccfc6d4b" outcome="Passed" testListId="8c84fa94-04c1-424b-9868-57a2d4851a1d" relativeResultsDirectory="edffc790-b11a-43da-8e45-59d4e3d2e9a4" />
    <UnitTestResult executionId="8982b1b6-2dd5-4a3b-bc60-2d0ef181200e" testId="07912732-1dfd-42f6-ade1-7af1f19667cd" testName="MenuTitle_IsHorizontallyCentered" computerName="omega" duration="00:00:00.0280000" startTime="2025-10-29T10:12:10.4677963-04:00" endTime="2025-10-29T10:12:10.4678070-04:00" testType="13cdc9d9-ddb5-4fa4-a97d-d965ccfc6d4b" outcome="Failed" testListId="8c84fa94-04c1-424b-9868-57a2d4851a1d" relativeResultsDirectory="8982b1b6-2dd5-4a3b-bc60-2d0ef181200e">
      <Output>
        <ErrorInfo>
          <Message>Expecting be NOT &lt;Null&gt;:</Message>
          <StackTrace>   at OmegaSpiral.Tests.Ui.MainMenuTests.MenuTitle_IsHorizontallyCentered() in /home/adam/Dev/omega-spiral/chapter-zero/tests/ui/menus/MainMenuTests.cs:line 354
</StackTrace>
        </ErrorInfo>
      </Output>
    </UnitTestResult>
    <UnitTestResult executionId="2c57f23b-09f0-4ff8-95ec-f0028adf2403" testId="45ac829f-9abe-45d8-9c8f-1e874a52f9ba" testName="GlitchDistortion_Has8PercentOpacity" computerName="omega" duration="00:00:00.0320000" startTime="2025-10-29T10:12:13.6993686-04:00" endTime="2025-10-29T10:12:13.6993782-04:00" testType="13cdc9d9-ddb5-4fa4-a97d-d965ccfc6d4b" outcome="Passed" testListId="8c84fa94-04c1-424b-9868-57a2d4851a1d" relativeResultsDirectory="2c57f23b-09f0-4ff8-95ec-f0028adf2403" />
    <UnitTestResult executionId="2bf217f9-cf74-49c0-9ec1-66953f42a87e" testId="fe0e7961-2e60-4e47-b457-0a03842f2f92" testName="WarmAmber_MatchesDesignSpec" computerName="omega" duration="00:00:00.0160000" startTime="2025-10-29T10:12:13.4999684-04:00" endTime="2025-10-29T10:12:13.4999771-04:00" testType="13cdc9d9-ddb5-4fa4-a97d-d965ccfc6d4b" outcome="Passed" testListId="8c84fa94-04c1-424b-9868-57a2d4851a1d" relativeResultsDirectory="2bf217f9-cf74-49c0-9ec1-66953f42a87e" />
    <UnitTestResult executionId="15b5689e-578a-439b-8b2f-df91095cb273" testId="03fa39d9-b224-45fa-8526-7571caa82c89" testName="Configure_ThrowsExceptionForEmptyText" computerName="omega" duration="00:00:00.0320000" startTime="2025-10-29T10:12:11.8179186-04:00" endTime="2025-10-29T10:12:11.8179305-04:00" testType="13cdc9d9-ddb5-4fa4-a97d-d965ccfc6d4b" outcome="Passed" testListId="8c84fa94-04c1-424b-9868-57a2d4851a1d" relativeResultsDirectory="15b5689e-578a-439b-8b2f-df91095cb273" />
    <UnitTestResult executionId="8b79aa18-6753-40d8-ab5c-685ed4b2a4c6" testId="1af17d31-d45e-43a9-8261-29f5e509a21e" testName="UpdateThreadColors_ChangesAllThreads" computerName="omega" duration="00:00:00.0330000" startTime="2025-10-29T10:12:12.4496563-04:00" endTime="2025-10-29T10:12:12.4496653-04:00" testType="13cdc9d9-ddb5-4fa4-a97d-d965ccfc6d4b" outcome="Passed" testListId="8c84fa94-04c1-424b-9868-57a2d4851a1d" relativeResultsDirectory="8b79aa18-6753-40d8-ab5c-685ed4b2a4c6" />
    <UnitTestResult executionId="4d0db95d-17be-473b-b6b0-519f232bb519" testId="8508a621-fbbb-495a-a3ca-b582236c6566" testName="TestStageNameWidthRatioLoaded" computerName="omega" duration="00:00:00.0330000" startTime="2025-10-29T10:12:14.1165158-04:00" endTime="2025-10-29T10:12:14.1165260-04:00" testType="13cdc9d9-ddb5-4fa4-a97d-d965ccfc6d4b" outcome="Passed" testListId="8c84fa94-04c1-424b-9868-57a2d4851a1d" relativeResultsDirectory="4d0db95d-17be-473b-b6b0-519f232bb519" />
    <UnitTestResult executionId="cb4bc0e4-6f6a-4249-9f35-1f132294f0a3" testId="ef86a273-4378-4379-9fd6-0ee8afa26c7d" testName="BorderFrame_HasNonZeroSize" computerName="omega" duration="00:00:00.0320000" startTime="2025-10-29T10:12:12.0497469-04:00" endTime="2025-10-29T10:12:12.0497562-04:00" testType="13cdc9d9-ddb5-4fa4-a97d-d965ccfc6d4b" outcome="Passed" testListId="8c84fa94-04c1-424b-9868-57a2d4851a1d" relativeResultsDirectory="cb4bc0e4-6f6a-4249-9f35-1f132294f0a3" />
    <UnitTestResult executionId="a2796f58-010a-4a3f-9524-a9dccc56f4c7" testId="2dd3f5c8-6f54-4357-a9dc-b82e13510024" testName="Layout_PropertiesAreCorrect" computerName="omega" duration="00:00:00.0340000" startTime="2025-10-29T10:12:12.1174229-04:00" endTime="2025-10-29T10:12:12.1174333-04:00" testType="13cdc9d9-ddb5-4fa4-a97d-d965ccfc6d4b" outcome="Passed" testListId="8c84fa94-04c1-424b-9868-57a2d4851a1d" relativeResultsDirectory="a2796f58-010a-4a3f-9524-a9dccc56f4c7" />
    <UnitTestResult executionId="6c37ce09-001b-4fb4-88f5-de6597b514f9" testId="579d5b39-4ed7-421d-a1dd-87f5ace4af18" testName="GlitchLayer_IsVisibleWithCorrectOpacity" computerName="omega" duration="00:00:00.0320000" startTime="2025-10-29T10:12:10.5993089-04:00" endTime="2025-10-29T10:12:10.5993206-04:00" testType="13cdc9d9-ddb5-4fa4-a97d-d965ccfc6d4b" outcome="Failed" testListId="8c84fa94-04c1-424b-9868-57a2d4851a1d" relativeResultsDirectory="6c37ce09-001b-4fb4-88f5-de6597b514f9">
      <Output>
        <ErrorInfo>
          <Message>Expecting be NOT &lt;Null&gt;:</Message>
          <StackTrace>   at OmegaSpiral.Tests.Ui.MainMenuTests.GlitchLayer_IsVisibleWithCorrectOpacity() in /home/adam/Dev/omega-spiral/chapter-zero/tests/ui/menus/MainMenuTests.cs:line 427
</StackTrace>
        </ErrorInfo>
      </Output>
    </UnitTestResult>
    <UnitTestResult executionId="45b5d081-4fb6-4d16-b6a7-87ad7370e69e" testId="addc3db0-983c-4976-8beb-c2113fe76567" testName="Properties_AreReadWriteAccessible" computerName="omega" duration="00:00:00.0310000" startTime="2025-10-29T10:12:11.8824203-04:00" endTime="2025-10-29T10:12:11.8824301-04:00" testType="13cdc9d9-ddb5-4fa4-a97d-d965ccfc6d4b" outcome="Passed" testListId="8c84fa94-04c1-424b-9868-57a2d4851a1d" relativeResultsDirectory="45b5d081-4fb6-4d16-b6a7-87ad7370e69e" />
    <UnitTestResult executionId="53aaa7b7-35d6-4e29-9d76-80d572d7a316" testId="990f7f44-b95c-4e94-9ce3-cc29a8d532bd" testName="GhostYaml_LoadsSuccessfully" computerName="omega" duration="00:00:00.1090000" startTime="2025-10-29T10:12:09.2584603-04:00" endTime="2025-10-29T10:12:09.2584760-04:00" testType="13cdc9d9-ddb5-4fa4-a97d-d965ccfc6d4b" outcome="Passed" testListId="8c84fa94-04c1-424b-9868-57a2d4851a1d" relativeResultsDirectory="53aaa7b7-35d6-4e29-9d76-80d572d7a316" />
    <UnitTestResult executionId="96b03f26-8e04-4d1a-a14f-68952d50f9ae" testId="b74472f5-9ae2-4ce2-9877-80d24c5c2a8c" testName="MenuMode_DefaultsToStandard" computerName="omega" duration="00:00:00.0330000" startTime="2025-10-29T10:12:11.2989285-04:00" endTime="2025-10-29T10:12:11.2989387-04:00" testType="13cdc9d9-ddb5-4fa4-a97d-d965ccfc6d4b" outcome="Passed" testListId="8c84fa94-04c1-424b-9868-57a2d4851a1d" relativeResultsDirectory="96b03f26-8e04-4d1a-a14f-68952d50f9ae" />
    <UnitTestResult executionId="5fa86c0e-19cc-45dd-aed9-b874c9799bf9" testId="45bc16d9-8b28-4f4c-88bb-c2b7662b7a28" testName="[After].LaunchButton_ExistsWithCorrectText" computerName="omega" startTime="2025-10-29T10:12:10.6835634-04:00" endTime="2025-10-29T10:12:10.6835641-04:00" testType="13cdc9d9-ddb5-4fa4-a97d-d965ccfc6d4b" outcome="Failed" testListId="8c84fa94-04c1-424b-9868-57a2d4851a1d" relativeResultsDirectory="5fa86c0e-19cc-45dd-aed9-b874c9799bf9">
      <Output>
        <StdErr>WARNING:
    Detected &lt;10&gt; orphan nodes during test suite setup stage!
    Check Setup:28 and Cleanup:39 for unfreed instances!</StdErr>
        <ErrorInfo>
          <Message>WARNING:
    Detected &lt;10&gt; orphan nodes during test suite setup stage!
    Check Setup:28 and Cleanup:39 for unfreed instances!</Message>
        </ErrorInfo>
      </Output>
    </UnitTestResult>
    <UnitTestResult executionId="4982de16-f2a2-4513-8d8f-a72b8a9e9987" testId="4b7fd999-7514-410e-bac9-8e38245873b1" testName="MainMenu_HasRequiredNodes" computerName="omega" duration="00:00:00.0320000" startTime="2025-10-29T10:12:09.5989775-04:00" endTime="2025-10-29T10:12:09.5989928-04:00" testType="13cdc9d9-ddb5-4fa4-a97d-d965ccfc6d4b" outcome="Failed" testListId="8c84fa94-04c1-424b-9868-57a2d4851a1d" relativeResultsDirectory="4982de16-f2a2-4513-8d8f-a72b8a9e9987">
      <Output>
        <ErrorInfo>
          <Message>Expecting be NOT &lt;Null&gt;:</Message>
          <StackTrace>   at OmegaSpiral.Tests.Ui.MainMenu_IntegrationTests.MainMenu_HasRequiredNodes() in /home/adam/Dev/omega-spiral/chapter-zero/tests/ui/menus/MainMenu_IntegrationTests.cs:line 66
</StackTrace>
        </ErrorInfo>
      </Output>
    </UnitTestResult>
    <UnitTestResult executionId="dcd149d0-c330-42e2-a485-cf692b36d364" testId="3efde16d-2bbc-484f-88dc-97938af5e5c5" testName="[After].AllStageButtons_HavePressedSignalHandlers" computerName="omega" startTime="2025-10-29T10:12:10.6829517-04:00" endTime="2025-10-29T10:12:10.6829546-04:00" testType="13cdc9d9-ddb5-4fa4-a97d-d965ccfc6d4b" outcome="Failed" testListId="8c84fa94-04c1-424b-9868-57a2d4851a1d" relativeResultsDirectory="dcd149d0-c330-42e2-a485-cf692b36d364">
      <Output>
        <StdErr>WARNING:
    Detected &lt;10&gt; orphan nodes during test suite setup stage!
    Check Setup:28 and Cleanup:39 for unfreed instances!</StdErr>
        <ErrorInfo>
          <Message>WARNING:
    Detected &lt;10&gt; orphan nodes during test suite setup stage!
    Check Setup:28 and Cleanup:39 for unfreed instances!</Message>
        </ErrorInfo>
      </Output>
    </UnitTestResult>
    <UnitTestResult executionId="7d899c0e-908c-488b-85d6-1e754907a2ca" testId="9cc8ee7b-4ddc-47c8-8c47-c136b13c9a6a" testName="[After].MainMenu_InheritsOmegaTheming" computerName="omega" startTime="2025-10-29T10:12:09.6524698-04:00" endTime="2025-10-29T10:12:09.6524825-04:00" testType="13cdc9d9-ddb5-4fa4-a97d-d965ccfc6d4b" outcome="Failed" testListId="8c84fa94-04c1-424b-9868-57a2d4851a1d" relativeResultsDirectory="7d899c0e-908c-488b-85d6-1e754907a2ca">
      <Output>
        <StdErr>WARNING:
    Detected &lt;10&gt; orphan nodes during test suite setup stage!
    Check Setup:27 and Cleanup:45 for unfreed instances!</StdErr>
        <ErrorInfo>
          <Message>WARNING:
    Detected &lt;10&gt; orphan nodes during test suite setup stage!
    Check Setup:27 and Cleanup:45 for unfreed instances!</Message>
        </ErrorInfo>
      </Output>
    </UnitTestResult>
    <UnitTestResult executionId="05ab081e-bd29-44e0-975e-5817b9a0a594" testId="1259776e-8f21-421c-b8f9-042da349aa03" testName="PureWhite_MatchesDesignSpec" computerName="omega" duration="00:00:00.0320000" startTime="2025-10-29T10:12:13.5328100-04:00" endTime="2025-10-29T10:12:13.5328190-04:00" testType="13cdc9d9-ddb5-4fa4-a97d-d965ccfc6d4b" outcome="Passed" testListId="8c84fa94-04c1-424b-9868-57a2d4851a1d" relativeResultsDirectory="05ab081e-bd29-44e0-975e-5817b9a0a594" />
    <UnitTestResult executionId="d292a700-d5c8-4a79-a3e2-3d89d12527ca" testId="b1b51b70-063b-4d27-9b02-ec8d53004c1e" testName="[After].MenuTitle_UsesAmberDesignColor" computerName="omega" startTime="2025-10-29T10:12:10.6840375-04:00" endTime="2025-10-29T10:12:10.6840382-04:00" testType="13cdc9d9-ddb5-4fa4-a97d-d965ccfc6d4b" outcome="Failed" testListId="8c84fa94-04c1-424b-9868-57a2d4851a1d" relativeResultsDirectory="d292a700-d5c8-4a79-a3e2-3d89d12527ca">
      <Output>
        <StdErr>WARNING:
    Detected &lt;10&gt; orphan nodes during test suite setup stage!
    Check Setup:28 and Cleanup:39 for unfreed instances!</StdErr>
        <ErrorInfo>
          <Message>WARNING:
    Detected &lt;10&gt; orphan nodes during test suite setup stage!
    Check Setup:28 and Cleanup:39 for unfreed instances!</Message>
        </ErrorInfo>
      </Output>
    </UnitTestResult>
    <UnitTestResult executionId="950f1a91-5d24-42d4-853c-578cbac162b3" testId="07912732-1dfd-42f6-ade1-7af1f19667cd" testName="[After].MenuTitle_IsHorizontallyCentered" computerName="omega" startTime="2025-10-29T10:12:10.6840152-04:00" endTime="2025-10-29T10:12:10.6840160-04:00" testType="13cdc9d9-ddb5-4fa4-a97d-d965ccfc6d4b" outcome="Failed" testListId="8c84fa94-04c1-424b-9868-57a2d4851a1d" relativeResultsDirectory="950f1a91-5d24-42d4-853c-578cbac162b3">
      <Output>
        <StdErr>WARNING:
    Detected &lt;10&gt; orphan nodes during test suite setup stage!
    Check Setup:28 and Cleanup:39 for unfreed instances!</StdErr>
        <ErrorInfo>
          <Message>WARNING:
    Detected &lt;10&gt; orphan nodes during test suite setup stage!
    Check Setup:28 and Cleanup:39 for unfreed instances!</Message>
        </ErrorInfo>
      </Output>
    </UnitTestResult>
    <UnitTestResult executionId="6992d088-be8c-40e2-89d7-155621bf834e" testId="adf92a78-436f-4d39-b2ef-42d60298c425" testName="GethighestscoringdreamweaverReturnscorrectdreamweaver" computerName="omega" duration="00:00:00.0330000" startTime="2025-10-29T10:12:13.3499034-04:00" endTime="2025-10-29T10:12:13.3499119-04:00" testType="13cdc9d9-ddb5-4fa4-a97d-d965ccfc6d4b" outcome="Passed" testListId="8c84fa94-04c1-424b-9868-57a2d4851a1d" relativeResultsDirectory="6992d088-be8c-40e2-89d7-155621bf834e">
      <Output>
        <StdErr>WARNING:
    Detected &lt;1&gt; orphan nodes during test execution!</StdErr>
        <ErrorInfo>
          <Message>WARNING:
    Detected &lt;1&gt; orphan nodes during test execution!</Message>
        </ErrorInfo>
      </Output>
    </UnitTestResult>
    <UnitTestResult executionId="6be0450f-7f06-44bf-a9b9-cb31761f313d" testId="fbc1b36b-c274-457d-a324-46329ea2c363" testName="[After].PauseMenu_HasBackground" computerName="omega" startTime="2025-10-29T10:12:13.1851827-04:00" endTime="2025-10-29T10:12:13.1851833-04:00" testType="13cdc9d9-ddb5-4fa4-a97d-d965ccfc6d4b" outcome="Failed" testListId="8c84fa94-04c1-424b-9868-57a2d4851a1d" relativeResultsDirectory="6be0450f-7f06-44bf-a9b9-cb31761f313d">
      <Output>
        <StdErr>WARNING:
    Detected &lt;4&gt; orphan nodes during test suite setup stage!
    Check Setup:25 and Cleanup:50 for unfreed instances!</StdErr>
        <ErrorInfo>
          <Message>WARNING:
    Detected &lt;4&gt; orphan nodes during test suite setup stage!
    Check Setup:25 and Cleanup:50 for unfreed instances!</Message>
        </ErrorInfo>
      </Output>
    </UnitTestResult>
    <UnitTestResult executionId="16939e3b-cf8a-4a92-aeee-e28f22ab646c" testId="3d5688d8-696d-4370-8531-cabe2b0432cd" testName="QuitButton_Exists" computerName="omega" duration="00:00:00.0310000" startTime="2025-10-29T10:12:10.1769731-04:00" endTime="2025-10-29T10:12:10.1769835-04:00" testType="13cdc9d9-ddb5-4fa4-a97d-d965ccfc6d4b" outcome="Failed" testListId="8c84fa94-04c1-424b-9868-57a2d4851a1d" relativeResultsDirectory="16939e3b-cf8a-4a92-aeee-e28f22ab646c">
      <Output>
        <ErrorInfo>
          <Message>Object reference not set to an instance of an object.</Message>
          <StackTrace>   at OmegaSpiral.Tests.Ui.MainMenuTests.QuitButton_Exists() in /home/adam/Dev/omega-spiral/chapter-zero/tests/ui/menus/MainMenuTests.cs:line 197
   at System.RuntimeMethodHandle.InvokeMethod(ObjectHandleOnStack target, Void** arguments, ObjectHandleOnStack sig, BOOL isConstructor, ObjectHandleOnStack result)
   at System.RuntimeMethodHandle.InvokeMethod(ObjectHandleOnStack target, Void** arguments, ObjectHandleOnStack sig, BOOL isConstructor, ObjectHandleOnStack result)
   at System.Reflection.MethodBaseInvoker.InterpretedInvoke_Method(Object obj, IntPtr* args)
   at System.Reflection.RuntimeMethodInfo.Invoke(Object obj, BindingFlags invokeAttr, Binder binder, Object[] parameters, CultureInfo culture)
</StackTrace>
        </ErrorInfo>
      </Output>
    </UnitTestResult>
    <UnitTestResult executionId="211a8fea-5ca2-4d76-9b29-8dac44e409e8" testId="e74ac166-7d13-4bd2-97fb-5107ee42e59e" testName="GetFocusedButton_ReturnsCorrectButton" computerName="omega" duration="00:00:00.0320000" startTime="2025-10-29T10:12:11.6321005-04:00" endTime="2025-10-29T10:12:11.6321197-04:00" testType="13cdc9d9-ddb5-4fa4-a97d-d965ccfc6d4b" outcome="Passed" testListId="8c84fa94-04c1-424b-9868-57a2d4851a1d" relativeResultsDirectory="211a8fea-5ca2-4d76-9b29-8dac44e409e8" />
    <UnitTestResult executionId="b6985738-2789-45a4-88fb-16818abf820e" testId="e96d02bf-451e-424a-8d04-427e85821ace" testName="OnUiConfirm_DucksAmbientAndRestores" computerName="omega" duration="00:00:00.4040000" startTime="2025-10-29T10:12:09.0823527-04:00" endTime="2025-10-29T10:12:09.0823930-04:00" testType="13cdc9d9-ddb5-4fa4-a97d-d965ccfc6d4b" outcome="Passed" testListId="8c84fa94-04c1-424b-9868-57a2d4851a1d" relativeResultsDirectory="b6985738-2789-45a4-88fb-16818abf820e" />
    <UnitTestResult executionId="c2e93051-deba-4407-a44f-d00259c3ba0c" testId="51de4858-027a-4a18-bc59-649795a867df" testName="ChoiceButton_InheritsFromButton" computerName="omega" duration="00:00:00.0280000" startTime="2025-10-29T10:12:11.7512746-04:00" endTime="2025-10-29T10:12:11.7512836-04:00" testType="13cdc9d9-ddb5-4fa4-a97d-d965ccfc6d4b" outcome="Passed" testListId="8c84fa94-04c1-424b-9868-57a2d4851a1d" relativeResultsDirectory="c2e93051-deba-4407-a44f-d00259c3ba0c" />
    <UnitTestResult executionId="427250f8-236d-48da-b25b-f5f4e8bf5afd" testId="2e36e90f-8de9-4007-8d89-f78eb03d83f3" testName="ConfigureAnimationSpeed_ClampsToValidRanges" computerName="omega" duration="00:00:00.0330000" startTime="2025-10-29T10:12:12.3828952-04:00" endTime="2025-10-29T10:12:12.3829035-04:00" testType="13cdc9d9-ddb5-4fa4-a97d-d965ccfc6d4b" outcome="Passed" testListId="8c84fa94-04c1-424b-9868-57a2d4851a1d" relativeResultsDirectory="427250f8-236d-48da-b25b-f5f4e8bf5afd" />
    <UnitTestResult executionId="c520cbd6-d516-4371-85f9-bb563f45cd9d" testId="653ac867-c581-470a-a17f-e7af946e3631" testName="TestUiLayoutConfigLoads" computerName="omega" duration="00:00:00.0320000" startTime="2025-10-29T10:12:14.0500195-04:00" endTime="2025-10-29T10:12:14.0500300-04:00" testType="13cdc9d9-ddb5-4fa4-a97d-d965ccfc6d4b" outcome="Passed" testListId="8c84fa94-04c1-424b-9868-57a2d4851a1d" relativeResultsDirectory="c520cbd6-d516-4371-85f9-bb563f45cd9d" />
    <UnitTestResult executionId="2f43f5f4-4ff3-480a-9b8c-c870fac7331f" testId="9a19dfe3-eb2e-4bcf-bacc-ef225a2654cc" testName="Anchors_FillParentBounds" computerName="omega" duration="00:00:00.0320000" startTime="2025-10-29T10:12:12.1505119-04:00" endTime="2025-10-29T10:12:12.1505231-04:00" testType="13cdc9d9-ddb5-4fa4-a97d-d965ccfc6d4b" outcome="Passed" testListId="8c84fa94-04c1-424b-9868-57a2d4851a1d" relativeResultsDirectory="2f43f5f4-4ff3-480a-9b8c-c870fac7331f" />
    <UnitTestResult executionId="371997ab-5609-4de0-b469-3156ee5cc2e9" testId="dc9893cf-c322-49cd-ab16-dd24614007d4" testName="TestStatusLabelWidthRatioLoaded" computerName="omega" duration="00:00:00.0320000" startTime="2025-10-29T10:12:14.1493216-04:00" endTime="2025-10-29T10:12:14.1493305-04:00" testType="13cdc9d9-ddb5-4fa4-a97d-d965ccfc6d4b" outcome="Passed" testListId="8c84fa94-04c1-424b-9868-57a2d4851a1d" relativeResultsDirectory="371997ab-5609-4de0-b469-3156ee5cc2e9" />
    <UnitTestResult executionId="09fb362b-928c-477f-a9e8-d5e1cf350de1" testId="1b0544b8-2e53-4006-ba49-13f805ed1686" testName="ConstructorInitializeswithzeroscores" computerName="omega" duration="00:00:00.0160000" startTime="2025-10-29T10:12:13.2501604-04:00" endTime="2025-10-29T10:12:13.2501698-04:00" testType="13cdc9d9-ddb5-4fa4-a97d-d965ccfc6d4b" outcome="Passed" testListId="8c84fa94-04c1-424b-9868-57a2d4851a1d" relativeResultsDirectory="09fb362b-928c-477f-a9e8-d5e1cf350de1">
      <Output>
        <StdErr>WARNING:
    Detected &lt;1&gt; orphan nodes during test execution!</StdErr>
        <ErrorInfo>
          <Message>WARNING:
    Detected &lt;1&gt; orphan nodes during test execution!</Message>
        </ErrorInfo>
      </Output>
    </UnitTestResult>
    <UnitTestResult executionId="e9152b9b-bbd8-42bb-b0b5-3d9cdb3f4890" testId="f24ebb09-ebbc-4019-9dfb-a4af93023cba" testName="[After].QuitButton_HasPressedSignalHandler" computerName="omega" startTime="2025-10-29T10:12:10.6841579-04:00" endTime="2025-10-29T10:12:10.6841586-04:00" testType="13cdc9d9-ddb5-4fa4-a97d-d965ccfc6d4b" outcome="Failed" testListId="8c84fa94-04c1-424b-9868-57a2d4851a1d" relativeResultsDirectory="e9152b9b-bbd8-42bb-b0b5-3d9cdb3f4890">
      <Output>
        <StdErr>WARNING:
    Detected &lt;10&gt; orphan nodes during test suite setup stage!
    Check Setup:28 and Cleanup:39 for unfreed instances!</StdErr>
        <ErrorInfo>
          <Message>WARNING:
    Detected &lt;10&gt; orphan nodes during test suite setup stage!
    Check Setup:28 and Cleanup:39 for unfreed instances!</Message>
        </ErrorInfo>
      </Output>
    </UnitTestResult>
    <UnitTestResult executionId="aee91dcc-9929-4b9e-a8cc-7374cdd1174d" testId="46e2bc4b-f2dd-4fb0-bf53-770e3b0a7b96" testName="PhosphorPulseRange_HasCorrectMinMax" computerName="omega" duration="00:00:00.0330000" startTime="2025-10-29T10:12:13.8334342-04:00" endTime="2025-10-29T10:12:13.8334428-04:00" testType="13cdc9d9-ddb5-4fa4-a97d-d965ccfc6d4b" outcome="Passed" testListId="8c84fa94-04c1-424b-9868-57a2d4851a1d" relativeResultsDirectory="aee91dcc-9929-4b9e-a8cc-7374cdd1174d" />
    <UnitTestResult executionId="1f04bded-53f4-47c9-a33e-4ce15cf82ab7" testId="45bc16d9-8b28-4f4c-88bb-c2b7662b7a28" testName="LaunchButton_ExistsWithCorrectText" computerName="omega" duration="00:00:00.0330000" startTime="2025-10-29T10:12:10.0989501-04:00" endTime="2025-10-29T10:12:10.0989641-04:00" testType="13cdc9d9-ddb5-4fa4-a97d-d965ccfc6d4b" outcome="Failed" testListId="8c84fa94-04c1-424b-9868-57a2d4851a1d" relativeResultsDirectory="1f04bded-53f4-47c9-a33e-4ce15cf82ab7">
      <Output>
        <ErrorInfo>
          <Message>Object reference not set to an instance of an object.</Message>
          <StackTrace>   at OmegaSpiral.Tests.Ui.MainMenuTests.LaunchButton_ExistsWithCorrectText() in /home/adam/Dev/omega-spiral/chapter-zero/tests/ui/menus/MainMenuTests.cs:line 168
   at System.RuntimeMethodHandle.InvokeMethod(ObjectHandleOnStack target, Void** arguments, ObjectHandleOnStack sig, BOOL isConstructor, ObjectHandleOnStack result)
   at System.RuntimeMethodHandle.InvokeMethod(ObjectHandleOnStack target, Void** arguments, ObjectHandleOnStack sig, BOOL isConstructor, ObjectHandleOnStack result)
   at System.Reflection.MethodBaseInvoker.InterpretedInvoke_Method(Object obj, IntPtr* args)
   at System.Reflection.RuntimeMethodInfo.Invoke(Object obj, BindingFlags invokeAttr, Binder binder, Object[] parameters, CultureInfo culture)
</StackTrace>
        </ErrorInfo>
      </Output>
    </UnitTestResult>
    <UnitTestResult executionId="700639f8-a937-477a-ac5e-f94941592d8a" testId="b5d99193-0798-4e50-93ed-dde93ccdce58" testName="[After].OptionsButton_Exists" computerName="omega" startTime="2025-10-29T10:12:10.6840786-04:00" endTime="2025-10-29T10:12:10.6840792-04:00" testType="13cdc9d9-ddb5-4fa4-a97d-d965ccfc6d4b" outcome="Failed" testListId="8c84fa94-04c1-424b-9868-57a2d4851a1d" relativeResultsDirectory="700639f8-a937-477a-ac5e-f94941592d8a">
      <Output>
        <StdErr>WARNING:
    Detected &lt;10&gt; orphan nodes during test suite setup stage!
    Check Setup:28 and Cleanup:39 for unfreed instances!</StdErr>
        <ErrorInfo>
          <Message>WARNING:
    Detected &lt;10&gt; orphan nodes during test suite setup stage!
    Check Setup:28 and Cleanup:39 for unfreed instances!</Message>
        </ErrorInfo>
      </Output>
    </UnitTestResult>
    <UnitTestResult executionId="1cd51a0b-f112-47a2-b643-bddb4110eab6" testId="c0ca8846-2e60-4270-8fdb-7d8659cac4e0" testName="SpiralRotationSpeed_IsPiOver4" computerName="omega" duration="00:00:00.0330000" startTime="2025-10-29T10:12:13.7328338-04:00" endTime="2025-10-29T10:12:13.7328441-04:00" testType="13cdc9d9-ddb5-4fa4-a97d-d965ccfc6d4b" outcome="Passed" testListId="8c84fa94-04c1-424b-9868-57a2d4851a1d" relativeResultsDirectory="1cd51a0b-f112-47a2-b643-bddb4110eab6" />
    <UnitTestResult executionId="967e368c-220f-4722-9115-e11911fcf830" testId="3efde16d-2bbc-484f-88dc-97938af5e5c5" testName="AllStageButtons_HavePressedSignalHandlers" computerName="omega" duration="00:00:00.0060000" startTime="2025-10-29T10:12:10.3090193-04:00" endTime="2025-10-29T10:12:10.3090310-04:00" testType="13cdc9d9-ddb5-4fa4-a97d-d965ccfc6d4b" outcome="Failed" testListId="8c84fa94-04c1-424b-9868-57a2d4851a1d" relativeResultsDirectory="967e368c-220f-4722-9115-e11911fcf830">
      <Output>
        <ErrorInfo>
          <Message>Object reference not set to an instance of an object.</Message>
          <StackTrace>   at OmegaSpiral.Tests.Ui.MainMenuTests.AllStageButtons_HavePressedSignalHandlers() in /home/adam/Dev/omega-spiral/chapter-zero/tests/ui/menus/MainMenuTests.cs:line 255
   at System.RuntimeMethodHandle.InvokeMethod(ObjectHandleOnStack target, Void** arguments, ObjectHandleOnStack sig, BOOL isConstructor, ObjectHandleOnStack result)
   at System.RuntimeMethodHandle.InvokeMethod(ObjectHandleOnStack target, Void** arguments, ObjectHandleOnStack sig, BOOL isConstructor, ObjectHandleOnStack result)
   at System.Reflection.MethodBaseInvoker.InterpretedInvoke_Method(Object obj, IntPtr* args)
   at System.Reflection.RuntimeMethodInfo.Invoke(Object obj, BindingFlags invokeAttr, Binder binder, Object[] parameters, CultureInfo culture)
</StackTrace>
        </ErrorInfo>
      </Output>
    </UnitTestResult>
    <UnitTestResult executionId="8c315066-e4ea-4c99-8d14-c5a7b9b2f451" testId="1fef8014-1fc5-4017-8e89-67fcca18484c" testName="OnUiHover_EmitsCueStarted" computerName="omega" duration="00:00:00.0240000" startTime="2025-10-29T10:12:08.6970199-04:00" endTime="2025-10-29T10:12:08.6983702-04:00" testType="13cdc9d9-ddb5-4fa4-a97d-d965ccfc6d4b" outcome="Passed" testListId="8c84fa94-04c1-424b-9868-57a2d4851a1d" relativeResultsDirectory="8c315066-e4ea-4c99-8d14-c5a7b9b2f451" />
    <UnitTestResult executionId="d0022cbb-d8c9-4bfe-bb3c-fd5ae9c1f7aa" testId="1349ca32-1349-4e32-921f-89287dd19511" testName="PrimaryColors_HaveFullOpacity" computerName="omega" duration="00:00:00.0330000" startTime="2025-10-29T10:12:13.9333376-04:00" endTime="2025-10-29T10:12:13.9333468-04:00" testType="13cdc9d9-ddb5-4fa4-a97d-d965ccfc6d4b" outcome="Passed" testListId="8c84fa94-04c1-424b-9868-57a2d4851a1d" relativeResultsDirectory="d0022cbb-d8c9-4bfe-bb3c-fd5ae9c1f7aa" />
    <UnitTestResult executionId="e844b154-2ae6-4984-9114-ca7f8a30f43b" testId="35ca3f95-059f-45ba-a347-02ff8d697495" testName="TestButtonPaddingHLoaded" computerName="omega" duration="00:00:00.0330000" startTime="2025-10-29T10:12:14.2167914-04:00" endTime="2025-10-29T10:12:14.2168010-04:00" testType="13cdc9d9-ddb5-4fa4-a97d-d965ccfc6d4b" outcome="Passed" testListId="8c84fa94-04c1-424b-9868-57a2d4851a1d" relativeResultsDirectory="e844b154-2ae6-4984-9114-ca7f8a30f43b" />
    <UnitTestResult executionId="c954ae0b-01bd-4c13-96e5-bf6c99f8f17d" testId="94827944-eed2-4b75-9bb8-51e20af7579f" testName="ScanlineOverlay_Has12PercentOpacity" computerName="omega" duration="00:00:00.0330000" startTime="2025-10-29T10:12:13.6669110-04:00" endTime="2025-10-29T10:12:13.6669201-04:00" testType="13cdc9d9-ddb5-4fa4-a97d-d965ccfc6d4b" outcome="Passed" testListId="8c84fa94-04c1-424b-9868-57a2d4851a1d" relativeResultsDirectory="c954ae0b-01bd-4c13-96e5-bf6c99f8f17d" />
    <UnitTestResult executionId="098908e7-430f-439f-b3b2-6313cbd96f47" testId="de22a306-0439-40fd-92c8-8016e519184f" testName="Configure_SetsAllProperties" computerName="omega" duration="00:00:00.0300000" startTime="2025-10-29T10:12:11.7828619-04:00" endTime="2025-10-29T10:12:11.7829355-04:00" testType="13cdc9d9-ddb5-4fa4-a97d-d965ccfc6d4b" outcome="Passed" testListId="8c84fa94-04c1-424b-9868-57a2d4851a1d" relativeResultsDirectory="098908e7-430f-439f-b3b2-6313cbd96f47" />
    <UnitTestResult executionId="0e1a26d7-0b13-4f9a-b76a-910009203fa0" testId="fc32ee8c-6c0a-4d82-8368-09a9df0e41d9" testName="Menu_IsEnabledByDefault" computerName="omega" duration="00:00:00.0330000" startTime="2025-10-29T10:12:11.1988129-04:00" endTime="2025-10-29T10:12:11.1988227-04:00" testType="13cdc9d9-ddb5-4fa4-a97d-d965ccfc6d4b" outcome="Passed" testListId="8c84fa94-04c1-424b-9868-57a2d4851a1d" relativeResultsDirectory="0e1a26d7-0b13-4f9a-b76a-910009203fa0" />
    <UnitTestResult executionId="daabd362-1943-4c72-acc7-8e65f9a4c2f1" testId="c0622e3b-6727-4a87-a42e-913ba0b2b0d1" testName="NeonMagenta_MatchesDesignSpec" computerName="omega" duration="00:00:00.0330000" startTime="2025-10-29T10:12:13.5661385-04:00" endTime="2025-10-29T10:12:13.5661477-04:00" testType="13cdc9d9-ddb5-4fa4-a97d-d965ccfc6d4b" outcome="Passed" testListId="8c84fa94-04c1-424b-9868-57a2d4851a1d" relativeResultsDirectory="daabd362-1943-4c72-acc7-8e65f9a4c2f1" />
    <UnitTestResult executionId="83556b17-0ef2-4ee3-9f8d-ca098d60fe13" testId="47847dc3-94ff-4ba7-96b2-06ee92130a21" testName="TestButtonHeightLoaded" computerName="omega" duration="00:00:00.0330000" startTime="2025-10-29T10:12:14.1827579-04:00" endTime="2025-10-29T10:12:14.1827671-04:00" testType="13cdc9d9-ddb5-4fa4-a97d-d965ccfc6d4b" outcome="Passed" testListId="8c84fa94-04c1-424b-9868-57a2d4851a1d" relativeResultsDirectory="83556b17-0ef2-4ee3-9f8d-ca098d60fe13" />
    <UnitTestResult executionId="178eb976-d52c-414f-94df-883b3bc7cada" testId="34e5f4fb-dd4e-4fa1-af45-e42c031b9459" testName="TestBezelMarginLoaded" computerName="omega" duration="00:00:00.0330000" startTime="2025-10-29T10:12:14.0831981-04:00" endTime="2025-10-29T10:12:14.0832068-04:00" testType="13cdc9d9-ddb5-4fa4-a97d-d965ccfc6d4b" outcome="Passed" testListId="8c84fa94-04c1-424b-9868-57a2d4851a1d" relativeResultsDirectory="178eb976-d52c-414f-94df-883b3bc7cada" />
    <UnitTestResult executionId="c82e32aa-3433-4f1a-8033-5034579b6afc" testId="d446cded-36bf-48f7-a69e-35cd10938430" testName="[After].PauseMenu_HasTitle" computerName="omega" startTime="2025-10-29T10:12:13.1852312-04:00" endTime="2025-10-29T10:12:13.1852315-04:00" testType="13cdc9d9-ddb5-4fa4-a97d-d965ccfc6d4b" outcome="Failed" testListId="8c84fa94-04c1-424b-9868-57a2d4851a1d" relativeResultsDirectory="c82e32aa-3433-4f1a-8033-5034579b6afc">
      <Output>
        <StdErr>WARNING:
    Detected &lt;4&gt; orphan nodes during test suite setup stage!
    Check Setup:25 and Cleanup:50 for unfreed instances!</StdErr>
        <ErrorInfo>
          <Message>WARNING:
    Detected &lt;4&gt; orphan nodes during test suite setup stage!
    Check Setup:25 and Cleanup:50 for unfreed instances!</Message>
        </ErrorInfo>
      </Output>
    </UnitTestResult>
    <UnitTestResult executionId="95752b8e-0f15-4d6a-a92b-4f70237e6385" testId="d0fbcf2e-3303-4b6b-85db-8c66f6d1d114" testName="[After].PauseMenu_FocusesFirstButton" computerName="omega" startTime="2025-10-29T10:12:13.1849315-04:00" endTime="2025-10-29T10:12:13.1849320-04:00" testType="13cdc9d9-ddb5-4fa4-a97d-d965ccfc6d4b" outcome="Failed" testListId="8c84fa94-04c1-424b-9868-57a2d4851a1d" relativeResultsDirectory="95752b8e-0f15-4d6a-a92b-4f70237e6385">
      <Output>
        <StdErr>WARNING:
    Detected &lt;4&gt; orphan nodes during test suite setup stage!
    Check Setup:25 and Cleanup:50 for unfreed instances!</StdErr>
        <ErrorInfo>
          <Message>WARNING:
    Detected &lt;4&gt; orphan nodes during test suite setup stage!
    Check Setup:25 and Cleanup:50 for unfreed instances!</Message>
        </ErrorInfo>
      </Output>
    </UnitTestResult>
    <UnitTestResult executionId="730c957c-ab72-4974-8c54-aba9ea091915" testId="ca97bfe4-22a8-4d04-9ad6-37cc22ad004d" testName="[After].OptionsButton_HasPressedSignalHandler" computerName="omega" startTime="2025-10-29T10:12:10.6840994-04:00" endTime="2025-10-29T10:12:10.6841001-04:00" testType="13cdc9d9-ddb5-4fa4-a97d-d965ccfc6d4b" outcome="Failed" testListId="8c84fa94-04c1-424b-9868-57a2d4851a1d" relativeResultsDirectory="730c957c-ab72-4974-8c54-aba9ea091915">
      <Output>
        <StdErr>WARNING:
    Detected &lt;10&gt; orphan nodes during test suite setup stage!
    Check Setup:28 and Cleanup:39 for unfreed instances!</StdErr>
        <ErrorInfo>
          <Message>WARNING:
    Detected &lt;10&gt; orphan nodes during test suite setup stage!
    Check Setup:28 and Cleanup:39 for unfreed instances!</Message>
        </ErrorInfo>
      </Output>
    </UnitTestResult>
    <UnitTestResult executionId="dca475c0-f8d6-49a4-968c-06c968052cac" testId="c04f61d5-4285-471b-9b80-e610f0dfb2b5" testName="FocusFirstButton_WorksCorrectly" computerName="omega" duration="00:00:00.0250000" startTime="2025-10-29T10:12:11.5989418-04:00" endTime="2025-10-29T10:12:11.5989506-04:00" testType="13cdc9d9-ddb5-4fa4-a97d-d965ccfc6d4b" outcome="Passed" testListId="8c84fa94-04c1-424b-9868-57a2d4851a1d" relativeResultsDirectory="dca475c0-f8d6-49a4-968c-06c968052cac" />
    <UnitTestResult executionId="cec57d3e-19a7-41be-93ac-7fe73cf488d0" testId="8d6580eb-30dc-4904-a6a3-f9f027bff838" testName="MenuUi_ExtendsOmegaContainer" computerName="omega" duration="00:00:00.0320000" startTime="2025-10-29T10:12:10.9320199-04:00" endTime="2025-10-29T10:12:10.9320295-04:00" testType="13cdc9d9-ddb5-4fa4-a97d-d965ccfc6d4b" outcome="Passed" testListId="8c84fa94-04c1-424b-9868-57a2d4851a1d" relativeResultsDirectory="cec57d3e-19a7-41be-93ac-7fe73cf488d0" />
    <UnitTestResult executionId="92711691-d070-49d5-aa03-8952678b07e8" testId="bcb00249-efce-4913-800b-f3f73500ffdb" testName="ColorTolerance_IsAppropriate" computerName="omega" duration="00:00:00.0330000" startTime="2025-10-29T10:12:13.8674788-04:00" endTime="2025-10-29T10:12:13.8674889-04:00" testType="13cdc9d9-ddb5-4fa4-a97d-d965ccfc6d4b" outcome="Passed" testListId="8c84fa94-04c1-424b-9868-57a2d4851a1d" relativeResultsDirectory="92711691-d070-49d5-aa03-8952678b07e8" />
    <UnitTestResult executionId="c4b045cb-bd30-46a2-b5e3-a9ffabe08d00" testId="e3bdd9bb-5fa7-4e86-985a-6e9e2a1630e5" testName="[After].LaunchButton_HasPressedSignalHandler" computerName="omega" startTime="2025-10-29T10:12:10.6835837-04:00" endTime="2025-10-29T10:12:10.6835845-04:00" testType="13cdc9d9-ddb5-4fa4-a97d-d965ccfc6d4b" outcome="Failed" testListId="8c84fa94-04c1-424b-9868-57a2d4851a1d" relativeResultsDirectory="c4b045cb-bd30-46a2-b5e3-a9ffabe08d00">
      <Output>
        <StdErr>WARNING:
    Detected &lt;10&gt; orphan nodes during test suite setup stage!
    Check Setup:28 and Cleanup:39 for unfreed instances!</StdErr>
        <ErrorInfo>
          <Message>WARNING:
    Detected &lt;10&gt; orphan nodes during test suite setup stage!
    Check Setup:28 and Cleanup:39 for unfreed instances!</Message>
        </ErrorInfo>
      </Output>
    </UnitTestResult>
    <UnitTestResult executionId="87547e62-6efe-42bd-87fc-e3957caf5f53" testId="fbc1b36b-c274-457d-a324-46329ea2c363" testName="PauseMenu_HasBackground" computerName="omega" duration="00:00:00.0320000" startTime="2025-10-29T10:12:13.1013590-04:00" endTime="2025-10-29T10:12:13.1013670-04:00" testType="13cdc9d9-ddb5-4fa4-a97d-d965ccfc6d4b" outcome="Passed" testListId="8c84fa94-04c1-424b-9868-57a2d4851a1d" relativeResultsDirectory="87547e62-6efe-42bd-87fc-e3957caf5f53" />
    <UnitTestResult executionId="9837fb96-5ee8-4a1e-926c-e318c01fa73a" testId="13bb589d-b375-47cd-bd41-431d50480f1e" testName="FocusFirstButton_WorksCorrectly" computerName="omega" duration="00:00:00.0330000" startTime="2025-10-29T10:12:11.2326319-04:00" endTime="2025-10-29T10:12:11.2326410-04:00" testType="13cdc9d9-ddb5-4fa4-a97d-d965ccfc6d4b" outcome="Passed" testListId="8c84fa94-04c1-424b-9868-57a2d4851a1d" relativeResultsDirectory="9837fb96-5ee8-4a1e-926c-e318c01fa73a" />
    <UnitTestResult executionId="c829cc2b-9068-4cbd-b698-afc8cf0683f8" testId="84833162-16b9-4c33-bd7c-2a1a6bb59ce5" testName="ExitTree_CleansUpProperly" computerName="omega" duration="00:00:00.0080000" startTime="2025-10-29T10:12:11.9736274-04:00" endTime="2025-10-29T10:12:11.9736373-04:00" testType="13cdc9d9-ddb5-4fa4-a97d-d965ccfc6d4b" outcome="Passed" testListId="8c84fa94-04c1-424b-9868-57a2d4851a1d" relativeResultsDirectory="c829cc2b-9068-4cbd-b698-afc8cf0683f8" />
    <UnitTestResult executionId="1ff73bcd-98b1-4502-9dd6-a69061c0963c" testId="e394a4b0-f51d-470c-abed-2740f653dc52" testName="ChoicePresenter_IsNullByDefault" computerName="omega" duration="00:00:00.0330000" startTime="2025-10-29T10:12:12.7325118-04:00" endTime="2025-10-29T10:12:12.7325205-04:00" testType="13cdc9d9-ddb5-4fa4-a97d-d965ccfc6d4b" outcome="Passed" testListId="8c84fa94-04c1-424b-9868-57a2d4851a1d" relativeResultsDirectory="1ff73bcd-98b1-4502-9dd6-a69061c0963c" />
    <UnitTestResult executionId="60a395b1-fa44-4e12-a4d1-8caa753a2aed" testId="fe25957b-1663-468b-b59b-350b265a1d4f" testName="[After].PauseMenu_ExtendsMenuUi" computerName="omega" startTime="2025-10-29T10:12:13.1849094-04:00" endTime="2025-10-29T10:12:13.1849099-04:00" testType="13cdc9d9-ddb5-4fa4-a97d-d965ccfc6d4b" outcome="Failed" testListId="8c84fa94-04c1-424b-9868-57a2d4851a1d" relativeResultsDirectory="60a395b1-fa44-4e12-a4d1-8caa753a2aed">
      <Output>
        <StdErr>WARNING:
    Detected &lt;4&gt; orphan nodes during test suite setup stage!
    Check Setup:25 and Cleanup:50 for unfreed instances!</StdErr>
        <ErrorInfo>
          <Message>WARNING:
    Detected &lt;4&gt; orphan nodes during test suite setup stage!
    Check Setup:25 and Cleanup:50 for unfreed instances!</Message>
        </ErrorInfo>
      </Output>
    </UnitTestResult>
    <UnitTestResult executionId="6b989139-00bc-4fa7-9597-ac7f55338ffd" testId="423e0505-742b-4260-a5bd-b91903851c61" testName="[After].ManifestLoads_SixStages_NoDuplicateFirst" computerName="omega" startTime="2025-10-29T10:12:10.6836065-04:00" endTime="2025-10-29T10:12:10.6836072-04:00" testType="13cdc9d9-ddb5-4fa4-a97d-d965ccfc6d4b" outcome="Failed" testListId="8c84fa94-04c1-424b-9868-57a2d4851a1d" relativeResultsDirectory="6b989139-00bc-4fa7-9597-ac7f55338ffd">
      <Output>
        <StdErr>WARNING:
    Detected &lt;10&gt; orphan nodes during test suite setup stage!
    Check Setup:28 and Cleanup:39 for unfreed instances!</StdErr>
        <ErrorInfo>
          <Message>WARNING:
    Detected &lt;10&gt; orphan nodes during test suite setup stage!
    Check Setup:28 and Cleanup:39 for unfreed instances!</Message>
        </ErrorInfo>
      </Output>
    </UnitTestResult>
    <UnitTestResult executionId="2575a38f-8379-4db9-a57c-d2744f9d548c" testId="65b2cceb-d1a6-4ac8-9d12-767838a31a98" testName="MenuTitle_UsesCorrectFontSize" computerName="omega" duration="00:00:00.0310000" startTime="2025-10-29T10:12:10.3755684-04:00" endTime="2025-10-29T10:12:10.3755900-04:00" testType="13cdc9d9-ddb5-4fa4-a97d-d965ccfc6d4b" outcome="Failed" testListId="8c84fa94-04c1-424b-9868-57a2d4851a1d" relativeResultsDirectory="2575a38f-8379-4db9-a57c-d2744f9d548c">
      <Output>
        <ErrorInfo>
          <Message>Expecting be NOT &lt;Null&gt;:</Message>
          <StackTrace>   at OmegaSpiral.Tests.Ui.MainMenuTests.MenuTitle_UsesCorrectFontSize() in /home/adam/Dev/omega-spiral/chapter-zero/tests/ui/menus/MainMenuTests.cs:line 297
</StackTrace>
        </ErrorInfo>
      </Output>
    </UnitTestResult>
    <UnitTestResult executionId="289097de-6beb-497b-8583-65a81278fb3c" testId="35f74bfe-3e5a-4911-8a9f-4e0d869799fd" testName="[After].PauseMenu_HasButtons" computerName="omega" startTime="2025-10-29T10:12:13.1852143-04:00" endTime="2025-10-29T10:12:13.1852147-04:00" testType="13cdc9d9-ddb5-4fa4-a97d-d965ccfc6d4b" outcome="Failed" testListId="8c84fa94-04c1-424b-9868-57a2d4851a1d" relativeResultsDirectory="289097de-6beb-497b-8583-65a81278fb3c">
      <Output>
        <StdErr>WARNING:
    Detected &lt;4&gt; orphan nodes during test suite setup stage!
    Check Setup:25 and Cleanup:50 for unfreed instances!</StdErr>
        <ErrorInfo>
          <Message>WARNING:
    Detected &lt;4&gt; orphan nodes during test suite setup stage!
    Check Setup:25 and Cleanup:50 for unfreed instances!</Message>
        </ErrorInfo>
      </Output>
    </UnitTestResult>
    <UnitTestResult executionId="8c6057c1-b220-4be2-8e19-98733dd553ee" testId="15639d9c-e8ad-4e13-a106-65a3ab558d33" testName="InheritsFromMenuUi" computerName="omega" duration="00:00:00.0320000" startTime="2025-10-29T10:12:09.8990401-04:00" endTime="2025-10-29T10:12:09.8990551-04:00" testType="13cdc9d9-ddb5-4fa4-a97d-d965ccfc6d4b" outcome="Passed" testListId="8c84fa94-04c1-424b-9868-57a2d4851a1d" relativeResultsDirectory="8c6057c1-b220-4be2-8e19-98733dd553ee" />
    <UnitTestResult executionId="79124b15-5611-4344-9081-44315e36b91d" testId="4b7fd999-7514-410e-bac9-8e38245873b1" testName="[After].MainMenu_HasRequiredNodes" computerName="omega" startTime="2025-10-29T10:12:09.6515233-04:00" endTime="2025-10-29T10:12:09.6515276-04:00" testType="13cdc9d9-ddb5-4fa4-a97d-d965ccfc6d4b" outcome="Failed" testListId="8c84fa94-04c1-424b-9868-57a2d4851a1d" relativeResultsDirectory="79124b15-5611-4344-9081-44315e36b91d">
      <Output>
        <StdErr>WARNING:
    Detected &lt;10&gt; orphan nodes during test suite setup stage!
    Check Setup:27 and Cleanup:45 for unfreed instances!</StdErr>
        <ErrorInfo>
          <Message>WARNING:
    Detected &lt;10&gt; orphan nodes during test suite setup stage!
    Check Setup:27 and Cleanup:45 for unfreed instances!</Message>
        </ErrorInfo>
      </Output>
    </UnitTestResult>
    <UnitTestResult executionId="61a68c27-2960-4939-902b-cec2cf4c8d22" testId="579d5b39-4ed7-421d-a1dd-87f5ace4af18" testName="[After].GlitchLayer_IsVisibleWithCorrectOpacity" computerName="omega" startTime="2025-10-29T10:12:10.6835048-04:00" endTime="2025-10-29T10:12:10.6835060-04:00" testType="13cdc9d9-ddb5-4fa4-a97d-d965ccfc6d4b" outcome="Failed" testListId="8c84fa94-04c1-424b-9868-57a2d4851a1d" relativeResultsDirectory="61a68c27-2960-4939-902b-cec2cf4c8d22">
      <Output>
        <StdErr>WARNING:
    Detected &lt;10&gt; orphan nodes during test suite setup stage!
    Check Setup:28 and Cleanup:39 for unfreed instances!</StdErr>
        <ErrorInfo>
          <Message>WARNING:
    Detected &lt;10&gt; orphan nodes during test suite setup stage!
    Check Setup:28 and Cleanup:39 for unfreed instances!</Message>
        </ErrorInfo>
      </Output>
    </UnitTestResult>
    <UnitTestResult executionId="b3f66e75-bbfa-4b91-b19e-2d317ca68933" testId="5e79409f-6089-4aa7-89e8-715862574e70" testName="MenuTitle_DisplaysOmegaSpiral" computerName="omega" duration="00:00:00.0330000" startTime="2025-10-29T10:12:09.9324393-04:00" endTime="2025-10-29T10:12:09.9324531-04:00" testType="13cdc9d9-ddb5-4fa4-a97d-d965ccfc6d4b" outcome="Failed" testListId="8c84fa94-04c1-424b-9868-57a2d4851a1d" relativeResultsDirectory="b3f66e75-bbfa-4b91-b19e-2d317ca68933">
      <Output>
        <ErrorInfo>
          <Message>Object reference not set to an instance of an object.</Message>
          <StackTrace>   at OmegaSpiral.Tests.Ui.MainMenuTests.MenuTitle_DisplaysOmegaSpiral() in /home/adam/Dev/omega-spiral/chapter-zero/tests/ui/menus/MainMenuTests.cs:line 68
   at System.RuntimeMethodHandle.InvokeMethod(ObjectHandleOnStack target, Void** arguments, ObjectHandleOnStack sig, BOOL isConstructor, ObjectHandleOnStack result)
   at System.RuntimeMethodHandle.InvokeMethod(ObjectHandleOnStack target, Void** arguments, ObjectHandleOnStack sig, BOOL isConstructor, ObjectHandleOnStack result)
   at System.Reflection.MethodBaseInvoker.InterpretedInvoke_Method(Object obj, IntPtr* args)
   at System.Reflection.RuntimeMethodInfo.Invoke(Object obj, BindingFlags invokeAttr, Binder binder, Object[] parameters, CultureInfo culture)
</StackTrace>
        </ErrorInfo>
      </Output>
    </UnitTestResult>
    <UnitTestResult executionId="1cfc1dda-75ec-4c97-8206-8d4a3a880702" testId="7540ee11-23bf-4684-94d8-90ea3cd0f3f9" testName="MenuButtonContainer_HasCorrectSpacing" computerName="omega" duration="00:00:00.0330000" startTime="2025-10-29T10:12:10.4001376-04:00" endTime="2025-10-29T10:12:10.4001542-04:00" testType="13cdc9d9-ddb5-4fa4-a97d-d965ccfc6d4b" outcome="Failed" testListId="8c84fa94-04c1-424b-9868-57a2d4851a1d" relativeResultsDirectory="1cfc1dda-75ec-4c97-8206-8d4a3a880702">
      <Output>
        <ErrorInfo>
          <Message>Expecting be NOT &lt;Null&gt;:</Message>
          <StackTrace>   at OmegaSpiral.Tests.Ui.MainMenuTests.MenuButtonContainer_HasCorrectSpacing() in /home/adam/Dev/omega-spiral/chapter-zero/tests/ui/menus/MainMenuTests.cs:line 320
</StackTrace>
        </ErrorInfo>
      </Output>
    </UnitTestResult>
    <UnitTestResult executionId="5c40a7ee-70e3-4244-a075-19dffbda7da4" testId="7a393634-1947-4564-8580-00538b8f0465" testName="TestButtonSpacingLoaded" computerName="omega" duration="00:00:00.0330000" startTime="2025-10-29T10:12:14.2835011-04:00" endTime="2025-10-29T10:12:14.2835114-04:00" testType="13cdc9d9-ddb5-4fa4-a97d-d965ccfc6d4b" outcome="Passed" testListId="8c84fa94-04c1-424b-9868-57a2d4851a1d" relativeResultsDirectory="5c40a7ee-70e3-4244-a075-19dffbda7da4" />
    <UnitTestResult executionId="d07a5cc1-738a-44b7-ae76-4b947175277e" testId="b1b51b70-063b-4d27-9b02-ec8d53004c1e" testName="MenuTitle_UsesAmberDesignColor" computerName="omega" duration="00:00:00.0230000" startTime="2025-10-29T10:12:10.3345599-04:00" endTime="2025-10-29T10:12:10.3345730-04:00" testType="13cdc9d9-ddb5-4fa4-a97d-d965ccfc6d4b" outcome="Failed" testListId="8c84fa94-04c1-424b-9868-57a2d4851a1d" relativeResultsDirectory="d07a5cc1-738a-44b7-ae76-4b947175277e">
      <Output>
        <ErrorInfo>
          <Message>Expecting be NOT &lt;Null&gt;:</Message>
          <StackTrace>   at OmegaSpiral.Tests.Ui.MainMenuTests.MenuTitle_UsesAmberDesignColor() in /home/adam/Dev/omega-spiral/chapter-zero/tests/ui/menus/MainMenuTests.cs:line 276
</StackTrace>
        </ErrorInfo>
      </Output>
    </UnitTestResult>
    <UnitTestResult executionId="303e4c30-f659-4178-9f3c-511e437fdc80" testId="e3bdd9bb-5fa7-4e86-985a-6e9e2a1630e5" testName="LaunchButton_HasPressedSignalHandler" computerName="omega" duration="00:00:00.0670000" startTime="2025-10-29T10:12:10.2356015-04:00" endTime="2025-10-29T10:12:10.2356139-04:00" testType="13cdc9d9-ddb5-4fa4-a97d-d965ccfc6d4b" outcome="Failed" testListId="8c84fa94-04c1-424b-9868-57a2d4851a1d" relativeResultsDirectory="303e4c30-f659-4178-9f3c-511e437fdc80">
      <Output>
        <ErrorInfo>
          <Message>Object reference not set to an instance of an object.</Message>
          <StackTrace>   at OmegaSpiral.Tests.Ui.MainMenuTests.LaunchButton_HasPressedSignalHandler() in /home/adam/Dev/omega-spiral/chapter-zero/tests/ui/menus/MainMenuTests.cs:line 213
   at System.RuntimeMethodHandle.InvokeMethod(ObjectHandleOnStack target, Void** arguments, ObjectHandleOnStack sig, BOOL isConstructor, ObjectHandleOnStack result)
   at System.RuntimeMethodHandle.InvokeMethod(ObjectHandleOnStack target, Void** arguments, ObjectHandleOnStack sig, BOOL isConstructor, ObjectHandleOnStack result)
   at System.Reflection.MethodBaseInvoker.InterpretedInvoke_Method(Object obj, IntPtr* args)
   at System.Reflection.RuntimeMethodInfo.Invoke(Object obj, BindingFlags invokeAttr, Binder binder, Object[] parameters, CultureInfo culture)
</StackTrace>
        </ErrorInfo>
      </Output>
    </UnitTestResult>
    <UnitTestResult executionId="02bcb9be-581c-4356-ad59-d42a20a0de6c" testId="56bdc559-e4dc-42f9-ae3b-8d61489455e2" testName="GettotalscoreReturnssumofallscores" computerName="omega" duration="00:00:00.0330000" startTime="2025-10-29T10:12:13.4166189-04:00" endTime="2025-10-29T10:12:13.4166273-04:00" testType="13cdc9d9-ddb5-4fa4-a97d-d965ccfc6d4b" outcome="Passed" testListId="8c84fa94-04c1-424b-9868-57a2d4851a1d" relativeResultsDirectory="02bcb9be-581c-4356-ad59-d42a20a0de6c">
      <Output>
        <StdErr>WARNING:
    Detected &lt;1&gt; orphan nodes during test execution!</StdErr>
        <ErrorInfo>
          <Message>WARNING:
    Detected &lt;1&gt; orphan nodes during test execution!</Message>
        </ErrorInfo>
      </Output>
    </UnitTestResult>
    <UnitTestResult executionId="966923bf-5c31-47cd-b297-f1cb53ea29ee" testId="0082dc98-e75e-45a6-9bab-44439b8cc81a" testName="ChoiceButton_SupportsFocusNavigation" computerName="omega" duration="00:00:00.0820000" startTime="2025-10-29T10:12:11.9657993-04:00" endTime="2025-10-29T10:12:11.9658105-04:00" testType="13cdc9d9-ddb5-4fa4-a97d-d965ccfc6d4b" outcome="Passed" testListId="8c84fa94-04c1-424b-9868-57a2d4851a1d" relativeResultsDirectory="966923bf-5c31-47cd-b297-f1cb53ea29ee" />
    <UnitTestResult executionId="f197ce64-b869-4af9-a099-3ebbe14ec00b" testId="c0bfabf1-3263-4ee6-b33c-3de9daa38cb0" testName="[After].MenuButtonContainer_IsCenterAligned" computerName="omega" startTime="2025-10-29T10:12:10.6836873-04:00" endTime="2025-10-29T10:12:10.6836879-04:00" testType="13cdc9d9-ddb5-4fa4-a97d-d965ccfc6d4b" outcome="Failed" testListId="8c84fa94-04c1-424b-9868-57a2d4851a1d" relativeResultsDirectory="f197ce64-b869-4af9-a099-3ebbe14ec00b">
      <Output>
        <StdErr>WARNING:
    Detected &lt;10&gt; orphan nodes during test suite setup stage!
    Check Setup:28 and Cleanup:39 for unfreed instances!</StdErr>
        <ErrorInfo>
          <Message>WARNING:
    Detected &lt;10&gt; orphan nodes during test suite setup stage!
    Check Setup:28 and Cleanup:39 for unfreed instances!</Message>
        </ErrorInfo>
      </Output>
    </UnitTestResult>
    <UnitTestResult executionId="d80aa684-5100-49de-83ac-5bb7d1d046ff" testId="6820439d-64e5-4da6-ad2a-12eba766ee0e" testName="UpdatedreamweaverscoreAddspointscorrectly" computerName="omega" duration="00:00:00.0320000" startTime="2025-10-29T10:12:13.2831570-04:00" endTime="2025-10-29T10:12:13.2831655-04:00" testType="13cdc9d9-ddb5-4fa4-a97d-d965ccfc6d4b" outcome="Passed" testListId="8c84fa94-04c1-424b-9868-57a2d4851a1d" relativeResultsDirectory="d80aa684-5100-49de-83ac-5bb7d1d046ff">
      <Output>
        <StdErr>WARNING:
    Detected &lt;1&gt; orphan nodes during test execution!</StdErr>
        <ErrorInfo>
          <Message>WARNING:
    Detected &lt;1&gt; orphan nodes during test execution!</Message>
        </ErrorInfo>
      </Output>
    </UnitTestResult>
    <UnitTestResult executionId="325004f0-0c33-490d-9127-c47045363686" testId="af80859e-eef7-4f53-a8b3-1acb175339bd" testName="GetFocusedButton_ReturnsNullWhenNoFocus" computerName="omega" duration="00:00:00.0350000" startTime="2025-10-29T10:12:11.6724547-04:00" endTime="2025-10-29T10:12:11.6724645-04:00" testType="13cdc9d9-ddb5-4fa4-a97d-d965ccfc6d4b" outcome="Passed" testListId="8c84fa94-04c1-424b-9868-57a2d4851a1d" relativeResultsDirectory="325004f0-0c33-490d-9127-c47045363686" />
    <UnitTestResult executionId="6f5757d0-2197-4ab8-b2ec-7dead9c78e70" testId="530b98e1-977a-4b72-835c-7dfd0f2e4652" testName="MenuUi_HasMenuModeEnum" computerName="omega" duration="00:00:00.0330000" startTime="2025-10-29T10:12:10.9656462-04:00" endTime="2025-10-29T10:12:10.9656553-04:00" testType="13cdc9d9-ddb5-4fa4-a97d-d965ccfc6d4b" outcome="Passed" testListId="8c84fa94-04c1-424b-9868-57a2d4851a1d" relativeResultsDirectory="6f5757d0-2197-4ab8-b2ec-7dead9c78e70" />
    <UnitTestResult executionId="a0dee265-f543-48b6-aa77-485cef6de656" testId="92a1379b-57c1-4db4-a2dc-6dfb18d29873" testName="OmegaContainer_IsGlobalClass" computerName="omega" duration="00:00:00.0320000" startTime="2025-10-29T10:12:12.6328338-04:00" endTime="2025-10-29T10:12:12.6328433-04:00" testType="13cdc9d9-ddb5-4fa4-a97d-d965ccfc6d4b" outcome="Passed" testListId="8c84fa94-04c1-424b-9868-57a2d4851a1d" relativeResultsDirectory="a0dee265-f543-48b6-aa77-485cef6de656" />
    <UnitTestResult executionId="9892a7b6-1393-4b85-9f3b-393ee7996df3" testId="a3170e46-a482-4e45-9090-ed80e1a63a73" testName="MenuActionBar_Exists" computerName="omega" duration="00:00:00.0330000" startTime="2025-10-29T10:12:09.9989542-04:00" endTime="2025-10-29T10:12:09.9989708-04:00" testType="13cdc9d9-ddb5-4fa4-a97d-d965ccfc6d4b" outcome="Failed" testListId="8c84fa94-04c1-424b-9868-57a2d4851a1d" relativeResultsDirectory="9892a7b6-1393-4b85-9f3b-393ee7996df3">
      <Output>
        <ErrorInfo>
          <Message>Expecting be NOT &lt;Null&gt;:</Message>
          <StackTrace>   at OmegaSpiral.Tests.Ui.MainMenuTests.MenuActionBar_Exists() in /home/adam/Dev/omega-spiral/chapter-zero/tests/ui/menus/MainMenuTests.cs:line 93
</StackTrace>
        </ErrorInfo>
      </Output>
    </UnitTestResult>
    <UnitTestResult executionId="11dec77e-3a4b-4327-925a-12e498ab7d2f" testId="e22b1312-22a6-4672-8ef8-8ce0d5a30fcd" testName="[After].Background_UsesCorrectDarkColor" computerName="omega" startTime="2025-10-29T10:12:10.6830593-04:00" endTime="2025-10-29T10:12:10.6830600-04:00" testType="13cdc9d9-ddb5-4fa4-a97d-d965ccfc6d4b" outcome="Failed" testListId="8c84fa94-04c1-424b-9868-57a2d4851a1d" relativeResultsDirectory="11dec77e-3a4b-4327-925a-12e498ab7d2f">
      <Output>
        <StdErr>WARNING:
    Detected &lt;10&gt; orphan nodes during test suite setup stage!
    Check Setup:28 and Cleanup:39 for unfreed instances!</StdErr>
        <ErrorInfo>
          <Message>WARNING:
    Detected &lt;10&gt; orphan nodes during test suite setup stage!
    Check Setup:28 and Cleanup:39 for unfreed instances!</Message>
        </ErrorInfo>
      </Output>
    </UnitTestResult>
    <UnitTestResult executionId="5e90d829-6e40-42e4-a139-7b07ed05bcc5" testId="b5d99193-0798-4e50-93ed-dde93ccdce58" testName="OptionsButton_Exists" computerName="omega" duration="00:00:00.0330000" startTime="2025-10-29T10:12:10.1337750-04:00" endTime="2025-10-29T10:12:10.1337876-04:00" testType="13cdc9d9-ddb5-4fa4-a97d-d965ccfc6d4b" outcome="Failed" testListId="8c84fa94-04c1-424b-9868-57a2d4851a1d" relativeResultsDirectory="5e90d829-6e40-42e4-a139-7b07ed05bcc5">
      <Output>
        <ErrorInfo>
          <Message>Object reference not set to an instance of an object.</Message>
          <StackTrace>   at OmegaSpiral.Tests.Ui.MainMenuTests.OptionsButton_Exists() in /home/adam/Dev/omega-spiral/chapter-zero/tests/ui/menus/MainMenuTests.cs:line 183
   at System.RuntimeMethodHandle.InvokeMethod(ObjectHandleOnStack target, Void** arguments, ObjectHandleOnStack sig, BOOL isConstructor, ObjectHandleOnStack result)
   at System.RuntimeMethodHandle.InvokeMethod(ObjectHandleOnStack target, Void** arguments, ObjectHandleOnStack sig, BOOL isConstructor, ObjectHandleOnStack result)
   at System.Reflection.MethodBaseInvoker.InterpretedInvoke_Method(Object obj, IntPtr* args)
   at System.Reflection.RuntimeMethodInfo.Invoke(Object obj, BindingFlags invokeAttr, Binder binder, Object[] parameters, CultureInfo culture)
</StackTrace>
        </ErrorInfo>
      </Output>
    </UnitTestResult>
    <UnitTestResult executionId="a61b4139-1c96-49b5-92fb-2283778524ca" testId="0b9e4a5a-3d5a-41c9-8ca8-c593163d79a0" testName="ScanlineLayer_IsVisibleWithCorrectOpacity" computerName="omega" duration="00:00:00.0280000" startTime="2025-10-29T10:12:10.5664202-04:00" endTime="2025-10-29T10:12:10.5664309-04:00" testType="13cdc9d9-ddb5-4fa4-a97d-d965ccfc6d4b" outcome="Failed" testListId="8c84fa94-04c1-424b-9868-57a2d4851a1d" relativeResultsDirectory="a61b4139-1c96-49b5-92fb-2283778524ca">
      <Output>
        <ErrorInfo>
          <Message>Expecting be NOT &lt;Null&gt;:</Message>
          <StackTrace>   at OmegaSpiral.Tests.Ui.MainMenuTests.ScanlineLayer_IsVisibleWithCorrectOpacity() in /home/adam/Dev/omega-spiral/chapter-zero/tests/ui/menus/MainMenuTests.cs:line 407
</StackTrace>
        </ErrorInfo>
      </Output>
    </UnitTestResult>
    <UnitTestResult executionId="9e26be2b-4b73-4add-b5de-3f27d1fc44d9" testId="5e79409f-6089-4aa7-89e8-715862574e70" testName="[After].MenuTitle_DisplaysOmegaSpiral" computerName="omega" startTime="2025-10-29T10:12:10.6839875-04:00" endTime="2025-10-29T10:12:10.6839886-04:00" testType="13cdc9d9-ddb5-4fa4-a97d-d965ccfc6d4b" outcome="Failed" testListId="8c84fa94-04c1-424b-9868-57a2d4851a1d" relativeResultsDirectory="9e26be2b-4b73-4add-b5de-3f27d1fc44d9">
      <Output>
        <StdErr>WARNING:
    Detected &lt;10&gt; orphan nodes during test suite setup stage!
    Check Setup:28 and Cleanup:39 for unfreed instances!</StdErr>
        <ErrorInfo>
          <Message>WARNING:
    Detected &lt;10&gt; orphan nodes during test suite setup stage!
    Check Setup:28 and Cleanup:39 for unfreed instances!</Message>
        </ErrorInfo>
      </Output>
    </UnitTestResult>
    <UnitTestResult executionId="ff0568ae-3443-431b-8cbb-d9113a13f705" testId="15639d9c-e8ad-4e13-a106-65a3ab558d33" testName="[After].InheritsFromMenuUi" computerName="omega" startTime="2025-10-29T10:12:10.6835404-04:00" endTime="2025-10-29T10:12:10.6835411-04:00" testType="13cdc9d9-ddb5-4fa4-a97d-d965ccfc6d4b" outcome="Failed" testListId="8c84fa94-04c1-424b-9868-57a2d4851a1d" relativeResultsDirectory="ff0568ae-3443-431b-8cbb-d9113a13f705">
      <Output>
        <StdErr>WARNING:
    Detected &lt;10&gt; orphan nodes during test suite setup stage!
    Check Setup:28 and Cleanup:39 for unfreed instances!</StdErr>
        <ErrorInfo>
          <Message>WARNING:
    Detected &lt;10&gt; orphan nodes during test suite setup stage!
    Check Setup:28 and Cleanup:39 for unfreed instances!</Message>
        </ErrorInfo>
      </Output>
    </UnitTestResult>
    <UnitTestResult executionId="dcf3decb-e939-450d-b4e3-e2ce03e8701d" testId="65b2cceb-d1a6-4ac8-9d12-767838a31a98" testName="[After].MenuTitle_UsesCorrectFontSize" computerName="omega" startTime="2025-10-29T10:12:10.6840578-04:00" endTime="2025-10-29T10:12:10.6840585-04:00" testType="13cdc9d9-ddb5-4fa4-a97d-d965ccfc6d4b" outcome="Failed" testListId="8c84fa94-04c1-424b-9868-57a2d4851a1d" relativeResultsDirectory="dcf3decb-e939-450d-b4e3-e2ce03e8701d">
      <Output>
        <StdErr>WARNING:
    Detected &lt;10&gt; orphan nodes during test suite setup stage!
    Check Setup:28 and Cleanup:39 for unfreed instances!</StdErr>
        <ErrorInfo>
          <Message>WARNING:
    Detected &lt;10&gt; orphan nodes during test suite setup stage!
    Check Setup:28 and Cleanup:39 for unfreed instances!</Message>
        </ErrorInfo>
      </Output>
    </UnitTestResult>
    <UnitTestResult executionId="5d0acb22-1ee7-45aa-9e87-d6283c1ccf90" testId="3d5688d8-696d-4370-8531-cabe2b0432cd" testName="[After].QuitButton_Exists" computerName="omega" startTime="2025-10-29T10:12:10.6841388-04:00" endTime="2025-10-29T10:12:10.6841395-04:00" testType="13cdc9d9-ddb5-4fa4-a97d-d965ccfc6d4b" outcome="Failed" testListId="8c84fa94-04c1-424b-9868-57a2d4851a1d" relativeResultsDirectory="5d0acb22-1ee7-45aa-9e87-d6283c1ccf90">
      <Output>
        <StdErr>WARNING:
    Detected &lt;10&gt; orphan nodes during test suite setup stage!
    Check Setup:28 and Cleanup:39 for unfreed instances!</StdErr>
        <ErrorInfo>
          <Message>WARNING:
    Detected &lt;10&gt; orphan nodes during test suite setup stage!
    Check Setup:28 and Cleanup:39 for unfreed instances!</Message>
        </ErrorInfo>
      </Output>
    </UnitTestResult>
    <UnitTestResult executionId="6200ad02-b778-4e0d-87a9-7cc704196d39" testId="ff2e8cc6-f8db-4d51-96ee-f67ada4228ef" testName="[After].ContentContainer_HasCorrectSectionSpacing" computerName="omega" startTime="2025-10-29T10:12:10.6830829-04:00" endTime="2025-10-29T10:12:10.6830838-04:00" testType="13cdc9d9-ddb5-4fa4-a97d-d965ccfc6d4b" outcome="Failed" testListId="8c84fa94-04c1-424b-9868-57a2d4851a1d" relativeResultsDirectory="6200ad02-b778-4e0d-87a9-7cc704196d39">
      <Output>
        <StdErr>WARNING:
    Detected &lt;10&gt; orphan nodes during test suite setup stage!
    Check Setup:28 and Cleanup:39 for unfreed instances!</StdErr>
        <ErrorInfo>
          <Message>WARNING:
    Detected &lt;10&gt; orphan nodes during test suite setup stage!
    Check Setup:28 and Cleanup:39 for unfreed instances!</Message>
        </ErrorInfo>
      </Output>
    </UnitTestResult>
    <UnitTestResult executionId="338543ab-a441-49fb-a22c-ed9c72692ee9" testId="630191de-79dc-41c4-97fd-29ff0d9f60a1" testName="GetFocusedButton_ReturnsCorrectButton" computerName="omega" duration="00:00:00.0320000" startTime="2025-10-29T10:12:11.2654014-04:00" endTime="2025-10-29T10:12:11.2654112-04:00" testType="13cdc9d9-ddb5-4fa4-a97d-d965ccfc6d4b" outcome="Passed" testListId="8c84fa94-04c1-424b-9868-57a2d4851a1d" relativeResultsDirectory="338543ab-a441-49fb-a22c-ed9c72692ee9" />
    <UnitTestResult executionId="78f4e7fa-bf7a-487c-8e7e-157ce25ad737" testId="2adbd154-6fd7-476c-85c2-9a25cb1c0d24" testName="BorderFrame_IsVisibleByDefault" computerName="omega" duration="00:00:00.0320000" startTime="2025-10-29T10:12:12.5159712-04:00" endTime="2025-10-29T10:12:12.5159803-04:00" testType="13cdc9d9-ddb5-4fa4-a97d-d965ccfc6d4b" outcome="Passed" testListId="8c84fa94-04c1-424b-9868-57a2d4851a1d" relativeResultsDirectory="78f4e7fa-bf7a-487c-8e7e-157ce25ad737" />
    <UnitTestResult executionId="23ff709b-c6e5-41af-bc98-433dcbbfe057" testId="ca97bfe4-22a8-4d04-9ad6-37cc22ad004d" testName="OptionsButton_HasPressedSignalHandler" computerName="omega" duration="00:00:00.0030000" startTime="2025-10-29T10:12:10.2398896-04:00" endTime="2025-10-29T10:12:10.2399014-04:00" testType="13cdc9d9-ddb5-4fa4-a97d-d965ccfc6d4b" outcome="Failed" testListId="8c84fa94-04c1-424b-9868-57a2d4851a1d" relativeResultsDirectory="23ff709b-c6e5-41af-bc98-433dcbbfe057">
      <Output>
        <ErrorInfo>
          <Message>Object reference not set to an instance of an object.</Message>
          <StackTrace>   at OmegaSpiral.Tests.Ui.MainMenuTests.OptionsButton_HasPressedSignalHandler() in /home/adam/Dev/omega-spiral/chapter-zero/tests/ui/menus/MainMenuTests.cs:line 227
   at System.RuntimeMethodHandle.InvokeMethod(ObjectHandleOnStack target, Void** arguments, ObjectHandleOnStack sig, BOOL isConstructor, ObjectHandleOnStack result)
   at System.RuntimeMethodHandle.InvokeMethod(ObjectHandleOnStack target, Void** arguments, ObjectHandleOnStack sig, BOOL isConstructor, ObjectHandleOnStack result)
   at System.Reflection.MethodBaseInvoker.InterpretedInvoke_Method(Object obj, IntPtr* args)
   at System.Reflection.RuntimeMethodInfo.Invoke(Object obj, BindingFlags invokeAttr, Binder binder, Object[] parameters, CultureInfo culture)
</StackTrace>
        </ErrorInfo>
      </Output>
    </UnitTestResult>
    <UnitTestResult executionId="db5cb279-939a-4369-ba8f-6764134ae9a5" testId="db561c15-c5a2-43d2-8fbc-06d94bc3e4cd" testName="TestAllConfigValuesArePositive" computerName="omega" duration="00:00:00.0330000" startTime="2025-10-29T10:12:14.3166088-04:00" endTime="2025-10-29T10:12:14.3166177-04:00" testType="13cdc9d9-ddb5-4fa4-a97d-d965ccfc6d4b" outcome="Passed" testListId="8c84fa94-04c1-424b-9868-57a2d4851a1d" relativeResultsDirectory="db5cb279-939a-4369-ba8f-6764134ae9a5" />
    <UnitTestResult executionId="2e33d291-46b4-4082-a800-d9009fb824a3" testId="ac823ac8-96eb-4652-94a7-1205c3cc7e02" testName="[After].PauseMenu_CanShowAndHide" computerName="omega" startTime="2025-10-29T10:12:13.1848489-04:00" endTime="2025-10-29T10:12:13.1848504-04:00" testType="13cdc9d9-ddb5-4fa4-a97d-d965ccfc6d4b" outcome="Failed" testListId="8c84fa94-04c1-424b-9868-57a2d4851a1d" relativeResultsDirectory="2e33d291-46b4-4082-a800-d9009fb824a3">
      <Output>
        <StdErr>WARNING:
    Detected &lt;4&gt; orphan nodes during test suite setup stage!
    Check Setup:25 and Cleanup:50 for unfreed instances!</StdErr>
        <ErrorInfo>
          <Message>WARNING:
    Detected &lt;4&gt; orphan nodes during test suite setup stage!
    Check Setup:25 and Cleanup:50 for unfreed instances!</Message>
        </ErrorInfo>
      </Output>
    </UnitTestResult>
    <UnitTestResult executionId="5b8a57c5-4899-4e0a-9bce-c7786f5ec768" testId="dfb4d299-3fe2-4f37-9cbb-dbd21caa6669" testName="ColorCycleDuration_Is8Seconds" computerName="omega" duration="00:00:00.0330000" startTime="2025-10-29T10:12:13.7664677-04:00" endTime="2025-10-29T10:12:13.7664760-04:00" testType="13cdc9d9-ddb5-4fa4-a97d-d965ccfc6d4b" outcome="Passed" testListId="8c84fa94-04c1-424b-9868-57a2d4851a1d" relativeResultsDirectory="5b8a57c5-4899-4e0a-9bce-c7786f5ec768" />
    <UnitTestResult executionId="fa067d90-f65e-4448-b186-a9bd8293ab71" testId="ac823ac8-96eb-4652-94a7-1205c3cc7e02" testName="PauseMenu_CanShowAndHide" computerName="omega" duration="00:00:00.0320000" startTime="2025-10-29T10:12:13.1345128-04:00" endTime="2025-10-29T10:12:13.1345215-04:00" testType="13cdc9d9-ddb5-4fa4-a97d-d965ccfc6d4b" outcome="Passed" testListId="8c84fa94-04c1-424b-9868-57a2d4851a1d" relativeResultsDirectory="fa067d90-f65e-4448-b186-a9bd8293ab71" />
    <UnitTestResult executionId="9ea5828f-2913-4bfa-a69b-fe247f9c7fe1" testId="92ff73f4-7709-4049-9f5b-4c0e1902a74b" testName="GethighestscoringdreamweaverHandlesties" computerName="omega" duration="00:00:00.0330000" startTime="2025-10-29T10:12:13.3833562-04:00" endTime="2025-10-29T10:12:13.3833650-04:00" testType="13cdc9d9-ddb5-4fa4-a97d-d965ccfc6d4b" outcome="Passed" testListId="8c84fa94-04c1-424b-9868-57a2d4851a1d" relativeResultsDirectory="9ea5828f-2913-4bfa-a69b-fe247f9c7fe1">
      <Output>
        <StdErr>WARNING:
    Detected &lt;1&gt; orphan nodes during test execution!</StdErr>
        <ErrorInfo>
          <Message>WARNING:
    Detected &lt;1&gt; orphan nodes during test execution!</Message>
        </ErrorInfo>
      </Output>
    </UnitTestResult>
    <UnitTestResult executionId="61ac1270-e13f-4c6d-8fe0-7440a8bb5033" testId="00b60e33-fb9c-4329-88eb-4beb6eef5b09" testName="[After].StageButtons_HaveCorrectTextFromManifest" computerName="omega" startTime="2025-10-29T10:12:10.6844745-04:00" endTime="2025-10-29T10:12:10.6844751-04:00" testType="13cdc9d9-ddb5-4fa4-a97d-d965ccfc6d4b" outcome="Failed" testListId="8c84fa94-04c1-424b-9868-57a2d4851a1d" relativeResultsDirectory="61ac1270-e13f-4c6d-8fe0-7440a8bb5033">
      <Output>
        <StdErr>WARNING:
    Detected &lt;10&gt; orphan nodes during test suite setup stage!
    Check Setup:28 and Cleanup:39 for unfreed instances!</StdErr>
        <ErrorInfo>
          <Message>WARNING:
    Detected &lt;10&gt; orphan nodes during test suite setup stage!
    Check Setup:28 and Cleanup:39 for unfreed instances!</Message>
        </ErrorInfo>
      </Output>
    </UnitTestResult>
    <UnitTestResult executionId="436c7437-0c88-4608-806e-f025a99f01b0" testId="c8c6b242-31ad-4613-a75f-fe14dc4199cb" testName="[After].PhosphorLayer_IsVisibleWithCorrectOpacity" computerName="omega" startTime="2025-10-29T10:12:10.6841187-04:00" endTime="2025-10-29T10:12:10.6841194-04:00" testType="13cdc9d9-ddb5-4fa4-a97d-d965ccfc6d4b" outcome="Failed" testListId="8c84fa94-04c1-424b-9868-57a2d4851a1d" relativeResultsDirectory="436c7437-0c88-4608-806e-f025a99f01b0">
      <Output>
        <StdErr>WARNING:
    Detected &lt;10&gt; orphan nodes during test suite setup stage!
    Check Setup:28 and Cleanup:39 for unfreed instances!</StdErr>
        <ErrorInfo>
          <Message>WARNING:
    Detected &lt;10&gt; orphan nodes during test suite setup stage!
    Check Setup:28 and Cleanup:39 for unfreed instances!</Message>
        </ErrorInfo>
      </Output>
    </UnitTestResult>
    <UnitTestResult executionId="8b822c64-4823-449d-9f23-60965ab33fe5" testId="d0fbcf2e-3303-4b6b-85db-8c66f6d1d114" testName="PauseMenu_FocusesFirstButton" computerName="omega" duration="00:00:00.0330000" startTime="2025-10-29T10:12:13.1686326-04:00" endTime="2025-10-29T10:12:13.1686414-04:00" testType="13cdc9d9-ddb5-4fa4-a97d-d965ccfc6d4b" outcome="Failed" testListId="8c84fa94-04c1-424b-9868-57a2d4851a1d" relativeResultsDirectory="8b822c64-4823-449d-9f23-60965ab33fe5">
      <Output>
        <ErrorInfo>
          <Message>Expecting: 'True' but is 'False'</Message>
          <StackTrace>   at OmegaSpiral.Tests.Ui.PauseMenuTests.PauseMenu_FocusesFirstButton() in /home/adam/Dev/omega-spiral/chapter-zero/tests/ui/menus/PauseMenuTests.cs:line 142
</StackTrace>
        </ErrorInfo>
      </Output>
    </UnitTestResult>
    <UnitTestResult executionId="64102f6a-6f2b-4e13-8cbe-3891726fa5c4" testId="0b529d18-5f47-4b87-84fa-b3e930928964" testName="ConfigureAnimationSpeed_AcceptsZero" computerName="omega" duration="00:00:00.0330000" startTime="2025-10-29T10:12:12.4162144-04:00" endTime="2025-10-29T10:12:12.4162232-04:00" testType="13cdc9d9-ddb5-4fa4-a97d-d965ccfc6d4b" outcome="Passed" testListId="8c84fa94-04c1-424b-9868-57a2d4851a1d" relativeResultsDirectory="64102f6a-6f2b-4e13-8cbe-3891726fa5c4" />
    <UnitTestResult executionId="ad61d8ef-88d1-4692-ad44-f971ee51b9f2" testId="c25ecacc-ea8b-47be-be3f-a07a6021c906" testName="Constructor_InitializesSuccessfully" computerName="omega" duration="00:00:00.0330000" startTime="2025-10-29T10:12:12.0830623-04:00" endTime="2025-10-29T10:12:12.0830725-04:00" testType="13cdc9d9-ddb5-4fa4-a97d-d965ccfc6d4b" outcome="Passed" testListId="8c84fa94-04c1-424b-9868-57a2d4851a1d" relativeResultsDirectory="ad61d8ef-88d1-4692-ad44-f971ee51b9f2" />
    <UnitTestResult executionId="dd458d47-3487-4ed9-9a26-27dba4015185" testId="c1d75aab-a226-4f5c-83f6-0cf046d1121a" testName="ContentContainer_Exists" computerName="omega" duration="00:00:00.0330000" startTime="2025-10-29T10:12:11.0319488-04:00" endTime="2025-10-29T10:12:11.0319580-04:00" testType="13cdc9d9-ddb5-4fa4-a97d-d965ccfc6d4b" outcome="Passed" testListId="8c84fa94-04c1-424b-9868-57a2d4851a1d" relativeResultsDirectory="dd458d47-3487-4ed9-9a26-27dba4015185" />
    <UnitTestResult executionId="1dda65ad-ece3-4ef9-a1d3-a3e65fb553e0" testId="ff2e8cc6-f8db-4d51-96ee-f67ada4228ef" testName="ContentContainer_HasCorrectSectionSpacing" computerName="omega" duration="00:00:00.0350000" startTime="2025-10-29T10:12:10.4370726-04:00" endTime="2025-10-29T10:12:10.4370832-04:00" testType="13cdc9d9-ddb5-4fa4-a97d-d965ccfc6d4b" outcome="Failed" testListId="8c84fa94-04c1-424b-9868-57a2d4851a1d" relativeResultsDirectory="1dda65ad-ece3-4ef9-a1d3-a3e65fb553e0">
      <Output>
        <ErrorInfo>
          <Message>Expecting be NOT &lt;Null&gt;:</Message>
          <StackTrace>   at OmegaSpiral.Tests.Ui.MainMenuTests.ContentContainer_HasCorrectSectionSpacing() in /home/adam/Dev/omega-spiral/chapter-zero/tests/ui/menus/MainMenuTests.cs:line 337
</StackTrace>
        </ErrorInfo>
      </Output>
    </UnitTestResult>
    <UnitTestResult executionId="50bb48ee-b3df-47b7-a5c7-2525f7f04a7c" testId="a3fa7922-2fa7-4691-8123-754b0dacb4dd" testName="OpacityTolerance_IsAppropriate" computerName="omega" duration="00:00:00.0320000" startTime="2025-10-29T10:12:13.9001845-04:00" endTime="2025-10-29T10:12:13.9001952-04:00" testType="13cdc9d9-ddb5-4fa4-a97d-d965ccfc6d4b" outcome="Passed" testListId="8c84fa94-04c1-424b-9868-57a2d4851a1d" relativeResultsDirectory="50bb48ee-b3df-47b7-a5c7-2525f7f04a7c" />
    <UnitTestResult executionId="ef76517f-2af1-40bb-8daf-3aac449a4fd3" testId="f24ebb09-ebbc-4019-9dfb-a4af93023cba" testName="QuitButton_HasPressedSignalHandler" computerName="omega" duration="00:00:00.0610000" startTime="2025-10-29T10:12:10.3015634-04:00" endTime="2025-10-29T10:12:10.3015767-04:00" testType="13cdc9d9-ddb5-4fa4-a97d-d965ccfc6d4b" outcome="Failed" testListId="8c84fa94-04c1-424b-9868-57a2d4851a1d" relativeResultsDirectory="ef76517f-2af1-40bb-8daf-3aac449a4fd3">
      <Output>
        <ErrorInfo>
          <Message>Object reference not set to an instance of an object.</Message>
          <StackTrace>   at OmegaSpiral.Tests.Ui.MainMenuTests.QuitButton_HasPressedSignalHandler() in /home/adam/Dev/omega-spiral/chapter-zero/tests/ui/menus/MainMenuTests.cs:line 241
   at System.RuntimeMethodHandle.InvokeMethod(ObjectHandleOnStack target, Void** arguments, ObjectHandleOnStack sig, BOOL isConstructor, ObjectHandleOnStack result)
   at System.RuntimeMethodHandle.InvokeMethod(ObjectHandleOnStack target, Void** arguments, ObjectHandleOnStack sig, BOOL isConstructor, ObjectHandleOnStack result)
   at System.Reflection.MethodBaseInvoker.InterpretedInvoke_Method(Object obj, IntPtr* args)
   at System.Reflection.RuntimeMethodInfo.Invoke(Object obj, BindingFlags invokeAttr, Binder binder, Object[] parameters, CultureInfo culture)
</StackTrace>
        </ErrorInfo>
      </Output>
    </UnitTestResult>
    <UnitTestResult executionId="d63e73a3-6bdf-4955-906f-d88074a812e4" testId="a3170e46-a482-4e45-9090-ed80e1a63a73" testName="[After].MenuActionBar_Exists" computerName="omega" startTime="2025-10-29T10:12:10.6836269-04:00" endTime="2025-10-29T10:12:10.6836283-04:00" testType="13cdc9d9-ddb5-4fa4-a97d-d965ccfc6d4b" outcome="Failed" testListId="8c84fa94-04c1-424b-9868-57a2d4851a1d" relativeResultsDirectory="d63e73a3-6bdf-4955-906f-d88074a812e4">
      <Output>
        <StdErr>WARNING:
    Detected &lt;10&gt; orphan nodes during test suite setup stage!
    Check Setup:28 and Cleanup:39 for unfreed instances!</StdErr>
        <ErrorInfo>
          <Message>WARNING:
    Detected &lt;10&gt; orphan nodes during test suite setup stage!
    Check Setup:28 and Cleanup:39 for unfreed instances!</Message>
        </ErrorInfo>
      </Output>
    </UnitTestResult>
    <UnitTestResult executionId="dbd358ce-7605-4161-a28d-93af9fccd674" testId="ac350619-f449-48ba-809b-da2b085ee49f" testName="ConfigureAnimationSpeed_UpdatesBothParameters" computerName="omega" duration="00:00:00.0310000" startTime="2025-10-29T10:12:12.3495502-04:00" endTime="2025-10-29T10:12:12.3495596-04:00" testType="13cdc9d9-ddb5-4fa4-a97d-d965ccfc6d4b" outcome="Passed" testListId="8c84fa94-04c1-424b-9868-57a2d4851a1d" relativeResultsDirectory="dbd358ce-7605-4161-a28d-93af9fccd674" />
    <UnitTestResult executionId="44c4614a-b3e4-48d5-b62a-894c2f0faf16" testId="ada0c673-cbe3-4302-b2d3-70693028b512" testName="DeepSpace_MatchesDesignSpec" computerName="omega" duration="00:00:00.0330000" startTime="2025-10-29T10:12:13.5993382-04:00" endTime="2025-10-29T10:12:13.5993463-04:00" testType="13cdc9d9-ddb5-4fa4-a97d-d965ccfc6d4b" outcome="Passed" testListId="8c84fa94-04c1-424b-9868-57a2d4851a1d" relativeResultsDirectory="44c4614a-b3e4-48d5-b62a-894c2f0faf16" />
    <UnitTestResult executionId="0f425f64-216d-487a-82f2-1fcc23ff3b59" testId="423e0505-742b-4260-a5bd-b91903851c61" testName="ManifestLoads_SixStages_NoDuplicateFirst" computerName="omega" duration="00:00:00.0330000" startTime="2025-10-29T10:12:10.0324945-04:00" endTime="2025-10-29T10:12:10.0325077-04:00" testType="13cdc9d9-ddb5-4fa4-a97d-d965ccfc6d4b" outcome="Failed" testListId="8c84fa94-04c1-424b-9868-57a2d4851a1d" relativeResultsDirectory="0f425f64-216d-487a-82f2-1fcc23ff3b59">
      <Output>
        <ErrorInfo>
          <Message>Expecting be NOT &lt;Null&gt;:</Message>
          <StackTrace>   at OmegaSpiral.Tests.Ui.MainMenuTests.ManifestLoads_SixStages_NoDuplicateFirst() in /home/adam/Dev/omega-spiral/chapter-zero/tests/ui/menus/MainMenuTests.cs:line 107
</StackTrace>
        </ErrorInfo>
      </Output>
    </UnitTestResult>
    <UnitTestResult executionId="5e8c07ff-3c90-43d4-af67-a6011fef916d" testId="84b482c6-a3fa-4c60-803e-cefda6dadd39" testName="ShaderController_IsNullByDefault" computerName="omega" duration="00:00:00.0330000" startTime="2025-10-29T10:12:12.6661690-04:00" endTime="2025-10-29T10:12:12.6661841-04:00" testType="13cdc9d9-ddb5-4fa4-a97d-d965ccfc6d4b" outcome="Passed" testListId="8c84fa94-04c1-424b-9868-57a2d4851a1d" relativeResultsDirectory="5e8c07ff-3c90-43d4-af67-a6011fef916d" />
    <UnitTestResult executionId="1dd34bd5-4829-41ea-956f-e030e94a3830" testId="24cd09fd-8ab3-4c01-88c6-4ac7137b4692" testName="MenuTitle_Exists" computerName="omega" duration="00:00:00.0330000" startTime="2025-10-29T10:12:11.0653467-04:00" endTime="2025-10-29T10:12:11.0653564-04:00" testType="13cdc9d9-ddb5-4fa4-a97d-d965ccfc6d4b" outcome="Passed" testListId="8c84fa94-04c1-424b-9868-57a2d4851a1d" relativeResultsDirectory="1dd34bd5-4829-41ea-956f-e030e94a3830" />
    <UnitTestResult executionId="0de24d46-1bf8-4290-9eef-22a18f65bf61" testId="ca8f4d62-3324-46de-bc6d-58f50266b28b" testName="ContentContainer_Exists" computerName="omega" duration="00:00:00.0050000" startTime="2025-10-29T10:12:11.5736823-04:00" endTime="2025-10-29T10:12:11.5736918-04:00" testType="13cdc9d9-ddb5-4fa4-a97d-d965ccfc6d4b" outcome="Passed" testListId="8c84fa94-04c1-424b-9868-57a2d4851a1d" relativeResultsDirectory="0de24d46-1bf8-4290-9eef-22a18f65bf61" />
    <UnitTestResult executionId="19484020-cd10-4f84-91b3-b68a582e10a1" testId="e22b1312-22a6-4672-8ef8-8ce0d5a30fcd" testName="Background_UsesCorrectDarkColor" computerName="omega" duration="00:00:00.0320000" startTime="2025-10-29T10:12:10.6324053-04:00" endTime="2025-10-29T10:12:10.6324157-04:00" testType="13cdc9d9-ddb5-4fa4-a97d-d965ccfc6d4b" outcome="Failed" testListId="8c84fa94-04c1-424b-9868-57a2d4851a1d" relativeResultsDirectory="19484020-cd10-4f84-91b3-b68a582e10a1">
      <Output>
        <ErrorInfo>
          <Message>Expecting be NOT &lt;Null&gt;:</Message>
          <StackTrace>   at OmegaSpiral.Tests.Ui.MainMenuTests.Background_UsesCorrectDarkColor() in /home/adam/Dev/omega-spiral/chapter-zero/tests/ui/menus/MainMenuTests.cs:line 447
</StackTrace>
        </ErrorInfo>
      </Output>
    </UnitTestResult>
    <UnitTestResult executionId="454034fe-7295-4852-a451-cfaf446c1c90" testId="89cf0f05-44d6-455e-860d-a7ee41b74fe8" testName="UpdatedreamweaverscoreHandlesnegativechanges" computerName="omega" duration="00:00:00.0330000" startTime="2025-10-29T10:12:13.3166927-04:00" endTime="2025-10-29T10:12:13.3167021-04:00" testType="13cdc9d9-ddb5-4fa4-a97d-d965ccfc6d4b" outcome="Passed" testListId="8c84fa94-04c1-424b-9868-57a2d4851a1d" relativeResultsDirectory="454034fe-7295-4852-a451-cfaf446c1c90">
      <Output>
        <StdErr>WARNING:
    Detected &lt;1&gt; orphan nodes during test execution!</StdErr>
        <ErrorInfo>
          <Message>WARNING:
    Detected &lt;1&gt; orphan nodes during test execution!</Message>
        </ErrorInfo>
      </Output>
    </UnitTestResult>
    <UnitTestResult executionId="64b521ab-cf78-4cf3-a1a7-212298c306e5" testId="9e844894-ff19-464f-a3c9-0978a6739c53" testName="UpdateThreadColors_CanRevertToDesignSystem" computerName="omega" duration="00:00:00.0330000" startTime="2025-10-29T10:12:12.4833402-04:00" endTime="2025-10-29T10:12:12.4833494-04:00" testType="13cdc9d9-ddb5-4fa4-a97d-d965ccfc6d4b" outcome="Passed" testListId="8c84fa94-04c1-424b-9868-57a2d4851a1d" relativeResultsDirectory="64b521ab-cf78-4cf3-a1a7-212298c306e5" />
    <UnitTestResult executionId="548837ad-5016-4029-b92c-5ff0894c0af7" testId="dd12f6a4-17a5-4aa0-b182-71a3677ca2cb" testName="ShaderMaterial_IsConfigured" computerName="omega" duration="00:00:00.0320000" startTime="2025-10-29T10:12:12.1832914-04:00" endTime="2025-10-29T10:12:12.1833014-04:00" testType="13cdc9d9-ddb5-4fa4-a97d-d965ccfc6d4b" outcome="Passed" testListId="8c84fa94-04c1-424b-9868-57a2d4851a1d" relativeResultsDirectory="548837ad-5016-4029-b92c-5ff0894c0af7" />
    <UnitTestResult executionId="30942183-e790-4c7b-bcda-1e9f21283524" testId="8f6159f7-3e56-41a0-86f4-6c1abc7afbc3" testName="[After].MenuButtonContainer_ExistsAndHasButtons" computerName="omega" startTime="2025-10-29T10:12:10.6836476-04:00" endTime="2025-10-29T10:12:10.6836482-04:00" testType="13cdc9d9-ddb5-4fa4-a97d-d965ccfc6d4b" outcome="Failed" testListId="8c84fa94-04c1-424b-9868-57a2d4851a1d" relativeResultsDirectory="30942183-e790-4c7b-bcda-1e9f21283524">
      <Output>
        <StdErr>WARNING:
    Detected &lt;10&gt; orphan nodes during test suite setup stage!
    Check Setup:28 and Cleanup:39 for unfreed instances!</StdErr>
        <ErrorInfo>
          <Message>WARNING:
    Detected &lt;10&gt; orphan nodes during test suite setup stage!
    Check Setup:28 and Cleanup:39 for unfreed instances!</Message>
        </ErrorInfo>
      </Output>
    </UnitTestResult>
    <UnitTestResult executionId="194d2731-b32f-4130-a8c1-26897b7d210a" testId="9cc8ee7b-4ddc-47c8-8c47-c136b13c9a6a" testName="MainMenu_InheritsOmegaTheming" computerName="omega" duration="00:00:00.0330000" startTime="2025-10-29T10:12:09.6323225-04:00" endTime="2025-10-29T10:12:09.6323401-04:00" testType="13cdc9d9-ddb5-4fa4-a97d-d965ccfc6d4b" outcome="Passed" testListId="8c84fa94-04c1-424b-9868-57a2d4851a1d" relativeResultsDirectory="194d2731-b32f-4130-a8c1-26897b7d210a" />
    <UnitTestResult executionId="e5eb067d-b6e4-455c-b744-611400d2b3fd" testId="7540ee11-23bf-4684-94d8-90ea3cd0f3f9" testName="[After].MenuButtonContainer_HasCorrectSpacing" computerName="omega" startTime="2025-10-29T10:12:10.6836671-04:00" endTime="2025-10-29T10:12:10.6836685-04:00" testType="13cdc9d9-ddb5-4fa4-a97d-d965ccfc6d4b" outcome="Failed" testListId="8c84fa94-04c1-424b-9868-57a2d4851a1d" relativeResultsDirectory="e5eb067d-b6e4-455c-b744-611400d2b3fd">
      <Output>
        <StdErr>WARNING:
    Detected &lt;10&gt; orphan nodes during test suite setup stage!
    Check Setup:28 and Cleanup:39 for unfreed instances!</StdErr>
        <ErrorInfo>
          <Message>WARNING:
    Detected &lt;10&gt; orphan nodes during test suite setup stage!
    Check Setup:28 and Cleanup:39 for unfreed instances!</Message>
        </ErrorInfo>
      </Output>
    </UnitTestResult>
    <UnitTestResult executionId="b4544a50-ccc6-4fd2-b13f-a937fd5e014c" testId="e4df4953-e571-44b5-aa18-ed013d95e11f" testName="GhostYaml_AllScenes_AreValid" computerName="omega" duration="00:00:00.0050000" startTime="2025-10-29T10:12:09.2822898-04:00" endTime="2025-10-29T10:12:09.2823047-04:00" testType="13cdc9d9-ddb5-4fa4-a97d-d965ccfc6d4b" outcome="Passed" testListId="8c84fa94-04c1-424b-9868-57a2d4851a1d" relativeResultsDirectory="b4544a50-ccc6-4fd2-b13f-a937fd5e014c" />
    <UnitTestResult executionId="f6307c52-0814-4d88-8bd8-82e2e4a6e100" testId="46c95b02-4cf3-415b-a3ff-d0c972600464" testName="ShaderLayerColors_AreWhiteWithVaryingOpacity" computerName="omega" duration="00:00:00.0340000" startTime="2025-10-29T10:12:13.9678039-04:00" endTime="2025-10-29T10:12:13.9678147-04:00" testType="13cdc9d9-ddb5-4fa4-a97d-d965ccfc6d4b" outcome="Passed" testListId="8c84fa94-04c1-424b-9868-57a2d4851a1d" relativeResultsDirectory="f6307c52-0814-4d88-8bd8-82e2e4a6e100" />
    <UnitTestResult executionId="18c85048-4ecb-45b6-baf1-9f6fb669c674" testId="c8c6b242-31ad-4613-a75f-fe14dc4199cb" testName="PhosphorLayer_IsVisibleWithCorrectOpacity" computerName="omega" duration="00:00:00.0350000" startTime="2025-10-29T10:12:10.5372477-04:00" endTime="2025-10-29T10:12:10.5372584-04:00" testType="13cdc9d9-ddb5-4fa4-a97d-d965ccfc6d4b" outcome="Failed" testListId="8c84fa94-04c1-424b-9868-57a2d4851a1d" relativeResultsDirectory="18c85048-4ecb-45b6-baf1-9f6fb669c674">
      <Output>
        <ErrorInfo>
          <Message>Expecting be NOT &lt;Null&gt;:</Message>
          <StackTrace>   at OmegaSpiral.Tests.Ui.MainMenuTests.PhosphorLayer_IsVisibleWithCorrectOpacity() in /home/adam/Dev/omega-spiral/chapter-zero/tests/ui/menus/MainMenuTests.cs:line 386
</StackTrace>
        </ErrorInfo>
      </Output>
    </UnitTestResult>
    <UnitTestResult executionId="a27ee0e0-889d-431c-b73a-86ce0567e5c8" testId="5fc46281-de04-4d40-b06d-1cff5a8a56e2" testName="ButtonContainer_CanAddButtons" computerName="omega" duration="00:00:00.0320000" startTime="2025-10-29T10:12:11.1654807-04:00" endTime="2025-10-29T10:12:11.1654899-04:00" testType="13cdc9d9-ddb5-4fa4-a97d-d965ccfc6d4b" outcome="Passed" testListId="8c84fa94-04c1-424b-9868-57a2d4851a1d" relativeResultsDirectory="a27ee0e0-889d-431c-b73a-86ce0567e5c8" />
    <UnitTestResult executionId="ff41cd06-0d7b-4c19-ac44-7a9bcc0694b3" testId="07f652ac-5a93-4646-a17a-c4baf09f287d" testName="OnPressed_EmitsChoiceSelectedSignal" computerName="omega" duration="00:00:00.0320000" startTime="2025-10-29T10:12:11.8499818-04:00" endTime="2025-10-29T10:12:11.8499906-04:00" testType="13cdc9d9-ddb5-4fa4-a97d-d965ccfc6d4b" outcome="Failed" testListId="8c84fa94-04c1-424b-9868-57a2d4851a1d" relativeResultsDirectory="ff41cd06-0d7b-4c19-ac44-7a9bcc0694b3">
      <Output>
        <ErrorInfo>
          <Message>Expecting to be greater than:
    '0' but is '0'</Message>
          <StackTrace>   at OmegaSpiral.Tests.Ui.Omega.ChoiceButtonTests.OnPressed_EmitsChoiceSelectedSignal() in /home/adam/Dev/omega-spiral/chapter-zero/tests/ui/omega/ChoiceButtonTests.cs:line 106
</StackTrace>
        </ErrorInfo>
      </Output>
    </UnitTestResult>
    <UnitTestResult executionId="89b0b69c-558a-4d38-b6be-e1ca45ba0042" testId="00b60e33-fb9c-4329-88eb-4beb6eef5b09" testName="StageButtons_HaveCorrectTextFromManifest" computerName="omega" duration="00:00:00.0320000" startTime="2025-10-29T10:12:10.0656660-04:00" endTime="2025-10-29T10:12:10.0656799-04:00" testType="13cdc9d9-ddb5-4fa4-a97d-d965ccfc6d4b" outcome="Failed" testListId="8c84fa94-04c1-424b-9868-57a2d4851a1d" relativeResultsDirectory="89b0b69c-558a-4d38-b6be-e1ca45ba0042">
      <Output>
        <ErrorInfo>
          <Message>Object reference not set to an instance of an object.</Message>
          <StackTrace>   at OmegaSpiral.Tests.Ui.MainMenuTests.StageButtons_HaveCorrectTextFromManifest() in /home/adam/Dev/omega-spiral/chapter-zero/tests/ui/menus/MainMenuTests.cs:line 140
   at System.RuntimeMethodHandle.InvokeMethod(ObjectHandleOnStack target, Void** arguments, ObjectHandleOnStack sig, BOOL isConstructor, ObjectHandleOnStack result)
   at System.RuntimeMethodHandle.InvokeMethod(ObjectHandleOnStack target, Void** arguments, ObjectHandleOnStack sig, BOOL isConstructor, ObjectHandleOnStack result)
   at System.Reflection.MethodBaseInvoker.InterpretedInvoke_Method(Object obj, IntPtr* args)
   at System.Reflection.RuntimeMethodInfo.Invoke(Object obj, BindingFlags invokeAttr, Binder binder, Object[] parameters, CultureInfo culture)
</StackTrace>
        </ErrorInfo>
      </Output>
    </UnitTestResult>
    <UnitTestResult executionId="eb678ac8-7270-4b9f-a379-ee176915d070" testId="afd89144-a647-45b3-8b69-8d7a76f278be" testName="Background_ShouldNotBeWhite" computerName="omega" duration="00:00:00.0330000" startTime="2025-10-29T10:12:10.6663283-04:00" endTime="2025-10-29T10:12:10.6663379-04:00" testType="13cdc9d9-ddb5-4fa4-a97d-d965ccfc6d4b" outcome="Failed" testListId="8c84fa94-04c1-424b-9868-57a2d4851a1d" relativeResultsDirectory="eb678ac8-7270-4b9f-a379-ee176915d070">
      <Output>
        <ErrorInfo>
          <Message>Expecting be NOT &lt;Null&gt;:</Message>
          <StackTrace>   at OmegaSpiral.Tests.Ui.MainMenuTests.Background_ShouldNotBeWhite() in /home/adam/Dev/omega-spiral/chapter-zero/tests/ui/menus/MainMenuTests.cs:line 469
</StackTrace>
        </ErrorInfo>
      </Output>
    </UnitTestResult>
  </Results>
  <TestDefinitions>
    <UnitTest name="PhosphorPulseFrequency_IsHalfHz" storage="/home/adam/dev/omega-spiral/chapter-zero/.godot/mono/temp/bin/debug/chapter-zero.dll" id="fb593468-38a5-4579-8d49-b7348df18550">
      <Execution id="92b115d0-5262-44b2-b571-c8c1f8ac733d" />
      <TestMethod codeBase="/home/adam/Dev/omega-spiral/chapter-zero/.godot/mono/temp/bin/Debug/chapter-zero.dll" adapterTypeName="executor://gdunit4.testadapter/" className="OmegaSpiral.Tests.Unit.Common.Omega.OmegaSpiralColorsTests" name="PhosphorPulseFrequency_IsHalfHz" />
    </UnitTest>
    <UnitTest name="MenuMode_DefaultsToStandard" storage="/home/adam/dev/omega-spiral/chapter-zero/.godot/mono/temp/bin/debug/chapter-zero.dll" id="b74472f5-9ae2-4ce2-9877-80d24c5c2a8c">
      <Execution id="96b03f26-8e04-4d1a-a14f-68952d50f9ae" />
      <TestMethod codeBase="/home/adam/Dev/omega-spiral/chapter-zero/.godot/mono/temp/bin/Debug/chapter-zero.dll" adapterTypeName="executor://gdunit4.testadapter/" className="OmegaSpiral.Tests.Ui.MenuUiTests" name="MenuMode_DefaultsToStandard" />
    </UnitTest>
    <UnitTest name="ScanlineOverlay_Has12PercentOpacity" storage="/home/adam/dev/omega-spiral/chapter-zero/.godot/mono/temp/bin/debug/chapter-zero.dll" id="94827944-eed2-4b75-9bb8-51e20af7579f">
      <Execution id="c954ae0b-01bd-4c13-96e5-bf6c99f8f17d" />
      <TestMethod codeBase="/home/adam/Dev/omega-spiral/chapter-zero/.godot/mono/temp/bin/Debug/chapter-zero.dll" adapterTypeName="executor://gdunit4.testadapter/" className="OmegaSpiral.Tests.Unit.Common.Omega.OmegaSpiralColorsTests" name="ScanlineOverlay_Has12PercentOpacity" />
    </UnitTest>
    <UnitTest name="PauseMenu_HasButtons" storage="/home/adam/dev/omega-spiral/chapter-zero/.godot/mono/temp/bin/debug/chapter-zero.dll" id="35f74bfe-3e5a-4911-8a9f-4e0d869799fd">
      <Execution id="d70d76aa-30c0-474c-9fef-32c980a5ab8b" />
      <TestMethod codeBase="/home/adam/Dev/omega-spiral/chapter-zero/.godot/mono/temp/bin/Debug/chapter-zero.dll" adapterTypeName="executor://gdunit4.testadapter/" className="OmegaSpiral.Tests.Ui.PauseMenuTests" name="PauseMenu_HasButtons" />
    </UnitTest>
    <UnitTest name="Anchors_FillParentBounds" storage="/home/adam/dev/omega-spiral/chapter-zero/.godot/mono/temp/bin/debug/chapter-zero.dll" id="9a19dfe3-eb2e-4bcf-bacc-ef225a2654cc">
      <Execution id="2f43f5f4-4ff3-480a-9b8c-c870fac7331f" />
      <TestMethod codeBase="/home/adam/Dev/omega-spiral/chapter-zero/.godot/mono/temp/bin/Debug/chapter-zero.dll" adapterTypeName="executor://gdunit4.testadapter/" className="OmegaSpiral.Tests.Ui.Omega.OmegaBorderFrame_UnitTests" name="Anchors_FillParentBounds" />
    </UnitTest>
    <UnitTest name="ShaderLayerColors_AreWhiteWithVaryingOpacity" storage="/home/adam/dev/omega-spiral/chapter-zero/.godot/mono/temp/bin/debug/chapter-zero.dll" id="46c95b02-4cf3-415b-a3ff-d0c972600464">
      <Execution id="f6307c52-0814-4d88-8bd8-82e2e4a6e100" />
      <TestMethod codeBase="/home/adam/Dev/omega-spiral/chapter-zero/.godot/mono/temp/bin/Debug/chapter-zero.dll" adapterTypeName="executor://gdunit4.testadapter/" className="OmegaSpiral.Tests.Unit.Common.Omega.OmegaSpiralColorsTests" name="ShaderLayerColors_AreWhiteWithVaryingOpacity" />
    </UnitTest>
    <UnitTest name="MenuActionBar_Exists" storage="/home/adam/dev/omega-spiral/chapter-zero/.godot/mono/temp/bin/debug/chapter-zero.dll" id="a3170e46-a482-4e45-9090-ed80e1a63a73">
      <Execution id="9892a7b6-1393-4b85-9f3b-393ee7996df3" />
      <TestMethod codeBase="/home/adam/Dev/omega-spiral/chapter-zero/.godot/mono/temp/bin/Debug/chapter-zero.dll" adapterTypeName="executor://gdunit4.testadapter/" className="OmegaSpiral.Tests.Ui.MainMenuTests" name="MenuActionBar_Exists" />
    </UnitTest>
    <UnitTest name="ConfigureAnimationSpeed_AcceptsZero" storage="/home/adam/dev/omega-spiral/chapter-zero/.godot/mono/temp/bin/debug/chapter-zero.dll" id="0b529d18-5f47-4b87-84fa-b3e930928964">
      <Execution id="64102f6a-6f2b-4e13-8cbe-3891726fa5c4" />
      <TestMethod codeBase="/home/adam/Dev/omega-spiral/chapter-zero/.godot/mono/temp/bin/Debug/chapter-zero.dll" adapterTypeName="executor://gdunit4.testadapter/" className="OmegaSpiral.Tests.Ui.Omega.OmegaBorderFrame_UnitTests" name="ConfigureAnimationSpeed_AcceptsZero" />
    </UnitTest>
    <UnitTest name="MainMenu_InheritsOmegaTheming" storage="/home/adam/dev/omega-spiral/chapter-zero/.godot/mono/temp/bin/debug/chapter-zero.dll" id="9cc8ee7b-4ddc-47c8-8c47-c136b13c9a6a">
      <Execution id="194d2731-b32f-4130-a8c1-26897b7d210a" />
      <TestMethod codeBase="/home/adam/Dev/omega-spiral/chapter-zero/.godot/mono/temp/bin/Debug/chapter-zero.dll" adapterTypeName="executor://gdunit4.testadapter/" className="OmegaSpiral.Tests.Ui.MainMenu_IntegrationTests" name="MainMenu_InheritsOmegaTheming" />
    </UnitTest>
    <UnitTest name="AllStageButtons_HavePressedSignalHandlers" storage="/home/adam/dev/omega-spiral/chapter-zero/.godot/mono/temp/bin/debug/chapter-zero.dll" id="3efde16d-2bbc-484f-88dc-97938af5e5c5">
      <Execution id="967e368c-220f-4722-9115-e11911fcf830" />
      <TestMethod codeBase="/home/adam/Dev/omega-spiral/chapter-zero/.godot/mono/temp/bin/Debug/chapter-zero.dll" adapterTypeName="executor://gdunit4.testadapter/" className="OmegaSpiral.Tests.Ui.MainMenuTests" name="AllStageButtons_HavePressedSignalHandlers" />
    </UnitTest>
    <UnitTest name="PhosphorLayer_IsVisibleWithCorrectOpacity" storage="/home/adam/dev/omega-spiral/chapter-zero/.godot/mono/temp/bin/debug/chapter-zero.dll" id="c8c6b242-31ad-4613-a75f-fe14dc4199cb">
      <Execution id="18c85048-4ecb-45b6-baf1-9f6fb669c674" />
      <TestMethod codeBase="/home/adam/Dev/omega-spiral/chapter-zero/.godot/mono/temp/bin/Debug/chapter-zero.dll" adapterTypeName="executor://gdunit4.testadapter/" className="OmegaSpiral.Tests.Ui.MainMenuTests" name="PhosphorLayer_IsVisibleWithCorrectOpacity" />
    </UnitTest>
    <UnitTest name="GhostYaml_AllScenes_AreValid" storage="/home/adam/dev/omega-spiral/chapter-zero/.godot/mono/temp/bin/debug/chapter-zero.dll" id="e4df4953-e571-44b5-aa18-ed013d95e11f">
      <Execution id="b4544a50-ccc6-4fd2-b13f-a937fd5e014c" />
      <TestMethod codeBase="/home/adam/Dev/omega-spiral/chapter-zero/.godot/mono/temp/bin/Debug/chapter-zero.dll" adapterTypeName="executor://gdunit4.testadapter/" className="OmegaSpiral.Tests.Stages.Stage1Ghost.GhostYamlPlaybackTests" name="GhostYaml_AllScenes_AreValid" />
    </UnitTest>
    <UnitTest name="PureWhite_MatchesDesignSpec" storage="/home/adam/dev/omega-spiral/chapter-zero/.godot/mono/temp/bin/debug/chapter-zero.dll" id="1259776e-8f21-421c-b8f9-042da349aa03">
      <Execution id="05ab081e-bd29-44e0-975e-5817b9a0a594" />
      <TestMethod codeBase="/home/adam/Dev/omega-spiral/chapter-zero/.godot/mono/temp/bin/Debug/chapter-zero.dll" adapterTypeName="executor://gdunit4.testadapter/" className="OmegaSpiral.Tests.Unit.Common.Omega.OmegaSpiralColorsTests" name="PureWhite_MatchesDesignSpec" />
    </UnitTest>
    <UnitTest name="TestBezelMarginLoaded" storage="/home/adam/dev/omega-spiral/chapter-zero/.godot/mono/temp/bin/debug/chapter-zero.dll" id="34e5f4fb-dd4e-4fa1-af45-e42c031b9459">
      <Execution id="178eb976-d52c-414f-94df-883b3bc7cada" />
      <TestMethod codeBase="/home/adam/Dev/omega-spiral/chapter-zero/.godot/mono/temp/bin/Debug/chapter-zero.dll" adapterTypeName="executor://gdunit4.testadapter/" className="OmegaSpiral.Tests.Unit.Services.GameAppConfigTests" name="TestBezelMarginLoaded" />
    </UnitTest>
    <UnitTest name="ShaderController_IsNullByDefault" storage="/home/adam/dev/omega-spiral/chapter-zero/.godot/mono/temp/bin/debug/chapter-zero.dll" id="84b482c6-a3fa-4c60-803e-cefda6dadd39">
      <Execution id="5e8c07ff-3c90-43d4-af67-a6011fef916d" />
      <TestMethod codeBase="/home/adam/Dev/omega-spiral/chapter-zero/.godot/mono/temp/bin/Debug/chapter-zero.dll" adapterTypeName="executor://gdunit4.testadapter/" className="OmegaSpiral.Tests.Ui.Omega.OmegaContainer_UnitTests" name="ShaderController_IsNullByDefault" />
    </UnitTest>
    <UnitTest name="PauseMenu_FocusesFirstButton" storage="/home/adam/dev/omega-spiral/chapter-zero/.godot/mono/temp/bin/debug/chapter-zero.dll" id="d0fbcf2e-3303-4b6b-85db-8c66f6d1d114">
      <Execution id="8b822c64-4823-449d-9f23-60965ab33fe5" />
      <TestMethod codeBase="/home/adam/Dev/omega-spiral/chapter-zero/.godot/mono/temp/bin/Debug/chapter-zero.dll" adapterTypeName="executor://gdunit4.testadapter/" className="OmegaSpiral.Tests.Ui.PauseMenuTests" name="PauseMenu_FocusesFirstButton" />
    </UnitTest>
    <UnitTest name="GethighestscoringdreamweaverHandlesties" storage="/home/adam/dev/omega-spiral/chapter-zero/.godot/mono/temp/bin/debug/chapter-zero.dll" id="92ff73f4-7709-4049-9f5b-4c0e1902a74b">
      <Execution id="9ea5828f-2913-4bfa-a69b-fe247f9c7fe1" />
      <TestMethod codeBase="/home/adam/Dev/omega-spiral/chapter-zero/.godot/mono/temp/bin/Debug/chapter-zero.dll" adapterTypeName="executor://gdunit4.testadapter/" className="OmegaSpiral.Tests.Unit.Common.GameStateTests" name="GethighestscoringdreamweaverHandlesties" />
    </UnitTest>
    <UnitTest name="ContentContainer_Exists" storage="/home/adam/dev/omega-spiral/chapter-zero/.godot/mono/temp/bin/debug/chapter-zero.dll" id="ca8f4d62-3324-46de-bc6d-58f50266b28b">
      <Execution id="0de24d46-1bf8-4290-9eef-22a18f65bf61" />
      <TestMethod codeBase="/home/adam/Dev/omega-spiral/chapter-zero/.godot/mono/temp/bin/Debug/chapter-zero.dll" adapterTypeName="executor://gdunit4.testadapter/" className="OmegaSpiral.Tests.Ui.MenuUiUnitTests" name="ContentContainer_Exists" />
    </UnitTest>
    <UnitTest name="ChoiceButton_InheritsFromButton" storage="/home/adam/dev/omega-spiral/chapter-zero/.godot/mono/temp/bin/debug/chapter-zero.dll" id="51de4858-027a-4a18-bc59-649795a867df">
      <Execution id="c2e93051-deba-4407-a44f-d00259c3ba0c" />
      <TestMethod codeBase="/home/adam/Dev/omega-spiral/chapter-zero/.godot/mono/temp/bin/Debug/chapter-zero.dll" adapterTypeName="executor://gdunit4.testadapter/" className="OmegaSpiral.Tests.Ui.Omega.ChoiceButtonTests" name="ChoiceButton_InheritsFromButton" />
    </UnitTest>
    <UnitTest name="PrimaryColors_HaveFullOpacity" storage="/home/adam/dev/omega-spiral/chapter-zero/.godot/mono/temp/bin/debug/chapter-zero.dll" id="1349ca32-1349-4e32-921f-89287dd19511">
      <Execution id="d0022cbb-d8c9-4bfe-bb3c-fd5ae9c1f7aa" />
      <TestMethod codeBase="/home/adam/Dev/omega-spiral/chapter-zero/.godot/mono/temp/bin/Debug/chapter-zero.dll" adapterTypeName="executor://gdunit4.testadapter/" className="OmegaSpiral.Tests.Unit.Common.Omega.OmegaSpiralColorsTests" name="PrimaryColors_HaveFullOpacity" />
    </UnitTest>
    <UnitTest name="TestAllConfigValuesArePositive" storage="/home/adam/dev/omega-spiral/chapter-zero/.godot/mono/temp/bin/debug/chapter-zero.dll" id="db561c15-c5a2-43d2-8fbc-06d94bc3e4cd">
      <Execution id="db5cb279-939a-4369-ba8f-6764134ae9a5" />
      <TestMethod codeBase="/home/adam/Dev/omega-spiral/chapter-zero/.godot/mono/temp/bin/Debug/chapter-zero.dll" adapterTypeName="executor://gdunit4.testadapter/" className="OmegaSpiral.Tests.Unit.Services.GameAppConfigTests" name="TestAllConfigValuesArePositive" />
    </UnitTest>
    <UnitTest name="ManifestLoads_SixStages_NoDuplicateFirst" storage="/home/adam/dev/omega-spiral/chapter-zero/.godot/mono/temp/bin/debug/chapter-zero.dll" id="423e0505-742b-4260-a5bd-b91903851c61">
      <Execution id="0f425f64-216d-487a-82f2-1fcc23ff3b59" />
      <TestMethod codeBase="/home/adam/Dev/omega-spiral/chapter-zero/.godot/mono/temp/bin/Debug/chapter-zero.dll" adapterTypeName="executor://gdunit4.testadapter/" className="OmegaSpiral.Tests.Ui.MainMenuTests" name="ManifestLoads_SixStages_NoDuplicateFirst" />
    </UnitTest>
    <UnitTest name="TestButtonHeightLoaded" storage="/home/adam/dev/omega-spiral/chapter-zero/.godot/mono/temp/bin/debug/chapter-zero.dll" id="47847dc3-94ff-4ba7-96b2-06ee92130a21">
      <Execution id="83556b17-0ef2-4ee3-9f8d-ca098d60fe13" />
      <TestMethod codeBase="/home/adam/Dev/omega-spiral/chapter-zero/.godot/mono/temp/bin/Debug/chapter-zero.dll" adapterTypeName="executor://gdunit4.testadapter/" className="OmegaSpiral.Tests.Unit.Services.GameAppConfigTests" name="TestButtonHeightLoaded" />
    </UnitTest>
    <UnitTest name="Background_ShouldNotBeWhite" storage="/home/adam/dev/omega-spiral/chapter-zero/.godot/mono/temp/bin/debug/chapter-zero.dll" id="afd89144-a647-45b3-8b69-8d7a76f278be">
      <Execution id="eb678ac8-7270-4b9f-a379-ee176915d070" />
      <TestMethod codeBase="/home/adam/Dev/omega-spiral/chapter-zero/.godot/mono/temp/bin/Debug/chapter-zero.dll" adapterTypeName="executor://gdunit4.testadapter/" className="OmegaSpiral.Tests.Ui.MainMenuTests" name="Background_ShouldNotBeWhite" />
    </UnitTest>
    <UnitTest name="UpdateThreadColors_CanRevertToDesignSystem" storage="/home/adam/dev/omega-spiral/chapter-zero/.godot/mono/temp/bin/debug/chapter-zero.dll" id="9e844894-ff19-464f-a3c9-0978a6739c53">
      <Execution id="64b521ab-cf78-4cf3-a1a7-212298c306e5" />
      <TestMethod codeBase="/home/adam/Dev/omega-spiral/chapter-zero/.godot/mono/temp/bin/Debug/chapter-zero.dll" adapterTypeName="executor://gdunit4.testadapter/" className="OmegaSpiral.Tests.Ui.Omega.OmegaBorderFrame_UnitTests" name="UpdateThreadColors_CanRevertToDesignSystem" />
    </UnitTest>
    <UnitTest name="PauseMenu_ExtendsMenuUi" storage="/home/adam/dev/omega-spiral/chapter-zero/.godot/mono/temp/bin/debug/chapter-zero.dll" id="fe25957b-1663-468b-b59b-350b265a1d4f">
      <Execution id="a44440a4-745e-4e15-80a8-13de28f11d59" />
      <TestMethod codeBase="/home/adam/Dev/omega-spiral/chapter-zero/.godot/mono/temp/bin/Debug/chapter-zero.dll" adapterTypeName="executor://gdunit4.testadapter/" className="OmegaSpiral.Tests.Ui.PauseMenuTests" name="PauseMenu_ExtendsMenuUi" />
    </UnitTest>
    <UnitTest name="ActionBar_Exists" storage="/home/adam/dev/omega-spiral/chapter-zero/.godot/mono/temp/bin/debug/chapter-zero.dll" id="49069a1d-81cb-4e0f-a75f-8a1e53b3b368">
      <Execution id="c70a4b4f-052c-4778-a82c-f446b4856498" />
      <TestMethod codeBase="/home/adam/Dev/omega-spiral/chapter-zero/.godot/mono/temp/bin/Debug/chapter-zero.dll" adapterTypeName="executor://gdunit4.testadapter/" className="OmegaSpiral.Tests.Ui.MenuUiTests" name="ActionBar_Exists" />
    </UnitTest>
    <UnitTest name="GlitchLayer_IsVisibleWithCorrectOpacity" storage="/home/adam/dev/omega-spiral/chapter-zero/.godot/mono/temp/bin/debug/chapter-zero.dll" id="579d5b39-4ed7-421d-a1dd-87f5ace4af18">
      <Execution id="6c37ce09-001b-4fb4-88f5-de6597b514f9" />
      <TestMethod codeBase="/home/adam/Dev/omega-spiral/chapter-zero/.godot/mono/temp/bin/Debug/chapter-zero.dll" adapterTypeName="executor://gdunit4.testadapter/" className="OmegaSpiral.Tests.Ui.MainMenuTests" name="GlitchLayer_IsVisibleWithCorrectOpacity" />
    </UnitTest>
    <UnitTest name="ConstructorInitializeswithzeroscores" storage="/home/adam/dev/omega-spiral/chapter-zero/.godot/mono/temp/bin/debug/chapter-zero.dll" id="1b0544b8-2e53-4006-ba49-13f805ed1686">
      <Execution id="09fb362b-928c-477f-a9e8-d5e1cf350de1" />
      <TestMethod codeBase="/home/adam/Dev/omega-spiral/chapter-zero/.godot/mono/temp/bin/Debug/chapter-zero.dll" adapterTypeName="executor://gdunit4.testadapter/" className="OmegaSpiral.Tests.Unit.Common.GameStateTests" name="ConstructorInitializeswithzeroscores" />
    </UnitTest>
    <UnitTest name="MenuUi_ExposesProtectedHelpers" storage="/home/adam/dev/omega-spiral/chapter-zero/.godot/mono/temp/bin/debug/chapter-zero.dll" id="5f008b70-cd0d-4ee6-9448-7f2ef121e658">
      <Execution id="cca09e1b-bd01-46f0-88e5-57b4fb33741d" />
      <TestMethod codeBase="/home/adam/Dev/omega-spiral/chapter-zero/.godot/mono/temp/bin/Debug/chapter-zero.dll" adapterTypeName="executor://gdunit4.testadapter/" className="OmegaSpiral.Tests.Ui.MenuUiTests" name="MenuUi_ExposesProtectedHelpers" />
    </UnitTest>
    <UnitTest name="GlitchDistortion_Has8PercentOpacity" storage="/home/adam/dev/omega-spiral/chapter-zero/.godot/mono/temp/bin/debug/chapter-zero.dll" id="45ac829f-9abe-45d8-9c8f-1e874a52f9ba">
      <Execution id="2c57f23b-09f0-4ff8-95ec-f0028adf2403" />
      <TestMethod codeBase="/home/adam/Dev/omega-spiral/chapter-zero/.godot/mono/temp/bin/Debug/chapter-zero.dll" adapterTypeName="executor://gdunit4.testadapter/" className="OmegaSpiral.Tests.Unit.Common.Omega.OmegaSpiralColorsTests" name="GlitchDistortion_Has8PercentOpacity" />
    </UnitTest>
    <UnitTest name="OnPressed_EmitsChoiceSelectedSignal" storage="/home/adam/dev/omega-spiral/chapter-zero/.godot/mono/temp/bin/debug/chapter-zero.dll" id="07f652ac-5a93-4646-a17a-c4baf09f287d">
      <Execution id="ff41cd06-0d7b-4c19-ac44-7a9bcc0694b3" />
      <TestMethod codeBase="/home/adam/Dev/omega-spiral/chapter-zero/.godot/mono/temp/bin/Debug/chapter-zero.dll" adapterTypeName="executor://gdunit4.testadapter/" className="OmegaSpiral.Tests.Ui.Omega.ChoiceButtonTests" name="OnPressed_EmitsChoiceSelectedSignal" />
    </UnitTest>
    <UnitTest name="Constructor_InitializesSuccessfully" storage="/home/adam/dev/omega-spiral/chapter-zero/.godot/mono/temp/bin/debug/chapter-zero.dll" id="c25ecacc-ea8b-47be-be3f-a07a6021c906">
      <Execution id="ad61d8ef-88d1-4692-ad44-f971ee51b9f2" />
      <TestMethod codeBase="/home/adam/Dev/omega-spiral/chapter-zero/.godot/mono/temp/bin/Debug/chapter-zero.dll" adapterTypeName="executor://gdunit4.testadapter/" className="OmegaSpiral.Tests.Ui.Omega.OmegaBorderFrame_UnitTests" name="Constructor_InitializesSuccessfully" />
    </UnitTest>
    <UnitTest name="StageButtons_HaveCorrectTextFromManifest" storage="/home/adam/dev/omega-spiral/chapter-zero/.godot/mono/temp/bin/debug/chapter-zero.dll" id="00b60e33-fb9c-4329-88eb-4beb6eef5b09">
      <Execution id="89b0b69c-558a-4d38-b6be-e1ca45ba0042" />
      <TestMethod codeBase="/home/adam/Dev/omega-spiral/chapter-zero/.godot/mono/temp/bin/Debug/chapter-zero.dll" adapterTypeName="executor://gdunit4.testadapter/" className="OmegaSpiral.Tests.Ui.MainMenuTests" name="StageButtons_HaveCorrectTextFromManifest" />
    </UnitTest>
    <UnitTest name="GhostYaml_LoadsSuccessfully" storage="/home/adam/dev/omega-spiral/chapter-zero/.godot/mono/temp/bin/debug/chapter-zero.dll" id="990f7f44-b95c-4e94-9ce3-cc29a8d532bd">
      <Execution id="53aaa7b7-35d6-4e29-9d76-80d572d7a316" />
      <TestMethod codeBase="/home/adam/Dev/omega-spiral/chapter-zero/.godot/mono/temp/bin/Debug/chapter-zero.dll" adapterTypeName="executor://gdunit4.testadapter/" className="OmegaSpiral.Tests.Stages.Stage1Ghost.GhostYamlPlaybackTests" name="GhostYaml_LoadsSuccessfully" />
    </UnitTest>
    <UnitTest name="TestStatusLabelWidthRatioLoaded" storage="/home/adam/dev/omega-spiral/chapter-zero/.godot/mono/temp/bin/debug/chapter-zero.dll" id="dc9893cf-c322-49cd-ab16-dd24614007d4">
      <Execution id="371997ab-5609-4de0-b469-3156ee5cc2e9" />
      <TestMethod codeBase="/home/adam/Dev/omega-spiral/chapter-zero/.godot/mono/temp/bin/Debug/chapter-zero.dll" adapterTypeName="executor://gdunit4.testadapter/" className="OmegaSpiral.Tests.Unit.Services.GameAppConfigTests" name="TestStatusLabelWidthRatioLoaded" />
    </UnitTest>
    <UnitTest name="ShaderMaterial_IsConfigured" storage="/home/adam/dev/omega-spiral/chapter-zero/.godot/mono/temp/bin/debug/chapter-zero.dll" id="dd12f6a4-17a5-4aa0-b182-71a3677ca2cb">
      <Execution id="548837ad-5016-4029-b92c-5ff0894c0af7" />
      <TestMethod codeBase="/home/adam/Dev/omega-spiral/chapter-zero/.godot/mono/temp/bin/Debug/chapter-zero.dll" adapterTypeName="executor://gdunit4.testadapter/" className="OmegaSpiral.Tests.Ui.Omega.OmegaBorderFrame_UnitTests" name="ShaderMaterial_IsConfigured" />
    </UnitTest>
    <UnitTest name="PauseMenu_HasTitle" storage="/home/adam/dev/omega-spiral/chapter-zero/.godot/mono/temp/bin/debug/chapter-zero.dll" id="d446cded-36bf-48f7-a69e-35cd10938430">
      <Execution id="51ecba8f-7995-41ff-8f44-e4edf6c85887" />
      <TestMethod codeBase="/home/adam/Dev/omega-spiral/chapter-zero/.godot/mono/temp/bin/Debug/chapter-zero.dll" adapterTypeName="executor://gdunit4.testadapter/" className="OmegaSpiral.Tests.Ui.PauseMenuTests" name="PauseMenu_HasTitle" />
    </UnitTest>
    <UnitTest name="ContentContainer_HasCorrectSectionSpacing" storage="/home/adam/dev/omega-spiral/chapter-zero/.godot/mono/temp/bin/debug/chapter-zero.dll" id="ff2e8cc6-f8db-4d51-96ee-f67ada4228ef">
      <Execution id="1dda65ad-ece3-4ef9-a1d3-a3e65fb553e0" />
      <TestMethod codeBase="/home/adam/Dev/omega-spiral/chapter-zero/.godot/mono/temp/bin/Debug/chapter-zero.dll" adapterTypeName="executor://gdunit4.testadapter/" className="OmegaSpiral.Tests.Ui.MainMenuTests" name="ContentContainer_HasCorrectSectionSpacing" />
    </UnitTest>
    <UnitTest name="MenuButtonContainer_ExistsAndHasButtons" storage="/home/adam/dev/omega-spiral/chapter-zero/.godot/mono/temp/bin/debug/chapter-zero.dll" id="8f6159f7-3e56-41a0-86f4-6c1abc7afbc3">
      <Execution id="3d27152c-f7e8-4b62-94b3-469ca046efa7" />
      <TestMethod codeBase="/home/adam/Dev/omega-spiral/chapter-zero/.godot/mono/temp/bin/Debug/chapter-zero.dll" adapterTypeName="executor://gdunit4.testadapter/" className="OmegaSpiral.Tests.Ui.MainMenuTests" name="MenuButtonContainer_ExistsAndHasButtons" />
    </UnitTest>
    <UnitTest name="PauseMenu_CanShowAndHide" storage="/home/adam/dev/omega-spiral/chapter-zero/.godot/mono/temp/bin/debug/chapter-zero.dll" id="ac823ac8-96eb-4652-94a7-1205c3cc7e02">
      <Execution id="fa067d90-f65e-4448-b186-a9bd8293ab71" />
      <TestMethod codeBase="/home/adam/Dev/omega-spiral/chapter-zero/.godot/mono/temp/bin/Debug/chapter-zero.dll" adapterTypeName="executor://gdunit4.testadapter/" className="OmegaSpiral.Tests.Ui.PauseMenuTests" name="PauseMenu_CanShowAndHide" />
    </UnitTest>
    <UnitTest name="AnimationDefaults_AreSet" storage="/home/adam/dev/omega-spiral/chapter-zero/.godot/mono/temp/bin/debug/chapter-zero.dll" id="636ec8fa-d7b3-4be8-8c37-ca53471bfd50">
      <Execution id="1664f44a-6f61-441f-ba2e-67adcdd06b0b" />
      <TestMethod codeBase="/home/adam/Dev/omega-spiral/chapter-zero/.godot/mono/temp/bin/Debug/chapter-zero.dll" adapterTypeName="executor://gdunit4.testadapter/" className="OmegaSpiral.Tests.Ui.Omega.OmegaBorderFrame_UnitTests" name="AnimationDefaults_AreSet" />
    </UnitTest>
    <UnitTest name="ContentContainer_Exists" storage="/home/adam/dev/omega-spiral/chapter-zero/.godot/mono/temp/bin/debug/chapter-zero.dll" id="c1d75aab-a226-4f5c-83f6-0cf046d1121a">
      <Execution id="dd458d47-3487-4ed9-9a26-27dba4015185" />
      <TestMethod codeBase="/home/adam/Dev/omega-spiral/chapter-zero/.godot/mono/temp/bin/Debug/chapter-zero.dll" adapterTypeName="executor://gdunit4.testadapter/" className="OmegaSpiral.Tests.Ui.MenuUiTests" name="ContentContainer_Exists" />
    </UnitTest>
    <UnitTest name="ConfigureAnimationSpeed_UpdatesBothParameters" storage="/home/adam/dev/omega-spiral/chapter-zero/.godot/mono/temp/bin/debug/chapter-zero.dll" id="ac350619-f449-48ba-809b-da2b085ee49f">
      <Execution id="dbd358ce-7605-4161-a28d-93af9fccd674" />
      <TestMethod codeBase="/home/adam/Dev/omega-spiral/chapter-zero/.godot/mono/temp/bin/Debug/chapter-zero.dll" adapterTypeName="executor://gdunit4.testadapter/" className="OmegaSpiral.Tests.Ui.Omega.OmegaBorderFrame_UnitTests" name="ConfigureAnimationSpeed_UpdatesBothParameters" />
    </UnitTest>
    <UnitTest name="FocusFirstButton_WorksCorrectly" storage="/home/adam/dev/omega-spiral/chapter-zero/.godot/mono/temp/bin/debug/chapter-zero.dll" id="c04f61d5-4285-471b-9b80-e610f0dfb2b5">
      <Execution id="dca475c0-f8d6-49a4-968c-06c968052cac" />
      <TestMethod codeBase="/home/adam/Dev/omega-spiral/chapter-zero/.godot/mono/temp/bin/Debug/chapter-zero.dll" adapterTypeName="executor://gdunit4.testadapter/" className="OmegaSpiral.Tests.Ui.MenuUiUnitTests" name="FocusFirstButton_WorksCorrectly" />
    </UnitTest>
    <UnitTest name="WarmAmber_MatchesDesignSpec" storage="/home/adam/dev/omega-spiral/chapter-zero/.godot/mono/temp/bin/debug/chapter-zero.dll" id="fe0e7961-2e60-4e47-b457-0a03842f2f92">
      <Execution id="2bf217f9-cf74-49c0-9ec1-66953f42a87e" />
      <TestMethod codeBase="/home/adam/Dev/omega-spiral/chapter-zero/.godot/mono/temp/bin/Debug/chapter-zero.dll" adapterTypeName="executor://gdunit4.testadapter/" className="OmegaSpiral.Tests.Unit.Common.Omega.OmegaSpiralColorsTests" name="WarmAmber_MatchesDesignSpec" />
    </UnitTest>
    <UnitTest name="ChoicePresenter_IsNullByDefault" storage="/home/adam/dev/omega-spiral/chapter-zero/.godot/mono/temp/bin/debug/chapter-zero.dll" id="e394a4b0-f51d-470c-abed-2740f653dc52">
      <Execution id="1ff73bcd-98b1-4502-9dd6-a69061c0963c" />
      <TestMethod codeBase="/home/adam/Dev/omega-spiral/chapter-zero/.godot/mono/temp/bin/Debug/chapter-zero.dll" adapterTypeName="executor://gdunit4.testadapter/" className="OmegaSpiral.Tests.Ui.Omega.OmegaContainer_UnitTests" name="ChoicePresenter_IsNullByDefault" />
    </UnitTest>
    <UnitTest name="UpdatedreamweaverscoreHandlesnegativechanges" storage="/home/adam/dev/omega-spiral/chapter-zero/.godot/mono/temp/bin/debug/chapter-zero.dll" id="89cf0f05-44d6-455e-860d-a7ee41b74fe8">
      <Execution id="454034fe-7295-4852-a451-cfaf446c1c90" />
      <TestMethod codeBase="/home/adam/Dev/omega-spiral/chapter-zero/.godot/mono/temp/bin/Debug/chapter-zero.dll" adapterTypeName="executor://gdunit4.testadapter/" className="OmegaSpiral.Tests.Unit.Common.GameStateTests" name="UpdatedreamweaverscoreHandlesnegativechanges" />
    </UnitTest>
    <UnitTest name="MenuButtonContainer_HasCorrectSpacing" storage="/home/adam/dev/omega-spiral/chapter-zero/.godot/mono/temp/bin/debug/chapter-zero.dll" id="7540ee11-23bf-4684-94d8-90ea3cd0f3f9">
      <Execution id="1cfc1dda-75ec-4c97-8206-8d4a3a880702" />
      <TestMethod codeBase="/home/adam/Dev/omega-spiral/chapter-zero/.godot/mono/temp/bin/Debug/chapter-zero.dll" adapterTypeName="executor://gdunit4.testadapter/" className="OmegaSpiral.Tests.Ui.MainMenuTests" name="MenuButtonContainer_HasCorrectSpacing" />
    </UnitTest>
    <UnitTest name="Properties_AreReadWriteAccessible" storage="/home/adam/dev/omega-spiral/chapter-zero/.godot/mono/temp/bin/debug/chapter-zero.dll" id="addc3db0-983c-4976-8beb-c2113fe76567">
      <Execution id="45b5d081-4fb6-4d16-b6a7-87ad7370e69e" />
      <TestMethod codeBase="/home/adam/Dev/omega-spiral/chapter-zero/.godot/mono/temp/bin/Debug/chapter-zero.dll" adapterTypeName="executor://gdunit4.testadapter/" className="OmegaSpiral.Tests.Ui.Omega.ChoiceButtonTests" name="Properties_AreReadWriteAccessible" />
    </UnitTest>
    <UnitTest name="MainMenu_HasRequiredNodes" storage="/home/adam/dev/omega-spiral/chapter-zero/.godot/mono/temp/bin/debug/chapter-zero.dll" id="4b7fd999-7514-410e-bac9-8e38245873b1">
      <Execution id="4982de16-f2a2-4513-8d8f-a72b8a9e9987" />
      <TestMethod codeBase="/home/adam/Dev/omega-spiral/chapter-zero/.godot/mono/temp/bin/Debug/chapter-zero.dll" adapterTypeName="executor://gdunit4.testadapter/" className="OmegaSpiral.Tests.Ui.MainMenu_IntegrationTests" name="MainMenu_HasRequiredNodes" />
    </UnitTest>
    <UnitTest name="GetRotationSpeed_ReturnsCurrent" storage="/home/adam/dev/omega-spiral/chapter-zero/.godot/mono/temp/bin/debug/chapter-zero.dll" id="518dc950-17b0-4ca6-a2b4-1af955af22f9">
      <Execution id="edffc790-b11a-43da-8e45-59d4e3d2e9a4" />
      <TestMethod codeBase="/home/adam/Dev/omega-spiral/chapter-zero/.godot/mono/temp/bin/Debug/chapter-zero.dll" adapterTypeName="executor://gdunit4.testadapter/" className="OmegaSpiral.Tests.Ui.Omega.OmegaBorderFrame_UnitTests" name="GetRotationSpeed_ReturnsCurrent" />
    </UnitTest>
    <UnitTest name="OmegaContainer_IsGlobalClass" storage="/home/adam/dev/omega-spiral/chapter-zero/.godot/mono/temp/bin/debug/chapter-zero.dll" id="92a1379b-57c1-4db4-a2dc-6dfb18d29873">
      <Execution id="a0dee265-f543-48b6-aa77-485cef6de656" />
      <TestMethod codeBase="/home/adam/Dev/omega-spiral/chapter-zero/.godot/mono/temp/bin/Debug/chapter-zero.dll" adapterTypeName="executor://gdunit4.testadapter/" className="OmegaSpiral.Tests.Ui.Omega.OmegaContainer_UnitTests" name="OmegaContainer_IsGlobalClass" />
    </UnitTest>
    <UnitTest name="TestButtonSpacingLoaded" storage="/home/adam/dev/omega-spiral/chapter-zero/.godot/mono/temp/bin/debug/chapter-zero.dll" id="7a393634-1947-4564-8580-00538b8f0465">
      <Execution id="5c40a7ee-70e3-4244-a075-19dffbda7da4" />
      <TestMethod codeBase="/home/adam/Dev/omega-spiral/chapter-zero/.godot/mono/temp/bin/Debug/chapter-zero.dll" adapterTypeName="executor://gdunit4.testadapter/" className="OmegaSpiral.Tests.Unit.Services.GameAppConfigTests" name="TestButtonSpacingLoaded" />
    </UnitTest>
    <UnitTest name="ScanlineLayer_IsVisibleWithCorrectOpacity" storage="/home/adam/dev/omega-spiral/chapter-zero/.godot/mono/temp/bin/debug/chapter-zero.dll" id="0b9e4a5a-3d5a-41c9-8ca8-c593163d79a0">
      <Execution id="a61b4139-1c96-49b5-92fb-2283778524ca" />
      <TestMethod codeBase="/home/adam/Dev/omega-spiral/chapter-zero/.godot/mono/temp/bin/Debug/chapter-zero.dll" adapterTypeName="executor://gdunit4.testadapter/" className="OmegaSpiral.Tests.Ui.MainMenuTests" name="ScanlineLayer_IsVisibleWithCorrectOpacity" />
    </UnitTest>
    <UnitTest name="MenuTitle_Exists" storage="/home/adam/dev/omega-spiral/chapter-zero/.godot/mono/temp/bin/debug/chapter-zero.dll" id="24cd09fd-8ab3-4c01-88c6-4ac7137b4692">
      <Execution id="1dd34bd5-4829-41ea-956f-e030e94a3830" />
      <TestMethod codeBase="/home/adam/Dev/omega-spiral/chapter-zero/.godot/mono/temp/bin/Debug/chapter-zero.dll" adapterTypeName="executor://gdunit4.testadapter/" className="OmegaSpiral.Tests.Ui.MenuUiTests" name="MenuTitle_Exists" />
    </UnitTest>
    <UnitTest name="ChoiceButton_SupportsFocusNavigation" storage="/home/adam/dev/omega-spiral/chapter-zero/.godot/mono/temp/bin/debug/chapter-zero.dll" id="0082dc98-e75e-45a6-9bab-44439b8cc81a">
      <Execution id="966923bf-5c31-47cd-b297-f1cb53ea29ee" />
      <TestMethod codeBase="/home/adam/Dev/omega-spiral/chapter-zero/.godot/mono/temp/bin/Debug/chapter-zero.dll" adapterTypeName="executor://gdunit4.testadapter/" className="OmegaSpiral.Tests.Ui.Omega.ChoiceButtonTests" name="ChoiceButton_SupportsFocusNavigation" />
    </UnitTest>
    <UnitTest name="TestStageNameWidthRatioLoaded" storage="/home/adam/dev/omega-spiral/chapter-zero/.godot/mono/temp/bin/debug/chapter-zero.dll" id="8508a621-fbbb-495a-a3ca-b582236c6566">
      <Execution id="4d0db95d-17be-473b-b6b0-519f232bb519" />
      <TestMethod codeBase="/home/adam/Dev/omega-spiral/chapter-zero/.godot/mono/temp/bin/Debug/chapter-zero.dll" adapterTypeName="executor://gdunit4.testadapter/" className="OmegaSpiral.Tests.Unit.Services.GameAppConfigTests" name="TestStageNameWidthRatioLoaded" />
    </UnitTest>
    <UnitTest name="TextRenderer_IsNullByDefault" storage="/home/adam/dev/omega-spiral/chapter-zero/.godot/mono/temp/bin/debug/chapter-zero.dll" id="1ac701ae-53a3-4f25-b170-e8d5d1dbf10b">
      <Execution id="d0f3260f-5dbc-4427-a974-9ba9cab731ab" />
      <TestMethod codeBase="/home/adam/Dev/omega-spiral/chapter-zero/.godot/mono/temp/bin/Debug/chapter-zero.dll" adapterTypeName="executor://gdunit4.testadapter/" className="OmegaSpiral.Tests.Ui.Omega.OmegaContainer_UnitTests" name="TextRenderer_IsNullByDefault" />
    </UnitTest>
    <UnitTest name="ButtonContainer_CanAddButtons" storage="/home/adam/dev/omega-spiral/chapter-zero/.godot/mono/temp/bin/debug/chapter-zero.dll" id="5fc46281-de04-4d40-b06d-1cff5a8a56e2">
      <Execution id="a27ee0e0-889d-431c-b73a-86ce0567e5c8" />
      <TestMethod codeBase="/home/adam/Dev/omega-spiral/chapter-zero/.godot/mono/temp/bin/Debug/chapter-zero.dll" adapterTypeName="executor://gdunit4.testadapter/" className="OmegaSpiral.Tests.Ui.MenuUiTests" name="ButtonContainer_CanAddButtons" />
    </UnitTest>
    <UnitTest name="SpiralRotationSpeed_IsPiOver4" storage="/home/adam/dev/omega-spiral/chapter-zero/.godot/mono/temp/bin/debug/chapter-zero.dll" id="c0ca8846-2e60-4270-8fdb-7d8659cac4e0">
      <Execution id="1cd51a0b-f112-47a2-b643-bddb4110eab6" />
      <TestMethod codeBase="/home/adam/Dev/omega-spiral/chapter-zero/.godot/mono/temp/bin/Debug/chapter-zero.dll" adapterTypeName="executor://gdunit4.testadapter/" className="OmegaSpiral.Tests.Unit.Common.Omega.OmegaSpiralColorsTests" name="SpiralRotationSpeed_IsPiOver4" />
    </UnitTest>
    <UnitTest name="Layout_PropertiesAreCorrect" storage="/home/adam/dev/omega-spiral/chapter-zero/.godot/mono/temp/bin/debug/chapter-zero.dll" id="2dd3f5c8-6f54-4357-a9dc-b82e13510024">
      <Execution id="a2796f58-010a-4a3f-9524-a9dccc56f4c7" />
      <TestMethod codeBase="/home/adam/Dev/omega-spiral/chapter-zero/.godot/mono/temp/bin/Debug/chapter-zero.dll" adapterTypeName="executor://gdunit4.testadapter/" className="OmegaSpiral.Tests.Ui.Omega.OmegaBorderFrame_UnitTests" name="Layout_PropertiesAreCorrect" />
    </UnitTest>
    <UnitTest name="UpdatedreamweaverscoreAddspointscorrectly" storage="/home/adam/dev/omega-spiral/chapter-zero/.godot/mono/temp/bin/debug/chapter-zero.dll" id="6820439d-64e5-4da6-ad2a-12eba766ee0e">
      <Execution id="d80aa684-5100-49de-83ac-5bb7d1d046ff" />
      <TestMethod codeBase="/home/adam/Dev/omega-spiral/chapter-zero/.godot/mono/temp/bin/Debug/chapter-zero.dll" adapterTypeName="executor://gdunit4.testadapter/" className="OmegaSpiral.Tests.Unit.Common.GameStateTests" name="UpdatedreamweaverscoreAddspointscorrectly" />
    </UnitTest>
    <UnitTest name="OmegaContainer_ExtendsControl" storage="/home/adam/dev/omega-spiral/chapter-zero/.godot/mono/temp/bin/debug/chapter-zero.dll" id="eb672363-b7c4-4ae4-88de-f1d30e353c80">
      <Execution id="9dd60e4f-1af4-409f-a491-511b14752884" />
      <TestMethod codeBase="/home/adam/Dev/omega-spiral/chapter-zero/.godot/mono/temp/bin/Debug/chapter-zero.dll" adapterTypeName="executor://gdunit4.testadapter/" className="OmegaSpiral.Tests.Ui.Omega.OmegaContainer_UnitTests" name="OmegaContainer_ExtendsControl" />
    </UnitTest>
    <UnitTest name="Background_UsesCorrectDarkColor" storage="/home/adam/dev/omega-spiral/chapter-zero/.godot/mono/temp/bin/debug/chapter-zero.dll" id="e22b1312-22a6-4672-8ef8-8ce0d5a30fcd">
      <Execution id="19484020-cd10-4f84-91b3-b68a582e10a1" />
      <TestMethod codeBase="/home/adam/Dev/omega-spiral/chapter-zero/.godot/mono/temp/bin/Debug/chapter-zero.dll" adapterTypeName="executor://gdunit4.testadapter/" className="OmegaSpiral.Tests.Ui.MainMenuTests" name="Background_UsesCorrectDarkColor" />
    </UnitTest>
    <UnitTest name="LaunchButton_HasPressedSignalHandler" storage="/home/adam/dev/omega-spiral/chapter-zero/.godot/mono/temp/bin/debug/chapter-zero.dll" id="e3bdd9bb-5fa7-4e86-985a-6e9e2a1630e5">
      <Execution id="303e4c30-f659-4178-9f3c-511e437fdc80" />
      <TestMethod codeBase="/home/adam/Dev/omega-spiral/chapter-zero/.godot/mono/temp/bin/Debug/chapter-zero.dll" adapterTypeName="executor://gdunit4.testadapter/" className="OmegaSpiral.Tests.Ui.MainMenuTests" name="LaunchButton_HasPressedSignalHandler" />
    </UnitTest>
    <UnitTest name="TestUiLayoutConfigLoads" storage="/home/adam/dev/omega-spiral/chapter-zero/.godot/mono/temp/bin/debug/chapter-zero.dll" id="653ac867-c581-470a-a17f-e7af946e3631">
      <Execution id="c520cbd6-d516-4371-85f9-bb563f45cd9d" />
      <TestMethod codeBase="/home/adam/Dev/omega-spiral/chapter-zero/.godot/mono/temp/bin/Debug/chapter-zero.dll" adapterTypeName="executor://gdunit4.testadapter/" className="OmegaSpiral.Tests.Unit.Services.GameAppConfigTests" name="TestUiLayoutConfigLoads" />
    </UnitTest>
    <UnitTest name="OnUiHover_EmitsCueStarted" storage="/home/adam/dev/omega-spiral/chapter-zero/.godot/mono/temp/bin/debug/chapter-zero.dll" id="1fef8014-1fc5-4017-8e89-67fcca18484c">
      <Execution id="8c315066-e4ea-4c99-8d14-c5a7b9b2f451" />
      <TestMethod codeBase="/home/adam/Dev/omega-spiral/chapter-zero/.godot/mono/temp/bin/Debug/chapter-zero.dll" adapterTypeName="executor://gdunit4.testadapter/" className="AudioManagerTests" name="OnUiHover_EmitsCueStarted" />
    </UnitTest>
    <UnitTest name="QuitButton_Exists" storage="/home/adam/dev/omega-spiral/chapter-zero/.godot/mono/temp/bin/debug/chapter-zero.dll" id="3d5688d8-696d-4370-8531-cabe2b0432cd">
      <Execution id="16939e3b-cf8a-4a92-aeee-e28f22ab646c" />
      <TestMethod codeBase="/home/adam/Dev/omega-spiral/chapter-zero/.godot/mono/temp/bin/Debug/chapter-zero.dll" adapterTypeName="executor://gdunit4.testadapter/" className="OmegaSpiral.Tests.Ui.MainMenuTests" name="QuitButton_Exists" />
    </UnitTest>
    <UnitTest name="MenuUi_HasMenuModeEnum" storage="/home/adam/dev/omega-spiral/chapter-zero/.godot/mono/temp/bin/debug/chapter-zero.dll" id="530b98e1-977a-4b72-835c-7dfd0f2e4652">
      <Execution id="6f5757d0-2197-4ab8-b2ec-7dead9c78e70" />
      <TestMethod codeBase="/home/adam/Dev/omega-spiral/chapter-zero/.godot/mono/temp/bin/Debug/chapter-zero.dll" adapterTypeName="executor://gdunit4.testadapter/" className="OmegaSpiral.Tests.Ui.MenuUiTests" name="MenuUi_HasMenuModeEnum" />
    </UnitTest>
    <UnitTest name="FocusFirstButton_WorksCorrectly" storage="/home/adam/dev/omega-spiral/chapter-zero/.godot/mono/temp/bin/debug/chapter-zero.dll" id="13bb589d-b375-47cd-bd41-431d50480f1e">
      <Execution id="9837fb96-5ee8-4a1e-926c-e318c01fa73a" />
      <TestMethod codeBase="/home/adam/Dev/omega-spiral/chapter-zero/.godot/mono/temp/bin/Debug/chapter-zero.dll" adapterTypeName="executor://gdunit4.testadapter/" className="OmegaSpiral.Tests.Ui.MenuUiTests" name="FocusFirstButton_WorksCorrectly" />
    </UnitTest>
    <UnitTest name="ColorCycleDuration_Is8Seconds" storage="/home/adam/dev/omega-spiral/chapter-zero/.godot/mono/temp/bin/debug/chapter-zero.dll" id="dfb4d299-3fe2-4f37-9cbb-dbd21caa6669">
      <Execution id="5b8a57c5-4899-4e0a-9bce-c7786f5ec768" />
      <TestMethod codeBase="/home/adam/Dev/omega-spiral/chapter-zero/.godot/mono/temp/bin/Debug/chapter-zero.dll" adapterTypeName="executor://gdunit4.testadapter/" className="OmegaSpiral.Tests.Unit.Common.Omega.OmegaSpiralColorsTests" name="ColorCycleDuration_Is8Seconds" />
    </UnitTest>
    <UnitTest name="TestButtonPaddingVLoaded" storage="/home/adam/dev/omega-spiral/chapter-zero/.godot/mono/temp/bin/debug/chapter-zero.dll" id="d1764770-3a42-4d2f-b064-674f81e2bcc6">
      <Execution id="8f6e3c15-6482-4ec9-aa21-0e0cc53258a1" />
      <TestMethod codeBase="/home/adam/Dev/omega-spiral/chapter-zero/.godot/mono/temp/bin/Debug/chapter-zero.dll" adapterTypeName="executor://gdunit4.testadapter/" className="OmegaSpiral.Tests.Unit.Services.GameAppConfigTests" name="TestButtonPaddingVLoaded" />
    </UnitTest>
    <UnitTest name="GetFocusedButton_ReturnsNullWhenNoFocus" storage="/home/adam/dev/omega-spiral/chapter-zero/.godot/mono/temp/bin/debug/chapter-zero.dll" id="af80859e-eef7-4f53-a8b3-1acb175339bd">
      <Execution id="325004f0-0c33-490d-9127-c47045363686" />
      <TestMethod codeBase="/home/adam/Dev/omega-spiral/chapter-zero/.godot/mono/temp/bin/Debug/chapter-zero.dll" adapterTypeName="executor://gdunit4.testadapter/" className="OmegaSpiral.Tests.Ui.MenuUiUnitTests" name="GetFocusedButton_ReturnsNullWhenNoFocus" />
    </UnitTest>
    <UnitTest name="ButtonContainer_Exists" storage="/home/adam/dev/omega-spiral/chapter-zero/.godot/mono/temp/bin/debug/chapter-zero.dll" id="4396087a-6b90-4b4b-93ea-ab2f5e80edf9">
      <Execution id="d1da41dc-545e-4644-a910-54316d98427e" />
      <TestMethod codeBase="/home/adam/Dev/omega-spiral/chapter-zero/.godot/mono/temp/bin/Debug/chapter-zero.dll" adapterTypeName="executor://gdunit4.testadapter/" className="OmegaSpiral.Tests.Ui.MenuUiTests" name="ButtonContainer_Exists" />
    </UnitTest>
    <UnitTest name="OpacityTolerance_IsAppropriate" storage="/home/adam/dev/omega-spiral/chapter-zero/.godot/mono/temp/bin/debug/chapter-zero.dll" id="a3fa7922-2fa7-4691-8123-754b0dacb4dd">
      <Execution id="50bb48ee-b3df-47b7-a5c7-2525f7f04a7c" />
      <TestMethod codeBase="/home/adam/Dev/omega-spiral/chapter-zero/.godot/mono/temp/bin/Debug/chapter-zero.dll" adapterTypeName="executor://gdunit4.testadapter/" className="OmegaSpiral.Tests.Unit.Common.Omega.OmegaSpiralColorsTests" name="OpacityTolerance_IsAppropriate" />
    </UnitTest>
    <UnitTest name="ConfigureAnimationSpeed_ClampsToValidRanges" storage="/home/adam/dev/omega-spiral/chapter-zero/.godot/mono/temp/bin/debug/chapter-zero.dll" id="2e36e90f-8de9-4007-8d89-f78eb03d83f3">
      <Execution id="427250f8-236d-48da-b25b-f5f4e8bf5afd" />
      <TestMethod codeBase="/home/adam/Dev/omega-spiral/chapter-zero/.godot/mono/temp/bin/Debug/chapter-zero.dll" adapterTypeName="executor://gdunit4.testadapter/" className="OmegaSpiral.Tests.Ui.Omega.OmegaBorderFrame_UnitTests" name="ConfigureAnimationSpeed_ClampsToValidRanges" />
    </UnitTest>
    <UnitTest name="MenuTitle_IsHorizontallyCentered" storage="/home/adam/dev/omega-spiral/chapter-zero/.godot/mono/temp/bin/debug/chapter-zero.dll" id="07912732-1dfd-42f6-ade1-7af1f19667cd">
      <Execution id="8982b1b6-2dd5-4a3b-bc60-2d0ef181200e" />
      <TestMethod codeBase="/home/adam/Dev/omega-spiral/chapter-zero/.godot/mono/temp/bin/Debug/chapter-zero.dll" adapterTypeName="executor://gdunit4.testadapter/" className="OmegaSpiral.Tests.Ui.MainMenuTests" name="MenuTitle_IsHorizontallyCentered" />
    </UnitTest>
    <UnitTest name="MenuTitle_UsesCorrectFontSize" storage="/home/adam/dev/omega-spiral/chapter-zero/.godot/mono/temp/bin/debug/chapter-zero.dll" id="65b2cceb-d1a6-4ac8-9d12-767838a31a98">
      <Execution id="2575a38f-8379-4db9-a57c-d2744f9d548c" />
      <TestMethod codeBase="/home/adam/Dev/omega-spiral/chapter-zero/.godot/mono/temp/bin/Debug/chapter-zero.dll" adapterTypeName="executor://gdunit4.testadapter/" className="OmegaSpiral.Tests.Ui.MainMenuTests" name="MenuTitle_UsesCorrectFontSize" />
    </UnitTest>
    <UnitTest name="GetFocusedButton_ReturnsCorrectButton" storage="/home/adam/dev/omega-spiral/chapter-zero/.godot/mono/temp/bin/debug/chapter-zero.dll" id="630191de-79dc-41c4-97fd-29ff0d9f60a1">
      <Execution id="338543ab-a441-49fb-a22c-ed9c72692ee9" />
      <TestMethod codeBase="/home/adam/Dev/omega-spiral/chapter-zero/.godot/mono/temp/bin/Debug/chapter-zero.dll" adapterTypeName="executor://gdunit4.testadapter/" className="OmegaSpiral.Tests.Ui.MenuUiTests" name="GetFocusedButton_ReturnsCorrectButton" />
    </UnitTest>
    <UnitTest name="ExitTree_CleansUpProperly" storage="/home/adam/dev/omega-spiral/chapter-zero/.godot/mono/temp/bin/debug/chapter-zero.dll" id="84833162-16b9-4c33-bd7c-2a1a6bb59ce5">
      <Execution id="c829cc2b-9068-4cbd-b698-afc8cf0683f8" />
      <TestMethod codeBase="/home/adam/Dev/omega-spiral/chapter-zero/.godot/mono/temp/bin/Debug/chapter-zero.dll" adapterTypeName="executor://gdunit4.testadapter/" className="OmegaSpiral.Tests.Ui.Omega.ChoiceButtonTests" name="ExitTree_CleansUpProperly" />
    </UnitTest>
    <UnitTest name="GettotalscoreReturnssumofallscores" storage="/home/adam/dev/omega-spiral/chapter-zero/.godot/mono/temp/bin/debug/chapter-zero.dll" id="56bdc559-e4dc-42f9-ae3b-8d61489455e2">
      <Execution id="02bcb9be-581c-4356-ad59-d42a20a0de6c" />
      <TestMethod codeBase="/home/adam/Dev/omega-spiral/chapter-zero/.godot/mono/temp/bin/Debug/chapter-zero.dll" adapterTypeName="executor://gdunit4.testadapter/" className="OmegaSpiral.Tests.Unit.Common.GameStateTests" name="GettotalscoreReturnssumofallscores" />
    </UnitTest>
    <UnitTest name="LaunchButton_ExistsWithCorrectText" storage="/home/adam/dev/omega-spiral/chapter-zero/.godot/mono/temp/bin/debug/chapter-zero.dll" id="45bc16d9-8b28-4f4c-88bb-c2b7662b7a28">
      <Execution id="1f04bded-53f4-47c9-a33e-4ce15cf82ab7" />
      <TestMethod codeBase="/home/adam/Dev/omega-spiral/chapter-zero/.godot/mono/temp/bin/Debug/chapter-zero.dll" adapterTypeName="executor://gdunit4.testadapter/" className="OmegaSpiral.Tests.Ui.MainMenuTests" name="LaunchButton_ExistsWithCorrectText" />
    </UnitTest>
    <UnitTest name="MenuTitle_UsesAmberDesignColor" storage="/home/adam/dev/omega-spiral/chapter-zero/.godot/mono/temp/bin/debug/chapter-zero.dll" id="b1b51b70-063b-4d27-9b02-ec8d53004c1e">
      <Execution id="d07a5cc1-738a-44b7-ae76-4b947175277e" />
      <TestMethod codeBase="/home/adam/Dev/omega-spiral/chapter-zero/.godot/mono/temp/bin/Debug/chapter-zero.dll" adapterTypeName="executor://gdunit4.testadapter/" className="OmegaSpiral.Tests.Ui.MainMenuTests" name="MenuTitle_UsesAmberDesignColor" />
    </UnitTest>
    <UnitTest name="Configure_ThrowsExceptionForEmptyText" storage="/home/adam/dev/omega-spiral/chapter-zero/.godot/mono/temp/bin/debug/chapter-zero.dll" id="03fa39d9-b224-45fa-8526-7571caa82c89">
      <Execution id="15b5689e-578a-439b-8b2f-df91095cb273" />
      <TestMethod codeBase="/home/adam/Dev/omega-spiral/chapter-zero/.godot/mono/temp/bin/Debug/chapter-zero.dll" adapterTypeName="executor://gdunit4.testadapter/" className="OmegaSpiral.Tests.Ui.Omega.ChoiceButtonTests" name="Configure_ThrowsExceptionForEmptyText" />
    </UnitTest>
    <UnitTest name="UpdateThreadColors_ChangesAllThreads" storage="/home/adam/dev/omega-spiral/chapter-zero/.godot/mono/temp/bin/debug/chapter-zero.dll" id="1af17d31-d45e-43a9-8261-29f5e509a21e">
      <Execution id="8b79aa18-6753-40d8-ab5c-685ed4b2a4c6" />
      <TestMethod codeBase="/home/adam/Dev/omega-spiral/chapter-zero/.godot/mono/temp/bin/Debug/chapter-zero.dll" adapterTypeName="executor://gdunit4.testadapter/" className="OmegaSpiral.Tests.Ui.Omega.OmegaBorderFrame_UnitTests" name="UpdateThreadColors_ChangesAllThreads" />
    </UnitTest>
    <UnitTest name="BorderFrame_IsVisibleByDefault" storage="/home/adam/dev/omega-spiral/chapter-zero/.godot/mono/temp/bin/debug/chapter-zero.dll" id="2adbd154-6fd7-476c-85c2-9a25cb1c0d24">
      <Execution id="78f4e7fa-bf7a-487c-8e7e-157ce25ad737" />
      <TestMethod codeBase="/home/adam/Dev/omega-spiral/chapter-zero/.godot/mono/temp/bin/Debug/chapter-zero.dll" adapterTypeName="executor://gdunit4.testadapter/" className="OmegaSpiral.Tests.Ui.Omega.OmegaBorderFrame_UnitTests" name="BorderFrame_IsVisibleByDefault" />
    </UnitTest>
    <UnitTest name="OptionsButton_HasPressedSignalHandler" storage="/home/adam/dev/omega-spiral/chapter-zero/.godot/mono/temp/bin/debug/chapter-zero.dll" id="ca97bfe4-22a8-4d04-9ad6-37cc22ad004d">
      <Execution id="23ff709b-c6e5-41af-bc98-433dcbbfe057" />
      <TestMethod codeBase="/home/adam/Dev/omega-spiral/chapter-zero/.godot/mono/temp/bin/Debug/chapter-zero.dll" adapterTypeName="executor://gdunit4.testadapter/" className="OmegaSpiral.Tests.Ui.MainMenuTests" name="OptionsButton_HasPressedSignalHandler" />
    </UnitTest>
    <UnitTest name="ColorTolerance_IsAppropriate" storage="/home/adam/dev/omega-spiral/chapter-zero/.godot/mono/temp/bin/debug/chapter-zero.dll" id="bcb00249-efce-4913-800b-f3f73500ffdb">
      <Execution id="92711691-d070-49d5-aa03-8952678b07e8" />
      <TestMethod codeBase="/home/adam/Dev/omega-spiral/chapter-zero/.godot/mono/temp/bin/Debug/chapter-zero.dll" adapterTypeName="executor://gdunit4.testadapter/" className="OmegaSpiral.Tests.Unit.Common.Omega.OmegaSpiralColorsTests" name="ColorTolerance_IsAppropriate" />
    </UnitTest>
    <UnitTest name="PhosphorGlow_Has18PercentOpacity" storage="/home/adam/dev/omega-spiral/chapter-zero/.godot/mono/temp/bin/debug/chapter-zero.dll" id="0b2f96db-6152-4037-8394-f64a0dddfd53">
      <Execution id="a1ea5c56-c974-43fd-95ec-f62f089825dd" />
      <TestMethod codeBase="/home/adam/Dev/omega-spiral/chapter-zero/.godot/mono/temp/bin/Debug/chapter-zero.dll" adapterTypeName="executor://gdunit4.testadapter/" className="OmegaSpiral.Tests.Unit.Common.Omega.OmegaSpiralColorsTests" name="PhosphorGlow_Has18PercentOpacity" />
    </UnitTest>
    <UnitTest name="MenuTitle_DisplaysOmegaSpiral" storage="/home/adam/dev/omega-spiral/chapter-zero/.godot/mono/temp/bin/debug/chapter-zero.dll" id="5e79409f-6089-4aa7-89e8-715862574e70">
      <Execution id="b3f66e75-bbfa-4b91-b19e-2d317ca68933" />
      <TestMethod codeBase="/home/adam/Dev/omega-spiral/chapter-zero/.godot/mono/temp/bin/Debug/chapter-zero.dll" adapterTypeName="executor://gdunit4.testadapter/" className="OmegaSpiral.Tests.Ui.MainMenuTests" name="MenuTitle_DisplaysOmegaSpiral" />
    </UnitTest>
    <UnitTest name="ThreadColors_AppliedFromDesignSystem" storage="/home/adam/dev/omega-spiral/chapter-zero/.godot/mono/temp/bin/debug/chapter-zero.dll" id="39e00aaa-1858-4311-bf79-e982e7b21e08">
      <Execution id="edbee3bc-072b-4ce2-aed1-b96e35a3c25f" />
      <TestMethod codeBase="/home/adam/Dev/omega-spiral/chapter-zero/.godot/mono/temp/bin/Debug/chapter-zero.dll" adapterTypeName="executor://gdunit4.testadapter/" className="OmegaSpiral.Tests.Ui.Omega.OmegaBorderFrame_UnitTests" name="ThreadColors_AppliedFromDesignSystem" />
    </UnitTest>
    <UnitTest name="DeepSpace_MatchesDesignSpec" storage="/home/adam/dev/omega-spiral/chapter-zero/.godot/mono/temp/bin/debug/chapter-zero.dll" id="ada0c673-cbe3-4302-b2d3-70693028b512">
      <Execution id="44c4614a-b3e4-48d5-b62a-894c2f0faf16" />
      <TestMethod codeBase="/home/adam/Dev/omega-spiral/chapter-zero/.godot/mono/temp/bin/Debug/chapter-zero.dll" adapterTypeName="executor://gdunit4.testadapter/" className="OmegaSpiral.Tests.Unit.Common.Omega.OmegaSpiralColorsTests" name="DeepSpace_MatchesDesignSpec" />
    </UnitTest>
    <UnitTest name="BorderFrame_HasNonZeroSize" storage="/home/adam/dev/omega-spiral/chapter-zero/.godot/mono/temp/bin/debug/chapter-zero.dll" id="ef86a273-4378-4379-9fd6-0ee8afa26c7d">
      <Execution id="cb4bc0e4-6f6a-4249-9f35-1f132294f0a3" />
      <TestMethod codeBase="/home/adam/Dev/omega-spiral/chapter-zero/.godot/mono/temp/bin/Debug/chapter-zero.dll" adapterTypeName="executor://gdunit4.testadapter/" className="OmegaSpiral.Tests.Ui.Omega.OmegaBorderFrame_UnitTests" name="BorderFrame_HasNonZeroSize" />
    </UnitTest>
    <UnitTest name="TestButtonPaddingHLoaded" storage="/home/adam/dev/omega-spiral/chapter-zero/.godot/mono/temp/bin/debug/chapter-zero.dll" id="35ca3f95-059f-45ba-a347-02ff8d697495">
      <Execution id="e844b154-2ae6-4984-9114-ca7f8a30f43b" />
      <TestMethod codeBase="/home/adam/Dev/omega-spiral/chapter-zero/.godot/mono/temp/bin/Debug/chapter-zero.dll" adapterTypeName="executor://gdunit4.testadapter/" className="OmegaSpiral.Tests.Unit.Services.GameAppConfigTests" name="TestButtonPaddingHLoaded" />
    </UnitTest>
    <UnitTest name="MenuButtonContainer_IsCenterAligned" storage="/home/adam/dev/omega-spiral/chapter-zero/.godot/mono/temp/bin/debug/chapter-zero.dll" id="c0bfabf1-3263-4ee6-b33c-3de9daa38cb0">
      <Execution id="3c57b318-7285-435a-9b81-8072d73f9f7f" />
      <TestMethod codeBase="/home/adam/Dev/omega-spiral/chapter-zero/.godot/mono/temp/bin/Debug/chapter-zero.dll" adapterTypeName="executor://gdunit4.testadapter/" className="OmegaSpiral.Tests.Ui.MainMenuTests" name="MenuButtonContainer_IsCenterAligned" />
    </UnitTest>
    <UnitTest name="PhosphorPulseRange_HasCorrectMinMax" storage="/home/adam/dev/omega-spiral/chapter-zero/.godot/mono/temp/bin/debug/chapter-zero.dll" id="46e2bc4b-f2dd-4fb0-bf53-770e3b0a7b96">
      <Execution id="aee91dcc-9929-4b9e-a8cc-7374cdd1174d" />
      <TestMethod codeBase="/home/adam/Dev/omega-spiral/chapter-zero/.godot/mono/temp/bin/Debug/chapter-zero.dll" adapterTypeName="executor://gdunit4.testadapter/" className="OmegaSpiral.Tests.Unit.Common.Omega.OmegaSpiralColorsTests" name="PhosphorPulseRange_HasCorrectMinMax" />
    </UnitTest>
    <UnitTest name="OptionsButton_Exists" storage="/home/adam/dev/omega-spiral/chapter-zero/.godot/mono/temp/bin/debug/chapter-zero.dll" id="b5d99193-0798-4e50-93ed-dde93ccdce58">
      <Execution id="5e90d829-6e40-42e4-a139-7b07ed05bcc5" />
      <TestMethod codeBase="/home/adam/Dev/omega-spiral/chapter-zero/.godot/mono/temp/bin/Debug/chapter-zero.dll" adapterTypeName="executor://gdunit4.testadapter/" className="OmegaSpiral.Tests.Ui.MainMenuTests" name="OptionsButton_Exists" />
    </UnitTest>
    <UnitTest name="GethighestscoringdreamweaverReturnscorrectdreamweaver" storage="/home/adam/dev/omega-spiral/chapter-zero/.godot/mono/temp/bin/debug/chapter-zero.dll" id="adf92a78-436f-4d39-b2ef-42d60298c425">
      <Execution id="6992d088-be8c-40e2-89d7-155621bf834e" />
      <TestMethod codeBase="/home/adam/Dev/omega-spiral/chapter-zero/.godot/mono/temp/bin/Debug/chapter-zero.dll" adapterTypeName="executor://gdunit4.testadapter/" className="OmegaSpiral.Tests.Unit.Common.GameStateTests" name="GethighestscoringdreamweaverReturnscorrectdreamweaver" />
    </UnitTest>
    <UnitTest name="PauseMenu_HasBackground" storage="/home/adam/dev/omega-spiral/chapter-zero/.godot/mono/temp/bin/debug/chapter-zero.dll" id="fbc1b36b-c274-457d-a324-46329ea2c363">
      <Execution id="87547e62-6efe-42bd-87fc-e3957caf5f53" />
      <TestMethod codeBase="/home/adam/Dev/omega-spiral/chapter-zero/.godot/mono/temp/bin/Debug/chapter-zero.dll" adapterTypeName="executor://gdunit4.testadapter/" className="OmegaSpiral.Tests.Ui.PauseMenuTests" name="PauseMenu_HasBackground" />
    </UnitTest>
    <UnitTest name="QuitButton_HasPressedSignalHandler" storage="/home/adam/dev/omega-spiral/chapter-zero/.godot/mono/temp/bin/debug/chapter-zero.dll" id="f24ebb09-ebbc-4019-9dfb-a4af93023cba">
      <Execution id="ef76517f-2af1-40bb-8daf-3aac449a4fd3" />
      <TestMethod codeBase="/home/adam/Dev/omega-spiral/chapter-zero/.godot/mono/temp/bin/Debug/chapter-zero.dll" adapterTypeName="executor://gdunit4.testadapter/" className="OmegaSpiral.Tests.Ui.MainMenuTests" name="QuitButton_HasPressedSignalHandler" />
    </UnitTest>
    <UnitTest name="GhostYaml_OpeningScene_ContainsExpectedLines" storage="/home/adam/dev/omega-spiral/chapter-zero/.godot/mono/temp/bin/debug/chapter-zero.dll" id="daaad9d9-4922-48a6-aeed-bac22f99ddca">
      <Execution id="5f138e3d-752e-4d64-86b9-87693b479829" />
      <TestMethod codeBase="/home/adam/Dev/omega-spiral/chapter-zero/.godot/mono/temp/bin/Debug/chapter-zero.dll" adapterTypeName="executor://gdunit4.testadapter/" className="OmegaSpiral.Tests.Stages.Stage1Ghost.GhostYamlPlaybackTests" name="GhostYaml_OpeningScene_ContainsExpectedLines" />
    </UnitTest>
    <UnitTest name="GetWaveSpeed_ReturnsCurrent" storage="/home/adam/dev/omega-spiral/chapter-zero/.godot/mono/temp/bin/debug/chapter-zero.dll" id="81184e8d-cf15-46a3-9892-08742a34f875">
      <Execution id="6e1f1371-b0f9-446a-943f-251c96206c8d" />
      <TestMethod codeBase="/home/adam/Dev/omega-spiral/chapter-zero/.godot/mono/temp/bin/Debug/chapter-zero.dll" adapterTypeName="executor://gdunit4.testadapter/" className="OmegaSpiral.Tests.Ui.Omega.OmegaBorderFrame_UnitTests" name="GetWaveSpeed_ReturnsCurrent" />
    </UnitTest>
    <UnitTest name="GetFocusedButton_ReturnsCorrectButton" storage="/home/adam/dev/omega-spiral/chapter-zero/.godot/mono/temp/bin/debug/chapter-zero.dll" id="e74ac166-7d13-4bd2-97fb-5107ee42e59e">
      <Execution id="211a8fea-5ca2-4d76-9b29-8dac44e409e8" />
      <TestMethod codeBase="/home/adam/Dev/omega-spiral/chapter-zero/.godot/mono/temp/bin/Debug/chapter-zero.dll" adapterTypeName="executor://gdunit4.testadapter/" className="OmegaSpiral.Tests.Ui.MenuUiUnitTests" name="GetFocusedButton_ReturnsCorrectButton" />
    </UnitTest>
    <UnitTest name="InheritsFromMenuUi" storage="/home/adam/dev/omega-spiral/chapter-zero/.godot/mono/temp/bin/debug/chapter-zero.dll" id="15639d9c-e8ad-4e13-a106-65a3ab558d33">
      <Execution id="8c6057c1-b220-4be2-8e19-98733dd553ee" />
      <TestMethod codeBase="/home/adam/Dev/omega-spiral/chapter-zero/.godot/mono/temp/bin/Debug/chapter-zero.dll" adapterTypeName="executor://gdunit4.testadapter/" className="OmegaSpiral.Tests.Ui.MainMenuTests" name="InheritsFromMenuUi" />
    </UnitTest>
    <UnitTest name="NeonMagenta_MatchesDesignSpec" storage="/home/adam/dev/omega-spiral/chapter-zero/.godot/mono/temp/bin/debug/chapter-zero.dll" id="c0622e3b-6727-4a87-a42e-913ba0b2b0d1">
      <Execution id="daabd362-1943-4c72-acc7-8e65f9a4c2f1" />
      <TestMethod codeBase="/home/adam/Dev/omega-spiral/chapter-zero/.godot/mono/temp/bin/Debug/chapter-zero.dll" adapterTypeName="executor://gdunit4.testadapter/" className="OmegaSpiral.Tests.Unit.Common.Omega.OmegaSpiralColorsTests" name="NeonMagenta_MatchesDesignSpec" />
    </UnitTest>
    <UnitTest name="OnUiConfirm_DucksAmbientAndRestores" storage="/home/adam/dev/omega-spiral/chapter-zero/.godot/mono/temp/bin/debug/chapter-zero.dll" id="e96d02bf-451e-424a-8d04-427e85821ace">
      <Execution id="b6985738-2789-45a4-88fb-16818abf820e" />
      <TestMethod codeBase="/home/adam/Dev/omega-spiral/chapter-zero/.godot/mono/temp/bin/Debug/chapter-zero.dll" adapterTypeName="executor://gdunit4.testadapter/" className="AudioManagerTests" name="OnUiConfirm_DucksAmbientAndRestores" />
    </UnitTest>
    <UnitTest name="MenuUi_ExtendsOmegaContainer" storage="/home/adam/dev/omega-spiral/chapter-zero/.godot/mono/temp/bin/debug/chapter-zero.dll" id="8d6580eb-30dc-4904-a6a3-f9f027bff838">
      <Execution id="cec57d3e-19a7-41be-93ac-7fe73cf488d0" />
      <TestMethod codeBase="/home/adam/Dev/omega-spiral/chapter-zero/.godot/mono/temp/bin/Debug/chapter-zero.dll" adapterTypeName="executor://gdunit4.testadapter/" className="OmegaSpiral.Tests.Ui.MenuUiTests" name="MenuUi_ExtendsOmegaContainer" />
    </UnitTest>
    <UnitTest name="Menu_IsEnabledByDefault" storage="/home/adam/dev/omega-spiral/chapter-zero/.godot/mono/temp/bin/debug/chapter-zero.dll" id="fc32ee8c-6c0a-4d82-8368-09a9df0e41d9">
      <Execution id="0e1a26d7-0b13-4f9a-b76a-910009203fa0" />
      <TestMethod codeBase="/home/adam/Dev/omega-spiral/chapter-zero/.godot/mono/temp/bin/Debug/chapter-zero.dll" adapterTypeName="executor://gdunit4.testadapter/" className="OmegaSpiral.Tests.Ui.MenuUiTests" name="Menu_IsEnabledByDefault" />
    </UnitTest>
    <UnitTest name="Configure_SetsAllProperties" storage="/home/adam/dev/omega-spiral/chapter-zero/.godot/mono/temp/bin/debug/chapter-zero.dll" id="de22a306-0439-40fd-92c8-8016e519184f">
      <Execution id="098908e7-430f-439f-b3b2-6313cbd96f47" />
      <TestMethod codeBase="/home/adam/Dev/omega-spiral/chapter-zero/.godot/mono/temp/bin/Debug/chapter-zero.dll" adapterTypeName="executor://gdunit4.testadapter/" className="OmegaSpiral.Tests.Ui.Omega.ChoiceButtonTests" name="Configure_SetsAllProperties" />
    </UnitTest>
  </TestDefinitions>
  <TestEntries>
    <TestEntry testId="8f6159f7-3e56-41a0-86f4-6c1abc7afbc3" executionId="3d27152c-f7e8-4b62-94b3-469ca046efa7" testListId="8c84fa94-04c1-424b-9868-57a2d4851a1d" />
    <TestEntry testId="c0bfabf1-3263-4ee6-b33c-3de9daa38cb0" executionId="3c57b318-7285-435a-9b81-8072d73f9f7f" testListId="8c84fa94-04c1-424b-9868-57a2d4851a1d" />
    <TestEntry testId="0b9e4a5a-3d5a-41c9-8ca8-c593163d79a0" executionId="92b0aec8-332f-4b36-a082-26194f065291" testListId="8c84fa94-04c1-424b-9868-57a2d4851a1d" />
    <TestEntry testId="35f74bfe-3e5a-4911-8a9f-4e0d869799fd" executionId="d70d76aa-30c0-474c-9fef-32c980a5ab8b" testListId="8c84fa94-04c1-424b-9868-57a2d4851a1d" />
    <TestEntry testId="fb593468-38a5-4579-8d49-b7348df18550" executionId="92b115d0-5262-44b2-b571-c8c1f8ac733d" testListId="8c84fa94-04c1-424b-9868-57a2d4851a1d" />
    <TestEntry testId="d446cded-36bf-48f7-a69e-35cd10938430" executionId="51ecba8f-7995-41ff-8f44-e4edf6c85887" testListId="8c84fa94-04c1-424b-9868-57a2d4851a1d" />
    <TestEntry testId="fe25957b-1663-468b-b59b-350b265a1d4f" executionId="a44440a4-745e-4e15-80a8-13de28f11d59" testListId="8c84fa94-04c1-424b-9868-57a2d4851a1d" />
    <TestEntry testId="39e00aaa-1858-4311-bf79-e982e7b21e08" executionId="edbee3bc-072b-4ce2-aed1-b96e35a3c25f" testListId="8c84fa94-04c1-424b-9868-57a2d4851a1d" />
    <TestEntry testId="81184e8d-cf15-46a3-9892-08742a34f875" executionId="6e1f1371-b0f9-446a-943f-251c96206c8d" testListId="8c84fa94-04c1-424b-9868-57a2d4851a1d" />
    <TestEntry testId="1ac701ae-53a3-4f25-b170-e8d5d1dbf10b" executionId="d0f3260f-5dbc-4427-a974-9ba9cab731ab" testListId="8c84fa94-04c1-424b-9868-57a2d4851a1d" />
    <TestEntry testId="49069a1d-81cb-4e0f-a75f-8a1e53b3b368" executionId="c70a4b4f-052c-4778-a82c-f446b4856498" testListId="8c84fa94-04c1-424b-9868-57a2d4851a1d" />
    <TestEntry testId="0b2f96db-6152-4037-8394-f64a0dddfd53" executionId="a1ea5c56-c974-43fd-95ec-f62f089825dd" testListId="8c84fa94-04c1-424b-9868-57a2d4851a1d" />
    <TestEntry testId="afd89144-a647-45b3-8b69-8d7a76f278be" executionId="3de96e52-96af-4bc5-a2e3-9079e17ce3be" testListId="8c84fa94-04c1-424b-9868-57a2d4851a1d" />
    <TestEntry testId="daaad9d9-4922-48a6-aeed-bac22f99ddca" executionId="5f138e3d-752e-4d64-86b9-87693b479829" testListId="8c84fa94-04c1-424b-9868-57a2d4851a1d" />
    <TestEntry testId="eb672363-b7c4-4ae4-88de-f1d30e353c80" executionId="9dd60e4f-1af4-409f-a491-511b14752884" testListId="8c84fa94-04c1-424b-9868-57a2d4851a1d" />
    <TestEntry testId="5f008b70-cd0d-4ee6-9448-7f2ef121e658" executionId="cca09e1b-bd01-46f0-88e5-57b4fb33741d" testListId="8c84fa94-04c1-424b-9868-57a2d4851a1d" />
    <TestEntry testId="636ec8fa-d7b3-4be8-8c37-ca53471bfd50" executionId="1664f44a-6f61-441f-ba2e-67adcdd06b0b" testListId="8c84fa94-04c1-424b-9868-57a2d4851a1d" />
    <TestEntry testId="d1764770-3a42-4d2f-b064-674f81e2bcc6" executionId="8f6e3c15-6482-4ec9-aa21-0e0cc53258a1" testListId="8c84fa94-04c1-424b-9868-57a2d4851a1d" />
    <TestEntry testId="4396087a-6b90-4b4b-93ea-ab2f5e80edf9" executionId="d1da41dc-545e-4644-a910-54316d98427e" testListId="8c84fa94-04c1-424b-9868-57a2d4851a1d" />
    <TestEntry testId="518dc950-17b0-4ca6-a2b4-1af955af22f9" executionId="edffc790-b11a-43da-8e45-59d4e3d2e9a4" testListId="8c84fa94-04c1-424b-9868-57a2d4851a1d" />
    <TestEntry testId="07912732-1dfd-42f6-ade1-7af1f19667cd" executionId="8982b1b6-2dd5-4a3b-bc60-2d0ef181200e" testListId="8c84fa94-04c1-424b-9868-57a2d4851a1d" />
    <TestEntry testId="45ac829f-9abe-45d8-9c8f-1e874a52f9ba" executionId="2c57f23b-09f0-4ff8-95ec-f0028adf2403" testListId="8c84fa94-04c1-424b-9868-57a2d4851a1d" />
    <TestEntry testId="fe0e7961-2e60-4e47-b457-0a03842f2f92" executionId="2bf217f9-cf74-49c0-9ec1-66953f42a87e" testListId="8c84fa94-04c1-424b-9868-57a2d4851a1d" />
    <TestEntry testId="03fa39d9-b224-45fa-8526-7571caa82c89" executionId="15b5689e-578a-439b-8b2f-df91095cb273" testListId="8c84fa94-04c1-424b-9868-57a2d4851a1d" />
    <TestEntry testId="1af17d31-d45e-43a9-8261-29f5e509a21e" executionId="8b79aa18-6753-40d8-ab5c-685ed4b2a4c6" testListId="8c84fa94-04c1-424b-9868-57a2d4851a1d" />
    <TestEntry testId="8508a621-fbbb-495a-a3ca-b582236c6566" executionId="4d0db95d-17be-473b-b6b0-519f232bb519" testListId="8c84fa94-04c1-424b-9868-57a2d4851a1d" />
    <TestEntry testId="ef86a273-4378-4379-9fd6-0ee8afa26c7d" executionId="cb4bc0e4-6f6a-4249-9f35-1f132294f0a3" testListId="8c84fa94-04c1-424b-9868-57a2d4851a1d" />
    <TestEntry testId="2dd3f5c8-6f54-4357-a9dc-b82e13510024" executionId="a2796f58-010a-4a3f-9524-a9dccc56f4c7" testListId="8c84fa94-04c1-424b-9868-57a2d4851a1d" />
    <TestEntry testId="579d5b39-4ed7-421d-a1dd-87f5ace4af18" executionId="6c37ce09-001b-4fb4-88f5-de6597b514f9" testListId="8c84fa94-04c1-424b-9868-57a2d4851a1d" />
    <TestEntry testId="addc3db0-983c-4976-8beb-c2113fe76567" executionId="45b5d081-4fb6-4d16-b6a7-87ad7370e69e" testListId="8c84fa94-04c1-424b-9868-57a2d4851a1d" />
    <TestEntry testId="990f7f44-b95c-4e94-9ce3-cc29a8d532bd" executionId="53aaa7b7-35d6-4e29-9d76-80d572d7a316" testListId="8c84fa94-04c1-424b-9868-57a2d4851a1d" />
    <TestEntry testId="b74472f5-9ae2-4ce2-9877-80d24c5c2a8c" executionId="96b03f26-8e04-4d1a-a14f-68952d50f9ae" testListId="8c84fa94-04c1-424b-9868-57a2d4851a1d" />
    <TestEntry testId="45bc16d9-8b28-4f4c-88bb-c2b7662b7a28" executionId="5fa86c0e-19cc-45dd-aed9-b874c9799bf9" testListId="8c84fa94-04c1-424b-9868-57a2d4851a1d" />
    <TestEntry testId="4b7fd999-7514-410e-bac9-8e38245873b1" executionId="4982de16-f2a2-4513-8d8f-a72b8a9e9987" testListId="8c84fa94-04c1-424b-9868-57a2d4851a1d" />
    <TestEntry testId="3efde16d-2bbc-484f-88dc-97938af5e5c5" executionId="dcd149d0-c330-42e2-a485-cf692b36d364" testListId="8c84fa94-04c1-424b-9868-57a2d4851a1d" />
    <TestEntry testId="9cc8ee7b-4ddc-47c8-8c47-c136b13c9a6a" executionId="7d899c0e-908c-488b-85d6-1e754907a2ca" testListId="8c84fa94-04c1-424b-9868-57a2d4851a1d" />
    <TestEntry testId="1259776e-8f21-421c-b8f9-042da349aa03" executionId="05ab081e-bd29-44e0-975e-5817b9a0a594" testListId="8c84fa94-04c1-424b-9868-57a2d4851a1d" />
    <TestEntry testId="b1b51b70-063b-4d27-9b02-ec8d53004c1e" executionId="d292a700-d5c8-4a79-a3e2-3d89d12527ca" testListId="8c84fa94-04c1-424b-9868-57a2d4851a1d" />
    <TestEntry testId="07912732-1dfd-42f6-ade1-7af1f19667cd" executionId="950f1a91-5d24-42d4-853c-578cbac162b3" testListId="8c84fa94-04c1-424b-9868-57a2d4851a1d" />
    <TestEntry testId="adf92a78-436f-4d39-b2ef-42d60298c425" executionId="6992d088-be8c-40e2-89d7-155621bf834e" testListId="8c84fa94-04c1-424b-9868-57a2d4851a1d" />
    <TestEntry testId="fbc1b36b-c274-457d-a324-46329ea2c363" executionId="6be0450f-7f06-44bf-a9b9-cb31761f313d" testListId="8c84fa94-04c1-424b-9868-57a2d4851a1d" />
    <TestEntry testId="3d5688d8-696d-4370-8531-cabe2b0432cd" executionId="16939e3b-cf8a-4a92-aeee-e28f22ab646c" testListId="8c84fa94-04c1-424b-9868-57a2d4851a1d" />
    <TestEntry testId="e74ac166-7d13-4bd2-97fb-5107ee42e59e" executionId="211a8fea-5ca2-4d76-9b29-8dac44e409e8" testListId="8c84fa94-04c1-424b-9868-57a2d4851a1d" />
    <TestEntry testId="e96d02bf-451e-424a-8d04-427e85821ace" executionId="b6985738-2789-45a4-88fb-16818abf820e" testListId="8c84fa94-04c1-424b-9868-57a2d4851a1d" />
    <TestEntry testId="51de4858-027a-4a18-bc59-649795a867df" executionId="c2e93051-deba-4407-a44f-d00259c3ba0c" testListId="8c84fa94-04c1-424b-9868-57a2d4851a1d" />
    <TestEntry testId="2e36e90f-8de9-4007-8d89-f78eb03d83f3" executionId="427250f8-236d-48da-b25b-f5f4e8bf5afd" testListId="8c84fa94-04c1-424b-9868-57a2d4851a1d" />
    <TestEntry testId="653ac867-c581-470a-a17f-e7af946e3631" executionId="c520cbd6-d516-4371-85f9-bb563f45cd9d" testListId="8c84fa94-04c1-424b-9868-57a2d4851a1d" />
    <TestEntry testId="9a19dfe3-eb2e-4bcf-bacc-ef225a2654cc" executionId="2f43f5f4-4ff3-480a-9b8c-c870fac7331f" testListId="8c84fa94-04c1-424b-9868-57a2d4851a1d" />
    <TestEntry testId="dc9893cf-c322-49cd-ab16-dd24614007d4" executionId="371997ab-5609-4de0-b469-3156ee5cc2e9" testListId="8c84fa94-04c1-424b-9868-57a2d4851a1d" />
    <TestEntry testId="1b0544b8-2e53-4006-ba49-13f805ed1686" executionId="09fb362b-928c-477f-a9e8-d5e1cf350de1" testListId="8c84fa94-04c1-424b-9868-57a2d4851a1d" />
    <TestEntry testId="f24ebb09-ebbc-4019-9dfb-a4af93023cba" executionId="e9152b9b-bbd8-42bb-b0b5-3d9cdb3f4890" testListId="8c84fa94-04c1-424b-9868-57a2d4851a1d" />
    <TestEntry testId="46e2bc4b-f2dd-4fb0-bf53-770e3b0a7b96" executionId="aee91dcc-9929-4b9e-a8cc-7374cdd1174d" testListId="8c84fa94-04c1-424b-9868-57a2d4851a1d" />
    <TestEntry testId="45bc16d9-8b28-4f4c-88bb-c2b7662b7a28" executionId="1f04bded-53f4-47c9-a33e-4ce15cf82ab7" testListId="8c84fa94-04c1-424b-9868-57a2d4851a1d" />
    <TestEntry testId="b5d99193-0798-4e50-93ed-dde93ccdce58" executionId="700639f8-a937-477a-ac5e-f94941592d8a" testListId="8c84fa94-04c1-424b-9868-57a2d4851a1d" />
    <TestEntry testId="c0ca8846-2e60-4270-8fdb-7d8659cac4e0" executionId="1cd51a0b-f112-47a2-b643-bddb4110eab6" testListId="8c84fa94-04c1-424b-9868-57a2d4851a1d" />
    <TestEntry testId="3efde16d-2bbc-484f-88dc-97938af5e5c5" executionId="967e368c-220f-4722-9115-e11911fcf830" testListId="8c84fa94-04c1-424b-9868-57a2d4851a1d" />
    <TestEntry testId="1fef8014-1fc5-4017-8e89-67fcca18484c" executionId="8c315066-e4ea-4c99-8d14-c5a7b9b2f451" testListId="8c84fa94-04c1-424b-9868-57a2d4851a1d" />
    <TestEntry testId="1349ca32-1349-4e32-921f-89287dd19511" executionId="d0022cbb-d8c9-4bfe-bb3c-fd5ae9c1f7aa" testListId="8c84fa94-04c1-424b-9868-57a2d4851a1d" />
    <TestEntry testId="35ca3f95-059f-45ba-a347-02ff8d697495" executionId="e844b154-2ae6-4984-9114-ca7f8a30f43b" testListId="8c84fa94-04c1-424b-9868-57a2d4851a1d" />
    <TestEntry testId="94827944-eed2-4b75-9bb8-51e20af7579f" executionId="c954ae0b-01bd-4c13-96e5-bf6c99f8f17d" testListId="8c84fa94-04c1-424b-9868-57a2d4851a1d" />
    <TestEntry testId="de22a306-0439-40fd-92c8-8016e519184f" executionId="098908e7-430f-439f-b3b2-6313cbd96f47" testListId="8c84fa94-04c1-424b-9868-57a2d4851a1d" />
    <TestEntry testId="fc32ee8c-6c0a-4d82-8368-09a9df0e41d9" executionId="0e1a26d7-0b13-4f9a-b76a-910009203fa0" testListId="8c84fa94-04c1-424b-9868-57a2d4851a1d" />
    <TestEntry testId="c0622e3b-6727-4a87-a42e-913ba0b2b0d1" executionId="daabd362-1943-4c72-acc7-8e65f9a4c2f1" testListId="8c84fa94-04c1-424b-9868-57a2d4851a1d" />
    <TestEntry testId="47847dc3-94ff-4ba7-96b2-06ee92130a21" executionId="83556b17-0ef2-4ee3-9f8d-ca098d60fe13" testListId="8c84fa94-04c1-424b-9868-57a2d4851a1d" />
    <TestEntry testId="34e5f4fb-dd4e-4fa1-af45-e42c031b9459" executionId="178eb976-d52c-414f-94df-883b3bc7cada" testListId="8c84fa94-04c1-424b-9868-57a2d4851a1d" />
    <TestEntry testId="d446cded-36bf-48f7-a69e-35cd10938430" executionId="c82e32aa-3433-4f1a-8033-5034579b6afc" testListId="8c84fa94-04c1-424b-9868-57a2d4851a1d" />
    <TestEntry testId="d0fbcf2e-3303-4b6b-85db-8c66f6d1d114" executionId="95752b8e-0f15-4d6a-a92b-4f70237e6385" testListId="8c84fa94-04c1-424b-9868-57a2d4851a1d" />
    <TestEntry testId="ca97bfe4-22a8-4d04-9ad6-37cc22ad004d" executionId="730c957c-ab72-4974-8c54-aba9ea091915" testListId="8c84fa94-04c1-424b-9868-57a2d4851a1d" />
    <TestEntry testId="c04f61d5-4285-471b-9b80-e610f0dfb2b5" executionId="dca475c0-f8d6-49a4-968c-06c968052cac" testListId="8c84fa94-04c1-424b-9868-57a2d4851a1d" />
    <TestEntry testId="8d6580eb-30dc-4904-a6a3-f9f027bff838" executionId="cec57d3e-19a7-41be-93ac-7fe73cf488d0" testListId="8c84fa94-04c1-424b-9868-57a2d4851a1d" />
    <TestEntry testId="bcb00249-efce-4913-800b-f3f73500ffdb" executionId="92711691-d070-49d5-aa03-8952678b07e8" testListId="8c84fa94-04c1-424b-9868-57a2d4851a1d" />
    <TestEntry testId="e3bdd9bb-5fa7-4e86-985a-6e9e2a1630e5" executionId="c4b045cb-bd30-46a2-b5e3-a9ffabe08d00" testListId="8c84fa94-04c1-424b-9868-57a2d4851a1d" />
    <TestEntry testId="fbc1b36b-c274-457d-a324-46329ea2c363" executionId="87547e62-6efe-42bd-87fc-e3957caf5f53" testListId="8c84fa94-04c1-424b-9868-57a2d4851a1d" />
    <TestEntry testId="13bb589d-b375-47cd-bd41-431d50480f1e" executionId="9837fb96-5ee8-4a1e-926c-e318c01fa73a" testListId="8c84fa94-04c1-424b-9868-57a2d4851a1d" />
    <TestEntry testId="84833162-16b9-4c33-bd7c-2a1a6bb59ce5" executionId="c829cc2b-9068-4cbd-b698-afc8cf0683f8" testListId="8c84fa94-04c1-424b-9868-57a2d4851a1d" />
    <TestEntry testId="e394a4b0-f51d-470c-abed-2740f653dc52" executionId="1ff73bcd-98b1-4502-9dd6-a69061c0963c" testListId="8c84fa94-04c1-424b-9868-57a2d4851a1d" />
    <TestEntry testId="fe25957b-1663-468b-b59b-350b265a1d4f" executionId="60a395b1-fa44-4e12-a4d1-8caa753a2aed" testListId="8c84fa94-04c1-424b-9868-57a2d4851a1d" />
    <TestEntry testId="423e0505-742b-4260-a5bd-b91903851c61" executionId="6b989139-00bc-4fa7-9597-ac7f55338ffd" testListId="8c84fa94-04c1-424b-9868-57a2d4851a1d" />
    <TestEntry testId="65b2cceb-d1a6-4ac8-9d12-767838a31a98" executionId="2575a38f-8379-4db9-a57c-d2744f9d548c" testListId="8c84fa94-04c1-424b-9868-57a2d4851a1d" />
    <TestEntry testId="35f74bfe-3e5a-4911-8a9f-4e0d869799fd" executionId="289097de-6beb-497b-8583-65a81278fb3c" testListId="8c84fa94-04c1-424b-9868-57a2d4851a1d" />
    <TestEntry testId="15639d9c-e8ad-4e13-a106-65a3ab558d33" executionId="8c6057c1-b220-4be2-8e19-98733dd553ee" testListId="8c84fa94-04c1-424b-9868-57a2d4851a1d" />
    <TestEntry testId="4b7fd999-7514-410e-bac9-8e38245873b1" executionId="79124b15-5611-4344-9081-44315e36b91d" testListId="8c84fa94-04c1-424b-9868-57a2d4851a1d" />
    <TestEntry testId="579d5b39-4ed7-421d-a1dd-87f5ace4af18" executionId="61a68c27-2960-4939-902b-cec2cf4c8d22" testListId="8c84fa94-04c1-424b-9868-57a2d4851a1d" />
    <TestEntry testId="5e79409f-6089-4aa7-89e8-715862574e70" executionId="b3f66e75-bbfa-4b91-b19e-2d317ca68933" testListId="8c84fa94-04c1-424b-9868-57a2d4851a1d" />
    <TestEntry testId="7540ee11-23bf-4684-94d8-90ea3cd0f3f9" executionId="1cfc1dda-75ec-4c97-8206-8d4a3a880702" testListId="8c84fa94-04c1-424b-9868-57a2d4851a1d" />
    <TestEntry testId="7a393634-1947-4564-8580-00538b8f0465" executionId="5c40a7ee-70e3-4244-a075-19dffbda7da4" testListId="8c84fa94-04c1-424b-9868-57a2d4851a1d" />
    <TestEntry testId="b1b51b70-063b-4d27-9b02-ec8d53004c1e" executionId="d07a5cc1-738a-44b7-ae76-4b947175277e" testListId="8c84fa94-04c1-424b-9868-57a2d4851a1d" />
    <TestEntry testId="e3bdd9bb-5fa7-4e86-985a-6e9e2a1630e5" executionId="303e4c30-f659-4178-9f3c-511e437fdc80" testListId="8c84fa94-04c1-424b-9868-57a2d4851a1d" />
    <TestEntry testId="56bdc559-e4dc-42f9-ae3b-8d61489455e2" executionId="02bcb9be-581c-4356-ad59-d42a20a0de6c" testListId="8c84fa94-04c1-424b-9868-57a2d4851a1d" />
    <TestEntry testId="0082dc98-e75e-45a6-9bab-44439b8cc81a" executionId="966923bf-5c31-47cd-b297-f1cb53ea29ee" testListId="8c84fa94-04c1-424b-9868-57a2d4851a1d" />
    <TestEntry testId="c0bfabf1-3263-4ee6-b33c-3de9daa38cb0" executionId="f197ce64-b869-4af9-a099-3ebbe14ec00b" testListId="8c84fa94-04c1-424b-9868-57a2d4851a1d" />
    <TestEntry testId="6820439d-64e5-4da6-ad2a-12eba766ee0e" executionId="d80aa684-5100-49de-83ac-5bb7d1d046ff" testListId="8c84fa94-04c1-424b-9868-57a2d4851a1d" />
    <TestEntry testId="af80859e-eef7-4f53-a8b3-1acb175339bd" executionId="325004f0-0c33-490d-9127-c47045363686" testListId="8c84fa94-04c1-424b-9868-57a2d4851a1d" />
    <TestEntry testId="530b98e1-977a-4b72-835c-7dfd0f2e4652" executionId="6f5757d0-2197-4ab8-b2ec-7dead9c78e70" testListId="8c84fa94-04c1-424b-9868-57a2d4851a1d" />
    <TestEntry testId="92a1379b-57c1-4db4-a2dc-6dfb18d29873" executionId="a0dee265-f543-48b6-aa77-485cef6de656" testListId="8c84fa94-04c1-424b-9868-57a2d4851a1d" />
    <TestEntry testId="a3170e46-a482-4e45-9090-ed80e1a63a73" executionId="9892a7b6-1393-4b85-9f3b-393ee7996df3" testListId="8c84fa94-04c1-424b-9868-57a2d4851a1d" />
    <TestEntry testId="e22b1312-22a6-4672-8ef8-8ce0d5a30fcd" executionId="11dec77e-3a4b-4327-925a-12e498ab7d2f" testListId="8c84fa94-04c1-424b-9868-57a2d4851a1d" />
    <TestEntry testId="b5d99193-0798-4e50-93ed-dde93ccdce58" executionId="5e90d829-6e40-42e4-a139-7b07ed05bcc5" testListId="8c84fa94-04c1-424b-9868-57a2d4851a1d" />
    <TestEntry testId="0b9e4a5a-3d5a-41c9-8ca8-c593163d79a0" executionId="a61b4139-1c96-49b5-92fb-2283778524ca" testListId="8c84fa94-04c1-424b-9868-57a2d4851a1d" />
    <TestEntry testId="5e79409f-6089-4aa7-89e8-715862574e70" executionId="9e26be2b-4b73-4add-b5de-3f27d1fc44d9" testListId="8c84fa94-04c1-424b-9868-57a2d4851a1d" />
    <TestEntry testId="15639d9c-e8ad-4e13-a106-65a3ab558d33" executionId="ff0568ae-3443-431b-8cbb-d9113a13f705" testListId="8c84fa94-04c1-424b-9868-57a2d4851a1d" />
    <TestEntry testId="65b2cceb-d1a6-4ac8-9d12-767838a31a98" executionId="dcf3decb-e939-450d-b4e3-e2ce03e8701d" testListId="8c84fa94-04c1-424b-9868-57a2d4851a1d" />
    <TestEntry testId="3d5688d8-696d-4370-8531-cabe2b0432cd" executionId="5d0acb22-1ee7-45aa-9e87-d6283c1ccf90" testListId="8c84fa94-04c1-424b-9868-57a2d4851a1d" />
    <TestEntry testId="ff2e8cc6-f8db-4d51-96ee-f67ada4228ef" executionId="6200ad02-b778-4e0d-87a9-7cc704196d39" testListId="8c84fa94-04c1-424b-9868-57a2d4851a1d" />
    <TestEntry testId="630191de-79dc-41c4-97fd-29ff0d9f60a1" executionId="338543ab-a441-49fb-a22c-ed9c72692ee9" testListId="8c84fa94-04c1-424b-9868-57a2d4851a1d" />
    <TestEntry testId="2adbd154-6fd7-476c-85c2-9a25cb1c0d24" executionId="78f4e7fa-bf7a-487c-8e7e-157ce25ad737" testListId="8c84fa94-04c1-424b-9868-57a2d4851a1d" />
    <TestEntry testId="ca97bfe4-22a8-4d04-9ad6-37cc22ad004d" executionId="23ff709b-c6e5-41af-bc98-433dcbbfe057" testListId="8c84fa94-04c1-424b-9868-57a2d4851a1d" />
    <TestEntry testId="db561c15-c5a2-43d2-8fbc-06d94bc3e4cd" executionId="db5cb279-939a-4369-ba8f-6764134ae9a5" testListId="8c84fa94-04c1-424b-9868-57a2d4851a1d" />
    <TestEntry testId="ac823ac8-96eb-4652-94a7-1205c3cc7e02" executionId="2e33d291-46b4-4082-a800-d9009fb824a3" testListId="8c84fa94-04c1-424b-9868-57a2d4851a1d" />
    <TestEntry testId="dfb4d299-3fe2-4f37-9cbb-dbd21caa6669" executionId="5b8a57c5-4899-4e0a-9bce-c7786f5ec768" testListId="8c84fa94-04c1-424b-9868-57a2d4851a1d" />
    <TestEntry testId="ac823ac8-96eb-4652-94a7-1205c3cc7e02" executionId="fa067d90-f65e-4448-b186-a9bd8293ab71" testListId="8c84fa94-04c1-424b-9868-57a2d4851a1d" />
    <TestEntry testId="92ff73f4-7709-4049-9f5b-4c0e1902a74b" executionId="9ea5828f-2913-4bfa-a69b-fe247f9c7fe1" testListId="8c84fa94-04c1-424b-9868-57a2d4851a1d" />
    <TestEntry testId="00b60e33-fb9c-4329-88eb-4beb6eef5b09" executionId="61ac1270-e13f-4c6d-8fe0-7440a8bb5033" testListId="8c84fa94-04c1-424b-9868-57a2d4851a1d" />
    <TestEntry testId="c8c6b242-31ad-4613-a75f-fe14dc4199cb" executionId="436c7437-0c88-4608-806e-f025a99f01b0" testListId="8c84fa94-04c1-424b-9868-57a2d4851a1d" />
    <TestEntry testId="d0fbcf2e-3303-4b6b-85db-8c66f6d1d114" executionId="8b822c64-4823-449d-9f23-60965ab33fe5" testListId="8c84fa94-04c1-424b-9868-57a2d4851a1d" />
    <TestEntry testId="0b529d18-5f47-4b87-84fa-b3e930928964" executionId="64102f6a-6f2b-4e13-8cbe-3891726fa5c4" testListId="8c84fa94-04c1-424b-9868-57a2d4851a1d" />
    <TestEntry testId="c25ecacc-ea8b-47be-be3f-a07a6021c906" executionId="ad61d8ef-88d1-4692-ad44-f971ee51b9f2" testListId="8c84fa94-04c1-424b-9868-57a2d4851a1d" />
    <TestEntry testId="c1d75aab-a226-4f5c-83f6-0cf046d1121a" executionId="dd458d47-3487-4ed9-9a26-27dba4015185" testListId="8c84fa94-04c1-424b-9868-57a2d4851a1d" />
    <TestEntry testId="ff2e8cc6-f8db-4d51-96ee-f67ada4228ef" executionId="1dda65ad-ece3-4ef9-a1d3-a3e65fb553e0" testListId="8c84fa94-04c1-424b-9868-57a2d4851a1d" />
    <TestEntry testId="a3fa7922-2fa7-4691-8123-754b0dacb4dd" executionId="50bb48ee-b3df-47b7-a5c7-2525f7f04a7c" testListId="8c84fa94-04c1-424b-9868-57a2d4851a1d" />
    <TestEntry testId="f24ebb09-ebbc-4019-9dfb-a4af93023cba" executionId="ef76517f-2af1-40bb-8daf-3aac449a4fd3" testListId="8c84fa94-04c1-424b-9868-57a2d4851a1d" />
    <TestEntry testId="a3170e46-a482-4e45-9090-ed80e1a63a73" executionId="d63e73a3-6bdf-4955-906f-d88074a812e4" testListId="8c84fa94-04c1-424b-9868-57a2d4851a1d" />
    <TestEntry testId="ac350619-f449-48ba-809b-da2b085ee49f" executionId="dbd358ce-7605-4161-a28d-93af9fccd674" testListId="8c84fa94-04c1-424b-9868-57a2d4851a1d" />
    <TestEntry testId="ada0c673-cbe3-4302-b2d3-70693028b512" executionId="44c4614a-b3e4-48d5-b62a-894c2f0faf16" testListId="8c84fa94-04c1-424b-9868-57a2d4851a1d" />
    <TestEntry testId="423e0505-742b-4260-a5bd-b91903851c61" executionId="0f425f64-216d-487a-82f2-1fcc23ff3b59" testListId="8c84fa94-04c1-424b-9868-57a2d4851a1d" />
    <TestEntry testId="84b482c6-a3fa-4c60-803e-cefda6dadd39" executionId="5e8c07ff-3c90-43d4-af67-a6011fef916d" testListId="8c84fa94-04c1-424b-9868-57a2d4851a1d" />
    <TestEntry testId="24cd09fd-8ab3-4c01-88c6-4ac7137b4692" executionId="1dd34bd5-4829-41ea-956f-e030e94a3830" testListId="8c84fa94-04c1-424b-9868-57a2d4851a1d" />
    <TestEntry testId="ca8f4d62-3324-46de-bc6d-58f50266b28b" executionId="0de24d46-1bf8-4290-9eef-22a18f65bf61" testListId="8c84fa94-04c1-424b-9868-57a2d4851a1d" />
    <TestEntry testId="e22b1312-22a6-4672-8ef8-8ce0d5a30fcd" executionId="19484020-cd10-4f84-91b3-b68a582e10a1" testListId="8c84fa94-04c1-424b-9868-57a2d4851a1d" />
    <TestEntry testId="89cf0f05-44d6-455e-860d-a7ee41b74fe8" executionId="454034fe-7295-4852-a451-cfaf446c1c90" testListId="8c84fa94-04c1-424b-9868-57a2d4851a1d" />
    <TestEntry testId="9e844894-ff19-464f-a3c9-0978a6739c53" executionId="64b521ab-cf78-4cf3-a1a7-212298c306e5" testListId="8c84fa94-04c1-424b-9868-57a2d4851a1d" />
    <TestEntry testId="dd12f6a4-17a5-4aa0-b182-71a3677ca2cb" executionId="548837ad-5016-4029-b92c-5ff0894c0af7" testListId="8c84fa94-04c1-424b-9868-57a2d4851a1d" />
    <TestEntry testId="8f6159f7-3e56-41a0-86f4-6c1abc7afbc3" executionId="30942183-e790-4c7b-bcda-1e9f21283524" testListId="8c84fa94-04c1-424b-9868-57a2d4851a1d" />
    <TestEntry testId="9cc8ee7b-4ddc-47c8-8c47-c136b13c9a6a" executionId="194d2731-b32f-4130-a8c1-26897b7d210a" testListId="8c84fa94-04c1-424b-9868-57a2d4851a1d" />
    <TestEntry testId="7540ee11-23bf-4684-94d8-90ea3cd0f3f9" executionId="e5eb067d-b6e4-455c-b744-611400d2b3fd" testListId="8c84fa94-04c1-424b-9868-57a2d4851a1d" />
    <TestEntry testId="e4df4953-e571-44b5-aa18-ed013d95e11f" executionId="b4544a50-ccc6-4fd2-b13f-a937fd5e014c" testListId="8c84fa94-04c1-424b-9868-57a2d4851a1d" />
    <TestEntry testId="46c95b02-4cf3-415b-a3ff-d0c972600464" executionId="f6307c52-0814-4d88-8bd8-82e2e4a6e100" testListId="8c84fa94-04c1-424b-9868-57a2d4851a1d" />
    <TestEntry testId="c8c6b242-31ad-4613-a75f-fe14dc4199cb" executionId="18c85048-4ecb-45b6-baf1-9f6fb669c674" testListId="8c84fa94-04c1-424b-9868-57a2d4851a1d" />
    <TestEntry testId="5fc46281-de04-4d40-b06d-1cff5a8a56e2" executionId="a27ee0e0-889d-431c-b73a-86ce0567e5c8" testListId="8c84fa94-04c1-424b-9868-57a2d4851a1d" />
    <TestEntry testId="07f652ac-5a93-4646-a17a-c4baf09f287d" executionId="ff41cd06-0d7b-4c19-ac44-7a9bcc0694b3" testListId="8c84fa94-04c1-424b-9868-57a2d4851a1d" />
    <TestEntry testId="00b60e33-fb9c-4329-88eb-4beb6eef5b09" executionId="89b0b69c-558a-4d38-b6be-e1ca45ba0042" testListId="8c84fa94-04c1-424b-9868-57a2d4851a1d" />
    <TestEntry testId="afd89144-a647-45b3-8b69-8d7a76f278be" executionId="eb678ac8-7270-4b9f-a379-ee176915d070" testListId="8c84fa94-04c1-424b-9868-57a2d4851a1d" />
  </TestEntries>
  <TestLists>
    <TestList name="Results Not in a List" id="8c84fa94-04c1-424b-9868-57a2d4851a1d" />
    <TestList name="All Loaded Results" id="19431567-8539-422a-85d7-44ee4e166bda" />
  </TestLists>
  <ResultSummary outcome="Failed">
    <Counters total="142" executed="142" passed="81" failed="61" error="0" timeout="0" aborted="0" inconclusive="0" passedButRunAborted="0" notRunnable="0" notExecuted="0" disconnected="0" warning="0" completed="0" inProgress="0" pending="0" />
    <Output>
      <StdOut>Running on GdUnit4 test engine version: 5.0.0.0
Discover tests from assembly: /home/adam/Dev/omega-spiral/chapter-zero/.godot/mono/temp/bin/Debug/chapter-zero.dll
Discover:  TestSuite AudioManagerTests with 2 TestCases found.
Discover:  TestSuite OmegaSpiral.TestsUi.Narrative.ChoiceOptionTests with 8 TestCases found.
Discover:  TestSuite OmegaSpiral.TestsUi.Narrative.NarrativeScriptLoaderTests with 3 TestCases found.
Discover:  TestSuite OmegaSpiral.TestsUi.Narrative.NarrativeScriptTests with 5 TestCases found.
Discover:  TestSuite OmegaSpiral.TestsUi.Narrative.NarrativeUiTests with 10 TestCases found.
Discover:  TestSuite OmegaSpiral.Tests.Ui.MenuUiTests with 12 TestCases found.
Discover:  TestSuite OmegaSpiral.Tests.Ui.MenuUiUnitTests with 4 TestCases found.
Discover:  TestSuite OmegaSpiral.Tests.Ui.MainMenuTests with 24 TestCases found.
Discover:  TestSuite OmegaSpiral.Tests.Ui.MainMenu_IntegrationTests with 2 TestCases found.
Discover:  TestSuite OmegaSpiral.Tests.Ui.PauseMenuTests with 6 TestCases found.
Discover:  TestSuite OmegaSpiral.Tests.Ui.Omega.ChoiceButtonTests with 7 TestCases found.
Discover:  TestSuite OmegaSpiral.Tests.Ui.Omega.OmegaBorderFrame_UnitTests with 15 TestCases found.
Discover:  TestSuite OmegaSpiral.Tests.Ui.Omega.OmegaContainer_UnitTests with 5 TestCases found.
Discover:  TestSuite OmegaSpiral.Tests.Stages.Stage1Ghost.GhostYamlPlaybackTests with 4 TestCases found.
Discover:  TestSuite OmegaSpiral.Tests.Unit.Common.GameStateTests with 6 TestCases found.
Discover:  TestSuite OmegaSpiral.Tests.Unit.Common.Omega.OmegaSpiralColorsTests with 15 TestCases found.
Discover:  TestSuite OmegaSpiral.Tests.Unit.Services.GameAppConfigTests with 9 TestCases found.
Discover tests done, 17 TestSuites and total 137 Tests found.
Running on GdUnit4 test engine version: 5.0.0.0
No 'TestSessionTimeout' is specified. Set default test session timeout to: 00:10:00
Detected IDE VisualStudioCode
Starting tests for assembly: /home/adam/Dev/omega-spiral/chapter-zero/.godot/mono/temp/bin/Debug/chapter-zero.dll
Search '.csproj' at /home/adam/Dev/omega-spiral/chapter-zero/.godot/mono/temp/bin/Debug/chapter-zero.dll
Set current working directory to: /home/adam/Dev/omega-spiral/chapter-zero
Starting GodotGdUnit4RestClient.
Working dir /home/adam/Dev/omega-spiral/chapter-zero
Rebuild Godot Project ... /home/adam/Godot_v4.6-dev2_mono_linux_x86_64/Godot_v4.6-dev2_mono_linux.x86_64 --path . -e --headless --quit-after 1000 --verbose
.. WorkerThreadPool: 6 threads, 4 max low-priority.
.. Godot Engine v4.6.dev2.mono.official.7864ac801 - https://godotengine.org
.. TextServer: Added interface "Dummy"
.. TextServer: Added interface "ICU / HarfBuzz / Graphite (Built-in)"
.. Unrecognized output string "misc2" in mapping:
.. 030000000d0f0000ab01000011010000,Horipad Steam,a:b0,b:b1,back:b10,dpdown:h0.4,dpleft:h0.8,dpright:h0.2,dpup:h0.1,guide:b12,leftshoulder:b6,leftstick:b13,lefttrigger:a5,leftx:a0,lefty:a1,misc2:b2,paddle1:b19,paddle2:b18,paddle3:b15,paddle4:b5,rightshoulder:b7,rightstick:b14,righttrigger:a4,rightx:a2,righty:a3,start:b11,x:b3,y:b4,platform:Linux,
.. Unrecognized output string "misc2" in mapping:
.. 050000000d0f00009601000091000000,Horipad Steam,a:b0,b:b1,back:b10,dpdown:h0.4,dpleft:h0.8,dpright:h0.2,dpup:h0.1,guide:b12,leftshoulder:b6,leftstick:b13,lefttrigger:a5,leftx:a0,lefty:a1,misc2:b2,paddle1:b19,paddle2:b18,paddle3:b15,paddle4:b5,rightshoulder:b7,rightstick:b14,righttrigger:a4,rightx:a2,righty:a3,start:b11,x:b3,y:b4,platform:Linux,
.. Unrecognized output string "misc2" in mapping:
.. 030000007e0500006920000011010000,Nintendo Switch 2 Pro Controller,a:b0,b:b1,back:b14,dpdown:b8,dpleft:b10,dpright:b9,dpup:b11,guide:b16,leftshoulder:b12,leftstick:b15,lefttrigger:b13,leftx:a0,lefty:a1~,misc1:b17,misc2:b20,paddle1:b18,paddle2:b19,rightshoulder:b4,rightstick:b7,righttrigger:b5,rightx:a2,righty:a3~,start:b6,x:b2,y:b3,platform:Linux,
.. SDL: Init OK!
.. Using "default" pen tablet driver...
.. TextServer: Primary interface set to: "ICU / HarfBuzz / Graphite (Built-in)".
.. .NET: Initializing module...
.. Found hostfxr: /usr/lib/dotnet/host/fxr/10.0.0-rc.2.25502.107/libhostfxr.so
.. .NET: hostfxr initialized
.. .NET: GodotPlugins initialized
.. Loading resource: res://theme.tres
.. Loading resource: res://default_bus_layout.tres
.. CORE API HASH: 3234800178
.. EDITOR API HASH: 4055853480
.. SceneTreeFTI: traversal method DEFAULT
.. Loading resource: res://addons/dialogic/Resources/TimelineResourceLoader.gd
.. Loading resource: res://addons/dialogic/Resources/CharacterResourceLoader.gd
.. Loading resource: res://addons/dialogic/Resources/TimelineResourceSaver.gd
.. Loading resource: res://addons/dialogic/Resources/CharacterResourceSaver.gd
.. Loading resource: /home/adam/.config/godot/editor_settings-4.6.tres
.. EditorSettings: Load OK!
.. EditorTheme: Generating new theme for the config '66886095'.
.. EditorTheme: Generating new icons.
.. EditorTheme: Generating new fonts.
.. EditorTheme: Generating new styles.
.. Found .NET Sdk version '10.0.100': /usr/lib/dotnet/sdk/10.0.100-rc.2.25502.107/
.. Loading resource: /home/adam/.cache/godot/editor_doc_cache-4.6.res
.. Loaded system CA certificates
.. Failed to bind socket. Error: 3.
.. Loading resource: res://addons/godot_xterm/themes/fonts/regular.tres
.. Loading resource: res://addons/godot_xterm/themes/fonts/jet_brains_mono/jet_brains_mono_nl-regular-2.304.ttf
.. Loading resource: res://.godot/imported/jet_brains_mono_nl-regular-2.304.ttf-96fa438503371775be3cc744a4450fc2.fontdata
.. Loading resource: res://addons/godot_xterm/icons/terminal_icon.svg
.. Loading resource: res://.godot/imported/terminal_icon.svg-2a4b198a0e3aa43f04b43cec3e3f109d.editor.ctex
.. Loading resource: res://addons/godot_xterm/shaders/background.gdshader
.. Loading resource: res://addons/godot_xterm/shaders/common.gdshaderinc
.. Loading resource: res://addons/godot_xterm/shaders/foreground.gdshader
.. [   0% ] \u001b[90m\u001b[1mfirst_scan_filesystem\u001b[22m | Started Project initialization (5 steps)\u001b[39m\u001b[0m
.. [   0% ] \u001b[90m\u001b[1mfirst_scan_filesystem\u001b[22m | Scanning file structure...\u001b[39m\u001b[0m
.. [  16% ] \u001b[90m\u001b[1mfirst_scan_filesystem\u001b[22m | Loading global class names...\u001b[39m\u001b[0m
.. [  33% ] \u001b[90m\u001b[1mfirst_scan_filesystem\u001b[22m | Verifying GDExtensions...\u001b[39m\u001b[0m
.. [  50% ] \u001b[90m\u001b[1mfirst_scan_filesystem\u001b[22m | Creating autoload scripts...\u001b[39m\u001b[0m
.. Loading resource: res://source/infrastructure/GameManager.cs
.. Loading resource: res://source/scripts/SceneManager.cs
.. Loading resource: res://source/common/GameState.cs
.. Loading resource: res://source/field/FieldEvents.cs
.. Loading resource: res://source/field/FieldCamera.cs
.. Loading resource: res://source/field/gameboard/Gameboard.cs
.. Loading resource: res://source/field/gamepieces/GamepieceRegistry.cs
.. Loading resource: res://source/common/Player.cs
.. Loading resource: res://source//combat/CombatEvents.cs
.. Loading resource: res://source/audio/AudioManager.cs
.. Loading resource: res://source/services/GameAppConfig.cs
.. [  66% ] \u001b[90m\u001b[1mfirst_scan_filesystem\u001b[22m | Initializing plugins...\u001b[39m\u001b[0m
.. Loading resource: res://addons/dialogic/plugin.gd
.. Loading resource: res://addons/dialogic/Editor/editor_main.tscn
.. Loading resource: res://addons/dialogic/Editor/editor_main.gd
.. Loading resource: res://addons/dialogic/Editor/editors_manager.gd
.. Loading resource: res://addons/dialogic/Editor/Images/plugin-icon.svg
.. Loading resource: res://.godot/imported/plugin-icon.svg-aa6701e8ed73f5fe5d177dfddce3a0e3.editor.ctex
.. Loading resource: res://addons/dialogic/Editor/Common/side_bar.tscn
.. Loading resource: res://addons/dialogic/Editor/Images/Pieces/close-icon.svg
.. Loading resource: res://.godot/imported/close-icon.svg-c630c93ada599b08938f4854f5376f2f.editor.ctex
.. Loading resource: res://addons/dialogic/Editor/Images/Pieces/closed-icon.svg
.. Loading resource: res://.godot/imported/closed-icon.svg-b4f16653b91d6792313a130565319b2f.editor.ctex
.. Loading resource: res://addons/dialogic/Editor/Common/toolbar.gd
.. Loading resource: res://addons/dialogic/Editor/Images/Resources/character.svg
.. Loading resource: res://.godot/imported/character.svg-48bc1c93fa13733a935ca2c669d933a7.editor.ctex
.. Loading resource: res://addons/dialogic/Modules/Glossary/icon.svg
.. Loading resource: res://.godot/imported/icon.svg-4fc0c12c53379638e37d654e7bbaea1a.editor.ctex
.. Loading resource: res://addons/dialogic/Modules/StyleEditor/styles_icon.svg
.. Loading resource: res://.godot/imported/styles_icon.svg-c55f9f7d15c3512c8b20dbf30eed7047.editor.ctex
.. Loading resource: res://addons/dialogic/Modules/Variable/variable.svg
.. Loading resource: res://.godot/imported/variable.svg-52aeb47fe1705a3f04d919f8dcd5d319.editor.ctex
.. Loading resource: res://addons/dialogic/Editor/Common/reference_manager.tscn
.. Loading resource: res://addons/dialogic/Editor/Common/reference_manager.gd
.. Loading resource: res://addons/dialogic/Editor/Common/broken_reference_manager.gd
.. Loading resource: res://addons/dialogic/Editor/Common/ReferenceManager_AddReplacementPanel.gd
.. Loading resource: res://addons/dialogic/Editor/Events/Fields/field_options_dynamic.tscn
.. Loading resource: res://addons/dialogic/Editor/Events/Fields/field_options_dynamic.gd
.. Loading resource: res://addons/dialogic/Editor/Common/unique_identifiers_manager.gd
.. Loading resource: res://addons/dialogic/Editor/Common/reference_manager_window.gd
.. Loading resource: res://addons/dialogic/Editor/TimelineEditor/TextEditor/CodeCompletionHelper.gd
.. Loading resource: res://addons/dialogic/Editor/Common/update_manager.gd
.. Loading resource: res://addons/dialogic/Editor/Common/update_install_window.tscn
.. Loading resource: res://addons/dialogic/Editor/Common/update_install_window.gd
.. Loading resource: res://addons/dialogic/Editor/TimelineEditor/TextEditor/syntax_highlighter.gd
.. Loading resource: res://addons/dialogic/Editor/Images/dialogic-logo.svg
.. Loading resource: res://.godot/imported/dialogic-logo.svg-e43201cabc9573eeb3f78fd91ea9d909.ctex
.. Loading resource: res://addons/dialogic/Editor/HomePage/home_page.tscn
.. Loading resource: res://addons/dialogic/Editor/HomePage/home_page.gd
.. Loading resource: res://addons/dialogic/Editor/HomePage/icon_bg.png
.. Loading resource: res://.godot/imported/icon_bg.png-5937ce0a857c4a8a9d624ea9ebf09a97.ctex
.. Loading resource: res://addons/dialogic/Editor/TimelineEditor/timeline_editor.tscn
.. Loading resource: res://addons/dialogic/Editor/TimelineEditor/timeline_editor.gd
.. Loading resource: res://addons/dialogic/Editor/TimelineEditor/VisualEditor/timeline_editor_visual.tscn
.. Loading resource: res://addons/dialogic/Editor/TimelineEditor/VisualEditor/timeline_editor_visual.gd
.. Loading resource: res://addons/dialogic/Editor/Theme/MainTheme.tres
.. Loading resource: res://addons/dialogic/Editor/TimelineEditor/VisualEditor/TimelineArea.gd
.. Loading resource: res://addons/dialogic/Editor/Events/EventBlock/event_right_click_menu.gd
.. Loading resource: res://addons/dialogic/Editor/Common/hint_tooltip_icon.tscn
.. Loading resource: res://addons/dialogic/Editor/Common/hint_tooltip_icon.gd
.. Loading resource: res://addons/dialogic/Editor/TimelineEditor/TextEditor/timeline_editor_text.tscn
.. Loading resource: res://addons/dialogic/Editor/TimelineEditor/TextEditor/timeline_editor_text.gd
.. Loading resource: res://addons/dialogic/Editor/Events/EventBlock/event_block.tscn
.. Loading resource: res://addons/dialogic/Editor/Events/EventBlock/event_block.gd
.. Loading resource: res://addons/dialogic/Editor/Events/styles/unselected_stylebox.tres
.. Loading resource: res://addons/dialogic/Editor/CharacterEditor/character_editor.tscn
.. Loading resource: res://addons/dialogic/Editor/CharacterEditor/character_editor.gd
.. Loading resource: res://addons/dialogic/Editor/Common/hint_tooltip_icon.tscn
.. Loading resource: res://addons/dialogic/Editor/CharacterEditor/character_editor_portrait_tree.gd
.. Loading resource: res://addons/dialogic/Editor/Images/Pieces/add-folder.svg
.. Loading resource: res://.godot/imported/add-folder.svg-41a970370f904038e63c13bddbdb6450.editor.ctex
.. Loading resource: res://addons/dialogic/Modules/Signal/index.gd
.. Loading resource: res://addons/dialogic/Modules/Voice/index.gd
.. Loading resource: res://addons/dialogic/Modules/StyleEditor/index.gd
.. Loading resource: res://addons/dialogic/Modules/Text/index.gd
.. Loading resource: res://addons/dialogic/Modules/Jump/index.gd
.. Loading resource: res://addons/dialogic/Modules/Condition/index.gd
.. Loading resource: res://addons/dialogic/Modules/Choice/index.gd
.. Loading resource: res://addons/dialogic/Modules/History/index.gd
.. Loading resource: res://addons/dialogic/Modules/Audio/index.gd
.. Loading resource: res://addons/dialogic/Modules/LayeredPortrait/index.gd
.. Loading resource: res://addons/dialogic/Modules/Character/index.gd
.. Loading resource: res://addons/dialogic/Modules/Variable/index.gd
.. Loading resource: res://addons/dialogic/Modules/Save/index.gd
.. Loading resource: res://addons/dialogic/Modules/Glossary/index.gd
.. Loading resource: res://addons/dialogic/Modules/Comment/index.gd
.. Loading resource: res://addons/dialogic/Modules/HighlightPortrait/index.gd
.. Loading resource: res://addons/dialogic/Modules/Call/index.gd
.. Loading resource: res://addons/dialogic/Modules/Clear/index.gd
.. Loading resource: res://addons/dialogic/Modules/Core/index.gd
.. Loading resource: res://addons/dialogic/Modules/Background/index.gd
.. Loading resource: res://addons/dialogic/Modules/DefaultLayoutParts/index.gd
.. Loading resource: res://addons/dialogic/Modules/Settings/index.gd
.. Loading resource: res://addons/dialogic/Modules/TextInput/index.gd
.. Loading resource: res://addons/dialogic/Modules/WaitInput/index.gd
.. Loading resource: res://addons/dialogic/Modules/Wait/index.gd
.. Loading resource: res://addons/dialogic/Modules/Style/index.gd
.. Loading resource: res://addons/dialogic/Modules/End/index.gd
.. Loading resource: res://addons/dialogic/Modules/StyleEditor/style_editor.tscn
.. Loading resource: res://addons/dialogic/Modules/StyleEditor/style_editor.gd
.. Loading resource: res://addons/dialogic/Editor/Common/hint_tooltip_icon.tscn
.. Loading resource: res://addons/dialogic/Modules/StyleEditor/style_layer_editor.gd
.. Loading resource: res://addons/dialogic/Modules/StyleEditor/Components/style_layer_tree.gd
.. Loading resource: res://addons/dialogic/Modules/StyleEditor/Components/style_browser_window.gd
.. Loading resource: res://addons/dialogic/Modules/StyleEditor/Components/style_browser.tscn
.. Loading resource: res://addons/dialogic/Modules/StyleEditor/Components/style_browser.gd
.. Loading resource: res://addons/dialogic/Editor/Common/BrowserItem.tscn
.. Loading resource: res://addons/dialogic/Editor/Common/BrowserItem.gd
.. Loading resource: res://addons/dialogic/Modules/Variable/variables_editor/variables_editor.tscn
.. Loading resource: res://addons/dialogic/Modules/Variable/variables_editor/variables_editor.gd
.. Loading resource: res://addons/dialogic/Modules/Variable/variables_editor/variable_tree.gd
.. Loading resource: res://addons/dialogic/Modules/Glossary/glossary_editor.tscn
.. Loading resource: res://addons/dialogic/Modules/Glossary/glossary_editor.gd
.. Loading resource: res://addons/dialogic/Modules/Glossary/add-glossary.svg
.. Loading resource: res://.godot/imported/add-glossary.svg-1cde77c043d3874d9bc84cc14d0ec9dc.editor.ctex
.. Loading resource: res://addons/dialogic/Editor/Settings/settings_editor.tscn
.. Loading resource: res://addons/dialogic/Editor/Settings/settings_editor.gd
.. Loading resource: res://addons/dialogic/Editor/Settings/settings_general.tscn
.. Loading resource: res://addons/dialogic/Editor/Settings/settings_general.gd
.. Loading resource: res://addons/dialogic/Editor/Common/hint_tooltip_icon.tscn
.. Loading resource: res://addons/dialogic/Editor/Events/Fields/field_file.tscn
.. Loading resource: res://addons/dialogic/Editor/Events/Fields/field_file.gd
.. Loading resource: res://addons/dialogic/Editor/Settings/settings_translation.tscn
.. Loading resource: res://addons/dialogic/Editor/Settings/settings_translation.gd
.. Loading resource: res://addons/dialogic/Editor/Common/hint_tooltip_icon.tscn
.. Loading resource: res://addons/dialogic/Editor/Events/Fields/field_file.tscn
.. Loading resource: res://addons/dialogic/Editor/Settings/settings_modules.tscn
.. Loading resource: res://addons/dialogic/Editor/Settings/settings_modules.gd
.. Loading resource: res://addons/dialogic/Modules/Text/settings_text.tscn
.. Loading resource: res://addons/dialogic/Modules/Text/settings_text.gd
.. Loading resource: res://addons/dialogic/Editor/Common/hint_tooltip_icon.tscn
.. Loading resource: res://addons/dialogic/Modules/Choice/settings_choices.tscn
.. Loading resource: res://addons/dialogic/Modules/Choice/settings_choices.gd
.. Loading resource: res://addons/dialogic/Editor/Common/hint_tooltip_icon.tscn
.. Loading resource: res://addons/dialogic/Modules/History/settings_history.tscn
.. Loading resource: res://addons/dialogic/Modules/History/settings_history.gd
.. Loading resource: res://addons/dialogic/Editor/Common/hint_tooltip_icon.tscn
.. Loading resource: res://addons/dialogic/Modules/Audio/settings_audio.tscn
.. Loading resource: res://addons/dialogic/Modules/Audio/settings_audio.gd
.. Loading resource: res://addons/dialogic/Editor/Common/hint_tooltip_icon.tscn
.. Loading resource: res://addons/dialogic/Modules/Character/settings_portraits.tscn
.. Loading resource: res://addons/dialogic/Modules/Character/settings_portraits.gd
.. Loading resource: res://addons/dialogic/Editor/Common/hint_tooltip_icon.tscn
.. Loading resource: res://addons/dialogic/Editor/Events/Fields/field_file.tscn
.. Loading resource: res://addons/dialogic/Modules/Save/settings_save.tscn
.. Loading resource: res://addons/dialogic/Modules/Save/settings_save.gd
.. Loading resource: res://addons/dialogic/Editor/Common/hint_tooltip_icon.tscn
.. Loading resource: res://addons/dialogic/Editor/Events/styles/ResourceMenuPanelBackground.tres
.. Loading resource: res://addons/dialogic/Editor/Common/hint_tooltip_icon.tscn
.. Loading resource: res://addons/dialogic/Editor/Images/Toolbar/add-timeline.svg
.. Loading resource: res://.godot/imported/add-timeline.svg-86961b528ebdf01f585931a15fea1755.editor.ctex
.. Loading resource: res://addons/dialogic/Editor/TimelineEditor/VisualEditor/AddEventButton.tscn
.. Loading resource: res://addons/dialogic/Editor/TimelineEditor/VisualEditor/AddEventButton.gd
.. Loading resource: res://addons/dialogic/Modules/Signal/event_signal.gd
.. Loading resource: res://addons/dialogic/Modules/Jump/event_return.gd
.. Loading resource: res://addons/dialogic/Modules/Condition/event_condition.gd
.. Loading resource: res://addons/dialogic/Modules/History/event_history.gd
.. Loading resource: res://addons/dialogic/Modules/Audio/event_music.gd
.. Loading resource: res://addons/dialogic/Modules/Audio/event_sound.gd
.. Loading resource: res://addons/dialogic/Modules/Variable/event_variable.gd
.. Loading resource: res://addons/dialogic/Modules/Save/event_save.gd
.. Loading resource: res://addons/dialogic/Modules/Comment/event_comment.gd
.. Loading resource: res://addons/dialogic/Modules/Call/event_call.gd
.. Loading resource: res://addons/dialogic/Modules/Clear/event_clear.gd
.. Loading resource: res://addons/dialogic/Modules/Background/event_background.gd
.. Loading resource: res://addons/dialogic/Modules/Settings/event_setting.gd
.. Loading resource: res://addons/dialogic/Modules/TextInput/event_text_input.gd
.. Loading resource: res://addons/dialogic/Modules/WaitInput/event_wait_input.gd
.. Loading resource: res://addons/dialogic/Modules/Wait/event_wait.gd
.. Loading resource: res://addons/dialogic/Modules/Style/event_style.gd
.. Loading resource: res://addons/dialogic/Modules/End/event_end.gd
.. Loading resource: res://addons/dialogic/Modules/Signal/icon.png
.. Loading resource: res://.godot/imported/icon.png-5e2e422904d471016252dff8d4bdfa96.ctex
.. Loading resource: res://addons/dialogic/Modules/Voice/icon.png
.. Loading resource: res://.godot/imported/icon.png-85989da147a1404ecd08c88eac72cda1.ctex
.. Loading resource: res://addons/dialogic/Modules/Jump/icon_jump.png
.. Loading resource: res://.godot/imported/icon_jump.png-50f6cdd715fcbdbed16b43c5beb6b851.ctex
.. Loading resource: res://addons/dialogic/Modules/Jump/icon_label.png
.. Loading resource: res://.godot/imported/icon_label.png-3923bd1131990c8869923c838ffdb9ae.ctex
.. Loading resource: res://addons/dialogic/Modules/Jump/icon_return.svg
.. Loading resource: res://.godot/imported/icon_return.svg-dc7fb704ff391638f73cbbc2b30b32fa.editor.ctex
.. Loading resource: res://addons/dialogic/Modules/Condition/icon.svg
.. Loading resource: res://.godot/imported/icon.svg-502d45c064cc30f576b7b105a01357ce.editor.ctex
.. Loading resource: res://addons/dialogic/Modules/Choice/icon.svg
.. Loading resource: res://.godot/imported/icon.svg-372a9bfce8bea67fff1988d7acf09a9a.editor.ctex
.. Loading resource: res://addons/dialogic/Modules/History/icon.svg
.. Loading resource: res://.godot/imported/icon.svg-82841efe3f86e947d4f66fd24dc8f52c.editor.ctex
.. Loading resource: res://addons/dialogic/Modules/Audio/icon_music.png
.. Loading resource: res://.godot/imported/icon_music.png-ffc971ba1265164a55f745186974be5f.ctex
.. Loading resource: res://addons/dialogic/Modules/Audio/icon_sound.png
.. Loading resource: res://.godot/imported/icon_sound.png-7a1a8a5533773d97969b6311b6a9133f.ctex
.. Loading resource: res://addons/dialogic/Modules/Character/icon.svg
.. Loading resource: res://.godot/imported/icon.svg-4f340f6efbb83004dbd5c761dd1dc448.editor.ctex
.. Loading resource: res://addons/dialogic/Modules/Variable/icon.png
.. Loading resource: res://.godot/imported/icon.png-99064bb3920f49262c581fccbfcfc353.ctex
.. Loading resource: res://addons/dialogic/Modules/Save/icon.svg
.. Loading resource: res://.godot/imported/icon.svg-aad0408eebe298e9d92c76d6f2c79cf6.editor.ctex
.. Loading resource: res://addons/dialogic/Modules/Comment/icon.png
.. Loading resource: res://.godot/imported/icon.png-fab76b8a5886dac0012cf73c317dbee4.ctex
.. Loading resource: res://addons/dialogic/Modules/Call/icon.png
.. Loading resource: res://.godot/imported/icon.png-12e444f0ed59397c7537943ea85b475c.ctex
.. Loading resource: res://addons/dialogic/Modules/Clear/icon.png
.. Loading resource: res://.godot/imported/icon.png-b4986c88bf1e20891dc480c8f4703ca4.ctex
.. Loading resource: res://addons/dialogic/Modules/Background/icon.png
.. Loading resource: res://.godot/imported/icon.png-cab4c78f59b171335e340ba590cf5991.ctex
.. Loading resource: res://addons/dialogic/Modules/Settings/icon.svg
.. Loading resource: res://.godot/imported/icon.svg-d4407cb145fa5c1d965de3d2bd63ce5f.editor.ctex
.. Loading resource: res://addons/dialogic/Modules/TextInput/icon.png
.. Loading resource: res://.godot/imported/icon.png-aea103d18fdc694e2da87b3c5a56be35.ctex
.. Loading resource: res://addons/dialogic/Modules/WaitInput/icon.svg
.. Loading resource: res://.godot/imported/icon.svg-cb8e50b081a310c64183b12c6d12fcf2.editor.ctex
.. Loading resource: res://addons/dialogic/Modules/Wait/icon.svg
.. Loading resource: res://.godot/imported/icon.svg-7e9f52b17ae6e5e1f284e12048cb8f05.editor.ctex
.. Loading resource: res://addons/dialogic/Modules/Style/icon.png
.. Loading resource: res://.godot/imported/icon.png-ee52cc92a2b11ac2a101ff92d2eaaa7c.ctex
.. Loading resource: res://addons/dialogic/Modules/End/icon.png
.. Loading resource: res://.godot/imported/icon.png-8e345f81e023043fdbb4f75b1b0e9bb0.ctex
.. Loading resource: res://addons/dialogic/Modules/Text/icon.svg
.. Loading resource: res://.godot/imported/icon.svg-e2501ddcdef01c7f2c3538940f5abfc1.editor.ctex
.. Loading resource: res://addons/dialogic/Editor/Images/Toolbar/add-character.svg
.. Loading resource: res://.godot/imported/add-character.svg-a658b65c1225b02657a50d5c965e0d5e.editor.ctex
.. Loading resource: res://addons/dialogic/Editor/TimelineEditor/VisualEditor/AddEventButton.tscn
.. Loading resource: res://addons/dialogic/Editor/CharacterEditor/char_edit_section_general.tscn
.. Loading resource: res://addons/dialogic/Editor/CharacterEditor/char_edit_section_general.gd
.. Loading resource: res://addons/dialogic/Editor/Common/hint_tooltip_icon.tscn
.. Loading resource: res://addons/dialogic/Editor/CharacterEditor/char_edit_section_portraits.tscn
.. Loading resource: res://addons/dialogic/Editor/CharacterEditor/char_edit_section_portraits.gd
.. Loading resource: res://addons/dialogic/Editor/Events/Fields/field_vector2.tscn
.. Loading resource: res://addons/dialogic/Editor/Events/Fields/field_vector2.gd
.. Loading resource: res://addons/dialogic/Editor/Events/Fields/field_number.tscn
.. Loading resource: res://addons/dialogic/Editor/Images/Interactable/increment_icon.svg
.. Loading resource: res://.godot/imported/increment_icon.svg-081e6509e76349f0628c55a41e85fd65.editor.ctex
.. Loading resource: res://addons/dialogic/Editor/Images/Interactable/decrement_icon.svg
.. Loading resource: res://.godot/imported/decrement_icon.svg-9556cf56db91e200fb946372e010fd5e.editor.ctex
.. Loading resource: res://addons/dialogic/Editor/Images/Resources/portrait.svg
.. Loading resource: res://.godot/imported/portrait.svg-7d29c7cfe3e086d65dce33c3d66c48cd.editor.ctex
.. Loading resource: res://addons/dialogic/Editor/CharacterEditor/char_edit_p_section_main_exports.tscn
.. Loading resource: res://addons/dialogic/Editor/CharacterEditor/char_edit_p_section_main_exports.gd
.. Loading resource: res://addons/dialogic/Editor/CharacterEditor/char_edit_p_section_exports.tscn
.. Loading resource: res://addons/dialogic/Editor/CharacterEditor/char_edit_p_section_exports.gd
.. Loading resource: res://addons/dialogic/Editor/CharacterEditor/char_edit_p_section_main.tscn
.. Loading resource: res://addons/dialogic/Editor/CharacterEditor/char_edit_p_section_main.gd
.. Loading resource: res://addons/dialogic/Editor/Events/Fields/field_file.tscn
.. Loading resource: res://addons/dialogic/Editor/CharacterEditor/portrait_scene_browser.tscn
.. Loading resource: res://addons/dialogic/Editor/CharacterEditor/portrait_scene_browser.gd
.. Loading resource: res://addons/dialogic/Editor/Common/hint_tooltip_icon.tscn
.. Loading resource: res://addons/dialogic/Editor/CharacterEditor/char_edit_p_section_layout.tscn
.. Loading resource: res://addons/dialogic/Editor/CharacterEditor/char_edit_p_section_layout.gd
.. Loading resource: res://addons/dialogic/Editor/Events/Fields/field_vector2.tscn
.. Loading resource: res://addons/dialogic/Editor/Events/Fields/field_number.tscn
.. Loading resource: res://addons/dialogic/Modules/Text/character_settings/character_moods_settings.tscn
.. Loading resource: res://addons/dialogic/Modules/Text/character_settings/character_moods_settings.gd
.. Loading resource: res://addons/dialogic/Editor/Events/Fields/field_file.tscn
.. Loading resource: res://addons/dialogic/Editor/Events/Fields/field_number.tscn
.. Loading resource: res://addons/dialogic/Modules/Text/node_type_sound.gd
.. Loading resource: res://addons/dialogic/Editor/Common/hint_tooltip_icon.tscn
.. Loading resource: res://addons/dialogic/Modules/Text/character_settings/character_portrait_mood_settings.tscn
.. Loading resource: res://addons/dialogic/Modules/Text/character_settings/character_portrait_mood_settings.gd
.. Loading resource: res://addons/dialogic/Modules/Style/character_settings_style.tscn
.. Loading resource: res://addons/dialogic/Modules/Style/character_settings_style.gd
.. Loading resource: res://addons/dialogic/Editor/Common/hint_tooltip_icon.tscn
.. Loading resource: res://addons/dialogic/Editor/Inspector/inspector_plugin.gd
.. Loading resource: res://addons/gdUnit4/plugin.gd
.. \u001b[38;2;218;165;32mIt was recognized that GdUnit4 is running in a test environment, therefore the GdUnit4 plugin will not be executed!\u001b[0m
.. Loading resource: res://addons/godot_xterm/plugin.gd
.. Loading resource: res://addons/godot_xterm/editor_plugins/terminal/terminal_panel.tscn
.. Loading resource: res://addons/godot_xterm/editor_plugins/terminal/terminal_panel.gd
.. Loading resource: res://addons/godot_xterm/editor_plugins/terminal/editor_terminal.tscn
.. Loading resource: res://addons/godot_xterm/editor_plugins/terminal/editor_terminal.gd
.. Loading resource: res://addons/godot_xterm/editor_plugins/terminal/settings/default_new_terminal_shortcut.tres
.. Loading resource: res://addons/godot_xterm/editor_plugins/terminal/settings/default_kill_terminal_shortcut.tres
.. Loading resource: res://addons/godot_xterm/editor_plugins/terminal/settings/default_copy_shortcut.tres
.. Loading resource: res://addons/godot_xterm/editor_plugins/terminal/settings/default_paste_shortcut.tres
.. Loading resource: res://addons/godot_xterm/editor_plugins/terminal/settings/default_tab_right_shortcut.tres
.. Loading resource: res://addons/godot_xterm/editor_plugins/terminal/settings/default_tab_left_shortcut.tres
.. Loading resource: res://addons/type_writer_label/twl_init.gd
.. Loading resource: res://addons/type_writer_label/classes/type_writer_label_icon.svg
.. Loading resource: res://.godot/imported/type_writer_label_icon.svg-4ed2f6ad1e9b0ca97691e0060c880e78.ctex
.. [  83% ] \u001b[90m\u001b[1mfirst_scan_filesystem\u001b[22m | Starting file scan...\u001b[39m\u001b[0m
.. \u001b[92m[ DONE ]\u001b[39m \u001b[1mfirst_scan_filesystem\u001b[22m
.. \u001b[0m
.. [   0% ] \u001b[90m\u001b[1mloading_editor_layout\u001b[22m | Started Loading editor (5 steps)\u001b[39m\u001b[0m
.. [   0% ] \u001b[90m\u001b[1mloading_editor_layout\u001b[22m | Loading editor layout...\u001b[39m\u001b[0m
.. [  16% ] \u001b[90m\u001b[1mloading_editor_layout\u001b[22m | Loading docks...\u001b[39m\u001b[0m
.. [  33% ] \u001b[90m\u001b[1mloading_editor_layout\u001b[22m | Reopening scenes...\u001b[39m\u001b[0m
.. Loading resource: res://source/stages/main.tscn
.. Loading resource: res://source/ui/menus/main_menu.tscn
.. Loading resource: res://source/ui/menus/MainMenu.cs
.. Loading resource: res://source/ui/menus/MenuUi.cs
.. Loading resource: res://source/ui/omega/OmegaContainer.cs
.. Loading resource: res://source/ui/omega/omega_ui_frame.tscn
:: WARNING: res://source/ui/menus/main_menu.tscn:4 - ext_resource, invalid UID: uid://omega_ui_frame_v1 - using text path instead: res://source/ui/omega/omega_ui_frame.tscn
.. Loading resource: res://source/shaders/spiral_border.gdshader
:: at: load (scene/resources/resource_format_text.cpp:466)
:: WARNING: res://source/ui/omega/omega_ui_frame.tscn:4 - ext_resource, invalid UID: uid://d12xf8v7m9ak - using text path instead: res://source/shaders/crt_unified.gdshader
:: at: load (scene/resources/resource_format_text.cpp:466)
.. Loading resource: res://source/shaders/crt_unified.gdshader
:: WARNING: Parent path 'OmegaFrame' for node 'OuterBlackBorder' has vanished when instantiating: 'res://source/ui/omega/omega_ui_frame.tscn'.
:: at: instantiate (scene/resources/packed_scene.cpp:205)
:: WARNING: Parent path 'OmegaFrame' for node 'BorderFrame' has vanished when instantiating: 'res://source/ui/omega/omega_ui_frame.tscn'.
:: at: instantiate (scene/resources/packed_scene.cpp:205)
:: WARNING: Parent path 'OmegaFrame' for node 'CrtFrame' has vanished when instantiating: 'res://source/ui/omega/omega_ui_frame.tscn'.
:: at: instantiate (scene/resources/packed_scene.cpp:205)
:: WARNING: Parent path 'OmegaFrame/CrtFrame' for node 'CrtBackground' has vanished when instantiating: 'res://source/ui/omega/omega_ui_frame.tscn'.
:: at: instantiate (scene/resources/packed_scene.cpp:205)
:: WARNING: Parent path 'OmegaFrame/CrtFrame' for node 'CrtEffectsLayer' has vanished when instantiating: 'res://source/ui/omega/omega_ui_frame.tscn'.
:: at: instantiate (scene/resources/packed_scene.cpp:205)
:: WARNING: Parent path 'OmegaFrame/CrtFrame' for node 'ContentContainer' has vanished when instantiating: 'res://source/ui/omega/omega_ui_frame.tscn'.
:: at: instantiate (scene/resources/packed_scene.cpp:205)
.. Loading resource: res://source/ui/menus/credits_menu.tscn
.. Loading resource: res://source/ui/menus/CreditsMenu.cs
:: WARNING: res://source/ui/menus/credits_menu.tscn:4 - ext_resource, invalid UID: uid://omega_ui_frame_v1 - using text path instead: res://source/ui/omega/omega_ui_frame.tscn
:: at: load (scene/resources/resource_format_text.cpp:466)
:: WARNING: Parent path 'OmegaFrame' for node 'OuterBlackBorder' has vanished when instantiating: 'res://source/ui/omega/omega_ui_frame.tscn'.
:: at: instantiate (scene/resources/packed_scene.cpp:205)
:: WARNING: Parent path 'OmegaFrame' for node 'BorderFrame' has vanished when instantiating: 'res://source/ui/omega/omega_ui_frame.tscn'.
:: at: instantiate (scene/resources/packed_scene.cpp:205)
:: WARNING: Parent path 'OmegaFrame' for node 'CrtFrame' has vanished when instantiating: 'res://source/ui/omega/omega_ui_frame.tscn'.
:: at: instantiate (scene/resources/packed_scene.cpp:205)
:: WARNING: Parent path 'OmegaFrame/CrtFrame' for node 'CrtBackground' has vanished when instantiating: 'res://source/ui/omega/omega_ui_frame.tscn'.
:: at: instantiate (scene/resources/packed_scene.cpp:205)
:: WARNING: Parent path 'OmegaFrame/CrtFrame' for node 'CrtEffectsLayer' has vanished when instantiating: 'res://source/ui/omega/omega_ui_frame.tscn'.
:: at: instantiate (scene/resources/packed_scene.cpp:205)
:: WARNING: Parent path 'OmegaFrame/CrtFrame' for node 'ContentContainer' has vanished when instantiating: 'res://source/ui/omega/omega_ui_frame.tscn'.
:: at: instantiate (scene/resources/packed_scene.cpp:205)
:: WARNING: Parent path 'OmegaFrame/CrtFrame' for node 'ContentContainer' has vanished when instantiating: 'res://source/ui/menus/credits_menu.tscn'.
:: at: instantiate (scene/resources/packed_scene.cpp:205)
:: WARNING: Parent path 'OmegaFrame/CrtFrame/ContentContainer' for node 'MenuTitle' has vanished when instantiating: 'res://source/ui/menus/credits_menu.tscn'.
:: at: instantiate (scene/resources/packed_scene.cpp:205)
:: WARNING: Parent path 'OmegaFrame/CrtFrame/ContentContainer' for node 'CreditsScrollContainer' has vanished when instantiating: 'res://source/ui/menus/credits_menu.tscn'.
:: at: instantiate (scene/resources/packed_scene.cpp:205)
:: WARNING: Parent path 'OmegaFrame/CrtFrame/ContentContainer/CreditsScrollContainer' for node 'CreditsContent' has vanished when instantiating: 'res://source/ui/menus/credits_menu.tscn'.
:: at: instantiate (scene/resources/packed_scene.cpp:205)
:: WARNING: Parent path 'OmegaFrame/CrtFrame/ContentContainer' for node 'MenuButtonContainer' has vanished when instantiating: 'res://source/ui/menus/credits_menu.tscn'.
:: at: instantiate (scene/resources/packed_scene.cpp:205)
:: WARNING: Parent path 'OmegaFrame/CrtFrame/ContentContainer' for node 'MenuActionBar' has vanished when instantiating: 'res://source/ui/menus/credits_menu.tscn'.
:: at: instantiate (scene/resources/packed_scene.cpp:205)
.. Loading resource: res://source/ui/omega/omega_ui_frame.tscn
:: WARNING: res://source/ui/omega/omega_ui_frame.tscn:4 - ext_resource, invalid UID: uid://d12xf8v7m9ak - using text path instead: res://source/shaders/crt_unified.gdshader
:: at: load (scene/resources/resource_format_text.cpp:466)
:: WARNING: Parent path 'OmegaFrame' for node 'OuterBlackBorder' has vanished when instantiating: 'res://source/ui/omega/omega_ui_frame.tscn'.
:: at: instantiate (scene/resources/packed_scene.cpp:205)
:: WARNING: Parent path 'OmegaFrame' for node 'BorderFrame' has vanished when instantiating: 'res://source/ui/omega/omega_ui_frame.tscn'.
:: at: instantiate (scene/resources/packed_scene.cpp:205)
:: WARNING: Parent path 'OmegaFrame' for node 'CrtFrame' has vanished when instantiating: 'res://source/ui/omega/omega_ui_frame.tscn'.
:: at: instantiate (scene/resources/packed_scene.cpp:205)
:: WARNING: Parent path 'OmegaFrame/CrtFrame' for node 'CrtBackground' has vanished when instantiating: 'res://source/ui/omega/omega_ui_frame.tscn'.
:: at: instantiate (scene/resources/packed_scene.cpp:205)
:: WARNING: Parent path 'OmegaFrame/CrtFrame' for node 'CrtEffectsLayer' has vanished when instantiating: 'res://source/ui/omega/omega_ui_frame.tscn'.
:: at: instantiate (scene/resources/packed_scene.cpp:205)
:: WARNING: Parent path 'OmegaFrame/CrtFrame' for node 'ContentContainer' has vanished when instantiating: 'res://source/ui/omega/omega_ui_frame.tscn'.
:: at: instantiate (scene/resources/packed_scene.cpp:205)
.. [  50% ] \u001b[90m\u001b[1mloading_editor_layout\u001b[22m | Loading central editor layout...\u001b[39m\u001b[0m
.. [  66% ] \u001b[90m\u001b[1mloading_editor_layout\u001b[22m | Loading plugin window layout...\u001b[39m\u001b[0m
.. Loading resource: res://source/ui/menus/main_menu_manifest.json
.. Loading resource: res://source/shaders/title_gradient.gdshader
.. Loading resource: res://source/shaders/pulsing_background.gdshader
.. Loading resource: res://source/shaders/crt_glitch.gdshader
.. [  83% ] \u001b[90m\u001b[1mloading_editor_layout\u001b[22m | Editor layout ready.\u001b[39m\u001b[0m
.. \u001b[92m[ DONE ]\u001b[39m \u001b[1mloading_editor_layout\u001b[22m
.. \u001b[0m
.. Failed to bind socket. Error: 3.
.. thirdparty/mbedtls/library/ssl_tls13_generic.c:1552: 0x52947508: Perform PSA-based ECDH/FFDH computation.
.. thirdparty/mbedtls/library/ssl_tls13_client.c:1950: 0x52947508: Switch to handshake keys for inbound traffic
.. thirdparty/mbedtls/library/ssl_tls13_generic.c:0403: 0x52947508: mbedtls_ssl_tls13_process_certificate_verify() returned 0 (-0x0000)
.. thirdparty/mbedtls/library/ssl_tls13_client.c:2639: 0x52947508: Switch to handshake traffic keys for outbound traffic
.. thirdparty/mbedtls/library/ssl_tls13_generic.c:1235: 0x52947508: Switch to application keys for inbound traffic
.. thirdparty/mbedtls/library/ssl_tls13_generic.c:1238: 0x52947508: Switch to application keys for outbound traffic
.. Unloading addon: res://addons/dialogic/plugin.cfg
.. Unloading addon: res://addons/gdUnit4/plugin.cfg
.. Unloading addon: res://addons/godot_xterm/plugin.cfg
.. Unloading addon: res://addons/type_writer_label/plugin.cfg
.. Script docs haven't been properly loaded or regenerated, so don't save them to disk.
.. EditorSettings: Save OK!
.. Unloading: Disposing tracked instances...
.. Unloading: Finished disposing tracked instances.
.. XR: Clearing primary interface
.. XR: Removed interface "Native mobile"
.. XR: Removed interface "OpenXR"
:: WARNING: ObjectDB instances leaked at exit (run with --verbose for details).
:: at: cleanup (core/object/object.cpp:2570)
.. Leaked instance: UndoRedo:2140756070880
.. Hint: Leaked instances typically happen when nodes are removed from the scene tree (with `remove_child()`) but not freed (with `free()` or `queue_free()`).
.. Orphan StringName: RenderingDevice (static: 2, total: 4)
.. Orphan StringName: Mesh (static: 18, total: 22)
.. Orphan StringName: Tween (static: 2, total: 6)
.. Orphan StringName: Shader (static: 3, total: 7)
.. Orphan StringName: JSON (static: 2, total: 4)
.. Orphan StringName: PTY (static: 0, total: 2)
.. Orphan StringName: ImageTexture (static: 5, total: 7)
.. Orphan StringName: Semaphore (static: 2, total: 4)
.. Orphan StringName: Terminal (static: 0, total: 2)
.. Orphan StringName: MainLoop (static: 3, total: 7)
.. Orphan StringName: TriangleMesh (static: 2, total: 6)
.. Orphan StringName: InputEvent (static: 18, total: 22)
.. Orphan StringName: InputEventMouse (static: 4, total: 6)
.. Orphan StringName: ThemeDB (static: 2, total: 4)
.. Orphan StringName: InputEventWithModifiers (static: 9, total: 11)
.. Orphan StringName: Control (static: 223, total: 225)
.. Orphan StringName: Shape3D (static: 11, total: 15)
.. Orphan StringName: Input (static: 2, total: 4)
.. Orphan StringName: InputEventFromWindow (static: 12, total: 14)
.. Orphan StringName: ResourceLoader (static: 2, total: 6)
.. Orphan StringName: SchemaValidationResult (static: 0, total: 2)
.. Orphan StringName: Font (static: 5, total: 9)
.. Orphan StringName: RenderingServer (static: 2, total: 4)
.. Orphan StringName: Image (static: 2, total: 6)
.. Orphan StringName: Resource (static: 465, total: 469)
.. Orphan StringName: StyleBoxFlat (static: 5, total: 7)
.. Orphan StringName: Schema (static: 0, total: 2)
.. Orphan StringName: OS (static: 2, total: 4)
.. Orphan StringName: Viewport (static: 60, total: 64)
.. Orphan StringName: MultiplayerAPI (static: 4, total: 8)
.. Orphan StringName: Timer (static: 2, total: 4)
.. Orphan StringName: DisplayServer (static: 2, total: 4)
.. Orphan StringName: Marshalls (static: 2, total: 4)
.. Orphan StringName: FileAccess (static: 2, total: 4)
.. Orphan StringName: Mutex (static: 2, total: 6)
.. Orphan StringName: ConcavePolygonShape3D (static: 2, total: 6)
.. Orphan StringName: Thread (static: 2, total: 4)
.. Orphan StringName: RegExMatch (static: 2, total: 4)
.. Orphan StringName: CanvasItem (static: 271, total: 275)
.. Orphan StringName: SceneTree (static: 2, total: 6)
.. Orphan StringName: InputEventMouseMotion (static: 2, total: 4)
.. Orphan StringName: InputEventMouseButton (static: 2, total: 4)
.. Orphan StringName: WeakRef (static: 2, total: 4)
.. Orphan StringName: YAMLSecurity (static: 0, total: 2)
.. Orphan StringName: Texture (static: 44, total: 48)
.. Orphan StringName: CanvasLayer (static: 3, total: 7)
.. Orphan StringName: World2D (static: 2, total: 6)
.. Orphan StringName: ShaderMaterial (static: 2, total: 4)
.. Orphan StringName: Material (static: 13, total: 17)
.. Orphan StringName: Node (static: 566, total: 571)
.. Orphan StringName: ProjectSettings (static: 2, total: 6)
.. Orphan StringName: TextServer (static: 5, total: 9)
.. Orphan StringName: RefCounted (static: 790, total: 794)
.. Orphan StringName: Object (static: 1472, total: 1476)
.. Orphan StringName: Theme (static: 3, total: 7)
.. Orphan StringName: YAMLResult (static: 0, total: 2)
.. Orphan StringName: YAMLStyle (static: 0, total: 2)
.. Orphan StringName: RDPipelineSpecializationConstant (static: 2, total: 4)
.. Orphan StringName: ConvexPolygonShape3D (static: 2, total: 6)
.. Orphan StringName: InputEventKey (static: 2, total: 4)
.. Orphan StringName: ResourceFormatLoader (static: 2, total: 6)
.. Orphan StringName: MultiMesh (static: 2, total: 6)
.. Orphan StringName: Texture2D (static: 20, total: 24)
.. Orphan StringName: Window (static: 63, total: 67)
.. Orphan StringName: StyleBox (static: 6, total: 10)
.. Orphan StringName: ClassDB (static: 2, total: 6)
.. Orphan StringName: RegEx (static: 2, total: 4)
.. Orphan StringName: Script (static: 10, total: 12)
.. Orphan StringName: YAML (static: 0, total: 2)
.. StringName: 69 unclaimed string names at exit.
Rebuild Godot Project ends with exit code: 0

======== Running GdUnit4 Godot Runtime Test Runner ========
TestSuite: AudioManagerTests Processing...
TestCase: AudioManagerTests.OnUiHover_EmitsCueStarted Processing...
TestCase: AudioManagerTests.OnUiHover_EmitsCueStarted Passed
TestCase: AudioManagerTests.OnUiConfirm_DucksAmbientAndRestores Processing...
TestCase: AudioManagerTests.OnUiConfirm_DucksAmbientAndRestores Passed
TestSuite: AudioManagerTests: Passed

TestSuite: OmegaSpiral.Tests.Stages.Stage1Ghost.GhostYamlPlaybackTests Processing...
TestCase: OmegaSpiral.Tests.Stages.Stage1Ghost.GhostYamlPlaybackTests.GhostYaml_LoadsSuccessfully Processing...
TestCase: OmegaSpiral.Tests.Stages.Stage1Ghost.GhostYamlPlaybackTests.GhostYaml_LoadsSuccessfully Passed
TestCase: OmegaSpiral.Tests.Stages.Stage1Ghost.GhostYamlPlaybackTests.GhostYaml_OpeningScene_ContainsExpectedLines Processing...
TestCase: OmegaSpiral.Tests.Stages.Stage1Ghost.GhostYamlPlaybackTests.GhostYaml_OpeningScene_ContainsExpectedLines Failed
TestCase: OmegaSpiral.Tests.Stages.Stage1Ghost.GhostYamlPlaybackTests.GhostYaml_AllScenes_AreValid Processing...
TestCase: OmegaSpiral.Tests.Stages.Stage1Ghost.GhostYamlPlaybackTests.GhostYaml_AllScenes_AreValid Passed
TestSuite: OmegaSpiral.Tests.Stages.Stage1Ghost.GhostYamlPlaybackTests: Failed

:: WARNING: res://source/ui/menus/main_menu.tscn:4 - ext_resource, invalid UID: uid://omega_ui_frame_v1 - using text path instead: res://source/ui/omega/omega_ui_frame.tscn
:: at: load (scene/resources/resource_format_text.cpp:466)
:: C# backtrace (most recent call first):
:: [0] Godot.GodotObject Godot.NativeCalls.godot_icall_3_761(nint, nint, string, string, int) (/root/godot/modules/mono/glue/GodotSharp/GodotSharp/Generated/NativeCalls.cs:6854)
:: [1] Godot.Resource Godot.ResourceLoader.Load(string, string, Godot.ResourceLoader+CacheMode) (/root/godot/modules/mono/glue/GodotSharp/GodotSharp/Generated/GodotObjects/ResourceLoader.cs:120)
:: [2] Godot.Node GdUnit4.Core.SceneRunner.LoadScene(string)
:: [3] GdUnit4.Core.SceneRunner..ctor(string, bool, bool)
:: [4] GdUnit4.ISceneRunner GdUnit4.ISceneRunner.Load(string, bool, bool)
:: [5] void OmegaSpiral.Tests.Ui.MainMenu_IntegrationTests+&lt;Setup&gt;d__2.MoveNext() (/home/adam/Dev/omega-spiral/chapter-zero/tests/ui/menus/MainMenu_IntegrationTests.cs:31)
:: [6] void System.Runtime.CompilerServices.AsyncMethodBuilderCore.Start&lt;TStateMachine&gt;(TStateMachine&amp;)
:: [7] System.Threading.Tasks.Task OmegaSpiral.Tests.Ui.MainMenu_IntegrationTests.Setup()
:: [8] void System.RuntimeMethodHandle.InvokeMethod(System.Runtime.CompilerServices.ObjectHandleOnStack, System.Void**, System.Runtime.CompilerServices.ObjectHandleOnStack, Interop+BOOL, System.Runtime.CompilerServices.ObjectHandleOnStack)
:: [9] void System.RuntimeMethodHandle.InvokeMethod(System.Runtime.CompilerServices.ObjectHandleOnStack, System.Void**, System.Runtime.CompilerServices.ObjectHandleOnStack, Interop+BOOL, System.Runtime.CompilerServices.ObjectHandleOnStack)
:: [10] object System.Reflection.MethodBaseInvoker.InterpretedInvoke_Method(object, System.IntPtr*)
:: [11] object System.Reflection.RuntimeMethodInfo.Invoke(object, System.Reflection.BindingFlags, System.Reflection.Binder, System.Object[], System.Globalization.CultureInfo)
:: [12] void GdUnit4.Core.Execution.ExecutionStage`1+&lt;ExecuteStage&gt;d__37.MoveNext()
:: [13] void System.Runtime.CompilerServices.AsyncMethodBuilderCore.Start&lt;TStateMachine&gt;(TStateMachine&amp;)
:: [14] System.Threading.Tasks.Task GdUnit4.Core.Execution.ExecutionStage`1.ExecuteStage(GdUnit4.Core.Execution.ExecutionContext)
:: [15] void GdUnit4.Core.Execution.ExecutionStage`1+&lt;Execute&gt;d__30.MoveNext()
:: [16] void System.Runtime.CompilerServices.AsyncMethodBuilderCore.Start&lt;TStateMachine&gt;(TStateMachine&amp;)
:: [17] System.Threading.Tasks.Task GdUnit4.Core.Execution.ExecutionStage`1.Execute(GdUnit4.Core.Execution.ExecutionContext)
:: [18] System.Threading.Tasks.Task GdUnit4.Core.Execution.BeforeExecutionStage.&lt;&gt;n__0(GdUnit4.Core.Execution.ExecutionContext)
:: [19] void GdUnit4.Core.Execution.BeforeExecutionStage+&lt;Execute&gt;d__1.MoveNext()
:: [20] void System.Runtime.CompilerServices.AsyncMethodBuilderCore.Start&lt;TStateMachine&gt;(TStateMachine&amp;)
:: [21] System.Threading.Tasks.Task GdUnit4.Core.Execution.BeforeExecutionStage.Execute(GdUnit4.Core.Execution.ExecutionContext)
:: [22] void GdUnit4.Core.Execution.TestSuiteExecutionStage+&lt;Execute&gt;d__13.MoveNext()
:: [23] void System.Runtime.CompilerServices.AsyncMethodBuilderCore.Start&lt;TStateMachine&gt;(TStateMachine&amp;)
:: [24] System.Threading.Tasks.Task GdUnit4.Core.Execution.TestSuiteExecutionStage.Execute(GdUnit4.Core.Execution.ExecutionContext)
:: [25] void GdUnit4.Core.Commands.ExecuteTestSuiteCommand+&lt;Execute&gt;d__18.MoveNext()
:: [26] void System.Runtime.CompilerServices.AsyncTaskMethodBuilder`1+AsyncStateMachineBox`1.ExecutionContextCallback(object)
:: [27] void System.Threading.ExecutionContext.RunInternal(System.Threading.ExecutionContext, System.Threading.ContextCallback, object)
:: [28] void System.Runtime.CompilerServices.AsyncTaskMethodBuilder`1+AsyncStateMachineBox`1.MoveNext(System.Threading.Thread)
:: [29] void Godot.SignalAwaiter.SignalCallback(nint, Godot.NativeInterop.godot_variant**, int, Godot.NativeInterop.godot_bool*) (/root/godot/modules/mono/glue/GodotSharp/GodotSharp/Core/SignalAwaiter.cs:65)
:: WARNING: res://source/ui/omega/omega_ui_frame.tscn:4 - ext_resource, invalid UID: uid://d12xf8v7m9ak - using text path instead: res://source/shaders/crt_unified.gdshader
:: at: load (scene/resources/resource_format_text.cpp:466)
:: C# backtrace (most recent call first):
:: [0] Godot.GodotObject Godot.NativeCalls.godot_icall_3_761(nint, nint, string, string, int) (/root/godot/modules/mono/glue/GodotSharp/GodotSharp/Generated/NativeCalls.cs:6854)
:: [1] Godot.Resource Godot.ResourceLoader.Load(string, string, Godot.ResourceLoader+CacheMode) (/root/godot/modules/mono/glue/GodotSharp/GodotSharp/Generated/GodotObjects/ResourceLoader.cs:120)
:: [2] Godot.Node GdUnit4.Core.SceneRunner.LoadScene(string)
:: [3] GdUnit4.Core.SceneRunner..ctor(string, bool, bool)
:: [4] GdUnit4.ISceneRunner GdUnit4.ISceneRunner.Load(string, bool, bool)
:: [5] void OmegaSpiral.Tests.Ui.MainMenu_IntegrationTests+&lt;Setup&gt;d__2.MoveNext() (/home/adam/Dev/omega-spiral/chapter-zero/tests/ui/menus/MainMenu_IntegrationTests.cs:31)
:: [6] void System.Runtime.CompilerServices.AsyncMethodBuilderCore.Start&lt;TStateMachine&gt;(TStateMachine&amp;)
:: [7] System.Threading.Tasks.Task OmegaSpiral.Tests.Ui.MainMenu_IntegrationTests.Setup()
:: [8] void System.RuntimeMethodHandle.InvokeMethod(System.Runtime.CompilerServices.ObjectHandleOnStack, System.Void**, System.Runtime.CompilerServices.ObjectHandleOnStack, Interop+BOOL, System.Runtime.CompilerServices.ObjectHandleOnStack)
:: [9] void System.RuntimeMethodHandle.InvokeMethod(System.Runtime.CompilerServices.ObjectHandleOnStack, System.Void**, System.Runtime.CompilerServices.ObjectHandleOnStack, Interop+BOOL, System.Runtime.CompilerServices.ObjectHandleOnStack)
:: [10] object System.Reflection.MethodBaseInvoker.InterpretedInvoke_Method(object, System.IntPtr*)
:: [11] object System.Reflection.RuntimeMethodInfo.Invoke(object, System.Reflection.BindingFlags, System.Reflection.Binder, System.Object[], System.Globalization.CultureInfo)
:: [12] void GdUnit4.Core.Execution.ExecutionStage`1+&lt;ExecuteStage&gt;d__37.MoveNext()
:: [13] void System.Runtime.CompilerServices.AsyncMethodBuilderCore.Start&lt;TStateMachine&gt;(TStateMachine&amp;)
:: [14] System.Threading.Tasks.Task GdUnit4.Core.Execution.ExecutionStage`1.ExecuteStage(GdUnit4.Core.Execution.ExecutionContext)
:: [15] void GdUnit4.Core.Execution.ExecutionStage`1+&lt;Execute&gt;d__30.MoveNext()
:: [16] void System.Runtime.CompilerServices.AsyncMethodBuilderCore.Start&lt;TStateMachine&gt;(TStateMachine&amp;)
:: [17] System.Threading.Tasks.Task GdUnit4.Core.Execution.ExecutionStage`1.Execute(GdUnit4.Core.Execution.ExecutionContext)
:: [18] System.Threading.Tasks.Task GdUnit4.Core.Execution.BeforeExecutionStage.&lt;&gt;n__0(GdUnit4.Core.Execution.ExecutionContext)
:: [19] void GdUnit4.Core.Execution.BeforeExecutionStage+&lt;Execute&gt;d__1.MoveNext()
:: [20] void System.Runtime.CompilerServices.AsyncMethodBuilderCore.Start&lt;TStateMachine&gt;(TStateMachine&amp;)
:: [21] System.Threading.Tasks.Task GdUnit4.Core.Execution.BeforeExecutionStage.Execute(GdUnit4.Core.Execution.ExecutionContext)
:: [22] void GdUnit4.Core.Execution.TestSuiteExecutionStage+&lt;Execute&gt;d__13.MoveNext()
:: [23] void System.Runtime.CompilerServices.AsyncMethodBuilderCore.Start&lt;TStateMachine&gt;(TStateMachine&amp;)
:: [24] System.Threading.Tasks.Task GdUnit4.Core.Execution.TestSuiteExecutionStage.Execute(GdUnit4.Core.Execution.ExecutionContext)
:: [25] void GdUnit4.Core.Commands.ExecuteTestSuiteCommand+&lt;Execute&gt;d__18.MoveNext()
:: [26] void System.Runtime.CompilerServices.AsyncTaskMethodBuilder`1+AsyncStateMachineBox`1.ExecutionContextCallback(object)
:: [27] void System.Threading.ExecutionContext.RunInternal(System.Threading.ExecutionContext, System.Threading.ContextCallback, object)
:: [28] void System.Runtime.CompilerServices.AsyncTaskMethodBuilder`1+AsyncStateMachineBox`1.MoveNext(System.Threading.Thread)
:: [29] void Godot.SignalAwaiter.SignalCallback(nint, Godot.NativeInterop.godot_variant**, int, Godot.NativeInterop.godot_bool*) (/root/godot/modules/mono/glue/GodotSharp/GodotSharp/Core/SignalAwaiter.cs:65)
:: WARNING: Parent path 'OmegaFrame' for node 'OuterBlackBorder' has vanished when instantiating: 'res://source/ui/omega/omega_ui_frame.tscn'.
:: at: instantiate (scene/resources/packed_scene.cpp:205)
:: C# backtrace (most recent call first):
:: [0] Godot.GodotObject Godot.NativeCalls.godot_icall_1_79(nint, nint, int) (/root/godot/modules/mono/glue/GodotSharp/GodotSharp/Generated/NativeCalls.cs:703)
:: [1] Godot.Node Godot.PackedScene.Instantiate(Godot.PackedScene+GenEditState) (/root/godot/modules/mono/glue/GodotSharp/GodotSharp/Generated/GodotObjects/PackedScene.cs:130)
:: [2] Godot.Node GdUnit4.Core.SceneRunner.LoadScene(string)
:: [3] GdUnit4.Core.SceneRunner..ctor(string, bool, bool)
:: [4] GdUnit4.ISceneRunner GdUnit4.ISceneRunner.Load(string, bool, bool)
:: [5] void OmegaSpiral.Tests.Ui.MainMenu_IntegrationTests+&lt;Setup&gt;d__2.MoveNext() (/home/adam/Dev/omega-spiral/chapter-zero/tests/ui/menus/MainMenu_IntegrationTests.cs:31)
:: [6] void System.Runtime.CompilerServices.AsyncMethodBuilderCore.Start&lt;TStateMachine&gt;(TStateMachine&amp;)
:: [7] System.Threading.Tasks.Task OmegaSpiral.Tests.Ui.MainMenu_IntegrationTests.Setup()
:: [8] void System.RuntimeMethodHandle.InvokeMethod(System.Runtime.CompilerServices.ObjectHandleOnStack, System.Void**, System.Runtime.CompilerServices.ObjectHandleOnStack, Interop+BOOL, System.Runtime.CompilerServices.ObjectHandleOnStack)
:: [9] void System.RuntimeMethodHandle.InvokeMethod(System.Runtime.CompilerServices.ObjectHandleOnStack, System.Void**, System.Runtime.CompilerServices.ObjectHandleOnStack, Interop+BOOL, System.Runtime.CompilerServices.ObjectHandleOnStack)
:: [10] object System.Reflection.MethodBaseInvoker.InterpretedInvoke_Method(object, System.IntPtr*)
:: [11] object System.Reflection.RuntimeMethodInfo.Invoke(object, System.Reflection.BindingFlags, System.Reflection.Binder, System.Object[], System.Globalization.CultureInfo)
:: [12] void GdUnit4.Core.Execution.ExecutionStage`1+&lt;ExecuteStage&gt;d__37.MoveNext()
:: [13] void System.Runtime.CompilerServices.AsyncMethodBuilderCore.Start&lt;TStateMachine&gt;(TStateMachine&amp;)
:: [14] System.Threading.Tasks.Task GdUnit4.Core.Execution.ExecutionStage`1.ExecuteStage(GdUnit4.Core.Execution.ExecutionContext)
:: [15] void GdUnit4.Core.Execution.ExecutionStage`1+&lt;Execute&gt;d__30.MoveNext()
:: [16] void System.Runtime.CompilerServices.AsyncMethodBuilderCore.Start&lt;TStateMachine&gt;(TStateMachine&amp;)
:: [17] System.Threading.Tasks.Task GdUnit4.Core.Execution.ExecutionStage`1.Execute(GdUnit4.Core.Execution.ExecutionContext)
:: [18] System.Threading.Tasks.Task GdUnit4.Core.Execution.BeforeExecutionStage.&lt;&gt;n__0(GdUnit4.Core.Execution.ExecutionContext)
:: [19] void GdUnit4.Core.Execution.BeforeExecutionStage+&lt;Execute&gt;d__1.MoveNext()
:: [20] void System.Runtime.CompilerServices.AsyncMethodBuilderCore.Start&lt;TStateMachine&gt;(TStateMachine&amp;)
:: [21] System.Threading.Tasks.Task GdUnit4.Core.Execution.BeforeExecutionStage.Execute(GdUnit4.Core.Execution.ExecutionContext)
:: [22] void GdUnit4.Core.Execution.TestSuiteExecutionStage+&lt;Execute&gt;d__13.MoveNext()
:: [23] void System.Runtime.CompilerServices.AsyncMethodBuilderCore.Start&lt;TStateMachine&gt;(TStateMachine&amp;)
:: [24] System.Threading.Tasks.Task GdUnit4.Core.Execution.TestSuiteExecutionStage.Execute(GdUnit4.Core.Execution.ExecutionContext)
:: [25] void GdUnit4.Core.Commands.ExecuteTestSuiteCommand+&lt;Execute&gt;d__18.MoveNext()
:: [26] void System.Runtime.CompilerServices.AsyncTaskMethodBuilder`1+AsyncStateMachineBox`1.ExecutionContextCallback(object)
:: [27] void System.Threading.ExecutionContext.RunInternal(System.Threading.ExecutionContext, System.Threading.ContextCallback, object)
:: [28] void System.Runtime.CompilerServices.AsyncTaskMethodBuilder`1+AsyncStateMachineBox`1.MoveNext(System.Threading.Thread)
:: [29] void Godot.SignalAwaiter.SignalCallback(nint, Godot.NativeInterop.godot_variant**, int, Godot.NativeInterop.godot_bool*) (/root/godot/modules/mono/glue/GodotSharp/GodotSharp/Core/SignalAwaiter.cs:65)
:: WARNING: Parent path 'OmegaFrame' for node 'BorderFrame' has vanished when instantiating: 'res://source/ui/omega/omega_ui_frame.tscn'.
:: at: instantiate (scene/resources/packed_scene.cpp:205)
:: C# backtrace (most recent call first):
:: [0] Godot.GodotObject Godot.NativeCalls.godot_icall_1_79(nint, nint, int) (/root/godot/modules/mono/glue/GodotSharp/GodotSharp/Generated/NativeCalls.cs:703)
:: [1] Godot.Node Godot.PackedScene.Instantiate(Godot.PackedScene+GenEditState) (/root/godot/modules/mono/glue/GodotSharp/GodotSharp/Generated/GodotObjects/PackedScene.cs:130)
:: [2] Godot.Node GdUnit4.Core.SceneRunner.LoadScene(string)
:: [3] GdUnit4.Core.SceneRunner..ctor(string, bool, bool)
:: [4] GdUnit4.ISceneRunner GdUnit4.ISceneRunner.Load(string, bool, bool)
:: [5] void OmegaSpiral.Tests.Ui.MainMenu_IntegrationTests+&lt;Setup&gt;d__2.MoveNext() (/home/adam/Dev/omega-spiral/chapter-zero/tests/ui/menus/MainMenu_IntegrationTests.cs:31)
:: [6] void System.Runtime.CompilerServices.AsyncMethodBuilderCore.Start&lt;TStateMachine&gt;(TStateMachine&amp;)
:: [7] System.Threading.Tasks.Task OmegaSpiral.Tests.Ui.MainMenu_IntegrationTests.Setup()
:: [8] void System.RuntimeMethodHandle.InvokeMethod(System.Runtime.CompilerServices.ObjectHandleOnStack, System.Void**, System.Runtime.CompilerServices.ObjectHandleOnStack, Interop+BOOL, System.Runtime.CompilerServices.ObjectHandleOnStack)
:: [9] void System.RuntimeMethodHandle.InvokeMethod(System.Runtime.CompilerServices.ObjectHandleOnStack, System.Void**, System.Runtime.CompilerServices.ObjectHandleOnStack, Interop+BOOL, System.Runtime.CompilerServices.ObjectHandleOnStack)
:: [10] object System.Reflection.MethodBaseInvoker.InterpretedInvoke_Method(object, System.IntPtr*)
:: [11] object System.Reflection.RuntimeMethodInfo.Invoke(object, System.Reflection.BindingFlags, System.Reflection.Binder, System.Object[], System.Globalization.CultureInfo)
:: [12] void GdUnit4.Core.Execution.ExecutionStage`1+&lt;ExecuteStage&gt;d__37.MoveNext()
:: [13] void System.Runtime.CompilerServices.AsyncMethodBuilderCore.Start&lt;TStateMachine&gt;(TStateMachine&amp;)
:: [14] System.Threading.Tasks.Task GdUnit4.Core.Execution.ExecutionStage`1.ExecuteStage(GdUnit4.Core.Execution.ExecutionContext)
:: [15] void GdUnit4.Core.Execution.ExecutionStage`1+&lt;Execute&gt;d__30.MoveNext()
:: [16] void System.Runtime.CompilerServices.AsyncMethodBuilderCore.Start&lt;TStateMachine&gt;(TStateMachine&amp;)
:: [17] System.Threading.Tasks.Task GdUnit4.Core.Execution.ExecutionStage`1.Execute(GdUnit4.Core.Execution.ExecutionContext)
:: [18] System.Threading.Tasks.Task GdUnit4.Core.Execution.BeforeExecutionStage.&lt;&gt;n__0(GdUnit4.Core.Execution.ExecutionContext)
:: [19] void GdUnit4.Core.Execution.BeforeExecutionStage+&lt;Execute&gt;d__1.MoveNext()
:: [20] void System.Runtime.CompilerServices.AsyncMethodBuilderCore.Start&lt;TStateMachine&gt;(TStateMachine&amp;)
:: [21] System.Threading.Tasks.Task GdUnit4.Core.Execution.BeforeExecutionStage.Execute(GdUnit4.Core.Execution.ExecutionContext)
:: [22] void GdUnit4.Core.Execution.TestSuiteExecutionStage+&lt;Execute&gt;d__13.MoveNext()
:: [23] void System.Runtime.CompilerServices.AsyncMethodBuilderCore.Start&lt;TStateMachine&gt;(TStateMachine&amp;)
:: [24] System.Threading.Tasks.Task GdUnit4.Core.Execution.TestSuiteExecutionStage.Execute(GdUnit4.Core.Execution.ExecutionContext)
:: [25] void GdUnit4.Core.Commands.ExecuteTestSuiteCommand+&lt;Execute&gt;d__18.MoveNext()
:: [26] void System.Runtime.CompilerServices.AsyncTaskMethodBuilder`1+AsyncStateMachineBox`1.ExecutionContextCallback(object)
:: [27] void System.Threading.ExecutionContext.RunInternal(System.Threading.ExecutionContext, System.Threading.ContextCallback, object)
:: [28] void System.Runtime.CompilerServices.AsyncTaskMethodBuilder`1+AsyncStateMachineBox`1.MoveNext(System.Threading.Thread)
:: [29] void Godot.SignalAwaiter.SignalCallback(nint, Godot.NativeInterop.godot_variant**, int, Godot.NativeInterop.godot_bool*) (/root/godot/modules/mono/glue/GodotSharp/GodotSharp/Core/SignalAwaiter.cs:65)
:: WARNING: Parent path 'OmegaFrame' for node 'CrtFrame' has vanished when instantiating: 'res://source/ui/omega/omega_ui_frame.tscn'.
:: at: instantiate (scene/resources/packed_scene.cpp:205)
:: C# backtrace (most recent call first):
:: [0] Godot.GodotObject Godot.NativeCalls.godot_icall_1_79(nint, nint, int) (/root/godot/modules/mono/glue/GodotSharp/GodotSharp/Generated/NativeCalls.cs:703)
:: [1] Godot.Node Godot.PackedScene.Instantiate(Godot.PackedScene+GenEditState) (/root/godot/modules/mono/glue/GodotSharp/GodotSharp/Generated/GodotObjects/PackedScene.cs:130)
:: [2] Godot.Node GdUnit4.Core.SceneRunner.LoadScene(string)
:: [3] GdUnit4.Core.SceneRunner..ctor(string, bool, bool)
:: [4] GdUnit4.ISceneRunner GdUnit4.ISceneRunner.Load(string, bool, bool)
:: [5] void OmegaSpiral.Tests.Ui.MainMenu_IntegrationTests+&lt;Setup&gt;d__2.MoveNext() (/home/adam/Dev/omega-spiral/chapter-zero/tests/ui/menus/MainMenu_IntegrationTests.cs:31)
:: [6] void System.Runtime.CompilerServices.AsyncMethodBuilderCore.Start&lt;TStateMachine&gt;(TStateMachine&amp;)
:: [7] System.Threading.Tasks.Task OmegaSpiral.Tests.Ui.MainMenu_IntegrationTests.Setup()
:: [8] void System.RuntimeMethodHandle.InvokeMethod(System.Runtime.CompilerServices.ObjectHandleOnStack, System.Void**, System.Runtime.CompilerServices.ObjectHandleOnStack, Interop+BOOL, System.Runtime.CompilerServices.ObjectHandleOnStack)
:: [9] void System.RuntimeMethodHandle.InvokeMethod(System.Runtime.CompilerServices.ObjectHandleOnStack, System.Void**, System.Runtime.CompilerServices.ObjectHandleOnStack, Interop+BOOL, System.Runtime.CompilerServices.ObjectHandleOnStack)
:: [10] object System.Reflection.MethodBaseInvoker.InterpretedInvoke_Method(object, System.IntPtr*)
:: [11] object System.Reflection.RuntimeMethodInfo.Invoke(object, System.Reflection.BindingFlags, System.Reflection.Binder, System.Object[], System.Globalization.CultureInfo)
:: [12] void GdUnit4.Core.Execution.ExecutionStage`1+&lt;ExecuteStage&gt;d__37.MoveNext()
:: [13] void System.Runtime.CompilerServices.AsyncMethodBuilderCore.Start&lt;TStateMachine&gt;(TStateMachine&amp;)
:: [14] System.Threading.Tasks.Task GdUnit4.Core.Execution.ExecutionStage`1.ExecuteStage(GdUnit4.Core.Execution.ExecutionContext)
:: [15] void GdUnit4.Core.Execution.ExecutionStage`1+&lt;Execute&gt;d__30.MoveNext()
:: [16] void System.Runtime.CompilerServices.AsyncMethodBuilderCore.Start&lt;TStateMachine&gt;(TStateMachine&amp;)
:: [17] System.Threading.Tasks.Task GdUnit4.Core.Execution.ExecutionStage`1.Execute(GdUnit4.Core.Execution.ExecutionContext)
:: [18] System.Threading.Tasks.Task GdUnit4.Core.Execution.BeforeExecutionStage.&lt;&gt;n__0(GdUnit4.Core.Execution.ExecutionContext)
:: [19] void GdUnit4.Core.Execution.BeforeExecutionStage+&lt;Execute&gt;d__1.MoveNext()
:: [20] void System.Runtime.CompilerServices.AsyncMethodBuilderCore.Start&lt;TStateMachine&gt;(TStateMachine&amp;)
:: [21] System.Threading.Tasks.Task GdUnit4.Core.Execution.BeforeExecutionStage.Execute(GdUnit4.Core.Execution.ExecutionContext)
:: [22] void GdUnit4.Core.Execution.TestSuiteExecutionStage+&lt;Execute&gt;d__13.MoveNext()
:: [23] void System.Runtime.CompilerServices.AsyncMethodBuilderCore.Start&lt;TStateMachine&gt;(TStateMachine&amp;)
:: [24] System.Threading.Tasks.Task GdUnit4.Core.Execution.TestSuiteExecutionStage.Execute(GdUnit4.Core.Execution.ExecutionContext)
:: [25] void GdUnit4.Core.Commands.ExecuteTestSuiteCommand+&lt;Execute&gt;d__18.MoveNext()
:: [26] void System.Runtime.CompilerServices.AsyncTaskMethodBuilder`1+AsyncStateMachineBox`1.ExecutionContextCallback(object)
:: [27] void System.Threading.ExecutionContext.RunInternal(System.Threading.ExecutionContext, System.Threading.ContextCallback, object)
:: [28] void System.Runtime.CompilerServices.AsyncTaskMethodBuilder`1+AsyncStateMachineBox`1.MoveNext(System.Threading.Thread)
:: [29] void Godot.SignalAwaiter.SignalCallback(nint, Godot.NativeInterop.godot_variant**, int, Godot.NativeInterop.godot_bool*) (/root/godot/modules/mono/glue/GodotSharp/GodotSharp/Core/SignalAwaiter.cs:65)
:: WARNING: Parent path 'OmegaFrame/CrtFrame' for node 'CrtBackground' has vanished when instantiating: 'res://source/ui/omega/omega_ui_frame.tscn'.
:: at: instantiate (scene/resources/packed_scene.cpp:205)
:: C# backtrace (most recent call first):
:: [0] Godot.GodotObject Godot.NativeCalls.godot_icall_1_79(nint, nint, int) (/root/godot/modules/mono/glue/GodotSharp/GodotSharp/Generated/NativeCalls.cs:703)
:: [1] Godot.Node Godot.PackedScene.Instantiate(Godot.PackedScene+GenEditState) (/root/godot/modules/mono/glue/GodotSharp/GodotSharp/Generated/GodotObjects/PackedScene.cs:130)
:: [2] Godot.Node GdUnit4.Core.SceneRunner.LoadScene(string)
:: [3] GdUnit4.Core.SceneRunner..ctor(string, bool, bool)
:: [4] GdUnit4.ISceneRunner GdUnit4.ISceneRunner.Load(string, bool, bool)
:: [5] void OmegaSpiral.Tests.Ui.MainMenu_IntegrationTests+&lt;Setup&gt;d__2.MoveNext() (/home/adam/Dev/omega-spiral/chapter-zero/tests/ui/menus/MainMenu_IntegrationTests.cs:31)
:: [6] void System.Runtime.CompilerServices.AsyncMethodBuilderCore.Start&lt;TStateMachine&gt;(TStateMachine&amp;)
:: [7] System.Threading.Tasks.Task OmegaSpiral.Tests.Ui.MainMenu_IntegrationTests.Setup()
:: [8] void System.RuntimeMethodHandle.InvokeMethod(System.Runtime.CompilerServices.ObjectHandleOnStack, System.Void**, System.Runtime.CompilerServices.ObjectHandleOnStack, Interop+BOOL, System.Runtime.CompilerServices.ObjectHandleOnStack)
:: [9] void System.RuntimeMethodHandle.InvokeMethod(System.Runtime.CompilerServices.ObjectHandleOnStack, System.Void**, System.Runtime.CompilerServices.ObjectHandleOnStack, Interop+BOOL, System.Runtime.CompilerServices.ObjectHandleOnStack)
:: [10] object System.Reflection.MethodBaseInvoker.InterpretedInvoke_Method(object, System.IntPtr*)
:: [11] object System.Reflection.RuntimeMethodInfo.Invoke(object, System.Reflection.BindingFlags, System.Reflection.Binder, System.Object[], System.Globalization.CultureInfo)
:: [12] void GdUnit4.Core.Execution.ExecutionStage`1+&lt;ExecuteStage&gt;d__37.MoveNext()
:: [13] void System.Runtime.CompilerServices.AsyncMethodBuilderCore.Start&lt;TStateMachine&gt;(TStateMachine&amp;)
:: [14] System.Threading.Tasks.Task GdUnit4.Core.Execution.ExecutionStage`1.ExecuteStage(GdUnit4.Core.Execution.ExecutionContext)
:: [15] void GdUnit4.Core.Execution.ExecutionStage`1+&lt;Execute&gt;d__30.MoveNext()
:: [16] void System.Runtime.CompilerServices.AsyncMethodBuilderCore.Start&lt;TStateMachine&gt;(TStateMachine&amp;)
:: [17] System.Threading.Tasks.Task GdUnit4.Core.Execution.ExecutionStage`1.Execute(GdUnit4.Core.Execution.ExecutionContext)
:: [18] System.Threading.Tasks.Task GdUnit4.Core.Execution.BeforeExecutionStage.&lt;&gt;n__0(GdUnit4.Core.Execution.ExecutionContext)
:: [19] void GdUnit4.Core.Execution.BeforeExecutionStage+&lt;Execute&gt;d__1.MoveNext()
:: [20] void System.Runtime.CompilerServices.AsyncMethodBuilderCore.Start&lt;TStateMachine&gt;(TStateMachine&amp;)
:: [21] System.Threading.Tasks.Task GdUnit4.Core.Execution.BeforeExecutionStage.Execute(GdUnit4.Core.Execution.ExecutionContext)
:: [22] void GdUnit4.Core.Execution.TestSuiteExecutionStage+&lt;Execute&gt;d__13.MoveNext()
:: [23] void System.Runtime.CompilerServices.AsyncMethodBuilderCore.Start&lt;TStateMachine&gt;(TStateMachine&amp;)
:: [24] System.Threading.Tasks.Task GdUnit4.Core.Execution.TestSuiteExecutionStage.Execute(GdUnit4.Core.Execution.ExecutionContext)
:: [25] void GdUnit4.Core.Commands.ExecuteTestSuiteCommand+&lt;Execute&gt;d__18.MoveNext()
:: [26] void System.Runtime.CompilerServices.AsyncTaskMethodBuilder`1+AsyncStateMachineBox`1.ExecutionContextCallback(object)
:: [27] void System.Threading.ExecutionContext.RunInternal(System.Threading.ExecutionContext, System.Threading.ContextCallback, object)
:: [28] void System.Runtime.CompilerServices.AsyncTaskMethodBuilder`1+AsyncStateMachineBox`1.MoveNext(System.Threading.Thread)
:: [29] void Godot.SignalAwaiter.SignalCallback(nint, Godot.NativeInterop.godot_variant**, int, Godot.NativeInterop.godot_bool*) (/root/godot/modules/mono/glue/GodotSharp/GodotSharp/Core/SignalAwaiter.cs:65)
:: WARNING: Parent path 'OmegaFrame/CrtFrame' for node 'CrtEffectsLayer' has vanished when instantiating: 'res://source/ui/omega/omega_ui_frame.tscn'.
:: at: instantiate (scene/resources/packed_scene.cpp:205)
:: C# backtrace (most recent call first):
:: [0] Godot.GodotObject Godot.NativeCalls.godot_icall_1_79(nint, nint, int) (/root/godot/modules/mono/glue/GodotSharp/GodotSharp/Generated/NativeCalls.cs:703)
:: [1] Godot.Node Godot.PackedScene.Instantiate(Godot.PackedScene+GenEditState) (/root/godot/modules/mono/glue/GodotSharp/GodotSharp/Generated/GodotObjects/PackedScene.cs:130)
:: [2] Godot.Node GdUnit4.Core.SceneRunner.LoadScene(string)
:: [3] GdUnit4.Core.SceneRunner..ctor(string, bool, bool)
:: [4] GdUnit4.ISceneRunner GdUnit4.ISceneRunner.Load(string, bool, bool)
:: [5] void OmegaSpiral.Tests.Ui.MainMenu_IntegrationTests+&lt;Setup&gt;d__2.MoveNext() (/home/adam/Dev/omega-spiral/chapter-zero/tests/ui/menus/MainMenu_IntegrationTests.cs:31)
:: [6] void System.Runtime.CompilerServices.AsyncMethodBuilderCore.Start&lt;TStateMachine&gt;(TStateMachine&amp;)
:: [7] System.Threading.Tasks.Task OmegaSpiral.Tests.Ui.MainMenu_IntegrationTests.Setup()
:: [8] void System.RuntimeMethodHandle.InvokeMethod(System.Runtime.CompilerServices.ObjectHandleOnStack, System.Void**, System.Runtime.CompilerServices.ObjectHandleOnStack, Interop+BOOL, System.Runtime.CompilerServices.ObjectHandleOnStack)
:: [9] void System.RuntimeMethodHandle.InvokeMethod(System.Runtime.CompilerServices.ObjectHandleOnStack, System.Void**, System.Runtime.CompilerServices.ObjectHandleOnStack, Interop+BOOL, System.Runtime.CompilerServices.ObjectHandleOnStack)
:: [10] object System.Reflection.MethodBaseInvoker.InterpretedInvoke_Method(object, System.IntPtr*)
:: [11] object System.Reflection.RuntimeMethodInfo.Invoke(object, System.Reflection.BindingFlags, System.Reflection.Binder, System.Object[], System.Globalization.CultureInfo)
:: [12] void GdUnit4.Core.Execution.ExecutionStage`1+&lt;ExecuteStage&gt;d__37.MoveNext()
:: [13] void System.Runtime.CompilerServices.AsyncMethodBuilderCore.Start&lt;TStateMachine&gt;(TStateMachine&amp;)
:: [14] System.Threading.Tasks.Task GdUnit4.Core.Execution.ExecutionStage`1.ExecuteStage(GdUnit4.Core.Execution.ExecutionContext)
:: [15] void GdUnit4.Core.Execution.ExecutionStage`1+&lt;Execute&gt;d__30.MoveNext()
:: [16] void System.Runtime.CompilerServices.AsyncMethodBuilderCore.Start&lt;TStateMachine&gt;(TStateMachine&amp;)
:: [17] System.Threading.Tasks.Task GdUnit4.Core.Execution.ExecutionStage`1.Execute(GdUnit4.Core.Execution.ExecutionContext)
:: [18] System.Threading.Tasks.Task GdUnit4.Core.Execution.BeforeExecutionStage.&lt;&gt;n__0(GdUnit4.Core.Execution.ExecutionContext)
:: [19] void GdUnit4.Core.Execution.BeforeExecutionStage+&lt;Execute&gt;d__1.MoveNext()
:: [20] void System.Runtime.CompilerServices.AsyncMethodBuilderCore.Start&lt;TStateMachine&gt;(TStateMachine&amp;)
:: [21] System.Threading.Tasks.Task GdUnit4.Core.Execution.BeforeExecutionStage.Execute(GdUnit4.Core.Execution.ExecutionContext)
:: [22] void GdUnit4.Core.Execution.TestSuiteExecutionStage+&lt;Execute&gt;d__13.MoveNext()
:: [23] void System.Runtime.CompilerServices.AsyncMethodBuilderCore.Start&lt;TStateMachine&gt;(TStateMachine&amp;)
:: [24] System.Threading.Tasks.Task GdUnit4.Core.Execution.TestSuiteExecutionStage.Execute(GdUnit4.Core.Execution.ExecutionContext)
:: [25] void GdUnit4.Core.Commands.ExecuteTestSuiteCommand+&lt;Execute&gt;d__18.MoveNext()
:: [26] void System.Runtime.CompilerServices.AsyncTaskMethodBuilder`1+AsyncStateMachineBox`1.ExecutionContextCallback(object)
:: [27] void System.Threading.ExecutionContext.RunInternal(System.Threading.ExecutionContext, System.Threading.ContextCallback, object)
:: [28] void System.Runtime.CompilerServices.AsyncTaskMethodBuilder`1+AsyncStateMachineBox`1.MoveNext(System.Threading.Thread)
:: [29] void Godot.SignalAwaiter.SignalCallback(nint, Godot.NativeInterop.godot_variant**, int, Godot.NativeInterop.godot_bool*) (/root/godot/modules/mono/glue/GodotSharp/GodotSharp/Core/SignalAwaiter.cs:65)
:: WARNING: Parent path 'OmegaFrame/CrtFrame' for node 'ContentContainer' has vanished when instantiating: 'res://source/ui/omega/omega_ui_frame.tscn'.
:: at: instantiate (scene/resources/packed_scene.cpp:205)
:: C# backtrace (most recent call first):
:: [0] Godot.GodotObject Godot.NativeCalls.godot_icall_1_79(nint, nint, int) (/root/godot/modules/mono/glue/GodotSharp/GodotSharp/Generated/NativeCalls.cs:703)
:: [1] Godot.Node Godot.PackedScene.Instantiate(Godot.PackedScene+GenEditState) (/root/godot/modules/mono/glue/GodotSharp/GodotSharp/Generated/GodotObjects/PackedScene.cs:130)
:: [2] Godot.Node GdUnit4.Core.SceneRunner.LoadScene(string)
:: [3] GdUnit4.Core.SceneRunner..ctor(string, bool, bool)
:: [4] GdUnit4.ISceneRunner GdUnit4.ISceneRunner.Load(string, bool, bool)
:: [5] void OmegaSpiral.Tests.Ui.MainMenu_IntegrationTests+&lt;Setup&gt;d__2.MoveNext() (/home/adam/Dev/omega-spiral/chapter-zero/tests/ui/menus/MainMenu_IntegrationTests.cs:31)
:: [6] void System.Runtime.CompilerServices.AsyncMethodBuilderCore.Start&lt;TStateMachine&gt;(TStateMachine&amp;)
:: [7] System.Threading.Tasks.Task OmegaSpiral.Tests.Ui.MainMenu_IntegrationTests.Setup()
:: [8] void System.RuntimeMethodHandle.InvokeMethod(System.Runtime.CompilerServices.ObjectHandleOnStack, System.Void**, System.Runtime.CompilerServices.ObjectHandleOnStack, Interop+BOOL, System.Runtime.CompilerServices.ObjectHandleOnStack)
:: [9] void System.RuntimeMethodHandle.InvokeMethod(System.Runtime.CompilerServices.ObjectHandleOnStack, System.Void**, System.Runtime.CompilerServices.ObjectHandleOnStack, Interop+BOOL, System.Runtime.CompilerServices.ObjectHandleOnStack)
:: [10] object System.Reflection.MethodBaseInvoker.InterpretedInvoke_Method(object, System.IntPtr*)
:: [11] object System.Reflection.RuntimeMethodInfo.Invoke(object, System.Reflection.BindingFlags, System.Reflection.Binder, System.Object[], System.Globalization.CultureInfo)
:: [12] void GdUnit4.Core.Execution.ExecutionStage`1+&lt;ExecuteStage&gt;d__37.MoveNext()
:: [13] void System.Runtime.CompilerServices.AsyncMethodBuilderCore.Start&lt;TStateMachine&gt;(TStateMachine&amp;)
:: [14] System.Threading.Tasks.Task GdUnit4.Core.Execution.ExecutionStage`1.ExecuteStage(GdUnit4.Core.Execution.ExecutionContext)
:: [15] void GdUnit4.Core.Execution.ExecutionStage`1+&lt;Execute&gt;d__30.MoveNext()
:: [16] void System.Runtime.CompilerServices.AsyncMethodBuilderCore.Start&lt;TStateMachine&gt;(TStateMachine&amp;)
:: [17] System.Threading.Tasks.Task GdUnit4.Core.Execution.ExecutionStage`1.Execute(GdUnit4.Core.Execution.ExecutionContext)
:: [18] System.Threading.Tasks.Task GdUnit4.Core.Execution.BeforeExecutionStage.&lt;&gt;n__0(GdUnit4.Core.Execution.ExecutionContext)
:: [19] void GdUnit4.Core.Execution.BeforeExecutionStage+&lt;Execute&gt;d__1.MoveNext()
:: [20] void System.Runtime.CompilerServices.AsyncMethodBuilderCore.Start&lt;TStateMachine&gt;(TStateMachine&amp;)
:: [21] System.Threading.Tasks.Task GdUnit4.Core.Execution.BeforeExecutionStage.Execute(GdUnit4.Core.Execution.ExecutionContext)
:: [22] void GdUnit4.Core.Execution.TestSuiteExecutionStage+&lt;Execute&gt;d__13.MoveNext()
:: [23] void System.Runtime.CompilerServices.AsyncMethodBuilderCore.Start&lt;TStateMachine&gt;(TStateMachine&amp;)
:: [24] System.Threading.Tasks.Task GdUnit4.Core.Execution.TestSuiteExecutionStage.Execute(GdUnit4.Core.Execution.ExecutionContext)
:: [25] void GdUnit4.Core.Commands.ExecuteTestSuiteCommand+&lt;Execute&gt;d__18.MoveNext()
:: [26] void System.Runtime.CompilerServices.AsyncTaskMethodBuilder`1+AsyncStateMachineBox`1.ExecutionContextCallback(object)
:: [27] void System.Threading.ExecutionContext.RunInternal(System.Threading.ExecutionContext, System.Threading.ContextCallback, object)
:: [28] void System.Runtime.CompilerServices.AsyncTaskMethodBuilder`1+AsyncStateMachineBox`1.MoveNext(System.Threading.Thread)
:: [29] void Godot.SignalAwaiter.SignalCallback(nint, Godot.NativeInterop.godot_variant**, int, Godot.NativeInterop.godot_bool*) (/root/godot/modules/mono/glue/GodotSharp/GodotSharp/Core/SignalAwaiter.cs:65)
:: ERROR: Node not found: "OmegaFrame/CrtFrame/ContentContainer/MenuButtonContainer" (relative to "/root/MainMenu").
:: at: get_node (scene/main/node.cpp:1957)
:: C# backtrace (most recent call first):
:: [0] Godot.GodotObject Godot.NativeCalls.godot_icall_1_1044(nint, nint, Godot.NativeInterop.godot_node_path) (/root/godot/modules/mono/glue/GodotSharp/GodotSharp/Generated/NativeCalls.cs:9605)
:: [1] Godot.Node Godot.Node.GetNode(Godot.NodePath) (/root/godot/modules/mono/glue/GodotSharp/GodotSharp/Generated/GodotObjects/Node.cs:934)
:: [2] T Godot.Node.GetNode&lt;T&gt;(Godot.NodePath) (/root/godot/modules/mono/glue/GodotSharp/GodotSharp/Core/Extensions/NodeExtensions.cs:47)
:: [3] void OmegaSpiral.Source.Stages.Stage0Start.MainMenu.PopulateStageList() (/home/adam/Dev/omega-spiral/chapter-zero/source/ui/menus/MainMenu.cs:120)
:: [4] void OmegaSpiral.Source.Stages.Stage0Start.MainMenu.PopulateMenuButtons() (/home/adam/Dev/omega-spiral/chapter-zero/source/ui/menus/MainMenu.cs:102)
:: [5] void OmegaSpiral.Source.Ui.Menus.MenuUi._Ready() (/home/adam/Dev/omega-spiral/chapter-zero/source/ui/menus/MenuUi.cs:135)
:: [6] void OmegaSpiral.Source.Stages.Stage0Start.MainMenu._Ready() (/home/adam/Dev/omega-spiral/chapter-zero/source/ui/menus/MainMenu.cs:59)
:: [7] bool Godot.Node.InvokeGodotClassMethod(Godot.NativeInterop.godot_string_name&amp;, Godot.NativeInterop.NativeVariantPtrArgs, Godot.NativeInterop.godot_variant&amp;) (/root/godot/modules/mono/glue/GodotSharp/GodotSharp/Generated/GodotObjects/Node.cs:2631)
:: [8] bool Godot.CanvasItem.InvokeGodotClassMethod(Godot.NativeInterop.godot_string_name&amp;, Godot.NativeInterop.NativeVariantPtrArgs, Godot.NativeInterop.godot_variant&amp;) (/root/godot/modules/mono/glue/GodotSharp/GodotSharp/Generated/GodotObjects/CanvasItem.cs:1786)
:: [9] bool Godot.Control.InvokeGodotClassMethod(Godot.NativeInterop.godot_string_name&amp;, Godot.NativeInterop.NativeVariantPtrArgs, Godot.NativeInterop.godot_variant&amp;) (/root/godot/modules/mono/glue/GodotSharp/GodotSharp/Generated/GodotObjects/Control.cs:3508)
:: [10] bool OmegaSpiral.Source.Ui.Omega.OmegaContainer.InvokeGodotClassMethod(Godot.NativeInterop.godot_string_name&amp;, Godot.NativeInterop.NativeVariantPtrArgs, Godot.NativeInterop.godot_variant&amp;) (/home/adam/Dev/omega-spiral/chapter-zero/.godot/mono/temp/obj/Debug/Godot.SourceGenerators/Godot.SourceGenerators.ScriptMethodsGenerator/OmegaSpiral.Source.Ui.Omega.OmegaContainer_ScriptMethods.generated.cs:70)
:: [11] bool OmegaSpiral.Source.Ui.Menus.MenuUi.InvokeGodotClassMethod(Godot.NativeInterop.godot_string_name&amp;, Godot.NativeInterop.NativeVariantPtrArgs, Godot.NativeInterop.godot_variant&amp;) (/home/adam/Dev/omega-spiral/chapter-zero/.godot/mono/temp/obj/Debug/Godot.SourceGenerators/Godot.SourceGenerators.ScriptMethodsGenerator/OmegaSpiral.Source.Ui.Menus.MenuUi_ScriptMethods.generated.cs:330)
:: [12] bool OmegaSpiral.Source.Stages.Stage0Start.MainMenu.InvokeGodotClassMethod(Godot.NativeInterop.godot_string_name&amp;, Godot.NativeInterop.NativeVariantPtrArgs, Godot.NativeInterop.godot_variant&amp;) (/home/adam/Dev/omega-spiral/chapter-zero/.godot/mono/temp/obj/Debug/Godot.SourceGenerators/Godot.SourceGenerators.ScriptMethodsGenerator/OmegaSpiral.Source.Stages.Stage0Start.MainMenu_ScriptMethods.generated.cs:100)
:: [13] Godot.NativeInterop.godot_bool Godot.Bridge.CSharpInstanceBridge.Call(nint, Godot.NativeInterop.godot_string_name*, Godot.NativeInterop.godot_variant**, int, Godot.NativeInterop.godot_variant_call_error*, Godot.NativeInterop.godot_variant*) (/root/godot/modules/mono/glue/GodotSharp/GodotSharp/Core/Bridge/CSharpInstanceBridge.cs:24)
:: [14] void Godot.NativeInterop.NativeFuncs.godotsharp_method_bind_ptrcall(nint, nint, System.Void**, System.Void*) (/root/godot/modules/mono/glue/GodotSharp/GodotSharp/Godot.SourceGenerators.Internal/Godot.SourceGenerators.Internal.UnmanagedCallbacksGenerator/Godot.NativeInterop.NativeFuncs.generated.cs:380)
:: [15] void Godot.NativeCalls.godot_icall_3_1042(nint, nint, nint, Godot.NativeInterop.godot_bool, int) (/root/godot/modules/mono/glue/GodotSharp/GodotSharp/Generated/NativeCalls.cs:9587)
:: [16] void Godot.Node.AddChild(Godot.Node, bool, Godot.Node+InternalMode) (/root/godot/modules/mono/glue/GodotSharp/GodotSharp/Generated/GodotObjects/Node.cs:821)
:: [17] GdUnit4.Core.SceneRunner..ctor(Godot.Node, bool, bool)
:: [18] GdUnit4.Core.SceneRunner..ctor(string, bool, bool)
:: [19] GdUnit4.ISceneRunner GdUnit4.ISceneRunner.Load(string, bool, bool)
:: [20] void OmegaSpiral.Tests.Ui.MainMenu_IntegrationTests+&lt;Setup&gt;d__2.MoveNext() (/home/adam/Dev/omega-spiral/chapter-zero/tests/ui/menus/MainMenu_IntegrationTests.cs:31)
:: [21] void System.Runtime.CompilerServices.AsyncMethodBuilderCore.Start&lt;TStateMachine&gt;(TStateMachine&amp;)
:: [22] System.Threading.Tasks.Task OmegaSpiral.Tests.Ui.MainMenu_IntegrationTests.Setup()
:: [23] void System.RuntimeMethodHandle.InvokeMethod(System.Runtime.CompilerServices.ObjectHandleOnStack, System.Void**, System.Runtime.CompilerServices.ObjectHandleOnStack, Interop+BOOL, System.Runtime.CompilerServices.ObjectHandleOnStack)
:: [24] void System.RuntimeMethodHandle.InvokeMethod(System.Runtime.CompilerServices.ObjectHandleOnStack, System.Void**, System.Runtime.CompilerServices.ObjectHandleOnStack, Interop+BOOL, System.Runtime.CompilerServices.ObjectHandleOnStack)
:: [25] object System.Reflection.MethodBaseInvoker.InterpretedInvoke_Method(object, System.IntPtr*)
:: [26] object System.Reflection.RuntimeMethodInfo.Invoke(object, System.Reflection.BindingFlags, System.Reflection.Binder, System.Object[], System.Globalization.CultureInfo)
:: [27] void GdUnit4.Core.Execution.ExecutionStage`1+&lt;ExecuteStage&gt;d__37.MoveNext()
:: [28] void System.Runtime.CompilerServices.AsyncMethodBuilderCore.Start&lt;TStateMachine&gt;(TStateMachine&amp;)
:: [29] System.Threading.Tasks.Task GdUnit4.Core.Execution.ExecutionStage`1.ExecuteStage(GdUnit4.Core.Execution.ExecutionContext)
:: [30] void GdUnit4.Core.Execution.ExecutionStage`1+&lt;Execute&gt;d__30.MoveNext()
:: [31] void System.Runtime.CompilerServices.AsyncMethodBuilderCore.Start&lt;TStateMachine&gt;(TStateMachine&amp;)
:: [32] System.Threading.Tasks.Task GdUnit4.Core.Execution.ExecutionStage`1.Execute(GdUnit4.Core.Execution.ExecutionContext)
:: [33] System.Threading.Tasks.Task GdUnit4.Core.Execution.BeforeExecutionStage.&lt;&gt;n__0(GdUnit4.Core.Execution.ExecutionContext)
:: [34] void GdUnit4.Core.Execution.BeforeExecutionStage+&lt;Execute&gt;d__1.MoveNext()
:: [35] void System.Runtime.CompilerServices.AsyncMethodBuilderCore.Start&lt;TStateMachine&gt;(TStateMachine&amp;)
:: [36] System.Threading.Tasks.Task GdUnit4.Core.Execution.BeforeExecutionStage.Execute(GdUnit4.Core.Execution.ExecutionContext)
:: [37] void GdUnit4.Core.Execution.TestSuiteExecutionStage+&lt;Execute&gt;d__13.MoveNext()
:: [38] void System.Runtime.CompilerServices.AsyncMethodBuilderCore.Start&lt;TStateMachine&gt;(TStateMachine&amp;)
:: [39] System.Threading.Tasks.Task GdUnit4.Core.Execution.TestSuiteExecutionStage.Execute(GdUnit4.Core.Execution.ExecutionContext)
:: [40] void GdUnit4.Core.Commands.ExecuteTestSuiteCommand+&lt;Execute&gt;d__18.MoveNext()
:: [41] void System.Runtime.CompilerServices.AsyncTaskMethodBuilder`1+AsyncStateMachineBox`1.ExecutionContextCallback(object)
:: [42] void System.Threading.ExecutionContext.RunInternal(System.Threading.ExecutionContext, System.Threading.ContextCallback, object)
:: [43] void System.Runtime.CompilerServices.AsyncTaskMethodBuilder`1+AsyncStateMachineBox`1.MoveNext(System.Threading.Thread)
:: [44] void Godot.SignalAwaiter.SignalCallback(nint, Godot.NativeInterop.godot_variant**, int, Godot.NativeInterop.godot_bool*) (/root/godot/modules/mono/glue/GodotSharp/GodotSharp/Core/SignalAwaiter.cs:65)
:: ERROR: System.NullReferenceException: Object reference not set to an instance of an object.
:: at: void OmegaSpiral.Source.Stages.Stage0Start.MainMenu.PopulateStageList() (res://source/ui/menus/MainMenu.cs:135)
:: C# backtrace (most recent call first):
:: [0] void Godot.NativeInterop.ExceptionUtils.SendToScriptDebugger(System.Exception) (/root/godot/modules/mono/glue/GodotSharp/GodotSharp/Core/NativeInterop/ExceptionUtils.cs:98)
:: [1] void Godot.NativeInterop.ExceptionUtils.LogException(System.Exception) (/root/godot/modules/mono/glue/GodotSharp/GodotSharp/Core/NativeInterop/ExceptionUtils.cs:109)
:: [2] Godot.NativeInterop.godot_bool Godot.Bridge.CSharpInstanceBridge.Call(nint, Godot.NativeInterop.godot_string_name*, Godot.NativeInterop.godot_variant**, int, Godot.NativeInterop.godot_variant_call_error*, Godot.NativeInterop.godot_variant*) (/root/godot/modules/mono/glue/GodotSharp/GodotSharp/Core/Bridge/CSharpInstanceBridge.cs:24)
:: [3] void Godot.NativeInterop.NativeFuncs.godotsharp_method_bind_ptrcall(nint, nint, System.Void**, System.Void*) (/root/godot/modules/mono/glue/GodotSharp/GodotSharp/Godot.SourceGenerators.Internal/Godot.SourceGenerators.Internal.UnmanagedCallbacksGenerator/Godot.NativeInterop.NativeFuncs.generated.cs:380)
:: [4] void Godot.NativeCalls.godot_icall_3_1042(nint, nint, nint, Godot.NativeInterop.godot_bool, int) (/root/godot/modules/mono/glue/GodotSharp/GodotSharp/Generated/NativeCalls.cs:9587)
:: [5] void Godot.Node.AddChild(Godot.Node, bool, Godot.Node+InternalMode) (/root/godot/modules/mono/glue/GodotSharp/GodotSharp/Generated/GodotObjects/Node.cs:821)
:: [6] GdUnit4.Core.SceneRunner..ctor(Godot.Node, bool, bool)
:: [7] GdUnit4.Core.SceneRunner..ctor(string, bool, bool)
:: [8] GdUnit4.ISceneRunner GdUnit4.ISceneRunner.Load(string, bool, bool)
:: [9] void OmegaSpiral.Tests.Ui.MainMenu_IntegrationTests+&lt;Setup&gt;d__2.MoveNext() (/home/adam/Dev/omega-spiral/chapter-zero/tests/ui/menus/MainMenu_IntegrationTests.cs:31)
:: [10] void System.Runtime.CompilerServices.AsyncMethodBuilderCore.Start&lt;TStateMachine&gt;(TStateMachine&amp;)
:: [11] System.Threading.Tasks.Task OmegaSpiral.Tests.Ui.MainMenu_IntegrationTests.Setup()
:: [12] void System.RuntimeMethodHandle.InvokeMethod(System.Runtime.CompilerServices.ObjectHandleOnStack, System.Void**, System.Runtime.CompilerServices.ObjectHandleOnStack, Interop+BOOL, System.Runtime.CompilerServices.ObjectHandleOnStack)
:: [13] void System.RuntimeMethodHandle.InvokeMethod(System.Runtime.CompilerServices.ObjectHandleOnStack, System.Void**, System.Runtime.CompilerServices.ObjectHandleOnStack, Interop+BOOL, System.Runtime.CompilerServices.ObjectHandleOnStack)
:: [14] object System.Reflection.MethodBaseInvoker.InterpretedInvoke_Method(object, System.IntPtr*)
:: [15] object System.Reflection.RuntimeMethodInfo.Invoke(object, System.Reflection.BindingFlags, System.Reflection.Binder, System.Object[], System.Globalization.CultureInfo)
:: [16] void GdUnit4.Core.Execution.ExecutionStage`1+&lt;ExecuteStage&gt;d__37.MoveNext()
:: [17] void System.Runtime.CompilerServices.AsyncMethodBuilderCore.Start&lt;TStateMachine&gt;(TStateMachine&amp;)
:: [18] System.Threading.Tasks.Task GdUnit4.Core.Execution.ExecutionStage`1.ExecuteStage(GdUnit4.Core.Execution.ExecutionContext)
:: [19] void GdUnit4.Core.Execution.ExecutionStage`1+&lt;Execute&gt;d__30.MoveNext()
:: [20] void System.Runtime.CompilerServices.AsyncMethodBuilderCore.Start&lt;TStateMachine&gt;(TStateMachine&amp;)
:: [21] System.Threading.Tasks.Task GdUnit4.Core.Execution.ExecutionStage`1.Execute(GdUnit4.Core.Execution.ExecutionContext)
:: [22] System.Threading.Tasks.Task GdUnit4.Core.Execution.BeforeExecutionStage.&lt;&gt;n__0(GdUnit4.Core.Execution.ExecutionContext)
:: [23] void GdUnit4.Core.Execution.BeforeExecutionStage+&lt;Execute&gt;d__1.MoveNext()
:: [24] void System.Runtime.CompilerServices.AsyncMethodBuilderCore.Start&lt;TStateMachine&gt;(TStateMachine&amp;)
:: [25] System.Threading.Tasks.Task GdUnit4.Core.Execution.BeforeExecutionStage.Execute(GdUnit4.Core.Execution.ExecutionContext)
:: [26] void GdUnit4.Core.Execution.TestSuiteExecutionStage+&lt;Execute&gt;d__13.MoveNext()
:: [27] void System.Runtime.CompilerServices.AsyncMethodBuilderCore.Start&lt;TStateMachine&gt;(TStateMachine&amp;)
:: [28] System.Threading.Tasks.Task GdUnit4.Core.Execution.TestSuiteExecutionStage.Execute(GdUnit4.Core.Execution.ExecutionContext)
:: [29] void GdUnit4.Core.Commands.ExecuteTestSuiteCommand+&lt;Execute&gt;d__18.MoveNext()
:: [30] void System.Runtime.CompilerServices.AsyncTaskMethodBuilder`1+AsyncStateMachineBox`1.ExecutionContextCallback(object)
:: [31] void System.Threading.ExecutionContext.RunInternal(System.Threading.ExecutionContext, System.Threading.ContextCallback, object)
:: [32] void System.Runtime.CompilerServices.AsyncTaskMethodBuilder`1+AsyncStateMachineBox`1.MoveNext(System.Threading.Thread)
:: [33] void Godot.SignalAwaiter.SignalCallback(nint, Godot.NativeInterop.godot_variant**, int, Godot.NativeInterop.godot_bool*) (/root/godot/modules/mono/glue/GodotSharp/GodotSharp/Core/SignalAwaiter.cs:65)
TestSuite: OmegaSpiral.Tests.Ui.MainMenu_IntegrationTests Processing...
TestCase: OmegaSpiral.Tests.Ui.MainMenu_IntegrationTests.MainMenu_HasRequiredNodes Processing...
TestCase: OmegaSpiral.Tests.Ui.MainMenu_IntegrationTests.MainMenu_HasRequiredNodes Failed
TestCase: OmegaSpiral.Tests.Ui.MainMenu_IntegrationTests.MainMenu_InheritsOmegaTheming Processing...
TestCase: OmegaSpiral.Tests.Ui.MainMenu_IntegrationTests.MainMenu_InheritsOmegaTheming Passed
TestSuite: OmegaSpiral.Tests.Ui.MainMenu_IntegrationTests: Failed

:: WARNING: Parent path 'OmegaFrame' for node 'OuterBlackBorder' has vanished when instantiating: 'res://source/ui/omega/omega_ui_frame.tscn'.
:: at: instantiate (scene/resources/packed_scene.cpp:205)
:: C# backtrace (most recent call first):
:: [0] Godot.GodotObject Godot.NativeCalls.godot_icall_1_79(nint, nint, int) (/root/godot/modules/mono/glue/GodotSharp/GodotSharp/Generated/NativeCalls.cs:703)
:: [1] Godot.Node Godot.PackedScene.Instantiate(Godot.PackedScene+GenEditState) (/root/godot/modules/mono/glue/GodotSharp/GodotSharp/Generated/GodotObjects/PackedScene.cs:130)
:: [2] Godot.Node GdUnit4.Core.SceneRunner.LoadScene(string)
:: [3] GdUnit4.Core.SceneRunner..ctor(string, bool, bool)
:: [4] GdUnit4.ISceneRunner GdUnit4.ISceneRunner.Load(string, bool, bool)
:: [5] void OmegaSpiral.Tests.Ui.MainMenuTests+&lt;Setup&gt;d__2.MoveNext() (/home/adam/Dev/omega-spiral/chapter-zero/tests/ui/menus/MainMenuTests.cs:31)
:: [6] void System.Runtime.CompilerServices.AsyncMethodBuilderCore.Start&lt;TStateMachine&gt;(TStateMachine&amp;)
:: [7] System.Threading.Tasks.Task OmegaSpiral.Tests.Ui.MainMenuTests.Setup()
:: [8] void System.RuntimeMethodHandle.InvokeMethod(System.Runtime.CompilerServices.ObjectHandleOnStack, System.Void**, System.Runtime.CompilerServices.ObjectHandleOnStack, Interop+BOOL, System.Runtime.CompilerServices.ObjectHandleOnStack)
:: [9] void System.RuntimeMethodHandle.InvokeMethod(System.Runtime.CompilerServices.ObjectHandleOnStack, System.Void**, System.Runtime.CompilerServices.ObjectHandleOnStack, Interop+BOOL, System.Runtime.CompilerServices.ObjectHandleOnStack)
:: [10] object System.Reflection.MethodBaseInvoker.InterpretedInvoke_Method(object, System.IntPtr*)
:: [11] object System.Reflection.RuntimeMethodInfo.Invoke(object, System.Reflection.BindingFlags, System.Reflection.Binder, System.Object[], System.Globalization.CultureInfo)
:: [12] void GdUnit4.Core.Execution.ExecutionStage`1+&lt;ExecuteStage&gt;d__37.MoveNext()
:: [13] void System.Runtime.CompilerServices.AsyncMethodBuilderCore.Start&lt;TStateMachine&gt;(TStateMachine&amp;)
:: [14] System.Threading.Tasks.Task GdUnit4.Core.Execution.ExecutionStage`1.ExecuteStage(GdUnit4.Core.Execution.ExecutionContext)
:: [15] void GdUnit4.Core.Execution.ExecutionStage`1+&lt;Execute&gt;d__30.MoveNext()
:: [16] void System.Runtime.CompilerServices.AsyncMethodBuilderCore.Start&lt;TStateMachine&gt;(TStateMachine&amp;)
:: [17] System.Threading.Tasks.Task GdUnit4.Core.Execution.ExecutionStage`1.Execute(GdUnit4.Core.Execution.ExecutionContext)
:: [18] System.Threading.Tasks.Task GdUnit4.Core.Execution.BeforeExecutionStage.&lt;&gt;n__0(GdUnit4.Core.Execution.ExecutionContext)
:: [19] void GdUnit4.Core.Execution.BeforeExecutionStage+&lt;Execute&gt;d__1.MoveNext()
:: [20] void System.Runtime.CompilerServices.AsyncMethodBuilderCore.Start&lt;TStateMachine&gt;(TStateMachine&amp;)
:: [21] System.Threading.Tasks.Task GdUnit4.Core.Execution.BeforeExecutionStage.Execute(GdUnit4.Core.Execution.ExecutionContext)
:: [22] void GdUnit4.Core.Execution.TestSuiteExecutionStage+&lt;Execute&gt;d__13.MoveNext()
:: [23] void System.Runtime.CompilerServices.AsyncMethodBuilderCore.Start&lt;TStateMachine&gt;(TStateMachine&amp;)
:: [24] System.Threading.Tasks.Task GdUnit4.Core.Execution.TestSuiteExecutionStage.Execute(GdUnit4.Core.Execution.ExecutionContext)
:: [25] void GdUnit4.Core.Commands.ExecuteTestSuiteCommand+&lt;Execute&gt;d__18.MoveNext()
:: [26] void System.Runtime.CompilerServices.AsyncTaskMethodBuilder`1+AsyncStateMachineBox`1.ExecutionContextCallback(object)
:: [27] void System.Threading.ExecutionContext.RunInternal(System.Threading.ExecutionContext, System.Threading.ContextCallback, object)
:: [28] void System.Runtime.CompilerServices.AsyncTaskMethodBuilder`1+AsyncStateMachineBox`1.MoveNext(System.Threading.Thread)
:: [29] void Godot.SignalAwaiter.SignalCallback(nint, Godot.NativeInterop.godot_variant**, int, Godot.NativeInterop.godot_bool*) (/root/godot/modules/mono/glue/GodotSharp/GodotSharp/Core/SignalAwaiter.cs:65)
:: WARNING: Parent path 'OmegaFrame' for node 'BorderFrame' has vanished when instantiating: 'res://source/ui/omega/omega_ui_frame.tscn'.
:: at: instantiate (scene/resources/packed_scene.cpp:205)
:: C# backtrace (most recent call first):
:: [0] Godot.GodotObject Godot.NativeCalls.godot_icall_1_79(nint, nint, int) (/root/godot/modules/mono/glue/GodotSharp/GodotSharp/Generated/NativeCalls.cs:703)
:: [1] Godot.Node Godot.PackedScene.Instantiate(Godot.PackedScene+GenEditState) (/root/godot/modules/mono/glue/GodotSharp/GodotSharp/Generated/GodotObjects/PackedScene.cs:130)
:: [2] Godot.Node GdUnit4.Core.SceneRunner.LoadScene(string)
:: [3] GdUnit4.Core.SceneRunner..ctor(string, bool, bool)
:: [4] GdUnit4.ISceneRunner GdUnit4.ISceneRunner.Load(string, bool, bool)
:: [5] void OmegaSpiral.Tests.Ui.MainMenuTests+&lt;Setup&gt;d__2.MoveNext() (/home/adam/Dev/omega-spiral/chapter-zero/tests/ui/menus/MainMenuTests.cs:31)
:: [6] void System.Runtime.CompilerServices.AsyncMethodBuilderCore.Start&lt;TStateMachine&gt;(TStateMachine&amp;)
:: [7] System.Threading.Tasks.Task OmegaSpiral.Tests.Ui.MainMenuTests.Setup()
:: [8] void System.RuntimeMethodHandle.InvokeMethod(System.Runtime.CompilerServices.ObjectHandleOnStack, System.Void**, System.Runtime.CompilerServices.ObjectHandleOnStack, Interop+BOOL, System.Runtime.CompilerServices.ObjectHandleOnStack)
:: [9] void System.RuntimeMethodHandle.InvokeMethod(System.Runtime.CompilerServices.ObjectHandleOnStack, System.Void**, System.Runtime.CompilerServices.ObjectHandleOnStack, Interop+BOOL, System.Runtime.CompilerServices.ObjectHandleOnStack)
:: [10] object System.Reflection.MethodBaseInvoker.InterpretedInvoke_Method(object, System.IntPtr*)
:: [11] object System.Reflection.RuntimeMethodInfo.Invoke(object, System.Reflection.BindingFlags, System.Reflection.Binder, System.Object[], System.Globalization.CultureInfo)
:: [12] void GdUnit4.Core.Execution.ExecutionStage`1+&lt;ExecuteStage&gt;d__37.MoveNext()
:: [13] void System.Runtime.CompilerServices.AsyncMethodBuilderCore.Start&lt;TStateMachine&gt;(TStateMachine&amp;)
:: [14] System.Threading.Tasks.Task GdUnit4.Core.Execution.ExecutionStage`1.ExecuteStage(GdUnit4.Core.Execution.ExecutionContext)
:: [15] void GdUnit4.Core.Execution.ExecutionStage`1+&lt;Execute&gt;d__30.MoveNext()
:: [16] void System.Runtime.CompilerServices.AsyncMethodBuilderCore.Start&lt;TStateMachine&gt;(TStateMachine&amp;)
:: [17] System.Threading.Tasks.Task GdUnit4.Core.Execution.ExecutionStage`1.Execute(GdUnit4.Core.Execution.ExecutionContext)
:: [18] System.Threading.Tasks.Task GdUnit4.Core.Execution.BeforeExecutionStage.&lt;&gt;n__0(GdUnit4.Core.Execution.ExecutionContext)
:: [19] void GdUnit4.Core.Execution.BeforeExecutionStage+&lt;Execute&gt;d__1.MoveNext()
:: [20] void System.Runtime.CompilerServices.AsyncMethodBuilderCore.Start&lt;TStateMachine&gt;(TStateMachine&amp;)
:: [21] System.Threading.Tasks.Task GdUnit4.Core.Execution.BeforeExecutionStage.Execute(GdUnit4.Core.Execution.ExecutionContext)
:: [22] void GdUnit4.Core.Execution.TestSuiteExecutionStage+&lt;Execute&gt;d__13.MoveNext()
:: [23] void System.Runtime.CompilerServices.AsyncMethodBuilderCore.Start&lt;TStateMachine&gt;(TStateMachine&amp;)
:: [24] System.Threading.Tasks.Task GdUnit4.Core.Execution.TestSuiteExecutionStage.Execute(GdUnit4.Core.Execution.ExecutionContext)
:: [25] void GdUnit4.Core.Commands.ExecuteTestSuiteCommand+&lt;Execute&gt;d__18.MoveNext()
:: [26] void System.Runtime.CompilerServices.AsyncTaskMethodBuilder`1+AsyncStateMachineBox`1.ExecutionContextCallback(object)
:: [27] void System.Threading.ExecutionContext.RunInternal(System.Threading.ExecutionContext, System.Threading.ContextCallback, object)
:: [28] void System.Runtime.CompilerServices.AsyncTaskMethodBuilder`1+AsyncStateMachineBox`1.MoveNext(System.Threading.Thread)
:: [29] void Godot.SignalAwaiter.SignalCallback(nint, Godot.NativeInterop.godot_variant**, int, Godot.NativeInterop.godot_bool*) (/root/godot/modules/mono/glue/GodotSharp/GodotSharp/Core/SignalAwaiter.cs:65)
:: WARNING: Parent path 'OmegaFrame' for node 'CrtFrame' has vanished when instantiating: 'res://source/ui/omega/omega_ui_frame.tscn'.
:: at: instantiate (scene/resources/packed_scene.cpp:205)
:: C# backtrace (most recent call first):
:: [0] Godot.GodotObject Godot.NativeCalls.godot_icall_1_79(nint, nint, int) (/root/godot/modules/mono/glue/GodotSharp/GodotSharp/Generated/NativeCalls.cs:703)
:: [1] Godot.Node Godot.PackedScene.Instantiate(Godot.PackedScene+GenEditState) (/root/godot/modules/mono/glue/GodotSharp/GodotSharp/Generated/GodotObjects/PackedScene.cs:130)
:: [2] Godot.Node GdUnit4.Core.SceneRunner.LoadScene(string)
:: [3] GdUnit4.Core.SceneRunner..ctor(string, bool, bool)
:: [4] GdUnit4.ISceneRunner GdUnit4.ISceneRunner.Load(string, bool, bool)
:: [5] void OmegaSpiral.Tests.Ui.MainMenuTests+&lt;Setup&gt;d__2.MoveNext() (/home/adam/Dev/omega-spiral/chapter-zero/tests/ui/menus/MainMenuTests.cs:31)
:: [6] void System.Runtime.CompilerServices.AsyncMethodBuilderCore.Start&lt;TStateMachine&gt;(TStateMachine&amp;)
:: [7] System.Threading.Tasks.Task OmegaSpiral.Tests.Ui.MainMenuTests.Setup()
:: [8] void System.RuntimeMethodHandle.InvokeMethod(System.Runtime.CompilerServices.ObjectHandleOnStack, System.Void**, System.Runtime.CompilerServices.ObjectHandleOnStack, Interop+BOOL, System.Runtime.CompilerServices.ObjectHandleOnStack)
:: [9] void System.RuntimeMethodHandle.InvokeMethod(System.Runtime.CompilerServices.ObjectHandleOnStack, System.Void**, System.Runtime.CompilerServices.ObjectHandleOnStack, Interop+BOOL, System.Runtime.CompilerServices.ObjectHandleOnStack)
:: [10] object System.Reflection.MethodBaseInvoker.InterpretedInvoke_Method(object, System.IntPtr*)
:: [11] object System.Reflection.RuntimeMethodInfo.Invoke(object, System.Reflection.BindingFlags, System.Reflection.Binder, System.Object[], System.Globalization.CultureInfo)
:: [12] void GdUnit4.Core.Execution.ExecutionStage`1+&lt;ExecuteStage&gt;d__37.MoveNext()
:: [13] void System.Runtime.CompilerServices.AsyncMethodBuilderCore.Start&lt;TStateMachine&gt;(TStateMachine&amp;)
:: [14] System.Threading.Tasks.Task GdUnit4.Core.Execution.ExecutionStage`1.ExecuteStage(GdUnit4.Core.Execution.ExecutionContext)
:: [15] void GdUnit4.Core.Execution.ExecutionStage`1+&lt;Execute&gt;d__30.MoveNext()
:: [16] void System.Runtime.CompilerServices.AsyncMethodBuilderCore.Start&lt;TStateMachine&gt;(TStateMachine&amp;)
:: [17] System.Threading.Tasks.Task GdUnit4.Core.Execution.ExecutionStage`1.Execute(GdUnit4.Core.Execution.ExecutionContext)
:: [18] System.Threading.Tasks.Task GdUnit4.Core.Execution.BeforeExecutionStage.&lt;&gt;n__0(GdUnit4.Core.Execution.ExecutionContext)
:: [19] void GdUnit4.Core.Execution.BeforeExecutionStage+&lt;Execute&gt;d__1.MoveNext()
:: [20] void System.Runtime.CompilerServices.AsyncMethodBuilderCore.Start&lt;TStateMachine&gt;(TStateMachine&amp;)
:: [21] System.Threading.Tasks.Task GdUnit4.Core.Execution.BeforeExecutionStage.Execute(GdUnit4.Core.Execution.ExecutionContext)
:: [22] void GdUnit4.Core.Execution.TestSuiteExecutionStage+&lt;Execute&gt;d__13.MoveNext()
:: [23] void System.Runtime.CompilerServices.AsyncMethodBuilderCore.Start&lt;TStateMachine&gt;(TStateMachine&amp;)
:: [24] System.Threading.Tasks.Task GdUnit4.Core.Execution.TestSuiteExecutionStage.Execute(GdUnit4.Core.Execution.ExecutionContext)
:: [25] void GdUnit4.Core.Commands.ExecuteTestSuiteCommand+&lt;Execute&gt;d__18.MoveNext()
:: [26] void System.Runtime.CompilerServices.AsyncTaskMethodBuilder`1+AsyncStateMachineBox`1.ExecutionContextCallback(object)
:: [27] void System.Threading.ExecutionContext.RunInternal(System.Threading.ExecutionContext, System.Threading.ContextCallback, object)
:: [28] void System.Runtime.CompilerServices.AsyncTaskMethodBuilder`1+AsyncStateMachineBox`1.MoveNext(System.Threading.Thread)
:: [29] void Godot.SignalAwaiter.SignalCallback(nint, Godot.NativeInterop.godot_variant**, int, Godot.NativeInterop.godot_bool*) (/root/godot/modules/mono/glue/GodotSharp/GodotSharp/Core/SignalAwaiter.cs:65)
:: WARNING: Parent path 'OmegaFrame/CrtFrame' for node 'CrtBackground' has vanished when instantiating: 'res://source/ui/omega/omega_ui_frame.tscn'.
:: at: instantiate (scene/resources/packed_scene.cpp:205)
:: C# backtrace (most recent call first):
:: [0] Godot.GodotObject Godot.NativeCalls.godot_icall_1_79(nint, nint, int) (/root/godot/modules/mono/glue/GodotSharp/GodotSharp/Generated/NativeCalls.cs:703)
:: [1] Godot.Node Godot.PackedScene.Instantiate(Godot.PackedScene+GenEditState) (/root/godot/modules/mono/glue/GodotSharp/GodotSharp/Generated/GodotObjects/PackedScene.cs:130)
:: [2] Godot.Node GdUnit4.Core.SceneRunner.LoadScene(string)
:: [3] GdUnit4.Core.SceneRunner..ctor(string, bool, bool)
:: [4] GdUnit4.ISceneRunner GdUnit4.ISceneRunner.Load(string, bool, bool)
:: [5] void OmegaSpiral.Tests.Ui.MainMenuTests+&lt;Setup&gt;d__2.MoveNext() (/home/adam/Dev/omega-spiral/chapter-zero/tests/ui/menus/MainMenuTests.cs:31)
:: [6] void System.Runtime.CompilerServices.AsyncMethodBuilderCore.Start&lt;TStateMachine&gt;(TStateMachine&amp;)
:: [7] System.Threading.Tasks.Task OmegaSpiral.Tests.Ui.MainMenuTests.Setup()
:: [8] void System.RuntimeMethodHandle.InvokeMethod(System.Runtime.CompilerServices.ObjectHandleOnStack, System.Void**, System.Runtime.CompilerServices.ObjectHandleOnStack, Interop+BOOL, System.Runtime.CompilerServices.ObjectHandleOnStack)
:: [9] void System.RuntimeMethodHandle.InvokeMethod(System.Runtime.CompilerServices.ObjectHandleOnStack, System.Void**, System.Runtime.CompilerServices.ObjectHandleOnStack, Interop+BOOL, System.Runtime.CompilerServices.ObjectHandleOnStack)
:: [10] object System.Reflection.MethodBaseInvoker.InterpretedInvoke_Method(object, System.IntPtr*)
:: [11] object System.Reflection.RuntimeMethodInfo.Invoke(object, System.Reflection.BindingFlags, System.Reflection.Binder, System.Object[], System.Globalization.CultureInfo)
:: [12] void GdUnit4.Core.Execution.ExecutionStage`1+&lt;ExecuteStage&gt;d__37.MoveNext()
:: [13] void System.Runtime.CompilerServices.AsyncMethodBuilderCore.Start&lt;TStateMachine&gt;(TStateMachine&amp;)
:: [14] System.Threading.Tasks.Task GdUnit4.Core.Execution.ExecutionStage`1.ExecuteStage(GdUnit4.Core.Execution.ExecutionContext)
:: [15] void GdUnit4.Core.Execution.ExecutionStage`1+&lt;Execute&gt;d__30.MoveNext()
:: [16] void System.Runtime.CompilerServices.AsyncMethodBuilderCore.Start&lt;TStateMachine&gt;(TStateMachine&amp;)
:: [17] System.Threading.Tasks.Task GdUnit4.Core.Execution.ExecutionStage`1.Execute(GdUnit4.Core.Execution.ExecutionContext)
:: [18] System.Threading.Tasks.Task GdUnit4.Core.Execution.BeforeExecutionStage.&lt;&gt;n__0(GdUnit4.Core.Execution.ExecutionContext)
:: [19] void GdUnit4.Core.Execution.BeforeExecutionStage+&lt;Execute&gt;d__1.MoveNext()
:: [20] void System.Runtime.CompilerServices.AsyncMethodBuilderCore.Start&lt;TStateMachine&gt;(TStateMachine&amp;)
:: [21] System.Threading.Tasks.Task GdUnit4.Core.Execution.BeforeExecutionStage.Execute(GdUnit4.Core.Execution.ExecutionContext)
:: [22] void GdUnit4.Core.Execution.TestSuiteExecutionStage+&lt;Execute&gt;d__13.MoveNext()
:: [23] void System.Runtime.CompilerServices.AsyncMethodBuilderCore.Start&lt;TStateMachine&gt;(TStateMachine&amp;)
:: [24] System.Threading.Tasks.Task GdUnit4.Core.Execution.TestSuiteExecutionStage.Execute(GdUnit4.Core.Execution.ExecutionContext)
:: [25] void GdUnit4.Core.Commands.ExecuteTestSuiteCommand+&lt;Execute&gt;d__18.MoveNext()
:: [26] void System.Runtime.CompilerServices.AsyncTaskMethodBuilder`1+AsyncStateMachineBox`1.ExecutionContextCallback(object)
:: [27] void System.Threading.ExecutionContext.RunInternal(System.Threading.ExecutionContext, System.Threading.ContextCallback, object)
:: [28] void System.Runtime.CompilerServices.AsyncTaskMethodBuilder`1+AsyncStateMachineBox`1.MoveNext(System.Threading.Thread)
:: [29] void Godot.SignalAwaiter.SignalCallback(nint, Godot.NativeInterop.godot_variant**, int, Godot.NativeInterop.godot_bool*) (/root/godot/modules/mono/glue/GodotSharp/GodotSharp/Core/SignalAwaiter.cs:65)
:: WARNING: Parent path 'OmegaFrame/CrtFrame' for node 'CrtEffectsLayer' has vanished when instantiating: 'res://source/ui/omega/omega_ui_frame.tscn'.
:: at: instantiate (scene/resources/packed_scene.cpp:205)
:: C# backtrace (most recent call first):
:: [0] Godot.GodotObject Godot.NativeCalls.godot_icall_1_79(nint, nint, int) (/root/godot/modules/mono/glue/GodotSharp/GodotSharp/Generated/NativeCalls.cs:703)
:: [1] Godot.Node Godot.PackedScene.Instantiate(Godot.PackedScene+GenEditState) (/root/godot/modules/mono/glue/GodotSharp/GodotSharp/Generated/GodotObjects/PackedScene.cs:130)
:: [2] Godot.Node GdUnit4.Core.SceneRunner.LoadScene(string)
:: [3] GdUnit4.Core.SceneRunner..ctor(string, bool, bool)
:: [4] GdUnit4.ISceneRunner GdUnit4.ISceneRunner.Load(string, bool, bool)
:: [5] void OmegaSpiral.Tests.Ui.MainMenuTests+&lt;Setup&gt;d__2.MoveNext() (/home/adam/Dev/omega-spiral/chapter-zero/tests/ui/menus/MainMenuTests.cs:31)
:: [6] void System.Runtime.CompilerServices.AsyncMethodBuilderCore.Start&lt;TStateMachine&gt;(TStateMachine&amp;)
:: [7] System.Threading.Tasks.Task OmegaSpiral.Tests.Ui.MainMenuTests.Setup()
:: [8] void System.RuntimeMethodHandle.InvokeMethod(System.Runtime.CompilerServices.ObjectHandleOnStack, System.Void**, System.Runtime.CompilerServices.ObjectHandleOnStack, Interop+BOOL, System.Runtime.CompilerServices.ObjectHandleOnStack)
:: [9] void System.RuntimeMethodHandle.InvokeMethod(System.Runtime.CompilerServices.ObjectHandleOnStack, System.Void**, System.Runtime.CompilerServices.ObjectHandleOnStack, Interop+BOOL, System.Runtime.CompilerServices.ObjectHandleOnStack)
:: [10] object System.Reflection.MethodBaseInvoker.InterpretedInvoke_Method(object, System.IntPtr*)
:: [11] object System.Reflection.RuntimeMethodInfo.Invoke(object, System.Reflection.BindingFlags, System.Reflection.Binder, System.Object[], System.Globalization.CultureInfo)
:: [12] void GdUnit4.Core.Execution.ExecutionStage`1+&lt;ExecuteStage&gt;d__37.MoveNext()
:: [13] void System.Runtime.CompilerServices.AsyncMethodBuilderCore.Start&lt;TStateMachine&gt;(TStateMachine&amp;)
:: [14] System.Threading.Tasks.Task GdUnit4.Core.Execution.ExecutionStage`1.ExecuteStage(GdUnit4.Core.Execution.ExecutionContext)
:: [15] void GdUnit4.Core.Execution.ExecutionStage`1+&lt;Execute&gt;d__30.MoveNext()
:: [16] void System.Runtime.CompilerServices.AsyncMethodBuilderCore.Start&lt;TStateMachine&gt;(TStateMachine&amp;)
:: [17] System.Threading.Tasks.Task GdUnit4.Core.Execution.ExecutionStage`1.Execute(GdUnit4.Core.Execution.ExecutionContext)
:: [18] System.Threading.Tasks.Task GdUnit4.Core.Execution.BeforeExecutionStage.&lt;&gt;n__0(GdUnit4.Core.Execution.ExecutionContext)
:: [19] void GdUnit4.Core.Execution.BeforeExecutionStage+&lt;Execute&gt;d__1.MoveNext()
:: [20] void System.Runtime.CompilerServices.AsyncMethodBuilderCore.Start&lt;TStateMachine&gt;(TStateMachine&amp;)
:: [21] System.Threading.Tasks.Task GdUnit4.Core.Execution.BeforeExecutionStage.Execute(GdUnit4.Core.Execution.ExecutionContext)
:: [22] void GdUnit4.Core.Execution.TestSuiteExecutionStage+&lt;Execute&gt;d__13.MoveNext()
:: [23] void System.Runtime.CompilerServices.AsyncMethodBuilderCore.Start&lt;TStateMachine&gt;(TStateMachine&amp;)
:: [24] System.Threading.Tasks.Task GdUnit4.Core.Execution.TestSuiteExecutionStage.Execute(GdUnit4.Core.Execution.ExecutionContext)
:: [25] void GdUnit4.Core.Commands.ExecuteTestSuiteCommand+&lt;Execute&gt;d__18.MoveNext()
:: [26] void System.Runtime.CompilerServices.AsyncTaskMethodBuilder`1+AsyncStateMachineBox`1.ExecutionContextCallback(object)
:: [27] void System.Threading.ExecutionContext.RunInternal(System.Threading.ExecutionContext, System.Threading.ContextCallback, object)
:: [28] void System.Runtime.CompilerServices.AsyncTaskMethodBuilder`1+AsyncStateMachineBox`1.MoveNext(System.Threading.Thread)
:: [29] void Godot.SignalAwaiter.SignalCallback(nint, Godot.NativeInterop.godot_variant**, int, Godot.NativeInterop.godot_bool*) (/root/godot/modules/mono/glue/GodotSharp/GodotSharp/Core/SignalAwaiter.cs:65)
:: WARNING: Parent path 'OmegaFrame/CrtFrame' for node 'ContentContainer' has vanished when instantiating: 'res://source/ui/omega/omega_ui_frame.tscn'.
:: at: instantiate (scene/resources/packed_scene.cpp:205)
:: C# backtrace (most recent call first):
:: [0] Godot.GodotObject Godot.NativeCalls.godot_icall_1_79(nint, nint, int) (/root/godot/modules/mono/glue/GodotSharp/GodotSharp/Generated/NativeCalls.cs:703)
:: [1] Godot.Node Godot.PackedScene.Instantiate(Godot.PackedScene+GenEditState) (/root/godot/modules/mono/glue/GodotSharp/GodotSharp/Generated/GodotObjects/PackedScene.cs:130)
:: [2] Godot.Node GdUnit4.Core.SceneRunner.LoadScene(string)
:: [3] GdUnit4.Core.SceneRunner..ctor(string, bool, bool)
:: [4] GdUnit4.ISceneRunner GdUnit4.ISceneRunner.Load(string, bool, bool)
:: [5] void OmegaSpiral.Tests.Ui.MainMenuTests+&lt;Setup&gt;d__2.MoveNext() (/home/adam/Dev/omega-spiral/chapter-zero/tests/ui/menus/MainMenuTests.cs:31)
:: [6] void System.Runtime.CompilerServices.AsyncMethodBuilderCore.Start&lt;TStateMachine&gt;(TStateMachine&amp;)
:: [7] System.Threading.Tasks.Task OmegaSpiral.Tests.Ui.MainMenuTests.Setup()
:: [8] void System.RuntimeMethodHandle.InvokeMethod(System.Runtime.CompilerServices.ObjectHandleOnStack, System.Void**, System.Runtime.CompilerServices.ObjectHandleOnStack, Interop+BOOL, System.Runtime.CompilerServices.ObjectHandleOnStack)
:: [9] void System.RuntimeMethodHandle.InvokeMethod(System.Runtime.CompilerServices.ObjectHandleOnStack, System.Void**, System.Runtime.CompilerServices.ObjectHandleOnStack, Interop+BOOL, System.Runtime.CompilerServices.ObjectHandleOnStack)
:: [10] object System.Reflection.MethodBaseInvoker.InterpretedInvoke_Method(object, System.IntPtr*)
:: [11] object System.Reflection.RuntimeMethodInfo.Invoke(object, System.Reflection.BindingFlags, System.Reflection.Binder, System.Object[], System.Globalization.CultureInfo)
:: [12] void GdUnit4.Core.Execution.ExecutionStage`1+&lt;ExecuteStage&gt;d__37.MoveNext()
:: [13] void System.Runtime.CompilerServices.AsyncMethodBuilderCore.Start&lt;TStateMachine&gt;(TStateMachine&amp;)
:: [14] System.Threading.Tasks.Task GdUnit4.Core.Execution.ExecutionStage`1.ExecuteStage(GdUnit4.Core.Execution.ExecutionContext)
:: [15] void GdUnit4.Core.Execution.ExecutionStage`1+&lt;Execute&gt;d__30.MoveNext()
:: [16] void System.Runtime.CompilerServices.AsyncMethodBuilderCore.Start&lt;TStateMachine&gt;(TStateMachine&amp;)
:: [17] System.Threading.Tasks.Task GdUnit4.Core.Execution.ExecutionStage`1.Execute(GdUnit4.Core.Execution.ExecutionContext)
:: [18] System.Threading.Tasks.Task GdUnit4.Core.Execution.BeforeExecutionStage.&lt;&gt;n__0(GdUnit4.Core.Execution.ExecutionContext)
:: [19] void GdUnit4.Core.Execution.BeforeExecutionStage+&lt;Execute&gt;d__1.MoveNext()
:: [20] void System.Runtime.CompilerServices.AsyncMethodBuilderCore.Start&lt;TStateMachine&gt;(TStateMachine&amp;)
:: [21] System.Threading.Tasks.Task GdUnit4.Core.Execution.BeforeExecutionStage.Execute(GdUnit4.Core.Execution.ExecutionContext)
:: [22] void GdUnit4.Core.Execution.TestSuiteExecutionStage+&lt;Execute&gt;d__13.MoveNext()
:: [23] void System.Runtime.CompilerServices.AsyncMethodBuilderCore.Start&lt;TStateMachine&gt;(TStateMachine&amp;)
:: [24] System.Threading.Tasks.Task GdUnit4.Core.Execution.TestSuiteExecutionStage.Execute(GdUnit4.Core.Execution.ExecutionContext)
:: [25] void GdUnit4.Core.Commands.ExecuteTestSuiteCommand+&lt;Execute&gt;d__18.MoveNext()
:: [26] void System.Runtime.CompilerServices.AsyncTaskMethodBuilder`1+AsyncStateMachineBox`1.ExecutionContextCallback(object)
:: [27] void System.Threading.ExecutionContext.RunInternal(System.Threading.ExecutionContext, System.Threading.ContextCallback, object)
:: [28] void System.Runtime.CompilerServices.AsyncTaskMethodBuilder`1+AsyncStateMachineBox`1.MoveNext(System.Threading.Thread)
:: [29] void Godot.SignalAwaiter.SignalCallback(nint, Godot.NativeInterop.godot_variant**, int, Godot.NativeInterop.godot_bool*) (/root/godot/modules/mono/glue/GodotSharp/GodotSharp/Core/SignalAwaiter.cs:65)
:: ERROR: Node not found: "OmegaFrame/CrtFrame/ContentContainer/MenuButtonContainer" (relative to "/root/MainMenu").
:: at: get_node (scene/main/node.cpp:1957)
:: C# backtrace (most recent call first):
:: [0] Godot.GodotObject Godot.NativeCalls.godot_icall_1_1044(nint, nint, Godot.NativeInterop.godot_node_path) (/root/godot/modules/mono/glue/GodotSharp/GodotSharp/Generated/NativeCalls.cs:9605)
:: [1] Godot.Node Godot.Node.GetNode(Godot.NodePath) (/root/godot/modules/mono/glue/GodotSharp/GodotSharp/Generated/GodotObjects/Node.cs:934)
:: [2] T Godot.Node.GetNode&lt;T&gt;(Godot.NodePath) (/root/godot/modules/mono/glue/GodotSharp/GodotSharp/Core/Extensions/NodeExtensions.cs:47)
:: [3] void OmegaSpiral.Source.Stages.Stage0Start.MainMenu.PopulateStageList() (/home/adam/Dev/omega-spiral/chapter-zero/source/ui/menus/MainMenu.cs:120)
:: [4] void OmegaSpiral.Source.Stages.Stage0Start.MainMenu.PopulateMenuButtons() (/home/adam/Dev/omega-spiral/chapter-zero/source/ui/menus/MainMenu.cs:102)
:: [5] void OmegaSpiral.Source.Ui.Menus.MenuUi._Ready() (/home/adam/Dev/omega-spiral/chapter-zero/source/ui/menus/MenuUi.cs:135)
:: [6] void OmegaSpiral.Source.Stages.Stage0Start.MainMenu._Ready() (/home/adam/Dev/omega-spiral/chapter-zero/source/ui/menus/MainMenu.cs:59)
:: [7] bool Godot.Node.InvokeGodotClassMethod(Godot.NativeInterop.godot_string_name&amp;, Godot.NativeInterop.NativeVariantPtrArgs, Godot.NativeInterop.godot_variant&amp;) (/root/godot/modules/mono/glue/GodotSharp/GodotSharp/Generated/GodotObjects/Node.cs:2631)
:: [8] bool Godot.CanvasItem.InvokeGodotClassMethod(Godot.NativeInterop.godot_string_name&amp;, Godot.NativeInterop.NativeVariantPtrArgs, Godot.NativeInterop.godot_variant&amp;) (/root/godot/modules/mono/glue/GodotSharp/GodotSharp/Generated/GodotObjects/CanvasItem.cs:1786)
:: [9] bool Godot.Control.InvokeGodotClassMethod(Godot.NativeInterop.godot_string_name&amp;, Godot.NativeInterop.NativeVariantPtrArgs, Godot.NativeInterop.godot_variant&amp;) (/root/godot/modules/mono/glue/GodotSharp/GodotSharp/Generated/GodotObjects/Control.cs:3508)
:: [10] bool OmegaSpiral.Source.Ui.Omega.OmegaContainer.InvokeGodotClassMethod(Godot.NativeInterop.godot_string_name&amp;, Godot.NativeInterop.NativeVariantPtrArgs, Godot.NativeInterop.godot_variant&amp;) (/home/adam/Dev/omega-spiral/chapter-zero/.godot/mono/temp/obj/Debug/Godot.SourceGenerators/Godot.SourceGenerators.ScriptMethodsGenerator/OmegaSpiral.Source.Ui.Omega.OmegaContainer_ScriptMethods.generated.cs:70)
:: [11] bool OmegaSpiral.Source.Ui.Menus.MenuUi.InvokeGodotClassMethod(Godot.NativeInterop.godot_string_name&amp;, Godot.NativeInterop.NativeVariantPtrArgs, Godot.NativeInterop.godot_variant&amp;) (/home/adam/Dev/omega-spiral/chapter-zero/.godot/mono/temp/obj/Debug/Godot.SourceGenerators/Godot.SourceGenerators.ScriptMethodsGenerator/OmegaSpiral.Source.Ui.Menus.MenuUi_ScriptMethods.generated.cs:330)
:: [12] bool OmegaSpiral.Source.Stages.Stage0Start.MainMenu.InvokeGodotClassMethod(Godot.NativeInterop.godot_string_name&amp;, Godot.NativeInterop.NativeVariantPtrArgs, Godot.NativeInterop.godot_variant&amp;) (/home/adam/Dev/omega-spiral/chapter-zero/.godot/mono/temp/obj/Debug/Godot.SourceGenerators/Godot.SourceGenerators.ScriptMethodsGenerator/OmegaSpiral.Source.Stages.Stage0Start.MainMenu_ScriptMethods.generated.cs:100)
:: [13] Godot.NativeInterop.godot_bool Godot.Bridge.CSharpInstanceBridge.Call(nint, Godot.NativeInterop.godot_string_name*, Godot.NativeInterop.godot_variant**, int, Godot.NativeInterop.godot_variant_call_error*, Godot.NativeInterop.godot_variant*) (/root/godot/modules/mono/glue/GodotSharp/GodotSharp/Core/Bridge/CSharpInstanceBridge.cs:24)
:: [14] void Godot.NativeInterop.NativeFuncs.godotsharp_method_bind_ptrcall(nint, nint, System.Void**, System.Void*) (/root/godot/modules/mono/glue/GodotSharp/GodotSharp/Godot.SourceGenerators.Internal/Godot.SourceGenerators.Internal.UnmanagedCallbacksGenerator/Godot.NativeInterop.NativeFuncs.generated.cs:380)
:: [15] void Godot.NativeCalls.godot_icall_3_1042(nint, nint, nint, Godot.NativeInterop.godot_bool, int) (/root/godot/modules/mono/glue/GodotSharp/GodotSharp/Generated/NativeCalls.cs:9587)
:: [16] void Godot.Node.AddChild(Godot.Node, bool, Godot.Node+InternalMode) (/root/godot/modules/mono/glue/GodotSharp/GodotSharp/Generated/GodotObjects/Node.cs:821)
:: [17] GdUnit4.Core.SceneRunner..ctor(Godot.Node, bool, bool)
:: [18] GdUnit4.Core.SceneRunner..ctor(string, bool, bool)
:: [19] GdUnit4.ISceneRunner GdUnit4.ISceneRunner.Load(string, bool, bool)
:: [20] void OmegaSpiral.Tests.Ui.MainMenuTests+&lt;Setup&gt;d__2.MoveNext() (/home/adam/Dev/omega-spiral/chapter-zero/tests/ui/menus/MainMenuTests.cs:31)
:: [21] void System.Runtime.CompilerServices.AsyncMethodBuilderCore.Start&lt;TStateMachine&gt;(TStateMachine&amp;)
:: [22] System.Threading.Tasks.Task OmegaSpiral.Tests.Ui.MainMenuTests.Setup()
:: [23] void System.RuntimeMethodHandle.InvokeMethod(System.Runtime.CompilerServices.ObjectHandleOnStack, System.Void**, System.Runtime.CompilerServices.ObjectHandleOnStack, Interop+BOOL, System.Runtime.CompilerServices.ObjectHandleOnStack)
:: [24] void System.RuntimeMethodHandle.InvokeMethod(System.Runtime.CompilerServices.ObjectHandleOnStack, System.Void**, System.Runtime.CompilerServices.ObjectHandleOnStack, Interop+BOOL, System.Runtime.CompilerServices.ObjectHandleOnStack)
:: [25] object System.Reflection.MethodBaseInvoker.InterpretedInvoke_Method(object, System.IntPtr*)
:: [26] object System.Reflection.RuntimeMethodInfo.Invoke(object, System.Reflection.BindingFlags, System.Reflection.Binder, System.Object[], System.Globalization.CultureInfo)
:: [27] void GdUnit4.Core.Execution.ExecutionStage`1+&lt;ExecuteStage&gt;d__37.MoveNext()
:: [28] void System.Runtime.CompilerServices.AsyncMethodBuilderCore.Start&lt;TStateMachine&gt;(TStateMachine&amp;)
:: [29] System.Threading.Tasks.Task GdUnit4.Core.Execution.ExecutionStage`1.ExecuteStage(GdUnit4.Core.Execution.ExecutionContext)
:: [30] void GdUnit4.Core.Execution.ExecutionStage`1+&lt;Execute&gt;d__30.MoveNext()
:: [31] void System.Runtime.CompilerServices.AsyncMethodBuilderCore.Start&lt;TStateMachine&gt;(TStateMachine&amp;)
:: [32] System.Threading.Tasks.Task GdUnit4.Core.Execution.ExecutionStage`1.Execute(GdUnit4.Core.Execution.ExecutionContext)
:: [33] System.Threading.Tasks.Task GdUnit4.Core.Execution.BeforeExecutionStage.&lt;&gt;n__0(GdUnit4.Core.Execution.ExecutionContext)
:: [34] void GdUnit4.Core.Execution.BeforeExecutionStage+&lt;Execute&gt;d__1.MoveNext()
:: [35] void System.Runtime.CompilerServices.AsyncMethodBuilderCore.Start&lt;TStateMachine&gt;(TStateMachine&amp;)
:: [36] System.Threading.Tasks.Task GdUnit4.Core.Execution.BeforeExecutionStage.Execute(GdUnit4.Core.Execution.ExecutionContext)
:: [37] void GdUnit4.Core.Execution.TestSuiteExecutionStage+&lt;Execute&gt;d__13.MoveNext()
:: [38] void System.Runtime.CompilerServices.AsyncMethodBuilderCore.Start&lt;TStateMachine&gt;(TStateMachine&amp;)
:: [39] System.Threading.Tasks.Task GdUnit4.Core.Execution.TestSuiteExecutionStage.Execute(GdUnit4.Core.Execution.ExecutionContext)
:: [40] void GdUnit4.Core.Commands.ExecuteTestSuiteCommand+&lt;Execute&gt;d__18.MoveNext()
:: [41] void System.Runtime.CompilerServices.AsyncTaskMethodBuilder`1+AsyncStateMachineBox`1.ExecutionContextCallback(object)
:: [42] void System.Threading.ExecutionContext.RunInternal(System.Threading.ExecutionContext, System.Threading.ContextCallback, object)
:: [43] void System.Runtime.CompilerServices.AsyncTaskMethodBuilder`1+AsyncStateMachineBox`1.MoveNext(System.Threading.Thread)
:: [44] void Godot.SignalAwaiter.SignalCallback(nint, Godot.NativeInterop.godot_variant**, int, Godot.NativeInterop.godot_bool*) (/root/godot/modules/mono/glue/GodotSharp/GodotSharp/Core/SignalAwaiter.cs:65)
:: ERROR: System.NullReferenceException: Object reference not set to an instance of an object.
:: at: void OmegaSpiral.Source.Stages.Stage0Start.MainMenu.PopulateStageList() (res://source/ui/menus/MainMenu.cs:135)
:: C# backtrace (most recent call first):
:: [0] void Godot.NativeInterop.ExceptionUtils.SendToScriptDebugger(System.Exception) (/root/godot/modules/mono/glue/GodotSharp/GodotSharp/Core/NativeInterop/ExceptionUtils.cs:98)
:: [1] void Godot.NativeInterop.ExceptionUtils.LogException(System.Exception) (/root/godot/modules/mono/glue/GodotSharp/GodotSharp/Core/NativeInterop/ExceptionUtils.cs:109)
:: [2] Godot.NativeInterop.godot_bool Godot.Bridge.CSharpInstanceBridge.Call(nint, Godot.NativeInterop.godot_string_name*, Godot.NativeInterop.godot_variant**, int, Godot.NativeInterop.godot_variant_call_error*, Godot.NativeInterop.godot_variant*) (/root/godot/modules/mono/glue/GodotSharp/GodotSharp/Core/Bridge/CSharpInstanceBridge.cs:24)
:: [3] void Godot.NativeInterop.NativeFuncs.godotsharp_method_bind_ptrcall(nint, nint, System.Void**, System.Void*) (/root/godot/modules/mono/glue/GodotSharp/GodotSharp/Godot.SourceGenerators.Internal/Godot.SourceGenerators.Internal.UnmanagedCallbacksGenerator/Godot.NativeInterop.NativeFuncs.generated.cs:380)
:: [4] void Godot.NativeCalls.godot_icall_3_1042(nint, nint, nint, Godot.NativeInterop.godot_bool, int) (/root/godot/modules/mono/glue/GodotSharp/GodotSharp/Generated/NativeCalls.cs:9587)
:: [5] void Godot.Node.AddChild(Godot.Node, bool, Godot.Node+InternalMode) (/root/godot/modules/mono/glue/GodotSharp/GodotSharp/Generated/GodotObjects/Node.cs:821)
:: [6] GdUnit4.Core.SceneRunner..ctor(Godot.Node, bool, bool)
:: [7] GdUnit4.Core.SceneRunner..ctor(string, bool, bool)
:: [8] GdUnit4.ISceneRunner GdUnit4.ISceneRunner.Load(string, bool, bool)
:: [9] void OmegaSpiral.Tests.Ui.MainMenuTests+&lt;Setup&gt;d__2.MoveNext() (/home/adam/Dev/omega-spiral/chapter-zero/tests/ui/menus/MainMenuTests.cs:31)
:: [10] void System.Runtime.CompilerServices.AsyncMethodBuilderCore.Start&lt;TStateMachine&gt;(TStateMachine&amp;)
:: [11] System.Threading.Tasks.Task OmegaSpiral.Tests.Ui.MainMenuTests.Setup()
:: [12] void System.RuntimeMethodHandle.InvokeMethod(System.Runtime.CompilerServices.ObjectHandleOnStack, System.Void**, System.Runtime.CompilerServices.ObjectHandleOnStack, Interop+BOOL, System.Runtime.CompilerServices.ObjectHandleOnStack)
:: [13] void System.RuntimeMethodHandle.InvokeMethod(System.Runtime.CompilerServices.ObjectHandleOnStack, System.Void**, System.Runtime.CompilerServices.ObjectHandleOnStack, Interop+BOOL, System.Runtime.CompilerServices.ObjectHandleOnStack)
:: [14] object System.Reflection.MethodBaseInvoker.InterpretedInvoke_Method(object, System.IntPtr*)
:: [15] object System.Reflection.RuntimeMethodInfo.Invoke(object, System.Reflection.BindingFlags, System.Reflection.Binder, System.Object[], System.Globalization.CultureInfo)
:: [16] void GdUnit4.Core.Execution.ExecutionStage`1+&lt;ExecuteStage&gt;d__37.MoveNext()
:: [17] void System.Runtime.CompilerServices.AsyncMethodBuilderCore.Start&lt;TStateMachine&gt;(TStateMachine&amp;)
:: [18] System.Threading.Tasks.Task GdUnit4.Core.Execution.ExecutionStage`1.ExecuteStage(GdUnit4.Core.Execution.ExecutionContext)
:: [19] void GdUnit4.Core.Execution.ExecutionStage`1+&lt;Execute&gt;d__30.MoveNext()
:: [20] void System.Runtime.CompilerServices.AsyncMethodBuilderCore.Start&lt;TStateMachine&gt;(TStateMachine&amp;)
:: [21] System.Threading.Tasks.Task GdUnit4.Core.Execution.ExecutionStage`1.Execute(GdUnit4.Core.Execution.ExecutionContext)
:: [22] System.Threading.Tasks.Task GdUnit4.Core.Execution.BeforeExecutionStage.&lt;&gt;n__0(GdUnit4.Core.Execution.ExecutionContext)
:: [23] void GdUnit4.Core.Execution.BeforeExecutionStage+&lt;Execute&gt;d__1.MoveNext()
:: [24] void System.Runtime.CompilerServices.AsyncMethodBuilderCore.Start&lt;TStateMachine&gt;(TStateMachine&amp;)
:: [25] System.Threading.Tasks.Task GdUnit4.Core.Execution.BeforeExecutionStage.Execute(GdUnit4.Core.Execution.ExecutionContext)
:: [26] void GdUnit4.Core.Execution.TestSuiteExecutionStage+&lt;Execute&gt;d__13.MoveNext()
:: [27] void System.Runtime.CompilerServices.AsyncMethodBuilderCore.Start&lt;TStateMachine&gt;(TStateMachine&amp;)
:: [28] System.Threading.Tasks.Task GdUnit4.Core.Execution.TestSuiteExecutionStage.Execute(GdUnit4.Core.Execution.ExecutionContext)
:: [29] void GdUnit4.Core.Commands.ExecuteTestSuiteCommand+&lt;Execute&gt;d__18.MoveNext()
:: [30] void System.Runtime.CompilerServices.AsyncTaskMethodBuilder`1+AsyncStateMachineBox`1.ExecutionContextCallback(object)
:: [31] void System.Threading.ExecutionContext.RunInternal(System.Threading.ExecutionContext, System.Threading.ContextCallback, object)
:: [32] void System.Runtime.CompilerServices.AsyncTaskMethodBuilder`1+AsyncStateMachineBox`1.MoveNext(System.Threading.Thread)
:: [33] void Godot.SignalAwaiter.SignalCallback(nint, Godot.NativeInterop.godot_variant**, int, Godot.NativeInterop.godot_bool*) (/root/godot/modules/mono/glue/GodotSharp/GodotSharp/Core/SignalAwaiter.cs:65)
TestSuite: OmegaSpiral.Tests.Ui.MainMenuTests Processing...
TestCase: OmegaSpiral.Tests.Ui.MainMenuTests.InheritsFromMenuUi Processing...
TestCase: OmegaSpiral.Tests.Ui.MainMenuTests.InheritsFromMenuUi Passed
TestCase: OmegaSpiral.Tests.Ui.MainMenuTests.MenuTitle_DisplaysOmegaSpiral Processing...
TestCase: OmegaSpiral.Tests.Ui.MainMenuTests.MenuTitle_DisplaysOmegaSpiral Failed
TestCase: OmegaSpiral.Tests.Ui.MainMenuTests.MenuButtonContainer_ExistsAndHasButtons Processing...
TestCase: OmegaSpiral.Tests.Ui.MainMenuTests.MenuButtonContainer_ExistsAndHasButtons Failed
TestCase: OmegaSpiral.Tests.Ui.MainMenuTests.MenuActionBar_Exists Processing...
TestCase: OmegaSpiral.Tests.Ui.MainMenuTests.MenuActionBar_Exists Failed
TestCase: OmegaSpiral.Tests.Ui.MainMenuTests.ManifestLoads_SixStages_NoDuplicateFirst Processing...
TestCase: OmegaSpiral.Tests.Ui.MainMenuTests.ManifestLoads_SixStages_NoDuplicateFirst Failed
TestCase: OmegaSpiral.Tests.Ui.MainMenuTests.StageButtons_HaveCorrectTextFromManifest Processing...
TestCase: OmegaSpiral.Tests.Ui.MainMenuTests.StageButtons_HaveCorrectTextFromManifest Failed
TestCase: OmegaSpiral.Tests.Ui.MainMenuTests.LaunchButton_ExistsWithCorrectText Processing...
TestCase: OmegaSpiral.Tests.Ui.MainMenuTests.LaunchButton_ExistsWithCorrectText Failed
TestCase: OmegaSpiral.Tests.Ui.MainMenuTests.OptionsButton_Exists Processing...
TestCase: OmegaSpiral.Tests.Ui.MainMenuTests.OptionsButton_Exists Failed
TestCase: OmegaSpiral.Tests.Ui.MainMenuTests.QuitButton_Exists Processing...
TestCase: OmegaSpiral.Tests.Ui.MainMenuTests.QuitButton_Exists Failed
TestCase: OmegaSpiral.Tests.Ui.MainMenuTests.LaunchButton_HasPressedSignalHandler Processing...
TestCase: OmegaSpiral.Tests.Ui.MainMenuTests.LaunchButton_HasPressedSignalHandler Failed
TestCase: OmegaSpiral.Tests.Ui.MainMenuTests.OptionsButton_HasPressedSignalHandler Processing...
TestCase: OmegaSpiral.Tests.Ui.MainMenuTests.OptionsButton_HasPressedSignalHandler Failed
TestCase: OmegaSpiral.Tests.Ui.MainMenuTests.QuitButton_HasPressedSignalHandler Processing...
TestCase: OmegaSpiral.Tests.Ui.MainMenuTests.QuitButton_HasPressedSignalHandler Failed
TestCase: OmegaSpiral.Tests.Ui.MainMenuTests.AllStageButtons_HavePressedSignalHandlers Processing...
TestCase: OmegaSpiral.Tests.Ui.MainMenuTests.AllStageButtons_HavePressedSignalHandlers Failed
TestCase: OmegaSpiral.Tests.Ui.MainMenuTests.MenuTitle_UsesAmberDesignColor Processing...
TestCase: OmegaSpiral.Tests.Ui.MainMenuTests.MenuTitle_UsesAmberDesignColor Failed
TestCase: OmegaSpiral.Tests.Ui.MainMenuTests.MenuTitle_UsesCorrectFontSize Processing...
TestCase: OmegaSpiral.Tests.Ui.MainMenuTests.MenuTitle_UsesCorrectFontSize Failed
TestCase: OmegaSpiral.Tests.Ui.MainMenuTests.MenuButtonContainer_HasCorrectSpacing Processing...
TestCase: OmegaSpiral.Tests.Ui.MainMenuTests.MenuButtonContainer_HasCorrectSpacing Failed
TestCase: OmegaSpiral.Tests.Ui.MainMenuTests.ContentContainer_HasCorrectSectionSpacing Processing...
TestCase: OmegaSpiral.Tests.Ui.MainMenuTests.ContentContainer_HasCorrectSectionSpacing Failed
TestCase: OmegaSpiral.Tests.Ui.MainMenuTests.MenuTitle_IsHorizontallyCentered Processing...
TestCase: OmegaSpiral.Tests.Ui.MainMenuTests.MenuTitle_IsHorizontallyCentered Failed
TestCase: OmegaSpiral.Tests.Ui.MainMenuTests.MenuButtonContainer_IsCenterAligned Processing...
TestCase: OmegaSpiral.Tests.Ui.MainMenuTests.MenuButtonContainer_IsCenterAligned Failed
TestCase: OmegaSpiral.Tests.Ui.MainMenuTests.PhosphorLayer_IsVisibleWithCorrectOpacity Processing...
TestCase: OmegaSpiral.Tests.Ui.MainMenuTests.PhosphorLayer_IsVisibleWithCorrectOpacity Failed
TestCase: OmegaSpiral.Tests.Ui.MainMenuTests.ScanlineLayer_IsVisibleWithCorrectOpacity Processing...
TestCase: OmegaSpiral.Tests.Ui.MainMenuTests.ScanlineLayer_IsVisibleWithCorrectOpacity Failed
TestCase: OmegaSpiral.Tests.Ui.MainMenuTests.GlitchLayer_IsVisibleWithCorrectOpacity Processing...
TestCase: OmegaSpiral.Tests.Ui.MainMenuTests.GlitchLayer_IsVisibleWithCorrectOpacity Failed
TestCase: OmegaSpiral.Tests.Ui.MainMenuTests.Background_UsesCorrectDarkColor Processing...
TestCase: OmegaSpiral.Tests.Ui.MainMenuTests.Background_UsesCorrectDarkColor Failed
TestCase: OmegaSpiral.Tests.Ui.MainMenuTests.Background_ShouldNotBeWhite Processing...
TestCase: OmegaSpiral.Tests.Ui.MainMenuTests.Background_ShouldNotBeWhite Failed
TestSuite: OmegaSpiral.Tests.Ui.MainMenuTests: Failed

TestSuite: OmegaSpiral.Tests.Ui.MenuUiTests Processing...
TestCase: OmegaSpiral.Tests.Ui.MenuUiTests.MenuUi_ExtendsOmegaContainer Processing...
TestCase: OmegaSpiral.Tests.Ui.MenuUiTests.MenuUi_ExtendsOmegaContainer Passed
TestCase: OmegaSpiral.Tests.Ui.MenuUiTests.MenuUi_HasMenuModeEnum Processing...
TestCase: OmegaSpiral.Tests.Ui.MenuUiTests.MenuUi_HasMenuModeEnum Passed
TestCase: OmegaSpiral.Tests.Ui.MenuUiTests.MenuUi_ExposesProtectedHelpers Processing...
TestCase: OmegaSpiral.Tests.Ui.MenuUiTests.MenuUi_ExposesProtectedHelpers Passed
TestCase: OmegaSpiral.Tests.Ui.MenuUiTests.ContentContainer_Exists Processing...
TestCase: OmegaSpiral.Tests.Ui.MenuUiTests.ContentContainer_Exists Passed
TestCase: OmegaSpiral.Tests.Ui.MenuUiTests.MenuTitle_Exists Processing...
TestCase: OmegaSpiral.Tests.Ui.MenuUiTests.MenuTitle_Exists Passed
TestCase: OmegaSpiral.Tests.Ui.MenuUiTests.ButtonContainer_Exists Processing...
TestCase: OmegaSpiral.Tests.Ui.MenuUiTests.ButtonContainer_Exists Passed
TestCase: OmegaSpiral.Tests.Ui.MenuUiTests.ActionBar_Exists Processing...
TestCase: OmegaSpiral.Tests.Ui.MenuUiTests.ActionBar_Exists Passed
TestCase: OmegaSpiral.Tests.Ui.MenuUiTests.ButtonContainer_CanAddButtons Processing...
TestCase: OmegaSpiral.Tests.Ui.MenuUiTests.ButtonContainer_CanAddButtons Passed
TestCase: OmegaSpiral.Tests.Ui.MenuUiTests.Menu_IsEnabledByDefault Processing...
TestCase: OmegaSpiral.Tests.Ui.MenuUiTests.Menu_IsEnabledByDefault Passed
TestCase: OmegaSpiral.Tests.Ui.MenuUiTests.FocusFirstButton_WorksCorrectly Processing...
TestCase: OmegaSpiral.Tests.Ui.MenuUiTests.FocusFirstButton_WorksCorrectly Passed
TestCase: OmegaSpiral.Tests.Ui.MenuUiTests.GetFocusedButton_ReturnsCorrectButton Processing...
TestCase: OmegaSpiral.Tests.Ui.MenuUiTests.GetFocusedButton_ReturnsCorrectButton Passed
TestCase: OmegaSpiral.Tests.Ui.MenuUiTests.MenuMode_DefaultsToStandard Processing...
TestCase: OmegaSpiral.Tests.Ui.MenuUiTests.MenuMode_DefaultsToStandard Passed
TestSuite: OmegaSpiral.Tests.Ui.MenuUiTests: Passed

TestSuite: OmegaSpiral.Tests.Ui.MenuUiUnitTests Processing...
TestCase: OmegaSpiral.Tests.Ui.MenuUiUnitTests.ContentContainer_Exists Processing...
TestCase: OmegaSpiral.Tests.Ui.MenuUiUnitTests.ContentContainer_Exists Passed
TestCase: OmegaSpiral.Tests.Ui.MenuUiUnitTests.FocusFirstButton_WorksCorrectly Processing...
TestCase: OmegaSpiral.Tests.Ui.MenuUiUnitTests.FocusFirstButton_WorksCorrectly Passed
TestCase: OmegaSpiral.Tests.Ui.MenuUiUnitTests.GetFocusedButton_ReturnsCorrectButton Processing...
TestCase: OmegaSpiral.Tests.Ui.MenuUiUnitTests.GetFocusedButton_ReturnsCorrectButton Passed
TestCase: OmegaSpiral.Tests.Ui.MenuUiUnitTests.GetFocusedButton_ReturnsNullWhenNoFocus Processing...
TestCase: OmegaSpiral.Tests.Ui.MenuUiUnitTests.GetFocusedButton_ReturnsNullWhenNoFocus Passed
TestSuite: OmegaSpiral.Tests.Ui.MenuUiUnitTests: Passed

TestSuite: OmegaSpiral.Tests.Ui.Omega.ChoiceButtonTests Processing...
TestCase: OmegaSpiral.Tests.Ui.Omega.ChoiceButtonTests.ChoiceButton_InheritsFromButton Processing...
TestCase: OmegaSpiral.Tests.Ui.Omega.ChoiceButtonTests.ChoiceButton_InheritsFromButton Passed
TestCase: OmegaSpiral.Tests.Ui.Omega.ChoiceButtonTests.Configure_SetsAllProperties Processing...
TestCase: OmegaSpiral.Tests.Ui.Omega.ChoiceButtonTests.Configure_SetsAllProperties Passed
TestCase: OmegaSpiral.Tests.Ui.Omega.ChoiceButtonTests.Configure_ThrowsExceptionForEmptyText Processing...
TestCase: OmegaSpiral.Tests.Ui.Omega.ChoiceButtonTests.Configure_ThrowsExceptionForEmptyText Passed
TestCase: OmegaSpiral.Tests.Ui.Omega.ChoiceButtonTests.OnPressed_EmitsChoiceSelectedSignal Processing...
TestCase: OmegaSpiral.Tests.Ui.Omega.ChoiceButtonTests.OnPressed_EmitsChoiceSelectedSignal Failed
TestCase: OmegaSpiral.Tests.Ui.Omega.ChoiceButtonTests.Properties_AreReadWriteAccessible Processing...
TestCase: OmegaSpiral.Tests.Ui.Omega.ChoiceButtonTests.Properties_AreReadWriteAccessible Passed
TestCase: OmegaSpiral.Tests.Ui.Omega.ChoiceButtonTests.ChoiceButton_SupportsFocusNavigation Processing...
TestCase: OmegaSpiral.Tests.Ui.Omega.ChoiceButtonTests.ChoiceButton_SupportsFocusNavigation Passed
TestCase: OmegaSpiral.Tests.Ui.Omega.ChoiceButtonTests.ExitTree_CleansUpProperly Processing...
:: ERROR: Attempt to disconnect a nonexistent connection from '&lt;Button#76604770094&gt;'. Signal: 'pressed', callable: 'Delegate::Invoke'.
:: at: _disconnect (core/object/object.cpp:1655)
:: C# backtrace (most recent call first):
:: [0] void Godot.NativeCalls.godot_icall_2_1184(nint, nint, Godot.NativeInterop.godot_string_name, Godot.Callable&amp;) (/root/godot/modules/mono/glue/GodotSharp/GodotSharp/Generated/NativeCalls.cs:11120)
:: [1] void Godot.GodotObject.Disconnect(Godot.StringName, Godot.Callable) (/root/godot/modules/mono/glue/GodotSharp/GodotSharp/Generated/GodotObjects/GodotObject.cs:933)
:: [2] void Godot.BaseButton.remove_Pressed(System.Action) (/root/godot/modules/mono/glue/GodotSharp/GodotSharp/Generated/GodotObjects/BaseButton.cs:467)
:: [3] void OmegaSpiral.Source.Ui.Omega.ChoiceButton._ExitTree() (/home/adam/Dev/omega-spiral/chapter-zero/source/ui/omega/ChoiceButton.cs:169)
:: [4] void OmegaSpiral.Tests.Ui.Omega.ChoiceButtonTests.ExitTree_CleansUpProperly() (/home/adam/Dev/omega-spiral/chapter-zero/tests/ui/omega/ChoiceButtonTests.cs:154)
:: [5] void System.RuntimeMethodHandle.InvokeMethod(System.Runtime.CompilerServices.ObjectHandleOnStack, System.Void**, System.Runtime.CompilerServices.ObjectHandleOnStack, Interop+BOOL, System.Runtime.CompilerServices.ObjectHandleOnStack)
:: [6] void System.RuntimeMethodHandle.InvokeMethod(System.Runtime.CompilerServices.ObjectHandleOnStack, System.Void**, System.Runtime.CompilerServices.ObjectHandleOnStack, Interop+BOOL, System.Runtime.CompilerServices.ObjectHandleOnStack)
:: [7] object System.Reflection.MethodBaseInvoker.InterpretedInvoke_Method(object, System.IntPtr*)
:: [8] object System.Reflection.RuntimeMethodInfo.Invoke(object, System.Reflection.BindingFlags, System.Reflection.Binder, System.Object[], System.Globalization.CultureInfo)
:: [9] void GdUnit4.Core.Execution.ExecutionStage`1+&lt;ExecuteStage&gt;d__37.MoveNext()
:: [10] void System.Runtime.CompilerServices.AsyncTaskMethodBuilder.Start&lt;TStateMachine&gt;(TStateMachine&amp;)
:: [11] System.Threading.Tasks.Task GdUnit4.Core.Execution.ExecutionStage`1.ExecuteStage(GdUnit4.Core.Execution.ExecutionContext)
:: [12] void GdUnit4.Core.Execution.ExecutionStage`1+&lt;Execute&gt;d__30.MoveNext()
:: [13] void System.Runtime.CompilerServices.AsyncTaskMethodBuilder.Start&lt;TStateMachine&gt;(TStateMachine&amp;)
:: [14] System.Threading.Tasks.Task GdUnit4.Core.Execution.ExecutionStage`1.Execute(GdUnit4.Core.Execution.ExecutionContext)
:: [15] System.Threading.Tasks.Task GdUnit4.Core.Execution.TestCaseExecutionStage.&lt;&gt;n__0(GdUnit4.Core.Execution.ExecutionContext)
:: [16] void GdUnit4.Core.Execution.TestCaseExecutionStage+&lt;Execute&gt;d__1.MoveNext()
:: [17] void System.Runtime.CompilerServices.AsyncTaskMethodBuilder.Start&lt;TStateMachine&gt;(TStateMachine&amp;)
:: [18] System.Threading.Tasks.Task GdUnit4.Core.Execution.TestCaseExecutionStage.Execute(GdUnit4.Core.Execution.ExecutionContext)
:: [19] void GdUnit4.Core.Execution.TestSuiteExecutionStage+&lt;RunTestCase&gt;d__15.MoveNext()
:: [20] void System.Threading.ExecutionContext.RunInternal(System.Threading.ExecutionContext, System.Threading.ContextCallback, object)
:: [21] void System.Runtime.CompilerServices.AsyncTaskMethodBuilder`1+AsyncStateMachineBox`1.MoveNext()
:: [22] void System.Threading.Tasks.AwaitTaskContinuation.RunCallback(System.Threading.ContextCallback, object, System.Threading.Tasks.Task&amp;)
:: [23] void System.Threading.Tasks.Task.RunContinuations(object)
:: [24] void System.Runtime.CompilerServices.AsyncTaskMethodBuilder`1.SetExistingTaskResult(System.Threading.Tasks.Task`1[TResult], TResult)
:: [25] void GdUnit4.Core.Execution.BeforeTestExecutionStage+&lt;Execute&gt;d__1.MoveNext()
:: [26] void System.Threading.ExecutionContext.RunInternal(System.Threading.ExecutionContext, System.Threading.ContextCallback, object)
:: [27] void System.Runtime.CompilerServices.AsyncTaskMethodBuilder`1+AsyncStateMachineBox`1.MoveNext()
:: [28] void System.Threading.Tasks.AwaitTaskContinuation.RunCallback(System.Threading.ContextCallback, object, System.Threading.Tasks.Task&amp;)
:: [29] void System.Threading.Tasks.Task.RunContinuations(object)
:: [30] void System.Runtime.CompilerServices.AsyncTaskMethodBuilder`1.SetExistingTaskResult(System.Threading.Tasks.Task`1[TResult], TResult)
:: [31] void GdUnit4.Core.Execution.ExecutionStage`1+&lt;Execute&gt;d__30.MoveNext()
:: [32] void System.Threading.ExecutionContext.RunInternal(System.Threading.ExecutionContext, System.Threading.ContextCallback, object)
:: [33] void System.Runtime.CompilerServices.AsyncTaskMethodBuilder`1+AsyncStateMachineBox`1.MoveNext()
:: [34] void Godot.GodotSynchronizationContext.ExecutePendingContinuations() (/root/godot/modules/mono/glue/GodotSharp/GodotSharp/Core/GodotSynchronizationContext.cs:51)
:: [35] void Godot.GodotTaskScheduler.Activate() (/root/godot/modules/mono/glue/GodotSharp/GodotSharp/Core/GodotTaskScheduler.cs:76)
:: [36] void Godot.Bridge.ScriptManagerBridge.FrameCallback() (/root/godot/modules/mono/glue/GodotSharp/GodotSharp/Core/Bridge/ScriptManagerBridge.cs:84)
:: ERROR: Attempt to disconnect a nonexistent connection from '&lt;Button#76604770094&gt;'. Signal: 'mouse_entered', callable: 'Delegate::Invoke'.
:: at: _disconnect (core/object/object.cpp:1659)
:: C# backtrace (most recent call first):
:: [0] void Godot.NativeCalls.godot_icall_2_1184(nint, nint, Godot.NativeInterop.godot_string_name, Godot.Callable&amp;) (/root/godot/modules/mono/glue/GodotSharp/GodotSharp/Generated/NativeCalls.cs:11120)
:: [1] void Godot.GodotObject.Disconnect(Godot.StringName, Godot.Callable) (/root/godot/modules/mono/glue/GodotSharp/GodotSharp/Generated/GodotObjects/GodotObject.cs:933)
:: [2] void Godot.Control.remove_MouseEntered(System.Action) (/root/godot/modules/mono/glue/GodotSharp/GodotSharp/Generated/GodotObjects/Control.cs:3252)
:: [3] void OmegaSpiral.Source.Ui.Omega.ChoiceButton._ExitTree() (/home/adam/Dev/omega-spiral/chapter-zero/source/ui/omega/ChoiceButton.cs:170)
:: [4] void OmegaSpiral.Tests.Ui.Omega.ChoiceButtonTests.ExitTree_CleansUpProperly() (/home/adam/Dev/omega-spiral/chapter-zero/tests/ui/omega/ChoiceButtonTests.cs:154)
:: [5] void System.RuntimeMethodHandle.InvokeMethod(System.Runtime.CompilerServices.ObjectHandleOnStack, System.Void**, System.Runtime.CompilerServices.ObjectHandleOnStack, Interop+BOOL, System.Runtime.CompilerServices.ObjectHandleOnStack)
:: [6] void System.RuntimeMethodHandle.InvokeMethod(System.Runtime.CompilerServices.ObjectHandleOnStack, System.Void**, System.Runtime.CompilerServices.ObjectHandleOnStack, Interop+BOOL, System.Runtime.CompilerServices.ObjectHandleOnStack)
:: [7] object System.Reflection.MethodBaseInvoker.InterpretedInvoke_Method(object, System.IntPtr*)
:: [8] object System.Reflection.RuntimeMethodInfo.Invoke(object, System.Reflection.BindingFlags, System.Reflection.Binder, System.Object[], System.Globalization.CultureInfo)
:: [9] void GdUnit4.Core.Execution.ExecutionStage`1+&lt;ExecuteStage&gt;d__37.MoveNext()
:: [10] void System.Runtime.CompilerServices.AsyncTaskMethodBuilder.Start&lt;TStateMachine&gt;(TStateMachine&amp;)
:: [11] System.Threading.Tasks.Task GdUnit4.Core.Execution.ExecutionStage`1.ExecuteStage(GdUnit4.Core.Execution.ExecutionContext)
:: [12] void GdUnit4.Core.Execution.ExecutionStage`1+&lt;Execute&gt;d__30.MoveNext()
:: [13] void System.Runtime.CompilerServices.AsyncTaskMethodBuilder.Start&lt;TStateMachine&gt;(TStateMachine&amp;)
:: [14] System.Threading.Tasks.Task GdUnit4.Core.Execution.ExecutionStage`1.Execute(GdUnit4.Core.Execution.ExecutionContext)
:: [15] System.Threading.Tasks.Task GdUnit4.Core.Execution.TestCaseExecutionStage.&lt;&gt;n__0(GdUnit4.Core.Execution.ExecutionContext)
:: [16] void GdUnit4.Core.Execution.TestCaseExecutionStage+&lt;Execute&gt;d__1.MoveNext()
:: [17] void System.Runtime.CompilerServices.AsyncTaskMethodBuilder.Start&lt;TStateMachine&gt;(TStateMachine&amp;)
:: [18] System.Threading.Tasks.Task GdUnit4.Core.Execution.TestCaseExecutionStage.Execute(GdUnit4.Core.Execution.ExecutionContext)
:: [19] void GdUnit4.Core.Execution.TestSuiteExecutionStage+&lt;RunTestCase&gt;d__15.MoveNext()
:: [20] void System.Threading.ExecutionContext.RunInternal(System.Threading.ExecutionContext, System.Threading.ContextCallback, object)
:: [21] void System.Runtime.CompilerServices.AsyncTaskMethodBuilder`1+AsyncStateMachineBox`1.MoveNext()
:: [22] void System.Threading.Tasks.AwaitTaskContinuation.RunCallback(System.Threading.ContextCallback, object, System.Threading.Tasks.Task&amp;)
:: [23] void System.Threading.Tasks.Task.RunContinuations(object)
:: [24] void System.Runtime.CompilerServices.AsyncTaskMethodBuilder`1.SetExistingTaskResult(System.Threading.Tasks.Task`1[TResult], TResult)
:: [25] void GdUnit4.Core.Execution.BeforeTestExecutionStage+&lt;Execute&gt;d__1.MoveNext()
:: [26] void System.Threading.ExecutionContext.RunInternal(System.Threading.ExecutionContext, System.Threading.ContextCallback, object)
:: [27] void System.Runtime.CompilerServices.AsyncTaskMethodBuilder`1+AsyncStateMachineBox`1.MoveNext()
:: [28] void System.Threading.Tasks.AwaitTaskContinuation.RunCallback(System.Threading.ContextCallback, object, System.Threading.Tasks.Task&amp;)
:: [29] void System.Threading.Tasks.Task.RunContinuations(object)
:: [30] void System.Runtime.CompilerServices.AsyncTaskMethodBuilder`1.SetExistingTaskResult(System.Threading.Tasks.Task`1[TResult], TResult)
:: [31] void GdUnit4.Core.Execution.ExecutionStage`1+&lt;Execute&gt;d__30.MoveNext()
:: [32] void System.Threading.ExecutionContext.RunInternal(System.Threading.ExecutionContext, System.Threading.ContextCallback, object)
:: [33] void System.Runtime.CompilerServices.AsyncTaskMethodBuilder`1+AsyncStateMachineBox`1.MoveNext()
:: [34] void Godot.GodotSynchronizationContext.ExecutePendingContinuations() (/root/godot/modules/mono/glue/GodotSharp/GodotSharp/Core/GodotSynchronizationContext.cs:51)
:: [35] void Godot.GodotTaskScheduler.Activate() (/root/godot/modules/mono/glue/GodotSharp/GodotSharp/Core/GodotTaskScheduler.cs:76)
:: [36] void Godot.Bridge.ScriptManagerBridge.FrameCallback() (/root/godot/modules/mono/glue/GodotSharp/GodotSharp/Core/Bridge/ScriptManagerBridge.cs:84)
:: ERROR: Attempt to disconnect a nonexistent connection from '&lt;Button#76604770094&gt;'. Signal: 'mouse_exited', callable: 'Delegate::Invoke'.
:: at: _disconnect (core/object/object.cpp:1659)
:: C# backtrace (most recent call first):
:: [0] void Godot.NativeCalls.godot_icall_2_1184(nint, nint, Godot.NativeInterop.godot_string_name, Godot.Callable&amp;) (/root/godot/modules/mono/glue/GodotSharp/GodotSharp/Generated/NativeCalls.cs:11120)
:: [1] void Godot.GodotObject.Disconnect(Godot.StringName, Godot.Callable) (/root/godot/modules/mono/glue/GodotSharp/GodotSharp/Generated/GodotObjects/GodotObject.cs:933)
:: [2] void Godot.Control.remove_MouseExited(System.Action) (/root/godot/modules/mono/glue/GodotSharp/GodotSharp/Generated/GodotObjects/Control.cs:3273)
:: [3] void OmegaSpiral.Source.Ui.Omega.ChoiceButton._ExitTree() (/home/adam/Dev/omega-spiral/chapter-zero/source/ui/omega/ChoiceButton.cs:171)
:: [4] void OmegaSpiral.Tests.Ui.Omega.ChoiceButtonTests.ExitTree_CleansUpProperly() (/home/adam/Dev/omega-spiral/chapter-zero/tests/ui/omega/ChoiceButtonTests.cs:154)
:: [5] void System.RuntimeMethodHandle.InvokeMethod(System.Runtime.CompilerServices.ObjectHandleOnStack, System.Void**, System.Runtime.CompilerServices.ObjectHandleOnStack, Interop+BOOL, System.Runtime.CompilerServices.ObjectHandleOnStack)
:: [6] void System.RuntimeMethodHandle.InvokeMethod(System.Runtime.CompilerServices.ObjectHandleOnStack, System.Void**, System.Runtime.CompilerServices.ObjectHandleOnStack, Interop+BOOL, System.Runtime.CompilerServices.ObjectHandleOnStack)
:: [7] object System.Reflection.MethodBaseInvoker.InterpretedInvoke_Method(object, System.IntPtr*)
:: [8] object System.Reflection.RuntimeMethodInfo.Invoke(object, System.Reflection.BindingFlags, System.Reflection.Binder, System.Object[], System.Globalization.CultureInfo)
:: [9] void GdUnit4.Core.Execution.ExecutionStage`1+&lt;ExecuteStage&gt;d__37.MoveNext()
:: [10] void System.Runtime.CompilerServices.AsyncTaskMethodBuilder.Start&lt;TStateMachine&gt;(TStateMachine&amp;)
:: [11] System.Threading.Tasks.Task GdUnit4.Core.Execution.ExecutionStage`1.ExecuteStage(GdUnit4.Core.Execution.ExecutionContext)
:: [12] void GdUnit4.Core.Execution.ExecutionStage`1+&lt;Execute&gt;d__30.MoveNext()
:: [13] void System.Runtime.CompilerServices.AsyncTaskMethodBuilder.Start&lt;TStateMachine&gt;(TStateMachine&amp;)
:: [14] System.Threading.Tasks.Task GdUnit4.Core.Execution.ExecutionStage`1.Execute(GdUnit4.Core.Execution.ExecutionContext)
:: [15] System.Threading.Tasks.Task GdUnit4.Core.Execution.TestCaseExecutionStage.&lt;&gt;n__0(GdUnit4.Core.Execution.ExecutionContext)
:: [16] void GdUnit4.Core.Execution.TestCaseExecutionStage+&lt;Execute&gt;d__1.MoveNext()
:: [17] void System.Runtime.CompilerServices.AsyncTaskMethodBuilder.Start&lt;TStateMachine&gt;(TStateMachine&amp;)
:: [18] System.Threading.Tasks.Task GdUnit4.Core.Execution.TestCaseExecutionStage.Execute(GdUnit4.Core.Execution.ExecutionContext)
:: [19] void GdUnit4.Core.Execution.TestSuiteExecutionStage+&lt;RunTestCase&gt;d__15.MoveNext()
:: [20] void System.Threading.ExecutionContext.RunInternal(System.Threading.ExecutionContext, System.Threading.ContextCallback, object)
:: [21] void System.Runtime.CompilerServices.AsyncTaskMethodBuilder`1+AsyncStateMachineBox`1.MoveNext()
:: [22] void System.Threading.Tasks.AwaitTaskContinuation.RunCallback(System.Threading.ContextCallback, object, System.Threading.Tasks.Task&amp;)
:: [23] void System.Threading.Tasks.Task.RunContinuations(object)
:: [24] void System.Runtime.CompilerServices.AsyncTaskMethodBuilder`1.SetExistingTaskResult(System.Threading.Tasks.Task`1[TResult], TResult)
:: [25] void GdUnit4.Core.Execution.BeforeTestExecutionStage+&lt;Execute&gt;d__1.MoveNext()
:: [26] void System.Threading.ExecutionContext.RunInternal(System.Threading.ExecutionContext, System.Threading.ContextCallback, object)
:: [27] void System.Runtime.CompilerServices.AsyncTaskMethodBuilder`1+AsyncStateMachineBox`1.MoveNext()
:: [28] void System.Threading.Tasks.AwaitTaskContinuation.RunCallback(System.Threading.ContextCallback, object, System.Threading.Tasks.Task&amp;)
:: [29] void System.Threading.Tasks.Task.RunContinuations(object)
:: [30] void System.Runtime.CompilerServices.AsyncTaskMethodBuilder`1.SetExistingTaskResult(System.Threading.Tasks.Task`1[TResult], TResult)
:: [31] void GdUnit4.Core.Execution.ExecutionStage`1+&lt;Execute&gt;d__30.MoveNext()
:: [32] void System.Threading.ExecutionContext.RunInternal(System.Threading.ExecutionContext, System.Threading.ContextCallback, object)
:: [33] void System.Runtime.CompilerServices.AsyncTaskMethodBuilder`1+AsyncStateMachineBox`1.MoveNext()
:: [34] void Godot.GodotSynchronizationContext.ExecutePendingContinuations() (/root/godot/modules/mono/glue/GodotSharp/GodotSharp/Core/GodotSynchronizationContext.cs:51)
:: [35] void Godot.GodotTaskScheduler.Activate() (/root/godot/modules/mono/glue/GodotSharp/GodotSharp/Core/GodotTaskScheduler.cs:76)
:: [36] void Godot.Bridge.ScriptManagerBridge.FrameCallback() (/root/godot/modules/mono/glue/GodotSharp/GodotSharp/Core/Bridge/ScriptManagerBridge.cs:84)
:: ERROR: Attempt to disconnect a nonexistent connection from '&lt;Button#76604770094&gt;'. Signal: 'focus_entered', callable: 'Delegate::Invoke'.
:: at: _disconnect (core/object/object.cpp:1659)
:: C# backtrace (most recent call first):
:: [0] void Godot.NativeCalls.godot_icall_2_1184(nint, nint, Godot.NativeInterop.godot_string_name, Godot.Callable&amp;) (/root/godot/modules/mono/glue/GodotSharp/GodotSharp/Generated/NativeCalls.cs:11120)
:: [1] void Godot.GodotObject.Disconnect(Godot.StringName, Godot.Callable) (/root/godot/modules/mono/glue/GodotSharp/GodotSharp/Generated/GodotObjects/GodotObject.cs:933)
:: [2] void Godot.Control.remove_FocusEntered(System.Action) (/root/godot/modules/mono/glue/GodotSharp/GodotSharp/Generated/GodotObjects/Control.cs:3287)
:: [3] void OmegaSpiral.Source.Ui.Omega.ChoiceButton._ExitTree() (/home/adam/Dev/omega-spiral/chapter-zero/source/ui/omega/ChoiceButton.cs:172)
:: [4] void OmegaSpiral.Tests.Ui.Omega.ChoiceButtonTests.ExitTree_CleansUpProperly() (/home/adam/Dev/omega-spiral/chapter-zero/tests/ui/omega/ChoiceButtonTests.cs:154)
:: [5] void System.RuntimeMethodHandle.InvokeMethod(System.Runtime.CompilerServices.ObjectHandleOnStack, System.Void**, System.Runtime.CompilerServices.ObjectHandleOnStack, Interop+BOOL, System.Runtime.CompilerServices.ObjectHandleOnStack)
:: [6] void System.RuntimeMethodHandle.InvokeMethod(System.Runtime.CompilerServices.ObjectHandleOnStack, System.Void**, System.Runtime.CompilerServices.ObjectHandleOnStack, Interop+BOOL, System.Runtime.CompilerServices.ObjectHandleOnStack)
:: [7] object System.Reflection.MethodBaseInvoker.InterpretedInvoke_Method(object, System.IntPtr*)
:: [8] object System.Reflection.RuntimeMethodInfo.Invoke(object, System.Reflection.BindingFlags, System.Reflection.Binder, System.Object[], System.Globalization.CultureInfo)
:: [9] void GdUnit4.Core.Execution.ExecutionStage`1+&lt;ExecuteStage&gt;d__37.MoveNext()
:: [10] void System.Runtime.CompilerServices.AsyncTaskMethodBuilder.Start&lt;TStateMachine&gt;(TStateMachine&amp;)
:: [11] System.Threading.Tasks.Task GdUnit4.Core.Execution.ExecutionStage`1.ExecuteStage(GdUnit4.Core.Execution.ExecutionContext)
:: [12] void GdUnit4.Core.Execution.ExecutionStage`1+&lt;Execute&gt;d__30.MoveNext()
:: [13] void System.Runtime.CompilerServices.AsyncTaskMethodBuilder.Start&lt;TStateMachine&gt;(TStateMachine&amp;)
:: [14] System.Threading.Tasks.Task GdUnit4.Core.Execution.ExecutionStage`1.Execute(GdUnit4.Core.Execution.ExecutionContext)
:: [15] System.Threading.Tasks.Task GdUnit4.Core.Execution.TestCaseExecutionStage.&lt;&gt;n__0(GdUnit4.Core.Execution.ExecutionContext)
:: [16] void GdUnit4.Core.Execution.TestCaseExecutionStage+&lt;Execute&gt;d__1.MoveNext()
:: [17] void System.Runtime.CompilerServices.AsyncTaskMethodBuilder.Start&lt;TStateMachine&gt;(TStateMachine&amp;)
:: [18] System.Threading.Tasks.Task GdUnit4.Core.Execution.TestCaseExecutionStage.Execute(GdUnit4.Core.Execution.ExecutionContext)
:: [19] void GdUnit4.Core.Execution.TestSuiteExecutionStage+&lt;RunTestCase&gt;d__15.MoveNext()
:: [20] void System.Threading.ExecutionContext.RunInternal(System.Threading.ExecutionContext, System.Threading.ContextCallback, object)
:: [21] void System.Runtime.CompilerServices.AsyncTaskMethodBuilder`1+AsyncStateMachineBox`1.MoveNext()
:: [22] void System.Threading.Tasks.AwaitTaskContinuation.RunCallback(System.Threading.ContextCallback, object, System.Threading.Tasks.Task&amp;)
:: [23] void System.Threading.Tasks.Task.RunContinuations(object)
:: [24] void System.Runtime.CompilerServices.AsyncTaskMethodBuilder`1.SetExistingTaskResult(System.Threading.Tasks.Task`1[TResult], TResult)
:: [25] void GdUnit4.Core.Execution.BeforeTestExecutionStage+&lt;Execute&gt;d__1.MoveNext()
:: [26] void System.Threading.ExecutionContext.RunInternal(System.Threading.ExecutionContext, System.Threading.ContextCallback, object)
:: [27] void System.Runtime.CompilerServices.AsyncTaskMethodBuilder`1+AsyncStateMachineBox`1.MoveNext()
:: [28] void System.Threading.Tasks.AwaitTaskContinuation.RunCallback(System.Threading.ContextCallback, object, System.Threading.Tasks.Task&amp;)
:: [29] void System.Threading.Tasks.Task.RunContinuations(object)
:: [30] void System.Runtime.CompilerServices.AsyncTaskMethodBuilder`1.SetExistingTaskResult(System.Threading.Tasks.Task`1[TResult], TResult)
:: [31] void GdUnit4.Core.Execution.ExecutionStage`1+&lt;Execute&gt;d__30.MoveNext()
:: [32] void System.Threading.ExecutionContext.RunInternal(System.Threading.ExecutionContext, System.Threading.ContextCallback, object)
:: [33] void System.Runtime.CompilerServices.AsyncTaskMethodBuilder`1+AsyncStateMachineBox`1.MoveNext()
:: [34] void Godot.GodotSynchronizationContext.ExecutePendingContinuations() (/root/godot/modules/mono/glue/GodotSharp/GodotSharp/Core/GodotSynchronizationContext.cs:51)
:: [35] void Godot.GodotTaskScheduler.Activate() (/root/godot/modules/mono/glue/GodotSharp/GodotSharp/Core/GodotTaskScheduler.cs:76)
:: [36] void Godot.Bridge.ScriptManagerBridge.FrameCallback() (/root/godot/modules/mono/glue/GodotSharp/GodotSharp/Core/Bridge/ScriptManagerBridge.cs:84)
:: ERROR: Attempt to disconnect a nonexistent connection from '&lt;Button#76604770094&gt;'. Signal: 'focus_exited', callable: 'Delegate::Invoke'.
:: at: _disconnect (core/object/object.cpp:1659)
:: C# backtrace (most recent call first):
:: [0] void Godot.NativeCalls.godot_icall_2_1184(nint, nint, Godot.NativeInterop.godot_string_name, Godot.Callable&amp;) (/root/godot/modules/mono/glue/GodotSharp/GodotSharp/Generated/NativeCalls.cs:11120)
:: [1] void Godot.GodotObject.Disconnect(Godot.StringName, Godot.Callable) (/root/godot/modules/mono/glue/GodotSharp/GodotSharp/Generated/GodotObjects/GodotObject.cs:933)
:: [2] void Godot.Control.remove_FocusExited(System.Action) (/root/godot/modules/mono/glue/GodotSharp/GodotSharp/Generated/GodotObjects/Control.cs:3301)
:: [3] void OmegaSpiral.Source.Ui.Omega.ChoiceButton._ExitTree() (/home/adam/Dev/omega-spiral/chapter-zero/source/ui/omega/ChoiceButton.cs:173)
:: [4] void OmegaSpiral.Tests.Ui.Omega.ChoiceButtonTests.ExitTree_CleansUpProperly() (/home/adam/Dev/omega-spiral/chapter-zero/tests/ui/omega/ChoiceButtonTests.cs:154)
:: [5] void System.RuntimeMethodHandle.InvokeMethod(System.Runtime.CompilerServices.ObjectHandleOnStack, System.Void**, System.Runtime.CompilerServices.ObjectHandleOnStack, Interop+BOOL, System.Runtime.CompilerServices.ObjectHandleOnStack)
:: [6] void System.RuntimeMethodHandle.InvokeMethod(System.Runtime.CompilerServices.ObjectHandleOnStack, System.Void**, System.Runtime.CompilerServices.ObjectHandleOnStack, Interop+BOOL, System.Runtime.CompilerServices.ObjectHandleOnStack)
:: [7] object System.Reflection.MethodBaseInvoker.InterpretedInvoke_Method(object, System.IntPtr*)
:: [8] object System.Reflection.RuntimeMethodInfo.Invoke(object, System.Reflection.BindingFlags, System.Reflection.Binder, System.Object[], System.Globalization.CultureInfo)
:: [9] void GdUnit4.Core.Execution.ExecutionStage`1+&lt;ExecuteStage&gt;d__37.MoveNext()
:: [10] void System.Runtime.CompilerServices.AsyncTaskMethodBuilder.Start&lt;TStateMachine&gt;(TStateMachine&amp;)
:: [11] System.Threading.Tasks.Task GdUnit4.Core.Execution.ExecutionStage`1.ExecuteStage(GdUnit4.Core.Execution.ExecutionContext)
:: [12] void GdUnit4.Core.Execution.ExecutionStage`1+&lt;Execute&gt;d__30.MoveNext()
:: [13] void System.Runtime.CompilerServices.AsyncTaskMethodBuilder.Start&lt;TStateMachine&gt;(TStateMachine&amp;)
:: [14] System.Threading.Tasks.Task GdUnit4.Core.Execution.ExecutionStage`1.Execute(GdUnit4.Core.Execution.ExecutionContext)
:: [15] System.Threading.Tasks.Task GdUnit4.Core.Execution.TestCaseExecutionStage.&lt;&gt;n__0(GdUnit4.Core.Execution.ExecutionContext)
:: [16] void GdUnit4.Core.Execution.TestCaseExecutionStage+&lt;Execute&gt;d__1.MoveNext()
:: [17] void System.Runtime.CompilerServices.AsyncTaskMethodBuilder.Start&lt;TStateMachine&gt;(TStateMachine&amp;)
:: [18] System.Threading.Tasks.Task GdUnit4.Core.Execution.TestCaseExecutionStage.Execute(GdUnit4.Core.Execution.ExecutionContext)
:: [19] void GdUnit4.Core.Execution.TestSuiteExecutionStage+&lt;RunTestCase&gt;d__15.MoveNext()
:: [20] void System.Threading.ExecutionContext.RunInternal(System.Threading.ExecutionContext, System.Threading.ContextCallback, object)
:: [21] void System.Runtime.CompilerServices.AsyncTaskMethodBuilder`1+AsyncStateMachineBox`1.MoveNext()
:: [22] void System.Threading.Tasks.AwaitTaskContinuation.RunCallback(System.Threading.ContextCallback, object, System.Threading.Tasks.Task&amp;)
:: [23] void System.Threading.Tasks.Task.RunContinuations(object)
:: [24] void System.Runtime.CompilerServices.AsyncTaskMethodBuilder`1.SetExistingTaskResult(System.Threading.Tasks.Task`1[TResult], TResult)
:: [25] void GdUnit4.Core.Execution.BeforeTestExecutionStage+&lt;Execute&gt;d__1.MoveNext()
:: [26] void System.Threading.ExecutionContext.RunInternal(System.Threading.ExecutionContext, System.Threading.ContextCallback, object)
:: [27] void System.Runtime.CompilerServices.AsyncTaskMethodBuilder`1+AsyncStateMachineBox`1.MoveNext()
:: [28] void System.Threading.Tasks.AwaitTaskContinuation.RunCallback(System.Threading.ContextCallback, object, System.Threading.Tasks.Task&amp;)
:: [29] void System.Threading.Tasks.Task.RunContinuations(object)
:: [30] void System.Runtime.CompilerServices.AsyncTaskMethodBuilder`1.SetExistingTaskResult(System.Threading.Tasks.Task`1[TResult], TResult)
:: [31] void GdUnit4.Core.Execution.ExecutionStage`1+&lt;Execute&gt;d__30.MoveNext()
:: [32] void System.Threading.ExecutionContext.RunInternal(System.Threading.ExecutionContext, System.Threading.ContextCallback, object)
:: [33] void System.Runtime.CompilerServices.AsyncTaskMethodBuilder`1+AsyncStateMachineBox`1.MoveNext()
:: [34] void Godot.GodotSynchronizationContext.ExecutePendingContinuations() (/root/godot/modules/mono/glue/GodotSharp/GodotSharp/Core/GodotSynchronizationContext.cs:51)
:: [35] void Godot.GodotTaskScheduler.Activate() (/root/godot/modules/mono/glue/GodotSharp/GodotSharp/Core/GodotTaskScheduler.cs:76)
:: [36] void Godot.Bridge.ScriptManagerBridge.FrameCallback() (/root/godot/modules/mono/glue/GodotSharp/GodotSharp/Core/Bridge/ScriptManagerBridge.cs:84)
TestCase: OmegaSpiral.Tests.Ui.Omega.ChoiceButtonTests.ExitTree_CleansUpProperly Passed
TestSuite: OmegaSpiral.Tests.Ui.Omega.ChoiceButtonTests: Failed

TestSuite: OmegaSpiral.Tests.Ui.Omega.OmegaBorderFrame_UnitTests Processing...
TestCase: OmegaSpiral.Tests.Ui.Omega.OmegaBorderFrame_UnitTests.BorderFrame_HasNonZeroSize Processing...
TestCase: OmegaSpiral.Tests.Ui.Omega.OmegaBorderFrame_UnitTests.BorderFrame_HasNonZeroSize Passed
TestCase: OmegaSpiral.Tests.Ui.Omega.OmegaBorderFrame_UnitTests.Constructor_InitializesSuccessfully Processing...
TestCase: OmegaSpiral.Tests.Ui.Omega.OmegaBorderFrame_UnitTests.Constructor_InitializesSuccessfully Passed
TestCase: OmegaSpiral.Tests.Ui.Omega.OmegaBorderFrame_UnitTests.Layout_PropertiesAreCorrect Processing...
TestCase: OmegaSpiral.Tests.Ui.Omega.OmegaBorderFrame_UnitTests.Layout_PropertiesAreCorrect Passed
TestCase: OmegaSpiral.Tests.Ui.Omega.OmegaBorderFrame_UnitTests.Anchors_FillParentBounds Processing...
TestCase: OmegaSpiral.Tests.Ui.Omega.OmegaBorderFrame_UnitTests.Anchors_FillParentBounds Passed
TestCase: OmegaSpiral.Tests.Ui.Omega.OmegaBorderFrame_UnitTests.ShaderMaterial_IsConfigured Processing...
TestCase: OmegaSpiral.Tests.Ui.Omega.OmegaBorderFrame_UnitTests.ShaderMaterial_IsConfigured Passed
TestCase: OmegaSpiral.Tests.Ui.Omega.OmegaBorderFrame_UnitTests.ThreadColors_AppliedFromDesignSystem Processing...
TestCase: OmegaSpiral.Tests.Ui.Omega.OmegaBorderFrame_UnitTests.ThreadColors_AppliedFromDesignSystem Passed
TestCase: OmegaSpiral.Tests.Ui.Omega.OmegaBorderFrame_UnitTests.AnimationDefaults_AreSet Processing...
TestCase: OmegaSpiral.Tests.Ui.Omega.OmegaBorderFrame_UnitTests.AnimationDefaults_AreSet Passed
TestCase: OmegaSpiral.Tests.Ui.Omega.OmegaBorderFrame_UnitTests.GetRotationSpeed_ReturnsCurrent Processing...
TestCase: OmegaSpiral.Tests.Ui.Omega.OmegaBorderFrame_UnitTests.GetRotationSpeed_ReturnsCurrent Passed
TestCase: OmegaSpiral.Tests.Ui.Omega.OmegaBorderFrame_UnitTests.GetWaveSpeed_ReturnsCurrent Processing...
TestCase: OmegaSpiral.Tests.Ui.Omega.OmegaBorderFrame_UnitTests.GetWaveSpeed_ReturnsCurrent Passed
TestCase: OmegaSpiral.Tests.Ui.Omega.OmegaBorderFrame_UnitTests.ConfigureAnimationSpeed_UpdatesBothParameters Processing...
TestCase: OmegaSpiral.Tests.Ui.Omega.OmegaBorderFrame_UnitTests.ConfigureAnimationSpeed_UpdatesBothParameters Passed
TestCase: OmegaSpiral.Tests.Ui.Omega.OmegaBorderFrame_UnitTests.ConfigureAnimationSpeed_ClampsToValidRanges Processing...
TestCase: OmegaSpiral.Tests.Ui.Omega.OmegaBorderFrame_UnitTests.ConfigureAnimationSpeed_ClampsToValidRanges Passed
TestCase: OmegaSpiral.Tests.Ui.Omega.OmegaBorderFrame_UnitTests.ConfigureAnimationSpeed_AcceptsZero Processing...
TestCase: OmegaSpiral.Tests.Ui.Omega.OmegaBorderFrame_UnitTests.ConfigureAnimationSpeed_AcceptsZero Passed
TestCase: OmegaSpiral.Tests.Ui.Omega.OmegaBorderFrame_UnitTests.UpdateThreadColors_ChangesAllThreads Processing...
TestCase: OmegaSpiral.Tests.Ui.Omega.OmegaBorderFrame_UnitTests.UpdateThreadColors_ChangesAllThreads Passed
TestCase: OmegaSpiral.Tests.Ui.Omega.OmegaBorderFrame_UnitTests.UpdateThreadColors_CanRevertToDesignSystem Processing...
TestCase: OmegaSpiral.Tests.Ui.Omega.OmegaBorderFrame_UnitTests.UpdateThreadColors_CanRevertToDesignSystem Passed
TestCase: OmegaSpiral.Tests.Ui.Omega.OmegaBorderFrame_UnitTests.BorderFrame_IsVisibleByDefault Processing...
TestCase: OmegaSpiral.Tests.Ui.Omega.OmegaBorderFrame_UnitTests.BorderFrame_IsVisibleByDefault Passed
TestSuite: OmegaSpiral.Tests.Ui.Omega.OmegaBorderFrame_UnitTests: Passed

TestSuite: OmegaSpiral.Tests.Ui.Omega.OmegaContainer_UnitTests Processing...
TestCase: OmegaSpiral.Tests.Ui.Omega.OmegaContainer_UnitTests.OmegaContainer_ExtendsControl Processing...
TestCase: OmegaSpiral.Tests.Ui.Omega.OmegaContainer_UnitTests.OmegaContainer_ExtendsControl Passed
TestCase: OmegaSpiral.Tests.Ui.Omega.OmegaContainer_UnitTests.OmegaContainer_IsGlobalClass Processing...
TestCase: OmegaSpiral.Tests.Ui.Omega.OmegaContainer_UnitTests.OmegaContainer_IsGlobalClass Passed
TestCase: OmegaSpiral.Tests.Ui.Omega.OmegaContainer_UnitTests.ShaderController_IsNullByDefault Processing...
TestCase: OmegaSpiral.Tests.Ui.Omega.OmegaContainer_UnitTests.ShaderController_IsNullByDefault Passed
TestCase: OmegaSpiral.Tests.Ui.Omega.OmegaContainer_UnitTests.TextRenderer_IsNullByDefault Processing...
TestCase: OmegaSpiral.Tests.Ui.Omega.OmegaContainer_UnitTests.TextRenderer_IsNullByDefault Passed
TestCase: OmegaSpiral.Tests.Ui.Omega.OmegaContainer_UnitTests.ChoicePresenter_IsNullByDefault Processing...
TestCase: OmegaSpiral.Tests.Ui.Omega.OmegaContainer_UnitTests.ChoicePresenter_IsNullByDefault Passed
TestSuite: OmegaSpiral.Tests.Ui.Omega.OmegaContainer_UnitTests: Passed

:: WARNING: res://source/ui/menus/pause_menu.tscn:4 - ext_resource, invalid UID: uid://omega_ui_frame_v1 - using text path instead: res://source/ui/omega/omega_ui_frame.tscn
:: at: load (scene/resources/resource_format_text.cpp:466)
:: C# backtrace (most recent call first):
:: [0] Godot.GodotObject Godot.NativeCalls.godot_icall_3_761(nint, nint, string, string, int) (/root/godot/modules/mono/glue/GodotSharp/GodotSharp/Generated/NativeCalls.cs:6854)
:: [1] Godot.Resource Godot.ResourceLoader.Load(string, string, Godot.ResourceLoader+CacheMode) (/root/godot/modules/mono/glue/GodotSharp/GodotSharp/Generated/GodotObjects/ResourceLoader.cs:120)
:: [2] Godot.Node GdUnit4.Core.SceneRunner.LoadScene(string)
:: [3] GdUnit4.Core.SceneRunner..ctor(string, bool, bool)
:: [4] GdUnit4.ISceneRunner GdUnit4.ISceneRunner.Load(string, bool, bool)
:: [5] void OmegaSpiral.Tests.Ui.PauseMenuTests+&lt;Setup&gt;d__2.MoveNext() (/home/adam/Dev/omega-spiral/chapter-zero/tests/ui/menus/PauseMenuTests.cs:29)
:: [6] void System.Runtime.CompilerServices.AsyncTaskMethodBuilder.Start&lt;TStateMachine&gt;(TStateMachine&amp;)
:: [7] System.Threading.Tasks.Task OmegaSpiral.Tests.Ui.PauseMenuTests.Setup()
:: [8] void System.RuntimeMethodHandle.InvokeMethod(System.Runtime.CompilerServices.ObjectHandleOnStack, System.Void**, System.Runtime.CompilerServices.ObjectHandleOnStack, Interop+BOOL, System.Runtime.CompilerServices.ObjectHandleOnStack)
:: [9] void System.RuntimeMethodHandle.InvokeMethod(System.Runtime.CompilerServices.ObjectHandleOnStack, System.Void**, System.Runtime.CompilerServices.ObjectHandleOnStack, Interop+BOOL, System.Runtime.CompilerServices.ObjectHandleOnStack)
:: [10] object System.Reflection.MethodBaseInvoker.InterpretedInvoke_Method(object, System.IntPtr*)
:: [11] object System.Reflection.RuntimeMethodInfo.Invoke(object, System.Reflection.BindingFlags, System.Reflection.Binder, System.Object[], System.Globalization.CultureInfo)
:: [12] void GdUnit4.Core.Execution.ExecutionStage`1+&lt;ExecuteStage&gt;d__37.MoveNext()
:: [13] void System.Runtime.CompilerServices.AsyncTaskMethodBuilder.Start&lt;TStateMachine&gt;(TStateMachine&amp;)
:: [14] System.Threading.Tasks.Task GdUnit4.Core.Execution.ExecutionStage`1.ExecuteStage(GdUnit4.Core.Execution.ExecutionContext)
:: [15] void GdUnit4.Core.Execution.ExecutionStage`1+&lt;Execute&gt;d__30.MoveNext()
:: [16] void System.Runtime.CompilerServices.AsyncTaskMethodBuilder.Start&lt;TStateMachine&gt;(TStateMachine&amp;)
:: [17] System.Threading.Tasks.Task GdUnit4.Core.Execution.ExecutionStage`1.Execute(GdUnit4.Core.Execution.ExecutionContext)
:: [18] System.Threading.Tasks.Task GdUnit4.Core.Execution.BeforeExecutionStage.&lt;&gt;n__0(GdUnit4.Core.Execution.ExecutionContext)
:: [19] void GdUnit4.Core.Execution.BeforeExecutionStage+&lt;Execute&gt;d__1.MoveNext()
:: [20] void System.Runtime.CompilerServices.AsyncTaskMethodBuilder.Start&lt;TStateMachine&gt;(TStateMachine&amp;)
:: [21] System.Threading.Tasks.Task GdUnit4.Core.Execution.BeforeExecutionStage.Execute(GdUnit4.Core.Execution.ExecutionContext)
:: [22] void GdUnit4.Core.Execution.TestSuiteExecutionStage+&lt;Execute&gt;d__13.MoveNext()
:: [23] void System.Runtime.CompilerServices.AsyncTaskMethodBuilder.Start&lt;TStateMachine&gt;(TStateMachine&amp;)
:: [24] System.Threading.Tasks.Task GdUnit4.Core.Execution.TestSuiteExecutionStage.Execute(GdUnit4.Core.Execution.ExecutionContext)
:: [25] void GdUnit4.Core.Commands.ExecuteTestSuiteCommand+&lt;Execute&gt;d__18.MoveNext()
:: [26] void System.Runtime.CompilerServices.AsyncTaskMethodBuilder`1+AsyncStateMachineBox`1.ExecutionContextCallback(object)
:: [27] void System.Threading.ExecutionContext.RunInternal(System.Threading.ExecutionContext, System.Threading.ContextCallback, object)
:: [28] void System.Runtime.CompilerServices.AsyncTaskMethodBuilder`1+AsyncStateMachineBox`1.MoveNext(System.Threading.Thread)
:: [29] void Godot.SignalAwaiter.SignalCallback(nint, Godot.NativeInterop.godot_variant**, int, Godot.NativeInterop.godot_bool*) (/root/godot/modules/mono/glue/GodotSharp/GodotSharp/Core/SignalAwaiter.cs:65)
:: WARNING: res://source/ui/omega/omega_ui_frame.tscn:4 - ext_resource, invalid UID: uid://d12xf8v7m9ak - using text path instead: res://source/shaders/crt_unified.gdshader
:: at: load (scene/resources/resource_format_text.cpp:466)
:: C# backtrace (most recent call first):
:: [0] Godot.GodotObject Godot.NativeCalls.godot_icall_3_761(nint, nint, string, string, int) (/root/godot/modules/mono/glue/GodotSharp/GodotSharp/Generated/NativeCalls.cs:6854)
:: [1] Godot.Resource Godot.ResourceLoader.Load(string, string, Godot.ResourceLoader+CacheMode) (/root/godot/modules/mono/glue/GodotSharp/GodotSharp/Generated/GodotObjects/ResourceLoader.cs:120)
:: [2] Godot.Node GdUnit4.Core.SceneRunner.LoadScene(string)
:: [3] GdUnit4.Core.SceneRunner..ctor(string, bool, bool)
:: [4] GdUnit4.ISceneRunner GdUnit4.ISceneRunner.Load(string, bool, bool)
:: [5] void OmegaSpiral.Tests.Ui.PauseMenuTests+&lt;Setup&gt;d__2.MoveNext() (/home/adam/Dev/omega-spiral/chapter-zero/tests/ui/menus/PauseMenuTests.cs:29)
:: [6] void System.Runtime.CompilerServices.AsyncTaskMethodBuilder.Start&lt;TStateMachine&gt;(TStateMachine&amp;)
:: [7] System.Threading.Tasks.Task OmegaSpiral.Tests.Ui.PauseMenuTests.Setup()
:: [8] void System.RuntimeMethodHandle.InvokeMethod(System.Runtime.CompilerServices.ObjectHandleOnStack, System.Void**, System.Runtime.CompilerServices.ObjectHandleOnStack, Interop+BOOL, System.Runtime.CompilerServices.ObjectHandleOnStack)
:: [9] void System.RuntimeMethodHandle.InvokeMethod(System.Runtime.CompilerServices.ObjectHandleOnStack, System.Void**, System.Runtime.CompilerServices.ObjectHandleOnStack, Interop+BOOL, System.Runtime.CompilerServices.ObjectHandleOnStack)
:: [10] object System.Reflection.MethodBaseInvoker.InterpretedInvoke_Method(object, System.IntPtr*)
:: [11] object System.Reflection.RuntimeMethodInfo.Invoke(object, System.Reflection.BindingFlags, System.Reflection.Binder, System.Object[], System.Globalization.CultureInfo)
:: [12] void GdUnit4.Core.Execution.ExecutionStage`1+&lt;ExecuteStage&gt;d__37.MoveNext()
:: [13] void System.Runtime.CompilerServices.AsyncTaskMethodBuilder.Start&lt;TStateMachine&gt;(TStateMachine&amp;)
:: [14] System.Threading.Tasks.Task GdUnit4.Core.Execution.ExecutionStage`1.ExecuteStage(GdUnit4.Core.Execution.ExecutionContext)
:: [15] void GdUnit4.Core.Execution.ExecutionStage`1+&lt;Execute&gt;d__30.MoveNext()
:: [16] void System.Runtime.CompilerServices.AsyncTaskMethodBuilder.Start&lt;TStateMachine&gt;(TStateMachine&amp;)
:: [17] System.Threading.Tasks.Task GdUnit4.Core.Execution.ExecutionStage`1.Execute(GdUnit4.Core.Execution.ExecutionContext)
:: [18] System.Threading.Tasks.Task GdUnit4.Core.Execution.BeforeExecutionStage.&lt;&gt;n__0(GdUnit4.Core.Execution.ExecutionContext)
:: [19] void GdUnit4.Core.Execution.BeforeExecutionStage+&lt;Execute&gt;d__1.MoveNext()
:: [20] void System.Runtime.CompilerServices.AsyncTaskMethodBuilder.Start&lt;TStateMachine&gt;(TStateMachine&amp;)
:: [21] System.Threading.Tasks.Task GdUnit4.Core.Execution.BeforeExecutionStage.Execute(GdUnit4.Core.Execution.ExecutionContext)
:: [22] void GdUnit4.Core.Execution.TestSuiteExecutionStage+&lt;Execute&gt;d__13.MoveNext()
:: [23] void System.Runtime.CompilerServices.AsyncTaskMethodBuilder.Start&lt;TStateMachine&gt;(TStateMachine&amp;)
:: [24] System.Threading.Tasks.Task GdUnit4.Core.Execution.TestSuiteExecutionStage.Execute(GdUnit4.Core.Execution.ExecutionContext)
:: [25] void GdUnit4.Core.Commands.ExecuteTestSuiteCommand+&lt;Execute&gt;d__18.MoveNext()
:: [26] void System.Runtime.CompilerServices.AsyncTaskMethodBuilder`1+AsyncStateMachineBox`1.ExecutionContextCallback(object)
:: [27] void System.Threading.ExecutionContext.RunInternal(System.Threading.ExecutionContext, System.Threading.ContextCallback, object)
:: [28] void System.Runtime.CompilerServices.AsyncTaskMethodBuilder`1+AsyncStateMachineBox`1.MoveNext(System.Threading.Thread)
:: [29] void Godot.SignalAwaiter.SignalCallback(nint, Godot.NativeInterop.godot_variant**, int, Godot.NativeInterop.godot_bool*) (/root/godot/modules/mono/glue/GodotSharp/GodotSharp/Core/SignalAwaiter.cs:65)
:: WARNING: Parent path 'OmegaFrame' for node 'OuterBlackBorder' has vanished when instantiating: 'res://source/ui/omega/omega_ui_frame.tscn'.
:: at: instantiate (scene/resources/packed_scene.cpp:205)
:: C# backtrace (most recent call first):
:: [0] Godot.GodotObject Godot.NativeCalls.godot_icall_1_79(nint, nint, int) (/root/godot/modules/mono/glue/GodotSharp/GodotSharp/Generated/NativeCalls.cs:703)
:: [1] Godot.Node Godot.PackedScene.Instantiate(Godot.PackedScene+GenEditState) (/root/godot/modules/mono/glue/GodotSharp/GodotSharp/Generated/GodotObjects/PackedScene.cs:130)
:: [2] Godot.Node GdUnit4.Core.SceneRunner.LoadScene(string)
:: [3] GdUnit4.Core.SceneRunner..ctor(string, bool, bool)
:: [4] GdUnit4.ISceneRunner GdUnit4.ISceneRunner.Load(string, bool, bool)
:: [5] void OmegaSpiral.Tests.Ui.PauseMenuTests+&lt;Setup&gt;d__2.MoveNext() (/home/adam/Dev/omega-spiral/chapter-zero/tests/ui/menus/PauseMenuTests.cs:29)
:: [6] void System.Runtime.CompilerServices.AsyncTaskMethodBuilder.Start&lt;TStateMachine&gt;(TStateMachine&amp;)
:: [7] System.Threading.Tasks.Task OmegaSpiral.Tests.Ui.PauseMenuTests.Setup()
:: [8] void System.RuntimeMethodHandle.InvokeMethod(System.Runtime.CompilerServices.ObjectHandleOnStack, System.Void**, System.Runtime.CompilerServices.ObjectHandleOnStack, Interop+BOOL, System.Runtime.CompilerServices.ObjectHandleOnStack)
:: [9] void System.RuntimeMethodHandle.InvokeMethod(System.Runtime.CompilerServices.ObjectHandleOnStack, System.Void**, System.Runtime.CompilerServices.ObjectHandleOnStack, Interop+BOOL, System.Runtime.CompilerServices.ObjectHandleOnStack)
:: [10] object System.Reflection.MethodBaseInvoker.InterpretedInvoke_Method(object, System.IntPtr*)
:: [11] object System.Reflection.RuntimeMethodInfo.Invoke(object, System.Reflection.BindingFlags, System.Reflection.Binder, System.Object[], System.Globalization.CultureInfo)
:: [12] void GdUnit4.Core.Execution.ExecutionStage`1+&lt;ExecuteStage&gt;d__37.MoveNext()
:: [13] void System.Runtime.CompilerServices.AsyncTaskMethodBuilder.Start&lt;TStateMachine&gt;(TStateMachine&amp;)
:: [14] System.Threading.Tasks.Task GdUnit4.Core.Execution.ExecutionStage`1.ExecuteStage(GdUnit4.Core.Execution.ExecutionContext)
:: [15] void GdUnit4.Core.Execution.ExecutionStage`1+&lt;Execute&gt;d__30.MoveNext()
:: [16] void System.Runtime.CompilerServices.AsyncTaskMethodBuilder.Start&lt;TStateMachine&gt;(TStateMachine&amp;)
:: [17] System.Threading.Tasks.Task GdUnit4.Core.Execution.ExecutionStage`1.Execute(GdUnit4.Core.Execution.ExecutionContext)
:: [18] System.Threading.Tasks.Task GdUnit4.Core.Execution.BeforeExecutionStage.&lt;&gt;n__0(GdUnit4.Core.Execution.ExecutionContext)
:: [19] void GdUnit4.Core.Execution.BeforeExecutionStage+&lt;Execute&gt;d__1.MoveNext()
:: [20] void System.Runtime.CompilerServices.AsyncTaskMethodBuilder.Start&lt;TStateMachine&gt;(TStateMachine&amp;)
:: [21] System.Threading.Tasks.Task GdUnit4.Core.Execution.BeforeExecutionStage.Execute(GdUnit4.Core.Execution.ExecutionContext)
:: [22] void GdUnit4.Core.Execution.TestSuiteExecutionStage+&lt;Execute&gt;d__13.MoveNext()
:: [23] void System.Runtime.CompilerServices.AsyncTaskMethodBuilder.Start&lt;TStateMachine&gt;(TStateMachine&amp;)
:: [24] System.Threading.Tasks.Task GdUnit4.Core.Execution.TestSuiteExecutionStage.Execute(GdUnit4.Core.Execution.ExecutionContext)
:: [25] void GdUnit4.Core.Commands.ExecuteTestSuiteCommand+&lt;Execute&gt;d__18.MoveNext()
:: [26] void System.Runtime.CompilerServices.AsyncTaskMethodBuilder`1+AsyncStateMachineBox`1.ExecutionContextCallback(object)
:: [27] void System.Threading.ExecutionContext.RunInternal(System.Threading.ExecutionContext, System.Threading.ContextCallback, object)
:: [28] void System.Runtime.CompilerServices.AsyncTaskMethodBuilder`1+AsyncStateMachineBox`1.MoveNext(System.Threading.Thread)
:: [29] void Godot.SignalAwaiter.SignalCallback(nint, Godot.NativeInterop.godot_variant**, int, Godot.NativeInterop.godot_bool*) (/root/godot/modules/mono/glue/GodotSharp/GodotSharp/Core/SignalAwaiter.cs:65)
:: WARNING: Parent path 'OmegaFrame' for node 'BorderFrame' has vanished when instantiating: 'res://source/ui/omega/omega_ui_frame.tscn'.
:: at: instantiate (scene/resources/packed_scene.cpp:205)
:: C# backtrace (most recent call first):
:: [0] Godot.GodotObject Godot.NativeCalls.godot_icall_1_79(nint, nint, int) (/root/godot/modules/mono/glue/GodotSharp/GodotSharp/Generated/NativeCalls.cs:703)
:: [1] Godot.Node Godot.PackedScene.Instantiate(Godot.PackedScene+GenEditState) (/root/godot/modules/mono/glue/GodotSharp/GodotSharp/Generated/GodotObjects/PackedScene.cs:130)
:: [2] Godot.Node GdUnit4.Core.SceneRunner.LoadScene(string)
:: [3] GdUnit4.Core.SceneRunner..ctor(string, bool, bool)
:: [4] GdUnit4.ISceneRunner GdUnit4.ISceneRunner.Load(string, bool, bool)
:: [5] void OmegaSpiral.Tests.Ui.PauseMenuTests+&lt;Setup&gt;d__2.MoveNext() (/home/adam/Dev/omega-spiral/chapter-zero/tests/ui/menus/PauseMenuTests.cs:29)
:: [6] void System.Runtime.CompilerServices.AsyncTaskMethodBuilder.Start&lt;TStateMachine&gt;(TStateMachine&amp;)
:: [7] System.Threading.Tasks.Task OmegaSpiral.Tests.Ui.PauseMenuTests.Setup()
:: [8] void System.RuntimeMethodHandle.InvokeMethod(System.Runtime.CompilerServices.ObjectHandleOnStack, System.Void**, System.Runtime.CompilerServices.ObjectHandleOnStack, Interop+BOOL, System.Runtime.CompilerServices.ObjectHandleOnStack)
:: [9] void System.RuntimeMethodHandle.InvokeMethod(System.Runtime.CompilerServices.ObjectHandleOnStack, System.Void**, System.Runtime.CompilerServices.ObjectHandleOnStack, Interop+BOOL, System.Runtime.CompilerServices.ObjectHandleOnStack)
:: [10] object System.Reflection.MethodBaseInvoker.InterpretedInvoke_Method(object, System.IntPtr*)
:: [11] object System.Reflection.RuntimeMethodInfo.Invoke(object, System.Reflection.BindingFlags, System.Reflection.Binder, System.Object[], System.Globalization.CultureInfo)
:: [12] void GdUnit4.Core.Execution.ExecutionStage`1+&lt;ExecuteStage&gt;d__37.MoveNext()
:: [13] void System.Runtime.CompilerServices.AsyncTaskMethodBuilder.Start&lt;TStateMachine&gt;(TStateMachine&amp;)
:: [14] System.Threading.Tasks.Task GdUnit4.Core.Execution.ExecutionStage`1.ExecuteStage(GdUnit4.Core.Execution.ExecutionContext)
:: [15] void GdUnit4.Core.Execution.ExecutionStage`1+&lt;Execute&gt;d__30.MoveNext()
:: [16] void System.Runtime.CompilerServices.AsyncTaskMethodBuilder.Start&lt;TStateMachine&gt;(TStateMachine&amp;)
:: [17] System.Threading.Tasks.Task GdUnit4.Core.Execution.ExecutionStage`1.Execute(GdUnit4.Core.Execution.ExecutionContext)
:: [18] System.Threading.Tasks.Task GdUnit4.Core.Execution.BeforeExecutionStage.&lt;&gt;n__0(GdUnit4.Core.Execution.ExecutionContext)
:: [19] void GdUnit4.Core.Execution.BeforeExecutionStage+&lt;Execute&gt;d__1.MoveNext()
:: [20] void System.Runtime.CompilerServices.AsyncTaskMethodBuilder.Start&lt;TStateMachine&gt;(TStateMachine&amp;)
:: [21] System.Threading.Tasks.Task GdUnit4.Core.Execution.BeforeExecutionStage.Execute(GdUnit4.Core.Execution.ExecutionContext)
:: [22] void GdUnit4.Core.Execution.TestSuiteExecutionStage+&lt;Execute&gt;d__13.MoveNext()
:: [23] void System.Runtime.CompilerServices.AsyncTaskMethodBuilder.Start&lt;TStateMachine&gt;(TStateMachine&amp;)
:: [24] System.Threading.Tasks.Task GdUnit4.Core.Execution.TestSuiteExecutionStage.Execute(GdUnit4.Core.Execution.ExecutionContext)
:: [25] void GdUnit4.Core.Commands.ExecuteTestSuiteCommand+&lt;Execute&gt;d__18.MoveNext()
:: [26] void System.Runtime.CompilerServices.AsyncTaskMethodBuilder`1+AsyncStateMachineBox`1.ExecutionContextCallback(object)
:: [27] void System.Threading.ExecutionContext.RunInternal(System.Threading.ExecutionContext, System.Threading.ContextCallback, object)
:: [28] void System.Runtime.CompilerServices.AsyncTaskMethodBuilder`1+AsyncStateMachineBox`1.MoveNext(System.Threading.Thread)
:: [29] void Godot.SignalAwaiter.SignalCallback(nint, Godot.NativeInterop.godot_variant**, int, Godot.NativeInterop.godot_bool*) (/root/godot/modules/mono/glue/GodotSharp/GodotSharp/Core/SignalAwaiter.cs:65)
:: WARNING: Parent path 'OmegaFrame' for node 'CrtFrame' has vanished when instantiating: 'res://source/ui/omega/omega_ui_frame.tscn'.
:: at: instantiate (scene/resources/packed_scene.cpp:205)
:: C# backtrace (most recent call first):
:: [0] Godot.GodotObject Godot.NativeCalls.godot_icall_1_79(nint, nint, int) (/root/godot/modules/mono/glue/GodotSharp/GodotSharp/Generated/NativeCalls.cs:703)
:: [1] Godot.Node Godot.PackedScene.Instantiate(Godot.PackedScene+GenEditState) (/root/godot/modules/mono/glue/GodotSharp/GodotSharp/Generated/GodotObjects/PackedScene.cs:130)
:: [2] Godot.Node GdUnit4.Core.SceneRunner.LoadScene(string)
:: [3] GdUnit4.Core.SceneRunner..ctor(string, bool, bool)
:: [4] GdUnit4.ISceneRunner GdUnit4.ISceneRunner.Load(string, bool, bool)
:: [5] void OmegaSpiral.Tests.Ui.PauseMenuTests+&lt;Setup&gt;d__2.MoveNext() (/home/adam/Dev/omega-spiral/chapter-zero/tests/ui/menus/PauseMenuTests.cs:29)
:: [6] void System.Runtime.CompilerServices.AsyncTaskMethodBuilder.Start&lt;TStateMachine&gt;(TStateMachine&amp;)
:: [7] System.Threading.Tasks.Task OmegaSpiral.Tests.Ui.PauseMenuTests.Setup()
:: [8] void System.RuntimeMethodHandle.InvokeMethod(System.Runtime.CompilerServices.ObjectHandleOnStack, System.Void**, System.Runtime.CompilerServices.ObjectHandleOnStack, Interop+BOOL, System.Runtime.CompilerServices.ObjectHandleOnStack)
:: [9] void System.RuntimeMethodHandle.InvokeMethod(System.Runtime.CompilerServices.ObjectHandleOnStack, System.Void**, System.Runtime.CompilerServices.ObjectHandleOnStack, Interop+BOOL, System.Runtime.CompilerServices.ObjectHandleOnStack)
:: [10] object System.Reflection.MethodBaseInvoker.InterpretedInvoke_Method(object, System.IntPtr*)
:: [11] object System.Reflection.RuntimeMethodInfo.Invoke(object, System.Reflection.BindingFlags, System.Reflection.Binder, System.Object[], System.Globalization.CultureInfo)
:: [12] void GdUnit4.Core.Execution.ExecutionStage`1+&lt;ExecuteStage&gt;d__37.MoveNext()
:: [13] void System.Runtime.CompilerServices.AsyncTaskMethodBuilder.Start&lt;TStateMachine&gt;(TStateMachine&amp;)
:: [14] System.Threading.Tasks.Task GdUnit4.Core.Execution.ExecutionStage`1.ExecuteStage(GdUnit4.Core.Execution.ExecutionContext)
:: [15] void GdUnit4.Core.Execution.ExecutionStage`1+&lt;Execute&gt;d__30.MoveNext()
:: [16] void System.Runtime.CompilerServices.AsyncTaskMethodBuilder.Start&lt;TStateMachine&gt;(TStateMachine&amp;)
:: [17] System.Threading.Tasks.Task GdUnit4.Core.Execution.ExecutionStage`1.Execute(GdUnit4.Core.Execution.ExecutionContext)
:: [18] System.Threading.Tasks.Task GdUnit4.Core.Execution.BeforeExecutionStage.&lt;&gt;n__0(GdUnit4.Core.Execution.ExecutionContext)
:: [19] void GdUnit4.Core.Execution.BeforeExecutionStage+&lt;Execute&gt;d__1.MoveNext()
:: [20] void System.Runtime.CompilerServices.AsyncTaskMethodBuilder.Start&lt;TStateMachine&gt;(TStateMachine&amp;)
:: [21] System.Threading.Tasks.Task GdUnit4.Core.Execution.BeforeExecutionStage.Execute(GdUnit4.Core.Execution.ExecutionContext)
:: [22] void GdUnit4.Core.Execution.TestSuiteExecutionStage+&lt;Execute&gt;d__13.MoveNext()
:: [23] void System.Runtime.CompilerServices.AsyncTaskMethodBuilder.Start&lt;TStateMachine&gt;(TStateMachine&amp;)
:: [24] System.Threading.Tasks.Task GdUnit4.Core.Execution.TestSuiteExecutionStage.Execute(GdUnit4.Core.Execution.ExecutionContext)
:: [25] void GdUnit4.Core.Commands.ExecuteTestSuiteCommand+&lt;Execute&gt;d__18.MoveNext()
:: [26] void System.Runtime.CompilerServices.AsyncTaskMethodBuilder`1+AsyncStateMachineBox`1.ExecutionContextCallback(object)
:: [27] void System.Threading.ExecutionContext.RunInternal(System.Threading.ExecutionContext, System.Threading.ContextCallback, object)
:: [28] void System.Runtime.CompilerServices.AsyncTaskMethodBuilder`1+AsyncStateMachineBox`1.MoveNext(System.Threading.Thread)
:: [29] void Godot.SignalAwaiter.SignalCallback(nint, Godot.NativeInterop.godot_variant**, int, Godot.NativeInterop.godot_bool*) (/root/godot/modules/mono/glue/GodotSharp/GodotSharp/Core/SignalAwaiter.cs:65)
:: WARNING: Parent path 'OmegaFrame/CrtFrame' for node 'CrtBackground' has vanished when instantiating: 'res://source/ui/omega/omega_ui_frame.tscn'.
:: at: instantiate (scene/resources/packed_scene.cpp:205)
:: C# backtrace (most recent call first):
:: [0] Godot.GodotObject Godot.NativeCalls.godot_icall_1_79(nint, nint, int) (/root/godot/modules/mono/glue/GodotSharp/GodotSharp/Generated/NativeCalls.cs:703)
:: [1] Godot.Node Godot.PackedScene.Instantiate(Godot.PackedScene+GenEditState) (/root/godot/modules/mono/glue/GodotSharp/GodotSharp/Generated/GodotObjects/PackedScene.cs:130)
:: [2] Godot.Node GdUnit4.Core.SceneRunner.LoadScene(string)
:: [3] GdUnit4.Core.SceneRunner..ctor(string, bool, bool)
:: [4] GdUnit4.ISceneRunner GdUnit4.ISceneRunner.Load(string, bool, bool)
:: [5] void OmegaSpiral.Tests.Ui.PauseMenuTests+&lt;Setup&gt;d__2.MoveNext() (/home/adam/Dev/omega-spiral/chapter-zero/tests/ui/menus/PauseMenuTests.cs:29)
:: [6] void System.Runtime.CompilerServices.AsyncTaskMethodBuilder.Start&lt;TStateMachine&gt;(TStateMachine&amp;)
:: [7] System.Threading.Tasks.Task OmegaSpiral.Tests.Ui.PauseMenuTests.Setup()
:: [8] void System.RuntimeMethodHandle.InvokeMethod(System.Runtime.CompilerServices.ObjectHandleOnStack, System.Void**, System.Runtime.CompilerServices.ObjectHandleOnStack, Interop+BOOL, System.Runtime.CompilerServices.ObjectHandleOnStack)
:: [9] void System.RuntimeMethodHandle.InvokeMethod(System.Runtime.CompilerServices.ObjectHandleOnStack, System.Void**, System.Runtime.CompilerServices.ObjectHandleOnStack, Interop+BOOL, System.Runtime.CompilerServices.ObjectHandleOnStack)
:: [10] object System.Reflection.MethodBaseInvoker.InterpretedInvoke_Method(object, System.IntPtr*)
:: [11] object System.Reflection.RuntimeMethodInfo.Invoke(object, System.Reflection.BindingFlags, System.Reflection.Binder, System.Object[], System.Globalization.CultureInfo)
:: [12] void GdUnit4.Core.Execution.ExecutionStage`1+&lt;ExecuteStage&gt;d__37.MoveNext()
:: [13] void System.Runtime.CompilerServices.AsyncTaskMethodBuilder.Start&lt;TStateMachine&gt;(TStateMachine&amp;)
:: [14] System.Threading.Tasks.Task GdUnit4.Core.Execution.ExecutionStage`1.ExecuteStage(GdUnit4.Core.Execution.ExecutionContext)
:: [15] void GdUnit4.Core.Execution.ExecutionStage`1+&lt;Execute&gt;d__30.MoveNext()
:: [16] void System.Runtime.CompilerServices.AsyncTaskMethodBuilder.Start&lt;TStateMachine&gt;(TStateMachine&amp;)
:: [17] System.Threading.Tasks.Task GdUnit4.Core.Execution.ExecutionStage`1.Execute(GdUnit4.Core.Execution.ExecutionContext)
:: [18] System.Threading.Tasks.Task GdUnit4.Core.Execution.BeforeExecutionStage.&lt;&gt;n__0(GdUnit4.Core.Execution.ExecutionContext)
:: [19] void GdUnit4.Core.Execution.BeforeExecutionStage+&lt;Execute&gt;d__1.MoveNext()
:: [20] void System.Runtime.CompilerServices.AsyncTaskMethodBuilder.Start&lt;TStateMachine&gt;(TStateMachine&amp;)
:: [21] System.Threading.Tasks.Task GdUnit4.Core.Execution.BeforeExecutionStage.Execute(GdUnit4.Core.Execution.ExecutionContext)
:: [22] void GdUnit4.Core.Execution.TestSuiteExecutionStage+&lt;Execute&gt;d__13.MoveNext()
:: [23] void System.Runtime.CompilerServices.AsyncTaskMethodBuilder.Start&lt;TStateMachine&gt;(TStateMachine&amp;)
:: [24] System.Threading.Tasks.Task GdUnit4.Core.Execution.TestSuiteExecutionStage.Execute(GdUnit4.Core.Execution.ExecutionContext)
:: [25] void GdUnit4.Core.Commands.ExecuteTestSuiteCommand+&lt;Execute&gt;d__18.MoveNext()
:: [26] void System.Runtime.CompilerServices.AsyncTaskMethodBuilder`1+AsyncStateMachineBox`1.ExecutionContextCallback(object)
:: [27] void System.Threading.ExecutionContext.RunInternal(System.Threading.ExecutionContext, System.Threading.ContextCallback, object)
:: [28] void System.Runtime.CompilerServices.AsyncTaskMethodBuilder`1+AsyncStateMachineBox`1.MoveNext(System.Threading.Thread)
:: [29] void Godot.SignalAwaiter.SignalCallback(nint, Godot.NativeInterop.godot_variant**, int, Godot.NativeInterop.godot_bool*) (/root/godot/modules/mono/glue/GodotSharp/GodotSharp/Core/SignalAwaiter.cs:65)
:: WARNING: Parent path 'OmegaFrame/CrtFrame' for node 'CrtEffectsLayer' has vanished when instantiating: 'res://source/ui/omega/omega_ui_frame.tscn'.
:: at: instantiate (scene/resources/packed_scene.cpp:205)
:: C# backtrace (most recent call first):
:: [0] Godot.GodotObject Godot.NativeCalls.godot_icall_1_79(nint, nint, int) (/root/godot/modules/mono/glue/GodotSharp/GodotSharp/Generated/NativeCalls.cs:703)
:: [1] Godot.Node Godot.PackedScene.Instantiate(Godot.PackedScene+GenEditState) (/root/godot/modules/mono/glue/GodotSharp/GodotSharp/Generated/GodotObjects/PackedScene.cs:130)
:: [2] Godot.Node GdUnit4.Core.SceneRunner.LoadScene(string)
:: [3] GdUnit4.Core.SceneRunner..ctor(string, bool, bool)
:: [4] GdUnit4.ISceneRunner GdUnit4.ISceneRunner.Load(string, bool, bool)
:: [5] void OmegaSpiral.Tests.Ui.PauseMenuTests+&lt;Setup&gt;d__2.MoveNext() (/home/adam/Dev/omega-spiral/chapter-zero/tests/ui/menus/PauseMenuTests.cs:29)
:: [6] void System.Runtime.CompilerServices.AsyncTaskMethodBuilder.Start&lt;TStateMachine&gt;(TStateMachine&amp;)
:: [7] System.Threading.Tasks.Task OmegaSpiral.Tests.Ui.PauseMenuTests.Setup()
:: [8] void System.RuntimeMethodHandle.InvokeMethod(System.Runtime.CompilerServices.ObjectHandleOnStack, System.Void**, System.Runtime.CompilerServices.ObjectHandleOnStack, Interop+BOOL, System.Runtime.CompilerServices.ObjectHandleOnStack)
:: [9] void System.RuntimeMethodHandle.InvokeMethod(System.Runtime.CompilerServices.ObjectHandleOnStack, System.Void**, System.Runtime.CompilerServices.ObjectHandleOnStack, Interop+BOOL, System.Runtime.CompilerServices.ObjectHandleOnStack)
:: [10] object System.Reflection.MethodBaseInvoker.InterpretedInvoke_Method(object, System.IntPtr*)
:: [11] object System.Reflection.RuntimeMethodInfo.Invoke(object, System.Reflection.BindingFlags, System.Reflection.Binder, System.Object[], System.Globalization.CultureInfo)
:: [12] void GdUnit4.Core.Execution.ExecutionStage`1+&lt;ExecuteStage&gt;d__37.MoveNext()
:: [13] void System.Runtime.CompilerServices.AsyncTaskMethodBuilder.Start&lt;TStateMachine&gt;(TStateMachine&amp;)
:: [14] System.Threading.Tasks.Task GdUnit4.Core.Execution.ExecutionStage`1.ExecuteStage(GdUnit4.Core.Execution.ExecutionContext)
:: [15] void GdUnit4.Core.Execution.ExecutionStage`1+&lt;Execute&gt;d__30.MoveNext()
:: [16] void System.Runtime.CompilerServices.AsyncTaskMethodBuilder.Start&lt;TStateMachine&gt;(TStateMachine&amp;)
:: [17] System.Threading.Tasks.Task GdUnit4.Core.Execution.ExecutionStage`1.Execute(GdUnit4.Core.Execution.ExecutionContext)
:: [18] System.Threading.Tasks.Task GdUnit4.Core.Execution.BeforeExecutionStage.&lt;&gt;n__0(GdUnit4.Core.Execution.ExecutionContext)
:: [19] void GdUnit4.Core.Execution.BeforeExecutionStage+&lt;Execute&gt;d__1.MoveNext()
:: [20] void System.Runtime.CompilerServices.AsyncTaskMethodBuilder.Start&lt;TStateMachine&gt;(TStateMachine&amp;)
:: [21] System.Threading.Tasks.Task GdUnit4.Core.Execution.BeforeExecutionStage.Execute(GdUnit4.Core.Execution.ExecutionContext)
:: [22] void GdUnit4.Core.Execution.TestSuiteExecutionStage+&lt;Execute&gt;d__13.MoveNext()
:: [23] void System.Runtime.CompilerServices.AsyncTaskMethodBuilder.Start&lt;TStateMachine&gt;(TStateMachine&amp;)
:: [24] System.Threading.Tasks.Task GdUnit4.Core.Execution.TestSuiteExecutionStage.Execute(GdUnit4.Core.Execution.ExecutionContext)
:: [25] void GdUnit4.Core.Commands.ExecuteTestSuiteCommand+&lt;Execute&gt;d__18.MoveNext()
:: [26] void System.Runtime.CompilerServices.AsyncTaskMethodBuilder`1+AsyncStateMachineBox`1.ExecutionContextCallback(object)
:: [27] void System.Threading.ExecutionContext.RunInternal(System.Threading.ExecutionContext, System.Threading.ContextCallback, object)
:: [28] void System.Runtime.CompilerServices.AsyncTaskMethodBuilder`1+AsyncStateMachineBox`1.MoveNext(System.Threading.Thread)
:: [29] void Godot.SignalAwaiter.SignalCallback(nint, Godot.NativeInterop.godot_variant**, int, Godot.NativeInterop.godot_bool*) (/root/godot/modules/mono/glue/GodotSharp/GodotSharp/Core/SignalAwaiter.cs:65)
:: WARNING: Parent path 'OmegaFrame/CrtFrame' for node 'ContentContainer' has vanished when instantiating: 'res://source/ui/omega/omega_ui_frame.tscn'.
:: at: instantiate (scene/resources/packed_scene.cpp:205)
:: C# backtrace (most recent call first):
:: [0] Godot.GodotObject Godot.NativeCalls.godot_icall_1_79(nint, nint, int) (/root/godot/modules/mono/glue/GodotSharp/GodotSharp/Generated/NativeCalls.cs:703)
:: [1] Godot.Node Godot.PackedScene.Instantiate(Godot.PackedScene+GenEditState) (/root/godot/modules/mono/glue/GodotSharp/GodotSharp/Generated/GodotObjects/PackedScene.cs:130)
:: [2] Godot.Node GdUnit4.Core.SceneRunner.LoadScene(string)
:: [3] GdUnit4.Core.SceneRunner..ctor(string, bool, bool)
:: [4] GdUnit4.ISceneRunner GdUnit4.ISceneRunner.Load(string, bool, bool)
:: [5] void OmegaSpiral.Tests.Ui.PauseMenuTests+&lt;Setup&gt;d__2.MoveNext() (/home/adam/Dev/omega-spiral/chapter-zero/tests/ui/menus/PauseMenuTests.cs:29)
:: [6] void System.Runtime.CompilerServices.AsyncTaskMethodBuilder.Start&lt;TStateMachine&gt;(TStateMachine&amp;)
:: [7] System.Threading.Tasks.Task OmegaSpiral.Tests.Ui.PauseMenuTests.Setup()
:: [8] void System.RuntimeMethodHandle.InvokeMethod(System.Runtime.CompilerServices.ObjectHandleOnStack, System.Void**, System.Runtime.CompilerServices.ObjectHandleOnStack, Interop+BOOL, System.Runtime.CompilerServices.ObjectHandleOnStack)
:: [9] void System.RuntimeMethodHandle.InvokeMethod(System.Runtime.CompilerServices.ObjectHandleOnStack, System.Void**, System.Runtime.CompilerServices.ObjectHandleOnStack, Interop+BOOL, System.Runtime.CompilerServices.ObjectHandleOnStack)
:: [10] object System.Reflection.MethodBaseInvoker.InterpretedInvoke_Method(object, System.IntPtr*)
:: [11] object System.Reflection.RuntimeMethodInfo.Invoke(object, System.Reflection.BindingFlags, System.Reflection.Binder, System.Object[], System.Globalization.CultureInfo)
:: [12] void GdUnit4.Core.Execution.ExecutionStage`1+&lt;ExecuteStage&gt;d__37.MoveNext()
:: [13] void System.Runtime.CompilerServices.AsyncTaskMethodBuilder.Start&lt;TStateMachine&gt;(TStateMachine&amp;)
:: [14] System.Threading.Tasks.Task GdUnit4.Core.Execution.ExecutionStage`1.ExecuteStage(GdUnit4.Core.Execution.ExecutionContext)
:: [15] void GdUnit4.Core.Execution.ExecutionStage`1+&lt;Execute&gt;d__30.MoveNext()
:: [16] void System.Runtime.CompilerServices.AsyncTaskMethodBuilder.Start&lt;TStateMachine&gt;(TStateMachine&amp;)
:: [17] System.Threading.Tasks.Task GdUnit4.Core.Execution.ExecutionStage`1.Execute(GdUnit4.Core.Execution.ExecutionContext)
:: [18] System.Threading.Tasks.Task GdUnit4.Core.Execution.BeforeExecutionStage.&lt;&gt;n__0(GdUnit4.Core.Execution.ExecutionContext)
:: [19] void GdUnit4.Core.Execution.BeforeExecutionStage+&lt;Execute&gt;d__1.MoveNext()
:: [20] void System.Runtime.CompilerServices.AsyncTaskMethodBuilder.Start&lt;TStateMachine&gt;(TStateMachine&amp;)
:: [21] System.Threading.Tasks.Task GdUnit4.Core.Execution.BeforeExecutionStage.Execute(GdUnit4.Core.Execution.ExecutionContext)
:: [22] void GdUnit4.Core.Execution.TestSuiteExecutionStage+&lt;Execute&gt;d__13.MoveNext()
:: [23] void System.Runtime.CompilerServices.AsyncTaskMethodBuilder.Start&lt;TStateMachine&gt;(TStateMachine&amp;)
:: [24] System.Threading.Tasks.Task GdUnit4.Core.Execution.TestSuiteExecutionStage.Execute(GdUnit4.Core.Execution.ExecutionContext)
:: [25] void GdUnit4.Core.Commands.ExecuteTestSuiteCommand+&lt;Execute&gt;d__18.MoveNext()
:: [26] void System.Runtime.CompilerServices.AsyncTaskMethodBuilder`1+AsyncStateMachineBox`1.ExecutionContextCallback(object)
:: [27] void System.Threading.ExecutionContext.RunInternal(System.Threading.ExecutionContext, System.Threading.ContextCallback, object)
:: [28] void System.Runtime.CompilerServices.AsyncTaskMethodBuilder`1+AsyncStateMachineBox`1.MoveNext(System.Threading.Thread)
:: [29] void Godot.SignalAwaiter.SignalCallback(nint, Godot.NativeInterop.godot_variant**, int, Godot.NativeInterop.godot_bool*) (/root/godot/modules/mono/glue/GodotSharp/GodotSharp/Core/SignalAwaiter.cs:65)
:: WARNING: Parent path 'OmegaFrame/CrtFrame' for node 'ContentContainer' has vanished when instantiating: 'res://source/ui/menus/pause_menu.tscn'.
:: at: instantiate (scene/resources/packed_scene.cpp:205)
:: C# backtrace (most recent call first):
:: [0] Godot.GodotObject Godot.NativeCalls.godot_icall_1_79(nint, nint, int) (/root/godot/modules/mono/glue/GodotSharp/GodotSharp/Generated/NativeCalls.cs:703)
:: [1] Godot.Node Godot.PackedScene.Instantiate(Godot.PackedScene+GenEditState) (/root/godot/modules/mono/glue/GodotSharp/GodotSharp/Generated/GodotObjects/PackedScene.cs:130)
:: [2] Godot.Node GdUnit4.Core.SceneRunner.LoadScene(string)
:: [3] GdUnit4.Core.SceneRunner..ctor(string, bool, bool)
:: [4] GdUnit4.ISceneRunner GdUnit4.ISceneRunner.Load(string, bool, bool)
:: [5] void OmegaSpiral.Tests.Ui.PauseMenuTests+&lt;Setup&gt;d__2.MoveNext() (/home/adam/Dev/omega-spiral/chapter-zero/tests/ui/menus/PauseMenuTests.cs:29)
:: [6] void System.Runtime.CompilerServices.AsyncTaskMethodBuilder.Start&lt;TStateMachine&gt;(TStateMachine&amp;)
:: [7] System.Threading.Tasks.Task OmegaSpiral.Tests.Ui.PauseMenuTests.Setup()
:: [8] void System.RuntimeMethodHandle.InvokeMethod(System.Runtime.CompilerServices.ObjectHandleOnStack, System.Void**, System.Runtime.CompilerServices.ObjectHandleOnStack, Interop+BOOL, System.Runtime.CompilerServices.ObjectHandleOnStack)
:: [9] void System.RuntimeMethodHandle.InvokeMethod(System.Runtime.CompilerServices.ObjectHandleOnStack, System.Void**, System.Runtime.CompilerServices.ObjectHandleOnStack, Interop+BOOL, System.Runtime.CompilerServices.ObjectHandleOnStack)
:: [10] object System.Reflection.MethodBaseInvoker.InterpretedInvoke_Method(object, System.IntPtr*)
:: [11] object System.Reflection.RuntimeMethodInfo.Invoke(object, System.Reflection.BindingFlags, System.Reflection.Binder, System.Object[], System.Globalization.CultureInfo)
:: [12] void GdUnit4.Core.Execution.ExecutionStage`1+&lt;ExecuteStage&gt;d__37.MoveNext()
:: [13] void System.Runtime.CompilerServices.AsyncTaskMethodBuilder.Start&lt;TStateMachine&gt;(TStateMachine&amp;)
:: [14] System.Threading.Tasks.Task GdUnit4.Core.Execution.ExecutionStage`1.ExecuteStage(GdUnit4.Core.Execution.ExecutionContext)
:: [15] void GdUnit4.Core.Execution.ExecutionStage`1+&lt;Execute&gt;d__30.MoveNext()
:: [16] void System.Runtime.CompilerServices.AsyncTaskMethodBuilder.Start&lt;TStateMachine&gt;(TStateMachine&amp;)
:: [17] System.Threading.Tasks.Task GdUnit4.Core.Execution.ExecutionStage`1.Execute(GdUnit4.Core.Execution.ExecutionContext)
:: [18] System.Threading.Tasks.Task GdUnit4.Core.Execution.BeforeExecutionStage.&lt;&gt;n__0(GdUnit4.Core.Execution.ExecutionContext)
:: [19] void GdUnit4.Core.Execution.BeforeExecutionStage+&lt;Execute&gt;d__1.MoveNext()
:: [20] void System.Runtime.CompilerServices.AsyncTaskMethodBuilder.Start&lt;TStateMachine&gt;(TStateMachine&amp;)
:: [21] System.Threading.Tasks.Task GdUnit4.Core.Execution.BeforeExecutionStage.Execute(GdUnit4.Core.Execution.ExecutionContext)
:: [22] void GdUnit4.Core.Execution.TestSuiteExecutionStage+&lt;Execute&gt;d__13.MoveNext()
:: [23] void System.Runtime.CompilerServices.AsyncTaskMethodBuilder.Start&lt;TStateMachine&gt;(TStateMachine&amp;)
:: [24] System.Threading.Tasks.Task GdUnit4.Core.Execution.TestSuiteExecutionStage.Execute(GdUnit4.Core.Execution.ExecutionContext)
:: [25] void GdUnit4.Core.Commands.ExecuteTestSuiteCommand+&lt;Execute&gt;d__18.MoveNext()
:: [26] void System.Runtime.CompilerServices.AsyncTaskMethodBuilder`1+AsyncStateMachineBox`1.ExecutionContextCallback(object)
:: [27] void System.Threading.ExecutionContext.RunInternal(System.Threading.ExecutionContext, System.Threading.ContextCallback, object)
:: [28] void System.Runtime.CompilerServices.AsyncTaskMethodBuilder`1+AsyncStateMachineBox`1.MoveNext(System.Threading.Thread)
:: [29] void Godot.SignalAwaiter.SignalCallback(nint, Godot.NativeInterop.godot_variant**, int, Godot.NativeInterop.godot_bool*) (/root/godot/modules/mono/glue/GodotSharp/GodotSharp/Core/SignalAwaiter.cs:65)
:: WARNING: Parent path 'OmegaFrame/CrtFrame/ContentContainer' for node 'MenuTitle' has vanished when instantiating: 'res://source/ui/menus/pause_menu.tscn'.
:: at: instantiate (scene/resources/packed_scene.cpp:205)
:: C# backtrace (most recent call first):
:: [0] Godot.GodotObject Godot.NativeCalls.godot_icall_1_79(nint, nint, int) (/root/godot/modules/mono/glue/GodotSharp/GodotSharp/Generated/NativeCalls.cs:703)
:: [1] Godot.Node Godot.PackedScene.Instantiate(Godot.PackedScene+GenEditState) (/root/godot/modules/mono/glue/GodotSharp/GodotSharp/Generated/GodotObjects/PackedScene.cs:130)
:: [2] Godot.Node GdUnit4.Core.SceneRunner.LoadScene(string)
:: [3] GdUnit4.Core.SceneRunner..ctor(string, bool, bool)
:: [4] GdUnit4.ISceneRunner GdUnit4.ISceneRunner.Load(string, bool, bool)
:: [5] void OmegaSpiral.Tests.Ui.PauseMenuTests+&lt;Setup&gt;d__2.MoveNext() (/home/adam/Dev/omega-spiral/chapter-zero/tests/ui/menus/PauseMenuTests.cs:29)
:: [6] void System.Runtime.CompilerServices.AsyncTaskMethodBuilder.Start&lt;TStateMachine&gt;(TStateMachine&amp;)
:: [7] System.Threading.Tasks.Task OmegaSpiral.Tests.Ui.PauseMenuTests.Setup()
:: [8] void System.RuntimeMethodHandle.InvokeMethod(System.Runtime.CompilerServices.ObjectHandleOnStack, System.Void**, System.Runtime.CompilerServices.ObjectHandleOnStack, Interop+BOOL, System.Runtime.CompilerServices.ObjectHandleOnStack)
:: [9] void System.RuntimeMethodHandle.InvokeMethod(System.Runtime.CompilerServices.ObjectHandleOnStack, System.Void**, System.Runtime.CompilerServices.ObjectHandleOnStack, Interop+BOOL, System.Runtime.CompilerServices.ObjectHandleOnStack)
:: [10] object System.Reflection.MethodBaseInvoker.InterpretedInvoke_Method(object, System.IntPtr*)
:: [11] object System.Reflection.RuntimeMethodInfo.Invoke(object, System.Reflection.BindingFlags, System.Reflection.Binder, System.Object[], System.Globalization.CultureInfo)
:: [12] void GdUnit4.Core.Execution.ExecutionStage`1+&lt;ExecuteStage&gt;d__37.MoveNext()
:: [13] void System.Runtime.CompilerServices.AsyncTaskMethodBuilder.Start&lt;TStateMachine&gt;(TStateMachine&amp;)
:: [14] System.Threading.Tasks.Task GdUnit4.Core.Execution.ExecutionStage`1.ExecuteStage(GdUnit4.Core.Execution.ExecutionContext)
:: [15] void GdUnit4.Core.Execution.ExecutionStage`1+&lt;Execute&gt;d__30.MoveNext()
:: [16] void System.Runtime.CompilerServices.AsyncTaskMethodBuilder.Start&lt;TStateMachine&gt;(TStateMachine&amp;)
:: [17] System.Threading.Tasks.Task GdUnit4.Core.Execution.ExecutionStage`1.Execute(GdUnit4.Core.Execution.ExecutionContext)
:: [18] System.Threading.Tasks.Task GdUnit4.Core.Execution.BeforeExecutionStage.&lt;&gt;n__0(GdUnit4.Core.Execution.ExecutionContext)
:: [19] void GdUnit4.Core.Execution.BeforeExecutionStage+&lt;Execute&gt;d__1.MoveNext()
:: [20] void System.Runtime.CompilerServices.AsyncTaskMethodBuilder.Start&lt;TStateMachine&gt;(TStateMachine&amp;)
:: [21] System.Threading.Tasks.Task GdUnit4.Core.Execution.BeforeExecutionStage.Execute(GdUnit4.Core.Execution.ExecutionContext)
:: [22] void GdUnit4.Core.Execution.TestSuiteExecutionStage+&lt;Execute&gt;d__13.MoveNext()
:: [23] void System.Runtime.CompilerServices.AsyncTaskMethodBuilder.Start&lt;TStateMachine&gt;(TStateMachine&amp;)
:: [24] System.Threading.Tasks.Task GdUnit4.Core.Execution.TestSuiteExecutionStage.Execute(GdUnit4.Core.Execution.ExecutionContext)
:: [25] void GdUnit4.Core.Commands.ExecuteTestSuiteCommand+&lt;Execute&gt;d__18.MoveNext()
:: [26] void System.Runtime.CompilerServices.AsyncTaskMethodBuilder`1+AsyncStateMachineBox`1.ExecutionContextCallback(object)
:: [27] void System.Threading.ExecutionContext.RunInternal(System.Threading.ExecutionContext, System.Threading.ContextCallback, object)
:: [28] void System.Runtime.CompilerServices.AsyncTaskMethodBuilder`1+AsyncStateMachineBox`1.MoveNext(System.Threading.Thread)
:: [29] void Godot.SignalAwaiter.SignalCallback(nint, Godot.NativeInterop.godot_variant**, int, Godot.NativeInterop.godot_bool*) (/root/godot/modules/mono/glue/GodotSharp/GodotSharp/Core/SignalAwaiter.cs:65)
:: WARNING: Parent path 'OmegaFrame/CrtFrame/ContentContainer' for node 'MenuButtonContainer' has vanished when instantiating: 'res://source/ui/menus/pause_menu.tscn'.
:: at: instantiate (scene/resources/packed_scene.cpp:205)
:: C# backtrace (most recent call first):
:: [0] Godot.GodotObject Godot.NativeCalls.godot_icall_1_79(nint, nint, int) (/root/godot/modules/mono/glue/GodotSharp/GodotSharp/Generated/NativeCalls.cs:703)
:: [1] Godot.Node Godot.PackedScene.Instantiate(Godot.PackedScene+GenEditState) (/root/godot/modules/mono/glue/GodotSharp/GodotSharp/Generated/GodotObjects/PackedScene.cs:130)
:: [2] Godot.Node GdUnit4.Core.SceneRunner.LoadScene(string)
:: [3] GdUnit4.Core.SceneRunner..ctor(string, bool, bool)
:: [4] GdUnit4.ISceneRunner GdUnit4.ISceneRunner.Load(string, bool, bool)
:: [5] void OmegaSpiral.Tests.Ui.PauseMenuTests+&lt;Setup&gt;d__2.MoveNext() (/home/adam/Dev/omega-spiral/chapter-zero/tests/ui/menus/PauseMenuTests.cs:29)
:: [6] void System.Runtime.CompilerServices.AsyncTaskMethodBuilder.Start&lt;TStateMachine&gt;(TStateMachine&amp;)
:: [7] System.Threading.Tasks.Task OmegaSpiral.Tests.Ui.PauseMenuTests.Setup()
:: [8] void System.RuntimeMethodHandle.InvokeMethod(System.Runtime.CompilerServices.ObjectHandleOnStack, System.Void**, System.Runtime.CompilerServices.ObjectHandleOnStack, Interop+BOOL, System.Runtime.CompilerServices.ObjectHandleOnStack)
:: [9] void System.RuntimeMethodHandle.InvokeMethod(System.Runtime.CompilerServices.ObjectHandleOnStack, System.Void**, System.Runtime.CompilerServices.ObjectHandleOnStack, Interop+BOOL, System.Runtime.CompilerServices.ObjectHandleOnStack)
:: [10] object System.Reflection.MethodBaseInvoker.InterpretedInvoke_Method(object, System.IntPtr*)
:: [11] object System.Reflection.RuntimeMethodInfo.Invoke(object, System.Reflection.BindingFlags, System.Reflection.Binder, System.Object[], System.Globalization.CultureInfo)
:: [12] void GdUnit4.Core.Execution.ExecutionStage`1+&lt;ExecuteStage&gt;d__37.MoveNext()
:: [13] void System.Runtime.CompilerServices.AsyncTaskMethodBuilder.Start&lt;TStateMachine&gt;(TStateMachine&amp;)
:: [14] System.Threading.Tasks.Task GdUnit4.Core.Execution.ExecutionStage`1.ExecuteStage(GdUnit4.Core.Execution.ExecutionContext)
:: [15] void GdUnit4.Core.Execution.ExecutionStage`1+&lt;Execute&gt;d__30.MoveNext()
:: [16] void System.Runtime.CompilerServices.AsyncTaskMethodBuilder.Start&lt;TStateMachine&gt;(TStateMachine&amp;)
:: [17] System.Threading.Tasks.Task GdUnit4.Core.Execution.ExecutionStage`1.Execute(GdUnit4.Core.Execution.ExecutionContext)
:: [18] System.Threading.Tasks.Task GdUnit4.Core.Execution.BeforeExecutionStage.&lt;&gt;n__0(GdUnit4.Core.Execution.ExecutionContext)
:: [19] void GdUnit4.Core.Execution.BeforeExecutionStage+&lt;Execute&gt;d__1.MoveNext()
:: [20] void System.Runtime.CompilerServices.AsyncTaskMethodBuilder.Start&lt;TStateMachine&gt;(TStateMachine&amp;)
:: [21] System.Threading.Tasks.Task GdUnit4.Core.Execution.BeforeExecutionStage.Execute(GdUnit4.Core.Execution.ExecutionContext)
:: [22] void GdUnit4.Core.Execution.TestSuiteExecutionStage+&lt;Execute&gt;d__13.MoveNext()
:: [23] void System.Runtime.CompilerServices.AsyncTaskMethodBuilder.Start&lt;TStateMachine&gt;(TStateMachine&amp;)
:: [24] System.Threading.Tasks.Task GdUnit4.Core.Execution.TestSuiteExecutionStage.Execute(GdUnit4.Core.Execution.ExecutionContext)
:: [25] void GdUnit4.Core.Commands.ExecuteTestSuiteCommand+&lt;Execute&gt;d__18.MoveNext()
:: [26] void System.Runtime.CompilerServices.AsyncTaskMethodBuilder`1+AsyncStateMachineBox`1.ExecutionContextCallback(object)
:: [27] void System.Threading.ExecutionContext.RunInternal(System.Threading.ExecutionContext, System.Threading.ContextCallback, object)
:: [28] void System.Runtime.CompilerServices.AsyncTaskMethodBuilder`1+AsyncStateMachineBox`1.MoveNext(System.Threading.Thread)
:: [29] void Godot.SignalAwaiter.SignalCallback(nint, Godot.NativeInterop.godot_variant**, int, Godot.NativeInterop.godot_bool*) (/root/godot/modules/mono/glue/GodotSharp/GodotSharp/Core/SignalAwaiter.cs:65)
:: WARNING: Parent path 'OmegaFrame/CrtFrame/ContentContainer' for node 'MenuActionBar' has vanished when instantiating: 'res://source/ui/menus/pause_menu.tscn'.
:: at: instantiate (scene/resources/packed_scene.cpp:205)
:: C# backtrace (most recent call first):
:: [0] Godot.GodotObject Godot.NativeCalls.godot_icall_1_79(nint, nint, int) (/root/godot/modules/mono/glue/GodotSharp/GodotSharp/Generated/NativeCalls.cs:703)
:: [1] Godot.Node Godot.PackedScene.Instantiate(Godot.PackedScene+GenEditState) (/root/godot/modules/mono/glue/GodotSharp/GodotSharp/Generated/GodotObjects/PackedScene.cs:130)
:: [2] Godot.Node GdUnit4.Core.SceneRunner.LoadScene(string)
:: [3] GdUnit4.Core.SceneRunner..ctor(string, bool, bool)
:: [4] GdUnit4.ISceneRunner GdUnit4.ISceneRunner.Load(string, bool, bool)
:: [5] void OmegaSpiral.Tests.Ui.PauseMenuTests+&lt;Setup&gt;d__2.MoveNext() (/home/adam/Dev/omega-spiral/chapter-zero/tests/ui/menus/PauseMenuTests.cs:29)
:: [6] void System.Runtime.CompilerServices.AsyncTaskMethodBuilder.Start&lt;TStateMachine&gt;(TStateMachine&amp;)
:: [7] System.Threading.Tasks.Task OmegaSpiral.Tests.Ui.PauseMenuTests.Setup()
:: [8] void System.RuntimeMethodHandle.InvokeMethod(System.Runtime.CompilerServices.ObjectHandleOnStack, System.Void**, System.Runtime.CompilerServices.ObjectHandleOnStack, Interop+BOOL, System.Runtime.CompilerServices.ObjectHandleOnStack)
:: [9] void System.RuntimeMethodHandle.InvokeMethod(System.Runtime.CompilerServices.ObjectHandleOnStack, System.Void**, System.Runtime.CompilerServices.ObjectHandleOnStack, Interop+BOOL, System.Runtime.CompilerServices.ObjectHandleOnStack)
:: [10] object System.Reflection.MethodBaseInvoker.InterpretedInvoke_Method(object, System.IntPtr*)
:: [11] object System.Reflection.RuntimeMethodInfo.Invoke(object, System.Reflection.BindingFlags, System.Reflection.Binder, System.Object[], System.Globalization.CultureInfo)
:: [12] void GdUnit4.Core.Execution.ExecutionStage`1+&lt;ExecuteStage&gt;d__37.MoveNext()
:: [13] void System.Runtime.CompilerServices.AsyncTaskMethodBuilder.Start&lt;TStateMachine&gt;(TStateMachine&amp;)
:: [14] System.Threading.Tasks.Task GdUnit4.Core.Execution.ExecutionStage`1.ExecuteStage(GdUnit4.Core.Execution.ExecutionContext)
:: [15] void GdUnit4.Core.Execution.ExecutionStage`1+&lt;Execute&gt;d__30.MoveNext()
:: [16] void System.Runtime.CompilerServices.AsyncTaskMethodBuilder.Start&lt;TStateMachine&gt;(TStateMachine&amp;)
:: [17] System.Threading.Tasks.Task GdUnit4.Core.Execution.ExecutionStage`1.Execute(GdUnit4.Core.Execution.ExecutionContext)
:: [18] System.Threading.Tasks.Task GdUnit4.Core.Execution.BeforeExecutionStage.&lt;&gt;n__0(GdUnit4.Core.Execution.ExecutionContext)
:: [19] void GdUnit4.Core.Execution.BeforeExecutionStage+&lt;Execute&gt;d__1.MoveNext()
:: [20] void System.Runtime.CompilerServices.AsyncTaskMethodBuilder.Start&lt;TStateMachine&gt;(TStateMachine&amp;)
:: [21] System.Threading.Tasks.Task GdUnit4.Core.Execution.BeforeExecutionStage.Execute(GdUnit4.Core.Execution.ExecutionContext)
:: [22] void GdUnit4.Core.Execution.TestSuiteExecutionStage+&lt;Execute&gt;d__13.MoveNext()
:: [23] void System.Runtime.CompilerServices.AsyncTaskMethodBuilder.Start&lt;TStateMachine&gt;(TStateMachine&amp;)
:: [24] System.Threading.Tasks.Task GdUnit4.Core.Execution.TestSuiteExecutionStage.Execute(GdUnit4.Core.Execution.ExecutionContext)
:: [25] void GdUnit4.Core.Commands.ExecuteTestSuiteCommand+&lt;Execute&gt;d__18.MoveNext()
:: [26] void System.Runtime.CompilerServices.AsyncTaskMethodBuilder`1+AsyncStateMachineBox`1.ExecutionContextCallback(object)
:: [27] void System.Threading.ExecutionContext.RunInternal(System.Threading.ExecutionContext, System.Threading.ContextCallback, object)
:: [28] void System.Runtime.CompilerServices.AsyncTaskMethodBuilder`1+AsyncStateMachineBox`1.MoveNext(System.Threading.Thread)
:: [29] void Godot.SignalAwaiter.SignalCallback(nint, Godot.NativeInterop.godot_variant**, int, Godot.NativeInterop.godot_bool*) (/root/godot/modules/mono/glue/GodotSharp/GodotSharp/Core/SignalAwaiter.cs:65)
TestSuite: OmegaSpiral.Tests.Ui.PauseMenuTests Processing...
TestCase: OmegaSpiral.Tests.Ui.PauseMenuTests.PauseMenu_ExtendsMenuUi Processing...
TestCase: OmegaSpiral.Tests.Ui.PauseMenuTests.PauseMenu_ExtendsMenuUi Passed
TestCase: OmegaSpiral.Tests.Ui.PauseMenuTests.PauseMenu_HasTitle Processing...
TestCase: OmegaSpiral.Tests.Ui.PauseMenuTests.PauseMenu_HasTitle Failed
TestCase: OmegaSpiral.Tests.Ui.PauseMenuTests.PauseMenu_HasButtons Processing...
TestCase: OmegaSpiral.Tests.Ui.PauseMenuTests.PauseMenu_HasButtons Failed
TestCase: OmegaSpiral.Tests.Ui.PauseMenuTests.PauseMenu_HasBackground Processing...
TestCase: OmegaSpiral.Tests.Ui.PauseMenuTests.PauseMenu_HasBackground Passed
TestCase: OmegaSpiral.Tests.Ui.PauseMenuTests.PauseMenu_CanShowAndHide Processing...
TestCase: OmegaSpiral.Tests.Ui.PauseMenuTests.PauseMenu_CanShowAndHide Passed
TestCase: OmegaSpiral.Tests.Ui.PauseMenuTests.PauseMenu_FocusesFirstButton Processing...
TestCase: OmegaSpiral.Tests.Ui.PauseMenuTests.PauseMenu_FocusesFirstButton Failed
TestSuite: OmegaSpiral.Tests.Ui.PauseMenuTests: Failed

TestSuite: OmegaSpiral.Tests.Unit.Common.GameStateTests Processing...
TestCase: OmegaSpiral.Tests.Unit.Common.GameStateTests.ConstructorInitializeswithzeroscores Processing...
TestCase: OmegaSpiral.Tests.Unit.Common.GameStateTests.ConstructorInitializeswithzeroscores Passed
TestCase: OmegaSpiral.Tests.Unit.Common.GameStateTests.UpdatedreamweaverscoreAddspointscorrectly Processing...
TestCase: OmegaSpiral.Tests.Unit.Common.GameStateTests.UpdatedreamweaverscoreAddspointscorrectly Passed
TestCase: OmegaSpiral.Tests.Unit.Common.GameStateTests.UpdatedreamweaverscoreHandlesnegativechanges Processing...
TestCase: OmegaSpiral.Tests.Unit.Common.GameStateTests.UpdatedreamweaverscoreHandlesnegativechanges Passed
TestCase: OmegaSpiral.Tests.Unit.Common.GameStateTests.GethighestscoringdreamweaverReturnscorrectdreamweaver Processing...
TestCase: OmegaSpiral.Tests.Unit.Common.GameStateTests.GethighestscoringdreamweaverReturnscorrectdreamweaver Passed
TestCase: OmegaSpiral.Tests.Unit.Common.GameStateTests.GethighestscoringdreamweaverHandlesties Processing...
TestCase: OmegaSpiral.Tests.Unit.Common.GameStateTests.GethighestscoringdreamweaverHandlesties Passed
TestCase: OmegaSpiral.Tests.Unit.Common.GameStateTests.GettotalscoreReturnssumofallscores Processing...
TestCase: OmegaSpiral.Tests.Unit.Common.GameStateTests.GettotalscoreReturnssumofallscores Passed
TestSuite: OmegaSpiral.Tests.Unit.Common.GameStateTests: Passed

TestSuite: OmegaSpiral.Tests.Unit.Common.Omega.OmegaSpiralColorsTests Processing...
TestCase: OmegaSpiral.Tests.Unit.Common.Omega.OmegaSpiralColorsTests.WarmAmber_MatchesDesignSpec Processing...
TestCase: OmegaSpiral.Tests.Unit.Common.Omega.OmegaSpiralColorsTests.WarmAmber_MatchesDesignSpec Passed
TestCase: OmegaSpiral.Tests.Unit.Common.Omega.OmegaSpiralColorsTests.PureWhite_MatchesDesignSpec Processing...
TestCase: OmegaSpiral.Tests.Unit.Common.Omega.OmegaSpiralColorsTests.PureWhite_MatchesDesignSpec Passed
TestCase: OmegaSpiral.Tests.Unit.Common.Omega.OmegaSpiralColorsTests.NeonMagenta_MatchesDesignSpec Processing...
TestCase: OmegaSpiral.Tests.Unit.Common.Omega.OmegaSpiralColorsTests.NeonMagenta_MatchesDesignSpec Passed
TestCase: OmegaSpiral.Tests.Unit.Common.Omega.OmegaSpiralColorsTests.DeepSpace_MatchesDesignSpec Processing...
TestCase: OmegaSpiral.Tests.Unit.Common.Omega.OmegaSpiralColorsTests.DeepSpace_MatchesDesignSpec Passed
TestCase: OmegaSpiral.Tests.Unit.Common.Omega.OmegaSpiralColorsTests.PhosphorGlow_Has18PercentOpacity Processing...
TestCase: OmegaSpiral.Tests.Unit.Common.Omega.OmegaSpiralColorsTests.PhosphorGlow_Has18PercentOpacity Passed
TestCase: OmegaSpiral.Tests.Unit.Common.Omega.OmegaSpiralColorsTests.ScanlineOverlay_Has12PercentOpacity Processing...
TestCase: OmegaSpiral.Tests.Unit.Common.Omega.OmegaSpiralColorsTests.ScanlineOverlay_Has12PercentOpacity Passed
TestCase: OmegaSpiral.Tests.Unit.Common.Omega.OmegaSpiralColorsTests.GlitchDistortion_Has8PercentOpacity Processing...
TestCase: OmegaSpiral.Tests.Unit.Common.Omega.OmegaSpiralColorsTests.GlitchDistortion_Has8PercentOpacity Passed
TestCase: OmegaSpiral.Tests.Unit.Common.Omega.OmegaSpiralColorsTests.SpiralRotationSpeed_IsPiOver4 Processing...
TestCase: OmegaSpiral.Tests.Unit.Common.Omega.OmegaSpiralColorsTests.SpiralRotationSpeed_IsPiOver4 Passed
TestCase: OmegaSpiral.Tests.Unit.Common.Omega.OmegaSpiralColorsTests.ColorCycleDuration_Is8Seconds Processing...
TestCase: OmegaSpiral.Tests.Unit.Common.Omega.OmegaSpiralColorsTests.ColorCycleDuration_Is8Seconds Passed
TestCase: OmegaSpiral.Tests.Unit.Common.Omega.OmegaSpiralColorsTests.PhosphorPulseFrequency_IsHalfHz Processing...
TestCase: OmegaSpiral.Tests.Unit.Common.Omega.OmegaSpiralColorsTests.PhosphorPulseFrequency_IsHalfHz Passed
TestCase: OmegaSpiral.Tests.Unit.Common.Omega.OmegaSpiralColorsTests.PhosphorPulseRange_HasCorrectMinMax Processing...
TestCase: OmegaSpiral.Tests.Unit.Common.Omega.OmegaSpiralColorsTests.PhosphorPulseRange_HasCorrectMinMax Passed
TestCase: OmegaSpiral.Tests.Unit.Common.Omega.OmegaSpiralColorsTests.ColorTolerance_IsAppropriate Processing...
TestCase: OmegaSpiral.Tests.Unit.Common.Omega.OmegaSpiralColorsTests.ColorTolerance_IsAppropriate Passed
TestCase: OmegaSpiral.Tests.Unit.Common.Omega.OmegaSpiralColorsTests.OpacityTolerance_IsAppropriate Processing...
TestCase: OmegaSpiral.Tests.Unit.Common.Omega.OmegaSpiralColorsTests.OpacityTolerance_IsAppropriate Passed
TestCase: OmegaSpiral.Tests.Unit.Common.Omega.OmegaSpiralColorsTests.PrimaryColors_HaveFullOpacity Processing...
TestCase: OmegaSpiral.Tests.Unit.Common.Omega.OmegaSpiralColorsTests.PrimaryColors_HaveFullOpacity Passed
TestCase: OmegaSpiral.Tests.Unit.Common.Omega.OmegaSpiralColorsTests.ShaderLayerColors_AreWhiteWithVaryingOpacity Processing...
TestCase: OmegaSpiral.Tests.Unit.Common.Omega.OmegaSpiralColorsTests.ShaderLayerColors_AreWhiteWithVaryingOpacity Passed
TestSuite: OmegaSpiral.Tests.Unit.Common.Omega.OmegaSpiralColorsTests: Passed

TestSuite: OmegaSpiral.Tests.Unit.Services.GameAppConfigTests Processing...
TestCase: OmegaSpiral.Tests.Unit.Services.GameAppConfigTests.TestUiLayoutConfigLoads Processing...
:: ERROR: Parameter "data.tree" is null.
:: at: get_tree (scene/main/node.h:546)
:: C# backtrace (most recent call first):
:: [0] Godot.GodotObject Godot.NativeCalls.godot_icall_0_41(nint, nint) (/root/godot/modules/mono/glue/GodotSharp/GodotSharp/Generated/NativeCalls.cs:375)
:: [1] Godot.SceneTree Godot.Node.GetTree() (/root/godot/modules/mono/glue/GodotSharp/GodotSharp/Generated/GodotObjects/Node.cs:1840)
:: [2] void OmegaSpiral.Source.Scripts.Infrastructure.GameAppConfig._Ready() (/home/adam/Dev/omega-spiral/chapter-zero/source/services/GameAppConfig.cs:42)
:: [3] bool Godot.Node.InvokeGodotClassMethod(Godot.NativeInterop.godot_string_name&amp;, Godot.NativeInterop.NativeVariantPtrArgs, Godot.NativeInterop.godot_variant&amp;) (/root/godot/modules/mono/glue/GodotSharp/GodotSharp/Generated/GodotObjects/Node.cs:2631)
:: [4] bool OmegaSpiral.Source.Scripts.Infrastructure.GameAppConfig.InvokeGodotClassMethod(Godot.NativeInterop.godot_string_name&amp;, Godot.NativeInterop.NativeVariantPtrArgs, Godot.NativeInterop.godot_variant&amp;) (/home/adam/Dev/omega-spiral/chapter-zero/.godot/mono/temp/obj/Debug/Godot.SourceGenerators/Godot.SourceGenerators.ScriptMethodsGenerator/OmegaSpiral.Source.Scripts.Infrastructure.GameAppConfig_ScriptMethods.generated.cs:140)
:: [5] Godot.NativeInterop.godot_bool Godot.Bridge.CSharpInstanceBridge.Call(nint, Godot.NativeInterop.godot_string_name*, Godot.NativeInterop.godot_variant**, int, Godot.NativeInterop.godot_variant_call_error*, Godot.NativeInterop.godot_variant*) (/root/godot/modules/mono/glue/GodotSharp/GodotSharp/Core/Bridge/CSharpInstanceBridge.cs:24)
:: ERROR: System.NullReferenceException: Object reference not set to an instance of an object.
:: at: void OmegaSpiral.Source.Scripts.Infrastructure.GameAppConfig._Ready() (res://source/services/GameAppConfig.cs:42)
:: C# backtrace (most recent call first):
:: [0] void Godot.NativeInterop.ExceptionUtils.SendToScriptDebugger(System.Exception) (/root/godot/modules/mono/glue/GodotSharp/GodotSharp/Core/NativeInterop/ExceptionUtils.cs:98)
:: [1] void Godot.NativeInterop.ExceptionUtils.LogException(System.Exception) (/root/godot/modules/mono/glue/GodotSharp/GodotSharp/Core/NativeInterop/ExceptionUtils.cs:109)
:: [2] Godot.NativeInterop.godot_bool Godot.Bridge.CSharpInstanceBridge.Call(nint, Godot.NativeInterop.godot_string_name*, Godot.NativeInterop.godot_variant**, int, Godot.NativeInterop.godot_variant_call_error*, Godot.NativeInterop.godot_variant*) (/root/godot/modules/mono/glue/GodotSharp/GodotSharp/Core/Bridge/CSharpInstanceBridge.cs:24)
TestCase: OmegaSpiral.Tests.Unit.Services.GameAppConfigTests.TestUiLayoutConfigLoads Passed
TestCase: OmegaSpiral.Tests.Unit.Services.GameAppConfigTests.TestBezelMarginLoaded Processing...
TestCase: OmegaSpiral.Tests.Unit.Services.GameAppConfigTests.TestBezelMarginLoaded Passed
TestCase: OmegaSpiral.Tests.Unit.Services.GameAppConfigTests.TestStageNameWidthRatioLoaded Processing...
TestCase: OmegaSpiral.Tests.Unit.Services.GameAppConfigTests.TestStageNameWidthRatioLoaded Passed
TestCase: OmegaSpiral.Tests.Unit.Services.GameAppConfigTests.TestStatusLabelWidthRatioLoaded Processing...
TestCase: OmegaSpiral.Tests.Unit.Services.GameAppConfigTests.TestStatusLabelWidthRatioLoaded Passed
TestCase: OmegaSpiral.Tests.Unit.Services.GameAppConfigTests.TestButtonHeightLoaded Processing...
TestCase: OmegaSpiral.Tests.Unit.Services.GameAppConfigTests.TestButtonHeightLoaded Passed
TestCase: OmegaSpiral.Tests.Unit.Services.GameAppConfigTests.TestButtonPaddingHLoaded Processing...
TestCase: OmegaSpiral.Tests.Unit.Services.GameAppConfigTests.TestButtonPaddingHLoaded Passed
TestCase: OmegaSpiral.Tests.Unit.Services.GameAppConfigTests.TestButtonPaddingVLoaded Processing...
TestCase: OmegaSpiral.Tests.Unit.Services.GameAppConfigTests.TestButtonPaddingVLoaded Passed
TestCase: OmegaSpiral.Tests.Unit.Services.GameAppConfigTests.TestButtonSpacingLoaded Processing...
TestCase: OmegaSpiral.Tests.Unit.Services.GameAppConfigTests.TestButtonSpacingLoaded Passed
TestCase: OmegaSpiral.Tests.Unit.Services.GameAppConfigTests.TestAllConfigValuesArePositive Processing...
TestCase: OmegaSpiral.Tests.Unit.Services.GameAppConfigTests.TestAllConfigValuesArePositive Passed
TestSuite: OmegaSpiral.Tests.Unit.Services.GameAppConfigTests: Passed

Test execution is stopped because of running into session timeout of 00:10:00.!
&#xD;
╔═══════════════════════ TEST SESSION TIMEOUT ═══════════════════════════════════════╗&#xD;
&#xD;
  Test execution exceeded maximum allowed time:&#xD;
    • Timeout: 10min&#xD;
    • Total tests: 137&#xD;
    • Completed tests: 110&#xD;
    • Time elapsed: 10min&#xD;
&#xD;
  ACTION REQUIRED: Please increase 'TestSessionTimeout' in your '.runsettings' file&#xD;
&#xD;
╚════════════════════════════════════════════════════════════════════════════════════╝
Try cancelling the test run...
</StdOut>
    </Output>
    <RunInfos>
      <RunInfo computerName="omega" outcome="Error" timestamp="2025-10-29T10:12:09.2816089-04:00">
        <Text>Error:
	Object reference not set to an instance of an object.</Text>
      </RunInfo>
      <RunInfo computerName="omega" outcome="Error" timestamp="2025-10-29T10:12:09.5993878-04:00">
        <Text>Error:
	Expecting be NOT &lt;Null&gt;:</Text>
      </RunInfo>
      <RunInfo computerName="omega" outcome="Warning" timestamp="2025-10-29T10:12:09.6525400-04:00">
        <Text>Warning:
    Detected &lt;10&gt; orphan nodes during test suite setup stage!
    Check Setup:27 and Cleanup:45 for unfreed instances!</Text>
      </RunInfo>
      <RunInfo computerName="omega" outcome="Warning" timestamp="2025-10-29T10:12:09.6526183-04:00">
        <Text>Warning:
    Detected &lt;10&gt; orphan nodes during test suite setup stage!
    Check Setup:27 and Cleanup:45 for unfreed instances!</Text>
      </RunInfo>
      <RunInfo computerName="omega" outcome="Error" timestamp="2025-10-29T10:12:09.9326541-04:00">
        <Text>Error:
	Object reference not set to an instance of an object.</Text>
      </RunInfo>
      <RunInfo computerName="omega" outcome="Error" timestamp="2025-10-29T10:12:09.9657937-04:00">
        <Text>Error:
	Expecting be NOT &lt;Null&gt;:</Text>
      </RunInfo>
      <RunInfo computerName="omega" outcome="Error" timestamp="2025-10-29T10:12:09.9993687-04:00">
        <Text>Error:
	Expecting be NOT &lt;Null&gt;:</Text>
      </RunInfo>
      <RunInfo computerName="omega" outcome="Error" timestamp="2025-10-29T10:12:10.0327037-04:00">
        <Text>Error:
	Expecting be NOT &lt;Null&gt;:</Text>
      </RunInfo>
      <RunInfo computerName="omega" outcome="Error" timestamp="2025-10-29T10:12:10.0659801-04:00">
        <Text>Error:
	Object reference not set to an instance of an object.</Text>
      </RunInfo>
      <RunInfo computerName="omega" outcome="Error" timestamp="2025-10-29T10:12:10.0992681-04:00">
        <Text>Error:
	Object reference not set to an instance of an object.</Text>
      </RunInfo>
      <RunInfo computerName="omega" outcome="Error" timestamp="2025-10-29T10:12:10.1342252-04:00">
        <Text>Error:
	Object reference not set to an instance of an object.</Text>
      </RunInfo>
      <RunInfo computerName="omega" outcome="Error" timestamp="2025-10-29T10:12:10.1776914-04:00">
        <Text>Error:
	Object reference not set to an instance of an object.</Text>
      </RunInfo>
      <RunInfo computerName="omega" outcome="Error" timestamp="2025-10-29T10:12:10.2361557-04:00">
        <Text>Error:
	Object reference not set to an instance of an object.</Text>
      </RunInfo>
      <RunInfo computerName="omega" outcome="Error" timestamp="2025-10-29T10:12:10.2400946-04:00">
        <Text>Error:
	Object reference not set to an instance of an object.</Text>
      </RunInfo>
      <RunInfo computerName="omega" outcome="Error" timestamp="2025-10-29T10:12:10.3017821-04:00">
        <Text>Error:
	Object reference not set to an instance of an object.</Text>
      </RunInfo>
      <RunInfo computerName="omega" outcome="Error" timestamp="2025-10-29T10:12:10.3093567-04:00">
        <Text>Error:
	Object reference not set to an instance of an object.</Text>
      </RunInfo>
      <RunInfo computerName="omega" outcome="Error" timestamp="2025-10-29T10:12:10.3348646-04:00">
        <Text>Error:
	Expecting be NOT &lt;Null&gt;:</Text>
      </RunInfo>
      <RunInfo computerName="omega" outcome="Error" timestamp="2025-10-29T10:12:10.3769135-04:00">
        <Text>Error:
	Expecting be NOT &lt;Null&gt;:</Text>
      </RunInfo>
      <RunInfo computerName="omega" outcome="Error" timestamp="2025-10-29T10:12:10.4004760-04:00">
        <Text>Error:
	Expecting be NOT &lt;Null&gt;:</Text>
      </RunInfo>
      <RunInfo computerName="omega" outcome="Error" timestamp="2025-10-29T10:12:10.4373735-04:00">
        <Text>Error:
	Expecting be NOT &lt;Null&gt;:</Text>
      </RunInfo>
      <RunInfo computerName="omega" outcome="Error" timestamp="2025-10-29T10:12:10.4687575-04:00">
        <Text>Error:
	Expecting be NOT &lt;Null&gt;:</Text>
      </RunInfo>
      <RunInfo computerName="omega" outcome="Error" timestamp="2025-10-29T10:12:10.5077903-04:00">
        <Text>Error:
	Expecting be NOT &lt;Null&gt;:</Text>
      </RunInfo>
      <RunInfo computerName="omega" outcome="Error" timestamp="2025-10-29T10:12:10.5374952-04:00">
        <Text>Error:
	Expecting be NOT &lt;Null&gt;:</Text>
      </RunInfo>
      <RunInfo computerName="omega" outcome="Error" timestamp="2025-10-29T10:12:10.5667903-04:00">
        <Text>Error:
	Expecting be NOT &lt;Null&gt;:</Text>
      </RunInfo>
      <RunInfo computerName="omega" outcome="Error" timestamp="2025-10-29T10:12:10.5997329-04:00">
        <Text>Error:
	Expecting be NOT &lt;Null&gt;:</Text>
      </RunInfo>
      <RunInfo computerName="omega" outcome="Error" timestamp="2025-10-29T10:12:10.6328023-04:00">
        <Text>Error:
	Expecting be NOT &lt;Null&gt;:</Text>
      </RunInfo>
      <RunInfo computerName="omega" outcome="Error" timestamp="2025-10-29T10:12:10.6666291-04:00">
        <Text>Error:
	Expecting be NOT &lt;Null&gt;:</Text>
      </RunInfo>
      <RunInfo computerName="omega" outcome="Warning" timestamp="2025-10-29T10:12:10.6873109-04:00">
        <Text>Warning:
    Detected &lt;10&gt; orphan nodes during test suite setup stage!
    Check Setup:28 and Cleanup:39 for unfreed instances!</Text>
      </RunInfo>
      <RunInfo computerName="omega" outcome="Warning" timestamp="2025-10-29T10:12:10.6873401-04:00">
        <Text>Warning:
    Detected &lt;10&gt; orphan nodes during test suite setup stage!
    Check Setup:28 and Cleanup:39 for unfreed instances!</Text>
      </RunInfo>
      <RunInfo computerName="omega" outcome="Warning" timestamp="2025-10-29T10:12:10.6873450-04:00">
        <Text>Warning:
    Detected &lt;10&gt; orphan nodes during test suite setup stage!
    Check Setup:28 and Cleanup:39 for unfreed instances!</Text>
      </RunInfo>
      <RunInfo computerName="omega" outcome="Warning" timestamp="2025-10-29T10:12:10.6873506-04:00">
        <Text>Warning:
    Detected &lt;10&gt; orphan nodes during test suite setup stage!
    Check Setup:28 and Cleanup:39 for unfreed instances!</Text>
      </RunInfo>
      <RunInfo computerName="omega" outcome="Warning" timestamp="2025-10-29T10:12:10.6881029-04:00">
        <Text>Warning:
    Detected &lt;10&gt; orphan nodes during test suite setup stage!
    Check Setup:28 and Cleanup:39 for unfreed instances!</Text>
      </RunInfo>
      <RunInfo computerName="omega" outcome="Warning" timestamp="2025-10-29T10:12:10.6881095-04:00">
        <Text>Warning:
    Detected &lt;10&gt; orphan nodes during test suite setup stage!
    Check Setup:28 and Cleanup:39 for unfreed instances!</Text>
      </RunInfo>
      <RunInfo computerName="omega" outcome="Warning" timestamp="2025-10-29T10:12:10.6881141-04:00">
        <Text>Warning:
    Detected &lt;10&gt; orphan nodes during test suite setup stage!
    Check Setup:28 and Cleanup:39 for unfreed instances!</Text>
      </RunInfo>
      <RunInfo computerName="omega" outcome="Warning" timestamp="2025-10-29T10:12:10.6881186-04:00">
        <Text>Warning:
    Detected &lt;10&gt; orphan nodes during test suite setup stage!
    Check Setup:28 and Cleanup:39 for unfreed instances!</Text>
      </RunInfo>
      <RunInfo computerName="omega" outcome="Warning" timestamp="2025-10-29T10:12:10.6881226-04:00">
        <Text>Warning:
    Detected &lt;10&gt; orphan nodes during test suite setup stage!
    Check Setup:28 and Cleanup:39 for unfreed instances!</Text>
      </RunInfo>
      <RunInfo computerName="omega" outcome="Warning" timestamp="2025-10-29T10:12:10.6881268-04:00">
        <Text>Warning:
    Detected &lt;10&gt; orphan nodes during test suite setup stage!
    Check Setup:28 and Cleanup:39 for unfreed instances!</Text>
      </RunInfo>
      <RunInfo computerName="omega" outcome="Warning" timestamp="2025-10-29T10:12:10.6881311-04:00">
        <Text>Warning:
    Detected &lt;10&gt; orphan nodes during test suite setup stage!
    Check Setup:28 and Cleanup:39 for unfreed instances!</Text>
      </RunInfo>
      <RunInfo computerName="omega" outcome="Warning" timestamp="2025-10-29T10:12:10.6881395-04:00">
        <Text>Warning:
    Detected &lt;10&gt; orphan nodes during test suite setup stage!
    Check Setup:28 and Cleanup:39 for unfreed instances!</Text>
      </RunInfo>
      <RunInfo computerName="omega" outcome="Warning" timestamp="2025-10-29T10:12:10.6881445-04:00">
        <Text>Warning:
    Detected &lt;10&gt; orphan nodes during test suite setup stage!
    Check Setup:28 and Cleanup:39 for unfreed instances!</Text>
      </RunInfo>
      <RunInfo computerName="omega" outcome="Warning" timestamp="2025-10-29T10:12:10.7018678-04:00">
        <Text>Warning:
    Detected &lt;10&gt; orphan nodes during test suite setup stage!
    Check Setup:28 and Cleanup:39 for unfreed instances!</Text>
      </RunInfo>
      <RunInfo computerName="omega" outcome="Warning" timestamp="2025-10-29T10:12:10.7018736-04:00">
        <Text>Warning:
    Detected &lt;10&gt; orphan nodes during test suite setup stage!
    Check Setup:28 and Cleanup:39 for unfreed instances!</Text>
      </RunInfo>
      <RunInfo computerName="omega" outcome="Warning" timestamp="2025-10-29T10:12:10.7018789-04:00">
        <Text>Warning:
    Detected &lt;10&gt; orphan nodes during test suite setup stage!
    Check Setup:28 and Cleanup:39 for unfreed instances!</Text>
      </RunInfo>
      <RunInfo computerName="omega" outcome="Warning" timestamp="2025-10-29T10:12:10.7018842-04:00">
        <Text>Warning:
    Detected &lt;10&gt; orphan nodes during test suite setup stage!
    Check Setup:28 and Cleanup:39 for unfreed instances!</Text>
      </RunInfo>
      <RunInfo computerName="omega" outcome="Warning" timestamp="2025-10-29T10:12:10.7018891-04:00">
        <Text>Warning:
    Detected &lt;10&gt; orphan nodes during test suite setup stage!
    Check Setup:28 and Cleanup:39 for unfreed instances!</Text>
      </RunInfo>
      <RunInfo computerName="omega" outcome="Warning" timestamp="2025-10-29T10:12:10.7018985-04:00">
        <Text>Warning:
    Detected &lt;10&gt; orphan nodes during test suite setup stage!
    Check Setup:28 and Cleanup:39 for unfreed instances!</Text>
      </RunInfo>
      <RunInfo computerName="omega" outcome="Warning" timestamp="2025-10-29T10:12:10.7019038-04:00">
        <Text>Warning:
    Detected &lt;10&gt; orphan nodes during test suite setup stage!
    Check Setup:28 and Cleanup:39 for unfreed instances!</Text>
      </RunInfo>
      <RunInfo computerName="omega" outcome="Warning" timestamp="2025-10-29T10:12:10.7019100-04:00">
        <Text>Warning:
    Detected &lt;10&gt; orphan nodes during test suite setup stage!
    Check Setup:28 and Cleanup:39 for unfreed instances!</Text>
      </RunInfo>
      <RunInfo computerName="omega" outcome="Warning" timestamp="2025-10-29T10:12:10.7019145-04:00">
        <Text>Warning:
    Detected &lt;10&gt; orphan nodes during test suite setup stage!
    Check Setup:28 and Cleanup:39 for unfreed instances!</Text>
      </RunInfo>
      <RunInfo computerName="omega" outcome="Warning" timestamp="2025-10-29T10:12:10.7053701-04:00">
        <Text>Warning:
    Detected &lt;10&gt; orphan nodes during test suite setup stage!
    Check Setup:28 and Cleanup:39 for unfreed instances!</Text>
      </RunInfo>
      <RunInfo computerName="omega" outcome="Warning" timestamp="2025-10-29T10:12:10.7053756-04:00">
        <Text>Warning:
    Detected &lt;10&gt; orphan nodes during test suite setup stage!
    Check Setup:28 and Cleanup:39 for unfreed instances!</Text>
      </RunInfo>
      <RunInfo computerName="omega" outcome="Error" timestamp="2025-10-29T10:12:11.8515622-04:00">
        <Text>Error:
	Expecting to be greater than:
	    '0' but is '0'</Text>
      </RunInfo>
      <RunInfo computerName="omega" outcome="Error" timestamp="2025-10-29T10:12:13.0350685-04:00">
        <Text>Error:
	Expecting be NOT &lt;Null&gt;:</Text>
      </RunInfo>
      <RunInfo computerName="omega" outcome="Error" timestamp="2025-10-29T10:12:13.0686708-04:00">
        <Text>Error:
	Expecting be equal:
	    "Restart"
	 but is
	    "Restart Level"</Text>
      </RunInfo>
      <RunInfo computerName="omega" outcome="Error" timestamp="2025-10-29T10:12:13.1688162-04:00">
        <Text>Error:
	Expecting: 'True' but is 'False'</Text>
      </RunInfo>
      <RunInfo computerName="omega" outcome="Warning" timestamp="2025-10-29T10:12:13.1849372-04:00">
        <Text>Warning:
    Detected &lt;4&gt; orphan nodes during test suite setup stage!
    Check Setup:25 and Cleanup:50 for unfreed instances!</Text>
      </RunInfo>
      <RunInfo computerName="omega" outcome="Warning" timestamp="2025-10-29T10:12:13.1849601-04:00">
        <Text>Warning:
    Detected &lt;4&gt; orphan nodes during test suite setup stage!
    Check Setup:25 and Cleanup:50 for unfreed instances!</Text>
      </RunInfo>
      <RunInfo computerName="omega" outcome="Warning" timestamp="2025-10-29T10:12:13.1849734-04:00">
        <Text>Warning:
    Detected &lt;4&gt; orphan nodes during test suite setup stage!
    Check Setup:25 and Cleanup:50 for unfreed instances!</Text>
      </RunInfo>
      <RunInfo computerName="omega" outcome="Warning" timestamp="2025-10-29T10:12:13.1904395-04:00">
        <Text>Warning:
    Detected &lt;4&gt; orphan nodes during test suite setup stage!
    Check Setup:25 and Cleanup:50 for unfreed instances!</Text>
      </RunInfo>
      <RunInfo computerName="omega" outcome="Warning" timestamp="2025-10-29T10:12:13.1904483-04:00">
        <Text>Warning:
    Detected &lt;4&gt; orphan nodes during test suite setup stage!
    Check Setup:25 and Cleanup:50 for unfreed instances!</Text>
      </RunInfo>
      <RunInfo computerName="omega" outcome="Warning" timestamp="2025-10-29T10:12:13.1904538-04:00">
        <Text>Warning:
    Detected &lt;4&gt; orphan nodes during test suite setup stage!
    Check Setup:25 and Cleanup:50 for unfreed instances!</Text>
      </RunInfo>
      <RunInfo computerName="omega" outcome="Warning" timestamp="2025-10-29T10:12:13.2503503-04:00">
        <Text>Warning:
    Detected &lt;1&gt; orphan nodes during test execution!</Text>
      </RunInfo>
      <RunInfo computerName="omega" outcome="Warning" timestamp="2025-10-29T10:12:13.2833311-04:00">
        <Text>Warning:
    Detected &lt;1&gt; orphan nodes during test execution!</Text>
      </RunInfo>
      <RunInfo computerName="omega" outcome="Warning" timestamp="2025-10-29T10:12:13.3168675-04:00">
        <Text>Warning:
    Detected &lt;1&gt; orphan nodes during test execution!</Text>
      </RunInfo>
      <RunInfo computerName="omega" outcome="Warning" timestamp="2025-10-29T10:12:13.3500665-04:00">
        <Text>Warning:
    Detected &lt;1&gt; orphan nodes during test execution!</Text>
      </RunInfo>
      <RunInfo computerName="omega" outcome="Warning" timestamp="2025-10-29T10:12:13.3835618-04:00">
        <Text>Warning:
    Detected &lt;1&gt; orphan nodes during test execution!</Text>
      </RunInfo>
      <RunInfo computerName="omega" outcome="Warning" timestamp="2025-10-29T10:12:13.4167885-04:00">
        <Text>Warning:
    Detected &lt;1&gt; orphan nodes during test execution!</Text>
      </RunInfo>
      <RunInfo computerName="omega" outcome="Error" timestamp="2025-10-29T10:21:48.6435969-04:00">
        <Text>GdUnit4 Godot Runtime Test Runner ends with exit code: 137
</Text>
      </RunInfo>
      <RunInfo computerName="omega" outcome="Error" timestamp="2025-10-29T10:21:48.6479868-04:00">
        <Text>Error during cancellation cleanup: One or more errors occurred. (A task was canceled.)</Text>
      </RunInfo>
      <RunInfo computerName="omega" outcome="Error" timestamp="2025-10-29T10:21:48.6480176-04:00">
        <Text>Test execution failed: One or more errors occurred. (A task was canceled.)</Text>
      </RunInfo>
      <RunInfo computerName="omega" outcome="Error" timestamp="2025-10-29T10:21:48.6480221-04:00">
        <Text>   at System.Threading.Tasks.Task.WaitAllCore(ReadOnlySpan`1 tasks, Int32 millisecondsTimeout, CancellationToken cancellationToken)
   at System.Threading.Tasks.Task.WaitAll(Task[] tasks, TimeSpan timeout)
   at GdUnit4.Core.GdUnit4TestEngine.Execute(IReadOnlyCollection`1 testAssemblyNodes, ITestEventListener eventListener, IDebuggerFramework debuggerFramework)
   at GdUnit4.TestAdapter.GdUnit4TestExecutor.RunTests(IEnumerable`1 tests, IRunContext runContext, IFrameworkHandle frameworkHandle)</Text>
      </RunInfo>
      <RunInfo computerName="omega" outcome="Error" timestamp="2025-10-29T10:21:48.6482891-04:00">
        <Text>An exception occurred while invoking executor 'executor://gdunit4.testadapter/': One or more errors occurred. (A task was canceled.)
Stack trace:
   at System.Threading.Tasks.Task.WaitAllCore(ReadOnlySpan`1 tasks, Int32 millisecondsTimeout, CancellationToken cancellationToken)
   at System.Threading.Tasks.Task.WaitAll(Task[] tasks, TimeSpan timeout)
   at GdUnit4.Core.GdUnit4TestEngine.Execute(IReadOnlyCollection`1 testAssemblyNodes, ITestEventListener eventListener, IDebuggerFramework debuggerFramework)
   at GdUnit4.TestAdapter.GdUnit4TestExecutor.RunTests(IEnumerable`1 tests, IRunContext runContext, IFrameworkHandle frameworkHandle)
   at GdUnit4.TestAdapter.GdUnit4TestExecutor.RunTests(IEnumerable`1 sources, IRunContext runContext, IFrameworkHandle frameworkHandle)
   at Microsoft.VisualStudio.TestPlatform.Common.ExtensionDecorators.SerialTestRunDecorator.RunTests(IEnumerable`1 sources, IRunContext runContext, IFrameworkHandle frameworkHandle) in /_/src/Microsoft.TestPlatform.Common/ExtensionDecorators/SerialTestRunDecorator.cs:line 57
   at Microsoft.VisualStudio.TestPlatform.CrossPlatEngine.Execution.RunTestsWithSources.InvokeExecutor(LazyExtension`2 executor, Tuple`2 executorUriExtensionTuple, RunContext runContext, IFrameworkHandle frameworkHandle) in /_/src/Microsoft.TestPlatform.CrossPlatEngine/Execution/RunTestsWithSources.cs:line 114
   at Microsoft.VisualStudio.TestPlatform.CrossPlatEngine.Execution.BaseRunTests.RunTestInternalWithExecutors(IEnumerable`1 executorUriExtensionMap, Int64 totalTests) in /_/src/Microsoft.TestPlatform.CrossPlatEngine/Execution/BaseRunTests.cs:line 466

Inner exception: A task was canceled.

Stack trace:
   at System.Threading.Tasks.Task.GetExceptions(Boolean includeTaskCanceledExceptions)
   at System.Threading.Tasks.Task.WaitAllCore(ReadOnlySpan`1 tasks, Int32 millisecondsTimeout, CancellationToken cancellationToken)
   at System.Threading.Tasks.Task.WaitAll(Task[] tasks, TimeSpan timeout)
   at GdUnit4.Core.GdUnit4TestEngine.Execute(IReadOnlyCollection`1 testAssemblyNodes, ITestEventListener eventListener, IDebuggerFramework debuggerFramework)
   at GdUnit4.TestAdapter.GdUnit4TestExecutor.RunTests(IEnumerable`1 tests, IRunContext runContext, IFrameworkHandle frameworkHandle)
   at GdUnit4.TestAdapter.GdUnit4TestExecutor.RunTests(IEnumerable`1 sources, IRunContext runContext, IFrameworkHandle frameworkHandle)
   at Microsoft.VisualStudio.TestPlatform.Common.ExtensionDecorators.SerialTestRunDecorator.RunTests(IEnumerable`1 sources, IRunContext runContext, IFrameworkHandle frameworkHandle) in /_/src/Microsoft.TestPlatform.Common/ExtensionDecorators/SerialTestRunDecorator.cs:line 57
   at Microsoft.VisualStudio.TestPlatform.CrossPlatEngine.Execution.RunTestsWithSources.InvokeExecutor(LazyExtension`2 executor, Tuple`2 executorUriExtensionTuple, RunContext runContext, IFrameworkHandle frameworkHandle) in /_/src/Microsoft.TestPlatform.CrossPlatEngine/Execution/RunTestsWithSources.cs:line 114
   at Microsoft.VisualStudio.TestPlatform.CrossPlatEngine.Execution.BaseRunTests.RunTestInternalWithExecutors(IEnumerable`1 executorUriExtensionMap, Int64 totalTests) in /_/src/Microsoft.TestPlatform.CrossPlatEngine/Execution/BaseRunTests.cs:line 466
   at Microsoft.VisualStudio.TestPlatform.CrossPlatEngine.Execution.BaseRunTests.RunTestsInternal() in /_/src/Microsoft.TestPlatform.CrossPlatEngine/Execution/BaseRunTests.cs:line 346
   at Microsoft.VisualStudio.TestPlatform.CrossPlatEngine.Execution.BaseRunTests.RunTests() in /_/src/Microsoft.TestPlatform.CrossPlatEngine/Execution/BaseRunTests.cs:line 211
   at Microsoft.VisualStudio.TestPlatform.CrossPlatEngine.Execution.ExecutionManager.StartTestRun(Dictionary`2 adapterSourceMap, String package, String runSettings, TestExecutionContext testExecutionContext, ITestCaseEventsHandler testCaseEventsHandler, IInternalTestRunEventsHandler runEventsHandler) in /_/src/Microsoft.TestPlatform.CrossPlatEngine/Execution/ExecutionManager.cs:line 113
   at Microsoft.VisualStudio.TestPlatform.CommunicationUtilities.TestRequestHandler.&lt;&gt;c__DisplayClass45_4.&lt;OnMessageReceived&gt;b__3() in /_/src/Microsoft.TestPlatform.CrossPlatEngine/EventHandlers/TestRequestHandler.cs:line 480
   at Microsoft.VisualStudio.TestPlatform.CommunicationUtilities.TestRequestHandler.&lt;&gt;c.&lt;.ctor&gt;b__31_2(Action action) in /_/src/Microsoft.TestPlatform.CrossPlatEngine/EventHandlers/TestRequestHandler.cs:line 96
   at Microsoft.VisualStudio.TestPlatform.Utilities.JobQueue`1.SafeProcessJob(T job) in /_/src/Microsoft.TestPlatform.CoreUtilities/Utilities/JobQueue.cs:line 359
   at Microsoft.VisualStudio.TestPlatform.Utilities.JobQueue`1.BackgroundJobProcessor(String threadName) in /_/src/Microsoft.TestPlatform.CoreUtilities/Utilities/JobQueue.cs:line 344
   at Microsoft.VisualStudio.TestPlatform.Utilities.JobQueue`1.&lt;.ctor&gt;b__16_0() in /_/src/Microsoft.TestPlatform.CoreUtilities/Utilities/JobQueue.cs:line 135
   at System.Threading.ExecutionContext.RunInternal(ExecutionContext executionContext, ContextCallback callback, Object state)
   at System.Threading.Tasks.Task.ExecuteWithThreadLocal(Task&amp; currentTaskSlot, Thread threadPoolThread)
   at System.Threading.Thread.StartCallback()
--- End of stack trace from previous location ---

</Text>
      </RunInfo>
    </RunInfos>
  </ResultSummary>
</TestRun>
