<?xml version="1.0" encoding="utf-8"?>
<TestRun id="6a1c7799-6bca-43a5-87bd-20884e24c44a" name="@omega 2025-10-16 06:33:52" xmlns="http://microsoft.com/schemas/VisualStudio/TeamTest/2010">
  <Times creation="2025-10-16T06:33:52.3197631-04:00" queuing="2025-10-16T06:33:52.3197631-04:00" start="2025-10-16T06:33:51.6233158-04:00" finish="2025-10-16T06:33:52.3201903-04:00" />
  <TestSettings name="default" id="4c3a7a34-3bdf-4d9e-9657-31555fb55566">
    <Deployment runDeploymentRoot="_omega_2025-10-16_06_33_52" />
  </TestSettings>
  <TestLists>
    <TestList name="Results Not in a List" id="8c84fa94-04c1-424b-9868-57a2d4851a1d" />
    <TestList name="All Loaded Results" id="19431567-8539-422a-85d7-44ee4e166bda" />
  </TestLists>
  <ResultSummary outcome="Completed">
    <Counters total="0" executed="0" passed="0" failed="0" error="0" timeout="0" aborted="0" inconclusive="0" passedButRunAborted="0" notRunnable="0" notExecuted="0" disconnected="0" warning="0" completed="0" inProgress="0" pending="0" />
    <Output>
      <StdOut>Running on GdUnit4 test engine version: 5.0.0.0
Discover tests from assembly: /home/adam/Dev/omega-spiral/chapter-zero/Tests/bin/Debug/net8.0/OmegaSpiral.Tests.dll
Discover:  TestSuite OmegaSpiral.Tests.Functional.Narrative.ContentBlockTests with 23 TestCases found.
Discover:  TestSuite OmegaSpiral.Tests.Functional.Narrative.DialogueFlowTests with 56 TestCases found.
Discover:  TestSuite OmegaSpiral.Tests.Functional.Narrative.ErrorHandlingTests with 7 TestCases found.
Discover:  TestSuite OmegaSpiral.Tests.Functional.Narrative.NarrativeScriptFunctionalTests with 6 TestCases found.
Discover:  TestSuite OmegaSpiral.Tests.Field.FieldCombatStageTests with 4 TestCases found.
Discover:  TestSuite OmegaSpiral.Tests.Unit.Dungeon.NethackSceneTests with 23 TestCases found.
Discover tests done, 6 TestSuites and total 119 Tests found.
Running on GdUnit4 test engine version: 5.0.0.0
No 'TestSessionTimeout' is specified. Set default test session timeout to: 00:10:00
Detected IDE Unknown
Test execution stopped.
</StdOut>
    </Output>
    <RunInfos>
      <RunInfo computerName="omega" outcome="Warning" timestamp="2025-10-16T06:33:52.2470182-04:00">
        <Text>No test matches the given testcase filter `ClassName=*.NethackSceneTests` in /home/adam/Dev/omega-spiral/chapter-zero/Tests/bin/Debug/net8.0/OmegaSpiral.Tests.dll</Text>
      </RunInfo>
    </RunInfos>
  </ResultSummary>
</TestRun>