<?xml version="1.0" encoding="utf-8"?>
<TestRun id="745283fd-22d8-43a3-8a07-290605219e8c" name="@omega 2025-10-16 06:32:39" xmlns="http://microsoft.com/schemas/VisualStudio/TeamTest/2010">
  <Times creation="2025-10-16T06:32:39.3714593-04:00" queuing="2025-10-16T06:32:39.3714594-04:00" start="2025-10-16T06:32:38.1177687-04:00" finish="2025-10-16T06:32:40.6615338-04:00" />
  <TestSettings name="default" id="4f05bf11-79ed-40c8-85bc-b4ae92f70cd6">
    <Deployment runDeploymentRoot="_omega_2025-10-16_06_32_39" />
  </TestSettings>
  <Results>
    <UnitTestResult executionId="96284b2c-8d78-4208-bcd1-af609d8454e4" testId="2b4aa1a9-fcb1-4c57-87f3-cdc99b80ab43" testName="OmegaSpiral.Tests.Functional.Narrative.DialogueFlowTests.CompleteSecretSection_WhenFinished_DisplaysFinalCrypticMessage" computerName="omega" startTime="2025-10-16T06:32:39.4422252-04:00" endTime="2025-10-16T06:32:39.4425480-04:00" testType="13cdc9d9-ddb5-4fa4-a97d-d965ccfc6d4b" outcome="Passed" testListId="8c84fa94-04c1-424b-9868-57a2d4851a1d" relativeResultsDirectory="96284b2c-8d78-4208-bcd1-af609d8454e4" />
    <UnitTestResult executionId="bf1f4d35-3442-4776-a6bb-b9161d40611f" testId="991d8e25-b295-407c-a473-4fd1c31e7aeb" testName="OmegaSpiral.Tests.Functional.Narrative.DialogueFlowTests.StartNameCollection_WhenPhaseActive_PromptsForPlayerName" computerName="omega" startTime="2025-10-16T06:32:39.4113464-04:00" endTime="2025-10-16T06:32:39.4116726-04:00" testType="13cdc9d9-ddb5-4fa4-a97d-d965ccfc6d4b" outcome="Passed" testListId="8c84fa94-04c1-424b-9868-57a2d4851a1d" relativeResultsDirectory="bf1f4d35-3442-4776-a6bb-b9161d40611f" />
    <UnitTestResult executionId="c5bf2b53-84a1-4665-a017-a1fa69b1fad5" testId="ad3bb541-1f30-454a-9579-22aaaa816e5f" testName="OmegaSpiral.Tests.Functional.Narrative.DialogueFlowTests.SubmitName_WhenPlayerEntersName_ValidatesAndStoresCorrectly" computerName="omega" startTime="2025-10-16T06:32:39.4351309-04:00" endTime="2025-10-16T06:32:39.4355171-04:00" testType="13cdc9d9-ddb5-4fa4-a97d-d965ccfc6d4b" outcome="Passed" testListId="8c84fa94-04c1-424b-9868-57a2d4851a1d" relativeResultsDirectory="c5bf2b53-84a1-4665-a017-a1fa69b1fad5" />
    <UnitTestResult executionId="081fbd1e-27a4-43be-9054-ed1cfe356446" testId="bf44d7f7-3999-40d6-a879-56ef7774065f" testName="OmegaSpiral.Tests.Functional.Narrative.ContentBlockTests.PlayTypewriter_WithTiming_MaintainsConsistentTiming" computerName="omega" duration="00:00:00.0040000" startTime="2025-10-16T06:32:39.2505234-04:00" endTime="2025-10-16T06:32:39.2511040-04:00" testType="13cdc9d9-ddb5-4fa4-a97d-d965ccfc6d4b" outcome="Passed" testListId="8c84fa94-04c1-424b-9868-57a2d4851a1d" relativeResultsDirectory="081fbd1e-27a4-43be-9054-ed1cfe356446" />
    <UnitTestResult executionId="6525a13e-920f-4dc1-a9fc-73a8add7498d" testId="15563e2a-215d-4f17-80e8-81bacdfb541c" testName="OmegaSpiral.Tests.Functional.Narrative.DialogueFlowTests.PlayOneStory_WhenStarted_PresentsSectionsInSequence" computerName="omega" startTime="2025-10-16T06:32:39.3900767-04:00" endTime="2025-10-16T06:32:39.3925036-04:00" testType="13cdc9d9-ddb5-4fa4-a97d-d965ccfc6d4b" outcome="Passed" testListId="8c84fa94-04c1-424b-9868-57a2d4851a1d" relativeResultsDirectory="6525a13e-920f-4dc1-a9fc-73a8add7498d" />
    <UnitTestResult executionId="2fbc7f6d-aa0c-405b-bd39-5d1d8a1c900d" testId="fec24cf6-ccdc-4247-824b-f0b1ceeeabb2" testName="OmegaSpiral.Tests.Functional.Narrative.DialogueFlowTests.SelectChoice_WhenThirdOptionSelected_MapsToAmbitionAffinity" computerName="omega" duration="00:00:00.0010000" startTime="2025-10-16T06:32:39.3695498-04:00" endTime="2025-10-16T06:32:39.3699312-04:00" testType="13cdc9d9-ddb5-4fa4-a97d-d965ccfc6d4b" outcome="Passed" testListId="8c84fa94-04c1-424b-9868-57a2d4851a1d" relativeResultsDirectory="2fbc7f6d-aa0c-405b-bd39-5d1d8a1c900d" />
    <UnitTestResult executionId="4d475d55-169d-4546-a675-6ccd94d25226" testId="685f5cdb-ba1e-44ee-8c03-564ff35ab8cb" testName="OmegaSpiral.Tests.Functional.Narrative.ContentBlockTests.SelectChoice_WithMouseClick_AllowsChoiceSelection" computerName="omega" duration="00:00:00.0020000" startTime="2025-10-16T06:32:39.2662331-04:00" endTime="2025-10-16T06:32:39.2669725-04:00" testType="13cdc9d9-ddb5-4fa4-a97d-d965ccfc6d4b" outcome="Passed" testListId="8c84fa94-04c1-424b-9868-57a2d4851a1d" relativeResultsDirectory="4d475d55-169d-4546-a675-6ccd94d25226" />
    <UnitTestResult executionId="1e176fa6-3632-48c4-ab13-0d967202a52c" testId="9dae3a17-1918-4ca3-bd31-98a7911a4dd6" testName="OmegaSpiral.Tests.Functional.Narrative.DialogueFlowTests.SelectChoice_WhenFirstOptionSelected_MapsToHeroAffinity" computerName="omega" duration="00:00:00.0030000" startTime="2025-10-16T06:32:39.3642285-04:00" endTime="2025-10-16T06:32:39.3646421-04:00" testType="13cdc9d9-ddb5-4fa4-a97d-d965ccfc6d4b" outcome="Passed" testListId="8c84fa94-04c1-424b-9868-57a2d4851a1d" relativeResultsDirectory="1e176fa6-3632-48c4-ab13-0d967202a52c" />
    <UnitTestResult executionId="d458578b-ea2f-4309-b81a-8e63203704ea" testId="f5385994-be2f-432a-9558-3cc412a239f9" testName="OmegaSpiral.Tests.Functional.Narrative.ContentBlockTests.DisplayText_WithNoInput_WaitsIndefinitelyUntilInteraction" computerName="omega" startTime="2025-10-16T06:32:39.1977809-04:00" endTime="2025-10-16T06:32:39.1981708-04:00" testType="13cdc9d9-ddb5-4fa4-a97d-d965ccfc6d4b" outcome="Passed" testListId="8c84fa94-04c1-424b-9868-57a2d4851a1d" relativeResultsDirectory="d458578b-ea2f-4309-b81a-8e63203704ea" />
    <UnitTestResult executionId="b416a471-7c7f-43cb-8e73-624783025fad" testId="dc53b493-4644-4856-b6e4-25cc6def42ed" testName="OmegaSpiral.Tests.Functional.Narrative.ContentBlockTests.TransitionSection_WithDissolve_WaitsForCompletion" computerName="omega" duration="00:00:00.0050000" startTime="2025-10-16T06:32:39.2611372-04:00" endTime="2025-10-16T06:32:39.2615360-04:00" testType="13cdc9d9-ddb5-4fa4-a97d-d965ccfc6d4b" outcome="Passed" testListId="8c84fa94-04c1-424b-9868-57a2d4851a1d" relativeResultsDirectory="b416a471-7c7f-43cb-8e73-624783025fad" />
    <UnitTestResult executionId="4e94f277-8bd5-42d7-959b-93f60196b0bd" testId="327423a5-4233-499c-b48c-41cb5136b67b" testName="OmegaSpiral.Tests.Functional.Narrative.ContentBlockTests.TransitionSection_WithDissolveShader_FadesTextCorrectly" computerName="omega" duration="00:00:00.0010000" startTime="2025-10-16T06:32:39.2539983-04:00" endTime="2025-10-16T06:32:39.2543715-04:00" testType="13cdc9d9-ddb5-4fa4-a97d-d965ccfc6d4b" outcome="Passed" testListId="8c84fa94-04c1-424b-9868-57a2d4851a1d" relativeResultsDirectory="4e94f277-8bd5-42d7-959b-93f60196b0bd" />
    <UnitTestResult executionId="e773583d-b7b5-4dcf-982d-6638178bc561" testId="999ab639-f529-4a39-873d-6446b3b89d86" testName="OmegaSpiral.Tests.Functional.Narrative.DialogueFlowTests.DisplaySecret_WhenPhaseActive_PresentsThreeChoiceOptions" computerName="omega" startTime="2025-10-16T06:32:39.4154265-04:00" endTime="2025-10-16T06:32:39.4157815-04:00" testType="13cdc9d9-ddb5-4fa4-a97d-d965ccfc6d4b" outcome="Passed" testListId="8c84fa94-04c1-424b-9868-57a2d4851a1d" relativeResultsDirectory="e773583d-b7b5-4dcf-982d-6638178bc561" />
    <UnitTestResult executionId="c85be86c-1e0b-4bf5-ad7d-b178468fd977" testId="f764cdf1-b979-490b-a652-7833b2048b8b" testName="OmegaSpiral.Tests.Functional.Narrative.ContentBlockTests.PlayTypewriter_WithAudio_SynchronizesSoundWithText" computerName="omega" duration="00:00:00.0010000" startTime="2025-10-16T06:32:39.2449429-04:00" endTime="2025-10-16T06:32:39.2454106-04:00" testType="13cdc9d9-ddb5-4fa4-a97d-d965ccfc6d4b" outcome="Passed" testListId="8c84fa94-04c1-424b-9868-57a2d4851a1d" relativeResultsDirectory="c85be86c-1e0b-4bf5-ad7d-b178468fd977" />
    <UnitTestResult executionId="7ef591f0-59c4-4385-8241-1553ef7b968c" testId="2d6516c2-4c4b-4e10-9509-13020ca9d2b9" testName="OmegaSpiral.Tests.Functional.Narrative.DialogueFlowTests.SubmitName_WhenPlayerEntersName_PresentsTwoCrypticMeaningQuestions" computerName="omega" duration="00:00:00.0020000" startTime="2025-10-16T06:32:39.4337934-04:00" endTime="2025-10-16T06:32:39.4341679-04:00" testType="13cdc9d9-ddb5-4fa4-a97d-d965ccfc6d4b" outcome="Passed" testListId="8c84fa94-04c1-424b-9868-57a2d4851a1d" relativeResultsDirectory="7ef591f0-59c4-4385-8241-1553ef7b968c" />
    <UnitTestResult executionId="0d9ec884-b13b-4211-abdc-9dc61bb68b68" testId="6cf9c3c2-98fa-4c03-a68f-fe67bad0cbe3" testName="OmegaSpiral.Tests.Functional.Narrative.DialogueFlowTests.PresentQuestions_WhenFirstQuestionAnswered_DeliverSecondQuestion" computerName="omega" duration="00:00:00.0040000" startTime="2025-10-16T06:32:39.3551961-04:00" endTime="2025-10-16T06:32:39.3556007-04:00" testType="13cdc9d9-ddb5-4fa4-a97d-d965ccfc6d4b" outcome="Passed" testListId="8c84fa94-04c1-424b-9868-57a2d4851a1d" relativeResultsDirectory="0d9ec884-b13b-4211-abdc-9dc61bb68b68" />
    <UnitTestResult executionId="ded03872-76ac-4e49-b9b5-95066994d23d" testId="bd34f3c5-5b9e-43e5-81ca-40d43b154459" testName="OmegaSpiral.Tests.Functional.Narrative.DialogueFlowTests.LoadScene_WhenOneStoryMode_UsesVariedContentPool" computerName="omega" duration="00:00:00.0010000" startTime="2025-10-16T06:32:39.4057082-04:00" endTime="2025-10-16T06:32:39.4065835-04:00" testType="13cdc9d9-ddb5-4fa4-a97d-d965ccfc6d4b" outcome="Passed" testListId="8c84fa94-04c1-424b-9868-57a2d4851a1d" relativeResultsDirectory="ded03872-76ac-4e49-b9b5-95066994d23d" />
    <UnitTestResult executionId="96df6e8a-b5fd-4e02-910b-b1ad585049ad" testId="19b5ac22-5c88-4de8-bbcf-1f336dda1fcd" testName="OmegaSpiral.Tests.Functional.Narrative.DialogueFlowTests.DisplayStorySection_WhenActive_BlocksProgressWithoutInput" computerName="omega" startTime="2025-10-16T06:32:39.4029838-04:00" endTime="2025-10-16T06:32:39.4034149-04:00" testType="13cdc9d9-ddb5-4fa4-a97d-d965ccfc6d4b" outcome="Passed" testListId="8c84fa94-04c1-424b-9868-57a2d4851a1d" relativeResultsDirectory="96df6e8a-b5fd-4e02-910b-b1ad585049ad" />
    <UnitTestResult executionId="e2756b9b-4156-47e6-a1cc-53bb2e918c07" testId="26f14fcd-31b0-447f-a1db-27f4134d3cd3" testName="OmegaSpiral.Tests.Functional.Narrative.DialogueFlowTests.PresentQuestions_WhenTwoQuestionsAnswered_DeliverThirdQuestion" computerName="omega" duration="00:00:00.0010000" startTime="2025-10-16T06:32:39.3569540-04:00" endTime="2025-10-16T06:32:39.3595957-04:00" testType="13cdc9d9-ddb5-4fa4-a97d-d965ccfc6d4b" outcome="Passed" testListId="8c84fa94-04c1-424b-9868-57a2d4851a1d" relativeResultsDirectory="e2756b9b-4156-47e6-a1cc-53bb2e918c07" />
    <UnitTestResult executionId="1b98ceb5-d8d2-4872-a1d6-d396a575aeb0" testId="17b1b3b8-6f37-4961-8343-bca358c68428" testName="OmegaSpiral.Tests.Functional.Narrative.DialogueFlowTests.DisplayStoryBlock_WhenActive_AwaitsPlayerInput" computerName="omega" startTime="2025-10-16T06:32:39.3749979-04:00" endTime="2025-10-16T06:32:39.3868176-04:00" testType="13cdc9d9-ddb5-4fa4-a97d-d965ccfc6d4b" outcome="Passed" testListId="8c84fa94-04c1-424b-9868-57a2d4851a1d" relativeResultsDirectory="1b98ceb5-d8d2-4872-a1d6-d396a575aeb0" />
    <UnitTestResult executionId="b70fa738-39d1-4f71-b643-8efc90ea7f3e" testId="40255b71-c171-4fd5-b2d0-36bebc53a5be" testName="OmegaSpiral.Tests.Functional.Narrative.DialogueFlowTests.TrackProgress_WhenBlocksAdvanced_UpdatesProgressState" computerName="omega" duration="00:00:00.0030000" startTime="2025-10-16T06:32:39.4105282-04:00" endTime="2025-10-16T06:32:39.4109100-04:00" testType="13cdc9d9-ddb5-4fa4-a97d-d965ccfc6d4b" outcome="Passed" testListId="8c84fa94-04c1-424b-9868-57a2d4851a1d" relativeResultsDirectory="b70fa738-39d1-4f71-b643-8efc90ea7f3e" />
    <UnitTestResult executionId="ba7594db-7b0e-4280-85a7-1011c9877bfd" testId="65cfa770-8d1c-4fb3-9f68-2c5faa67c922" testName="OmegaSpiral.Tests.Functional.Narrative.ContentBlockTests.DisplayText_WithCRTShader_DisplaysVisibleScanlines" computerName="omega" duration="00:00:00.0330000" startTime="2025-10-16T06:32:39.2349201-04:00" endTime="2025-10-16T06:32:39.2353344-04:00" testType="13cdc9d9-ddb5-4fa4-a97d-d965ccfc6d4b" outcome="Passed" testListId="8c84fa94-04c1-424b-9868-57a2d4851a1d" relativeResultsDirectory="ba7594db-7b0e-4280-85a7-1011c9877bfd" />
    <UnitTestResult executionId="1e733abf-7e28-48dd-8bf9-5439bd8ecf3d" testId="328352fb-4a93-4615-97bf-3be5dafeada8" testName="OmegaSpiral.Tests.Functional.Narrative.DialogueFlowTests.SelectChoice_WhenMade_AttributesToCorrespondingAffinity" computerName="omega" startTime="2025-10-16T06:32:39.4397537-04:00" endTime="2025-10-16T06:32:39.4402400-04:00" testType="13cdc9d9-ddb5-4fa4-a97d-d965ccfc6d4b" outcome="Passed" testListId="8c84fa94-04c1-424b-9868-57a2d4851a1d" relativeResultsDirectory="1e733abf-7e28-48dd-8bf9-5439bd8ecf3d" />
    <UnitTestResult executionId="d4357a66-e3d7-49cc-8e96-7e7823038e6f" testId="33666834-e1ea-4dc3-910b-2feaf59abc28" testName="OmegaSpiral.Tests.Functional.Narrative.DialogueFlowTests.BuildPlan_WhenShadowConfigLoaded_ConstructsOrderedCinematicBeats" computerName="omega" duration="00:00:00.0160000" startTime="2025-10-16T06:32:39.3360645-04:00" endTime="2025-10-16T06:32:39.3364484-04:00" testType="13cdc9d9-ddb5-4fa4-a97d-d965ccfc6d4b" outcome="Passed" testListId="8c84fa94-04c1-424b-9868-57a2d4851a1d" relativeResultsDirectory="d4357a66-e3d7-49cc-8e96-7e7823038e6f" />
    <UnitTestResult executionId="735c0541-0330-4945-b803-c59dff226347" testId="d168612c-e19d-4c54-9bfb-cd3414809d30" testName="OmegaSpiral.Tests.Functional.Narrative.ContentBlockTests.AdvanceBlock_WithKeyboardSelect_AdvancesContentBlock" computerName="omega" duration="00:00:00.0420000" startTime="2025-10-16T06:32:39.3114509-04:00" endTime="2025-10-16T06:32:39.3118334-04:00" testType="13cdc9d9-ddb5-4fa4-a97d-d965ccfc6d4b" outcome="Passed" testListId="8c84fa94-04c1-424b-9868-57a2d4851a1d" relativeResultsDirectory="735c0541-0330-4945-b803-c59dff226347" />
    <UnitTestResult executionId="96c7c9d5-8b6f-47e8-865e-ca2993067b48" testId="ffd7b0bf-4ceb-4fb3-92bc-67b6c4816bcb" testName="OmegaSpiral.Tests.Functional.Narrative.ContentBlockTests.DisplayText_WithCRTShader_AppliesBlurEffect" computerName="omega" startTime="2025-10-16T06:32:39.2004556-04:00" endTime="2025-10-16T06:32:39.2009486-04:00" testType="13cdc9d9-ddb5-4fa4-a97d-d965ccfc6d4b" outcome="Passed" testListId="8c84fa94-04c1-424b-9868-57a2d4851a1d" relativeResultsDirectory="96c7c9d5-8b6f-47e8-865e-ca2993067b48" />
    <UnitTestResult executionId="54ce3cef-4b42-4ca0-a3c3-23f9567c3100" testId="5c411081-49dd-4c42-b21d-9a4562a49b6e" testName="OmegaSpiral.Tests.Functional.Narrative.ContentBlockTests.SelectChoice_WithGamepadInput_AllowsChoiceSelection" computerName="omega" startTime="2025-10-16T06:32:39.2676703-04:00" endTime="2025-10-16T06:32:39.2680208-04:00" testType="13cdc9d9-ddb5-4fa4-a97d-d965ccfc6d4b" outcome="Passed" testListId="8c84fa94-04c1-424b-9868-57a2d4851a1d" relativeResultsDirectory="54ce3cef-4b42-4ca0-a3c3-23f9567c3100" />
    <UnitTestResult executionId="e62da2a9-1b62-4647-bf51-85cc8453ad93" testId="3edb2f63-67c6-4293-bc7e-e9249f4b1c5d" testName="OmegaSpiral.Tests.Functional.Narrative.ContentBlockTests.AdvanceBlock_WithAllInputMethods_RespondsConsistently" computerName="omega" startTime="2025-10-16T06:32:39.3176776-04:00" endTime="2025-10-16T06:32:39.3180397-04:00" testType="13cdc9d9-ddb5-4fa4-a97d-d965ccfc6d4b" outcome="Passed" testListId="8c84fa94-04c1-424b-9868-57a2d4851a1d" relativeResultsDirectory="e62da2a9-1b62-4647-bf51-85cc8453ad93" />
    <UnitTestResult executionId="19cbfa05-ab38-4c12-9859-55c0a4f8749f" testId="8f7df905-b5c0-4cc5-b897-2202d051748e" testName="OmegaSpiral.Tests.Functional.Narrative.DialogueFlowTests.CompleteNameQuestions_WhenAllAnswered_TransitionsToContentBlock" computerName="omega" startTime="2025-10-16T06:32:39.4364689-04:00" endTime="2025-10-16T06:32:39.4368900-04:00" testType="13cdc9d9-ddb5-4fa4-a97d-d965ccfc6d4b" outcome="Passed" testListId="8c84fa94-04c1-424b-9868-57a2d4851a1d" relativeResultsDirectory="19cbfa05-ab38-4c12-9859-55c0a4f8749f" />
    <UnitTestResult executionId="fabd8ba0-68fe-48d2-b6de-bae28ed4946f" testId="b7b5d9e5-c4d7-4c9f-89aa-ffbf3656f8b3" testName="OmegaSpiral.Tests.Field.FieldCombatStageTests.Manifest_EntryForStageFive_UsesFieldCombatScene" computerName="omega" duration="00:00:00.0160000" startTime="2025-10-16T06:32:39.1670867-04:00" endTime="2025-10-16T06:32:39.1746740-04:00" testType="13cdc9d9-ddb5-4fa4-a97d-d965ccfc6d4b" outcome="Passed" testListId="8c84fa94-04c1-424b-9868-57a2d4851a1d" relativeResultsDirectory="fabd8ba0-68fe-48d2-b6de-bae28ed4946f" />
    <UnitTestResult executionId="f5412c76-a714-40b4-a7be-3d9b00b5ec72" testId="d55e8ce9-5b03-4d20-85e6-d8c9331e262a" testName="OmegaSpiral.Tests.Field.FieldCombatStageTests.ProjectAutoloads_IncludeFieldAndCombatSingletons" computerName="omega" duration="00:00:00.0030000" startTime="2025-10-16T06:32:39.1887581-04:00" endTime="2025-10-16T06:32:39.1891541-04:00" testType="13cdc9d9-ddb5-4fa4-a97d-d965ccfc6d4b" outcome="Passed" testListId="8c84fa94-04c1-424b-9868-57a2d4851a1d" relativeResultsDirectory="f5412c76-a714-40b4-a7be-3d9b00b5ec72" />
    <UnitTestResult executionId="ffaa0b28-506c-4b42-91e8-2e724e63f53c" testId="a83d7379-bb39-4270-bcf4-3bde4d34ea24" testName="OmegaSpiral.Tests.Functional.Narrative.DialogueFlowTests.PresentQuestions_WhenSequenceStarted_DeliverFirstQuestionBeforeOthers" computerName="omega" duration="00:00:00.0060000" startTime="2025-10-16T06:32:39.3503250-04:00" endTime="2025-10-16T06:32:39.3507094-04:00" testType="13cdc9d9-ddb5-4fa4-a97d-d965ccfc6d4b" outcome="Passed" testListId="8c84fa94-04c1-424b-9868-57a2d4851a1d" relativeResultsDirectory="ffaa0b28-506c-4b42-91e8-2e724e63f53c" />
    <UnitTestResult executionId="9c3bd05f-eab0-4925-bf76-36a7ddac70cf" testId="1b5cbaaa-432e-43b0-bac6-f6611b25841e" testName="OmegaSpiral.Tests.Functional.Narrative.DialogueFlowTests.InitializeNarrative_WhenFallbackLoaded_PopulatesInitialChoiceOptions" computerName="omega" startTime="2025-10-16T06:32:39.3386918-04:00" endTime="2025-10-16T06:32:39.3390900-04:00" testType="13cdc9d9-ddb5-4fa4-a97d-d965ccfc6d4b" outcome="Passed" testListId="8c84fa94-04c1-424b-9868-57a2d4851a1d" relativeResultsDirectory="9c3bd05f-eab0-4925-bf76-36a7ddac70cf" />
    <UnitTestResult executionId="0789eb4d-51d8-41c7-973f-3bfb633ab02f" testId="dfa1fe93-a76c-4634-85f9-e228423ec738" testName="OmegaSpiral.Tests.Functional.Narrative.DialogueFlowTests.SelectSecret_WhenChoiceConfirmed_TriggersGhostwritingEffect" computerName="omega" startTime="2025-10-16T06:32:39.4169251-04:00" endTime="2025-10-16T06:32:39.4217151-04:00" testType="13cdc9d9-ddb5-4fa4-a97d-d965ccfc6d4b" outcome="Passed" testListId="8c84fa94-04c1-424b-9868-57a2d4851a1d" relativeResultsDirectory="0789eb4d-51d8-41c7-973f-3bfb633ab02f" />
    <UnitTestResult executionId="f7b14980-271d-48ef-b6aa-12902a5577b6" testId="7a32a5f8-f8c2-4cd2-9941-e3f6a0a35eff" testName="OmegaSpiral.Tests.Functional.Narrative.ContentBlockTests.PlayTypewriter_WithTiming_RevealsCharactersSequentially" computerName="omega" duration="00:00:00.0050000" startTime="2025-10-16T06:32:39.2421492-04:00" endTime="2025-10-16T06:32:39.2428858-04:00" testType="13cdc9d9-ddb5-4fa4-a97d-d965ccfc6d4b" outcome="Passed" testListId="8c84fa94-04c1-424b-9868-57a2d4851a1d" relativeResultsDirectory="f7b14980-271d-48ef-b6aa-12902a5577b6" />
    <UnitTestResult executionId="0a5a0ecd-725f-4e1b-aa71-cd360414e120" testId="e1c1973b-aecf-4ca0-af91-4178ad9524f5" testName="OmegaSpiral.Tests.Functional.Narrative.DialogueFlowTests.PresentQuestions_WhenSequenceInitialized_PresentsThreeQuestionsInOrder" computerName="omega" startTime="2025-10-16T06:32:39.3408707-04:00" endTime="2025-10-16T06:32:39.3437773-04:00" testType="13cdc9d9-ddb5-4fa4-a97d-d965ccfc6d4b" outcome="Passed" testListId="8c84fa94-04c1-424b-9868-57a2d4851a1d" relativeResultsDirectory="0a5a0ecd-725f-4e1b-aa71-cd360414e120" />
    <UnitTestResult executionId="395fb3df-a33e-4f89-a887-e04fff402c7e" testId="010cca8b-54d5-4e80-ba68-8aa45f0b1287" testName="OmegaSpiral.Tests.Functional.Narrative.DialogueFlowTests.SelectSecretChoice_WhenMade_TriggersEquationGhostwritingEffect" computerName="omega" startTime="2025-10-16T06:32:39.4412769-04:00" endTime="2025-10-16T06:32:39.4416228-04:00" testType="13cdc9d9-ddb5-4fa4-a97d-d965ccfc6d4b" outcome="Passed" testListId="8c84fa94-04c1-424b-9868-57a2d4851a1d" relativeResultsDirectory="395fb3df-a33e-4f89-a887-e04fff402c7e" />
    <UnitTestResult executionId="08ba2746-d133-4a96-9c91-a58c389106b4" testId="1aa94b9d-b3d1-4440-85fd-652b17cb8ef5" testName="OmegaSpiral.Tests.Functional.Narrative.DialogueFlowTests.LoadScene_WhenNameSectionActive_PromptsForPlayerName" computerName="omega" duration="00:00:00.0010000" startTime="2025-10-16T06:32:39.4308819-04:00" endTime="2025-10-16T06:32:39.4312416-04:00" testType="13cdc9d9-ddb5-4fa4-a97d-d965ccfc6d4b" outcome="Passed" testListId="8c84fa94-04c1-424b-9868-57a2d4851a1d" relativeResultsDirectory="08ba2746-d133-4a96-9c91-a58c389106b4" />
    <UnitTestResult executionId="efcfa050-f220-44ea-99f5-d3cc30d56fe4" testId="77ab9081-5746-4fff-9802-cab5077c2b5e" testName="OmegaSpiral.Tests.Functional.Narrative.ContentBlockTests.AdvanceBlock_WithMouseClick_AdvancesContentBlock" computerName="omega" duration="00:00:00.0010000" startTime="2025-10-16T06:32:39.3162435-04:00" endTime="2025-10-16T06:32:39.3167440-04:00" testType="13cdc9d9-ddb5-4fa4-a97d-d965ccfc6d4b" outcome="Passed" testListId="8c84fa94-04c1-424b-9868-57a2d4851a1d" relativeResultsDirectory="efcfa050-f220-44ea-99f5-d3cc30d56fe4" />
    <UnitTestResult executionId="e4e39392-2103-4886-a882-b750fe9a6ec8" testId="85eef485-19f2-47e3-8129-8255e3b03a22" testName="OmegaSpiral.Tests.Functional.Narrative.ContentBlockTests.PlayTypewriter_WithAudio_LoopsSoundUntilLineCompletion" computerName="omega" startTime="2025-10-16T06:32:39.2459880-04:00" endTime="2025-10-16T06:32:39.2464477-04:00" testType="13cdc9d9-ddb5-4fa4-a97d-d965ccfc6d4b" outcome="Passed" testListId="8c84fa94-04c1-424b-9868-57a2d4851a1d" relativeResultsDirectory="e4e39392-2103-4886-a882-b750fe9a6ec8" />
    <UnitTestResult executionId="2c1009b2-c7cb-4b65-a478-82210780a597" testId="6270beb3-38c2-4815-a161-b437266a6043" testName="OmegaSpiral.Tests.Functional.Narrative.DialogueFlowTests.SelectOneStory_WhenOptionChosen_DisplaysStoryBlockSuccessfully" computerName="omega" duration="00:00:00.0030000" startTime="2025-10-16T06:32:39.3739075-04:00" endTime="2025-10-16T06:32:39.3743362-04:00" testType="13cdc9d9-ddb5-4fa4-a97d-d965ccfc6d4b" outcome="Passed" testListId="8c84fa94-04c1-424b-9868-57a2d4851a1d" relativeResultsDirectory="2c1009b2-c7cb-4b65-a478-82210780a597" />
    <UnitTestResult executionId="d20efd62-befe-4048-a5fc-d171def33bba" testId="7c03e0ed-fa77-4e5f-b9aa-630b89973e1e" testName="OmegaSpiral.Tests.Functional.Narrative.DialogueFlowTests.InitializeNarrative_WhenLLMDisabled_LoadsFallbackDataSuccessfully" computerName="omega" startTime="2025-10-16T06:32:39.3373117-04:00" endTime="2025-10-16T06:32:39.3376937-04:00" testType="13cdc9d9-ddb5-4fa4-a97d-d965ccfc6d4b" outcome="Passed" testListId="8c84fa94-04c1-424b-9868-57a2d4851a1d" relativeResultsDirectory="d20efd62-befe-4048-a5fc-d171def33bba" />
    <UnitTestResult executionId="7bf3b6bb-0d73-41cf-8b6b-27cdf0f21397" testId="bdf02ec0-90a1-41a9-b8ab-0d02e42c1cc9" testName="OmegaSpiral.Tests.Functional.Narrative.ContentBlockTests.DisplayText_WithNoInput_DoesNotAutoAdvance" computerName="omega" startTime="2025-10-16T06:32:39.1965627-04:00" endTime="2025-10-16T06:32:39.1969449-04:00" testType="13cdc9d9-ddb5-4fa4-a97d-d965ccfc6d4b" outcome="Passed" testListId="8c84fa94-04c1-424b-9868-57a2d4851a1d" relativeResultsDirectory="7bf3b6bb-0d73-41cf-8b6b-27cdf0f21397" />
    <UnitTestResult executionId="e5d1e390-7898-4bce-ad74-926fc98e2d42" testId="9fdc59be-a8f8-48d9-b382-1f632802143e" testName="OmegaSpiral.Tests.Functional.Narrative.ContentBlockTests.AdvanceBlock_WithGamepadConfirm_AdvancesContentBlock" computerName="omega" duration="00:00:00.0010000" startTime="2025-10-16T06:32:39.3138965-04:00" endTime="2025-10-16T06:32:39.3142912-04:00" testType="13cdc9d9-ddb5-4fa4-a97d-d965ccfc6d4b" outcome="Passed" testListId="8c84fa94-04c1-424b-9868-57a2d4851a1d" relativeResultsDirectory="e5d1e390-7898-4bce-ad74-926fc98e2d42" />
    <UnitTestResult executionId="7f5dde46-1b28-44b5-9014-b2726df8449c" testId="24184bd2-d222-40d7-b2b9-45255a0d33f7" testName="OmegaSpiral.Tests.Functional.Narrative.DialogueFlowTests.InitializeNarrative_WhenFallbackUsed_IndicatesFallbackModeInState" computerName="omega" startTime="2025-10-16T06:32:39.3398160-04:00" endTime="2025-10-16T06:32:39.3401857-04:00" testType="13cdc9d9-ddb5-4fa4-a97d-d965ccfc6d4b" outcome="Passed" testListId="8c84fa94-04c1-424b-9868-57a2d4851a1d" relativeResultsDirectory="7f5dde46-1b28-44b5-9014-b2726df8449c" />
    <UnitTestResult executionId="6499e4ab-d28b-4216-b07c-f5e653893249" testId="5055c2ba-e72d-4bac-86c0-c2ba5ec3975b" testName="OmegaSpiral.Tests.Field.FieldCombatStageTests.StageMetadata_DefinesTitleSceneAndResourceHints" computerName="omega" duration="00:00:00.0020000" startTime="2025-10-16T06:32:39.1829105-04:00" endTime="2025-10-16T06:32:39.1834282-04:00" testType="13cdc9d9-ddb5-4fa4-a97d-d965ccfc6d4b" outcome="Passed" testListId="8c84fa94-04c1-424b-9868-57a2d4851a1d" relativeResultsDirectory="6499e4ab-d28b-4216-b07c-f5e653893249" />
    <UnitTestResult executionId="e63f45a7-7473-4154-9004-32116d2775a4" testId="ae26b411-63dd-492d-9836-0dfbfbe7fb26" testName="OmegaSpiral.Tests.Functional.Narrative.DialogueFlowTests.SelectChoice_WhenSecondOptionSelected_MapsToShadowAffinity" computerName="omega" duration="00:00:00.0020000" startTime="2025-10-16T06:32:39.3672507-04:00" endTime="2025-10-16T06:32:39.3676495-04:00" testType="13cdc9d9-ddb5-4fa4-a97d-d965ccfc6d4b" outcome="Passed" testListId="8c84fa94-04c1-424b-9868-57a2d4851a1d" relativeResultsDirectory="e63f45a7-7473-4154-9004-32116d2775a4" />
    <UnitTestResult executionId="f1a38cee-bc9f-4911-8c43-ad83af77d739" testId="b27b7a94-46e5-42a2-985d-7d93de444c54" testName="OmegaSpiral.Tests.Functional.Narrative.DialogueFlowTests.NavigateStorySections_WhenProgressing_TracksSectionProgressionAccurately" computerName="omega" duration="00:00:00.0060000" startTime="2025-10-16T06:32:39.4286230-04:00" endTime="2025-10-16T06:32:39.4289976-04:00" testType="13cdc9d9-ddb5-4fa4-a97d-d965ccfc6d4b" outcome="Passed" testListId="8c84fa94-04c1-424b-9868-57a2d4851a1d" relativeResultsDirectory="f1a38cee-bc9f-4911-8c43-ad83af77d739" />
    <UnitTestResult executionId="078c54c0-4445-4189-a8ea-6eeda0c5460c" testId="97049fe2-06a3-4248-a5ee-25d1e5103752" testName="OmegaSpiral.Tests.Field.FieldCombatStageTests.SceneFile_DoesNotReferenceLegacySrcPaths" computerName="omega" startTime="2025-10-16T06:32:39.1849938-04:00" endTime="2025-10-16T06:32:39.1853544-04:00" testType="13cdc9d9-ddb5-4fa4-a97d-d965ccfc6d4b" outcome="Passed" testListId="8c84fa94-04c1-424b-9868-57a2d4851a1d" relativeResultsDirectory="078c54c0-4445-4189-a8ea-6eeda0c5460c" />
    <UnitTestResult executionId="9fff75f3-1e37-4a3c-b558-f2d4208abdd9" testId="b99bcf1d-3199-405b-be33-91617e3fad09" testName="OmegaSpiral.Tests.Functional.Narrative.DialogueFlowTests.LoadScene_WhenOneStorySelected_MaintainsUniqueBlockPool" computerName="omega" startTime="2025-10-16T06:32:39.3872189-04:00" endTime="2025-10-16T06:32:39.3888123-04:00" testType="13cdc9d9-ddb5-4fa4-a97d-d965ccfc6d4b" outcome="Passed" testListId="8c84fa94-04c1-424b-9868-57a2d4851a1d" relativeResultsDirectory="9fff75f3-1e37-4a3c-b558-f2d4208abdd9" />
    <UnitTestResult executionId="df4cd048-817c-4627-88a3-508af02bff33" testId="81691ee6-9118-4a15-9680-9719cf39cbb7" testName="OmegaSpiral.Tests.Functional.Narrative.DialogueFlowTests.SubmitPlayerName_WhenNameAccepted_ProgressesToFollowUpQuestions" computerName="omega" startTime="2025-10-16T06:32:39.4125059-04:00" endTime="2025-10-16T06:32:39.4148650-04:00" testType="13cdc9d9-ddb5-4fa4-a97d-d965ccfc6d4b" outcome="Passed" testListId="8c84fa94-04c1-424b-9868-57a2d4851a1d" relativeResultsDirectory="df4cd048-817c-4627-88a3-508af02bff33" />
    <UnitTestResult executionId="7d5f1204-3d96-461f-ae0b-8577899009b6" testId="b7c40325-7d6c-4278-8e44-956b536d31d9" testName="OmegaSpiral.Tests.Functional.Narrative.ContentBlockTests.TransitionSection_WithTiming_MatchesConfiguredDuration" computerName="omega" startTime="2025-10-16T06:32:39.2549445-04:00" endTime="2025-10-16T06:32:39.2553207-04:00" testType="13cdc9d9-ddb5-4fa4-a97d-d965ccfc6d4b" outcome="Passed" testListId="8c84fa94-04c1-424b-9868-57a2d4851a1d" relativeResultsDirectory="7d5f1204-3d96-461f-ae0b-8577899009b6" />
    <UnitTestResult executionId="4881d6aa-05c4-4be5-8f39-cdff5d951471" testId="5224bc51-458b-4d00-93d9-bea6d79aacb6" testName="OmegaSpiral.Tests.Functional.Narrative.ContentBlockTests.DisplayText_InCRTContainer_CentersTextIn4x3Frame" computerName="omega" startTime="2025-10-16T06:32:39.1991764-04:00" endTime="2025-10-16T06:32:39.1996014-04:00" testType="13cdc9d9-ddb5-4fa4-a97d-d965ccfc6d4b" outcome="Passed" testListId="8c84fa94-04c1-424b-9868-57a2d4851a1d" relativeResultsDirectory="4881d6aa-05c4-4be5-8f39-cdff5d951471" />
    <UnitTestResult executionId="3280a60b-f536-47a4-bcf6-facf3f58a3c9" testId="0239bb6b-3970-4209-ab9f-650ceae8f1e3" testName="OmegaSpiral.Tests.Functional.Narrative.DialogueFlowTests.DisplayPrompt_WhenPromptPresented_ProvidesExactlyThreeChoiceOptions" computerName="omega" startTime="2025-10-16T06:32:39.3605428-04:00" endTime="2025-10-16T06:32:39.3609524-04:00" testType="13cdc9d9-ddb5-4fa4-a97d-d965ccfc6d4b" outcome="Passed" testListId="8c84fa94-04c1-424b-9868-57a2d4851a1d" relativeResultsDirectory="3280a60b-f536-47a4-bcf6-facf3f58a3c9" />
    <UnitTestResult executionId="1d4ad626-8839-4901-b0ca-3a5ebb9fba11" testId="9f3773cb-3a42-4381-ba1a-00b15d2fea71" testName="OmegaSpiral.Tests.Functional.Narrative.DialogueFlowTests.DisplaySecretSection_WhenActive_PresentsThreeChoicesForDreamweaverPoints" computerName="omega" duration="00:00:00.0010000" startTime="2025-10-16T06:32:39.4386130-04:00" endTime="2025-10-16T06:32:39.4389682-04:00" testType="13cdc9d9-ddb5-4fa4-a97d-d965ccfc6d4b" outcome="Passed" testListId="8c84fa94-04c1-424b-9868-57a2d4851a1d" relativeResultsDirectory="1d4ad626-8839-4901-b0ca-3a5ebb9fba11" />
    <UnitTestResult executionId="afde53d0-d038-4e86-a279-9a850c55d661" testId="1d21a43e-e8bc-429c-bbfd-dda08dcfc943" testName="OmegaSpiral.Tests.Functional.Narrative.ContentBlockTests.SelectChoice_WithAnyValidInput_AdvancesNarrative" computerName="omega" startTime="2025-10-16T06:32:39.2687271-04:00" endTime="2025-10-16T06:32:39.2690655-04:00" testType="13cdc9d9-ddb5-4fa4-a97d-d965ccfc6d4b" outcome="Passed" testListId="8c84fa94-04c1-424b-9868-57a2d4851a1d" relativeResultsDirectory="afde53d0-d038-4e86-a279-9a850c55d661" />
    <UnitTestResult executionId="40e49e04-b6a3-4f02-822b-fbe820f38225" testId="4c479d09-bf11-4e3d-8260-b4c863619c3a" testName="OmegaSpiral.Tests.Functional.Narrative.ContentBlockTests.SelectChoice_WithKeyboardNavigation_AllowsChoiceSelection" computerName="omega" duration="00:00:00.0010000" startTime="2025-10-16T06:32:39.2633858-04:00" endTime="2025-10-16T06:32:39.2639238-04:00" testType="13cdc9d9-ddb5-4fa4-a97d-d965ccfc6d4b" outcome="Passed" testListId="8c84fa94-04c1-424b-9868-57a2d4851a1d" relativeResultsDirectory="40e49e04-b6a3-4f02-822b-fbe820f38225" />
    <UnitTestResult executionId="42bfb186-fdbc-4cbf-99b1-5c2cd7e945bb" testId="3bdafce2-1328-4208-86cc-ee13f3b3d65b" testName="OmegaSpiral.Tests.Functional.Narrative.DialogueFlowTests.Playthrough_WhenBlocksSelectedSequentially_PreventsRepeats" computerName="omega" startTime="2025-10-16T06:32:39.3892602-04:00" endTime="2025-10-16T06:32:39.3896643-04:00" testType="13cdc9d9-ddb5-4fa4-a97d-d965ccfc6d4b" outcome="Passed" testListId="8c84fa94-04c1-424b-9868-57a2d4851a1d" relativeResultsDirectory="42bfb186-fdbc-4cbf-99b1-5c2cd7e945bb" />
    <UnitTestResult executionId="d68788ed-1c93-4578-859c-dbadb40a353f" testId="f03a8057-a464-47dd-a2cc-86d7fd7a4ce7" testName="OmegaSpiral.Tests.Functional.Narrative.DialogueFlowTests.Placeholder_RemainingTests_WillBeImplementedIteratively" computerName="omega" startTime="2025-10-16T06:32:39.4221098-04:00" endTime="2025-10-16T06:32:39.4224752-04:00" testType="13cdc9d9-ddb5-4fa4-a97d-d965ccfc6d4b" outcome="Passed" testListId="8c84fa94-04c1-424b-9868-57a2d4851a1d" relativeResultsDirectory="d68788ed-1c93-4578-859c-dbadb40a353f" />
    <UnitTestResult executionId="7e546780-8784-4abd-b639-8565a4391a9b" testId="fad7e6d5-1821-415a-8a74-7b12741ecc62" testName="OmegaSpiral.Tests.Functional.Narrative.DialogueFlowTests.SubmitPlayerName_WhenValidNameProvided_StoresNameInState" computerName="omega" startTime="2025-10-16T06:32:39.4119659-04:00" endTime="2025-10-16T06:32:39.4122480-04:00" testType="13cdc9d9-ddb5-4fa4-a97d-d965ccfc6d4b" outcome="Passed" testListId="8c84fa94-04c1-424b-9868-57a2d4851a1d" relativeResultsDirectory="7e546780-8784-4abd-b639-8565a4391a9b" />
    <UnitTestResult executionId="27f4626a-533c-4505-a399-d125111648ae" testId="2bf4509f-e241-4011-8c55-fc6dde31ea35" testName="OmegaSpiral.Tests.Functional.Narrative.ContentBlockTests.TransitionSection_AtYAMLBoundary_ActivatesDissolveEffect" computerName="omega" startTime="2025-10-16T06:32:39.2520975-04:00" endTime="2025-10-16T06:32:39.2525005-04:00" testType="13cdc9d9-ddb5-4fa4-a97d-d965ccfc6d4b" outcome="Passed" testListId="8c84fa94-04c1-424b-9868-57a2d4851a1d" relativeResultsDirectory="27f4626a-533c-4505-a399-d125111648ae" />
    <UnitTestResult executionId="90c5981a-0c5d-45ee-99a9-35bb0c08772f" testId="b6632740-7885-4b9f-81e5-618b00b5eaab" testName="OmegaSpiral.Tests.Functional.Narrative.ContentBlockTests.DisplayText_WithNoUserInputForTenSeconds_RemainsVisible" computerName="omega" duration="00:00:00.0040000" startTime="2025-10-16T06:32:39.1956771-04:00" endTime="2025-10-16T06:32:39.1960491-04:00" testType="13cdc9d9-ddb5-4fa4-a97d-d965ccfc6d4b" outcome="Passed" testListId="8c84fa94-04c1-424b-9868-57a2d4851a1d" relativeResultsDirectory="90c5981a-0c5d-45ee-99a9-35bb0c08772f" />
    <UnitTestResult executionId="cb6d9be9-c5ef-4a3c-9e08-804135c31913" testId="30f9132b-eea9-4455-8db2-d2667acaa023" testName="OmegaSpiral.Tests.Functional.Narrative.DialogueFlowTests.SelectSecret_WhenChoiceSelected_MapsToCorrectAffinity" computerName="omega" startTime="2025-10-16T06:32:39.4161728-04:00" endTime="2025-10-16T06:32:39.4165214-04:00" testType="13cdc9d9-ddb5-4fa4-a97d-d965ccfc6d4b" outcome="Passed" testListId="8c84fa94-04c1-424b-9868-57a2d4851a1d" relativeResultsDirectory="cb6d9be9-c5ef-4a3c-9e08-804135c31913" />
    <UnitTestResult executionId="800437bf-266e-4b74-b9c1-5f79449f3372" testId="6ae64ef1-6b85-45c6-bfae-e5f4c2f2923f" testName="OmegaSpiral.Tests.Functional.Narrative.ContentBlockTests.DisplayText_WithCRTShader_MaintainsVisualConsistency" computerName="omega" startTime="2025-10-16T06:32:39.2360408-04:00" endTime="2025-10-16T06:32:39.2364839-04:00" testType="13cdc9d9-ddb5-4fa4-a97d-d965ccfc6d4b" outcome="Passed" testListId="8c84fa94-04c1-424b-9868-57a2d4851a1d" relativeResultsDirectory="800437bf-266e-4b74-b9c1-5f79449f3372" />
  </Results>
  <TestDefinitions>
    <UnitTest name="InitializeNarrative_WhenLLMDisabled_LoadsFallbackDataSuccessfully" storage="/home/adam/dev/omega-spiral/chapter-zero/tests/bin/debug/net8.0/omegaspiral.tests.dll" id="7c03e0ed-fa77-4e5f-b9aa-630b89973e1e">
      <Execution id="d20efd62-befe-4048-a5fc-d171def33bba" />
      <TestMethod codeBase="/home/adam/Dev/omega-spiral/chapter-zero/Tests/bin/Debug/net8.0/OmegaSpiral.Tests.dll" adapterTypeName="executor://gdunit4.testadapter/" className="OmegaSpiral.Tests.Functional.Narrative.DialogueFlowTests" name="InitializeNarrative_WhenLLMDisabled_LoadsFallbackDataSuccessfully" />
    </UnitTest>
    <UnitTest name="Playthrough_WhenBlocksSelectedSequentially_PreventsRepeats" storage="/home/adam/dev/omega-spiral/chapter-zero/tests/bin/debug/net8.0/omegaspiral.tests.dll" id="3bdafce2-1328-4208-86cc-ee13f3b3d65b">
      <Execution id="42bfb186-fdbc-4cbf-99b1-5c2cd7e945bb" />
      <TestMethod codeBase="/home/adam/Dev/omega-spiral/chapter-zero/Tests/bin/Debug/net8.0/OmegaSpiral.Tests.dll" adapterTypeName="executor://gdunit4.testadapter/" className="OmegaSpiral.Tests.Functional.Narrative.DialogueFlowTests" name="Playthrough_WhenBlocksSelectedSequentially_PreventsRepeats" />
    </UnitTest>
    <UnitTest name="DisplayStoryBlock_WhenActive_AwaitsPlayerInput" storage="/home/adam/dev/omega-spiral/chapter-zero/tests/bin/debug/net8.0/omegaspiral.tests.dll" id="17b1b3b8-6f37-4961-8343-bca358c68428">
      <Execution id="1b98ceb5-d8d2-4872-a1d6-d396a575aeb0" />
      <TestMethod codeBase="/home/adam/Dev/omega-spiral/chapter-zero/Tests/bin/Debug/net8.0/OmegaSpiral.Tests.dll" adapterTypeName="executor://gdunit4.testadapter/" className="OmegaSpiral.Tests.Functional.Narrative.DialogueFlowTests" name="DisplayStoryBlock_WhenActive_AwaitsPlayerInput" />
    </UnitTest>
    <UnitTest name="SelectChoice_WithAnyValidInput_AdvancesNarrative" storage="/home/adam/dev/omega-spiral/chapter-zero/tests/bin/debug/net8.0/omegaspiral.tests.dll" id="1d21a43e-e8bc-429c-bbfd-dda08dcfc943">
      <Execution id="afde53d0-d038-4e86-a279-9a850c55d661" />
      <TestMethod codeBase="/home/adam/Dev/omega-spiral/chapter-zero/Tests/bin/Debug/net8.0/OmegaSpiral.Tests.dll" adapterTypeName="executor://gdunit4.testadapter/" className="OmegaSpiral.Tests.Functional.Narrative.ContentBlockTests" name="SelectChoice_WithAnyValidInput_AdvancesNarrative" />
    </UnitTest>
    <UnitTest name="DisplayText_WithCRTShader_MaintainsVisualConsistency" storage="/home/adam/dev/omega-spiral/chapter-zero/tests/bin/debug/net8.0/omegaspiral.tests.dll" id="6ae64ef1-6b85-45c6-bfae-e5f4c2f2923f">
      <Execution id="800437bf-266e-4b74-b9c1-5f79449f3372" />
      <TestMethod codeBase="/home/adam/Dev/omega-spiral/chapter-zero/Tests/bin/Debug/net8.0/OmegaSpiral.Tests.dll" adapterTypeName="executor://gdunit4.testadapter/" className="OmegaSpiral.Tests.Functional.Narrative.ContentBlockTests" name="DisplayText_WithCRTShader_MaintainsVisualConsistency" />
    </UnitTest>
    <UnitTest name="PlayTypewriter_WithTiming_RevealsCharactersSequentially" storage="/home/adam/dev/omega-spiral/chapter-zero/tests/bin/debug/net8.0/omegaspiral.tests.dll" id="7a32a5f8-f8c2-4cd2-9941-e3f6a0a35eff">
      <Execution id="f7b14980-271d-48ef-b6aa-12902a5577b6" />
      <TestMethod codeBase="/home/adam/Dev/omega-spiral/chapter-zero/Tests/bin/Debug/net8.0/OmegaSpiral.Tests.dll" adapterTypeName="executor://gdunit4.testadapter/" className="OmegaSpiral.Tests.Functional.Narrative.ContentBlockTests" name="PlayTypewriter_WithTiming_RevealsCharactersSequentially" />
    </UnitTest>
    <UnitTest name="SelectChoice_WhenSecondOptionSelected_MapsToShadowAffinity" storage="/home/adam/dev/omega-spiral/chapter-zero/tests/bin/debug/net8.0/omegaspiral.tests.dll" id="ae26b411-63dd-492d-9836-0dfbfbe7fb26">
      <Execution id="e63f45a7-7473-4154-9004-32116d2775a4" />
      <TestMethod codeBase="/home/adam/Dev/omega-spiral/chapter-zero/Tests/bin/Debug/net8.0/OmegaSpiral.Tests.dll" adapterTypeName="executor://gdunit4.testadapter/" className="OmegaSpiral.Tests.Functional.Narrative.DialogueFlowTests" name="SelectChoice_WhenSecondOptionSelected_MapsToShadowAffinity" />
    </UnitTest>
    <UnitTest name="NavigateStorySections_WhenProgressing_TracksSectionProgressionAccurately" storage="/home/adam/dev/omega-spiral/chapter-zero/tests/bin/debug/net8.0/omegaspiral.tests.dll" id="b27b7a94-46e5-42a2-985d-7d93de444c54">
      <Execution id="f1a38cee-bc9f-4911-8c43-ad83af77d739" />
      <TestMethod codeBase="/home/adam/Dev/omega-spiral/chapter-zero/Tests/bin/Debug/net8.0/OmegaSpiral.Tests.dll" adapterTypeName="executor://gdunit4.testadapter/" className="OmegaSpiral.Tests.Functional.Narrative.DialogueFlowTests" name="NavigateStorySections_WhenProgressing_TracksSectionProgressionAccurately" />
    </UnitTest>
    <UnitTest name="DisplayStorySection_WhenActive_BlocksProgressWithoutInput" storage="/home/adam/dev/omega-spiral/chapter-zero/tests/bin/debug/net8.0/omegaspiral.tests.dll" id="19b5ac22-5c88-4de8-bbcf-1f336dda1fcd">
      <Execution id="96df6e8a-b5fd-4e02-910b-b1ad585049ad" />
      <TestMethod codeBase="/home/adam/Dev/omega-spiral/chapter-zero/Tests/bin/Debug/net8.0/OmegaSpiral.Tests.dll" adapterTypeName="executor://gdunit4.testadapter/" className="OmegaSpiral.Tests.Functional.Narrative.DialogueFlowTests" name="DisplayStorySection_WhenActive_BlocksProgressWithoutInput" />
    </UnitTest>
    <UnitTest name="TransitionSection_WithDissolveShader_FadesTextCorrectly" storage="/home/adam/dev/omega-spiral/chapter-zero/tests/bin/debug/net8.0/omegaspiral.tests.dll" id="327423a5-4233-499c-b48c-41cb5136b67b">
      <Execution id="4e94f277-8bd5-42d7-959b-93f60196b0bd" />
      <TestMethod codeBase="/home/adam/Dev/omega-spiral/chapter-zero/Tests/bin/Debug/net8.0/OmegaSpiral.Tests.dll" adapterTypeName="executor://gdunit4.testadapter/" className="OmegaSpiral.Tests.Functional.Narrative.ContentBlockTests" name="TransitionSection_WithDissolveShader_FadesTextCorrectly" />
    </UnitTest>
    <UnitTest name="PresentQuestions_WhenTwoQuestionsAnswered_DeliverThirdQuestion" storage="/home/adam/dev/omega-spiral/chapter-zero/tests/bin/debug/net8.0/omegaspiral.tests.dll" id="26f14fcd-31b0-447f-a1db-27f4134d3cd3">
      <Execution id="e2756b9b-4156-47e6-a1cc-53bb2e918c07" />
      <TestMethod codeBase="/home/adam/Dev/omega-spiral/chapter-zero/Tests/bin/Debug/net8.0/OmegaSpiral.Tests.dll" adapterTypeName="executor://gdunit4.testadapter/" className="OmegaSpiral.Tests.Functional.Narrative.DialogueFlowTests" name="PresentQuestions_WhenTwoQuestionsAnswered_DeliverThirdQuestion" />
    </UnitTest>
    <UnitTest name="SelectChoice_WhenThirdOptionSelected_MapsToAmbitionAffinity" storage="/home/adam/dev/omega-spiral/chapter-zero/tests/bin/debug/net8.0/omegaspiral.tests.dll" id="fec24cf6-ccdc-4247-824b-f0b1ceeeabb2">
      <Execution id="2fbc7f6d-aa0c-405b-bd39-5d1d8a1c900d" />
      <TestMethod codeBase="/home/adam/Dev/omega-spiral/chapter-zero/Tests/bin/Debug/net8.0/OmegaSpiral.Tests.dll" adapterTypeName="executor://gdunit4.testadapter/" className="OmegaSpiral.Tests.Functional.Narrative.DialogueFlowTests" name="SelectChoice_WhenThirdOptionSelected_MapsToAmbitionAffinity" />
    </UnitTest>
    <UnitTest name="SelectOneStory_WhenOptionChosen_DisplaysStoryBlockSuccessfully" storage="/home/adam/dev/omega-spiral/chapter-zero/tests/bin/debug/net8.0/omegaspiral.tests.dll" id="6270beb3-38c2-4815-a161-b437266a6043">
      <Execution id="2c1009b2-c7cb-4b65-a478-82210780a597" />
      <TestMethod codeBase="/home/adam/Dev/omega-spiral/chapter-zero/Tests/bin/Debug/net8.0/OmegaSpiral.Tests.dll" adapterTypeName="executor://gdunit4.testadapter/" className="OmegaSpiral.Tests.Functional.Narrative.DialogueFlowTests" name="SelectOneStory_WhenOptionChosen_DisplaysStoryBlockSuccessfully" />
    </UnitTest>
    <UnitTest name="SelectChoice_WhenMade_AttributesToCorrespondingAffinity" storage="/home/adam/dev/omega-spiral/chapter-zero/tests/bin/debug/net8.0/omegaspiral.tests.dll" id="328352fb-4a93-4615-97bf-3be5dafeada8">
      <Execution id="1e733abf-7e28-48dd-8bf9-5439bd8ecf3d" />
      <TestMethod codeBase="/home/adam/Dev/omega-spiral/chapter-zero/Tests/bin/Debug/net8.0/OmegaSpiral.Tests.dll" adapterTypeName="executor://gdunit4.testadapter/" className="OmegaSpiral.Tests.Functional.Narrative.DialogueFlowTests" name="SelectChoice_WhenMade_AttributesToCorrespondingAffinity" />
    </UnitTest>
    <UnitTest name="PresentQuestions_WhenSequenceInitialized_PresentsThreeQuestionsInOrder" storage="/home/adam/dev/omega-spiral/chapter-zero/tests/bin/debug/net8.0/omegaspiral.tests.dll" id="e1c1973b-aecf-4ca0-af91-4178ad9524f5">
      <Execution id="0a5a0ecd-725f-4e1b-aa71-cd360414e120" />
      <TestMethod codeBase="/home/adam/Dev/omega-spiral/chapter-zero/Tests/bin/Debug/net8.0/OmegaSpiral.Tests.dll" adapterTypeName="executor://gdunit4.testadapter/" className="OmegaSpiral.Tests.Functional.Narrative.DialogueFlowTests" name="PresentQuestions_WhenSequenceInitialized_PresentsThreeQuestionsInOrder" />
    </UnitTest>
    <UnitTest name="DisplaySecretSection_WhenActive_PresentsThreeChoicesForDreamweaverPoints" storage="/home/adam/dev/omega-spiral/chapter-zero/tests/bin/debug/net8.0/omegaspiral.tests.dll" id="9f3773cb-3a42-4381-ba1a-00b15d2fea71">
      <Execution id="1d4ad626-8839-4901-b0ca-3a5ebb9fba11" />
      <TestMethod codeBase="/home/adam/Dev/omega-spiral/chapter-zero/Tests/bin/Debug/net8.0/OmegaSpiral.Tests.dll" adapterTypeName="executor://gdunit4.testadapter/" className="OmegaSpiral.Tests.Functional.Narrative.DialogueFlowTests" name="DisplaySecretSection_WhenActive_PresentsThreeChoicesForDreamweaverPoints" />
    </UnitTest>
    <UnitTest name="StageMetadata_DefinesTitleSceneAndResourceHints" storage="/home/adam/dev/omega-spiral/chapter-zero/tests/bin/debug/net8.0/omegaspiral.tests.dll" id="5055c2ba-e72d-4bac-86c0-c2ba5ec3975b">
      <Execution id="6499e4ab-d28b-4216-b07c-f5e653893249" />
      <TestMethod codeBase="/home/adam/Dev/omega-spiral/chapter-zero/Tests/bin/Debug/net8.0/OmegaSpiral.Tests.dll" adapterTypeName="executor://gdunit4.testadapter/" className="OmegaSpiral.Tests.Field.FieldCombatStageTests" name="StageMetadata_DefinesTitleSceneAndResourceHints" />
    </UnitTest>
    <UnitTest name="SubmitName_WhenPlayerEntersName_ValidatesAndStoresCorrectly" storage="/home/adam/dev/omega-spiral/chapter-zero/tests/bin/debug/net8.0/omegaspiral.tests.dll" id="ad3bb541-1f30-454a-9579-22aaaa816e5f">
      <Execution id="c5bf2b53-84a1-4665-a017-a1fa69b1fad5" />
      <TestMethod codeBase="/home/adam/Dev/omega-spiral/chapter-zero/Tests/bin/Debug/net8.0/OmegaSpiral.Tests.dll" adapterTypeName="executor://gdunit4.testadapter/" className="OmegaSpiral.Tests.Functional.Narrative.DialogueFlowTests" name="SubmitName_WhenPlayerEntersName_ValidatesAndStoresCorrectly" />
    </UnitTest>
    <UnitTest name="SelectSecret_WhenChoiceSelected_MapsToCorrectAffinity" storage="/home/adam/dev/omega-spiral/chapter-zero/tests/bin/debug/net8.0/omegaspiral.tests.dll" id="30f9132b-eea9-4455-8db2-d2667acaa023">
      <Execution id="cb6d9be9-c5ef-4a3c-9e08-804135c31913" />
      <TestMethod codeBase="/home/adam/Dev/omega-spiral/chapter-zero/Tests/bin/Debug/net8.0/OmegaSpiral.Tests.dll" adapterTypeName="executor://gdunit4.testadapter/" className="OmegaSpiral.Tests.Functional.Narrative.DialogueFlowTests" name="SelectSecret_WhenChoiceSelected_MapsToCorrectAffinity" />
    </UnitTest>
    <UnitTest name="SubmitPlayerName_WhenNameAccepted_ProgressesToFollowUpQuestions" storage="/home/adam/dev/omega-spiral/chapter-zero/tests/bin/debug/net8.0/omegaspiral.tests.dll" id="81691ee6-9118-4a15-9680-9719cf39cbb7">
      <Execution id="df4cd048-817c-4627-88a3-508af02bff33" />
      <TestMethod codeBase="/home/adam/Dev/omega-spiral/chapter-zero/Tests/bin/Debug/net8.0/OmegaSpiral.Tests.dll" adapterTypeName="executor://gdunit4.testadapter/" className="OmegaSpiral.Tests.Functional.Narrative.DialogueFlowTests" name="SubmitPlayerName_WhenNameAccepted_ProgressesToFollowUpQuestions" />
    </UnitTest>
    <UnitTest name="SelectChoice_WithMouseClick_AllowsChoiceSelection" storage="/home/adam/dev/omega-spiral/chapter-zero/tests/bin/debug/net8.0/omegaspiral.tests.dll" id="685f5cdb-ba1e-44ee-8c03-564ff35ab8cb">
      <Execution id="4d475d55-169d-4546-a675-6ccd94d25226" />
      <TestMethod codeBase="/home/adam/Dev/omega-spiral/chapter-zero/Tests/bin/Debug/net8.0/OmegaSpiral.Tests.dll" adapterTypeName="executor://gdunit4.testadapter/" className="OmegaSpiral.Tests.Functional.Narrative.ContentBlockTests" name="SelectChoice_WithMouseClick_AllowsChoiceSelection" />
    </UnitTest>
    <UnitTest name="PresentQuestions_WhenSequenceStarted_DeliverFirstQuestionBeforeOthers" storage="/home/adam/dev/omega-spiral/chapter-zero/tests/bin/debug/net8.0/omegaspiral.tests.dll" id="a83d7379-bb39-4270-bcf4-3bde4d34ea24">
      <Execution id="ffaa0b28-506c-4b42-91e8-2e724e63f53c" />
      <TestMethod codeBase="/home/adam/Dev/omega-spiral/chapter-zero/Tests/bin/Debug/net8.0/OmegaSpiral.Tests.dll" adapterTypeName="executor://gdunit4.testadapter/" className="OmegaSpiral.Tests.Functional.Narrative.DialogueFlowTests" name="PresentQuestions_WhenSequenceStarted_DeliverFirstQuestionBeforeOthers" />
    </UnitTest>
    <UnitTest name="DisplayText_WithNoUserInputForTenSeconds_RemainsVisible" storage="/home/adam/dev/omega-spiral/chapter-zero/tests/bin/debug/net8.0/omegaspiral.tests.dll" id="b6632740-7885-4b9f-81e5-618b00b5eaab">
      <Execution id="90c5981a-0c5d-45ee-99a9-35bb0c08772f" />
      <TestMethod codeBase="/home/adam/Dev/omega-spiral/chapter-zero/Tests/bin/Debug/net8.0/OmegaSpiral.Tests.dll" adapterTypeName="executor://gdunit4.testadapter/" className="OmegaSpiral.Tests.Functional.Narrative.ContentBlockTests" name="DisplayText_WithNoUserInputForTenSeconds_RemainsVisible" />
    </UnitTest>
    <UnitTest name="PlayOneStory_WhenStarted_PresentsSectionsInSequence" storage="/home/adam/dev/omega-spiral/chapter-zero/tests/bin/debug/net8.0/omegaspiral.tests.dll" id="15563e2a-215d-4f17-80e8-81bacdfb541c">
      <Execution id="6525a13e-920f-4dc1-a9fc-73a8add7498d" />
      <TestMethod codeBase="/home/adam/Dev/omega-spiral/chapter-zero/Tests/bin/Debug/net8.0/OmegaSpiral.Tests.dll" adapterTypeName="executor://gdunit4.testadapter/" className="OmegaSpiral.Tests.Functional.Narrative.DialogueFlowTests" name="PlayOneStory_WhenStarted_PresentsSectionsInSequence" />
    </UnitTest>
    <UnitTest name="Placeholder_RemainingTests_WillBeImplementedIteratively" storage="/home/adam/dev/omega-spiral/chapter-zero/tests/bin/debug/net8.0/omegaspiral.tests.dll" id="f03a8057-a464-47dd-a2cc-86d7fd7a4ce7">
      <Execution id="d68788ed-1c93-4578-859c-dbadb40a353f" />
      <TestMethod codeBase="/home/adam/Dev/omega-spiral/chapter-zero/Tests/bin/Debug/net8.0/OmegaSpiral.Tests.dll" adapterTypeName="executor://gdunit4.testadapter/" className="OmegaSpiral.Tests.Functional.Narrative.DialogueFlowTests" name="Placeholder_RemainingTests_WillBeImplementedIteratively" />
    </UnitTest>
    <UnitTest name="LoadScene_WhenNameSectionActive_PromptsForPlayerName" storage="/home/adam/dev/omega-spiral/chapter-zero/tests/bin/debug/net8.0/omegaspiral.tests.dll" id="1aa94b9d-b3d1-4440-85fd-652b17cb8ef5">
      <Execution id="08ba2746-d133-4a96-9c91-a58c389106b4" />
      <TestMethod codeBase="/home/adam/Dev/omega-spiral/chapter-zero/Tests/bin/Debug/net8.0/OmegaSpiral.Tests.dll" adapterTypeName="executor://gdunit4.testadapter/" className="OmegaSpiral.Tests.Functional.Narrative.DialogueFlowTests" name="LoadScene_WhenNameSectionActive_PromptsForPlayerName" />
    </UnitTest>
    <UnitTest name="AdvanceBlock_WithKeyboardSelect_AdvancesContentBlock" storage="/home/adam/dev/omega-spiral/chapter-zero/tests/bin/debug/net8.0/omegaspiral.tests.dll" id="d168612c-e19d-4c54-9bfb-cd3414809d30">
      <Execution id="735c0541-0330-4945-b803-c59dff226347" />
      <TestMethod codeBase="/home/adam/Dev/omega-spiral/chapter-zero/Tests/bin/Debug/net8.0/OmegaSpiral.Tests.dll" adapterTypeName="executor://gdunit4.testadapter/" className="OmegaSpiral.Tests.Functional.Narrative.ContentBlockTests" name="AdvanceBlock_WithKeyboardSelect_AdvancesContentBlock" />
    </UnitTest>
    <UnitTest name="DisplayText_WithCRTShader_DisplaysVisibleScanlines" storage="/home/adam/dev/omega-spiral/chapter-zero/tests/bin/debug/net8.0/omegaspiral.tests.dll" id="65cfa770-8d1c-4fb3-9f68-2c5faa67c922">
      <Execution id="ba7594db-7b0e-4280-85a7-1011c9877bfd" />
      <TestMethod codeBase="/home/adam/Dev/omega-spiral/chapter-zero/Tests/bin/Debug/net8.0/OmegaSpiral.Tests.dll" adapterTypeName="executor://gdunit4.testadapter/" className="OmegaSpiral.Tests.Functional.Narrative.ContentBlockTests" name="DisplayText_WithCRTShader_DisplaysVisibleScanlines" />
    </UnitTest>
    <UnitTest name="AdvanceBlock_WithAllInputMethods_RespondsConsistently" storage="/home/adam/dev/omega-spiral/chapter-zero/tests/bin/debug/net8.0/omegaspiral.tests.dll" id="3edb2f63-67c6-4293-bc7e-e9249f4b1c5d">
      <Execution id="e62da2a9-1b62-4647-bf51-85cc8453ad93" />
      <TestMethod codeBase="/home/adam/Dev/omega-spiral/chapter-zero/Tests/bin/Debug/net8.0/OmegaSpiral.Tests.dll" adapterTypeName="executor://gdunit4.testadapter/" className="OmegaSpiral.Tests.Functional.Narrative.ContentBlockTests" name="AdvanceBlock_WithAllInputMethods_RespondsConsistently" />
    </UnitTest>
    <UnitTest name="SubmitPlayerName_WhenValidNameProvided_StoresNameInState" storage="/home/adam/dev/omega-spiral/chapter-zero/tests/bin/debug/net8.0/omegaspiral.tests.dll" id="fad7e6d5-1821-415a-8a74-7b12741ecc62">
      <Execution id="7e546780-8784-4abd-b639-8565a4391a9b" />
      <TestMethod codeBase="/home/adam/Dev/omega-spiral/chapter-zero/Tests/bin/Debug/net8.0/OmegaSpiral.Tests.dll" adapterTypeName="executor://gdunit4.testadapter/" className="OmegaSpiral.Tests.Functional.Narrative.DialogueFlowTests" name="SubmitPlayerName_WhenValidNameProvided_StoresNameInState" />
    </UnitTest>
    <UnitTest name="DisplayText_WithNoInput_WaitsIndefinitelyUntilInteraction" storage="/home/adam/dev/omega-spiral/chapter-zero/tests/bin/debug/net8.0/omegaspiral.tests.dll" id="f5385994-be2f-432a-9558-3cc412a239f9">
      <Execution id="d458578b-ea2f-4309-b81a-8e63203704ea" />
      <TestMethod codeBase="/home/adam/Dev/omega-spiral/chapter-zero/Tests/bin/Debug/net8.0/OmegaSpiral.Tests.dll" adapterTypeName="executor://gdunit4.testadapter/" className="OmegaSpiral.Tests.Functional.Narrative.ContentBlockTests" name="DisplayText_WithNoInput_WaitsIndefinitelyUntilInteraction" />
    </UnitTest>
    <UnitTest name="PresentQuestions_WhenFirstQuestionAnswered_DeliverSecondQuestion" storage="/home/adam/dev/omega-spiral/chapter-zero/tests/bin/debug/net8.0/omegaspiral.tests.dll" id="6cf9c3c2-98fa-4c03-a68f-fe67bad0cbe3">
      <Execution id="0d9ec884-b13b-4211-abdc-9dc61bb68b68" />
      <TestMethod codeBase="/home/adam/Dev/omega-spiral/chapter-zero/Tests/bin/Debug/net8.0/OmegaSpiral.Tests.dll" adapterTypeName="executor://gdunit4.testadapter/" className="OmegaSpiral.Tests.Functional.Narrative.DialogueFlowTests" name="PresentQuestions_WhenFirstQuestionAnswered_DeliverSecondQuestion" />
    </UnitTest>
    <UnitTest name="BuildPlan_WhenShadowConfigLoaded_ConstructsOrderedCinematicBeats" storage="/home/adam/dev/omega-spiral/chapter-zero/tests/bin/debug/net8.0/omegaspiral.tests.dll" id="33666834-e1ea-4dc3-910b-2feaf59abc28">
      <Execution id="d4357a66-e3d7-49cc-8e96-7e7823038e6f" />
      <TestMethod codeBase="/home/adam/Dev/omega-spiral/chapter-zero/Tests/bin/Debug/net8.0/OmegaSpiral.Tests.dll" adapterTypeName="executor://gdunit4.testadapter/" className="OmegaSpiral.Tests.Functional.Narrative.DialogueFlowTests" name="BuildPlan_WhenShadowConfigLoaded_ConstructsOrderedCinematicBeats" />
    </UnitTest>
    <UnitTest name="CompleteSecretSection_WhenFinished_DisplaysFinalCrypticMessage" storage="/home/adam/dev/omega-spiral/chapter-zero/tests/bin/debug/net8.0/omegaspiral.tests.dll" id="2b4aa1a9-fcb1-4c57-87f3-cdc99b80ab43">
      <Execution id="96284b2c-8d78-4208-bcd1-af609d8454e4" />
      <TestMethod codeBase="/home/adam/Dev/omega-spiral/chapter-zero/Tests/bin/Debug/net8.0/OmegaSpiral.Tests.dll" adapterTypeName="executor://gdunit4.testadapter/" className="OmegaSpiral.Tests.Functional.Narrative.DialogueFlowTests" name="CompleteSecretSection_WhenFinished_DisplaysFinalCrypticMessage" />
    </UnitTest>
    <UnitTest name="SelectSecret_WhenChoiceConfirmed_TriggersGhostwritingEffect" storage="/home/adam/dev/omega-spiral/chapter-zero/tests/bin/debug/net8.0/omegaspiral.tests.dll" id="dfa1fe93-a76c-4634-85f9-e228423ec738">
      <Execution id="0789eb4d-51d8-41c7-973f-3bfb633ab02f" />
      <TestMethod codeBase="/home/adam/Dev/omega-spiral/chapter-zero/Tests/bin/Debug/net8.0/OmegaSpiral.Tests.dll" adapterTypeName="executor://gdunit4.testadapter/" className="OmegaSpiral.Tests.Functional.Narrative.DialogueFlowTests" name="SelectSecret_WhenChoiceConfirmed_TriggersGhostwritingEffect" />
    </UnitTest>
    <UnitTest name="InitializeNarrative_WhenFallbackUsed_IndicatesFallbackModeInState" storage="/home/adam/dev/omega-spiral/chapter-zero/tests/bin/debug/net8.0/omegaspiral.tests.dll" id="24184bd2-d222-40d7-b2b9-45255a0d33f7">
      <Execution id="7f5dde46-1b28-44b5-9014-b2726df8449c" />
      <TestMethod codeBase="/home/adam/Dev/omega-spiral/chapter-zero/Tests/bin/Debug/net8.0/OmegaSpiral.Tests.dll" adapterTypeName="executor://gdunit4.testadapter/" className="OmegaSpiral.Tests.Functional.Narrative.DialogueFlowTests" name="InitializeNarrative_WhenFallbackUsed_IndicatesFallbackModeInState" />
    </UnitTest>
    <UnitTest name="SelectChoice_WithGamepadInput_AllowsChoiceSelection" storage="/home/adam/dev/omega-spiral/chapter-zero/tests/bin/debug/net8.0/omegaspiral.tests.dll" id="5c411081-49dd-4c42-b21d-9a4562a49b6e">
      <Execution id="54ce3cef-4b42-4ca0-a3c3-23f9567c3100" />
      <TestMethod codeBase="/home/adam/Dev/omega-spiral/chapter-zero/Tests/bin/Debug/net8.0/OmegaSpiral.Tests.dll" adapterTypeName="executor://gdunit4.testadapter/" className="OmegaSpiral.Tests.Functional.Narrative.ContentBlockTests" name="SelectChoice_WithGamepadInput_AllowsChoiceSelection" />
    </UnitTest>
    <UnitTest name="SelectChoice_WhenFirstOptionSelected_MapsToHeroAffinity" storage="/home/adam/dev/omega-spiral/chapter-zero/tests/bin/debug/net8.0/omegaspiral.tests.dll" id="9dae3a17-1918-4ca3-bd31-98a7911a4dd6">
      <Execution id="1e176fa6-3632-48c4-ab13-0d967202a52c" />
      <TestMethod codeBase="/home/adam/Dev/omega-spiral/chapter-zero/Tests/bin/Debug/net8.0/OmegaSpiral.Tests.dll" adapterTypeName="executor://gdunit4.testadapter/" className="OmegaSpiral.Tests.Functional.Narrative.DialogueFlowTests" name="SelectChoice_WhenFirstOptionSelected_MapsToHeroAffinity" />
    </UnitTest>
    <UnitTest name="AdvanceBlock_WithMouseClick_AdvancesContentBlock" storage="/home/adam/dev/omega-spiral/chapter-zero/tests/bin/debug/net8.0/omegaspiral.tests.dll" id="77ab9081-5746-4fff-9802-cab5077c2b5e">
      <Execution id="efcfa050-f220-44ea-99f5-d3cc30d56fe4" />
      <TestMethod codeBase="/home/adam/Dev/omega-spiral/chapter-zero/Tests/bin/Debug/net8.0/OmegaSpiral.Tests.dll" adapterTypeName="executor://gdunit4.testadapter/" className="OmegaSpiral.Tests.Functional.Narrative.ContentBlockTests" name="AdvanceBlock_WithMouseClick_AdvancesContentBlock" />
    </UnitTest>
    <UnitTest name="PlayTypewriter_WithAudio_LoopsSoundUntilLineCompletion" storage="/home/adam/dev/omega-spiral/chapter-zero/tests/bin/debug/net8.0/omegaspiral.tests.dll" id="85eef485-19f2-47e3-8129-8255e3b03a22">
      <Execution id="e4e39392-2103-4886-a882-b750fe9a6ec8" />
      <TestMethod codeBase="/home/adam/Dev/omega-spiral/chapter-zero/Tests/bin/Debug/net8.0/OmegaSpiral.Tests.dll" adapterTypeName="executor://gdunit4.testadapter/" className="OmegaSpiral.Tests.Functional.Narrative.ContentBlockTests" name="PlayTypewriter_WithAudio_LoopsSoundUntilLineCompletion" />
    </UnitTest>
    <UnitTest name="SelectChoice_WithKeyboardNavigation_AllowsChoiceSelection" storage="/home/adam/dev/omega-spiral/chapter-zero/tests/bin/debug/net8.0/omegaspiral.tests.dll" id="4c479d09-bf11-4e3d-8260-b4c863619c3a">
      <Execution id="40e49e04-b6a3-4f02-822b-fbe820f38225" />
      <TestMethod codeBase="/home/adam/Dev/omega-spiral/chapter-zero/Tests/bin/Debug/net8.0/OmegaSpiral.Tests.dll" adapterTypeName="executor://gdunit4.testadapter/" className="OmegaSpiral.Tests.Functional.Narrative.ContentBlockTests" name="SelectChoice_WithKeyboardNavigation_AllowsChoiceSelection" />
    </UnitTest>
    <UnitTest name="StartNameCollection_WhenPhaseActive_PromptsForPlayerName" storage="/home/adam/dev/omega-spiral/chapter-zero/tests/bin/debug/net8.0/omegaspiral.tests.dll" id="991d8e25-b295-407c-a473-4fd1c31e7aeb">
      <Execution id="bf1f4d35-3442-4776-a6bb-b9161d40611f" />
      <TestMethod codeBase="/home/adam/Dev/omega-spiral/chapter-zero/Tests/bin/Debug/net8.0/OmegaSpiral.Tests.dll" adapterTypeName="executor://gdunit4.testadapter/" className="OmegaSpiral.Tests.Functional.Narrative.DialogueFlowTests" name="StartNameCollection_WhenPhaseActive_PromptsForPlayerName" />
    </UnitTest>
    <UnitTest name="InitializeNarrative_WhenFallbackLoaded_PopulatesInitialChoiceOptions" storage="/home/adam/dev/omega-spiral/chapter-zero/tests/bin/debug/net8.0/omegaspiral.tests.dll" id="1b5cbaaa-432e-43b0-bac6-f6611b25841e">
      <Execution id="9c3bd05f-eab0-4925-bf76-36a7ddac70cf" />
      <TestMethod codeBase="/home/adam/Dev/omega-spiral/chapter-zero/Tests/bin/Debug/net8.0/OmegaSpiral.Tests.dll" adapterTypeName="executor://gdunit4.testadapter/" className="OmegaSpiral.Tests.Functional.Narrative.DialogueFlowTests" name="InitializeNarrative_WhenFallbackLoaded_PopulatesInitialChoiceOptions" />
    </UnitTest>
    <UnitTest name="SceneFile_DoesNotReferenceLegacySrcPaths" storage="/home/adam/dev/omega-spiral/chapter-zero/tests/bin/debug/net8.0/omegaspiral.tests.dll" id="97049fe2-06a3-4248-a5ee-25d1e5103752">
      <Execution id="078c54c0-4445-4189-a8ea-6eeda0c5460c" />
      <TestMethod codeBase="/home/adam/Dev/omega-spiral/chapter-zero/Tests/bin/Debug/net8.0/OmegaSpiral.Tests.dll" adapterTypeName="executor://gdunit4.testadapter/" className="OmegaSpiral.Tests.Field.FieldCombatStageTests" name="SceneFile_DoesNotReferenceLegacySrcPaths" />
    </UnitTest>
    <UnitTest name="SelectSecretChoice_WhenMade_TriggersEquationGhostwritingEffect" storage="/home/adam/dev/omega-spiral/chapter-zero/tests/bin/debug/net8.0/omegaspiral.tests.dll" id="010cca8b-54d5-4e80-ba68-8aa45f0b1287">
      <Execution id="395fb3df-a33e-4f89-a887-e04fff402c7e" />
      <TestMethod codeBase="/home/adam/Dev/omega-spiral/chapter-zero/Tests/bin/Debug/net8.0/OmegaSpiral.Tests.dll" adapterTypeName="executor://gdunit4.testadapter/" className="OmegaSpiral.Tests.Functional.Narrative.DialogueFlowTests" name="SelectSecretChoice_WhenMade_TriggersEquationGhostwritingEffect" />
    </UnitTest>
    <UnitTest name="DisplayText_InCRTContainer_CentersTextIn4x3Frame" storage="/home/adam/dev/omega-spiral/chapter-zero/tests/bin/debug/net8.0/omegaspiral.tests.dll" id="5224bc51-458b-4d00-93d9-bea6d79aacb6">
      <Execution id="4881d6aa-05c4-4be5-8f39-cdff5d951471" />
      <TestMethod codeBase="/home/adam/Dev/omega-spiral/chapter-zero/Tests/bin/Debug/net8.0/OmegaSpiral.Tests.dll" adapterTypeName="executor://gdunit4.testadapter/" className="OmegaSpiral.Tests.Functional.Narrative.ContentBlockTests" name="DisplayText_InCRTContainer_CentersTextIn4x3Frame" />
    </UnitTest>
    <UnitTest name="SubmitName_WhenPlayerEntersName_PresentsTwoCrypticMeaningQuestions" storage="/home/adam/dev/omega-spiral/chapter-zero/tests/bin/debug/net8.0/omegaspiral.tests.dll" id="2d6516c2-4c4b-4e10-9509-13020ca9d2b9">
      <Execution id="7ef591f0-59c4-4385-8241-1553ef7b968c" />
      <TestMethod codeBase="/home/adam/Dev/omega-spiral/chapter-zero/Tests/bin/Debug/net8.0/OmegaSpiral.Tests.dll" adapterTypeName="executor://gdunit4.testadapter/" className="OmegaSpiral.Tests.Functional.Narrative.DialogueFlowTests" name="SubmitName_WhenPlayerEntersName_PresentsTwoCrypticMeaningQuestions" />
    </UnitTest>
    <UnitTest name="PlayTypewriter_WithAudio_SynchronizesSoundWithText" storage="/home/adam/dev/omega-spiral/chapter-zero/tests/bin/debug/net8.0/omegaspiral.tests.dll" id="f764cdf1-b979-490b-a652-7833b2048b8b">
      <Execution id="c85be86c-1e0b-4bf5-ad7d-b178468fd977" />
      <TestMethod codeBase="/home/adam/Dev/omega-spiral/chapter-zero/Tests/bin/Debug/net8.0/OmegaSpiral.Tests.dll" adapterTypeName="executor://gdunit4.testadapter/" className="OmegaSpiral.Tests.Functional.Narrative.ContentBlockTests" name="PlayTypewriter_WithAudio_SynchronizesSoundWithText" />
    </UnitTest>
    <UnitTest name="TransitionSection_WithTiming_MatchesConfiguredDuration" storage="/home/adam/dev/omega-spiral/chapter-zero/tests/bin/debug/net8.0/omegaspiral.tests.dll" id="b7c40325-7d6c-4278-8e44-956b536d31d9">
      <Execution id="7d5f1204-3d96-461f-ae0b-8577899009b6" />
      <TestMethod codeBase="/home/adam/Dev/omega-spiral/chapter-zero/Tests/bin/Debug/net8.0/OmegaSpiral.Tests.dll" adapterTypeName="executor://gdunit4.testadapter/" className="OmegaSpiral.Tests.Functional.Narrative.ContentBlockTests" name="TransitionSection_WithTiming_MatchesConfiguredDuration" />
    </UnitTest>
    <UnitTest name="DisplayText_WithCRTShader_AppliesBlurEffect" storage="/home/adam/dev/omega-spiral/chapter-zero/tests/bin/debug/net8.0/omegaspiral.tests.dll" id="ffd7b0bf-4ceb-4fb3-92bc-67b6c4816bcb">
      <Execution id="96c7c9d5-8b6f-47e8-865e-ca2993067b48" />
      <TestMethod codeBase="/home/adam/Dev/omega-spiral/chapter-zero/Tests/bin/Debug/net8.0/OmegaSpiral.Tests.dll" adapterTypeName="executor://gdunit4.testadapter/" className="OmegaSpiral.Tests.Functional.Narrative.ContentBlockTests" name="DisplayText_WithCRTShader_AppliesBlurEffect" />
    </UnitTest>
    <UnitTest name="TransitionSection_WithDissolve_WaitsForCompletion" storage="/home/adam/dev/omega-spiral/chapter-zero/tests/bin/debug/net8.0/omegaspiral.tests.dll" id="dc53b493-4644-4856-b6e4-25cc6def42ed">
      <Execution id="b416a471-7c7f-43cb-8e73-624783025fad" />
      <TestMethod codeBase="/home/adam/Dev/omega-spiral/chapter-zero/Tests/bin/Debug/net8.0/OmegaSpiral.Tests.dll" adapterTypeName="executor://gdunit4.testadapter/" className="OmegaSpiral.Tests.Functional.Narrative.ContentBlockTests" name="TransitionSection_WithDissolve_WaitsForCompletion" />
    </UnitTest>
    <UnitTest name="CompleteNameQuestions_WhenAllAnswered_TransitionsToContentBlock" storage="/home/adam/dev/omega-spiral/chapter-zero/tests/bin/debug/net8.0/omegaspiral.tests.dll" id="8f7df905-b5c0-4cc5-b897-2202d051748e">
      <Execution id="19cbfa05-ab38-4c12-9859-55c0a4f8749f" />
      <TestMethod codeBase="/home/adam/Dev/omega-spiral/chapter-zero/Tests/bin/Debug/net8.0/OmegaSpiral.Tests.dll" adapterTypeName="executor://gdunit4.testadapter/" className="OmegaSpiral.Tests.Functional.Narrative.DialogueFlowTests" name="CompleteNameQuestions_WhenAllAnswered_TransitionsToContentBlock" />
    </UnitTest>
    <UnitTest name="LoadScene_WhenOneStoryMode_UsesVariedContentPool" storage="/home/adam/dev/omega-spiral/chapter-zero/tests/bin/debug/net8.0/omegaspiral.tests.dll" id="bd34f3c5-5b9e-43e5-81ca-40d43b154459">
      <Execution id="ded03872-76ac-4e49-b9b5-95066994d23d" />
      <TestMethod codeBase="/home/adam/Dev/omega-spiral/chapter-zero/Tests/bin/Debug/net8.0/OmegaSpiral.Tests.dll" adapterTypeName="executor://gdunit4.testadapter/" className="OmegaSpiral.Tests.Functional.Narrative.DialogueFlowTests" name="LoadScene_WhenOneStoryMode_UsesVariedContentPool" />
    </UnitTest>
    <UnitTest name="TransitionSection_AtYAMLBoundary_ActivatesDissolveEffect" storage="/home/adam/dev/omega-spiral/chapter-zero/tests/bin/debug/net8.0/omegaspiral.tests.dll" id="2bf4509f-e241-4011-8c55-fc6dde31ea35">
      <Execution id="27f4626a-533c-4505-a399-d125111648ae" />
      <TestMethod codeBase="/home/adam/Dev/omega-spiral/chapter-zero/Tests/bin/Debug/net8.0/OmegaSpiral.Tests.dll" adapterTypeName="executor://gdunit4.testadapter/" className="OmegaSpiral.Tests.Functional.Narrative.ContentBlockTests" name="TransitionSection_AtYAMLBoundary_ActivatesDissolveEffect" />
    </UnitTest>
    <UnitTest name="ProjectAutoloads_IncludeFieldAndCombatSingletons" storage="/home/adam/dev/omega-spiral/chapter-zero/tests/bin/debug/net8.0/omegaspiral.tests.dll" id="d55e8ce9-5b03-4d20-85e6-d8c9331e262a">
      <Execution id="f5412c76-a714-40b4-a7be-3d9b00b5ec72" />
      <TestMethod codeBase="/home/adam/Dev/omega-spiral/chapter-zero/Tests/bin/Debug/net8.0/OmegaSpiral.Tests.dll" adapterTypeName="executor://gdunit4.testadapter/" className="OmegaSpiral.Tests.Field.FieldCombatStageTests" name="ProjectAutoloads_IncludeFieldAndCombatSingletons" />
    </UnitTest>
    <UnitTest name="TrackProgress_WhenBlocksAdvanced_UpdatesProgressState" storage="/home/adam/dev/omega-spiral/chapter-zero/tests/bin/debug/net8.0/omegaspiral.tests.dll" id="40255b71-c171-4fd5-b2d0-36bebc53a5be">
      <Execution id="b70fa738-39d1-4f71-b643-8efc90ea7f3e" />
      <TestMethod codeBase="/home/adam/Dev/omega-spiral/chapter-zero/Tests/bin/Debug/net8.0/OmegaSpiral.Tests.dll" adapterTypeName="executor://gdunit4.testadapter/" className="OmegaSpiral.Tests.Functional.Narrative.DialogueFlowTests" name="TrackProgress_WhenBlocksAdvanced_UpdatesProgressState" />
    </UnitTest>
    <UnitTest name="AdvanceBlock_WithGamepadConfirm_AdvancesContentBlock" storage="/home/adam/dev/omega-spiral/chapter-zero/tests/bin/debug/net8.0/omegaspiral.tests.dll" id="9fdc59be-a8f8-48d9-b382-1f632802143e">
      <Execution id="e5d1e390-7898-4bce-ad74-926fc98e2d42" />
      <TestMethod codeBase="/home/adam/Dev/omega-spiral/chapter-zero/Tests/bin/Debug/net8.0/OmegaSpiral.Tests.dll" adapterTypeName="executor://gdunit4.testadapter/" className="OmegaSpiral.Tests.Functional.Narrative.ContentBlockTests" name="AdvanceBlock_WithGamepadConfirm_AdvancesContentBlock" />
    </UnitTest>
    <UnitTest name="Manifest_EntryForStageFive_UsesFieldCombatScene" storage="/home/adam/dev/omega-spiral/chapter-zero/tests/bin/debug/net8.0/omegaspiral.tests.dll" id="b7b5d9e5-c4d7-4c9f-89aa-ffbf3656f8b3">
      <Execution id="fabd8ba0-68fe-48d2-b6de-bae28ed4946f" />
      <TestMethod codeBase="/home/adam/Dev/omega-spiral/chapter-zero/Tests/bin/Debug/net8.0/OmegaSpiral.Tests.dll" adapterTypeName="executor://gdunit4.testadapter/" className="OmegaSpiral.Tests.Field.FieldCombatStageTests" name="Manifest_EntryForStageFive_UsesFieldCombatScene" />
    </UnitTest>
    <UnitTest name="DisplaySecret_WhenPhaseActive_PresentsThreeChoiceOptions" storage="/home/adam/dev/omega-spiral/chapter-zero/tests/bin/debug/net8.0/omegaspiral.tests.dll" id="999ab639-f529-4a39-873d-6446b3b89d86">
      <Execution id="e773583d-b7b5-4dcf-982d-6638178bc561" />
      <TestMethod codeBase="/home/adam/Dev/omega-spiral/chapter-zero/Tests/bin/Debug/net8.0/OmegaSpiral.Tests.dll" adapterTypeName="executor://gdunit4.testadapter/" className="OmegaSpiral.Tests.Functional.Narrative.DialogueFlowTests" name="DisplaySecret_WhenPhaseActive_PresentsThreeChoiceOptions" />
    </UnitTest>
    <UnitTest name="DisplayText_WithNoInput_DoesNotAutoAdvance" storage="/home/adam/dev/omega-spiral/chapter-zero/tests/bin/debug/net8.0/omegaspiral.tests.dll" id="bdf02ec0-90a1-41a9-b8ab-0d02e42c1cc9">
      <Execution id="7bf3b6bb-0d73-41cf-8b6b-27cdf0f21397" />
      <TestMethod codeBase="/home/adam/Dev/omega-spiral/chapter-zero/Tests/bin/Debug/net8.0/OmegaSpiral.Tests.dll" adapterTypeName="executor://gdunit4.testadapter/" className="OmegaSpiral.Tests.Functional.Narrative.ContentBlockTests" name="DisplayText_WithNoInput_DoesNotAutoAdvance" />
    </UnitTest>
    <UnitTest name="LoadScene_WhenOneStorySelected_MaintainsUniqueBlockPool" storage="/home/adam/dev/omega-spiral/chapter-zero/tests/bin/debug/net8.0/omegaspiral.tests.dll" id="b99bcf1d-3199-405b-be33-91617e3fad09">
      <Execution id="9fff75f3-1e37-4a3c-b558-f2d4208abdd9" />
      <TestMethod codeBase="/home/adam/Dev/omega-spiral/chapter-zero/Tests/bin/Debug/net8.0/OmegaSpiral.Tests.dll" adapterTypeName="executor://gdunit4.testadapter/" className="OmegaSpiral.Tests.Functional.Narrative.DialogueFlowTests" name="LoadScene_WhenOneStorySelected_MaintainsUniqueBlockPool" />
    </UnitTest>
    <UnitTest name="PlayTypewriter_WithTiming_MaintainsConsistentTiming" storage="/home/adam/dev/omega-spiral/chapter-zero/tests/bin/debug/net8.0/omegaspiral.tests.dll" id="bf44d7f7-3999-40d6-a879-56ef7774065f">
      <Execution id="081fbd1e-27a4-43be-9054-ed1cfe356446" />
      <TestMethod codeBase="/home/adam/Dev/omega-spiral/chapter-zero/Tests/bin/Debug/net8.0/OmegaSpiral.Tests.dll" adapterTypeName="executor://gdunit4.testadapter/" className="OmegaSpiral.Tests.Functional.Narrative.ContentBlockTests" name="PlayTypewriter_WithTiming_MaintainsConsistentTiming" />
    </UnitTest>
    <UnitTest name="DisplayPrompt_WhenPromptPresented_ProvidesExactlyThreeChoiceOptions" storage="/home/adam/dev/omega-spiral/chapter-zero/tests/bin/debug/net8.0/omegaspiral.tests.dll" id="0239bb6b-3970-4209-ab9f-650ceae8f1e3">
      <Execution id="3280a60b-f536-47a4-bcf6-facf3f58a3c9" />
      <TestMethod codeBase="/home/adam/Dev/omega-spiral/chapter-zero/Tests/bin/Debug/net8.0/OmegaSpiral.Tests.dll" adapterTypeName="executor://gdunit4.testadapter/" className="OmegaSpiral.Tests.Functional.Narrative.DialogueFlowTests" name="DisplayPrompt_WhenPromptPresented_ProvidesExactlyThreeChoiceOptions" />
    </UnitTest>
  </TestDefinitions>
  <TestEntries>
    <TestEntry testId="2b4aa1a9-fcb1-4c57-87f3-cdc99b80ab43" executionId="96284b2c-8d78-4208-bcd1-af609d8454e4" testListId="8c84fa94-04c1-424b-9868-57a2d4851a1d" />
    <TestEntry testId="991d8e25-b295-407c-a473-4fd1c31e7aeb" executionId="bf1f4d35-3442-4776-a6bb-b9161d40611f" testListId="8c84fa94-04c1-424b-9868-57a2d4851a1d" />
    <TestEntry testId="ad3bb541-1f30-454a-9579-22aaaa816e5f" executionId="c5bf2b53-84a1-4665-a017-a1fa69b1fad5" testListId="8c84fa94-04c1-424b-9868-57a2d4851a1d" />
    <TestEntry testId="bf44d7f7-3999-40d6-a879-56ef7774065f" executionId="081fbd1e-27a4-43be-9054-ed1cfe356446" testListId="8c84fa94-04c1-424b-9868-57a2d4851a1d" />
    <TestEntry testId="15563e2a-215d-4f17-80e8-81bacdfb541c" executionId="6525a13e-920f-4dc1-a9fc-73a8add7498d" testListId="8c84fa94-04c1-424b-9868-57a2d4851a1d" />
    <TestEntry testId="fec24cf6-ccdc-4247-824b-f0b1ceeeabb2" executionId="2fbc7f6d-aa0c-405b-bd39-5d1d8a1c900d" testListId="8c84fa94-04c1-424b-9868-57a2d4851a1d" />
    <TestEntry testId="685f5cdb-ba1e-44ee-8c03-564ff35ab8cb" executionId="4d475d55-169d-4546-a675-6ccd94d25226" testListId="8c84fa94-04c1-424b-9868-57a2d4851a1d" />
    <TestEntry testId="9dae3a17-1918-4ca3-bd31-98a7911a4dd6" executionId="1e176fa6-3632-48c4-ab13-0d967202a52c" testListId="8c84fa94-04c1-424b-9868-57a2d4851a1d" />
    <TestEntry testId="f5385994-be2f-432a-9558-3cc412a239f9" executionId="d458578b-ea2f-4309-b81a-8e63203704ea" testListId="8c84fa94-04c1-424b-9868-57a2d4851a1d" />
    <TestEntry testId="dc53b493-4644-4856-b6e4-25cc6def42ed" executionId="b416a471-7c7f-43cb-8e73-624783025fad" testListId="8c84fa94-04c1-424b-9868-57a2d4851a1d" />
    <TestEntry testId="327423a5-4233-499c-b48c-41cb5136b67b" executionId="4e94f277-8bd5-42d7-959b-93f60196b0bd" testListId="8c84fa94-04c1-424b-9868-57a2d4851a1d" />
    <TestEntry testId="999ab639-f529-4a39-873d-6446b3b89d86" executionId="e773583d-b7b5-4dcf-982d-6638178bc561" testListId="8c84fa94-04c1-424b-9868-57a2d4851a1d" />
    <TestEntry testId="f764cdf1-b979-490b-a652-7833b2048b8b" executionId="c85be86c-1e0b-4bf5-ad7d-b178468fd977" testListId="8c84fa94-04c1-424b-9868-57a2d4851a1d" />
    <TestEntry testId="2d6516c2-4c4b-4e10-9509-13020ca9d2b9" executionId="7ef591f0-59c4-4385-8241-1553ef7b968c" testListId="8c84fa94-04c1-424b-9868-57a2d4851a1d" />
    <TestEntry testId="6cf9c3c2-98fa-4c03-a68f-fe67bad0cbe3" executionId="0d9ec884-b13b-4211-abdc-9dc61bb68b68" testListId="8c84fa94-04c1-424b-9868-57a2d4851a1d" />
    <TestEntry testId="bd34f3c5-5b9e-43e5-81ca-40d43b154459" executionId="ded03872-76ac-4e49-b9b5-95066994d23d" testListId="8c84fa94-04c1-424b-9868-57a2d4851a1d" />
    <TestEntry testId="19b5ac22-5c88-4de8-bbcf-1f336dda1fcd" executionId="96df6e8a-b5fd-4e02-910b-b1ad585049ad" testListId="8c84fa94-04c1-424b-9868-57a2d4851a1d" />
    <TestEntry testId="26f14fcd-31b0-447f-a1db-27f4134d3cd3" executionId="e2756b9b-4156-47e6-a1cc-53bb2e918c07" testListId="8c84fa94-04c1-424b-9868-57a2d4851a1d" />
    <TestEntry testId="17b1b3b8-6f37-4961-8343-bca358c68428" executionId="1b98ceb5-d8d2-4872-a1d6-d396a575aeb0" testListId="8c84fa94-04c1-424b-9868-57a2d4851a1d" />
    <TestEntry testId="40255b71-c171-4fd5-b2d0-36bebc53a5be" executionId="b70fa738-39d1-4f71-b643-8efc90ea7f3e" testListId="8c84fa94-04c1-424b-9868-57a2d4851a1d" />
    <TestEntry testId="65cfa770-8d1c-4fb3-9f68-2c5faa67c922" executionId="ba7594db-7b0e-4280-85a7-1011c9877bfd" testListId="8c84fa94-04c1-424b-9868-57a2d4851a1d" />
    <TestEntry testId="328352fb-4a93-4615-97bf-3be5dafeada8" executionId="1e733abf-7e28-48dd-8bf9-5439bd8ecf3d" testListId="8c84fa94-04c1-424b-9868-57a2d4851a1d" />
    <TestEntry testId="33666834-e1ea-4dc3-910b-2feaf59abc28" executionId="d4357a66-e3d7-49cc-8e96-7e7823038e6f" testListId="8c84fa94-04c1-424b-9868-57a2d4851a1d" />
    <TestEntry testId="d168612c-e19d-4c54-9bfb-cd3414809d30" executionId="735c0541-0330-4945-b803-c59dff226347" testListId="8c84fa94-04c1-424b-9868-57a2d4851a1d" />
    <TestEntry testId="ffd7b0bf-4ceb-4fb3-92bc-67b6c4816bcb" executionId="96c7c9d5-8b6f-47e8-865e-ca2993067b48" testListId="8c84fa94-04c1-424b-9868-57a2d4851a1d" />
    <TestEntry testId="5c411081-49dd-4c42-b21d-9a4562a49b6e" executionId="54ce3cef-4b42-4ca0-a3c3-23f9567c3100" testListId="8c84fa94-04c1-424b-9868-57a2d4851a1d" />
    <TestEntry testId="3edb2f63-67c6-4293-bc7e-e9249f4b1c5d" executionId="e62da2a9-1b62-4647-bf51-85cc8453ad93" testListId="8c84fa94-04c1-424b-9868-57a2d4851a1d" />
    <TestEntry testId="8f7df905-b5c0-4cc5-b897-2202d051748e" executionId="19cbfa05-ab38-4c12-9859-55c0a4f8749f" testListId="8c84fa94-04c1-424b-9868-57a2d4851a1d" />
    <TestEntry testId="b7b5d9e5-c4d7-4c9f-89aa-ffbf3656f8b3" executionId="fabd8ba0-68fe-48d2-b6de-bae28ed4946f" testListId="8c84fa94-04c1-424b-9868-57a2d4851a1d" />
    <TestEntry testId="d55e8ce9-5b03-4d20-85e6-d8c9331e262a" executionId="f5412c76-a714-40b4-a7be-3d9b00b5ec72" testListId="8c84fa94-04c1-424b-9868-57a2d4851a1d" />
    <TestEntry testId="a83d7379-bb39-4270-bcf4-3bde4d34ea24" executionId="ffaa0b28-506c-4b42-91e8-2e724e63f53c" testListId="8c84fa94-04c1-424b-9868-57a2d4851a1d" />
    <TestEntry testId="1b5cbaaa-432e-43b0-bac6-f6611b25841e" executionId="9c3bd05f-eab0-4925-bf76-36a7ddac70cf" testListId="8c84fa94-04c1-424b-9868-57a2d4851a1d" />
    <TestEntry testId="dfa1fe93-a76c-4634-85f9-e228423ec738" executionId="0789eb4d-51d8-41c7-973f-3bfb633ab02f" testListId="8c84fa94-04c1-424b-9868-57a2d4851a1d" />
    <TestEntry testId="7a32a5f8-f8c2-4cd2-9941-e3f6a0a35eff" executionId="f7b14980-271d-48ef-b6aa-12902a5577b6" testListId="8c84fa94-04c1-424b-9868-57a2d4851a1d" />
    <TestEntry testId="e1c1973b-aecf-4ca0-af91-4178ad9524f5" executionId="0a5a0ecd-725f-4e1b-aa71-cd360414e120" testListId="8c84fa94-04c1-424b-9868-57a2d4851a1d" />
    <TestEntry testId="010cca8b-54d5-4e80-ba68-8aa45f0b1287" executionId="395fb3df-a33e-4f89-a887-e04fff402c7e" testListId="8c84fa94-04c1-424b-9868-57a2d4851a1d" />
    <TestEntry testId="1aa94b9d-b3d1-4440-85fd-652b17cb8ef5" executionId="08ba2746-d133-4a96-9c91-a58c389106b4" testListId="8c84fa94-04c1-424b-9868-57a2d4851a1d" />
    <TestEntry testId="77ab9081-5746-4fff-9802-cab5077c2b5e" executionId="efcfa050-f220-44ea-99f5-d3cc30d56fe4" testListId="8c84fa94-04c1-424b-9868-57a2d4851a1d" />
    <TestEntry testId="85eef485-19f2-47e3-8129-8255e3b03a22" executionId="e4e39392-2103-4886-a882-b750fe9a6ec8" testListId="8c84fa94-04c1-424b-9868-57a2d4851a1d" />
    <TestEntry testId="6270beb3-38c2-4815-a161-b437266a6043" executionId="2c1009b2-c7cb-4b65-a478-82210780a597" testListId="8c84fa94-04c1-424b-9868-57a2d4851a1d" />
    <TestEntry testId="7c03e0ed-fa77-4e5f-b9aa-630b89973e1e" executionId="d20efd62-befe-4048-a5fc-d171def33bba" testListId="8c84fa94-04c1-424b-9868-57a2d4851a1d" />
    <TestEntry testId="bdf02ec0-90a1-41a9-b8ab-0d02e42c1cc9" executionId="7bf3b6bb-0d73-41cf-8b6b-27cdf0f21397" testListId="8c84fa94-04c1-424b-9868-57a2d4851a1d" />
    <TestEntry testId="9fdc59be-a8f8-48d9-b382-1f632802143e" executionId="e5d1e390-7898-4bce-ad74-926fc98e2d42" testListId="8c84fa94-04c1-424b-9868-57a2d4851a1d" />
    <TestEntry testId="24184bd2-d222-40d7-b2b9-45255a0d33f7" executionId="7f5dde46-1b28-44b5-9014-b2726df8449c" testListId="8c84fa94-04c1-424b-9868-57a2d4851a1d" />
    <TestEntry testId="5055c2ba-e72d-4bac-86c0-c2ba5ec3975b" executionId="6499e4ab-d28b-4216-b07c-f5e653893249" testListId="8c84fa94-04c1-424b-9868-57a2d4851a1d" />
    <TestEntry testId="ae26b411-63dd-492d-9836-0dfbfbe7fb26" executionId="e63f45a7-7473-4154-9004-32116d2775a4" testListId="8c84fa94-04c1-424b-9868-57a2d4851a1d" />
    <TestEntry testId="b27b7a94-46e5-42a2-985d-7d93de444c54" executionId="f1a38cee-bc9f-4911-8c43-ad83af77d739" testListId="8c84fa94-04c1-424b-9868-57a2d4851a1d" />
    <TestEntry testId="97049fe2-06a3-4248-a5ee-25d1e5103752" executionId="078c54c0-4445-4189-a8ea-6eeda0c5460c" testListId="8c84fa94-04c1-424b-9868-57a2d4851a1d" />
    <TestEntry testId="b99bcf1d-3199-405b-be33-91617e3fad09" executionId="9fff75f3-1e37-4a3c-b558-f2d4208abdd9" testListId="8c84fa94-04c1-424b-9868-57a2d4851a1d" />
    <TestEntry testId="81691ee6-9118-4a15-9680-9719cf39cbb7" executionId="df4cd048-817c-4627-88a3-508af02bff33" testListId="8c84fa94-04c1-424b-9868-57a2d4851a1d" />
    <TestEntry testId="b7c40325-7d6c-4278-8e44-956b536d31d9" executionId="7d5f1204-3d96-461f-ae0b-8577899009b6" testListId="8c84fa94-04c1-424b-9868-57a2d4851a1d" />
    <TestEntry testId="5224bc51-458b-4d00-93d9-bea6d79aacb6" executionId="4881d6aa-05c4-4be5-8f39-cdff5d951471" testListId="8c84fa94-04c1-424b-9868-57a2d4851a1d" />
    <TestEntry testId="0239bb6b-3970-4209-ab9f-650ceae8f1e3" executionId="3280a60b-f536-47a4-bcf6-facf3f58a3c9" testListId="8c84fa94-04c1-424b-9868-57a2d4851a1d" />
    <TestEntry testId="9f3773cb-3a42-4381-ba1a-00b15d2fea71" executionId="1d4ad626-8839-4901-b0ca-3a5ebb9fba11" testListId="8c84fa94-04c1-424b-9868-57a2d4851a1d" />
    <TestEntry testId="1d21a43e-e8bc-429c-bbfd-dda08dcfc943" executionId="afde53d0-d038-4e86-a279-9a850c55d661" testListId="8c84fa94-04c1-424b-9868-57a2d4851a1d" />
    <TestEntry testId="4c479d09-bf11-4e3d-8260-b4c863619c3a" executionId="40e49e04-b6a3-4f02-822b-fbe820f38225" testListId="8c84fa94-04c1-424b-9868-57a2d4851a1d" />
    <TestEntry testId="3bdafce2-1328-4208-86cc-ee13f3b3d65b" executionId="42bfb186-fdbc-4cbf-99b1-5c2cd7e945bb" testListId="8c84fa94-04c1-424b-9868-57a2d4851a1d" />
    <TestEntry testId="f03a8057-a464-47dd-a2cc-86d7fd7a4ce7" executionId="d68788ed-1c93-4578-859c-dbadb40a353f" testListId="8c84fa94-04c1-424b-9868-57a2d4851a1d" />
    <TestEntry testId="fad7e6d5-1821-415a-8a74-7b12741ecc62" executionId="7e546780-8784-4abd-b639-8565a4391a9b" testListId="8c84fa94-04c1-424b-9868-57a2d4851a1d" />
    <TestEntry testId="2bf4509f-e241-4011-8c55-fc6dde31ea35" executionId="27f4626a-533c-4505-a399-d125111648ae" testListId="8c84fa94-04c1-424b-9868-57a2d4851a1d" />
    <TestEntry testId="b6632740-7885-4b9f-81e5-618b00b5eaab" executionId="90c5981a-0c5d-45ee-99a9-35bb0c08772f" testListId="8c84fa94-04c1-424b-9868-57a2d4851a1d" />
    <TestEntry testId="30f9132b-eea9-4455-8db2-d2667acaa023" executionId="cb6d9be9-c5ef-4a3c-9e08-804135c31913" testListId="8c84fa94-04c1-424b-9868-57a2d4851a1d" />
    <TestEntry testId="6ae64ef1-6b85-45c6-bfae-e5f4c2f2923f" executionId="800437bf-266e-4b74-b9c1-5f79449f3372" testListId="8c84fa94-04c1-424b-9868-57a2d4851a1d" />
  </TestEntries>
  <TestLists>
    <TestList name="Results Not in a List" id="8c84fa94-04c1-424b-9868-57a2d4851a1d" />
    <TestList name="All Loaded Results" id="19431567-8539-422a-85d7-44ee4e166bda" />
  </TestLists>
  <ResultSummary outcome="Failed">
    <Counters total="63" executed="63" passed="63" failed="0" error="0" timeout="0" aborted="0" inconclusive="0" passedButRunAborted="0" notRunnable="0" notExecuted="0" disconnected="0" warning="0" completed="0" inProgress="0" pending="0" />
    <Output>
      <StdOut>Running on GdUnit4 test engine version: 5.0.0.0
Discover tests from assembly: /home/adam/Dev/omega-spiral/chapter-zero/Tests/bin/Debug/net8.0/OmegaSpiral.Tests.dll
Discover:  TestSuite OmegaSpiral.Tests.Functional.Narrative.ContentBlockTests with 23 TestCases found.
Discover:  TestSuite OmegaSpiral.Tests.Functional.Narrative.DialogueFlowTests with 56 TestCases found.
Discover:  TestSuite OmegaSpiral.Tests.Functional.Narrative.ErrorHandlingTests with 7 TestCases found.
Discover:  TestSuite OmegaSpiral.Tests.Functional.Narrative.NarrativeScriptFunctionalTests with 6 TestCases found.
Discover:  TestSuite OmegaSpiral.Tests.Field.FieldCombatStageTests with 4 TestCases found.
Discover:  TestSuite OmegaSpiral.Tests.Unit.Dungeon.NethackSceneTests with 23 TestCases found.
Discover tests done, 6 TestSuites and total 119 Tests found.
Running on GdUnit4 test engine version: 5.0.0.0
No 'TestSessionTimeout' is specified. Set default test session timeout to: 00:10:00
Detected IDE Unknown
Starting tests for assembly: /home/adam/Dev/omega-spiral/chapter-zero/Tests/bin/Debug/net8.0/OmegaSpiral.Tests.dll
Search '.csproj' at /home/adam/Dev/omega-spiral/chapter-zero/Tests/bin/Debug/net8.0/OmegaSpiral.Tests.dll
Set current working directory to: /home/adam/Dev/omega-spiral/chapter-zero/Tests
======== Running GdUnit4 Default Test Runner ========
</StdOut>
    </Output>
    <RunInfos>
      <RunInfo computerName="omega" outcome="Error" timestamp="2025-10-16T06:32:40.6296614-04:00">
        <Text>The active test run was aborted. Reason: Test host process crashed</Text>
      </RunInfo>
    </RunInfos>
  </ResultSummary>
</TestRun>