<?xml version="1.0" encoding="utf-8"?>
<TestRun id="d3706904-102b-4210-874c-32e2664a207b" name="@omega 2025-10-18 10:42:19" xmlns="http://microsoft.com/schemas/VisualStudio/TeamTest/2010">
  <Times creation="2025-10-18T10:42:19.8662723-04:00" queuing="2025-10-18T10:42:19.8662724-04:00" start="2025-10-18T10:42:18.5677471-04:00" finish="2025-10-18T10:42:19.8679900-04:00" />
  <TestSettings name="default" id="7ecabdd4-0897-423e-b176-defcb97bcd60">
    <Deployment runDeploymentRoot="_omega_2025-10-18_10_42_19" />
  </TestSettings>
  <TestLists>
    <TestList name="Results Not in a List" id="8c84fa94-04c1-424b-9868-57a2d4851a1d" />
    <TestList name="All Loaded Results" id="19431567-8539-422a-85d7-44ee4e166bda" />
  </TestLists>
  <ResultSummary outcome="Failed">
    <Counters total="0" executed="0" passed="0" failed="0" error="0" timeout="0" aborted="0" inconclusive="0" passedButRunAborted="0" notRunnable="0" notExecuted="0" disconnected="0" warning="0" completed="0" inProgress="0" pending="0" />
    <Output>
      <StdOut>Running on GdUnit4 test engine version: 5.0.0.0
Discover tests from assembly: /home/adam/Dev/omega-spiral/chapter-zero/.godot/mono/temp/bin/Debug/OmegaSpiral.dll
Discover:  TestSuite OmegaSpiral.Tests.Narrative.NarrativeScriptFunctionalTests with 6 TestCases found.
Discover:  TestSuite OmegaSpiral.Tests.Narrative.NeverGoAloneControllerTests with 13 TestCases found.
Discover:  TestSuite OmegaSpiral.Tests.Narrative.VisualExperienceTests with 4 TestCases found.
Discover:  TestSuite OmegaSpiral.Tests.Functional.Narrative.ContentBlockTests with 23 TestCases found.
Discover:  TestSuite OmegaSpiral.Tests.Functional.Narrative.DialogueFlowTests with 2 TestCases found.
Discover:  TestSuite OmegaSpiral.Tests.Functional.Narrative.ErrorHandlingTests with 7 TestCases found.
Discover:  TestSuite OmegaSpiral.Tests.Functional.Narrative.FirstActIntegrationTests with 1 TestCases found.
Discover:  TestSuite OmegaSpiral.Tests.Integration.CrossActIntegrationTests with 4 TestCases found.
Discover:  TestSuite OmegaSpiral.Tests.Field.BattleSceneTests with 1 TestCases found.
Discover:  TestSuite OmegaSpiral.Tests.Field.FieldCombatStageTests with 4 TestCases found.
Discover:  TestSuite OmegaSpiral.Tests.Field.HouseSceneTests with 1 TestCases found.
Discover:  TestSuite OmegaSpiral.Tests.Field.Scene5GameplayTests with 6 TestCases found.
Discover:  TestSuite OmegaSpiral.Tests.Field.TownSceneTests with 1 TestCases found.
Discover:  TestSuite OmegaSpiral.Tests.EndToEnd.GameFlow.GameFlowIntegrationTest with 12 TestCases found.
Discover:  TestSuite OmegaSpiral.Tests.EndToEnd.Transition.SceneTransitionEndToEndTest with 4 TestCases found.
Discover:  TestSuite OmegaSpiral.Tests.EndToEnd.Dungeon.AsciiDungeonEndToEndTest with 5 TestCases found.
Discover:  TestSuite OmegaSpiral.Tests.Unit.Persistence.SaveLoadManagerTests with 7 TestCases found.
Discover:  TestSuite OmegaSpiral.Tests.Unit.Infrastructure.SceneManagerTests with 17 TestCases found.
Discover:  TestSuite OmegaSpiral.Tests.Unit.Infrastructure.Dungeon.DreamweaverAffinityServiceTests with 6 TestCases found.
Discover:  TestSuite OmegaSpiral.Tests.Unit.Dungeon.NethackSceneTests with 22 TestCases found.
Discover:  TestSuite OmegaSpiral.Tests.Unit.Dungeon.AsciiDungeonSequenceRunnerTests with 8 TestCases found.
Discover:  TestSuite OmegaSpiral.Tests.Unit.Common.GameStateTests with 6 TestCases found.
Discover:  TestSuite OmegaSpiral.Tests.Unit.Common.SceneManagerTests with 2 TestCases found.
Discover tests done, 23 TestSuites and total 162 Tests found.
Running on GdUnit4 test engine version: 5.0.0.0
Set test session timeout to: 00:30:00
Detected IDE Unknown
Starting tests for assembly: /home/adam/Dev/omega-spiral/chapter-zero/.godot/mono/temp/bin/Debug/OmegaSpiral.dll
Search '.csproj' at /home/adam/Dev/omega-spiral/chapter-zero/.godot/mono/temp/bin/Debug/OmegaSpiral.dll
Set current working directory to: /home/adam/Dev/omega-spiral/chapter-zero
Starting GodotGdUnit4RestClient.
Test execution stopped.
</StdOut>
    </Output>
    <RunInfos>
      <RunInfo computerName="omega" outcome="Error" timestamp="2025-10-18T10:42:19.6450508-04:00">
        <Text>The Godot executable was not found at path: /home/adam/Godot_v4.5.1-stable_mono_linux_x86_64</Text>
      </RunInfo>
      <RunInfo computerName="omega" outcome="Warning" timestamp="2025-10-18T10:42:19.6481765-04:00">
        <Text>No test is available in /home/adam/Dev/omega-spiral/chapter-zero/.godot/mono/temp/bin/Debug/OmegaSpiral.dll. Make sure that test discoverer &amp; executors are registered and platform &amp; framework version settings are appropriate and try again.</Text>
      </RunInfo>
    </RunInfos>
  </ResultSummary>
</TestRun>